[2025-07-10 11:27:46] [GdKnDuGa2RpNM8eyII04/GthL5A=] [ван гогг] Channel creation process started
[2025-07-10 11:27:46] [GdKnDuGa2RpNM8eyII04/GthL5A=] [ван гогг] User has correct permissions
[2025-07-10 11:27:46] [GdKnDuGa2RpNM8eyII04/GthL5A=] [ван гогг] User does not have an existing channel, creating new one
[2025-07-10 11:27:46] [GdKnDuGa2RpNM8eyII04/GthL5A=] [ван гогг] Attempting to create channel #31
[2025-07-10 11:27:46] [GdKnDuGa2RpNM8eyII04/GthL5A=] [ван гогг] Channel creation result: {"success":true,"errors":[],"data":{"cid":"110011","cpid":"55","channel_name":"31. Private channel: \u0432\u0430\u043d \u0433\u043e\u0433\u0433","channel_codec_quality":"10","channel_order":"109377","channel_flag_permanent":"1","channel_flag_password":"1","channel_codec_is_unencrypted":"0","channel_flag_maxclients_unlimited":"1","channel_flag_maxfamilyclients_unlimited":"1","invokerid":"14867","invokername":"[#] Worker","invokeruid":"serveradminnotifychanneldescriptionchanged"}}
[2025-07-10 11:27:46] [GdKnDuGa2RpNM8eyII04/GthL5A=] [ван гогг] Channel created successfully with ID: 110011
[2025-07-10 11:27:46] [GdKnDuGa2RpNM8eyII04/GthL5A=] [ван гогг] Setting channel group 32 for user
[2025-07-10 11:27:46] [GdKnDuGa2RpNM8eyII04/GthL5A=] [ван гогг] Moving client to new channel
[2025-07-10 11:27:46] [GdKnDuGa2RpNM8eyII04/GthL5A=] [ван гогг] Sending success messages to client
[2025-07-10 11:27:46] [GdKnDuGa2RpNM8eyII04/GthL5A=] [ван гогг] Saving channel to database
[2025-07-10 11:27:46] [GdKnDuGa2RpNM8eyII04/GthL5A=] [ван гогг] Successfully created private channel with number 31
[2025-07-10 14:23:19] [3YUNuxJ+iC3RavQgN05SWcxIhB8=] [d3fvxl] Channel creation process started
[2025-07-10 14:23:19] [3YUNuxJ+iC3RavQgN05SWcxIhB8=] [d3fvxl] User does not have required permissions. Groups: "8,278,296,369,435"
[2025-07-10 16:50:13] [ArDdG6a86sTE9vzN8IIzLOiOEQs=] [Sunrise0754] Channel creation process started
[2025-07-10 16:50:13] [ArDdG6a86sTE9vzN8IIzLOiOEQs=] [Sunrise0754] User does not have required permissions. Groups: "8,278,300,369,435"
[2025-07-10 16:50:19] [ArDdG6a86sTE9vzN8IIzLOiOEQs=] [Sunrise0754] Channel creation process started
[2025-07-10 16:50:19] [ArDdG6a86sTE9vzN8IIzLOiOEQs=] [Sunrise0754] User does not have required permissions. Groups: "8,278,300,369,435"
[2025-07-10 16:50:53] [ArDdG6a86sTE9vzN8IIzLOiOEQs=] [Sunrise0754] Channel creation process started
[2025-07-10 16:50:53] [ArDdG6a86sTE9vzN8IIzLOiOEQs=] [Sunrise0754] User does not have required permissions. Groups: "8,278,300,369,435"
[2025-07-10 16:52:04] [ArDdG6a86sTE9vzN8IIzLOiOEQs=] [Sunrise0754] Channel creation process started
[2025-07-10 16:52:04] [ArDdG6a86sTE9vzN8IIzLOiOEQs=] [Sunrise0754] User does not have required permissions. Groups: "8,278,300,369,435"
[2025-07-10 21:01:49] [vY33d7lMwvtKvwtKqpgCeyan7nc=] [tinkywinkyyy] Channel creation process started
[2025-07-10 21:01:49] [vY33d7lMwvtKvwtKqpgCeyan7nc=] [tinkywinkyyy] User does not have required permissions. Groups: "8,278,300,369,435"
[2025-07-10 21:01:53] [vY33d7lMwvtKvwtKqpgCeyan7nc=] [tinkywinkyyy] Channel creation process started
[2025-07-10 21:01:53] [vY33d7lMwvtKvwtKqpgCeyan7nc=] [tinkywinkyyy] User does not have required permissions. Groups: "8,278,300,369,435"
[2025-07-10 22:39:17] [N9WhlUjLa50/oTYgOfnyoqrFyjY=] [Trinax10] Channel creation process started
[2025-07-10 22:39:17] [N9WhlUjLa50/oTYgOfnyoqrFyjY=] [Trinax10] User does not have required permissions. Groups: "8,278,300,369,435"
[2025-07-10 22:39:37] [N9WhlUjLa50/oTYgOfnyoqrFyjY=] [Trinax10] Channel creation process started
[2025-07-10 22:39:37] [N9WhlUjLa50/oTYgOfnyoqrFyjY=] [Trinax10] User does not have required permissions. Groups: "8,278,300,369,435"
