[2025-08-08 00:31:08] [uGxydII8D1tNqCjx+HwmHGLyNKQ=] [Lupi_] Channel creation process started
[2025-08-08 00:31:08] [uGxydII8D1tNqCjx+HwmHGLyNKQ=] [Lupi_] User does not have required permissions. Groups: "8,278,322,369,435"
[2025-08-08 00:31:49] [uGxydII8D1tNqCjx+HwmHGLyNKQ=] [Lupi_] Channel creation process started
[2025-08-08 00:31:49] [uGxydII8D1tNqCjx+HwmHGLyNKQ=] [Lupi_] User does not have required permissions. Groups: "8,278,322,369,435"
[2025-08-08 00:31:55] [uGxydII8D1tNqCjx+HwmHGLyNKQ=] [Lupi_] Channel creation process started
[2025-08-08 00:31:55] [uGxydII8D1tNqCjx+HwmHGLyNKQ=] [Lupi_] User does not have required permissions. Groups: "8,278,322,369,435"
[2025-08-08 00:33:18] [uGxydII8D1tNqCjx+HwmHGLyNKQ=] [Lupi_] Channel creation process started
[2025-08-08 00:33:18] [uGxydII8D1tNqCjx+HwmHGLyNKQ=] [Lupi_] User does not have required permissions. Groups: "8,278,322,369,435"
[2025-08-08 00:33:20] [uGxydII8D1tNqCjx+HwmHGLyNKQ=] [Lupi_] Channel creation process started
[2025-08-08 00:33:20] [uGxydII8D1tNqCjx+HwmHGLyNKQ=] [Lupi_] User does not have required permissions. Groups: "8,278,322,369,435"
[2025-08-08 00:34:30] [uGxydII8D1tNqCjx+HwmHGLyNKQ=] [Lupi_] Channel creation process started
[2025-08-08 00:34:30] [uGxydII8D1tNqCjx+HwmHGLyNKQ=] [Lupi_] User does not have required permissions. Groups: "8,278,322,369,435"
[2025-08-08 00:34:31] [uGxydII8D1tNqCjx+HwmHGLyNKQ=] [Lupi_] Channel creation process started
[2025-08-08 00:34:31] [uGxydII8D1tNqCjx+HwmHGLyNKQ=] [Lupi_] User does not have required permissions. Groups: "8,278,322,369,435"
[2025-08-08 00:34:34] [uGxydII8D1tNqCjx+HwmHGLyNKQ=] [Lupi_] Channel creation process started
[2025-08-08 00:34:34] [uGxydII8D1tNqCjx+HwmHGLyNKQ=] [Lupi_] User does not have required permissions. Groups: "8,278,322,369,435"
[2025-08-08 00:35:22] [4Y7SHNM0Yo9QVk/xswgbRxOZCO4=] [YallowLeOuf] Channel creation process started
[2025-08-08 00:35:22] [4Y7SHNM0Yo9QVk/xswgbRxOZCO4=] [YallowLeOuf] User does not have required permissions. Groups: "8,278,300,369,435"
[2025-08-08 00:35:34] [El6QXa617QjR9y8uaYnTe03vJwU=] [TeamSpeakUser2] Channel creation process started
[2025-08-08 00:35:34] [El6QXa617QjR9y8uaYnTe03vJwU=] [TeamSpeakUser2] User does not have required permissions. Groups: "8,278,296,369,435"
[2025-08-08 00:36:01] [4Y7SHNM0Yo9QVk/xswgbRxOZCO4=] [YallowLeOuf] Channel creation process started
[2025-08-08 00:36:01] [4Y7SHNM0Yo9QVk/xswgbRxOZCO4=] [YallowLeOuf] User does not have required permissions. Groups: "8,278,300,369,435"
[2025-08-08 00:36:01] [El6QXa617QjR9y8uaYnTe03vJwU=] [TeamSpeakUser2] Channel creation process started
[2025-08-08 00:36:01] [El6QXa617QjR9y8uaYnTe03vJwU=] [TeamSpeakUser2] User does not have required permissions. Groups: "8,278,296,369,435"
[2025-08-08 00:36:03] [4Y7SHNM0Yo9QVk/xswgbRxOZCO4=] [YallowLeOuf] Channel creation process started
[2025-08-08 00:36:03] [4Y7SHNM0Yo9QVk/xswgbRxOZCO4=] [YallowLeOuf] User does not have required permissions. Groups: "8,278,300,369,435"
[2025-08-08 00:36:15] [El6QXa617QjR9y8uaYnTe03vJwU=] [TeamSpeakUser2] Channel creation process started
[2025-08-08 00:36:15] [El6QXa617QjR9y8uaYnTe03vJwU=] [TeamSpeakUser2] User does not have required permissions. Groups: "8,278,296,369,435"
[2025-08-08 00:36:16] [El6QXa617QjR9y8uaYnTe03vJwU=] [TeamSpeakUser2] Channel creation process started
[2025-08-08 00:36:16] [El6QXa617QjR9y8uaYnTe03vJwU=] [TeamSpeakUser2] User does not have required permissions. Groups: "8,278,296,369,435"
[2025-08-08 00:36:28] [uGxydII8D1tNqCjx+HwmHGLyNKQ=] [Lupi_] Channel creation process started
[2025-08-08 00:36:28] [uGxydII8D1tNqCjx+HwmHGLyNKQ=] [Lupi_] User does not have required permissions. Groups: "8,278,322,369,435"
[2025-08-08 00:36:30] [4Y7SHNM0Yo9QVk/xswgbRxOZCO4=] [YallowLeOuf] Channel creation process started
[2025-08-08 00:36:30] [4Y7SHNM0Yo9QVk/xswgbRxOZCO4=] [YallowLeOuf] User does not have required permissions. Groups: "8,278,300,369,435"
[2025-08-08 00:36:49] [4Y7SHNM0Yo9QVk/xswgbRxOZCO4=] [YallowLeOuf] Channel creation process started
[2025-08-08 00:36:49] [4Y7SHNM0Yo9QVk/xswgbRxOZCO4=] [YallowLeOuf] User does not have required permissions. Groups: "8,278,300,369,435"
[2025-08-08 00:36:51] [uGxydII8D1tNqCjx+HwmHGLyNKQ=] [Lupi_] Channel creation process started
[2025-08-08 00:36:51] [uGxydII8D1tNqCjx+HwmHGLyNKQ=] [Lupi_] User does not have required permissions. Groups: "8,278,322,369,435"
[2025-08-08 17:11:17] [pe0vF1REw7ytjWSvry3jwC6Ao+8=] [RYAN18] Channel creation process started
[2025-08-08 17:11:17] [pe0vF1REw7ytjWSvry3jwC6Ao+8=] [RYAN18] User does not have required permissions. Groups: "8,278,299,369,435"
[2025-08-08 17:11:19] [pe0vF1REw7ytjWSvry3jwC6Ao+8=] [RYAN18] Channel creation process started
[2025-08-08 17:11:19] [pe0vF1REw7ytjWSvry3jwC6Ao+8=] [RYAN18] User does not have required permissions. Groups: "8,278,299,369,435"
[2025-08-08 17:11:49] [pe0vF1REw7ytjWSvry3jwC6Ao+8=] [RYAN18] Channel creation process started
[2025-08-08 17:11:49] [pe0vF1REw7ytjWSvry3jwC6Ao+8=] [RYAN18] User does not have required permissions. Groups: "8,278,299,369,435"
[2025-08-08 17:12:41] [pe0vF1REw7ytjWSvry3jwC6Ao+8=] [RYAN18] Channel creation process started
[2025-08-08 17:12:41] [pe0vF1REw7ytjWSvry3jwC6Ao+8=] [RYAN18] User does not have required permissions. Groups: "8,278,299,369,435"
[2025-08-08 17:13:42] [pe0vF1REw7ytjWSvry3jwC6Ao+8=] [RYAN18] Channel creation process started
[2025-08-08 17:13:42] [pe0vF1REw7ytjWSvry3jwC6Ao+8=] [RYAN18] User does not have required permissions. Groups: "8,278,299,369,435"
[2025-08-08 19:14:53] [fH2BC2P6yIWRL36lS9ZP9nFS5vU=] [••• Koray ••• İZMİR] Channel creation process started
[2025-08-08 19:14:53] [fH2BC2P6yIWRL36lS9ZP9nFS5vU=] [••• Koray ••• İZMİR] User does not have required permissions. Groups: "9,278,294,369,435"
[2025-08-08 19:14:59] [fH2BC2P6yIWRL36lS9ZP9nFS5vU=] [••• Koray ••• İZMİR] Channel creation process started
[2025-08-08 19:14:59] [fH2BC2P6yIWRL36lS9ZP9nFS5vU=] [••• Koray ••• İZMİR] User does not have required permissions. Groups: "9,278,294,369,435"
[2025-08-08 20:58:43] [2LoLydNqDhadTAxdY4mpS7W725k=] [cesxrr17] Channel creation process started
[2025-08-08 20:58:43] [2LoLydNqDhadTAxdY4mpS7W725k=] [cesxrr17] User does not have required permissions. Groups: "8,278,305,369,435"
