[2025-08-14 17:37:09] [yGPj5MCVSlliDQXCqVs28ancb3Y=] [sisi] Channel creation process started
[2025-08-14 17:37:09] [yGPj5MCVSlliDQXCqVs28ancb3Y=] [sisi] User does not have required permissions. Groups: "8,278,299,369,435"
[2025-08-14 17:45:43] [r1qvIOR8Uafv2H5/+PYZVYSzFqg=] [allberon] Channel creation process started
[2025-08-14 17:45:43] [r1qvIOR8Uafv2H5/+PYZVYSzFqg=] [allberon] User has correct permissions
[2025-08-14 17:45:43] [r1qvIOR8Uafv2H5/+PYZVYSzFqg=] [allberon] User already has a channel with ID: 114082
[2025-08-14 17:45:43] [r1qvIOR8Uafv2H5/+PYZVYSzFqg=] [allberon] Moving user to existing channel
[2025-08-14 17:46:10] [r1qvIOR8Uafv2H5/+PYZVYSzFqg=] [allberon] Channel creation process started
[2025-08-14 17:46:10] [r1qvIOR8Uafv2H5/+PYZVYSzFqg=] [allberon] User has correct permissions
[2025-08-14 17:46:10] [r1qvIOR8Uafv2H5/+PYZVYSzFqg=] [allberon] User already has a channel with ID: 114082
[2025-08-14 17:46:10] [r1qvIOR8Uafv2H5/+PYZVYSzFqg=] [allberon] Moving user to existing channel
[2025-08-14 17:46:21] [r1qvIOR8Uafv2H5/+PYZVYSzFqg=] [allberon] Channel creation process started
[2025-08-14 17:46:21] [r1qvIOR8Uafv2H5/+PYZVYSzFqg=] [allberon] User has correct permissions
[2025-08-14 17:46:21] [r1qvIOR8Uafv2H5/+PYZVYSzFqg=] [allberon] User already has a channel with ID: 114082
[2025-08-14 17:46:21] [r1qvIOR8Uafv2H5/+PYZVYSzFqg=] [allberon] Moving user to existing channel
[2025-08-14 23:33:09] [fmT0/s910jET82rnMbeqaRgvDzE=] [TeamSpeakUser1] Channel creation process started
[2025-08-14 23:33:09] [fmT0/s910jET82rnMbeqaRgvDzE=] [TeamSpeakUser1] User does not have required permissions. Groups: "9,278,294,369,435"
[2025-08-14 23:33:24] [fmT0/s910jET82rnMbeqaRgvDzE=] [TeamSpeakUser1] Channel creation process started
[2025-08-14 23:33:24] [fmT0/s910jET82rnMbeqaRgvDzE=] [TeamSpeakUser1] User does not have required permissions. Groups: "9,278,294,369,435"
[2025-08-14 23:33:26] [fmT0/s910jET82rnMbeqaRgvDzE=] [TeamSpeakUser1] Channel creation process started
[2025-08-14 23:33:26] [fmT0/s910jET82rnMbeqaRgvDzE=] [TeamSpeakUser1] User does not have required permissions. Groups: "9,278,294,369,435"
