[2025-06-06 00:26:52] [QKohFKSCK/+7nmxpojKJxYTwVE4=] [haskielele] Channel creation process started
[2025-06-06 00:26:52] [QKohFKSCK/+7nmxpojKJxYTwVE4=] [haskielele] User does not have required permissions. Groups: "10,278,298,369,435"
[2025-06-06 00:27:51] [QKohFKSCK/+7nmxpojKJxYTwVE4=] [haskielele] Channel creation process started
[2025-06-06 00:27:51] [QKohFKSCK/+7nmxpojKJxYTwVE4=] [haskielele] User does not have required permissions. Groups: "10,278,298,369,435"
[2025-06-06 01:17:09] [dCREVPRbQgMoXp+4kJJpXnSuPHg=] [Otarumi] Channel creation process started
[2025-06-06 01:17:09] [dCREVPRbQgMoXp+4kJJpXnSuPHg=] [Otarumi] User does not have required permissions. Groups: "8,278,300,369,435"
[2025-06-06 01:17:21] [dCREVPRbQgMoXp+4kJJpXnSuPHg=] [Otarumi] Channel creation process started
[2025-06-06 01:17:21] [dCREVPRbQgMoXp+4kJJpXnSuPHg=] [Otarumi] User does not have required permissions. Groups: "8,278,300,369,435"
[2025-06-06 17:55:14] [QKohFKSCK/+7nmxpojKJxYTwVE4=] [haskielele] Channel creation process started
[2025-06-06 17:55:14] [QKohFKSCK/+7nmxpojKJxYTwVE4=] [haskielele] User does not have required permissions. Groups: "10,278,298,369,435"
[2025-06-06 18:21:06] [+P0JC6znfiIQtn2eQ5Ylo0fO9qM=] [HappyPills] Channel creation process started
[2025-06-06 18:21:06] [+P0JC6znfiIQtn2eQ5Ylo0fO9qM=] [HappyPills] User does not have required permissions. Groups: "8,278,369,427,435"
[2025-06-06 18:21:28] [+P0JC6znfiIQtn2eQ5Ylo0fO9qM=] [HappyPills] Channel creation process started
[2025-06-06 18:21:28] [+P0JC6znfiIQtn2eQ5Ylo0fO9qM=] [HappyPills] User does not have required permissions. Groups: "8,278,369,427,435"
[2025-06-06 20:13:56] [yPSI9aghhtH6O+mnSQIo84yUZ4c=] [шароёб] Channel creation process started
[2025-06-06 20:13:56] [yPSI9aghhtH6O+mnSQIo84yUZ4c=] [шароёб] User has correct permissions
[2025-06-06 20:13:56] [yPSI9aghhtH6O+mnSQIo84yUZ4c=] [шароёб] User does not have an existing channel, creating new one
[2025-06-06 20:13:56] [yPSI9aghhtH6O+mnSQIo84yUZ4c=] [шароёб] Attempting to create channel #52
[2025-06-06 20:13:56] [yPSI9aghhtH6O+mnSQIo84yUZ4c=] [шароёб] Channel creation result: {"success":true,"errors":[],"data":{"cid":"105588","cpid":"55","channel_name":"52. Private channel: \u0448\u0430\u0440\u043e\u0451\u0431","channel_codec_quality":"10","channel_order":"105183","channel_flag_permanent":"1","channel_flag_password":"1","channel_codec_is_unencrypted":"0","channel_flag_maxclients_unlimited":"1","channel_flag_maxfamilyclients_unlimited":"1","invokerid":"29125","invokername":"[#] Worker","invokeruid":"serveradminnotifychanneldescriptionchanged"}}
[2025-06-06 20:13:56] [yPSI9aghhtH6O+mnSQIo84yUZ4c=] [шароёб] Channel created successfully with ID: 105588
[2025-06-06 20:13:56] [yPSI9aghhtH6O+mnSQIo84yUZ4c=] [шароёб] Setting channel group 32 for user
[2025-06-06 20:13:56] [yPSI9aghhtH6O+mnSQIo84yUZ4c=] [шароёб] Moving client to new channel
[2025-06-06 20:13:56] [yPSI9aghhtH6O+mnSQIo84yUZ4c=] [шароёб] Sending success messages to client
[2025-06-06 20:13:56] [yPSI9aghhtH6O+mnSQIo84yUZ4c=] [шароёб] Saving channel to database
[2025-06-06 20:13:56] [yPSI9aghhtH6O+mnSQIo84yUZ4c=] [шароёб] Successfully created private channel with number 52
