2025-08-21 00:20:41 - clientPlatform processing for: ivo
2025-08-21 00:20:41 - Client info: , Platform: Windows, Groups: 264,377
2025-08-21 00:20:41 - Adding platform group 278 for client ivo - SUCCESS
2025-08-21 00:25:44 - clientPlatform processing for: Malheiro
2025-08-21 00:25:44 - Client info: , Platform: Windows, Groups: 266,377
2025-08-21 00:25:44 - Adding platform group 278 for client Malheiro - SUCCESS
2025-08-21 00:26:08 - clientPlatform processing for: Pol'zovatel'
2025-08-21 00:26:08 - Client info: , Platform: Windows, Groups: 18,377
2025-08-21 00:26:08 - Adding platform group 278 for client Pol'zovatel' - SUCCESS
2025-08-21 00:28:55 - clientPlatform processing for: Ersannclk
2025-08-21 00:28:55 - Client info: , Platform: Windows, Groups: 13,377
2025-08-21 00:28:55 - Adding platform group 278 for client Ersannclk - SUCCESS
2025-08-21 00:37:36 - clientPlatform processing for: Потужний Фід
2025-08-21 00:37:36 - Client info: , Platform: Windows, Groups: 18,377
2025-08-21 00:37:36 - Adding platform group 278 for client Потужний Фід - SUCCESS
2025-08-21 00:39:37 - clientPlatform processing for: poo
2025-08-21 00:39:37 - Client info: , Platform: Windows, Groups: 264,377
2025-08-21 00:39:37 - Adding platform group 278 for client poo - SUCCESS
2025-08-21 00:43:20 - clientPlatform processing for: 1.6fsi
2025-08-21 00:43:20 - Client info: , Platform: Windows, Groups: 12,377
2025-08-21 00:43:20 - Adding platform group 278 for client 1.6fsi - SUCCESS
2025-08-21 00:54:30 - clientPlatform processing for: Ersannclk
2025-08-21 00:54:30 - Client info: , Platform: Windows, Groups: 13,377
2025-08-21 00:54:30 - Adding platform group 278 for client Ersannclk - SUCCESS
2025-08-21 00:55:43 - clientPlatform processing for: ZorbAnka
2025-08-21 00:55:43 - Client info: , Platform: Windows, Groups: 13,377
2025-08-21 00:55:43 - Adding platform group 278 for client ZorbAnka - SUCCESS
2025-08-21 01:11:25 - clientPlatform processing for: Clappen
2025-08-21 01:11:25 - Client info: , Platform: Windows, Groups: 10
2025-08-21 01:11:25 - Adding platform group 278 for client Clappen - SUCCESS
2025-08-21 01:11:58 - clientPlatform processing for: leanmaradona
2025-08-21 01:11:58 - Client info: , Platform: Windows, Groups: 13,377
2025-08-21 01:11:58 - Adding platform group 278 for client leanmaradona - SUCCESS
2025-08-21 01:13:02 - clientPlatform processing for: DeNyZz
2025-08-21 01:13:02 - Client info: , Platform: Windows, Groups: 15,377
2025-08-21 01:13:02 - Adding platform group 278 for client DeNyZz - SUCCESS
2025-08-21 01:17:45 - clientPlatform processing for: yusufppks
2025-08-21 01:17:45 - Client info: , Platform: Windows, Groups: 17,377
2025-08-21 01:17:45 - Adding platform group 278 for client yusufppks - SUCCESS
2025-08-21 01:20:10 - clientPlatform processing for: baysikimdeğil
2025-08-21 01:20:10 - Client info: , Platform: Windows, Groups: 263,377
2025-08-21 01:20:10 - Adding platform group 278 for client baysikimdeğil - SUCCESS
2025-08-21 01:29:14 - clientPlatform processing for: CPL. A. Sama
2025-08-21 01:29:14 - Client info: , Platform: Windows, Groups: 11,377
2025-08-21 01:29:14 - Adding platform group 278 for client CPL. A. Sama - SUCCESS
2025-08-21 01:35:28 - clientPlatform processing for: Yusoso
2025-08-21 01:35:28 - Client info: , Platform: Windows, Groups: 15,377
2025-08-21 01:35:28 - Adding platform group 278 for client Yusoso - SUCCESS
2025-08-21 01:56:15 - clientPlatform processing for: Paulinho
2025-08-21 01:56:15 - Client info: , Platform: Windows, Groups: 7
2025-08-21 01:56:15 - Adding platform group 278 for client Paulinho - SUCCESS
2025-08-21 01:58:51 - clientPlatform processing for: Paulinho
2025-08-21 01:58:51 - Client info: , Platform: Windows, Groups: 8,369
2025-08-21 01:58:51 - Adding platform group 278 for client Paulinho - SUCCESS
2025-08-21 02:12:57 - clientPlatform processing for: baysikimdeğil
2025-08-21 02:12:57 - Client info: , Platform: Windows, Groups: 263,377
2025-08-21 02:12:57 - Adding platform group 278 for client baysikimdeğil - SUCCESS
2025-08-21 02:24:07 - clientPlatform processing for: -3k
2025-08-21 02:24:07 - Client info: , Platform: Windows, Groups: 264,377
2025-08-21 02:24:07 - Adding platform group 278 for client -3k - SUCCESS
2025-08-21 03:07:32 - clientPlatform processing for: F4funder
2025-08-21 03:07:32 - Client info: , Platform: Windows, Groups: 263,377
2025-08-21 03:07:32 - Adding platform group 278 for client F4funder - SUCCESS
2025-08-21 03:10:38 - clientPlatform processing for: 1.6fsi
2025-08-21 03:10:38 - Client info: , Platform: Windows, Groups: 12,377
2025-08-21 03:10:38 - Adding platform group 278 for client 1.6fsi - SUCCESS
2025-08-21 03:32:31 - clientPlatform processing for: tenshin_non
2025-08-21 03:32:31 - Client info: , Platform: Windows, Groups: 19,377
2025-08-21 03:32:31 - Adding platform group 278 for client tenshin_non - SUCCESS
2025-08-21 03:34:39 - clientPlatform processing for: Richard_TH
2025-08-21 03:34:39 - Client info: , Platform: Windows, Groups: 19,377
2025-08-21 03:34:39 - Adding platform group 278 for client Richard_TH - SUCCESS
2025-08-21 03:53:19 - clientPlatform processing for: gothiccg
2025-08-21 03:53:19 - Client info: , Platform: Windows, Groups: 264,377
2025-08-21 03:53:19 - Adding platform group 278 for client gothiccg - SUCCESS
2025-08-21 03:53:36 - clientPlatform processing for: gothiccg
2025-08-21 03:53:36 - Client info: , Platform: Windows, Groups: 264,377
2025-08-21 03:53:36 - Adding platform group 278 for client gothiccg - SUCCESS
2025-08-21 04:02:00 - clientPlatform processing for: kyojin
2025-08-21 04:02:00 - Client info: , Platform: Windows, Groups: 265,377
2025-08-21 04:02:00 - Adding platform group 278 for client kyojin - SUCCESS
2025-08-21 04:59:33 - clientPlatform processing for: -REVA-
2025-08-21 04:59:33 - Client info: , Platform: Windows, Groups: 263,377
2025-08-21 04:59:33 - Adding platform group 278 for client -REVA- - SUCCESS
2025-08-21 07:36:36 - clientPlatform processing for: qck1g
2025-08-21 07:36:36 - Client info: , Platform: Windows, Groups: 264,377
2025-08-21 07:36:36 - Adding platform group 278 for client qck1g - SUCCESS
2025-08-21 07:41:24 - clientPlatform processing for: dadaok
2025-08-21 07:41:24 - Client info: , Platform: Windows, Groups: 22,377
2025-08-21 07:41:24 - Adding platform group 278 for client dadaok - SUCCESS
2025-08-21 08:00:54 - clientPlatform processing for: qck1g
2025-08-21 08:00:54 - Client info: , Platform: Windows, Groups: 264,377
2025-08-21 08:00:54 - Adding platform group 278 for client qck1g - SUCCESS
2025-08-21 08:22:00 - clientPlatform processing for: BlackDemoN (Dimon)
2025-08-21 08:22:00 - Client info: , Platform: Windows, Groups: 266,377
2025-08-21 08:22:00 - Adding platform group 278 for client BlackDemoN (Dimon) - SUCCESS
2025-08-21 08:33:32 - clientPlatform processing for: Fantaz4
2025-08-21 08:33:32 - Client info: , Platform: Windows, Groups: 265,377
2025-08-21 08:33:32 - Adding platform group 278 for client Fantaz4 - SUCCESS
2025-08-21 08:34:08 - clientPlatform processing for: Fantaz4
2025-08-21 08:34:08 - Client info: , Platform: Windows, Groups: 265,377
2025-08-21 08:34:08 - Adding platform group 278 for client Fantaz4 - SUCCESS
2025-08-21 08:37:34 - clientPlatform processing for: qck1g
2025-08-21 08:37:34 - Client info: , Platform: Windows, Groups: 264,377
2025-08-21 08:37:34 - Adding platform group 278 for client qck1g - SUCCESS
2025-08-21 09:24:10 - clientPlatform processing for: clement1ne-
2025-08-21 09:24:10 - Client info: , Platform: Windows, Groups: 266,377
2025-08-21 09:24:10 - Adding platform group 278 for client clement1ne- - SUCCESS
2025-08-21 09:25:49 - clientPlatform processing for: bebruhi4
2025-08-21 09:25:49 - Client info: , Platform: Windows, Groups: 7
2025-08-21 09:25:49 - Adding platform group 278 for client bebruhi4 - SUCCESS
2025-08-21 09:28:48 - clientPlatform processing for: GunMag
2025-08-21 09:28:48 - Client info: , Platform: Windows, Groups: 7
2025-08-21 09:28:48 - Adding platform group 278 for client GunMag - SUCCESS
2025-08-21 09:43:34 - clientPlatform processing for: Amirali
2025-08-21 09:43:34 - Client info: , Platform: Windows, Groups: 266,377
2025-08-21 09:43:34 - Adding platform group 278 for client Amirali - SUCCESS
2025-08-21 09:44:23 - clientPlatform processing for: Viko(ع)
2025-08-21 09:44:23 - Client info: , Platform: Windows, Groups: 266,377
2025-08-21 09:44:23 - Adding platform group 278 for client Viko(ع) - SUCCESS
2025-08-21 09:58:37 - clientPlatform processing for: Kowismo
2025-08-21 09:58:37 - Client info: , Platform: Windows, Groups: 6,270,377,422
2025-08-21 09:58:37 - Adding platform group 278 for client Kowismo - SUCCESS
2025-08-21 10:01:42 - clientPlatform processing for: Suwoxy
2025-08-21 10:01:42 - Client info: , Platform: Windows, Groups: 266,377
2025-08-21 10:01:42 - Adding platform group 278 for client Suwoxy - SUCCESS
2025-08-21 10:06:26 - clientPlatform processing for: Butch
2025-08-21 10:06:26 - Client info: , Platform: Windows, Groups: 14,377
2025-08-21 10:06:26 - Adding platform group 278 for client Butch - SUCCESS
2025-08-21 10:13:05 - clientPlatform processing for: вапваимс
2025-08-21 10:13:05 - Client info: , Platform: Windows, Groups: 17,377
2025-08-21 10:13:05 - Adding platform group 278 for client вапваимс - SUCCESS
2025-08-21 10:17:02 - clientPlatform processing for: Amirali
2025-08-21 10:17:02 - Client info: , Platform: Windows, Groups: 266,377
2025-08-21 10:17:02 - Adding platform group 278 for client Amirali - SUCCESS
2025-08-21 10:21:14 - clientPlatform processing for: Suwoxy
2025-08-21 10:21:14 - Client info: , Platform: Windows, Groups: 266,377
2025-08-21 10:21:14 - Adding platform group 278 for client Suwoxy - SUCCESS
2025-08-21 10:21:47 - clientPlatform processing for: K0ubek
2025-08-21 10:21:47 - Client info: , Platform: Windows, Groups: 14,377
2025-08-21 10:21:47 - Adding platform group 278 for client K0ubek - SUCCESS
2025-08-21 10:25:45 - clientPlatform processing for: Amirali
2025-08-21 10:25:45 - Client info: , Platform: Windows, Groups: 266,377
2025-08-21 10:25:45 - Adding platform group 278 for client Amirali - SUCCESS
2025-08-21 10:25:56 - clientPlatform processing for: Suwoxy
2025-08-21 10:25:56 - Client info: , Platform: Windows, Groups: 266,377
2025-08-21 10:25:56 - Adding platform group 278 for client Suwoxy - SUCCESS
2025-08-21 10:25:56 - clientPlatform processing for: Suwoxy
2025-08-21 10:25:56 - Client info: , Platform: Windows, Groups: 266,377
2025-08-21 10:25:56 - Group already assigned (detected from error), skipping
2025-08-21 10:25:56 - Adding platform group 278 for client Suwoxy - SUCCESS
2025-08-21 10:25:57 - clientPlatform processing for: Suwoxy
2025-08-21 10:25:57 - Client info: , Platform: Windows, Groups: 266,377
2025-08-21 10:25:57 - Group already assigned (detected from error), skipping
2025-08-21 10:25:57 - Adding platform group 278 for client Suwoxy - SUCCESS
2025-08-21 10:28:24 - clientPlatform processing for: Dumina
2025-08-21 10:28:24 - Client info: , Platform: Windows, Groups: 21,377
2025-08-21 10:28:24 - Adding platform group 278 for client Dumina - SUCCESS
2025-08-21 10:29:38 - clientPlatform processing for: sima
2025-08-21 10:29:38 - Client info: , Platform: Windows, Groups: 264,377
2025-08-21 10:29:38 - Adding platform group 278 for client sima - SUCCESS
2025-08-21 10:29:44 - clientPlatform processing for: 4iff
2025-08-21 10:29:44 - Client info: , Platform: Windows, Groups: 23,377
2025-08-21 10:29:44 - Adding platform group 278 for client 4iff - SUCCESS
2025-08-21 10:31:42 - clientPlatform processing for: I.am.Atomic
2025-08-21 10:31:42 - Client info: , Platform: Windows, Groups: 265,377
2025-08-21 10:31:42 - Adding platform group 278 for client I.am.Atomic - SUCCESS
2025-08-21 11:01:50 - clientPlatform processing for: hui
2025-08-21 11:01:50 - Client info: , Platform: Windows, Groups: 17,377
2025-08-21 11:01:50 - Adding platform group 278 for client hui - SUCCESS
2025-08-21 11:06:22 - clientPlatform processing for: makpyn
2025-08-21 11:06:22 - Client info: , Platform: Windows, Groups: 17,377
2025-08-21 11:06:22 - Adding platform group 278 for client makpyn - SUCCESS
2025-08-21 11:22:02 - clientPlatform processing for: AlvaRoniXs
2025-08-21 11:22:02 - Client info: , Platform: Windows, Groups: 33,161,180,377
2025-08-21 11:22:02 - Adding platform group 278 for client AlvaRoniXs - SUCCESS
2025-08-21 11:30:34 - clientPlatform processing for: daGGetT
2025-08-21 11:30:34 - Client info: , Platform: Windows, Groups: 10,369
2025-08-21 11:30:34 - Adding platform group 278 for client daGGetT - SUCCESS
2025-08-21 12:01:03 - clientPlatform processing for: ph0x
2025-08-21 12:01:03 - Client info: , Platform: Windows, Groups: 17,377
2025-08-21 12:01:03 - Adding platform group 278 for client ph0x - SUCCESS
2025-08-21 12:02:16 - clientPlatform processing for: kushi
2025-08-21 12:02:16 - Client info: , Platform: Windows, Groups: 265,377
2025-08-21 12:02:16 - Adding platform group 278 for client kushi - SUCCESS
2025-08-21 12:04:43 - clientPlatform processing for: TeamSpeakUser
2025-08-21 12:04:43 - Client info: , Platform: Windows, Groups: 17,377
2025-08-21 12:04:43 - Adding platform group 278 for client TeamSpeakUser - SUCCESS
2025-08-21 12:06:50 - clientPlatform processing for: MATAN
2025-08-21 12:06:50 - Client info: , Platform: Windows, Groups: 17,377
2025-08-21 12:06:50 - Adding platform group 278 for client MATAN - SUCCESS
2025-08-21 12:08:02 - clientPlatform processing for: TeamSpeakUser1
2025-08-21 12:08:02 - Client info: , Platform: Windows, Groups: 11,377
2025-08-21 12:08:02 - Adding platform group 278 for client TeamSpeakUser1 - SUCCESS
2025-08-21 12:13:32 - clientPlatform processing for: AlvaRoniXs
2025-08-21 12:13:32 - Client info: , Platform: Windows, Groups: 33,161,180,377
2025-08-21 12:13:32 - Adding platform group 278 for client AlvaRoniXs - SUCCESS
2025-08-21 12:15:42 - clientPlatform processing for: hui
2025-08-21 12:15:42 - Client info: , Platform: Windows, Groups: 17,377
2025-08-21 12:15:42 - Adding platform group 278 for client hui - SUCCESS
2025-08-21 12:18:25 - clientPlatform processing for: Suwoxy
2025-08-21 12:18:25 - Client info: , Platform: Windows, Groups: 266,377
2025-08-21 12:18:25 - Adding platform group 278 for client Suwoxy - SUCCESS
2025-08-21 12:18:58 - clientPlatform processing for: AlvaRoniXs
2025-08-21 12:18:58 - Client info: , Platform: Windows, Groups: 33,161,180,377
2025-08-21 12:18:58 - Adding platform group 278 for client AlvaRoniXs - SUCCESS
2025-08-21 12:20:59 - clientPlatform processing for: Suwoxy
2025-08-21 12:20:59 - Client info: , Platform: Windows, Groups: 266,377
2025-08-21 12:20:59 - Adding platform group 278 for client Suwoxy - SUCCESS
2025-08-21 12:25:02 - clientPlatform processing for: TeamSpeakUser2
2025-08-21 12:25:02 - Client info: , Platform: Windows, Groups: 12,377
2025-08-21 12:25:02 - Adding platform group 278 for client TeamSpeakUser2 - SUCCESS
2025-08-21 12:26:55 - clientPlatform processing for: kaiizenn
2025-08-21 12:26:55 - Client info: , Platform: Windows, Groups: 27,377,382,399,400,436,437
2025-08-21 12:26:55 - Adding platform group 278 for client kaiizenn - SUCCESS
2025-08-21 12:45:23 - clientPlatform processing for: pzdcvsenikizanyati
2025-08-21 12:45:23 - Client info: , Platform: Windows, Groups: 19,377
2025-08-21 12:45:23 - Adding platform group 278 for client pzdcvsenikizanyati - SUCCESS
2025-08-21 12:48:23 - clientPlatform processing for: AlvaRoniXs
2025-08-21 12:48:23 - Client info: , Platform: Windows, Groups: 33,161,180,377
2025-08-21 12:48:23 - Adding platform group 278 for client AlvaRoniXs - SUCCESS
2025-08-21 12:55:32 - clientPlatform processing for: Adam Boroda
2025-08-21 12:55:32 - Client info: , Platform: Windows, Groups: 15,377
2025-08-21 12:55:32 - Adding platform group 278 for client Adam Boroda - SUCCESS
2025-08-21 12:55:55 - clientPlatform processing for: miz-miz
2025-08-21 12:55:55 - Client info: , Platform: Windows, Groups: 17,377
2025-08-21 12:55:55 - Adding platform group 278 for client miz-miz - SUCCESS
2025-08-21 12:58:15 - clientPlatform processing for: liqui_88
2025-08-21 12:58:15 - Client info: , Platform: Windows, Groups: 266,377
2025-08-21 12:58:15 - Adding platform group 278 for client liqui_88 - SUCCESS
2025-08-21 13:22:49 - clientPlatform processing for: AlvaRoniXs
2025-08-21 13:22:49 - Client info: , Platform: Windows, Groups: 33,161,180,377
2025-08-21 13:22:49 - Adding platform group 278 for client AlvaRoniXs - SUCCESS
2025-08-21 14:06:57 - clientPlatform processing for: Fantaz4
2025-08-21 14:06:57 - Client info: , Platform: Windows, Groups: 265,377
2025-08-21 14:06:57 - Adding platform group 278 for client Fantaz4 - SUCCESS
2025-08-21 14:07:35 - clientPlatform processing for: Fantaz4
2025-08-21 14:07:35 - Client info: , Platform: Windows, Groups: 265,377
2025-08-21 14:07:35 - Adding platform group 278 for client Fantaz4 - SUCCESS
2025-08-21 14:09:19 - clientPlatform processing for: TeamSpeakUser
2025-08-21 14:09:19 - Client info: , Platform: Windows, Groups: 266,377
2025-08-21 14:09:19 - Adding platform group 278 for client TeamSpeakUser - SUCCESS
2025-08-21 14:10:28 - clientPlatform processing for: TeamSpeakUser1
2025-08-21 14:10:28 - Client info: , Platform: Windows, Groups: 13,377
2025-08-21 14:10:28 - Adding platform group 278 for client TeamSpeakUser1 - SUCCESS
2025-08-21 14:17:59 - clientPlatform processing for: Fornax013
2025-08-21 14:17:59 - Client info: , Platform: Windows, Groups: 266,377
2025-08-21 14:17:59 - Adding platform group 278 for client Fornax013 - SUCCESS
2025-08-21 14:18:37 - clientPlatform processing for: freakshow322
2025-08-21 14:18:37 - Client info: , Platform: Windows, Groups: 13,377
2025-08-21 14:18:37 - Adding platform group 278 for client freakshow322 - SUCCESS
2025-08-21 14:19:14 - clientPlatform processing for: GunMag
2025-08-21 14:19:14 - Client info: , Platform: Windows, Groups: 10,369
2025-08-21 14:19:14 - Adding platform group 278 for client GunMag - SUCCESS
2025-08-21 14:19:14 - clientPlatform processing for: GunMag
2025-08-21 14:19:14 - Client info: , Platform: Windows, Groups: 10,369
2025-08-21 14:19:14 - Group already assigned (detected from error), skipping
2025-08-21 14:19:14 - Adding platform group 278 for client GunMag - SUCCESS
2025-08-21 14:19:15 - clientPlatform processing for: GunMag
2025-08-21 14:19:15 - Client info: , Platform: Windows, Groups: 10,369
2025-08-21 14:19:15 - Group already assigned (detected from error), skipping
2025-08-21 14:19:15 - Adding platform group 278 for client GunMag - SUCCESS
2025-08-21 14:19:49 - clientPlatform processing for: BlackDemoN (Dimon)
2025-08-21 14:19:49 - Client info: , Platform: Windows, Groups: 266,377
2025-08-21 14:19:49 - Adding platform group 278 for client BlackDemoN (Dimon) - SUCCESS
2025-08-21 14:25:43 - clientPlatform processing for: Gomba
2025-08-21 14:25:43 - Client info: , Platform: Windows, Groups: 13,377
2025-08-21 14:25:43 - Adding platform group 278 for client Gomba - SUCCESS
2025-08-21 14:25:47 - clientPlatform processing for: pzdcvsenikizanyati
2025-08-21 14:25:47 - Client info: , Platform: Windows, Groups: 19,377
2025-08-21 14:25:47 - Adding platform group 278 for client pzdcvsenikizanyati - SUCCESS
2025-08-21 14:29:37 - clientPlatform processing for: Ngfhtly
2025-08-21 14:29:37 - Client info: , Platform: Windows, Groups: 13,377
2025-08-21 14:29:37 - Adding platform group 278 for client Ngfhtly - SUCCESS
2025-08-21 14:31:18 - clientPlatform processing for: jiggly
2025-08-21 14:31:18 - Client info: , Platform: Windows, Groups: 10,369
2025-08-21 14:31:18 - Adding platform group 278 for client jiggly - SUCCESS
2025-08-21 14:31:19 - clientPlatform processing for: jiggly
2025-08-21 14:31:19 - Client info: , Platform: Windows, Groups: 10,369
2025-08-21 14:31:19 - Group already assigned (detected from error), skipping
2025-08-21 14:31:19 - Adding platform group 278 for client jiggly - SUCCESS
2025-08-21 14:31:19 - clientPlatform processing for: jiggly
2025-08-21 14:31:19 - Client info: , Platform: Windows, Groups: 10,369
2025-08-21 14:31:19 - Group already assigned (detected from error), skipping
2025-08-21 14:31:19 - Adding platform group 278 for client jiggly - SUCCESS
2025-08-21 14:31:19 - clientPlatform processing for: jiggly
2025-08-21 14:31:19 - Client info: , Platform: Windows, Groups: 10,369
2025-08-21 14:31:19 - Group already assigned (detected from error), skipping
2025-08-21 14:31:19 - Adding platform group 278 for client jiggly - SUCCESS
2025-08-21 14:34:56 - clientPlatform processing for: Sculaccia troie
2025-08-21 14:34:56 - Client info: , Platform: Windows, Groups: 266,377
2025-08-21 14:34:56 - Adding platform group 278 for client Sculaccia troie - SUCCESS
2025-08-21 14:42:47 - clientPlatform processing for: TeamSpeakUser2
2025-08-21 14:42:47 - Client info: , Platform: Windows, Groups: 17,377
2025-08-21 14:42:47 - Adding platform group 278 for client TeamSpeakUser2 - SUCCESS
2025-08-21 14:49:22 - clientPlatform processing for: malizizi
2025-08-21 14:49:22 - Client info: , Platform: Windows, Groups: 11,377
2025-08-21 14:49:22 - Adding platform group 278 for client malizizi - SUCCESS
2025-08-21 14:59:02 - clientPlatform processing for: Fantaz4
2025-08-21 14:59:02 - Client info: , Platform: Windows, Groups: 265,377
2025-08-21 14:59:02 - Adding platform group 278 for client Fantaz4 - SUCCESS
2025-08-21 15:03:49 - clientPlatform processing for: haughty66
2025-08-21 15:03:49 - Client info: , Platform: Windows, Groups: 12,377
2025-08-21 15:03:49 - Adding platform group 278 for client haughty66 - SUCCESS
2025-08-21 15:06:51 - clientPlatform processing for: pzdcvsenikizanyati
2025-08-21 15:06:51 - Client info: , Platform: Windows, Groups: 19,377
2025-08-21 15:06:51 - Adding platform group 278 for client pzdcvsenikizanyati - SUCCESS
2025-08-21 15:15:24 - clientPlatform processing for: TeamSpeakUser1
2025-08-21 15:15:24 - Client info: , Platform: Windows, Groups: 17,377
2025-08-21 15:15:24 - Adding platform group 278 for client TeamSpeakUser1 - SUCCESS
2025-08-21 15:17:55 - clientPlatform processing for: Hisoka
2025-08-21 15:17:55 - Client info: , Platform: Windows, Groups: 15,377
2025-08-21 15:17:55 - Adding platform group 278 for client Hisoka - SUCCESS
2025-08-21 15:20:13 - clientPlatform processing for: F4funder
2025-08-21 15:20:13 - Client info: , Platform: Windows, Groups: 263,377
2025-08-21 15:20:13 - Adding platform group 278 for client F4funder - SUCCESS
2025-08-21 15:20:43 - clientPlatform processing for: kaito
2025-08-21 15:20:43 - Client info: , Platform: Windows, Groups: 9,369
2025-08-21 15:20:43 - Adding platform group 278 for client kaito - SUCCESS
2025-08-21 15:23:41 - clientPlatform processing for: Hisoka
2025-08-21 15:23:41 - Client info: , Platform: Windows, Groups: 15,377
2025-08-21 15:23:42 - Adding platform group 278 for client Hisoka - SUCCESS
2025-08-21 15:25:50 - clientPlatform processing for: ivo
2025-08-21 15:25:50 - Client info: , Platform: Windows, Groups: 264,377
2025-08-21 15:25:50 - Adding platform group 278 for client ivo - SUCCESS
2025-08-21 15:27:33 - clientPlatform processing for: bomb1k04
2025-08-21 15:27:33 - Client info: , Platform: Windows, Groups: 10,369
2025-08-21 15:27:33 - Adding platform group 278 for client bomb1k04 - SUCCESS
2025-08-21 15:28:07 - clientPlatform processing for: kaito
2025-08-21 15:28:07 - Client info: , Platform: Windows, Groups: 10,369
2025-08-21 15:28:07 - Adding platform group 278 for client kaito - SUCCESS
2025-08-21 15:30:03 - clientPlatform processing for: andy76633
2025-08-21 15:30:03 - Client info: , Platform: Windows, Groups: 14,377
2025-08-21 15:30:03 - Adding platform group 278 for client andy76633 - SUCCESS
2025-08-21 15:30:35 - clientPlatform processing for: FlavianFCP
2025-08-21 15:30:35 - Client info: , Platform: Windows, Groups: 14,377
2025-08-21 15:30:35 - Adding platform group 278 for client FlavianFCP - SUCCESS
2025-08-21 15:33:54 - clientPlatform processing for: qsebassq
2025-08-21 15:33:54 - Client info: , Platform: Windows, Groups: 9,369
2025-08-21 15:33:54 - Adding platform group 278 for client qsebassq - SUCCESS
2025-08-21 15:35:44 - clientPlatform processing for: Боцман777
2025-08-21 15:35:44 - Client info: , Platform: Windows, Groups: 19,377
2025-08-21 15:35:44 - Adding platform group 278 for client Боцман777 - SUCCESS
2025-08-21 15:40:07 - clientPlatform processing for: 1ongxu
2025-08-21 15:40:07 - Client info: , Platform: Windows, Groups: 15,377
2025-08-21 15:40:07 - Adding platform group 278 for client 1ongxu - SUCCESS
2025-08-21 15:44:28 - clientPlatform processing for: Fantaz4
2025-08-21 15:44:28 - Client info: , Platform: Windows, Groups: 265,377
2025-08-21 15:44:28 - Adding platform group 278 for client Fantaz4 - SUCCESS
2025-08-21 15:48:41 - clientPlatform processing for: HELLKEEPER
2025-08-21 15:48:41 - Client info: , Platform: Windows, Groups: 17,377
2025-08-21 15:48:41 - Adding platform group 278 for client HELLKEEPER - SUCCESS
2025-08-21 15:50:23 - clientPlatform processing for: Kotek
2025-08-21 15:50:23 - Client info: , Platform: Windows, Groups: 264,377
2025-08-21 15:50:23 - Adding platform group 278 for client Kotek - SUCCESS
2025-08-21 15:50:45 - clientPlatform processing for: Imprii
2025-08-21 15:50:45 - Client info: , Platform: Windows, Groups: 266,377
2025-08-21 15:50:45 - Adding platform group 278 for client Imprii - SUCCESS
2025-08-21 15:56:39 - clientPlatform processing for: Zi←ِô
2025-08-21 15:56:39 - Client info: , Platform: Windows, Groups: 263,377
2025-08-21 15:56:39 - Adding platform group 278 for client Zi←ِô - SUCCESS
2025-08-21 15:57:04 - clientPlatform processing for: TeamSpeakUser2
2025-08-21 15:57:04 - Client info: , Platform: Windows, Groups: 11,377
2025-08-21 15:57:04 - Adding platform group 278 for client TeamSpeakUser2 - SUCCESS
2025-08-21 16:03:33 - clientPlatform processing for: dzale
2025-08-21 16:03:33 - Client info: , Platform: Windows, Groups: 13,377
2025-08-21 16:03:33 - Adding platform group 278 for client dzale - SUCCESS
2025-08-21 16:12:17 - clientPlatform processing for: shinigami
2025-08-21 16:12:17 - Client info: , Platform: Windows, Groups: 26,377,381,383,385
2025-08-21 16:12:17 - Adding platform group 278 for client shinigami - SUCCESS
2025-08-21 16:28:14 - clientPlatform processing for: caeciliae
2025-08-21 16:28:14 - Client info: , Platform: Windows, Groups: 266,377
2025-08-21 16:28:14 - Adding platform group 278 for client caeciliae - SUCCESS
2025-08-21 16:28:15 - clientPlatform processing for: Crash
2025-08-21 16:28:15 - Client info: , Platform: Windows, Groups: 266,377
2025-08-21 16:28:15 - Adding platform group 278 for client Crash - SUCCESS
2025-08-21 16:49:20 - clientPlatform processing for: Nevskiiiy
2025-08-21 16:49:20 - Client info: , Platform: Windows, Groups: 18,377
2025-08-21 16:49:20 - Adding platform group 278 for client Nevskiiiy - SUCCESS
2025-08-21 16:53:44 - clientPlatform processing for: ПожилаяОстановка
2025-08-21 16:53:44 - Client info: , Platform: Windows, Groups: 266,377
2025-08-21 16:53:44 - Adding platform group 278 for client ПожилаяОстановка - SUCCESS
2025-08-21 17:02:14 - clientPlatform processing for: Druid Сrow 🦅
2025-08-21 17:02:14 - Client info: , Platform: Windows, Groups: 20,377
2025-08-21 17:02:14 - Adding platform group 278 for client Druid Сrow 🦅 - SUCCESS
2025-08-21 17:08:02 - clientPlatform processing for: Omar
2025-08-21 17:08:02 - Client info: , Platform: Windows, Groups: 266,377
2025-08-21 17:08:02 - Adding platform group 278 for client Omar - SUCCESS
2025-08-21 17:09:40 - clientPlatform processing for: sem94ko
2025-08-21 17:09:40 - Client info: , Platform: Windows, Groups: 9,369
2025-08-21 17:09:40 - Adding platform group 278 for client sem94ko - SUCCESS
2025-08-21 17:14:27 - clientPlatform processing for: Angry
2025-08-21 17:14:27 - Client info: , Platform: Windows, Groups: 263,377
2025-08-21 17:14:27 - Adding platform group 278 for client Angry - SUCCESS
2025-08-21 17:18:02 - clientPlatform processing for: Etienne
2025-08-21 17:18:02 - Client info: , Platform: Windows, Groups: 265,377
2025-08-21 17:18:02 - Adding platform group 278 for client Etienne - SUCCESS
2025-08-21 17:20:52 - clientPlatform processing for: леха
2025-08-21 17:20:52 - Client info: , Platform: Windows, Groups: 19,377
2025-08-21 17:20:52 - Adding platform group 278 for client леха - SUCCESS
2025-08-21 17:21:00 - clientPlatform processing for: леха
2025-08-21 17:21:00 - Client info: , Platform: Windows, Groups: 19,377
2025-08-21 17:21:00 - Adding platform group 278 for client леха - SUCCESS
2025-08-21 17:21:12 - clientPlatform processing for: леха
2025-08-21 17:21:12 - Client info: , Platform: Windows, Groups: 19,278,295,377,435
2025-08-21 17:21:12 - Client already has platform group 278
2025-08-21 17:22:34 - clientPlatform processing for: TeamSpeakUser
2025-08-21 17:22:34 - Client info: , Platform: Windows, Groups: 266,377
2025-08-21 17:22:34 - Adding platform group 278 for client TeamSpeakUser - SUCCESS
2025-08-21 17:27:20 - clientPlatform processing for: poo
2025-08-21 17:27:20 - Client info: , Platform: Windows, Groups: 264,377
2025-08-21 17:27:20 - Adding platform group 278 for client poo - SUCCESS
2025-08-21 17:37:15 - clientPlatform processing for: Clappen
2025-08-21 17:37:15 - Client info: , Platform: Windows, Groups: 11,377
2025-08-21 17:37:15 - Adding platform group 278 for client Clappen - SUCCESS
2025-08-21 17:37:16 - clientPlatform processing for: T-Dány
2025-08-21 17:37:16 - Client info: , Platform: Windows, Groups: 10,369
2025-08-21 17:37:16 - Adding platform group 278 for client T-Dány - SUCCESS
2025-08-21 17:37:18 - clientPlatform processing for: T-Dány
2025-08-21 17:37:18 - Client info: , Platform: Windows, Groups: 10,369
2025-08-21 17:37:18 - Group already assigned (detected from error), skipping
2025-08-21 17:37:18 - Adding platform group 278 for client T-Dány - SUCCESS
2025-08-21 17:37:19 - clientPlatform processing for: T-Dány
2025-08-21 17:37:19 - Client info: , Platform: Windows, Groups: 10,369
2025-08-21 17:37:19 - Group already assigned (detected from error), skipping
2025-08-21 17:37:19 - Adding platform group 278 for client T-Dány - SUCCESS
2025-08-21 17:37:51 - clientPlatform processing for: andibandi
2025-08-21 17:37:51 - Client info: , Platform: Windows, Groups: 11,377
2025-08-21 17:37:51 - Adding platform group 278 for client andibandi - SUCCESS
2025-08-21 17:40:43 - clientPlatform processing for: Fullfunny
2025-08-21 17:40:43 - Client info: , Platform: Windows, Groups: 266,377
2025-08-21 17:40:43 - Adding platform group 278 for client Fullfunny - SUCCESS
2025-08-21 17:42:18 - clientPlatform processing for: TeamSpeakUser
2025-08-21 17:42:18 - Client info: , Platform: Windows, Groups: 12,377
2025-08-21 17:42:18 - Adding platform group 278 for client TeamSpeakUser - SUCCESS
2025-08-21 17:48:12 - clientPlatform processing for: vladimirrr666
2025-08-21 17:48:12 - Client info: , Platform: Windows, Groups: 12,377
2025-08-21 17:48:12 - Adding platform group 278 for client vladimirrr666 - SUCCESS
2025-08-21 17:48:12 - clientPlatform processing for: vladimirrr666
2025-08-21 17:48:12 - Client info: , Platform: Windows, Groups: 12,377
2025-08-21 17:48:12 - Group already assigned (detected from error), skipping
2025-08-21 17:48:12 - Adding platform group 278 for client vladimirrr666 - SUCCESS
2025-08-21 17:48:13 - clientPlatform processing for: vladimirrr666
2025-08-21 17:48:13 - Client info: , Platform: Windows, Groups: 12,377
2025-08-21 17:48:13 - Group already assigned (detected from error), skipping
2025-08-21 17:48:13 - Adding platform group 278 for client vladimirrr666 - SUCCESS
2025-08-21 17:48:40 - clientPlatform processing for: wuMjaso
2025-08-21 17:48:40 - Client info: , Platform: Windows, Groups: 13,377
2025-08-21 17:48:40 - Adding platform group 278 for client wuMjaso - SUCCESS
2025-08-21 17:48:51 - clientPlatform processing for: TeamSpeakUser
2025-08-21 17:48:51 - Client info: , Platform: Windows, Groups: 13,377
2025-08-21 17:48:51 - Adding platform group 278 for client TeamSpeakUser - SUCCESS
2025-08-21 17:49:29 - clientPlatform processing for: TeamSpeakUser2
2025-08-21 17:49:29 - Client info: , Platform: Windows, Groups: 13,377
2025-08-21 17:49:29 - Adding platform group 278 for client TeamSpeakUser2 - SUCCESS
2025-08-21 17:53:37 - clientPlatform processing for: papricka22
2025-08-21 17:53:37 - Client info: , Platform: Windows, Groups: 10,369
2025-08-21 17:53:38 - Adding platform group 278 for client papricka22 - SUCCESS
2025-08-21 18:09:15 - clientPlatform processing for: Cpt.BORODA
2025-08-21 18:09:15 - Client info: , Platform: Windows, Groups: 266,377
2025-08-21 18:09:15 - Adding platform group 278 for client Cpt.BORODA - SUCCESS
2025-08-21 18:09:35 - clientPlatform processing for: Hydrastarke
2025-08-21 18:09:35 - Client info: , Platform: Windows, Groups: 17,377
2025-08-21 18:09:35 - Adding platform group 278 for client Hydrastarke - SUCCESS
2025-08-21 18:10:46 - clientPlatform processing for: yondera
2025-08-21 18:10:46 - Client info: , Platform: Windows, Groups: 266,377
2025-08-21 18:10:46 - Adding platform group 278 for client yondera - SUCCESS
2025-08-21 18:11:45 - clientPlatform processing for: Kubalke1337
2025-08-21 18:11:45 - Client info: , Platform: Windows, Groups: 264,377
2025-08-21 18:11:45 - Adding platform group 278 for client Kubalke1337 - SUCCESS
2025-08-21 18:12:06 - clientPlatform processing for: saulov
2025-08-21 18:12:06 - Client info: , Platform: Windows, Groups: 266,377
2025-08-21 18:12:06 - Adding platform group 278 for client saulov - SUCCESS
2025-08-21 18:12:12 - clientPlatform processing for: Szmedi
2025-08-21 18:12:12 - Client info: , Platform: Windows, Groups: 264,377
2025-08-21 18:12:12 - Adding platform group 278 for client Szmedi - SUCCESS
2025-08-21 18:18:04 - clientPlatform processing for: vata
2025-08-21 18:18:04 - Client info: , Platform: Windows, Groups: 263,377
2025-08-21 18:18:04 - Adding platform group 278 for client vata - SUCCESS
2025-08-21 18:19:59 - clientPlatform processing for: Gnomass12
2025-08-21 18:19:59 - Client info: , Platform: Windows, Groups: 14,377
2025-08-21 18:19:59 - Adding platform group 278 for client Gnomass12 - SUCCESS
2025-08-21 18:24:41 - clientPlatform processing for: Maks1m_K
2025-08-21 18:24:41 - Client info: , Platform: Windows, Groups: 266,377
2025-08-21 18:24:41 - Adding platform group 278 for client Maks1m_K - SUCCESS
2025-08-21 18:27:19 - clientPlatform processing for: dzale
2025-08-21 18:27:19 - Client info: , Platform: Windows, Groups: 13,377
2025-08-21 18:27:19 - Adding platform group 278 for client dzale - SUCCESS
2025-08-21 18:28:14 - clientPlatform processing for: Scaryslav
2025-08-21 18:28:14 - Client info: , Platform: Windows, Groups: 11,377
2025-08-21 18:28:14 - Adding platform group 278 for client Scaryslav - SUCCESS
2025-08-21 18:33:14 - clientPlatform processing for: pashokey
2025-08-21 18:33:14 - Client info: , Platform: Windows, Groups: 12,377
2025-08-21 18:33:14 - Adding platform group 278 for client pashokey - SUCCESS
2025-08-21 18:33:16 - clientPlatform processing for: pashokey
2025-08-21 18:33:16 - Client info: , Platform: Windows, Groups: 12,377
2025-08-21 18:33:16 - Group already assigned (detected from error), skipping
2025-08-21 18:33:16 - Adding platform group 278 for client pashokey - SUCCESS
2025-08-21 18:33:17 - clientPlatform processing for: pashokey
2025-08-21 18:33:17 - Client info: , Platform: Windows, Groups: 12,377
2025-08-21 18:33:17 - Group already assigned (detected from error), skipping
2025-08-21 18:33:17 - Adding platform group 278 for client pashokey - SUCCESS
2025-08-21 18:37:04 - clientPlatform processing for: GoVVVno
2025-08-21 18:37:04 - Client info: , Platform: Windows, Groups: 11,377
2025-08-21 18:37:04 - Adding platform group 278 for client GoVVVno - SUCCESS
2025-08-21 18:41:14 - clientPlatform processing for: hojjat
2025-08-21 18:41:14 - Client info: , Platform: Windows, Groups: 13,377
2025-08-21 18:41:15 - Adding platform group 278 for client hojjat - SUCCESS
2025-08-21 18:42:12 - clientPlatform processing for: Caeser
2025-08-21 18:42:12 - Client info: , Platform: Windows, Groups: 7
2025-08-21 18:42:12 - Adding platform group 278 for client Caeser - SUCCESS
2025-08-21 18:45:56 - clientPlatform processing for: hojjat
2025-08-21 18:45:56 - Client info: , Platform: Windows, Groups: 13,377
2025-08-21 18:45:56 - Adding platform group 278 for client hojjat - SUCCESS
2025-08-21 19:00:56 - clientPlatform processing for: PRO_DUMAN
2025-08-21 19:00:56 - Client info: , Platform: Windows, Groups: 11,377
2025-08-21 19:00:56 - Adding platform group 278 for client PRO_DUMAN - SUCCESS
2025-08-21 19:02:26 - clientPlatform processing for: -SnoxJ
2025-08-21 19:02:26 - Client info: , Platform: Windows, Groups: 9,369
2025-08-21 19:02:26 - Adding platform group 278 for client -SnoxJ - SUCCESS
2025-08-21 19:11:58 - clientPlatform processing for: jajao
2025-08-21 19:11:58 - Client info: , Platform: Windows, Groups: 266,377
2025-08-21 19:11:58 - Adding platform group 278 for client jajao - SUCCESS
2025-08-21 19:11:59 - clientPlatform processing for: ivo
2025-08-21 19:11:59 - Client info: , Platform: Windows, Groups: 264,377
2025-08-21 19:11:59 - Adding platform group 278 for client ivo - SUCCESS
2025-08-21 19:11:59 - clientPlatform processing for: ivo
2025-08-21 19:11:59 - Client info: , Platform: Windows, Groups: 264,377
2025-08-21 19:11:59 - Group already assigned (detected from error), skipping
2025-08-21 19:11:59 - Adding platform group 278 for client ivo - SUCCESS
2025-08-21 19:12:23 - clientPlatform processing for: Avrelius33
2025-08-21 19:12:23 - Client info: , Platform: Windows, Groups: 263,377
2025-08-21 19:12:23 - Adding platform group 278 for client Avrelius33 - SUCCESS
2025-08-21 19:13:51 - clientPlatform processing for: DAMODARAN | Burak
2025-08-21 19:13:51 - Client info: , Platform: Windows, Groups: 7
2025-08-21 19:13:51 - Adding platform group 278 for client DAMODARAN | Burak - SUCCESS
2025-08-21 19:14:21 - clientPlatform processing for: JustıamBamBam:MURAT
2025-08-21 19:14:21 - Client info: , Platform: Windows, Groups: 7
2025-08-21 19:14:21 - Adding platform group 278 for client JustıamBamBam:MURAT - SUCCESS
2025-08-21 19:14:24 - clientPlatform processing for: DayDreamEscape Mustafa
2025-08-21 19:14:24 - Client info: , Platform: Windows, Groups: 11,377
2025-08-21 19:14:24 - Adding platform group 278 for client DayDreamEscape Mustafa - SUCCESS
2025-08-21 19:15:12 - clientPlatform processing for: DayDreamEscape Mustafa
2025-08-21 19:15:12 - Client info: , Platform: Windows, Groups: 11,377
2025-08-21 19:15:12 - Adding platform group 278 for client DayDreamEscape Mustafa - SUCCESS
2025-08-21 19:15:15 - clientPlatform processing for: JustıamBamBam:MURAT
2025-08-21 19:15:15 - Client info: , Platform: Windows, Groups: 8,369
2025-08-21 19:15:15 - Adding platform group 278 for client JustıamBamBam:MURAT - SUCCESS
2025-08-21 19:15:32 - clientPlatform processing for: Animepseh
2025-08-21 19:15:32 - Client info: , Platform: Windows, Groups: 12,377
2025-08-21 19:15:32 - Adding platform group 278 for client Animepseh - SUCCESS
2025-08-21 19:15:56 - clientPlatform processing for: JustıamBamBam:MURAT
2025-08-21 19:15:56 - Client info: , Platform: Windows, Groups: 8,369
2025-08-21 19:15:56 - Adding platform group 278 for client JustıamBamBam:MURAT - SUCCESS
2025-08-21 19:16:43 - clientPlatform processing for: TeamSpeakUser2
2025-08-21 19:16:43 - Client info: , Platform: Windows, Groups: 11,377
2025-08-21 19:16:43 - Adding platform group 278 for client TeamSpeakUser2 - SUCCESS
2025-08-21 19:16:44 - clientPlatform processing for: Keep
2025-08-21 19:16:44 - Client info: , Platform: Windows, Groups: 8,369
2025-08-21 19:16:44 - Adding platform group 278 for client Keep - SUCCESS
2025-08-21 19:16:44 - clientPlatform processing for: Keep
2025-08-21 19:16:44 - Client info: , Platform: Windows, Groups: 8,369
2025-08-21 19:16:44 - Group already assigned (detected from error), skipping
2025-08-21 19:16:44 - Adding platform group 278 for client Keep - SUCCESS
2025-08-21 19:16:45 - clientPlatform processing for: Keep
2025-08-21 19:16:45 - Client info: , Platform: Windows, Groups: 8,369
2025-08-21 19:16:45 - Group already assigned (detected from error), skipping
2025-08-21 19:16:45 - Adding platform group 278 for client Keep - SUCCESS
2025-08-21 19:17:10 - clientPlatform processing for: Boom-Clash9/Timo
2025-08-21 19:17:10 - Client info: , Platform: Windows, Groups: 8,369
2025-08-21 19:17:10 - Adding platform group 278 for client Boom-Clash9/Timo - SUCCESS
2025-08-21 19:17:21 - clientPlatform processing for: SHLYHA
2025-08-21 19:17:21 - Client info: , Platform: Windows, Groups: 266,377
2025-08-21 19:17:21 - Adding platform group 278 for client SHLYHA - SUCCESS
2025-08-21 19:18:39 - clientPlatform processing for: DayDreamEscape Mustafa
2025-08-21 19:18:39 - Client info: , Platform: Windows, Groups: 11,377
2025-08-21 19:18:39 - Adding platform group 278 for client DayDreamEscape Mustafa - SUCCESS
2025-08-21 19:19:22 - clientPlatform processing for: PalmaLFF
2025-08-21 19:19:22 - Client info: , Platform: Windows, Groups: 7
2025-08-21 19:19:22 - Adding platform group 278 for client PalmaLFF - SUCCESS
2025-08-21 19:21:54 - clientPlatform processing for: Boom-Clash9/Timo
2025-08-21 19:21:54 - Client info: , Platform: Windows, Groups: 8,369
2025-08-21 19:21:54 - Adding platform group 278 for client Boom-Clash9/Timo - SUCCESS
2025-08-21 19:23:15 - clientPlatform processing for: Clappen
2025-08-21 19:23:15 - Client info: , Platform: Windows, Groups: 11,377
2025-08-21 19:23:15 - Adding platform group 278 for client Clappen - SUCCESS
2025-08-21 19:23:23 - clientPlatform processing for: SHLYHA
2025-08-21 19:23:23 - Client info: , Platform: Windows, Groups: 266,377
2025-08-21 19:23:23 - Adding platform group 278 for client SHLYHA - SUCCESS
2025-08-21 19:24:22 - clientPlatform processing for: sima
2025-08-21 19:24:22 - Client info: , Platform: Windows, Groups: 264,377
2025-08-21 19:24:22 - Adding platform group 278 for client sima - SUCCESS
2025-08-21 19:29:09 - clientPlatform processing for: SysmoUsercid=140
2025-08-21 19:29:09 - Client info: , Platform: Windows, Groups: 265,377
2025-08-21 19:29:09 - Adding platform group 278 for client SysmoUsercid=140 - SUCCESS
2025-08-21 19:32:00 - clientPlatform processing for: Fornax013
2025-08-21 19:32:00 - Client info: , Platform: Windows, Groups: 266,377
2025-08-21 19:32:00 - Adding platform group 278 for client Fornax013 - SUCCESS
2025-08-21 19:32:50 - clientPlatform processing for: SysmoUsercid=140
2025-08-21 19:32:50 - Client info: , Platform: Windows, Groups: 265,377
2025-08-21 19:32:50 - Adding platform group 278 for client SysmoUsercid=140 - SUCCESS
2025-08-21 19:33:56 - clientPlatform processing for: RePeek.me | Willi-Wonka
2025-08-21 19:33:56 - Client info: , Platform: Windows, Groups: 18,377
2025-08-21 19:33:56 - Adding platform group 278 for client RePeek.me | Willi-Wonka - SUCCESS
2025-08-21 19:34:45 - clientPlatform processing for: TeamSpeakUser3
2025-08-21 19:34:45 - Client info: , Platform: Windows, Groups: 11,377
2025-08-21 19:34:45 - Adding platform group 278 for client TeamSpeakUser3 - SUCCESS
2025-08-21 19:35:54 - clientPlatform processing for: Sim0
2025-08-21 19:35:54 - Client info: , Platform: Windows, Groups: 17,377
2025-08-21 19:35:54 - Adding platform group 278 for client Sim0 - SUCCESS
2025-08-21 19:36:06 - clientPlatform processing for: Blood.born
2025-08-21 19:36:06 - Client info: , Platform: Windows, Groups: 14,377
2025-08-21 19:36:06 - Adding platform group 278 for client Blood.born - SUCCESS
2025-08-21 19:36:29 - clientPlatform processing for: TeamSpeakUser3
2025-08-21 19:36:29 - Client info: , Platform: Windows, Groups: 12,377
2025-08-21 19:36:29 - Adding platform group 278 for client TeamSpeakUser3 - SUCCESS
2025-08-21 19:43:00 - clientPlatform processing for: freakshow322
2025-08-21 19:43:00 - Client info: , Platform: Windows, Groups: 13,377
2025-08-21 19:43:00 - Adding platform group 278 for client freakshow322 - SUCCESS
2025-08-21 19:44:57 - clientPlatform processing for: danilass_perdolos
2025-08-21 19:44:57 - Client info: , Platform: Windows, Groups: 7
2025-08-21 19:44:57 - Adding platform group 278 for client danilass_perdolos - SUCCESS
2025-08-21 19:46:03 - clientPlatform processing for: Margoto
2025-08-21 19:46:03 - Client info: , Platform: Windows, Groups: 11,14,377
2025-08-21 19:46:03 - Adding platform group 278 for client Margoto - SUCCESS
2025-08-21 19:46:28 - clientPlatform processing for: Felontheteam
2025-08-21 19:46:28 - Client info: , Platform: Windows, Groups: 11,377
2025-08-21 19:46:28 - Adding platform group 278 for client Felontheteam - SUCCESS
2025-08-21 19:47:04 - clientPlatform processing for: hudabin
2025-08-21 19:47:04 - Client info: , Platform: Windows, Groups: 263,377
2025-08-21 19:47:04 - Adding platform group 278 for client hudabin - SUCCESS
2025-08-21 19:47:05 - clientPlatform processing for: Efkeyy
2025-08-21 19:47:05 - Client info: , Platform: Windows, Groups: 17,377
2025-08-21 19:47:05 - Adding platform group 278 for client Efkeyy - SUCCESS
2025-08-21 19:47:06 - clientPlatform processing for: Efkeyy
2025-08-21 19:47:06 - Client info: , Platform: Windows, Groups: 17,377
2025-08-21 19:47:06 - Group already assigned (detected from error), skipping
2025-08-21 19:47:06 - Adding platform group 278 for client Efkeyy - SUCCESS
2025-08-21 19:47:06 - clientPlatform processing for: Efkeyy
2025-08-21 19:47:06 - Client info: , Platform: Windows, Groups: 17,377
2025-08-21 19:47:06 - Group already assigned (detected from error), skipping
2025-08-21 19:47:06 - Adding platform group 278 for client Efkeyy - SUCCESS
2025-08-21 19:47:53 - clientPlatform processing for: guwno w spodnie
2025-08-21 19:47:53 - Client info: , Platform: Windows, Groups: 265,377
2025-08-21 19:47:53 - Adding platform group 278 for client guwno w spodnie - SUCCESS
2025-08-21 19:48:19 - clientPlatform processing for: TeamSpeakUser4
2025-08-21 19:48:19 - Client info: , Platform: Windows, Groups: 7
2025-08-21 19:48:19 - Adding platform group 278 for client TeamSpeakUser4 - SUCCESS
2025-08-21 19:49:40 - clientPlatform processing for: joyy
2025-08-21 19:49:40 - Client info: , Platform: Windows, Groups: 266,377
2025-08-21 19:49:40 - Adding platform group 278 for client joyy - SUCCESS
2025-08-21 19:51:57 - clientPlatform processing for: Blood.born
2025-08-21 19:51:57 - Client info: , Platform: Windows, Groups: 14,377
2025-08-21 19:51:57 - Adding platform group 278 for client Blood.born - SUCCESS
2025-08-21 19:52:44 - clientPlatform processing for: astraiser
2025-08-21 19:52:44 - Client info: , Platform: Windows, Groups: 263,377
2025-08-21 19:52:44 - Adding platform group 278 for client astraiser - SUCCESS
2025-08-21 19:53:04 - clientPlatform processing for: никочка_малышка
2025-08-21 19:53:04 - Client info: , Platform: Windows, Groups: 11,369
2025-08-21 19:53:04 - Adding platform group 278 for client никочка_малышка - SUCCESS
2025-08-21 19:54:03 - clientPlatform processing for: don
2025-08-21 19:54:03 - Client info: , Platform: Windows, Groups: 17,377
2025-08-21 19:54:03 - Adding platform group 278 for client don - SUCCESS
2025-08-21 19:54:38 - clientPlatform processing for: PastA1
2025-08-21 19:54:38 - Client info: , Platform: Windows, Groups: 18,377
2025-08-21 19:54:38 - Adding platform group 278 for client PastA1 - SUCCESS
2025-08-21 19:54:46 - clientPlatform processing for: saadf
2025-08-21 19:54:46 - Client info: , Platform: Windows, Groups: 14,377
2025-08-21 19:54:46 - Adding platform group 278 for client saadf - SUCCESS
2025-08-21 19:54:55 - clientPlatform processing for: oljas
2025-08-21 19:54:55 - Client info: , Platform: Windows, Groups: 263,377
2025-08-21 19:54:55 - Adding platform group 278 for client oljas - SUCCESS
2025-08-21 19:55:05 - clientPlatform processing for: EXOPUL
2025-08-21 19:55:05 - Client info: , Platform: Windows, Groups: 13,377
2025-08-21 19:55:05 - Adding platform group 278 for client EXOPUL - SUCCESS
2025-08-21 19:56:06 - clientPlatform processing for: Nouleone
2025-08-21 19:56:06 - Client info: , Platform: Windows, Groups: 12,264,377
2025-08-21 19:56:06 - Adding platform group 278 for client Nouleone - SUCCESS
2025-08-21 19:56:06 - clientPlatform processing for: Nouleone
2025-08-21 19:56:06 - Client info: , Platform: Windows, Groups: 12,264,377
2025-08-21 19:56:06 - Group already assigned (detected from error), skipping
2025-08-21 19:56:06 - Adding platform group 278 for client Nouleone - SUCCESS
2025-08-21 19:56:07 - clientPlatform processing for: Nouleone
2025-08-21 19:56:07 - Client info: , Platform: Windows, Groups: 12,264,377
2025-08-21 19:56:07 - Group already assigned (detected from error), skipping
2025-08-21 19:56:07 - Adding platform group 278 for client Nouleone - SUCCESS
2025-08-21 19:58:26 - clientPlatform processing for: pisun
2025-08-21 19:58:26 - Client info: , Platform: Windows, Groups: 266,377
2025-08-21 19:58:26 - Adding platform group 278 for client pisun - SUCCESS
2025-08-21 19:58:41 - clientPlatform processing for: king
2025-08-21 19:58:41 - Client info: , Platform: Windows, Groups: 17,377
2025-08-21 19:58:41 - Adding platform group 278 for client king - SUCCESS
2025-08-21 19:59:00 - clientPlatform processing for: Ox1codon
2025-08-21 19:59:00 - Client info: , Platform: Windows, Groups: 264,377
2025-08-21 19:59:00 - Adding platform group 278 for client Ox1codon - SUCCESS
2025-08-21 20:03:10 - clientPlatform processing for: credolls
2025-08-21 20:03:10 - Client info: , Platform: Windows, Groups: 18,377
2025-08-21 20:03:10 - Adding platform group 278 for client credolls - SUCCESS
2025-08-21 20:04:42 - clientPlatform processing for: Fullfunny
2025-08-21 20:04:42 - Client info: , Platform: Windows, Groups: 266,377
2025-08-21 20:04:42 - Adding platform group 278 for client Fullfunny - SUCCESS
2025-08-21 20:04:46 - clientPlatform processing for: Coolest
2025-08-21 20:04:46 - Client info: , Platform: Windows, Groups: 12,377
2025-08-21 20:04:46 - Adding platform group 278 for client Coolest - SUCCESS
2025-08-21 20:04:46 - clientPlatform processing for: Coolest
2025-08-21 20:04:46 - Client info: , Platform: Windows, Groups: 12,377
2025-08-21 20:04:46 - Group already assigned (detected from error), skipping
2025-08-21 20:04:46 - Adding platform group 278 for client Coolest - SUCCESS
2025-08-21 20:04:46 - clientPlatform processing for: Coolest
2025-08-21 20:04:46 - Client info: , Platform: Windows, Groups: 12,377
2025-08-21 20:04:46 - Group already assigned (detected from error), skipping
2025-08-21 20:04:46 - Adding platform group 278 for client Coolest - SUCCESS
2025-08-21 20:06:45 - clientPlatform processing for: -W1LLL
2025-08-21 20:06:45 - Client info: , Platform: Windows, Groups: 263,377
2025-08-21 20:06:45 - Adding platform group 278 for client -W1LLL - SUCCESS
2025-08-21 20:10:19 - clientPlatform processing for: jjjj
2025-08-21 20:10:19 - Client info: , Platform: Windows, Groups: 11,377
2025-08-21 20:10:19 - Adding platform group 278 for client jjjj - SUCCESS
2025-08-21 20:11:05 - clientPlatform processing for: TeamSpeakUser
2025-08-21 20:11:05 - Client info: , Platform: Windows, Groups: 13,377
2025-08-21 20:11:05 - Adding platform group 278 for client TeamSpeakUser - SUCCESS
2025-08-21 20:12:22 - clientPlatform processing for: GSavio
2025-08-21 20:12:22 - Client info: , Platform: Windows, Groups: 266,377
2025-08-21 20:12:22 - Adding platform group 278 for client GSavio - SUCCESS
2025-08-21 20:12:26 - clientPlatform processing for: bohun ivan
2025-08-21 20:12:26 - Client info: , Platform: Windows, Groups: 263,377
2025-08-21 20:12:26 - Adding platform group 278 for client bohun ivan - SUCCESS
2025-08-21 20:19:40 - clientPlatform processing for: Antonio
2025-08-21 20:19:40 - Client info: , Platform: Windows, Groups: 10,369
2025-08-21 20:19:40 - Adding platform group 278 for client Antonio - SUCCESS
2025-08-21 20:20:15 - clientPlatform processing for: butcher
2025-08-21 20:20:15 - Client info: , Platform: Windows, Groups: 13,377
2025-08-21 20:20:15 - Adding platform group 278 for client butcher - SUCCESS
2025-08-21 20:21:06 - clientPlatform processing for: jjjj
2025-08-21 20:21:06 - Client info: , Platform: Windows, Groups: 11,377
2025-08-21 20:21:06 - Adding platform group 278 for client jjjj - SUCCESS
2025-08-21 20:21:07 - clientPlatform processing for: jjjj
2025-08-21 20:21:07 - Client info: , Platform: Windows, Groups: 11,377
2025-08-21 20:21:07 - Group already assigned (detected from error), skipping
2025-08-21 20:21:07 - Adding platform group 278 for client jjjj - SUCCESS
2025-08-21 20:21:07 - clientPlatform processing for: jjjj
2025-08-21 20:21:07 - Client info: , Platform: Windows, Groups: 11,377
2025-08-21 20:21:07 - Group already assigned (detected from error), skipping
2025-08-21 20:21:07 - Adding platform group 278 for client jjjj - SUCCESS
2025-08-21 20:22:36 - clientPlatform processing for: Cpt.BORODA
2025-08-21 20:22:36 - Client info: , Platform: Windows, Groups: 266,377
2025-08-21 20:22:36 - Adding platform group 278 for client Cpt.BORODA - SUCCESS
2025-08-21 20:24:12 - clientPlatform processing for: Groff
2025-08-21 20:24:12 - Client info: , Platform: Windows, Groups: 14,377
2025-08-21 20:24:12 - Adding platform group 278 for client Groff - SUCCESS
2025-08-21 20:24:13 - clientPlatform processing for: Groff
2025-08-21 20:24:13 - Client info: , Platform: Windows, Groups: 14,377
2025-08-21 20:24:13 - Group already assigned (detected from error), skipping
2025-08-21 20:24:13 - Adding platform group 278 for client Groff - SUCCESS
2025-08-21 20:24:13 - clientPlatform processing for: Groff
2025-08-21 20:24:13 - Client info: , Platform: Windows, Groups: 14,377
2025-08-21 20:24:13 - Group already assigned (detected from error), skipping
2025-08-21 20:24:13 - Adding platform group 278 for client Groff - SUCCESS
2025-08-21 20:24:13 - clientPlatform processing for: Groff
2025-08-21 20:24:13 - Client info: , Platform: Windows, Groups: 14,377
2025-08-21 20:24:13 - Group already assigned (detected from error), skipping
2025-08-21 20:24:13 - Adding platform group 278 for client Groff - SUCCESS
2025-08-21 20:26:34 - clientPlatform processing for: Baboli
2025-08-21 20:26:34 - Client info: , Platform: Windows, Groups: 14,377
2025-08-21 20:26:34 - Adding platform group 278 for client Baboli - SUCCESS
2025-08-21 20:27:18 - clientPlatform processing for: Sim0
2025-08-21 20:27:18 - Client info: , Platform: Windows, Groups: 17,377
2025-08-21 20:27:18 - Adding platform group 278 for client Sim0 - SUCCESS
2025-08-21 20:27:21 - clientPlatform processing for: koufix
2025-08-21 20:27:21 - Client info: , Platform: Windows, Groups: 8,377
2025-08-21 20:27:21 - Adding platform group 278 for client koufix - SUCCESS
2025-08-21 20:27:21 - clientPlatform processing for: koufix
2025-08-21 20:27:21 - Client info: , Platform: Windows, Groups: 8,377
2025-08-21 20:27:21 - Group already assigned (detected from error), skipping
2025-08-21 20:27:21 - Adding platform group 278 for client koufix - SUCCESS
2025-08-21 20:27:25 - clientPlatform processing for: Князь Вандал Новгородский
2025-08-21 20:27:25 - Client info: , Platform: Windows, Groups: 263,377
2025-08-21 20:27:25 - Adding platform group 278 for client Князь Вандал Новгородский - SUCCESS
2025-08-21 20:27:30 - clientPlatform processing for: TeamSpeakUser4
2025-08-21 20:27:30 - Client info: , Platform: Windows, Groups: 13,377
2025-08-21 20:27:30 - Adding platform group 278 for client TeamSpeakUser4 - SUCCESS
2025-08-21 20:27:43 - clientPlatform processing for: СИСЯ
2025-08-21 20:27:43 - Client info: , Platform: Windows, Groups: 266,377
2025-08-21 20:27:43 - Adding platform group 278 for client СИСЯ - SUCCESS
2025-08-21 20:27:46 - clientPlatform processing for: Baboli
2025-08-21 20:27:46 - Client info: , Platform: Windows, Groups: 14,377
2025-08-21 20:27:46 - Adding platform group 278 for client Baboli - SUCCESS
2025-08-21 20:27:47 - clientPlatform processing for: Baboli
2025-08-21 20:27:47 - Client info: , Platform: Windows, Groups: 14,377
2025-08-21 20:27:47 - Group already assigned (detected from error), skipping
2025-08-21 20:27:47 - Adding platform group 278 for client Baboli - SUCCESS
2025-08-21 20:27:47 - clientPlatform processing for: Baboli
2025-08-21 20:27:47 - Client info: , Platform: Windows, Groups: 14,377
2025-08-21 20:27:47 - Group already assigned (detected from error), skipping
2025-08-21 20:27:47 - Adding platform group 278 for client Baboli - SUCCESS
2025-08-21 20:27:56 - clientPlatform processing for: yondera
2025-08-21 20:27:56 - Client info: , Platform: Windows, Groups: 266,377
2025-08-21 20:27:56 - Adding platform group 278 for client yondera - SUCCESS
2025-08-21 20:29:25 - clientPlatform processing for: Ax`Lim
2025-08-21 20:29:25 - Client info: , Platform: Windows, Groups: 264,377
2025-08-21 20:29:25 - Adding platform group 278 for client Ax`Lim - SUCCESS
2025-08-21 20:29:46 - clientPlatform processing for: awegawg
2025-08-21 20:29:46 - Client info: , Platform: Windows, Groups: 13,377
2025-08-21 20:29:46 - Adding platform group 278 for client awegawg - SUCCESS
2025-08-21 20:30:01 - clientPlatform processing for: malizizi
2025-08-21 20:30:01 - Client info: , Platform: Windows, Groups: 12,377
2025-08-21 20:30:01 - Adding platform group 278 for client malizizi - SUCCESS
2025-08-21 20:30:35 - clientPlatform processing for: lokmannnnnn
2025-08-21 20:30:35 - Client info: , Platform: Windows, Groups: 263,377
2025-08-21 20:30:35 - Adding platform group 278 for client lokmannnnnn - SUCCESS
2025-08-21 20:32:06 - clientPlatform processing for: Tufix
2025-08-21 20:32:06 - Client info: , Platform: Windows, Groups: 263,377
2025-08-21 20:32:06 - Adding platform group 278 for client Tufix - SUCCESS
2025-08-21 20:33:45 - clientPlatform processing for: Last
2025-08-21 20:33:45 - Client info: , Platform: Windows, Groups: 17,377
2025-08-21 20:33:45 - Adding platform group 278 for client Last - SUCCESS
2025-08-21 20:34:46 - clientPlatform processing for: kagixxx
2025-08-21 20:34:46 - Client info: , Platform: Windows, Groups: 17,377
2025-08-21 20:34:46 - Adding platform group 278 for client kagixxx - SUCCESS
2025-08-21 20:37:49 - clientPlatform processing for: TeamSpeakUser5
2025-08-21 20:37:49 - Client info: , Platform: Windows, Groups: 11,369
2025-08-21 20:37:49 - Adding platform group 278 for client TeamSpeakUser5 - SUCCESS
2025-08-21 20:39:14 - clientPlatform processing for: tasaru
2025-08-21 20:39:14 - Client info: , Platform: Windows, Groups: 11,377
2025-08-21 20:39:14 - Adding platform group 278 for client tasaru - SUCCESS
2025-08-21 20:39:51 - clientPlatform processing for: Em1roff
2025-08-21 20:39:51 - Client info: , Platform: Windows, Groups: 12,377
2025-08-21 20:39:51 - Adding platform group 278 for client Em1roff - SUCCESS
2025-08-21 20:40:14 - clientPlatform processing for: Gomba
2025-08-21 20:40:14 - Client info: , Platform: Windows, Groups: 13,377
2025-08-21 20:40:14 - Adding platform group 278 for client Gomba - SUCCESS
2025-08-21 20:43:11 - clientPlatform processing for: RedSkull_TR
2025-08-21 20:43:11 - Client info: , Platform: Windows, Groups: 13,377
2025-08-21 20:43:11 - Adding platform group 278 for client RedSkull_TR - SUCCESS
2025-08-21 20:43:31 - clientPlatform processing for: DAMODARAN | Burak
2025-08-21 20:43:31 - Client info: , Platform: Windows, Groups: 8,369
2025-08-21 20:43:32 - Adding platform group 278 for client DAMODARAN | Burak - SUCCESS
2025-08-21 20:44:32 - clientPlatform processing for: -3k
2025-08-21 20:44:32 - Client info: , Platform: Windows, Groups: 264,377
2025-08-21 20:44:32 - Adding platform group 278 for client -3k - SUCCESS
2025-08-21 20:44:32 - clientPlatform processing for: -3k
2025-08-21 20:44:32 - Client info: , Platform: Windows, Groups: 264,377
2025-08-21 20:44:32 - Group already assigned (detected from error), skipping
2025-08-21 20:44:32 - Adding platform group 278 for client -3k - SUCCESS
2025-08-21 20:44:32 - clientPlatform processing for: -3k
2025-08-21 20:44:32 - Client info: , Platform: Windows, Groups: 264,377
2025-08-21 20:44:32 - Group already assigned (detected from error), skipping
2025-08-21 20:44:32 - Adding platform group 278 for client -3k - SUCCESS
2025-08-21 20:46:54 - clientPlatform processing for: goran
2025-08-21 20:46:54 - Client info: , Platform: Windows, Groups: 266,377
2025-08-21 20:46:54 - Adding platform group 278 for client goran - SUCCESS
2025-08-21 20:46:54 - clientPlatform processing for: goran
2025-08-21 20:46:54 - Client info: , Platform: Windows, Groups: 266,377
2025-08-21 20:46:54 - Group already assigned (detected from error), skipping
2025-08-21 20:46:54 - Adding platform group 278 for client goran - SUCCESS
2025-08-21 20:46:55 - clientPlatform processing for: goran
2025-08-21 20:46:55 - Client info: , Platform: Windows, Groups: 266,377
2025-08-21 20:46:55 - Group already assigned (detected from error), skipping
2025-08-21 20:46:55 - Adding platform group 278 for client goran - SUCCESS
2025-08-21 20:50:48 - clientPlatform processing for: GSavio
2025-08-21 20:50:48 - Client info: , Platform: Windows, Groups: 266,377
2025-08-21 20:50:48 - Adding platform group 278 for client GSavio - SUCCESS
2025-08-21 20:51:32 - clientPlatform processing for: yaltinets
2025-08-21 20:51:32 - Client info: , Platform: Windows, Groups: 9,369
2025-08-21 20:51:32 - Adding platform group 278 for client yaltinets - SUCCESS
2025-08-21 20:52:33 - clientPlatform processing for: sunclausewitz
2025-08-21 20:52:33 - Client info: , Platform: Windows, Groups: 264,377
2025-08-21 20:52:33 - Adding platform group 278 for client sunclausewitz - SUCCESS
2025-08-21 20:53:18 - clientPlatform processing for: 1nemanjaves
2025-08-21 20:53:18 - Client info: , Platform: Windows, Groups: 14,377
2025-08-21 20:53:18 - Adding platform group 278 for client 1nemanjaves - SUCCESS
2025-08-21 20:53:32 - clientPlatform processing for: Kernel
2025-08-21 20:53:32 - Client info: , Platform: Windows, Groups: 7
2025-08-21 20:53:32 - Adding platform group 278 for client Kernel - SUCCESS
2025-08-21 20:53:39 - clientPlatform processing for: Edward_G
2025-08-21 20:53:39 - Client info: , Platform: Windows, Groups: 11,377
2025-08-21 20:53:39 - Adding platform group 278 for client Edward_G - SUCCESS
2025-08-21 20:53:42 - clientPlatform processing for: AlexQc
2025-08-21 20:53:42 - Client info: , Platform: Windows, Groups: 266,377
2025-08-21 20:53:42 - Adding platform group 278 for client AlexQc - SUCCESS
2025-08-21 20:53:43 - clientPlatform processing for: AlexQc
2025-08-21 20:53:43 - Client info: , Platform: Windows, Groups: 266,377
2025-08-21 20:53:43 - Group already assigned (detected from error), skipping
2025-08-21 20:53:43 - Adding platform group 278 for client AlexQc - SUCCESS
2025-08-21 20:54:27 - clientPlatform processing for: Scaryslav
2025-08-21 20:54:27 - Client info: , Platform: Windows, Groups: 11,377
2025-08-21 20:54:27 - Adding platform group 278 for client Scaryslav - SUCCESS
2025-08-21 20:54:35 - clientPlatform processing for: Gomba
2025-08-21 20:54:35 - Client info: , Platform: Windows, Groups: 13,377
2025-08-21 20:54:35 - Adding platform group 278 for client Gomba - SUCCESS
2025-08-21 20:54:45 - clientPlatform processing for: sunclausewitz
2025-08-21 20:54:45 - Client info: , Platform: Windows, Groups: 264,377
2025-08-21 20:54:45 - Adding platform group 278 for client sunclausewitz - SUCCESS
2025-08-21 20:55:13 - clientPlatform processing for: Kernel
2025-08-21 20:55:13 - Client info: , Platform: Windows, Groups: 8,369
2025-08-21 20:55:13 - Adding platform group 278 for client Kernel - SUCCESS
2025-08-21 20:57:10 - clientPlatform processing for: Сика
2025-08-21 20:57:10 - Client info: , Platform: Windows, Groups: 266,377
2025-08-21 20:57:10 - Adding platform group 278 for client Сика - SUCCESS
2025-08-21 21:00:57 - clientPlatform processing for: MC durak
2025-08-21 21:00:57 - Client info: , Platform: Windows, Groups: 17,377
2025-08-21 21:00:57 - Adding platform group 278 for client MC durak - SUCCESS
2025-08-21 21:02:46 - clientPlatform processing for: Pushok
2025-08-21 21:02:46 - Client info: , Platform: Windows, Groups: 11,377
2025-08-21 21:02:46 - Adding platform group 278 for client Pushok - SUCCESS
2025-08-21 21:06:08 - clientPlatform processing for: RABOTES
2025-08-21 21:06:08 - Client info: , Platform: Windows, Groups: 264,377
2025-08-21 21:06:08 - Adding platform group 278 for client RABOTES - SUCCESS
2025-08-21 21:09:22 - clientPlatform processing for: TeamSpeakUser13
2025-08-21 21:09:22 - Client info: , Platform: Windows, Groups: 18,96,377
2025-08-21 21:09:22 - Adding platform group 278 for client TeamSpeakUser13 - SUCCESS
2025-08-21 21:10:13 - clientPlatform processing for: Scaryslav
2025-08-21 21:10:13 - Client info: , Platform: Windows, Groups: 11,377
2025-08-21 21:10:13 - Adding platform group 278 for client Scaryslav - SUCCESS
2025-08-21 21:10:57 - clientPlatform processing for: Сика
2025-08-21 21:10:57 - Client info: , Platform: Windows, Groups: 266,377
2025-08-21 21:10:57 - Adding platform group 278 for client Сика - SUCCESS
2025-08-21 21:11:44 - clientPlatform processing for: ridzazz
2025-08-21 21:11:44 - Client info: , Platform: Windows, Groups: 14,377
2025-08-21 21:11:44 - Adding platform group 278 for client ridzazz - SUCCESS
2025-08-21 21:11:49 - clientPlatform processing for: howerty
2025-08-21 21:11:49 - Client info: , Platform: Windows, Groups: 7
2025-08-21 21:11:49 - Adding platform group 278 for client howerty - SUCCESS
2025-08-21 21:12:07 - clientPlatform processing for: Tancsii
2025-08-21 21:12:07 - Client info: , Platform: Windows, Groups: 266,377
2025-08-21 21:12:07 - Adding platform group 278 for client Tancsii - SUCCESS
2025-08-21 21:12:49 - clientPlatform processing for: BEBETO
2025-08-21 21:12:49 - Client info: , Platform: Windows, Groups: 9,369
2025-08-21 21:12:49 - Adding platform group 278 for client BEBETO - SUCCESS
2025-08-21 21:13:13 - clientPlatform processing for: sajjad
2025-08-21 21:13:13 - Client info: , Platform: Windows, Groups: 266,377
2025-08-21 21:13:13 - Adding platform group 278 for client sajjad - SUCCESS
2025-08-21 21:15:06 - clientPlatform processing for: ardoş
2025-08-21 21:15:06 - Client info: , Platform: Windows, Groups: 17,377
2025-08-21 21:15:06 - Adding platform group 278 for client ardoş - SUCCESS
2025-08-21 21:15:25 - clientPlatform processing for: Jaws
2025-08-21 21:15:25 - Client info: , Platform: Windows, Groups: 15,377
2025-08-21 21:15:25 - Adding platform group 278 for client Jaws - SUCCESS
2025-08-21 21:17:29 - clientPlatform processing for: Max
2025-08-21 21:17:29 - Client info: , Platform: Windows, Groups: 12,377
2025-08-21 21:17:29 - Adding platform group 278 for client Max - SUCCESS
2025-08-21 21:17:44 - clientPlatform processing for: побгерпобедитель
2025-08-21 21:17:44 - Client info: , Platform: Windows, Groups: 264,377
2025-08-21 21:17:44 - Adding platform group 278 for client побгерпобедитель - SUCCESS
2025-08-21 21:19:06 - clientPlatform processing for: Bone
2025-08-21 21:19:06 - Client info: , Platform: Windows, Groups: 266,377
2025-08-21 21:19:06 - Adding platform group 278 for client Bone - SUCCESS
2025-08-21 21:25:35 - clientPlatform processing for: Cancer
2025-08-21 21:25:35 - Client info: , Platform: Windows, Groups: 13,377
2025-08-21 21:25:35 - Adding platform group 278 for client Cancer - SUCCESS
2025-08-21 21:26:18 - clientPlatform processing for: jiggly
2025-08-21 21:26:18 - Client info: , Platform: Windows, Groups: 10,369
2025-08-21 21:26:18 - Adding platform group 278 for client jiggly - SUCCESS
2025-08-21 21:27:01 - clientPlatform processing for: sasha
2025-08-21 21:27:01 - Client info: , Platform: Windows, Groups: 263,377
2025-08-21 21:27:01 - Adding platform group 278 for client sasha - SUCCESS
2025-08-21 21:27:20 - clientPlatform processing for: sameqqq
2025-08-21 21:27:20 - Client info: , Platform: Windows, Groups: 263,377
2025-08-21 21:27:20 - Adding platform group 278 for client sameqqq - SUCCESS
2025-08-21 21:28:43 - clientPlatform processing for: TeamSpeakUser2
2025-08-21 21:28:43 - Client info: , Platform: Windows, Groups: 265,377
2025-08-21 21:28:43 - Adding platform group 278 for client TeamSpeakUser2 - SUCCESS
2025-08-21 21:30:22 - clientPlatform processing for: Ox1codon
2025-08-21 21:30:22 - Client info: , Platform: Windows, Groups: 264,377
2025-08-21 21:30:22 - Adding platform group 278 for client Ox1codon - SUCCESS
2025-08-21 21:30:49 - clientPlatform processing for: N3rvezz
2025-08-21 21:30:49 - Client info: , Platform: Windows, Groups: 13,377
2025-08-21 21:30:49 - Adding platform group 278 for client N3rvezz - SUCCESS
2025-08-21 21:30:56 - clientPlatform processing for: noice8
2025-08-21 21:30:56 - Client info: , Platform: Windows, Groups: 12,377
2025-08-21 21:30:56 - Adding platform group 278 for client noice8 - SUCCESS
2025-08-21 21:32:18 - clientPlatform processing for: Shawaj
2025-08-21 21:32:18 - Client info: , Platform: Windows, Groups: 263,377
2025-08-21 21:32:18 - Adding platform group 278 for client Shawaj - SUCCESS
2025-08-21 21:32:48 - clientPlatform processing for: Em1roff
2025-08-21 21:32:48 - Client info: , Platform: Windows, Groups: 12,377
2025-08-21 21:32:48 - Adding platform group 278 for client Em1roff - SUCCESS
2025-08-21 21:33:17 - clientPlatform processing for: wilson
2025-08-21 21:33:17 - Client info: , Platform: Windows, Groups: 17,265,377
2025-08-21 21:33:17 - Adding platform group 278 for client wilson - SUCCESS
2025-08-21 21:34:04 - clientPlatform processing for: noice8
2025-08-21 21:34:04 - Client info: , Platform: Windows, Groups: 12,377
2025-08-21 21:34:04 - Adding platform group 278 for client noice8 - SUCCESS
2025-08-21 21:34:16 - clientPlatform processing for: devl
2025-08-21 21:34:16 - Client info: , Platform: Windows, Groups: 266,377
2025-08-21 21:34:16 - Adding platform group 278 for client devl - SUCCESS
2025-08-21 21:34:40 - clientPlatform processing for: TeamSpeakUser5
2025-08-21 21:34:40 - Client info: , Platform: Windows, Groups: 11,377
2025-08-21 21:34:40 - Adding platform group 278 for client TeamSpeakUser5 - SUCCESS
2025-08-21 21:35:22 - clientPlatform processing for: Medoe
2025-08-21 21:35:22 - Client info: , Platform: Windows, Groups: 14,377
2025-08-21 21:35:22 - Adding platform group 278 for client Medoe - SUCCESS
2025-08-21 21:36:13 - clientPlatform processing for: Manwe
2025-08-21 21:36:13 - Client info: , Platform: Windows, Groups: 266,377
2025-08-21 21:36:13 - Adding platform group 278 for client Manwe - SUCCESS
2025-08-21 21:36:39 - clientPlatform processing for: _MERS_
2025-08-21 21:36:39 - Client info: , Platform: Windows, Groups: 266,377
2025-08-21 21:36:39 - Adding platform group 278 for client _MERS_ - SUCCESS
2025-08-21 21:36:44 - clientPlatform processing for: __Kharakternik__
2025-08-21 21:36:44 - Client info: , Platform: Windows, Groups: 266,377
2025-08-21 21:36:44 - Adding platform group 278 for client __Kharakternik__ - SUCCESS
2025-08-21 21:37:04 - clientPlatform processing for: Baldiez
2025-08-21 21:37:04 - Client info: , Platform: Windows, Groups: 264,377
2025-08-21 21:37:04 - Adding platform group 278 for client Baldiez - SUCCESS
2025-08-21 21:37:58 - clientPlatform processing for: don
2025-08-21 21:37:58 - Client info: , Platform: Windows, Groups: 17,377
2025-08-21 21:37:58 - Adding platform group 278 for client don - SUCCESS
2025-08-21 21:39:52 - clientPlatform processing for: az_nzt
2025-08-21 21:39:52 - Client info: , Platform: Windows, Groups: 11,377
2025-08-21 21:39:52 - Adding platform group 278 for client az_nzt - SUCCESS
2025-08-21 21:41:29 - clientPlatform processing for: N3rvezz
2025-08-21 21:41:29 - Client info: , Platform: Windows, Groups: 13,377
2025-08-21 21:41:29 - Adding platform group 278 for client N3rvezz - SUCCESS
2025-08-21 21:41:52 - clientPlatform processing for: Gomba
2025-08-21 21:41:52 - Client info: , Platform: Windows, Groups: 13,377
2025-08-21 21:41:52 - Adding platform group 278 for client Gomba - SUCCESS
2025-08-21 21:42:29 - clientPlatform processing for: x7uned
2025-08-21 21:42:29 - Client info: , Platform: Windows, Groups: 13,377
2025-08-21 21:42:29 - Adding platform group 278 for client x7uned - SUCCESS
2025-08-21 21:42:56 - clientPlatform processing for: BEBETO
2025-08-21 21:42:56 - Client info: , Platform: Windows, Groups: 10,369
2025-08-21 21:42:56 - Adding platform group 278 for client BEBETO - SUCCESS
2025-08-21 21:43:14 - clientPlatform processing for: Imprii
2025-08-21 21:43:14 - Client info: , Platform: Windows, Groups: 266,377
2025-08-21 21:43:14 - Adding platform group 278 for client Imprii - SUCCESS
2025-08-21 21:43:45 - clientPlatform processing for: TeamSpeakUser1
2025-08-21 21:43:45 - Client info: , Platform: Windows, Groups: 13,377
2025-08-21 21:43:45 - Adding platform group 278 for client TeamSpeakUser1 - SUCCESS
2025-08-21 21:44:16 - clientPlatform processing for: dayn777
2025-08-21 21:44:16 - Client info: , Platform: Windows, Groups: 14,377
2025-08-21 21:44:16 - Adding platform group 278 for client dayn777 - SUCCESS
2025-08-21 21:44:35 - clientPlatform processing for: shinigami
2025-08-21 21:44:35 - Client info: , Platform: Windows, Groups: 26,377,381,383,385
2025-08-21 21:44:35 - Adding platform group 278 for client shinigami - SUCCESS
2025-08-21 21:45:00 - clientPlatform processing for: TeamSpeakUser6
2025-08-21 21:45:00 - Client info: , Platform: Windows, Groups: 13,377
2025-08-21 21:45:00 - Adding platform group 278 for client TeamSpeakUser6 - SUCCESS
2025-08-21 21:46:14 - clientPlatform processing for: wilson
2025-08-21 21:46:14 - Client info: , Platform: Windows, Groups: 17,265,377
2025-08-21 21:46:14 - Adding platform group 278 for client wilson - SUCCESS
2025-08-21 21:47:58 - clientPlatform processing for: Ox1codon
2025-08-21 21:47:58 - Client info: , Platform: Windows, Groups: 264,377
2025-08-21 21:47:58 - Adding platform group 278 for client Ox1codon - SUCCESS
2025-08-21 21:47:59 - clientPlatform processing for: IHope3
2025-08-21 21:47:59 - Client info: , Platform: Windows, Groups: 266,377
2025-08-21 21:47:59 - Adding platform group 278 for client IHope3 - SUCCESS
2025-08-21 21:47:59 - clientPlatform processing for: IHope3
2025-08-21 21:47:59 - Client info: , Platform: Windows, Groups: 266,377
2025-08-21 21:47:59 - Group already assigned (detected from error), skipping
2025-08-21 21:47:59 - Adding platform group 278 for client IHope3 - SUCCESS
2025-08-21 21:48:00 - clientPlatform processing for: IHope3
2025-08-21 21:48:00 - Client info: , Platform: Windows, Groups: 266,377
2025-08-21 21:48:00 - Group already assigned (detected from error), skipping
2025-08-21 21:48:00 - Adding platform group 278 for client IHope3 - SUCCESS
2025-08-21 21:48:24 - clientPlatform processing for: Clappen
2025-08-21 21:48:24 - Client info: , Platform: Windows, Groups: 11,377
2025-08-21 21:48:24 - Adding platform group 278 for client Clappen - SUCCESS
2025-08-21 21:48:43 - clientPlatform processing for: 3412312
2025-08-21 21:48:43 - Client info: , Platform: Windows, Groups: 265,377
2025-08-21 21:48:43 - Adding platform group 278 for client 3412312 - SUCCESS
2025-08-21 21:48:54 - clientPlatform processing for: capet 1
2025-08-21 21:48:54 - Client info: , Platform: Windows, Groups: 11,377
2025-08-21 21:48:54 - Adding platform group 278 for client capet 1 - SUCCESS
2025-08-21 21:51:11 - clientPlatform processing for: Gomba
2025-08-21 21:51:11 - Client info: , Platform: Windows, Groups: 13,377
2025-08-21 21:51:11 - Adding platform group 278 for client Gomba - SUCCESS
2025-08-21 21:52:48 - clientPlatform processing for: J4M4L
2025-08-21 21:52:48 - Client info: , Platform: Windows, Groups: 18,377
2025-08-21 21:52:48 - Adding platform group 278 for client J4M4L - SUCCESS
2025-08-21 21:57:07 - clientPlatform processing for: kayanyildz
2025-08-21 21:57:07 - Client info: , Platform: Windows, Groups: 266,377
2025-08-21 21:57:07 - Adding platform group 278 for client kayanyildz - SUCCESS
2025-08-21 21:58:40 - clientPlatform processing for: SNAC-Ahmet
2025-08-21 21:58:40 - Client info: , Platform: Windows, Groups: 266,377
2025-08-21 21:58:40 - Adding platform group 278 for client SNAC-Ahmet - SUCCESS
2025-08-21 22:04:41 - clientPlatform processing for: teaman11
2025-08-21 22:04:41 - Client info: , Platform: Windows, Groups: 263,377
2025-08-21 22:04:41 - Adding platform group 278 for client teaman11 - SUCCESS
2025-08-21 22:10:20 - clientPlatform processing for: 3412312
2025-08-21 22:10:20 - Client info: , Platform: Windows, Groups: 265,377
2025-08-21 22:10:20 - Adding platform group 278 for client 3412312 - SUCCESS
2025-08-21 22:11:18 - clientPlatform processing for: mostafa
2025-08-21 22:11:18 - Client info: , Platform: Windows, Groups: 266,377
2025-08-21 22:11:18 - Adding platform group 278 for client mostafa - SUCCESS
2025-08-21 22:11:18 - clientPlatform processing for: mostafa
2025-08-21 22:11:18 - Client info: , Platform: Windows, Groups: 266,377
2025-08-21 22:11:18 - Group already assigned (detected from error), skipping
2025-08-21 22:11:18 - Adding platform group 278 for client mostafa - SUCCESS
2025-08-21 22:11:18 - clientPlatform processing for: mostafa
2025-08-21 22:11:18 - Client info: , Platform: Windows, Groups: 266,377
2025-08-21 22:11:18 - Group already assigned (detected from error), skipping
2025-08-21 22:11:18 - Adding platform group 278 for client mostafa - SUCCESS
2025-08-21 22:15:14 - clientPlatform processing for: sameqqq
2025-08-21 22:15:14 - Client info: , Platform: Windows, Groups: 263,377
2025-08-21 22:15:14 - Adding platform group 278 for client sameqqq - SUCCESS
2025-08-21 22:18:35 - clientPlatform processing for: koufix
2025-08-21 22:18:35 - Client info: , Platform: Windows, Groups: 8,377
2025-08-21 22:18:35 - Adding platform group 278 for client koufix - SUCCESS
2025-08-21 22:22:15 - clientPlatform processing for: TeamSpeakUser5
2025-08-21 22:22:15 - Client info: , Platform: Windows, Groups: 11,377
2025-08-21 22:22:15 - Adding platform group 278 for client TeamSpeakUser5 - SUCCESS
2025-08-21 22:26:58 - clientPlatform processing for: zzzCorleonezzz ( Бислан )
2025-08-21 22:26:58 - Client info: , Platform: Windows, Groups: 266,377
2025-08-21 22:26:58 - Adding platform group 278 for client zzzCorleonezzz ( Бислан ) - SUCCESS
2025-08-21 22:27:59 - clientPlatform processing for: Jabberson
2025-08-21 22:27:59 - Client info: , Platform: Windows, Groups: 263,377
2025-08-21 22:27:59 - Adding platform group 278 for client Jabberson - SUCCESS
2025-08-21 22:32:14 - clientPlatform processing for: ahmetakzm
2025-08-21 22:32:14 - Client info: , Platform: Windows, Groups: 15,377
2025-08-21 22:32:14 - Adding platform group 278 for client ahmetakzm - SUCCESS
2025-08-21 22:33:07 - clientPlatform processing for: ahmetakzm
2025-08-21 22:33:07 - Client info: , Platform: Windows, Groups: 15,377
2025-08-21 22:33:07 - Adding platform group 278 for client ahmetakzm - SUCCESS
2025-08-21 22:35:20 - clientPlatform processing for: BobFaruk
2025-08-21 22:35:20 - Client info: , Platform: Windows, Groups: 7
2025-08-21 22:35:20 - Adding platform group 278 for client BobFaruk - SUCCESS
2025-08-21 22:35:50 - clientPlatform processing for: Abazachkun
2025-08-21 22:35:50 - Client info: , Platform: Windows, Groups: 264,377
2025-08-21 22:35:50 - Adding platform group 278 for client Abazachkun - SUCCESS
2025-08-21 22:40:17 - clientPlatform processing for: TeamSpeakUser1
2025-08-21 22:40:17 - Client info: , Platform: Windows, Groups: 12,377
2025-08-21 22:40:17 - Adding platform group 278 for client TeamSpeakUser1 - SUCCESS
2025-08-21 22:43:35 - clientPlatform processing for: Adam Boroda
2025-08-21 22:43:35 - Client info: , Platform: Windows, Groups: 15,377
2025-08-21 22:43:35 - Adding platform group 278 for client Adam Boroda - SUCCESS
2025-08-21 22:43:37 - clientPlatform processing for: TeamSpeakUser1
2025-08-21 22:43:37 - Client info: , Platform: Windows, Groups: 12,377
2025-08-21 22:43:37 - Adding platform group 278 for client TeamSpeakUser1 - SUCCESS
2025-08-21 22:44:38 - clientPlatform processing for: PitcaRNNN``
2025-08-21 22:44:38 - Client info: , Platform: Windows, Groups: 266,377
2025-08-21 22:44:38 - Adding platform group 278 for client PitcaRNNN`` - SUCCESS
2025-08-21 22:44:59 - clientPlatform processing for: TeamSpeakUser1
2025-08-21 22:44:59 - Client info: , Platform: Windows, Groups: 12,377
2025-08-21 22:44:59 - Adding platform group 278 for client TeamSpeakUser1 - SUCCESS
2025-08-21 22:45:45 - clientPlatform processing for: bentuto
2025-08-21 22:45:45 - Client info: , Platform: Windows, Groups: 13,377
2025-08-21 22:45:45 - Adding platform group 278 for client bentuto - SUCCESS
2025-08-21 22:46:06 - clientPlatform processing for: TeamSpeakUser5
2025-08-21 22:46:06 - Client info: , Platform: Windows, Groups: 13,377
2025-08-21 22:46:06 - Adding platform group 278 for client TeamSpeakUser5 - SUCCESS
2025-08-21 22:48:09 - clientPlatform processing for: miz-miz
2025-08-21 22:48:09 - Client info: , Platform: Windows, Groups: 17,377
2025-08-21 22:48:09 - Adding platform group 278 for client miz-miz - SUCCESS
2025-08-21 22:49:06 - clientPlatform processing for: ASDASDASD
2025-08-21 22:49:06 - Client info: , Platform: Windows, Groups: 8,369
2025-08-21 22:49:06 - Adding platform group 278 for client ASDASDASD - SUCCESS
2025-08-21 22:49:06 - clientPlatform processing for: ASDASDASD
2025-08-21 22:49:06 - Client info: , Platform: Windows, Groups: 8,369
2025-08-21 22:49:06 - Group already assigned (detected from error), skipping
2025-08-21 22:49:06 - Adding platform group 278 for client ASDASDASD - SUCCESS
2025-08-21 22:49:06 - clientPlatform processing for: ASDASDASD
2025-08-21 22:49:06 - Client info: , Platform: Windows, Groups: 8,369
2025-08-21 22:49:06 - Group already assigned (detected from error), skipping
2025-08-21 22:49:06 - Adding platform group 278 for client ASDASDASD - SUCCESS
2025-08-21 22:50:18 - clientPlatform processing for: NightStalker
2025-08-21 22:50:18 - Client info: , Platform: Windows, Groups: 264,377
2025-08-21 22:50:18 - Adding platform group 278 for client NightStalker - SUCCESS
2025-08-21 22:51:54 - clientPlatform processing for: Ballack
2025-08-21 22:51:54 - Client info: , Platform: Windows, Groups: 13,377
2025-08-21 22:51:54 - Adding platform group 278 for client Ballack - SUCCESS
2025-08-21 22:52:11 - clientPlatform processing for: Medoe
2025-08-21 22:52:11 - Client info: , Platform: Windows, Groups: 264,377
2025-08-21 22:52:11 - Adding platform group 278 for client Medoe - SUCCESS
2025-08-21 22:54:21 - clientPlatform processing for: kayanyildz
2025-08-21 22:54:21 - Client info: , Platform: Windows, Groups: 266,377
2025-08-21 22:54:21 - Adding platform group 278 for client kayanyildz - SUCCESS
2025-08-21 22:57:26 - clientPlatform processing for: TeamSpeakUser3
2025-08-21 22:57:26 - Client info: , Platform: Windows, Groups: 266,377
2025-08-21 22:57:26 - Adding platform group 278 for client TeamSpeakUser3 - SUCCESS
2025-08-21 23:10:20 - clientPlatform processing for: saulov
2025-08-21 23:10:20 - Client info: , Platform: Windows, Groups: 266,377
2025-08-21 23:10:20 - Adding platform group 278 for client saulov - SUCCESS
2025-08-21 23:10:56 - clientPlatform processing for: вата
2025-08-21 23:10:56 - Client info: , Platform: Windows, Groups: 7
2025-08-21 23:10:56 - Adding platform group 278 for client вата - SUCCESS
2025-08-21 23:13:26 - clientPlatform processing for: Afbaloglu
2025-08-21 23:13:26 - Client info: , Platform: Windows, Groups: 7
2025-08-21 23:13:26 - Adding platform group 278 for client Afbaloglu - SUCCESS
2025-08-21 23:13:43 - clientPlatform processing for: N3rvezz
2025-08-21 23:13:43 - Client info: , Platform: Windows, Groups: 13,377
2025-08-21 23:13:43 - Adding platform group 278 for client N3rvezz - SUCCESS
2025-08-21 23:14:42 - clientPlatform processing for: N3rvezz
2025-08-21 23:14:42 - Client info: , Platform: Windows, Groups: 13,377
2025-08-21 23:14:42 - Adding platform group 278 for client N3rvezz - SUCCESS
2025-08-21 23:15:06 - clientPlatform processing for: Baldiez
2025-08-21 23:15:06 - Client info: , Platform: Windows, Groups: 264,377
2025-08-21 23:15:06 - Adding platform group 278 for client Baldiez - SUCCESS
2025-08-21 23:16:07 - clientPlatform processing for: ardoş
2025-08-21 23:16:07 - Client info: , Platform: Windows, Groups: 17,377
2025-08-21 23:16:07 - Adding platform group 278 for client ardoş - SUCCESS
2025-08-21 23:16:10 - clientPlatform processing for: mevlutozkara
2025-08-21 23:16:10 - Client info: , Platform: Windows, Groups: 266,377
2025-08-21 23:16:10 - Adding platform group 278 for client mevlutozkara - SUCCESS
2025-08-21 23:16:11 - clientPlatform processing for: mevlutozkara
2025-08-21 23:16:11 - Client info: , Platform: Windows, Groups: 266,377
2025-08-21 23:16:11 - Group already assigned (detected from error), skipping
2025-08-21 23:16:11 - Adding platform group 278 for client mevlutozkara - SUCCESS
2025-08-21 23:16:11 - clientPlatform processing for: mevlutozkara
2025-08-21 23:16:11 - Client info: , Platform: Windows, Groups: 266,377
2025-08-21 23:16:11 - Group already assigned (detected from error), skipping
2025-08-21 23:16:11 - Adding platform group 278 for client mevlutozkara - SUCCESS
2025-08-21 23:34:08 - clientPlatform processing for: TeamSpeakUser2
2025-08-21 23:34:08 - Client info: , Platform: Windows, Groups: 266,377
2025-08-21 23:34:08 - Adding platform group 278 for client TeamSpeakUser2 - SUCCESS
2025-08-21 23:37:29 - clientPlatform processing for: moco
2025-08-21 23:37:29 - Client info: , Platform: Windows, Groups: 13,377
2025-08-21 23:37:29 - Adding platform group 278 for client moco - SUCCESS
2025-08-21 23:38:32 - clientPlatform processing for: 3412312
2025-08-21 23:38:32 - Client info: , Platform: Windows, Groups: 265,377
2025-08-21 23:38:32 - Adding platform group 278 for client 3412312 - SUCCESS
2025-08-21 23:38:38 - clientPlatform processing for: dayn777
2025-08-21 23:38:38 - Client info: , Platform: Windows, Groups: 264,377
2025-08-21 23:38:38 - Adding platform group 278 for client dayn777 - SUCCESS
2025-08-21 23:41:10 - clientPlatform processing for: x7uned
2025-08-21 23:41:10 - Client info: , Platform: Windows, Groups: 13,377
2025-08-21 23:41:10 - Adding platform group 278 for client x7uned - SUCCESS
2025-08-21 23:45:49 - clientPlatform processing for: 1.6fsidertpaket
2025-08-21 23:45:49 - Client info: , Platform: Windows, Groups: 266,377
2025-08-21 23:45:49 - Adding platform group 278 for client 1.6fsidertpaket - SUCCESS
2025-08-21 23:46:34 - clientPlatform processing for: F4funder
2025-08-21 23:46:34 - Client info: , Platform: Windows, Groups: 263,377
2025-08-21 23:46:34 - Adding platform group 278 for client F4funder - SUCCESS
2025-08-21 23:57:50 - clientPlatform processing for: SYRUSSS
2025-08-21 23:57:50 - Client info: , Platform: Windows, Groups: 263,377
2025-08-21 23:57:50 - Adding platform group 278 for client SYRUSSS - SUCCESS
