2025-07-01 00:06:49 - clientPlatform processing for: pandah98
2025-07-01 00:06:49 - Client info: , Platform: Windows, Groups: 14,377
2025-07-01 00:06:49 - Adding platform group 278 for client pandah98 - SUCCESS
2025-07-01 00:23:18 - clientPlatform processing for: alimsh
2025-07-01 00:23:18 - Client info: , Platform: Windows, Groups: 10,369
2025-07-01 00:23:18 - Adding platform group 278 for client alimsh - SUCCESS
2025-07-01 00:51:03 - clientPlatform processing for: I_XaSkI_I
2025-07-01 00:51:03 - Client info: , Platform: Windows, Groups: 266,377
2025-07-01 00:51:03 - Adding platform group 278 for client I_XaSkI_I - SUCCESS
2025-07-01 00:54:30 - clientPlatform processing for: Nysfeq
2025-07-01 00:54:30 - Client info: , Platform: Windows, Groups: 10,369
2025-07-01 00:54:30 - Adding platform group 278 for client Nysfeq - SUCCESS
2025-07-01 01:09:31 - clientPlatform processing for: ayko
2025-07-01 01:09:31 - Client info: , Platform: Windows, Groups: 14,377
2025-07-01 01:09:31 - Adding platform group 278 for client ayko - SUCCESS
2025-07-01 01:55:06 - clientPlatform processing for: Richard_TH
2025-07-01 01:55:06 - Client info: , Platform: Windows, Groups: 18,377
2025-07-01 01:55:06 - Adding platform group 278 for client Richard_TH - SUCCESS
2025-07-01 02:12:38 - clientPlatform processing for: tenshin_non
2025-07-01 02:12:38 - Client info: , Platform: Windows, Groups: 18,377
2025-07-01 02:12:38 - Adding platform group 278 for client tenshin_non - SUCCESS
2025-07-01 02:33:12 - clientPlatform processing for: I ❤ Greatest Hits
2025-07-01 02:33:12 - Client info: , Platform: Linux, Groups: 283
2025-07-01 02:33:12 - Adding platform group 279 for client I ❤ Greatest Hits - SUCCESS
2025-07-01 02:39:38 - clientPlatform processing for: I ❤ Greatest Hits
2025-07-01 02:39:38 - Client info: , Platform: Linux, Groups: 283
2025-07-01 02:39:38 - Adding platform group 279 for client I ❤ Greatest Hits - SUCCESS
2025-07-01 02:45:41 - clientPlatform processing for: I ❤ Greatest Hits
2025-07-01 02:45:41 - Client info: , Platform: Linux, Groups: 283
2025-07-01 02:45:41 - Adding platform group 279 for client I ❤ Greatest Hits - SUCCESS
2025-07-01 02:52:06 - clientPlatform processing for: I ❤ Greatest Hits
2025-07-01 02:52:06 - Client info: , Platform: Linux, Groups: 283
2025-07-01 02:52:06 - Adding platform group 279 for client I ❤ Greatest Hits - SUCCESS
2025-07-01 03:06:15 - clientPlatform processing for: I ❤ Greatest Hits
2025-07-01 03:06:15 - Client info: , Platform: Linux, Groups: 283
2025-07-01 03:06:15 - Adding platform group 279 for client I ❤ Greatest Hits - SUCCESS
2025-07-01 03:12:41 - clientPlatform processing for: I ❤ Greatest Hits
2025-07-01 03:12:41 - Client info: , Platform: Linux, Groups: 283
2025-07-01 03:12:41 - Adding platform group 279 for client I ❤ Greatest Hits - SUCCESS
2025-07-01 03:19:05 - clientPlatform processing for: I ❤ Greatest Hits
2025-07-01 03:19:05 - Client info: , Platform: Linux, Groups: 283
2025-07-01 03:19:05 - Adding platform group 279 for client I ❤ Greatest Hits - SUCCESS
2025-07-01 03:25:23 - clientPlatform processing for: I ❤ Greatest Hits
2025-07-01 03:25:23 - Client info: , Platform: Linux, Groups: 283
2025-07-01 03:25:23 - Adding platform group 279 for client I ❤ Greatest Hits - SUCCESS
2025-07-01 03:32:55 - clientPlatform processing for: I ❤ Greatest Hits
2025-07-01 03:32:55 - Client info: , Platform: Linux, Groups: 283
2025-07-01 03:32:55 - Adding platform group 279 for client I ❤ Greatest Hits - SUCCESS
2025-07-01 03:40:42 - clientPlatform processing for: I ❤ Greatest Hits
2025-07-01 03:40:42 - Client info: , Platform: Linux, Groups: 283
2025-07-01 03:40:42 - Adding platform group 279 for client I ❤ Greatest Hits - SUCCESS
2025-07-01 03:47:48 - clientPlatform processing for: Sparkz
2025-07-01 03:47:48 - Client info: , Platform: Windows, Groups: 7
2025-07-01 03:47:48 - Adding platform group 278 for client Sparkz - SUCCESS
2025-07-01 03:48:58 - clientPlatform processing for: pinto
2025-07-01 03:48:58 - Client info: , Platform: Windows, Groups: 7
2025-07-01 03:48:58 - Adding platform group 278 for client pinto - SUCCESS
2025-07-01 03:50:50 - clientPlatform processing for: I ❤ Greatest Hits
2025-07-01 03:50:50 - Client info: , Platform: Linux, Groups: 283
2025-07-01 03:50:50 - Adding platform group 279 for client I ❤ Greatest Hits - SUCCESS
2025-07-01 03:54:02 - clientPlatform processing for: I ❤ Greatest Hits
2025-07-01 03:54:02 - Client info: , Platform: Linux, Groups: 283
2025-07-01 03:54:02 - Adding platform group 279 for client I ❤ Greatest Hits - SUCCESS
2025-07-01 04:06:10 - clientPlatform processing for: I ❤ Greatest Hits
2025-07-01 04:06:10 - Client info: , Platform: Linux, Groups: 283
2025-07-01 04:06:10 - Adding platform group 279 for client I ❤ Greatest Hits - SUCCESS
2025-07-01 04:31:06 - clientPlatform processing for: Phantor
2025-07-01 04:31:06 - Client info: , Platform: Windows, Groups: 263,377
2025-07-01 04:31:06 - Adding platform group 278 for client Phantor - SUCCESS
2025-07-01 04:31:06 - clientPlatform processing for: Phantor
2025-07-01 04:31:06 - Client info: , Platform: Windows, Groups: 263,377
2025-07-01 04:31:06 - Group already assigned (detected from error), skipping
2025-07-01 04:31:06 - Adding platform group 278 for client Phantor - SUCCESS
2025-07-01 04:31:07 - clientPlatform processing for: Phantor
2025-07-01 04:31:07 - Client info: , Platform: Windows, Groups: 263,377
2025-07-01 04:31:07 - Group already assigned (detected from error), skipping
2025-07-01 04:31:07 - Adding platform group 278 for client Phantor - SUCCESS
2025-07-01 04:35:20 - clientPlatform processing for: baia
2025-07-01 04:35:20 - Client info: , Platform: Windows, Groups: 263,377
2025-07-01 04:35:20 - Adding platform group 278 for client baia - SUCCESS
2025-07-01 04:42:09 - clientPlatform processing for: I ❤ Greatest Hits
2025-07-01 04:42:09 - Client info: , Platform: Linux, Groups: 283
2025-07-01 04:42:09 - Adding platform group 279 for client I ❤ Greatest Hits - SUCCESS
2025-07-01 04:44:38 - clientPlatform processing for: I ❤ Greatest Hits
2025-07-01 04:44:38 - Client info: , Platform: Linux, Groups: 283
2025-07-01 04:44:38 - Adding platform group 279 for client I ❤ Greatest Hits - SUCCESS
2025-07-01 05:41:13 - clientPlatform processing for: I ❤ Greatest Hits
2025-07-01 05:41:13 - Client info: , Platform: Linux, Groups: 283
2025-07-01 05:41:13 - Adding platform group 279 for client I ❤ Greatest Hits - SUCCESS
2025-07-01 05:44:12 - clientPlatform processing for: pinto
2025-07-01 05:44:12 - Client info: , Platform: Windows, Groups: 9,369
2025-07-01 05:44:12 - Adding platform group 278 for client pinto - SUCCESS
2025-07-01 05:51:32 - clientPlatform processing for: I ❤ Greatest Hits
2025-07-01 05:51:32 - Client info: , Platform: Linux, Groups: 283
2025-07-01 05:51:32 - Adding platform group 279 for client I ❤ Greatest Hits - SUCCESS
2025-07-01 05:55:14 - clientPlatform processing for: pinto
2025-07-01 05:55:14 - Client info: , Platform: Windows, Groups: 9,369
2025-07-01 05:55:14 - Adding platform group 278 for client pinto - SUCCESS
2025-07-01 06:12:56 - clientPlatform processing for: I ❤ Greatest Hits
2025-07-01 06:12:56 - Client info: , Platform: Linux, Groups: 283
2025-07-01 06:12:56 - Adding platform group 279 for client I ❤ Greatest Hits - SUCCESS
2025-07-01 06:13:18 - clientPlatform processing for: Safarijoe
2025-07-01 06:13:18 - Client info: , Platform: Windows, Groups: 266,377
2025-07-01 06:13:18 - Adding platform group 278 for client Safarijoe - SUCCESS
2025-07-01 06:17:05 - clientPlatform processing for: ratera
2025-07-01 06:17:05 - Client info: , Platform: Windows, Groups: 13,377
2025-07-01 06:17:05 - Adding platform group 278 for client ratera - SUCCESS
2025-07-01 06:19:24 - clientPlatform processing for: I ❤ Greatest Hits
2025-07-01 06:19:24 - Client info: , Platform: Linux, Groups: 283
2025-07-01 06:19:24 - Adding platform group 279 for client I ❤ Greatest Hits - SUCCESS
2025-07-01 06:26:58 - clientPlatform processing for: I ❤ Greatest Hits
2025-07-01 06:26:58 - Client info: , Platform: Linux, Groups: 283
2025-07-01 06:26:58 - Adding platform group 279 for client I ❤ Greatest Hits - SUCCESS
2025-07-01 06:35:43 - clientPlatform processing for: I ❤ Greatest Hits
2025-07-01 06:35:43 - Client info: , Platform: Linux, Groups: 283
2025-07-01 06:35:43 - Adding platform group 279 for client I ❤ Greatest Hits - SUCCESS
2025-07-01 06:42:49 - clientPlatform processing for: I ❤ Greatest Hits
2025-07-01 06:42:49 - Client info: , Platform: Linux, Groups: 283
2025-07-01 06:42:49 - Adding platform group 279 for client I ❤ Greatest Hits - SUCCESS
2025-07-01 06:51:11 - clientPlatform processing for: I ❤ Greatest Hits
2025-07-01 06:51:11 - Client info: , Platform: Linux, Groups: 283
2025-07-01 06:51:11 - Adding platform group 279 for client I ❤ Greatest Hits - SUCCESS
2025-07-01 06:57:36 - clientPlatform processing for: I ❤ Greatest Hits
2025-07-01 06:57:36 - Client info: , Platform: Linux, Groups: 283
2025-07-01 06:57:36 - Adding platform group 279 for client I ❤ Greatest Hits - SUCCESS
2025-07-01 07:03:37 - clientPlatform processing for: I ❤ Greatest Hits
2025-07-01 07:03:37 - Client info: , Platform: Linux, Groups: 283
2025-07-01 07:03:37 - Adding platform group 279 for client I ❤ Greatest Hits - SUCCESS
2025-07-01 07:08:54 - clientPlatform processing for: I ❤ Greatest Hits
2025-07-01 07:08:54 - Client info: , Platform: Linux, Groups: 283
2025-07-01 07:08:54 - Adding platform group 279 for client I ❤ Greatest Hits - SUCCESS
2025-07-01 07:12:45 - clientPlatform processing for: Kodex1703
2025-07-01 07:12:45 - Client info: , Platform: Windows, Groups: 14,377
2025-07-01 07:12:45 - Adding platform group 278 for client Kodex1703 - SUCCESS
2025-07-01 07:17:38 - clientPlatform processing for: I ❤ Greatest Hits
2025-07-01 07:17:38 - Client info: , Platform: Linux, Groups: 283
2025-07-01 07:17:38 - Adding platform group 279 for client I ❤ Greatest Hits - SUCCESS
2025-07-01 07:23:28 - clientPlatform processing for: I ❤ Greatest Hits
2025-07-01 07:23:28 - Client info: , Platform: Linux, Groups: 283
2025-07-01 07:23:28 - Adding platform group 279 for client I ❤ Greatest Hits - SUCCESS
2025-07-01 07:29:54 - clientPlatform processing for: I ❤ Greatest Hits
2025-07-01 07:29:54 - Client info: , Platform: Linux, Groups: 283
2025-07-01 07:29:54 - Adding platform group 279 for client I ❤ Greatest Hits - SUCCESS
2025-07-01 07:37:56 - clientPlatform processing for: I ❤ Greatest Hits
2025-07-01 07:37:56 - Client info: , Platform: Linux, Groups: 283
2025-07-01 07:37:56 - Adding platform group 279 for client I ❤ Greatest Hits - SUCCESS
2025-07-01 08:00:25 - clientPlatform processing for: 4iff
2025-07-01 08:00:25 - Client info: , Platform: Windows, Groups: 22,377
2025-07-01 08:00:25 - Adding platform group 278 for client 4iff - SUCCESS
2025-07-01 08:01:08 - clientPlatform processing for: dadaok
2025-07-01 08:01:08 - Client info: , Platform: Windows, Groups: 21,377
2025-07-01 08:01:08 - Adding platform group 278 for client dadaok - SUCCESS
2025-07-01 08:22:47 - clientPlatform processing for: asdrubal9
2025-07-01 08:22:47 - Client info: , Platform: Windows, Groups: 8,369
2025-07-01 08:22:47 - Adding platform group 278 for client asdrubal9 - SUCCESS
2025-07-01 08:52:19 - clientPlatform processing for: ratera
2025-07-01 08:52:19 - Client info: , Platform: Windows, Groups: 13,377
2025-07-01 08:52:19 - Adding platform group 278 for client ratera - SUCCESS
2025-07-01 08:55:21 - clientPlatform processing for: abdullah
2025-07-01 08:55:21 - Client info: , Platform: Windows, Groups: 266,377
2025-07-01 08:55:21 - Adding platform group 278 for client abdullah - SUCCESS
2025-07-01 08:56:40 - clientPlatform processing for: Dilbar
2025-07-01 08:56:40 - Client info: , Platform: Windows, Groups: 7
2025-07-01 08:56:40 - Adding platform group 278 for client Dilbar - SUCCESS
2025-07-01 09:40:04 - clientPlatform processing for: Mix
2025-07-01 09:40:04 - Client info: , Platform: Windows, Groups: 18,377
2025-07-01 09:40:04 - Adding platform group 278 for client Mix - SUCCESS
2025-07-01 10:04:20 - clientPlatform processing for: bal7azaRRR_          Ismail
2025-07-01 10:04:20 - Client info: , Platform: Windows, Groups: 9,369
2025-07-01 10:04:20 - Adding platform group 278 for client bal7azaRRR_          Ismail - SUCCESS
2025-07-01 10:05:02 - clientPlatform processing for: bal7azaRRR_          Ismail
2025-07-01 10:05:02 - Client info: , Platform: Windows, Groups: 9,369
2025-07-01 10:05:02 - Adding platform group 278 for client bal7azaRRR_          Ismail - SUCCESS
2025-07-01 10:05:05 - clientPlatform processing for: weow
2025-07-01 10:05:05 - Client info: , Platform: Windows, Groups: 266,377
2025-07-01 10:05:05 - Adding platform group 278 for client weow - SUCCESS
2025-07-01 10:07:24 - clientPlatform processing for: Kowismo
2025-07-01 10:07:24 - Client info: , Platform: Windows, Groups: 6,270,377,422
2025-07-01 10:07:24 - Adding platform group 278 for client Kowismo - SUCCESS
2025-07-01 10:11:55 - clientPlatform processing for: Rix
2025-07-01 10:11:55 - Client info: , Platform: Windows, Groups: 13,377
2025-07-01 10:11:55 - Adding platform group 278 for client Rix - SUCCESS
2025-07-01 10:58:43 - clientPlatform processing for: I ❤ US Rap Only
2025-07-01 10:58:43 - Client info: , Platform: Linux, Groups: 283
2025-07-01 10:58:43 - Adding platform group 279 for client I ❤ US Rap Only - SUCCESS
2025-07-01 11:02:01 - clientPlatform processing for: Angry
2025-07-01 11:02:01 - Client info: , Platform: Windows, Groups: 17,377
2025-07-01 11:02:01 - Adding platform group 278 for client Angry - SUCCESS
2025-07-01 11:10:35 - clientPlatform processing for: r1mmi
2025-07-01 11:10:35 - Client info: , Platform: Windows, Groups: 13,377
2025-07-01 11:10:35 - Adding platform group 278 for client r1mmi - SUCCESS
2025-07-01 11:11:25 - clientPlatform processing for: makpyn
2025-07-01 11:11:25 - Client info: , Platform: Windows, Groups: 266,377
2025-07-01 11:11:25 - Adding platform group 278 for client makpyn - SUCCESS
2025-07-01 11:14:55 - clientPlatform processing for: Druid Сrow 🦅
2025-07-01 11:14:55 - Client info: , Platform: Windows, Groups: 19,377
2025-07-01 11:14:55 - Adding platform group 278 for client Druid Сrow 🦅 - SUCCESS
2025-07-01 11:15:11 - clientPlatform processing for: fam0us
2025-07-01 11:15:11 - Client info: , Platform: Windows, Groups: 266,377
2025-07-01 11:15:11 - Adding platform group 278 for client fam0us - SUCCESS
2025-07-01 11:21:15 - clientPlatform processing for: vinsere
2025-07-01 11:21:15 - Client info: , Platform: Windows, Groups: 7
2025-07-01 11:21:15 - Adding platform group 278 for client vinsere - SUCCESS
2025-07-01 11:22:07 - clientPlatform processing for: yari4ok23423
2025-07-01 11:22:07 - Client info: , Platform: Windows, Groups: 10,369
2025-07-01 11:22:07 - Adding platform group 278 for client yari4ok23423 - SUCCESS
2025-07-01 11:24:58 - clientPlatform processing for: weaknesssx
2025-07-01 11:24:58 - Client info: , Platform: Windows, Groups: 7
2025-07-01 11:24:58 - Adding platform group 278 for client weaknesssx - SUCCESS
2025-07-01 11:30:29 - clientPlatform processing for: 6aldy_
2025-07-01 11:30:29 - Client info: , Platform: Windows, Groups: 15,377
2025-07-01 11:30:29 - Adding platform group 278 for client 6aldy_ - SUCCESS
2025-07-01 11:30:55 - clientPlatform processing for: artikn
2025-07-01 11:30:55 - Client info: , Platform: Windows, Groups: 264,377
2025-07-01 11:30:55 - Adding platform group 278 for client artikn - SUCCESS
2025-07-01 11:44:22 - clientPlatform processing for: AlvaRoniX$
2025-07-01 11:44:22 - Client info: , Platform: Windows, Groups: 33,161,377
2025-07-01 11:44:22 - Adding platform group 278 for client AlvaRoniX$ - SUCCESS
2025-07-01 11:59:19 - clientPlatform processing for: shinigami
2025-07-01 11:59:19 - Client info: , Platform: Windows, Groups: 25,377,381,383,385
2025-07-01 11:59:19 - Adding platform group 278 for client shinigami - SUCCESS
2025-07-01 12:08:05 - clientPlatform processing for: sadada
2025-07-01 12:08:05 - Client info: , Platform: Windows, Groups: 14,377
2025-07-01 12:08:05 - Adding platform group 278 for client sadada - SUCCESS
2025-07-01 12:10:09 - clientPlatform processing for: 123
2025-07-01 12:10:09 - Client info: , Platform: Windows, Groups: 14,377
2025-07-01 12:10:09 - Adding platform group 278 for client 123 - SUCCESS
2025-07-01 12:14:42 - clientPlatform processing for: LADRON
2025-07-01 12:14:42 - Client info: , Platform: Windows, Groups: 266,377
2025-07-01 12:14:42 - Adding platform group 278 for client LADRON - SUCCESS
2025-07-01 12:37:03 - clientPlatform processing for: AyKonn
2025-07-01 12:37:03 - Client info: , Platform: Windows, Groups: 15,377
2025-07-01 12:37:03 - Adding platform group 278 for client AyKonn - SUCCESS
2025-07-01 12:40:34 - clientPlatform processing for: Men4
2025-07-01 12:40:34 - Client info: , Platform: Windows, Groups: 10,369
2025-07-01 12:40:34 - Adding platform group 278 for client Men4 - SUCCESS
2025-07-01 12:44:17 - clientPlatform processing for: BIGYURI
2025-07-01 12:44:17 - Client info: , Platform: Windows, Groups: 14,377
2025-07-01 12:44:17 - Adding platform group 278 for client BIGYURI - SUCCESS
2025-07-01 12:53:18 - clientPlatform processing for: SYRUSSS
2025-07-01 12:53:18 - Client info: , Platform: Windows, Groups: 17,377
2025-07-01 12:53:18 - Adding platform group 278 for client SYRUSSS - SUCCESS
2025-07-01 12:58:48 - clientPlatform processing for: k479pul74
2025-07-01 12:58:48 - Client info: , Platform: Windows, Groups: 11,377
2025-07-01 12:58:48 - Adding platform group 278 for client k479pul74 - SUCCESS
2025-07-01 13:11:37 - clientPlatform processing for: devl1
2025-07-01 13:11:37 - Client info: , Platform: Windows, Groups: 266,377
2025-07-01 13:11:37 - Adding platform group 278 for client devl1 - SUCCESS
2025-07-01 13:16:14 - clientPlatform processing for: EBUDanila
2025-07-01 13:16:14 - Client info: , Platform: Windows, Groups: 7
2025-07-01 13:16:14 - Adding platform group 278 for client EBUDanila - SUCCESS
2025-07-01 13:16:58 - clientPlatform processing for: EJEX
2025-07-01 13:16:58 - Client info: , Platform: Windows, Groups: 12,377
2025-07-01 13:16:58 - Adding platform group 278 for client EJEX - SUCCESS
2025-07-01 13:20:29 - clientPlatform processing for: hamza
2025-07-01 13:20:29 - Client info: , Platform: Windows, Groups: 14,377
2025-07-01 13:20:29 - Adding platform group 278 for client hamza - SUCCESS
2025-07-01 13:20:37 - clientPlatform processing for: hamza
2025-07-01 13:20:37 - Client info: , Platform: Windows, Groups: 14,377
2025-07-01 13:20:37 - Adding platform group 278 for client hamza - SUCCESS
2025-07-01 13:20:43 - clientPlatform processing for: hamza
2025-07-01 13:20:43 - Client info: , Platform: Windows, Groups: 14,377
2025-07-01 13:20:43 - Adding platform group 278 for client hamza - SUCCESS
2025-07-01 13:36:29 - clientPlatform processing for: ayko
2025-07-01 13:36:29 - Client info: , Platform: Windows, Groups: 14,377
2025-07-01 13:36:29 - Adding platform group 278 for client ayko - SUCCESS
2025-07-01 13:46:50 - clientPlatform processing for: non stop let's goooo
2025-07-01 13:46:50 - Client info: , Platform: Windows, Groups: 7
2025-07-01 13:46:50 - Adding platform group 278 for client non stop let's goooo - SUCCESS
2025-07-01 13:47:08 - clientPlatform processing for: Rix
2025-07-01 13:47:08 - Client info: , Platform: Windows, Groups: 13,377
2025-07-01 13:47:08 - Adding platform group 278 for client Rix - SUCCESS
2025-07-01 13:49:42 - clientPlatform processing for: MC durak
2025-07-01 13:49:42 - Client info: , Platform: Windows, Groups: 266,377
2025-07-01 13:49:42 - Adding platform group 278 for client MC durak - SUCCESS
2025-07-01 13:50:35 - clientPlatform processing for: ivansultan
2025-07-01 13:50:35 - Client info: , Platform: Windows, Groups: 265,377
2025-07-01 13:50:35 - Adding platform group 278 for client ivansultan - SUCCESS
2025-07-01 13:53:02 - clientPlatform processing for: Mr..Fury
2025-07-01 13:53:02 - Client info: , Platform: Windows, Groups: 18,377
2025-07-01 13:53:02 - Adding platform group 278 for client Mr..Fury - SUCCESS
2025-07-01 13:53:23 - clientPlatform processing for: nam
2025-07-01 13:53:23 - Client info: , Platform: Windows, Groups: 266,377
2025-07-01 13:53:23 - Adding platform group 278 for client nam - SUCCESS
2025-07-01 13:53:29 - clientPlatform processing for: nam
2025-07-01 13:53:29 - Client info: , Platform: Windows, Groups: 266,377
2025-07-01 13:53:29 - Adding platform group 278 for client nam - SUCCESS
2025-07-01 13:53:30 - clientPlatform processing for: MATAN
2025-07-01 13:53:30 - Client info: , Platform: Windows, Groups: 266,377
2025-07-01 13:53:30 - Adding platform group 278 for client MATAN - SUCCESS
2025-07-01 13:53:53 - clientPlatform processing for: nam
2025-07-01 13:53:53 - Client info: , Platform: Windows, Groups: 266,278,301,377,435
2025-07-01 13:53:53 - Client already has platform group 278
2025-07-01 13:54:31 - clientPlatform processing for: TeamSpeakUser
2025-07-01 13:54:31 - Client info: , Platform: Windows, Groups: 14,377
2025-07-01 13:54:31 - Adding platform group 278 for client TeamSpeakUser - SUCCESS
2025-07-01 13:55:56 - clientPlatform processing for: carrry3
2025-07-01 13:55:56 - Client info: , Platform: Windows, Groups: 7
2025-07-01 13:55:56 - Adding platform group 278 for client carrry3 - SUCCESS
2025-07-01 14:08:27 - clientPlatform processing for: kaiizenn
2025-07-01 14:08:27 - Client info: , Platform: Windows, Groups: 26,377,382,399,400,436,437
2025-07-01 14:08:27 - Adding platform group 278 for client kaiizenn - SUCCESS
2025-07-01 14:11:54 - clientPlatform processing for: billy nogami
2025-07-01 14:11:54 - Client info: , Platform: Windows, Groups: 266,377
2025-07-01 14:11:54 - Adding platform group 278 for client billy nogami - SUCCESS
2025-07-01 14:14:22 - clientPlatform processing for: MATAN
2025-07-01 14:14:22 - Client info: , Platform: Windows, Groups: 266,377
2025-07-01 14:14:22 - Adding platform group 278 for client MATAN - SUCCESS
2025-07-01 14:14:24 - clientPlatform processing for: MATAN
2025-07-01 14:14:24 - Client info: , Platform: Windows, Groups: 266,377
2025-07-01 14:14:24 - Group already assigned (detected from error), skipping
2025-07-01 14:14:24 - Adding platform group 278 for client MATAN - SUCCESS
2025-07-01 14:14:26 - clientPlatform processing for: MATAN
2025-07-01 14:14:26 - Client info: , Platform: Windows, Groups: 266,377
2025-07-01 14:14:26 - Group already assigned (detected from error), skipping
2025-07-01 14:14:26 - Adding platform group 278 for client MATAN - SUCCESS
2025-07-01 14:17:30 - clientPlatform processing for: !CHIVAS                 Ali
2025-07-01 14:17:30 - Client info: , Platform: Windows, Groups: 11,369
2025-07-01 14:17:30 - Adding platform group 278 for client !CHIVAS                 Ali - SUCCESS
2025-07-01 14:19:49 - clientPlatform processing for: non stop let's goooo
2025-07-01 14:19:49 - Client info: , Platform: Windows, Groups: 8,369
2025-07-01 14:19:49 - Adding platform group 278 for client non stop let's goooo - SUCCESS
2025-07-01 14:22:02 - clientPlatform processing for: MATAN
2025-07-01 14:22:02 - Client info: , Platform: Windows, Groups: 266,377
2025-07-01 14:22:02 - Adding platform group 278 for client MATAN - SUCCESS
2025-07-01 14:23:28 - clientPlatform processing for: Rix
2025-07-01 14:23:28 - Client info: , Platform: Windows, Groups: 13,377
2025-07-01 14:23:28 - Adding platform group 278 for client Rix - SUCCESS
2025-07-01 14:23:44 - clientPlatform processing for: EJEX
2025-07-01 14:23:44 - Client info: , Platform: Windows, Groups: 12,377
2025-07-01 14:23:44 - Adding platform group 278 for client EJEX - SUCCESS
2025-07-01 14:26:16 - clientPlatform processing for: penis
2025-07-01 14:26:16 - Client info: , Platform: Windows, Groups: 10,17,377
2025-07-01 14:26:16 - Adding platform group 278 for client penis - SUCCESS
2025-07-01 14:27:33 - clientPlatform processing for: KvaKing95
2025-07-01 14:27:33 - Client info: , Platform: Windows, Groups: 17,377
2025-07-01 14:27:33 - Adding platform group 278 for client KvaKing95 - SUCCESS
2025-07-01 14:30:37 - clientPlatform processing for: -REVA-
2025-07-01 14:30:37 - Client info: , Platform: Windows, Groups: 17,377
2025-07-01 14:30:37 - Adding platform group 278 for client -REVA- - SUCCESS
2025-07-01 14:36:12 - clientPlatform processing for: ayko
2025-07-01 14:36:12 - Client info: , Platform: Windows, Groups: 14,377
2025-07-01 14:36:12 - Adding platform group 278 for client ayko - SUCCESS
2025-07-01 14:46:49 - clientPlatform processing for: TeamSpeakUser1
2025-07-01 14:46:49 - Client info: , Platform: Windows, Groups: 7
2025-07-01 14:46:49 - Adding platform group 278 for client TeamSpeakUser1 - SUCCESS
2025-07-01 14:57:05 - clientPlatform processing for: LADRON
2025-07-01 14:57:05 - Client info: , Platform: Windows, Groups: 266,377
2025-07-01 14:57:05 - Adding platform group 278 for client LADRON - SUCCESS
2025-07-01 15:08:31 - clientPlatform processing for: TeamSpeakUser
2025-07-01 15:08:31 - Client info: , Platform: Windows, Groups: 9,369
2025-07-01 15:08:31 - Adding platform group 278 for client TeamSpeakUser - SUCCESS
2025-07-01 15:09:44 - clientPlatform processing for: hard
2025-07-01 15:09:44 - Client info: , Platform: Windows, Groups: 9,369
2025-07-01 15:09:44 - Adding platform group 278 for client hard - SUCCESS
2025-07-01 15:10:32 - clientPlatform processing for: Platonuch_UA
2025-07-01 15:10:32 - Client info: , Platform: Windows, Groups: 20,377
2025-07-01 15:10:32 - Adding platform group 278 for client Platonuch_UA - SUCCESS
2025-07-01 15:17:17 - clientPlatform processing for: jajao
2025-07-01 15:17:17 - Client info: , Platform: Windows, Groups: 264,377
2025-07-01 15:17:17 - Adding platform group 278 for client jajao - SUCCESS
2025-07-01 15:17:21 - clientPlatform processing for: m1sspit4boa
2025-07-01 15:17:21 - Client info: , Platform: Windows, Groups: 13,377
2025-07-01 15:17:21 - Adding platform group 278 for client m1sspit4boa - SUCCESS
2025-07-01 15:17:46 - clientPlatform processing for: ivo
2025-07-01 15:17:46 - Client info: , Platform: Windows, Groups: 14,377
2025-07-01 15:17:46 - Adding platform group 278 for client ivo - SUCCESS
2025-07-01 15:20:56 - clientPlatform processing for: M4ODA
2025-07-01 15:20:56 - Client info: , Platform: Windows, Groups: 14,377
2025-07-01 15:20:56 - Adding platform group 278 for client M4ODA - SUCCESS
2025-07-01 15:29:28 - clientPlatform processing for: R6M4IN
2025-07-01 15:29:28 - Client info: , Platform: Windows, Groups: 17,377
2025-07-01 15:29:28 - Adding platform group 278 for client R6M4IN - SUCCESS
2025-07-01 15:49:13 - clientPlatform processing for: !                 devran
2025-07-01 15:49:13 - Client info: , Platform: Windows, Groups: 9,369
2025-07-01 15:49:13 - Adding platform group 278 for client !                 devran - SUCCESS
2025-07-01 15:57:13 - clientPlatform processing for: 4iff
2025-07-01 15:57:13 - Client info: , Platform: Windows, Groups: 22,377
2025-07-01 15:57:13 - Adding platform group 278 for client 4iff - SUCCESS
2025-07-01 16:02:31 - clientPlatform processing for: deschka
2025-07-01 16:02:31 - Client info: , Platform: Windows, Groups: 266,377
2025-07-01 16:02:31 - Adding platform group 278 for client deschka - SUCCESS
2025-07-01 16:08:49 - clientPlatform processing for: Jabberson
2025-07-01 16:08:49 - Client info: , Platform: Windows, Groups: 17,377
2025-07-01 16:08:49 - Adding platform group 278 for client Jabberson - SUCCESS
2025-07-01 16:12:28 - clientPlatform processing for: krsto
2025-07-01 16:12:28 - Client info: , Platform: Windows, Groups: 13,377
2025-07-01 16:12:28 - Adding platform group 278 for client krsto - SUCCESS
2025-07-01 16:12:57 - clientPlatform processing for: krsto
2025-07-01 16:12:57 - Client info: , Platform: Windows, Groups: 13,377
2025-07-01 16:12:57 - Adding platform group 278 for client krsto - SUCCESS
2025-07-01 16:16:39 - clientPlatform processing for: Majkel Jekson
2025-07-01 16:16:39 - Client info: , Platform: Windows, Groups: 12,377
2025-07-01 16:16:39 - Adding platform group 278 for client Majkel Jekson - SUCCESS
2025-07-01 16:19:16 - clientPlatform processing for: tenshin_non
2025-07-01 16:19:16 - Client info: , Platform: Windows, Groups: 18,377
2025-07-01 16:19:16 - Adding platform group 278 for client tenshin_non - SUCCESS
2025-07-01 16:20:24 - clientPlatform processing for: ph0x
2025-07-01 16:20:24 - Client info: , Platform: Windows, Groups: 266,377
2025-07-01 16:20:24 - Adding platform group 278 for client ph0x - SUCCESS
2025-07-01 16:23:24 - clientPlatform processing for: zui
2025-07-01 16:23:24 - Client info: , Platform: Windows, Groups: 266,377
2025-07-01 16:23:24 - Adding platform group 278 for client zui - SUCCESS
2025-07-01 16:26:00 - clientPlatform processing for: Richard_TH
2025-07-01 16:26:00 - Client info: , Platform: Windows, Groups: 18,377
2025-07-01 16:26:01 - Adding platform group 278 for client Richard_TH - SUCCESS
2025-07-01 16:30:30 - clientPlatform processing for: ph0x
2025-07-01 16:30:30 - Client info: , Platform: Windows, Groups: 266,377
2025-07-01 16:30:30 - Adding platform group 278 for client ph0x - SUCCESS
2025-07-01 16:32:54 - clientPlatform processing for: namja
2025-07-01 16:32:54 - Client info: , Platform: Windows, Groups: 266,377
2025-07-01 16:32:54 - Adding platform group 278 for client namja - SUCCESS
2025-07-01 16:33:11 - clientPlatform processing for: MATAN
2025-07-01 16:33:11 - Client info: , Platform: Windows, Groups: 266,377
2025-07-01 16:33:11 - Adding platform group 278 for client MATAN - SUCCESS
2025-07-01 16:33:48 - clientPlatform processing for: oofffcsda
2025-07-01 16:33:48 - Client info: , Platform: iOS, Groups: 7
2025-07-01 16:33:48 - Adding platform group 281 for client oofffcsda - SUCCESS
2025-07-01 16:34:09 - clientPlatform processing for: Pol'zovatel'
2025-07-01 16:34:09 - Client info: , Platform: Windows, Groups: 18,377
2025-07-01 16:34:09 - Adding platform group 278 for client Pol'zovatel' - SUCCESS
2025-07-01 16:35:15 - clientPlatform processing for: middlemd
2025-07-01 16:35:15 - Client info: , Platform: Windows, Groups: 17,377
2025-07-01 16:35:15 - Adding platform group 278 for client middlemd - SUCCESS
2025-07-01 16:38:51 - clientPlatform processing for: ICE-T
2025-07-01 16:38:51 - Client info: , Platform: Windows, Groups: 7
2025-07-01 16:38:51 - Adding platform group 278 for client ICE-T - SUCCESS
2025-07-01 16:42:09 - clientPlatform processing for: aeRR
2025-07-01 16:42:09 - Client info: , Platform: Windows, Groups: 263,377
2025-07-01 16:42:09 - Adding platform group 278 for client aeRR - SUCCESS
2025-07-01 16:42:22 - clientPlatform processing for: k1nterro
2025-07-01 16:42:22 - Client info: , Platform: Windows, Groups: 266,377
2025-07-01 16:42:22 - Adding platform group 278 for client k1nterro - SUCCESS
2025-07-01 16:48:21 - clientPlatform processing for: middlemd
2025-07-01 16:48:21 - Client info: , Platform: Windows, Groups: 17,377
2025-07-01 16:48:21 - Adding platform group 278 for client middlemd - SUCCESS
2025-07-01 16:50:28 - clientPlatform processing for: parzi
2025-07-01 16:50:28 - Client info: , Platform: Windows, Groups: 17,377
2025-07-01 16:50:28 - Adding platform group 278 for client parzi - SUCCESS
2025-07-01 16:57:28 - clientPlatform processing for: Namjaj
2025-07-01 16:57:28 - Client info: , Platform: iOS, Groups: 8,369
2025-07-01 16:57:28 - Adding platform group 281 for client Namjaj - SUCCESS
2025-07-01 17:05:45 - clientPlatform processing for: Gosh
2025-07-01 17:05:45 - Client info: , Platform: Windows, Groups: 17,377
2025-07-01 17:05:45 - Adding platform group 278 for client Gosh - SUCCESS
2025-07-01 17:09:45 - clientPlatform processing for: Ghost
2025-07-01 17:09:45 - Client info: , Platform: Windows, Groups: 19,377
2025-07-01 17:09:45 - Adding platform group 278 for client Ghost - SUCCESS
2025-07-01 17:13:47 - clientPlatform processing for: morty
2025-07-01 17:13:47 - Client info: , Platform: Windows, Groups: 10,369
2025-07-01 17:13:47 - Adding platform group 278 for client morty - SUCCESS
2025-07-01 17:14:01 - clientPlatform processing for: Amirali
2025-07-01 17:14:01 - Client info: , Platform: Windows, Groups: 13,377
2025-07-01 17:14:01 - Adding platform group 278 for client Amirali - SUCCESS
2025-07-01 17:14:02 - clientPlatform processing for: Amirali
2025-07-01 17:14:02 - Client info: , Platform: Windows, Groups: 13,377
2025-07-01 17:14:02 - Group already assigned (detected from error), skipping
2025-07-01 17:14:02 - Adding platform group 278 for client Amirali - SUCCESS
2025-07-01 17:14:02 - clientPlatform processing for: Amirali
2025-07-01 17:14:02 - Client info: , Platform: Windows, Groups: 13,377
2025-07-01 17:14:02 - Group already assigned (detected from error), skipping
2025-07-01 17:14:02 - Adding platform group 278 for client Amirali - SUCCESS
2025-07-01 17:14:07 - clientPlatform processing for: d3d9x
2025-07-01 17:14:07 - Client info: , Platform: Windows, Groups: 264,377
2025-07-01 17:14:07 - Adding platform group 278 for client d3d9x - SUCCESS
2025-07-01 17:14:09 - clientPlatform processing for: Breaking Legs
2025-07-01 17:14:09 - Client info: , Platform: Windows, Groups: 9,369
2025-07-01 17:14:09 - Adding platform group 278 for client Breaking Legs - SUCCESS
2025-07-01 17:15:25 - clientPlatform processing for: ma1tsev
2025-07-01 17:15:25 - Client info: , Platform: Windows, Groups: 264,377
2025-07-01 17:15:25 - Adding platform group 278 for client ma1tsev - SUCCESS
2025-07-01 17:16:05 - clientPlatform processing for: morty
2025-07-01 17:16:05 - Client info: , Platform: Windows, Groups: 10,369
2025-07-01 17:16:05 - Adding platform group 278 for client morty - SUCCESS
2025-07-01 17:16:35 - clientPlatform processing for: morty
2025-07-01 17:16:35 - Client info: , Platform: Windows, Groups: 10,369
2025-07-01 17:16:35 - Adding platform group 278 for client morty - SUCCESS
2025-07-01 17:18:29 - clientPlatform processing for: __illlia__
2025-07-01 17:18:29 - Client info: , Platform: iOS, Groups: 15,377
2025-07-01 17:18:29 - Adding platform group 281 for client __illlia__ - SUCCESS
2025-07-01 17:20:26 - clientPlatform processing for: SmaD
2025-07-01 17:20:26 - Client info: , Platform: Windows, Groups: 14,377
2025-07-01 17:20:26 - Adding platform group 278 for client SmaD - SUCCESS
2025-07-01 17:27:49 - clientPlatform processing for: ahmet
2025-07-01 17:27:49 - Client info: , Platform: Windows, Groups: 12,377
2025-07-01 17:27:49 - Adding platform group 278 for client ahmet - SUCCESS
2025-07-01 17:28:38 - clientPlatform processing for: шароёб
2025-07-01 17:28:38 - Client info: , Platform: Windows, Groups: 263,377
2025-07-01 17:28:38 - Adding platform group 278 for client шароёб - SUCCESS
2025-07-01 17:33:56 - clientPlatform processing for: DIMAX
2025-07-01 17:33:56 - Client info: , Platform: Windows, Groups: 266,377
2025-07-01 17:33:56 - Adding platform group 278 for client DIMAX - SUCCESS
2025-07-01 17:33:57 - clientPlatform processing for: kagixxx
2025-07-01 17:33:57 - Client info: , Platform: Windows, Groups: 266,377
2025-07-01 17:33:57 - Adding platform group 278 for client kagixxx - SUCCESS
2025-07-01 17:34:13 - clientPlatform processing for: __illlia__
2025-07-01 17:34:13 - Client info: , Platform: iOS, Groups: 15,377
2025-07-01 17:34:13 - Adding platform group 281 for client __illlia__ - SUCCESS
2025-07-01 17:34:13 - clientPlatform processing for: __illlia__
2025-07-01 17:34:13 - Client info: , Platform: iOS, Groups: 15,377
2025-07-01 17:34:13 - Group already assigned (detected from error), skipping
2025-07-01 17:34:13 - Adding platform group 281 for client __illlia__ - SUCCESS
2025-07-01 17:34:14 - clientPlatform processing for: __illlia__
2025-07-01 17:34:14 - Client info: , Platform: iOS, Groups: 15,377
2025-07-01 17:34:14 - Group already assigned (detected from error), skipping
2025-07-01 17:34:14 - Adding platform group 281 for client __illlia__ - SUCCESS
2025-07-01 17:35:47 - clientPlatform processing for: Leijonuss
2025-07-01 17:35:47 - Client info: , Platform: Windows, Groups: 10,369
2025-07-01 17:35:47 - Adding platform group 278 for client Leijonuss - SUCCESS
2025-07-01 17:35:48 - clientPlatform processing for: burak145349
2025-07-01 17:35:48 - Client info: , Platform: Windows, Groups: 9,369
2025-07-01 17:35:48 - Adding platform group 278 for client burak145349 - SUCCESS
2025-07-01 17:35:53 - clientPlatform processing for: vata
2025-07-01 17:35:53 - Client info: , Platform: Windows, Groups: 17,377
2025-07-01 17:35:53 - Adding platform group 278 for client vata - SUCCESS
2025-07-01 17:36:02 - clientPlatform processing for: myarz
2025-07-01 17:36:02 - Client info: , Platform: Windows, Groups: 264,377
2025-07-01 17:36:02 - Adding platform group 278 for client myarz - SUCCESS
2025-07-01 17:36:42 - clientPlatform processing for: saulov
2025-07-01 17:36:42 - Client info: , Platform: Windows, Groups: 266,377
2025-07-01 17:36:42 - Adding platform group 278 for client saulov - SUCCESS
2025-07-01 17:37:13 - clientPlatform processing for: INSANE
2025-07-01 17:37:13 - Client info: , Platform: Windows, Groups: 263,377
2025-07-01 17:37:13 - Adding platform group 278 for client INSANE - SUCCESS
2025-07-01 17:38:26 - clientPlatform processing for: Tufix
2025-07-01 17:38:26 - Client info: , Platform: Windows, Groups: 17,377
2025-07-01 17:38:26 - Adding platform group 278 for client Tufix - SUCCESS
2025-07-01 17:39:38 - clientPlatform processing for: ZeyphiZ
2025-07-01 17:39:38 - Client info: , Platform: Windows, Groups: 265,377
2025-07-01 17:39:38 - Adding platform group 278 for client ZeyphiZ - SUCCESS
2025-07-01 17:39:48 - clientPlatform processing for: awegawg
2025-07-01 17:39:48 - Client info: , Platform: Windows, Groups: 17,377
2025-07-01 17:39:48 - Adding platform group 278 for client awegawg - SUCCESS
2025-07-01 17:40:01 - clientPlatform processing for: kagixxx
2025-07-01 17:40:01 - Client info: , Platform: Windows, Groups: 266,377
2025-07-01 17:40:01 - Adding platform group 278 for client kagixxx - SUCCESS
2025-07-01 17:41:43 - clientPlatform processing for: deschka
2025-07-01 17:41:43 - Client info: , Platform: Windows, Groups: 266,377
2025-07-01 17:41:43 - Adding platform group 278 for client deschka - SUCCESS
2025-07-01 17:42:58 - clientPlatform processing for: pzdcvsenikizanyati
2025-07-01 17:42:58 - Client info: , Platform: Windows, Groups: 19,377
2025-07-01 17:42:58 - Adding platform group 278 for client pzdcvsenikizanyati - SUCCESS
2025-07-01 17:44:16 - clientPlatform processing for: w1nd1x
2025-07-01 17:44:16 - Client info: , Platform: Windows, Groups: 266,377
2025-07-01 17:44:16 - Adding platform group 278 for client w1nd1x - SUCCESS
2025-07-01 17:48:05 - clientPlatform processing for: KADİR-
2025-07-01 17:48:05 - Client info: , Platform: Windows, Groups: 7
2025-07-01 17:48:05 - Adding platform group 278 for client KADİR- - SUCCESS
2025-07-01 17:48:26 - clientPlatform processing for: JustBrainRU
2025-07-01 17:48:26 - Client info: , Platform: Windows, Groups: 15,377
2025-07-01 17:48:26 - Adding platform group 278 for client JustBrainRU - SUCCESS
2025-07-01 17:48:38 - clientPlatform processing for: KADİR-
2025-07-01 17:48:38 - Client info: , Platform: Windows, Groups: 8,369
2025-07-01 17:48:38 - Adding platform group 278 for client KADİR- - SUCCESS
2025-07-01 17:49:11 - clientPlatform processing for: xyecoc
2025-07-01 17:49:11 - Client info: , Platform: Windows, Groups: 17,377
2025-07-01 17:49:11 - Adding platform group 278 for client xyecoc - SUCCESS
2025-07-01 17:51:05 - clientPlatform processing for: ahmet
2025-07-01 17:51:05 - Client info: , Platform: Windows, Groups: 12,377
2025-07-01 17:51:05 - Adding platform group 278 for client ahmet - SUCCESS
2025-07-01 17:51:49 - clientPlatform processing for: Потужний Фід
2025-07-01 17:51:49 - Client info: , Platform: Windows, Groups: 263,377
2025-07-01 17:51:49 - Adding platform group 278 for client Потужний Фід - SUCCESS
2025-07-01 17:52:50 - clientPlatform processing for: Zaglot_Vandam1
2025-07-01 17:52:50 - Client info: , Platform: Windows, Groups: 13,377
2025-07-01 17:52:50 - Adding platform group 278 for client Zaglot_Vandam1 - SUCCESS
2025-07-01 17:54:25 - clientPlatform processing for: ayz1n
2025-07-01 17:54:25 - Client info: , Platform: Windows, Groups: 265,377
2025-07-01 17:54:25 - Adding platform group 278 for client ayz1n - SUCCESS
2025-07-01 17:55:26 - clientPlatform processing for: gokos
2025-07-01 17:55:26 - Client info: , Platform: Windows, Groups: 265,377
2025-07-01 17:55:26 - Adding platform group 278 for client gokos - SUCCESS
2025-07-01 17:58:07 - clientPlatform processing for: HUESOS
2025-07-01 17:58:07 - Client info: , Platform: Windows, Groups: 264,377
2025-07-01 17:58:07 - Adding platform group 278 for client HUESOS - SUCCESS
2025-07-01 17:58:44 - clientPlatform processing for: gokos
2025-07-01 17:58:44 - Client info: , Platform: Windows, Groups: 265,377
2025-07-01 17:58:44 - Adding platform group 278 for client gokos - SUCCESS
2025-07-01 18:02:55 - clientPlatform processing for: mishechcaty
2025-07-01 18:02:55 - Client info: , Platform: Windows, Groups: 265,377
2025-07-01 18:02:55 - Adding platform group 278 for client mishechcaty - SUCCESS
2025-07-01 18:03:11 - clientPlatform processing for: !CHIVAS                 Ali
2025-07-01 18:03:11 - Client info: , Platform: Windows, Groups: 11,369
2025-07-01 18:03:11 - Adding platform group 278 for client !CHIVAS                 Ali - SUCCESS
2025-07-01 18:04:15 - clientPlatform processing for: morty
2025-07-01 18:04:15 - Client info: , Platform: Windows, Groups: 10,369
2025-07-01 18:04:15 - Adding platform group 278 for client morty - SUCCESS
2025-07-01 18:04:33 - clientPlatform processing for: trener
2025-07-01 18:04:33 - Client info: , Platform: Windows, Groups: 12,377
2025-07-01 18:04:33 - Adding platform group 278 for client trener - SUCCESS
2025-07-01 18:05:28 - clientPlatform processing for: gokos
2025-07-01 18:05:28 - Client info: , Platform: Windows, Groups: 265,377
2025-07-01 18:05:28 - Adding platform group 278 for client gokos - SUCCESS
2025-07-01 18:07:04 - clientPlatform processing for: ma1tsev
2025-07-01 18:07:04 - Client info: , Platform: Windows, Groups: 264,377
2025-07-01 18:07:04 - Adding platform group 278 for client ma1tsev - SUCCESS
2025-07-01 18:08:28 - clientPlatform processing for: Даня
2025-07-01 18:08:28 - Client info: , Platform: Windows, Groups: 265,377
2025-07-01 18:08:28 - Adding platform group 278 for client Даня - SUCCESS
2025-07-01 18:09:30 - clientPlatform processing for: ahmet
2025-07-01 18:09:30 - Client info: , Platform: Windows, Groups: 12,377
2025-07-01 18:09:30 - Adding platform group 278 for client ahmet - SUCCESS
2025-07-01 18:11:13 - clientPlatform processing for: oneup47
2025-07-01 18:11:13 - Client info: , Platform: Windows, Groups: 14,377
2025-07-01 18:11:13 - Adding platform group 278 for client oneup47 - SUCCESS
2025-07-01 18:13:22 - clientPlatform processing for: isekai
2025-07-01 18:13:22 - Client info: , Platform: Windows, Groups: 264,377
2025-07-01 18:13:22 - Adding platform group 278 for client isekai - SUCCESS
2025-07-01 18:15:22 - clientPlatform processing for: _Sanitol_
2025-07-01 18:15:22 - Client info: , Platform: Windows, Groups: 9,369
2025-07-01 18:15:22 - Adding platform group 278 for client _Sanitol_ - SUCCESS
2025-07-01 18:18:33 - clientPlatform processing for: babanız
2025-07-01 18:18:33 - Client info: , Platform: Windows, Groups: 266,377
2025-07-01 18:18:33 - Adding platform group 278 for client babanız - SUCCESS
2025-07-01 18:18:56 - clientPlatform processing for: __illlia__
2025-07-01 18:18:56 - Client info: , Platform: iOS, Groups: 15,377
2025-07-01 18:18:56 - Adding platform group 281 for client __illlia__ - SUCCESS
2025-07-01 18:21:55 - clientPlatform processing for: r1mmi
2025-07-01 18:21:55 - Client info: , Platform: Windows, Groups: 13,377
2025-07-01 18:21:55 - Adding platform group 278 for client r1mmi - SUCCESS
2025-07-01 18:21:57 - clientPlatform processing for: fam0us
2025-07-01 18:21:57 - Client info: , Platform: Windows, Groups: 266,377
2025-07-01 18:21:57 - Adding platform group 278 for client fam0us - SUCCESS
2025-07-01 18:22:13 - clientPlatform processing for: erik
2025-07-01 18:22:13 - Client info: , Platform: Windows, Groups: 266,377
2025-07-01 18:22:13 - Adding platform group 278 for client erik - SUCCESS
2025-07-01 18:28:38 - clientPlatform processing for: Monster_PP
2025-07-01 18:28:38 - Client info: , Platform: Windows, Groups: 12,377
2025-07-01 18:28:38 - Adding platform group 278 for client Monster_PP - SUCCESS
2025-07-01 18:30:41 - clientPlatform processing for: parzi
2025-07-01 18:30:41 - Client info: , Platform: Windows, Groups: 17,377
2025-07-01 18:30:41 - Adding platform group 278 for client parzi - SUCCESS
2025-07-01 18:32:14 - clientPlatform processing for: sasha
2025-07-01 18:32:14 - Client info: , Platform: Windows, Groups: 263,377
2025-07-01 18:32:14 - Adding platform group 278 for client sasha - SUCCESS
2025-07-01 18:32:33 - clientPlatform processing for: awegawg
2025-07-01 18:32:33 - Client info: , Platform: Windows, Groups: 17,377
2025-07-01 18:32:33 - Adding platform group 278 for client awegawg - SUCCESS
2025-07-01 18:33:09 - clientPlatform processing for: nbnbn
2025-07-01 18:33:09 - Client info: , Platform: Windows, Groups: 265,377
2025-07-01 18:33:09 - Adding platform group 278 for client nbnbn - SUCCESS
2025-07-01 18:33:58 - clientPlatform processing for: verdi
2025-07-01 18:33:58 - Client info: , Platform: Windows, Groups: 17,377
2025-07-01 18:33:58 - Adding platform group 278 for client verdi - SUCCESS
2025-07-01 18:35:22 - clientPlatform processing for: gokos
2025-07-01 18:35:22 - Client info: , Platform: Windows, Groups: 265,377
2025-07-01 18:35:22 - Adding platform group 278 for client gokos - SUCCESS
2025-07-01 18:38:56 - clientPlatform processing for: Avrelius33
2025-07-01 18:38:56 - Client info: , Platform: Windows, Groups: 263,377
2025-07-01 18:38:56 - Adding platform group 278 for client Avrelius33 - SUCCESS
2025-07-01 18:39:53 - clientPlatform processing for: alikexie
2025-07-01 18:39:53 - Client info: , Platform: Windows, Groups: 14,377
2025-07-01 18:39:53 - Adding platform group 278 for client alikexie - SUCCESS
2025-07-01 18:41:20 - clientPlatform processing for: k479pul74
2025-07-01 18:41:20 - Client info: , Platform: Windows, Groups: 12,377
2025-07-01 18:41:20 - Adding platform group 278 for client k479pul74 - SUCCESS
2025-07-01 18:41:56 - clientPlatform processing for: SPY
2025-07-01 18:41:56 - Client info: , Platform: Windows, Groups: 266,377
2025-07-01 18:41:56 - Adding platform group 278 for client SPY - SUCCESS
2025-07-01 18:44:25 - clientPlatform processing for: 1234
2025-07-01 18:44:25 - Client info: , Platform: Windows, Groups: 18,377
2025-07-01 18:44:25 - Adding platform group 278 for client 1234 - SUCCESS
2025-07-01 18:44:54 - clientPlatform processing for: EJEX
2025-07-01 18:44:54 - Client info: , Platform: Windows, Groups: 12,377
2025-07-01 18:44:54 - Adding platform group 278 for client EJEX - SUCCESS
2025-07-01 18:45:13 - clientPlatform processing for: Breaking Legs
2025-07-01 18:45:13 - Client info: , Platform: Windows, Groups: 9,369
2025-07-01 18:45:13 - Adding platform group 278 for client Breaking Legs - SUCCESS
2025-07-01 18:47:24 - clientPlatform processing for: germancoxx
2025-07-01 18:47:24 - Client info: , Platform: Windows, Groups: 13,377
2025-07-01 18:47:24 - Adding platform group 278 for client germancoxx - SUCCESS
2025-07-01 18:49:35 - clientPlatform processing for: artikn
2025-07-01 18:49:35 - Client info: , Platform: Windows, Groups: 264,377
2025-07-01 18:49:35 - Adding platform group 278 for client artikn - SUCCESS
2025-07-01 18:54:35 - clientPlatform processing for: sadada
2025-07-01 18:54:35 - Client info: , Platform: Windows, Groups: 14,377
2025-07-01 18:54:35 - Adding platform group 278 for client sadada - SUCCESS
2025-07-01 18:57:15 - clientPlatform processing for: tolyaNEO
2025-07-01 18:57:15 - Client info: , Platform: Windows, Groups: 9,369
2025-07-01 18:57:15 - Adding platform group 278 for client tolyaNEO - SUCCESS
2025-07-01 18:59:34 - clientPlatform processing for: 123
2025-07-01 18:59:34 - Client info: , Platform: Windows, Groups: 14,377
2025-07-01 18:59:34 - Adding platform group 278 for client 123 - SUCCESS
2025-07-01 19:01:18 - clientPlatform processing for: b4STARDt
2025-07-01 19:01:18 - Client info: , Platform: Windows, Groups: 13,377
2025-07-01 19:01:18 - Adding platform group 278 for client b4STARDt - SUCCESS
2025-07-01 19:03:05 - clientPlatform processing for: b4STARDt
2025-07-01 19:03:05 - Client info: , Platform: Windows, Groups: 13,377
2025-07-01 19:03:05 - Adding platform group 278 for client b4STARDt - SUCCESS
2025-07-01 19:04:37 - clientPlatform processing for: TeamSpeakUser
2025-07-01 19:04:37 - Client info: , Platform: Windows, Groups: 7
2025-07-01 19:04:37 - Adding platform group 278 for client TeamSpeakUser - SUCCESS
2025-07-01 19:04:37 - clientPlatform processing for: TeamSpeakUser
2025-07-01 19:04:37 - Client info: , Platform: Windows, Groups: 7
2025-07-01 19:04:37 - Group already assigned (detected from error), skipping
2025-07-01 19:04:37 - Adding platform group 278 for client TeamSpeakUser - SUCCESS
2025-07-01 19:04:37 - clientPlatform processing for: TeamSpeakUser
2025-07-01 19:04:37 - Client info: , Platform: Windows, Groups: 7
2025-07-01 19:04:37 - Group already assigned (detected from error), skipping
2025-07-01 19:04:37 - Adding platform group 278 for client TeamSpeakUser - SUCCESS
2025-07-01 19:04:53 - clientPlatform processing for: Hero
2025-07-01 19:04:53 - Client info: , Platform: Windows, Groups: 263,377
2025-07-01 19:04:53 - Adding platform group 278 for client Hero - SUCCESS
2025-07-01 19:05:15 - clientPlatform processing for: Jabberson
2025-07-01 19:05:15 - Client info: , Platform: Windows, Groups: 17,377
2025-07-01 19:05:15 - Adding platform group 278 for client Jabberson - SUCCESS
2025-07-01 19:13:25 - clientPlatform processing for: I_XaSkI_I
2025-07-01 19:13:25 - Client info: , Platform: Windows, Groups: 266,377
2025-07-01 19:13:25 - Adding platform group 278 for client I_XaSkI_I - SUCCESS
2025-07-01 19:13:45 - clientPlatform processing for: леха
2025-07-01 19:13:45 - Client info: , Platform: Windows, Groups: 18,377
2025-07-01 19:13:45 - Adding platform group 278 for client леха - SUCCESS
2025-07-01 19:15:21 - clientPlatform processing for: lastsi
2025-07-01 19:15:21 - Client info: , Platform: Windows, Groups: 264,377
2025-07-01 19:15:21 - Adding platform group 278 for client lastsi - SUCCESS
2025-07-01 19:16:21 - clientPlatform processing for: TurtleWithFists
2025-07-01 19:16:21 - Client info: , Platform: Windows, Groups: 12,377
2025-07-01 19:16:21 - Adding platform group 278 for client TurtleWithFists - SUCCESS
2025-07-01 19:17:39 - clientPlatform processing for: FenaiL
2025-07-01 19:17:39 - Client info: , Platform: Windows, Groups: 35,265,377
2025-07-01 19:17:39 - Adding platform group 278 for client FenaiL - SUCCESS
2025-07-01 19:18:05 - clientPlatform processing for: Digitalsw
2025-07-01 19:18:05 - Client info: , Platform: Windows, Groups: 13,377
2025-07-01 19:18:05 - Adding platform group 278 for client Digitalsw - SUCCESS
2025-07-01 19:18:18 - clientPlatform processing for: TeamSpeakUser1
2025-07-01 19:18:18 - Client info: , Platform: Windows, Groups: 266,377
2025-07-01 19:18:18 - Adding platform group 278 for client TeamSpeakUser1 - SUCCESS
2025-07-01 19:19:00 - clientPlatform processing for: Maks1m_K
2025-07-01 19:19:00 - Client info: , Platform: Windows, Groups: 265,377
2025-07-01 19:19:00 - Adding platform group 278 for client Maks1m_K - SUCCESS
2025-07-01 19:24:17 - clientPlatform processing for: Reddington
2025-07-01 19:24:17 - Client info: , Platform: Windows, Groups: 17,377
2025-07-01 19:24:17 - Adding platform group 278 for client Reddington - SUCCESS
2025-07-01 19:24:23 - clientPlatform processing for: timothysamuelx
2025-07-01 19:24:23 - Client info: , Platform: Windows, Groups: 15,377
2025-07-01 19:24:23 - Adding platform group 278 for client timothysamuelx - SUCCESS
2025-07-01 19:24:30 - clientPlatform processing for: sanka98
2025-07-01 19:24:30 - Client info: , Platform: Windows, Groups: 15,377
2025-07-01 19:24:30 - Adding platform group 278 for client sanka98 - SUCCESS
2025-07-01 19:28:30 - clientPlatform processing for: v1tqms
2025-07-01 19:28:30 - Client info: , Platform: Windows, Groups: 12,377
2025-07-01 19:28:30 - Adding platform group 278 for client v1tqms - SUCCESS
2025-07-01 19:29:36 - clientPlatform processing for: Nesol
2025-07-01 19:29:36 - Client info: , Platform: Windows, Groups: 266,377
2025-07-01 19:29:36 - Adding platform group 278 for client Nesol - SUCCESS
2025-07-01 19:29:39 - clientPlatform processing for: sadfay
2025-07-01 19:29:39 - Client info: , Platform: Windows, Groups: 266,377
2025-07-01 19:29:39 - Adding platform group 278 for client sadfay - SUCCESS
2025-07-01 19:32:22 - clientPlatform processing for: !CHIVAS                 Ali
2025-07-01 19:32:22 - Client info: , Platform: Windows, Groups: 11,369
2025-07-01 19:32:22 - Adding platform group 278 for client !CHIVAS                 Ali - SUCCESS
2025-07-01 19:39:11 - clientPlatform processing for: kiesik98
2025-07-01 19:39:11 - Client info: , Platform: Windows, Groups: 12,377
2025-07-01 19:39:11 - Adding platform group 278 for client kiesik98 - SUCCESS
2025-07-01 19:39:45 - clientPlatform processing for: FRAGGER
2025-07-01 19:39:45 - Client info: , Platform: Windows, Groups: 266,377
2025-07-01 19:39:45 - Adding platform group 278 for client FRAGGER - SUCCESS
2025-07-01 19:40:40 - clientPlatform processing for: TeaNeedMore
2025-07-01 19:40:40 - Client info: , Platform: Windows, Groups: 15,377
2025-07-01 19:40:40 - Adding platform group 278 for client TeaNeedMore - SUCCESS
2025-07-01 19:41:21 - clientPlatform processing for: Gajic218
2025-07-01 19:41:21 - Client info: , Platform: Windows, Groups: 7
2025-07-01 19:41:21 - Adding platform group 278 for client Gajic218 - SUCCESS
2025-07-01 19:42:22 - clientPlatform processing for: Kofaaa231
2025-07-01 19:42:22 - Client info: , Platform: Windows, Groups: 7
2025-07-01 19:42:22 - Adding platform group 278 for client Kofaaa231 - SUCCESS
2025-07-01 19:43:49 - clientPlatform processing for: !                 devran
2025-07-01 19:43:49 - Client info: , Platform: Windows, Groups: 9,369
2025-07-01 19:43:49 - Adding platform group 278 for client !                 devran - SUCCESS
2025-07-01 19:46:27 - clientPlatform processing for: KADİR-
2025-07-01 19:46:27 - Client info: , Platform: Windows, Groups: 8,369
2025-07-01 19:46:27 - Adding platform group 278 for client KADİR- - SUCCESS
2025-07-01 19:47:15 - clientPlatform processing for: Krutez
2025-07-01 19:47:15 - Client info: , Platform: Windows, Groups: 265,377
2025-07-01 19:47:15 - Adding platform group 278 for client Krutez - SUCCESS
2025-07-01 19:47:40 - clientPlatform processing for: Krutez
2025-07-01 19:47:40 - Client info: , Platform: Windows, Groups: 265,377
2025-07-01 19:47:40 - Adding platform group 278 for client Krutez - SUCCESS
2025-07-01 19:47:50 - clientPlatform processing for: Yanlız Adam
2025-07-01 19:47:50 - Client info: , Platform: Windows, Groups: 12,377
2025-07-01 19:47:50 - Adding platform group 278 for client Yanlız Adam - SUCCESS
2025-07-01 19:50:46 - clientPlatform processing for: N00BIT0 Саша
2025-07-01 19:50:46 - Client info: , Platform: Windows, Groups: 15,377
2025-07-01 19:50:46 - Adding platform group 278 for client N00BIT0 Саша - SUCCESS
2025-07-01 19:50:46 - clientPlatform processing for: hjk
2025-07-01 19:50:46 - Client info: , Platform: Windows, Groups: 7
2025-07-01 19:50:46 - Adding platform group 278 for client hjk - SUCCESS
2025-07-01 19:50:47 - clientPlatform processing for: hjk
2025-07-01 19:50:47 - Client info: , Platform: Windows, Groups: 7
2025-07-01 19:50:47 - Group already assigned (detected from error), skipping
2025-07-01 19:50:47 - Adding platform group 278 for client hjk - SUCCESS
2025-07-01 19:50:47 - clientPlatform processing for: hjk
2025-07-01 19:50:47 - Client info: , Platform: Windows, Groups: 7
2025-07-01 19:50:47 - Group already assigned (detected from error), skipping
2025-07-01 19:50:47 - Adding platform group 278 for client hjk - SUCCESS
2025-07-01 19:51:23 - clientPlatform processing for: KADİRİN KOCASİ
2025-07-01 19:51:23 - Client info: , Platform: Windows, Groups: 8,369
2025-07-01 19:51:23 - Adding platform group 278 for client KADİRİN KOCASİ - SUCCESS
2025-07-01 19:53:05 - clientPlatform processing for: KADİRİN KOCASİ
2025-07-01 19:53:05 - Client info: , Platform: Windows, Groups: 8,369
2025-07-01 19:53:05 - Adding platform group 278 for client KADİRİN KOCASİ - SUCCESS
2025-07-01 19:54:36 - clientPlatform processing for: Krutez
2025-07-01 19:54:36 - Client info: , Platform: Windows, Groups: 265,377
2025-07-01 19:54:36 - Adding platform group 278 for client Krutez - SUCCESS
2025-07-01 19:55:50 - clientPlatform processing for: sadfay
2025-07-01 19:55:50 - Client info: , Platform: Windows, Groups: 266,377
2025-07-01 19:55:50 - Adding platform group 278 for client sadfay - SUCCESS
2025-07-01 19:56:08 - clientPlatform processing for: nox
2025-07-01 19:56:08 - Client info: , Platform: Windows, Groups: 266,377
2025-07-01 19:56:08 - Adding platform group 278 for client nox - SUCCESS
2025-07-01 19:56:40 - clientPlatform processing for: арбузный ебака
2025-07-01 19:56:40 - Client info: , Platform: Windows, Groups: 13,377
2025-07-01 19:56:40 - Adding platform group 278 for client арбузный ебака - SUCCESS
2025-07-01 19:57:43 - clientPlatform processing for: shinigami
2025-07-01 19:57:43 - Client info: , Platform: Windows, Groups: 25,377,381,383,385
2025-07-01 19:57:43 - Adding platform group 278 for client shinigami - SUCCESS
2025-07-01 19:57:57 - clientPlatform processing for: brilpill
2025-07-01 19:57:57 - Client info: , Platform: Windows, Groups: 14,377
2025-07-01 19:57:57 - Adding platform group 278 for client brilpill - SUCCESS
2025-07-01 19:58:41 - clientPlatform processing for: Musto
2025-07-01 19:58:41 - Client info: , Platform: Windows, Groups: 266,285,377
2025-07-01 19:58:41 - Adding platform group 278 for client Musto - SUCCESS
2025-07-01 19:58:48 - clientPlatform processing for: кабачок
2025-07-01 19:58:48 - Client info: , Platform: Windows, Groups: 13,377
2025-07-01 19:58:48 - Adding platform group 278 for client кабачок - SUCCESS
2025-07-01 19:58:58 - clientPlatform processing for: gokos
2025-07-01 19:58:58 - Client info: , Platform: Windows, Groups: 265,377
2025-07-01 19:58:58 - Adding platform group 278 for client gokos - SUCCESS
2025-07-01 19:59:33 - clientPlatform processing for: Angry
2025-07-01 19:59:33 - Client info: , Platform: Windows, Groups: 17,377
2025-07-01 19:59:33 - Adding platform group 278 for client Angry - SUCCESS
2025-07-01 20:00:34 - clientPlatform processing for: ван гогг
2025-07-01 20:00:34 - Client info: , Platform: Windows, Groups: 265,377
2025-07-01 20:00:34 - Adding platform group 278 for client ван гогг - SUCCESS
2025-07-01 20:00:49 - clientPlatform processing for: gokos
2025-07-01 20:00:49 - Client info: , Platform: Windows, Groups: 265,377
2025-07-01 20:00:49 - Adding platform group 278 for client gokos - SUCCESS
2025-07-01 20:03:25 - clientPlatform processing for: chelko
2025-07-01 20:03:25 - Client info: , Platform: Windows, Groups: 266,377
2025-07-01 20:03:25 - Adding platform group 278 for client chelko - SUCCESS
2025-07-01 20:03:27 - clientPlatform processing for: Murat
2025-07-01 20:03:27 - Client info: , Platform: Windows, Groups: 7
2025-07-01 20:03:27 - Adding platform group 278 for client Murat - SUCCESS
2025-07-01 20:03:34 - clientPlatform processing for: Barış
2025-07-01 20:03:34 - Client info: , Platform: Windows, Groups: 15,377
2025-07-01 20:03:34 - Adding platform group 278 for client Barış - SUCCESS
2025-07-01 20:04:25 - clientPlatform processing for: ryouta
2025-07-01 20:04:25 - Client info: , Platform: Windows, Groups: 9,369
2025-07-01 20:04:25 - Adding platform group 278 for client ryouta - SUCCESS
2025-07-01 20:06:42 - clientPlatform processing for: berksesxd13
2025-07-01 20:06:42 - Client info: , Platform: Windows, Groups: 14,377
2025-07-01 20:06:42 - Adding platform group 278 for client berksesxd13 - SUCCESS
2025-07-01 20:07:29 - clientPlatform processing for: DarkZX
2025-07-01 20:07:29 - Client info: , Platform: Windows, Groups: 19,377
2025-07-01 20:07:29 - Adding platform group 278 for client DarkZX - SUCCESS
2025-07-01 20:08:05 - clientPlatform processing for: juju
2025-07-01 20:08:05 - Client info: , Platform: Windows, Groups: 266,377
2025-07-01 20:08:05 - Adding platform group 278 for client juju - SUCCESS
2025-07-01 20:08:20 - clientPlatform processing for: Hugo
2025-07-01 20:08:20 - Client info: , Platform: Windows, Groups: 10,369
2025-07-01 20:08:20 - Adding platform group 278 for client Hugo - SUCCESS
2025-07-01 20:08:46 - clientPlatform processing for: Musto
2025-07-01 20:08:46 - Client info: , Platform: Windows, Groups: 266,285,377
2025-07-01 20:08:46 - Adding platform group 278 for client Musto - SUCCESS
2025-07-01 20:08:50 - clientPlatform processing for: Chibuike
2025-07-01 20:08:50 - Client info: , Platform: Windows, Groups: 17,377
2025-07-01 20:08:50 - Adding platform group 278 for client Chibuike - SUCCESS
2025-07-01 20:08:58 - clientPlatform processing for: d3n1ska
2025-07-01 20:08:58 - Client info: , Platform: Windows, Groups: 14,377
2025-07-01 20:08:58 - Adding platform group 278 for client d3n1ska - SUCCESS
2025-07-01 20:10:06 - clientPlatform processing for: deschka
2025-07-01 20:10:06 - Client info: , Platform: Windows, Groups: 266,377
2025-07-01 20:10:06 - Adding platform group 278 for client deschka - SUCCESS
2025-07-01 20:10:46 - clientPlatform processing for: TeamSpeakUser
2025-07-01 20:10:46 - Client info: , Platform: Windows, Groups: 15,377
2025-07-01 20:10:46 - Adding platform group 278 for client TeamSpeakUser - SUCCESS
2025-07-01 20:10:50 - clientPlatform processing for: lokmannnnnn
2025-07-01 20:10:50 - Client info: , Platform: Windows, Groups: 263,377
2025-07-01 20:10:50 - Adding platform group 278 for client lokmannnnnn - SUCCESS
2025-07-01 20:11:34 - clientPlatform processing for: APASNOOOOOOOOOO
2025-07-01 20:11:34 - Client info: , Platform: Windows, Groups: 264,377
2025-07-01 20:11:34 - Adding platform group 278 for client APASNOOOOOOOOOO - SUCCESS
2025-07-01 20:14:24 - clientPlatform processing for: guwno w spodnie
2025-07-01 20:14:24 - Client info: , Platform: Windows, Groups: 15,377
2025-07-01 20:14:24 - Adding platform group 278 for client guwno w spodnie - SUCCESS
2025-07-01 20:18:34 - clientPlatform processing for: !                        Cypor
2025-07-01 20:18:34 - Client info: , Platform: Windows, Groups: 10,369
2025-07-01 20:18:34 - Adding platform group 278 for client !                        Cypor - SUCCESS
2025-07-01 20:19:25 - clientPlatform processing for: nyguser
2025-07-01 20:19:25 - Client info: , Platform: Windows, Groups: 7
2025-07-01 20:19:25 - Adding platform group 278 for client nyguser - SUCCESS
2025-07-01 20:19:38 - clientPlatform processing for: credolls
2025-07-01 20:19:38 - Client info: , Platform: Windows, Groups: 18,377
2025-07-01 20:19:38 - Adding platform group 278 for client credolls - SUCCESS
2025-07-01 20:20:25 - clientPlatform processing for: Flavie69
2025-07-01 20:20:25 - Client info: , Platform: Windows, Groups: 13,377
2025-07-01 20:20:25 - Adding platform group 278 for client Flavie69 - SUCCESS
2025-07-01 20:22:17 - clientPlatform processing for: TeamSpeakUser
2025-07-01 20:22:17 - Client info: , Platform: Windows, Groups: 15,377
2025-07-01 20:22:17 - Adding platform group 278 for client TeamSpeakUser - SUCCESS
2025-07-01 20:23:44 - clientPlatform processing for: penis
2025-07-01 20:23:44 - Client info: , Platform: Windows, Groups: 10,17,377
2025-07-01 20:23:44 - Adding platform group 278 for client penis - SUCCESS
2025-07-01 20:25:06 - clientPlatform processing for: Stadra l Uğur
2025-07-01 20:25:06 - Client info: , Platform: Android, Groups: 7
2025-07-01 20:25:06 - Adding platform group 282 for client Stadra l Uğur - SUCCESS
2025-07-01 20:25:53 - clientPlatform processing for: I_XaSkI_I
2025-07-01 20:25:53 - Client info: , Platform: Windows, Groups: 266,377
2025-07-01 20:25:53 - Adding platform group 278 for client I_XaSkI_I - SUCCESS
2025-07-01 20:26:23 - clientPlatform processing for: lastsi
2025-07-01 20:26:23 - Client info: , Platform: Windows, Groups: 264,377
2025-07-01 20:26:23 - Adding platform group 278 for client lastsi - SUCCESS
2025-07-01 20:27:55 - clientPlatform processing for: erik
2025-07-01 20:27:55 - Client info: , Platform: Windows, Groups: 266,377
2025-07-01 20:27:55 - Adding platform group 278 for client erik - SUCCESS
2025-07-01 20:28:30 - clientPlatform processing for: Lazy_Eagle
2025-07-01 20:28:30 - Client info: , Platform: Windows, Groups: 263,377
2025-07-01 20:28:30 - Adding platform group 278 for client Lazy_Eagle - SUCCESS
2025-07-01 20:29:23 - clientPlatform processing for: Lazy_Eagle
2025-07-01 20:29:23 - Client info: , Platform: Windows, Groups: 263,377
2025-07-01 20:29:23 - Adding platform group 278 for client Lazy_Eagle - SUCCESS
2025-07-01 20:36:20 - clientPlatform processing for: muha1ov
2025-07-01 20:36:20 - Client info: , Platform: Windows, Groups: 13,377
2025-07-01 20:36:20 - Adding platform group 278 for client muha1ov - SUCCESS
2025-07-01 20:36:54 - clientPlatform processing for: muha1ov
2025-07-01 20:36:54 - Client info: , Platform: Windows, Groups: 13,377
2025-07-01 20:36:54 - Adding platform group 278 for client muha1ov - SUCCESS
2025-07-01 20:38:52 - clientPlatform processing for: bohun ivan
2025-07-01 20:38:52 - Client info: , Platform: Windows, Groups: 263,377
2025-07-01 20:38:52 - Adding platform group 278 for client bohun ivan - SUCCESS
2025-07-01 20:40:17 - clientPlatform processing for: Murat
2025-07-01 20:40:17 - Client info: , Platform: Windows, Groups: 8,369
2025-07-01 20:40:17 - Adding platform group 278 for client Murat - SUCCESS
2025-07-01 20:43:57 - clientPlatform processing for: jajao
2025-07-01 20:43:57 - Client info: , Platform: Windows, Groups: 264,377
2025-07-01 20:43:57 - Adding platform group 278 for client jajao - SUCCESS
2025-07-01 20:44:23 - clientPlatform processing for: Kowismo
2025-07-01 20:44:23 - Client info: , Platform: Windows, Groups: 6,270,377,422
2025-07-01 20:44:23 - Adding platform group 278 for client Kowismo - SUCCESS
2025-07-01 20:48:09 - clientPlatform processing for: ivo
2025-07-01 20:48:09 - Client info: , Platform: Windows, Groups: 14,377
2025-07-01 20:48:09 - Adding platform group 278 for client ivo - SUCCESS
2025-07-01 20:48:36 - clientPlatform processing for: aliylmazbruh
2025-07-01 20:48:36 - Client info: , Platform: Windows, Groups: 266,377
2025-07-01 20:48:36 - Adding platform group 278 for client aliylmazbruh - SUCCESS
2025-07-01 20:51:05 - clientPlatform processing for: Animepseh
2025-07-01 20:51:05 - Client info: , Platform: Windows, Groups: 265,377
2025-07-01 20:51:05 - Adding platform group 278 for client Animepseh - SUCCESS
2025-07-01 20:51:15 - clientPlatform processing for: делу время маткаду хуй
2025-07-01 20:51:15 - Client info: , Platform: Windows, Groups: 265,377
2025-07-01 20:51:15 - Adding platform group 278 for client делу время маткаду хуй - SUCCESS
2025-07-01 20:51:20 - clientPlatform processing for: aliylmazbruh
2025-07-01 20:51:20 - Client info: , Platform: Windows, Groups: 266,377
2025-07-01 20:51:20 - Adding platform group 278 for client aliylmazbruh - SUCCESS
2025-07-01 20:51:43 - clientPlatform processing for: e6lan
2025-07-01 20:51:43 - Client info: , Platform: Windows, Groups: 17,377
2025-07-01 20:51:43 - Adding platform group 278 for client e6lan - SUCCESS
2025-07-01 20:55:50 - clientPlatform processing for: erik
2025-07-01 20:55:50 - Client info: , Platform: Windows, Groups: 266,377
2025-07-01 20:55:50 - Adding platform group 278 for client erik - SUCCESS
2025-07-01 20:56:20 - clientPlatform processing for: ahmet
2025-07-01 20:56:20 - Client info: , Platform: Windows, Groups: 12,377
2025-07-01 20:56:20 - Adding platform group 278 for client ahmet - SUCCESS
2025-07-01 20:56:48 - clientPlatform processing for: __illlia__
2025-07-01 20:56:48 - Client info: , Platform: iOS, Groups: 265,377
2025-07-01 20:56:48 - Adding platform group 281 for client __illlia__ - SUCCESS
2025-07-01 21:00:08 - clientPlatform processing for: deschka
2025-07-01 21:00:08 - Client info: , Platform: Windows, Groups: 266,377
2025-07-01 21:00:08 - Adding platform group 278 for client deschka - SUCCESS
2025-07-01 21:01:11 - clientPlatform processing for: !                        Cypor
2025-07-01 21:01:11 - Client info: , Platform: Windows, Groups: 10,369
2025-07-01 21:01:11 - Adding platform group 278 for client !                        Cypor - SUCCESS
2025-07-01 21:04:34 - clientPlatform processing for: Чех
2025-07-01 21:04:34 - Client info: , Platform: Windows, Groups: 266,377
2025-07-01 21:04:34 - Adding platform group 278 for client Чех - SUCCESS
2025-07-01 21:04:55 - clientPlatform processing for: TeamSpeakUser2
2025-07-01 21:04:55 - Client info: , Platform: Windows, Groups: 13,377
2025-07-01 21:04:55 - Adding platform group 278 for client TeamSpeakUser2 - SUCCESS
2025-07-01 21:07:27 - clientPlatform processing for: Snkrr.
2025-07-01 21:07:27 - Client info: , Platform: Windows, Groups: 13,377
2025-07-01 21:07:27 - Adding platform group 278 for client Snkrr. - SUCCESS
2025-07-01 21:10:26 - clientPlatform processing for: TeamSpeakUser3
2025-07-01 21:10:26 - Client info: , Platform: Windows, Groups: 13,377
2025-07-01 21:10:26 - Adding platform group 278 for client TeamSpeakUser3 - SUCCESS
2025-07-01 21:11:33 - clientPlatform processing for: sameqqq
2025-07-01 21:11:33 - Client info: , Platform: Windows, Groups: 15,377
2025-07-01 21:11:33 - Adding platform group 278 for client sameqqq - SUCCESS
2025-07-01 21:14:28 - clientPlatform processing for: fifa
2025-07-01 21:14:28 - Client info: , Platform: Windows, Groups: 14,377
2025-07-01 21:14:28 - Adding platform group 278 for client fifa - SUCCESS
2025-07-01 21:15:34 - clientPlatform processing for: fl4sh
2025-07-01 21:15:34 - Client info: , Platform: Windows, Groups: 265,377
2025-07-01 21:15:34 - Adding platform group 278 for client fl4sh - SUCCESS
2025-07-01 21:20:34 - clientPlatform processing for: добрий вечір
2025-07-01 21:20:34 - Client info: , Platform: Windows, Groups: 266,377
2025-07-01 21:20:34 - Adding platform group 278 for client добрий вечір - SUCCESS
2025-07-01 21:21:26 - clientPlatform processing for: TeamSpeakUser1
2025-07-01 21:21:26 - Client info: , Platform: Windows, Groups: 266,377
2025-07-01 21:21:26 - Adding platform group 278 for client TeamSpeakUser1 - SUCCESS
2025-07-01 21:21:38 - clientPlatform processing for: Pryanya
2025-07-01 21:21:38 - Client info: , Platform: Windows, Groups: 264,377
2025-07-01 21:21:38 - Adding platform group 278 for client Pryanya - SUCCESS
2025-07-01 21:22:17 - clientPlatform processing for: digitalmix
2025-07-01 21:22:17 - Client info: , Platform: Windows, Groups: 266,377
2025-07-01 21:22:17 - Adding platform group 278 for client digitalmix - SUCCESS
2025-07-01 21:23:14 - clientPlatform processing for: artembill
2025-07-01 21:23:14 - Client info: , Platform: macOS, Groups: 266,377
2025-07-01 21:23:14 - Adding platform group 280 for client artembill - SUCCESS
2025-07-01 21:23:18 - clientPlatform processing for: artembill
2025-07-01 21:23:18 - Client info: , Platform: macOS, Groups: 266,377
2025-07-01 21:23:18 - Adding platform group 280 for client artembill - SUCCESS
2025-07-01 21:23:57 - clientPlatform processing for: FataL1Day
2025-07-01 21:23:57 - Client info: , Platform: Windows, Groups: 266,377
2025-07-01 21:23:57 - Adding platform group 278 for client FataL1Day - SUCCESS
2025-07-01 21:25:26 - clientPlatform processing for: 1nF0s
2025-07-01 21:25:26 - Client info: , Platform: Windows, Groups: 264,377
2025-07-01 21:25:26 - Adding platform group 278 for client 1nF0s - SUCCESS
2025-07-01 21:27:53 - clientPlatform processing for: ZeyphiZ
2025-07-01 21:27:53 - Client info: , Platform: Windows, Groups: 265,377
2025-07-01 21:27:53 - Adding platform group 278 for client ZeyphiZ - SUCCESS
2025-07-01 21:29:03 - clientPlatform processing for: PitcaRNNN``
2025-07-01 21:29:03 - Client info: , Platform: Windows, Groups: 266,377
2025-07-01 21:29:03 - Adding platform group 278 for client PitcaRNNN`` - SUCCESS
2025-07-01 21:29:30 - clientPlatform processing for: TeamSpeakUser4
2025-07-01 21:29:30 - Client info: , Platform: Windows, Groups: 266,377
2025-07-01 21:29:30 - Adding platform group 278 for client TeamSpeakUser4 - SUCCESS
2025-07-01 21:32:54 - clientPlatform processing for: C1klope
2025-07-01 21:32:54 - Client info: , Platform: Windows, Groups: 9,369
2025-07-01 21:32:54 - Adding platform group 278 for client C1klope - SUCCESS
2025-07-01 21:35:03 - clientPlatform processing for: astraiser
2025-07-01 21:35:03 - Client info: , Platform: Windows, Groups: 263,377
2025-07-01 21:35:03 - Adding platform group 278 for client astraiser - SUCCESS
2025-07-01 21:36:50 - clientPlatform processing for: dimafreddyy
2025-07-01 21:36:50 - Client info: , Platform: Windows, Groups: 266,377
2025-07-01 21:36:50 - Adding platform group 278 for client dimafreddyy - SUCCESS
2025-07-01 21:36:52 - clientPlatform processing for: KC_Agee
2025-07-01 21:36:52 - Client info: , Platform: Windows, Groups: 264,377
2025-07-01 21:36:52 - Adding platform group 278 for client KC_Agee - SUCCESS
2025-07-01 21:38:12 - clientPlatform processing for: SmaD
2025-07-01 21:38:12 - Client info: , Platform: Windows, Groups: 14,377
2025-07-01 21:38:12 - Adding platform group 278 for client SmaD - SUCCESS
2025-07-01 21:38:34 - clientPlatform processing for: PastA1
2025-07-01 21:38:34 - Client info: , Platform: Windows, Groups: 263,377
2025-07-01 21:38:34 - Adding platform group 278 for client PastA1 - SUCCESS
2025-07-01 21:39:20 - clientPlatform processing for: KC_Agee
2025-07-01 21:39:20 - Client info: , Platform: Windows, Groups: 264,377
2025-07-01 21:39:20 - Adding platform group 278 for client KC_Agee - SUCCESS
2025-07-01 21:41:18 - clientPlatform processing for: san9l93
2025-07-01 21:41:18 - Client info: , Platform: Windows, Groups: 10,369
2025-07-01 21:41:18 - Adding platform group 278 for client san9l93 - SUCCESS
2025-07-01 21:42:38 - clientPlatform processing for: Leon
2025-07-01 21:42:38 - Client info: , Platform: Windows, Groups: 14,377
2025-07-01 21:42:38 - Adding platform group 278 for client Leon - SUCCESS
2025-07-01 21:43:11 - clientPlatform processing for: osasderlerbana
2025-07-01 21:43:11 - Client info: , Platform: Windows, Groups: 17,377
2025-07-01 21:43:11 - Adding platform group 278 for client osasderlerbana - SUCCESS
2025-07-01 21:43:48 - clientPlatform processing for: Бедный
2025-07-01 21:43:48 - Client info: , Platform: Windows, Groups: 14,377
2025-07-01 21:43:48 - Adding platform group 278 for client Бедный - SUCCESS
2025-07-01 21:44:01 - clientPlatform processing for: Kowismo
2025-07-01 21:44:01 - Client info: , Platform: Windows, Groups: 6,270,377,422
2025-07-01 21:44:01 - Adding platform group 278 for client Kowismo - SUCCESS
2025-07-01 21:44:26 - clientPlatform processing for: menhera
2025-07-01 21:44:26 - Client info: , Platform: Windows, Groups: 10,369
2025-07-01 21:44:26 - Adding platform group 278 for client menhera - SUCCESS
2025-07-01 21:44:46 - clientPlatform processing for: Ax`Lim
2025-07-01 21:44:46 - Client info: , Platform: Windows, Groups: 13,377
2025-07-01 21:44:46 - Adding platform group 278 for client Ax`Lim - SUCCESS
2025-07-01 21:45:18 - clientPlatform processing for: TeamSpeakUser2
2025-07-01 21:45:18 - Client info: , Platform: Windows, Groups: 10,369
2025-07-01 21:45:18 - Adding platform group 278 for client TeamSpeakUser2 - SUCCESS
2025-07-01 21:45:56 - clientPlatform processing for: sosa
2025-07-01 21:45:56 - Client info: , Platform: Windows, Groups: 11,377
2025-07-01 21:45:56 - Adding platform group 278 for client sosa - SUCCESS
2025-07-01 21:46:55 - clientPlatform processing for: crzfrg77
2025-07-01 21:46:55 - Client info: , Platform: Windows, Groups: 263,377
2025-07-01 21:46:55 - Adding platform group 278 for client crzfrg77 - SUCCESS
2025-07-01 21:51:10 - clientPlatform processing for: w1nd1x
2025-07-01 21:51:10 - Client info: , Platform: Windows, Groups: 266,377
2025-07-01 21:51:10 - Adding platform group 278 for client w1nd1x - SUCCESS
2025-07-01 21:52:35 - clientPlatform processing for: Efkeyy
2025-07-01 21:52:35 - Client info: , Platform: Windows, Groups: 17,377
2025-07-01 21:52:35 - Adding platform group 278 for client Efkeyy - SUCCESS
2025-07-01 21:53:43 - clientPlatform processing for: TeamSpeakUser5
2025-07-01 21:53:43 - Client info: , Platform: Windows, Groups: 12,377
2025-07-01 21:53:43 - Adding platform group 278 for client TeamSpeakUser5 - SUCCESS
2025-07-01 21:55:54 - clientPlatform processing for: kiesik98
2025-07-01 21:55:54 - Client info: , Platform: Windows, Groups: 13,377
2025-07-01 21:55:54 - Adding platform group 278 for client kiesik98 - SUCCESS
2025-07-01 21:57:18 - clientPlatform processing for: pandah98
2025-07-01 21:57:18 - Client info: , Platform: Windows, Groups: 14,377
2025-07-01 21:57:18 - Adding platform group 278 for client pandah98 - SUCCESS
2025-07-01 21:58:17 - clientPlatform processing for: w1nd1x
2025-07-01 21:58:17 - Client info: , Platform: Windows, Groups: 266,377
2025-07-01 21:58:17 - Adding platform group 278 for client w1nd1x - SUCCESS
2025-07-01 22:02:07 - clientPlatform processing for: TeamSpeakUser
2025-07-01 22:02:07 - Client info: , Platform: Windows, Groups: 15,377
2025-07-01 22:02:07 - Adding platform group 278 for client TeamSpeakUser - SUCCESS
2025-07-01 22:03:47 - clientPlatform processing for: твоямама
2025-07-01 22:03:47 - Client info: , Platform: Windows, Groups: 13,377
2025-07-01 22:03:47 - Adding platform group 278 for client твоямама - SUCCESS
2025-07-01 22:05:18 - clientPlatform processing for: СИСЯ
2025-07-01 22:05:18 - Client info: , Platform: Windows, Groups: 265,377
2025-07-01 22:05:18 - Adding platform group 278 for client СИСЯ - SUCCESS
2025-07-01 22:09:31 - clientPlatform processing for: caeciliae
2025-07-01 22:09:31 - Client info: , Platform: Windows, Groups: 266,377
2025-07-01 22:09:31 - Adding platform group 278 for client caeciliae - SUCCESS
2025-07-01 22:12:58 - clientPlatform processing for: vata
2025-07-01 22:12:58 - Client info: , Platform: Windows, Groups: 17,377
2025-07-01 22:12:58 - Adding platform group 278 for client vata - SUCCESS
2025-07-01 22:13:11 - clientPlatform processing for: saulov
2025-07-01 22:13:11 - Client info: , Platform: Windows, Groups: 266,377
2025-07-01 22:13:11 - Adding platform group 278 for client saulov - SUCCESS
2025-07-01 22:13:22 - clientPlatform processing for: NaiRoD
2025-07-01 22:13:22 - Client info: , Platform: Windows, Groups: 20,377
2025-07-01 22:13:22 - Adding platform group 278 for client NaiRoD - SUCCESS
2025-07-01 22:14:41 - clientPlatform processing for: k479pul74
2025-07-01 22:14:41 - Client info: , Platform: Windows, Groups: 12,377
2025-07-01 22:14:41 - Adding platform group 278 for client k479pul74 - SUCCESS
2025-07-01 22:15:52 - clientPlatform processing for: TeamSpeakUser6
2025-07-01 22:15:52 - Client info: , Platform: Windows, Groups: 15,377
2025-07-01 22:15:52 - Adding platform group 278 for client TeamSpeakUser6 - SUCCESS
2025-07-01 22:18:19 - clientPlatform processing for: xtatic
2025-07-01 22:18:19 - Client info: , Platform: Windows, Groups: 13,377
2025-07-01 22:18:19 - Adding platform group 278 for client xtatic - SUCCESS
2025-07-01 22:18:49 - clientPlatform processing for: Reddington
2025-07-01 22:18:49 - Client info: , Platform: Windows, Groups: 17,377
2025-07-01 22:18:49 - Adding platform group 278 for client Reddington - SUCCESS
2025-07-01 22:18:56 - clientPlatform processing for: whoismert
2025-07-01 22:18:56 - Client info: , Platform: Windows, Groups: 17,377
2025-07-01 22:18:56 - Adding platform group 278 for client whoismert - SUCCESS
2025-07-01 22:19:08 - clientPlatform processing for: Yusoso
2025-07-01 22:19:08 - Client info: , Platform: Windows, Groups: 13,377
2025-07-01 22:19:08 - Adding platform group 278 for client Yusoso - SUCCESS
2025-07-01 22:19:28 - clientPlatform processing for: __illlia__
2025-07-01 22:19:28 - Client info: , Platform: iOS, Groups: 265,377
2025-07-01 22:19:28 - Adding platform group 281 for client __illlia__ - SUCCESS
2025-07-01 22:20:28 - clientPlatform processing for: Malheiro
2025-07-01 22:20:28 - Client info: , Platform: Windows, Groups: 13,377
2025-07-01 22:20:28 - Adding platform group 278 for client Malheiro - SUCCESS
2025-07-01 22:22:52 - clientPlatform processing for: ayko
2025-07-01 22:22:52 - Client info: , Platform: Windows, Groups: 14,377
2025-07-01 22:22:52 - Adding platform group 278 for client ayko - SUCCESS
2025-07-01 22:30:29 - clientPlatform processing for: __illlia__
2025-07-01 22:30:29 - Client info: , Platform: iOS, Groups: 265,377
2025-07-01 22:30:29 - Adding platform group 281 for client __illlia__ - SUCCESS
2025-07-01 22:31:29 - clientPlatform processing for: fl4sh
2025-07-01 22:31:29 - Client info: , Platform: Windows, Groups: 265,377
2025-07-01 22:31:29 - Adding platform group 278 for client fl4sh - SUCCESS
2025-07-01 22:34:36 - clientPlatform processing for: __illlia__
2025-07-01 22:34:36 - Client info: , Platform: iOS, Groups: 265,377
2025-07-01 22:34:36 - Adding platform group 281 for client __illlia__ - SUCCESS
2025-07-01 22:34:47 - clientPlatform processing for: LOUIXS
2025-07-01 22:34:47 - Client info: , Platform: Windows, Groups: 12,377
2025-07-01 22:34:47 - Adding platform group 278 for client LOUIXS - SUCCESS
2025-07-01 22:43:44 - clientPlatform processing for: Nostalgia 2
2025-07-01 22:43:44 - Client info: , Platform: Windows, Groups: 17,377
2025-07-01 22:43:44 - Adding platform group 278 for client Nostalgia 2 - SUCCESS
2025-07-01 22:44:13 - clientPlatform processing for: LOUIXS
2025-07-01 22:44:13 - Client info: , Platform: Windows, Groups: 12,377
2025-07-01 22:44:13 - Adding platform group 278 for client LOUIXS - SUCCESS
2025-07-01 22:45:45 - clientPlatform processing for: phonetik78
2025-07-01 22:45:45 - Client info: , Platform: Windows, Groups: 17,377
2025-07-01 22:45:45 - Adding platform group 278 for client phonetik78 - SUCCESS
2025-07-01 22:47:26 - clientPlatform processing for: __illlia__
2025-07-01 22:47:26 - Client info: , Platform: iOS, Groups: 265,377
2025-07-01 22:47:27 - Adding platform group 281 for client __illlia__ - SUCCESS
2025-07-01 22:47:59 - clientPlatform processing for: __illlia__
2025-07-01 22:47:59 - Client info: , Platform: iOS, Groups: 265,377
2025-07-01 22:47:59 - Adding platform group 281 for client __illlia__ - SUCCESS
2025-07-01 22:49:44 - clientPlatform processing for: -ipq
2025-07-01 22:49:44 - Client info: , Platform: Windows, Groups: 13,377
2025-07-01 22:49:44 - Adding platform group 278 for client -ipq - SUCCESS
2025-07-01 22:49:44 - clientPlatform processing for: ayko
2025-07-01 22:49:44 - Client info: , Platform: Windows, Groups: 14,377
2025-07-01 22:49:44 - Adding platform group 278 for client ayko - SUCCESS
2025-07-01 22:49:47 - clientPlatform processing for: rowdy
2025-07-01 22:49:47 - Client info: , Platform: Windows, Groups: 12,377
2025-07-01 22:49:47 - Adding platform group 278 for client rowdy - SUCCESS
2025-07-01 22:57:01 - clientPlatform processing for: Neil0001k
2025-07-01 22:57:01 - Client info: , Platform: Windows, Groups: 17,377
2025-07-01 22:57:01 - Adding platform group 278 for client Neil0001k - SUCCESS
2025-07-01 22:57:05 - clientPlatform processing for: TeamSpeakUser1
2025-07-01 22:57:05 - Client info: , Platform: Windows, Groups: 266,377
2025-07-01 22:57:05 - Adding platform group 278 for client TeamSpeakUser1 - SUCCESS
2025-07-01 23:00:50 - clientPlatform processing for: pa_sha00
2025-07-01 23:00:50 - Client info: , Platform: Windows, Groups: 266,377
2025-07-01 23:00:50 - Adding platform group 278 for client pa_sha00 - SUCCESS
2025-07-01 23:02:07 - clientPlatform processing for: __illlia__
2025-07-01 23:02:07 - Client info: , Platform: iOS, Groups: 265,377
2025-07-01 23:02:07 - Adding platform group 281 for client __illlia__ - SUCCESS
2025-07-01 23:05:44 - clientPlatform processing for: miz-miz
2025-07-01 23:05:44 - Client info: , Platform: Windows, Groups: 266,377
2025-07-01 23:05:44 - Adding platform group 278 for client miz-miz - SUCCESS
2025-07-01 23:06:16 - clientPlatform processing for: beytula
2025-07-01 23:06:16 - Client info: , Platform: Windows, Groups: 264,377
2025-07-01 23:06:16 - Adding platform group 278 for client beytula - SUCCESS
2025-07-01 23:06:40 - clientPlatform processing for: aggent 00alone
2025-07-01 23:06:40 - Client info: , Platform: Windows, Groups: 265,377
2025-07-01 23:06:40 - Adding platform group 278 for client aggent 00alone - SUCCESS
2025-07-01 23:10:30 - clientPlatform processing for: TeamSpeakUser7
2025-07-01 23:10:30 - Client info: , Platform: Windows, Groups: 264,377
2025-07-01 23:10:30 - Adding platform group 278 for client TeamSpeakUser7 - SUCCESS
2025-07-01 23:12:37 - clientPlatform processing for: AyKonn
2025-07-01 23:12:37 - Client info: , Platform: Windows, Groups: 265,377
2025-07-01 23:12:37 - Adding platform group 278 for client AyKonn - SUCCESS
2025-07-01 23:17:15 - clientPlatform processing for: miz-miz
2025-07-01 23:17:15 - Client info: , Platform: Windows, Groups: 266,377
2025-07-01 23:17:15 - Adding platform group 278 for client miz-miz - SUCCESS
2025-07-01 23:21:06 - clientPlatform processing for: tenshin_non
2025-07-01 23:21:06 - Client info: , Platform: Windows, Groups: 18,377
2025-07-01 23:21:06 - Adding platform group 278 for client tenshin_non - SUCCESS
2025-07-01 23:22:03 - clientPlatform processing for: Adam Boroda
2025-07-01 23:22:03 - Client info: , Platform: Windows, Groups: 14,377
2025-07-01 23:22:03 - Adding platform group 278 for client Adam Boroda - SUCCESS
2025-07-01 23:24:50 - clientPlatform processing for: Richard_TH
2025-07-01 23:24:50 - Client info: , Platform: Windows, Groups: 18,377
2025-07-01 23:24:50 - Adding platform group 278 for client Richard_TH - SUCCESS
2025-07-01 23:37:06 - clientPlatform processing for: miz-miz
2025-07-01 23:37:06 - Client info: , Platform: Windows, Groups: 266,377
2025-07-01 23:37:06 - Adding platform group 278 for client miz-miz - SUCCESS
2025-07-01 23:38:40 - clientPlatform processing for: aggent 00alone
2025-07-01 23:38:40 - Client info: , Platform: Windows, Groups: 265,377
2025-07-01 23:38:40 - Adding platform group 278 for client aggent 00alone - SUCCESS
2025-07-01 23:40:11 - clientPlatform processing for: beytula
2025-07-01 23:40:11 - Client info: , Platform: Windows, Groups: 264,377
2025-07-01 23:40:11 - Adding platform group 278 for client beytula - SUCCESS
2025-07-01 23:40:49 - clientPlatform processing for: TeamSpeakUser1
2025-07-01 23:40:49 - Client info: , Platform: Windows, Groups: 7
2025-07-01 23:40:49 - Adding platform group 278 for client TeamSpeakUser1 - SUCCESS
2025-07-01 23:59:16 - clientPlatform processing for: SYURQQO
2025-07-01 23:59:16 - Client info: , Platform: Windows, Groups: 7
2025-07-01 23:59:16 - Adding platform group 278 for client SYURQQO - SUCCESS
