2025-06-17 00:02:05 - clientPlatform processing for: Tyros Janos
2025-06-17 00:02:05 - Client info: , Platform: Windows, Groups: 8,369
2025-06-17 00:02:05 - Adding platform group 278 for client Tyros Janos - SUCCESS
2025-06-17 00:03:08 - clientPlatform processing for: HF IN GAME DANNY
2025-06-17 00:03:08 - Client info: , Platform: Windows, Groups: 266,377
2025-06-17 00:03:08 - Adding platform group 278 for client HF IN GAME DANNY - SUCCESS
2025-06-17 00:20:20 - clientPlatform processing for: Tyros Janos
2025-06-17 00:20:20 - Client info: , Platform: Windows, Groups: 8,369
2025-06-17 00:20:20 - Adding platform group 278 for client Tyros Janos - SUCCESS
2025-06-17 00:21:26 - clientPlatform processing for: TeamSpeakUser4
2025-06-17 00:21:26 - Client info: , Platform: Windows, Groups: 7
2025-06-17 00:21:26 - Adding platform group 278 for client TeamSpeakUser4 - SUCCESS
2025-06-17 00:25:43 - clientPlatform processing for: Tyros Janos
2025-06-17 00:25:43 - Client info: , Platform: Windows, Groups: 9,369
2025-06-17 00:25:43 - Adding platform group 278 for client Tyros Janos - SUCCESS
2025-06-17 00:30:08 - clientPlatform processing for: kaya
2025-06-17 00:30:08 - Client info: , Platform: Windows, Groups: 266,377
2025-06-17 00:30:08 - Adding platform group 278 for client kaya - SUCCESS
2025-06-17 00:30:10 - clientPlatform processing for: Saeedbro
2025-06-17 00:30:10 - Client info: , Platform: Windows, Groups: 7
2025-06-17 00:30:10 - Adding platform group 278 for client Saeedbro - SUCCESS
2025-06-17 00:32:42 - clientPlatform processing for: LokyJR16
2025-06-17 00:32:42 - Client info: , Platform: Windows, Groups: 264,377
2025-06-17 00:32:42 - Adding platform group 278 for client LokyJR16 - SUCCESS
2025-06-17 00:33:08 - clientPlatform processing for: MadMaMad
2025-06-17 00:33:08 - Client info: , Platform: Windows, Groups: 8,369
2025-06-17 00:33:08 - Adding platform group 278 for client MadMaMad - SUCCESS
2025-06-17 00:37:21 - clientPlatform processing for: PitcaRNNN``
2025-06-17 00:37:21 - Client info: , Platform: Windows, Groups: 15,377
2025-06-17 00:37:21 - Adding platform group 278 for client PitcaRNNN`` - SUCCESS
2025-06-17 00:41:59 - clientPlatform processing for: pedrocar
2025-06-17 00:41:59 - Client info: , Platform: Windows, Groups: 8,369
2025-06-17 00:41:59 - Adding platform group 278 for client pedrocar - SUCCESS
2025-06-17 00:42:17 - clientPlatform processing for: TeamSpeakUser1
2025-06-17 00:42:17 - Client info: , Platform: Windows, Groups: 8,369
2025-06-17 00:42:17 - Adding platform group 278 for client TeamSpeakUser1 - SUCCESS
2025-06-17 00:45:11 - clientPlatform processing for: KRGZL
2025-06-17 00:45:11 - Client info: , Platform: Windows, Groups: 264,377
2025-06-17 00:45:11 - Adding platform group 278 for client KRGZL - SUCCESS
2025-06-17 01:17:21 - clientPlatform processing for: AlvaRoniX$
2025-06-17 01:17:21 - Client info: , Platform: Windows, Groups: 33,161,377
2025-06-17 01:17:21 - Adding platform group 278 for client AlvaRoniX$ - SUCCESS
2025-06-17 01:22:19 - clientPlatform processing for: Tyros Janos
2025-06-17 01:22:19 - Client info: , Platform: Windows, Groups: 9,369
2025-06-17 01:22:19 - Adding platform group 278 for client Tyros Janos - SUCCESS
2025-06-17 01:24:00 - clientPlatform processing for: Tyros Janos
2025-06-17 01:24:00 - Client info: , Platform: Windows, Groups: 9,369
2025-06-17 01:24:00 - Adding platform group 278 for client Tyros Janos - SUCCESS
2025-06-17 01:31:56 - clientPlatform processing for: Tyros Janos
2025-06-17 01:31:56 - Client info: , Platform: Windows, Groups: 9,369
2025-06-17 01:31:56 - Adding platform group 278 for client Tyros Janos - SUCCESS
2025-06-17 01:33:23 - clientPlatform processing for: Tyros Janos
2025-06-17 01:33:23 - Client info: , Platform: Windows, Groups: 9,369
2025-06-17 01:33:23 - Adding platform group 278 for client Tyros Janos - SUCCESS
2025-06-17 02:06:17 - clientPlatform processing for: Kowismo
2025-06-17 02:06:17 - Client info: , Platform: Windows, Groups: 6,377,422,441
2025-06-17 02:06:17 - Adding platform group 278 for client Kowismo - SUCCESS
2025-06-17 02:07:34 - clientPlatform processing for: Tyros Janos
2025-06-17 02:07:34 - Client info: , Platform: Windows, Groups: 9,369
2025-06-17 02:07:34 - Adding platform group 278 for client Tyros Janos - SUCCESS
2025-06-17 02:15:30 - clientPlatform processing for: Richard_TH
2025-06-17 02:15:30 - Client info: , Platform: Windows, Groups: 18,377
2025-06-17 02:15:30 - Adding platform group 278 for client Richard_TH - SUCCESS
2025-06-17 02:25:11 - clientPlatform processing for: Elcau_sita18
2025-06-17 02:25:11 - Client info: , Platform: Windows, Groups: 266,377
2025-06-17 02:25:11 - Adding platform group 278 for client Elcau_sita18 - SUCCESS
2025-06-17 02:35:07 - clientPlatform processing for: TeamSpeakUser1
2025-06-17 02:35:07 - Client info: , Platform: Windows, Groups: 11,377
2025-06-17 02:35:07 - Adding platform group 278 for client TeamSpeakUser1 - SUCCESS
2025-06-17 02:35:53 - clientPlatform processing for: Tyros Janos
2025-06-17 02:35:53 - Client info: , Platform: Windows, Groups: 10,369
2025-06-17 02:35:53 - Adding platform group 278 for client Tyros Janos - SUCCESS
2025-06-17 02:51:42 - clientPlatform processing for: Tyros Janos
2025-06-17 02:51:42 - Client info: , Platform: Windows, Groups: 10,369
2025-06-17 02:51:42 - Adding platform group 278 for client Tyros Janos - SUCCESS
2025-06-17 02:54:57 - clientPlatform processing for: Tyros Janos
2025-06-17 02:54:57 - Client info: , Platform: Windows, Groups: 10,369
2025-06-17 02:54:57 - Adding platform group 278 for client Tyros Janos - SUCCESS
2025-06-17 03:17:32 - clientPlatform processing for: Saul
2025-06-17 03:17:32 - Client info: , Platform: Windows, Groups: 9,369
2025-06-17 03:17:32 - Adding platform group 278 for client Saul - SUCCESS
2025-06-17 03:18:13 - clientPlatform processing for: Jack elite
2025-06-17 03:18:13 - Client info: , Platform: Windows, Groups: 7
2025-06-17 03:18:13 - Adding platform group 278 for client Jack elite - SUCCESS
2025-06-17 03:18:18 - clientPlatform processing for: VUL_DROG
2025-06-17 03:18:18 - Client info: , Platform: Windows, Groups: 265,377
2025-06-17 03:18:18 - Adding platform group 278 for client VUL_DROG - SUCCESS
2025-06-17 03:19:04 - clientPlatform processing for: TeamSpeakUser
2025-06-17 03:19:04 - Client info: , Platform: Windows, Groups: 7
2025-06-17 03:19:04 - Adding platform group 278 for client TeamSpeakUser - SUCCESS
2025-06-17 03:19:42 - clientPlatform processing for: Desteny
2025-06-17 03:19:42 - Client info: , Platform: Windows, Groups: 7
2025-06-17 03:19:42 - Adding platform group 278 for client Desteny - SUCCESS
2025-06-17 03:31:19 - clientPlatform processing for: EL Pepe
2025-06-17 03:31:19 - Client info: , Platform: Windows, Groups: 15,377
2025-06-17 03:31:19 - Adding platform group 278 for client EL Pepe - SUCCESS
2025-06-17 03:34:08 - clientPlatform processing for: TeamSpeakUser
2025-06-17 03:34:08 - Client info: , Platform: Windows, Groups: 8,369
2025-06-17 03:34:08 - Adding platform group 278 for client TeamSpeakUser - SUCCESS
2025-06-17 03:50:46 - clientPlatform processing for: Beyker
2025-06-17 03:50:46 - Client info: , Platform: Windows, Groups: 7
2025-06-17 03:50:46 - Adding platform group 278 for client Beyker - SUCCESS
2025-06-17 03:51:57 - clientPlatform processing for: Etesech
2025-06-17 03:51:57 - Client info: , Platform: Windows, Groups: 264,377
2025-06-17 03:51:57 - Adding platform group 278 for client Etesech - SUCCESS
2025-06-17 04:06:02 - clientPlatform processing for: Jack elite
2025-06-17 04:06:02 - Client info: , Platform: Windows, Groups: 8,369
2025-06-17 04:06:02 - Adding platform group 278 for client Jack elite - SUCCESS
2025-06-17 04:07:04 - clientPlatform processing for: Saul
2025-06-17 04:07:04 - Client info: , Platform: Windows, Groups: 10,369
2025-06-17 04:07:04 - Adding platform group 278 for client Saul - SUCCESS
2025-06-17 04:07:24 - clientPlatform processing for: Desteny
2025-06-17 04:07:24 - Client info: , Platform: Windows, Groups: 8,369
2025-06-17 04:07:24 - Adding platform group 278 for client Desteny - SUCCESS
2025-06-17 04:08:06 - clientPlatform processing for: Pali Cuack
2025-06-17 04:08:06 - Client info: , Platform: Windows, Groups: 7
2025-06-17 04:08:06 - Adding platform group 278 for client Pali Cuack - SUCCESS
2025-06-17 04:09:30 - clientPlatform processing for: Desteny
2025-06-17 04:09:30 - Client info: , Platform: Windows, Groups: 8,369
2025-06-17 04:09:30 - Adding platform group 278 for client Desteny - SUCCESS
2025-06-17 04:14:42 - clientPlatform processing for: TeamSpeakUser
2025-06-17 04:14:42 - Client info: , Platform: Windows, Groups: 8,369
2025-06-17 04:14:42 - Adding platform group 278 for client TeamSpeakUser - SUCCESS
2025-06-17 04:22:16 - clientPlatform processing for: TeamSpeakUser
2025-06-17 04:22:16 - Client info: , Platform: Windows, Groups: 8,369
2025-06-17 04:22:16 - Adding platform group 278 for client TeamSpeakUser - SUCCESS
2025-06-17 04:33:27 - clientPlatform processing for: TeamSpeakUser
2025-06-17 04:33:27 - Client info: , Platform: Windows, Groups: 9,369
2025-06-17 04:33:27 - Adding platform group 278 for client TeamSpeakUser - SUCCESS
2025-06-17 04:45:11 - clientPlatform processing for: Tyros Janos
2025-06-17 04:45:11 - Client info: , Platform: Windows, Groups: 10,369
2025-06-17 04:45:11 - Adding platform group 278 for client Tyros Janos - SUCCESS
2025-06-17 05:04:10 - clientPlatform processing for: BeN
2025-06-17 05:04:10 - Client info: , Platform: Windows, Groups: 7
2025-06-17 05:04:10 - Adding platform group 278 for client BeN - SUCCESS
2025-06-17 05:28:43 - clientPlatform processing for: Hokage
2025-06-17 05:28:43 - Client info: , Platform: Windows, Groups: 266,377
2025-06-17 05:28:43 - Adding platform group 278 for client Hokage - SUCCESS
2025-06-17 05:29:28 - clientPlatform processing for: xDimitryxEc
2025-06-17 05:29:28 - Client info: , Platform: Android, Groups: 14,377
2025-06-17 05:29:28 - Adding platform group 282 for client xDimitryxEc - SUCCESS
2025-06-17 05:30:46 - clientPlatform processing for: xDimitryxEc
2025-06-17 05:30:46 - Client info: , Platform: Android, Groups: 14,377
2025-06-17 05:30:46 - Adding platform group 282 for client xDimitryxEc - SUCCESS
2025-06-17 05:36:59 - clientPlatform processing for: Blood
2025-06-17 05:36:59 - Client info: , Platform: Windows, Groups: 265,377
2025-06-17 05:36:59 - Adding platform group 278 for client Blood - SUCCESS
2025-06-17 06:18:01 - clientPlatform processing for: Safarijoe
2025-06-17 06:18:01 - Client info: , Platform: Windows, Groups: 266,377
2025-06-17 06:18:01 - Adding platform group 278 for client Safarijoe - SUCCESS
2025-06-17 07:19:18 - clientPlatform processing for: Amirali
2025-06-17 07:19:18 - Client info: , Platform: Windows, Groups: 13,377
2025-06-17 07:19:18 - Adding platform group 278 for client Amirali - SUCCESS
2025-06-17 07:19:50 - clientPlatform processing for: Viko(ع)
2025-06-17 07:19:50 - Client info: , Platform: Windows, Groups: 13,377
2025-06-17 07:19:50 - Adding platform group 278 for client Viko(ع) - SUCCESS
2025-06-17 07:24:04 - clientPlatform processing for: Pines
2025-06-17 07:24:04 - Client info: , Platform: Windows, Groups: 18,377
2025-06-17 07:24:04 - Adding platform group 278 for client Pines - SUCCESS
2025-06-17 07:34:22 - clientPlatform processing for: rcpdie
2025-06-17 07:34:22 - Client info: , Platform: Windows, Groups: 17,377
2025-06-17 07:34:22 - Adding platform group 278 for client rcpdie - SUCCESS
2025-06-17 07:34:30 - clientPlatform processing for: kAt
2025-06-17 07:34:30 - Client info: , Platform: Windows, Groups: 266,377
2025-06-17 07:34:30 - Adding platform group 278 for client kAt - SUCCESS
2025-06-17 07:40:24 - clientPlatform processing for: AlvaRoniX$
2025-06-17 07:40:24 - Client info: , Platform: Windows, Groups: 33,161,377
2025-06-17 07:40:24 - Adding platform group 278 for client AlvaRoniX$ - SUCCESS
2025-06-17 07:56:51 - clientPlatform processing for: Amirali
2025-06-17 07:56:51 - Client info: , Platform: Windows, Groups: 13,377
2025-06-17 07:56:51 - Adding platform group 278 for client Amirali - SUCCESS
2025-06-17 07:58:05 - clientPlatform processing for: Amirali
2025-06-17 07:58:05 - Client info: , Platform: Windows, Groups: 13,377
2025-06-17 07:58:05 - Adding platform group 278 for client Amirali - SUCCESS
2025-06-17 07:59:27 - clientPlatform processing for: Amirali
2025-06-17 07:59:27 - Client info: , Platform: Windows, Groups: 13,377
2025-06-17 07:59:27 - Adding platform group 278 for client Amirali - SUCCESS
2025-06-17 08:00:26 - clientPlatform processing for: Amirali
2025-06-17 08:00:26 - Client info: , Platform: Windows, Groups: 13,377
2025-06-17 08:00:26 - Adding platform group 278 for client Amirali - SUCCESS
2025-06-17 08:03:20 - clientPlatform processing for: Amirali
2025-06-17 08:03:20 - Client info: , Platform: Windows, Groups: 13,377
2025-06-17 08:03:20 - Adding platform group 278 for client Amirali - SUCCESS
2025-06-17 08:04:16 - clientPlatform processing for: Amirali
2025-06-17 08:04:16 - Client info: , Platform: Windows, Groups: 13,377
2025-06-17 08:04:16 - Adding platform group 278 for client Amirali - SUCCESS
2025-06-17 09:01:39 - clientPlatform processing for: Franky Boy👣🦶💋 (Pro Cyclist)
2025-06-17 09:01:39 - Client info: , Platform: Windows, Groups: 8,369
2025-06-17 09:01:39 - Adding platform group 278 for client Franky Boy👣🦶💋 (Pro Cyclist) - SUCCESS
2025-06-17 09:06:38 - clientPlatform processing for: poka
2025-06-17 09:06:38 - Client info: , Platform: Windows, Groups: 266,377
2025-06-17 09:06:38 - Adding platform group 278 for client poka - SUCCESS
2025-06-17 09:07:02 - clientPlatform processing for: Vicinnnt
2025-06-17 09:07:02 - Client info: , Platform: Windows, Groups: 266,377
2025-06-17 09:07:02 - Adding platform group 278 for client Vicinnnt - SUCCESS
2025-06-17 09:16:34 - clientPlatform processing for: kaiizenn
2025-06-17 09:16:34 - Client info: , Platform: Windows, Groups: 26,377,382,399,400,436,437
2025-06-17 09:16:34 - Adding platform group 278 for client kaiizenn - SUCCESS
2025-06-17 09:23:25 - clientPlatform processing for: Боцман777
2025-06-17 09:23:25 - Client info: , Platform: Windows, Groups: 18,377
2025-06-17 09:23:25 - Adding platform group 278 for client Боцман777 - SUCCESS
2025-06-17 09:25:46 - clientPlatform processing for: Amirali
2025-06-17 09:25:46 - Client info: , Platform: Windows, Groups: 13,377
2025-06-17 09:25:46 - Adding platform group 278 for client Amirali - SUCCESS
2025-06-17 09:29:16 - clientPlatform processing for: Tyros Janos
2025-06-17 09:29:16 - Client info: , Platform: Windows, Groups: 11,369
2025-06-17 09:29:16 - Adding platform group 278 for client Tyros Janos - SUCCESS
2025-06-17 09:37:07 - clientPlatform processing for: makpyn
2025-06-17 09:37:07 - Client info: , Platform: Windows, Groups: 266,377
2025-06-17 09:37:07 - Adding platform group 278 for client makpyn - SUCCESS
2025-06-17 09:38:20 - clientPlatform processing for: shinigami
2025-06-17 09:38:20 - Client info: , Platform: Windows, Groups: 25,377,381,383,385
2025-06-17 09:38:20 - Adding platform group 278 for client shinigami - SUCCESS
2025-06-17 09:39:56 - clientPlatform processing for: 4iff
2025-06-17 09:39:56 - Client info: , Platform: Windows, Groups: 22,377
2025-06-17 09:39:56 - Adding platform group 278 for client 4iff - SUCCESS
2025-06-17 09:40:32 - clientPlatform processing for: dadaok
2025-06-17 09:40:32 - Client info: , Platform: Windows, Groups: 21,377
2025-06-17 09:40:32 - Adding platform group 278 for client dadaok - SUCCESS
2025-06-17 09:44:00 - clientPlatform processing for: Amirali
2025-06-17 09:44:00 - Client info: , Platform: Windows, Groups: 13,377
2025-06-17 09:44:00 - Adding platform group 278 for client Amirali - SUCCESS
2025-06-17 09:46:08 - clientPlatform processing for: Druid Сrow 🦅
2025-06-17 09:46:08 - Client info: , Platform: Windows, Groups: 19,377
2025-06-17 09:46:08 - Adding platform group 278 for client Druid Сrow 🦅 - SUCCESS
2025-06-17 09:52:16 - clientPlatform processing for: Viko(ع)
2025-06-17 09:52:16 - Client info: , Platform: Windows, Groups: 13,377
2025-06-17 09:52:16 - Adding platform group 278 for client Viko(ع) - SUCCESS
2025-06-17 09:54:08 - clientPlatform processing for: Viko(ع)
2025-06-17 09:54:08 - Client info: , Platform: Windows, Groups: 13,377
2025-06-17 09:54:08 - Adding platform group 278 for client Viko(ع) - SUCCESS
2025-06-17 09:57:50 - clientPlatform processing for: UMKAMOM
2025-06-17 09:57:50 - Client info: , Platform: Windows, Groups: 264,377
2025-06-17 09:57:50 - Adding platform group 278 for client UMKAMOM - SUCCESS
2025-06-17 10:09:32 - clientPlatform processing for: Tyros Janos
2025-06-17 10:09:32 - Client info: , Platform: Windows, Groups: 11,369
2025-06-17 10:09:32 - Adding platform group 278 for client Tyros Janos - SUCCESS
2025-06-17 10:22:16 - clientPlatform processing for: Kowismo
2025-06-17 10:22:16 - Client info: , Platform: Windows, Groups: 6,377,422,441
2025-06-17 10:22:16 - Adding platform group 278 for client Kowismo - SUCCESS
2025-06-17 10:26:06 - clientPlatform processing for: MASAN/A
2025-06-17 10:26:06 - Client info: , Platform: Windows, Groups: 12,377
2025-06-17 10:26:06 - Adding platform group 278 for client MASAN/A - SUCCESS
2025-06-17 10:28:25 - clientPlatform processing for: teaman11
2025-06-17 10:28:25 - Client info: , Platform: Windows, Groups: 17,377
2025-06-17 10:28:25 - Adding platform group 278 for client teaman11 - SUCCESS
2025-06-17 10:28:41 - clientPlatform processing for: teaman11
2025-06-17 10:28:41 - Client info: , Platform: Windows, Groups: 17,377
2025-06-17 10:28:41 - Adding platform group 278 for client teaman11 - SUCCESS
2025-06-17 10:29:05 - clientPlatform processing for: teaman11
2025-06-17 10:29:05 - Client info: , Platform: Windows, Groups: 17,278,295,377,435
2025-06-17 10:29:05 - Client already has platform group 278
2025-06-17 10:30:50 - clientPlatform processing for: Zerohi
2025-06-17 10:30:50 - Client info: , Platform: Windows, Groups: 14,377
2025-06-17 10:30:50 - Adding platform group 278 for client Zerohi - SUCCESS
2025-06-17 10:33:46 - clientPlatform processing for: deschka
2025-06-17 10:33:46 - Client info: , Platform: Windows, Groups: 265,377
2025-06-17 10:33:46 - Adding platform group 278 for client deschka - SUCCESS
2025-06-17 10:37:02 - clientPlatform processing for: gotti
2025-06-17 10:37:02 - Client info: , Platform: Windows, Groups: 264,377
2025-06-17 10:37:02 - Adding platform group 278 for client gotti - SUCCESS
2025-06-17 10:47:43 - clientPlatform processing for: pipisin
2025-06-17 10:47:43 - Client info: , Platform: Windows, Groups: 17,377
2025-06-17 10:47:43 - Adding platform group 278 for client pipisin - SUCCESS
2025-06-17 11:05:54 - clientPlatform processing for: Mr..Fury
2025-06-17 11:05:54 - Client info: , Platform: Windows, Groups: 263,377
2025-06-17 11:05:54 - Adding platform group 278 for client Mr..Fury - SUCCESS
2025-06-17 11:12:46 - clientPlatform processing for: hui
2025-06-17 11:12:46 - Client info: , Platform: Windows, Groups: 266,377
2025-06-17 11:12:46 - Adding platform group 278 for client hui - SUCCESS
2025-06-17 11:18:17 - clientPlatform processing for: Amirali
2025-06-17 11:18:17 - Client info: , Platform: Windows, Groups: 13,377
2025-06-17 11:18:17 - Adding platform group 278 for client Amirali - SUCCESS
2025-06-17 11:24:07 - clientPlatform processing for: Viko(ع)
2025-06-17 11:24:07 - Client info: , Platform: Windows, Groups: 13,377
2025-06-17 11:24:07 - Adding platform group 278 for client Viko(ع) - SUCCESS
2025-06-17 11:58:51 - clientPlatform processing for: H0R0Z
2025-06-17 11:58:51 - Client info: , Platform: Windows, Groups: 266,377
2025-06-17 11:58:51 - Adding platform group 278 for client H0R0Z - SUCCESS
2025-06-17 12:05:35 - clientPlatform processing for: w1nd1x
2025-06-17 12:05:35 - Client info: , Platform: Windows, Groups: 266,377
2025-06-17 12:05:35 - Adding platform group 278 for client w1nd1x - SUCCESS
2025-06-17 12:09:42 - clientPlatform processing for: TeamSpeakUser
2025-06-17 12:09:42 - Client info: , Platform: Windows, Groups: 264,377
2025-06-17 12:09:42 - Adding platform group 278 for client TeamSpeakUser - SUCCESS
2025-06-17 12:18:51 - clientPlatform processing for: Amirali
2025-06-17 12:18:51 - Client info: , Platform: Windows, Groups: 13,377
2025-06-17 12:18:51 - Adding platform group 278 for client Amirali - SUCCESS
2025-06-17 12:19:18 - clientPlatform processing for: ajab
2025-06-17 12:19:18 - Client info: , Platform: Windows, Groups: 7
2025-06-17 12:19:18 - Adding platform group 278 for client ajab - SUCCESS
2025-06-17 12:21:38 - clientPlatform processing for: ajab
2025-06-17 12:21:38 - Client info: , Platform: Windows, Groups: 8,369
2025-06-17 12:21:38 - Adding platform group 278 for client ajab - SUCCESS
2025-06-17 12:23:28 - clientPlatform processing for: deschka
2025-06-17 12:23:28 - Client info: , Platform: Windows, Groups: 265,377
2025-06-17 12:23:28 - Adding platform group 278 for client deschka - SUCCESS
2025-06-17 12:23:47 - clientPlatform processing for: Amirali
2025-06-17 12:23:47 - Client info: , Platform: Windows, Groups: 13,377
2025-06-17 12:23:47 - Adding platform group 278 for client Amirali - SUCCESS
2025-06-17 12:32:17 - clientPlatform processing for: Vicinnnt
2025-06-17 12:32:17 - Client info: , Platform: Windows, Groups: 266,377
2025-06-17 12:32:17 - Adding platform group 278 for client Vicinnnt - SUCCESS
2025-06-17 12:41:16 - clientPlatform processing for: poka
2025-06-17 12:41:16 - Client info: , Platform: Windows, Groups: 266,377
2025-06-17 12:41:16 - Adding platform group 278 for client poka - SUCCESS
2025-06-17 12:41:31 - clientPlatform processing for: Patiencé
2025-06-17 12:41:31 - Client info: , Platform: Windows, Groups: 17,377
2025-06-17 12:41:31 - Adding platform group 278 for client Patiencé - SUCCESS
2025-06-17 12:41:42 - clientPlatform processing for: Kennydr4cuL
2025-06-17 12:41:42 - Client info: , Platform: Windows, Groups: 14,377
2025-06-17 12:41:42 - Adding platform group 278 for client Kennydr4cuL - SUCCESS
2025-06-17 12:46:24 - clientPlatform processing for: poka
2025-06-17 12:46:24 - Client info: , Platform: Windows, Groups: 266,377
2025-06-17 12:46:24 - Adding platform group 278 for client poka - SUCCESS
2025-06-17 12:51:30 - clientPlatform processing for: Tyros Janos
2025-06-17 12:51:30 - Client info: , Platform: Windows, Groups: 12,369
2025-06-17 12:51:30 - Adding platform group 278 for client Tyros Janos - SUCCESS
2025-06-17 12:54:20 - clientPlatform processing for: ajab
2025-06-17 12:54:20 - Client info: , Platform: Windows, Groups: 8,369
2025-06-17 12:54:20 - Adding platform group 278 for client ajab - SUCCESS
2025-06-17 12:55:04 - clientPlatform processing for: Tyros Janos
2025-06-17 12:55:04 - Client info: , Platform: Windows, Groups: 12,369
2025-06-17 12:55:04 - Adding platform group 278 for client Tyros Janos - SUCCESS
2025-06-17 12:55:29 - clientPlatform processing for: ajab
2025-06-17 12:55:29 - Client info: , Platform: Windows, Groups: 8,369
2025-06-17 12:55:29 - Adding platform group 278 for client ajab - SUCCESS
2025-06-17 12:59:54 - clientPlatform processing for: Tyros Janos
2025-06-17 12:59:54 - Client info: , Platform: Windows, Groups: 12,369
2025-06-17 12:59:54 - Adding platform group 278 for client Tyros Janos - SUCCESS
2025-06-17 13:00:56 - clientPlatform processing for: H0R0Z
2025-06-17 13:00:56 - Client info: , Platform: Windows, Groups: 266,377
2025-06-17 13:00:56 - Adding platform group 278 for client H0R0Z - SUCCESS
2025-06-17 13:01:19 - clientPlatform processing for: H0R0Z
2025-06-17 13:01:19 - Client info: , Platform: Windows, Groups: 266,377
2025-06-17 13:01:19 - Adding platform group 278 for client H0R0Z - SUCCESS
2025-06-17 13:07:08 - clientPlatform processing for: gotti
2025-06-17 13:07:08 - Client info: , Platform: Windows, Groups: 264,377
2025-06-17 13:07:08 - Adding platform group 278 for client gotti - SUCCESS
2025-06-17 13:07:15 - clientPlatform processing for: Zerohi
2025-06-17 13:07:15 - Client info: , Platform: Windows, Groups: 14,377
2025-06-17 13:07:15 - Adding platform group 278 for client Zerohi - SUCCESS
2025-06-17 13:08:29 - clientPlatform processing for: Tyros Janos
2025-06-17 13:08:29 - Client info: , Platform: Windows, Groups: 12,369
2025-06-17 13:08:29 - Adding platform group 278 for client Tyros Janos - SUCCESS
2025-06-17 13:15:24 - clientPlatform processing for: Amirali
2025-06-17 13:15:24 - Client info: , Platform: Windows, Groups: 13,377
2025-06-17 13:15:24 - Adding platform group 278 for client Amirali - SUCCESS
2025-06-17 13:16:50 - clientPlatform processing for: ajab
2025-06-17 13:16:50 - Client info: , Platform: Windows, Groups: 8,369
2025-06-17 13:16:50 - Adding platform group 278 for client ajab - SUCCESS
2025-06-17 13:19:49 - clientPlatform processing for: Amirali
2025-06-17 13:19:49 - Client info: , Platform: Windows, Groups: 13,377
2025-06-17 13:19:49 - Adding platform group 278 for client Amirali - SUCCESS
2025-06-17 13:21:14 - clientPlatform processing for: ajab
2025-06-17 13:21:14 - Client info: , Platform: Windows, Groups: 8,369
2025-06-17 13:21:14 - Adding platform group 278 for client ajab - SUCCESS
2025-06-17 13:22:13 - clientPlatform processing for: don
2025-06-17 13:22:13 - Client info: , Platform: Windows, Groups: 265,377
2025-06-17 13:22:13 - Adding platform group 278 for client don - SUCCESS
2025-06-17 13:26:34 - clientPlatform processing for: x7uned 🌊
2025-06-17 13:26:34 - Client info: , Platform: Windows, Groups: 17,377
2025-06-17 13:26:34 - Adding platform group 278 for client x7uned 🌊 - SUCCESS
2025-06-17 13:32:37 - clientPlatform processing for: Young
2025-06-17 13:32:37 - Client info: , Platform: Windows, Groups: 12,369
2025-06-17 13:32:37 - Adding platform group 278 for client Young - SUCCESS
2025-06-17 13:32:55 - clientPlatform processing for: oung
2025-06-17 13:32:55 - Client info: , Platform: Windows, Groups: 12,369
2025-06-17 13:32:55 - Adding platform group 278 for client oung - SUCCESS
2025-06-17 13:33:04 - clientPlatform processing for: billy nogami
2025-06-17 13:33:04 - Client info: , Platform: Windows, Groups: 15,377
2025-06-17 13:33:04 - Adding platform group 278 for client billy nogami - SUCCESS
2025-06-17 13:34:01 - clientPlatform processing for: DADA
2025-06-17 13:34:01 - Client info: , Platform: Windows, Groups: 266,377
2025-06-17 13:34:01 - Adding platform group 278 for client DADA - SUCCESS
2025-06-17 13:34:07 - clientPlatform processing for: x7uned 🌊
2025-06-17 13:34:07 - Client info: , Platform: Windows, Groups: 17,377
2025-06-17 13:34:07 - Adding platform group 278 for client x7uned 🌊 - SUCCESS
2025-06-17 13:35:49 - clientPlatform processing for: Amirali
2025-06-17 13:35:49 - Client info: , Platform: Windows, Groups: 13,377
2025-06-17 13:35:49 - Adding platform group 278 for client Amirali - SUCCESS
2025-06-17 13:37:24 - clientPlatform processing for: kaito
2025-06-17 13:37:24 - Client info: , Platform: Windows, Groups: 14,377
2025-06-17 13:37:24 - Adding platform group 278 for client kaito - SUCCESS
2025-06-17 13:38:19 - clientPlatform processing for: Tyros Janos
2025-06-17 13:38:19 - Client info: , Platform: Windows, Groups: 12,369
2025-06-17 13:38:19 - Adding platform group 278 for client Tyros Janos - SUCCESS
2025-06-17 13:38:41 - clientPlatform processing for: Amirali
2025-06-17 13:38:41 - Client info: , Platform: Windows, Groups: 13,377
2025-06-17 13:38:41 - Adding platform group 278 for client Amirali - SUCCESS
2025-06-17 13:40:45 - clientPlatform processing for: poka
2025-06-17 13:40:45 - Client info: , Platform: Windows, Groups: 266,377
2025-06-17 13:40:45 - Adding platform group 278 for client poka - SUCCESS
2025-06-17 13:41:20 - clientPlatform processing for: Amirali
2025-06-17 13:41:20 - Client info: , Platform: Windows, Groups: 13,377
2025-06-17 13:41:20 - Adding platform group 278 for client Amirali - SUCCESS
2025-06-17 13:42:42 - clientPlatform processing for: Amirali
2025-06-17 13:42:42 - Client info: , Platform: Windows, Groups: 13,377
2025-06-17 13:42:42 - Adding platform group 278 for client Amirali - SUCCESS
2025-06-17 13:43:28 - clientPlatform processing for: Viko(ع)
2025-06-17 13:43:28 - Client info: , Platform: Windows, Groups: 13,377
2025-06-17 13:43:28 - Adding platform group 278 for client Viko(ع) - SUCCESS
2025-06-17 13:44:35 - clientPlatform processing for: hui
2025-06-17 13:44:35 - Client info: , Platform: Windows, Groups: 266,377
2025-06-17 13:44:35 - Adding platform group 278 for client hui - SUCCESS
2025-06-17 13:46:51 - clientPlatform processing for: Mnwh
2025-06-17 13:46:51 - Client info: , Platform: Windows, Groups: 265,377
2025-06-17 13:46:51 - Adding platform group 278 for client Mnwh - SUCCESS
2025-06-17 13:47:03 - clientPlatform processing for: Ejpíček
2025-06-17 13:47:03 - Client info: , Platform: Windows, Groups: 13,377
2025-06-17 13:47:03 - Adding platform group 278 for client Ejpíček - SUCCESS
2025-06-17 13:47:19 - clientPlatform processing for: Skylord
2025-06-17 13:47:19 - Client info: , Platform: Windows, Groups: 266,377
2025-06-17 13:47:20 - Adding platform group 278 for client Skylord - SUCCESS
2025-06-17 13:48:03 - clientPlatform processing for: Amirali
2025-06-17 13:48:03 - Client info: , Platform: Windows, Groups: 13,377
2025-06-17 13:48:03 - Adding platform group 278 for client Amirali - SUCCESS
2025-06-17 13:49:25 - clientPlatform processing for: Amirali
2025-06-17 13:49:25 - Client info: , Platform: Windows, Groups: 13,377
2025-06-17 13:49:25 - Adding platform group 278 for client Amirali - SUCCESS
2025-06-17 13:50:20 - clientPlatform processing for: ajab
2025-06-17 13:50:20 - Client info: , Platform: Windows, Groups: 8,369
2025-06-17 13:50:20 - Adding platform group 278 for client ajab - SUCCESS
2025-06-17 13:54:23 - clientPlatform processing for: Jahodový Knedl
2025-06-17 13:54:23 - Client info: , Platform: Windows, Groups: 13,377
2025-06-17 13:54:23 - Adding platform group 278 for client Jahodový Knedl - SUCCESS
2025-06-17 13:59:46 - clientPlatform processing for: ajab
2025-06-17 13:59:46 - Client info: , Platform: Windows, Groups: 9,369
2025-06-17 13:59:46 - Adding platform group 278 for client ajab - SUCCESS
2025-06-17 14:02:10 - clientPlatform processing for: ajab
2025-06-17 14:02:10 - Client info: , Platform: Windows, Groups: 9,369
2025-06-17 14:02:10 - Adding platform group 278 for client ajab - SUCCESS
2025-06-17 14:04:58 - clientPlatform processing for: ajab
2025-06-17 14:04:58 - Client info: , Platform: Windows, Groups: 9,369
2025-06-17 14:04:58 - Adding platform group 278 for client ajab - SUCCESS
2025-06-17 14:06:30 - clientPlatform processing for: Tyros Janos
2025-06-17 14:06:30 - Client info: , Platform: Windows, Groups: 12,369
2025-06-17 14:06:30 - Adding platform group 278 for client Tyros Janos - SUCCESS
2025-06-17 14:06:30 - clientPlatform processing for: Tyros Janos
2025-06-17 14:06:30 - Client info: , Platform: Windows, Groups: 12,369
2025-06-17 14:06:30 - Group already assigned (detected from error), skipping
2025-06-17 14:06:30 - Adding platform group 278 for client Tyros Janos - SUCCESS
2025-06-17 14:06:30 - clientPlatform processing for: Tyros Janos
2025-06-17 14:06:30 - Client info: , Platform: Windows, Groups: 12,369
2025-06-17 14:06:30 - Group already assigned (detected from error), skipping
2025-06-17 14:06:30 - Adding platform group 278 for client Tyros Janos - SUCCESS
2025-06-17 14:07:00 - clientPlatform processing for: ajab
2025-06-17 14:07:00 - Client info: , Platform: Windows, Groups: 9,369
2025-06-17 14:07:00 - Adding platform group 278 for client ajab - SUCCESS
2025-06-17 14:07:07 - clientPlatform processing for: aeRR
2025-06-17 14:07:07 - Client info: , Platform: Windows, Groups: 17,377
2025-06-17 14:07:07 - Adding platform group 278 for client aeRR - SUCCESS
2025-06-17 14:08:31 - clientPlatform processing for: ajab
2025-06-17 14:08:31 - Client info: , Platform: Windows, Groups: 9,369
2025-06-17 14:08:31 - Adding platform group 278 for client ajab - SUCCESS
2025-06-17 14:08:44 - clientPlatform processing for: killmongr
2025-06-17 14:08:44 - Client info: , Platform: Windows, Groups: 12,377
2025-06-17 14:08:44 - Adding platform group 278 for client killmongr - SUCCESS
2025-06-17 14:09:35 - clientPlatform processing for: Amirali
2025-06-17 14:09:35 - Client info: , Platform: Windows, Groups: 13,377
2025-06-17 14:09:35 - Adding platform group 278 for client Amirali - SUCCESS
2025-06-17 14:10:13 - clientPlatform processing for: killmongr
2025-06-17 14:10:13 - Client info: , Platform: Windows, Groups: 12,377
2025-06-17 14:10:13 - Adding platform group 278 for client killmongr - SUCCESS
2025-06-17 14:10:28 - clientPlatform processing for: Cheers
2025-06-17 14:10:28 - Client info: , Platform: Windows, Groups: 12,377
2025-06-17 14:10:28 - Adding platform group 278 for client Cheers - SUCCESS
2025-06-17 14:11:19 - clientPlatform processing for: yunus
2025-06-17 14:11:19 - Client info: , Platform: Windows, Groups: 14,377
2025-06-17 14:11:19 - Adding platform group 278 for client yunus - SUCCESS
2025-06-17 14:11:44 - clientPlatform processing for: ajab
2025-06-17 14:11:44 - Client info: , Platform: Windows, Groups: 9,369
2025-06-17 14:11:44 - Adding platform group 278 for client ajab - SUCCESS
2025-06-17 14:13:48 - clientPlatform processing for: Hisoka
2025-06-17 14:13:48 - Client info: , Platform: Windows, Groups: 12,377
2025-06-17 14:13:48 - Adding platform group 278 for client Hisoka - SUCCESS
2025-06-17 14:22:27 - clientPlatform processing for: Rpzinho
2025-06-17 14:22:27 - Client info: , Platform: Windows, Groups: 7
2025-06-17 14:22:27 - Adding platform group 278 for client Rpzinho - SUCCESS
2025-06-17 14:24:19 - clientPlatform processing for: Cheers
2025-06-17 14:24:19 - Client info: , Platform: Windows, Groups: 12,377
2025-06-17 14:24:19 - Adding platform group 278 for client Cheers - SUCCESS
2025-06-17 14:28:12 - clientPlatform processing for: Tileks
2025-06-17 14:28:12 - Client info: , Platform: Windows, Groups: 10,369
2025-06-17 14:28:12 - Adding platform group 278 for client Tileks - SUCCESS
2025-06-17 14:34:24 - clientPlatform processing for: Rpzinho
2025-06-17 14:34:24 - Client info: , Platform: Windows, Groups: 8,369
2025-06-17 14:34:24 - Adding platform group 278 for client Rpzinho - SUCCESS
2025-06-17 14:35:09 - clientPlatform processing for: ajab
2025-06-17 14:35:09 - Client info: , Platform: Windows, Groups: 9,369
2025-06-17 14:35:09 - Adding platform group 278 for client ajab - SUCCESS
2025-06-17 14:35:34 - clientPlatform processing for: 1ongxu
2025-06-17 14:35:34 - Client info: , Platform: Windows, Groups: 12,377
2025-06-17 14:35:34 - Adding platform group 278 for client 1ongxu - SUCCESS
2025-06-17 14:45:45 - clientPlatform processing for: ajab
2025-06-17 14:45:45 - Client info: , Platform: Windows, Groups: 9,369
2025-06-17 14:45:45 - Adding platform group 278 for client ajab - SUCCESS
2025-06-17 14:47:15 - clientPlatform processing for: Harry
2025-06-17 14:47:15 - Client info: , Platform: Windows, Groups: 13,377
2025-06-17 14:47:15 - Adding platform group 278 for client Harry - SUCCESS
2025-06-17 14:47:25 - clientPlatform processing for: ajab
2025-06-17 14:47:25 - Client info: , Platform: Windows, Groups: 9,369
2025-06-17 14:47:25 - Adding platform group 278 for client ajab - SUCCESS
2025-06-17 14:49:08 - clientPlatform processing for: Cheers
2025-06-17 14:49:08 - Client info: , Platform: Windows, Groups: 12,377
2025-06-17 14:49:08 - Adding platform group 278 for client Cheers - SUCCESS
2025-06-17 14:49:17 - clientPlatform processing for: ajab
2025-06-17 14:49:17 - Client info: , Platform: Windows, Groups: 9,369
2025-06-17 14:49:17 - Adding platform group 278 for client ajab - SUCCESS
2025-06-17 14:50:23 - clientPlatform processing for: Rpzinho
2025-06-17 14:50:23 - Client info: , Platform: Windows, Groups: 8,369
2025-06-17 14:50:23 - Adding platform group 278 for client Rpzinho - SUCCESS
2025-06-17 14:51:49 - clientPlatform processing for: Cheers
2025-06-17 14:51:49 - Client info: , Platform: Windows, Groups: 12,377
2025-06-17 14:51:49 - Adding platform group 278 for client Cheers - SUCCESS
2025-06-17 14:52:04 - clientPlatform processing for: Rpzinho
2025-06-17 14:52:04 - Client info: , Platform: Windows, Groups: 8,369
2025-06-17 14:52:04 - Adding platform group 278 for client Rpzinho - SUCCESS
2025-06-17 14:52:13 - clientPlatform processing for: ajab
2025-06-17 14:52:13 - Client info: , Platform: Windows, Groups: 9,369
2025-06-17 14:52:13 - Adding platform group 278 for client ajab - SUCCESS
2025-06-17 14:52:28 - clientPlatform processing for: -=RazoR=-
2025-06-17 14:52:28 - Client info: , Platform: Windows, Groups: 7
2025-06-17 14:52:28 - Adding platform group 278 for client -=RazoR=- - SUCCESS
2025-06-17 14:55:15 - clientPlatform processing for: Ghost
2025-06-17 14:55:15 - Client info: , Platform: Windows, Groups: 19,377
2025-06-17 14:55:15 - Adding platform group 278 for client Ghost - SUCCESS
2025-06-17 14:56:04 - clientPlatform processing for: Gosh
2025-06-17 14:56:04 - Client info: , Platform: Windows, Groups: 17,377
2025-06-17 14:56:04 - Adding platform group 278 for client Gosh - SUCCESS
2025-06-17 14:56:06 - clientPlatform processing for: ajab
2025-06-17 14:56:06 - Client info: , Platform: Windows, Groups: 9,369
2025-06-17 14:56:06 - Adding platform group 278 for client ajab - SUCCESS
2025-06-17 14:58:45 - clientPlatform processing for: kaito
2025-06-17 14:58:45 - Client info: , Platform: Windows, Groups: 14,377
2025-06-17 14:58:45 - Adding platform group 278 for client kaito - SUCCESS
2025-06-17 14:59:23 - clientPlatform processing for: Amirali
2025-06-17 14:59:23 - Client info: , Platform: Windows, Groups: 13,377
2025-06-17 14:59:23 - Adding platform group 278 for client Amirali - SUCCESS
2025-06-17 14:59:27 - clientPlatform processing for: Chris
2025-06-17 14:59:27 - Client info: , Platform: Windows, Groups: 18,377
2025-06-17 14:59:27 - Adding platform group 278 for client Chris - SUCCESS
2025-06-17 15:03:42 - clientPlatform processing for: Hisoka
2025-06-17 15:03:42 - Client info: , Platform: Windows, Groups: 12,377
2025-06-17 15:03:42 - Adding platform group 278 for client Hisoka - SUCCESS
2025-06-17 15:05:41 - clientPlatform processing for: ZeyphiZ
2025-06-17 15:05:41 - Client info: , Platform: Windows, Groups: 14,377
2025-06-17 15:05:41 - Adding platform group 278 for client ZeyphiZ - SUCCESS
2025-06-17 15:05:56 - clientPlatform processing for: ajab
2025-06-17 15:05:56 - Client info: , Platform: Windows, Groups: 9,369
2025-06-17 15:05:56 - Adding platform group 278 for client ajab - SUCCESS
2025-06-17 15:06:20 - clientPlatform processing for: Andy
2025-06-17 15:06:20 - Client info: , Platform: Windows, Groups: 266,377
2025-06-17 15:06:20 - Adding platform group 278 for client Andy - SUCCESS
2025-06-17 15:07:12 - clientPlatform processing for: dillinger
2025-06-17 15:07:12 - Client info: , Platform: Windows, Groups: 266,377
2025-06-17 15:07:12 - Adding platform group 278 for client dillinger - SUCCESS
2025-06-17 15:08:28 - clientPlatform processing for: deschka
2025-06-17 15:08:28 - Client info: , Platform: Windows, Groups: 266,377
2025-06-17 15:08:28 - Adding platform group 278 for client deschka - SUCCESS
2025-06-17 15:09:19 - clientPlatform processing for: добрий вечір
2025-06-17 15:09:19 - Client info: , Platform: Windows, Groups: 14,377
2025-06-17 15:09:19 - Adding platform group 278 for client добрий вечір - SUCCESS
2025-06-17 15:09:51 - clientPlatform processing for: ван гогг
2025-06-17 15:09:51 - Client info: , Platform: Windows, Groups: 14,377
2025-06-17 15:09:51 - Adding platform group 278 for client ван гогг - SUCCESS
2025-06-17 15:10:16 - clientPlatform processing for: aleksa
2025-06-17 15:10:16 - Client info: , Platform: Windows, Groups: 266,377
2025-06-17 15:10:16 - Adding platform group 278 for client aleksa - SUCCESS
2025-06-17 15:10:27 - clientPlatform processing for: aleksa
2025-06-17 15:10:27 - Client info: , Platform: Windows, Groups: 266,377
2025-06-17 15:10:27 - Adding platform group 278 for client aleksa - SUCCESS
2025-06-17 15:10:48 - clientPlatform processing for: aleksa
2025-06-17 15:10:48 - Client info: , Platform: Windows, Groups: 266,278,344,377,435
2025-06-17 15:10:48 - Client already has platform group 278
2025-06-17 15:12:41 - clientPlatform processing for: Fornax013
2025-06-17 15:12:41 - Client info: , Platform: Windows, Groups: 266,377
2025-06-17 15:12:41 - Adding platform group 278 for client Fornax013 - SUCCESS
2025-06-17 15:13:10 - clientPlatform processing for: ajab
2025-06-17 15:13:10 - Client info: , Platform: Windows, Groups: 9,369
2025-06-17 15:13:10 - Adding platform group 278 for client ajab - SUCCESS
2025-06-17 15:13:17 - clientPlatform processing for: Tyros Janos
2025-06-17 15:13:17 - Client info: , Platform: Windows, Groups: 12,369
2025-06-17 15:13:17 - Adding platform group 278 for client Tyros Janos - SUCCESS
2025-06-17 15:15:08 - clientPlatform processing for: Dazer
2025-06-17 15:15:08 - Client info: , Platform: Windows, Groups: 12,377
2025-06-17 15:15:08 - Adding platform group 278 for client Dazer - SUCCESS
2025-06-17 15:15:41 - clientPlatform processing for: SysmoUsercid=140
2025-06-17 15:15:41 - Client info: , Platform: Windows, Groups: 14,377
2025-06-17 15:15:41 - Adding platform group 278 for client SysmoUsercid=140 - SUCCESS
2025-06-17 15:21:04 - clientPlatform processing for: hui
2025-06-17 15:21:04 - Client info: , Platform: Windows, Groups: 266,377
2025-06-17 15:21:04 - Adding platform group 278 for client hui - SUCCESS
2025-06-17 15:21:38 - clientPlatform processing for: Tyros Janos
2025-06-17 15:21:38 - Client info: , Platform: Windows, Groups: 12,369
2025-06-17 15:21:38 - Adding platform group 278 for client Tyros Janos - SUCCESS
2025-06-17 15:26:06 - clientPlatform processing for: ajab
2025-06-17 15:26:06 - Client info: , Platform: Windows, Groups: 9,369
2025-06-17 15:26:06 - Adding platform group 278 for client ajab - SUCCESS
2025-06-17 15:28:38 - clientPlatform processing for: Tyros Janos
2025-06-17 15:28:38 - Client info: , Platform: Windows, Groups: 12,369
2025-06-17 15:28:38 - Adding platform group 278 for client Tyros Janos - SUCCESS
2025-06-17 15:30:40 - clientPlatform processing for: R6M4IN
2025-06-17 15:30:40 - Client info: , Platform: Windows, Groups: 266,377
2025-06-17 15:30:40 - Adding platform group 278 for client R6M4IN - SUCCESS
2025-06-17 15:32:52 - clientPlatform processing for: ajab
2025-06-17 15:32:52 - Client info: , Platform: Windows, Groups: 9,369
2025-06-17 15:32:52 - Adding platform group 278 for client ajab - SUCCESS
2025-06-17 15:33:26 - clientPlatform processing for: SysmoUsercid=140
2025-06-17 15:33:26 - Client info: , Platform: Windows, Groups: 14,377
2025-06-17 15:33:26 - Adding platform group 278 for client SysmoUsercid=140 - SUCCESS
2025-06-17 15:35:29 - clientPlatform processing for: kayanyildz
2025-06-17 15:35:29 - Client info: , Platform: Windows, Groups: 266,377
2025-06-17 15:35:29 - Adding platform group 278 for client kayanyildz - SUCCESS
2025-06-17 15:35:43 - clientPlatform processing for: gotti
2025-06-17 15:35:43 - Client info: , Platform: Windows, Groups: 264,377
2025-06-17 15:35:43 - Adding platform group 278 for client gotti - SUCCESS
2025-06-17 15:35:58 - clientPlatform processing for: ajab
2025-06-17 15:35:58 - Client info: , Platform: Windows, Groups: 9,369
2025-06-17 15:35:58 - Adding platform group 278 for client ajab - SUCCESS
2025-06-17 15:36:25 - clientPlatform processing for: SNAC-Ahmet
2025-06-17 15:36:25 - Client info: , Platform: Windows, Groups: 266,377
2025-06-17 15:36:25 - Adding platform group 278 for client SNAC-Ahmet - SUCCESS
2025-06-17 15:39:07 - clientPlatform processing for: Tyros Janos
2025-06-17 15:39:07 - Client info: , Platform: Windows, Groups: 12,369
2025-06-17 15:39:07 - Adding platform group 278 for client Tyros Janos - SUCCESS
2025-06-17 15:39:29 - clientPlatform processing for: Zerohi
2025-06-17 15:39:29 - Client info: , Platform: Windows, Groups: 14,377
2025-06-17 15:39:29 - Adding platform group 278 for client Zerohi - SUCCESS
2025-06-17 15:39:46 - clientPlatform processing for: Cheers
2025-06-17 15:39:46 - Client info: , Platform: Windows, Groups: 12,377
2025-06-17 15:39:46 - Adding platform group 278 for client Cheers - SUCCESS
2025-06-17 15:40:15 - clientPlatform processing for: KC_Agee
2025-06-17 15:40:15 - Client info: , Platform: Windows, Groups: 13,377
2025-06-17 15:40:15 - Adding platform group 278 for client KC_Agee - SUCCESS
2025-06-17 15:41:02 - clientPlatform processing for: Боцман777
2025-06-17 15:41:02 - Client info: , Platform: Windows, Groups: 18,377
2025-06-17 15:41:02 - Adding platform group 278 for client Боцман777 - SUCCESS
2025-06-17 15:41:30 - clientPlatform processing for: Cheers
2025-06-17 15:41:30 - Client info: , Platform: Windows, Groups: 12,377
2025-06-17 15:41:30 - Adding platform group 278 for client Cheers - SUCCESS
2025-06-17 15:46:34 - clientPlatform processing for: Venta
2025-06-17 15:46:34 - Client info: , Platform: Windows, Groups: 14,377
2025-06-17 15:46:34 - Adding platform group 278 for client Venta - SUCCESS
2025-06-17 15:49:01 - clientPlatform processing for: gotti
2025-06-17 15:49:01 - Client info: , Platform: Windows, Groups: 264,377
2025-06-17 15:49:01 - Adding platform group 278 for client gotti - SUCCESS
2025-06-17 15:51:14 - clientPlatform processing for: Tyros Janos
2025-06-17 15:51:14 - Client info: , Platform: Windows, Groups: 12,369
2025-06-17 15:51:14 - Adding platform group 278 for client Tyros Janos - SUCCESS
2025-06-17 15:51:43 - clientPlatform processing for: Stalker
2025-06-17 15:51:43 - Client info: , Platform: Windows, Groups: 12,377
2025-06-17 15:51:43 - Adding platform group 278 for client Stalker - SUCCESS
2025-06-17 15:52:49 - clientPlatform processing for: gotti
2025-06-17 15:52:49 - Client info: , Platform: Windows, Groups: 264,377
2025-06-17 15:52:49 - Adding platform group 278 for client gotti - SUCCESS
2025-06-17 15:53:46 - clientPlatform processing for: Tyros Janos
2025-06-17 15:53:46 - Client info: , Platform: Windows, Groups: 12,369
2025-06-17 15:53:46 - Adding platform group 278 for client Tyros Janos - SUCCESS
2025-06-17 15:56:20 - clientPlatform processing for: Jaws
2025-06-17 15:56:20 - Client info: , Platform: Windows, Groups: 266,377
2025-06-17 15:56:20 - Adding platform group 278 for client Jaws - SUCCESS
2025-06-17 15:57:01 - clientPlatform processing for: Tyros Janos
2025-06-17 15:57:01 - Client info: , Platform: Windows, Groups: 12,369
2025-06-17 15:57:01 - Adding platform group 278 for client Tyros Janos - SUCCESS
2025-06-17 15:58:20 - clientPlatform processing for: Cheers
2025-06-17 15:58:20 - Client info: , Platform: Windows, Groups: 12,377
2025-06-17 15:58:20 - Adding platform group 278 for client Cheers - SUCCESS
2025-06-17 15:59:01 - clientPlatform processing for: hui
2025-06-17 15:59:01 - Client info: , Platform: Windows, Groups: 266,377
2025-06-17 15:59:01 - Adding platform group 278 for client hui - SUCCESS
2025-06-17 15:59:28 - clientPlatform processing for: Cheers
2025-06-17 15:59:28 - Client info: , Platform: Windows, Groups: 12,377
2025-06-17 15:59:28 - Adding platform group 278 for client Cheers - SUCCESS
2025-06-17 15:59:36 - clientPlatform processing for: Tyros Janos
2025-06-17 15:59:36 - Client info: , Platform: Windows, Groups: 12,369
2025-06-17 15:59:36 - Adding platform group 278 for client Tyros Janos - SUCCESS
2025-06-17 16:02:10 - clientPlatform processing for: Tyros Janos
2025-06-17 16:02:10 - Client info: , Platform: Windows, Groups: 12,369
2025-06-17 16:02:10 - Adding platform group 278 for client Tyros Janos - SUCCESS
2025-06-17 16:04:21 - clientPlatform processing for: Doolph
2025-06-17 16:04:21 - Client info: , Platform: Windows, Groups: 266,377
2025-06-17 16:04:21 - Adding platform group 278 for client Doolph - SUCCESS
2025-06-17 16:07:48 - clientPlatform processing for: Tyros Janos
2025-06-17 16:07:48 - Client info: , Platform: Windows, Groups: 12,369
2025-06-17 16:07:48 - Adding platform group 278 for client Tyros Janos - SUCCESS
2025-06-17 16:08:28 - clientPlatform processing for: Cheers
2025-06-17 16:08:28 - Client info: , Platform: Windows, Groups: 12,377
2025-06-17 16:08:28 - Adding platform group 278 for client Cheers - SUCCESS
2025-06-17 16:10:26 - clientPlatform processing for: Asshole do not burn
2025-06-17 16:10:26 - Client info: , Platform: Windows, Groups: 263,377
2025-06-17 16:10:26 - Adding platform group 278 for client Asshole do not burn - SUCCESS
2025-06-17 16:15:24 - clientPlatform processing for: газанюх
2025-06-17 16:15:24 - Client info: , Platform: Windows, Groups: 10,369
2025-06-17 16:15:24 - Adding platform group 278 for client газанюх - SUCCESS
2025-06-17 16:15:39 - clientPlatform processing for: Tyros Janos
2025-06-17 16:15:39 - Client info: , Platform: Windows, Groups: 12,369
2025-06-17 16:15:39 - Adding platform group 278 for client Tyros Janos - SUCCESS
2025-06-17 16:15:50 - clientPlatform processing for: LisssTzz
2025-06-17 16:15:50 - Client info: , Platform: Windows, Groups: 14,377
2025-06-17 16:15:50 - Adding platform group 278 for client LisssTzz - SUCCESS
2025-06-17 16:15:56 - clientPlatform processing for: zasosa1o
2025-06-17 16:15:56 - Client info: , Platform: Windows, Groups: 13,377
2025-06-17 16:15:56 - Adding platform group 278 for client zasosa1o - SUCCESS
2025-06-17 16:16:25 - clientPlatform processing for: choppa
2025-06-17 16:16:25 - Client info: , Platform: Windows, Groups: 266,377
2025-06-17 16:16:25 - Adding platform group 278 for client choppa - SUCCESS
2025-06-17 16:17:18 - clientPlatform processing for: Cheers
2025-06-17 16:17:18 - Client info: , Platform: Windows, Groups: 12,377
2025-06-17 16:17:18 - Adding platform group 278 for client Cheers - SUCCESS
2025-06-17 16:17:19 - clientPlatform processing for: choppa
2025-06-17 16:17:19 - Client info: , Platform: Windows, Groups: 266,377
2025-06-17 16:17:19 - Adding platform group 278 for client choppa - SUCCESS
2025-06-17 16:18:32 - clientPlatform processing for: Tyros Janos
2025-06-17 16:18:32 - Client info: , Platform: Windows, Groups: 12,369
2025-06-17 16:18:32 - Adding platform group 278 for client Tyros Janos - SUCCESS
2025-06-17 16:21:51 - clientPlatform processing for: _TRELOS_
2025-06-17 16:21:51 - Client info: , Platform: Windows, Groups: 266,377
2025-06-17 16:21:51 - Adding platform group 278 for client _TRELOS_ - SUCCESS
2025-06-17 16:26:34 - clientPlatform processing for: 9898
2025-06-17 16:26:34 - Client info: , Platform: Windows, Groups: 12,377
2025-06-17 16:26:34 - Adding platform group 278 for client 9898 - SUCCESS
2025-06-17 16:29:17 - clientPlatform processing for: ayko
2025-06-17 16:29:17 - Client info: , Platform: Windows, Groups: 11,377
2025-06-17 16:29:17 - Adding platform group 278 for client ayko - SUCCESS
2025-06-17 16:29:41 - clientPlatform processing for: novii
2025-06-17 16:29:41 - Client info: , Platform: Windows, Groups: 18,377
2025-06-17 16:29:41 - Adding platform group 278 for client novii - SUCCESS
2025-06-17 16:29:55 - clientPlatform processing for: kaya
2025-06-17 16:29:55 - Client info: , Platform: Windows, Groups: 266,377
2025-06-17 16:29:55 - Adding platform group 278 for client kaya - SUCCESS
2025-06-17 16:30:38 - clientPlatform processing for: Pol'zovatel'
2025-06-17 16:30:38 - Client info: , Platform: Windows, Groups: 18,377
2025-06-17 16:30:38 - Adding platform group 278 for client Pol'zovatel' - SUCCESS
2025-06-17 16:33:13 - clientPlatform processing for: Cheers
2025-06-17 16:33:13 - Client info: , Platform: Windows, Groups: 12,377
2025-06-17 16:33:13 - Adding platform group 278 for client Cheers - SUCCESS
2025-06-17 16:33:58 - clientPlatform processing for: Rowyn
2025-06-17 16:33:58 - Client info: , Platform: Windows, Groups: 18,377
2025-06-17 16:33:59 - Adding platform group 278 for client Rowyn - SUCCESS
2025-06-17 16:34:48 - clientPlatform processing for: Cheers
2025-06-17 16:34:48 - Client info: , Platform: Windows, Groups: 12,377
2025-06-17 16:34:48 - Adding platform group 278 for client Cheers - SUCCESS
2025-06-17 16:39:08 - clientPlatform processing for: Saul
2025-06-17 16:39:08 - Client info: , Platform: Windows, Groups: 10,369
2025-06-17 16:39:08 - Adding platform group 278 for client Saul - SUCCESS
2025-06-17 16:39:58 - clientPlatform processing for: jajao
2025-06-17 16:39:58 - Client info: , Platform: Windows, Groups: 14,377
2025-06-17 16:39:58 - Adding platform group 278 for client jajao - SUCCESS
2025-06-17 16:40:18 - clientPlatform processing for: Atery
2025-06-17 16:40:18 - Client info: , Platform: Windows, Groups: 7
2025-06-17 16:40:18 - Adding platform group 278 for client Atery - SUCCESS
2025-06-17 16:40:36 - clientPlatform processing for: RHDRGRDGDFGESFSFDSFSEWADAWDSFD
2025-06-17 16:40:36 - Client info: , Platform: Windows, Groups: 8,369
2025-06-17 16:40:36 - Adding platform group 278 for client RHDRGRDGDFGESFSFDSFSEWADAWDSFD - SUCCESS
2025-06-17 16:40:46 - clientPlatform processing for: mocas
2025-06-17 16:40:46 - Client info: , Platform: Windows, Groups: 13,377
2025-06-17 16:40:46 - Adding platform group 278 for client mocas - SUCCESS
2025-06-17 16:40:56 - clientPlatform processing for: Tyros Janos
2025-06-17 16:40:56 - Client info: , Platform: Windows, Groups: 12,369
2025-06-17 16:40:56 - Adding platform group 278 for client Tyros Janos - SUCCESS
2025-06-17 16:41:05 - clientPlatform processing for: Потужний Фід
2025-06-17 16:41:05 - Client info: , Platform: Windows, Groups: 263,377
2025-06-17 16:41:05 - Adding platform group 278 for client Потужний Фід - SUCCESS
2025-06-17 16:41:25 - clientPlatform processing for: Venta
2025-06-17 16:41:25 - Client info: , Platform: Windows, Groups: 14,377
2025-06-17 16:41:25 - Adding platform group 278 for client Venta - SUCCESS
2025-06-17 16:44:00 - clientPlatform processing for: kaiizenn
2025-06-17 16:44:00 - Client info: , Platform: Windows, Groups: 26,377,382,399,400,436,437
2025-06-17 16:44:00 - Adding platform group 278 for client kaiizenn - SUCCESS
2025-06-17 16:44:26 - clientPlatform processing for: Omar
2025-06-17 16:44:26 - Client info: , Platform: Windows, Groups: 266,377
2025-06-17 16:44:26 - Adding platform group 278 for client Omar - SUCCESS
2025-06-17 16:46:57 - clientPlatform processing for: ajab
2025-06-17 16:46:57 - Client info: , Platform: Windows, Groups: 9,369
2025-06-17 16:46:57 - Adding platform group 278 for client ajab - SUCCESS
2025-06-17 16:49:44 - clientPlatform processing for: Shawaj
2025-06-17 16:49:44 - Client info: , Platform: Windows, Groups: 263,377
2025-06-17 16:49:44 - Adding platform group 278 for client Shawaj - SUCCESS
2025-06-17 16:50:41 - clientPlatform processing for: rodry
2025-06-17 16:50:41 - Client info: , Platform: Windows, Groups: 7
2025-06-17 16:50:41 - Adding platform group 278 for client rodry - SUCCESS
2025-06-17 17:01:42 - clientPlatform processing for: Ribella
2025-06-17 17:01:42 - Client info: , Platform: Windows, Groups: 18,377
2025-06-17 17:01:42 - Adding platform group 278 for client Ribella - SUCCESS
2025-06-17 17:05:36 - clientPlatform processing for: Tileks
2025-06-17 17:05:36 - Client info: , Platform: Windows, Groups: 11,369
2025-06-17 17:05:36 - Adding platform group 278 for client Tileks - SUCCESS
2025-06-17 17:11:17 - clientPlatform processing for: ajab
2025-06-17 17:11:17 - Client info: , Platform: Windows, Groups: 9,369
2025-06-17 17:11:17 - Adding platform group 278 for client ajab - SUCCESS
2025-06-17 17:13:16 - clientPlatform processing for: I ❤ 2 Dance
2025-06-17 17:13:16 - Client info: , Platform: Linux, Groups: 7
2025-06-17 17:13:16 - Adding platform group 279 for client I ❤ 2 Dance - SUCCESS
2025-06-17 17:13:26 - clientPlatform processing for: I ❤ 2 Dance
2025-06-17 17:13:26 - Client info: , Platform: Linux, Groups: 8,283,369
2025-06-17 17:13:26 - Adding platform group 279 for client I ❤ 2 Dance - SUCCESS
2025-06-17 17:13:35 - clientPlatform processing for: I ❤ 2 Dance
2025-06-17 17:13:35 - Client info: , Platform: Linux, Groups: 8,279,283,369
2025-06-17 17:13:35 - Client already has platform group 279
2025-06-17 17:23:07 - clientPlatform processing for: yondera
2025-06-17 17:23:07 - Client info: , Platform: Windows, Groups: 266,377
2025-06-17 17:23:07 - Adding platform group 278 for client yondera - SUCCESS
2025-06-17 17:26:22 - clientPlatform processing for: SNAC-Ahmet
2025-06-17 17:26:22 - Client info: , Platform: Windows, Groups: 266,377
2025-06-17 17:26:22 - Adding platform group 278 for client SNAC-Ahmet - SUCCESS
2025-06-17 17:26:25 - clientPlatform processing for: HanS
2025-06-17 17:26:25 - Client info: , Platform: Windows, Groups: 14,377
2025-06-17 17:26:25 - Adding platform group 278 for client HanS - SUCCESS
2025-06-17 17:35:05 - clientPlatform processing for: TeamSpeakUser
2025-06-17 17:35:05 - Client info: , Platform: Windows, Groups: 264,377
2025-06-17 17:35:05 - Adding platform group 278 for client TeamSpeakUser - SUCCESS
2025-06-17 17:41:33 - clientPlatform processing for: myarz
2025-06-17 17:41:33 - Client info: , Platform: Windows, Groups: 12,377
2025-06-17 17:41:33 - Adding platform group 278 for client myarz - SUCCESS
2025-06-17 17:42:42 - clientPlatform processing for: SmaD
2025-06-17 17:42:42 - Client info: , Platform: Windows, Groups: 12,377
2025-06-17 17:42:42 - Adding platform group 278 for client SmaD - SUCCESS
2025-06-17 17:42:56 - clientPlatform processing for: Cpt.BORODA
2025-06-17 17:42:56 - Client info: , Platform: Windows, Groups: 15,377
2025-06-17 17:42:56 - Adding platform group 278 for client Cpt.BORODA - SUCCESS
2025-06-17 17:45:15 - clientPlatform processing for: Omar
2025-06-17 17:45:15 - Client info: , Platform: Windows, Groups: 266,377
2025-06-17 17:45:15 - Adding platform group 278 for client Omar - SUCCESS
2025-06-17 17:47:06 - clientPlatform processing for: HanS
2025-06-17 17:47:06 - Client info: , Platform: Windows, Groups: 14,377
2025-06-17 17:47:06 - Adding platform group 278 for client HanS - SUCCESS
2025-06-17 17:48:49 - clientPlatform processing for: Князь Вандал Новгородский
2025-06-17 17:48:49 - Client info: , Platform: Windows, Groups: 263,377
2025-06-17 17:48:49 - Adding platform group 278 for client Князь Вандал Новгородский - SUCCESS
2025-06-17 17:50:26 - clientPlatform processing for: w1nd1x
2025-06-17 17:50:26 - Client info: , Platform: Windows, Groups: 266,377
2025-06-17 17:50:26 - Adding platform group 278 for client w1nd1x - SUCCESS
2025-06-17 17:50:57 - clientPlatform processing for: IDR1S
2025-06-17 17:50:57 - Client info: , Platform: Windows, Groups: 7
2025-06-17 17:50:57 - Adding platform group 278 for client IDR1S - SUCCESS
2025-06-17 17:51:46 - clientPlatform processing for: Hisoka
2025-06-17 17:51:46 - Client info: , Platform: Windows, Groups: 12,377
2025-06-17 17:51:46 - Adding platform group 278 for client Hisoka - SUCCESS
2025-06-17 17:52:55 - clientPlatform processing for: Hisoka
2025-06-17 17:52:55 - Client info: , Platform: Windows, Groups: 12,377
2025-06-17 17:52:55 - Adding platform group 278 for client Hisoka - SUCCESS
2025-06-17 17:53:36 - clientPlatform processing for: ywyw
2025-06-17 17:53:36 - Client info: , Platform: Windows, Groups: 266,377
2025-06-17 17:53:36 - Adding platform group 278 for client ywyw - SUCCESS
2025-06-17 17:53:53 - clientPlatform processing for: tikka345
2025-06-17 17:53:53 - Client info: , Platform: Windows, Groups: 14,377
2025-06-17 17:53:53 - Adding platform group 278 for client tikka345 - SUCCESS
2025-06-17 17:56:50 - clientPlatform processing for: den_strelok_498
2025-06-17 17:56:50 - Client info: , Platform: Windows, Groups: 266,377
2025-06-17 17:56:50 - Adding platform group 278 for client den_strelok_498 - SUCCESS
2025-06-17 17:56:51 - clientPlatform processing for: череп161
2025-06-17 17:56:51 - Client info: , Platform: Windows, Groups: 266,377
2025-06-17 17:56:51 - Adding platform group 278 for client череп161 - SUCCESS
2025-06-17 17:57:25 - clientPlatform processing for: череп161
2025-06-17 17:57:25 - Client info: , Platform: Windows, Groups: 266,377
2025-06-17 17:57:25 - Adding platform group 278 for client череп161 - SUCCESS
2025-06-17 17:57:46 - clientPlatform processing for: den_strelok_498
2025-06-17 17:57:46 - Client info: , Platform: Windows, Groups: 266,377
2025-06-17 17:57:46 - Adding platform group 278 for client den_strelok_498 - SUCCESS
2025-06-17 17:57:49 - clientPlatform processing for: alikexie
2025-06-17 17:57:49 - Client info: , Platform: Windows, Groups: 13,377
2025-06-17 17:57:49 - Adding platform group 278 for client alikexie - SUCCESS
2025-06-17 17:59:01 - clientPlatform processing for: Tyros Janos
2025-06-17 17:59:01 - Client info: , Platform: Windows, Groups: 12,369
2025-06-17 17:59:01 - Adding platform group 278 for client Tyros Janos - SUCCESS
2025-06-17 18:01:31 - clientPlatform processing for: Monster_PP
2025-06-17 18:01:31 - Client info: , Platform: Windows, Groups: 11,377
2025-06-17 18:01:31 - Adding platform group 278 for client Monster_PP - SUCCESS
2025-06-17 18:01:34 - clientPlatform processing for: oneup47
2025-06-17 18:01:34 - Client info: , Platform: Windows, Groups: 13,377
2025-06-17 18:01:34 - Adding platform group 278 for client oneup47 - SUCCESS
2025-06-17 18:01:57 - clientPlatform processing for: BlvckMafia
2025-06-17 18:01:57 - Client info: , Platform: Windows, Groups: 263,377
2025-06-17 18:01:57 - Adding platform group 278 for client BlvckMafia - SUCCESS
2025-06-17 18:10:09 - clientPlatform processing for: BaklaN61
2025-06-17 18:10:09 - Client info: , Platform: Windows, Groups: 7
2025-06-17 18:10:09 - Adding platform group 278 for client BaklaN61 - SUCCESS
2025-06-17 18:10:29 - clientPlatform processing for: ASLAN
2025-06-17 18:10:29 - Client info: , Platform: Windows, Groups: 266,377
2025-06-17 18:10:29 - Adding platform group 278 for client ASLAN - SUCCESS
2025-06-17 18:10:34 - clientPlatform processing for: EJEX
2025-06-17 18:10:34 - Client info: , Platform: Windows, Groups: 11,377
2025-06-17 18:10:34 - Adding platform group 278 for client EJEX - SUCCESS
2025-06-17 18:10:34 - clientPlatform processing for: EJEX
2025-06-17 18:10:34 - Client info: , Platform: Windows, Groups: 11,377
2025-06-17 18:10:34 - Group already assigned (detected from error), skipping
2025-06-17 18:10:34 - Adding platform group 278 for client EJEX - SUCCESS
2025-06-17 18:10:35 - clientPlatform processing for: EJEX
2025-06-17 18:10:35 - Client info: , Platform: Windows, Groups: 11,377
2025-06-17 18:10:35 - Group already assigned (detected from error), skipping
2025-06-17 18:10:35 - Adding platform group 278 for client EJEX - SUCCESS
2025-06-17 18:11:09 - clientPlatform processing for: germancoxx
2025-06-17 18:11:09 - Client info: , Platform: Windows, Groups: 11,377
2025-06-17 18:11:09 - Adding platform group 278 for client germancoxx - SUCCESS
2025-06-17 18:11:09 - clientPlatform processing for: germancoxx
2025-06-17 18:11:09 - Client info: , Platform: Windows, Groups: 11,377
2025-06-17 18:11:09 - Group already assigned (detected from error), skipping
2025-06-17 18:11:09 - Adding platform group 278 for client germancoxx - SUCCESS
2025-06-17 18:11:09 - clientPlatform processing for: germancoxx
2025-06-17 18:11:09 - Client info: , Platform: Windows, Groups: 11,377
2025-06-17 18:11:09 - Group already assigned (detected from error), skipping
2025-06-17 18:11:09 - Adding platform group 278 for client germancoxx - SUCCESS
2025-06-17 18:11:09 - clientPlatform processing for: germancoxx
2025-06-17 18:11:09 - Client info: , Platform: Windows, Groups: 11,377
2025-06-17 18:11:09 - Group already assigned (detected from error), skipping
2025-06-17 18:11:09 - Adding platform group 278 for client germancoxx - SUCCESS
2025-06-17 18:11:09 - clientPlatform processing for: germancoxx
2025-06-17 18:11:09 - Client info: , Platform: Windows, Groups: 11,377
2025-06-17 18:11:10 - Group already assigned (detected from error), skipping
2025-06-17 18:11:10 - Adding platform group 278 for client germancoxx - SUCCESS
2025-06-17 18:12:20 - clientPlatform processing for: Tileks
2025-06-17 18:12:20 - Client info: , Platform: Windows, Groups: 11,377
2025-06-17 18:12:20 - Adding platform group 278 for client Tileks - SUCCESS
2025-06-17 18:15:03 - clientPlatform processing for: kiesik98
2025-06-17 18:15:03 - Client info: , Platform: Windows, Groups: 11,369
2025-06-17 18:15:03 - Adding platform group 278 for client kiesik98 - SUCCESS
2025-06-17 18:15:31 - clientPlatform processing for: vertig0
2025-06-17 18:15:31 - Client info: , Platform: Windows, Groups: 13,377
2025-06-17 18:15:31 - Adding platform group 278 for client vertig0 - SUCCESS
2025-06-17 18:19:11 - clientPlatform processing for: dosma666
2025-06-17 18:19:11 - Client info: , Platform: Windows, Groups: 266,377
2025-06-17 18:19:11 - Adding platform group 278 for client dosma666 - SUCCESS
2025-06-17 18:21:26 - clientPlatform processing for: ywyw
2025-06-17 18:21:26 - Client info: , Platform: Windows, Groups: 266,377
2025-06-17 18:21:26 - Adding platform group 278 for client ywyw - SUCCESS
2025-06-17 18:27:11 - clientPlatform processing for: whoismert
2025-06-17 18:27:11 - Client info: , Platform: Windows, Groups: 17,377
2025-06-17 18:27:11 - Adding platform group 278 for client whoismert - SUCCESS
2025-06-17 18:27:40 - clientPlatform processing for: Patiencé
2025-06-17 18:27:40 - Client info: , Platform: Windows, Groups: 17,377
2025-06-17 18:27:40 - Adding platform group 278 for client Patiencé - SUCCESS
2025-06-17 18:27:43 - clientPlatform processing for: Kennydr4cuL
2025-06-17 18:27:43 - Client info: , Platform: Windows, Groups: 14,377
2025-06-17 18:27:43 - Adding platform group 278 for client Kennydr4cuL - SUCCESS
2025-06-17 18:28:18 - clientPlatform processing for: osasderlerbana
2025-06-17 18:28:18 - Client info: , Platform: Windows, Groups: 17,377
2025-06-17 18:28:18 - Adding platform group 278 for client osasderlerbana - SUCCESS
2025-06-17 18:34:40 - clientPlatform processing for: TeamSpeakUser1
2025-06-17 18:34:40 - Client info: , Platform: Windows, Groups: 7
2025-06-17 18:34:40 - Adding platform group 278 for client TeamSpeakUser1 - SUCCESS
2025-06-17 18:34:49 - clientPlatform processing for: pez0
2025-06-17 18:34:49 - Client info: , Platform: Windows, Groups: 13,377
2025-06-17 18:34:49 - Adding platform group 278 for client pez0 - SUCCESS
2025-06-17 18:35:46 - clientPlatform processing for: Jahodový Knedl
2025-06-17 18:35:46 - Client info: , Platform: Windows, Groups: 13,377
2025-06-17 18:35:46 - Adding platform group 278 for client Jahodový Knedl - SUCCESS
2025-06-17 18:35:56 - clientPlatform processing for: credolls
2025-06-17 18:35:56 - Client info: , Platform: Windows, Groups: 18,377
2025-06-17 18:35:56 - Adding platform group 278 for client credolls - SUCCESS
2025-06-17 18:37:35 - clientPlatform processing for: DJTasty
2025-06-17 18:37:35 - Client info: , Platform: Windows, Groups: 7
2025-06-17 18:37:35 - Adding platform group 278 for client DJTasty - SUCCESS
2025-06-17 18:37:56 - clientPlatform processing for: DJTasty
2025-06-17 18:37:56 - Client info: , Platform: Windows, Groups: 8,369
2025-06-17 18:37:56 - Adding platform group 278 for client DJTasty - SUCCESS
2025-06-17 18:39:41 - clientPlatform processing for: Jahodový Knedl
2025-06-17 18:39:41 - Client info: , Platform: Windows, Groups: 13,377
2025-06-17 18:39:41 - Adding platform group 278 for client Jahodový Knedl - SUCCESS
2025-06-17 18:40:48 - clientPlatform processing for: w1nd1x
2025-06-17 18:40:48 - Client info: , Platform: Windows, Groups: 266,377
2025-06-17 18:40:48 - Adding platform group 278 for client w1nd1x - SUCCESS
2025-06-17 18:41:20 - clientPlatform processing for: TeamSpeakUser
2025-06-17 18:41:20 - Client info: , Platform: Windows, Groups: 264,377
2025-06-17 18:41:20 - Adding platform group 278 for client TeamSpeakUser - SUCCESS
2025-06-17 18:42:23 - clientPlatform processing for: joy
2025-06-17 18:42:23 - Client info: , Platform: Windows, Groups: 265,377
2025-06-17 18:42:23 - Adding platform group 278 for client joy - SUCCESS
2025-06-17 18:42:34 - clientPlatform processing for: BIG FIUT
2025-06-17 18:42:34 - Client info: , Platform: Windows, Groups: 12,377
2025-06-17 18:42:34 - Adding platform group 278 for client BIG FIUT - SUCCESS
2025-06-17 18:43:27 - clientPlatform processing for: farkoshka
2025-06-17 18:43:27 - Client info: , Platform: Windows, Groups: 13,377
2025-06-17 18:43:27 - Adding platform group 278 for client farkoshka - SUCCESS
2025-06-17 18:43:53 - clientPlatform processing for: caeciliae
2025-06-17 18:43:53 - Client info: , Platform: Windows, Groups: 265,377
2025-06-17 18:43:53 - Adding platform group 278 for client caeciliae - SUCCESS
2025-06-17 18:44:50 - clientPlatform processing for: yusufppks
2025-06-17 18:44:50 - Client info: , Platform: Windows, Groups: 266,377
2025-06-17 18:44:50 - Adding platform group 278 for client yusufppks - SUCCESS
2025-06-17 18:45:52 - clientPlatform processing for: wasshi
2025-06-17 18:45:52 - Client info: , Platform: Windows, Groups: 13,377
2025-06-17 18:45:52 - Adding platform group 278 for client wasshi - SUCCESS
2025-06-17 18:47:57 - clientPlatform processing for: INSANE
2025-06-17 18:47:57 - Client info: , Platform: Windows, Groups: 17,377
2025-06-17 18:47:57 - Adding platform group 278 for client INSANE - SUCCESS
2025-06-17 18:48:41 - clientPlatform processing for: sanka98
2025-06-17 18:48:41 - Client info: , Platform: Windows, Groups: 264,377
2025-06-17 18:48:41 - Adding platform group 278 for client sanka98 - SUCCESS
2025-06-17 18:49:08 - clientPlatform processing for: NowY
2025-06-17 18:49:08 - Client info: , Platform: Windows, Groups: 14,377
2025-06-17 18:49:08 - Adding platform group 278 for client NowY - SUCCESS
2025-06-17 18:51:23 - clientPlatform processing for: baysikimdeğil
2025-06-17 18:51:23 - Client info: , Platform: Windows, Groups: 266,377
2025-06-17 18:51:23 - Adding platform group 278 for client baysikimdeğil - SUCCESS
2025-06-17 18:52:05 - clientPlatform processing for: ivo
2025-06-17 18:52:05 - Client info: , Platform: Windows, Groups: 13,377
2025-06-17 18:52:05 - Adding platform group 278 for client ivo - SUCCESS
2025-06-17 18:53:42 - clientPlatform processing for: dElee
2025-06-17 18:53:42 - Client info: , Platform: Windows, Groups: 265,377
2025-06-17 18:53:42 - Adding platform group 278 for client dElee - SUCCESS
2025-06-17 18:57:16 - clientPlatform processing for: NowY
2025-06-17 18:57:16 - Client info: , Platform: Windows, Groups: 14,377
2025-06-17 18:57:16 - Adding platform group 278 for client NowY - SUCCESS
2025-06-17 18:57:29 - clientPlatform processing for: Ander
2025-06-17 18:57:29 - Client info: , Platform: Windows, Groups: 14,377
2025-06-17 18:57:29 - Adding platform group 278 for client Ander - SUCCESS
2025-06-17 18:58:07 - clientPlatform processing for: tikka345
2025-06-17 18:58:07 - Client info: , Platform: Windows, Groups: 14,377
2025-06-17 18:58:07 - Adding platform group 278 for client tikka345 - SUCCESS
2025-06-17 18:58:12 - clientPlatform processing for: bohun ivan
2025-06-17 18:58:12 - Client info: , Platform: Windows, Groups: 263,377
2025-06-17 18:58:12 - Adding platform group 278 for client bohun ivan - SUCCESS
2025-06-17 18:58:12 - clientPlatform processing for: Майор Греча
2025-06-17 18:58:12 - Client info: , Platform: Windows, Groups: 14,377
2025-06-17 18:58:12 - Adding platform group 278 for client Майор Греча - SUCCESS
2025-06-17 18:58:12 - clientPlatform processing for: Майор Греча
2025-06-17 18:58:12 - Client info: , Platform: Windows, Groups: 14,377
2025-06-17 18:58:12 - Group already assigned (detected from error), skipping
2025-06-17 18:58:12 - Adding platform group 278 for client Майор Греча - SUCCESS
2025-06-17 18:58:12 - clientPlatform processing for: Майор Греча
2025-06-17 18:58:12 - Client info: , Platform: Windows, Groups: 14,377
2025-06-17 18:58:12 - Group already assigned (detected from error), skipping
2025-06-17 18:58:12 - Adding platform group 278 for client Майор Греча - SUCCESS
2025-06-17 19:00:59 - clientPlatform processing for: DADA
2025-06-17 19:00:59 - Client info: , Platform: Windows, Groups: 266,377
2025-06-17 19:00:59 - Adding platform group 278 for client DADA - SUCCESS
2025-06-17 19:01:14 - clientPlatform processing for: sanka98
2025-06-17 19:01:14 - Client info: , Platform: Windows, Groups: 264,377
2025-06-17 19:01:14 - Adding platform group 278 for client sanka98 - SUCCESS
2025-06-17 19:03:23 - clientPlatform processing for: Omar
2025-06-17 19:03:23 - Client info: , Platform: Windows, Groups: 266,377
2025-06-17 19:03:23 - Adding platform group 278 for client Omar - SUCCESS
2025-06-17 19:04:52 - clientPlatform processing for: EJEX
2025-06-17 19:04:52 - Client info: , Platform: Windows, Groups: 11,377
2025-06-17 19:04:52 - Adding platform group 278 for client EJEX - SUCCESS
2025-06-17 19:04:53 - clientPlatform processing for: saadf
2025-06-17 19:04:53 - Client info: , Platform: Windows, Groups: 17,377
2025-06-17 19:04:54 - Adding platform group 278 for client saadf - SUCCESS
2025-06-17 19:05:57 - clientPlatform processing for: x7uned 🌊
2025-06-17 19:05:57 - Client info: , Platform: Windows, Groups: 17,377
2025-06-17 19:05:57 - Adding platform group 278 for client x7uned 🌊 - SUCCESS
2025-06-17 19:08:13 - clientPlatform processing for: billy nogami
2025-06-17 19:08:13 - Client info: , Platform: Windows, Groups: 15,377
2025-06-17 19:08:13 - Adding platform group 278 for client billy nogami - SUCCESS
2025-06-17 19:08:16 - clientPlatform processing for: TeamSpeakUser2
2025-06-17 19:08:16 - Client info: , Platform: Windows, Groups: 13,377
2025-06-17 19:08:16 - Adding platform group 278 for client TeamSpeakUser2 - SUCCESS
2025-06-17 19:12:38 - clientPlatform processing for: baysikimdeğil
2025-06-17 19:12:38 - Client info: , Platform: Windows, Groups: 266,377
2025-06-17 19:12:38 - Adding platform group 278 for client baysikimdeğil - SUCCESS
2025-06-17 19:14:28 - clientPlatform processing for: HanS
2025-06-17 19:14:28 - Client info: , Platform: Windows, Groups: 14,377
2025-06-17 19:14:28 - Adding platform group 278 for client HanS - SUCCESS
2025-06-17 19:17:01 - clientPlatform processing for: Pedro
2025-06-17 19:17:01 - Client info: , Platform: Windows, Groups: 13,377
2025-06-17 19:17:01 - Adding platform group 278 for client Pedro - SUCCESS
2025-06-17 19:27:44 - clientPlatform processing for: AlexQc
2025-06-17 19:27:44 - Client info: , Platform: Windows, Groups: 266,377
2025-06-17 19:27:44 - Adding platform group 278 for client AlexQc - SUCCESS
2025-06-17 19:28:49 - clientPlatform processing for: rocco
2025-06-17 19:28:49 - Client info: , Platform: Windows, Groups: 7
2025-06-17 19:28:49 - Adding platform group 278 for client rocco - SUCCESS
2025-06-17 19:29:42 - clientPlatform processing for: rocco
2025-06-17 19:29:42 - Client info: , Platform: Windows, Groups: 8,369
2025-06-17 19:29:42 - Adding platform group 278 for client rocco - SUCCESS
2025-06-17 19:29:46 - clientPlatform processing for: SysmoUsercid=140
2025-06-17 19:29:46 - Client info: , Platform: Windows, Groups: 265,377
2025-06-17 19:29:46 - Adding platform group 278 for client SysmoUsercid=140 - SUCCESS
2025-06-17 19:30:28 - clientPlatform processing for: Hero
2025-06-17 19:30:28 - Client info: , Platform: Windows, Groups: 263,377
2025-06-17 19:30:28 - Adding platform group 278 for client Hero - SUCCESS
2025-06-17 19:31:44 - clientPlatform processing for: Сика
2025-06-17 19:31:44 - Client info: , Platform: Windows, Groups: 266,377
2025-06-17 19:31:44 - Adding platform group 278 for client Сика - SUCCESS
2025-06-17 19:33:53 - clientPlatform processing for: bohun ivan
2025-06-17 19:33:53 - Client info: , Platform: Windows, Groups: 263,377
2025-06-17 19:33:53 - Adding platform group 278 for client bohun ivan - SUCCESS
2025-06-17 19:35:26 - clientPlatform processing for: Tor4am
2025-06-17 19:35:26 - Client info: , Platform: Windows, Groups: 263,377
2025-06-17 19:35:26 - Adding platform group 278 for client Tor4am - SUCCESS
2025-06-17 19:38:54 - clientPlatform processing for: GENERAL MOTORS
2025-06-17 19:38:54 - Client info: , Platform: Windows, Groups: 266,377
2025-06-17 19:38:54 - Adding platform group 278 for client GENERAL MOTORS - SUCCESS
2025-06-17 19:40:34 - clientPlatform processing for: ardoş
2025-06-17 19:40:34 - Client info: , Platform: Windows, Groups: 266,377
2025-06-17 19:40:34 - Adding platform group 278 for client ardoş - SUCCESS
2025-06-17 22:01:15 - clientPlatform processing for: Kowismo
2025-06-17 22:01:15 - Client info: , Platform: Windows, Groups: 6,377,422,441
2025-06-17 22:01:15 - Adding platform group 278 for client Kowismo - SUCCESS
2025-06-17 22:06:49 - clientPlatform processing for: hugao
2025-06-17 22:06:49 - Client info: , Platform: Windows, Groups: 14,377
2025-06-17 22:06:49 - Adding platform group 278 for client hugao - SUCCESS
2025-06-17 22:08:49 - clientPlatform processing for: __Kharakternik__
2025-06-17 22:08:49 - Client info: , Platform: Windows, Groups: 265,377
2025-06-17 22:08:49 - Adding platform group 278 for client __Kharakternik__ - SUCCESS
2025-06-17 22:14:12 - clientPlatform processing for: Pines
2025-06-17 22:14:12 - Client info: , Platform: Windows, Groups: 18,377
2025-06-17 22:14:12 - Adding platform group 278 for client Pines - SUCCESS
2025-06-17 22:15:00 - clientPlatform processing for: ijnezsto
2025-06-17 22:15:00 - Client info: , Platform: Windows, Groups: 8,369
2025-06-17 22:15:00 - Adding platform group 278 for client ijnezsto - SUCCESS
2025-06-17 22:17:38 - clientPlatform processing for: miz-miz
2025-06-17 22:17:38 - Client info: , Platform: Windows, Groups: 266,377
2025-06-17 22:17:38 - Adding platform group 278 for client miz-miz - SUCCESS
2025-06-17 22:19:22 - clientPlatform processing for: beytula
2025-06-17 22:19:22 - Client info: , Platform: Windows, Groups: 264,377
2025-06-17 22:19:22 - Adding platform group 278 for client beytula - SUCCESS
2025-06-17 22:19:26 - clientPlatform processing for: TeamSpeakUser
2025-06-17 22:19:26 - Client info: , Platform: Windows, Groups: 13,377
2025-06-17 22:19:26 - Adding platform group 278 for client TeamSpeakUser - SUCCESS
2025-06-17 22:21:34 - clientPlatform processing for: _MERS_
2025-06-17 22:21:34 - Client info: , Platform: Windows, Groups: 265,377
2025-06-17 22:21:34 - Adding platform group 278 for client _MERS_ - SUCCESS
2025-06-17 22:22:32 - clientPlatform processing for: aggent 00alone
2025-06-17 22:22:32 - Client info: , Platform: Windows, Groups: 15,377
2025-06-17 22:22:32 - Adding platform group 278 for client aggent 00alone - SUCCESS
2025-06-17 22:22:37 - clientPlatform processing for: Tyros Janos
2025-06-17 22:22:37 - Client info: , Platform: Windows, Groups: 12,369
2025-06-17 22:22:37 - Adding platform group 278 for client Tyros Janos - SUCCESS
2025-06-17 22:26:13 - clientPlatform processing for: fdgod35
2025-06-17 22:26:13 - Client info: , Platform: Windows, Groups: 264,377
2025-06-17 22:26:13 - Adding platform group 278 for client fdgod35 - SUCCESS
2025-06-17 22:28:09 - clientPlatform processing for: Tyros Janos
2025-06-17 22:28:09 - Client info: , Platform: Windows, Groups: 12,369
2025-06-17 22:28:09 - Adding platform group 278 for client Tyros Janos - SUCCESS
2025-06-17 22:34:22 - clientPlatform processing for: hugao
2025-06-17 22:34:22 - Client info: , Platform: Windows, Groups: 14,377
2025-06-17 22:34:22 - Adding platform group 278 for client hugao - SUCCESS
2025-06-17 22:38:23 - clientPlatform processing for: snif
2025-06-17 22:38:23 - Client info: , Platform: Windows, Groups: 8,369
2025-06-17 22:38:23 - Adding platform group 278 for client snif - SUCCESS
2025-06-17 22:42:17 - clientPlatform processing for: saulov
2025-06-17 22:42:17 - Client info: , Platform: Windows, Groups: 264,377
2025-06-17 22:42:17 - Adding platform group 278 for client saulov - SUCCESS
2025-06-17 22:44:47 - clientPlatform processing for: TeamSpeakUser2
2025-06-17 22:44:47 - Client info: , Platform: Windows, Groups: 265,377
2025-06-17 22:44:47 - Adding platform group 278 for client TeamSpeakUser2 - SUCCESS
2025-06-17 22:45:10 - clientPlatform processing for: Tileks
2025-06-17 22:45:10 - Client info: , Platform: Windows, Groups: 11,377
2025-06-17 22:45:10 - Adding platform group 278 for client Tileks - SUCCESS
2025-06-17 22:48:39 - clientPlatform processing for: APASNOOOOOOOOOO
2025-06-17 22:48:39 - Client info: , Platform: Windows, Groups: 264,377
2025-06-17 22:48:39 - Adding platform group 278 for client APASNOOOOOOOOOO - SUCCESS
2025-06-17 22:49:15 - clientPlatform processing for: Tyros Janos
2025-06-17 22:49:15 - Client info: , Platform: Windows, Groups: 12,369
2025-06-17 22:49:15 - Adding platform group 278 for client Tyros Janos - SUCCESS
2025-06-17 22:50:38 - clientPlatform processing for: TeamSpeakUser5
2025-06-17 22:50:38 - Client info: , Platform: Windows, Groups: 264,377
2025-06-17 22:50:38 - Adding platform group 278 for client TeamSpeakUser5 - SUCCESS
2025-06-17 22:52:00 - clientPlatform processing for: Tyros Janos
2025-06-17 22:52:00 - Client info: , Platform: Windows, Groups: 12,369
2025-06-17 22:52:00 - Adding platform group 278 for client Tyros Janos - SUCCESS
2025-06-17 22:53:18 - clientPlatform processing for: TeamSpeakUser6
2025-06-17 22:53:18 - Client info: , Platform: Windows, Groups: 14,377
2025-06-17 22:53:18 - Adding platform group 278 for client TeamSpeakUser6 - SUCCESS
2025-06-17 22:55:45 - clientPlatform processing for: TeamSpeakUser7
2025-06-17 22:55:45 - Client info: , Platform: Windows, Groups: 14,377
2025-06-17 22:55:45 - Adding platform group 278 for client TeamSpeakUser7 - SUCCESS
2025-06-17 22:57:07 - clientPlatform processing for: Tyros Janos
2025-06-17 22:57:07 - Client info: , Platform: Windows, Groups: 12,377
2025-06-17 22:57:07 - Adding platform group 278 for client Tyros Janos - SUCCESS
2025-06-17 22:57:25 - clientPlatform processing for: saulov
2025-06-17 22:57:25 - Client info: , Platform: Windows, Groups: 264,377
2025-06-17 22:57:25 - Adding platform group 278 for client saulov - SUCCESS
2025-06-17 23:00:21 - clientPlatform processing for: saulov
2025-06-17 23:00:21 - Client info: , Platform: Windows, Groups: 264,377
2025-06-17 23:00:21 - Adding platform group 278 for client saulov - SUCCESS
2025-06-17 23:01:38 - clientPlatform processing for: vata
2025-06-17 23:01:38 - Client info: , Platform: Windows, Groups: 266,377
2025-06-17 23:01:38 - Adding platform group 278 for client vata - SUCCESS
2025-06-17 23:01:46 - clientPlatform processing for: vata
2025-06-17 23:01:46 - Client info: , Platform: Windows, Groups: 266,377
2025-06-17 23:01:46 - Adding platform group 278 for client vata - SUCCESS
2025-06-17 23:02:11 - clientPlatform processing for: saulov
2025-06-17 23:02:11 - Client info: , Platform: Windows, Groups: 264,377
2025-06-17 23:02:11 - Adding platform group 278 for client saulov - SUCCESS
2025-06-17 23:02:56 - clientPlatform processing for: darqhand
2025-06-17 23:02:56 - Client info: , Platform: Windows, Groups: 9,369
2025-06-17 23:02:56 - Adding platform group 278 for client darqhand - SUCCESS
2025-06-17 23:09:10 - clientPlatform processing for: wowz
2025-06-17 23:09:10 - Client info: , Platform: Windows, Groups: 7
2025-06-17 23:09:10 - Adding platform group 278 for client wowz - SUCCESS
2025-06-17 23:10:03 - clientPlatform processing for: OMG BWO
2025-06-17 23:10:03 - Client info: , Platform: Windows, Groups: 7
2025-06-17 23:10:03 - Adding platform group 278 for client OMG BWO - SUCCESS
2025-06-17 23:10:03 - clientPlatform processing for: OMG BWO
2025-06-17 23:10:03 - Client info: , Platform: Windows, Groups: 7
2025-06-17 23:10:03 - Group already assigned (detected from error), skipping
2025-06-17 23:10:03 - Adding platform group 278 for client OMG BWO - SUCCESS
2025-06-17 23:10:03 - clientPlatform processing for: OMG BWO
2025-06-17 23:10:03 - Client info: , Platform: Windows, Groups: 7
2025-06-17 23:10:03 - Group already assigned (detected from error), skipping
2025-06-17 23:10:03 - Adding platform group 278 for client OMG BWO - SUCCESS
2025-06-17 23:11:11 - clientPlatform processing for: I_XaSkI_I
2025-06-17 23:11:11 - Client info: , Platform: Windows, Groups: 266,377
2025-06-17 23:11:12 - Adding platform group 278 for client I_XaSkI_I - SUCCESS
2025-06-17 23:15:16 - clientPlatform processing for: Arturito
2025-06-17 23:15:16 - Client info: , Platform: Windows, Groups: 11,377
2025-06-17 23:15:16 - Adding platform group 278 for client Arturito - SUCCESS
2025-06-17 23:16:50 - clientPlatform processing for: OMG BWO
2025-06-17 23:16:50 - Client info: , Platform: Windows, Groups: 8,369
2025-06-17 23:16:50 - Adding platform group 278 for client OMG BWO - SUCCESS
2025-06-17 23:17:27 - clientPlatform processing for: hello kitty
2025-06-17 23:17:27 - Client info: , Platform: Windows, Groups: 7
2025-06-17 23:17:27 - Adding platform group 278 for client hello kitty - SUCCESS
2025-06-17 23:18:09 - clientPlatform processing for: ayko
2025-06-17 23:18:09 - Client info: , Platform: Windows, Groups: 11,377
2025-06-17 23:18:09 - Adding platform group 278 for client ayko - SUCCESS
2025-06-17 23:18:44 - clientPlatform processing for: Tyros Janos
2025-06-17 23:18:44 - Client info: , Platform: Windows, Groups: 12,377
2025-06-17 23:18:44 - Adding platform group 278 for client Tyros Janos - SUCCESS
2025-06-17 23:22:27 - clientPlatform processing for: wowz
2025-06-17 23:22:27 - Client info: , Platform: Windows, Groups: 8,369
2025-06-17 23:22:28 - Adding platform group 278 for client wowz - SUCCESS
2025-06-17 23:23:11 - clientPlatform processing for: Ax`Lim
2025-06-17 23:23:11 - Client info: , Platform: Windows, Groups: 11,369
2025-06-17 23:23:11 - Adding platform group 278 for client Ax`Lim - SUCCESS
2025-06-17 23:23:22 - clientPlatform processing for: Ax`Lim
2025-06-17 23:23:22 - Client info: , Platform: Windows, Groups: 11,369
2025-06-17 23:23:22 - Adding platform group 278 for client Ax`Lim - SUCCESS
2025-06-17 23:23:29 - clientPlatform processing for: Ax`Lim
2025-06-17 23:23:29 - Client info: , Platform: Windows, Groups: 11,369
2025-06-17 23:23:29 - Adding platform group 278 for client Ax`Lim - SUCCESS
2025-06-17 23:23:49 - clientPlatform processing for: zui
2025-06-17 23:23:49 - Client info: , Platform: Windows, Groups: 266,377
2025-06-17 23:23:49 - Adding platform group 278 for client zui - SUCCESS
2025-06-17 23:26:37 - clientPlatform processing for: grr-
2025-06-17 23:26:37 - Client info: , Platform: Windows, Groups: 13,377
2025-06-17 23:26:37 - Adding platform group 278 for client grr- - SUCCESS
2025-06-17 23:28:46 - clientPlatform processing for: Majkel Jekson
2025-06-17 23:28:46 - Client info: , Platform: Windows, Groups: 12,377
2025-06-17 23:28:46 - Adding platform group 278 for client Majkel Jekson - SUCCESS
2025-06-17 23:30:11 - clientPlatform processing for: Yusoso
2025-06-17 23:30:11 - Client info: , Platform: Windows, Groups: 10,369
2025-06-17 23:30:11 - Adding platform group 278 for client Yusoso - SUCCESS
2025-06-17 23:31:09 - clientPlatform processing for: PENIS1488228
2025-06-17 23:31:09 - Client info: , Platform: Windows, Groups: 266,377
2025-06-17 23:31:09 - Adding platform group 278 for client PENIS1488228 - SUCCESS
2025-06-17 23:32:29 - clientPlatform processing for: gokos
2025-06-17 23:32:29 - Client info: , Platform: Windows, Groups: 15,377
2025-06-17 23:32:29 - Adding platform group 278 for client gokos - SUCCESS
2025-06-17 23:33:53 - clientPlatform processing for: fl4sh
2025-06-17 23:33:53 - Client info: , Platform: Windows, Groups: 15,377
2025-06-17 23:33:53 - Adding platform group 278 for client fl4sh - SUCCESS
2025-06-17 23:41:36 - clientPlatform processing for: hello kitty
2025-06-17 23:41:36 - Client info: , Platform: Windows, Groups: 8,369
2025-06-17 23:41:36 - Adding platform group 278 for client hello kitty - SUCCESS
2025-06-17 23:47:05 - clientPlatform processing for: -ipq
2025-06-17 23:47:05 - Client info: , Platform: Windows, Groups: 13,377
2025-06-17 23:47:05 - Adding platform group 278 for client -ipq - SUCCESS
2025-06-17 23:55:41 - clientPlatform processing for: rowdy
2025-06-17 23:55:41 - Client info: , Platform: Windows, Groups: 11,377
2025-06-17 23:55:41 - Adding platform group 278 for client rowdy - SUCCESS
2025-06-17 23:59:55 - clientPlatform processing for: Ace
2025-06-17 23:59:55 - Client info: , Platform: Windows, Groups: 17,377
2025-06-17 23:59:55 - Adding platform group 278 for client Ace - SUCCESS
