2025-05-22 00:02:31 - clientPlatform processing for: kayn6
2025-05-22 00:02:31 - Client info: , Platform: Windows, Groups: 9,369
2025-05-22 00:02:31 - Adding platform group 278 for client kayn6 - SUCCESS
2025-05-22 00:12:41 - clientPlatform processing for: WeedLover
2025-05-22 00:12:41 - Client info: , Platform: Windows, Groups: 13,377
2025-05-22 00:12:41 - Adding platform group 278 for client WeedLover - SUCCESS
2025-05-22 00:15:10 - clientPlatform processing for: WeedLover
2025-05-22 00:15:10 - Client info: , Platform: Windows, Groups: 13,377
2025-05-22 00:15:10 - Adding platform group 278 for client WeedLover - SUCCESS
2025-05-22 00:17:48 - clientPlatform processing for: salas
2025-05-22 00:17:48 - Client info: , Platform: Windows, Groups: 264,377
2025-05-22 00:17:48 - Adding platform group 278 for client salas - SUCCESS
2025-05-22 00:18:37 - clientPlatform processing for: Landarchik
2025-05-22 00:18:37 - Client info: , Platform: Windows, Groups: 13,377
2025-05-22 00:18:37 - Adding platform group 278 for client Landarchik - SUCCESS
2025-05-22 00:25:18 - clientPlatform processing for: Jabberson
2025-05-22 00:25:18 - Client info: , Platform: Windows, Groups: 266,377
2025-05-22 00:25:18 - Adding platform group 278 for client Jabberson - SUCCESS
2025-05-22 00:31:07 - clientPlatform processing for: PoPoEyE
2025-05-22 00:31:07 - Client info: , Platform: Windows, Groups: 11,369
2025-05-22 00:31:07 - Adding platform group 278 for client PoPoEyE - SUCCESS
2025-05-22 00:33:49 - clientPlatform processing for: Pol'zovatel'
2025-05-22 00:33:49 - Client info: , Platform: Windows, Groups: 18,377
2025-05-22 00:33:49 - Adding platform group 278 for client Pol'zovatel' - SUCCESS
2025-05-22 00:37:43 - clientPlatform processing for: MC durak
2025-05-22 00:37:43 - Client info: , Platform: Windows, Groups: 266,377
2025-05-22 00:37:43 - Adding platform group 278 for client MC durak - SUCCESS
2025-05-22 00:38:10 - clientPlatform processing for: ivansultan
2025-05-22 00:38:10 - Client info: , Platform: Windows, Groups: 264,377
2025-05-22 00:38:10 - Adding platform group 278 for client ivansultan - SUCCESS
2025-05-22 00:47:55 - clientPlatform processing for: Kxmyy
2025-05-22 00:47:55 - Client info: , Platform: Windows, Groups: 13,377
2025-05-22 00:47:55 - Adding platform group 278 for client Kxmyy - SUCCESS
2025-05-22 00:53:36 - clientPlatform processing for: Потужний Фід
2025-05-22 00:53:36 - Client info: , Platform: Windows, Groups: 263,377
2025-05-22 00:53:36 - Adding platform group 278 for client Потужний Фід - SUCCESS
2025-05-22 00:58:55 - clientPlatform processing for: Kubalke1337
2025-05-22 00:58:55 - Client info: , Platform: Windows, Groups: 14,377
2025-05-22 00:58:55 - Adding platform group 278 for client Kubalke1337 - SUCCESS
2025-05-22 01:00:11 - clientPlatform processing for: Szmedi
2025-05-22 01:00:11 - Client info: , Platform: Windows, Groups: 14,377
2025-05-22 01:00:11 - Adding platform group 278 for client Szmedi - SUCCESS
2025-05-22 01:01:34 - clientPlatform processing for: xDimitryxEc
2025-05-22 01:01:34 - Client info: , Platform: Windows, Groups: 14,377
2025-05-22 01:01:34 - Adding platform group 278 for client xDimitryxEc - SUCCESS
2025-05-22 02:20:37 - clientPlatform processing for: LokyJR16
2025-05-22 02:20:37 - Client info: , Platform: Windows, Groups: 13,377
2025-05-22 02:20:37 - Adding platform group 278 for client LokyJR16 - SUCCESS
2025-05-22 02:22:08 - clientPlatform processing for: LokyJR16
2025-05-22 02:22:08 - Client info: , Platform: Windows, Groups: 13,377
2025-05-22 02:22:08 - Adding platform group 278 for client LokyJR16 - SUCCESS
2025-05-22 02:29:53 - clientPlatform processing for: deadly_peak
2025-05-22 02:29:53 - Client info: , Platform: Windows, Groups: 264,377
2025-05-22 02:29:53 - Adding platform group 278 for client deadly_peak - SUCCESS
2025-05-22 02:30:22 - clientPlatform processing for: HAPPY110KJ
2025-05-22 02:30:22 - Client info: , Platform: Windows, Groups: 13,377
2025-05-22 02:30:22 - Adding platform group 278 for client HAPPY110KJ - SUCCESS
2025-05-22 02:32:52 - clientPlatform processing for: Bloker
2025-05-22 02:32:52 - Client info: , Platform: Windows, Groups: 263,377
2025-05-22 02:32:52 - Adding platform group 278 for client Bloker - SUCCESS
2025-05-22 02:53:43 - clientPlatform processing for: hugao
2025-05-22 02:53:43 - Client info: , Platform: Windows, Groups: 12,377
2025-05-22 02:53:43 - Adding platform group 278 for client hugao - SUCCESS
2025-05-22 03:09:16 - clientPlatform processing for: Halloween
2025-05-22 03:09:16 - Client info: , Platform: Windows, Groups: 13,377
2025-05-22 03:09:16 - Adding platform group 278 for client Halloween - SUCCESS
2025-05-22 03:25:46 - clientPlatform processing for: kaya
2025-05-22 03:25:46 - Client info: , Platform: Windows, Groups: 266,377
2025-05-22 03:25:46 - Adding platform group 278 for client kaya - SUCCESS
2025-05-22 03:26:09 - clientPlatform processing for: Junior
2025-05-22 03:26:09 - Client info: , Platform: Windows, Groups: 11,377
2025-05-22 03:26:09 - Adding platform group 278 for client Junior - SUCCESS
2025-05-22 04:02:12 - clientPlatform processing for: Halloween
2025-05-22 04:02:12 - Client info: , Platform: Windows, Groups: 13,377
2025-05-22 04:02:12 - Adding platform group 278 for client Halloween - SUCCESS
2025-05-22 04:02:58 - clientPlatform processing for: Halloween
2025-05-22 04:02:58 - Client info: , Platform: Windows, Groups: 13,377
2025-05-22 04:02:58 - Adding platform group 278 for client Halloween - SUCCESS
2025-05-22 04:16:32 - clientPlatform processing for: HAPPY110KJ
2025-05-22 04:16:32 - Client info: , Platform: Windows, Groups: 13,377
2025-05-22 04:16:32 - Adding platform group 278 for client HAPPY110KJ - SUCCESS
2025-05-22 04:18:11 - clientPlatform processing for: chaps
2025-05-22 04:18:11 - Client info: , Platform: Windows, Groups: 13,377
2025-05-22 04:18:11 - Adding platform group 278 for client chaps - SUCCESS
2025-05-22 04:29:47 - clientPlatform processing for: Halloween
2025-05-22 04:29:47 - Client info: , Platform: Windows, Groups: 13,377
2025-05-22 04:29:48 - Adding platform group 278 for client Halloween - SUCCESS
2025-05-22 04:47:38 - clientPlatform processing for: juju
2025-05-22 04:47:38 - Client info: , Platform: Windows, Groups: 9,369
2025-05-22 04:47:38 - Adding platform group 278 for client juju - SUCCESS
2025-05-22 04:49:10 - clientPlatform processing for: Chico
2025-05-22 04:49:10 - Client info: , Platform: Windows, Groups: 265,377
2025-05-22 04:49:10 - Adding platform group 278 for client Chico - SUCCESS
2025-05-22 05:13:32 - clientPlatform processing for: Faith
2025-05-22 05:13:32 - Client info: , Platform: Windows, Groups: 266,377
2025-05-22 05:13:32 - Adding platform group 278 for client Faith - SUCCESS
2025-05-22 05:28:13 - clientPlatform processing for: f.donato
2025-05-22 05:28:13 - Client info: , Platform: Windows, Groups: 264,377
2025-05-22 05:28:13 - Adding platform group 278 for client f.donato - SUCCESS
2025-05-22 05:47:35 - clientPlatform processing for: juju
2025-05-22 05:47:35 - Client info: , Platform: Windows, Groups: 9,369
2025-05-22 05:47:35 - Adding platform group 278 for client juju - SUCCESS
2025-05-22 06:32:47 - clientPlatform processing for: Faith
2025-05-22 06:32:47 - Client info: , Platform: Windows, Groups: 266,377
2025-05-22 06:32:47 - Adding platform group 278 for client Faith - SUCCESS
2025-05-22 06:47:22 - clientPlatform processing for: paga eu xina
2025-05-22 06:47:22 - Client info: , Platform: Windows, Groups: 17,377
2025-05-22 06:47:22 - Adding platform group 278 for client paga eu xina - SUCCESS
2025-05-22 06:48:21 - clientPlatform processing for: Phantor
2025-05-22 06:48:21 - Client info: , Platform: Windows, Groups: 17,377
2025-05-22 06:48:21 - Adding platform group 278 for client Phantor - SUCCESS
2025-05-22 06:57:24 - clientPlatform processing for: kaiizenn
2025-05-22 06:57:24 - Client info: , Platform: Windows, Groups: 25,377,382,399
2025-05-22 06:57:24 - Adding platform group 278 for client kaiizenn - SUCCESS
2025-05-22 07:02:20 - clientPlatform processing for: juju
2025-05-22 07:02:20 - Client info: , Platform: Windows, Groups: 10,369
2025-05-22 07:02:20 - Adding platform group 278 for client juju - SUCCESS
2025-05-22 07:26:52 - clientPlatform processing for: Kowismo
2025-05-22 07:26:52 - Client info: , Platform: Windows, Groups: 6,377,422
2025-05-22 07:26:52 - Adding platform group 278 for client Kowismo - SUCCESS
2025-05-22 09:26:45 - clientPlatform processing for: Князь Вандал Новгородский
2025-05-22 09:26:45 - Client info: , Platform: Windows, Groups: 17,377
2025-05-22 09:26:45 - Adding platform group 278 for client Князь Вандал Новгородский - SUCCESS
2025-05-22 09:30:29 - clientPlatform processing for: yondera
2025-05-22 09:30:29 - Client info: , Platform: Windows, Groups: 266,377
2025-05-22 09:30:29 - Adding platform group 278 for client yondera - SUCCESS
2025-05-22 09:34:47 - clientPlatform processing for: R3d4l
2025-05-22 09:34:47 - Client info: , Platform: Windows, Groups: 266,377
2025-05-22 09:34:47 - Adding platform group 278 for client R3d4l - SUCCESS
2025-05-22 09:35:43 - clientPlatform processing for: danbruik
2025-05-22 09:35:43 - Client info: , Platform: Windows, Groups: 266,377
2025-05-22 09:35:43 - Adding platform group 278 for client danbruik - SUCCESS
2025-05-22 10:06:34 - clientPlatform processing for: chapa
2025-05-22 10:06:34 - Client info: , Platform: Windows, Groups: 19,377,436,437
2025-05-22 10:06:34 - Adding platform group 278 for client chapa - SUCCESS
2025-05-22 10:07:23 - clientPlatform processing for: Mood
2025-05-22 10:07:23 - Client info: , Platform: Windows, Groups: 19,377
2025-05-22 10:07:23 - Adding platform group 278 for client Mood - SUCCESS
2025-05-22 10:43:19 - clientPlatform processing for: LisssTzz
2025-05-22 10:43:19 - Client info: , Platform: Windows, Groups: 13,377
2025-05-22 10:43:19 - Adding platform group 278 for client LisssTzz - SUCCESS
2025-05-22 10:49:54 - clientPlatform processing for: Mix
2025-05-22 10:49:54 - Client info: , Platform: Windows, Groups: 18,377
2025-05-22 10:49:54 - Adding platform group 278 for client Mix - SUCCESS
2025-05-22 10:51:13 - clientPlatform processing for: Angry
2025-05-22 10:51:13 - Client info: , Platform: Windows, Groups: 266,377
2025-05-22 10:51:13 - Adding platform group 278 for client Angry - SUCCESS
2025-05-22 10:59:19 - clientPlatform processing for: weow
2025-05-22 10:59:19 - Client info: , Platform: Windows, Groups: 265,377
2025-05-22 10:59:19 - Adding platform group 278 for client weow - SUCCESS
2025-05-22 11:16:54 - clientPlatform processing for: Angry
2025-05-22 11:16:54 - Client info: , Platform: Windows, Groups: 266,377
2025-05-22 11:16:54 - Adding platform group 278 for client Angry - SUCCESS
2025-05-22 11:26:14 - clientPlatform processing for: pipisin
2025-05-22 11:26:14 - Client info: , Platform: Windows, Groups: 17,377
2025-05-22 11:26:14 - Adding platform group 278 for client pipisin - SUCCESS
2025-05-22 11:41:20 - clientPlatform processing for: poka
2025-05-22 11:41:20 - Client info: , Platform: Windows, Groups: 266,377
2025-05-22 11:41:20 - Adding platform group 278 for client poka - SUCCESS
2025-05-22 11:49:21 - clientPlatform processing for: Mix
2025-05-22 11:49:21 - Client info: , Platform: Windows, Groups: 18,377
2025-05-22 11:49:21 - Adding platform group 278 for client Mix - SUCCESS
2025-05-22 11:49:52 - clientPlatform processing for: weow
2025-05-22 11:49:52 - Client info: , Platform: Windows, Groups: 265,377
2025-05-22 11:49:52 - Adding platform group 278 for client weow - SUCCESS
2025-05-22 11:50:21 - clientPlatform processing for: zasosa1o
2025-05-22 11:50:21 - Client info: , Platform: Windows, Groups: 11,377
2025-05-22 11:50:21 - Adding platform group 278 for client zasosa1o - SUCCESS
2025-05-22 12:08:33 - clientPlatform processing for: Luckyman
2025-05-22 12:08:33 - Client info: , Platform: Windows, Groups: 266,377
2025-05-22 12:08:33 - Adding platform group 278 for client Luckyman - SUCCESS
2025-05-22 12:11:06 - clientPlatform processing for: Columb
2025-05-22 12:11:06 - Client info: , Platform: Windows, Groups: 20,43,145,377
2025-05-22 12:11:06 - Adding platform group 278 for client Columb - SUCCESS
2025-05-22 12:11:49 - clientPlatform processing for: Oleg
2025-05-22 12:11:49 - Client info: , Platform: Windows, Groups: 264,377
2025-05-22 12:11:49 - Adding platform group 278 for client Oleg - SUCCESS
2025-05-22 12:12:23 - clientPlatform processing for: yondera
2025-05-22 12:12:23 - Client info: , Platform: Windows, Groups: 266,377
2025-05-22 12:12:23 - Adding platform group 278 for client yondera - SUCCESS
2025-05-22 12:20:09 - clientPlatform processing for: WeedLover
2025-05-22 12:20:09 - Client info: , Platform: Windows, Groups: 13,377
2025-05-22 12:20:09 - Adding platform group 278 for client WeedLover - SUCCESS
2025-05-22 12:33:01 - clientPlatform processing for: M.K.
2025-05-22 12:33:01 - Client info: , Platform: Windows, Groups: 264,377
2025-05-22 12:33:01 - Adding platform group 278 for client M.K. - SUCCESS
2025-05-22 12:34:38 - clientPlatform processing for: mmo
2025-05-22 12:34:38 - Client info: , Platform: Windows, Groups: 11,377
2025-05-22 12:34:38 - Adding platform group 278 for client mmo - SUCCESS
2025-05-22 12:36:00 - clientPlatform processing for: mmo
2025-05-22 12:36:00 - Client info: , Platform: Windows, Groups: 11,377
2025-05-22 12:36:00 - Adding platform group 278 for client mmo - SUCCESS
2025-05-22 12:38:49 - clientPlatform processing for: mmo
2025-05-22 12:38:49 - Client info: , Platform: Windows, Groups: 11,377
2025-05-22 12:38:49 - Adding platform group 278 for client mmo - SUCCESS
2025-05-22 12:39:02 - clientPlatform processing for: mmo
2025-05-22 12:39:02 - Client info: , Platform: Windows, Groups: 11,377
2025-05-22 12:39:02 - Adding platform group 278 for client mmo - SUCCESS
2025-05-22 12:39:15 - clientPlatform processing for: Крэмбл
2025-05-22 12:39:15 - Client info: , Platform: Windows, Groups: 12,369
2025-05-22 12:39:15 - Adding platform group 278 for client Крэмбл - SUCCESS
2025-05-22 12:42:00 - clientPlatform processing for: Крэмбл
2025-05-22 12:42:00 - Client info: , Platform: Windows, Groups: 12,369
2025-05-22 12:42:00 - Adding platform group 278 for client Крэмбл - SUCCESS
2025-05-22 12:54:10 - clientPlatform processing for: Крэмбл
2025-05-22 12:54:10 - Client info: , Platform: Windows, Groups: 12,369
2025-05-22 12:54:10 - Adding platform group 278 for client Крэмбл - SUCCESS
2025-05-22 12:55:56 - clientPlatform processing for: Боцман777
2025-05-22 12:55:56 - Client info: , Platform: Windows, Groups: 18,377
2025-05-22 12:55:56 - Adding platform group 278 for client Боцман777 - SUCCESS
2025-05-22 12:59:30 - clientPlatform processing for: Крэмбл
2025-05-22 12:59:30 - Client info: , Platform: Windows, Groups: 12,369
2025-05-22 12:59:30 - Adding platform group 278 for client Крэмбл - SUCCESS
2025-05-22 12:59:50 - clientPlatform processing for: Крэмбл
2025-05-22 12:59:50 - Client info: , Platform: Windows, Groups: 12,369
2025-05-22 12:59:50 - Adding platform group 278 for client Крэмбл - SUCCESS
2025-05-22 13:12:06 - clientPlatform processing for: Yeoni JB
2025-05-22 13:12:06 - Client info: , Platform: Windows, Groups: 8,369
2025-05-22 13:12:06 - Adding platform group 278 for client Yeoni JB - SUCCESS
2025-05-22 13:22:04 - clientPlatform processing for: choppa
2025-05-22 13:22:04 - Client info: , Platform: Windows, Groups: 266,377
2025-05-22 13:22:04 - Adding platform group 278 for client choppa - SUCCESS
2025-05-22 13:23:21 - clientPlatform processing for: danbruik
2025-05-22 13:23:21 - Client info: , Platform: Windows, Groups: 266,377
2025-05-22 13:23:21 - Adding platform group 278 for client danbruik - SUCCESS
2025-05-22 13:23:44 - clientPlatform processing for: ifiler
2025-05-22 13:23:44 - Client info: , Platform: Windows, Groups: 17,377
2025-05-22 13:23:44 - Adding platform group 278 for client ifiler - SUCCESS
2025-05-22 13:25:37 - clientPlatform processing for: R3d4l
2025-05-22 13:25:37 - Client info: , Platform: Windows, Groups: 266,377
2025-05-22 13:25:37 - Adding platform group 278 for client R3d4l - SUCCESS
2025-05-22 13:26:01 - clientPlatform processing for: gotti
2025-05-22 13:26:01 - Client info: , Platform: Windows, Groups: 12,377
2025-05-22 13:26:01 - Adding platform group 278 for client gotti - SUCCESS
2025-05-22 13:36:29 - clientPlatform processing for: Mr..Fury
2025-05-22 13:36:29 - Client info: , Platform: Windows, Groups: 17,377
2025-05-22 13:36:29 - Adding platform group 278 for client Mr..Fury - SUCCESS
2025-05-22 13:40:16 - clientPlatform processing for: Skylord
2025-05-22 13:40:16 - Client info: , Platform: Windows, Groups: 266,377
2025-05-22 13:40:16 - Adding platform group 278 for client Skylord - SUCCESS
2025-05-22 13:40:38 - clientPlatform processing for: Mnwh
2025-05-22 13:40:38 - Client info: , Platform: Windows, Groups: 15,377
2025-05-22 13:40:38 - Adding platform group 278 for client Mnwh - SUCCESS
2025-05-22 13:42:19 - clientPlatform processing for: Zerohi
2025-05-22 13:42:19 - Client info: , Platform: Windows, Groups: 11,377
2025-05-22 13:42:19 - Adding platform group 278 for client Zerohi - SUCCESS
2025-05-22 13:57:53 - clientPlatform processing for: EJEX
2025-05-22 13:57:53 - Client info: , Platform: Windows, Groups: 266,377
2025-05-22 13:57:53 - Adding platform group 278 for client EJEX - SUCCESS
2025-05-22 13:58:57 - clientPlatform processing for: GAVRAZ ALİ
2025-05-22 13:58:57 - Client info: , Platform: Windows, Groups: 11,377
2025-05-22 13:58:57 - Adding platform group 278 for client GAVRAZ ALİ - SUCCESS
2025-05-22 14:25:14 - clientPlatform processing for: артур пирожков
2025-05-22 14:25:14 - Client info: , Platform: Windows, Groups: 263,377
2025-05-22 14:25:14 - Adding platform group 278 for client артур пирожков - SUCCESS
2025-05-22 14:40:25 - clientPlatform processing for: TeamSpeakUser
2025-05-22 14:40:25 - Client info: , Platform: Windows, Groups: 15,377
2025-05-22 14:40:25 - Adding platform group 278 for client TeamSpeakUser - SUCCESS
2025-05-22 14:42:38 - clientPlatform processing for: Kowismo
2025-05-22 14:42:38 - Client info: , Platform: Windows, Groups: 6,377,422
2025-05-22 14:42:38 - Adding platform group 278 for client Kowismo - SUCCESS
2025-05-22 14:44:19 - clientPlatform processing for: Myata
2025-05-22 14:44:19 - Client info: , Platform: Windows, Groups: 12,377
2025-05-22 14:44:19 - Adding platform group 278 for client Myata - SUCCESS
2025-05-22 15:14:09 - clientPlatform processing for: Oleg
2025-05-22 15:14:09 - Client info: , Platform: Windows, Groups: 264,377
2025-05-22 15:14:09 - Adding platform group 278 for client Oleg - SUCCESS
2025-05-22 15:16:18 - clientPlatform processing for: gotti
2025-05-22 15:16:18 - Client info: , Platform: Windows, Groups: 12,377
2025-05-22 15:16:18 - Adding platform group 278 for client gotti - SUCCESS
2025-05-22 15:21:33 - clientPlatform processing for: Kurs
2025-05-22 15:21:33 - Client info: , Platform: Windows, Groups: 14,377
2025-05-22 15:21:33 - Adding platform group 278 for client Kurs - SUCCESS
2025-05-22 15:21:59 - clientPlatform processing for: Oleg
2025-05-22 15:21:59 - Client info: , Platform: Windows, Groups: 264,377
2025-05-22 15:22:00 - Adding platform group 278 for client Oleg - SUCCESS
2025-05-22 15:37:21 - clientPlatform processing for: lissizzy
2025-05-22 15:37:21 - Client info: , Platform: Windows, Groups: 17,377
2025-05-22 15:37:21 - Adding platform group 278 for client lissizzy - SUCCESS
2025-05-22 15:37:35 - clientPlatform processing for: 890
2025-05-22 15:37:35 - Client info: , Platform: Windows, Groups: 266,377
2025-05-22 15:37:35 - Adding platform group 278 for client 890 - SUCCESS
2025-05-22 15:40:15 - clientPlatform processing for: воч ю мин
2025-05-22 15:40:15 - Client info: , Platform: Windows, Groups: 17,377
2025-05-22 15:40:15 - Adding platform group 278 for client воч ю мин - SUCCESS
2025-05-22 15:41:51 - clientPlatform processing for: пизда сергею дружкову
2025-05-22 15:41:51 - Client info: , Platform: Windows, Groups: 17,377
2025-05-22 15:41:51 - Adding platform group 278 for client пизда сергею дружкову - SUCCESS
2025-05-22 15:42:09 - clientPlatform processing for: пизда сергею дружкову
2025-05-22 15:42:09 - Client info: , Platform: Windows, Groups: 17,377
2025-05-22 15:42:09 - Adding platform group 278 for client пизда сергею дружкову - SUCCESS
2025-05-22 15:44:15 - clientPlatform processing for: TeamSpeakUser1
2025-05-22 15:44:15 - Client info: , Platform: Windows, Groups: 9,369
2025-05-22 15:44:15 - Adding platform group 278 for client TeamSpeakUser1 - SUCCESS
2025-05-22 15:47:29 - clientPlatform processing for: Druid Сrow 🦅
2025-05-22 15:47:29 - Client info: , Platform: Windows, Groups: 19,377
2025-05-22 15:47:29 - Adding platform group 278 for client Druid Сrow 🦅 - SUCCESS
2025-05-22 15:49:15 - clientPlatform processing for: Druid Сrow 🦅
2025-05-22 15:49:15 - Client info: , Platform: Windows, Groups: 19,377
2025-05-22 15:49:15 - Adding platform group 278 for client Druid Сrow 🦅 - SUCCESS
2025-05-22 15:58:14 - clientPlatform processing for: Sevak601
2025-05-22 15:58:14 - Client info: , Platform: Windows, Groups: 266,377
2025-05-22 15:58:14 - Adding platform group 278 for client Sevak601 - SUCCESS
2025-05-22 16:00:00 - clientPlatform processing for: JKosrup
2025-05-22 16:00:00 - Client info: , Platform: Windows, Groups: 12,377
2025-05-22 16:00:00 - Adding platform group 278 for client JKosrup - SUCCESS
2025-05-22 16:01:03 - clientPlatform processing for: 214255345
2025-05-22 16:01:03 - Client info: , Platform: Windows, Groups: 11,377
2025-05-22 16:01:03 - Adding platform group 278 for client 214255345 - SUCCESS
2025-05-22 16:05:16 - clientPlatform processing for: Nevskiiiy
2025-05-22 16:05:16 - Client info: , Platform: Windows, Groups: 263,377
2025-05-22 16:05:16 - Adding platform group 278 for client Nevskiiiy - SUCCESS
2025-05-22 16:06:26 - clientPlatform processing for: YURA
2025-05-22 16:06:26 - Client info: , Platform: Windows, Groups: 10,369
2025-05-22 16:06:26 - Adding platform group 278 for client YURA - SUCCESS
2025-05-22 16:07:30 - clientPlatform processing for: TeamSpeakUser1
2025-05-22 16:07:30 - Client info: , Platform: Windows, Groups: 7
2025-05-22 16:07:30 - Adding platform group 278 for client TeamSpeakUser1 - SUCCESS
2025-05-22 16:13:08 - clientPlatform processing for: JKosrup
2025-05-22 16:13:08 - Client info: , Platform: Windows, Groups: 12,377
2025-05-22 16:13:08 - Adding platform group 278 for client JKosrup - SUCCESS
2025-05-22 16:20:11 - clientPlatform processing for: Oleg
2025-05-22 16:20:11 - Client info: , Platform: Windows, Groups: 264,377
2025-05-22 16:20:11 - Adding platform group 278 for client Oleg - SUCCESS
2025-05-22 16:28:56 - clientPlatform processing for: DIMAX
2025-05-22 16:28:56 - Client info: , Platform: Windows, Groups: 15,377
2025-05-22 16:28:56 - Adding platform group 278 for client DIMAX - SUCCESS
2025-05-22 16:48:04 - clientPlatform processing for: Laska
2025-05-22 16:48:04 - Client info: , Platform: Windows, Groups: 7
2025-05-22 16:48:04 - Adding platform group 278 for client Laska - SUCCESS
2025-05-22 16:54:35 - clientPlatform processing for: TeamSpeakUser1
2025-05-22 16:54:35 - Client info: , Platform: Windows, Groups: 12,377
2025-05-22 16:54:35 - Adding platform group 278 for client TeamSpeakUser1 - SUCCESS
2025-05-22 16:55:47 - clientPlatform processing for: ivo
2025-05-22 16:55:47 - Client info: , Platform: Windows, Groups: 7
2025-05-22 16:55:47 - Adding platform group 278 for client ivo - SUCCESS
2025-05-22 17:02:21 - clientPlatform processing for: Fornax013
2025-05-22 17:02:21 - Client info: , Platform: Windows, Groups: 265,377
2025-05-22 17:02:21 - Adding platform group 278 for client Fornax013 - SUCCESS
2025-05-22 17:04:00 - clientPlatform processing for: larsenio
2025-05-22 17:04:00 - Client info: , Platform: Windows, Groups: 15,377
2025-05-22 17:04:00 - Adding platform group 278 for client larsenio - SUCCESS
2025-05-22 17:04:06 - clientPlatform processing for: SysmoUsercid=140
2025-05-22 17:04:06 - Client info: , Platform: Windows, Groups: 13,377
2025-05-22 17:04:06 - Adding platform group 278 for client SysmoUsercid=140 - SUCCESS
2025-05-22 17:04:30 - clientPlatform processing for: 214255345
2025-05-22 17:04:30 - Client info: , Platform: Windows, Groups: 11,377
2025-05-22 17:04:31 - Adding platform group 278 for client 214255345 - SUCCESS
2025-05-22 17:04:38 - clientPlatform processing for: канада гус
2025-05-22 17:04:38 - Client info: , Platform: Windows, Groups: 266,377
2025-05-22 17:04:38 - Adding platform group 278 for client канада гус - SUCCESS
2025-05-22 17:13:01 - clientPlatform processing for: BlvckMafia
2025-05-22 17:13:01 - Client info: , Platform: Windows, Groups: 17,377
2025-05-22 17:13:01 - Adding platform group 278 for client BlvckMafia - SUCCESS
2025-05-22 17:13:28 - clientPlatform processing for: liqui_88
2025-05-22 17:13:28 - Client info: , Platform: Windows, Groups: 15,377
2025-05-22 17:13:28 - Adding platform group 278 for client liqui_88 - SUCCESS
2025-05-22 17:13:42 - clientPlatform processing for: Asshole do not burn
2025-05-22 17:13:42 - Client info: , Platform: Windows, Groups: 263,377
2025-05-22 17:13:42 - Adding platform group 278 for client Asshole do not burn - SUCCESS
2025-05-22 17:14:38 - clientPlatform processing for: nkzd
2025-05-22 17:14:38 - Client info: , Platform: Windows, Groups: 266,377
2025-05-22 17:14:38 - Adding platform group 278 for client nkzd - SUCCESS
2025-05-22 17:14:59 - clientPlatform processing for: Levi
2025-05-22 17:14:59 - Client info: , Platform: Windows, Groups: 266,377
2025-05-22 17:14:59 - Adding platform group 278 for client Levi - SUCCESS
2025-05-22 17:15:17 - clientPlatform processing for: tipofan
2025-05-22 17:15:17 - Client info: , Platform: Windows, Groups: 12,377
2025-05-22 17:15:17 - Adding platform group 278 for client tipofan - SUCCESS
2025-05-22 17:15:36 - clientPlatform processing for: ArtemiyRadiant
2025-05-22 17:15:36 - Client info: , Platform: Windows, Groups: 266,377
2025-05-22 17:15:36 - Adding platform group 278 for client ArtemiyRadiant - SUCCESS
2025-05-22 17:17:30 - clientPlatform processing for: zui
2025-05-22 17:17:30 - Client info: , Platform: Windows, Groups: 15,377
2025-05-22 17:17:30 - Adding platform group 278 for client zui - SUCCESS
2025-05-22 17:17:51 - clientPlatform processing for: SysmoUsercid=1401
2025-05-22 17:17:51 - Client info: , Platform: Windows, Groups: 13,377
2025-05-22 17:17:51 - Adding platform group 278 for client SysmoUsercid=1401 - SUCCESS
2025-05-22 17:21:18 - clientPlatform processing for: FHJGDJHG
2025-05-22 17:21:18 - Client info: , Platform: Windows, Groups: 266,377
2025-05-22 17:21:18 - Adding platform group 278 for client FHJGDJHG - SUCCESS
2025-05-22 17:26:49 - clientPlatform processing for: ViliBom
2025-05-22 17:26:49 - Client info: , Platform: Windows, Groups: 266,377
2025-05-22 17:26:49 - Adding platform group 278 for client ViliBom - SUCCESS
2025-05-22 17:29:00 - clientPlatform processing for: Pivopiem
2025-05-22 17:29:00 - Client info: , Platform: Windows, Groups: 9,369
2025-05-22 17:29:00 - Adding platform group 278 for client Pivopiem - SUCCESS
2025-05-22 17:35:16 - clientPlatform processing for: Ander
2025-05-22 17:35:16 - Client info: , Platform: Windows, Groups: 12,377
2025-05-22 17:35:16 - Adding platform group 278 for client Ander - SUCCESS
2025-05-22 17:35:36 - clientPlatform processing for: Ripachok
2025-05-22 17:35:36 - Client info: , Platform: Windows, Groups: 13,377
2025-05-22 17:35:36 - Adding platform group 278 for client Ripachok - SUCCESS
2025-05-22 17:43:46 - clientPlatform processing for: mmd
2025-05-22 17:43:46 - Client info: , Platform: Windows, Groups: 265,377
2025-05-22 17:43:46 - Adding platform group 278 for client mmd - SUCCESS
2025-05-22 17:44:24 - clientPlatform processing for: ViliBom
2025-05-22 17:44:24 - Client info: , Platform: Windows, Groups: 266,377
2025-05-22 17:44:24 - Adding platform group 278 for client ViliBom - SUCCESS
2025-05-22 17:44:58 - clientPlatform processing for: 1133
2025-05-22 17:44:58 - Client info: , Platform: Windows, Groups: 17,377
2025-05-22 17:44:58 - Adding platform group 278 for client 1133 - SUCCESS
2025-05-22 17:45:34 - clientPlatform processing for: FailRaik
2025-05-22 17:45:34 - Client info: , Platform: Windows, Groups: 13,377
2025-05-22 17:45:34 - Adding platform group 278 for client FailRaik - SUCCESS
2025-05-22 17:50:20 - clientPlatform processing for: YURA
2025-05-22 17:50:20 - Client info: , Platform: Windows, Groups: 11,369
2025-05-22 17:50:20 - Adding platform group 278 for client YURA - SUCCESS
2025-05-22 17:51:00 - clientPlatform processing for: INSANE
2025-05-22 17:51:00 - Client info: , Platform: Windows, Groups: 266,377
2025-05-22 17:51:00 - Adding platform group 278 for client INSANE - SUCCESS
2025-05-22 17:54:06 - clientPlatform processing for: EliteSniper_192
2025-05-22 17:54:06 - Client info: , Platform: Windows, Groups: 266,377
2025-05-22 17:54:06 - Adding platform group 278 for client EliteSniper_192 - SUCCESS
2025-05-22 17:56:14 - clientPlatform processing for: Mendoza
2025-05-22 17:56:14 - Client info: , Platform: Windows, Groups: 12,369
2025-05-22 17:56:14 - Adding platform group 278 for client Mendoza - SUCCESS
2025-05-22 18:04:31 - clientPlatform processing for: Mendoza
2025-05-22 18:04:31 - Client info: , Platform: Windows, Groups: 12,369
2025-05-22 18:04:31 - Adding platform group 278 for client Mendoza - SUCCESS
2025-05-22 18:09:06 - clientPlatform processing for: Даня
2025-05-22 18:09:06 - Client info: , Platform: Windows, Groups: 13,377
2025-05-22 18:09:06 - Adding platform group 278 for client Даня - SUCCESS
2025-05-22 18:09:23 - clientPlatform processing for: Mendoza
2025-05-22 18:09:23 - Client info: , Platform: Windows, Groups: 12,369
2025-05-22 18:09:23 - Adding platform group 278 for client Mendoza - SUCCESS
2025-05-22 18:09:45 - clientPlatform processing for: EliteSniper_192
2025-05-22 18:09:45 - Client info: , Platform: Windows, Groups: 266,377
2025-05-22 18:09:45 - Adding platform group 278 for client EliteSniper_192 - SUCCESS
2025-05-22 18:10:00 - clientPlatform processing for: Luigi2201
2025-05-22 18:10:00 - Client info: , Platform: Windows, Groups: 13,377
2025-05-22 18:10:00 - Adding platform group 278 for client Luigi2201 - SUCCESS
2025-05-22 18:10:25 - clientPlatform processing for: BubasGungas
2025-05-22 18:10:25 - Client info: , Platform: Windows, Groups: 14,377
2025-05-22 18:10:26 - Adding platform group 278 for client BubasGungas - SUCCESS
2025-05-22 18:10:27 - clientPlatform processing for: EliteSniper_192
2025-05-22 18:10:27 - Client info: , Platform: Windows, Groups: 266,377
2025-05-22 18:10:27 - Adding platform group 278 for client EliteSniper_192 - SUCCESS
2025-05-22 18:11:49 - clientPlatform processing for: liqui_88
2025-05-22 18:11:49 - Client info: , Platform: Windows, Groups: 15,377
2025-05-22 18:11:49 - Adding platform group 278 for client liqui_88 - SUCCESS
2025-05-22 18:13:22 - clientPlatform processing for: yunus
2025-05-22 18:13:22 - Client info: , Platform: Windows, Groups: 10,369
2025-05-22 18:13:22 - Adding platform group 278 for client yunus - SUCCESS
2025-05-22 18:26:08 - clientPlatform processing for: Parsa94
2025-05-22 18:26:08 - Client info: , Platform: Windows, Groups: 266,377
2025-05-22 18:26:08 - Adding platform group 278 for client Parsa94 - SUCCESS
2025-05-22 18:29:37 - clientPlatform processing for: timothysamuelx
2025-05-22 18:29:37 - Client info: , Platform: Windows, Groups: 13,377
2025-05-22 18:29:37 - Adding platform group 278 for client timothysamuelx - SUCCESS
2025-05-22 18:32:35 - clientPlatform processing for: sanka98
2025-05-22 18:32:35 - Client info: , Platform: Windows, Groups: 12,377
2025-05-22 18:32:35 - Adding platform group 278 for client sanka98 - SUCCESS
2025-05-22 18:38:35 - clientPlatform processing for: Agilex
2025-05-22 18:38:35 - Client info: , Platform: Windows, Groups: 13,377
2025-05-22 18:38:35 - Adding platform group 278 for client Agilex - SUCCESS
2025-05-22 18:42:00 - clientPlatform processing for: SysmoUsercid=1402
2025-05-22 18:42:00 - Client info: , Platform: Windows, Groups: 263,377
2025-05-22 18:42:00 - Adding platform group 278 for client SysmoUsercid=1402 - SUCCESS
2025-05-22 18:42:17 - clientPlatform processing for: PoPoEyE
2025-05-22 18:42:17 - Client info: , Platform: Windows, Groups: 11,369
2025-05-22 18:42:17 - Adding platform group 278 for client PoPoEyE - SUCCESS
2025-05-22 18:42:43 - clientPlatform processing for: NowY
2025-05-22 18:42:43 - Client info: , Platform: Windows, Groups: 10,369
2025-05-22 18:42:43 - Adding platform group 278 for client NowY - SUCCESS
2025-05-22 18:43:28 - clientPlatform processing for: Danoel
2025-05-22 18:43:28 - Client info: , Platform: Windows, Groups: 10,369
2025-05-22 18:43:28 - Adding platform group 278 for client Danoel - SUCCESS
2025-05-22 18:43:28 - clientPlatform processing for: TeamSpeakUser1
2025-05-22 18:43:28 - Client info: , Platform: Windows, Groups: 9,369
2025-05-22 18:43:28 - Adding platform group 278 for client TeamSpeakUser1 - SUCCESS
2025-05-22 18:43:28 - clientPlatform processing for: TeamSpeakUser1
2025-05-22 18:43:28 - Client info: , Platform: Windows, Groups: 9,369
2025-05-22 18:43:28 - Group already assigned (detected from error), skipping
2025-05-22 18:43:28 - Adding platform group 278 for client TeamSpeakUser1 - SUCCESS
2025-05-22 18:43:29 - clientPlatform processing for: TeamSpeakUser1
2025-05-22 18:43:29 - Client info: , Platform: Windows, Groups: 9,369
2025-05-22 18:43:29 - Group already assigned (detected from error), skipping
2025-05-22 18:43:29 - Adding platform group 278 for client TeamSpeakUser1 - SUCCESS
2025-05-22 18:46:05 - clientPlatform processing for: yusufppks
2025-05-22 18:46:05 - Client info: , Platform: Windows, Groups: 264,377
2025-05-22 18:46:05 - Adding platform group 278 for client yusufppks - SUCCESS
2025-05-22 18:48:44 - clientPlatform processing for: mmd
2025-05-22 18:48:44 - Client info: , Platform: Windows, Groups: 265,377
2025-05-22 18:48:44 - Adding platform group 278 for client mmd - SUCCESS
2025-05-22 18:49:13 - clientPlatform processing for: Oleg
2025-05-22 18:49:13 - Client info: , Platform: Windows, Groups: 264,377
2025-05-22 18:49:13 - Adding platform group 278 for client Oleg - SUCCESS
2025-05-22 18:49:30 - clientPlatform processing for: Kowismo
2025-05-22 18:49:30 - Client info: , Platform: Windows, Groups: 6,377,422
2025-05-22 18:49:30 - Adding platform group 278 for client Kowismo - SUCCESS
2025-05-22 18:52:05 - clientPlatform processing for: H0R0Z
2025-05-22 18:52:05 - Client info: , Platform: Windows, Groups: 266,377
2025-05-22 18:52:05 - Adding platform group 278 for client H0R0Z - SUCCESS
2025-05-22 18:52:51 - clientPlatform processing for: SysmoUsercid=1402
2025-05-22 18:52:51 - Client info: , Platform: Windows, Groups: 263,377
2025-05-22 18:52:51 - Adding platform group 278 for client SysmoUsercid=1402 - SUCCESS
2025-05-22 18:54:14 - clientPlatform processing for: Myata
2025-05-22 18:54:14 - Client info: , Platform: Windows, Groups: 12,377
2025-05-22 18:54:14 - Adding platform group 278 for client Myata - SUCCESS
2025-05-22 18:56:24 - clientPlatform processing for: mmd
2025-05-22 18:56:24 - Client info: , Platform: Windows, Groups: 265,377
2025-05-22 18:56:24 - Adding platform group 278 for client mmd - SUCCESS
2025-05-22 18:57:55 - clientPlatform processing for: Боцман777
2025-05-22 18:57:55 - Client info: , Platform: Windows, Groups: 18,377
2025-05-22 18:57:55 - Adding platform group 278 for client Боцман777 - SUCCESS
2025-05-22 18:59:30 - clientPlatform processing for: nox
2025-05-22 18:59:30 - Client info: , Platform: Windows, Groups: 266,377
2025-05-22 18:59:30 - Adding platform group 278 for client nox - SUCCESS
2025-05-22 19:02:02 - clientPlatform processing for: TeamSpeakUser2
2025-05-22 19:02:02 - Client info: , Platform: Windows, Groups: 264,377
2025-05-22 19:02:02 - Adding platform group 278 for client TeamSpeakUser2 - SUCCESS
2025-05-22 19:04:17 - clientPlatform processing for: Малиновый Демон
2025-05-22 19:04:17 - Client info: , Platform: Windows, Groups: 265,377
2025-05-22 19:04:17 - Adding platform group 278 for client Малиновый Демон - SUCCESS
2025-05-22 19:05:55 - clientPlatform processing for: hugao
2025-05-22 19:05:55 - Client info: , Platform: Windows, Groups: 12,377
2025-05-22 19:05:55 - Adding platform group 278 for client hugao - SUCCESS
2025-05-22 19:06:58 - clientPlatform processing for: sunnnetci
2025-05-22 19:06:58 - Client info: , Platform: Windows, Groups: 15,377
2025-05-22 19:06:58 - Adding platform group 278 for client sunnnetci - SUCCESS
2025-05-22 19:07:29 - clientPlatform processing for: Werctc
2025-05-22 19:07:29 - Client info: , Platform: Windows, Groups: 266,377
2025-05-22 19:07:29 - Adding platform group 278 for client Werctc - SUCCESS
2025-05-22 19:08:46 - clientPlatform processing for: TeamSpeakUser3
2025-05-22 19:08:46 - Client info: , Platform: Windows, Groups: 11,377
2025-05-22 19:08:46 - Adding platform group 278 for client TeamSpeakUser3 - SUCCESS
2025-05-22 19:09:09 - clientPlatform processing for: blinchik
2025-05-22 19:09:09 - Client info: , Platform: Windows, Groups: 266,377
2025-05-22 19:09:09 - Adding platform group 278 for client blinchik - SUCCESS
2025-05-22 19:09:12 - clientPlatform processing for: MehmetG35
2025-05-22 19:09:12 - Client info: , Platform: Windows, Groups: 263,377
2025-05-22 19:09:12 - Adding platform group 278 for client MehmetG35 - SUCCESS
2025-05-22 19:09:46 - clientPlatform processing for: YURA
2025-05-22 19:09:46 - Client info: , Platform: Windows, Groups: 11,377
2025-05-22 19:09:46 - Adding platform group 278 for client YURA - SUCCESS
2025-05-22 19:10:40 - clientPlatform processing for: wakhomee
2025-05-22 19:10:40 - Client info: , Platform: Windows, Groups: 266,377
2025-05-22 19:10:40 - Adding platform group 278 for client wakhomee - SUCCESS
2025-05-22 19:10:43 - clientPlatform processing for: sunnnetci
2025-05-22 19:10:43 - Client info: , Platform: Windows, Groups: 15,377
2025-05-22 19:10:43 - Adding platform group 278 for client sunnnetci - SUCCESS
2025-05-22 19:11:46 - clientPlatform processing for: shinigami
2025-05-22 19:11:46 - Client info: , Platform: Windows, Groups: 24,377,381,383,385
2025-05-22 19:11:46 - Adding platform group 278 for client shinigami - SUCCESS
2025-05-22 19:13:40 - clientPlatform processing for: Manwe
2025-05-22 19:13:40 - Client info: , Platform: Windows, Groups: 266,377
2025-05-22 19:13:40 - Adding platform group 278 for client Manwe - SUCCESS
2025-05-22 19:16:40 - clientPlatform processing for: рэдик
2025-05-22 19:16:40 - Client info: , Platform: Windows, Groups: 263,377
2025-05-22 19:16:40 - Adding platform group 278 for client рэдик - SUCCESS
2025-05-22 19:19:58 - clientPlatform processing for: teaman11
2025-05-22 19:19:58 - Client info: , Platform: Windows, Groups: 266,377
2025-05-22 19:19:58 - Adding platform group 278 for client teaman11 - SUCCESS
2025-05-22 19:20:23 - clientPlatform processing for: СИСЯМАСИСЯ
2025-05-22 19:20:23 - Client info: , Platform: Windows, Groups: 18,377
2025-05-22 19:20:23 - Adding platform group 278 for client СИСЯМАСИСЯ - SUCCESS
2025-05-22 19:22:39 - clientPlatform processing for: zui
2025-05-22 19:22:39 - Client info: , Platform: Windows, Groups: 15,377
2025-05-22 19:22:39 - Adding platform group 278 for client zui - SUCCESS
2025-05-22 19:24:47 - clientPlatform processing for: Druid Сrow 🦅
2025-05-22 19:24:47 - Client info: , Platform: Windows, Groups: 19,377
2025-05-22 19:24:47 - Adding platform group 278 for client Druid Сrow 🦅 - SUCCESS
2025-05-22 19:24:54 - clientPlatform processing for: Leo33russs
2025-05-22 19:24:54 - Client info: , Platform: Windows, Groups: 264,377
2025-05-22 19:24:54 - Adding platform group 278 for client Leo33russs - SUCCESS
2025-05-22 19:25:45 - clientPlatform processing for: Patiencé
2025-05-22 19:25:45 - Client info: , Platform: Windows, Groups: 266,377
2025-05-22 19:25:45 - Adding platform group 278 for client Patiencé - SUCCESS
2025-05-22 19:26:12 - clientPlatform processing for: darac
2025-05-22 19:26:12 - Client info: , Platform: Windows, Groups: 17,377
2025-05-22 19:26:12 - Adding platform group 278 for client darac - SUCCESS
2025-05-22 19:31:58 - clientPlatform processing for: артур пирожков
2025-05-22 19:31:58 - Client info: , Platform: Windows, Groups: 263,377
2025-05-22 19:31:58 - Adding platform group 278 for client артур пирожков - SUCCESS
2025-05-22 19:32:16 - clientPlatform processing for: TeamSpeakUser2
2025-05-22 19:32:16 - Client info: , Platform: Windows, Groups: 264,377
2025-05-22 19:32:16 - Adding platform group 278 for client TeamSpeakUser2 - SUCCESS
2025-05-22 19:35:01 - clientPlatform processing for: baysikimdeğil
2025-05-22 19:35:01 - Client info: , Platform: Windows, Groups: 15,377
2025-05-22 19:35:01 - Adding platform group 278 for client baysikimdeğil - SUCCESS
2025-05-22 19:35:10 - clientPlatform processing for: timothysamuelx
2025-05-22 19:35:10 - Client info: , Platform: Windows, Groups: 13,377
2025-05-22 19:35:10 - Adding platform group 278 for client timothysamuelx - SUCCESS
2025-05-22 19:37:11 - clientPlatform processing for: tikka345
2025-05-22 19:37:11 - Client info: , Platform: Windows, Groups: 10,369
2025-05-22 19:37:11 - Adding platform group 278 for client tikka345 - SUCCESS
2025-05-22 19:40:29 - clientPlatform processing for: Last
2025-05-22 19:40:29 - Client info: , Platform: Windows, Groups: 265,377
2025-05-22 19:40:29 - Adding platform group 278 for client Last - SUCCESS
2025-05-22 19:46:00 - clientPlatform processing for: Maximus
2025-05-22 19:46:00 - Client info: , Platform: Windows, Groups: 12,377
2025-05-22 19:46:00 - Adding platform group 278 for client Maximus - SUCCESS
2025-05-22 19:46:00 - clientPlatform processing for: Maximus
2025-05-22 19:46:00 - Client info: , Platform: Windows, Groups: 12,377
2025-05-22 19:46:00 - Group already assigned (detected from error), skipping
2025-05-22 19:46:00 - Adding platform group 278 for client Maximus - SUCCESS
2025-05-22 19:46:00 - clientPlatform processing for: Maximus
2025-05-22 19:46:00 - Client info: , Platform: Windows, Groups: 12,377
2025-05-22 19:46:00 - Group already assigned (detected from error), skipping
2025-05-22 19:46:00 - Adding platform group 278 for client Maximus - SUCCESS
2025-05-22 19:46:08 - clientPlatform processing for: TeamSpeakUser4
2025-05-22 19:46:08 - Client info: , Platform: Windows, Groups: 266,377
2025-05-22 19:46:08 - Adding platform group 278 for client TeamSpeakUser4 - SUCCESS
2025-05-22 19:47:15 - clientPlatform processing for: Parsa94
2025-05-22 19:47:15 - Client info: , Platform: Windows, Groups: 266,377
2025-05-22 19:47:15 - Adding platform group 278 for client Parsa94 - SUCCESS
2025-05-22 19:47:40 - clientPlatform processing for: aliylmazbruh
2025-05-22 19:47:40 - Client info: , Platform: Windows, Groups: 266,377
2025-05-22 19:47:40 - Adding platform group 278 for client aliylmazbruh - SUCCESS
2025-05-22 19:51:42 - clientPlatform processing for: 1mdzz
2025-05-22 19:51:42 - Client info: , Platform: Windows, Groups: 13,377
2025-05-22 19:51:42 - Adding platform group 278 for client 1mdzz - SUCCESS
2025-05-22 19:52:08 - clientPlatform processing for: DarkZX
2025-05-22 19:52:08 - Client info: , Platform: Windows, Groups: 19,377,400
2025-05-22 19:52:08 - Adding platform group 278 for client DarkZX - SUCCESS
2025-05-22 19:52:30 - clientPlatform processing for: Tor4am
2025-05-22 19:52:30 - Client info: , Platform: Windows, Groups: 263,377
2025-05-22 19:52:30 - Adding platform group 278 for client Tor4am - SUCCESS
2025-05-22 19:52:40 - clientPlatform processing for: aliylmazbruh
2025-05-22 19:52:40 - Client info: , Platform: Windows, Groups: 266,377
2025-05-22 19:52:40 - Adding platform group 278 for client aliylmazbruh - SUCCESS
2025-05-22 19:54:05 - clientPlatform processing for: Zenon
2025-05-22 19:54:05 - Client info: , Platform: Windows, Groups: 12,377
2025-05-22 19:54:05 - Adding platform group 278 for client Zenon - SUCCESS
2025-05-22 19:55:57 - clientPlatform processing for: drxxxP
2025-05-22 19:55:57 - Client info: , Platform: Windows, Groups: 266,377
2025-05-22 19:55:57 - Adding platform group 278 for client drxxxP - SUCCESS
2025-05-22 19:56:49 - clientPlatform processing for: Skiwii_
2025-05-22 19:56:49 - Client info: , Platform: Windows, Groups: 12,377
2025-05-22 19:56:49 - Adding platform group 278 for client Skiwii_ - SUCCESS
2025-05-22 19:57:00 - clientPlatform processing for: kiale.
2025-05-22 19:57:00 - Client info: , Platform: Windows, Groups: 12,377
2025-05-22 19:57:00 - Adding platform group 278 for client kiale. - SUCCESS
2025-05-22 19:57:58 - clientPlatform processing for: eatmyb8ls
2025-05-22 19:57:58 - Client info: , Platform: Windows, Groups: 266,377
2025-05-22 19:57:58 - Adding platform group 278 for client eatmyb8ls - SUCCESS
2025-05-22 19:58:32 - clientPlatform processing for: patoRLCSWinner
2025-05-22 19:58:32 - Client info: , Platform: Windows, Groups: 12,377
2025-05-22 19:58:32 - Adding platform group 278 for client patoRLCSWinner - SUCCESS
2025-05-22 20:00:31 - clientPlatform processing for: amir-v13
2025-05-22 20:00:31 - Client info: , Platform: Windows, Groups: 13,377
2025-05-22 20:00:31 - Adding platform group 278 for client amir-v13 - SUCCESS
2025-05-22 20:01:36 - clientPlatform processing for: drxxxP
2025-05-22 20:01:36 - Client info: , Platform: Windows, Groups: 266,377
2025-05-22 20:01:36 - Adding platform group 278 for client drxxxP - SUCCESS
2025-05-22 20:01:52 - clientPlatform processing for: saadf
2025-05-22 20:01:52 - Client info: , Platform: Windows, Groups: 17,377
2025-05-22 20:01:52 - Adding platform group 278 for client saadf - SUCCESS
2025-05-22 20:03:04 - clientPlatform processing for: Dopest
2025-05-22 20:03:04 - Client info: , Platform: Windows, Groups: 9,369
2025-05-22 20:03:04 - Adding platform group 278 for client Dopest - SUCCESS
2025-05-22 20:03:16 - clientPlatform processing for: TeamSpeakUser5
2025-05-22 20:03:16 - Client info: , Platform: Windows, Groups: 8,369
2025-05-22 20:03:16 - Adding platform group 278 for client TeamSpeakUser5 - SUCCESS
2025-05-22 20:04:13 - clientPlatform processing for: шароёб
2025-05-22 20:04:13 - Client info: , Platform: Windows, Groups: 17,377
2025-05-22 20:04:13 - Adding platform group 278 for client шароёб - SUCCESS
2025-05-22 20:04:44 - clientPlatform processing for: mishechcaty
2025-05-22 20:04:44 - Client info: , Platform: Windows, Groups: 12,377
2025-05-22 20:04:44 - Adding platform group 278 for client mishechcaty - SUCCESS
2025-05-22 20:05:05 - clientPlatform processing for: Seyit
2025-05-22 20:05:05 - Client info: , Platform: Windows, Groups: 266,377
2025-05-22 20:05:05 - Adding platform group 278 for client Seyit - SUCCESS
2025-05-22 20:06:49 - clientPlatform processing for: слуга народа
2025-05-22 20:06:49 - Client info: , Platform: Windows, Groups: 14,377
2025-05-22 20:06:49 - Adding platform group 278 for client слуга народа - SUCCESS
2025-05-22 20:06:58 - clientPlatform processing for: LawleSs
2025-05-22 20:06:58 - Client info: , Platform: Windows, Groups: 12,377
2025-05-22 20:06:58 - Adding platform group 278 for client LawleSs - SUCCESS
2025-05-22 20:08:36 - clientPlatform processing for: jac'K
2025-05-22 20:08:36 - Client info: , Platform: Windows, Groups: 266,377
2025-05-22 20:08:36 - Adding platform group 278 for client jac'K - SUCCESS
2025-05-22 20:09:33 - clientPlatform processing for: Jabberson
2025-05-22 20:09:33 - Client info: , Platform: Windows, Groups: 266,377
2025-05-22 20:09:33 - Adding platform group 278 for client Jabberson - SUCCESS
2025-05-22 20:10:25 - clientPlatform processing for: Sfanon
2025-05-22 20:10:25 - Client info: , Platform: Windows, Groups: 13,377
2025-05-22 20:10:25 - Adding platform group 278 for client Sfanon - SUCCESS
2025-05-22 20:10:46 - clientPlatform processing for: Jabberson
2025-05-22 20:10:46 - Client info: , Platform: Windows, Groups: 266,377
2025-05-22 20:10:46 - Adding platform group 278 for client Jabberson - SUCCESS
2025-05-22 20:11:14 - clientPlatform processing for: mixaluch0707
2025-05-22 20:11:14 - Client info: , Platform: Windows, Groups: 265,377
2025-05-22 20:11:14 - Adding platform group 278 for client mixaluch0707 - SUCCESS
2025-05-22 20:11:17 - clientPlatform processing for: Belzevul
2025-05-22 20:11:17 - Client info: , Platform: Windows, Groups: 12,377
2025-05-22 20:11:17 - Adding platform group 278 for client Belzevul - SUCCESS
2025-05-22 20:11:57 - clientPlatform processing for: RaptorK80
2025-05-22 20:11:57 - Client info: , Platform: Windows, Groups: 10,369
2025-05-22 20:11:57 - Adding platform group 278 for client RaptorK80 - SUCCESS
2025-05-22 20:15:19 - clientPlatform processing for: Sector
2025-05-22 20:15:19 - Client info: , Platform: Windows, Groups: 264,377
2025-05-22 20:15:19 - Adding platform group 278 for client Sector - SUCCESS
2025-05-22 20:16:01 - clientPlatform processing for: Efkeyy
2025-05-22 20:16:01 - Client info: , Platform: Windows, Groups: 266,377
2025-05-22 20:16:01 - Adding platform group 278 for client Efkeyy - SUCCESS
2025-05-22 20:19:03 - clientPlatform processing for: takethe_shot_
2025-05-22 20:19:03 - Client info: , Platform: Windows, Groups: 7
2025-05-22 20:19:03 - Adding platform group 278 for client takethe_shot_ - SUCCESS
2025-05-22 20:19:08 - clientPlatform processing for: mbagod
2025-05-22 20:19:08 - Client info: , Platform: Windows, Groups: 266,377
2025-05-22 20:19:08 - Adding platform group 278 for client mbagod - SUCCESS
2025-05-22 20:19:36 - clientPlatform processing for: tikka345
2025-05-22 20:19:36 - Client info: , Platform: Windows, Groups: 10,369
2025-05-22 20:19:36 - Adding platform group 278 for client tikka345 - SUCCESS
2025-05-22 20:21:27 - clientPlatform processing for: Mehdi_km81
2025-05-22 20:21:27 - Client info: , Platform: Windows, Groups: 13,377
2025-05-22 20:21:27 - Adding platform group 278 for client Mehdi_km81 - SUCCESS
2025-05-22 20:21:27 - clientPlatform processing for: Mehdi_km81
2025-05-22 20:21:27 - Client info: , Platform: Windows, Groups: 13,377
2025-05-22 20:21:27 - Group already assigned (detected from error), skipping
2025-05-22 20:21:27 - Adding platform group 278 for client Mehdi_km81 - SUCCESS
2025-05-22 20:21:27 - clientPlatform processing for: Mehdi_km81
2025-05-22 20:21:27 - Client info: , Platform: Windows, Groups: 13,377
2025-05-22 20:21:27 - Group already assigned (detected from error), skipping
2025-05-22 20:21:27 - Adding platform group 278 for client Mehdi_km81 - SUCCESS
2025-05-22 20:22:42 - clientPlatform processing for: mmd
2025-05-22 20:22:42 - Client info: , Platform: Windows, Groups: 265,377
2025-05-22 20:22:42 - Adding platform group 278 for client mmd - SUCCESS
2025-05-22 20:23:01 - clientPlatform processing for: divineheal
2025-05-22 20:23:01 - Client info: , Platform: Windows, Groups: 7
2025-05-22 20:23:01 - Adding platform group 278 for client divineheal - SUCCESS
2025-05-22 20:23:22 - clientPlatform processing for: lokmannnnnn
2025-05-22 20:23:22 - Client info: , Platform: Windows, Groups: 263,377
2025-05-22 20:23:22 - Adding platform group 278 for client lokmannnnnn - SUCCESS
2025-05-22 20:24:52 - clientPlatform processing for: hudabin
2025-05-22 20:24:52 - Client info: , Platform: Windows, Groups: 17,377
2025-05-22 20:24:52 - Adding platform group 278 for client hudabin - SUCCESS
2025-05-22 20:25:07 - clientPlatform processing for: Maximus
2025-05-22 20:25:07 - Client info: , Platform: Windows, Groups: 12,377
2025-05-22 20:25:07 - Adding platform group 278 for client Maximus - SUCCESS
2025-05-22 20:25:11 - clientPlatform processing for: kaiizenn
2025-05-22 20:25:11 - Client info: , Platform: Windows, Groups: 25,377,382,399
2025-05-22 20:25:11 - Adding platform group 278 for client kaiizenn - SUCCESS
2025-05-22 20:25:30 - clientPlatform processing for: tuni
2025-05-22 20:25:30 - Client info: , Platform: Windows, Groups: 7
2025-05-22 20:25:30 - Adding platform group 278 for client tuni - SUCCESS
2025-05-22 20:27:08 - clientPlatform processing for: Lazy_Eagle
2025-05-22 20:27:08 - Client info: , Platform: Windows, Groups: 17,377
2025-05-22 20:27:08 - Adding platform group 278 for client Lazy_Eagle - SUCCESS
2025-05-22 20:28:58 - clientPlatform processing for: moi
2025-05-22 20:28:58 - Client info: , Platform: Windows, Groups: 13,369
2025-05-22 20:28:58 - Adding platform group 278 for client moi - SUCCESS
2025-05-22 20:30:14 - clientPlatform processing for: apperhuyapper
2025-05-22 20:30:14 - Client info: , Platform: Windows, Groups: 13,377
2025-05-22 20:30:14 - Adding platform group 278 for client apperhuyapper - SUCCESS
2025-05-22 20:30:19 - clientPlatform processing for: tuni
2025-05-22 20:30:19 - Client info: , Platform: Windows, Groups: 8,369
2025-05-22 20:30:19 - Adding platform group 278 for client tuni - SUCCESS
2025-05-22 20:31:51 - clientPlatform processing for: mmd
2025-05-22 20:31:51 - Client info: , Platform: Windows, Groups: 265,377
2025-05-22 20:31:51 - Adding platform group 278 for client mmd - SUCCESS
2025-05-22 20:33:56 - clientPlatform processing for: sunshinee3
2025-05-22 20:33:56 - Client info: , Platform: Windows, Groups: 7
2025-05-22 20:33:56 - Adding platform group 278 for client sunshinee3 - SUCCESS
2025-05-22 20:34:24 - clientPlatform processing for: sunshinee3
2025-05-22 20:34:24 - Client info: , Platform: Windows, Groups: 8,369
2025-05-22 20:34:24 - Adding platform group 278 for client sunshinee3 - SUCCESS
2025-05-22 20:35:11 - clientPlatform processing for: Chibuike
2025-05-22 20:35:11 - Client info: , Platform: Windows, Groups: 17,377
2025-05-22 20:35:11 - Adding platform group 278 for client Chibuike - SUCCESS
2025-05-22 20:36:19 - clientPlatform processing for: moi
2025-05-22 20:36:19 - Client info: , Platform: Windows, Groups: 13,369
2025-05-22 20:36:19 - Adding platform group 278 for client moi - SUCCESS
2025-05-22 20:38:08 - clientPlatform processing for: tuni
2025-05-22 20:38:08 - Client info: , Platform: Windows, Groups: 8,369
2025-05-22 20:38:08 - Adding platform group 278 for client tuni - SUCCESS
2025-05-22 20:39:50 - clientPlatform processing for: mmd
2025-05-22 20:39:50 - Client info: , Platform: Windows, Groups: 265,377
2025-05-22 20:39:50 - Adding platform group 278 for client mmd - SUCCESS
2025-05-22 20:41:15 - clientPlatform processing for: Sfanon
2025-05-22 20:41:15 - Client info: , Platform: Windows, Groups: 13,377
2025-05-22 20:41:16 - Adding platform group 278 for client Sfanon - SUCCESS
2025-05-22 20:41:56 - clientPlatform processing for: NaiRoD
2025-05-22 20:41:56 - Client info: , Platform: Windows, Groups: 19,377
2025-05-22 20:41:56 - Adding platform group 278 for client NaiRoD - SUCCESS
2025-05-22 20:43:28 - clientPlatform processing for: divineheal
2025-05-22 20:43:28 - Client info: , Platform: Windows, Groups: 8,369
2025-05-22 20:43:28 - Adding platform group 278 for client divineheal - SUCCESS
2025-05-22 20:44:42 - clientPlatform processing for: Tor4am
2025-05-22 20:44:42 - Client info: , Platform: Windows, Groups: 263,377
2025-05-22 20:44:42 - Adding platform group 278 for client Tor4am - SUCCESS
2025-05-22 20:45:30 - clientPlatform processing for: MC durak
2025-05-22 20:45:30 - Client info: , Platform: Windows, Groups: 266,377
2025-05-22 20:45:30 - Adding platform group 278 for client MC durak - SUCCESS
2025-05-22 20:46:22 - clientPlatform processing for: lord
2025-05-22 20:46:22 - Client info: , Platform: Windows, Groups: 15,377
2025-05-22 20:46:22 - Adding platform group 278 for client lord - SUCCESS
2025-05-22 20:48:05 - clientPlatform processing for: tuni
2025-05-22 20:48:05 - Client info: , Platform: Windows, Groups: 8,369
2025-05-22 20:48:05 - Adding platform group 278 for client tuni - SUCCESS
2025-05-22 20:50:07 - clientPlatform processing for: lored1
2025-05-22 20:50:07 - Client info: , Platform: Windows, Groups: 15,377
2025-05-22 20:50:07 - Adding platform group 278 for client lored1 - SUCCESS
2025-05-22 20:50:45 - clientPlatform processing for: W1zard
2025-05-22 20:50:45 - Client info: , Platform: Windows, Groups: 14,377
2025-05-22 20:50:45 - Adding platform group 278 for client W1zard - SUCCESS
2025-05-22 20:51:22 - clientPlatform processing for: m1sspit4boa
2025-05-22 20:51:22 - Client info: , Platform: Windows, Groups: 12,377
2025-05-22 20:51:22 - Adding platform group 278 for client m1sspit4boa - SUCCESS
2025-05-22 20:53:23 - clientPlatform processing for: TeamSpeakUser3
2025-05-22 20:53:23 - Client info: , Platform: Windows, Groups: 7
2025-05-22 20:53:23 - Adding platform group 278 for client TeamSpeakUser3 - SUCCESS
2025-05-22 20:53:43 - clientPlatform processing for: Platonuch_UA
2025-05-22 20:53:43 - Client info: , Platform: Windows, Groups: 19,377
2025-05-22 20:53:43 - Adding platform group 278 for client Platonuch_UA - SUCCESS
2025-05-22 20:54:14 - clientPlatform processing for: TeamSpeakUser5
2025-05-22 20:54:14 - Client info: , Platform: Windows, Groups: 7
2025-05-22 20:54:15 - Adding platform group 278 for client TeamSpeakUser5 - SUCCESS
2025-05-22 20:55:45 - clientPlatform processing for: Myata
2025-05-22 20:55:45 - Client info: , Platform: Windows, Groups: 12,377
2025-05-22 20:55:45 - Adding platform group 278 for client Myata - SUCCESS
2025-05-22 20:55:50 - clientPlatform processing for: Brodieee
2025-05-22 20:55:50 - Client info: , Platform: Windows, Groups: 7
2025-05-22 20:55:50 - Adding platform group 278 for client Brodieee - SUCCESS
2025-05-22 20:56:21 - clientPlatform processing for: STW220
2025-05-22 20:56:21 - Client info: , Platform: Windows, Groups: 7
2025-05-22 20:56:21 - Adding platform group 278 for client STW220 - SUCCESS
2025-05-22 20:58:32 - clientPlatform processing for: TeamSpeakUser
2025-05-22 20:58:32 - Client info: , Platform: Windows, Groups: 8,369
2025-05-22 20:58:32 - Adding platform group 278 for client TeamSpeakUser - SUCCESS
2025-05-22 20:58:37 - clientPlatform processing for: TeamSpeakUser3
2025-05-22 20:58:37 - Client info: , Platform: Windows, Groups: 15,377
2025-05-22 20:58:37 - Adding platform group 278 for client TeamSpeakUser3 - SUCCESS
2025-05-22 20:59:45 - clientPlatform processing for: TeamSpeakUser
2025-05-22 20:59:45 - Client info: , Platform: Windows, Groups: 15,377
2025-05-22 20:59:45 - Adding platform group 278 for client TeamSpeakUser - SUCCESS
2025-05-22 21:02:01 - clientPlatform processing for: whoismert
2025-05-22 21:02:01 - Client info: , Platform: Windows, Groups: 17,377
2025-05-22 21:02:01 - Adding platform group 278 for client whoismert - SUCCESS
2025-05-22 21:03:09 - clientPlatform processing for: eyimpirosu
2025-05-22 21:03:09 - Client info: , Platform: Windows, Groups: 7
2025-05-22 21:03:09 - Adding platform group 278 for client eyimpirosu - SUCCESS
2025-05-22 21:03:25 - clientPlatform processing for: kompot1k
2025-05-22 21:03:25 - Client info: , Platform: Windows, Groups: 264,377
2025-05-22 21:03:25 - Adding platform group 278 for client kompot1k - SUCCESS
2025-05-22 21:03:34 - clientPlatform processing for: osasderlerbana
2025-05-22 21:03:34 - Client info: , Platform: Windows, Groups: 17,377
2025-05-22 21:03:34 - Adding platform group 278 for client osasderlerbana - SUCCESS
2025-05-22 21:03:51 - clientPlatform processing for: rowdy
2025-05-22 21:03:51 - Client info: , Platform: Windows, Groups: 265,377
2025-05-22 21:03:51 - Adding platform group 278 for client rowdy - SUCCESS
2025-05-22 21:04:48 - clientPlatform processing for: TeamSpeakUser3
2025-05-22 21:04:48 - Client info: , Platform: Windows, Groups: 11,377
2025-05-22 21:04:48 - Adding platform group 278 for client TeamSpeakUser3 - SUCCESS
2025-05-22 21:07:28 - clientPlatform processing for: Phantor
2025-05-22 21:07:28 - Client info: , Platform: Windows, Groups: 17,377
2025-05-22 21:07:28 - Adding platform group 278 for client Phantor - SUCCESS
2025-05-22 21:08:50 - clientPlatform processing for: -W1LLL
2025-05-22 21:08:50 - Client info: , Platform: Windows, Groups: 266,377
2025-05-22 21:08:50 - Adding platform group 278 for client -W1LLL - SUCCESS
2025-05-22 21:08:55 - clientPlatform processing for: joy
2025-05-22 21:08:55 - Client info: , Platform: Windows, Groups: 13,377
2025-05-22 21:08:55 - Adding platform group 278 for client joy - SUCCESS
2025-05-22 21:10:11 - clientPlatform processing for: baia
2025-05-22 21:10:11 - Client info: , Platform: Windows, Groups: 263,377
2025-05-22 21:10:11 - Adding platform group 278 for client baia - SUCCESS
2025-05-22 21:10:12 - clientPlatform processing for: RaptorK80
2025-05-22 21:10:12 - Client info: , Platform: Windows, Groups: 11,369
2025-05-22 21:10:12 - Adding platform group 278 for client RaptorK80 - SUCCESS
2025-05-22 21:14:43 - clientPlatform processing for: Burak
2025-05-22 21:14:43 - Client info: , Platform: Windows, Groups: 12,377
2025-05-22 21:14:43 - Adding platform group 278 for client Burak - SUCCESS
2025-05-22 21:17:49 - clientPlatform processing for: Eren
2025-05-22 21:17:49 - Client info: , Platform: Windows, Groups: 11,377
2025-05-22 21:17:49 - Adding platform group 278 for client Eren - SUCCESS
2025-05-22 21:17:52 - clientPlatform processing for: verdi
2025-05-22 21:17:52 - Client info: , Platform: Windows, Groups: 266,377
2025-05-22 21:17:52 - Adding platform group 278 for client verdi - SUCCESS
2025-05-22 21:18:19 - clientPlatform processing for: TeamSpeakUser5
2025-05-22 21:18:19 - Client info: , Platform: Windows, Groups: 266,377
2025-05-22 21:18:19 - Adding platform group 278 for client TeamSpeakUser5 - SUCCESS
2025-05-22 21:19:42 - clientPlatform processing for: леха
2025-05-22 21:19:42 - Client info: , Platform: Windows, Groups: 18,377
2025-05-22 21:19:42 - Adding platform group 278 for client леха - SUCCESS
2025-05-22 21:21:17 - clientPlatform processing for: Retegui
2025-05-22 21:21:17 - Client info: , Platform: Windows, Groups: 13,377
2025-05-22 21:21:18 - Adding platform group 278 for client Retegui - SUCCESS
2025-05-22 21:21:24 - clientPlatform processing for: credolls
2025-05-22 21:21:24 - Client info: , Platform: Windows, Groups: 18,377
2025-05-22 21:21:24 - Adding platform group 278 for client credolls - SUCCESS
2025-05-22 21:21:29 - clientPlatform processing for: artembill
2025-05-22 21:21:29 - Client info: , Platform: macOS, Groups: 15,377
2025-05-22 21:21:29 - Adding platform group 280 for client artembill - SUCCESS
2025-05-22 21:21:53 - clientPlatform processing for: artembill
2025-05-22 21:21:53 - Client info: , Platform: macOS, Groups: 15,377
2025-05-22 21:21:53 - Adding platform group 280 for client artembill - SUCCESS
2025-05-22 21:22:09 - clientPlatform processing for: Jabberson
2025-05-22 21:22:09 - Client info: , Platform: Windows, Groups: 266,377
2025-05-22 21:22:09 - Adding platform group 278 for client Jabberson - SUCCESS
2025-05-22 21:22:46 - clientPlatform processing for: artembill
2025-05-22 21:22:46 - Client info: , Platform: macOS, Groups: 15,377
2025-05-22 21:22:46 - Adding platform group 280 for client artembill - SUCCESS
2025-05-22 21:23:02 - clientPlatform processing for: artembill
2025-05-22 21:23:02 - Client info: , Platform: macOS, Groups: 15,377
2025-05-22 21:23:02 - Adding platform group 280 for client artembill - SUCCESS
2025-05-22 21:23:19 - clientPlatform processing for: artembill
2025-05-22 21:23:19 - Client info: , Platform: macOS, Groups: 15,377
2025-05-22 21:23:19 - Adding platform group 280 for client artembill - SUCCESS
2025-05-22 21:24:23 - clientPlatform processing for: Imprii
2025-05-22 21:24:23 - Client info: , Platform: Windows, Groups: 15,377
2025-05-22 21:24:23 - Adding platform group 278 for client Imprii - SUCCESS
2025-05-22 21:24:48 - clientPlatform processing for: Karyotei
2025-05-22 21:24:48 - Client info: , Platform: Windows, Groups: 8,369
2025-05-22 21:24:48 - Adding platform group 278 for client Karyotei - SUCCESS
2025-05-22 21:26:26 - clientPlatform processing for: J4M4L
2025-05-22 21:26:26 - Client info: , Platform: Windows, Groups: 18,377
2025-05-22 21:26:26 - Adding platform group 278 for client J4M4L - SUCCESS
2025-05-22 21:28:05 - clientPlatform processing for: kaya
2025-05-22 21:28:05 - Client info: , Platform: Windows, Groups: 266,377
2025-05-22 21:28:05 - Adding platform group 278 for client kaya - SUCCESS
2025-05-22 21:28:53 - clientPlatform processing for: bohun ivan
2025-05-22 21:28:53 - Client info: , Platform: Windows, Groups: 17,377
2025-05-22 21:28:53 - Adding platform group 278 for client bohun ivan - SUCCESS
2025-05-22 21:31:03 - clientPlatform processing for: kayanyildz
2025-05-22 21:31:03 - Client info: , Platform: Windows, Groups: 266,377
2025-05-22 21:31:03 - Adding platform group 278 for client kayanyildz - SUCCESS
2025-05-22 21:31:11 - clientPlatform processing for: SNAC-Ahmet
2025-05-22 21:31:11 - Client info: , Platform: Windows, Groups: 265,377
2025-05-22 21:31:12 - Adding platform group 278 for client SNAC-Ahmet - SUCCESS
2025-05-22 21:33:43 - clientPlatform processing for: mostafa
2025-05-22 21:33:43 - Client info: , Platform: Windows, Groups: 13,377
2025-05-22 21:33:43 - Adding platform group 278 for client mostafa - SUCCESS
2025-05-22 21:33:45 - clientPlatform processing for: Joss
2025-05-22 21:33:45 - Client info: , Platform: Windows, Groups: 13,377
2025-05-22 21:33:45 - Adding platform group 278 for client Joss - SUCCESS
2025-05-22 21:34:23 - clientPlatform processing for: Retegui
2025-05-22 21:34:23 - Client info: , Platform: Windows, Groups: 13,377
2025-05-22 21:34:23 - Adding platform group 278 for client Retegui - SUCCESS
2025-05-22 21:34:40 - clientPlatform processing for: TeamSpeakUser6
2025-05-22 21:34:40 - Client info: , Platform: Windows, Groups: 12,377
2025-05-22 21:34:40 - Adding platform group 278 for client TeamSpeakUser6 - SUCCESS
2025-05-22 21:36:14 - clientPlatform processing for: drxxxP
2025-05-22 21:36:14 - Client info: , Platform: Windows, Groups: 266,377
2025-05-22 21:36:14 - Adding platform group 278 for client drxxxP - SUCCESS
2025-05-22 21:36:23 - clientPlatform processing for: sajjad
2025-05-22 21:36:23 - Client info: , Platform: Windows, Groups: 13,377
2025-05-22 21:36:23 - Adding platform group 278 for client sajjad - SUCCESS
2025-05-22 21:36:34 - clientPlatform processing for: Jabberson
2025-05-22 21:36:34 - Client info: , Platform: Windows, Groups: 266,377
2025-05-22 21:36:34 - Adding platform group 278 for client Jabberson - SUCCESS
2025-05-22 21:37:43 - clientPlatform processing for: éclatax
2025-05-22 21:37:43 - Client info: , Platform: Windows, Groups: 12,377
2025-05-22 21:37:43 - Adding platform group 278 for client éclatax - SUCCESS
2025-05-22 21:43:17 - clientPlatform processing for: Etienne
2025-05-22 21:43:17 - Client info: , Platform: Windows, Groups: 12,377
2025-05-22 21:43:17 - Adding platform group 278 for client Etienne - SUCCESS
2025-05-22 21:45:37 - clientPlatform processing for: tuni
2025-05-22 21:45:37 - Client info: , Platform: Windows, Groups: 9,369
2025-05-22 21:45:37 - Adding platform group 278 for client tuni - SUCCESS
2025-05-22 21:48:23 - clientPlatform processing for: CClad
2025-05-22 21:48:23 - Client info: , Platform: Windows, Groups: 14,377
2025-05-22 21:48:23 - Adding platform group 278 for client CClad - SUCCESS
2025-05-22 21:49:14 - clientPlatform processing for: tuni
2025-05-22 21:49:14 - Client info: , Platform: Windows, Groups: 9,369
2025-05-22 21:49:14 - Adding platform group 278 for client tuni - SUCCESS
2025-05-22 21:49:17 - clientPlatform processing for: eatmyb8ls
2025-05-22 21:49:17 - Client info: , Platform: Windows, Groups: 266,377
2025-05-22 21:49:17 - Adding platform group 278 for client eatmyb8ls - SUCCESS
2025-05-22 21:50:38 - clientPlatform processing for: dimafreddyy
2025-05-22 21:50:38 - Client info: , Platform: Windows, Groups: 266,377
2025-05-22 21:50:38 - Adding platform group 278 for client dimafreddyy - SUCCESS
2025-05-22 21:51:29 - clientPlatform processing for: SNAC-Ahmet
2025-05-22 21:51:29 - Client info: , Platform: Windows, Groups: 265,377
2025-05-22 21:51:29 - Adding platform group 278 for client SNAC-Ahmet - SUCCESS
2025-05-22 21:51:39 - clientPlatform processing for: tuni
2025-05-22 21:51:39 - Client info: , Platform: Windows, Groups: 9,369
2025-05-22 21:51:39 - Adding platform group 278 for client tuni - SUCCESS
2025-05-22 21:51:49 - clientPlatform processing for: AMINOV
2025-05-22 21:51:49 - Client info: , Platform: Windows, Groups: 265,377
2025-05-22 21:51:49 - Adding platform group 278 for client AMINOV - SUCCESS
2025-05-22 21:52:18 - clientPlatform processing for: tuni
2025-05-22 21:52:18 - Client info: , Platform: Windows, Groups: 9,369
2025-05-22 21:52:18 - Adding platform group 278 for client tuni - SUCCESS
2025-05-22 21:52:43 - clientPlatform processing for: AMINOV
2025-05-22 21:52:43 - Client info: , Platform: Windows, Groups: 265,377
2025-05-22 21:52:43 - Adding platform group 278 for client AMINOV - SUCCESS
2025-05-22 21:52:48 - clientPlatform processing for: kappanda01
2025-05-22 21:52:48 - Client info: , Platform: Windows, Groups: 10,369
2025-05-22 21:52:48 - Adding platform group 278 for client kappanda01 - SUCCESS
2025-05-22 21:53:03 - clientPlatform processing for: torna
2025-05-22 21:53:03 - Client info: , Platform: Windows, Groups: 266,377
2025-05-22 21:53:03 - Adding platform group 278 for client torna - SUCCESS
2025-05-22 21:53:07 - clientPlatform processing for: CClad
2025-05-22 21:53:07 - Client info: , Platform: Windows, Groups: 14,377
2025-05-22 21:53:07 - Adding platform group 278 for client CClad - SUCCESS
2025-05-22 21:54:40 - clientPlatform processing for: fl4sh
2025-05-22 21:54:40 - Client info: , Platform: Windows, Groups: 15,377
2025-05-22 21:54:40 - Adding platform group 278 for client fl4sh - SUCCESS
2025-05-22 21:54:47 - clientPlatform processing for: crzfrg77
2025-05-22 21:54:47 - Client info: , Platform: Windows, Groups: 263,377
2025-05-22 21:54:47 - Adding platform group 278 for client crzfrg77 - SUCCESS
2025-05-22 21:56:42 - clientPlatform processing for: Bigboss420
2025-05-22 21:56:42 - Client info: , Platform: Windows, Groups: 9,369
2025-05-22 21:56:42 - Adding platform group 278 for client Bigboss420 - SUCCESS
2025-05-22 21:57:45 - clientPlatform processing for: Yusoso
2025-05-22 21:57:45 - Client info: , Platform: Windows, Groups: 9,369
2025-05-22 21:57:45 - Adding platform group 278 for client Yusoso - SUCCESS
2025-05-22 22:00:29 - clientPlatform processing for: lowkeybomba
2025-05-22 22:00:29 - Client info: , Platform: Windows, Groups: 7
2025-05-22 22:00:29 - Adding platform group 278 for client lowkeybomba - SUCCESS
2025-05-22 22:01:03 - clientPlatform processing for: lowkeybomba
2025-05-22 22:01:03 - Client info: , Platform: Windows, Groups: 8,369
2025-05-22 22:01:03 - Adding platform group 278 for client lowkeybomba - SUCCESS
2025-05-22 22:02:23 - clientPlatform processing for: PastA1
2025-05-22 22:02:23 - Client info: , Platform: Windows, Groups: 17,377
2025-05-22 22:02:23 - Adding platform group 278 for client PastA1 - SUCCESS
2025-05-22 22:05:33 - clientPlatform processing for: Agilex
2025-05-22 22:05:33 - Client info: , Platform: Windows, Groups: 13,377
2025-05-22 22:05:33 - Adding platform group 278 for client Agilex - SUCCESS
2025-05-22 22:09:06 - clientPlatform processing for: astraiser
2025-05-22 22:09:06 - Client info: , Platform: Windows, Groups: 17,377
2025-05-22 22:09:06 - Adding platform group 278 for client astraiser - SUCCESS
2025-05-22 22:09:11 - clientPlatform processing for: TheWhite1
2025-05-22 22:09:11 - Client info: , Platform: Windows, Groups: 266,377
2025-05-22 22:09:11 - Adding platform group 278 for client TheWhite1 - SUCCESS
2025-05-22 22:11:44 - clientPlatform processing for: Hydrastarke
2025-05-22 22:11:44 - Client info: , Platform: Windows, Groups: 13,377
2025-05-22 22:11:44 - Adding platform group 278 for client Hydrastarke - SUCCESS
2025-05-22 22:16:37 - clientPlatform processing for: Argonaft
2025-05-22 22:16:37 - Client info: , Platform: Windows, Groups: 263,377
2025-05-22 22:16:37 - Adding platform group 278 for client Argonaft - SUCCESS
2025-05-22 22:16:49 - clientPlatform processing for: __Kharakternik__
2025-05-22 22:16:49 - Client info: , Platform: Windows, Groups: 15,377
2025-05-22 22:16:49 - Adding platform group 278 for client __Kharakternik__ - SUCCESS
2025-05-22 22:18:30 - clientPlatform processing for: nike_13
2025-05-22 22:18:30 - Client info: , Platform: Windows, Groups: 266,377
2025-05-22 22:18:30 - Adding platform group 278 for client nike_13 - SUCCESS
2025-05-22 22:19:36 - clientPlatform processing for: _MERS_
2025-05-22 22:19:36 - Client info: , Platform: Windows, Groups: 15,377
2025-05-22 22:19:36 - Adding platform group 278 for client _MERS_ - SUCCESS
2025-05-22 22:20:30 - clientPlatform processing for: Gosh
2025-05-22 22:20:30 - Client info: , Platform: Windows, Groups: 266,377
2025-05-22 22:20:30 - Adding platform group 278 for client Gosh - SUCCESS
2025-05-22 22:20:55 - clientPlatform processing for: regulator
2025-05-22 22:20:55 - Client info: , Platform: Windows, Groups: 266,377
2025-05-22 22:20:55 - Adding platform group 278 for client regulator - SUCCESS
2025-05-22 22:23:23 - clientPlatform processing for: __illlia__
2025-05-22 22:23:23 - Client info: , Platform: iOS, Groups: 264,377
2025-05-22 22:23:23 - Adding platform group 281 for client __illlia__ - SUCCESS
2025-05-22 22:23:50 - clientPlatform processing for: tuni
2025-05-22 22:23:50 - Client info: , Platform: Windows, Groups: 9,369
2025-05-22 22:23:50 - Adding platform group 278 for client tuni - SUCCESS
2025-05-22 22:27:18 - clientPlatform processing for: tuni
2025-05-22 22:27:18 - Client info: , Platform: Windows, Groups: 9,369
2025-05-22 22:27:18 - Adding platform group 278 for client tuni - SUCCESS
2025-05-22 22:31:07 - clientPlatform processing for: Ghost
2025-05-22 22:31:07 - Client info: , Platform: Windows, Groups: 19,377
2025-05-22 22:31:07 - Adding platform group 278 for client Ghost - SUCCESS
2025-05-22 22:32:18 - clientPlatform processing for: juju
2025-05-22 22:32:18 - Client info: , Platform: Windows, Groups: 10,369
2025-05-22 22:32:18 - Adding platform group 278 for client juju - SUCCESS
2025-05-22 22:42:03 - clientPlatform processing for: miz-miz
2025-05-22 22:42:03 - Client info: , Platform: Windows, Groups: 266,377
2025-05-22 22:42:03 - Adding platform group 278 for client miz-miz - SUCCESS
2025-05-22 22:46:36 - clientPlatform processing for: beytula
2025-05-22 22:46:36 - Client info: , Platform: Windows, Groups: 264,377
2025-05-22 22:46:36 - Adding platform group 278 for client beytula - SUCCESS
2025-05-22 22:48:48 - clientPlatform processing for: TeamSpeakUser4
2025-05-22 22:48:48 - Client info: , Platform: Windows, Groups: 13,377
2025-05-22 22:48:48 - Adding platform group 278 for client TeamSpeakUser4 - SUCCESS
2025-05-22 22:49:28 - clientPlatform processing for: PitcaRNNN``
2025-05-22 22:49:28 - Client info: , Platform: Windows, Groups: 13,377
2025-05-22 22:49:29 - Adding platform group 278 for client PitcaRNNN`` - SUCCESS
2025-05-22 22:52:59 - clientPlatform processing for: TeamSpeakUser2
2025-05-22 22:52:59 - Client info: , Platform: Windows, Groups: 12,377
2025-05-22 22:52:59 - Adding platform group 278 for client TeamSpeakUser2 - SUCCESS
2025-05-22 22:54:43 - clientPlatform processing for: Vitoo
2025-05-22 22:54:43 - Client info: , Platform: Windows, Groups: 14,377
2025-05-22 22:54:43 - Adding platform group 278 for client Vitoo - SUCCESS
2025-05-22 22:59:05 - clientPlatform processing for: 2SnowFox
2025-05-22 22:59:05 - Client info: , Platform: Windows, Groups: 7
2025-05-22 22:59:05 - Adding platform group 278 for client 2SnowFox - SUCCESS
2025-05-22 23:04:13 - clientPlatform processing for: I_XaSkI_I
2025-05-22 23:04:13 - Client info: , Platform: Windows, Groups: 266,377
2025-05-22 23:04:13 - Adding platform group 278 for client I_XaSkI_I - SUCCESS
2025-05-22 23:04:30 - clientPlatform processing for: Almas1k
2025-05-22 23:04:30 - Client info: , Platform: Windows, Groups: 266,377
2025-05-22 23:04:30 - Adding platform group 278 for client Almas1k - SUCCESS
2025-05-22 23:14:34 - clientPlatform processing for: credolls
2025-05-22 23:14:34 - Client info: , Platform: Windows, Groups: 18,377
2025-05-22 23:14:34 - Adding platform group 278 for client credolls - SUCCESS
2025-05-22 23:15:40 - clientPlatform processing for: YURA
2025-05-22 23:15:40 - Client info: , Platform: Windows, Groups: 11,377
2025-05-22 23:15:40 - Adding platform group 278 for client YURA - SUCCESS
2025-05-22 23:16:57 - clientPlatform processing for: TeamSpeakUser6
2025-05-22 23:16:57 - Client info: , Platform: Windows, Groups: 11,377
2025-05-22 23:16:57 - Adding platform group 278 for client TeamSpeakUser6 - SUCCESS
2025-05-22 23:20:36 - clientPlatform processing for: PaLo4ka
2025-05-22 23:20:36 - Client info: , Platform: Windows, Groups: 13,377
2025-05-22 23:20:36 - Adding platform group 278 for client PaLo4ka - SUCCESS
2025-05-22 23:22:28 - clientPlatform processing for: baia
2025-05-22 23:22:28 - Client info: , Platform: Windows, Groups: 263,377
2025-05-22 23:22:28 - Adding platform group 278 for client baia - SUCCESS
2025-05-22 23:26:02 - clientPlatform processing for: juju
2025-05-22 23:26:02 - Client info: , Platform: Windows, Groups: 10,369
2025-05-22 23:26:02 - Adding platform group 278 for client juju - SUCCESS
2025-05-22 23:29:48 - clientPlatform processing for: dimafreddyy
2025-05-22 23:29:48 - Client info: , Platform: Windows, Groups: 266,377
2025-05-22 23:29:48 - Adding platform group 278 for client dimafreddyy - SUCCESS
2025-05-22 23:38:08 - clientPlatform processing for: Alexope
2025-05-22 23:38:08 - Client info: , Platform: Windows, Groups: 265,377
2025-05-22 23:38:08 - Adding platform group 278 for client Alexope - SUCCESS
2025-05-22 23:47:50 - clientPlatform processing for: Mehdi_km81
2025-05-22 23:47:50 - Client info: , Platform: Windows, Groups: 13,377
2025-05-22 23:47:50 - Adding platform group 278 for client Mehdi_km81 - SUCCESS
2025-05-22 23:47:51 - clientPlatform processing for: Mehdi_km81
2025-05-22 23:47:51 - Client info: , Platform: Windows, Groups: 13,377
2025-05-22 23:47:51 - Group already assigned (detected from error), skipping
2025-05-22 23:47:51 - Adding platform group 278 for client Mehdi_km81 - SUCCESS
2025-05-22 23:47:51 - clientPlatform processing for: Mehdi_km81
2025-05-22 23:47:51 - Client info: , Platform: Windows, Groups: 13,377
2025-05-22 23:47:51 - Group already assigned (detected from error), skipping
2025-05-22 23:47:51 - Adding platform group 278 for client Mehdi_km81 - SUCCESS
2025-05-22 23:50:57 - clientPlatform processing for: Murchick
2025-05-22 23:50:57 - Client info: , Platform: Windows, Groups: 15,377
2025-05-22 23:50:57 - Adding platform group 278 for client Murchick - SUCCESS
2025-05-22 23:51:25 - clientPlatform processing for: Murchick
2025-05-22 23:51:25 - Client info: , Platform: Windows, Groups: 15,377
2025-05-22 23:51:25 - Adding platform group 278 for client Murchick - SUCCESS
2025-05-22 23:56:32 - clientPlatform processing for: Murchick
2025-05-22 23:56:32 - Client info: , Platform: Windows, Groups: 15,377
2025-05-22 23:56:32 - Adding platform group 278 for client Murchick - SUCCESS
