2025-08-14 00:04:49 - clientPlatform processing for: Platonuch_UA
2025-08-14 00:04:49 - Client info: , Platform: Windows, Groups: 20,377
2025-08-14 00:04:50 - Adding platform group 278 for client Platonuch_UA - SUCCESS
2025-08-14 00:09:47 - clientPlatform processing for: poo
2025-08-14 00:09:47 - Client info: , Platform: Windows, Groups: 13,377
2025-08-14 00:09:47 - Adding platform group 278 for client poo - SUCCESS
2025-08-14 00:12:18 - clientPlatform processing for: TeamSpeakUser7
2025-08-14 00:12:18 - Client info: , Platform: Windows, Groups: 11,369
2025-08-14 00:12:18 - Adding platform group 278 for client TeamSpeakUser7 - SUCCESS
2025-08-14 00:20:37 - clientPlatform processing for: avasilver
2025-08-14 00:20:37 - Client info: , Platform: Windows, Groups: 7
2025-08-14 00:20:37 - Adding platform group 278 for client avasilver - SUCCESS
2025-08-14 00:21:03 - clientPlatform processing for: SPZ-23
2025-08-14 00:21:03 - Client info: , Platform: Windows, Groups: 13,377
2025-08-14 00:21:03 - Adding platform group 278 for client SPZ-23 - SUCCESS
2025-08-14 00:23:15 - clientPlatform processing for: köylününefendisi
2025-08-14 00:23:15 - Client info: , Platform: Windows, Groups: 7
2025-08-14 00:23:15 - Adding platform group 278 for client köylününefendisi - SUCCESS
2025-08-14 00:31:04 - clientPlatform processing for: Prime
2025-08-14 00:31:04 - Client info: , Platform: Windows, Groups: 8,369
2025-08-14 00:31:04 - Adding platform group 278 for client Prime - SUCCESS
2025-08-14 00:31:13 - clientPlatform processing for: Pol'zovatel'
2025-08-14 00:31:13 - Client info: , Platform: Windows, Groups: 18,377
2025-08-14 00:31:13 - Adding platform group 278 for client Pol'zovatel' - SUCCESS
2025-08-14 00:32:18 - clientPlatform processing for: TeamSpeakUser1
2025-08-14 00:32:18 - Client info: , Platform: Windows, Groups: 7
2025-08-14 00:32:18 - Adding platform group 278 for client TeamSpeakUser1 - SUCCESS
2025-08-14 00:39:27 - clientPlatform processing for: SexScaresMe
2025-08-14 00:39:27 - Client info: , Platform: Windows, Groups: 8,369
2025-08-14 00:39:27 - Adding platform group 278 for client SexScaresMe - SUCCESS
2025-08-14 00:40:34 - clientPlatform processing for: SYRUSSS
2025-08-14 00:40:34 - Client info: , Platform: Windows, Groups: 263,377
2025-08-14 00:40:34 - Adding platform group 278 for client SYRUSSS - SUCCESS
2025-08-14 00:47:13 - clientPlatform processing for: Потужний Фід
2025-08-14 00:47:13 - Client info: , Platform: Windows, Groups: 18,377
2025-08-14 00:47:13 - Adding platform group 278 for client Потужний Фід - SUCCESS
2025-08-14 00:54:39 - clientPlatform processing for: kingg2412
2025-08-14 00:54:39 - Client info: , Platform: Windows, Groups: 266,377
2025-08-14 00:54:39 - Adding platform group 278 for client kingg2412 - SUCCESS
2025-08-14 00:56:08 - clientPlatform processing for: leanmaradona
2025-08-14 00:56:08 - Client info: , Platform: Windows, Groups: 12,377
2025-08-14 00:56:08 - Adding platform group 278 for client leanmaradona - SUCCESS
2025-08-14 00:59:19 - clientPlatform processing for: -Nano-15
2025-08-14 00:59:19 - Client info: , Platform: Windows, Groups: 266,377
2025-08-14 00:59:19 - Adding platform group 278 for client -Nano-15 - SUCCESS
2025-08-14 01:12:04 - clientPlatform processing for: carlos
2025-08-14 01:12:04 - Client info: , Platform: Windows, Groups: 15,377
2025-08-14 01:12:04 - Adding platform group 278 for client carlos - SUCCESS
2025-08-14 01:20:32 - clientPlatform processing for: avasilver
2025-08-14 01:20:32 - Client info: , Platform: Windows, Groups: 8,369
2025-08-14 01:20:32 - Adding platform group 278 for client avasilver - SUCCESS
2025-08-14 01:20:35 - clientPlatform processing for: köylününefendisi
2025-08-14 01:20:35 - Client info: , Platform: Windows, Groups: 8,369
2025-08-14 01:20:35 - Adding platform group 278 for client köylününefendisi - SUCCESS
2025-08-14 01:22:13 - clientPlatform processing for: TeamSpeakUser
2025-08-14 01:22:13 - Client info: , Platform: Windows, Groups: 10,369
2025-08-14 01:22:13 - Adding platform group 278 for client TeamSpeakUser - SUCCESS
2025-08-14 01:26:54 - clientPlatform processing for: MnDark
2025-08-14 01:26:54 - Client info: , Platform: Windows, Groups: 13,377
2025-08-14 01:26:54 - Adding platform group 278 for client MnDark - SUCCESS
2025-08-14 01:35:59 - clientPlatform processing for: K4ngolo
2025-08-14 01:35:59 - Client info: , Platform: Windows, Groups: 8,369
2025-08-14 01:35:59 - Adding platform group 278 for client K4ngolo - SUCCESS
2025-08-14 02:13:37 - clientPlatform processing for: petro
2025-08-14 02:13:37 - Client info: , Platform: Windows, Groups: 13,377
2025-08-14 02:13:37 - Adding platform group 278 for client petro - SUCCESS
2025-08-14 02:24:20 - clientPlatform processing for: carlos
2025-08-14 02:24:20 - Client info: , Platform: Windows, Groups: 15,377
2025-08-14 02:24:20 - Adding platform group 278 for client carlos - SUCCESS
2025-08-14 02:39:23 - clientPlatform processing for: petro
2025-08-14 02:39:23 - Client info: , Platform: Windows, Groups: 13,377
2025-08-14 02:39:23 - Adding platform group 278 for client petro - SUCCESS
2025-08-14 02:51:38 - clientPlatform processing for: Beele
2025-08-14 02:51:38 - Client info: , Platform: Windows, Groups: 12,377
2025-08-14 02:51:38 - Adding platform group 278 for client Beele - SUCCESS
2025-08-14 03:04:57 - clientPlatform processing for: AkumaSato
2025-08-14 03:04:57 - Client info: , Platform: Windows, Groups: 14,377
2025-08-14 03:04:57 - Adding platform group 278 for client AkumaSato - SUCCESS
2025-08-14 03:15:47 - clientPlatform processing for: <Gullimann000
2025-08-14 03:15:47 - Client info: , Platform: Windows, Groups: 17,377
2025-08-14 03:15:47 - Adding platform group 278 for client <Gullimann000 - SUCCESS
2025-08-14 04:41:04 - clientPlatform processing for: Richard_TH
2025-08-14 04:41:04 - Client info: , Platform: Windows, Groups: 19,377
2025-08-14 04:41:04 - Adding platform group 278 for client Richard_TH - SUCCESS
2025-08-14 04:51:08 - clientPlatform processing for: petro
2025-08-14 04:51:08 - Client info: , Platform: Windows, Groups: 13,377
2025-08-14 04:51:08 - Adding platform group 278 for client petro - SUCCESS
2025-08-14 05:51:46 - clientPlatform processing for: petro
2025-08-14 05:51:46 - Client info: , Platform: Windows, Groups: 13,377
2025-08-14 05:51:46 - Adding platform group 278 for client petro - SUCCESS
2025-08-14 07:52:49 - clientPlatform processing for: dadaok
2025-08-14 07:52:49 - Client info: , Platform: Windows, Groups: 22,377
2025-08-14 07:52:49 - Adding platform group 278 for client dadaok - SUCCESS
2025-08-14 08:25:49 - clientPlatform processing for: BlackDemoN (Dimon)
2025-08-14 08:25:49 - Client info: , Platform: Windows, Groups: 266,377
2025-08-14 08:25:49 - Adding platform group 278 for client BlackDemoN (Dimon) - SUCCESS
2025-08-14 08:47:08 - clientPlatform processing for: luke
2025-08-14 08:47:08 - Client info: , Platform: Windows, Groups: 7
2025-08-14 08:47:08 - Adding platform group 278 for client luke - SUCCESS
2025-08-14 08:51:50 - clientPlatform processing for: Fantaz4
2025-08-14 08:51:50 - Client info: , Platform: Windows, Groups: 15,377
2025-08-14 08:51:50 - Adding platform group 278 for client Fantaz4 - SUCCESS
2025-08-14 08:52:09 - clientPlatform processing for: Fantaz4
2025-08-14 08:52:09 - Client info: , Platform: Windows, Groups: 15,377
2025-08-14 08:52:09 - Adding platform group 278 for client Fantaz4 - SUCCESS
2025-08-14 08:56:18 - clientPlatform processing for: CrypticBlitz96
2025-08-14 08:56:18 - Client info: , Platform: Windows, Groups: 17,377
2025-08-14 08:56:18 - Adding platform group 278 for client CrypticBlitz96 - SUCCESS
2025-08-14 09:05:15 - clientPlatform processing for: I.am.Atomic
2025-08-14 09:05:15 - Client info: , Platform: Windows, Groups: 264,377
2025-08-14 09:05:15 - Adding platform group 278 for client I.am.Atomic - SUCCESS
2025-08-14 09:07:52 - clientPlatform processing for: MATAN
2025-08-14 09:07:52 - Client info: , Platform: Windows, Groups: 266,377
2025-08-14 09:07:52 - Adding platform group 278 for client MATAN - SUCCESS
2025-08-14 09:18:39 - clientPlatform processing for: Saitama
2025-08-14 09:18:39 - Client info: , Platform: Windows, Groups: 266,377
2025-08-14 09:18:39 - Adding platform group 278 for client Saitama - SUCCESS
2025-08-14 09:19:37 - clientPlatform processing for: 4iff
2025-08-14 09:19:37 - Client info: , Platform: Windows, Groups: 23,377
2025-08-14 09:19:37 - Adding platform group 278 for client 4iff - SUCCESS
2025-08-14 09:20:34 - clientPlatform processing for: TeamSpeakUser
2025-08-14 09:20:34 - Client info: , Platform: Windows, Groups: 266,377
2025-08-14 09:20:35 - Adding platform group 278 for client TeamSpeakUser - SUCCESS
2025-08-14 09:20:59 - clientPlatform processing for: TeamSpeakUser
2025-08-14 09:20:59 - Client info: , Platform: Windows, Groups: 266,377
2025-08-14 09:20:59 - Adding platform group 278 for client TeamSpeakUser - SUCCESS
2025-08-14 09:57:21 - clientPlatform processing for: TeamSpeakUser1
2025-08-14 09:57:21 - Client info: , Platform: Windows, Groups: 12,377
2025-08-14 09:57:21 - Adding platform group 278 for client TeamSpeakUser1 - SUCCESS
2025-08-14 10:03:28 - clientPlatform processing for: makpyn
2025-08-14 10:03:28 - Client info: , Platform: Windows, Groups: 266,377
2025-08-14 10:03:28 - Adding platform group 278 for client makpyn - SUCCESS
2025-08-14 10:10:01 - clientPlatform processing for: TeamSpeakUser
2025-08-14 10:10:01 - Client info: , Platform: Windows, Groups: 266,377
2025-08-14 10:10:01 - Adding platform group 278 for client TeamSpeakUser - SUCCESS
2025-08-14 10:13:18 - clientPlatform processing for: Aura_Kone
2025-08-14 10:13:18 - Client info: , Platform: Windows, Groups: 18,377
2025-08-14 10:13:18 - Adding platform group 278 for client Aura_Kone - SUCCESS
2025-08-14 10:13:58 - clientPlatform processing for: MATAN
2025-08-14 10:13:58 - Client info: , Platform: Windows, Groups: 266,377
2025-08-14 10:13:58 - Adding platform group 278 for client MATAN - SUCCESS
2025-08-14 10:14:06 - clientPlatform processing for: Kowismo
2025-08-14 10:14:06 - Client info: , Platform: Windows, Groups: 6,270,377,422
2025-08-14 10:14:06 - Adding platform group 278 for client Kowismo - SUCCESS
2025-08-14 10:26:51 - clientPlatform processing for: rafalk
2025-08-14 10:26:51 - Client info: , Platform: Windows, Groups: 8,369
2025-08-14 10:26:51 - Adding platform group 278 for client rafalk - SUCCESS
2025-08-14 10:28:06 - clientPlatform processing for: rafalk
2025-08-14 10:28:06 - Client info: , Platform: Windows, Groups: 8,369
2025-08-14 10:28:06 - Adding platform group 278 for client rafalk - SUCCESS
2025-08-14 10:39:47 - clientPlatform processing for: K0ubek
2025-08-14 10:39:47 - Client info: , Platform: Windows, Groups: 13,377
2025-08-14 10:39:47 - Adding platform group 278 for client K0ubek - SUCCESS
2025-08-14 10:41:09 - clientPlatform processing for: Butch
2025-08-14 10:41:09 - Client info: , Platform: Windows, Groups: 13,377
2025-08-14 10:41:09 - Adding platform group 278 for client Butch - SUCCESS
2025-08-14 10:42:34 - clientPlatform processing for: Sichselber | André
2025-08-14 10:42:34 - Client info: , Platform: Windows, Groups: 14,377
2025-08-14 10:42:34 - Adding platform group 278 for client Sichselber | André - SUCCESS
2025-08-14 10:51:37 - clientPlatform processing for: MATAN
2025-08-14 10:51:37 - Client info: , Platform: Windows, Groups: 266,377
2025-08-14 10:51:37 - Adding platform group 278 for client MATAN - SUCCESS
2025-08-14 11:03:07 - clientPlatform processing for: kushi
2025-08-14 11:03:07 - Client info: , Platform: Windows, Groups: 265,377
2025-08-14 11:03:07 - Adding platform group 278 for client kushi - SUCCESS
2025-08-14 11:08:04 - clientPlatform processing for: bobyfar
2025-08-14 11:08:04 - Client info: , Platform: Windows, Groups: 7
2025-08-14 11:08:04 - Adding platform group 278 for client bobyfar - SUCCESS
2025-08-14 11:08:49 - clientPlatform processing for: Fantaz4
2025-08-14 11:08:49 - Client info: , Platform: Windows, Groups: 15,377
2025-08-14 11:08:49 - Adding platform group 278 for client Fantaz4 - SUCCESS
2025-08-14 11:09:16 - clientPlatform processing for: MC durak
2025-08-14 11:09:16 - Client info: , Platform: Windows, Groups: 17,377
2025-08-14 11:09:16 - Adding platform group 278 for client MC durak - SUCCESS
2025-08-14 11:09:25 - clientPlatform processing for: MC durak
2025-08-14 11:09:25 - Client info: , Platform: Windows, Groups: 17,377
2025-08-14 11:09:25 - Adding platform group 278 for client MC durak - SUCCESS
2025-08-14 11:15:57 - clientPlatform processing for: Sfanon
2025-08-14 11:15:57 - Client info: , Platform: Windows, Groups: 14,377
2025-08-14 11:15:57 - Adding platform group 278 for client Sfanon - SUCCESS
2025-08-14 11:21:54 - clientPlatform processing for: TeamSpeakUser2
2025-08-14 11:21:54 - Client info: , Platform: Windows, Groups: 7
2025-08-14 11:21:54 - Adding platform group 278 for client TeamSpeakUser2 - SUCCESS
2025-08-14 11:25:02 - clientPlatform processing for: TeamSpeakUser2
2025-08-14 11:25:02 - Client info: , Platform: Windows, Groups: 8,369
2025-08-14 11:25:02 - Adding platform group 278 for client TeamSpeakUser2 - SUCCESS
2025-08-14 11:27:26 - clientPlatform processing for: BIG FIUT
2025-08-14 11:27:26 - Client info: , Platform: Windows, Groups: 264,377
2025-08-14 11:27:26 - Adding platform group 278 for client BIG FIUT - SUCCESS
2025-08-14 11:30:49 - clientPlatform processing for: andy76633
2025-08-14 11:30:49 - Client info: , Platform: Windows, Groups: 13,377
2025-08-14 11:30:49 - Adding platform group 278 for client andy76633 - SUCCESS
2025-08-14 11:31:32 - clientPlatform processing for: Sebitzuu
2025-08-14 11:31:32 - Client info: , Platform: Windows, Groups: 14,377
2025-08-14 11:31:32 - Adding platform group 278 for client Sebitzuu - SUCCESS
2025-08-14 11:31:51 - clientPlatform processing for: Sebitzuu
2025-08-14 11:31:51 - Client info: , Platform: Windows, Groups: 14,377
2025-08-14 11:31:51 - Adding platform group 278 for client Sebitzuu - SUCCESS
2025-08-14 11:42:09 - clientPlatform processing for: ph0x
2025-08-14 11:42:09 - Client info: , Platform: Windows, Groups: 17,377
2025-08-14 11:42:09 - Adding platform group 278 for client ph0x - SUCCESS
2025-08-14 11:44:37 - clientPlatform processing for: sima
2025-08-14 11:44:37 - Client info: , Platform: Windows, Groups: 14,377
2025-08-14 11:44:37 - Adding platform group 278 for client sima - SUCCESS
2025-08-14 11:46:19 - clientPlatform processing for: shinigami
2025-08-14 11:46:19 - Client info: , Platform: Windows, Groups: 26,377,381,383,385
2025-08-14 11:46:19 - Adding platform group 278 for client shinigami - SUCCESS
2025-08-14 11:46:21 - clientPlatform processing for: dzale
2025-08-14 11:46:21 - Client info: , Platform: Windows, Groups: 12,377
2025-08-14 11:46:22 - Adding platform group 278 for client dzale - SUCCESS
2025-08-14 11:49:15 - clientPlatform processing for: goran
2025-08-14 11:49:15 - Client info: , Platform: Windows, Groups: 266,377
2025-08-14 11:49:15 - Adding platform group 278 for client goran - SUCCESS
2025-08-14 11:54:59 - clientPlatform processing for: dolv1
2025-08-14 11:54:59 - Client info: , Platform: Windows, Groups: 266,377
2025-08-14 11:54:59 - Adding platform group 278 for client dolv1 - SUCCESS
2025-08-14 11:58:18 - clientPlatform processing for: Egor
2025-08-14 11:58:18 - Client info: , Platform: Windows, Groups: 13,377
2025-08-14 11:58:18 - Adding platform group 278 for client Egor - SUCCESS
2025-08-14 12:06:37 - clientPlatform processing for: kaiizenn
2025-08-14 12:06:37 - Client info: , Platform: Windows, Groups: 27,377,382,399,400,436,437
2025-08-14 12:06:37 - Adding platform group 278 for client kaiizenn - SUCCESS
2025-08-14 12:08:11 - clientPlatform processing for: NowY
2025-08-14 12:08:11 - Client info: , Platform: Windows, Groups: 15,377
2025-08-14 12:08:11 - Adding platform group 278 for client NowY - SUCCESS
2025-08-14 12:17:14 - clientPlatform processing for: ego1str0ma
2025-08-14 12:17:14 - Client info: , Platform: Windows, Groups: 265,377
2025-08-14 12:17:14 - Adding platform group 278 for client ego1str0ma - SUCCESS
2025-08-14 12:31:07 - clientPlatform processing for: Seikawa
2025-08-14 12:31:07 - Client info: , Platform: Windows, Groups: 264,377
2025-08-14 12:31:07 - Adding platform group 278 for client Seikawa - SUCCESS
2025-08-14 12:33:41 - clientPlatform processing for: Dumina
2025-08-14 12:33:41 - Client info: , Platform: Windows, Groups: 21,377
2025-08-14 12:33:41 - Adding platform group 278 for client Dumina - SUCCESS
2025-08-14 12:34:45 - clientPlatform processing for: pendos666
2025-08-14 12:34:45 - Client info: , Platform: Windows, Groups: 12,377
2025-08-14 12:34:45 - Adding platform group 278 for client pendos666 - SUCCESS
2025-08-14 12:36:00 - clientPlatform processing for: NowY
2025-08-14 12:36:00 - Client info: , Platform: Windows, Groups: 15,377
2025-08-14 12:36:00 - Adding platform group 278 for client NowY - SUCCESS
2025-08-14 12:43:23 - clientPlatform processing for: TeamSpeakUser1
2025-08-14 12:43:23 - Client info: , Platform: Windows, Groups: 17,377
2025-08-14 12:43:23 - Adding platform group 278 for client TeamSpeakUser1 - SUCCESS
2025-08-14 12:43:49 - clientPlatform processing for: TeamSpeakUser2
2025-08-14 12:43:49 - Client info: , Platform: Windows, Groups: 7
2025-08-14 12:43:49 - Adding platform group 278 for client TeamSpeakUser2 - SUCCESS
2025-08-14 12:45:09 - clientPlatform processing for: d3sc
2025-08-14 12:45:09 - Client info: , Platform: Windows, Groups: 13,377
2025-08-14 12:45:09 - Adding platform group 278 for client d3sc - SUCCESS
2025-08-14 12:45:18 - clientPlatform processing for: lowtabsecure
2025-08-14 12:45:18 - Client info: , Platform: Windows, Groups: 13,377
2025-08-14 12:45:18 - Adding platform group 278 for client lowtabsecure - SUCCESS
2025-08-14 12:45:21 - clientPlatform processing for: TeamSpeakUser2
2025-08-14 12:45:21 - Client info: , Platform: Windows, Groups: 8,369
2025-08-14 12:45:21 - Adding platform group 278 for client TeamSpeakUser2 - SUCCESS
2025-08-14 12:45:34 - clientPlatform processing for: TeamSpeakUser1
2025-08-14 12:45:34 - Client info: , Platform: Windows, Groups: 17,377
2025-08-14 12:45:34 - Adding platform group 278 for client TeamSpeakUser1 - SUCCESS
2025-08-14 12:47:09 - clientPlatform processing for: pendos666
2025-08-14 12:47:09 - Client info: , Platform: Windows, Groups: 12,377
2025-08-14 12:47:09 - Adding platform group 278 for client pendos666 - SUCCESS
2025-08-14 13:04:34 - clientPlatform processing for: batuhnn
2025-08-14 13:04:34 - Client info: , Platform: Windows, Groups: 266,377
2025-08-14 13:04:34 - Adding platform group 278 for client batuhnn - SUCCESS
2025-08-14 13:05:45 - clientPlatform processing for: ZeyphiZ
2025-08-14 13:05:45 - Client info: , Platform: Windows, Groups: 266,377
2025-08-14 13:05:45 - Adding platform group 278 for client ZeyphiZ - SUCCESS
2025-08-14 13:12:23 - clientPlatform processing for: SYRUSSS
2025-08-14 13:12:23 - Client info: , Platform: Windows, Groups: 263,377
2025-08-14 13:12:23 - Adding platform group 278 for client SYRUSSS - SUCCESS
2025-08-14 13:12:50 - clientPlatform processing for: KC_Agee
2025-08-14 13:12:50 - Client info: , Platform: Windows, Groups: 265,377
2025-08-14 13:12:50 - Adding platform group 278 for client KC_Agee - SUCCESS
2025-08-14 13:19:12 - clientPlatform processing for: Sim0
2025-08-14 13:19:12 - Client info: , Platform: Windows, Groups: 266,377
2025-08-14 13:19:12 - Adding platform group 278 for client Sim0 - SUCCESS
2025-08-14 13:30:30 - clientPlatform processing for: babanız
2025-08-14 13:30:30 - Client info: , Platform: Windows, Groups: 266,377
2025-08-14 13:30:30 - Adding platform group 278 for client babanız - SUCCESS
2025-08-14 13:41:58 - clientPlatform processing for: jajao
2025-08-14 13:41:58 - Client info: , Platform: Windows, Groups: 266,377
2025-08-14 13:41:58 - Adding platform group 278 for client jajao - SUCCESS
2025-08-14 13:42:07 - clientPlatform processing for: RaS
2025-08-14 13:42:07 - Client info: , Platform: Windows, Groups: 12,377
2025-08-14 13:42:07 - Adding platform group 278 for client RaS - SUCCESS
2025-08-14 13:44:52 - clientPlatform processing for: ZRUBAVEL
2025-08-14 13:44:52 - Client info: , Platform: Windows, Groups: 12,377
2025-08-14 13:44:52 - Adding platform group 278 for client ZRUBAVEL - SUCCESS
2025-08-14 13:50:11 - clientPlatform processing for: nam
2025-08-14 13:50:11 - Client info: , Platform: Windows, Groups: 266,377
2025-08-14 13:50:11 - Adding platform group 278 for client nam - SUCCESS
2025-08-14 13:51:15 - clientPlatform processing for: MATAN
2025-08-14 13:51:15 - Client info: , Platform: Windows, Groups: 266,377
2025-08-14 13:51:15 - Adding platform group 278 for client MATAN - SUCCESS
2025-08-14 13:55:26 - clientPlatform processing for: Alexander177
2025-08-14 13:55:26 - Client info: , Platform: Windows, Groups: 263,377
2025-08-14 13:55:26 - Adding platform group 278 for client Alexander177 - SUCCESS
2025-08-14 14:03:27 - clientPlatform processing for: batuhnn
2025-08-14 14:03:27 - Client info: , Platform: Windows, Groups: 266,377
2025-08-14 14:03:27 - Adding platform group 278 for client batuhnn - SUCCESS
2025-08-14 14:07:06 - clientPlatform processing for: Druid Сrow 🦅
2025-08-14 14:07:06 - Client info: , Platform: Windows, Groups: 20,377
2025-08-14 14:07:06 - Adding platform group 278 for client Druid Сrow 🦅 - SUCCESS
2025-08-14 14:14:00 - clientPlatform processing for: AMINOV
2025-08-14 14:14:00 - Client info: , Platform: Windows, Groups: 139,145,161,225,266,377
2025-08-14 14:14:00 - Adding platform group 278 for client AMINOV - SUCCESS
2025-08-14 14:41:44 - clientPlatform processing for: cook1ch
2025-08-14 14:41:44 - Client info: , Platform: Windows, Groups: 12,377
2025-08-14 14:41:44 - Adding platform group 278 for client cook1ch - SUCCESS
2025-08-14 14:59:29 - clientPlatform processing for: SYRUSSS
2025-08-14 14:59:29 - Client info: , Platform: Windows, Groups: 263,377
2025-08-14 14:59:29 - Adding platform group 278 for client SYRUSSS - SUCCESS
2025-08-14 15:03:24 - clientPlatform processing for: babanız
2025-08-14 15:03:24 - Client info: , Platform: Windows, Groups: 266,377
2025-08-14 15:03:24 - Adding platform group 278 for client babanız - SUCCESS
2025-08-14 15:03:41 - clientPlatform processing for: TeamSpeakUser1
2025-08-14 15:03:41 - Client info: , Platform: Windows, Groups: 11,377
2025-08-14 15:03:41 - Adding platform group 278 for client TeamSpeakUser1 - SUCCESS
2025-08-14 15:03:46 - clientPlatform processing for: TeamSpeakUser2
2025-08-14 15:03:46 - Client info: , Platform: Windows, Groups: 12,377
2025-08-14 15:03:46 - Adding platform group 278 for client TeamSpeakUser2 - SUCCESS
2025-08-14 15:08:00 - clientPlatform processing for: batuhnn
2025-08-14 15:08:00 - Client info: , Platform: Windows, Groups: 266,377
2025-08-14 15:08:00 - Adding platform group 278 for client batuhnn - SUCCESS
2025-08-14 15:08:02 - clientPlatform processing for: kaiizenn
2025-08-14 15:08:02 - Client info: , Platform: Windows, Groups: 27,377,382,399,400,436,437
2025-08-14 15:08:02 - Adding platform group 278 for client kaiizenn - SUCCESS
2025-08-14 15:09:39 - clientPlatform processing for: BlackDemoN (Dimon)
2025-08-14 15:09:39 - Client info: , Platform: Windows, Groups: 266,377
2025-08-14 15:09:39 - Adding platform group 278 for client BlackDemoN (Dimon) - SUCCESS
2025-08-14 15:10:21 - clientPlatform processing for: Fantaz4
2025-08-14 15:10:21 - Client info: , Platform: Windows, Groups: 15,377
2025-08-14 15:10:21 - Adding platform group 278 for client Fantaz4 - SUCCESS
2025-08-14 15:10:39 - clientPlatform processing for: Fantaz4
2025-08-14 15:10:39 - Client info: , Platform: Windows, Groups: 15,377
2025-08-14 15:10:39 - Adding platform group 278 for client Fantaz4 - SUCCESS
2025-08-14 15:10:49 - clientPlatform processing for: Richard_TH
2025-08-14 15:10:49 - Client info: , Platform: Windows, Groups: 19,377
2025-08-14 15:10:49 - Adding platform group 278 for client Richard_TH - SUCCESS
2025-08-14 15:12:56 - clientPlatform processing for: TeamSpeakUser1
2025-08-14 15:12:56 - Client info: , Platform: Windows, Groups: 17,377
2025-08-14 15:12:56 - Adding platform group 278 for client TeamSpeakUser1 - SUCCESS
2025-08-14 15:13:15 - clientPlatform processing for: TeamSpeakUser1
2025-08-14 15:13:15 - Client info: , Platform: Windows, Groups: 17,377
2025-08-14 15:13:15 - Adding platform group 278 for client TeamSpeakUser1 - SUCCESS
2025-08-14 15:16:43 - clientPlatform processing for: TeamSpeakUser3
2025-08-14 15:16:43 - Client info: , Platform: Windows, Groups: 17,377
2025-08-14 15:16:43 - Adding platform group 278 for client TeamSpeakUser3 - SUCCESS
2025-08-14 15:27:33 - clientPlatform processing for: <Gullimann000
2025-08-14 15:27:33 - Client info: , Platform: Windows, Groups: 17,377
2025-08-14 15:27:33 - Adding platform group 278 for client <Gullimann000 - SUCCESS
2025-08-14 15:33:31 - clientPlatform processing for: bobyfar
2025-08-14 15:33:31 - Client info: , Platform: Windows, Groups: 11,369
2025-08-14 15:33:31 - Adding platform group 278 for client bobyfar - SUCCESS
2025-08-14 15:34:06 - clientPlatform processing for: tenshin_non
2025-08-14 15:34:06 - Client info: , Platform: Windows, Groups: 18,377
2025-08-14 15:34:06 - Adding platform group 278 for client tenshin_non - SUCCESS
2025-08-14 15:34:43 - clientPlatform processing for: tenshin_non
2025-08-14 15:34:43 - Client info: , Platform: Windows, Groups: 18,377
2025-08-14 15:34:44 - Adding platform group 278 for client tenshin_non - SUCCESS
2025-08-14 15:36:04 - clientPlatform processing for: RaS
2025-08-14 15:36:04 - Client info: , Platform: Windows, Groups: 12,377
2025-08-14 15:36:05 - Adding platform group 278 for client RaS - SUCCESS
2025-08-14 15:37:00 - clientPlatform processing for: qck1g
2025-08-14 15:37:00 - Client info: , Platform: Windows, Groups: 264,377
2025-08-14 15:37:00 - Adding platform group 278 for client qck1g - SUCCESS
2025-08-14 15:37:10 - clientPlatform processing for: SYRUSSS
2025-08-14 15:37:10 - Client info: , Platform: Windows, Groups: 263,377
2025-08-14 15:37:10 - Adding platform group 278 for client SYRUSSS - SUCCESS
2025-08-14 15:41:59 - clientPlatform processing for: Плаки плаки лысый
2025-08-14 15:41:59 - Client info: , Platform: Windows, Groups: 12,377
2025-08-14 15:41:59 - Adding platform group 278 for client Плаки плаки лысый - SUCCESS
2025-08-14 15:53:14 - clientPlatform processing for: Fornax013
2025-08-14 15:53:14 - Client info: , Platform: Windows, Groups: 266,377
2025-08-14 15:53:14 - Adding platform group 278 for client Fornax013 - SUCCESS
2025-08-14 15:53:39 - clientPlatform processing for: pendos666
2025-08-14 15:53:39 - Client info: , Platform: Windows, Groups: 12,377
2025-08-14 15:53:39 - Adding platform group 278 for client pendos666 - SUCCESS
2025-08-14 15:54:14 - clientPlatform processing for: d3sc
2025-08-14 15:54:14 - Client info: , Platform: Windows, Groups: 13,377
2025-08-14 15:54:14 - Adding platform group 278 for client d3sc - SUCCESS
2025-08-14 15:54:34 - clientPlatform processing for: lowtabsecure
2025-08-14 15:54:34 - Client info: , Platform: Windows, Groups: 13,377
2025-08-14 15:54:34 - Adding platform group 278 for client lowtabsecure - SUCCESS
2025-08-14 15:54:56 - clientPlatform processing for: freakshow322
2025-08-14 15:54:56 - Client info: , Platform: Windows, Groups: 12,377
2025-08-14 15:54:56 - Adding platform group 278 for client freakshow322 - SUCCESS
2025-08-14 15:57:49 - clientPlatform processing for: SysmoUsercid=140
2025-08-14 15:57:49 - Client info: , Platform: Windows, Groups: 265,377
2025-08-14 15:57:49 - Adding platform group 278 for client SysmoUsercid=140 - SUCCESS
2025-08-14 16:01:04 - clientPlatform processing for: rbd
2025-08-14 16:01:04 - Client info: , Platform: Windows, Groups: 9,369
2025-08-14 16:01:04 - Adding platform group 278 for client rbd - SUCCESS
2025-08-14 16:08:06 - clientPlatform processing for: joy
2025-08-14 16:08:06 - Client info: , Platform: Windows, Groups: 266,377
2025-08-14 16:08:06 - Adding platform group 278 for client joy - SUCCESS
2025-08-14 16:08:51 - clientPlatform processing for: Fornax013
2025-08-14 16:08:51 - Client info: , Platform: Windows, Groups: 266,377
2025-08-14 16:08:51 - Adding platform group 278 for client Fornax013 - SUCCESS
2025-08-14 16:09:56 - clientPlatform processing for: Dazer
2025-08-14 16:09:56 - Client info: , Platform: Windows, Groups: 14,377
2025-08-14 16:09:56 - Adding platform group 278 for client Dazer - SUCCESS
2025-08-14 16:10:02 - clientPlatform processing for: -EscA`#
2025-08-14 16:10:02 - Client info: , Platform: Windows, Groups: 17,377
2025-08-14 16:10:03 - Adding platform group 278 for client -EscA`# - SUCCESS
2025-08-14 16:13:50 - clientPlatform processing for: Axtic
2025-08-14 16:13:50 - Client info: , Platform: Windows, Groups: 17,377
2025-08-14 16:13:50 - Adding platform group 278 for client Axtic - SUCCESS
2025-08-14 16:15:01 - clientPlatform processing for: fl0tty
2025-08-14 16:15:01 - Client info: , Platform: Windows, Groups: 10,369
2025-08-14 16:15:01 - Adding platform group 278 for client fl0tty - SUCCESS
2025-08-14 16:15:05 - clientPlatform processing for: kızlıkbozan33
2025-08-14 16:15:05 - Client info: , Platform: Windows, Groups: 266,377
2025-08-14 16:15:05 - Adding platform group 278 for client kızlıkbozan33 - SUCCESS
2025-08-14 16:17:15 - clientPlatform processing for: saltuha991
2025-08-14 16:17:15 - Client info: , Platform: Windows, Groups: 12,377
2025-08-14 16:17:15 - Adding platform group 278 for client saltuha991 - SUCCESS
2025-08-14 16:17:16 - clientPlatform processing for: belali-ZypRus?
2025-08-14 16:17:16 - Client info: , Platform: Windows, Groups: 266,377
2025-08-14 16:17:16 - Adding platform group 278 for client belali-ZypRus? - SUCCESS
2025-08-14 16:17:24 - clientPlatform processing for: Dazer
2025-08-14 16:17:24 - Client info: , Platform: Windows, Groups: 14,377
2025-08-14 16:17:24 - Adding platform group 278 for client Dazer - SUCCESS
2025-08-14 16:20:14 - clientPlatform processing for: aeRR
2025-08-14 16:20:14 - Client info: , Platform: Windows, Groups: 263,377
2025-08-14 16:20:14 - Adding platform group 278 for client aeRR - SUCCESS
2025-08-14 16:24:07 - clientPlatform processing for: Fantaz4
2025-08-14 16:24:07 - Client info: , Platform: Windows, Groups: 265,377
2025-08-14 16:24:07 - Adding platform group 278 for client Fantaz4 - SUCCESS
2025-08-14 16:24:26 - clientPlatform processing for: Fantaz4
2025-08-14 16:24:26 - Client info: , Platform: Windows, Groups: 265,377
2025-08-14 16:24:26 - Adding platform group 278 for client Fantaz4 - SUCCESS
2025-08-14 16:26:28 - clientPlatform processing for: stanleyipkiss
2025-08-14 16:26:28 - Client info: , Platform: Windows, Groups: 10,369
2025-08-14 16:26:28 - Adding platform group 278 for client stanleyipkiss - SUCCESS
2025-08-14 16:26:54 - clientPlatform processing for: Ciko#
2025-08-14 16:26:54 - Client info: , Platform: Windows, Groups: 10,369
2025-08-14 16:26:54 - Adding platform group 278 for client Ciko# - SUCCESS
2025-08-14 16:27:03 - clientPlatform processing for: Ciko#
2025-08-14 16:27:03 - Client info: , Platform: Windows, Groups: 10,369
2025-08-14 16:27:03 - Adding platform group 278 for client Ciko# - SUCCESS
2025-08-14 16:27:31 - clientPlatform processing for: éclatax
2025-08-14 16:27:31 - Client info: , Platform: Windows, Groups: 14,377
2025-08-14 16:27:31 - Adding platform group 278 for client éclatax - SUCCESS
2025-08-14 16:27:57 - clientPlatform processing for: Hydrastarke
2025-08-14 16:27:57 - Client info: , Platform: Windows, Groups: 266,377
2025-08-14 16:27:57 - Adding platform group 278 for client Hydrastarke - SUCCESS
2025-08-14 16:28:21 - clientPlatform processing for: -W1LLL
2025-08-14 16:28:21 - Client info: , Platform: Windows, Groups: 17,377
2025-08-14 16:28:21 - Adding platform group 278 for client -W1LLL - SUCCESS
2025-08-14 16:28:40 - clientPlatform processing for: Viko(ع)
2025-08-14 16:28:40 - Client info: , Platform: Windows, Groups: 266,377
2025-08-14 16:28:40 - Adding platform group 278 for client Viko(ع) - SUCCESS
2025-08-14 16:29:53 - clientPlatform processing for: Amirali
2025-08-14 16:29:53 - Client info: , Platform: Windows, Groups: 266,377
2025-08-14 16:29:53 - Adding platform group 278 for client Amirali - SUCCESS
2025-08-14 16:29:57 - clientPlatform processing for: shinigami
2025-08-14 16:29:57 - Client info: , Platform: Android, Groups: 26,377,381,383,385
2025-08-14 16:29:57 - Adding platform group 282 for client shinigami - SUCCESS
2025-08-14 16:31:03 - clientPlatform processing for: Amirali
2025-08-14 16:31:03 - Client info: , Platform: Windows, Groups: 266,377
2025-08-14 16:31:03 - Adding platform group 278 for client Amirali - SUCCESS
2025-08-14 16:36:34 - clientPlatform processing for: pzdcvsenikizanyati
2025-08-14 16:36:34 - Client info: , Platform: Windows, Groups: 19,377
2025-08-14 16:36:34 - Adding platform group 278 for client pzdcvsenikizanyati - SUCCESS
2025-08-14 16:37:07 - clientPlatform processing for: Kiki
2025-08-14 16:37:07 - Client info: , Platform: Windows, Groups: 12,377
2025-08-14 16:37:07 - Adding platform group 278 for client Kiki - SUCCESS
2025-08-14 16:41:34 - clientPlatform processing for: pendos666
2025-08-14 16:41:34 - Client info: , Platform: Windows, Groups: 12,377
2025-08-14 16:41:34 - Adding platform group 278 for client pendos666 - SUCCESS
2025-08-14 16:43:52 - clientPlatform processing for: sisi
2025-08-14 16:43:52 - Client info: , Platform: Windows, Groups: 7
2025-08-14 16:43:52 - Adding platform group 278 for client sisi - SUCCESS
2025-08-14 16:49:15 - clientPlatform processing for: Antonio
2025-08-14 16:49:15 - Client info: , Platform: Windows, Groups: 7
2025-08-14 16:49:15 - Adding platform group 278 for client Antonio - SUCCESS
2025-08-14 16:49:23 - clientPlatform processing for: freakshow322
2025-08-14 16:49:23 - Client info: , Platform: Windows, Groups: 12,377
2025-08-14 16:49:23 - Adding platform group 278 for client freakshow322 - SUCCESS
2025-08-14 16:50:40 - clientPlatform processing for: butcher
2025-08-14 16:50:40 - Client info: , Platform: Windows, Groups: 13,377
2025-08-14 16:50:40 - Adding platform group 278 for client butcher - SUCCESS
2025-08-14 16:51:07 - clientPlatform processing for: Ander
2025-08-14 16:51:07 - Client info: , Platform: Windows, Groups: 265,377
2025-08-14 16:51:07 - Adding platform group 278 for client Ander - SUCCESS
2025-08-14 16:53:28 - clientPlatform processing for: sisi
2025-08-14 16:53:28 - Client info: , Platform: Windows, Groups: 8,369
2025-08-14 16:53:28 - Adding platform group 278 for client sisi - SUCCESS
2025-08-14 16:58:37 - clientPlatform processing for: pendos666
2025-08-14 16:58:37 - Client info: , Platform: Windows, Groups: 12,377
2025-08-14 16:58:37 - Adding platform group 278 for client pendos666 - SUCCESS
2025-08-14 16:58:56 - clientPlatform processing for: e6lan
2025-08-14 16:58:56 - Client info: , Platform: Windows, Groups: 263,377
2025-08-14 16:58:56 - Adding platform group 278 for client e6lan - SUCCESS
2025-08-14 17:00:49 - clientPlatform processing for: Zi←ِô
2025-08-14 17:00:49 - Client info: , Platform: Windows, Groups: 263,377
2025-08-14 17:00:49 - Adding platform group 278 for client Zi←ِô - SUCCESS
2025-08-14 17:02:08 - clientPlatform processing for: Imperor
2025-08-14 17:02:08 - Client info: , Platform: Windows, Groups: 15,377
2025-08-14 17:02:08 - Adding platform group 278 for client Imperor - SUCCESS
2025-08-14 17:04:54 - clientPlatform processing for: Butch
2025-08-14 17:04:54 - Client info: , Platform: Windows, Groups: 13,377
2025-08-14 17:04:54 - Adding platform group 278 for client Butch - SUCCESS
2025-08-14 17:06:52 - clientPlatform processing for: K0ubek
2025-08-14 17:06:52 - Client info: , Platform: Windows, Groups: 13,377
2025-08-14 17:06:52 - Adding platform group 278 for client K0ubek - SUCCESS
2025-08-14 17:10:21 - clientPlatform processing for: Imperor
2025-08-14 17:10:21 - Client info: , Platform: Windows, Groups: 15,377
2025-08-14 17:10:21 - Adding platform group 278 for client Imperor - SUCCESS
2025-08-14 17:12:38 - clientPlatform processing for: kagixxx
2025-08-14 17:12:38 - Client info: , Platform: Windows, Groups: 17,377
2025-08-14 17:12:38 - Adding platform group 278 for client kagixxx - SUCCESS
2025-08-14 17:13:16 - clientPlatform processing for: goran
2025-08-14 17:13:16 - Client info: , Platform: Windows, Groups: 266,377
2025-08-14 17:13:16 - Adding platform group 278 for client goran - SUCCESS
2025-08-14 17:14:29 - clientPlatform processing for: Imperor
2025-08-14 17:14:29 - Client info: , Platform: Windows, Groups: 15,377
2025-08-14 17:14:29 - Adding platform group 278 for client Imperor - SUCCESS
2025-08-14 17:15:57 - clientPlatform processing for: Боцман777
2025-08-14 17:15:57 - Client info: , Platform: Windows, Groups: 19,377
2025-08-14 17:15:57 - Adding platform group 278 for client Боцман777 - SUCCESS
2025-08-14 17:17:51 - clientPlatform processing for: awegawg
2025-08-14 17:17:51 - Client info: , Platform: Windows, Groups: 12,377
2025-08-14 17:17:51 - Adding platform group 278 for client awegawg - SUCCESS
2025-08-14 17:18:40 - clientPlatform processing for: Suwoxy
2025-08-14 17:18:40 - Client info: , Platform: Windows, Groups: 266,377
2025-08-14 17:18:40 - Adding platform group 278 for client Suwoxy - SUCCESS
2025-08-14 17:19:40 - clientPlatform processing for: shook3d
2025-08-14 17:19:40 - Client info: , Platform: Windows, Groups: 12,377
2025-08-14 17:19:40 - Adding platform group 278 for client shook3d - SUCCESS
2025-08-14 17:20:58 - clientPlatform processing for: -3k
2025-08-14 17:20:58 - Client info: , Platform: Windows, Groups: 13,377
2025-08-14 17:20:58 - Adding platform group 278 for client -3k - SUCCESS
2025-08-14 17:21:37 - clientPlatform processing for: Imperor
2025-08-14 17:21:37 - Client info: , Platform: Windows, Groups: 15,377
2025-08-14 17:21:37 - Adding platform group 278 for client Imperor - SUCCESS
2025-08-14 17:22:48 - clientPlatform processing for: TeamSpeakUser1
2025-08-14 17:22:48 - Client info: , Platform: Windows, Groups: 11,377
2025-08-14 17:22:48 - Adding platform group 278 for client TeamSpeakUser1 - SUCCESS
2025-08-14 17:23:15 - clientPlatform processing for: TeamSpeakUser1
2025-08-14 17:23:15 - Client info: , Platform: Windows, Groups: 12,377
2025-08-14 17:23:15 - Adding platform group 278 for client TeamSpeakUser1 - SUCCESS
2025-08-14 17:25:21 - clientPlatform processing for: makpyn
2025-08-14 17:25:21 - Client info: , Platform: Windows, Groups: 266,377
2025-08-14 17:25:21 - Adding platform group 278 for client makpyn - SUCCESS
2025-08-14 17:27:22 - clientPlatform processing for: shinigami
2025-08-14 17:27:22 - Client info: , Platform: Windows, Groups: 26,377,381,383,385
2025-08-14 17:27:22 - Adding platform group 278 for client shinigami - SUCCESS
2025-08-14 17:27:58 - clientPlatform processing for: Уебище
2025-08-14 17:27:58 - Client info: , Platform: Windows, Groups: 266,377
2025-08-14 17:27:58 - Adding platform group 278 for client Уебище - SUCCESS
2025-08-14 17:30:33 - clientPlatform processing for: TeamSpeakUser2
2025-08-14 17:30:33 - Client info: , Platform: Windows, Groups: 7
2025-08-14 17:30:33 - Adding platform group 278 for client TeamSpeakUser2 - SUCCESS
2025-08-14 17:31:28 - clientPlatform processing for: Fantaz4
2025-08-14 17:31:28 - Client info: , Platform: Windows, Groups: 265,377
2025-08-14 17:31:28 - Adding platform group 278 for client Fantaz4 - SUCCESS
2025-08-14 17:37:21 - clientPlatform processing for: sisi
2025-08-14 17:37:21 - Client info: , Platform: Windows, Groups: 8,369
2025-08-14 17:37:21 - Adding platform group 278 for client sisi - SUCCESS
2025-08-14 17:37:58 - clientPlatform processing for: kagixxx
2025-08-14 17:37:58 - Client info: , Platform: Windows, Groups: 17,377
2025-08-14 17:37:58 - Adding platform group 278 for client kagixxx - SUCCESS
2025-08-14 17:44:31 - clientPlatform processing for: TeamSpeakUser2
2025-08-14 17:44:31 - Client info: , Platform: Windows, Groups: 8,369
2025-08-14 17:44:31 - Adding platform group 278 for client TeamSpeakUser2 - SUCCESS
2025-08-14 17:44:32 - clientPlatform processing for: qraxx
2025-08-14 17:44:32 - Client info: , Platform: Windows, Groups: 12,377
2025-08-14 17:44:32 - Adding platform group 278 for client qraxx - SUCCESS
2025-08-14 17:44:57 - clientPlatform processing for: allberon
2025-08-14 17:44:57 - Client info: , Platform: Windows, Groups: 13,377
2025-08-14 17:44:57 - Adding platform group 278 for client allberon - SUCCESS
2025-08-14 17:48:10 - clientPlatform processing for: cook1ch
2025-08-14 17:48:10 - Client info: , Platform: Windows, Groups: 12,377
2025-08-14 17:48:10 - Adding platform group 278 for client cook1ch - SUCCESS
2025-08-14 17:49:45 - clientPlatform processing for: леха
2025-08-14 17:49:45 - Client info: , Platform: Windows, Groups: 18,377
2025-08-14 17:49:45 - Adding platform group 278 for client леха - SUCCESS
2025-08-14 17:50:11 - clientPlatform processing for: xyecoc
2025-08-14 17:50:11 - Client info: , Platform: Windows, Groups: 17,377
2025-08-14 17:50:11 - Adding platform group 278 for client xyecoc - SUCCESS
2025-08-14 17:53:12 - clientPlatform processing for: AMINOV
2025-08-14 17:53:12 - Client info: , Platform: Windows, Groups: 139,145,161,225,266,377
2025-08-14 17:53:12 - Adding platform group 278 for client AMINOV - SUCCESS
2025-08-14 18:01:18 - clientPlatform processing for: Грицик
2025-08-14 18:01:18 - Client info: , Platform: Windows, Groups: 265,377
2025-08-14 18:01:18 - Adding platform group 278 for client Грицик - SUCCESS
2025-08-14 18:01:21 - clientPlatform processing for: Ander
2025-08-14 18:01:21 - Client info: , Platform: Windows, Groups: 265,377
2025-08-14 18:01:21 - Adding platform group 278 for client Ander - SUCCESS
2025-08-14 18:01:22 - clientPlatform processing for: Ander
2025-08-14 18:01:22 - Client info: , Platform: Windows, Groups: 265,377
2025-08-14 18:01:22 - Group already assigned (detected from error), skipping
2025-08-14 18:01:22 - Adding platform group 278 for client Ander - SUCCESS
2025-08-14 18:01:23 - clientPlatform processing for: dolv1
2025-08-14 18:01:23 - Client info: , Platform: Windows, Groups: 266,377
2025-08-14 18:01:23 - Adding platform group 278 for client dolv1 - SUCCESS
2025-08-14 18:03:20 - clientPlatform processing for: INSANE
2025-08-14 18:03:20 - Client info: , Platform: Windows, Groups: 18,377
2025-08-14 18:03:20 - Adding platform group 278 for client INSANE - SUCCESS
2025-08-14 18:05:04 - clientPlatform processing for: ego1str0ma
2025-08-14 18:05:04 - Client info: , Platform: Windows, Groups: 265,377
2025-08-14 18:05:04 - Adding platform group 278 for client ego1str0ma - SUCCESS
2025-08-14 18:07:11 - clientPlatform processing for: Fantaz4
2025-08-14 18:07:11 - Client info: , Platform: Windows, Groups: 265,377
2025-08-14 18:07:11 - Adding platform group 278 for client Fantaz4 - SUCCESS
2025-08-14 18:07:13 - clientPlatform processing for: wowobu
2025-08-14 18:07:13 - Client info: , Platform: Windows, Groups: 11,377
2025-08-14 18:07:13 - Adding platform group 278 for client wowobu - SUCCESS
2025-08-14 18:11:55 - clientPlatform processing for: saadf
2025-08-14 18:11:55 - Client info: , Platform: Windows, Groups: 13,377
2025-08-14 18:11:55 - Adding platform group 278 for client saadf - SUCCESS
2025-08-14 18:15:20 - clientPlatform processing for: Baldiez
2025-08-14 18:15:20 - Client info: , Platform: Windows, Groups: 11,377
2025-08-14 18:15:20 - Adding platform group 278 for client Baldiez - SUCCESS
2025-08-14 18:15:27 - clientPlatform processing for: TeamSpeakUser1
2025-08-14 18:15:27 - Client info: , Platform: Windows, Groups: 264,377
2025-08-14 18:15:27 - Adding platform group 278 for client TeamSpeakUser1 - SUCCESS
2025-08-14 18:16:05 - clientPlatform processing for: poo
2025-08-14 18:16:05 - Client info: , Platform: Windows, Groups: 13,377
2025-08-14 18:16:05 - Adding platform group 278 for client poo - SUCCESS
2025-08-14 18:16:27 - clientPlatform processing for: wowobu
2025-08-14 18:16:27 - Client info: , Platform: Windows, Groups: 11,377
2025-08-14 18:16:27 - Adding platform group 278 for client wowobu - SUCCESS
2025-08-14 18:16:37 - clientPlatform processing for: -3k
2025-08-14 18:16:37 - Client info: , Platform: Windows, Groups: 13,377
2025-08-14 18:16:37 - Adding platform group 278 for client -3k - SUCCESS
2025-08-14 18:20:12 - clientPlatform processing for: JustBrainRU
2025-08-14 18:20:12 - Client info: , Platform: Windows, Groups: 265,377
2025-08-14 18:20:12 - Adding platform group 278 for client JustBrainRU - SUCCESS
2025-08-14 18:25:12 - clientPlatform processing for: Alexander177
2025-08-14 18:25:12 - Client info: , Platform: Windows, Groups: 263,377
2025-08-14 18:25:12 - Adding platform group 278 for client Alexander177 - SUCCESS
2025-08-14 18:26:11 - clientPlatform processing for: Egor
2025-08-14 18:26:11 - Client info: , Platform: Windows, Groups: 13,377
2025-08-14 18:26:11 - Adding platform group 278 for client Egor - SUCCESS
2025-08-14 18:27:18 - clientPlatform processing for: dyasa
2025-08-14 18:27:18 - Client info: , Platform: Windows, Groups: 7
2025-08-14 18:27:18 - Adding platform group 278 for client dyasa - SUCCESS
2025-08-14 18:46:25 - clientPlatform processing for: mitsuki7
2025-08-14 18:46:25 - Client info: , Platform: Windows, Groups: 9,369
2025-08-14 18:46:25 - Adding platform group 278 for client mitsuki7 - SUCCESS
2025-08-14 18:46:34 - clientPlatform processing for: mogulyok
2025-08-14 18:46:34 - Client info: , Platform: Windows, Groups: 10,369
2025-08-14 18:46:34 - Adding platform group 278 for client mogulyok - SUCCESS
2025-08-14 18:46:55 - clientPlatform processing for: mogulyok
2025-08-14 18:46:55 - Client info: , Platform: Windows, Groups: 10,369
2025-08-14 18:46:55 - Adding platform group 278 for client mogulyok - SUCCESS
2025-08-14 18:47:43 - clientPlatform processing for: lonezzz
2025-08-14 18:47:43 - Client info: , Platform: Windows, Groups: 10,369
2025-08-14 18:47:43 - Adding platform group 278 for client lonezzz - SUCCESS
2025-08-14 18:48:35 - clientPlatform processing for: СИСЯМАСИСЯ
2025-08-14 18:48:35 - Client info: , Platform: Windows, Groups: 18,377
2025-08-14 18:48:35 - Adding platform group 278 for client СИСЯМАСИСЯ - SUCCESS
2025-08-14 18:52:12 - clientPlatform processing for: yasha-_
2025-08-14 18:52:12 - Client info: , Platform: Windows, Groups: 10,369
2025-08-14 18:52:12 - Adding platform group 278 for client yasha-_ - SUCCESS
2025-08-14 18:53:52 - clientPlatform processing for: SHLYHA
2025-08-14 18:53:52 - Client info: , Platform: Windows, Groups: 266,377
2025-08-14 18:53:52 - Adding platform group 278 for client SHLYHA - SUCCESS
2025-08-14 18:59:06 - clientPlatform processing for: рэдик
2025-08-14 18:59:06 - Client info: , Platform: Windows, Groups: 263,377
2025-08-14 18:59:06 - Adding platform group 278 for client рэдик - SUCCESS
2025-08-14 19:00:24 - clientPlatform processing for: TeamSpeakUser3
2025-08-14 19:00:24 - Client info: , Platform: Windows, Groups: 266,377
2025-08-14 19:00:24 - Adding platform group 278 for client TeamSpeakUser3 - SUCCESS
2025-08-14 19:02:25 - clientPlatform processing for: -ceme
2025-08-14 19:02:25 - Client info: , Platform: Windows, Groups: 10,369
2025-08-14 19:02:26 - Adding platform group 278 for client -ceme - SUCCESS
2025-08-14 19:07:24 - clientPlatform processing for: Tufix
2025-08-14 19:07:24 - Client info: , Platform: Windows, Groups: 263,377
2025-08-14 19:07:24 - Adding platform group 278 for client Tufix - SUCCESS
2025-08-14 19:08:10 - clientPlatform processing for: w2h
2025-08-14 19:08:10 - Client info: , Platform: Windows, Groups: 10,369
2025-08-14 19:08:10 - Adding platform group 278 for client w2h - SUCCESS
2025-08-14 19:10:17 - clientPlatform processing for: -ceme
2025-08-14 19:10:17 - Client info: , Platform: Windows, Groups: 10,369
2025-08-14 19:10:17 - Adding platform group 278 for client -ceme - SUCCESS
2025-08-14 19:28:51 - clientPlatform processing for: Mr..Fury
2025-08-14 19:28:51 - Client info: , Platform: Windows, Groups: 18,377
2025-08-14 19:28:51 - Adding platform group 278 for client Mr..Fury - SUCCESS
2025-08-14 19:29:16 - clientPlatform processing for: kızlıkbozan33
2025-08-14 19:29:16 - Client info: , Platform: Windows, Groups: 266,377
2025-08-14 19:29:16 - Adding platform group 278 for client kızlıkbozan33 - SUCCESS
2025-08-14 19:30:00 - clientPlatform processing for: мффмфмфмфмфм
2025-08-14 19:30:00 - Client info: , Platform: Windows, Groups: 13,377
2025-08-14 19:30:00 - Adding platform group 278 for client мффмфмфмфмфм - SUCCESS
2025-08-14 19:31:26 - clientPlatform processing for: maruk
2025-08-14 19:31:26 - Client info: , Platform: Windows, Groups: 13,377
2025-08-14 19:31:26 - Adding platform group 278 for client maruk - SUCCESS
2025-08-14 19:31:29 - clientPlatform processing for: lonezzz
2025-08-14 19:31:29 - Client info: , Platform: Windows, Groups: 10,369
2025-08-14 19:31:29 - Adding platform group 278 for client lonezzz - SUCCESS
2025-08-14 19:34:59 - clientPlatform processing for: -ceme
2025-08-14 19:34:59 - Client info: , Platform: Windows, Groups: 10,369
2025-08-14 19:34:59 - Adding platform group 278 for client -ceme - SUCCESS
2025-08-14 19:36:34 - clientPlatform processing for: бешеныймедведь
2025-08-14 19:36:34 - Client info: , Platform: Windows, Groups: 266,377
2025-08-14 19:36:34 - Adding platform group 278 for client бешеныймедведь - SUCCESS
2025-08-14 19:41:30 - clientPlatform processing for: вапваимс
2025-08-14 19:41:30 - Client info: , Platform: Windows, Groups: 17,377
2025-08-14 19:41:30 - Adding platform group 278 for client вапваимс - SUCCESS
2025-08-14 19:43:32 - clientPlatform processing for: joy
2025-08-14 19:43:32 - Client info: , Platform: Windows, Groups: 266,377
2025-08-14 19:43:32 - Adding platform group 278 for client joy - SUCCESS
2025-08-14 19:44:18 - clientPlatform processing for: clement1ne-
2025-08-14 19:44:18 - Client info: , Platform: Windows, Groups: 265,377
2025-08-14 19:44:18 - Adding platform group 278 for client clement1ne- - SUCCESS
2025-08-14 19:49:21 - clientPlatform processing for: TeamSpeakUser
2025-08-14 19:49:21 - Client info: , Platform: Windows, Groups: 266,377
2025-08-14 19:49:21 - Adding platform group 278 for client TeamSpeakUser - SUCCESS
2025-08-14 19:50:39 - clientPlatform processing for: Margoto
2025-08-14 19:50:39 - Client info: , Platform: Windows, Groups: 11,377
2025-08-14 19:50:39 - Adding platform group 278 for client Margoto - SUCCESS
2025-08-14 19:50:58 - clientPlatform processing for: TeamSpeakUser
2025-08-14 19:50:58 - Client info: , Platform: Windows, Groups: 266,377
2025-08-14 19:50:58 - Adding platform group 278 for client TeamSpeakUser - SUCCESS
2025-08-14 19:56:25 - clientPlatform processing for: mmdlemon
2025-08-14 19:56:25 - Client info: , Platform: Windows, Groups: 10,369
2025-08-14 19:56:25 - Adding platform group 278 for client mmdlemon - SUCCESS
2025-08-14 19:56:43 - clientPlatform processing for: Uncle
2025-08-14 19:56:43 - Client info: , Platform: Windows, Groups: 7
2025-08-14 19:56:43 - Adding platform group 278 for client Uncle - SUCCESS
2025-08-14 19:57:23 - clientPlatform processing for: Felontheteam
2025-08-14 19:57:23 - Client info: , Platform: Windows, Groups: 11,377
2025-08-14 19:57:23 - Adding platform group 278 for client Felontheteam - SUCCESS
2025-08-14 19:58:50 - clientPlatform processing for: Uncle
2025-08-14 19:58:50 - Client info: , Platform: Windows, Groups: 8,369
2025-08-14 19:58:50 - Adding platform group 278 for client Uncle - SUCCESS
2025-08-14 19:59:01 - clientPlatform processing for: nox
2025-08-14 19:59:01 - Client info: , Platform: Windows, Groups: 266,377
2025-08-14 19:59:01 - Adding platform group 278 for client nox - SUCCESS
2025-08-14 20:01:38 - clientPlatform processing for: Jabberson
2025-08-14 20:01:38 - Client info: , Platform: Windows, Groups: 263,377
2025-08-14 20:01:38 - Adding platform group 278 for client Jabberson - SUCCESS
2025-08-14 20:03:39 - clientPlatform processing for: dzale
2025-08-14 20:03:39 - Client info: , Platform: Windows, Groups: 12,377
2025-08-14 20:03:39 - Adding platform group 278 for client dzale - SUCCESS
2025-08-14 20:07:16 - clientPlatform processing for: osasderlerbana
2025-08-14 20:07:16 - Client info: , Platform: Windows, Groups: 263,377
2025-08-14 20:07:16 - Adding platform group 278 for client osasderlerbana - SUCCESS
2025-08-14 20:08:29 - clientPlatform processing for: -W1LLL
2025-08-14 20:08:29 - Client info: , Platform: Windows, Groups: 17,377
2025-08-14 20:08:29 - Adding platform group 278 for client -W1LLL - SUCCESS
2025-08-14 20:08:38 - clientPlatform processing for: whoismert
2025-08-14 20:08:38 - Client info: , Platform: Windows, Groups: 17,377
2025-08-14 20:08:38 - Adding platform group 278 for client whoismert - SUCCESS
2025-08-14 20:09:18 - clientPlatform processing for: Musto
2025-08-14 20:09:18 - Client info: , Platform: Windows, Groups: 12,377
2025-08-14 20:09:18 - Adding platform group 278 for client Musto - SUCCESS
2025-08-14 20:16:44 - clientPlatform processing for: [TMK] Triboule
2025-08-14 20:16:44 - Client info: , Platform: Windows, Groups: 14,377
2025-08-14 20:16:44 - Adding platform group 278 for client [TMK] Triboule - SUCCESS
2025-08-14 20:17:48 - clientPlatform processing for: wowobu
2025-08-14 20:17:48 - Client info: , Platform: Windows, Groups: 12,377
2025-08-14 20:17:48 - Adding platform group 278 for client wowobu - SUCCESS
2025-08-14 20:20:18 - clientPlatform processing for: germancoxx
2025-08-14 20:20:18 - Client info: , Platform: Windows, Groups: 14,377
2025-08-14 20:20:18 - Adding platform group 278 for client germancoxx - SUCCESS
2025-08-14 20:23:27 - clientPlatform processing for: raf
2025-08-14 20:23:27 - Client info: , Platform: Windows, Groups: 13,377
2025-08-14 20:23:27 - Adding platform group 278 for client raf - SUCCESS
2025-08-14 20:26:40 - clientPlatform processing for: kiesik98
2025-08-14 20:26:40 - Client info: , Platform: Windows, Groups: 14,377
2025-08-14 20:26:40 - Adding platform group 278 for client kiesik98 - SUCCESS
2025-08-14 20:28:52 - clientPlatform processing for: Ne_Vazhn01
2025-08-14 20:28:52 - Client info: , Platform: Windows, Groups: 11,377
2025-08-14 20:28:52 - Adding platform group 278 for client Ne_Vazhn01 - SUCCESS
2025-08-14 20:30:30 - clientPlatform processing for: Efkeyy
2025-08-14 20:30:30 - Client info: , Platform: Windows, Groups: 17,377
2025-08-14 20:30:30 - Adding platform group 278 for client Efkeyy - SUCCESS
2025-08-14 20:31:05 - clientPlatform processing for: iTxHw
2025-08-14 20:31:05 - Client info: , Platform: Windows, Groups: 7
2025-08-14 20:31:05 - Adding platform group 278 for client iTxHw - SUCCESS
2025-08-14 20:32:16 - clientPlatform processing for: TeamSpeakUser1
2025-08-14 20:32:16 - Client info: , Platform: Windows, Groups: 11,369
2025-08-14 20:32:16 - Adding platform group 278 for client TeamSpeakUser1 - SUCCESS
2025-08-14 20:33:56 - clientPlatform processing for: RedSkull_TR
2025-08-14 20:33:56 - Client info: , Platform: Windows, Groups: 10,369
2025-08-14 20:33:56 - Adding platform group 278 for client RedSkull_TR - SUCCESS
2025-08-14 20:33:56 - clientPlatform processing for: lonezzz
2025-08-14 20:33:56 - Client info: , Platform: Windows, Groups: 10,369
2025-08-14 20:33:56 - Adding platform group 278 for client lonezzz - SUCCESS
2025-08-14 20:34:07 - clientPlatform processing for: FataL1Day
2025-08-14 20:34:07 - Client info: , Platform: Windows, Groups: 266,377
2025-08-14 20:34:07 - Adding platform group 278 for client FataL1Day - SUCCESS
2025-08-14 20:34:21 - clientPlatform processing for: FataL1Day
2025-08-14 20:34:21 - Client info: , Platform: Windows, Groups: 266,377
2025-08-14 20:34:21 - Adding platform group 278 for client FataL1Day - SUCCESS
2025-08-14 20:34:25 - clientPlatform processing for: x7uned
2025-08-14 20:34:25 - Client info: , Platform: Windows, Groups: 13,377
2025-08-14 20:34:25 - Adding platform group 278 for client x7uned - SUCCESS
2025-08-14 20:35:20 - clientPlatform processing for: RedSkull_TR
2025-08-14 20:35:20 - Client info: , Platform: Windows, Groups: 10,369
2025-08-14 20:35:20 - Adding platform group 278 for client RedSkull_TR - SUCCESS
2025-08-14 20:37:56 - clientPlatform processing for: hudabin
2025-08-14 20:37:56 - Client info: , Platform: Windows, Groups: 263,377
2025-08-14 20:37:56 - Adding platform group 278 for client hudabin - SUCCESS
2025-08-14 20:40:37 - clientPlatform processing for: PRO_DUMAN
2025-08-14 20:40:37 - Client info: , Platform: Windows, Groups: 11,377
2025-08-14 20:40:37 - Adding platform group 278 for client PRO_DUMAN - SUCCESS
2025-08-14 20:40:52 - clientPlatform processing for: TeamSpeakUser4
2025-08-14 20:40:52 - Client info: , Platform: Windows, Groups: 13,377
2025-08-14 20:40:52 - Adding platform group 278 for client TeamSpeakUser4 - SUCCESS
2025-08-14 20:43:08 - clientPlatform processing for: HasanCan76
2025-08-14 20:43:08 - Client info: , Platform: Windows, Groups: 9,369
2025-08-14 20:43:08 - Adding platform group 278 for client HasanCan76 - SUCCESS
2025-08-14 20:43:41 - clientPlatform processing for: BAT
2025-08-14 20:43:41 - Client info: , Platform: Windows, Groups: 14,377
2025-08-14 20:43:41 - Adding platform group 278 for client BAT - SUCCESS
2025-08-14 20:47:05 - clientPlatform processing for: Asshol;e
2025-08-14 20:47:05 - Client info: , Platform: Windows, Groups: 7
2025-08-14 20:47:05 - Adding platform group 278 for client Asshol;e - SUCCESS
2025-08-14 20:51:44 - clientPlatform processing for: TeamSpeakUser5
2025-08-14 20:51:44 - Client info: , Platform: Windows, Groups: 266,377
2025-08-14 20:51:44 - Adding platform group 278 for client TeamSpeakUser5 - SUCCESS
2025-08-14 20:53:29 - clientPlatform processing for: AMINOV
2025-08-14 20:53:29 - Client info: , Platform: Windows, Groups: 139,145,161,225,266,377
2025-08-14 20:53:29 - Adding platform group 278 for client AMINOV - SUCCESS
2025-08-14 20:55:42 - clientPlatform processing for: MC durak
2025-08-14 20:55:42 - Client info: , Platform: Windows, Groups: 17,377
2025-08-14 20:55:42 - Adding platform group 278 for client MC durak - SUCCESS
2025-08-14 20:56:41 - clientPlatform processing for: artembill
2025-08-14 20:56:41 - Client info: , Platform: macOS, Groups: 266,377
2025-08-14 20:56:41 - Adding platform group 280 for client artembill - SUCCESS
2025-08-14 20:57:01 - clientPlatform processing for: RABOTES
2025-08-14 20:57:01 - Client info: , Platform: Windows, Groups: 264,377
2025-08-14 20:57:01 - Adding platform group 278 for client RABOTES - SUCCESS
2025-08-14 20:57:12 - clientPlatform processing for: artembill
2025-08-14 20:57:12 - Client info: , Platform: macOS, Groups: 266,377
2025-08-14 20:57:12 - Adding platform group 280 for client artembill - SUCCESS
2025-08-14 20:57:23 - clientPlatform processing for: NaiRoD
2025-08-14 20:57:23 - Client info: , Platform: Windows, Groups: 20,377
2025-08-14 20:57:23 - Adding platform group 278 for client NaiRoD - SUCCESS
2025-08-14 20:57:45 - clientPlatform processing for: artembill
2025-08-14 20:57:45 - Client info: , Platform: macOS, Groups: 266,377
2025-08-14 20:57:45 - Adding platform group 280 for client artembill - SUCCESS
2025-08-14 20:59:15 - clientPlatform processing for: digitalmix
2025-08-14 20:59:15 - Client info: , Platform: Windows, Groups: 17,377
2025-08-14 20:59:15 - Adding platform group 278 for client digitalmix - SUCCESS
2025-08-14 20:59:33 - clientPlatform processing for: TeamSpeakUser4
2025-08-14 20:59:33 - Client info: , Platform: Windows, Groups: 7
2025-08-14 20:59:33 - Adding platform group 278 for client TeamSpeakUser4 - SUCCESS
2025-08-14 21:00:12 - clientPlatform processing for: Sim0
2025-08-14 21:00:12 - Client info: , Platform: Windows, Groups: 266,377
2025-08-14 21:00:12 - Adding platform group 278 for client Sim0 - SUCCESS
2025-08-14 21:02:00 - clientPlatform processing for: éclatax
2025-08-14 21:02:00 - Client info: , Platform: Windows, Groups: 14,377
2025-08-14 21:02:00 - Adding platform group 278 for client éclatax - SUCCESS
2025-08-14 21:02:33 - clientPlatform processing for: chelko
2025-08-14 21:02:33 - Client info: , Platform: Windows, Groups: 266,377
2025-08-14 21:02:33 - Adding platform group 278 for client chelko - SUCCESS
2025-08-14 21:03:55 - clientPlatform processing for: AlvaRoniXs
2025-08-14 21:03:55 - Client info: , Platform: Windows, Groups: 33,161,180,377
2025-08-14 21:03:55 - Adding platform group 278 for client AlvaRoniXs - SUCCESS
2025-08-14 21:06:29 - clientPlatform processing for: don
2025-08-14 21:06:29 - Client info: , Platform: Windows, Groups: 17,377
2025-08-14 21:06:29 - Adding platform group 278 for client don - SUCCESS
2025-08-14 21:11:16 - clientPlatform processing for: AlvaRoniXs
2025-08-14 21:11:16 - Client info: , Platform: Windows, Groups: 33,161,180,377
2025-08-14 21:11:16 - Adding platform group 278 for client AlvaRoniXs - SUCCESS
2025-08-14 21:15:42 - clientPlatform processing for: DeiBil (Ярик)
2025-08-14 21:15:42 - Client info: , Platform: Windows, Groups: 14,377
2025-08-14 21:15:42 - Adding platform group 278 for client DeiBil (Ярик) - SUCCESS
2025-08-14 21:19:14 - clientPlatform processing for: rutr13x
2025-08-14 21:19:14 - Client info: , Platform: Windows, Groups: 7
2025-08-14 21:19:14 - Adding platform group 278 for client rutr13x - SUCCESS
2025-08-14 21:23:20 - clientPlatform processing for: Baboli
2025-08-14 21:23:20 - Client info: , Platform: Windows, Groups: 13,377
2025-08-14 21:23:20 - Adding platform group 278 for client Baboli - SUCCESS
2025-08-14 21:23:25 - clientPlatform processing for: Baboli
2025-08-14 21:23:25 - Client info: , Platform: Windows, Groups: 13,377
2025-08-14 21:23:25 - Adding platform group 278 for client Baboli - SUCCESS
2025-08-14 21:23:36 - clientPlatform processing for: Baboli
2025-08-14 21:23:36 - Client info: , Platform: Windows, Groups: 13,278,294,377,435
2025-08-14 21:23:36 - Client already has platform group 278
2025-08-14 21:24:50 - clientPlatform processing for: Sim0
2025-08-14 21:24:50 - Client info: , Platform: Windows, Groups: 266,377
2025-08-14 21:24:50 - Adding platform group 278 for client Sim0 - SUCCESS
2025-08-14 21:31:59 - clientPlatform processing for: dolv1
2025-08-14 21:31:59 - Client info: , Platform: Windows, Groups: 266,377
2025-08-14 21:31:59 - Adding platform group 278 for client dolv1 - SUCCESS
2025-08-14 21:32:16 - clientPlatform processing for: Shawaj
2025-08-14 21:32:16 - Client info: , Platform: Windows, Groups: 263,377
2025-08-14 21:32:16 - Adding platform group 278 for client Shawaj - SUCCESS
2025-08-14 21:35:08 - clientPlatform processing for: AlvaRoniXs
2025-08-14 21:35:08 - Client info: , Platform: Windows, Groups: 33,161,180,377
2025-08-14 21:35:08 - Adding platform group 278 for client AlvaRoniXs - SUCCESS
2025-08-14 21:36:16 - clientPlatform processing for: motadbicar
2025-08-14 21:36:16 - Client info: , Platform: Windows, Groups: 264,377
2025-08-14 21:36:16 - Adding platform group 278 for client motadbicar - SUCCESS
2025-08-14 21:36:42 - clientPlatform processing for: MrMIST14
2025-08-14 21:36:42 - Client info: , Platform: Windows, Groups: 266,377
2025-08-14 21:36:42 - Adding platform group 278 for client MrMIST14 - SUCCESS
2025-08-14 21:38:28 - clientPlatform processing for: TeamSpeakUser2
2025-08-14 21:38:28 - Client info: , Platform: Windows, Groups: 7
2025-08-14 21:38:28 - Adding platform group 278 for client TeamSpeakUser2 - SUCCESS
2025-08-14 21:38:51 - clientPlatform processing for: mostafa
2025-08-14 21:38:51 - Client info: , Platform: Windows, Groups: 266,377
2025-08-14 21:38:51 - Adding platform group 278 for client mostafa - SUCCESS
2025-08-14 21:43:41 - clientPlatform processing for: aeRR
2025-08-14 21:43:41 - Client info: , Platform: Windows, Groups: 263,377
2025-08-14 21:43:41 - Adding platform group 278 for client aeRR - SUCCESS
2025-08-14 21:44:41 - clientPlatform processing for: sajjad
2025-08-14 21:44:41 - Client info: , Platform: Windows, Groups: 266,377
2025-08-14 21:44:41 - Adding platform group 278 for client sajjad - SUCCESS
2025-08-14 21:46:20 - clientPlatform processing for: poo
2025-08-14 21:46:20 - Client info: , Platform: Windows, Groups: 13,377
2025-08-14 21:46:20 - Adding platform group 278 for client poo - SUCCESS
2025-08-14 21:50:36 - clientPlatform processing for: Ballack
2025-08-14 21:50:36 - Client info: , Platform: Windows, Groups: 12,377
2025-08-14 21:50:36 - Adding platform group 278 for client Ballack - SUCCESS
2025-08-14 21:50:51 - clientPlatform processing for: karl_33
2025-08-14 21:50:51 - Client info: , Platform: Windows, Groups: 266,377
2025-08-14 21:50:51 - Adding platform group 278 for client karl_33 - SUCCESS
2025-08-14 21:50:51 - clientPlatform processing for: karl_33
2025-08-14 21:50:51 - Client info: , Platform: Windows, Groups: 266,377
2025-08-14 21:50:51 - Group already assigned (detected from error), skipping
2025-08-14 21:50:51 - Adding platform group 278 for client karl_33 - SUCCESS
2025-08-14 21:50:51 - clientPlatform processing for: karl_33
2025-08-14 21:50:51 - Client info: , Platform: Windows, Groups: 266,377
2025-08-14 21:50:51 - Group already assigned (detected from error), skipping
2025-08-14 21:50:51 - Adding platform group 278 for client karl_33 - SUCCESS
2025-08-14 21:50:53 - clientPlatform processing for: Speedbatteur
2025-08-14 21:50:53 - Client info: , Platform: Windows, Groups: 266,377
2025-08-14 21:50:54 - Adding platform group 278 for client Speedbatteur - SUCCESS
2025-08-14 21:50:54 - clientPlatform processing for: Speedbatteur
2025-08-14 21:50:54 - Client info: , Platform: Windows, Groups: 266,377
2025-08-14 21:50:54 - Group already assigned (detected from error), skipping
2025-08-14 21:50:54 - Adding platform group 278 for client Speedbatteur - SUCCESS
2025-08-14 21:50:54 - clientPlatform processing for: Speedbatteur
2025-08-14 21:50:54 - Client info: , Platform: Windows, Groups: 266,377
2025-08-14 21:50:54 - Group already assigned (detected from error), skipping
2025-08-14 21:50:54 - Adding platform group 278 for client Speedbatteur - SUCCESS
2025-08-14 21:51:33 - clientPlatform processing for: SYRUSSS
2025-08-14 21:51:33 - Client info: , Platform: Windows, Groups: 263,377
2025-08-14 21:51:33 - Adding platform group 278 for client SYRUSSS - SUCCESS
2025-08-14 21:51:40 - clientPlatform processing for: Murchick
2025-08-14 21:51:40 - Client info: , Platform: Windows, Groups: 7
2025-08-14 21:51:40 - Adding platform group 278 for client Murchick - SUCCESS
2025-08-14 21:51:41 - clientPlatform processing for: NightStalker
2025-08-14 21:51:41 - Client info: , Platform: Windows, Groups: 14,377
2025-08-14 21:51:41 - Adding platform group 278 for client NightStalker - SUCCESS
2025-08-14 21:51:41 - clientPlatform processing for: NightStalker
2025-08-14 21:51:41 - Client info: , Platform: Windows, Groups: 14,377
2025-08-14 21:51:41 - Group already assigned (detected from error), skipping
2025-08-14 21:51:41 - Adding platform group 278 for client NightStalker - SUCCESS
2025-08-14 21:51:41 - clientPlatform processing for: NightStalker
2025-08-14 21:51:41 - Client info: , Platform: Windows, Groups: 14,377
2025-08-14 21:51:41 - Group already assigned (detected from error), skipping
2025-08-14 21:51:41 - Adding platform group 278 for client NightStalker - SUCCESS
2025-08-14 21:53:27 - clientPlatform processing for: Murchick
2025-08-14 21:53:27 - Client info: , Platform: Windows, Groups: 8,369
2025-08-14 21:53:27 - Adding platform group 278 for client Murchick - SUCCESS
2025-08-14 21:54:30 - clientPlatform processing for: SNAC-Ahmet
2025-08-14 21:54:30 - Client info: , Platform: Windows, Groups: 266,377
2025-08-14 21:54:30 - Adding platform group 278 for client SNAC-Ahmet - SUCCESS
2025-08-14 21:55:09 - clientPlatform processing for: kayanyildz
2025-08-14 21:55:09 - Client info: , Platform: Windows, Groups: 266,377
2025-08-14 21:55:09 - Adding platform group 278 for client kayanyildz - SUCCESS
2025-08-14 21:55:11 - clientPlatform processing for: -3k
2025-08-14 21:55:11 - Client info: , Platform: Windows, Groups: 13,377
2025-08-14 21:55:11 - Adding platform group 278 for client -3k - SUCCESS
2025-08-14 21:57:20 - clientPlatform processing for: kaiizenn
2025-08-14 21:57:20 - Client info: , Platform: Windows, Groups: 27,377,382,399,400,436,437
2025-08-14 21:57:20 - Adding platform group 278 for client kaiizenn - SUCCESS
2025-08-14 21:57:53 - clientPlatform processing for: dayn777
2025-08-14 21:57:53 - Client info: , Platform: Windows, Groups: 14,377
2025-08-14 21:57:53 - Adding platform group 278 for client dayn777 - SUCCESS
2025-08-14 21:57:53 - clientPlatform processing for: x7uned
2025-08-14 21:57:53 - Client info: , Platform: Windows, Groups: 13,377
2025-08-14 21:57:53 - Adding platform group 278 for client x7uned - SUCCESS
2025-08-14 21:57:53 - clientPlatform processing for: dayn777
2025-08-14 21:57:53 - Client info: , Platform: Windows, Groups: 14,377
2025-08-14 21:57:53 - Group already assigned (detected from error), skipping
2025-08-14 21:57:53 - Adding platform group 278 for client dayn777 - SUCCESS
2025-08-14 21:57:53 - clientPlatform processing for: dayn777
2025-08-14 21:57:53 - Client info: , Platform: Windows, Groups: 14,377
2025-08-14 21:57:53 - Group already assigned (detected from error), skipping
2025-08-14 21:57:53 - Adding platform group 278 for client dayn777 - SUCCESS
2025-08-14 21:57:56 - clientPlatform processing for: 3412312
2025-08-14 21:57:56 - Client info: , Platform: Windows, Groups: 265,377
2025-08-14 21:57:56 - Adding platform group 278 for client 3412312 - SUCCESS
2025-08-14 21:57:56 - clientPlatform processing for: 3412312
2025-08-14 21:57:56 - Client info: , Platform: Windows, Groups: 265,377
2025-08-14 21:57:56 - Group already assigned (detected from error), skipping
2025-08-14 21:57:56 - Adding platform group 278 for client 3412312 - SUCCESS
2025-08-14 21:57:57 - clientPlatform processing for: 3412312
2025-08-14 21:57:57 - Client info: , Platform: Windows, Groups: 265,377
2025-08-14 21:57:57 - Group already assigned (detected from error), skipping
2025-08-14 21:57:57 - Adding platform group 278 for client 3412312 - SUCCESS
2025-08-14 21:59:02 - clientPlatform processing for: shinigami
2025-08-14 21:59:02 - Client info: , Platform: Windows, Groups: 26,377,381,383,385
2025-08-14 21:59:02 - Adding platform group 278 for client shinigami - SUCCESS
2025-08-14 22:00:55 - clientPlatform processing for: Last_Samurai
2025-08-14 22:00:55 - Client info: , Platform: Windows, Groups: 263,377
2025-08-14 22:00:55 - Adding platform group 278 for client Last_Samurai - SUCCESS
2025-08-14 22:01:28 - clientPlatform processing for: Querty1
2025-08-14 22:01:28 - Client info: , Platform: Windows, Groups: 8,369
2025-08-14 22:01:28 - Adding platform group 278 for client Querty1 - SUCCESS
2025-08-14 22:02:15 - clientPlatform processing for: wilson
2025-08-14 22:02:15 - Client info: , Platform: Windows, Groups: 17,265,377
2025-08-14 22:02:15 - Adding platform group 278 for client wilson - SUCCESS
2025-08-14 22:03:03 - clientPlatform processing for: Florian Bingsbaum
2025-08-14 22:03:03 - Client info: , Platform: Windows, Groups: 15,377
2025-08-14 22:03:03 - Adding platform group 278 for client Florian Bingsbaum - SUCCESS
2025-08-14 22:03:51 - clientPlatform processing for: Medoe
2025-08-14 22:03:51 - Client info: , Platform: Windows, Groups: 14,377
2025-08-14 22:03:51 - Adding platform group 278 for client Medoe - SUCCESS
2025-08-14 22:06:47 - clientPlatform processing for: COLDGREEN
2025-08-14 22:06:47 - Client info: , Platform: Windows, Groups: 17,377
2025-08-14 22:06:47 - Adding platform group 278 for client COLDGREEN - SUCCESS
2025-08-14 22:10:01 - clientPlatform processing for: Justin
2025-08-14 22:10:01 - Client info: , Platform: Windows, Groups: 15,377
2025-08-14 22:10:01 - Adding platform group 278 for client Justin - SUCCESS
2025-08-14 22:15:46 - clientPlatform processing for: wilson
2025-08-14 22:15:46 - Client info: , Platform: Windows, Groups: 17,265,377
2025-08-14 22:15:46 - Adding platform group 278 for client wilson - SUCCESS
2025-08-14 22:20:57 - clientPlatform processing for: N3rvezz
2025-08-14 22:20:57 - Client info: , Platform: Windows, Groups: 11,377
2025-08-14 22:20:57 - Adding platform group 278 for client N3rvezz - SUCCESS
2025-08-14 22:22:36 - clientPlatform processing for: Baldiez
2025-08-14 22:22:36 - Client info: , Platform: Windows, Groups: 11,377
2025-08-14 22:22:36 - Adding platform group 278 for client Baldiez - SUCCESS
2025-08-14 22:28:28 - clientPlatform processing for: mitsuki7
2025-08-14 22:28:28 - Client info: , Platform: Windows, Groups: 11,377
2025-08-14 22:28:28 - Adding platform group 278 for client mitsuki7 - SUCCESS
2025-08-14 22:30:58 - clientPlatform processing for: astraiser
2025-08-14 22:30:58 - Client info: , Platform: Windows, Groups: 263,377
2025-08-14 22:30:58 - Adding platform group 278 for client astraiser - SUCCESS
2025-08-14 22:32:43 - clientPlatform processing for: wilson
2025-08-14 22:32:43 - Client info: , Platform: Windows, Groups: 17,265,377
2025-08-14 22:32:43 - Adding platform group 278 for client wilson - SUCCESS
2025-08-14 22:33:42 - clientPlatform processing for: PastA1
2025-08-14 22:33:42 - Client info: , Platform: Windows, Groups: 18,377
2025-08-14 22:33:42 - Adding platform group 278 for client PastA1 - SUCCESS
2025-08-14 22:34:58 - clientPlatform processing for: TeamSpeakUser
2025-08-14 22:34:58 - Client info: , Platform: Windows, Groups: 7
2025-08-14 22:34:58 - Adding platform group 278 for client TeamSpeakUser - SUCCESS
2025-08-14 22:35:36 - clientPlatform processing for: TeamSpeakUser2
2025-08-14 22:35:36 - Client info: , Platform: Windows, Groups: 11,377
2025-08-14 22:35:36 - Adding platform group 278 for client TeamSpeakUser2 - SUCCESS
2025-08-14 22:35:37 - clientPlatform processing for: TeamSpeakUser3
2025-08-14 22:35:37 - Client info: , Platform: Windows, Groups: 11,377
2025-08-14 22:35:38 - Adding platform group 278 for client TeamSpeakUser3 - SUCCESS
2025-08-14 22:36:34 - clientPlatform processing for: Angry
2025-08-14 22:36:34 - Client info: , Platform: Windows, Groups: 263,377
2025-08-14 22:36:34 - Adding platform group 278 for client Angry - SUCCESS
2025-08-14 22:37:05 - clientPlatform processing for: TeamSpeakUser3
2025-08-14 22:37:05 - Client info: , Platform: Windows, Groups: 13,377
2025-08-14 22:37:05 - Adding platform group 278 for client TeamSpeakUser3 - SUCCESS
2025-08-14 22:38:21 - clientPlatform processing for: Сика
2025-08-14 22:38:21 - Client info: , Platform: Windows, Groups: 266,377
2025-08-14 22:38:21 - Adding platform group 278 for client Сика - SUCCESS
2025-08-14 22:39:22 - clientPlatform processing for: AlexQc
2025-08-14 22:39:22 - Client info: , Platform: Windows, Groups: 266,377
2025-08-14 22:39:22 - Adding platform group 278 for client AlexQc - SUCCESS
2025-08-14 22:46:33 - clientPlatform processing for: noice8
2025-08-14 22:46:33 - Client info: , Platform: Windows, Groups: 12,377
2025-08-14 22:46:33 - Adding platform group 278 for client noice8 - SUCCESS
2025-08-14 22:47:19 - clientPlatform processing for: TeamSpeakUser3
2025-08-14 22:47:19 - Client info: , Platform: Windows, Groups: 13,377
2025-08-14 22:47:19 - Adding platform group 278 for client TeamSpeakUser3 - SUCCESS
2025-08-14 22:47:50 - clientPlatform processing for: noice8
2025-08-14 22:47:50 - Client info: , Platform: Windows, Groups: 12,377
2025-08-14 22:47:50 - Adding platform group 278 for client noice8 - SUCCESS
2025-08-14 22:48:27 - clientPlatform processing for: TeamSpeakUser4
2025-08-14 22:48:27 - Client info: , Platform: Windows, Groups: 13,377
2025-08-14 22:48:27 - Adding platform group 278 for client TeamSpeakUser4 - SUCCESS
2025-08-14 22:49:07 - clientPlatform processing for: Groff
2025-08-14 22:49:07 - Client info: , Platform: Windows, Groups: 14,377
2025-08-14 22:49:07 - Adding platform group 278 for client Groff - SUCCESS
2025-08-14 22:49:40 - clientPlatform processing for: PERCHEK
2025-08-14 22:49:40 - Client info: , Platform: Windows, Groups: 7
2025-08-14 22:49:40 - Adding platform group 278 for client PERCHEK - SUCCESS
2025-08-14 22:51:13 - clientPlatform processing for: noice8
2025-08-14 22:51:13 - Client info: , Platform: Windows, Groups: 12,377
2025-08-14 22:51:13 - Adding platform group 278 for client noice8 - SUCCESS
2025-08-14 22:59:15 - clientPlatform processing for: ardoş
2025-08-14 22:59:15 - Client info: , Platform: Windows, Groups: 17,377
2025-08-14 22:59:15 - Adding platform group 278 for client ardoş - SUCCESS
2025-08-14 22:59:17 - clientPlatform processing for: ardoş
2025-08-14 22:59:17 - Client info: , Platform: Windows, Groups: 17,377
2025-08-14 22:59:17 - Group already assigned (detected from error), skipping
2025-08-14 22:59:17 - Adding platform group 278 for client ardoş - SUCCESS
2025-08-14 22:59:19 - clientPlatform processing for: ardoş
2025-08-14 22:59:19 - Client info: , Platform: Windows, Groups: 17,377
2025-08-14 22:59:19 - Group already assigned (detected from error), skipping
2025-08-14 22:59:19 - Adding platform group 278 for client ardoş - SUCCESS
2025-08-14 22:59:46 - clientPlatform processing for: ff_mx
2025-08-14 22:59:46 - Client info: , Platform: Windows, Groups: 7
2025-08-14 22:59:46 - Adding platform group 278 for client ff_mx - SUCCESS
2025-08-14 23:00:19 - clientPlatform processing for: Jaws
2025-08-14 23:00:19 - Client info: , Platform: Windows, Groups: 15,377
2025-08-14 23:00:19 - Adding platform group 278 for client Jaws - SUCCESS
2025-08-14 23:02:16 - clientPlatform processing for: dolv1
2025-08-14 23:02:16 - Client info: , Platform: Windows, Groups: 266,377
2025-08-14 23:02:16 - Adding platform group 278 for client dolv1 - SUCCESS
2025-08-14 23:02:19 - clientPlatform processing for: Platonuch_UA
2025-08-14 23:02:19 - Client info: , Platform: Windows, Groups: 20,377
2025-08-14 23:02:19 - Adding platform group 278 for client Platonuch_UA - SUCCESS
2025-08-14 23:02:21 - clientPlatform processing for: Platonuch_UA
2025-08-14 23:02:21 - Client info: , Platform: Windows, Groups: 20,377
2025-08-14 23:02:21 - Group already assigned (detected from error), skipping
2025-08-14 23:02:21 - Adding platform group 278 for client Platonuch_UA - SUCCESS
2025-08-14 23:02:22 - clientPlatform processing for: Platonuch_UA
2025-08-14 23:02:22 - Client info: , Platform: Windows, Groups: 20,377
2025-08-14 23:02:22 - Group already assigned (detected from error), skipping
2025-08-14 23:02:22 - Adding platform group 278 for client Platonuch_UA - SUCCESS
2025-08-14 23:05:37 - clientPlatform processing for: I.am.Atomic
2025-08-14 23:05:37 - Client info: , Platform: Windows, Groups: 264,377
2025-08-14 23:05:37 - Adding platform group 278 for client I.am.Atomic - SUCCESS
2025-08-14 23:08:06 - clientPlatform processing for: SYRUSSS
2025-08-14 23:08:06 - Client info: , Platform: Windows, Groups: 263,377
2025-08-14 23:08:06 - Adding platform group 278 for client SYRUSSS - SUCCESS
2025-08-14 23:09:06 - clientPlatform processing for: cuma/bobmarley
2025-08-14 23:09:06 - Client info: , Platform: Windows, Groups: 11,369
2025-08-14 23:09:07 - Adding platform group 278 for client cuma/bobmarley - SUCCESS
2025-08-14 23:10:42 - clientPlatform processing for: e6lan
2025-08-14 23:10:42 - Client info: , Platform: Windows, Groups: 263,377
2025-08-14 23:10:42 - Adding platform group 278 for client e6lan - SUCCESS
2025-08-14 23:12:31 - clientPlatform processing for: e6lan
2025-08-14 23:12:31 - Client info: , Platform: Windows, Groups: 263,377
2025-08-14 23:12:31 - Adding platform group 278 for client e6lan - SUCCESS
2025-08-14 23:13:05 - clientPlatform processing for: F4funder
2025-08-14 23:13:05 - Client info: , Platform: Windows, Groups: 17,377
2025-08-14 23:13:05 - Adding platform group 278 for client F4funder - SUCCESS
2025-08-14 23:15:35 - clientPlatform processing for: Koniciva
2025-08-14 23:15:35 - Client info: , Platform: Windows, Groups: 264,377
2025-08-14 23:15:35 - Adding platform group 278 for client Koniciva - SUCCESS
2025-08-14 23:15:53 - clientPlatform processing for: Koniciva
2025-08-14 23:15:53 - Client info: , Platform: Windows, Groups: 264,377
2025-08-14 23:15:53 - Adding platform group 278 for client Koniciva - SUCCESS
2025-08-14 23:17:53 - clientPlatform processing for: krasser_millionaer
2025-08-14 23:17:53 - Client info: , Platform: Windows, Groups: 10,369
2025-08-14 23:17:53 - Adding platform group 278 for client krasser_millionaer - SUCCESS
2025-08-14 23:17:53 - clientPlatform processing for: brownfatnerd1448
2025-08-14 23:17:53 - Client info: , Platform: Windows, Groups: 10,369
2025-08-14 23:17:53 - Adding platform group 278 for client brownfatnerd1448 - SUCCESS
2025-08-14 23:19:33 - clientPlatform processing for: TeamSpeakUser5
2025-08-14 23:19:33 - Client info: , Platform: Windows, Groups: 12,377
2025-08-14 23:19:33 - Adding platform group 278 for client TeamSpeakUser5 - SUCCESS
2025-08-14 23:21:06 - clientPlatform processing for: Groff
2025-08-14 23:21:06 - Client info: , Platform: Windows, Groups: 14,377
2025-08-14 23:21:06 - Adding platform group 278 for client Groff - SUCCESS
2025-08-14 23:21:43 - clientPlatform processing for: Koniciva
2025-08-14 23:21:43 - Client info: , Platform: Windows, Groups: 264,377
2025-08-14 23:21:43 - Adding platform group 278 for client Koniciva - SUCCESS
2025-08-14 23:22:35 - clientPlatform processing for: TheHurdacı
2025-08-14 23:22:35 - Client info: , Platform: Windows, Groups: 7
2025-08-14 23:22:35 - Adding platform group 278 for client TheHurdacı - SUCCESS
2025-08-14 23:23:09 - clientPlatform processing for: Groff
2025-08-14 23:23:09 - Client info: , Platform: Windows, Groups: 14,377
2025-08-14 23:23:09 - Adding platform group 278 for client Groff - SUCCESS
2025-08-14 23:24:03 - clientPlatform processing for: Hurdaci
2025-08-14 23:24:03 - Client info: , Platform: Windows, Groups: 7
2025-08-14 23:24:03 - Adding platform group 278 for client Hurdaci - SUCCESS
2025-08-14 23:24:23 - clientPlatform processing for: Jack
2025-08-14 23:24:23 - Client info: , Platform: Windows, Groups: 7
2025-08-14 23:24:23 - Adding platform group 278 for client Jack - SUCCESS
2025-08-14 23:27:41 - clientPlatform processing for: Obiparadaisu
2025-08-14 23:27:41 - Client info: , Platform: Windows, Groups: 7
2025-08-14 23:27:41 - Adding platform group 278 for client Obiparadaisu - SUCCESS
2025-08-14 23:30:41 - clientPlatform processing for: TeamSpeakUser1
2025-08-14 23:30:41 - Client info: , Platform: Windows, Groups: 9,369
2025-08-14 23:30:41 - Adding platform group 278 for client TeamSpeakUser1 - SUCCESS
2025-08-14 23:31:21 - clientPlatform processing for: Koniciva
2025-08-14 23:31:21 - Client info: , Platform: Windows, Groups: 264,377
2025-08-14 23:31:21 - Adding platform group 278 for client Koniciva - SUCCESS
2025-08-14 23:34:36 - clientPlatform processing for: avasilver
2025-08-14 23:34:36 - Client info: , Platform: Windows, Groups: 9,369
2025-08-14 23:34:36 - Adding platform group 278 for client avasilver - SUCCESS
2025-08-14 23:35:55 - clientPlatform processing for: TeamSpeakUser1
2025-08-14 23:35:55 - Client info: , Platform: Windows, Groups: 9,369
2025-08-14 23:35:55 - Adding platform group 278 for client TeamSpeakUser1 - SUCCESS
2025-08-14 23:36:00 - clientPlatform processing for: köylününefendisi
2025-08-14 23:36:00 - Client info: , Platform: Windows, Groups: 9,369
2025-08-14 23:36:00 - Adding platform group 278 for client köylününefendisi - SUCCESS
2025-08-14 23:36:28 - clientPlatform processing for: köylününefendisi
2025-08-14 23:36:28 - Client info: , Platform: Windows, Groups: 9,369
2025-08-14 23:36:28 - Adding platform group 278 for client köylününefendisi - SUCCESS
2025-08-14 23:36:30 - clientPlatform processing for: F4funder
2025-08-14 23:36:30 - Client info: , Platform: Windows, Groups: 17,377
2025-08-14 23:36:30 - Adding platform group 278 for client F4funder - SUCCESS
2025-08-14 23:40:20 - clientPlatform processing for: MnDark
2025-08-14 23:40:20 - Client info: , Platform: Windows, Groups: 13,377
2025-08-14 23:40:20 - Adding platform group 278 for client MnDark - SUCCESS
2025-08-14 23:42:04 - clientPlatform processing for: TeamSpeakUser
2025-08-14 23:42:04 - Client info: , Platform: Windows, Groups: 9,369
2025-08-14 23:42:04 - Adding platform group 278 for client TeamSpeakUser - SUCCESS
2025-08-14 23:42:46 - clientPlatform processing for: MrMIST14
2025-08-14 23:42:46 - Client info: , Platform: Windows, Groups: 266,377
2025-08-14 23:42:46 - Adding platform group 278 for client MrMIST14 - SUCCESS
2025-08-14 23:42:57 - clientPlatform processing for: 6locc 6a6y
2025-08-14 23:42:57 - Client info: , Platform: Windows, Groups: 7
2025-08-14 23:42:57 - Adding platform group 278 for client 6locc 6a6y - SUCCESS
2025-08-14 23:43:01 - clientPlatform processing for: reverz
2025-08-14 23:43:01 - Client info: , Platform: Windows, Groups: 266,377
2025-08-14 23:43:01 - Adding platform group 278 for client reverz - SUCCESS
2025-08-14 23:43:37 - clientPlatform processing for: Halilclml42
2025-08-14 23:43:37 - Client info: , Platform: Windows, Groups: 11,377
2025-08-14 23:43:37 - Adding platform group 278 for client Halilclml42 - SUCCESS
2025-08-14 23:43:39 - clientPlatform processing for: Subutay NOYAN
2025-08-14 23:43:39 - Client info: , Platform: Windows, Groups: 266,377
2025-08-14 23:43:39 - Adding platform group 278 for client Subutay NOYAN - SUCCESS
2025-08-14 23:44:10 - clientPlatform processing for: ardoş
2025-08-14 23:44:10 - Client info: , Platform: Windows, Groups: 17,377
2025-08-14 23:44:10 - Adding platform group 278 for client ardoş - SUCCESS
2025-08-14 23:45:32 - clientPlatform processing for: senaa
2025-08-14 23:45:32 - Client info: , Platform: Windows, Groups: 7
2025-08-14 23:45:32 - Adding platform group 278 for client senaa - SUCCESS
2025-08-14 23:49:53 - clientPlatform processing for: Уебище
2025-08-14 23:49:53 - Client info: , Platform: Windows, Groups: 266,377
2025-08-14 23:49:53 - Adding platform group 278 for client Уебище - SUCCESS
2025-08-14 23:49:53 - clientPlatform processing for: `HezeyaN
2025-08-14 23:49:53 - Client info: , Platform: Windows, Groups: 7
2025-08-14 23:49:54 - Adding platform group 278 for client `HezeyaN - SUCCESS
2025-08-14 23:49:54 - clientPlatform processing for: `HezeyaN
2025-08-14 23:49:54 - Client info: , Platform: Windows, Groups: 7
2025-08-14 23:49:54 - Group already assigned (detected from error), skipping
2025-08-14 23:49:54 - Adding platform group 278 for client `HezeyaN - SUCCESS
2025-08-14 23:49:54 - clientPlatform processing for: `HezeyaN
2025-08-14 23:49:54 - Client info: , Platform: Windows, Groups: 7
2025-08-14 23:49:54 - Group already assigned (detected from error), skipping
2025-08-14 23:49:54 - Adding platform group 278 for client `HezeyaN - SUCCESS
2025-08-14 23:51:13 - clientPlatform processing for: KingDriver
2025-08-14 23:51:13 - Client info: , Platform: Windows, Groups: 264,377
2025-08-14 23:51:13 - Adding platform group 278 for client KingDriver - SUCCESS
2025-08-14 23:52:25 - clientPlatform processing for: hamza
2025-08-14 23:52:25 - Client info: , Platform: Windows, Groups: 14,377
2025-08-14 23:52:25 - Adding platform group 278 for client hamza - SUCCESS
2025-08-14 23:52:58 - clientPlatform processing for: poo
2025-08-14 23:52:58 - Client info: , Platform: Windows, Groups: 13,377
2025-08-14 23:52:58 - Adding platform group 278 for client poo - SUCCESS
2025-08-14 23:53:07 - clientPlatform processing for: poo
2025-08-14 23:53:07 - Client info: , Platform: Windows, Groups: 13,377
2025-08-14 23:53:07 - Adding platform group 278 for client poo - SUCCESS
2025-08-14 23:53:34 - clientPlatform processing for: poo
2025-08-14 23:53:34 - Client info: , Platform: Windows, Groups: 13,278,299,377,435
2025-08-14 23:53:34 - Client already has platform group 278
2025-08-14 23:53:58 - clientPlatform processing for: TeamSpeakUser
2025-08-14 23:53:58 - Client info: , Platform: Windows, Groups: 7
2025-08-14 23:53:58 - Adding platform group 278 for client TeamSpeakUser - SUCCESS
