2025-07-24 00:03:05 - clientPlatform processing for: Sunrise0754
2025-07-24 00:03:05 - Client info: , Platform: Windows, Groups: 266,377
2025-07-24 00:03:05 - Adding platform group 278 for client Sunrise0754 - SUCCESS
2025-07-24 00:08:11 - clientPlatform processing for: KAYMAKAM
2025-07-24 00:08:11 - Client info: , Platform: Windows, Groups: 266,377
2025-07-24 00:08:11 - Adding platform group 278 for client KAYMAKAM - SUCCESS
2025-07-24 00:09:59 - clientPlatform processing for: C1klope
2025-07-24 00:09:59 - Client info: , Platform: Windows, Groups: 12,377
2025-07-24 00:09:59 - Adding platform group 278 for client C1klope - SUCCESS
2025-07-24 00:14:25 - clientPlatform processing for: Platonuch_UA
2025-07-24 00:14:25 - Client info: , Platform: Windows, Groups: 20,377
2025-07-24 00:14:25 - Adding platform group 278 for client Platonuch_UA - SUCCESS
2025-07-24 00:16:45 - clientPlatform processing for: Cyborg
2025-07-24 00:16:45 - Client info: , Platform: Windows, Groups: 13,377
2025-07-24 00:16:45 - Adding platform group 278 for client Cyborg - SUCCESS
2025-07-24 00:17:30 - clientPlatform processing for: Cyborg
2025-07-24 00:17:30 - Client info: , Platform: Windows, Groups: 13,377
2025-07-24 00:17:30 - Adding platform group 278 for client Cyborg - SUCCESS
2025-07-24 00:17:41 - clientPlatform processing for: gholab
2025-07-24 00:17:41 - Client info: , Platform: Windows, Groups: 265,377
2025-07-24 00:17:41 - Adding platform group 278 for client gholab - SUCCESS
2025-07-24 00:20:02 - clientPlatform processing for: Sunrise0754
2025-07-24 00:20:02 - Client info: , Platform: Windows, Groups: 266,377
2025-07-24 00:20:02 - Group already assigned (detected from error), skipping
2025-07-24 00:20:02 - Adding platform group 278 for client Sunrise0754 - SUCCESS
2025-07-24 00:22:05 - clientPlatform processing for: KAYMAKAM
2025-07-24 00:22:05 - Client info: , Platform: Windows, Groups: 266,377
2025-07-24 00:22:05 - Adding platform group 278 for client KAYMAKAM - SUCCESS
2025-07-24 00:22:57 - clientPlatform processing for: Cyborg
2025-07-24 00:22:57 - Client info: , Platform: Windows, Groups: 13,377
2025-07-24 00:22:57 - Adding platform group 278 for client Cyborg - SUCCESS
2025-07-24 00:26:41 - clientPlatform processing for: TeamSpeakUser2
2025-07-24 00:26:41 - Client info: , Platform: Windows, Groups: 8,369
2025-07-24 00:26:41 - Adding platform group 278 for client TeamSpeakUser2 - SUCCESS
2025-07-24 00:27:29 - clientPlatform processing for: siso
2025-07-24 00:27:29 - Client info: , Platform: Windows, Groups: 11,377
2025-07-24 00:27:29 - Adding platform group 278 for client siso - SUCCESS
2025-07-24 00:30:16 - clientPlatform processing for: yigit
2025-07-24 00:30:16 - Client info: , Platform: Windows, Groups: 7
2025-07-24 00:30:16 - Adding platform group 278 for client yigit - SUCCESS
2025-07-24 00:33:06 - clientPlatform processing for: Bordoking
2025-07-24 00:33:06 - Client info: , Platform: Windows, Groups: 10,369
2025-07-24 00:33:06 - Adding platform group 278 for client Bordoking - SUCCESS
2025-07-24 01:15:38 - clientPlatform processing for: alexei_shubin
2025-07-24 01:15:38 - Client info: , Platform: Windows, Groups: 13,377
2025-07-24 01:15:38 - Adding platform group 278 for client alexei_shubin - SUCCESS
2025-07-24 01:19:40 - clientPlatform processing for: MnDark
2025-07-24 01:19:40 - Client info: , Platform: Windows, Groups: 11,377
2025-07-24 01:19:40 - Adding platform group 278 for client MnDark - SUCCESS
2025-07-24 01:29:24 - clientPlatform processing for: Sunrise0754
2025-07-24 01:29:24 - Client info: , Platform: Windows, Groups: 266,377
2025-07-24 01:29:24 - Adding platform group 278 for client Sunrise0754 - SUCCESS
2025-07-24 01:50:00 - clientPlatform processing for: Rix
2025-07-24 01:50:00 - Client info: , Platform: Windows, Groups: 265,377
2025-07-24 01:50:00 - Adding platform group 278 for client Rix - SUCCESS
2025-07-24 02:15:22 - clientPlatform processing for: hamza
2025-07-24 02:15:22 - Client info: , Platform: Windows, Groups: 266,377
2025-07-24 02:15:23 - Adding platform group 278 for client hamza - SUCCESS
2025-07-24 02:27:00 - clientPlatform processing for: mevlutozk
2025-07-24 02:27:00 - Client info: , Platform: iOS, Groups: 13,377
2025-07-24 02:27:00 - Adding platform group 281 for client mevlutozk - SUCCESS
2025-07-24 02:58:33 - clientPlatform processing for: machu
2025-07-24 02:58:33 - Client info: , Platform: Windows, Groups: 7
2025-07-24 02:58:33 - Adding platform group 278 for client machu - SUCCESS
2025-07-24 03:26:11 - clientPlatform processing for: TeamSpeakUser
2025-07-24 03:26:11 - Client info: , Platform: Windows, Groups: 266,377
2025-07-24 03:26:11 - Adding platform group 278 for client TeamSpeakUser - SUCCESS
2025-07-24 03:26:16 - clientPlatform processing for: TeamSpeakUser1
2025-07-24 03:26:16 - Client info: , Platform: Windows, Groups: 11,377
2025-07-24 03:26:16 - Adding platform group 278 for client TeamSpeakUser1 - SUCCESS
2025-07-24 03:58:40 - clientPlatform processing for: tenshin_non
2025-07-24 03:58:40 - Client info: , Platform: Windows, Groups: 18,377
2025-07-24 03:58:40 - Adding platform group 278 for client tenshin_non - SUCCESS
2025-07-24 04:01:37 - clientPlatform processing for: TeamSpeakUser
2025-07-24 04:01:37 - Client info: , Platform: Windows, Groups: 266,377
2025-07-24 04:01:37 - Adding platform group 278 for client TeamSpeakUser - SUCCESS
2025-07-24 05:24:30 - clientPlatform processing for: Chico
2025-07-24 05:24:30 - Client info: , Platform: Windows, Groups: 266,377
2025-07-24 05:24:30 - Adding platform group 278 for client Chico - SUCCESS
2025-07-24 05:25:42 - clientPlatform processing for: 2212312
2025-07-24 05:25:42 - Client info: , Platform: Windows, Groups: 17,377
2025-07-24 05:25:42 - Adding platform group 278 for client 2212312 - SUCCESS
2025-07-24 05:43:20 - clientPlatform processing for: Cryona
2025-07-24 05:43:20 - Client info: , Platform: Windows, Groups: 15,377
2025-07-24 05:43:20 - Adding platform group 278 for client Cryona - SUCCESS
2025-07-24 05:45:38 - clientPlatform processing for: baia
2025-07-24 05:45:38 - Client info: , Platform: Windows, Groups: 263,377
2025-07-24 05:45:38 - Adding platform group 278 for client baia - SUCCESS
2025-07-24 05:51:23 - clientPlatform processing for: LAZZZERR
2025-07-24 05:51:23 - Client info: , Platform: Windows, Groups: 15,377
2025-07-24 05:51:23 - Adding platform group 278 for client LAZZZERR - SUCCESS
2025-07-24 05:51:49 - clientPlatform processing for: Y2Beriz
2025-07-24 05:51:49 - Client info: , Platform: Windows, Groups: 13,377
2025-07-24 05:51:49 - Adding platform group 278 for client Y2Beriz - SUCCESS
2025-07-24 05:51:59 - clientPlatform processing for: LAZZZERR
2025-07-24 05:51:59 - Client info: , Platform: Windows, Groups: 15,377
2025-07-24 05:51:59 - Adding platform group 278 for client LAZZZERR - SUCCESS
2025-07-24 06:19:22 - clientPlatform processing for: 2212312
2025-07-24 06:19:22 - Client info: , Platform: Windows, Groups: 17,377
2025-07-24 06:19:22 - Adding platform group 278 for client 2212312 - SUCCESS
2025-07-24 06:34:46 - clientPlatform processing for: ratera
2025-07-24 06:34:46 - Client info: , Platform: Windows, Groups: 264,377
2025-07-24 06:34:46 - Adding platform group 278 for client ratera - SUCCESS
2025-07-24 08:06:49 - clientPlatform processing for: Nesol
2025-07-24 08:06:49 - Client info: , Platform: Windows, Groups: 266,377
2025-07-24 08:06:49 - Adding platform group 278 for client Nesol - SUCCESS
2025-07-24 08:37:47 - clientPlatform processing for: dadaok
2025-07-24 08:37:47 - Client info: , Platform: Windows, Groups: 21,377
2025-07-24 08:37:47 - Adding platform group 278 for client dadaok - SUCCESS
2025-07-24 08:56:03 - clientPlatform processing for: makpyn
2025-07-24 08:56:03 - Client info: , Platform: Windows, Groups: 15,377
2025-07-24 08:56:03 - Adding platform group 278 for client makpyn - SUCCESS
2025-07-24 08:57:11 - clientPlatform processing for: Victuziin
2025-07-24 08:57:11 - Client info: , Platform: Windows, Groups: 14,377
2025-07-24 08:57:11 - Adding platform group 278 for client Victuziin - SUCCESS
2025-07-24 09:18:07 - clientPlatform processing for: 4iff
2025-07-24 09:18:07 - Client info: , Platform: Windows, Groups: 22,377
2025-07-24 09:18:07 - Adding platform group 278 for client 4iff - SUCCESS
2025-07-24 09:40:49 - clientPlatform processing for: Dumina
2025-07-24 09:40:49 - Client info: , Platform: Windows, Groups: 20,377
2025-07-24 09:40:49 - Adding platform group 278 for client Dumina - SUCCESS
2025-07-24 09:48:00 - clientPlatform processing for: shinigami
2025-07-24 09:48:00 - Client info: , Platform: Windows, Groups: 25,377,381,383,385
2025-07-24 09:48:00 - Adding platform group 278 for client shinigami - SUCCESS
2025-07-24 09:50:08 - clientPlatform processing for: batuhnn
2025-07-24 09:50:08 - Client info: , Platform: Windows, Groups: 15,377
2025-07-24 09:50:08 - Adding platform group 278 for client batuhnn - SUCCESS
2025-07-24 10:01:05 - clientPlatform processing for: Kire0N
2025-07-24 10:01:05 - Client info: , Platform: Windows, Groups: 12,377
2025-07-24 10:01:05 - Adding platform group 278 for client Kire0N - SUCCESS
2025-07-24 10:04:43 - clientPlatform processing for: goran
2025-07-24 10:04:43 - Client info: , Platform: Windows, Groups: 265,377
2025-07-24 10:04:43 - Adding platform group 278 for client goran - SUCCESS
2025-07-24 10:09:58 - clientPlatform processing for: theslayercroute
2025-07-24 10:09:58 - Client info: , Platform: Windows, Groups: 15,377
2025-07-24 10:09:58 - Adding platform group 278 for client theslayercroute - SUCCESS
2025-07-24 10:15:19 - clientPlatform processing for: Guave345
2025-07-24 10:15:19 - Client info: , Platform: Windows, Groups: 10,369
2025-07-24 10:15:19 - Adding platform group 278 for client Guave345 - SUCCESS
2025-07-24 10:16:56 - clientPlatform processing for: Yoschi88
2025-07-24 10:16:56 - Client info: , Platform: Windows, Groups: 264,377
2025-07-24 10:16:56 - Adding platform group 278 for client Yoschi88 - SUCCESS
2025-07-24 10:22:25 - clientPlatform processing for: Ejpíček
2025-07-24 10:22:25 - Client info: , Platform: Windows, Groups: 14,377
2025-07-24 10:22:25 - Adding platform group 278 for client Ejpíček - SUCCESS
2025-07-24 10:23:05 - clientPlatform processing for: TeamSpeakUser1
2025-07-24 10:23:05 - Client info: , Platform: Windows, Groups: 13,377
2025-07-24 10:23:05 - Adding platform group 278 for client TeamSpeakUser1 - SUCCESS
2025-07-24 10:23:32 - clientPlatform processing for: fosik
2025-07-24 10:23:32 - Client info: , Platform: Windows, Groups: 263,377
2025-07-24 10:23:32 - Adding platform group 278 for client fosik - SUCCESS
2025-07-24 10:27:32 - clientPlatform processing for: F4funder
2025-07-24 10:27:32 - Client info: , Platform: Windows, Groups: 266,377
2025-07-24 10:27:33 - Adding platform group 278 for client F4funder - SUCCESS
2025-07-24 10:27:38 - clientPlatform processing for: 1.6fsidertpaket
2025-07-24 10:27:38 - Client info: , Platform: Windows, Groups: 265,377
2025-07-24 10:27:38 - Adding platform group 278 for client 1.6fsidertpaket - SUCCESS
2025-07-24 10:30:16 - clientPlatform processing for: F4funder
2025-07-24 10:30:16 - Client info: , Platform: Windows, Groups: 266,377
2025-07-24 10:30:16 - Adding platform group 278 for client F4funder - SUCCESS
2025-07-24 10:32:05 - clientPlatform processing for: PIADORAZZZ
2025-07-24 10:32:05 - Client info: , Platform: Windows, Groups: 12,377
2025-07-24 10:32:05 - Adding platform group 278 for client PIADORAZZZ - SUCCESS
2025-07-24 10:55:20 - clientPlatform processing for: bentuto
2025-07-24 10:55:20 - Client info: , Platform: Windows, Groups: 12,377
2025-07-24 10:55:20 - Adding platform group 278 for client bentuto - SUCCESS
2025-07-24 10:55:23 - clientPlatform processing for: SNAC-Ahmet
2025-07-24 10:55:23 - Client info: , Platform: Windows, Groups: 266,377
2025-07-24 10:55:23 - Adding platform group 278 for client SNAC-Ahmet - SUCCESS
2025-07-24 10:57:04 - clientPlatform processing for: isekai
2025-07-24 10:57:04 - Client info: , Platform: Windows, Groups: 15,377
2025-07-24 10:57:04 - Adding platform group 278 for client isekai - SUCCESS
2025-07-24 10:58:16 - clientPlatform processing for: _Sanitol_
2025-07-24 10:58:16 - Client info: , Platform: Windows, Groups: 12,377
2025-07-24 10:58:16 - Adding platform group 278 for client _Sanitol_ - SUCCESS
2025-07-24 11:04:13 - clientPlatform processing for: AMINOV
2025-07-24 11:04:13 - Client info: , Platform: Windows, Groups: 266,377
2025-07-24 11:04:13 - Adding platform group 278 for client AMINOV - SUCCESS
2025-07-24 11:20:37 - clientPlatform processing for: LaPt
2025-07-24 11:20:37 - Client info: , Platform: Windows, Groups: 266,377
2025-07-24 11:20:37 - Adding platform group 278 for client LaPt - SUCCESS
2025-07-24 11:21:50 - clientPlatform processing for: Shutn1k
2025-07-24 11:21:50 - Client info: , Platform: Windows, Groups: 266,377
2025-07-24 11:21:50 - Adding platform group 278 for client Shutn1k - SUCCESS
2025-07-24 11:39:26 - clientPlatform processing for: JoeAxel
2025-07-24 11:39:26 - Client info: , Platform: Windows, Groups: 7
2025-07-24 11:39:26 - Adding platform group 278 for client JoeAxel - SUCCESS
2025-07-24 11:43:02 - clientPlatform processing for: cuffe
2025-07-24 11:43:02 - Client info: , Platform: Windows, Groups: 11,377
2025-07-24 11:43:02 - Adding platform group 278 for client cuffe - SUCCESS
2025-07-24 11:55:01 - clientPlatform processing for: redan_22
2025-07-24 11:55:01 - Client info: , Platform: Windows, Groups: 12,377
2025-07-24 11:55:01 - Adding platform group 278 for client redan_22 - SUCCESS
2025-07-24 11:58:54 - clientPlatform processing for: shinigami
2025-07-24 11:58:54 - Client info: , Platform: Windows, Groups: 25,377,381,383,385
2025-07-24 11:58:54 - Adding platform group 278 for client shinigami - SUCCESS
2025-07-24 11:59:12 - clientPlatform processing for: cuffe
2025-07-24 11:59:12 - Client info: , Platform: Windows, Groups: 11,377
2025-07-24 11:59:12 - Adding platform group 278 for client cuffe - SUCCESS
2025-07-24 12:05:28 - clientPlatform processing for: teaman11
2025-07-24 12:05:28 - Client info: , Platform: Windows, Groups: 17,377
2025-07-24 12:05:28 - Adding platform group 278 for client teaman11 - SUCCESS
2025-07-24 12:05:53 - clientPlatform processing for: Erinof
2025-07-24 12:05:53 - Client info: , Platform: Windows, Groups: 10,369
2025-07-24 12:05:53 - Adding platform group 278 for client Erinof - SUCCESS
2025-07-24 12:28:13 - clientPlatform processing for: DrAlios
2025-07-24 12:28:13 - Client info: , Platform: Windows, Groups: 11,369
2025-07-24 12:28:13 - Adding platform group 278 for client DrAlios - SUCCESS
2025-07-24 12:44:35 - clientPlatform processing for: Chris
2025-07-24 12:44:35 - Client info: , Platform: Windows, Groups: 18,377
2025-07-24 12:44:35 - Adding platform group 278 for client Chris - SUCCESS
2025-07-24 12:48:51 - clientPlatform processing for: gholab
2025-07-24 12:48:51 - Client info: , Platform: Windows, Groups: 265,377
2025-07-24 12:48:51 - Adding platform group 278 for client gholab - SUCCESS
2025-07-24 12:48:51 - clientPlatform processing for: gholab
2025-07-24 12:48:51 - Client info: , Platform: Windows, Groups: 265,377
2025-07-24 12:48:51 - Group already assigned (detected from error), skipping
2025-07-24 12:48:51 - Adding platform group 278 for client gholab - SUCCESS
2025-07-24 12:48:52 - clientPlatform processing for: gholab
2025-07-24 12:48:52 - Client info: , Platform: Windows, Groups: 265,377
2025-07-24 12:48:52 - Group already assigned (detected from error), skipping
2025-07-24 12:48:52 - Adding platform group 278 for client gholab - SUCCESS
2025-07-24 12:52:35 - clientPlatform processing for: Andy
2025-07-24 12:52:35 - Client info: , Platform: Windows, Groups: 17,377
2025-07-24 12:52:35 - Adding platform group 278 for client Andy - SUCCESS
2025-07-24 13:05:32 - clientPlatform processing for: Cyborg
2025-07-24 13:05:32 - Client info: , Platform: Windows, Groups: 13,377
2025-07-24 13:05:32 - Adding platform group 278 for client Cyborg - SUCCESS
2025-07-24 13:22:22 - clientPlatform processing for: HopperOne
2025-07-24 13:22:22 - Client info: , Platform: Windows, Groups: 8,369
2025-07-24 13:22:22 - Adding platform group 278 for client HopperOne - SUCCESS
2025-07-24 13:30:46 - clientPlatform processing for: MATIN
2025-07-24 13:30:46 - Client info: , Platform: Windows, Groups: 12,377
2025-07-24 13:30:46 - Adding platform group 278 for client MATIN - SUCCESS
2025-07-24 13:31:04 - clientPlatform processing for: INSANE
2025-07-24 13:31:04 - Client info: , Platform: Windows, Groups: 263,377
2025-07-24 13:31:04 - Adding platform group 278 for client INSANE - SUCCESS
2025-07-24 13:33:15 - clientPlatform processing for: DanialDelRey
2025-07-24 13:33:15 - Client info: , Platform: Windows, Groups: 12,377
2025-07-24 13:33:15 - Adding platform group 278 for client DanialDelRey - SUCCESS
2025-07-24 13:38:20 - clientPlatform processing for: اوووووح کیرووووم شیکست
2025-07-24 13:38:20 - Client info: , Platform: Windows, Groups: 12,377
2025-07-24 13:38:21 - Adding platform group 278 for client اوووووح کیرووووم شیکست - SUCCESS
2025-07-24 13:40:43 - clientPlatform processing for: Kowismo
2025-07-24 13:40:43 - Client info: , Platform: Windows, Groups: 6,270,377,422
2025-07-24 13:40:44 - Adding platform group 278 for client Kowismo - SUCCESS
2025-07-24 13:41:14 - clientPlatform processing for: I ❤ US Rap Only
2025-07-24 13:41:14 - Client info: , Platform: Linux, Groups: 283
2025-07-24 13:41:14 - Adding platform group 279 for client I ❤ US Rap Only - SUCCESS
2025-07-24 14:13:58 - clientPlatform processing for: TeamSpeakUser
2025-07-24 14:13:58 - Client info: , Platform: Windows, Groups: 266,377
2025-07-24 14:13:58 - Adding platform group 278 for client TeamSpeakUser - SUCCESS
2025-07-24 14:17:32 - clientPlatform processing for: TeamSpeakUser1
2025-07-24 14:17:32 - Client info: , Platform: Windows, Groups: 12,377
2025-07-24 14:17:32 - Adding platform group 278 for client TeamSpeakUser1 - SUCCESS
2025-07-24 14:17:39 - clientPlatform processing for: saulov
2025-07-24 14:17:39 - Client info: , Platform: Windows, Groups: 266,377
2025-07-24 14:17:39 - Adding platform group 278 for client saulov - SUCCESS
2025-07-24 14:18:02 - clientPlatform processing for: vata
2025-07-24 14:18:02 - Client info: , Platform: Windows, Groups: 17,377
2025-07-24 14:18:02 - Adding platform group 278 for client vata - SUCCESS
2025-07-24 14:18:15 - clientPlatform processing for: TeamSpeakUser1
2025-07-24 14:18:15 - Client info: , Platform: Windows, Groups: 12,377
2025-07-24 14:18:15 - Adding platform group 278 for client TeamSpeakUser1 - SUCCESS
2025-07-24 14:26:59 - clientPlatform processing for: TeamSpeakUser1
2025-07-24 14:26:59 - Client info: , Platform: Windows, Groups: 12,377
2025-07-24 14:26:59 - Adding platform group 278 for client TeamSpeakUser1 - SUCCESS
2025-07-24 14:29:04 - clientPlatform processing for: TeamSpeakUser1
2025-07-24 14:29:04 - Client info: , Platform: Windows, Groups: 12,377
2025-07-24 14:29:04 - Adding platform group 278 for client TeamSpeakUser1 - SUCCESS
2025-07-24 14:31:44 - clientPlatform processing for: AMINOV
2025-07-24 14:31:44 - Client info: , Platform: Windows, Groups: 266,377
2025-07-24 14:31:44 - Adding platform group 278 for client AMINOV - SUCCESS
2025-07-24 14:37:40 - clientPlatform processing for: TeamSpeakUser1
2025-07-24 14:37:40 - Client info: , Platform: Windows, Groups: 12,377
2025-07-24 14:37:40 - Adding platform group 278 for client TeamSpeakUser1 - SUCCESS
2025-07-24 14:40:07 - clientPlatform processing for: Sebitzuu
2025-07-24 14:40:07 - Client info: , Platform: Windows, Groups: 12,377
2025-07-24 14:40:07 - Adding platform group 278 for client Sebitzuu - SUCCESS
2025-07-24 14:40:23 - clientPlatform processing for: kushi
2025-07-24 14:40:23 - Client info: , Platform: Windows, Groups: 264,377
2025-07-24 14:40:23 - Adding platform group 278 for client kushi - SUCCESS
2025-07-24 14:40:50 - clientPlatform processing for: Sebitzuu
2025-07-24 14:40:50 - Client info: , Platform: Windows, Groups: 12,377
2025-07-24 14:40:50 - Adding platform group 278 for client Sebitzuu - SUCCESS
2025-07-24 14:43:13 - clientPlatform processing for: Claudiu20047
2025-07-24 14:43:13 - Client info: , Platform: Windows, Groups: 11,377
2025-07-24 14:43:13 - Adding platform group 278 for client Claudiu20047 - SUCCESS
2025-07-24 14:43:38 - clientPlatform processing for: ph0x
2025-07-24 14:43:38 - Client info: , Platform: Windows, Groups: 17,377
2025-07-24 14:43:38 - Adding platform group 278 for client ph0x - SUCCESS
2025-07-24 14:46:43 - clientPlatform processing for: andy76633
2025-07-24 14:46:43 - Client info: , Platform: Windows, Groups: 11,369
2025-07-24 14:46:43 - Adding platform group 278 for client andy76633 - SUCCESS
2025-07-24 14:46:44 - clientPlatform processing for: cuffe
2025-07-24 14:46:44 - Client info: , Platform: Windows, Groups: 11,377
2025-07-24 14:46:44 - Adding platform group 278 for client cuffe - SUCCESS
2025-07-24 14:46:44 - clientPlatform processing for: cuffe
2025-07-24 14:46:44 - Client info: , Platform: Windows, Groups: 11,377
2025-07-24 14:46:44 - Group already assigned (detected from error), skipping
2025-07-24 14:46:44 - Adding platform group 278 for client cuffe - SUCCESS
2025-07-24 14:46:44 - clientPlatform processing for: cuffe
2025-07-24 14:46:44 - Client info: , Platform: Windows, Groups: 11,377
2025-07-24 14:46:44 - Group already assigned (detected from error), skipping
2025-07-24 14:46:44 - Adding platform group 278 for client cuffe - SUCCESS
2025-07-24 14:47:28 - clientPlatform processing for: MATAN
2025-07-24 14:47:28 - Client info: , Platform: Windows, Groups: 266,377
2025-07-24 14:47:28 - Adding platform group 278 for client MATAN - SUCCESS
2025-07-24 14:48:37 - clientPlatform processing for: TeamSpeakUser2
2025-07-24 14:48:37 - Client info: , Platform: Windows, Groups: 13,377
2025-07-24 14:48:37 - Adding platform group 278 for client TeamSpeakUser2 - SUCCESS
2025-07-24 14:48:46 - clientPlatform processing for: TeamSpeakUser3
2025-07-24 14:48:46 - Client info: , Platform: Windows, Groups: 266,377
2025-07-24 14:48:46 - Adding platform group 278 for client TeamSpeakUser3 - SUCCESS
2025-07-24 14:49:37 - clientPlatform processing for: redan_22
2025-07-24 14:49:37 - Client info: , Platform: Windows, Groups: 12,377
2025-07-24 14:49:37 - Adding platform group 278 for client redan_22 - SUCCESS
2025-07-24 14:56:58 - clientPlatform processing for: Cyborg
2025-07-24 14:56:58 - Client info: , Platform: Windows, Groups: 13,377
2025-07-24 14:56:58 - Adding platform group 278 for client Cyborg - SUCCESS
2025-07-24 15:01:37 - clientPlatform processing for: TeamSpeakUser4
2025-07-24 15:01:37 - Client info: , Platform: Windows, Groups: 17,377
2025-07-24 15:01:37 - Adding platform group 278 for client TeamSpeakUser4 - SUCCESS
2025-07-24 15:01:49 - clientPlatform processing for: TeamSpeakUser4
2025-07-24 15:01:49 - Client info: , Platform: Windows, Groups: 17,377
2025-07-24 15:01:49 - Adding platform group 278 for client TeamSpeakUser4 - SUCCESS
2025-07-24 15:02:44 - clientPlatform processing for: TeamSpeakUser5
2025-07-24 15:02:44 - Client info: , Platform: Windows, Groups: 17,377
2025-07-24 15:02:44 - Adding platform group 278 for client TeamSpeakUser5 - SUCCESS
2025-07-24 15:11:31 - clientPlatform processing for: dadShelby - Hakan
2025-07-24 15:11:31 - Client info: , Platform: Windows, Groups: 8,369
2025-07-24 15:11:31 - Adding platform group 278 for client dadShelby - Hakan - SUCCESS
2025-07-24 15:13:56 - clientPlatform processing for: __illlia__
2025-07-24 15:13:56 - Client info: , Platform: iOS, Groups: 266,377
2025-07-24 15:13:56 - Adding platform group 281 for client __illlia__ - SUCCESS
2025-07-24 15:19:06 - clientPlatform processing for: LisssTzz
2025-07-24 15:19:06 - Client info: , Platform: Windows, Groups: 266,377
2025-07-24 15:19:06 - Adding platform group 278 for client LisssTzz - SUCCESS
2025-07-24 15:19:52 - clientPlatform processing for: Gosh
2025-07-24 15:19:52 - Client info: , Platform: Windows, Groups: 263,377
2025-07-24 15:19:52 - Adding platform group 278 for client Gosh - SUCCESS
2025-07-24 15:20:52 - clientPlatform processing for: krsto
2025-07-24 15:20:52 - Client info: , Platform: Windows, Groups: 14,377
2025-07-24 15:20:52 - Adding platform group 278 for client krsto - SUCCESS
2025-07-24 15:21:53 - clientPlatform processing for: krsto
2025-07-24 15:21:53 - Client info: , Platform: Windows, Groups: 14,377
2025-07-24 15:21:53 - Adding platform group 278 for client krsto - SUCCESS
2025-07-24 15:23:41 - clientPlatform processing for: saltuha991
2025-07-24 15:23:41 - Client info: , Platform: Windows, Groups: 11,377
2025-07-24 15:23:41 - Adding platform group 278 for client saltuha991 - SUCCESS
2025-07-24 15:26:19 - clientPlatform processing for: Majkel Jekson
2025-07-24 15:26:19 - Client info: , Platform: Windows, Groups: 13,377
2025-07-24 15:26:19 - Adding platform group 278 for client Majkel Jekson - SUCCESS
2025-07-24 15:26:19 - clientPlatform processing for: Majkel Jekson
2025-07-24 15:26:19 - Client info: , Platform: Windows, Groups: 13,377
2025-07-24 15:26:19 - Group already assigned (detected from error), skipping
2025-07-24 15:26:19 - Adding platform group 278 for client Majkel Jekson - SUCCESS
2025-07-24 15:26:19 - clientPlatform processing for: Majkel Jekson
2025-07-24 15:26:19 - Client info: , Platform: Windows, Groups: 13,377
2025-07-24 15:26:19 - Group already assigned (detected from error), skipping
2025-07-24 15:26:19 - Adding platform group 278 for client Majkel Jekson - SUCCESS
2025-07-24 15:29:55 - clientPlatform processing for: nam
2025-07-24 15:29:55 - Client info: , Platform: Windows, Groups: 266,377
2025-07-24 15:29:55 - Adding platform group 278 for client nam - SUCCESS
2025-07-24 15:29:59 - clientPlatform processing for: Hisoka
2025-07-24 15:29:59 - Client info: , Platform: Windows, Groups: 15,377
2025-07-24 15:29:59 - Adding platform group 278 for client Hisoka - SUCCESS
2025-07-24 15:30:56 - clientPlatform processing for: Fornax013
2025-07-24 15:30:56 - Client info: , Platform: Windows, Groups: 266,377
2025-07-24 15:30:56 - Adding platform group 278 for client Fornax013 - SUCCESS
2025-07-24 15:31:27 - clientPlatform processing for: Leijonuss
2025-07-24 15:31:27 - Client info: , Platform: Windows, Groups: 12,377
2025-07-24 15:31:27 - Adding platform group 278 for client Leijonuss - SUCCESS
2025-07-24 15:31:48 - clientPlatform processing for: may1kid
2025-07-24 15:31:48 - Client info: , Platform: Windows, Groups: 12,377
2025-07-24 15:31:48 - Adding platform group 278 for client may1kid - SUCCESS
2025-07-24 15:32:08 - clientPlatform processing for: matv495
2025-07-24 15:32:08 - Client info: , Platform: Windows, Groups: 9,369
2025-07-24 15:32:08 - Adding platform group 278 for client matv495 - SUCCESS
2025-07-24 15:32:15 - clientPlatform processing for: burak145349
2025-07-24 15:32:15 - Client info: , Platform: Windows, Groups: 12,377
2025-07-24 15:32:15 - Adding platform group 278 for client burak145349 - SUCCESS
2025-07-24 15:32:56 - clientPlatform processing for: nam
2025-07-24 15:32:56 - Client info: , Platform: Windows, Groups: 266,377
2025-07-24 15:32:56 - Adding platform group 278 for client nam - SUCCESS
2025-07-24 15:33:34 - clientPlatform processing for: burak145349
2025-07-24 15:33:34 - Client info: , Platform: Windows, Groups: 12,377
2025-07-24 15:33:34 - Adding platform group 278 for client burak145349 - SUCCESS
2025-07-24 15:35:17 - clientPlatform processing for: freakshow322
2025-07-24 15:35:17 - Client info: , Platform: Windows, Groups: 11,369
2025-07-24 15:35:17 - Adding platform group 278 for client freakshow322 - SUCCESS
2025-07-24 15:35:54 - clientPlatform processing for: Fornax013
2025-07-24 15:35:54 - Client info: , Platform: Windows, Groups: 266,377
2025-07-24 15:35:54 - Adding platform group 278 for client Fornax013 - SUCCESS
2025-07-24 15:36:07 - clientPlatform processing for: SysmoUsercid=140
2025-07-24 15:36:07 - Client info: , Platform: Windows, Groups: 15,377
2025-07-24 15:36:07 - Adding platform group 278 for client SysmoUsercid=140 - SUCCESS
2025-07-24 15:36:56 - clientPlatform processing for: SysmoUsercid=140
2025-07-24 15:36:56 - Client info: , Platform: Windows, Groups: 15,377
2025-07-24 15:36:56 - Adding platform group 278 for client SysmoUsercid=140 - SUCCESS
2025-07-24 15:38:25 - clientPlatform processing for: Omar
2025-07-24 15:38:25 - Client info: , Platform: Windows, Groups: 266,377
2025-07-24 15:38:25 - Adding platform group 278 for client Omar - SUCCESS
2025-07-24 15:42:59 - clientPlatform processing for: Shutn1k
2025-07-24 15:42:59 - Client info: , Platform: Windows, Groups: 266,377
2025-07-24 15:42:59 - Adding platform group 278 for client Shutn1k - SUCCESS
2025-07-24 15:46:46 - clientPlatform processing for: Dazer
2025-07-24 15:46:46 - Client info: , Platform: Windows, Groups: 13,377
2025-07-24 15:46:46 - Adding platform group 278 for client Dazer - SUCCESS
2025-07-24 15:48:32 - clientPlatform processing for: kudo
2025-07-24 15:48:32 - Client info: , Platform: Windows, Groups: 265,377
2025-07-24 15:48:32 - Adding platform group 278 for client kudo - SUCCESS
2025-07-24 16:07:31 - clientPlatform processing for: Hisoka
2025-07-24 16:07:31 - Client info: , Platform: Windows, Groups: 15,377
2025-07-24 16:07:31 - Adding platform group 278 for client Hisoka - SUCCESS
2025-07-24 16:14:19 - clientPlatform processing for: ZRUBAVEL
2025-07-24 16:14:19 - Client info: , Platform: Windows, Groups: 9,369
2025-07-24 16:14:19 - Adding platform group 278 for client ZRUBAVEL - SUCCESS
2025-07-24 16:28:11 - clientPlatform processing for: Fullfunny
2025-07-24 16:28:11 - Client info: , Platform: Windows, Groups: 266,377
2025-07-24 16:28:11 - Adding platform group 278 for client Fullfunny - SUCCESS
2025-07-24 16:30:20 - clientPlatform processing for: makpyn
2025-07-24 16:30:20 - Client info: , Platform: Windows, Groups: 15,377
2025-07-24 16:30:21 - Adding platform group 278 for client makpyn - SUCCESS
2025-07-24 16:30:54 - clientPlatform processing for: добрий вечір
2025-07-24 16:30:54 - Client info: , Platform: Windows, Groups: 266,377
2025-07-24 16:30:54 - Adding platform group 278 for client добрий вечір - SUCCESS
2025-07-24 16:34:58 - clientPlatform processing for: zui
2025-07-24 16:34:58 - Client info: , Platform: Windows, Groups: 17,377
2025-07-24 16:34:58 - Adding platform group 278 for client zui - SUCCESS
2025-07-24 16:35:20 - clientPlatform processing for: nima
2025-07-24 16:35:20 - Client info: , Platform: Windows, Groups: 13,377
2025-07-24 16:35:20 - Adding platform group 278 for client nima - SUCCESS
2025-07-24 16:38:01 - clientPlatform processing for: ван гогг
2025-07-24 16:38:01 - Client info: , Platform: Windows, Groups: 266,377
2025-07-24 16:38:01 - Adding platform group 278 for client ван гогг - SUCCESS
2025-07-24 16:42:28 - clientPlatform processing for: Shawaj
2025-07-24 16:42:28 - Client info: , Platform: Windows, Groups: 263,377
2025-07-24 16:42:28 - Adding platform group 278 for client Shawaj - SUCCESS
2025-07-24 16:45:20 - clientPlatform processing for: Mr..Fury
2025-07-24 16:45:20 - Client info: , Platform: Windows, Groups: 18,377
2025-07-24 16:45:20 - Adding platform group 278 for client Mr..Fury - SUCCESS
2025-07-24 16:51:43 - clientPlatform processing for: don
2025-07-24 16:51:43 - Client info: , Platform: Windows, Groups: 266,377
2025-07-24 16:51:43 - Adding platform group 278 for client don - SUCCESS
2025-07-24 16:56:15 - clientPlatform processing for: saulov
2025-07-24 16:56:15 - Client info: , Platform: Windows, Groups: 266,377
2025-07-24 16:56:15 - Adding platform group 278 for client saulov - SUCCESS
2025-07-24 16:58:30 - clientPlatform processing for: grr
2025-07-24 16:58:30 - Client info: , Platform: Windows, Groups: 12,377
2025-07-24 16:58:30 - Adding platform group 278 for client grr - SUCCESS
2025-07-24 16:58:49 - clientPlatform processing for: vata
2025-07-24 16:58:49 - Client info: , Platform: Windows, Groups: 17,377
2025-07-24 16:58:49 - Adding platform group 278 for client vata - SUCCESS
2025-07-24 16:59:12 - clientPlatform processing for: TeamSpeakUser
2025-07-24 16:59:12 - Client info: , Platform: Windows, Groups: 266,377
2025-07-24 16:59:12 - Adding platform group 278 for client TeamSpeakUser - SUCCESS
2025-07-24 17:07:16 - clientPlatform processing for: pzdcvsenikizanyati
2025-07-24 17:07:16 - Client info: , Platform: Windows, Groups: 19,377
2025-07-24 17:07:16 - Adding platform group 278 for client pzdcvsenikizanyati - SUCCESS
2025-07-24 17:10:58 - clientPlatform processing for: mamal
2025-07-24 17:10:58 - Client info: , Platform: Windows, Groups: 7
2025-07-24 17:10:58 - Adding platform group 278 for client mamal - SUCCESS
2025-07-24 17:13:15 - clientPlatform processing for: Hossein hs
2025-07-24 17:13:15 - Client info: , Platform: Windows, Groups: 7
2025-07-24 17:13:15 - Adding platform group 278 for client Hossein hs - SUCCESS
2025-07-24 17:14:48 - clientPlatform processing for: zui
2025-07-24 17:14:48 - Client info: , Platform: Windows, Groups: 17,377
2025-07-24 17:14:48 - Adding platform group 278 for client zui - SUCCESS
2025-07-24 17:15:36 - clientPlatform processing for: zui
2025-07-24 17:15:36 - Client info: , Platform: Windows, Groups: 17,377
2025-07-24 17:15:36 - Adding platform group 278 for client zui - SUCCESS
2025-07-24 17:16:12 - clientPlatform processing for: nam
2025-07-24 17:16:12 - Client info: , Platform: Windows, Groups: 266,377
2025-07-24 17:16:12 - Adding platform group 278 for client nam - SUCCESS
2025-07-24 17:17:34 - clientPlatform processing for: panda
2025-07-24 17:17:34 - Client info: , Platform: Windows, Groups: 7
2025-07-24 17:17:34 - Adding platform group 278 for client panda - SUCCESS
2025-07-24 17:18:35 - clientPlatform processing for: Kowismo
2025-07-24 17:18:35 - Client info: , Platform: Windows, Groups: 6,270,377,422
2025-07-24 17:18:35 - Adding platform group 278 for client Kowismo - SUCCESS
2025-07-24 17:20:58 - clientPlatform processing for: SysmoUsercid=140
2025-07-24 17:20:58 - Client info: , Platform: Windows, Groups: 13,377
2025-07-24 17:20:58 - Adding platform group 278 for client SysmoUsercid=140 - SUCCESS
2025-07-24 17:21:55 - clientPlatform processing for: arhi23
2025-07-24 17:21:55 - Client info: , Platform: Windows, Groups: 13,377
2025-07-24 17:21:55 - Adding platform group 278 for client arhi23 - SUCCESS
2025-07-24 17:23:51 - clientPlatform processing for: panda
2025-07-24 17:23:51 - Client info: , Platform: Windows, Groups: 8,369
2025-07-24 17:23:51 - Adding platform group 278 for client panda - SUCCESS
2025-07-24 17:29:48 - clientPlatform processing for: TeamSpeakUser
2025-07-24 17:29:48 - Client info: , Platform: Windows, Groups: 14,377
2025-07-24 17:29:48 - Adding platform group 278 for client TeamSpeakUser - SUCCESS
2025-07-24 17:29:53 - clientPlatform processing for: PIADORAZZZ
2025-07-24 17:29:53 - Client info: , Platform: Windows, Groups: 13,377
2025-07-24 17:29:53 - Adding platform group 278 for client PIADORAZZZ - SUCCESS
2025-07-24 17:29:58 - clientPlatform processing for: umutt
2025-07-24 17:29:58 - Client info: , Platform: Windows, Groups: 10,369
2025-07-24 17:29:58 - Adding platform group 278 for client umutt - SUCCESS
2025-07-24 17:29:59 - clientPlatform processing for: 9ceTry
2025-07-24 17:29:59 - Client info: , Platform: Windows, Groups: 7
2025-07-24 17:29:59 - Adding platform group 278 for client 9ceTry - SUCCESS
2025-07-24 17:30:31 - clientPlatform processing for: PIADORAZZZ
2025-07-24 17:30:31 - Client info: , Platform: Windows, Groups: 13,377
2025-07-24 17:30:31 - Adding platform group 278 for client PIADORAZZZ - SUCCESS
2025-07-24 17:39:18 - clientPlatform processing for: panda
2025-07-24 17:39:18 - Client info: , Platform: Windows, Groups: 8,369
2025-07-24 17:39:18 - Adding platform group 278 for client panda - SUCCESS
2025-07-24 17:39:53 - clientPlatform processing for: Dazer
2025-07-24 17:39:53 - Client info: , Platform: Windows, Groups: 13,377
2025-07-24 17:39:53 - Adding platform group 278 for client Dazer - SUCCESS
2025-07-24 17:41:08 - clientPlatform processing for: hamza
2025-07-24 17:41:08 - Client info: , Platform: Windows, Groups: 266,377
2025-07-24 17:41:08 - Adding platform group 278 for client hamza - SUCCESS
2025-07-24 17:43:04 - clientPlatform processing for: panda
2025-07-24 17:43:04 - Client info: , Platform: Windows, Groups: 8,369
2025-07-24 17:43:04 - Adding platform group 278 for client panda - SUCCESS
2025-07-24 17:43:44 - clientPlatform processing for: Rix
2025-07-24 17:43:44 - Client info: , Platform: Windows, Groups: 265,377
2025-07-24 17:43:44 - Adding platform group 278 for client Rix - SUCCESS
2025-07-24 17:51:23 - clientPlatform processing for: MMamba
2025-07-24 17:51:23 - Client info: , Platform: Windows, Groups: 12,377
2025-07-24 17:51:23 - Adding platform group 278 for client MMamba - SUCCESS
2025-07-24 17:51:55 - clientPlatform processing for: shelby
2025-07-24 17:51:55 - Client info: , Platform: Windows, Groups: 10,369
2025-07-24 17:51:55 - Adding platform group 278 for client shelby - SUCCESS
2025-07-24 17:52:48 - clientPlatform processing for: Druid Сrow 🦅
2025-07-24 17:52:48 - Client info: , Platform: Windows, Groups: 19,377
2025-07-24 17:52:48 - Adding platform group 278 for client Druid Сrow 🦅 - SUCCESS
2025-07-24 17:54:07 - clientPlatform processing for: Fullfunny
2025-07-24 17:54:07 - Client info: , Platform: Windows, Groups: 266,377
2025-07-24 17:54:07 - Adding platform group 278 for client Fullfunny - SUCCESS
2025-07-24 17:54:18 - clientPlatform processing for: cuffe
2025-07-24 17:54:18 - Client info: , Platform: Windows, Groups: 12,377
2025-07-24 17:54:18 - Adding platform group 278 for client cuffe - SUCCESS
2025-07-24 17:54:37 - clientPlatform processing for: redan_22
2025-07-24 17:54:37 - Client info: , Platform: Windows, Groups: 12,377
2025-07-24 17:54:37 - Adding platform group 278 for client redan_22 - SUCCESS
2025-07-24 17:54:41 - clientPlatform processing for: gholab
2025-07-24 17:54:41 - Client info: , Platform: Windows, Groups: 265,377
2025-07-24 17:54:41 - Adding platform group 278 for client gholab - SUCCESS
2025-07-24 17:54:41 - clientPlatform processing for: gholab
2025-07-24 17:54:41 - Client info: , Platform: Windows, Groups: 265,377
2025-07-24 17:54:41 - Group already assigned (detected from error), skipping
2025-07-24 17:54:41 - Adding platform group 278 for client gholab - SUCCESS
2025-07-24 17:54:41 - clientPlatform processing for: gholab
2025-07-24 17:54:41 - Client info: , Platform: Windows, Groups: 265,377
2025-07-24 17:54:41 - Group already assigned (detected from error), skipping
2025-07-24 17:54:41 - Adding platform group 278 for client gholab - SUCCESS
2025-07-24 17:59:01 - clientPlatform processing for: maksik
2025-07-24 17:59:01 - Client info: , Platform: Windows, Groups: 15,377
2025-07-24 17:59:01 - Adding platform group 278 for client maksik - SUCCESS
2025-07-24 17:59:45 - clientPlatform processing for: TeamSpeakUser
2025-07-24 17:59:45 - Client info: , Platform: Windows, Groups: 17,377
2025-07-24 17:59:45 - Adding platform group 278 for client TeamSpeakUser - SUCCESS
2025-07-24 18:01:47 - clientPlatform processing for: Jaws
2025-07-24 18:01:47 - Client info: , Platform: Windows, Groups: 7
2025-07-24 18:01:47 - Adding platform group 278 for client Jaws - SUCCESS
2025-07-24 18:04:54 - clientPlatform processing for: TeamSpeakUser1
2025-07-24 18:04:54 - Client info: , Platform: Windows, Groups: 14,377
2025-07-24 18:04:54 - Adding platform group 278 for client TeamSpeakUser1 - SUCCESS
2025-07-24 18:05:58 - clientPlatform processing for: BlvckMafia
2025-07-24 18:05:58 - Client info: , Platform: Windows, Groups: 263,377
2025-07-24 18:05:58 - Adding platform group 278 for client BlvckMafia - SUCCESS
2025-07-24 18:07:47 - clientPlatform processing for: Боцман777
2025-07-24 18:07:47 - Client info: , Platform: Windows, Groups: 19,377
2025-07-24 18:07:47 - Adding platform group 278 for client Боцман777 - SUCCESS
2025-07-24 18:09:11 - clientPlatform processing for: TeamSpeakUser3
2025-07-24 18:09:11 - Client info: , Platform: Windows, Groups: 15,377
2025-07-24 18:09:11 - Adding platform group 278 for client TeamSpeakUser3 - SUCCESS
2025-07-24 18:09:42 - clientPlatform processing for: JackoTama387
2025-07-24 18:09:42 - Client info: , Platform: Windows, Groups: 11,377
2025-07-24 18:09:42 - Adding platform group 278 for client JackoTama387 - SUCCESS
2025-07-24 18:11:15 - clientPlatform processing for: леха
2025-07-24 18:11:15 - Client info: , Platform: Windows, Groups: 18,377
2025-07-24 18:11:15 - Adding platform group 278 for client леха - SUCCESS
2025-07-24 18:11:58 - clientPlatform processing for: SYRUSSS
2025-07-24 18:11:58 - Client info: , Platform: Windows, Groups: 263,377
2025-07-24 18:11:58 - Adding platform group 278 for client SYRUSSS - SUCCESS
2025-07-24 18:12:32 - clientPlatform processing for: Fefino11
2025-07-24 18:12:32 - Client info: , Platform: Windows, Groups: 264,377
2025-07-24 18:12:32 - Adding platform group 278 for client Fefino11 - SUCCESS
2025-07-24 18:13:50 - clientPlatform processing for: Etienne
2025-07-24 18:13:50 - Client info: , Platform: Windows, Groups: 264,377
2025-07-24 18:13:50 - Adding platform group 278 for client Etienne - SUCCESS
2025-07-24 18:14:30 - clientPlatform processing for: mamad
2025-07-24 18:14:30 - Client info: , Platform: Windows, Groups: 7
2025-07-24 18:14:30 - Adding platform group 278 for client mamad - SUCCESS
2025-07-24 18:14:38 - clientPlatform processing for: Etienne
2025-07-24 18:14:38 - Client info: , Platform: Windows, Groups: 264,377
2025-07-24 18:14:38 - Adding platform group 278 for client Etienne - SUCCESS
2025-07-24 18:15:27 - clientPlatform processing for: mamad
2025-07-24 18:15:27 - Client info: , Platform: Windows, Groups: 8,369
2025-07-24 18:15:28 - Adding platform group 278 for client mamad - SUCCESS
2025-07-24 18:17:13 - clientPlatform processing for: Etienne
2025-07-24 18:17:13 - Client info: , Platform: Windows, Groups: 264,377
2025-07-24 18:17:13 - Adding platform group 278 for client Etienne - SUCCESS
2025-07-24 18:20:03 - clientPlatform processing for: Angry
2025-07-24 18:20:03 - Client info: , Platform: Windows, Groups: 263,377
2025-07-24 18:20:03 - Adding platform group 278 for client Angry - SUCCESS
2025-07-24 18:20:14 - clientPlatform processing for: MenoRecords
2025-07-24 18:20:14 - Client info: , Platform: Windows, Groups: 264,377
2025-07-24 18:20:14 - Adding platform group 278 for client MenoRecords - SUCCESS
2025-07-24 18:21:25 - clientPlatform processing for: dimkos496
2025-07-24 18:21:25 - Client info: , Platform: Windows, Groups: 8,369
2025-07-24 18:21:25 - Adding platform group 278 for client dimkos496 - SUCCESS
2025-07-24 18:26:50 - clientPlatform processing for: Чех
2025-07-24 18:26:50 - Client info: , Platform: Windows, Groups: 17,377
2025-07-24 18:26:50 - Adding platform group 278 for client Чех - SUCCESS
2025-07-24 18:30:31 - clientPlatform processing for: yigit
2025-07-24 18:30:31 - Client info: , Platform: Windows, Groups: 9,369
2025-07-24 18:30:31 - Adding platform group 278 for client yigit - SUCCESS
2025-07-24 18:30:31 - clientPlatform processing for: yigit
2025-07-24 18:30:31 - Client info: , Platform: Windows, Groups: 9,369
2025-07-24 18:30:31 - Group already assigned (detected from error), skipping
2025-07-24 18:30:31 - Adding platform group 278 for client yigit - SUCCESS
2025-07-24 18:30:31 - clientPlatform processing for: yigit
2025-07-24 18:30:31 - Client info: , Platform: Windows, Groups: 9,369
2025-07-24 18:30:31 - Group already assigned (detected from error), skipping
2025-07-24 18:30:31 - Adding platform group 278 for client yigit - SUCCESS
2025-07-24 18:30:32 - clientPlatform processing for: yigit
2025-07-24 18:30:32 - Client info: , Platform: Windows, Groups: 9,369
2025-07-24 18:30:32 - Group already assigned (detected from error), skipping
2025-07-24 18:30:32 - Adding platform group 278 for client yigit - SUCCESS
2025-07-24 18:30:32 - clientPlatform processing for: yigit
2025-07-24 18:30:32 - Client info: , Platform: Windows, Groups: 9,369
2025-07-24 18:30:32 - Group already assigned (detected from error), skipping
2025-07-24 18:30:32 - Adding platform group 278 for client yigit - SUCCESS
2025-07-24 18:31:24 - clientPlatform processing for: tlishev
2025-07-24 18:31:24 - Client info: , Platform: Windows, Groups: 14,377
2025-07-24 18:31:24 - Adding platform group 278 for client tlishev - SUCCESS
2025-07-24 18:31:45 - clientPlatform processing for: Angry
2025-07-24 18:31:45 - Client info: , Platform: Windows, Groups: 263,377
2025-07-24 18:31:45 - Adding platform group 278 for client Angry - SUCCESS
2025-07-24 18:36:56 - clientPlatform processing for: vata
2025-07-24 18:36:56 - Client info: , Platform: Windows, Groups: 263,377
2025-07-24 18:36:56 - Adding platform group 278 for client vata - SUCCESS
2025-07-24 18:37:19 - clientPlatform processing for: Shawaj
2025-07-24 18:37:19 - Client info: , Platform: Windows, Groups: 263,377
2025-07-24 18:37:19 - Adding platform group 278 for client Shawaj - SUCCESS
2025-07-24 18:39:20 - clientPlatform processing for: Shawaj
2025-07-24 18:39:20 - Client info: , Platform: Windows, Groups: 263,377
2025-07-24 18:39:20 - Adding platform group 278 for client Shawaj - SUCCESS
2025-07-24 18:39:24 - clientPlatform processing for: -rbf_js-
2025-07-24 18:39:24 - Client info: , Platform: Windows, Groups: 11,369
2025-07-24 18:39:24 - Adding platform group 278 for client -rbf_js- - SUCCESS
2025-07-24 18:44:39 - clientPlatform processing for: mevlutozkara
2025-07-24 18:44:39 - Client info: , Platform: Windows, Groups: 265,377
2025-07-24 18:44:39 - Adding platform group 278 for client mevlutozkara - SUCCESS
2025-07-24 18:48:42 - clientPlatform processing for: mevlutozkara
2025-07-24 18:48:42 - Client info: , Platform: Windows, Groups: 265,377
2025-07-24 18:48:42 - Adding platform group 278 for client mevlutozkara - SUCCESS
2025-07-24 18:49:54 - clientPlatform processing for: hudabin
2025-07-24 18:49:54 - Client info: , Platform: Windows, Groups: 263,377
2025-07-24 18:49:54 - Adding platform group 278 for client hudabin - SUCCESS
2025-07-24 18:50:33 - clientPlatform processing for: Efkeyy
2025-07-24 18:50:33 - Client info: , Platform: Windows, Groups: 17,377
2025-07-24 18:50:33 - Adding platform group 278 for client Efkeyy - SUCCESS
2025-07-24 18:52:47 - clientPlatform processing for: goran
2025-07-24 18:52:47 - Client info: , Platform: Windows, Groups: 265,377
2025-07-24 18:52:47 - Adding platform group 278 for client goran - SUCCESS
2025-07-24 19:05:04 - clientPlatform processing for: TeamSpeakUser
2025-07-24 19:05:04 - Client info: , Platform: Windows, Groups: 13,377
2025-07-24 19:05:04 - Adding platform group 278 for client TeamSpeakUser - SUCCESS
2025-07-24 19:14:32 - clientPlatform processing for: JOVA
2025-07-24 19:14:32 - Client info: , Platform: Windows, Groups: 7
2025-07-24 19:14:32 - Adding platform group 278 for client JOVA - SUCCESS
2025-07-24 19:17:45 - clientPlatform processing for: Gosh
2025-07-24 19:17:45 - Client info: , Platform: Windows, Groups: 263,377
2025-07-24 19:17:45 - Adding platform group 278 for client Gosh - SUCCESS
2025-07-24 19:19:29 - clientPlatform processing for: pez0
2025-07-24 19:19:29 - Client info: , Platform: Windows, Groups: 14,377
2025-07-24 19:19:29 - Adding platform group 278 for client pez0 - SUCCESS
2025-07-24 19:21:34 - clientPlatform processing for: GENERAL MOTORS
2025-07-24 19:21:34 - Client info: , Platform: Windows, Groups: 266,377
2025-07-24 19:21:34 - Adding platform group 278 for client GENERAL MOTORS - SUCCESS
2025-07-24 19:21:47 - clientPlatform processing for: AlexQc
2025-07-24 19:21:47 - Client info: , Platform: Windows, Groups: 266,377
2025-07-24 19:21:47 - Adding platform group 278 for client AlexQc - SUCCESS
2025-07-24 19:22:08 - clientPlatform processing for: mhmtsnc
2025-07-24 19:22:08 - Client info: , Platform: Windows, Groups: 10,369
2025-07-24 19:22:08 - Adding platform group 278 for client mhmtsnc - SUCCESS
2025-07-24 19:24:15 - clientPlatform processing for: AlexQc
2025-07-24 19:24:15 - Client info: , Platform: Windows, Groups: 266,377
2025-07-24 19:24:15 - Adding platform group 278 for client AlexQc - SUCCESS
2025-07-24 19:25:07 - clientPlatform processing for: JOVA
2025-07-24 19:25:07 - Client info: , Platform: Windows, Groups: 8,369
2025-07-24 19:25:07 - Adding platform group 278 for client JOVA - SUCCESS
2025-07-24 19:25:25 - clientPlatform processing for: Ander
2025-07-24 19:25:25 - Client info: , Platform: Windows, Groups: 15,377
2025-07-24 19:25:25 - Adding platform group 278 for client Ander - SUCCESS
2025-07-24 19:25:34 - clientPlatform processing for: Juzni Vetar
2025-07-24 19:25:34 - Client info: , Platform: Windows, Groups: 7
2025-07-24 19:25:34 - Adding platform group 278 for client Juzni Vetar - SUCCESS
2025-07-24 19:25:44 - clientPlatform processing for: Грицик
2025-07-24 19:25:44 - Client info: , Platform: Windows, Groups: 15,377
2025-07-24 19:25:44 - Adding platform group 278 for client Грицик - SUCCESS
2025-07-24 19:27:12 - clientPlatform processing for: SYRUSSS
2025-07-24 19:27:12 - Client info: , Platform: Windows, Groups: 263,377
2025-07-24 19:27:12 - Adding platform group 278 for client SYRUSSS - SUCCESS
2025-07-24 19:27:52 - clientPlatform processing for: vertig0
2025-07-24 19:27:52 - Client info: , Platform: Windows, Groups: 14,377
2025-07-24 19:27:52 - Adding platform group 278 for client vertig0 - SUCCESS
2025-07-24 19:28:00 - clientPlatform processing for: mhmtsnc
2025-07-24 19:28:00 - Client info: , Platform: Windows, Groups: 10,369
2025-07-24 19:28:00 - Adding platform group 278 for client mhmtsnc - SUCCESS
2025-07-24 19:29:22 - clientPlatform processing for: HanS
2025-07-24 19:29:22 - Client info: , Platform: Windows, Groups: 266,377
2025-07-24 19:29:22 - Adding platform group 278 for client HanS - SUCCESS
2025-07-24 19:29:35 - clientPlatform processing for: AlexQc
2025-07-24 19:29:35 - Client info: , Platform: Windows, Groups: 266,377
2025-07-24 19:29:35 - Adding platform group 278 for client AlexQc - SUCCESS
2025-07-24 19:29:43 - clientPlatform processing for: LaPt
2025-07-24 19:29:43 - Client info: , Platform: Windows, Groups: 266,377
2025-07-24 19:29:43 - Adding platform group 278 for client LaPt - SUCCESS
2025-07-24 19:30:04 - clientPlatform processing for: baysikimdeğil
2025-07-24 19:30:04 - Client info: , Platform: Windows, Groups: 263,377
2025-07-24 19:30:04 - Adding platform group 278 for client baysikimdeğil - SUCCESS
2025-07-24 19:30:16 - clientPlatform processing for: AlexQc
2025-07-24 19:30:16 - Client info: , Platform: Windows, Groups: 266,377
2025-07-24 19:30:16 - Adding platform group 278 for client AlexQc - SUCCESS
2025-07-24 19:31:33 - clientPlatform processing for: TeamSpeakUser
2025-07-24 19:31:33 - Client info: , Platform: Windows, Groups: 14,377
2025-07-24 19:31:33 - Adding platform group 278 for client TeamSpeakUser - SUCCESS
2025-07-24 19:31:40 - clientPlatform processing for: Juzni Vetar
2025-07-24 19:31:40 - Client info: , Platform: Windows, Groups: 8,369
2025-07-24 19:31:40 - Adding platform group 278 for client Juzni Vetar - SUCCESS
2025-07-24 19:32:02 - clientPlatform processing for: mamal
2025-07-24 19:32:02 - Client info: , Platform: Windows, Groups: 9,369
2025-07-24 19:32:02 - Adding platform group 278 for client mamal - SUCCESS
2025-07-24 19:33:05 - clientPlatform processing for: AlexQc
2025-07-24 19:33:05 - Client info: , Platform: Windows, Groups: 266,377
2025-07-24 19:33:05 - Adding platform group 278 for client AlexQc - SUCCESS
2025-07-24 19:34:47 - clientPlatform processing for: BlvckMafia
2025-07-24 19:34:47 - Client info: , Platform: Windows, Groups: 263,377
2025-07-24 19:34:47 - Adding platform group 278 for client BlvckMafia - SUCCESS
2025-07-24 19:38:52 - clientPlatform processing for: Juzni Vetar
2025-07-24 19:38:52 - Client info: , Platform: Windows, Groups: 8,369
2025-07-24 19:38:52 - Adding platform group 278 for client Juzni Vetar - SUCCESS
2025-07-24 19:39:47 - clientPlatform processing for: Juzni Vetar
2025-07-24 19:39:47 - Client info: , Platform: Windows, Groups: 8,369
2025-07-24 19:39:47 - Adding platform group 278 for client Juzni Vetar - SUCCESS
2025-07-24 19:42:47 - clientPlatform processing for: kiri
2025-07-24 19:42:47 - Client info: , Platform: Windows, Groups: 13,377
2025-07-24 19:42:47 - Adding platform group 278 for client kiri - SUCCESS
2025-07-24 19:43:16 - clientPlatform processing for: TeamSpeakUser1
2025-07-24 19:43:16 - Client info: , Platform: Windows, Groups: 266,377
2025-07-24 19:43:16 - Adding platform group 278 for client TeamSpeakUser1 - SUCCESS
2025-07-24 19:45:00 - clientPlatform processing for: TeamSpeakUser2
2025-07-24 19:45:00 - Client info: , Platform: Windows, Groups: 266,377
2025-07-24 19:45:00 - Adding platform group 278 for client TeamSpeakUser2 - SUCCESS
2025-07-24 19:47:17 - clientPlatform processing for: JOVA
2025-07-24 19:47:17 - Client info: , Platform: Windows, Groups: 8,369
2025-07-24 19:47:17 - Adding platform group 278 for client JOVA - SUCCESS
2025-07-24 19:48:30 - clientPlatform processing for: Juzni Vetar
2025-07-24 19:48:30 - Client info: , Platform: Windows, Groups: 8,369
2025-07-24 19:48:30 - Adding platform group 278 for client Juzni Vetar - SUCCESS
2025-07-24 19:52:06 - clientPlatform processing for: Helix
2025-07-24 19:52:06 - Client info: , Platform: Windows, Groups: 7
2025-07-24 19:52:06 - Adding platform group 278 for client Helix - SUCCESS
2025-07-24 19:52:10 - clientPlatform processing for: gholab
2025-07-24 19:52:10 - Client info: , Platform: Windows, Groups: 265,377
2025-07-24 19:52:10 - Adding platform group 278 for client gholab - SUCCESS
2025-07-24 19:53:00 - clientPlatform processing for: Ebu4ka7
2025-07-24 19:53:00 - Client info: , Platform: Windows, Groups: 15,377
2025-07-24 19:53:00 - Adding platform group 278 for client Ebu4ka7 - SUCCESS
2025-07-24 19:53:56 - clientPlatform processing for: JOVA
2025-07-24 19:53:56 - Client info: , Platform: Windows, Groups: 8,369
2025-07-24 19:53:56 - Adding platform group 278 for client JOVA - SUCCESS
2025-07-24 19:54:25 - clientPlatform processing for: Juzni Vetar
2025-07-24 19:54:25 - Client info: , Platform: Windows, Groups: 8,369
2025-07-24 19:54:25 - Adding platform group 278 for client Juzni Vetar - SUCCESS
2025-07-24 20:00:58 - clientPlatform processing for: шароёб
2025-07-24 20:00:58 - Client info: , Platform: Windows, Groups: 263,377
2025-07-24 20:00:58 - Adding platform group 278 for client шароёб - SUCCESS
2025-07-24 20:03:34 - clientPlatform processing for: mishechcaty
2025-07-24 20:03:34 - Client info: , Platform: Windows, Groups: 266,377
2025-07-24 20:03:34 - Adding platform group 278 for client mishechcaty - SUCCESS
2025-07-24 20:04:57 - clientPlatform processing for: saadf
2025-07-24 20:04:57 - Client info: , Platform: Windows, Groups: 11,377
2025-07-24 20:04:57 - Adding platform group 278 for client saadf - SUCCESS
2025-07-24 20:05:42 - clientPlatform processing for: e6lan
2025-07-24 20:05:42 - Client info: , Platform: Windows, Groups: 263,377
2025-07-24 20:05:43 - Adding platform group 278 for client e6lan - SUCCESS
2025-07-24 20:08:47 - clientPlatform processing for: Kemal
2025-07-24 20:08:47 - Client info: , Platform: Windows, Groups: 7
2025-07-24 20:08:47 - Adding platform group 278 for client Kemal - SUCCESS
2025-07-24 20:10:02 - clientPlatform processing for: AMINOV
2025-07-24 20:10:02 - Client info: , Platform: Windows, Groups: 266,377
2025-07-24 20:10:02 - Adding platform group 278 for client AMINOV - SUCCESS
2025-07-24 20:10:03 - clientPlatform processing for: AMINOV
2025-07-24 20:10:03 - Client info: , Platform: Windows, Groups: 266,377
2025-07-24 20:10:03 - Group already assigned (detected from error), skipping
2025-07-24 20:10:03 - Adding platform group 278 for client AMINOV - SUCCESS
2025-07-24 20:10:03 - clientPlatform processing for: AMINOV
2025-07-24 20:10:03 - Client info: , Platform: Windows, Groups: 266,377
2025-07-24 20:10:03 - Group already assigned (detected from error), skipping
2025-07-24 20:10:03 - Adding platform group 278 for client AMINOV - SUCCESS
2025-07-24 20:10:52 - clientPlatform processing for: lilja
2025-07-24 20:10:52 - Client info: , Platform: Windows, Groups: 266,377
2025-07-24 20:10:52 - Adding platform group 278 for client lilja - SUCCESS
2025-07-24 20:10:58 - clientPlatform processing for: Боцман777
2025-07-24 20:10:58 - Client info: , Platform: Windows, Groups: 19,377
2025-07-24 20:10:58 - Adding platform group 278 for client Боцман777 - SUCCESS
2025-07-24 20:11:55 - clientPlatform processing for: Kemal
2025-07-24 20:11:55 - Client info: , Platform: Windows, Groups: 7
2025-07-24 20:11:55 - Adding platform group 278 for client Kemal - SUCCESS
2025-07-24 20:13:08 - clientPlatform processing for: TeamSpeakUser2
2025-07-24 20:13:08 - Client info: , Platform: Windows, Groups: 264,377
2025-07-24 20:13:08 - Adding platform group 278 for client TeamSpeakUser2 - SUCCESS
2025-07-24 20:14:27 - clientPlatform processing for: H0R0Z
2025-07-24 20:14:27 - Client info: , Platform: Windows, Groups: 17,377
2025-07-24 20:14:27 - Adding platform group 278 for client H0R0Z - SUCCESS
2025-07-24 20:15:42 - clientPlatform processing for: sanq
2025-07-24 20:15:42 - Client info: , Platform: Windows, Groups: 266,377
2025-07-24 20:15:42 - Adding platform group 278 for client sanq - SUCCESS
2025-07-24 20:17:57 - clientPlatform processing for: TeamSpeakUser3
2025-07-24 20:17:57 - Client info: , Platform: Windows, Groups: 10,369
2025-07-24 20:17:57 - Adding platform group 278 for client TeamSpeakUser3 - SUCCESS
2025-07-24 20:18:28 - clientPlatform processing for: pisun
2025-07-24 20:18:28 - Client info: , Platform: Windows, Groups: 266,377
2025-07-24 20:18:28 - Adding platform group 278 for client pisun - SUCCESS
2025-07-24 20:18:58 - clientPlatform processing for: TeamSpeakUser4
2025-07-24 20:18:58 - Client info: , Platform: Windows, Groups: 10,369
2025-07-24 20:18:58 - Adding platform group 278 for client TeamSpeakUser4 - SUCCESS
2025-07-24 20:19:37 - clientPlatform processing for: EXOPUL
2025-07-24 20:19:37 - Client info: , Platform: Windows, Groups: 12,377
2025-07-24 20:19:37 - Adding platform group 278 for client EXOPUL - SUCCESS
2025-07-24 20:21:52 - clientPlatform processing for: CİHO
2025-07-24 20:21:52 - Client info: , Platform: Windows, Groups: 266,377
2025-07-24 20:21:52 - Adding platform group 278 for client CİHO - SUCCESS
2025-07-24 20:24:01 - clientPlatform processing for: Juzni vetar
2025-07-24 20:24:01 - Client info: , Platform: Windows, Groups: 7
2025-07-24 20:24:01 - Adding platform group 278 for client Juzni vetar - SUCCESS
2025-07-24 20:26:45 - clientPlatform processing for: lokmannnnnn
2025-07-24 20:26:45 - Client info: , Platform: Windows, Groups: 263,377
2025-07-24 20:26:45 - Adding platform group 278 for client lokmannnnnn - SUCCESS
2025-07-24 20:29:07 - clientPlatform processing for: panda
2025-07-24 20:29:07 - Client info: , Platform: Windows, Groups: 9,369
2025-07-24 20:29:07 - Adding platform group 278 for client panda - SUCCESS
2025-07-24 20:29:18 - clientPlatform processing for: TeamSpeakUser
2025-07-24 20:29:18 - Client info: , Platform: Windows, Groups: 14,377
2025-07-24 20:29:18 - Adding platform group 278 for client TeamSpeakUser - SUCCESS
2025-07-24 20:30:08 - clientPlatform processing for: TeamSpeakUser
2025-07-24 20:30:08 - Client info: , Platform: Windows, Groups: 14,377
2025-07-24 20:30:08 - Adding platform group 278 for client TeamSpeakUser - SUCCESS
2025-07-24 20:30:53 - clientPlatform processing for: mamal
2025-07-24 20:30:53 - Client info: , Platform: Windows, Groups: 10,369
2025-07-24 20:30:53 - Adding platform group 278 for client mamal - SUCCESS
2025-07-24 20:33:29 - clientPlatform processing for: HaronPohoron
2025-07-24 20:33:29 - Client info: , Platform: Windows, Groups: 12,377
2025-07-24 20:33:29 - Adding platform group 278 for client HaronPohoron - SUCCESS
2025-07-24 20:33:59 - clientPlatform processing for: sameqqq
2025-07-24 20:33:59 - Client info: , Platform: Windows, Groups: 266,377
2025-07-24 20:33:59 - Adding platform group 278 for client sameqqq - SUCCESS
2025-07-24 20:37:50 - clientPlatform processing for: TS3AudioBot
2025-07-24 20:37:50 - Client info: , Platform: Windows, Groups: 7
2025-07-24 20:37:50 - Adding platform group 278 for client TS3AudioBot - SUCCESS
2025-07-24 20:38:05 - clientPlatform processing for: DrozD
2025-07-24 20:38:05 - Client info: , Platform: Windows, Groups: 15,377
2025-07-24 20:38:05 - Adding platform group 278 for client DrozD - SUCCESS
2025-07-24 20:38:33 - clientPlatform processing for: TeamSpeakUser5
2025-07-24 20:38:33 - Client info: , Platform: Windows, Groups: 10,369
2025-07-24 20:38:33 - Adding platform group 278 for client TeamSpeakUser5 - SUCCESS
2025-07-24 20:38:48 - clientPlatform processing for: TeamSpeakUser5
2025-07-24 20:38:48 - Client info: , Platform: Windows, Groups: 10,369
2025-07-24 20:38:48 - Adding platform group 278 for client TeamSpeakUser5 - SUCCESS
2025-07-24 20:40:06 - clientPlatform processing for: _MERS_
2025-07-24 20:40:06 - Client info: , Platform: Windows, Groups: 265,377
2025-07-24 20:40:06 - Adding platform group 278 for client _MERS_ - SUCCESS
2025-07-24 20:40:43 - clientPlatform processing for: GSavio
2025-07-24 20:40:43 - Client info: , Platform: Windows, Groups: 266,377
2025-07-24 20:40:43 - Adding platform group 278 for client GSavio - SUCCESS
2025-07-24 20:40:55 - clientPlatform processing for: TS3AudioBot
2025-07-24 20:40:55 - Client info: , Platform: Windows, Groups: 8,369
2025-07-24 20:40:55 - Adding platform group 278 for client TS3AudioBot - SUCCESS
2025-07-24 20:48:26 - clientPlatform processing for: Last
2025-07-24 20:48:26 - Client info: , Platform: Windows, Groups: 266,377
2025-07-24 20:48:26 - Adding platform group 278 for client Last - SUCCESS
2025-07-24 20:50:00 - clientPlatform processing for: KingDriver
2025-07-24 20:50:00 - Client info: , Platform: Windows, Groups: 13,377
2025-07-24 20:50:00 - Adding platform group 278 for client KingDriver - SUCCESS
2025-07-24 20:51:30 - clientPlatform processing for: panda
2025-07-24 20:51:30 - Client info: , Platform: Windows, Groups: 9,369
2025-07-24 20:51:30 - Adding platform group 278 for client panda - SUCCESS
2025-07-24 20:52:38 - clientPlatform processing for: mamal
2025-07-24 20:52:38 - Client info: , Platform: Windows, Groups: 10,369
2025-07-24 20:52:38 - Adding platform group 278 for client mamal - SUCCESS
2025-07-24 20:54:56 - clientPlatform processing for: kaiizenn
2025-07-24 20:54:56 - Client info: , Platform: Windows, Groups: 27,377,382,399,400,436,437
2025-07-24 20:54:56 - Adding platform group 278 for client kaiizenn - SUCCESS
2025-07-24 20:58:09 - clientPlatform processing for: Jaws
2025-07-24 20:58:09 - Client info: , Platform: Windows, Groups: 10,369
2025-07-24 20:58:09 - Adding platform group 278 for client Jaws - SUCCESS
2025-07-24 20:58:54 - clientPlatform processing for: TeamSpeakUser6
2025-07-24 20:58:54 - Client info: , Platform: Windows, Groups: 266,377
2025-07-24 20:58:54 - Adding platform group 278 for client TeamSpeakUser6 - SUCCESS
2025-07-24 20:59:33 - clientPlatform processing for: Cencya1
2025-07-24 20:59:33 - Client info: , Platform: Windows, Groups: 14,377
2025-07-24 20:59:33 - Adding platform group 278 for client Cencya1 - SUCCESS
2025-07-24 21:01:48 - clientPlatform processing for: umutt
2025-07-24 21:01:48 - Client info: , Platform: Windows, Groups: 11,369
2025-07-24 21:01:48 - Adding platform group 278 for client umutt - SUCCESS
2025-07-24 21:02:10 - clientPlatform processing for: shinigami
2025-07-24 21:02:10 - Client info: , Platform: Windows, Groups: 25,377,381,383,385
2025-07-24 21:02:10 - Adding platform group 278 for client shinigami - SUCCESS
2025-07-24 21:04:04 - clientPlatform processing for: slpo
2025-07-24 21:04:04 - Client info: , Platform: Windows, Groups: 11,369
2025-07-24 21:04:04 - Adding platform group 278 for client slpo - SUCCESS
2025-07-24 21:04:45 - clientPlatform processing for: teaman11
2025-07-24 21:04:45 - Client info: , Platform: Windows, Groups: 17,377
2025-07-24 21:04:45 - Adding platform group 278 for client teaman11 - SUCCESS
2025-07-24 21:05:25 - clientPlatform processing for: mime
2025-07-24 21:05:25 - Client info: , Platform: Android, Groups: 7
2025-07-24 21:05:25 - Adding platform group 282 for client mime - SUCCESS
2025-07-24 21:05:32 - clientPlatform processing for: femm
2025-07-24 21:05:32 - Client info: , Platform: Windows, Groups: 7
2025-07-24 21:05:32 - Adding platform group 278 for client femm - SUCCESS
2025-07-24 21:05:36 - clientPlatform processing for: Manwe
2025-07-24 21:05:36 - Client info: , Platform: Windows, Groups: 266,377
2025-07-24 21:05:36 - Adding platform group 278 for client Manwe - SUCCESS
2025-07-24 21:10:36 - clientPlatform processing for: Seyit
2025-07-24 21:10:36 - Client info: , Platform: Windows, Groups: 266,377
2025-07-24 21:10:36 - Adding platform group 278 for client Seyit - SUCCESS
2025-07-24 21:11:13 - clientPlatform processing for: BlvckMafia
2025-07-24 21:11:13 - Client info: , Platform: Windows, Groups: 263,377
2025-07-24 21:11:13 - Adding platform group 278 for client BlvckMafia - SUCCESS
2025-07-24 21:14:07 - clientPlatform processing for: BlvckMafia
2025-07-24 21:14:07 - Client info: , Platform: Windows, Groups: 263,377
2025-07-24 21:14:07 - Adding platform group 278 for client BlvckMafia - SUCCESS
2025-07-24 21:16:43 - clientPlatform processing for: Alliansic
2025-07-24 21:16:43 - Client info: , Platform: Windows, Groups: 18,377
2025-07-24 21:16:43 - Adding platform group 278 for client Alliansic - SUCCESS
2025-07-24 21:18:32 - clientPlatform processing for: sameqqq
2025-07-24 21:18:32 - Client info: , Platform: Windows, Groups: 266,377
2025-07-24 21:18:32 - Adding platform group 278 for client sameqqq - SUCCESS
2025-07-24 21:19:29 - clientPlatform processing for: ilan
2025-07-24 21:19:29 - Client info: , Platform: Windows, Groups: 17,377
2025-07-24 21:19:29 - Adding platform group 278 for client ilan - SUCCESS
2025-07-24 21:19:52 - clientPlatform processing for: TeamSpeakUser6
2025-07-24 21:19:52 - Client info: , Platform: Windows, Groups: 266,377
2025-07-24 21:19:52 - Adding platform group 278 for client TeamSpeakUser6 - SUCCESS
2025-07-24 21:20:47 - clientPlatform processing for: PIADORAZZZ
2025-07-24 21:20:47 - Client info: , Platform: Windows, Groups: 13,377
2025-07-24 21:20:47 - Adding platform group 278 for client PIADORAZZZ - SUCCESS
2025-07-24 21:22:04 - clientPlatform processing for: __Kharakternik__
2025-07-24 21:22:04 - Client info: , Platform: Windows, Groups: 266,377
2025-07-24 21:22:04 - Adding platform group 278 for client __Kharakternik__ - SUCCESS
2025-07-24 21:22:05 - clientPlatform processing for: __Kharakternik__
2025-07-24 21:22:05 - Client info: , Platform: Windows, Groups: 266,377
2025-07-24 21:22:05 - Group already assigned (detected from error), skipping
2025-07-24 21:22:05 - Adding platform group 278 for client __Kharakternik__ - SUCCESS
2025-07-24 21:22:05 - clientPlatform processing for: __Kharakternik__
2025-07-24 21:22:05 - Client info: , Platform: Windows, Groups: 266,377
2025-07-24 21:22:05 - Group already assigned (detected from error), skipping
2025-07-24 21:22:05 - Adding platform group 278 for client __Kharakternik__ - SUCCESS
2025-07-24 21:24:06 - clientPlatform processing for: caeciliae
2025-07-24 21:24:06 - Client info: , Platform: Windows, Groups: 266,377
2025-07-24 21:24:06 - Adding platform group 278 for client caeciliae - SUCCESS
2025-07-24 21:24:17 - clientPlatform processing for: Zaglot_Vandam1
2025-07-24 21:24:17 - Client info: , Platform: Windows, Groups: 264,377
2025-07-24 21:24:17 - Adding platform group 278 for client Zaglot_Vandam1 - SUCCESS
2025-07-24 21:24:35 - clientPlatform processing for: HUESOS
2025-07-24 21:24:35 - Client info: , Platform: Windows, Groups: 265,377
2025-07-24 21:24:35 - Adding platform group 278 for client HUESOS - SUCCESS
2025-07-24 21:25:34 - clientPlatform processing for: larsenio
2025-07-24 21:25:34 - Client info: , Platform: Windows, Groups: 265,377
2025-07-24 21:25:34 - Adding platform group 278 for client larsenio - SUCCESS
2025-07-24 21:25:55 - clientPlatform processing for: Brosski52
2025-07-24 21:25:55 - Client info: , Platform: Windows, Groups: 11,377
2025-07-24 21:25:55 - Adding platform group 278 for client Brosski52 - SUCCESS
2025-07-24 21:27:24 - clientPlatform processing for: Crash
2025-07-24 21:27:24 - Client info: , Platform: Windows, Groups: 266,377
2025-07-24 21:27:24 - Adding platform group 278 for client Crash - SUCCESS
2025-07-24 21:27:37 - clientPlatform processing for: Bone
2025-07-24 21:27:37 - Client info: , Platform: Windows, Groups: 266,377
2025-07-24 21:27:37 - Adding platform group 278 for client Bone - SUCCESS
2025-07-24 21:28:50 - clientPlatform processing for: AlexQc
2025-07-24 21:28:50 - Client info: , Platform: Windows, Groups: 266,377
2025-07-24 21:28:50 - Adding platform group 278 for client AlexQc - SUCCESS
2025-07-24 21:29:21 - clientPlatform processing for: caeciliae
2025-07-24 21:29:21 - Client info: , Platform: Windows, Groups: 266,377
2025-07-24 21:29:21 - Adding platform group 278 for client caeciliae - SUCCESS
2025-07-24 21:31:35 - clientPlatform processing for: artembill
2025-07-24 21:31:35 - Client info: , Platform: macOS, Groups: 266,377
2025-07-24 21:31:35 - Adding platform group 280 for client artembill - SUCCESS
2025-07-24 21:31:41 - clientPlatform processing for: artembill
2025-07-24 21:31:41 - Client info: , Platform: macOS, Groups: 266,377
2025-07-24 21:31:41 - Adding platform group 280 for client artembill - SUCCESS
2025-07-24 21:32:39 - clientPlatform processing for: AlexQc
2025-07-24 21:32:39 - Client info: , Platform: Windows, Groups: 266,377
2025-07-24 21:32:39 - Adding platform group 278 for client AlexQc - SUCCESS
2025-07-24 21:33:08 - clientPlatform processing for: AlexQc
2025-07-24 21:33:08 - Client info: , Platform: Windows, Groups: 266,377
2025-07-24 21:33:08 - Adding platform group 278 for client AlexQc - SUCCESS
2025-07-24 21:33:25 - clientPlatform processing for: AlexQc
2025-07-24 21:33:25 - Client info: , Platform: Windows, Groups: 266,278,296,377,435
2025-07-24 21:33:25 - Client already has platform group 278
2025-07-24 21:33:59 - clientPlatform processing for: AlexQc
2025-07-24 21:33:59 - Client info: , Platform: Windows, Groups: 266,377
2025-07-24 21:33:59 - Adding platform group 278 for client AlexQc - SUCCESS
2025-07-24 21:34:57 - clientPlatform processing for: Jaws
2025-07-24 21:34:57 - Client info: , Platform: Windows, Groups: 10,369
2025-07-24 21:34:57 - Adding platform group 278 for client Jaws - SUCCESS
2025-07-24 21:36:50 - clientPlatform processing for: yigit
2025-07-24 21:36:50 - Client info: , Platform: Windows, Groups: 10,369
2025-07-24 21:36:50 - Adding platform group 278 for client yigit - SUCCESS
2025-07-24 21:40:53 - clientPlatform processing for: don
2025-07-24 21:40:53 - Client info: , Platform: Windows, Groups: 266,377
2025-07-24 21:40:53 - Adding platform group 278 for client don - SUCCESS
2025-07-24 21:40:55 - clientPlatform processing for: Jaws
2025-07-24 21:40:55 - Client info: , Platform: Windows, Groups: 10,369
2025-07-24 21:40:55 - Adding platform group 278 for client Jaws - SUCCESS
2025-07-24 21:41:15 - clientPlatform processing for: Tancsii
2025-07-24 21:41:15 - Client info: , Platform: Windows, Groups: 266,377
2025-07-24 21:41:15 - Adding platform group 278 for client Tancsii - SUCCESS
2025-07-24 21:42:57 - clientPlatform processing for: batuhnn
2025-07-24 21:42:57 - Client info: , Platform: Windows, Groups: 15,377
2025-07-24 21:42:57 - Adding platform group 278 for client batuhnn - SUCCESS
2025-07-24 21:46:32 - clientPlatform processing for: batuhnn
2025-07-24 21:46:32 - Client info: , Platform: Windows, Groups: 15,377
2025-07-24 21:46:32 - Adding platform group 278 for client batuhnn - SUCCESS
2025-07-24 21:46:47 - clientPlatform processing for: AlexQc
2025-07-24 21:46:47 - Client info: , Platform: Windows, Groups: 266,377
2025-07-24 21:46:47 - Adding platform group 278 for client AlexQc - SUCCESS
2025-07-24 21:47:30 - clientPlatform processing for: 1nemanjaves
2025-07-24 21:47:30 - Client info: , Platform: Windows, Groups: 13,377
2025-07-24 21:47:30 - Adding platform group 278 for client 1nemanjaves - SUCCESS
2025-07-24 21:48:24 - clientPlatform processing for: ridzazz
2025-07-24 21:48:24 - Client info: , Platform: Windows, Groups: 13,377
2025-07-24 21:48:24 - Adding platform group 278 for client ridzazz - SUCCESS
2025-07-24 21:48:53 - clientPlatform processing for: Murchick
2025-07-24 21:48:53 - Client info: , Platform: Windows, Groups: 266,377
2025-07-24 21:48:53 - Adding platform group 278 for client Murchick - SUCCESS
2025-07-24 21:49:26 - clientPlatform processing for: Murchick
2025-07-24 21:49:26 - Client info: , Platform: Windows, Groups: 266,377
2025-07-24 21:49:26 - Adding platform group 278 for client Murchick - SUCCESS
2025-07-24 21:50:43 - clientPlatform processing for: hamza
2025-07-24 21:50:43 - Client info: , Platform: Windows, Groups: 266,377
2025-07-24 21:50:43 - Adding platform group 278 for client hamza - SUCCESS
2025-07-24 21:51:08 - clientPlatform processing for: Murchick
2025-07-24 21:51:08 - Client info: , Platform: Windows, Groups: 266,377
2025-07-24 21:51:08 - Adding platform group 278 for client Murchick - SUCCESS
2025-07-24 21:51:19 - clientPlatform processing for: mostafa
2025-07-24 21:51:19 - Client info: , Platform: Windows, Groups: 266,377
2025-07-24 21:51:19 - Adding platform group 278 for client mostafa - SUCCESS
2025-07-24 21:53:47 - clientPlatform processing for: yigit
2025-07-24 21:53:47 - Client info: , Platform: Windows, Groups: 10,369
2025-07-24 21:53:47 - Adding platform group 278 for client yigit - SUCCESS
2025-07-24 21:55:02 - clientPlatform processing for: Murchick
2025-07-24 21:55:02 - Client info: , Platform: Windows, Groups: 266,377
2025-07-24 21:55:02 - Adding platform group 278 for client Murchick - SUCCESS
2025-07-24 21:59:07 - clientPlatform processing for: Kire0N
2025-07-24 21:59:07 - Client info: , Platform: Windows, Groups: 12,377
2025-07-24 21:59:07 - Adding platform group 278 for client Kire0N - SUCCESS
2025-07-24 21:59:47 - clientPlatform processing for: Neil0001k
2025-07-24 21:59:47 - Client info: , Platform: Windows, Groups: 17,377
2025-07-24 21:59:47 - Adding platform group 278 for client Neil0001k - SUCCESS
2025-07-24 22:00:23 - clientPlatform processing for: TeamSpeakUser11
2025-07-24 22:00:23 - Client info: , Platform: Windows, Groups: 13,377
2025-07-24 22:00:23 - Adding platform group 278 for client TeamSpeakUser11 - SUCCESS
2025-07-24 22:03:31 - clientPlatform processing for: sajjad
2025-07-24 22:03:31 - Client info: , Platform: Windows, Groups: 266,377
2025-07-24 22:03:31 - Adding platform group 278 for client sajjad - SUCCESS
2025-07-24 22:05:27 - clientPlatform processing for: Jabberson
2025-07-24 22:05:27 - Client info: , Platform: Windows, Groups: 263,377
2025-07-24 22:05:27 - Adding platform group 278 for client Jabberson - SUCCESS
2025-07-24 22:16:35 - clientPlatform processing for: maksik
2025-07-24 22:16:35 - Client info: , Platform: Windows, Groups: 15,377
2025-07-24 22:16:35 - Adding platform group 278 for client maksik - SUCCESS
2025-07-24 22:28:42 - clientPlatform processing for: TeamSpeakUser1
2025-07-24 22:28:42 - Client info: , Platform: Windows, Groups: 266,377
2025-07-24 22:28:42 - Adding platform group 278 for client TeamSpeakUser1 - SUCCESS
2025-07-24 22:31:25 - clientPlatform processing for: TeamSpeakUser2
2025-07-24 22:31:25 - Client info: , Platform: Windows, Groups: 14,377
2025-07-24 22:31:25 - Adding platform group 278 for client TeamSpeakUser2 - SUCCESS
2025-07-24 22:31:31 - clientPlatform processing for: Almas1k
2025-07-24 22:31:31 - Client info: , Platform: Windows, Groups: 266,377
2025-07-24 22:31:31 - Adding platform group 278 for client Almas1k - SUCCESS
2025-07-24 22:32:12 - clientPlatform processing for: I_XaSkI_I
2025-07-24 22:32:12 - Client info: , Platform: Windows, Groups: 266,377
2025-07-24 22:32:12 - Adding platform group 278 for client I_XaSkI_I - SUCCESS
2025-07-24 22:33:52 - clientPlatform processing for: tiamo9809
2025-07-24 22:33:52 - Client info: , Platform: Windows, Groups: 12,377
2025-07-24 22:33:52 - Adding platform group 278 for client tiamo9809 - SUCCESS
2025-07-24 22:35:13 - clientPlatform processing for: tiamo9809
2025-07-24 22:35:13 - Client info: , Platform: Windows, Groups: 12,377
2025-07-24 22:35:13 - Adding platform group 278 for client tiamo9809 - SUCCESS
2025-07-24 22:38:56 - clientPlatform processing for: MrlagTV
2025-07-24 22:38:56 - Client info: , Platform: Windows, Groups: 12,377
2025-07-24 22:38:56 - Adding platform group 278 for client MrlagTV - SUCCESS
2025-07-24 22:44:17 - clientPlatform processing for: goran
2025-07-24 22:44:17 - Client info: , Platform: Windows, Groups: 265,377
2025-07-24 22:44:17 - Adding platform group 278 for client goran - SUCCESS
2025-07-24 22:50:59 - clientPlatform processing for: BlvckMafia
2025-07-24 22:50:59 - Client info: , Platform: Windows, Groups: 263,377
2025-07-24 22:50:59 - Adding platform group 278 for client BlvckMafia - SUCCESS
2025-07-24 22:52:09 - clientPlatform processing for: TeamSpeakUser1
2025-07-24 22:52:09 - Client info: , Platform: Windows, Groups: 14,377
2025-07-24 22:52:09 - Adding platform group 278 for client TeamSpeakUser1 - SUCCESS
2025-07-24 22:55:32 - clientPlatform processing for: Miki
2025-07-24 22:55:32 - Client info: , Platform: Windows, Groups: 264,377
2025-07-24 22:55:32 - Adding platform group 278 for client Miki - SUCCESS
2025-07-24 22:59:03 - clientPlatform processing for: DARBELİ MATKAP
2025-07-24 22:59:03 - Client info: , Platform: Windows, Groups: 74,96,145,161,207,265,377
2025-07-24 22:59:04 - Adding platform group 278 for client DARBELİ MATKAP - SUCCESS
2025-07-24 22:59:47 - clientPlatform processing for: KRGZL
2025-07-24 22:59:47 - Client info: , Platform: Windows, Groups: 15,377
2025-07-24 22:59:47 - Adding platform group 278 for client KRGZL - SUCCESS
2025-07-24 23:00:24 - clientPlatform processing for: TeamSpeakUser2
2025-07-24 23:00:24 - Client info: , Platform: Windows, Groups: 14,377
2025-07-24 23:00:24 - Adding platform group 278 for client TeamSpeakUser2 - SUCCESS
2025-07-24 23:00:32 - clientPlatform processing for: lordilaz
2025-07-24 23:00:32 - Client info: , Platform: Windows, Groups: 13,377
2025-07-24 23:00:32 - Adding platform group 278 for client lordilaz - SUCCESS
2025-07-24 23:01:16 - clientPlatform processing for: dimafreddyy
2025-07-24 23:01:16 - Client info: , Platform: Windows, Groups: 266,377
2025-07-24 23:01:16 - Adding platform group 278 for client dimafreddyy - SUCCESS
2025-07-24 23:01:35 - clientPlatform processing for: crzfrg77
2025-07-24 23:01:35 - Client info: , Platform: Windows, Groups: 263,377
2025-07-24 23:01:35 - Adding platform group 278 for client crzfrg77 - SUCCESS
2025-07-24 23:02:21 - clientPlatform processing for: KRGZL
2025-07-24 23:02:21 - Client info: , Platform: Windows, Groups: 15,377
2025-07-24 23:02:21 - Adding platform group 278 for client KRGZL - SUCCESS
2025-07-24 23:04:33 - clientPlatform processing for: SYRUSSS
2025-07-24 23:04:33 - Client info: , Platform: Windows, Groups: 263,377
2025-07-24 23:04:33 - Adding platform group 278 for client SYRUSSS - SUCCESS
2025-07-24 23:04:57 - clientPlatform processing for: Kire0N
2025-07-24 23:04:57 - Client info: , Platform: Windows, Groups: 13,377
2025-07-24 23:04:57 - Adding platform group 278 for client Kire0N - SUCCESS
2025-07-24 23:06:42 - clientPlatform processing for: alexei_shubin
2025-07-24 23:06:42 - Client info: , Platform: Windows, Groups: 13,377
2025-07-24 23:06:42 - Adding platform group 278 for client alexei_shubin - SUCCESS
2025-07-24 23:07:38 - clientPlatform processing for: Cyborg
2025-07-24 23:07:38 - Client info: , Platform: Windows, Groups: 14,377
2025-07-24 23:07:38 - Adding platform group 278 for client Cyborg - SUCCESS
2025-07-24 23:08:00 - clientPlatform processing for: awegawg
2025-07-24 23:08:00 - Client info: , Platform: Windows, Groups: 11,377
2025-07-24 23:08:00 - Adding platform group 278 for client awegawg - SUCCESS
2025-07-24 23:08:20 - clientPlatform processing for: F4funder
2025-07-24 23:08:20 - Client info: , Platform: Windows, Groups: 17,377
2025-07-24 23:08:20 - Adding platform group 278 for client F4funder - SUCCESS
2025-07-24 23:08:31 - clientPlatform processing for: Koniciva
2025-07-24 23:08:31 - Client info: , Platform: Windows, Groups: 13,377
2025-07-24 23:08:31 - Adding platform group 278 for client Koniciva - SUCCESS
2025-07-24 23:09:50 - clientPlatform processing for: Tufix
2025-07-24 23:09:50 - Client info: , Platform: Windows, Groups: 263,377
2025-07-24 23:09:50 - Adding platform group 278 for client Tufix - SUCCESS
2025-07-24 23:10:09 - clientPlatform processing for: awegawg
2025-07-24 23:10:09 - Client info: , Platform: Windows, Groups: 11,377
2025-07-24 23:10:09 - Adding platform group 278 for client awegawg - SUCCESS
2025-07-24 23:10:19 - clientPlatform processing for: awegawg
2025-07-24 23:10:19 - Client info: , Platform: Windows, Groups: 11,377
2025-07-24 23:10:19 - Adding platform group 278 for client awegawg - SUCCESS
2025-07-24 23:11:41 - clientPlatform processing for: gholab
2025-07-24 23:11:41 - Client info: , Platform: Windows, Groups: 265,377
2025-07-24 23:11:41 - Adding platform group 278 for client gholab - SUCCESS
2025-07-24 23:11:51 - clientPlatform processing for: Mr..Fury
2025-07-24 23:11:51 - Client info: , Platform: Windows, Groups: 18,377
2025-07-24 23:11:51 - Adding platform group 278 for client Mr..Fury - SUCCESS
2025-07-24 23:13:13 - clientPlatform processing for: ardoş
2025-07-24 23:13:13 - Client info: , Platform: Windows, Groups: 266,377
2025-07-24 23:13:13 - Adding platform group 278 for client ardoş - SUCCESS
2025-07-24 23:27:42 - clientPlatform processing for: Platonuch_UA
2025-07-24 23:27:42 - Client info: , Platform: Windows, Groups: 20,377
2025-07-24 23:27:42 - Adding platform group 278 for client Platonuch_UA - SUCCESS
2025-07-24 23:30:08 - clientPlatform processing for: nokar
2025-07-24 23:30:08 - Client info: , Platform: Windows, Groups: 10,377
2025-07-24 23:30:08 - Adding platform group 278 for client nokar - SUCCESS
2025-07-24 23:31:25 - clientPlatform processing for: marsikkkkk
2025-07-24 23:31:25 - Client info: , Platform: Windows, Groups: 10,377
2025-07-24 23:31:25 - Adding platform group 278 for client marsikkkkk - SUCCESS
2025-07-24 23:36:27 - clientPlatform processing for: marsikkkkk
2025-07-24 23:36:27 - Client info: , Platform: Windows, Groups: 10,377
2025-07-24 23:36:27 - Adding platform group 278 for client marsikkkkk - SUCCESS
2025-07-24 23:42:05 - clientPlatform processing for: zitrvxmode
2025-07-24 23:42:05 - Client info: , Platform: Windows, Groups: 13,377
2025-07-24 23:42:05 - Adding platform group 278 for client zitrvxmode - SUCCESS
2025-07-24 23:45:05 - clientPlatform processing for: Faith
2025-07-24 23:45:05 - Client info: , Platform: Windows, Groups: 17,377
2025-07-24 23:45:05 - Adding platform group 278 for client Faith - SUCCESS
2025-07-24 23:48:48 - clientPlatform processing for: Victuziin
2025-07-24 23:48:48 - Client info: , Platform: Windows, Groups: 14,377
2025-07-24 23:48:48 - Adding platform group 278 for client Victuziin - SUCCESS
2025-07-24 23:57:12 - clientPlatform processing for: KAYMAKAM
2025-07-24 23:57:12 - Client info: , Platform: Windows, Groups: 266,377
2025-07-24 23:57:12 - Adding platform group 278 for client KAYMAKAM - SUCCESS
2025-07-24 23:57:51 - clientPlatform processing for: batuhnn
2025-07-24 23:57:51 - Client info: , Platform: Windows, Groups: 15,377
2025-07-24 23:57:51 - Adding platform group 278 for client batuhnn - SUCCESS
2025-07-24 23:59:32 - clientPlatform processing for: zui
2025-07-24 23:59:32 - Client info: , Platform: Windows, Groups: 17,377
2025-07-24 23:59:32 - Adding platform group 278 for client zui - SUCCESS
2025-07-24 23:59:49 - clientPlatform processing for: 1.6fsidertpaket
2025-07-24 23:59:49 - Client info: , Platform: Windows, Groups: 265,377
2025-07-24 23:59:49 - Adding platform group 278 for client 1.6fsidertpaket - SUCCESS
