2025-06-14 00:08:26 - clientPlatform processing for: TeamSpeakUser1
2025-06-14 00:08:26 - Client info: , Platform: Windows, Groups: 12,377
2025-06-14 00:08:26 - Adding platform group 278 for client TeamSpeakUser1 - SUCCESS
2025-06-14 00:08:30 - clientPlatform processing for: sssss
2025-06-14 00:08:30 - Client info: , Platform: Windows, Groups: 11,377
2025-06-14 00:08:30 - Adding platform group 278 for client sssss - SUCCESS
2025-06-14 00:08:43 - clientPlatform processing for: amadinho
2025-06-14 00:08:43 - Client info: , Platform: Windows, Groups: 12,377
2025-06-14 00:08:43 - Adding platform group 278 for client amadinho - SUCCESS
2025-06-14 00:11:20 - clientPlatform processing for: berksesxd13
2025-06-14 00:11:20 - Client info: , Platform: Windows, Groups: 14,377
2025-06-14 00:11:20 - Adding platform group 278 for client berksesxd13 - SUCCESS
2025-06-14 00:13:46 - clientPlatform processing for: fdgod35
2025-06-14 00:13:46 - Client info: , Platform: Windows, Groups: 264,377
2025-06-14 00:13:46 - Adding platform group 278 for client fdgod35 - SUCCESS
2025-06-14 00:14:04 - clientPlatform processing for: TeamSpeakUser1
2025-06-14 00:14:04 - Client info: , Platform: Windows, Groups: 11,377
2025-06-14 00:14:04 - Adding platform group 278 for client TeamSpeakUser1 - SUCCESS
2025-06-14 00:14:16 - clientPlatform processing for: BlvckMafia
2025-06-14 00:14:16 - Client info: , Platform: Windows, Groups: 17,377
2025-06-14 00:14:16 - Adding platform group 278 for client BlvckMafia - SUCCESS
2025-06-14 00:15:08 - clientPlatform processing for: ayko
2025-06-14 00:15:08 - Client info: , Platform: Windows, Groups: 7
2025-06-14 00:15:08 - Adding platform group 278 for client ayko - SUCCESS
2025-06-14 00:17:13 - clientPlatform processing for: topraktokatlayan
2025-06-14 00:17:13 - Client info: , Platform: Windows, Groups: 11,377
2025-06-14 00:17:13 - Adding platform group 278 for client topraktokatlayan - SUCCESS
2025-06-14 00:22:46 - clientPlatform processing for: KAKASHI
2025-06-14 00:22:46 - Client info: , Platform: Windows, Groups: 7
2025-06-14 00:22:46 - Adding platform group 278 for client KAKASHI - SUCCESS
2025-06-14 00:23:23 - clientPlatform processing for: Pines
2025-06-14 00:23:23 - Client info: , Platform: Windows, Groups: 263,377
2025-06-14 00:23:23 - Adding platform group 278 for client Pines - SUCCESS
2025-06-14 00:30:38 - clientPlatform processing for: myarz
2025-06-14 00:30:38 - Client info: , Platform: Windows, Groups: 9,369
2025-06-14 00:30:38 - Adding platform group 278 for client myarz - SUCCESS
2025-06-14 00:41:47 - clientPlatform processing for: salas
2025-06-14 00:41:47 - Client info: , Platform: Windows, Groups: 15,377
2025-06-14 00:41:47 - Adding platform group 278 for client salas - SUCCESS
2025-06-14 00:42:01 - clientPlatform processing for: saleh_4
2025-06-14 00:42:01 - Client info: , Platform: Windows, Groups: 263,377
2025-06-14 00:42:01 - Adding platform group 278 for client saleh_4 - SUCCESS
2025-06-14 00:43:11 - clientPlatform processing for: s1djeeey
2025-06-14 00:43:11 - Client info: , Platform: Windows, Groups: 266,377
2025-06-14 00:43:11 - Adding platform group 278 for client s1djeeey - SUCCESS
2025-06-14 00:51:55 - clientPlatform processing for: salas
2025-06-14 00:51:55 - Client info: , Platform: Windows, Groups: 15,377
2025-06-14 00:51:55 - Adding platform group 278 for client salas - SUCCESS
2025-06-14 00:52:36 - clientPlatform processing for: salas
2025-06-14 00:52:36 - Client info: , Platform: Windows, Groups: 15,377
2025-06-14 00:52:36 - Adding platform group 278 for client salas - SUCCESS
2025-06-14 00:56:35 - clientPlatform processing for: Ryoga-
2025-06-14 00:56:35 - Client info: , Platform: Windows, Groups: 8,369
2025-06-14 00:56:35 - Adding platform group 278 for client Ryoga- - SUCCESS
2025-06-14 00:59:46 - clientPlatform processing for: isekai
2025-06-14 00:59:46 - Client info: , Platform: Windows, Groups: 14,377
2025-06-14 00:59:46 - Adding platform group 278 for client isekai - SUCCESS
2025-06-14 01:00:53 - clientPlatform processing for: _Sanitol_
2025-06-14 01:00:53 - Client info: , Platform: Windows, Groups: 266,377
2025-06-14 01:00:53 - Adding platform group 278 for client _Sanitol_ - SUCCESS
2025-06-14 01:05:48 - clientPlatform processing for: imREY
2025-06-14 01:05:48 - Client info: , Platform: Windows, Groups: 13,377
2025-06-14 01:05:48 - Adding platform group 278 for client imREY - SUCCESS
2025-06-14 01:12:05 - clientPlatform processing for: sloazw
2025-06-14 01:12:05 - Client info: , Platform: Windows, Groups: 10,369
2025-06-14 01:12:05 - Adding platform group 278 for client sloazw - SUCCESS
2025-06-14 01:12:54 - clientPlatform processing for: Ace
2025-06-14 01:12:54 - Client info: , Platform: Windows, Groups: 17,377
2025-06-14 01:12:54 - Adding platform group 278 for client Ace - SUCCESS
2025-06-14 01:24:47 - clientPlatform processing for: bucemuce
2025-06-14 01:24:47 - Client info: , Platform: Windows, Groups: 9,369
2025-06-14 01:24:47 - Adding platform group 278 for client bucemuce - SUCCESS
2025-06-14 01:31:46 - clientPlatform processing for: -EscA`#
2025-06-14 01:31:46 - Client info: , Platform: Windows, Groups: 17,377
2025-06-14 01:31:46 - Adding platform group 278 for client -EscA`# - SUCCESS
2025-06-14 01:33:00 - clientPlatform processing for: farkoshka
2025-06-14 01:33:00 - Client info: , Platform: Windows, Groups: 13,377
2025-06-14 01:33:00 - Adding platform group 278 for client farkoshka - SUCCESS
2025-06-14 01:33:23 - clientPlatform processing for: твояамама
2025-06-14 01:33:23 - Client info: , Platform: Windows, Groups: 12,377
2025-06-14 01:33:23 - Adding platform group 278 for client твояамама - SUCCESS
2025-06-14 01:33:39 - clientPlatform processing for: caeciliae
2025-06-14 01:33:39 - Client info: , Platform: Windows, Groups: 15,377
2025-06-14 01:33:39 - Adding platform group 278 for client caeciliae - SUCCESS
2025-06-14 01:34:45 - clientPlatform processing for: добрий вечір
2025-06-14 01:34:45 - Client info: , Platform: Windows, Groups: 13,377
2025-06-14 01:34:45 - Adding platform group 278 for client добрий вечір - SUCCESS
2025-06-14 01:35:14 - clientPlatform processing for: salas
2025-06-14 01:35:14 - Client info: , Platform: Windows, Groups: 15,377
2025-06-14 01:35:14 - Adding platform group 278 for client salas - SUCCESS
2025-06-14 01:40:22 - clientPlatform processing for: твоямама
2025-06-14 01:40:22 - Client info: , Platform: Windows, Groups: 12,377
2025-06-14 01:40:22 - Adding platform group 278 for client твоямама - SUCCESS
2025-06-14 01:47:32 - clientPlatform processing for: bazo
2025-06-14 01:47:32 - Client info: , Platform: Windows, Groups: 266,377
2025-06-14 01:47:32 - Adding platform group 278 for client bazo - SUCCESS
2025-06-14 01:50:15 - clientPlatform processing for: Ameeeeeeeeer
2025-06-14 01:50:15 - Client info: , Platform: Windows, Groups: 264,377
2025-06-14 01:50:15 - Adding platform group 278 for client Ameeeeeeeeer - SUCCESS
2025-06-14 02:15:43 - clientPlatform processing for: Ace
2025-06-14 02:15:43 - Client info: , Platform: Windows, Groups: 17,377
2025-06-14 02:15:43 - Adding platform group 278 for client Ace - SUCCESS
2025-06-14 02:20:13 - clientPlatform processing for: sloazw
2025-06-14 02:20:13 - Client info: , Platform: Windows, Groups: 10,369
2025-06-14 02:20:13 - Adding platform group 278 for client sloazw - SUCCESS
2025-06-14 02:20:23 - clientPlatform processing for: topraktokatlayan
2025-06-14 02:20:23 - Client info: , Platform: Windows, Groups: 11,377
2025-06-14 02:20:23 - Adding platform group 278 for client topraktokatlayan - SUCCESS
2025-06-14 02:54:55 - clientPlatform processing for: Phantor
2025-06-14 02:54:55 - Client info: , Platform: Windows, Groups: 17,377
2025-06-14 02:54:55 - Adding platform group 278 for client Phantor - SUCCESS
2025-06-14 02:56:29 - clientPlatform processing for: kaetanin
2025-06-14 02:56:29 - Client info: , Platform: Windows, Groups: 266,377
2025-06-14 02:56:29 - Adding platform group 278 for client kaetanin - SUCCESS
2025-06-14 03:03:33 - clientPlatform processing for: добрий вечір
2025-06-14 03:03:33 - Client info: , Platform: Windows, Groups: 13,377
2025-06-14 03:03:33 - Adding platform group 278 for client добрий вечір - SUCCESS
2025-06-14 03:03:39 - clientPlatform processing for: caeciliae
2025-06-14 03:03:39 - Client info: , Platform: Windows, Groups: 15,377
2025-06-14 03:03:39 - Adding platform group 278 for client caeciliae - SUCCESS
2025-06-14 03:03:39 - clientPlatform processing for: farkoshka
2025-06-14 03:03:39 - Client info: , Platform: Windows, Groups: 13,377
2025-06-14 03:03:39 - Adding platform group 278 for client farkoshka - SUCCESS
2025-06-14 03:03:51 - clientPlatform processing for: ван гогг
2025-06-14 03:03:51 - Client info: , Platform: Windows, Groups: 13,377
2025-06-14 03:03:51 - Adding platform group 278 for client ван гогг - SUCCESS
2025-06-14 03:18:34 - clientPlatform processing for: Richard_TH
2025-06-14 03:18:34 - Client info: , Platform: Windows, Groups: 18,377
2025-06-14 03:18:34 - Adding platform group 278 for client Richard_TH - SUCCESS
2025-06-14 03:21:44 - clientPlatform processing for: Elcau_sita18
2025-06-14 03:21:44 - Client info: , Platform: Windows, Groups: 266,377
2025-06-14 03:21:44 - Adding platform group 278 for client Elcau_sita18 - SUCCESS
2025-06-14 03:32:00 - clientPlatform processing for: tenshin_non
2025-06-14 03:32:00 - Client info: , Platform: Windows, Groups: 18,377
2025-06-14 03:32:00 - Adding platform group 278 for client tenshin_non - SUCCESS
2025-06-14 04:08:46 - clientPlatform processing for: Prince
2025-06-14 04:08:46 - Client info: , Platform: Windows, Groups: 7
2025-06-14 04:08:46 - Adding platform group 278 for client Prince - SUCCESS
2025-06-14 05:30:28 - clientPlatform processing for: Phantor
2025-06-14 05:30:28 - Client info: , Platform: Windows, Groups: 17,377
2025-06-14 05:30:28 - Adding platform group 278 for client Phantor - SUCCESS
2025-06-14 05:33:41 - clientPlatform processing for: Chico
2025-06-14 05:33:41 - Client info: , Platform: Windows, Groups: 266,377
2025-06-14 05:33:41 - Adding platform group 278 for client Chico - SUCCESS
2025-06-14 05:39:22 - clientPlatform processing for: Phantor
2025-06-14 05:39:22 - Client info: , Platform: Windows, Groups: 17,377
2025-06-14 05:39:22 - Adding platform group 278 for client Phantor - SUCCESS
2025-06-14 05:45:48 - clientPlatform processing for: xico
2025-06-14 05:45:48 - Client info: , Platform: Windows, Groups: 17,377
2025-06-14 05:45:48 - Adding platform group 278 for client xico - SUCCESS
2025-06-14 06:35:20 - clientPlatform processing for: xico
2025-06-14 06:35:20 - Client info: , Platform: Windows, Groups: 17,377
2025-06-14 06:35:20 - Adding platform group 278 for client xico - SUCCESS
2025-06-14 07:42:59 - clientPlatform processing for: Hokage
2025-06-14 07:42:59 - Client info: , Platform: Windows, Groups: 266,377
2025-06-14 07:42:59 - Adding platform group 278 for client Hokage - SUCCESS
2025-06-14 07:43:40 - clientPlatform processing for: Hokage
2025-06-14 07:43:40 - Client info: , Platform: Windows, Groups: 266,377
2025-06-14 07:43:40 - Adding platform group 278 for client Hokage - SUCCESS
2025-06-14 07:44:40 - clientPlatform processing for: Safarijoe
2025-06-14 07:44:40 - Client info: , Platform: Windows, Groups: 266,377
2025-06-14 07:44:40 - Adding platform group 278 for client Safarijoe - SUCCESS
2025-06-14 07:44:46 - clientPlatform processing for: Blood
2025-06-14 07:44:46 - Client info: , Platform: Windows, Groups: 265,377
2025-06-14 07:44:46 - Adding platform group 278 for client Blood - SUCCESS
2025-06-14 07:50:21 - clientPlatform processing for: xico
2025-06-14 07:50:21 - Client info: , Platform: Windows, Groups: 17,377
2025-06-14 07:50:21 - Adding platform group 278 for client xico - SUCCESS
2025-06-14 07:56:50 - clientPlatform processing for: Pines
2025-06-14 07:56:50 - Client info: , Platform: Windows, Groups: 263,377
2025-06-14 07:56:50 - Adding platform group 278 for client Pines - SUCCESS
2025-06-14 08:28:55 - clientPlatform processing for: Victuziin
2025-06-14 08:28:55 - Client info: , Platform: Windows, Groups: 266,377
2025-06-14 08:28:55 - Adding platform group 278 for client Victuziin - SUCCESS
2025-06-14 08:28:56 - clientPlatform processing for: Faith
2025-06-14 08:28:56 - Client info: , Platform: Windows, Groups: 17,377
2025-06-14 08:28:56 - Adding platform group 278 for client Faith - SUCCESS
2025-06-14 08:28:59 - clientPlatform processing for: Faith
2025-06-14 08:28:59 - Client info: , Platform: Windows, Groups: 17,377
2025-06-14 08:28:59 - Group already assigned (detected from error), skipping
2025-06-14 08:28:59 - Adding platform group 278 for client Faith - SUCCESS
2025-06-14 08:28:59 - clientPlatform processing for: Faith
2025-06-14 08:28:59 - Client info: , Platform: Windows, Groups: 17,377
2025-06-14 08:28:59 - Group already assigned (detected from error), skipping
2025-06-14 08:28:59 - Adding platform group 278 for client Faith - SUCCESS
2025-06-14 08:30:53 - clientPlatform processing for: f.donato
2025-06-14 08:30:53 - Client info: , Platform: Windows, Groups: 15,377
2025-06-14 08:30:53 - Adding platform group 278 for client f.donato - SUCCESS
2025-06-14 08:35:13 - clientPlatform processing for: KvaKing95
2025-06-14 08:35:13 - Client info: , Platform: Windows, Groups: 15,377
2025-06-14 08:35:13 - Adding platform group 278 for client KvaKing95 - SUCCESS
2025-06-14 08:40:32 - clientPlatform processing for: Arenaline
2025-06-14 08:40:32 - Client info: , Platform: Windows, Groups: 14,377
2025-06-14 08:40:32 - Adding platform group 278 for client Arenaline - SUCCESS
2025-06-14 08:43:05 - clientPlatform processing for: Arenaline
2025-06-14 08:43:05 - Client info: , Platform: Windows, Groups: 14,377
2025-06-14 08:43:05 - Adding platform group 278 for client Arenaline - SUCCESS
2025-06-14 09:02:50 - clientPlatform processing for: sammet35533
2025-06-14 09:02:50 - Client info: , Platform: Windows, Groups: 18,377
2025-06-14 09:02:50 - Adding platform group 278 for client sammet35533 - SUCCESS
2025-06-14 09:04:02 - clientPlatform processing for: SIGER
2025-06-14 09:04:02 - Client info: , Platform: Windows, Groups: 17,377
2025-06-14 09:04:02 - Adding platform group 278 for client SIGER - SUCCESS
2025-06-14 09:04:25 - clientPlatform processing for: Faith
2025-06-14 09:04:25 - Client info: , Platform: Windows, Groups: 17,377
2025-06-14 09:04:25 - Adding platform group 278 for client Faith - SUCCESS
2025-06-14 09:07:45 - clientPlatform processing for: Kowismo
2025-06-14 09:07:45 - Client info: , Platform: Windows, Groups: 6,377,422,441
2025-06-14 09:07:45 - Adding platform group 278 for client Kowismo - SUCCESS
2025-06-14 09:24:52 - clientPlatform processing for: [BongBot]
2025-06-14 09:24:52 - Client info: , Platform: Windows, Groups: 8,369
2025-06-14 09:24:52 - Adding platform group 278 for client [BongBot] - SUCCESS
2025-06-14 09:37:56 - clientPlatform processing for: Simar
2025-06-14 09:37:56 - Client info: , Platform: Windows, Groups: 17,377
2025-06-14 09:37:56 - Adding platform group 278 for client Simar - SUCCESS
2025-06-14 09:38:46 - clientPlatform processing for: nox
2025-06-14 09:38:46 - Client info: , Platform: Windows, Groups: 266,377
2025-06-14 09:38:46 - Adding platform group 278 for client nox - SUCCESS
2025-06-14 09:38:55 - clientPlatform processing for: nox
2025-06-14 09:38:55 - Client info: , Platform: Windows, Groups: 266,377
2025-06-14 09:38:56 - Adding platform group 278 for client nox - SUCCESS
2025-06-14 09:49:38 - clientPlatform processing for: TeamSpeakUser
2025-06-14 09:49:38 - Client info: , Platform: Windows, Groups: 15,377
2025-06-14 09:49:38 - Adding platform group 278 for client TeamSpeakUser - SUCCESS
2025-06-14 09:54:36 - clientPlatform processing for: Боцман777
2025-06-14 09:54:36 - Client info: , Platform: Windows, Groups: 18,377
2025-06-14 09:54:36 - Adding platform group 278 for client Боцман777 - SUCCESS
2025-06-14 09:59:37 - clientPlatform processing for: f.donato
2025-06-14 09:59:37 - Client info: , Platform: Windows, Groups: 15,377
2025-06-14 09:59:37 - Adding platform group 278 for client f.donato - SUCCESS
2025-06-14 10:00:09 - clientPlatform processing for: 4iff
2025-06-14 10:00:09 - Client info: , Platform: Windows, Groups: 22,377
2025-06-14 10:00:09 - Adding platform group 278 for client 4iff - SUCCESS
2025-06-14 10:04:20 - clientPlatform processing for: makpyn
2025-06-14 10:04:20 - Client info: , Platform: Windows, Groups: 265,377
2025-06-14 10:04:20 - Adding platform group 278 for client makpyn - SUCCESS
2025-06-14 10:09:03 - clientPlatform processing for: Kowismo
2025-06-14 10:09:03 - Client info: , Platform: Windows, Groups: 6,377,422,441
2025-06-14 10:09:03 - Adding platform group 278 for client Kowismo - SUCCESS
2025-06-14 10:13:36 - clientPlatform processing for: Druid Сrow 🦅
2025-06-14 10:13:36 - Client info: , Platform: Windows, Groups: 19,377
2025-06-14 10:13:36 - Adding platform group 278 for client Druid Сrow 🦅 - SUCCESS
2025-06-14 10:23:04 - clientPlatform processing for: KvaKing95
2025-06-14 10:23:04 - Client info: , Platform: Windows, Groups: 15,377
2025-06-14 10:23:04 - Adding platform group 278 for client KvaKing95 - SUCCESS
2025-06-14 10:23:26 - clientPlatform processing for: AlvaRoniX$
2025-06-14 10:23:26 - Client info: , Platform: Windows, Groups: 33,161,377
2025-06-14 10:23:26 - Adding platform group 278 for client AlvaRoniX$ - SUCCESS
2025-06-14 10:50:56 - clientPlatform processing for: kaiizenn
2025-06-14 10:50:56 - Client info: , Platform: Windows, Groups: 26,377,382,399,436
2025-06-14 10:50:56 - Adding platform group 278 for client kaiizenn - SUCCESS
2025-06-14 11:02:48 - clientPlatform processing for: baysikimdeğil
2025-06-14 11:02:48 - Client info: , Platform: Windows, Groups: 266,377
2025-06-14 11:02:48 - Adding platform group 278 for client baysikimdeğil - SUCCESS
2025-06-14 11:03:03 - clientPlatform processing for: Боцман777
2025-06-14 11:03:03 - Client info: , Platform: Windows, Groups: 18,377
2025-06-14 11:03:03 - Adding platform group 278 for client Боцман777 - SUCCESS
2025-06-14 11:03:04 - clientPlatform processing for: Боцман777
2025-06-14 11:03:04 - Client info: , Platform: Windows, Groups: 18,377
2025-06-14 11:03:04 - Group already assigned (detected from error), skipping
2025-06-14 11:03:04 - Adding platform group 278 for client Боцман777 - SUCCESS
2025-06-14 11:03:04 - clientPlatform processing for: Боцман777
2025-06-14 11:03:04 - Client info: , Platform: Windows, Groups: 18,377
2025-06-14 11:03:04 - Group already assigned (detected from error), skipping
2025-06-14 11:03:04 - Adding platform group 278 for client Боцман777 - SUCCESS
2025-06-14 11:05:09 - clientPlatform processing for: yusufppks
2025-06-14 11:05:09 - Client info: , Platform: Windows, Groups: 266,377
2025-06-14 11:05:09 - Adding platform group 278 for client yusufppks - SUCCESS
2025-06-14 11:12:29 - clientPlatform processing for: TeamSpeakUser
2025-06-14 11:12:29 - Client info: , Platform: Windows, Groups: 15,377
2025-06-14 11:12:29 - Adding platform group 278 for client TeamSpeakUser - SUCCESS
2025-06-14 11:15:28 - clientPlatform processing for: krsto
2025-06-14 11:15:28 - Client info: , Platform: Windows, Groups: 13,377
2025-06-14 11:15:28 - Adding platform group 278 for client krsto - SUCCESS
2025-06-14 11:18:46 - clientPlatform processing for: Brzak
2025-06-14 11:18:46 - Client info: , Platform: Windows, Groups: 13,377
2025-06-14 11:18:46 - Adding platform group 278 for client Brzak - SUCCESS
2025-06-14 11:36:15 - clientPlatform processing for: aeRR
2025-06-14 11:36:15 - Client info: , Platform: Windows, Groups: 17,377
2025-06-14 11:36:15 - Adding platform group 278 for client aeRR - SUCCESS
2025-06-14 11:36:20 - clientPlatform processing for: yunus
2025-06-14 11:36:20 - Client info: , Platform: Windows, Groups: 13,377
2025-06-14 11:36:20 - Adding platform group 278 for client yunus - SUCCESS
2025-06-14 12:01:38 - clientPlatform processing for: w1nd1x
2025-06-14 12:01:38 - Client info: , Platform: Windows, Groups: 266,377
2025-06-14 12:01:38 - Adding platform group 278 for client w1nd1x - SUCCESS
2025-06-14 12:03:49 - clientPlatform processing for: deschka
2025-06-14 12:03:49 - Client info: , Platform: Windows, Groups: 265,377
2025-06-14 12:03:49 - Adding platform group 278 for client deschka - SUCCESS
2025-06-14 12:08:15 - clientPlatform processing for: H0R0Z
2025-06-14 12:08:15 - Client info: , Platform: Windows, Groups: 266,377
2025-06-14 12:08:15 - Adding platform group 278 for client H0R0Z - SUCCESS
2025-06-14 12:13:23 - clientPlatform processing for: Боцман777
2025-06-14 12:13:23 - Client info: , Platform: Windows, Groups: 18,377
2025-06-14 12:13:23 - Adding platform group 278 for client Боцман777 - SUCCESS
2025-06-14 12:18:14 - clientPlatform processing for: dydek10master
2025-06-14 12:18:14 - Client info: , Platform: Windows, Groups: 266,377
2025-06-14 12:18:14 - Adding platform group 278 for client dydek10master - SUCCESS
2025-06-14 12:19:15 - clientPlatform processing for: HF IN GAME DANNY
2025-06-14 12:19:15 - Client info: , Platform: Windows, Groups: 265,377
2025-06-14 12:19:15 - Adding platform group 278 for client HF IN GAME DANNY - SUCCESS
2025-06-14 12:19:42 - clientPlatform processing for: namja
2025-06-14 12:19:42 - Client info: , Platform: Windows, Groups: 266,377
2025-06-14 12:19:42 - Adding platform group 278 for client namja - SUCCESS
2025-06-14 12:26:50 - clientPlatform processing for: Darkmghost
2025-06-14 12:26:50 - Client info: , Platform: Windows, Groups: 264,377
2025-06-14 12:26:50 - Adding platform group 278 for client Darkmghost - SUCCESS
2025-06-14 12:28:38 - clientPlatform processing for: XandeRMeisteR
2025-06-14 12:28:38 - Client info: , Platform: Windows, Groups: 265,377
2025-06-14 12:28:38 - Adding platform group 278 for client XandeRMeisteR - SUCCESS
2025-06-14 12:40:32 - clientPlatform processing for: teaman11
2025-06-14 12:40:32 - Client info: , Platform: Windows, Groups: 17,377
2025-06-14 12:40:32 - Adding platform group 278 for client teaman11 - SUCCESS
2025-06-14 12:43:01 - clientPlatform processing for: shinigami
2025-06-14 12:43:01 - Client info: , Platform: Windows, Groups: 25,377,381,383,385,400
2025-06-14 12:43:01 - Adding platform group 278 for client shinigami - SUCCESS
2025-06-14 13:00:46 - clientPlatform processing for: yusufppks
2025-06-14 13:00:46 - Client info: , Platform: Windows, Groups: 266,377
2025-06-14 13:00:46 - Adding platform group 278 for client yusufppks - SUCCESS
2025-06-14 13:00:46 - clientPlatform processing for: yusufppks
2025-06-14 13:00:46 - Client info: , Platform: Windows, Groups: 266,377
2025-06-14 13:00:46 - Group already assigned (detected from error), skipping
2025-06-14 13:00:46 - Adding platform group 278 for client yusufppks - SUCCESS
2025-06-14 13:00:46 - clientPlatform processing for: yusufppks
2025-06-14 13:00:46 - Client info: , Platform: Windows, Groups: 266,377
2025-06-14 13:00:46 - Group already assigned (detected from error), skipping
2025-06-14 13:00:46 - Adding platform group 278 for client yusufppks - SUCCESS
2025-06-14 13:01:22 - clientPlatform processing for: ph0x
2025-06-14 13:01:22 - Client info: , Platform: Windows, Groups: 266,377
2025-06-14 13:01:22 - Adding platform group 278 for client ph0x - SUCCESS
2025-06-14 13:10:45 - clientPlatform processing for: yunus
2025-06-14 13:10:45 - Client info: , Platform: Windows, Groups: 13,377
2025-06-14 13:10:45 - Adding platform group 278 for client yunus - SUCCESS
2025-06-14 13:12:20 - clientPlatform processing for: Chris
2025-06-14 13:12:20 - Client info: , Platform: Windows, Groups: 18,377
2025-06-14 13:12:20 - Adding platform group 278 for client Chris - SUCCESS
2025-06-14 13:22:16 - clientPlatform processing for: Andy
2025-06-14 13:22:16 - Client info: , Platform: Windows, Groups: 266,377
2025-06-14 13:22:16 - Adding platform group 278 for client Andy - SUCCESS
2025-06-14 13:27:24 - clientPlatform processing for: Ribella
2025-06-14 13:27:24 - Client info: , Platform: Windows, Groups: 18,377
2025-06-14 13:27:24 - Adding platform group 278 for client Ribella - SUCCESS
2025-06-14 13:28:31 - clientPlatform processing for: EliteSniper_192
2025-06-14 13:28:31 - Client info: , Platform: Windows, Groups: 266,377
2025-06-14 13:28:31 - Adding platform group 278 for client EliteSniper_192 - SUCCESS
2025-06-14 13:35:53 - clientPlatform processing for: Rowyn
2025-06-14 13:35:53 - Client info: , Platform: Windows, Groups: 18,377
2025-06-14 13:35:54 - Adding platform group 278 for client Rowyn - SUCCESS
2025-06-14 13:50:02 - clientPlatform processing for: Mendoza
2025-06-14 13:50:02 - Client info: , Platform: Windows, Groups: 264,377
2025-06-14 13:50:02 - Adding platform group 278 for client Mendoza - SUCCESS
2025-06-14 13:51:05 - clientPlatform processing for: dillinger
2025-06-14 13:51:05 - Client info: , Platform: Windows, Groups: 266,377
2025-06-14 13:51:05 - Adding platform group 278 for client dillinger - SUCCESS
2025-06-14 13:55:02 - clientPlatform processing for: aleksa
2025-06-14 13:55:02 - Client info: , Platform: Windows, Groups: 266,377
2025-06-14 13:55:02 - Adding platform group 278 for client aleksa - SUCCESS
2025-06-14 13:55:03 - clientPlatform processing for: aleksa
2025-06-14 13:55:03 - Client info: , Platform: Windows, Groups: 266,377
2025-06-14 13:55:03 - Group already assigned (detected from error), skipping
2025-06-14 13:55:03 - Adding platform group 278 for client aleksa - SUCCESS
2025-06-14 13:55:03 - clientPlatform processing for: aleksa
2025-06-14 13:55:03 - Client info: , Platform: Windows, Groups: 266,377
2025-06-14 13:55:03 - Group already assigned (detected from error), skipping
2025-06-14 13:55:03 - Adding platform group 278 for client aleksa - SUCCESS
2025-06-14 13:59:54 - clientPlatform processing for: HUESOS
2025-06-14 13:59:54 - Client info: , Platform: Windows, Groups: 14,377
2025-06-14 13:59:54 - Adding platform group 278 for client HUESOS - SUCCESS
2025-06-14 14:02:37 - clientPlatform processing for: nAnu
2025-06-14 14:02:37 - Client info: , Platform: Windows, Groups: 15,377
2025-06-14 14:02:37 - Adding platform group 278 for client nAnu - SUCCESS
2025-06-14 14:04:07 - clientPlatform processing for: Shawaj
2025-06-14 14:04:07 - Client info: , Platform: Windows, Groups: 263,377
2025-06-14 14:04:07 - Adding platform group 278 for client Shawaj - SUCCESS
2025-06-14 14:05:18 - clientPlatform processing for: osasdeck
2025-06-14 14:05:18 - Client info: , Platform: Linux, Groups: 7
2025-06-14 14:05:18 - Adding platform group 279 for client osasdeck - SUCCESS
2025-06-14 14:05:38 - clientPlatform processing for: deschka
2025-06-14 14:05:38 - Client info: , Platform: Windows, Groups: 265,377
2025-06-14 14:05:38 - Adding platform group 278 for client deschka - SUCCESS
2025-06-14 14:09:53 - clientPlatform processing for: Meli
2025-06-14 14:09:53 - Client info: , Platform: Windows, Groups: 9,369
2025-06-14 14:09:53 - Adding platform group 278 for client Meli - SUCCESS
2025-06-14 14:12:05 - clientPlatform processing for: TeamSpeakUser
2025-06-14 14:12:05 - Client info: , Platform: Windows, Groups: 11,377
2025-06-14 14:12:05 - Adding platform group 278 for client TeamSpeakUser - SUCCESS
2025-06-14 14:20:00 - clientPlatform processing for: Gosh
2025-06-14 14:20:00 - Client info: , Platform: Windows, Groups: 17,377
2025-06-14 14:20:00 - Adding platform group 278 for client Gosh - SUCCESS
2025-06-14 14:20:18 - clientPlatform processing for: sameqqq
2025-06-14 14:20:18 - Client info: , Platform: Windows, Groups: 12,377
2025-06-14 14:20:18 - Adding platform group 278 for client sameqqq - SUCCESS
2025-06-14 14:20:40 - clientPlatform processing for: don
2025-06-14 14:20:40 - Client info: , Platform: Windows, Groups: 265,377
2025-06-14 14:20:40 - Adding platform group 278 for client don - SUCCESS
2025-06-14 14:21:08 - clientPlatform processing for: TeamSpeakUser
2025-06-14 14:21:08 - Client info: , Platform: Windows, Groups: 7
2025-06-14 14:21:08 - Adding platform group 278 for client TeamSpeakUser - SUCCESS
2025-06-14 14:22:06 - clientPlatform processing for: TeamSpeakUser
2025-06-14 14:22:06 - Client info: , Platform: Windows, Groups: 8,369
2025-06-14 14:22:06 - Adding platform group 278 for client TeamSpeakUser - SUCCESS
2025-06-14 14:22:51 - clientPlatform processing for: TeamSpeakUser
2025-06-14 14:22:51 - Client info: , Platform: Windows, Groups: 8,369
2025-06-14 14:22:51 - Adding platform group 278 for client TeamSpeakUser - SUCCESS
2025-06-14 14:24:11 - clientPlatform processing for: TeamSpeakUser
2025-06-14 14:24:11 - Client info: , Platform: Windows, Groups: 8,369
2025-06-14 14:24:11 - Adding platform group 278 for client TeamSpeakUser - SUCCESS
2025-06-14 14:31:40 - clientPlatform processing for: volya
2025-06-14 14:31:40 - Client info: , Platform: Windows, Groups: 12,377
2025-06-14 14:31:40 - Adding platform group 278 for client volya - SUCCESS
2025-06-14 14:38:06 - clientPlatform processing for: HF IN GAME DANNY
2025-06-14 14:38:06 - Client info: , Platform: Windows, Groups: 265,377
2025-06-14 14:38:06 - Adding platform group 278 for client HF IN GAME DANNY - SUCCESS
2025-06-14 14:42:26 - clientPlatform processing for: vata
2025-06-14 14:42:26 - Client info: , Platform: Windows, Groups: 266,377
2025-06-14 14:42:26 - Adding platform group 278 for client vata - SUCCESS
2025-06-14 14:43:01 - clientPlatform processing for: saulov
2025-06-14 14:43:01 - Client info: , Platform: Windows, Groups: 14,377
2025-06-14 14:43:01 - Adding platform group 278 for client saulov - SUCCESS
2025-06-14 14:51:26 - clientPlatform processing for: Vlad1ck
2025-06-14 14:51:26 - Client info: , Platform: Windows, Groups: 12,377
2025-06-14 14:51:26 - Adding platform group 278 for client Vlad1ck - SUCCESS
2025-06-14 14:52:54 - clientPlatform processing for: s1djeeey
2025-06-14 14:52:54 - Client info: , Platform: Windows, Groups: 266,377
2025-06-14 14:52:54 - Adding platform group 278 for client s1djeeey - SUCCESS
2025-06-14 15:13:35 - clientPlatform processing for: FXjulius
2025-06-14 15:13:35 - Client info: , Platform: Windows, Groups: 266,377
2025-06-14 15:13:35 - Adding platform group 278 for client FXjulius - SUCCESS
2025-06-14 15:14:30 - clientPlatform processing for: GSavio
2025-06-14 15:14:30 - Client info: , Platform: Windows, Groups: 266,377
2025-06-14 15:14:30 - Adding platform group 278 for client GSavio - SUCCESS
2025-06-14 15:23:33 - clientPlatform processing for: purtigoprr
2025-06-14 15:23:33 - Client info: , Platform: Windows, Groups: 11,377
2025-06-14 15:23:33 - Adding platform group 278 for client purtigoprr - SUCCESS
2025-06-14 15:24:33 - clientPlatform processing for: FECEPE
2025-06-14 15:24:33 - Client info: , Platform: Windows, Groups: 7
2025-06-14 15:24:33 - Adding platform group 278 for client FECEPE - SUCCESS
2025-06-14 15:24:46 - clientPlatform processing for: pes
2025-06-14 15:24:46 - Client info: , Platform: Windows, Groups: 8,369
2025-06-14 15:24:46 - Adding platform group 278 for client pes - SUCCESS
2025-06-14 15:27:04 - clientPlatform processing for: anata2
2025-06-14 15:27:04 - Client info: , Platform: Windows, Groups: 15,377
2025-06-14 15:27:04 - Adding platform group 278 for client anata2 - SUCCESS
2025-06-14 15:33:07 - clientPlatform processing for: N1kit0s@
2025-06-14 15:33:07 - Client info: , Platform: Windows, Groups: 17,377
2025-06-14 15:33:07 - Adding platform group 278 for client N1kit0s@ - SUCCESS
2025-06-14 15:35:23 - clientPlatform processing for: farid
2025-06-14 15:35:23 - Client info: , Platform: Windows, Groups: 264,377
2025-06-14 15:35:23 - Adding platform group 278 for client farid - SUCCESS
2025-06-14 15:35:59 - clientPlatform processing for: TeamSpeakUser
2025-06-14 15:35:59 - Client info: , Platform: Windows, Groups: 266,377
2025-06-14 15:35:59 - Adding platform group 278 for client TeamSpeakUser - SUCCESS
2025-06-14 15:38:35 - clientPlatform processing for: NIL
2025-06-14 15:38:35 - Client info: , Platform: Windows, Groups: 266,377
2025-06-14 15:38:35 - Adding platform group 278 for client NIL - SUCCESS
2025-06-14 15:47:02 - clientPlatform processing for: TeamSpeakUser1
2025-06-14 15:47:02 - Client info: , Platform: Windows, Groups: 12,377
2025-06-14 15:47:02 - Adding platform group 278 for client TeamSpeakUser1 - SUCCESS
2025-06-14 15:47:02 - clientPlatform processing for: TeamSpeakUser1
2025-06-14 15:47:02 - Client info: , Platform: Windows, Groups: 12,377
2025-06-14 15:47:02 - Group already assigned (detected from error), skipping
2025-06-14 15:47:02 - Adding platform group 278 for client TeamSpeakUser1 - SUCCESS
2025-06-14 15:47:02 - clientPlatform processing for: TeamSpeakUser1
2025-06-14 15:47:02 - Client info: , Platform: Windows, Groups: 12,377
2025-06-14 15:47:02 - Group already assigned (detected from error), skipping
2025-06-14 15:47:02 - Adding platform group 278 for client TeamSpeakUser1 - SUCCESS
2025-06-14 15:49:00 - clientPlatform processing for: TeamSpeakUser2
2025-06-14 15:49:00 - Client info: , Platform: Windows, Groups: 13,377
2025-06-14 15:49:00 - Adding platform group 278 for client TeamSpeakUser2 - SUCCESS
2025-06-14 15:49:53 - clientPlatform processing for: lSekatorl
2025-06-14 15:49:53 - Client info: , Platform: Windows, Groups: 8,369
2025-06-14 15:49:53 - Adding platform group 278 for client lSekatorl - SUCCESS
2025-06-14 15:50:10 - clientPlatform processing for: saadf
2025-06-14 15:50:10 - Client info: , Platform: Windows, Groups: 17,377
2025-06-14 15:50:10 - Adding platform group 278 for client saadf - SUCCESS
2025-06-14 15:51:40 - clientPlatform processing for: kaya
2025-06-14 15:51:40 - Client info: , Platform: Windows, Groups: 266,377
2025-06-14 15:51:40 - Adding platform group 278 for client kaya - SUCCESS
2025-06-14 15:59:02 - clientPlatform processing for: namja
2025-06-14 15:59:02 - Client info: , Platform: Windows, Groups: 266,377
2025-06-14 15:59:02 - Adding platform group 278 for client namja - SUCCESS
2025-06-14 16:07:40 - clientPlatform processing for: Simar
2025-06-14 16:07:40 - Client info: , Platform: Windows, Groups: 17,377
2025-06-14 16:07:40 - Adding platform group 278 for client Simar - SUCCESS
2025-06-14 16:12:10 - clientPlatform processing for: Mr..Fury
2025-06-14 16:12:10 - Client info: , Platform: Windows, Groups: 263,377
2025-06-14 16:12:10 - Adding platform group 278 for client Mr..Fury - SUCCESS
2025-06-14 16:13:28 - clientPlatform processing for: TeamSpeakUser1
2025-06-14 16:13:28 - Client info: , Platform: Windows, Groups: 12,377
2025-06-14 16:13:28 - Adding platform group 278 for client TeamSpeakUser1 - SUCCESS
2025-06-14 16:14:06 - clientPlatform processing for: Хозяин Абатура №2
2025-06-14 16:14:06 - Client info: , Platform: Windows, Groups: 263,377
2025-06-14 16:14:06 - Adding platform group 278 for client Хозяин Абатура №2 - SUCCESS
2025-06-14 16:14:58 - clientPlatform processing for: Tor4am
2025-06-14 16:14:58 - Client info: , Platform: Windows, Groups: 263,377
2025-06-14 16:14:58 - Adding platform group 278 for client Tor4am - SUCCESS
2025-06-14 16:17:42 - clientPlatform processing for: sammet35533
2025-06-14 16:17:42 - Client info: , Platform: Windows, Groups: 18,377
2025-06-14 16:17:42 - Adding platform group 278 for client sammet35533 - SUCCESS
2025-06-14 16:17:46 - clientPlatform processing for: TeamSpeakUser3
2025-06-14 16:17:46 - Client info: , Platform: Windows, Groups: 266,377
2025-06-14 16:17:46 - Adding platform group 278 for client TeamSpeakUser3 - SUCCESS
2025-06-14 16:26:40 - clientPlatform processing for: INSANE
2025-06-14 16:26:40 - Client info: , Platform: Windows, Groups: 17,377
2025-06-14 16:26:40 - Adding platform group 278 for client INSANE - SUCCESS
2025-06-14 16:28:55 - clientPlatform processing for: PENIS1488228
2025-06-14 16:28:55 - Client info: , Platform: Windows, Groups: 266,377
2025-06-14 16:28:55 - Adding platform group 278 for client PENIS1488228 - SUCCESS
2025-06-14 16:32:53 - clientPlatform processing for: PENIS1488228
2025-06-14 16:32:53 - Client info: , Platform: Windows, Groups: 266,377
2025-06-14 16:32:53 - Adding platform group 278 for client PENIS1488228 - SUCCESS
2025-06-14 16:33:24 - clientPlatform processing for: Sim0
2025-06-14 16:33:24 - Client info: , Platform: Windows, Groups: 266,377
2025-06-14 16:33:24 - Adding platform group 278 for client Sim0 - SUCCESS
2025-06-14 16:33:25 - clientPlatform processing for: Simar
2025-06-14 16:33:25 - Client info: , Platform: Windows, Groups: 17,377
2025-06-14 16:33:25 - Adding platform group 278 for client Simar - SUCCESS
2025-06-14 16:39:45 - clientPlatform processing for: NaiRoD
2025-06-14 16:39:45 - Client info: , Platform: Windows, Groups: 20,377
2025-06-14 16:39:45 - Adding platform group 278 for client NaiRoD - SUCCESS
2025-06-14 16:41:14 - clientPlatform processing for: pandah98
2025-06-14 16:41:14 - Client info: , Platform: Windows, Groups: 9,369
2025-06-14 16:41:14 - Adding platform group 278 for client pandah98 - SUCCESS
2025-06-14 16:42:27 - clientPlatform processing for: pandah98
2025-06-14 16:42:27 - Client info: , Platform: Windows, Groups: 9,369
2025-06-14 16:42:27 - Adding platform group 278 for client pandah98 - SUCCESS
2025-06-14 16:43:37 - clientPlatform processing for: TeamSpeakUser3
2025-06-14 16:43:37 - Client info: , Platform: Windows, Groups: 266,377
2025-06-14 16:43:37 - Adding platform group 278 for client TeamSpeakUser3 - SUCCESS
2025-06-14 16:47:04 - clientPlatform processing for: saleh_4
2025-06-14 16:47:04 - Client info: , Platform: Windows, Groups: 263,377
2025-06-14 16:47:04 - Adding platform group 278 for client saleh_4 - SUCCESS
2025-06-14 16:50:54 - clientPlatform processing for: moeino7
2025-06-14 16:50:54 - Client info: , Platform: Windows, Groups: 13,377
2025-06-14 16:50:54 - Adding platform group 278 for client moeino7 - SUCCESS
2025-06-14 16:53:50 - clientPlatform processing for: ayko
2025-06-14 16:53:50 - Client info: , Platform: Windows, Groups: 9,369
2025-06-14 16:53:50 - Adding platform group 278 for client ayko - SUCCESS
2025-06-14 16:55:49 - clientPlatform processing for: R_7je
2025-06-14 16:55:49 - Client info: , Platform: Windows, Groups: 7
2025-06-14 16:55:49 - Adding platform group 278 for client R_7je - SUCCESS
2025-06-14 16:56:10 - clientPlatform processing for: Ace
2025-06-14 16:56:10 - Client info: , Platform: Windows, Groups: 17,377
2025-06-14 16:56:10 - Adding platform group 278 for client Ace - SUCCESS
2025-06-14 16:58:28 - clientPlatform processing for: Angry
2025-06-14 16:58:28 - Client info: , Platform: Windows, Groups: 17,377
2025-06-14 16:58:28 - Adding platform group 278 for client Angry - SUCCESS
2025-06-14 16:59:51 - clientPlatform processing for: Ace
2025-06-14 16:59:51 - Client info: , Platform: Windows, Groups: 17,377
2025-06-14 16:59:51 - Adding platform group 278 for client Ace - SUCCESS
2025-06-14 17:05:56 - clientPlatform processing for: zui
2025-06-14 17:05:56 - Client info: , Platform: Windows, Groups: 266,377
2025-06-14 17:05:56 - Adding platform group 278 for client zui - SUCCESS
2025-06-14 17:08:30 - clientPlatform processing for: whoismert
2025-06-14 17:08:30 - Client info: , Platform: Windows, Groups: 17,377
2025-06-14 17:08:30 - Adding platform group 278 for client whoismert - SUCCESS
2025-06-14 17:10:50 - clientPlatform processing for: osasderlerbana
2025-06-14 17:10:50 - Client info: , Platform: Windows, Groups: 17,377
2025-06-14 17:10:50 - Adding platform group 278 for client osasderlerbana - SUCCESS
2025-06-14 17:14:13 - clientPlatform processing for: godless19
2025-06-14 17:14:13 - Client info: , Platform: Windows, Groups: 266,377
2025-06-14 17:14:13 - Adding platform group 278 for client godless19 - SUCCESS
2025-06-14 17:15:11 - clientPlatform processing for: зАХА
2025-06-14 17:15:11 - Client info: , Platform: Windows, Groups: 7
2025-06-14 17:15:11 - Adding platform group 278 for client зАХА - SUCCESS
2025-06-14 17:16:33 - clientPlatform processing for: H0R0Z
2025-06-14 17:16:33 - Client info: , Platform: Windows, Groups: 266,377
2025-06-14 17:16:33 - Adding platform group 278 for client H0R0Z - SUCCESS
2025-06-14 17:19:17 - clientPlatform processing for: ph0x
2025-06-14 17:19:17 - Client info: , Platform: Windows, Groups: 266,377
2025-06-14 17:19:17 - Adding platform group 278 for client ph0x - SUCCESS
2025-06-14 17:23:06 - clientPlatform processing for: namja
2025-06-14 17:23:06 - Client info: , Platform: Windows, Groups: 266,377
2025-06-14 17:23:06 - Adding platform group 278 for client namja - SUCCESS
2025-06-14 17:27:27 - clientPlatform processing for: AlvaRoniX$
2025-06-14 17:27:27 - Client info: , Platform: Windows, Groups: 33,161,377
2025-06-14 17:27:27 - Adding platform group 278 for client AlvaRoniX$ - SUCCESS
2025-06-14 17:30:22 - clientPlatform processing for: SmaD
2025-06-14 17:30:22 - Client info: , Platform: Windows, Groups: 10,369
2025-06-14 17:30:22 - Adding platform group 278 for client SmaD - SUCCESS
2025-06-14 17:43:10 - clientPlatform processing for: Angry
2025-06-14 17:43:10 - Client info: , Platform: Windows, Groups: 17,377
2025-06-14 17:43:10 - Adding platform group 278 for client Angry - SUCCESS
2025-06-14 17:50:14 - clientPlatform processing for: GSavio
2025-06-14 17:50:14 - Client info: , Platform: Windows, Groups: 266,377
2025-06-14 17:50:14 - Adding platform group 278 for client GSavio - SUCCESS
2025-06-14 17:51:54 - clientPlatform processing for: Yugik
2025-06-14 17:51:54 - Client info: , Platform: Windows, Groups: 11,377
2025-06-14 17:51:54 - Adding platform group 278 for client Yugik - SUCCESS
2025-06-14 17:52:22 - clientPlatform processing for: 1133
2025-06-14 17:52:22 - Client info: , Platform: Windows, Groups: 17,377
2025-06-14 17:52:22 - Adding platform group 278 for client 1133 - SUCCESS
2025-06-14 17:53:06 - clientPlatform processing for: BartınlıBalık
2025-06-14 17:53:06 - Client info: , Platform: Windows, Groups: 14,377
2025-06-14 17:53:06 - Adding platform group 278 for client BartınlıBalık - SUCCESS
2025-06-14 18:08:28 - clientPlatform processing for: buchka
2025-06-14 18:08:28 - Client info: , Platform: Windows, Groups: 13,377
2025-06-14 18:08:28 - Adding platform group 278 for client buchka - SUCCESS
2025-06-14 18:09:21 - clientPlatform processing for: TeamSpeakUser2
2025-06-14 18:09:21 - Client info: , Platform: Windows, Groups: 9,369
2025-06-14 18:09:21 - Adding platform group 278 for client TeamSpeakUser2 - SUCCESS
2025-06-14 18:10:37 - clientPlatform processing for: TeamSpeakUser2
2025-06-14 18:10:37 - Client info: , Platform: Windows, Groups: 9,369
2025-06-14 18:10:37 - Adding platform group 278 for client TeamSpeakUser2 - SUCCESS
2025-06-14 18:12:13 - clientPlatform processing for: SweetGame1
2025-06-14 18:12:13 - Client info: , Platform: Windows, Groups: 266,377
2025-06-14 18:12:13 - Adding platform group 278 for client SweetGame1 - SUCCESS
2025-06-14 18:13:24 - clientPlatform processing for: brilpill
2025-06-14 18:13:24 - Client info: , Platform: Windows, Groups: 14,377
2025-06-14 18:13:24 - Adding platform group 278 for client brilpill - SUCCESS
2025-06-14 18:15:18 - clientPlatform processing for: Subutay NOYAN
2025-06-14 18:15:18 - Client info: , Platform: Windows, Groups: 266,377
2025-06-14 18:15:18 - Adding platform group 278 for client Subutay NOYAN - SUCCESS
2025-06-14 18:15:28 - clientPlatform processing for: HanS
2025-06-14 18:15:28 - Client info: , Platform: Windows, Groups: 14,377
2025-06-14 18:15:28 - Adding platform group 278 for client HanS - SUCCESS
2025-06-14 18:18:30 - clientPlatform processing for: sperman31
2025-06-14 18:18:30 - Client info: , Platform: Windows, Groups: 12,377
2025-06-14 18:18:30 - Adding platform group 278 for client sperman31 - SUCCESS
2025-06-14 18:21:59 - clientPlatform processing for: GSavio
2025-06-14 18:21:59 - Client info: , Platform: Windows, Groups: 266,377
2025-06-14 18:21:59 - Adding platform group 278 for client GSavio - SUCCESS
2025-06-14 18:24:49 - clientPlatform processing for: ван гогг
2025-06-14 18:24:49 - Client info: , Platform: Windows, Groups: 13,377
2025-06-14 18:24:49 - Adding platform group 278 for client ван гогг - SUCCESS
2025-06-14 18:28:15 - clientPlatform processing for: мирорчик
2025-06-14 18:28:15 - Client info: , Platform: Windows, Groups: 11,377
2025-06-14 18:28:15 - Adding platform group 278 for client мирорчик - SUCCESS
2025-06-14 18:30:39 - clientPlatform processing for: мирорчик
2025-06-14 18:30:39 - Client info: , Platform: Windows, Groups: 11,377
2025-06-14 18:30:39 - Adding platform group 278 for client мирорчик - SUCCESS
2025-06-14 18:33:13 - clientPlatform processing for: jajao
2025-06-14 18:33:13 - Client info: , Platform: Windows, Groups: 14,377
2025-06-14 18:33:13 - Adding platform group 278 for client jajao - SUCCESS
2025-06-14 18:34:07 - clientPlatform processing for: Pedro
2025-06-14 18:34:07 - Client info: , Platform: Windows, Groups: 13,377
2025-06-14 18:34:07 - Adding platform group 278 for client Pedro - SUCCESS
2025-06-14 18:39:12 - clientPlatform processing for: timothysamuelx
2025-06-14 18:39:12 - Client info: , Platform: Windows, Groups: 264,377
2025-06-14 18:39:12 - Adding platform group 278 for client timothysamuelx - SUCCESS
2025-06-14 18:39:16 - clientPlatform processing for: lored1
2025-06-14 18:39:16 - Client info: , Platform: Windows, Groups: 15,377
2025-06-14 18:39:16 - Adding platform group 278 for client lored1 - SUCCESS
2025-06-14 18:48:05 - clientPlatform processing for: godless19
2025-06-14 18:48:05 - Client info: , Platform: Windows, Groups: 266,377
2025-06-14 18:48:05 - Adding platform group 278 for client godless19 - SUCCESS
2025-06-14 18:49:23 - clientPlatform processing for: damoi777
2025-06-14 18:49:23 - Client info: , Platform: Windows, Groups: 12,377
2025-06-14 18:49:23 - Adding platform group 278 for client damoi777 - SUCCESS
2025-06-14 18:49:32 - clientPlatform processing for: sperman31
2025-06-14 18:49:32 - Client info: , Platform: Windows, Groups: 12,377
2025-06-14 18:49:32 - Adding platform group 278 for client sperman31 - SUCCESS
2025-06-14 18:49:56 - clientPlatform processing for: timothysamuelx
2025-06-14 18:49:56 - Client info: , Platform: Windows, Groups: 264,377
2025-06-14 18:49:56 - Adding platform group 278 for client timothysamuelx - SUCCESS
2025-06-14 18:52:18 - clientPlatform processing for: volya
2025-06-14 18:52:18 - Client info: , Platform: Windows, Groups: 13,377
2025-06-14 18:52:18 - Adding platform group 278 for client volya - SUCCESS
2025-06-14 18:52:34 - clientPlatform processing for: Gosh
2025-06-14 18:52:34 - Client info: , Platform: Windows, Groups: 17,377
2025-06-14 18:52:34 - Adding platform group 278 for client Gosh - SUCCESS
2025-06-14 18:53:11 - clientPlatform processing for: Lazy_Eagle
2025-06-14 18:53:11 - Client info: , Platform: Windows, Groups: 17,377
2025-06-14 18:53:11 - Adding platform group 278 for client Lazy_Eagle - SUCCESS
2025-06-14 18:53:14 - clientPlatform processing for: FXjulius
2025-06-14 18:53:14 - Client info: , Platform: Windows, Groups: 266,377
2025-06-14 18:53:14 - Adding platform group 278 for client FXjulius - SUCCESS
2025-06-14 18:53:30 - clientPlatform processing for: hopelessMEOW
2025-06-14 18:53:30 - Client info: , Platform: Windows, Groups: 7
2025-06-14 18:53:30 - Adding platform group 278 for client hopelessMEOW - SUCCESS
2025-06-14 18:54:04 - clientPlatform processing for: Subutay NOYAN
2025-06-14 18:54:04 - Client info: , Platform: Windows, Groups: 266,377
2025-06-14 18:54:04 - Adding platform group 278 for client Subutay NOYAN - SUCCESS
2025-06-14 18:55:44 - clientPlatform processing for: Gosh
2025-06-14 18:55:44 - Client info: , Platform: Windows, Groups: 17,377
2025-06-14 18:55:44 - Adding platform group 278 for client Gosh - SUCCESS
2025-06-14 18:56:29 - clientPlatform processing for: TeamSpeakUser2
2025-06-14 18:56:29 - Client info: , Platform: Windows, Groups: 264,377
2025-06-14 18:56:29 - Adding platform group 278 for client TeamSpeakUser2 - SUCCESS
2025-06-14 18:58:36 - clientPlatform processing for: godless19
2025-06-14 18:58:36 - Client info: , Platform: Windows, Groups: 266,377
2025-06-14 18:58:36 - Adding platform group 278 for client godless19 - SUCCESS
2025-06-14 19:01:04 - clientPlatform processing for: lord
2025-06-14 19:01:04 - Client info: , Platform: Windows, Groups: 265,377
2025-06-14 19:01:04 - Adding platform group 278 for client lord - SUCCESS
2025-06-14 19:01:04 - clientPlatform processing for: lord
2025-06-14 19:01:04 - Client info: , Platform: Windows, Groups: 265,377
2025-06-14 19:01:04 - Group already assigned (detected from error), skipping
2025-06-14 19:01:04 - Adding platform group 278 for client lord - SUCCESS
2025-06-14 19:01:05 - clientPlatform processing for: lord
2025-06-14 19:01:05 - Client info: , Platform: Windows, Groups: 265,377
2025-06-14 19:01:05 - Group already assigned (detected from error), skipping
2025-06-14 19:01:05 - Adding platform group 278 for client lord - SUCCESS
2025-06-14 19:02:51 - clientPlatform processing for: joy
2025-06-14 19:02:51 - Client info: , Platform: Windows, Groups: 265,377
2025-06-14 19:02:51 - Adding platform group 278 for client joy - SUCCESS
2025-06-14 19:02:57 - clientPlatform processing for: Jabberson
2025-06-14 19:02:57 - Client info: , Platform: Windows, Groups: 17,377
2025-06-14 19:02:57 - Adding platform group 278 for client Jabberson - SUCCESS
2025-06-14 19:03:49 - clientPlatform processing for: GSavio
2025-06-14 19:03:49 - Client info: , Platform: Windows, Groups: 266,377
2025-06-14 19:03:49 - Adding platform group 278 for client GSavio - SUCCESS
2025-06-14 19:04:55 - clientPlatform processing for: farkoshka
2025-06-14 19:04:55 - Client info: , Platform: Windows, Groups: 13,377
2025-06-14 19:04:55 - Adding platform group 278 for client farkoshka - SUCCESS
2025-06-14 19:05:33 - clientPlatform processing for: caeciliae
2025-06-14 19:05:33 - Client info: , Platform: Windows, Groups: 15,377
2025-06-14 19:05:33 - Adding platform group 278 for client caeciliae - SUCCESS
2025-06-14 19:06:37 - clientPlatform processing for: tikka345
2025-06-14 19:06:37 - Client info: , Platform: Windows, Groups: 14,377
2025-06-14 19:06:37 - Adding platform group 278 for client tikka345 - SUCCESS
2025-06-14 19:09:53 - clientPlatform processing for: daviddavid1957
2025-06-14 19:09:53 - Client info: , Platform: Windows, Groups: 15,377
2025-06-14 19:09:53 - Adding platform group 278 for client daviddavid1957 - SUCCESS
2025-06-14 19:12:55 - clientPlatform processing for: sanka98
2025-06-14 19:12:55 - Client info: , Platform: Windows, Groups: 264,377
2025-06-14 19:12:55 - Adding platform group 278 for client sanka98 - SUCCESS
2025-06-14 19:12:57 - clientPlatform processing for: FF_Hamburger
2025-06-14 19:12:57 - Client info: , Platform: Windows, Groups: 15,377
2025-06-14 19:12:57 - Adding platform group 278 for client FF_Hamburger - SUCCESS
2025-06-14 19:14:35 - clientPlatform processing for: gOIIIuPAK72
2025-06-14 19:14:35 - Client info: , Platform: Windows, Groups: 11,377
2025-06-14 19:14:35 - Adding platform group 278 for client gOIIIuPAK72 - SUCCESS
2025-06-14 19:16:52 - clientPlatform processing for: LOUIXS
2025-06-14 19:16:52 - Client info: , Platform: Windows, Groups: 12,369
2025-06-14 19:16:52 - Adding platform group 278 for client LOUIXS - SUCCESS
2025-06-14 19:17:20 - clientPlatform processing for: pisun
2025-06-14 19:17:20 - Client info: , Platform: Windows, Groups: 266,377
2025-06-14 19:17:20 - Adding platform group 278 for client pisun - SUCCESS
2025-06-14 19:17:33 - clientPlatform processing for: Subutay NOYAN
2025-06-14 19:17:33 - Client info: , Platform: Windows, Groups: 266,377
2025-06-14 19:17:33 - Adding platform group 278 for client Subutay NOYAN - SUCCESS
2025-06-14 19:17:48 - clientPlatform processing for: Subutay NOYAN
2025-06-14 19:17:48 - Client info: , Platform: Windows, Groups: 266,377
2025-06-14 19:17:48 - Adding platform group 278 for client Subutay NOYAN - SUCCESS
2025-06-14 19:18:09 - clientPlatform processing for: Tufix
2025-06-14 19:18:09 - Client info: , Platform: Windows, Groups: 17,377
2025-06-14 19:18:09 - Adding platform group 278 for client Tufix - SUCCESS
2025-06-14 19:19:58 - clientPlatform processing for: timothysamuelx
2025-06-14 19:19:58 - Client info: , Platform: Windows, Groups: 264,377
2025-06-14 19:19:58 - Adding platform group 278 for client timothysamuelx - SUCCESS
2025-06-14 19:20:12 - clientPlatform processing for: -W1LLL
2025-06-14 19:20:12 - Client info: , Platform: Windows, Groups: 266,377
2025-06-14 19:20:12 - Adding platform group 278 for client -W1LLL - SUCCESS
2025-06-14 19:20:28 - clientPlatform processing for: joy
2025-06-14 19:20:28 - Client info: , Platform: Windows, Groups: 265,377
2025-06-14 19:20:28 - Adding platform group 278 for client joy - SUCCESS
2025-06-14 19:20:58 - clientPlatform processing for: Seyit
2025-06-14 19:20:58 - Client info: , Platform: Windows, Groups: 266,377
2025-06-14 19:20:58 - Adding platform group 278 for client Seyit - SUCCESS
2025-06-14 19:21:45 - clientPlatform processing for: Mix
2025-06-14 19:21:45 - Client info: , Platform: Windows, Groups: 18,377
2025-06-14 19:21:45 - Adding platform group 278 for client Mix - SUCCESS
2025-06-14 19:25:04 - clientPlatform processing for: iiTzMenusha
2025-06-14 19:25:04 - Client info: , Platform: Windows, Groups: 11,377
2025-06-14 19:25:04 - Adding platform group 278 for client iiTzMenusha - SUCCESS
2025-06-14 19:25:26 - clientPlatform processing for: pisun
2025-06-14 19:25:26 - Client info: , Platform: Windows, Groups: 266,377
2025-06-14 19:25:26 - Adding platform group 278 for client pisun - SUCCESS
2025-06-14 19:26:39 - clientPlatform processing for: timothysamuelx
2025-06-14 19:26:39 - Client info: , Platform: Windows, Groups: 264,377
2025-06-14 19:26:39 - Adding platform group 278 for client timothysamuelx - SUCCESS
2025-06-14 19:27:00 - clientPlatform processing for: TeamSpeakUser1
2025-06-14 19:27:00 - Client info: , Platform: Windows, Groups: 11,377
2025-06-14 19:27:00 - Adding platform group 278 for client TeamSpeakUser1 - SUCCESS
2025-06-14 19:27:41 - clientPlatform processing for: EXOPUL
2025-06-14 19:27:41 - Client info: , Platform: Windows, Groups: 7
2025-06-14 19:27:41 - Adding platform group 278 for client EXOPUL - SUCCESS
2025-06-14 19:27:52 - clientPlatform processing for: Ghost
2025-06-14 19:27:52 - Client info: , Platform: Windows, Groups: 19,377
2025-06-14 19:27:52 - Adding platform group 278 for client Ghost - SUCCESS
2025-06-14 19:31:41 - clientPlatform processing for: Viko(ع)
2025-06-14 19:31:41 - Client info: , Platform: Windows, Groups: 13,377
2025-06-14 19:31:41 - Adding platform group 278 for client Viko(ع) - SUCCESS
2025-06-14 19:32:49 - clientPlatform processing for: awegawg
2025-06-14 19:32:49 - Client info: , Platform: Windows, Groups: 17,377
2025-06-14 19:32:49 - Adding platform group 278 for client awegawg - SUCCESS
2025-06-14 19:33:47 - clientPlatform processing for: Epicsoldier994
2025-06-14 19:33:47 - Client info: , Platform: Windows, Groups: 266,377
2025-06-14 19:33:47 - Adding platform group 278 for client Epicsoldier994 - SUCCESS
2025-06-14 19:34:08 - clientPlatform processing for: nox
2025-06-14 19:34:08 - Client info: , Platform: Windows, Groups: 266,377
2025-06-14 19:34:08 - Adding platform group 278 for client nox - SUCCESS
2025-06-14 19:35:46 - clientPlatform processing for: !Elyas:)
2025-06-14 19:35:46 - Client info: , Platform: Windows, Groups: 7
2025-06-14 19:35:46 - Adding platform group 278 for client !Elyas:) - SUCCESS
2025-06-14 19:35:55 - clientPlatform processing for: Viko(ع)
2025-06-14 19:35:55 - Client info: , Platform: Windows, Groups: 13,377
2025-06-14 19:35:55 - Adding platform group 278 for client Viko(ع) - SUCCESS
2025-06-14 19:36:48 - clientPlatform processing for: zui
2025-06-14 19:36:48 - Client info: , Platform: Windows, Groups: 266,377
2025-06-14 19:36:48 - Adding platform group 278 for client zui - SUCCESS
2025-06-14 19:37:54 - clientPlatform processing for: Richard_TH
2025-06-14 19:37:54 - Client info: , Platform: Windows, Groups: 18,377
2025-06-14 19:37:54 - Adding platform group 278 for client Richard_TH - SUCCESS
2025-06-14 19:38:06 - clientPlatform processing for: tenshin_non
2025-06-14 19:38:06 - Client info: , Platform: Windows, Groups: 18,377
2025-06-14 19:38:06 - Adding platform group 278 for client tenshin_non - SUCCESS
2025-06-14 19:39:11 - clientPlatform processing for: ince
2025-06-14 19:39:11 - Client info: , Platform: Windows, Groups: 13,377
2025-06-14 19:39:11 - Adding platform group 278 for client ince - SUCCESS
2025-06-14 19:40:48 - clientPlatform processing for: chapa
2025-06-14 19:40:48 - Client info: , Platform: Windows, Groups: 19,377,437,440
2025-06-14 19:40:48 - Adding platform group 278 for client chapa - SUCCESS
2025-06-14 19:41:09 - clientPlatform processing for: Kadir
2025-06-14 19:41:09 - Client info: , Platform: Windows, Groups: 13,377
2025-06-14 19:41:09 - Adding platform group 278 for client Kadir - SUCCESS
2025-06-14 19:42:07 - clientPlatform processing for: Last
2025-06-14 19:42:07 - Client info: , Platform: Windows, Groups: 266,377
2025-06-14 19:42:07 - Adding platform group 278 for client Last - SUCCESS
2025-06-14 19:45:02 - clientPlatform processing for: sperman31
2025-06-14 19:45:02 - Client info: , Platform: Windows, Groups: 12,377
2025-06-14 19:45:02 - Adding platform group 278 for client sperman31 - SUCCESS
2025-06-14 19:47:48 - clientPlatform processing for: Junior
2025-06-14 19:47:48 - Client info: , Platform: Windows, Groups: 14,377
2025-06-14 19:47:48 - Adding platform group 278 for client Junior - SUCCESS
2025-06-14 19:50:44 - clientPlatform processing for: hugao
2025-06-14 19:50:44 - Client info: , Platform: Windows, Groups: 13,377
2025-06-14 19:50:44 - Adding platform group 278 for client hugao - SUCCESS
2025-06-14 19:50:47 - clientPlatform processing for: Noble
2025-06-14 19:50:47 - Client info: , Platform: Windows, Groups: 7
2025-06-14 19:50:47 - Adding platform group 278 for client Noble - SUCCESS
2025-06-14 19:50:48 - clientPlatform processing for: Amir
2025-06-14 19:50:48 - Client info: , Platform: Windows, Groups: 7
2025-06-14 19:50:48 - Adding platform group 278 for client Amir - SUCCESS
2025-06-14 19:50:48 - clientPlatform processing for: Amir
2025-06-14 19:50:48 - Client info: , Platform: Windows, Groups: 7
2025-06-14 19:50:48 - Group already assigned (detected from error), skipping
2025-06-14 19:50:48 - Adding platform group 278 for client Amir - SUCCESS
2025-06-14 19:50:48 - clientPlatform processing for: Amir
2025-06-14 19:50:48 - Client info: , Platform: Windows, Groups: 7
2025-06-14 19:50:48 - Group already assigned (detected from error), skipping
2025-06-14 19:50:48 - Adding platform group 278 for client Amir - SUCCESS
2025-06-14 19:51:32 - clientPlatform processing for: gOIIIuPAK72
2025-06-14 19:51:32 - Client info: , Platform: Windows, Groups: 11,377
2025-06-14 19:51:32 - Adding platform group 278 for client gOIIIuPAK72 - SUCCESS
2025-06-14 19:51:33 - clientPlatform processing for: makpyn
2025-06-14 19:51:33 - Client info: , Platform: Windows, Groups: 266,377
2025-06-14 19:51:33 - Adding platform group 278 for client makpyn - SUCCESS
2025-06-14 19:57:43 - clientPlatform processing for: Subutay NOYAN
2025-06-14 19:57:43 - Client info: , Platform: Windows, Groups: 266,377
2025-06-14 19:57:43 - Adding platform group 278 for client Subutay NOYAN - SUCCESS
2025-06-14 19:59:03 - clientPlatform processing for: шароёб
2025-06-14 19:59:03 - Client info: , Platform: Windows, Groups: 263,377
2025-06-14 19:59:03 - Adding platform group 278 for client шароёб - SUCCESS
2025-06-14 20:00:58 - clientPlatform processing for: Jabberson
2025-06-14 20:00:58 - Client info: , Platform: Windows, Groups: 17,377
2025-06-14 20:00:58 - Adding platform group 278 for client Jabberson - SUCCESS
2025-06-14 20:01:37 - clientPlatform processing for: Sqzzz
2025-06-14 20:01:37 - Client info: , Platform: Windows, Groups: 13,377
2025-06-14 20:01:37 - Adding platform group 278 for client Sqzzz - SUCCESS
2025-06-14 20:02:06 - clientPlatform processing for: Kham
2025-06-14 20:02:06 - Client info: , Platform: Windows, Groups: 13,377
2025-06-14 20:02:06 - Adding platform group 278 for client Kham - SUCCESS
2025-06-14 20:04:06 - clientPlatform processing for: Ka1ri
2025-06-14 20:04:06 - Client info: , Platform: Windows, Groups: 264,377
2025-06-14 20:04:06 - Adding platform group 278 for client Ka1ri - SUCCESS
2025-06-14 20:07:54 - clientPlatform processing for: Jaws
2025-06-14 20:07:54 - Client info: , Platform: Windows, Groups: 266,377
2025-06-14 20:07:54 - Adding platform group 278 for client Jaws - SUCCESS
2025-06-14 20:09:29 - clientPlatform processing for: Sqzzz
2025-06-14 20:09:29 - Client info: , Platform: Windows, Groups: 13,377
2025-06-14 20:09:29 - Adding platform group 278 for client Sqzzz - SUCCESS
2025-06-14 20:09:38 - clientPlatform processing for: weow
2025-06-14 20:09:38 - Client info: , Platform: Windows, Groups: 266,377
2025-06-14 20:09:38 - Adding platform group 278 for client weow - SUCCESS
2025-06-14 20:10:08 - clientPlatform processing for: Kham
2025-06-14 20:10:08 - Client info: , Platform: Windows, Groups: 13,377
2025-06-14 20:10:08 - Adding platform group 278 for client Kham - SUCCESS
2025-06-14 20:10:10 - clientPlatform processing for: Sqzzz
2025-06-14 20:10:10 - Client info: , Platform: Windows, Groups: 13,377
2025-06-14 20:10:10 - Adding platform group 278 for client Sqzzz - SUCCESS
2025-06-14 20:11:12 - clientPlatform processing for: nAnu
2025-06-14 20:11:12 - Client info: , Platform: Windows, Groups: 15,377
2025-06-14 20:11:12 - Adding platform group 278 for client nAnu - SUCCESS
2025-06-14 20:13:36 - clientPlatform processing for: HUESOS
2025-06-14 20:13:36 - Client info: , Platform: Windows, Groups: 14,377
2025-06-14 20:13:36 - Adding platform group 278 for client HUESOS - SUCCESS
2025-06-14 20:15:33 - clientPlatform processing for: !Elyas:)
2025-06-14 20:15:33 - Client info: , Platform: Windows, Groups: 8,369
2025-06-14 20:15:33 - Adding platform group 278 for client !Elyas:) - SUCCESS
2025-06-14 20:17:50 - clientPlatform processing for: whoismert
2025-06-14 20:17:50 - Client info: , Platform: Windows, Groups: 17,377
2025-06-14 20:17:50 - Adding platform group 278 for client whoismert - SUCCESS
2025-06-14 20:23:23 - clientPlatform processing for: TeamSpeakUser
2025-06-14 20:23:23 - Client info: , Platform: Windows, Groups: 11,377
2025-06-14 20:23:24 - Adding platform group 278 for client TeamSpeakUser - SUCCESS
2025-06-14 20:24:08 - clientPlatform processing for: Druid Сrow 🦅
2025-06-14 20:24:08 - Client info: , Platform: Windows, Groups: 19,377
2025-06-14 20:24:08 - Adding platform group 278 for client Druid Сrow 🦅 - SUCCESS
2025-06-14 20:24:26 - clientPlatform processing for: MrMIST14
2025-06-14 20:24:26 - Client info: , Platform: Windows, Groups: 15,377
2025-06-14 20:24:26 - Adding platform group 278 for client MrMIST14 - SUCCESS
2025-06-14 20:35:42 - clientPlatform processing for: добрий вечір
2025-06-14 20:35:42 - Client info: , Platform: Windows, Groups: 13,377
2025-06-14 20:35:42 - Adding platform group 278 for client добрий вечір - SUCCESS
2025-06-14 20:42:17 - clientPlatform processing for: joy
2025-06-14 20:42:17 - Client info: , Platform: Windows, Groups: 265,377
2025-06-14 20:42:17 - Adding platform group 278 for client joy - SUCCESS
2025-06-14 20:43:26 - clientPlatform processing for: DarkZX
2025-06-14 20:43:26 - Client info: , Platform: Windows, Groups: 19,377
2025-06-14 20:43:26 - Adding platform group 278 for client DarkZX - SUCCESS
2025-06-14 20:47:03 - clientPlatform processing for: klozzer
2025-06-14 20:47:03 - Client info: , Platform: Windows, Groups: 264,377
2025-06-14 20:47:03 - Adding platform group 278 for client klozzer - SUCCESS
2025-06-14 20:50:52 - clientPlatform processing for: Sqzzz
2025-06-14 20:50:52 - Client info: , Platform: Windows, Groups: 13,377
2025-06-14 20:50:52 - Adding platform group 278 for client Sqzzz - SUCCESS
2025-06-14 20:52:28 - clientPlatform processing for: astraiser
2025-06-14 20:52:28 - Client info: , Platform: Windows, Groups: 17,377
2025-06-14 20:52:28 - Adding platform group 278 for client astraiser - SUCCESS
2025-06-14 20:54:40 - clientPlatform processing for: Manwe
2025-06-14 20:54:40 - Client info: , Platform: Windows, Groups: 266,377
2025-06-14 20:54:40 - Adding platform group 278 for client Manwe - SUCCESS
2025-06-14 20:56:33 - clientPlatform processing for: Xeysull
2025-06-14 20:56:33 - Client info: , Platform: Windows, Groups: 12,377
2025-06-14 20:56:33 - Adding platform group 278 for client Xeysull - SUCCESS
2025-06-14 20:56:46 - clientPlatform processing for: vitinholindao
2025-06-14 20:56:46 - Client info: , Platform: Windows, Groups: 12,377
2025-06-14 20:56:46 - Adding platform group 278 for client vitinholindao - SUCCESS
2025-06-14 20:59:49 - clientPlatform processing for: Namja
2025-06-14 20:59:49 - Client info: , Platform: iOS, Groups: 10,369
2025-06-14 20:59:49 - Adding platform group 281 for client Namja - SUCCESS
2025-06-14 21:00:22 - clientPlatform processing for: ph0x
2025-06-14 21:00:22 - Client info: , Platform: Windows, Groups: 266,377
2025-06-14 21:00:22 - Adding platform group 278 for client ph0x - SUCCESS
2025-06-14 21:00:41 - clientPlatform processing for: PastA1
2025-06-14 21:00:41 - Client info: , Platform: Windows, Groups: 263,377
2025-06-14 21:00:41 - Adding platform group 278 for client PastA1 - SUCCESS
2025-06-14 21:01:09 - clientPlatform processing for: MC durak
2025-06-14 21:01:09 - Client info: , Platform: Windows, Groups: 266,377
2025-06-14 21:01:09 - Adding platform group 278 for client MC durak - SUCCESS
2025-06-14 21:01:25 - clientPlatform processing for: TeamSpeakUser1
2025-06-14 21:01:25 - Client info: , Platform: Windows, Groups: 14,377
2025-06-14 21:01:25 - Adding platform group 278 for client TeamSpeakUser1 - SUCCESS
2025-06-14 21:04:28 - clientPlatform processing for: Noble
2025-06-14 21:04:28 - Client info: , Platform: Windows, Groups: 9,369
2025-06-14 21:04:28 - Adding platform group 278 for client Noble - SUCCESS
2025-06-14 21:06:32 - clientPlatform processing for: Noble
2025-06-14 21:06:32 - Client info: , Platform: Windows, Groups: 9,369
2025-06-14 21:06:32 - Adding platform group 278 for client Noble - SUCCESS
2025-06-14 21:07:41 - clientPlatform processing for: zero
2025-06-14 21:07:41 - Client info: , Platform: Windows, Groups: 263,377
2025-06-14 21:07:41 - Adding platform group 278 for client zero - SUCCESS
2025-06-14 21:11:25 - clientPlatform processing for: GENERAL MOTORS
2025-06-14 21:11:25 - Client info: , Platform: Windows, Groups: 266,377
2025-06-14 21:11:25 - Adding platform group 278 for client GENERAL MOTORS - SUCCESS
2025-06-14 21:13:00 - clientPlatform processing for: crzfrg77
2025-06-14 21:13:00 - Client info: , Platform: Windows, Groups: 263,377
2025-06-14 21:13:00 - Adding platform group 278 for client crzfrg77 - SUCCESS
2025-06-14 21:13:00 - clientPlatform processing for: crzfrg77
2025-06-14 21:13:00 - Client info: , Platform: Windows, Groups: 263,377
2025-06-14 21:13:00 - Group already assigned (detected from error), skipping
2025-06-14 21:13:00 - Adding platform group 278 for client crzfrg77 - SUCCESS
2025-06-14 21:13:01 - clientPlatform processing for: crzfrg77
2025-06-14 21:13:01 - Client info: , Platform: Windows, Groups: 263,377
2025-06-14 21:13:01 - Group already assigned (detected from error), skipping
2025-06-14 21:13:01 - Adding platform group 278 for client crzfrg77 - SUCCESS
2025-06-14 21:17:24 - clientPlatform processing for: Platonuch_UA
2025-06-14 21:17:24 - Client info: , Platform: Windows, Groups: 20,377
2025-06-14 21:17:24 - Adding platform group 278 for client Platonuch_UA - SUCCESS
2025-06-14 21:18:52 - clientPlatform processing for: HF IN GAME DANNY
2025-06-14 21:18:52 - Client info: , Platform: Windows, Groups: 265,377
2025-06-14 21:18:52 - Adding platform group 278 for client HF IN GAME DANNY - SUCCESS
2025-06-14 21:20:23 - clientPlatform processing for: bohun ivan
2025-06-14 21:20:23 - Client info: , Platform: Windows, Groups: 263,377
2025-06-14 21:20:23 - Adding platform group 278 for client bohun ivan - SUCCESS
2025-06-14 21:20:25 - clientPlatform processing for: Hero
2025-06-14 21:20:25 - Client info: , Platform: Windows, Groups: 263,377
2025-06-14 21:20:25 - Adding platform group 278 for client Hero - SUCCESS
2025-06-14 21:21:03 - clientPlatform processing for: Reddington
2025-06-14 21:21:03 - Client info: , Platform: Windows, Groups: 17,377
2025-06-14 21:21:03 - Adding platform group 278 for client Reddington - SUCCESS
2025-06-14 21:21:56 - clientPlatform processing for: scarzinha
2025-06-14 21:21:56 - Client info: , Platform: Windows, Groups: 7
2025-06-14 21:21:56 - Adding platform group 278 for client scarzinha - SUCCESS
2025-06-14 21:22:27 - clientPlatform processing for: scarzinha
2025-06-14 21:22:27 - Client info: , Platform: Windows, Groups: 8,369
2025-06-14 21:22:27 - Adding platform group 278 for client scarzinha - SUCCESS
2025-06-14 21:22:55 - clientPlatform processing for: Noble
2025-06-14 21:22:55 - Client info: , Platform: Windows, Groups: 9,369
2025-06-14 21:22:55 - Adding platform group 278 for client Noble - SUCCESS
2025-06-14 21:23:00 - clientPlatform processing for: SweetGame1
2025-06-14 21:23:00 - Client info: , Platform: Windows, Groups: 266,377
2025-06-14 21:23:00 - Adding platform group 278 for client SweetGame1 - SUCCESS
2025-06-14 21:23:01 - clientPlatform processing for: brilpill
2025-06-14 21:23:01 - Client info: , Platform: Windows, Groups: 14,377
2025-06-14 21:23:01 - Adding platform group 278 for client brilpill - SUCCESS
2025-06-14 21:23:02 - clientPlatform processing for: brilpill
2025-06-14 21:23:02 - Client info: , Platform: Windows, Groups: 14,377
2025-06-14 21:23:02 - Group already assigned (detected from error), skipping
2025-06-14 21:23:02 - Adding platform group 278 for client brilpill - SUCCESS
2025-06-14 21:23:02 - clientPlatform processing for: brilpill
2025-06-14 21:23:02 - Client info: , Platform: Windows, Groups: 14,377
2025-06-14 21:23:02 - Group already assigned (detected from error), skipping
2025-06-14 21:23:02 - Adding platform group 278 for client brilpill - SUCCESS
2025-06-14 21:23:17 - clientPlatform processing for: AlexQc
2025-06-14 21:23:17 - Client info: , Platform: Windows, Groups: 266,377
2025-06-14 21:23:17 - Adding platform group 278 for client AlexQc - SUCCESS
2025-06-14 21:25:02 - clientPlatform processing for: AlexQc
2025-06-14 21:25:02 - Client info: , Platform: Windows, Groups: 266,377
2025-06-14 21:25:02 - Adding platform group 278 for client AlexQc - SUCCESS
2025-06-14 21:26:00 - clientPlatform processing for: Сика
2025-06-14 21:26:00 - Client info: , Platform: Windows, Groups: 266,377
2025-06-14 21:26:00 - Adding platform group 278 for client Сика - SUCCESS
2025-06-14 21:28:45 - clientPlatform processing for: FataL1Day
2025-06-14 21:28:45 - Client info: , Platform: Windows, Groups: 266,377
2025-06-14 21:28:45 - Adding platform group 278 for client FataL1Day - SUCCESS
2025-06-14 21:28:48 - clientPlatform processing for: digitalmix
2025-06-14 21:28:48 - Client info: , Platform: Windows, Groups: 266,377
2025-06-14 21:28:48 - Adding platform group 278 for client digitalmix - SUCCESS
2025-06-14 21:28:48 - clientPlatform processing for: digitalmix
2025-06-14 21:28:48 - Client info: , Platform: Windows, Groups: 266,377
2025-06-14 21:28:48 - Group already assigned (detected from error), skipping
2025-06-14 21:28:48 - Adding platform group 278 for client digitalmix - SUCCESS
2025-06-14 21:28:48 - clientPlatform processing for: digitalmix
2025-06-14 21:28:48 - Client info: , Platform: Windows, Groups: 266,377
2025-06-14 21:28:48 - Group already assigned (detected from error), skipping
2025-06-14 21:28:48 - Adding platform group 278 for client digitalmix - SUCCESS
2025-06-14 21:31:31 - clientPlatform processing for: caeciliae
2025-06-14 21:31:31 - Client info: , Platform: Windows, Groups: 15,377
2025-06-14 21:31:31 - Adding platform group 278 for client caeciliae - SUCCESS
2025-06-14 21:31:44 - clientPlatform processing for: anastasiasos
2025-06-14 21:31:44 - Client info: , Platform: Windows, Groups: 14,377
2025-06-14 21:31:44 - Adding platform group 278 for client anastasiasos - SUCCESS
2025-06-14 21:34:29 - clientPlatform processing for: anastasiasos
2025-06-14 21:34:29 - Client info: , Platform: Windows, Groups: 14,377
2025-06-14 21:34:29 - Adding platform group 278 for client anastasiasos - SUCCESS
2025-06-14 21:35:07 - clientPlatform processing for: ✞..¢яıмıиαł..✞
2025-06-14 21:35:07 - Client info: , Platform: Windows, Groups: 15,377
2025-06-14 21:35:07 - Adding platform group 278 for client ✞..¢яıмıиαł..✞ - SUCCESS
2025-06-14 21:36:10 - clientPlatform processing for: Barış
2025-06-14 21:36:10 - Client info: , Platform: Windows, Groups: 264,377
2025-06-14 21:36:10 - Adding platform group 278 for client Barış - SUCCESS
2025-06-14 21:38:28 - clientPlatform processing for: ChaRLIE
2025-06-14 21:38:28 - Client info: , Platform: Windows, Groups: 266,377
2025-06-14 21:38:28 - Adding platform group 278 for client ChaRLIE - SUCCESS
2025-06-14 21:39:57 - clientPlatform processing for: Tor4am
2025-06-14 21:39:57 - Client info: , Platform: Windows, Groups: 263,377
2025-06-14 21:39:57 - Adding platform group 278 for client Tor4am - SUCCESS
2025-06-14 21:41:07 - clientPlatform processing for: Musto
2025-06-14 21:41:07 - Client info: , Platform: Windows, Groups: 266,285,377
2025-06-14 21:41:07 - Adding platform group 278 for client Musto - SUCCESS
2025-06-14 21:47:47 - clientPlatform processing for: credolls
2025-06-14 21:47:47 - Client info: , Platform: Windows, Groups: 18,377
2025-06-14 21:47:47 - Adding platform group 278 for client credolls - SUCCESS
2025-06-14 21:49:27 - clientPlatform processing for: macknololl
2025-06-14 21:49:27 - Client info: , Platform: Windows, Groups: 7
2025-06-14 21:49:27 - Adding platform group 278 for client macknololl - SUCCESS
2025-06-14 21:52:09 - clientPlatform processing for: Noble
2025-06-14 21:52:09 - Client info: , Platform: Windows, Groups: 9,369
2025-06-14 21:52:09 - Adding platform group 278 for client Noble - SUCCESS
2025-06-14 22:02:31 - clientPlatform processing for: TeamSpeakUser1
2025-06-14 22:02:31 - Client info: , Platform: Windows, Groups: 266,377
2025-06-14 22:02:31 - Adding platform group 278 for client TeamSpeakUser1 - SUCCESS
2025-06-14 22:03:02 - clientPlatform processing for: TeamSpeakUser1
2025-06-14 22:03:02 - Client info: , Platform: Windows, Groups: 266,377
2025-06-14 22:03:02 - Adding platform group 278 for client TeamSpeakUser1 - SUCCESS
2025-06-14 22:03:30 - clientPlatform processing for: artembill
2025-06-14 22:03:30 - Client info: , Platform: macOS, Groups: 265,377
2025-06-14 22:03:30 - Adding platform group 280 for client artembill - SUCCESS
2025-06-14 22:06:56 - clientPlatform processing for: wadas
2025-06-14 22:06:56 - Client info: , Platform: Windows, Groups: 266,377
2025-06-14 22:06:56 - Adding platform group 278 for client wadas - SUCCESS
2025-06-14 22:07:47 - clientPlatform processing for: RoburOO
2025-06-14 22:07:47 - Client info: , Platform: Windows, Groups: 266,377
2025-06-14 22:07:47 - Adding platform group 278 for client RoburOO - SUCCESS
2025-06-14 22:09:58 - clientPlatform processing for: RoburOO
2025-06-14 22:09:58 - Client info: , Platform: Windows, Groups: 266,377
2025-06-14 22:09:58 - Adding platform group 278 for client RoburOO - SUCCESS
2025-06-14 22:12:56 - clientPlatform processing for: yusufppks
2025-06-14 22:12:56 - Client info: , Platform: Windows, Groups: 266,377
2025-06-14 22:12:56 - Adding platform group 278 for client yusufppks - SUCCESS
2025-06-14 22:16:17 - clientPlatform processing for: Noble
2025-06-14 22:16:17 - Client info: , Platform: Windows, Groups: 9,369
2025-06-14 22:16:17 - Adding platform group 278 for client Noble - SUCCESS
2025-06-14 22:17:16 - clientPlatform processing for: MrMIST14
2025-06-14 22:17:16 - Client info: , Platform: Windows, Groups: 15,377
2025-06-14 22:17:16 - Adding platform group 278 for client MrMIST14 - SUCCESS
2025-06-14 22:17:46 - clientPlatform processing for: AlvaRoniX$
2025-06-14 22:17:46 - Client info: , Platform: Windows, Groups: 33,161,377
2025-06-14 22:17:46 - Adding platform group 278 for client AlvaRoniX$ - SUCCESS
2025-06-14 22:20:28 - clientPlatform processing for: TeamSpeakUser2
2025-06-14 22:20:28 - Client info: , Platform: Windows, Groups: 264,377
2025-06-14 22:20:28 - Adding platform group 278 for client TeamSpeakUser2 - SUCCESS
2025-06-14 22:21:39 - clientPlatform processing for: w1nd1x
2025-06-14 22:21:39 - Client info: , Platform: Windows, Groups: 266,377
2025-06-14 22:21:39 - Adding platform group 278 for client w1nd1x - SUCCESS
2025-06-14 22:23:08 - clientPlatform processing for: dimafreddyy
2025-06-14 22:23:08 - Client info: , Platform: Windows, Groups: 266,377
2025-06-14 22:23:08 - Adding platform group 278 for client dimafreddyy - SUCCESS
2025-06-14 22:23:19 - clientPlatform processing for: wadas
2025-06-14 22:23:19 - Client info: , Platform: Windows, Groups: 266,377
2025-06-14 22:23:19 - Adding platform group 278 for client wadas - SUCCESS
2025-06-14 22:23:52 - clientPlatform processing for: Noble
2025-06-14 22:23:52 - Client info: , Platform: Windows, Groups: 9,369
2025-06-14 22:23:52 - Adding platform group 278 for client Noble - SUCCESS
2025-06-14 22:23:58 - clientPlatform processing for: ZeyphiZ
2025-06-14 22:23:58 - Client info: , Platform: Windows, Groups: 14,377
2025-06-14 22:23:58 - Adding platform group 278 for client ZeyphiZ - SUCCESS
2025-06-14 22:25:09 - clientPlatform processing for: Agilex
2025-06-14 22:25:09 - Client info: , Platform: Windows, Groups: 264,377
2025-06-14 22:25:09 - Adding platform group 278 for client Agilex - SUCCESS
2025-06-14 22:25:24 - clientPlatform processing for: дядя педя
2025-06-14 22:25:24 - Client info: , Platform: Windows, Groups: 12,377
2025-06-14 22:25:24 - Adding platform group 278 for client дядя педя - SUCCESS
2025-06-14 22:25:35 - clientPlatform processing for: Василий КлаваКока
2025-06-14 22:25:35 - Client info: , Platform: Windows, Groups: 9,377
2025-06-14 22:25:35 - Adding platform group 278 for client Василий КлаваКока - SUCCESS
2025-06-14 22:26:30 - clientPlatform processing for: дядя педя
2025-06-14 22:26:30 - Client info: , Platform: Windows, Groups: 12,377
2025-06-14 22:26:30 - Adding platform group 278 for client дядя педя - SUCCESS
2025-06-14 22:28:11 - clientPlatform processing for: ZeyphiZ
2025-06-14 22:28:11 - Client info: , Platform: Windows, Groups: 14,377
2025-06-14 22:28:11 - Adding platform group 278 for client ZeyphiZ - SUCCESS
2025-06-14 22:28:34 - clientPlatform processing for: RoburOO
2025-06-14 22:28:34 - Client info: , Platform: Windows, Groups: 266,377
2025-06-14 22:28:34 - Adding platform group 278 for client RoburOO - SUCCESS
2025-06-14 22:28:36 - clientPlatform processing for: crzfrg77
2025-06-14 22:28:36 - Client info: , Platform: Windows, Groups: 263,377
2025-06-14 22:28:36 - Adding platform group 278 for client crzfrg77 - SUCCESS
2025-06-14 22:28:47 - clientPlatform processing for: wadas
2025-06-14 22:28:47 - Client info: , Platform: Windows, Groups: 266,377
2025-06-14 22:28:47 - Adding platform group 278 for client wadas - SUCCESS
2025-06-14 22:29:10 - clientPlatform processing for: KC_Agee
2025-06-14 22:29:10 - Client info: , Platform: Windows, Groups: 13,377
2025-06-14 22:29:10 - Adding platform group 278 for client KC_Agee - SUCCESS
2025-06-14 22:30:10 - clientPlatform processing for: Noble
2025-06-14 22:30:10 - Client info: , Platform: Windows, Groups: 9,369
2025-06-14 22:30:10 - Adding platform group 278 for client Noble - SUCCESS
2025-06-14 22:30:12 - clientPlatform processing for: nAnu
2025-06-14 22:30:12 - Client info: , Platform: Windows, Groups: 15,377
2025-06-14 22:30:12 - Adding platform group 278 for client nAnu - SUCCESS
2025-06-14 22:30:28 - clientPlatform processing for: TeamSpeakUser2
2025-06-14 22:30:28 - Client info: , Platform: Windows, Groups: 7
2025-06-14 22:30:28 - Adding platform group 278 for client TeamSpeakUser2 - SUCCESS
2025-06-14 22:31:59 - clientPlatform processing for: Reddington
2025-06-14 22:31:59 - Client info: , Platform: Windows, Groups: 17,377
2025-06-14 22:31:59 - Adding platform group 278 for client Reddington - SUCCESS
2025-06-14 22:32:00 - clientPlatform processing for: Rowyn
2025-06-14 22:32:00 - Client info: , Platform: Windows, Groups: 18,377
2025-06-14 22:32:00 - Adding platform group 278 for client Rowyn - SUCCESS
2025-06-14 22:32:00 - clientPlatform processing for: Rowyn
2025-06-14 22:32:00 - Client info: , Platform: Windows, Groups: 18,377
2025-06-14 22:32:00 - Group already assigned (detected from error), skipping
2025-06-14 22:32:00 - Adding platform group 278 for client Rowyn - SUCCESS
2025-06-14 22:32:01 - clientPlatform processing for: Rowyn
2025-06-14 22:32:01 - Client info: , Platform: Windows, Groups: 18,377
2025-06-14 22:32:01 - Group already assigned (detected from error), skipping
2025-06-14 22:32:01 - Adding platform group 278 for client Rowyn - SUCCESS
2025-06-14 22:32:09 - clientPlatform processing for: Seyit
2025-06-14 22:32:09 - Client info: , Platform: Windows, Groups: 266,377
2025-06-14 22:32:09 - Adding platform group 278 for client Seyit - SUCCESS
2025-06-14 22:32:19 - clientPlatform processing for: R6M4IN
2025-06-14 22:32:19 - Client info: , Platform: Windows, Groups: 266,377
2025-06-14 22:32:19 - Adding platform group 278 for client R6M4IN - SUCCESS
2025-06-14 22:33:12 - clientPlatform processing for: Joss
2025-06-14 22:33:12 - Client info: , Platform: Windows, Groups: 265,377
2025-06-14 22:33:12 - Adding platform group 278 for client Joss - SUCCESS
2025-06-14 22:34:47 - clientPlatform processing for: TeamSpeakUser2
2025-06-14 22:34:47 - Client info: , Platform: Windows, Groups: 7
2025-06-14 22:34:47 - Adding platform group 278 for client TeamSpeakUser2 - SUCCESS
2025-06-14 22:35:09 - clientPlatform processing for: mishechcaty
2025-06-14 22:35:09 - Client info: , Platform: Windows, Groups: 264,377
2025-06-14 22:35:09 - Adding platform group 278 for client mishechcaty - SUCCESS
2025-06-14 22:35:58 - clientPlatform processing for: dimafreddyy
2025-06-14 22:35:58 - Client info: , Platform: Windows, Groups: 266,377
2025-06-14 22:35:58 - Adding platform group 278 for client dimafreddyy - SUCCESS
2025-06-14 22:38:49 - clientPlatform processing for: brilpill
2025-06-14 22:38:49 - Client info: , Platform: Windows, Groups: 14,377
2025-06-14 22:38:49 - Adding platform group 278 for client brilpill - SUCCESS
2025-06-14 22:39:08 - clientPlatform processing for: Murchick
2025-06-14 22:39:08 - Client info: , Platform: Windows, Groups: 265,377
2025-06-14 22:39:08 - Adding platform group 278 for client Murchick - SUCCESS
2025-06-14 22:39:19 - clientPlatform processing for: Murchick
2025-06-14 22:39:19 - Client info: , Platform: Windows, Groups: 265,377
2025-06-14 22:39:19 - Adding platform group 278 for client Murchick - SUCCESS
2025-06-14 22:41:11 - clientPlatform processing for: Seyit
2025-06-14 22:41:11 - Client info: , Platform: Windows, Groups: 266,377
2025-06-14 22:41:11 - Adding platform group 278 for client Seyit - SUCCESS
2025-06-14 22:41:13 - clientPlatform processing for: Rowyn
2025-06-14 22:41:13 - Client info: , Platform: Windows, Groups: 18,377
2025-06-14 22:41:13 - Adding platform group 278 for client Rowyn - SUCCESS
2025-06-14 22:41:14 - clientPlatform processing for: Reddington
2025-06-14 22:41:14 - Client info: , Platform: Windows, Groups: 17,377
2025-06-14 22:41:14 - Adding platform group 278 for client Reddington - SUCCESS
2025-06-14 22:41:14 - clientPlatform processing for: Reddington
2025-06-14 22:41:14 - Client info: , Platform: Windows, Groups: 17,377
2025-06-14 22:41:14 - Group already assigned (detected from error), skipping
2025-06-14 22:41:14 - Adding platform group 278 for client Reddington - SUCCESS
2025-06-14 22:41:14 - clientPlatform processing for: Reddington
2025-06-14 22:41:14 - Client info: , Platform: Windows, Groups: 17,377
2025-06-14 22:41:14 - Group already assigned (detected from error), skipping
2025-06-14 22:41:14 - Adding platform group 278 for client Reddington - SUCCESS
2025-06-14 22:45:40 - clientPlatform processing for: Rowyn
2025-06-14 22:45:40 - Client info: , Platform: Windows, Groups: 18,377
2025-06-14 22:45:40 - Adding platform group 278 for client Rowyn - SUCCESS
2025-06-14 22:45:43 - clientPlatform processing for: Reddington
2025-06-14 22:45:43 - Client info: , Platform: Windows, Groups: 17,377
2025-06-14 22:45:43 - Adding platform group 278 for client Reddington - SUCCESS
2025-06-14 22:45:45 - clientPlatform processing for: Seyit
2025-06-14 22:45:45 - Client info: , Platform: Windows, Groups: 266,377
2025-06-14 22:45:45 - Adding platform group 278 for client Seyit - SUCCESS
2025-06-14 22:47:06 - clientPlatform processing for: AlvaRoniX$
2025-06-14 22:47:06 - Client info: , Platform: Windows, Groups: 33,161,377
2025-06-14 22:47:06 - Adding platform group 278 for client AlvaRoniX$ - SUCCESS
2025-06-14 22:51:44 - clientPlatform processing for: Rowyn
2025-06-14 22:51:44 - Client info: , Platform: Windows, Groups: 18,377
2025-06-14 22:51:44 - Adding platform group 278 for client Rowyn - SUCCESS
2025-06-14 22:51:49 - clientPlatform processing for: Reddington
2025-06-14 22:51:49 - Client info: , Platform: Windows, Groups: 17,377
2025-06-14 22:51:49 - Adding platform group 278 for client Reddington - SUCCESS
2025-06-14 22:52:53 - clientPlatform processing for: Murchick
2025-06-14 22:52:53 - Client info: , Platform: Windows, Groups: 265,377
2025-06-14 22:52:53 - Adding platform group 278 for client Murchick - SUCCESS
2025-06-14 22:53:45 - clientPlatform processing for: FXjulius
2025-06-14 22:53:45 - Client info: , Platform: Windows, Groups: 266,377
2025-06-14 22:53:45 - Adding platform group 278 for client FXjulius - SUCCESS
2025-06-14 22:53:53 - clientPlatform processing for: TeamSpeakUser2
2025-06-14 22:53:53 - Client info: , Platform: Windows, Groups: 15,377
2025-06-14 22:53:53 - Adding platform group 278 for client TeamSpeakUser2 - SUCCESS
2025-06-14 22:56:12 - clientPlatform processing for: TeamSpeakUser3
2025-06-14 22:56:12 - Client info: , Platform: Windows, Groups: 14,377
2025-06-14 22:56:12 - Adding platform group 278 for client TeamSpeakUser3 - SUCCESS
2025-06-14 22:56:19 - clientPlatform processing for: GSavio
2025-06-14 22:56:19 - Client info: , Platform: Windows, Groups: 266,377
2025-06-14 22:56:19 - Adding platform group 278 for client GSavio - SUCCESS
2025-06-14 22:56:48 - clientPlatform processing for: Noble
2025-06-14 22:56:48 - Client info: , Platform: Windows, Groups: 10,369
2025-06-14 22:56:48 - Adding platform group 278 for client Noble - SUCCESS
2025-06-14 23:00:43 - clientPlatform processing for: !Elyas:)
2025-06-14 23:00:43 - Client info: , Platform: Windows, Groups: 10,369
2025-06-14 23:00:43 - Adding platform group 278 for client !Elyas:) - SUCCESS
2025-06-14 23:05:04 - clientPlatform processing for: qiffy
2025-06-14 23:05:04 - Client info: , Platform: Windows, Groups: 13,377
2025-06-14 23:05:04 - Adding platform group 278 for client qiffy - SUCCESS
2025-06-14 23:08:45 - clientPlatform processing for: Agilex
2025-06-14 23:08:45 - Client info: , Platform: Windows, Groups: 264,377
2025-06-14 23:08:45 - Adding platform group 278 for client Agilex - SUCCESS
2025-06-14 23:10:14 - clientPlatform processing for: Pines
2025-06-14 23:10:14 - Client info: , Platform: Windows, Groups: 18,377
2025-06-14 23:10:14 - Adding platform group 278 for client Pines - SUCCESS
2025-06-14 23:12:58 - clientPlatform processing for: TeamSpeakUser4
2025-06-14 23:12:58 - Client info: , Platform: Windows, Groups: 14,377
2025-06-14 23:12:58 - Adding platform group 278 for client TeamSpeakUser4 - SUCCESS
2025-06-14 23:15:12 - clientPlatform processing for: abdullah
2025-06-14 23:15:12 - Client info: , Platform: Windows, Groups: 266,377
2025-06-14 23:15:12 - Adding platform group 278 for client abdullah - SUCCESS
2025-06-14 23:15:16 - clientPlatform processing for: nafhy
2025-06-14 23:15:16 - Client info: , Platform: Windows, Groups: 266,377
2025-06-14 23:15:16 - Adding platform group 278 for client nafhy - SUCCESS
2025-06-14 23:16:59 - clientPlatform processing for: ayz1n
2025-06-14 23:16:59 - Client info: , Platform: Windows, Groups: 15,377
2025-06-14 23:16:59 - Adding platform group 278 for client ayz1n - SUCCESS
2025-06-14 23:18:42 - clientPlatform processing for: PitcaRNNN``
2025-06-14 23:18:42 - Client info: , Platform: Windows, Groups: 15,377
2025-06-14 23:18:42 - Adding platform group 278 for client PitcaRNNN`` - SUCCESS
2025-06-14 23:24:47 - clientPlatform processing for: sadfay
2025-06-14 23:24:47 - Client info: , Platform: Windows, Groups: 265,377
2025-06-14 23:24:47 - Adding platform group 278 for client sadfay - SUCCESS
2025-06-14 23:25:25 - clientPlatform processing for: Pines
2025-06-14 23:25:25 - Client info: , Platform: Windows, Groups: 18,377
2025-06-14 23:25:25 - Adding platform group 278 for client Pines - SUCCESS
2025-06-14 23:27:46 - clientPlatform processing for: credolls
2025-06-14 23:27:46 - Client info: , Platform: Windows, Groups: 18,377
2025-06-14 23:27:46 - Adding platform group 278 for client credolls - SUCCESS
2025-06-14 23:28:12 - clientPlatform processing for: TeamSpeakUser2
2025-06-14 23:28:12 - Client info: , Platform: Windows, Groups: 15,377
2025-06-14 23:28:12 - Adding platform group 278 for client TeamSpeakUser2 - SUCCESS
2025-06-14 23:29:39 - clientPlatform processing for: PitcaRNNN``
2025-06-14 23:29:39 - Client info: , Platform: Windows, Groups: 15,377
2025-06-14 23:29:39 - Adding platform group 278 for client PitcaRNNN`` - SUCCESS
2025-06-14 23:30:33 - clientPlatform processing for: farkoshka
2025-06-14 23:30:33 - Client info: , Platform: Windows, Groups: 13,377
2025-06-14 23:30:33 - Adding platform group 278 for client farkoshka - SUCCESS
2025-06-14 23:30:34 - clientPlatform processing for: ван гогг
2025-06-14 23:30:34 - Client info: , Platform: Windows, Groups: 13,377
2025-06-14 23:30:34 - Adding platform group 278 for client ван гогг - SUCCESS
2025-06-14 23:40:52 - clientPlatform processing for: Pines
2025-06-14 23:40:52 - Client info: , Platform: Windows, Groups: 18,377
2025-06-14 23:40:52 - Adding platform group 278 for client Pines - SUCCESS
2025-06-14 23:41:31 - clientPlatform processing for: RivenBlanco
2025-06-14 23:41:31 - Client info: , Platform: Windows, Groups: 7
2025-06-14 23:41:31 - Adding platform group 278 for client RivenBlanco - SUCCESS
2025-06-14 23:42:06 - clientPlatform processing for: Kham
2025-06-14 23:42:06 - Client info: , Platform: Windows, Groups: 13,377
2025-06-14 23:42:06 - Adding platform group 278 for client Kham - SUCCESS
2025-06-14 23:42:57 - clientPlatform processing for: TeamSpeakUser5
2025-06-14 23:42:57 - Client info: , Platform: Windows, Groups: 7
2025-06-14 23:42:57 - Adding platform group 278 for client TeamSpeakUser5 - SUCCESS
2025-06-14 23:42:59 - clientPlatform processing for: Nostalgia 2
2025-06-14 23:42:59 - Client info: , Platform: Windows, Groups: 17,377
2025-06-14 23:42:59 - Adding platform group 278 for client Nostalgia 2 - SUCCESS
2025-06-14 23:43:38 - clientPlatform processing for: qiffy
2025-06-14 23:43:38 - Client info: , Platform: Windows, Groups: 13,377
2025-06-14 23:43:38 - Adding platform group 278 for client qiffy - SUCCESS
2025-06-14 23:43:46 - clientPlatform processing for: phonetik78
2025-06-14 23:43:46 - Client info: , Platform: Windows, Groups: 17,377
2025-06-14 23:43:46 - Adding platform group 278 for client phonetik78 - SUCCESS
2025-06-14 23:50:10 - clientPlatform processing for: gokos
2025-06-14 23:50:10 - Client info: , Platform: Windows, Groups: 15,377
2025-06-14 23:50:10 - Adding platform group 278 for client gokos - SUCCESS
2025-06-14 23:51:07 - clientPlatform processing for: Kham
2025-06-14 23:51:07 - Client info: , Platform: Windows, Groups: 13,377
2025-06-14 23:51:07 - Adding platform group 278 for client Kham - SUCCESS
2025-06-14 23:51:22 - clientPlatform processing for: ezzecarp2
2025-06-14 23:51:22 - Client info: , Platform: Windows, Groups: 7
2025-06-14 23:51:22 - Adding platform group 278 for client ezzecarp2 - SUCCESS
2025-06-14 23:51:29 - clientPlatform processing for: Kowismo
2025-06-14 23:51:29 - Client info: , Platform: Windows, Groups: 6,377,422,441
2025-06-14 23:51:29 - Adding platform group 278 for client Kowismo - SUCCESS
2025-06-14 23:52:03 - clientPlatform processing for: ayz1n
2025-06-14 23:52:03 - Client info: , Platform: Windows, Groups: 15,377
2025-06-14 23:52:03 - Adding platform group 278 for client ayz1n - SUCCESS
2025-06-14 23:52:52 - clientPlatform processing for: AlvaRoniX$
2025-06-14 23:52:52 - Client info: , Platform: Windows, Groups: 33,161,377
2025-06-14 23:52:52 - Adding platform group 278 for client AlvaRoniX$ - SUCCESS
2025-06-14 23:54:35 - clientPlatform processing for: Faith
2025-06-14 23:54:35 - Client info: , Platform: Windows, Groups: 17,377
2025-06-14 23:54:35 - Adding platform group 278 for client Faith - SUCCESS
2025-06-14 23:54:56 - clientPlatform processing for: Victuziin
2025-06-14 23:54:56 - Client info: , Platform: Windows, Groups: 266,377
2025-06-14 23:54:56 - Adding platform group 278 for client Victuziin - SUCCESS
2025-06-14 23:55:50 - clientPlatform processing for: TeamSpeakUser6
2025-06-14 23:55:50 - Client info: , Platform: Windows, Groups: 11,377
2025-06-14 23:55:50 - Adding platform group 278 for client TeamSpeakUser6 - SUCCESS
2025-06-14 23:58:53 - clientPlatform processing for: gokos
2025-06-14 23:58:53 - Client info: , Platform: Windows, Groups: 15,377
2025-06-14 23:58:53 - Adding platform group 278 for client gokos - SUCCESS
2025-06-14 23:59:56 - clientPlatform processing for: Kham
2025-06-14 23:59:56 - Client info: , Platform: Windows, Groups: 13,377
2025-06-14 23:59:56 - Adding platform group 278 for client Kham - SUCCESS
