2025-06-12 00:03:23 - clientPlatform processing for: ван гогг
2025-06-12 00:03:23 - Client info: , Platform: Windows, Groups: 13,377
2025-06-12 00:03:23 - Adding platform group 278 for client ван гогг - SUCCESS
2025-06-12 00:06:11 - clientPlatform processing for: KRGZL
2025-06-12 00:06:11 - Client info: , Platform: Windows, Groups: 264,377
2025-06-12 00:06:11 - Adding platform group 278 for client KRGZL - SUCCESS
2025-06-12 00:06:14 - clientPlatform processing for: lordilaz
2025-06-12 00:06:14 - Client info: , Platform: Windows, Groups: 12,377
2025-06-12 00:06:14 - Adding platform group 278 for client lordilaz - SUCCESS
2025-06-12 00:15:00 - clientPlatform processing for: andru
2025-06-12 00:15:00 - Client info: , Platform: Windows, Groups: 8,369
2025-06-12 00:15:00 - Adding platform group 278 for client andru - SUCCESS
2025-06-12 00:18:16 - clientPlatform processing for: Jaws
2025-06-12 00:18:16 - Client info: , Platform: Windows, Groups: 266,377
2025-06-12 00:18:16 - Adding platform group 278 for client Jaws - SUCCESS
2025-06-12 00:26:23 - clientPlatform processing for: saulov
2025-06-12 00:26:23 - Client info: , Platform: Windows, Groups: 14,377
2025-06-12 00:26:23 - Adding platform group 278 for client saulov - SUCCESS
2025-06-12 00:26:25 - clientPlatform processing for: saulov
2025-06-12 00:26:25 - Client info: , Platform: Windows, Groups: 14,377
2025-06-12 00:26:25 - Group already assigned (detected from error), skipping
2025-06-12 00:26:25 - Adding platform group 278 for client saulov - SUCCESS
2025-06-12 00:26:26 - clientPlatform processing for: saulov
2025-06-12 00:26:26 - Client info: , Platform: Windows, Groups: 14,377
2025-06-12 00:26:26 - Group already assigned (detected from error), skipping
2025-06-12 00:26:26 - Adding platform group 278 for client saulov - SUCCESS
2025-06-12 00:26:46 - clientPlatform processing for: vata
2025-06-12 00:26:46 - Client info: , Platform: Windows, Groups: 266,377
2025-06-12 00:26:46 - Adding platform group 278 for client vata - SUCCESS
2025-06-12 00:31:16 - clientPlatform processing for: dalel
2025-06-12 00:31:16 - Client info: , Platform: Windows, Groups: 266,377
2025-06-12 00:31:16 - Adding platform group 278 for client dalel - SUCCESS
2025-06-12 00:39:11 - clientPlatform processing for: m1sspit4boa
2025-06-12 00:39:11 - Client info: , Platform: Windows, Groups: 13,377
2025-06-12 00:39:11 - Adding platform group 278 for client m1sspit4boa - SUCCESS
2025-06-12 00:39:18 - clientPlatform processing for: Venta
2025-06-12 00:39:18 - Client info: , Platform: Windows, Groups: 13,377
2025-06-12 00:39:18 - Adding platform group 278 for client Venta - SUCCESS
2025-06-12 00:39:36 - clientPlatform processing for: ivo
2025-06-12 00:39:36 - Client info: , Platform: Windows, Groups: 13,377
2025-06-12 00:39:36 - Adding platform group 278 for client ivo - SUCCESS
2025-06-12 00:39:36 - clientPlatform processing for: ivo
2025-06-12 00:39:36 - Client info: , Platform: Windows, Groups: 13,377
2025-06-12 00:39:36 - Group already assigned (detected from error), skipping
2025-06-12 00:39:36 - Adding platform group 278 for client ivo - SUCCESS
2025-06-12 00:39:36 - clientPlatform processing for: ivo
2025-06-12 00:39:36 - Client info: , Platform: Windows, Groups: 13,377
2025-06-12 00:39:36 - Group already assigned (detected from error), skipping
2025-06-12 00:39:36 - Adding platform group 278 for client ivo - SUCCESS
2025-06-12 00:42:22 - clientPlatform processing for: mocas
2025-06-12 00:42:22 - Client info: , Platform: Windows, Groups: 13,377
2025-06-12 00:42:22 - Adding platform group 278 for client mocas - SUCCESS
2025-06-12 00:49:41 - clientPlatform processing for: motadbicar
2025-06-12 00:49:41 - Client info: , Platform: Windows, Groups: 13,377
2025-06-12 00:49:41 - Adding platform group 278 for client motadbicar - SUCCESS
2025-06-12 01:45:05 - clientPlatform processing for: Kowismo
2025-06-12 01:45:05 - Client info: , Platform: Windows, Groups: 6,377,422,441
2025-06-12 01:45:05 - Adding platform group 278 for client Kowismo - SUCCESS
2025-06-12 01:57:27 - clientPlatform processing for: grax
2025-06-12 01:57:27 - Client info: , Platform: Windows, Groups: 8,369
2025-06-12 01:57:27 - Adding platform group 278 for client grax - SUCCESS
2025-06-12 01:58:31 - clientPlatform processing for: R3ST
2025-06-12 01:58:31 - Client info: , Platform: Windows, Groups: 7
2025-06-12 01:58:31 - Adding platform group 278 for client R3ST - SUCCESS
2025-06-12 02:00:01 - clientPlatform processing for: D3V4MS1Z
2025-06-12 02:00:01 - Client info: , Platform: Windows, Groups: 7
2025-06-12 02:00:01 - Group already assigned (detected from error), skipping
2025-06-12 02:00:01 - Adding platform group 278 for client D3V4MS1Z - SUCCESS
2025-06-12 02:19:53 - clientPlatform processing for: TeamSpeakUser
2025-06-12 02:19:53 - Client info: , Platform: Windows, Groups: 11,377
2025-06-12 02:19:53 - Adding platform group 278 for client TeamSpeakUser - SUCCESS
2025-06-12 02:20:20 - clientPlatform processing for: sssss
2025-06-12 02:20:20 - Client info: , Platform: Windows, Groups: 11,377
2025-06-12 02:20:20 - Adding platform group 278 for client sssss - SUCCESS
2025-06-12 02:22:05 - clientPlatform processing for: xDimitryxEc
2025-06-12 02:22:05 - Client info: , Platform: Windows, Groups: 13,377
2025-06-12 02:22:05 - Adding platform group 278 for client xDimitryxEc - SUCCESS
2025-06-12 02:28:34 - clientPlatform processing for: wasshi
2025-06-12 02:28:34 - Client info: , Platform: Windows, Groups: 13,377
2025-06-12 02:28:34 - Adding platform group 278 for client wasshi - SUCCESS
2025-06-12 02:28:38 - clientPlatform processing for: berksesxd13
2025-06-12 02:28:38 - Client info: , Platform: Windows, Groups: 14,377
2025-06-12 02:28:38 - Adding platform group 278 for client berksesxd13 - SUCCESS
2025-06-12 02:45:15 - clientPlatform processing for: Ameeeeeeeeer
2025-06-12 02:45:15 - Client info: , Platform: Windows, Groups: 264,377
2025-06-12 02:45:15 - Adding platform group 278 for client Ameeeeeeeeer - SUCCESS
2025-06-12 02:45:48 - clientPlatform processing for: silencer
2025-06-12 02:45:48 - Client info: , Platform: Windows, Groups: 15,377
2025-06-12 02:45:48 - Adding platform group 278 for client silencer - SUCCESS
2025-06-12 02:54:50 - clientPlatform processing for: LokyJR16
2025-06-12 02:54:50 - Client info: , Platform: Windows, Groups: 264,377
2025-06-12 02:54:50 - Adding platform group 278 for client LokyJR16 - SUCCESS
2025-06-12 02:58:06 - clientPlatform processing for: Quickscope
2025-06-12 02:58:06 - Client info: , Platform: Windows, Groups: 7
2025-06-12 02:58:06 - Adding platform group 278 for client Quickscope - SUCCESS
2025-06-12 03:01:19 - clientPlatform processing for: TeamSpeakUser
2025-06-12 03:01:19 - Client info: , Platform: Windows, Groups: 7
2025-06-12 03:01:19 - Adding platform group 278 for client TeamSpeakUser - SUCCESS
2025-06-12 03:40:41 - clientPlatform processing for: isekai
2025-06-12 03:40:41 - Client info: , Platform: Windows, Groups: 14,377
2025-06-12 03:40:41 - Adding platform group 278 for client isekai - SUCCESS
2025-06-12 03:43:42 - clientPlatform processing for: _Sanitol_
2025-06-12 03:43:42 - Client info: , Platform: Windows, Groups: 266,377
2025-06-12 03:43:42 - Adding platform group 278 for client _Sanitol_ - SUCCESS
2025-06-12 04:01:40 - clientPlatform processing for: Kerollanos
2025-06-12 04:01:40 - Client info: , Platform: Windows, Groups: 17,369
2025-06-12 04:01:40 - Adding platform group 278 for client Kerollanos - SUCCESS
2025-06-12 04:07:52 - clientPlatform processing for: WeedLover
2025-06-12 04:07:52 - Client info: , Platform: Windows, Groups: 13,377
2025-06-12 04:07:52 - Adding platform group 278 for client WeedLover - SUCCESS
2025-06-12 04:22:59 - clientPlatform processing for: sajoool
2025-06-12 04:22:59 - Client info: , Platform: Windows, Groups: 265,377
2025-06-12 04:22:59 - Adding platform group 278 for client sajoool - SUCCESS
2025-06-12 04:46:05 - clientPlatform processing for: Darkmghost
2025-06-12 04:46:05 - Client info: , Platform: Windows, Groups: 14,377
2025-06-12 04:46:05 - Adding platform group 278 for client Darkmghost - SUCCESS
2025-06-12 04:46:29 - clientPlatform processing for: silencer
2025-06-12 04:46:29 - Client info: , Platform: Windows, Groups: 15,377
2025-06-12 04:46:29 - Adding platform group 278 for client silencer - SUCCESS
2025-06-12 05:13:46 - clientPlatform processing for: ikhates
2025-06-12 05:13:46 - Client info: , Platform: Windows, Groups: 12,377
2025-06-12 05:13:46 - Adding platform group 278 for client ikhates - SUCCESS
2025-06-12 05:19:41 - clientPlatform processing for: tenshin_non
2025-06-12 05:19:41 - Client info: , Platform: Windows, Groups: 18,377
2025-06-12 05:19:41 - Adding platform group 278 for client tenshin_non - SUCCESS
2025-06-12 05:20:12 - clientPlatform processing for: ValHazak
2025-06-12 05:20:12 - Client info: , Platform: Windows, Groups: 8,377
2025-06-12 05:20:12 - Adding platform group 278 for client ValHazak - SUCCESS
2025-06-12 05:25:38 - clientPlatform processing for: ValHazak
2025-06-12 05:25:38 - Client info: , Platform: Windows, Groups: 8,377
2025-06-12 05:25:39 - Adding platform group 278 for client ValHazak - SUCCESS
2025-06-12 05:26:33 - clientPlatform processing for: Richard_TH
2025-06-12 05:26:33 - Client info: , Platform: Windows, Groups: 18,377
2025-06-12 05:26:33 - Adding platform group 278 for client Richard_TH - SUCCESS
2025-06-12 07:15:08 - clientPlatform processing for: f.donato
2025-06-12 07:15:08 - Client info: , Platform: Windows, Groups: 15,377
2025-06-12 07:15:08 - Adding platform group 278 for client f.donato - SUCCESS
2025-06-12 07:28:59 - clientPlatform processing for: dadaok
2025-06-12 07:28:59 - Client info: , Platform: Windows, Groups: 21,377
2025-06-12 07:28:59 - Adding platform group 278 for client dadaok - SUCCESS
2025-06-12 07:49:17 - clientPlatform processing for: kaiizenn
2025-06-12 07:49:17 - Client info: , Platform: Windows, Groups: 26,377,382,399,436
2025-06-12 07:49:17 - Adding platform group 278 for client kaiizenn - SUCCESS
2025-06-12 08:07:59 - clientPlatform processing for: 4iff
2025-06-12 08:07:59 - Client info: , Platform: Windows, Groups: 22,377
2025-06-12 08:07:59 - Adding platform group 278 for client 4iff - SUCCESS
2025-06-12 08:59:54 - clientPlatform processing for: tiemka_
2025-06-12 08:59:54 - Client info: , Platform: Windows, Groups: 8,369
2025-06-12 08:59:54 - Adding platform group 278 for client tiemka_ - SUCCESS
2025-06-12 09:04:41 - clientPlatform processing for: Kowismo
2025-06-12 09:04:41 - Client info: , Platform: Windows, Groups: 6,377,422,441
2025-06-12 09:04:41 - Adding platform group 278 for client Kowismo - SUCCESS
2025-06-12 09:28:02 - clientPlatform processing for: bo0ogeymana
2025-06-12 09:28:02 - Client info: , Platform: Windows, Groups: 266,377
2025-06-12 09:28:02 - Adding platform group 278 for client bo0ogeymana - SUCCESS
2025-06-12 09:49:46 - clientPlatform processing for: LAZERR
2025-06-12 09:49:46 - Client info: , Platform: Windows, Groups: 266,377
2025-06-12 09:49:46 - Adding platform group 278 for client LAZERR - SUCCESS
2025-06-12 09:51:50 - clientPlatform processing for: shinigami
2025-06-12 09:51:50 - Client info: , Platform: Windows, Groups: 25,377,381,383,385,400
2025-06-12 09:51:50 - Adding platform group 278 for client shinigami - SUCCESS
2025-06-12 09:52:35 - clientPlatform processing for: LAZZZZER
2025-06-12 09:52:35 - Client info: , Platform: Windows, Groups: 15,377
2025-06-12 09:52:35 - Adding platform group 278 for client LAZZZZER - SUCCESS
2025-06-12 10:10:11 - clientPlatform processing for: yondera
2025-06-12 10:10:11 - Client info: , Platform: Windows, Groups: 266,377
2025-06-12 10:10:11 - Adding platform group 278 for client yondera - SUCCESS
2025-06-12 10:20:07 - clientPlatform processing for: Князь Вандал Новгородский
2025-06-12 10:20:07 - Client info: , Platform: Windows, Groups: 263,377
2025-06-12 10:20:07 - Adding platform group 278 for client Князь Вандал Новгородский - SUCCESS
2025-06-12 10:33:35 - clientPlatform processing for: hui
2025-06-12 10:33:35 - Client info: , Platform: Windows, Groups: 266,377
2025-06-12 10:33:35 - Adding platform group 278 for client hui - SUCCESS
2025-06-12 10:45:54 - clientPlatform processing for: GENERAL MOTORS
2025-06-12 10:45:54 - Client info: , Platform: Windows, Groups: 266,377
2025-06-12 10:45:54 - Adding platform group 278 for client GENERAL MOTORS - SUCCESS
2025-06-12 10:48:28 - clientPlatform processing for: LisssTzz
2025-06-12 10:48:28 - Client info: , Platform: Windows, Groups: 14,377
2025-06-12 10:48:28 - Adding platform group 278 for client LisssTzz - SUCCESS
2025-06-12 10:49:42 - clientPlatform processing for: Shutn1k
2025-06-12 10:49:42 - Client info: , Platform: Windows, Groups: 266,377
2025-06-12 10:49:42 - Adding platform group 278 for client Shutn1k - SUCCESS
2025-06-12 10:52:41 - clientPlatform processing for: AlexQc
2025-06-12 10:52:41 - Client info: , Platform: Windows, Groups: 266,377
2025-06-12 10:52:41 - Adding platform group 278 for client AlexQc - SUCCESS
2025-06-12 10:55:12 - clientPlatform processing for: tiemka_
2025-06-12 10:55:12 - Client info: , Platform: Windows, Groups: 9,369
2025-06-12 10:55:12 - Adding platform group 278 for client tiemka_ - SUCCESS
2025-06-12 11:03:09 - clientPlatform processing for: tiemka_
2025-06-12 11:03:09 - Client info: , Platform: Windows, Groups: 9,369
2025-06-12 11:03:09 - Adding platform group 278 for client tiemka_ - SUCCESS
2025-06-12 11:05:37 - clientPlatform processing for: Druid Сrow 🦅
2025-06-12 11:05:37 - Client info: , Platform: Windows, Groups: 19,377
2025-06-12 11:05:37 - Adding platform group 278 for client Druid Сrow 🦅 - SUCCESS
2025-06-12 11:08:34 - clientPlatform processing for: TeamSpeakUser
2025-06-12 11:08:34 - Client info: , Platform: Windows, Groups: 266,377
2025-06-12 11:08:34 - Adding platform group 278 for client TeamSpeakUser - SUCCESS
2025-06-12 11:08:39 - clientPlatform processing for: ОКУНЬ
2025-06-12 11:08:39 - Client info: , Platform: Windows, Groups: 266,377
2025-06-12 11:08:39 - Adding platform group 278 for client ОКУНЬ - SUCCESS
2025-06-12 11:09:05 - clientPlatform processing for: ОКУНЬ
2025-06-12 11:09:05 - Client info: , Platform: Windows, Groups: 266,377
2025-06-12 11:09:05 - Adding platform group 278 for client ОКУНЬ - SUCCESS
2025-06-12 11:09:56 - clientPlatform processing for: ОКУНЬ
2025-06-12 11:09:56 - Client info: , Platform: Windows, Groups: 266,377
2025-06-12 11:09:56 - Adding platform group 278 for client ОКУНЬ - SUCCESS
2025-06-12 11:10:59 - clientPlatform processing for: ОКУНЬ
2025-06-12 11:10:59 - Client info: , Platform: Windows, Groups: 266,377
2025-06-12 11:10:59 - Adding platform group 278 for client ОКУНЬ - SUCCESS
2025-06-12 11:12:26 - clientPlatform processing for: fam0us
2025-06-12 11:12:26 - Client info: , Platform: Windows, Groups: 266,377
2025-06-12 11:12:26 - Adding platform group 278 for client fam0us - SUCCESS
2025-06-12 11:22:48 - clientPlatform processing for: makpyn
2025-06-12 11:22:48 - Client info: , Platform: Windows, Groups: 15,377
2025-06-12 11:22:48 - Adding platform group 278 for client makpyn - SUCCESS
2025-06-12 11:31:31 - clientPlatform processing for: pipisin
2025-06-12 11:31:31 - Client info: , Platform: Windows, Groups: 17,377
2025-06-12 11:31:31 - Adding platform group 278 for client pipisin - SUCCESS
2025-06-12 11:39:42 - clientPlatform processing for: AlvaRoniX$
2025-06-12 11:39:42 - Client info: , Platform: Windows, Groups: 33,161,377
2025-06-12 11:39:42 - Adding platform group 278 for client AlvaRoniX$ - SUCCESS
2025-06-12 11:40:50 - clientPlatform processing for: teaman11
2025-06-12 11:40:50 - Client info: , Platform: Windows, Groups: 17,377
2025-06-12 11:40:50 - Adding platform group 278 for client teaman11 - SUCCESS
2025-06-12 11:43:39 - clientPlatform processing for: ОКУНЬ
2025-06-12 11:43:39 - Client info: , Platform: Windows, Groups: 266,377
2025-06-12 11:43:39 - Adding platform group 278 for client ОКУНЬ - SUCCESS
2025-06-12 11:45:19 - clientPlatform processing for: ОКУНЬ
2025-06-12 11:45:19 - Client info: , Platform: Windows, Groups: 266,377
2025-06-12 11:45:19 - Adding platform group 278 for client ОКУНЬ - SUCCESS
2025-06-12 11:48:42 - clientPlatform processing for: Kowismo
2025-06-12 11:48:42 - Client info: , Platform: Windows, Groups: 6,377,422,441
2025-06-12 11:48:42 - Adding platform group 278 for client Kowismo - SUCCESS
2025-06-12 11:51:44 - clientPlatform processing for: Боцман777
2025-06-12 11:51:44 - Client info: , Platform: Windows, Groups: 18,377
2025-06-12 11:51:44 - Adding platform group 278 for client Боцман777 - SUCCESS
2025-06-12 11:53:32 - clientPlatform processing for: Axtic
2025-06-12 11:53:32 - Client info: , Platform: Windows, Groups: 266,377
2025-06-12 11:53:32 - Adding platform group 278 for client Axtic - SUCCESS
2025-06-12 11:54:09 - clientPlatform processing for: GORDAO
2025-06-12 11:54:09 - Client info: , Platform: Windows, Groups: 266,377
2025-06-12 11:54:09 - Adding platform group 278 for client GORDAO - SUCCESS
2025-06-12 11:55:29 - clientPlatform processing for: TeamSpeakUser
2025-06-12 11:55:29 - Client info: , Platform: Windows, Groups: 7
2025-06-12 11:55:30 - Adding platform group 278 for client TeamSpeakUser - SUCCESS
2025-06-12 11:59:02 - clientPlatform processing for: H0R0Z
2025-06-12 11:59:02 - Client info: , Platform: Windows, Groups: 266,377
2025-06-12 11:59:02 - Adding platform group 278 for client H0R0Z - SUCCESS
2025-06-12 12:02:48 - clientPlatform processing for: danbruik
2025-06-12 12:02:48 - Client info: , Platform: Windows, Groups: 266,377
2025-06-12 12:02:48 - Adding platform group 278 for client danbruik - SUCCESS
2025-06-12 12:02:48 - clientPlatform processing for: danbruik
2025-06-12 12:02:48 - Client info: , Platform: Windows, Groups: 266,377
2025-06-12 12:02:48 - Group already assigned (detected from error), skipping
2025-06-12 12:02:48 - Adding platform group 278 for client danbruik - SUCCESS
2025-06-12 12:02:49 - clientPlatform processing for: danbruik
2025-06-12 12:02:49 - Client info: , Platform: Windows, Groups: 266,377
2025-06-12 12:02:49 - Group already assigned (detected from error), skipping
2025-06-12 12:02:49 - Adding platform group 278 for client danbruik - SUCCESS
2025-06-12 12:08:09 - clientPlatform processing for: pipisin
2025-06-12 12:08:09 - Client info: , Platform: Windows, Groups: 17,377
2025-06-12 12:08:09 - Adding platform group 278 for client pipisin - SUCCESS
2025-06-12 12:13:26 - clientPlatform processing for: poka
2025-06-12 12:13:26 - Client info: , Platform: Windows, Groups: 266,377
2025-06-12 12:13:26 - Adding platform group 278 for client poka - SUCCESS
2025-06-12 12:20:41 - clientPlatform processing for: Neil0001k
2025-06-12 12:20:41 - Client info: , Platform: Windows, Groups: 17,377
2025-06-12 12:20:41 - Adding platform group 278 for client Neil0001k - SUCCESS
2025-06-12 12:22:01 - clientPlatform processing for: pa_sha00
2025-06-12 12:22:01 - Client info: , Platform: Windows, Groups: 266,377
2025-06-12 12:22:01 - Adding platform group 278 for client pa_sha00 - SUCCESS
2025-06-12 12:24:34 - clientPlatform processing for: TeamSpeakUser
2025-06-12 12:24:34 - Client info: , Platform: Windows, Groups: 266,377
2025-06-12 12:24:34 - Adding platform group 278 for client TeamSpeakUser - SUCCESS
2025-06-12 12:26:12 - clientPlatform processing for: Bloker
2025-06-12 12:26:12 - Client info: , Platform: Windows, Groups: 263,377
2025-06-12 12:26:13 - Adding platform group 278 for client Bloker - SUCCESS
2025-06-12 12:26:37 - clientPlatform processing for: Ribella
2025-06-12 12:26:37 - Client info: , Platform: Windows, Groups: 18,377
2025-06-12 12:26:37 - Adding platform group 278 for client Ribella - SUCCESS
2025-06-12 12:26:45 - clientPlatform processing for: Vicinnnt
2025-06-12 12:26:45 - Client info: , Platform: Windows, Groups: 266,377
2025-06-12 12:26:45 - Adding platform group 278 for client Vicinnnt - SUCCESS
2025-06-12 12:27:44 - clientPlatform processing for: Rowyn
2025-06-12 12:27:44 - Client info: , Platform: Windows, Groups: 18,377
2025-06-12 12:27:44 - Adding platform group 278 for client Rowyn - SUCCESS
2025-06-12 12:29:22 - clientPlatform processing for: chorrito666
2025-06-12 12:29:22 - Client info: , Platform: Windows, Groups: 7
2025-06-12 12:29:22 - Adding platform group 278 for client chorrito666 - SUCCESS
2025-06-12 12:30:18 - clientPlatform processing for: TeamSpeakUser1
2025-06-12 12:30:18 - Client info: , Platform: Windows, Groups: 7
2025-06-12 12:30:18 - Adding platform group 278 for client TeamSpeakUser1 - SUCCESS
2025-06-12 12:31:31 - clientPlatform processing for: Bloker
2025-06-12 12:31:31 - Client info: , Platform: Windows, Groups: 263,377
2025-06-12 12:31:31 - Adding platform group 278 for client Bloker - SUCCESS
2025-06-12 12:37:34 - clientPlatform processing for: F1(Виктор)
2025-06-12 12:37:34 - Client info: , Platform: Windows, Groups: 8,369
2025-06-12 12:37:34 - Adding platform group 278 for client F1(Виктор) - SUCCESS
2025-06-12 12:38:01 - clientPlatform processing for: F1(Виктор)
2025-06-12 12:38:01 - Client info: , Platform: Windows, Groups: 8,369
2025-06-12 12:38:01 - Adding platform group 278 for client F1(Виктор) - SUCCESS
2025-06-12 12:51:12 - clientPlatform processing for: Snowning
2025-06-12 12:51:12 - Client info: , Platform: Windows, Groups: 266,377
2025-06-12 12:51:12 - Adding platform group 278 for client Snowning - SUCCESS
2025-06-12 12:54:57 - clientPlatform processing for: ali
2025-06-12 12:54:57 - Client info: , Platform: Windows, Groups: 13,377
2025-06-12 12:54:57 - Adding platform group 278 for client ali - SUCCESS
2025-06-12 12:55:06 - clientPlatform processing for: ali
2025-06-12 12:55:06 - Client info: , Platform: Windows, Groups: 13,377
2025-06-12 12:55:06 - Adding platform group 278 for client ali - SUCCESS
2025-06-12 12:55:50 - clientPlatform processing for: sadadadasd
2025-06-12 12:55:50 - Client info: , Platform: Windows, Groups: 13,377
2025-06-12 12:55:50 - Adding platform group 278 for client sadadadasd - SUCCESS
2025-06-12 12:59:50 - clientPlatform processing for: sadadadasd
2025-06-12 12:59:50 - Client info: , Platform: Windows, Groups: 13,377
2025-06-12 12:59:50 - Adding platform group 278 for client sadadadasd - SUCCESS
2025-06-12 13:02:10 - clientPlatform processing for: opex3724
2025-06-12 13:02:10 - Client info: , Platform: Windows, Groups: 7
2025-06-12 13:02:10 - Adding platform group 278 for client opex3724 - SUCCESS
2025-06-12 13:04:12 - clientPlatform processing for: Kapi
2025-06-12 13:04:12 - Client info: , Platform: Windows, Groups: 13,377
2025-06-12 13:04:12 - Adding platform group 278 for client Kapi - SUCCESS
2025-06-12 13:05:45 - clientPlatform processing for: Kapi
2025-06-12 13:05:45 - Client info: , Platform: Windows, Groups: 13,377
2025-06-12 13:05:45 - Adding platform group 278 for client Kapi - SUCCESS
2025-06-12 13:11:45 - clientPlatform processing for: Redriksss
2025-06-12 13:11:45 - Client info: , Platform: Windows, Groups: 266,377
2025-06-12 13:11:45 - Adding platform group 278 for client Redriksss - SUCCESS
2025-06-12 13:20:44 - clientPlatform processing for: Venta
2025-06-12 13:20:44 - Client info: , Platform: Windows, Groups: 13,377
2025-06-12 13:20:44 - Adding platform group 278 for client Venta - SUCCESS
2025-06-12 13:20:49 - clientPlatform processing for: kızlıkbozan33
2025-06-12 13:20:49 - Client info: , Platform: Windows, Groups: 266,377
2025-06-12 13:20:49 - Adding platform group 278 for client kızlıkbozan33 - SUCCESS
2025-06-12 13:25:53 - clientPlatform processing for: nox
2025-06-12 13:25:53 - Client info: , Platform: Windows, Groups: 266,377
2025-06-12 13:25:53 - Adding platform group 278 for client nox - SUCCESS
2025-06-12 13:27:33 - clientPlatform processing for: Axtic
2025-06-12 13:27:33 - Client info: , Platform: Windows, Groups: 266,377
2025-06-12 13:27:33 - Adding platform group 278 for client Axtic - SUCCESS
2025-06-12 13:38:13 - clientPlatform processing for: Ace
2025-06-12 13:38:13 - Client info: , Platform: Windows, Groups: 17,377
2025-06-12 13:38:13 - Adding platform group 278 for client Ace - SUCCESS
2025-06-12 13:38:42 - clientPlatform processing for: Harry
2025-06-12 13:38:42 - Client info: , Platform: Windows, Groups: 12,377
2025-06-12 13:38:42 - Adding platform group 278 for client Harry - SUCCESS
2025-06-12 13:39:58 - clientPlatform processing for: saleh_4
2025-06-12 13:39:58 - Client info: , Platform: Windows, Groups: 263,377
2025-06-12 13:39:58 - Adding platform group 278 for client saleh_4 - SUCCESS
2025-06-12 13:40:12 - clientPlatform processing for: Harry
2025-06-12 13:40:12 - Client info: , Platform: Windows, Groups: 12,377
2025-06-12 13:40:12 - Adding platform group 278 for client Harry - SUCCESS
2025-06-12 13:41:29 - clientPlatform processing for: kaito
2025-06-12 13:41:29 - Client info: , Platform: Windows, Groups: 13,377
2025-06-12 13:41:29 - Adding platform group 278 for client kaito - SUCCESS
2025-06-12 13:50:23 - clientPlatform processing for: kaito
2025-06-12 13:50:23 - Client info: , Platform: Windows, Groups: 13,377
2025-06-12 13:50:23 - Adding platform group 278 for client kaito - SUCCESS
2025-06-12 13:52:24 - clientPlatform processing for: 1ongxu
2025-06-12 13:52:24 - Client info: , Platform: Windows, Groups: 12,377
2025-06-12 13:52:24 - Adding platform group 278 for client 1ongxu - SUCCESS
2025-06-12 13:55:52 - clientPlatform processing for: Mnwh
2025-06-12 13:55:52 - Client info: , Platform: Windows, Groups: 265,377
2025-06-12 13:55:52 - Adding platform group 278 for client Mnwh - SUCCESS
2025-06-12 13:56:06 - clientPlatform processing for: Skylord
2025-06-12 13:56:06 - Client info: , Platform: Windows, Groups: 266,377
2025-06-12 13:56:06 - Adding platform group 278 for client Skylord - SUCCESS
2025-06-12 13:59:39 - clientPlatform processing for: TeamSpeakUser
2025-06-12 13:59:39 - Client info: , Platform: Windows, Groups: 10,369
2025-06-12 13:59:39 - Adding platform group 278 for client TeamSpeakUser - SUCCESS
2025-06-12 14:02:37 - clientPlatform processing for: Kowismo
2025-06-12 14:02:37 - Client info: , Platform: Windows, Groups: 6,377,422,441
2025-06-12 14:02:37 - Adding platform group 278 for client Kowismo - SUCCESS
2025-06-12 14:03:23 - clientPlatform processing for: Hisoka
2025-06-12 14:03:23 - Client info: , Platform: Windows, Groups: 10,369
2025-06-12 14:03:23 - Adding platform group 278 for client Hisoka - SUCCESS
2025-06-12 14:09:24 - clientPlatform processing for: shinigami
2025-06-12 14:09:24 - Client info: , Platform: Windows, Groups: 25,377,381,383,385,400
2025-06-12 14:09:24 - Adding platform group 278 for client shinigami - SUCCESS
2025-06-12 14:22:21 - clientPlatform processing for: Shawaj
2025-06-12 14:22:21 - Client info: , Platform: Windows, Groups: 263,377
2025-06-12 14:22:21 - Adding platform group 278 for client Shawaj - SUCCESS
2025-06-12 14:29:24 - clientPlatform processing for: Rich Lich
2025-06-12 14:29:24 - Client info: , Platform: Windows, Groups: 18,377
2025-06-12 14:29:24 - Adding platform group 278 for client Rich Lich - SUCCESS
2025-06-12 14:41:37 - clientPlatform processing for: Shawaj
2025-06-12 14:41:37 - Client info: , Platform: Windows, Groups: 263,377
2025-06-12 14:41:37 - Adding platform group 278 for client Shawaj - SUCCESS
2025-06-12 14:44:39 - clientPlatform processing for: Gosh
2025-06-12 14:44:39 - Client info: , Platform: Windows, Groups: 17,377
2025-06-12 14:44:39 - Adding platform group 278 for client Gosh - SUCCESS
2025-06-12 14:46:29 - clientPlatform processing for: Shawaj
2025-06-12 14:46:29 - Client info: , Platform: Windows, Groups: 263,377
2025-06-12 14:46:29 - Adding platform group 278 for client Shawaj - SUCCESS
2025-06-12 14:47:11 - clientPlatform processing for: TeamSpeakUser
2025-06-12 14:47:11 - Client info: , Platform: Windows, Groups: 266,377
2025-06-12 14:47:11 - Adding platform group 278 for client TeamSpeakUser - SUCCESS
2025-06-12 14:48:09 - clientPlatform processing for: silencer
2025-06-12 14:48:09 - Client info: , Platform: Windows, Groups: 15,377
2025-06-12 14:48:09 - Adding platform group 278 for client silencer - SUCCESS
2025-06-12 14:49:47 - clientPlatform processing for: don
2025-06-12 14:49:47 - Client info: , Platform: Windows, Groups: 265,377
2025-06-12 14:49:47 - Adding platform group 278 for client don - SUCCESS
2025-06-12 14:51:45 - clientPlatform processing for: Shawaj
2025-06-12 14:51:45 - Client info: , Platform: Windows, Groups: 263,377
2025-06-12 14:51:45 - Adding platform group 278 for client Shawaj - SUCCESS
2025-06-12 14:55:22 - clientPlatform processing for: volya
2025-06-12 14:55:22 - Client info: , Platform: Windows, Groups: 12,377
2025-06-12 14:55:22 - Adding platform group 278 for client volya - SUCCESS
2025-06-12 14:57:22 - clientPlatform processing for: Darkmghost
2025-06-12 14:57:22 - Client info: , Platform: Windows, Groups: 264,377
2025-06-12 14:57:22 - Adding platform group 278 for client Darkmghost - SUCCESS
2025-06-12 15:01:47 - clientPlatform processing for: makpyn
2025-06-12 15:01:47 - Client info: , Platform: Windows, Groups: 265,377
2025-06-12 15:01:47 - Adding platform group 278 for client makpyn - SUCCESS
2025-06-12 15:01:58 - clientPlatform processing for: sajoool
2025-06-12 15:01:58 - Client info: , Platform: Windows, Groups: 265,377
2025-06-12 15:01:58 - Adding platform group 278 for client sajoool - SUCCESS
2025-06-12 15:01:59 - clientPlatform processing for: sajoool
2025-06-12 15:01:59 - Client info: , Platform: Windows, Groups: 265,377
2025-06-12 15:01:59 - Group already assigned (detected from error), skipping
2025-06-12 15:01:59 - Adding platform group 278 for client sajoool - SUCCESS
2025-06-12 15:01:59 - clientPlatform processing for: sajoool
2025-06-12 15:01:59 - Client info: , Platform: Windows, Groups: 265,377
2025-06-12 15:01:59 - Group already assigned (detected from error), skipping
2025-06-12 15:01:59 - Adding platform group 278 for client sajoool - SUCCESS
2025-06-12 15:01:59 - clientPlatform processing for: sajoool
2025-06-12 15:01:59 - Client info: , Platform: Windows, Groups: 265,377
2025-06-12 15:01:59 - Group already assigned (detected from error), skipping
2025-06-12 15:01:59 - Adding platform group 278 for client sajoool - SUCCESS
2025-06-12 15:01:59 - clientPlatform processing for: sajoool
2025-06-12 15:01:59 - Client info: , Platform: Windows, Groups: 265,377
2025-06-12 15:01:59 - Group already assigned (detected from error), skipping
2025-06-12 15:01:59 - Adding platform group 278 for client sajoool - SUCCESS
2025-06-12 15:02:23 - clientPlatform processing for: NowY
2025-06-12 15:02:23 - Client info: , Platform: Windows, Groups: 13,377
2025-06-12 15:02:23 - Adding platform group 278 for client NowY - SUCCESS
2025-06-12 15:02:46 - clientPlatform processing for: BIG FIUT
2025-06-12 15:02:46 - Client info: , Platform: Windows, Groups: 11,377
2025-06-12 15:02:46 - Adding platform group 278 for client BIG FIUT - SUCCESS
2025-06-12 15:07:57 - clientPlatform processing for: zulul
2025-06-12 15:07:57 - Client info: , Platform: Windows, Groups: 18,377
2025-06-12 15:07:57 - Adding platform group 278 for client zulul - SUCCESS
2025-06-12 15:12:32 - clientPlatform processing for: motadbicar
2025-06-12 15:12:32 - Client info: , Platform: Windows, Groups: 13,377
2025-06-12 15:12:33 - Adding platform group 278 for client motadbicar - SUCCESS
2025-06-12 15:14:06 - clientPlatform processing for: makpyn
2025-06-12 15:14:06 - Client info: , Platform: Windows, Groups: 265,377
2025-06-12 15:14:06 - Adding platform group 278 for client makpyn - SUCCESS
2025-06-12 15:14:06 - clientPlatform processing for: makpyn
2025-06-12 15:14:06 - Client info: , Platform: Windows, Groups: 265,377
2025-06-12 15:14:06 - Group already assigned (detected from error), skipping
2025-06-12 15:14:06 - Adding platform group 278 for client makpyn - SUCCESS
2025-06-12 15:14:06 - clientPlatform processing for: makpyn
2025-06-12 15:14:06 - Client info: , Platform: Windows, Groups: 265,377
2025-06-12 15:14:06 - Group already assigned (detected from error), skipping
2025-06-12 15:14:06 - Adding platform group 278 for client makpyn - SUCCESS
2025-06-12 15:17:42 - clientPlatform processing for: tenshin_non
2025-06-12 15:17:42 - Client info: , Platform: Windows, Groups: 18,377
2025-06-12 15:17:42 - Adding platform group 278 for client tenshin_non - SUCCESS
2025-06-12 15:18:12 - clientPlatform processing for: Richard_TH
2025-06-12 15:18:12 - Client info: , Platform: Windows, Groups: 18,377
2025-06-12 15:18:12 - Adding platform group 278 for client Richard_TH - SUCCESS
2025-06-12 15:21:23 - clientPlatform processing for: TeamSpeakUser1
2025-06-12 15:21:23 - Client info: , Platform: Windows, Groups: 14,377
2025-06-12 15:21:23 - Adding platform group 278 for client TeamSpeakUser1 - SUCCESS
2025-06-12 15:21:55 - clientPlatform processing for: ivo
2025-06-12 15:21:55 - Client info: , Platform: Windows, Groups: 13,377
2025-06-12 15:21:55 - Adding platform group 278 for client ivo - SUCCESS
2025-06-12 15:29:45 - clientPlatform processing for: Venta
2025-06-12 15:29:45 - Client info: , Platform: Windows, Groups: 13,377
2025-06-12 15:29:45 - Adding platform group 278 for client Venta - SUCCESS
2025-06-12 15:29:58 - clientPlatform processing for: m1sspit4boa
2025-06-12 15:29:58 - Client info: , Platform: Windows, Groups: 13,377
2025-06-12 15:29:58 - Adding platform group 278 for client m1sspit4boa - SUCCESS
2025-06-12 15:34:39 - clientPlatform processing for: Kapi
2025-06-12 15:34:39 - Client info: , Platform: Windows, Groups: 13,377
2025-06-12 15:34:39 - Adding platform group 278 for client Kapi - SUCCESS
2025-06-12 15:35:27 - clientPlatform processing for: Angry
2025-06-12 15:35:27 - Client info: , Platform: Windows, Groups: 17,377
2025-06-12 15:35:27 - Adding platform group 278 for client Angry - SUCCESS
2025-06-12 15:42:13 - clientPlatform processing for: TeamSpeakUser1
2025-06-12 15:42:13 - Client info: , Platform: Windows, Groups: 7
2025-06-12 15:42:13 - Adding platform group 278 for client TeamSpeakUser1 - SUCCESS
2025-06-12 15:46:02 - clientPlatform processing for: tenshin_non
2025-06-12 15:46:02 - Client info: , Platform: Windows, Groups: 18,377
2025-06-12 15:46:02 - Adding platform group 278 for client tenshin_non - SUCCESS
2025-06-12 15:54:05 - clientPlatform processing for: SysmoUsercid=140
2025-06-12 15:54:05 - Client info: , Platform: Windows, Groups: 12,377
2025-06-12 15:54:05 - Adding platform group 278 for client SysmoUsercid=140 - SUCCESS
2025-06-12 16:02:12 - clientPlatform processing for: Mamooooooo
2025-06-12 16:02:12 - Client info: , Platform: Windows, Groups: 13,377
2025-06-12 16:02:12 - Adding platform group 278 for client Mamooooooo - SUCCESS
2025-06-12 16:22:36 - clientPlatform processing for: Pol'zovatel'
2025-06-12 16:22:36 - Client info: , Platform: Windows, Groups: 18,377
2025-06-12 16:22:36 - Adding platform group 278 for client Pol'zovatel' - SUCCESS
2025-06-12 16:25:45 - clientPlatform processing for: Druid Сrow 🦅
2025-06-12 16:25:45 - Client info: , Platform: Windows, Groups: 19,377
2025-06-12 16:25:45 - Adding platform group 278 for client Druid Сrow 🦅 - SUCCESS
2025-06-12 16:32:38 - clientPlatform processing for: Ejpíček
2025-06-12 16:32:38 - Client info: , Platform: Windows, Groups: 13,377
2025-06-12 16:32:38 - Adding platform group 278 for client Ejpíček - SUCCESS
2025-06-12 16:34:12 - clientPlatform processing for: baysikimdeğil
2025-06-12 16:34:12 - Client info: , Platform: Windows, Groups: 266,377
2025-06-12 16:34:12 - Adding platform group 278 for client baysikimdeğil - SUCCESS
2025-06-12 16:35:03 - clientPlatform processing for: Mamooooooo
2025-06-12 16:35:03 - Client info: , Platform: Windows, Groups: 13,377
2025-06-12 16:35:03 - Adding platform group 278 for client Mamooooooo - SUCCESS
2025-06-12 16:35:29 - clientPlatform processing for: Mamooooooo
2025-06-12 16:35:29 - Client info: , Platform: Windows, Groups: 13,377
2025-06-12 16:35:29 - Adding platform group 278 for client Mamooooooo - SUCCESS
2025-06-12 16:35:49 - clientPlatform processing for: BartınlıBalık
2025-06-12 16:35:49 - Client info: , Platform: Windows, Groups: 14,377
2025-06-12 16:35:49 - Adding platform group 278 for client BartınlıBalık - SUCCESS
2025-06-12 16:36:03 - clientPlatform processing for: Потужний Фід
2025-06-12 16:36:03 - Client info: , Platform: Windows, Groups: 263,377
2025-06-12 16:36:03 - Adding platform group 278 for client Потужний Фід - SUCCESS
2025-06-12 16:36:15 - clientPlatform processing for: Mamooooooo
2025-06-12 16:36:15 - Client info: , Platform: Windows, Groups: 13,377
2025-06-12 16:36:15 - Adding platform group 278 for client Mamooooooo - SUCCESS
2025-06-12 16:36:41 - clientPlatform processing for: novii
2025-06-12 16:36:41 - Client info: , Platform: Windows, Groups: 18,377
2025-06-12 16:36:41 - Adding platform group 278 for client novii - SUCCESS
2025-06-12 16:38:35 - clientPlatform processing for: Mamooooooo
2025-06-12 16:38:35 - Client info: , Platform: Windows, Groups: 13,377
2025-06-12 16:38:35 - Adding platform group 278 for client Mamooooooo - SUCCESS
2025-06-12 16:40:08 - clientPlatform processing for: Mamooooooo
2025-06-12 16:40:08 - Client info: , Platform: Windows, Groups: 13,377
2025-06-12 16:40:08 - Adding platform group 278 for client Mamooooooo - SUCCESS
2025-06-12 16:41:22 - clientPlatform processing for: teaman11
2025-06-12 16:41:22 - Client info: , Platform: Windows, Groups: 17,377
2025-06-12 16:41:22 - Adding platform group 278 for client teaman11 - SUCCESS
2025-06-12 16:46:04 - clientPlatform processing for: Jahodový Knedl
2025-06-12 16:46:04 - Client info: , Platform: Windows, Groups: 13,377
2025-06-12 16:46:04 - Adding platform group 278 for client Jahodový Knedl - SUCCESS
2025-06-12 16:49:55 - clientPlatform processing for: éclatax
2025-06-12 16:49:55 - Client info: , Platform: Windows, Groups: 14,377
2025-06-12 16:49:55 - Adding platform group 278 for client éclatax - SUCCESS
2025-06-12 16:52:41 - clientPlatform processing for: mocas
2025-06-12 16:52:41 - Client info: , Platform: Windows, Groups: 13,377
2025-06-12 16:52:41 - Adding platform group 278 for client mocas - SUCCESS
2025-06-12 17:02:49 - clientPlatform processing for: Darkmghost
2025-06-12 17:02:49 - Client info: , Platform: Windows, Groups: 264,377
2025-06-12 17:02:49 - Adding platform group 278 for client Darkmghost - SUCCESS
2025-06-12 17:03:56 - clientPlatform processing for: SysmoUsercid=140
2025-06-12 17:03:56 - Client info: , Platform: Windows, Groups: 263,377
2025-06-12 17:03:56 - Adding platform group 278 for client SysmoUsercid=140 - SUCCESS
2025-06-12 17:04:36 - clientPlatform processing for: LAZZZZER
2025-06-12 17:04:36 - Client info: , Platform: Windows, Groups: 15,377
2025-06-12 17:04:36 - Adding platform group 278 for client LAZZZZER - SUCCESS
2025-06-12 17:05:38 - clientPlatform processing for: éclatax
2025-06-12 17:05:38 - Client info: , Platform: Windows, Groups: 14,377
2025-06-12 17:05:38 - Adding platform group 278 for client éclatax - SUCCESS
2025-06-12 17:05:46 - clientPlatform processing for: ivo
2025-06-12 17:05:46 - Client info: , Platform: Windows, Groups: 13,377
2025-06-12 17:05:46 - Adding platform group 278 for client ivo - SUCCESS
2025-06-12 17:06:33 - clientPlatform processing for: LAZERR
2025-06-12 17:06:33 - Client info: , Platform: Windows, Groups: 266,377
2025-06-12 17:06:33 - Adding platform group 278 for client LAZERR - SUCCESS
2025-06-12 17:10:28 - clientPlatform processing for: Jaws
2025-06-12 17:10:28 - Client info: , Platform: Windows, Groups: 266,377
2025-06-12 17:10:28 - Adding platform group 278 for client Jaws - SUCCESS
2025-06-12 17:10:38 - clientPlatform processing for: Asshole do not burn
2025-06-12 17:10:38 - Client info: , Platform: Windows, Groups: 263,377
2025-06-12 17:10:38 - Adding platform group 278 for client Asshole do not burn - SUCCESS
2025-06-12 17:12:42 - clientPlatform processing for: baysikimdeğil
2025-06-12 17:12:42 - Client info: , Platform: Windows, Groups: 266,377
2025-06-12 17:12:42 - Adding platform group 278 for client baysikimdeğil - SUCCESS
2025-06-12 17:14:13 - clientPlatform processing for: Asshole do not burn
2025-06-12 17:14:13 - Client info: , Platform: Windows, Groups: 263,377
2025-06-12 17:14:13 - Adding platform group 278 for client Asshole do not burn - SUCCESS
2025-06-12 17:16:54 - clientPlatform processing for: yusufppks
2025-06-12 17:16:54 - Client info: , Platform: Windows, Groups: 266,377
2025-06-12 17:16:54 - Adding platform group 278 for client yusufppks - SUCCESS
2025-06-12 17:17:44 - clientPlatform processing for: SysmoUsercid=140
2025-06-12 17:17:44 - Client info: , Platform: Windows, Groups: 263,377
2025-06-12 17:17:44 - Adding platform group 278 for client SysmoUsercid=140 - SUCCESS
2025-06-12 17:22:08 - clientPlatform processing for: Mr..Fury
2025-06-12 17:22:08 - Client info: , Platform: Windows, Groups: 263,377
2025-06-12 17:22:08 - Adding platform group 278 for client Mr..Fury - SUCCESS
2025-06-12 17:24:15 - clientPlatform processing for: 812
2025-06-12 17:24:15 - Client info: , Platform: Windows, Groups: 12,377
2025-06-12 17:24:15 - Adding platform group 278 for client 812 - SUCCESS
2025-06-12 17:25:16 - clientPlatform processing for: Foker
2025-06-12 17:25:16 - Client info: , Platform: Windows, Groups: 8,369
2025-06-12 17:25:16 - Adding platform group 278 for client Foker - SUCCESS
2025-06-12 17:25:41 - clientPlatform processing for: 812
2025-06-12 17:25:41 - Client info: , Platform: Windows, Groups: 12,377
2025-06-12 17:25:41 - Adding platform group 278 for client 812 - SUCCESS
2025-06-12 17:26:18 - clientPlatform processing for: 812
2025-06-12 17:26:18 - Client info: , Platform: Windows, Groups: 12,377
2025-06-12 17:26:18 - Adding platform group 278 for client 812 - SUCCESS
2025-06-12 17:26:23 - clientPlatform processing for: INSANE
2025-06-12 17:26:23 - Client info: , Platform: Windows, Groups: 17,377
2025-06-12 17:26:23 - Adding platform group 278 for client INSANE - SUCCESS
2025-06-12 17:26:39 - clientPlatform processing for: takesh111
2025-06-12 17:26:39 - Client info: , Platform: Windows, Groups: 266,377
2025-06-12 17:26:39 - Adding platform group 278 for client takesh111 - SUCCESS
2025-06-12 17:39:44 - clientPlatform processing for: Боцман777
2025-06-12 17:39:44 - Client info: , Platform: Windows, Groups: 18,377
2025-06-12 17:39:44 - Adding platform group 278 for client Боцман777 - SUCCESS
2025-06-12 17:41:19 - clientPlatform processing for: Чех
2025-06-12 17:41:19 - Client info: , Platform: Windows, Groups: 266,377
2025-06-12 17:41:19 - Adding platform group 278 for client Чех - SUCCESS
2025-06-12 17:41:41 - clientPlatform processing for: takesh111
2025-06-12 17:41:41 - Client info: , Platform: Windows, Groups: 266,377
2025-06-12 17:41:41 - Adding platform group 278 for client takesh111 - SUCCESS
2025-06-12 17:47:22 - clientPlatform processing for: Bloker
2025-06-12 17:47:22 - Client info: , Platform: Windows, Groups: 263,377
2025-06-12 17:47:22 - Adding platform group 278 for client Bloker - SUCCESS
2025-06-12 17:49:44 - clientPlatform processing for: Hydrastarke
2025-06-12 17:49:44 - Client info: , Platform: Windows, Groups: 265,377
2025-06-12 17:49:44 - Adding platform group 278 for client Hydrastarke - SUCCESS
2025-06-12 17:50:12 - clientPlatform processing for: Foker
2025-06-12 17:50:12 - Client info: , Platform: Windows, Groups: 8,369
2025-06-12 17:50:12 - Adding platform group 278 for client Foker - SUCCESS
2025-06-12 17:50:51 - clientPlatform processing for: Foker
2025-06-12 17:50:51 - Client info: , Platform: Windows, Groups: 8,369
2025-06-12 17:50:51 - Adding platform group 278 for client Foker - SUCCESS
2025-06-12 17:51:03 - clientPlatform processing for: x7uned 🌊
2025-06-12 17:51:03 - Client info: , Platform: Windows, Groups: 17,377
2025-06-12 17:51:03 - Adding platform group 278 for client x7uned 🌊 - SUCCESS
2025-06-12 17:51:28 - clientPlatform processing for: DADA
2025-06-12 17:51:28 - Client info: , Platform: Windows, Groups: 266,377
2025-06-12 17:51:28 - Adding platform group 278 for client DADA - SUCCESS
2025-06-12 17:51:37 - clientPlatform processing for: DrRiv
2025-06-12 17:51:37 - Client info: , Platform: Windows, Groups: 266,377
2025-06-12 17:51:37 - Adding platform group 278 for client DrRiv - SUCCESS
2025-06-12 17:51:39 - clientPlatform processing for: H0R0Z
2025-06-12 17:51:39 - Client info: , Platform: Windows, Groups: 266,377
2025-06-12 17:51:39 - Adding platform group 278 for client H0R0Z - SUCCESS
2025-06-12 17:52:44 - clientPlatform processing for: Foker
2025-06-12 17:52:44 - Client info: , Platform: Windows, Groups: 8,369
2025-06-12 17:52:44 - Adding platform group 278 for client Foker - SUCCESS
2025-06-12 17:53:36 - clientPlatform processing for: Foker
2025-06-12 17:53:36 - Client info: , Platform: Windows, Groups: 8,369
2025-06-12 17:53:36 - Adding platform group 278 for client Foker - SUCCESS
2025-06-12 17:53:54 - clientPlatform processing for: Venta
2025-06-12 17:53:54 - Client info: , Platform: Windows, Groups: 13,377
2025-06-12 17:53:54 - Adding platform group 278 for client Venta - SUCCESS
2025-06-12 17:54:01 - clientPlatform processing for: ivo
2025-06-12 17:54:01 - Client info: , Platform: Windows, Groups: 13,377
2025-06-12 17:54:01 - Adding platform group 278 for client ivo - SUCCESS
2025-06-12 17:54:18 - clientPlatform processing for: oneYap
2025-06-12 17:54:18 - Client info: , Platform: Windows, Groups: 7
2025-06-12 17:54:18 - Adding platform group 278 for client oneYap - SUCCESS
2025-06-12 17:54:23 - clientPlatform processing for: mocas
2025-06-12 17:54:23 - Client info: , Platform: Windows, Groups: 13,377
2025-06-12 17:54:23 - Adding platform group 278 for client mocas - SUCCESS
2025-06-12 17:54:40 - clientPlatform processing for: Kapi
2025-06-12 17:54:40 - Client info: , Platform: Windows, Groups: 13,377
2025-06-12 17:54:40 - Adding platform group 278 for client Kapi - SUCCESS
2025-06-12 17:58:00 - clientPlatform processing for: BIGYURI
2025-06-12 17:58:00 - Client info: , Platform: Windows, Groups: 13,377
2025-06-12 17:58:00 - Adding platform group 278 for client BIGYURI - SUCCESS
2025-06-12 17:58:06 - clientPlatform processing for: Kapi
2025-06-12 17:58:06 - Client info: , Platform: Windows, Groups: 13,377
2025-06-12 17:58:06 - Adding platform group 278 for client Kapi - SUCCESS
2025-06-12 17:58:44 - clientPlatform processing for: vlados1313
2025-06-12 17:58:44 - Client info: , Platform: Windows, Groups: 8,369
2025-06-12 17:58:44 - Adding platform group 278 for client vlados1313 - SUCCESS
2025-06-12 18:05:35 - clientPlatform processing for: men4
2025-06-12 18:05:35 - Client info: , Platform: Windows, Groups: 263,377
2025-06-12 18:05:35 - Adding platform group 278 for client men4 - SUCCESS
2025-06-12 18:07:10 - clientPlatform processing for: Platonuch_UA
2025-06-12 18:07:10 - Client info: , Platform: Windows, Groups: 20,377
2025-06-12 18:07:10 - Adding platform group 278 for client Platonuch_UA - SUCCESS
2025-06-12 18:09:13 - clientPlatform processing for: Neil0001k
2025-06-12 18:09:13 - Client info: , Platform: Windows, Groups: 17,377
2025-06-12 18:09:13 - Adding platform group 278 for client Neil0001k - SUCCESS
2025-06-12 18:10:42 - clientPlatform processing for: Bloker
2025-06-12 18:10:42 - Client info: , Platform: Windows, Groups: 263,377
2025-06-12 18:10:42 - Adding platform group 278 for client Bloker - SUCCESS
2025-06-12 18:12:17 - clientPlatform processing for: TeamSpeakUser1
2025-06-12 18:12:17 - Client info: , Platform: Windows, Groups: 266,377
2025-06-12 18:12:17 - Adding platform group 278 for client TeamSpeakUser1 - SUCCESS
2025-06-12 18:14:19 - clientPlatform processing for: Leo33russs
2025-06-12 18:14:19 - Client info: , Platform: Windows, Groups: 15,377
2025-06-12 18:14:19 - Adding platform group 278 for client Leo33russs - SUCCESS
2025-06-12 18:14:42 - clientPlatform processing for: Futa
2025-06-12 18:14:42 - Client info: , Platform: Windows, Groups: 266,377
2025-06-12 18:14:42 - Adding platform group 278 for client Futa - SUCCESS
2025-06-12 18:15:20 - clientPlatform processing for: Хозяин Абатура №4
2025-06-12 18:15:20 - Client info: , Platform: Windows, Groups: 15,377
2025-06-12 18:15:20 - Adding platform group 278 for client Хозяин Абатура №4 - SUCCESS
2025-06-12 18:16:53 - clientPlatform processing for: parzi
2025-06-12 18:16:53 - Client info: , Platform: Windows, Groups: 266,377
2025-06-12 18:16:53 - Adding platform group 278 for client parzi - SUCCESS
2025-06-12 18:17:28 - clientPlatform processing for: aeRR
2025-06-12 18:17:28 - Client info: , Platform: Windows, Groups: 17,377
2025-06-12 18:17:28 - Adding platform group 278 for client aeRR - SUCCESS
2025-06-12 18:17:35 - clientPlatform processing for: KekSs_33rus
2025-06-12 18:17:35 - Client info: , Platform: Windows, Groups: 15,377
2025-06-12 18:17:35 - Adding platform group 278 for client KekSs_33rus - SUCCESS
2025-06-12 18:17:36 - clientPlatform processing for: SEBASTİANVETTEL
2025-06-12 18:17:36 - Client info: , Platform: Windows, Groups: 7
2025-06-12 18:17:36 - Adding platform group 278 for client SEBASTİANVETTEL - SUCCESS
2025-06-12 18:17:36 - clientPlatform processing for: SEBASTİANVETTEL
2025-06-12 18:17:36 - Client info: , Platform: Windows, Groups: 7
2025-06-12 18:17:36 - Group already assigned (detected from error), skipping
2025-06-12 18:17:36 - Adding platform group 278 for client SEBASTİANVETTEL - SUCCESS
2025-06-12 18:17:36 - clientPlatform processing for: SEBASTİANVETTEL
2025-06-12 18:17:36 - Client info: , Platform: Windows, Groups: 7
2025-06-12 18:17:36 - Group already assigned (detected from error), skipping
2025-06-12 18:17:36 - Adding platform group 278 for client SEBASTİANVETTEL - SUCCESS
2025-06-12 18:18:42 - clientPlatform processing for: SEBASTİANVETTEL
2025-06-12 18:18:42 - Client info: , Platform: Windows, Groups: 8,369
2025-06-12 18:18:42 - Adding platform group 278 for client SEBASTİANVETTEL - SUCCESS
2025-06-12 18:21:23 - clientPlatform processing for: Mamooooooo
2025-06-12 18:21:23 - Client info: , Platform: Windows, Groups: 13,377
2025-06-12 18:21:23 - Adding platform group 278 for client Mamooooooo - SUCCESS
2025-06-12 18:21:39 - clientPlatform processing for: BLACK
2025-06-12 18:21:39 - Client info: , Platform: Windows, Groups: 14,377
2025-06-12 18:21:39 - Adding platform group 278 for client BLACK - SUCCESS
2025-06-12 18:23:33 - clientPlatform processing for: tikka345
2025-06-12 18:23:33 - Client info: , Platform: Windows, Groups: 14,377
2025-06-12 18:23:33 - Adding platform group 278 for client tikka345 - SUCCESS
2025-06-12 18:24:13 - clientPlatform processing for: sanka98
2025-06-12 18:24:13 - Client info: , Platform: Windows, Groups: 14,377
2025-06-12 18:24:13 - Adding platform group 278 for client sanka98 - SUCCESS
2025-06-12 18:26:47 - clientPlatform processing for: RHDRGRDGDFGESFSFDSFSEWADAWDSFD
2025-06-12 18:26:47 - Client info: , Platform: Windows, Groups: 7
2025-06-12 18:26:47 - Adding platform group 278 for client RHDRGRDGDFGESFSFDSFSEWADAWDSFD - SUCCESS
2025-06-12 18:31:02 - clientPlatform processing for: saadf
2025-06-12 18:31:02 - Client info: , Platform: Windows, Groups: 17,377
2025-06-12 18:31:02 - Adding platform group 278 for client saadf - SUCCESS
2025-06-12 18:32:36 - clientPlatform processing for: TeamSpeakUser2
2025-06-12 18:32:36 - Client info: , Platform: Windows, Groups: 13,377
2025-06-12 18:32:36 - Adding platform group 278 for client TeamSpeakUser2 - SUCCESS
2025-06-12 18:34:31 - clientPlatform processing for: Лише
2025-06-12 18:34:31 - Client info: , Platform: Windows, Groups: 13,377
2025-06-12 18:34:31 - Adding platform group 278 for client Лише - SUCCESS
2025-06-12 18:35:46 - clientPlatform processing for: parzi
2025-06-12 18:35:46 - Client info: , Platform: Windows, Groups: 266,377
2025-06-12 18:35:46 - Adding platform group 278 for client parzi - SUCCESS
2025-06-12 18:36:28 - clientPlatform processing for: Pedro
2025-06-12 18:36:28 - Client info: , Platform: Windows, Groups: 13,377
2025-06-12 18:36:28 - Adding platform group 278 for client Pedro - SUCCESS
2025-06-12 18:41:03 - clientPlatform processing for: darac
2025-06-12 18:41:03 - Client info: , Platform: Windows, Groups: 17,377
2025-06-12 18:41:03 - Adding platform group 278 for client darac - SUCCESS
2025-06-12 18:43:38 - clientPlatform processing for: Са1ун
2025-06-12 18:43:38 - Client info: , Platform: Windows, Groups: 264,377
2025-06-12 18:43:38 - Adding platform group 278 for client Са1ун - SUCCESS
2025-06-12 18:44:52 - clientPlatform processing for: pa_sha00
2025-06-12 18:44:52 - Client info: , Platform: Windows, Groups: 266,377
2025-06-12 18:44:52 - Adding platform group 278 for client pa_sha00 - SUCCESS
2025-06-12 18:46:35 - clientPlatform processing for: H0R0Z
2025-06-12 18:46:35 - Client info: , Platform: Windows, Groups: 266,377
2025-06-12 18:46:35 - Adding platform group 278 for client H0R0Z - SUCCESS
2025-06-12 18:47:28 - clientPlatform processing for: -W1LLL
2025-06-12 18:47:28 - Client info: , Platform: Windows, Groups: 266,377
2025-06-12 18:47:28 - Adding platform group 278 for client -W1LLL - SUCCESS
2025-06-12 18:48:03 - clientPlatform processing for: joy
2025-06-12 18:48:03 - Client info: , Platform: Windows, Groups: 15,377
2025-06-12 18:48:03 - Adding platform group 278 for client joy - SUCCESS
2025-06-12 18:48:10 - clientPlatform processing for: HUESOS
2025-06-12 18:48:10 - Client info: , Platform: Windows, Groups: 13,377
2025-06-12 18:48:10 - Adding platform group 278 for client HUESOS - SUCCESS
2025-06-12 18:49:58 - clientPlatform processing for: Toxic_Steam
2025-06-12 18:49:58 - Client info: , Platform: Windows, Groups: 7
2025-06-12 18:49:58 - Adding platform group 278 for client Toxic_Steam - SUCCESS
2025-06-12 18:51:03 - clientPlatform processing for: DurK_NighT
2025-06-12 18:51:03 - Client info: , Platform: Windows, Groups: 7
2025-06-12 18:51:03 - Adding platform group 278 for client DurK_NighT - SUCCESS
2025-06-12 18:51:50 - clientPlatform processing for: Kerollanos
2025-06-12 18:51:50 - Client info: , Platform: Windows, Groups: 17,369
2025-06-12 18:51:50 - Adding platform group 278 for client Kerollanos - SUCCESS
2025-06-12 18:52:17 - clientPlatform processing for: nAnu
2025-06-12 18:52:17 - Client info: , Platform: Windows, Groups: 264,377
2025-06-12 18:52:17 - Adding platform group 278 for client nAnu - SUCCESS
2025-06-12 18:53:51 - clientPlatform processing for: Dumina
2025-06-12 18:53:51 - Client info: , Platform: Windows, Groups: 19,377
2025-06-12 18:53:51 - Adding platform group 278 for client Dumina - SUCCESS
2025-06-12 18:56:08 - clientPlatform processing for: DurK_NighT
2025-06-12 18:56:08 - Client info: , Platform: Windows, Groups: 8,369
2025-06-12 18:56:08 - Adding platform group 278 for client DurK_NighT - SUCCESS
2025-06-12 18:58:00 - clientPlatform processing for: Bloker
2025-06-12 18:58:00 - Client info: , Platform: Windows, Groups: 263,377
2025-06-12 18:58:00 - Adding platform group 278 for client Bloker - SUCCESS
2025-06-12 18:58:06 - clientPlatform processing for: Jahodový Knedl
2025-06-12 18:58:06 - Client info: , Platform: Windows, Groups: 13,377
2025-06-12 18:58:06 - Adding platform group 278 for client Jahodový Knedl - SUCCESS
2025-06-12 18:59:15 - clientPlatform processing for: BigPAPA
2025-06-12 18:59:15 - Client info: , Platform: Windows, Groups: 17,377
2025-06-12 18:59:16 - Adding platform group 278 for client BigPAPA - SUCCESS
2025-06-12 19:00:42 - clientPlatform processing for: s1djeeey
2025-06-12 19:00:42 - Client info: , Platform: Windows, Groups: 266,377
2025-06-12 19:00:42 - Adding platform group 278 for client s1djeeey - SUCCESS
2025-06-12 19:04:51 - clientPlatform processing for: Vlad1ck
2025-06-12 19:04:51 - Client info: , Platform: Windows, Groups: 10,369
2025-06-12 19:04:51 - Adding platform group 278 for client Vlad1ck - SUCCESS
2025-06-12 19:06:06 - clientPlatform processing for: volya
2025-06-12 19:06:06 - Client info: , Platform: Windows, Groups: 12,377
2025-06-12 19:06:06 - Adding platform group 278 for client volya - SUCCESS
2025-06-12 19:08:17 - clientPlatform processing for: arewzie
2025-06-12 19:08:17 - Client info: , Platform: Windows, Groups: 266,377
2025-06-12 19:08:17 - Adding platform group 278 for client arewzie - SUCCESS
2025-06-12 19:08:23 - clientPlatform processing for: Gosh
2025-06-12 19:08:23 - Client info: , Platform: Windows, Groups: 17,377
2025-06-12 19:08:23 - Adding platform group 278 for client Gosh - SUCCESS
2025-06-12 19:12:03 - clientPlatform processing for: ахуенно быть рэпером
2025-06-12 19:12:03 - Client info: , Platform: Windows, Groups: 266,377
2025-06-12 19:12:03 - Adding platform group 278 for client ахуенно быть рэпером - SUCCESS
2025-06-12 19:13:53 - clientPlatform processing for: ardoş
2025-06-12 19:13:53 - Client info: , Platform: Windows, Groups: 266,377
2025-06-12 19:13:53 - Adding platform group 278 for client ardoş - SUCCESS
2025-06-12 19:15:18 - clientPlatform processing for: ван гогг
2025-06-12 19:15:18 - Client info: , Platform: Windows, Groups: 13,377
2025-06-12 19:15:18 - Adding platform group 278 for client ван гогг - SUCCESS
2025-06-12 19:16:24 - clientPlatform processing for: farkoshka
2025-06-12 19:16:24 - Client info: , Platform: Windows, Groups: 12,377
2025-06-12 19:16:24 - Adding platform group 278 for client farkoshka - SUCCESS
2025-06-12 19:17:15 - clientPlatform processing for: caeciliae
2025-06-12 19:17:15 - Client info: , Platform: Windows, Groups: 264,377
2025-06-12 19:17:15 - Adding platform group 278 for client caeciliae - SUCCESS
2025-06-12 19:17:19 - clientPlatform processing for: _vladuk__
2025-06-12 19:17:19 - Client info: , Platform: Windows, Groups: 264,377
2025-06-12 19:17:19 - Adding platform group 278 for client _vladuk__ - SUCCESS
2025-06-12 19:17:58 - clientPlatform processing for: Axtic
2025-06-12 19:17:58 - Client info: , Platform: Windows, Groups: 266,377
2025-06-12 19:17:58 - Adding platform group 278 for client Axtic - SUCCESS
2025-06-12 19:18:13 - clientPlatform processing for: takesh111
2025-06-12 19:18:13 - Client info: , Platform: Windows, Groups: 266,377
2025-06-12 19:18:13 - Adding platform group 278 for client takesh111 - SUCCESS
2025-06-12 19:19:06 - clientPlatform processing for: мирорчик
2025-06-12 19:19:06 - Client info: , Platform: Windows, Groups: 10,369
2025-06-12 19:19:06 - Adding platform group 278 for client мирорчик - SUCCESS
2025-06-12 19:19:25 - clientPlatform processing for: TaTaRiN
2025-06-12 19:19:25 - Client info: , Platform: Windows, Groups: 8,9,369
2025-06-12 19:19:25 - Adding platform group 278 for client TaTaRiN - SUCCESS
2025-06-12 19:20:32 - clientPlatform processing for: ахуенно быть рэпером
2025-06-12 19:20:32 - Client info: , Platform: Windows, Groups: 266,377
2025-06-12 19:20:32 - Adding platform group 278 for client ахуенно быть рэпером - SUCCESS
2025-06-12 19:21:00 - clientPlatform processing for: H0R0Z
2025-06-12 19:21:00 - Client info: , Platform: Windows, Groups: 266,377
2025-06-12 19:21:00 - Adding platform group 278 for client H0R0Z - SUCCESS
2025-06-12 19:21:23 - clientPlatform processing for: Fominykh454
2025-06-12 19:21:23 - Client info: , Platform: Windows, Groups: 265,377
2025-06-12 19:21:23 - Adding platform group 278 for client Fominykh454 - SUCCESS
2025-06-12 19:21:59 - clientPlatform processing for: TaTaRiN
2025-06-12 19:21:59 - Client info: , Platform: Windows, Groups: 8,9,369
2025-06-12 19:21:59 - Adding platform group 278 for client TaTaRiN - SUCCESS
2025-06-12 19:22:02 - clientPlatform processing for: Fominykh454
2025-06-12 19:22:02 - Client info: , Platform: Windows, Groups: 265,377
2025-06-12 19:22:02 - Adding platform group 278 for client Fominykh454 - SUCCESS
2025-06-12 19:22:02 - clientPlatform processing for: Fominykh454
2025-06-12 19:22:02 - Client info: , Platform: Windows, Groups: 265,377
2025-06-12 19:22:02 - Group already assigned (detected from error), skipping
2025-06-12 19:22:02 - Adding platform group 278 for client Fominykh454 - SUCCESS
2025-06-12 19:22:03 - clientPlatform processing for: Fominykh454
2025-06-12 19:22:03 - Client info: , Platform: Windows, Groups: 265,377
2025-06-12 19:22:03 - Group already assigned (detected from error), skipping
2025-06-12 19:22:03 - Adding platform group 278 for client Fominykh454 - SUCCESS
2025-06-12 19:23:11 - clientPlatform processing for: Ghost
2025-06-12 19:23:11 - Client info: , Platform: Windows, Groups: 19,377
2025-06-12 19:23:11 - Adding platform group 278 for client Ghost - SUCCESS
2025-06-12 19:24:44 - clientPlatform processing for: TaTaRiN
2025-06-12 19:24:44 - Client info: , Platform: Windows, Groups: 8,9,369
2025-06-12 19:24:44 - Adding platform group 278 for client TaTaRiN - SUCCESS
2025-06-12 19:25:49 - clientPlatform processing for: salas
2025-06-12 19:25:49 - Client info: , Platform: Windows, Groups: 15,377
2025-06-12 19:25:49 - Adding platform group 278 for client salas - SUCCESS
2025-06-12 19:27:41 - clientPlatform processing for: teaman11
2025-06-12 19:27:41 - Client info: , Platform: Windows, Groups: 17,377
2025-06-12 19:27:41 - Adding platform group 278 for client teaman11 - SUCCESS
2025-06-12 19:27:52 - clientPlatform processing for: takesh111
2025-06-12 19:27:52 - Client info: , Platform: Windows, Groups: 266,377
2025-06-12 19:27:52 - Adding platform group 278 for client takesh111 - SUCCESS
2025-06-12 19:29:00 - clientPlatform processing for: Joss
2025-06-12 19:29:00 - Client info: , Platform: Windows, Groups: 265,377
2025-06-12 19:29:00 - Adding platform group 278 for client Joss - SUCCESS
2025-06-12 19:32:34 - clientPlatform processing for: kaya
2025-06-12 19:32:34 - Client info: , Platform: Windows, Groups: 266,377
2025-06-12 19:32:34 - Adding platform group 278 for client kaya - SUCCESS
2025-06-12 19:32:52 - clientPlatform processing for: hugao
2025-06-12 19:32:52 - Client info: , Platform: Windows, Groups: 13,377
2025-06-12 19:32:52 - Adding platform group 278 for client hugao - SUCCESS
2025-06-12 19:33:25 - clientPlatform processing for: DurK_NighT
2025-06-12 19:33:25 - Client info: , Platform: Windows, Groups: 8,369
2025-06-12 19:33:25 - Adding platform group 278 for client DurK_NighT - SUCCESS
2025-06-12 19:37:15 - clientPlatform processing for: iiTzMenusha
2025-06-12 19:37:15 - Client info: , Platform: Windows, Groups: 10,369
2025-06-12 19:37:15 - Adding platform group 278 for client iiTzMenusha - SUCCESS
2025-06-12 19:40:08 - clientPlatform processing for: Уебище
2025-06-12 19:40:08 - Client info: , Platform: Windows, Groups: 266,377
2025-06-12 19:40:08 - Adding platform group 278 for client Уебище - SUCCESS
2025-06-12 19:41:01 - clientPlatform processing for: joji
2025-06-12 19:41:01 - Client info: , Platform: Windows, Groups: 266,377
2025-06-12 19:41:01 - Adding platform group 278 for client joji - SUCCESS
2025-06-12 19:42:05 - clientPlatform processing for: e6lan
2025-06-12 19:42:05 - Client info: , Platform: Windows, Groups: 17,377
2025-06-12 19:42:05 - Adding platform group 278 for client e6lan - SUCCESS
2025-06-12 19:42:46 - clientPlatform processing for: e6lan
2025-06-12 19:42:46 - Client info: , Platform: Windows, Groups: 17,377
2025-06-12 19:42:46 - Adding platform group 278 for client e6lan - SUCCESS
2025-06-12 19:43:30 - clientPlatform processing for: Agilex
2025-06-12 19:43:30 - Client info: , Platform: Windows, Groups: 264,377
2025-06-12 19:43:30 - Adding platform group 278 for client Agilex - SUCCESS
2025-06-12 19:43:58 - clientPlatform processing for: Yabanashka
2025-06-12 19:43:58 - Client info: , Platform: Windows, Groups: 263,377
2025-06-12 19:43:58 - Adding platform group 278 for client Yabanashka - SUCCESS
2025-06-12 19:44:19 - clientPlatform processing for: Alphonsine
2025-06-12 19:44:19 - Client info: , Platform: Windows, Groups: 264,377
2025-06-12 19:44:19 - Adding platform group 278 for client Alphonsine - SUCCESS
2025-06-12 19:44:49 - clientPlatform processing for: TeamSpeakUser2
2025-06-12 19:44:49 - Client info: , Platform: Windows, Groups: 14,377
2025-06-12 19:44:49 - Adding platform group 278 for client TeamSpeakUser2 - SUCCESS
2025-06-12 19:48:21 - clientPlatform processing for: шароёб
2025-06-12 19:48:21 - Client info: , Platform: Windows, Groups: 263,377
2025-06-12 19:48:21 - Adding platform group 278 for client шароёб - SUCCESS
2025-06-12 19:49:05 - clientPlatform processing for: joji
2025-06-12 19:49:05 - Client info: , Platform: Windows, Groups: 266,377
2025-06-12 19:49:05 - Adding platform group 278 for client joji - SUCCESS
2025-06-12 19:50:53 - clientPlatform processing for: TeamSpeakUser1
2025-06-12 19:50:53 - Client info: , Platform: Windows, Groups: 7
2025-06-12 19:50:53 - Adding platform group 278 for client TeamSpeakUser1 - SUCCESS
2025-06-12 19:51:22 - clientPlatform processing for: verdi
2025-06-12 19:51:22 - Client info: , Platform: Windows, Groups: 266,377
2025-06-12 19:51:22 - Adding platform group 278 for client verdi - SUCCESS
2025-06-12 19:53:28 - clientPlatform processing for: timothysamuelx
2025-06-12 19:53:28 - Client info: , Platform: Windows, Groups: 264,377
2025-06-12 19:53:28 - Adding platform group 278 for client timothysamuelx - SUCCESS
2025-06-12 19:55:17 - clientPlatform processing for: mishechcaty
2025-06-12 19:55:17 - Client info: , Platform: Windows, Groups: 264,377
2025-06-12 19:55:17 - Adding platform group 278 for client mishechcaty - SUCCESS
2025-06-12 19:57:32 - clientPlatform processing for: don
2025-06-12 19:57:32 - Client info: , Platform: Windows, Groups: 265,377
2025-06-12 19:57:32 - Adding platform group 278 for client don - SUCCESS
2025-06-12 19:59:13 - clientPlatform processing for: Nima
2025-06-12 19:59:13 - Client info: , Platform: Windows, Groups: 12,377
2025-06-12 19:59:13 - Adding platform group 278 for client Nima - SUCCESS
2025-06-12 20:01:00 - clientPlatform processing for: Yabanashka
2025-06-12 20:01:00 - Client info: , Platform: Windows, Groups: 263,377
2025-06-12 20:01:00 - Adding platform group 278 for client Yabanashka - SUCCESS
2025-06-12 20:01:10 - clientPlatform processing for: ko1xoznik
2025-06-12 20:01:10 - Client info: , Platform: Windows, Groups: 266,377
2025-06-12 20:01:10 - Adding platform group 278 for client ko1xoznik - SUCCESS
2025-06-12 20:01:36 - clientPlatform processing for: ko1xoznik
2025-06-12 20:01:36 - Client info: , Platform: Windows, Groups: 266,377
2025-06-12 20:01:36 - Adding platform group 278 for client ko1xoznik - SUCCESS
2025-06-12 20:06:21 - clientPlatform processing for: yondera
2025-06-12 20:06:21 - Client info: , Platform: Windows, Groups: 266,377
2025-06-12 20:06:21 - Adding platform group 278 for client yondera - SUCCESS
2025-06-12 20:06:45 - clientPlatform processing for: SnakeXop
2025-06-12 20:06:45 - Client info: , Platform: Windows, Groups: 8,369
2025-06-12 20:06:45 - Adding platform group 278 for client SnakeXop - SUCCESS
2025-06-12 20:06:56 - clientPlatform processing for: Cpt.BORODA
2025-06-12 20:06:56 - Client info: , Platform: Windows, Groups: 15,377
2025-06-12 20:06:56 - Adding platform group 278 for client Cpt.BORODA - SUCCESS
2025-06-12 20:06:56 - clientPlatform processing for: KC_Agee
2025-06-12 20:06:56 - Client info: , Platform: Windows, Groups: 12,377
2025-06-12 20:06:56 - Adding platform group 278 for client KC_Agee - SUCCESS
2025-06-12 20:08:10 - clientPlatform processing for: Hydrastarke
2025-06-12 20:08:10 - Client info: , Platform: Windows, Groups: 265,377
2025-06-12 20:08:10 - Adding platform group 278 for client Hydrastarke - SUCCESS
2025-06-12 20:12:17 - clientPlatform processing for: мирорчик
2025-06-12 20:12:17 - Client info: , Platform: Windows, Groups: 10,369
2025-06-12 20:12:17 - Adding platform group 278 for client мирорчик - SUCCESS
2025-06-12 20:13:05 - clientPlatform processing for: ZeyphiZ
2025-06-12 20:13:05 - Client info: , Platform: Windows, Groups: 13,377
2025-06-12 20:13:05 - Adding platform group 278 for client ZeyphiZ - SUCCESS
2025-06-12 20:13:23 - clientPlatform processing for: lokmannnnnn
2025-06-12 20:13:23 - Client info: , Platform: Windows, Groups: 263,377
2025-06-12 20:13:23 - Adding platform group 278 for client lokmannnnnn - SUCCESS
2025-06-12 20:16:34 - clientPlatform processing for: TeamSpeakUser3
2025-06-12 20:16:34 - Client info: , Platform: Windows, Groups: 14,377
2025-06-12 20:16:34 - Adding platform group 278 for client TeamSpeakUser3 - SUCCESS
2025-06-12 20:26:16 - clientPlatform processing for: Etienne
2025-06-12 20:26:16 - Client info: , Platform: Windows, Groups: 14,377
2025-06-12 20:26:16 - Adding platform group 278 for client Etienne - SUCCESS
2025-06-12 20:26:51 - clientPlatform processing for: raweheLL
2025-06-12 20:26:51 - Client info: , Platform: Windows, Groups: 14,377
2025-06-12 20:26:52 - Adding platform group 278 for client raweheLL - SUCCESS
2025-06-12 20:27:53 - clientPlatform processing for: fRagiLe06 aydn
2025-06-12 20:27:53 - Client info: , Platform: Windows, Groups: 13,377
2025-06-12 20:27:53 - Adding platform group 278 for client fRagiLe06 aydn - SUCCESS
2025-06-12 20:28:32 - clientPlatform processing for: constantinbobeica
2025-06-12 20:28:32 - Client info: , Platform: Windows, Groups: 13,377
2025-06-12 20:28:32 - Adding platform group 278 for client constantinbobeica - SUCCESS
2025-06-12 20:29:15 - clientPlatform processing for: twitchtvAxell107
2025-06-12 20:29:15 - Client info: , Platform: Windows, Groups: 13,377
2025-06-12 20:29:15 - Adding platform group 278 for client twitchtvAxell107 - SUCCESS
2025-06-12 20:29:16 - clientPlatform processing for: twitchtvAxell107
2025-06-12 20:29:16 - Client info: , Platform: Windows, Groups: 13,377
2025-06-12 20:29:16 - Group already assigned (detected from error), skipping
2025-06-12 20:29:16 - Adding platform group 278 for client twitchtvAxell107 - SUCCESS
2025-06-12 20:29:16 - clientPlatform processing for: twitchtvAxell107
2025-06-12 20:29:16 - Client info: , Platform: Windows, Groups: 13,377
2025-06-12 20:29:16 - Group already assigned (detected from error), skipping
2025-06-12 20:29:16 - Adding platform group 278 for client twitchtvAxell107 - SUCCESS
2025-06-12 20:29:16 - clientPlatform processing for: twitchtvAxell107
2025-06-12 20:29:16 - Client info: , Platform: Windows, Groups: 13,377
2025-06-12 20:29:16 - Group already assigned (detected from error), skipping
2025-06-12 20:29:16 - Adding platform group 278 for client twitchtvAxell107 - SUCCESS
2025-06-12 20:29:16 - clientPlatform processing for: twitchtvAxell107
2025-06-12 20:29:16 - Client info: , Platform: Windows, Groups: 13,377
2025-06-12 20:29:16 - Group already assigned (detected from error), skipping
2025-06-12 20:29:16 - Adding platform group 278 for client twitchtvAxell107 - SUCCESS
2025-06-12 20:29:26 - clientPlatform processing for: motadbicar
2025-06-12 20:29:26 - Client info: , Platform: Windows, Groups: 13,377
2025-06-12 20:29:26 - Adding platform group 278 for client motadbicar - SUCCESS
2025-06-12 20:31:38 - clientPlatform processing for: Seyit
2025-06-12 20:31:38 - Client info: , Platform: Windows, Groups: 266,377
2025-06-12 20:31:38 - Adding platform group 278 for client Seyit - SUCCESS
2025-06-12 20:35:30 - clientPlatform processing for: tlishev
2025-06-12 20:35:30 - Client info: , Platform: Windows, Groups: 11,377
2025-06-12 20:35:30 - Adding platform group 278 for client tlishev - SUCCESS
2025-06-12 20:35:57 - clientPlatform processing for: tlishev
2025-06-12 20:35:57 - Client info: , Platform: Windows, Groups: 11,377
2025-06-12 20:35:57 - Adding platform group 278 for client tlishev - SUCCESS
2025-06-12 20:38:07 - clientPlatform processing for: potelchesal1
2025-06-12 20:38:07 - Client info: , Platform: Windows, Groups: 14,377
2025-06-12 20:38:07 - Adding platform group 278 for client potelchesal1 - SUCCESS
2025-06-12 20:38:20 - clientPlatform processing for: tlishev
2025-06-12 20:38:20 - Client info: , Platform: Windows, Groups: 11,377
2025-06-12 20:38:20 - Adding platform group 278 for client tlishev - SUCCESS
2025-06-12 20:38:25 - clientPlatform processing for: salas
2025-06-12 20:38:25 - Client info: , Platform: Windows, Groups: 15,377
2025-06-12 20:38:25 - Adding platform group 278 for client salas - SUCCESS
2025-06-12 20:40:03 - clientPlatform processing for: __illlia__
2025-06-12 20:40:03 - Client info: , Platform: iOS, Groups: 15,377
2025-06-12 20:40:03 - Adding platform group 281 for client __illlia__ - SUCCESS
2025-06-12 20:40:43 - clientPlatform processing for: Last
2025-06-12 20:40:43 - Client info: , Platform: Windows, Groups: 266,377
2025-06-12 20:40:43 - Adding platform group 278 for client Last - SUCCESS
2025-06-12 20:40:45 - clientPlatform processing for: Kapi
2025-06-12 20:40:45 - Client info: , Platform: Windows, Groups: 13,377
2025-06-12 20:40:45 - Adding platform group 278 for client Kapi - SUCCESS
2025-06-12 20:41:42 - clientPlatform processing for: tlishev
2025-06-12 20:41:42 - Client info: , Platform: Windows, Groups: 11,377
2025-06-12 20:41:42 - Adding platform group 278 for client tlishev - SUCCESS
2025-06-12 20:42:06 - clientPlatform processing for: __illlia__
2025-06-12 20:42:06 - Client info: , Platform: iOS, Groups: 15,377
2025-06-12 20:42:06 - Adding platform group 281 for client __illlia__ - SUCCESS
2025-06-12 20:44:49 - clientPlatform processing for: sadadadasd
2025-06-12 20:44:49 - Client info: , Platform: Windows, Groups: 14,377
2025-06-12 20:44:49 - Adding platform group 278 for client sadadadasd - SUCCESS
2025-06-12 20:45:26 - clientPlatform processing for: sadadadasd
2025-06-12 20:45:26 - Client info: , Platform: Windows, Groups: 14,377
2025-06-12 20:45:27 - Adding platform group 278 for client sadadadasd - SUCCESS
2025-06-12 20:49:25 - clientPlatform processing for: digitalmix
2025-06-12 20:49:25 - Client info: , Platform: Windows, Groups: 266,377
2025-06-12 20:49:25 - Adding platform group 278 for client digitalmix - SUCCESS
2025-06-12 20:50:45 - clientPlatform processing for: saleh_4
2025-06-12 20:50:45 - Client info: , Platform: Windows, Groups: 263,377
2025-06-12 20:50:45 - Adding platform group 278 for client saleh_4 - SUCCESS
2025-06-12 20:51:04 - clientPlatform processing for: FataL1Day
2025-06-12 20:51:04 - Client info: , Platform: Windows, Groups: 266,377
2025-06-12 20:51:04 - Adding platform group 278 for client FataL1Day - SUCCESS
2025-06-12 20:53:03 - clientPlatform processing for: Ace
2025-06-12 20:53:03 - Client info: , Platform: Windows, Groups: 17,377
2025-06-12 20:53:03 - Adding platform group 278 for client Ace - SUCCESS
2025-06-12 20:54:03 - clientPlatform processing for: Patiencé
2025-06-12 20:54:03 - Client info: , Platform: Windows, Groups: 17,377
2025-06-12 20:54:03 - Adding platform group 278 for client Patiencé - SUCCESS
2025-06-12 20:54:58 - clientPlatform processing for: добрий вечір
2025-06-12 20:54:58 - Client info: , Platform: Windows, Groups: 13,377
2025-06-12 20:54:58 - Adding platform group 278 for client добрий вечір - SUCCESS
2025-06-12 20:55:09 - clientPlatform processing for: Manwe
2025-06-12 20:55:09 - Client info: , Platform: Windows, Groups: 266,377
2025-06-12 20:55:09 - Adding platform group 278 for client Manwe - SUCCESS
2025-06-12 20:56:36 - clientPlatform processing for: yunus
2025-06-12 20:56:36 - Client info: , Platform: Windows, Groups: 13,377
2025-06-12 20:56:36 - Adding platform group 278 for client yunus - SUCCESS
2025-06-12 20:56:36 - clientPlatform processing for: RoburOO
2025-06-12 20:56:36 - Client info: , Platform: Windows, Groups: 266,377
2025-06-12 20:56:36 - Adding platform group 278 for client RoburOO - SUCCESS
2025-06-12 20:56:36 - clientPlatform processing for: RoburOO
2025-06-12 20:56:36 - Client info: , Platform: Windows, Groups: 266,377
2025-06-12 20:56:36 - Group already assigned (detected from error), skipping
2025-06-12 20:56:36 - Adding platform group 278 for client RoburOO - SUCCESS
2025-06-12 20:56:39 - clientPlatform processing for: wadas
2025-06-12 20:56:39 - Client info: , Platform: Windows, Groups: 266,377
2025-06-12 20:56:39 - Adding platform group 278 for client wadas - SUCCESS
2025-06-12 20:57:39 - clientPlatform processing for: berksesxd13
2025-06-12 20:57:39 - Client info: , Platform: Windows, Groups: 14,377
2025-06-12 20:57:39 - Adding platform group 278 for client berksesxd13 - SUCCESS
2025-06-12 21:02:29 - clientPlatform processing for: RawN
2025-06-12 21:02:29 - Client info: , Platform: Windows, Groups: 266,377
2025-06-12 21:02:29 - Adding platform group 278 for client RawN - SUCCESS
2025-06-12 21:05:09 - clientPlatform processing for: devl
2025-06-12 21:05:09 - Client info: , Platform: Windows, Groups: 266,377
2025-06-12 21:05:09 - Adding platform group 278 for client devl - SUCCESS
2025-06-12 21:06:07 - clientPlatform processing for: TeamSpeakUser1
2025-06-12 21:06:07 - Client info: , Platform: Windows, Groups: 13,377
2025-06-12 21:06:07 - Adding platform group 278 for client TeamSpeakUser1 - SUCCESS
2025-06-12 21:07:45 - clientPlatform processing for: Vitoo
2025-06-12 21:07:45 - Client info: , Platform: Windows, Groups: 264,377
2025-06-12 21:07:45 - Adding platform group 278 for client Vitoo - SUCCESS
2025-06-12 21:10:03 - clientPlatform processing for: Vitoo
2025-06-12 21:10:03 - Client info: , Platform: Windows, Groups: 264,377
2025-06-12 21:10:03 - Adding platform group 278 for client Vitoo - SUCCESS
2025-06-12 21:10:13 - clientPlatform processing for: Rich Lich
2025-06-12 21:10:13 - Client info: , Platform: Windows, Groups: 18,377
2025-06-12 21:10:13 - Adding platform group 278 for client Rich Lich - SUCCESS
2025-06-12 21:11:33 - clientPlatform processing for: Toxic_Steam
2025-06-12 21:11:33 - Client info: , Platform: Windows, Groups: 9,369
2025-06-12 21:11:34 - Adding platform group 278 for client Toxic_Steam - SUCCESS
2025-06-12 21:16:32 - clientPlatform processing for: DurK_NighT
2025-06-12 21:16:32 - Client info: , Platform: Windows, Groups: 9,369
2025-06-12 21:16:32 - Adding platform group 278 for client DurK_NighT - SUCCESS
2025-06-12 21:16:39 - clientPlatform processing for: Nashw0w
2025-06-12 21:16:39 - Client info: , Platform: Windows, Groups: 13,377
2025-06-12 21:16:39 - Adding platform group 278 for client Nashw0w - SUCCESS
2025-06-12 21:16:59 - clientPlatform processing for: goran
2025-06-12 21:16:59 - Client info: , Platform: Windows, Groups: 14,377
2025-06-12 21:16:59 - Adding platform group 278 for client goran - SUCCESS
2025-06-12 21:17:16 - clientPlatform processing for: Toxic_Steam
2025-06-12 21:17:16 - Client info: , Platform: Windows, Groups: 9,369
2025-06-12 21:17:16 - Adding platform group 278 for client Toxic_Steam - SUCCESS
2025-06-12 21:18:08 - clientPlatform processing for: Dumina
2025-06-12 21:18:08 - Client info: , Platform: Windows, Groups: 19,377
2025-06-12 21:18:08 - Adding platform group 278 for client Dumina - SUCCESS
2025-06-12 21:18:48 - clientPlatform processing for: Toxic_Steam
2025-06-12 21:18:48 - Client info: , Platform: Windows, Groups: 9,369
2025-06-12 21:18:48 - Adding platform group 278 for client Toxic_Steam - SUCCESS
2025-06-12 21:19:24 - clientPlatform processing for: Toxic_Steam
2025-06-12 21:19:24 - Client info: , Platform: Windows, Groups: 9,369
2025-06-12 21:19:24 - Adding platform group 278 for client Toxic_Steam - SUCCESS
2025-06-12 21:19:30 - clientPlatform processing for: TeamSpeakUser2
2025-06-12 21:19:30 - Client info: , Platform: Windows, Groups: 7
2025-06-12 21:19:30 - Adding platform group 278 for client TeamSpeakUser2 - SUCCESS
2025-06-12 21:19:34 - clientPlatform processing for: silencer
2025-06-12 21:19:34 - Client info: , Platform: Windows, Groups: 265,377
2025-06-12 21:19:34 - Adding platform group 278 for client silencer - SUCCESS
2025-06-12 21:19:54 - clientPlatform processing for: kaka nigga
2025-06-12 21:19:54 - Client info: , Platform: Windows, Groups: 9,369
2025-06-12 21:19:54 - Adding platform group 278 for client kaka nigga - SUCCESS
2025-06-12 21:20:00 - clientPlatform processing for: MrMIST14
2025-06-12 21:20:00 - Client info: , Platform: Windows, Groups: 264,377
2025-06-12 21:20:00 - Adding platform group 278 for client MrMIST14 - SUCCESS
2025-06-12 21:20:45 - clientPlatform processing for: sajoool
2025-06-12 21:20:45 - Client info: , Platform: Windows, Groups: 265,377
2025-06-12 21:20:45 - Adding platform group 278 for client sajoool - SUCCESS
2025-06-12 21:21:23 - clientPlatform processing for: Ace
2025-06-12 21:21:23 - Client info: , Platform: Windows, Groups: 17,377
2025-06-12 21:21:23 - Adding platform group 278 for client Ace - SUCCESS
2025-06-12 21:21:48 - clientPlatform processing for: kızlıkbozan33
2025-06-12 21:21:48 - Client info: , Platform: Windows, Groups: 266,377
2025-06-12 21:21:48 - Adding platform group 278 for client kızlıkbozan33 - SUCCESS
2025-06-12 21:22:27 - clientPlatform processing for: TeamSpeakUser2
2025-06-12 21:22:27 - Client info: , Platform: Windows, Groups: 8,369
2025-06-12 21:22:27 - Adding platform group 278 for client TeamSpeakUser2 - SUCCESS
2025-06-12 21:23:50 - clientPlatform processing for: wilson
2025-06-12 21:23:50 - Client info: , Platform: Windows, Groups: 265,377
2025-06-12 21:23:50 - Adding platform group 278 for client wilson - SUCCESS
2025-06-12 21:24:18 - clientPlatform processing for: Shahram
2025-06-12 21:24:18 - Client info: , Platform: Windows, Groups: 12,377
2025-06-12 21:24:18 - Adding platform group 278 for client Shahram - SUCCESS
2025-06-12 21:25:06 - clientPlatform processing for: Medo
2025-06-12 21:25:06 - Client info: , Platform: Windows, Groups: 12,369
2025-06-12 21:25:06 - Adding platform group 278 for client Medo - SUCCESS
2025-06-12 21:25:06 - clientPlatform processing for: Medo
2025-06-12 21:25:06 - Client info: , Platform: Windows, Groups: 12,369
2025-06-12 21:25:06 - Group already assigned (detected from error), skipping
2025-06-12 21:25:06 - Adding platform group 278 for client Medo - SUCCESS
2025-06-12 21:25:06 - clientPlatform processing for: Medo
2025-06-12 21:25:06 - Client info: , Platform: Windows, Groups: 12,369
2025-06-12 21:25:06 - Group already assigned (detected from error), skipping
2025-06-12 21:25:06 - Adding platform group 278 for client Medo - SUCCESS
2025-06-12 21:25:40 - clientPlatform processing for: Nostalgia 2
2025-06-12 21:25:40 - Client info: , Platform: Windows, Groups: 17,377
2025-06-12 21:25:40 - Adding platform group 278 for client Nostalgia 2 - SUCCESS
2025-06-12 21:26:21 - clientPlatform processing for: AlvaRoniX$
2025-06-12 21:26:21 - Client info: , Platform: Windows, Groups: 33,161,377
2025-06-12 21:26:21 - Adding platform group 278 for client AlvaRoniX$ - SUCCESS
2025-06-12 21:28:02 - clientPlatform processing for: Kapi
2025-06-12 21:28:02 - Client info: , Platform: Windows, Groups: 13,377
2025-06-12 21:28:02 - Adding platform group 278 for client Kapi - SUCCESS
2025-06-12 21:28:17 - clientPlatform processing for: Efkeyy
2025-06-12 21:28:17 - Client info: , Platform: Windows, Groups: 17,377
2025-06-12 21:28:17 - Adding platform group 278 for client Efkeyy - SUCCESS
2025-06-12 21:29:10 - clientPlatform processing for: ks1
2025-06-12 21:29:10 - Client info: , Platform: Windows, Groups: 13,377
2025-06-12 21:29:10 - Adding platform group 278 for client ks1 - SUCCESS
2025-06-12 21:29:10 - clientPlatform processing for: ks1
2025-06-12 21:29:10 - Client info: , Platform: Windows, Groups: 13,377
2025-06-12 21:29:10 - Group already assigned (detected from error), skipping
2025-06-12 21:29:10 - Adding platform group 278 for client ks1 - SUCCESS
2025-06-12 21:29:10 - clientPlatform processing for: ks1
2025-06-12 21:29:10 - Client info: , Platform: Windows, Groups: 13,377
2025-06-12 21:29:10 - Group already assigned (detected from error), skipping
2025-06-12 21:29:10 - Adding platform group 278 for client ks1 - SUCCESS
2025-06-12 21:29:10 - clientPlatform processing for: ks1
2025-06-12 21:29:10 - Client info: , Platform: Windows, Groups: 13,377
2025-06-12 21:29:10 - Group already assigned (detected from error), skipping
2025-06-12 21:29:10 - Adding platform group 278 for client ks1 - SUCCESS
2025-06-12 21:29:10 - clientPlatform processing for: ks1
2025-06-12 21:29:10 - Client info: , Platform: Windows, Groups: 13,377
2025-06-12 21:29:10 - Group already assigned (detected from error), skipping
2025-06-12 21:29:10 - Adding platform group 278 for client ks1 - SUCCESS
2025-06-12 21:31:44 - clientPlatform processing for: whoismert
2025-06-12 21:31:44 - Client info: , Platform: Windows, Groups: 17,377
2025-06-12 21:31:44 - Adding platform group 278 for client whoismert - SUCCESS
2025-06-12 21:32:19 - clientPlatform processing for: osasderlerbana
2025-06-12 21:32:19 - Client info: , Platform: Windows, Groups: 17,377
2025-06-12 21:32:19 - Adding platform group 278 for client osasderlerbana - SUCCESS
2025-06-12 21:32:59 - clientPlatform processing for: mZn
2025-06-12 21:32:59 - Client info: , Platform: Windows, Groups: 14,377
2025-06-12 21:33:00 - Adding platform group 278 for client mZn - SUCCESS
2025-06-12 21:33:30 - clientPlatform processing for: BLACK
2025-06-12 21:33:30 - Client info: , Platform: Windows, Groups: 14,377
2025-06-12 21:33:30 - Adding platform group 278 for client BLACK - SUCCESS
2025-06-12 21:34:13 - clientPlatform processing for: I_XaSkI_I
2025-06-12 21:34:13 - Client info: , Platform: Windows, Groups: 266,377
2025-06-12 21:34:13 - Adding platform group 278 for client I_XaSkI_I - SUCCESS
2025-06-12 21:34:28 - clientPlatform processing for: Tancsii
2025-06-12 21:34:28 - Client info: , Platform: Windows, Groups: 266,377
2025-06-12 21:34:28 - Adding platform group 278 for client Tancsii - SUCCESS
2025-06-12 21:35:19 - clientPlatform processing for: rowdy
2025-06-12 21:35:19 - Client info: , Platform: Windows, Groups: 11,369
2025-06-12 21:35:19 - Adding platform group 278 for client rowdy - SUCCESS
2025-06-12 21:35:38 - clientPlatform processing for: kompot1k
2025-06-12 21:35:38 - Client info: , Platform: Windows, Groups: 15,377
2025-06-12 21:35:38 - Adding platform group 278 for client kompot1k - SUCCESS
2025-06-12 21:36:57 - clientPlatform processing for: sima
2025-06-12 21:36:57 - Client info: , Platform: Windows, Groups: 9,369
2025-06-12 21:36:57 - Adding platform group 278 for client sima - SUCCESS
2025-06-12 21:37:15 - clientPlatform processing for: DarkZX
2025-06-12 21:37:15 - Client info: , Platform: Windows, Groups: 19,377
2025-06-12 21:37:15 - Adding platform group 278 for client DarkZX - SUCCESS
2025-06-12 21:38:26 - clientPlatform processing for: phonetik78
2025-06-12 21:38:26 - Client info: , Platform: Windows, Groups: 17,377
2025-06-12 21:38:26 - Adding platform group 278 for client phonetik78 - SUCCESS
2025-06-12 21:40:30 - clientPlatform processing for: Bone
2025-06-12 21:40:30 - Client info: , Platform: Windows, Groups: 266,377
2025-06-12 21:40:30 - Adding platform group 278 for client Bone - SUCCESS
2025-06-12 21:45:55 - clientPlatform processing for: Bone
2025-06-12 21:45:55 - Client info: , Platform: Windows, Groups: 266,377
2025-06-12 21:45:55 - Adding platform group 278 for client Bone - SUCCESS
2025-06-12 21:45:57 - clientPlatform processing for: sadadadasd
2025-06-12 21:45:57 - Client info: , Platform: Windows, Groups: 14,377
2025-06-12 21:45:57 - Adding platform group 278 for client sadadadasd - SUCCESS
2025-06-12 21:46:27 - clientPlatform processing for: Gosh
2025-06-12 21:46:27 - Client info: , Platform: Windows, Groups: 17,377
2025-06-12 21:46:27 - Adding platform group 278 for client Gosh - SUCCESS
2025-06-12 21:46:41 - clientPlatform processing for: mostafa
2025-06-12 21:46:41 - Client info: , Platform: Windows, Groups: 264,377
2025-06-12 21:46:41 - Adding platform group 278 for client mostafa - SUCCESS
2025-06-12 21:46:50 - clientPlatform processing for: Kapi
2025-06-12 21:46:50 - Client info: , Platform: Windows, Groups: 13,377
2025-06-12 21:46:51 - Adding platform group 278 for client Kapi - SUCCESS
2025-06-12 21:47:59 - clientPlatform processing for: hn_tired
2025-06-12 21:47:59 - Client info: , Platform: Windows, Groups: 264,377
2025-06-12 21:47:59 - Adding platform group 278 for client hn_tired - SUCCESS
2025-06-12 21:49:20 - clientPlatform processing for: Ghost
2025-06-12 21:49:20 - Client info: , Platform: Windows, Groups: 19,377
2025-06-12 21:49:20 - Adding platform group 278 for client Ghost - SUCCESS
2025-06-12 21:49:26 - clientPlatform processing for: TeamSpeakUser
2025-06-12 21:49:26 - Client info: , Platform: Windows, Groups: 13,377
2025-06-12 21:49:26 - Adding platform group 278 for client TeamSpeakUser - SUCCESS
2025-06-12 21:52:02 - clientPlatform processing for: sajjad
2025-06-12 21:52:02 - Client info: , Platform: Windows, Groups: 264,377
2025-06-12 21:52:02 - Adding platform group 278 for client sajjad - SUCCESS
2025-06-12 21:52:05 - clientPlatform processing for: sajjad
2025-06-12 21:52:05 - Client info: , Platform: Windows, Groups: 264,377
2025-06-12 21:52:05 - Group already assigned (detected from error), skipping
2025-06-12 21:52:05 - Adding platform group 278 for client sajjad - SUCCESS
2025-06-12 21:52:06 - clientPlatform processing for: sajjad
2025-06-12 21:52:06 - Client info: , Platform: Windows, Groups: 264,377
2025-06-12 21:52:06 - Group already assigned (detected from error), skipping
2025-06-12 21:52:06 - Adding platform group 278 for client sajjad - SUCCESS
2025-06-12 21:53:11 - clientPlatform processing for: Jabberson
2025-06-12 21:53:11 - Client info: , Platform: Windows, Groups: 17,377
2025-06-12 21:53:11 - Adding platform group 278 for client Jabberson - SUCCESS
2025-06-12 21:53:47 - clientPlatform processing for: TeamSpeakUser2
2025-06-12 21:53:47 - Client info: , Platform: Windows, Groups: 8,369
2025-06-12 21:53:47 - Adding platform group 278 for client TeamSpeakUser2 - SUCCESS
2025-06-12 21:58:02 - clientPlatform processing for: Ömri Khan
2025-06-12 21:58:02 - Client info: , Platform: Windows, Groups: 8,369
2025-06-12 21:58:02 - Adding platform group 278 for client Ömri Khan - SUCCESS
2025-06-12 22:03:09 - clientPlatform processing for: CClad
2025-06-12 22:03:09 - Client info: , Platform: Windows, Groups: 14,377
2025-06-12 22:03:09 - Adding platform group 278 for client CClad - SUCCESS
2025-06-12 22:07:12 - clientPlatform processing for: TeamSpeakUser3
2025-06-12 22:07:12 - Client info: , Platform: Windows, Groups: 265,377
2025-06-12 22:07:12 - Adding platform group 278 for client TeamSpeakUser3 - SUCCESS
2025-06-12 22:08:30 - clientPlatform processing for: J4M4L
2025-06-12 22:08:30 - Client info: , Platform: Windows, Groups: 18,377
2025-06-12 22:08:30 - Adding platform group 278 for client J4M4L - SUCCESS
2025-06-12 22:08:54 - clientPlatform processing for: TeamSpeakUser
2025-06-12 22:08:54 - Client info: , Platform: Windows, Groups: 13,377
2025-06-12 22:08:55 - Adding platform group 278 for client TeamSpeakUser - SUCCESS
2025-06-12 22:08:56 - clientPlatform processing for: MC durak
2025-06-12 22:08:56 - Client info: , Platform: Windows, Groups: 266,377
2025-06-12 22:08:56 - Adding platform group 278 for client MC durak - SUCCESS
2025-06-12 22:09:51 - clientPlatform processing for: Imprii
2025-06-12 22:09:51 - Client info: , Platform: Windows, Groups: 266,377
2025-06-12 22:09:51 - Adding platform group 278 for client Imprii - SUCCESS
2025-06-12 22:14:09 - clientPlatform processing for: Шмель ЕБУН
2025-06-12 22:14:09 - Client info: , Platform: Windows, Groups: 265,377
2025-06-12 22:14:09 - Adding platform group 278 for client Шмель ЕБУН - SUCCESS
2025-06-12 22:14:19 - clientPlatform processing for: TeamSpeakUser3
2025-06-12 22:14:19 - Client info: , Platform: Windows, Groups: 7
2025-06-12 22:14:19 - Adding platform group 278 for client TeamSpeakUser3 - SUCCESS
2025-06-12 22:14:27 - clientPlatform processing for: Marshmallowmk
2025-06-12 22:14:27 - Client info: , Platform: Windows, Groups: 7
2025-06-12 22:14:27 - Adding platform group 278 for client Marshmallowmk - SUCCESS
2025-06-12 22:21:32 - clientPlatform processing for: ivansultan
2025-06-12 22:21:32 - Client info: , Platform: Windows, Groups: 265,377
2025-06-12 22:21:32 - Adding platform group 278 for client ivansultan - SUCCESS
2025-06-12 22:28:13 - clientPlatform processing for: mocas
2025-06-12 22:28:13 - Client info: , Platform: Windows, Groups: 13,377
2025-06-12 22:28:13 - Adding platform group 278 for client mocas - SUCCESS
2025-06-12 22:28:18 - clientPlatform processing for: TeamSpeakUser4
2025-06-12 22:28:18 - Client info: , Platform: Windows, Groups: 14,377
2025-06-12 22:28:18 - Adding platform group 278 for client TeamSpeakUser4 - SUCCESS
2025-06-12 22:29:25 - clientPlatform processing for: Venta
2025-06-12 22:29:25 - Client info: , Platform: Windows, Groups: 14,377
2025-06-12 22:29:25 - Adding platform group 278 for client Venta - SUCCESS
2025-06-12 22:32:43 - clientPlatform processing for: ardoş
2025-06-12 22:32:43 - Client info: , Platform: Windows, Groups: 266,377
2025-06-12 22:32:43 - Adding platform group 278 for client ardoş - SUCCESS
2025-06-12 22:36:02 - clientPlatform processing for: Jupiter One
2025-06-12 22:36:02 - Client info: , Platform: Windows, Groups: 17,377
2025-06-12 22:36:02 - Adding platform group 278 for client Jupiter One - SUCCESS
2025-06-12 22:37:34 - clientPlatform processing for: parzi
2025-06-12 22:37:34 - Client info: , Platform: Windows, Groups: 266,377
2025-06-12 22:37:34 - Adding platform group 278 for client parzi - SUCCESS
2025-06-12 22:40:06 - clientPlatform processing for: Vitoo
2025-06-12 22:40:06 - Client info: , Platform: Windows, Groups: 264,377
2025-06-12 22:40:06 - Adding platform group 278 for client Vitoo - SUCCESS
2025-06-12 22:44:36 - clientPlatform processing for: miz-miz
2025-06-12 22:44:36 - Client info: , Platform: Windows, Groups: 266,377
2025-06-12 22:44:36 - Adding platform group 278 for client miz-miz - SUCCESS
2025-06-12 22:46:25 - clientPlatform processing for: w1nd1x
2025-06-12 22:46:25 - Client info: , Platform: Windows, Groups: 265,377
2025-06-12 22:46:25 - Adding platform group 278 for client w1nd1x - SUCCESS
2025-06-12 22:47:33 - clientPlatform processing for: amir-v13
2025-06-12 22:47:33 - Client info: , Platform: Windows, Groups: 15,377
2025-06-12 22:47:33 - Adding platform group 278 for client amir-v13 - SUCCESS
2025-06-12 22:48:13 - clientPlatform processing for: TeamSpeakUser1
2025-06-12 22:48:13 - Client info: , Platform: Windows, Groups: 264,377
2025-06-12 22:48:13 - Adding platform group 278 for client TeamSpeakUser1 - SUCCESS
2025-06-12 22:54:23 - clientPlatform processing for: TeamSpeakUser4
2025-06-12 22:54:23 - Client info: , Platform: Windows, Groups: 15,377
2025-06-12 22:54:23 - Adding platform group 278 for client TeamSpeakUser4 - SUCCESS
2025-06-12 22:58:13 - clientPlatform processing for: NaiRoD
2025-06-12 22:58:13 - Client info: , Platform: Windows, Groups: 20,377
2025-06-12 22:58:13 - Adding platform group 278 for client NaiRoD - SUCCESS
2025-06-12 22:58:16 - clientPlatform processing for: Moriel
2025-06-12 22:58:16 - Client info: , Platform: Windows, Groups: 13,377
2025-06-12 22:58:16 - Adding platform group 278 for client Moriel - SUCCESS
2025-06-12 22:59:06 - clientPlatform processing for: ashkan
2025-06-12 22:59:06 - Client info: , Platform: Windows, Groups: 15,377
2025-06-12 22:59:06 - Adding platform group 278 for client ashkan - SUCCESS
2025-06-12 23:03:38 - clientPlatform processing for: PitcaRNNN``
2025-06-12 23:03:38 - Client info: , Platform: Windows, Groups: 15,377
2025-06-12 23:03:38 - Adding platform group 278 for client PitcaRNNN`` - SUCCESS
2025-06-12 23:03:47 - clientPlatform processing for: TeamSpeakUser4
2025-06-12 23:03:47 - Client info: , Platform: Windows, Groups: 15,377
2025-06-12 23:03:47 - Adding platform group 278 for client TeamSpeakUser4 - SUCCESS
2025-06-12 23:06:12 - clientPlatform processing for: Джанинг
2025-06-12 23:06:12 - Client info: , Platform: Windows, Groups: 14,377
2025-06-12 23:06:12 - Adding platform group 278 for client Джанинг - SUCCESS
2025-06-12 23:14:27 - clientPlatform processing for: mocas
2025-06-12 23:14:27 - Client info: , Platform: Windows, Groups: 13,377
2025-06-12 23:14:27 - Adding platform group 278 for client mocas - SUCCESS
2025-06-12 23:28:06 - clientPlatform processing for: ivo
2025-06-12 23:28:06 - Client info: , Platform: Windows, Groups: 13,377
2025-06-12 23:28:06 - Adding platform group 278 for client ivo - SUCCESS
2025-06-12 23:28:25 - clientPlatform processing for: TeamSpeakUser2
2025-06-12 23:28:25 - Client info: , Platform: Windows, Groups: 14,377
2025-06-12 23:28:25 - Adding platform group 278 for client TeamSpeakUser2 - SUCCESS
2025-06-12 23:31:39 - clientPlatform processing for: d3yk0ne
2025-06-12 23:31:39 - Client info: , Platform: Windows, Groups: 10,369
2025-06-12 23:31:39 - Adding platform group 278 for client d3yk0ne - SUCCESS
2025-06-12 23:32:10 - clientPlatform processing for: rani1
2025-06-12 23:32:10 - Client info: , Platform: Windows, Groups: 10,369
2025-06-12 23:32:10 - Adding platform group 278 for client rani1 - SUCCESS
2025-06-12 23:41:32 - clientPlatform processing for: AlvaRoniX$
2025-06-12 23:41:32 - Client info: , Platform: Windows, Groups: 33,161,377
2025-06-12 23:41:32 - Adding platform group 278 for client AlvaRoniX$ - SUCCESS
2025-06-12 23:55:01 - clientPlatform processing for: Nashw0w
2025-06-12 23:55:01 - Client info: , Platform: Windows, Groups: 13,377
2025-06-12 23:55:01 - Adding platform group 278 for client Nashw0w - SUCCESS
2025-06-12 23:56:44 - clientPlatform processing for: AREYOUREADY;; -MÜSLÜM-
2025-06-12 23:56:44 - Client info: , Platform: Windows, Groups: 7
2025-06-12 23:56:44 - Adding platform group 278 for client AREYOUREADY;; -MÜSLÜM- - SUCCESS
2025-06-12 23:56:59 - clientPlatform processing for: htdgaming ^ hüseyin
2025-06-12 23:56:59 - Client info: , Platform: Windows, Groups: 7
2025-06-12 23:56:59 - Adding platform group 278 for client htdgaming ^ hüseyin - SUCCESS
2025-06-12 23:57:03 - clientPlatform processing for: altuN
2025-06-12 23:57:03 - Client info: , Platform: Windows, Groups: 7
2025-06-12 23:57:03 - Adding platform group 278 for client altuN - SUCCESS
