2025-07-28 00:00:21 - clientPlatform processing for: Pryanya
2025-07-28 00:00:21 - Client info: , Platform: Windows, Groups: 264,377
2025-07-28 00:00:21 - Adding platform group 278 for client Pryanya - SUCCESS
2025-07-28 00:05:04 - clientPlatform processing for: Pryanya
2025-07-28 00:05:04 - Client info: , Platform: Windows, Groups: 264,377
2025-07-28 00:05:04 - Adding platform group 278 for client Pryanya - SUCCESS
2025-07-28 00:05:04 - clientPlatform processing for: Pryanya
2025-07-28 00:05:04 - Client info: , Platform: Windows, Groups: 264,377
2025-07-28 00:05:04 - Group already assigned (detected from error), skipping
2025-07-28 00:05:04 - Adding platform group 278 for client Pryanya - SUCCESS
2025-07-28 00:05:04 - clientPlatform processing for: Pryanya
2025-07-28 00:05:04 - Client info: , Platform: Windows, Groups: 264,377
2025-07-28 00:05:04 - Group already assigned (detected from error), skipping
2025-07-28 00:05:04 - Adding platform group 278 for client Pryanya - SUCCESS
2025-07-28 00:05:21 - clientPlatform processing for: F4funder
2025-07-28 00:05:21 - Client info: , Platform: Windows, Groups: 17,377
2025-07-28 00:05:21 - Adding platform group 278 for client F4funder - SUCCESS
2025-07-28 00:07:06 - clientPlatform processing for: KAYMAKAM
2025-07-28 00:07:06 - Client info: , Platform: Windows, Groups: 266,377
2025-07-28 00:07:06 - Adding platform group 278 for client KAYMAKAM - SUCCESS
2025-07-28 00:08:15 - clientPlatform processing for: batuhnn
2025-07-28 00:08:15 - Client info: , Platform: Windows, Groups: 15,377
2025-07-28 00:08:15 - Adding platform group 278 for client batuhnn - SUCCESS
2025-07-28 00:09:30 - clientPlatform processing for: SYRUSSS
2025-07-28 00:09:30 - Client info: , Platform: Windows, Groups: 263,377
2025-07-28 00:09:30 - Adding platform group 278 for client SYRUSSS - SUCCESS
2025-07-28 00:22:13 - clientPlatform processing for: 1.6fsidertpaket
2025-07-28 00:22:13 - Client info: , Platform: Windows, Groups: 266,377
2025-07-28 00:22:13 - Adding platform group 278 for client 1.6fsidertpaket - SUCCESS
2025-07-28 00:26:15 - clientPlatform processing for: ван гогг
2025-07-28 00:26:15 - Client info: , Platform: Windows, Groups: 266,377
2025-07-28 00:26:15 - Adding platform group 278 for client ван гогг - SUCCESS
2025-07-28 00:26:27 - clientPlatform processing for: твоямама
2025-07-28 00:26:27 - Client info: , Platform: Windows, Groups: 13,377
2025-07-28 00:26:27 - Adding platform group 278 for client твоямама - SUCCESS
2025-07-28 00:26:28 - clientPlatform processing for: добрий вечір
2025-07-28 00:26:28 - Client info: , Platform: Windows, Groups: 266,377
2025-07-28 00:26:28 - Adding platform group 278 for client добрий вечір - SUCCESS
2025-07-28 00:26:30 - clientPlatform processing for: caeciliae
2025-07-28 00:26:30 - Client info: , Platform: Windows, Groups: 266,377
2025-07-28 00:26:30 - Adding platform group 278 for client caeciliae - SUCCESS
2025-07-28 00:26:47 - clientPlatform processing for: farkoshka
2025-07-28 00:26:47 - Client info: , Platform: Windows, Groups: 15,377
2025-07-28 00:26:47 - Adding platform group 278 for client farkoshka - SUCCESS
2025-07-28 00:29:06 - clientPlatform processing for: KAYMAKAM
2025-07-28 00:29:06 - Client info: , Platform: Windows, Groups: 266,377
2025-07-28 00:29:06 - Adding platform group 278 for client KAYMAKAM - SUCCESS
2025-07-28 00:35:44 - clientPlatform processing for: GSavio
2025-07-28 00:35:44 - Client info: , Platform: Windows, Groups: 266,377
2025-07-28 00:35:44 - Adding platform group 278 for client GSavio - SUCCESS
2025-07-28 00:35:46 - clientPlatform processing for: maksik
2025-07-28 00:35:46 - Client info: , Platform: Windows, Groups: 265,377
2025-07-28 00:35:46 - Adding platform group 278 for client maksik - SUCCESS
2025-07-28 00:36:02 - clientPlatform processing for: GSavio
2025-07-28 00:36:02 - Client info: , Platform: Windows, Groups: 266,377
2025-07-28 00:36:02 - Adding platform group 278 for client GSavio - SUCCESS
2025-07-28 00:36:10 - clientPlatform processing for: GSavio
2025-07-28 00:36:10 - Client info: , Platform: Windows, Groups: 266,377
2025-07-28 00:36:10 - Adding platform group 278 for client GSavio - SUCCESS
2025-07-28 00:36:37 - clientPlatform processing for: GSavio
2025-07-28 00:36:37 - Client info: , Platform: Windows, Groups: 266,278,297,377,435
2025-07-28 00:36:37 - Client already has platform group 278
2025-07-28 01:10:35 - clientPlatform processing for: MnDark
2025-07-28 01:10:35 - Client info: , Platform: Windows, Groups: 12,377
2025-07-28 01:10:35 - Adding platform group 278 for client MnDark - SUCCESS
2025-07-28 01:22:26 - clientPlatform processing for: KAYMAKAM
2025-07-28 01:22:26 - Client info: , Platform: Windows, Groups: 266,377
2025-07-28 01:22:26 - Adding platform group 278 for client KAYMAKAM - SUCCESS
2025-07-28 01:30:16 - clientPlatform processing for: burak145349
2025-07-28 01:30:16 - Client info: , Platform: Windows, Groups: 12,377
2025-07-28 01:30:16 - Adding platform group 278 for client burak145349 - SUCCESS
2025-07-28 01:30:21 - clientPlatform processing for: Leijonuss
2025-07-28 01:30:21 - Client info: , Platform: Windows, Groups: 13,377
2025-07-28 01:30:21 - Adding platform group 278 for client Leijonuss - SUCCESS
2025-07-28 01:32:54 - clientPlatform processing for: KAYMAKAM
2025-07-28 01:32:54 - Client info: , Platform: Windows, Groups: 266,377
2025-07-28 01:32:54 - Adding platform group 278 for client KAYMAKAM - SUCCESS
2025-07-28 01:35:16 - clientPlatform processing for: ratera
2025-07-28 01:35:16 - Client info: , Platform: Windows, Groups: 15,377
2025-07-28 01:35:16 - Adding platform group 278 for client ratera - SUCCESS
2025-07-28 01:45:33 - clientPlatform processing for: 2212312
2025-07-28 01:45:33 - Client info: , Platform: Windows, Groups: 17,377
2025-07-28 01:45:33 - Adding platform group 278 for client 2212312 - SUCCESS
2025-07-28 01:45:50 - clientPlatform processing for: Richard_TH
2025-07-28 01:45:50 - Client info: , Platform: Windows, Groups: 18,377
2025-07-28 01:45:50 - Adding platform group 278 for client Richard_TH - SUCCESS
2025-07-28 01:46:36 - clientPlatform processing for: tenshin_non
2025-07-28 01:46:36 - Client info: , Platform: Windows, Groups: 18,377
2025-07-28 01:46:36 - Adding platform group 278 for client tenshin_non - SUCCESS
2025-07-28 01:54:13 - clientPlatform processing for: 2212312
2025-07-28 01:54:13 - Client info: , Platform: Windows, Groups: 17,377
2025-07-28 01:54:13 - Adding platform group 278 for client 2212312 - SUCCESS
2025-07-28 02:00:54 - clientPlatform processing for: Elcau_sita18
2025-07-28 02:00:54 - Client info: , Platform: Windows, Groups: 17,377
2025-07-28 02:00:54 - Adding platform group 278 for client Elcau_sita18 - SUCCESS
2025-07-28 02:11:05 - clientPlatform processing for: Chico
2025-07-28 02:11:05 - Client info: , Platform: Windows, Groups: 266,377
2025-07-28 02:11:05 - Adding platform group 278 for client Chico - SUCCESS
2025-07-28 02:30:02 - clientPlatform processing for: Chico
2025-07-28 02:30:02 - Client info: , Platform: Windows, Groups: 266,377
2025-07-28 02:30:02 - Adding platform group 278 for client Chico - SUCCESS
2025-07-28 02:38:25 - clientPlatform processing for: Etesech
2025-07-28 02:38:25 - Client info: , Platform: Windows, Groups: 15,377
2025-07-28 02:38:25 - Adding platform group 278 for client Etesech - SUCCESS
2025-07-28 02:38:26 - clientPlatform processing for: DIMAA111
2025-07-28 02:38:26 - Client info: , Platform: Windows, Groups: 10,369
2025-07-28 02:38:26 - Adding platform group 278 for client DIMAA111 - SUCCESS
2025-07-28 02:39:22 - clientPlatform processing for: TeamSpeakUser
2025-07-28 02:39:22 - Client info: , Platform: Windows, Groups: 7
2025-07-28 02:39:22 - Adding platform group 278 for client TeamSpeakUser - SUCCESS
2025-07-28 02:39:53 - clientPlatform processing for: xxfrancuz
2025-07-28 02:39:53 - Client info: , Platform: Windows, Groups: 8,369
2025-07-28 02:39:53 - Adding platform group 278 for client xxfrancuz - SUCCESS
2025-07-28 02:40:36 - clientPlatform processing for: EL Pepe
2025-07-28 02:40:36 - Client info: , Platform: Windows, Groups: 15,377
2025-07-28 02:40:36 - Adding platform group 278 for client EL Pepe - SUCCESS
2025-07-28 02:51:15 - clientPlatform processing for: EL Pepe
2025-07-28 02:51:15 - Client info: , Platform: Windows, Groups: 15,377
2025-07-28 02:51:15 - Adding platform group 278 for client EL Pepe - SUCCESS
2025-07-28 03:12:16 - clientPlatform processing for: TeamSpeakUser
2025-07-28 03:12:16 - Client info: , Platform: Windows, Groups: 263,377
2025-07-28 03:12:16 - Adding platform group 278 for client TeamSpeakUser - SUCCESS
2025-07-28 03:50:21 - clientPlatform processing for: Deerace
2025-07-28 03:50:21 - Client info: , Platform: Windows, Groups: 266,377
2025-07-28 03:50:21 - Adding platform group 278 for client Deerace - SUCCESS
2025-07-28 03:57:03 - clientPlatform processing for: Arfaxat
2025-07-28 03:57:03 - Client info: , Platform: Windows, Groups: 266,377
2025-07-28 03:57:03 - Adding platform group 278 for client Arfaxat - SUCCESS
2025-07-28 03:57:58 - clientPlatform processing for: User1
2025-07-28 03:57:58 - Client info: , Platform: Windows, Groups: 265,377
2025-07-28 03:57:58 - Adding platform group 278 for client User1 - SUCCESS
2025-07-28 04:05:03 - clientPlatform processing for: Rookie
2025-07-28 04:05:03 - Client info: , Platform: Windows, Groups: 14,377
2025-07-28 04:05:03 - Adding platform group 278 for client Rookie - SUCCESS
2025-07-28 04:07:00 - clientPlatform processing for: Rookie
2025-07-28 04:07:00 - Client info: , Platform: Windows, Groups: 14,377
2025-07-28 04:07:00 - Adding platform group 278 for client Rookie - SUCCESS
2025-07-28 04:12:44 - clientPlatform processing for: TeamSpeakUser
2025-07-28 04:12:44 - Client info: , Platform: Windows, Groups: 263,377
2025-07-28 04:12:44 - Adding platform group 278 for client TeamSpeakUser - SUCCESS
2025-07-28 04:34:34 - clientPlatform processing for: Chico
2025-07-28 04:34:34 - Client info: , Platform: Windows, Groups: 266,377
2025-07-28 04:34:34 - Adding platform group 278 for client Chico - SUCCESS
2025-07-28 04:46:15 - clientPlatform processing for: DIMAA111
2025-07-28 04:46:15 - Client info: , Platform: Windows, Groups: 10,369
2025-07-28 04:46:15 - Adding platform group 278 for client DIMAA111 - SUCCESS
2025-07-28 04:55:09 - clientPlatform processing for: HELLKEEPER
2025-07-28 04:55:09 - Client info: , Platform: Windows, Groups: 17,377
2025-07-28 04:55:09 - Adding platform group 278 for client HELLKEEPER - SUCCESS
2025-07-28 04:55:35 - clientPlatform processing for: HELLKEEPER
2025-07-28 04:55:35 - Client info: , Platform: Windows, Groups: 17,377
2025-07-28 04:55:35 - Adding platform group 278 for client HELLKEEPER - SUCCESS
2025-07-28 04:58:50 - clientPlatform processing for: INMAXES
2025-07-28 04:58:50 - Client info: , Platform: Windows, Groups: 7
2025-07-28 04:58:50 - Adding platform group 278 for client INMAXES - SUCCESS
2025-07-28 05:01:50 - clientPlatform processing for: TeamSpeakUser1
2025-07-28 05:01:50 - Client info: , Platform: Windows, Groups: 10,369
2025-07-28 05:01:50 - Adding platform group 278 for client TeamSpeakUser1 - SUCCESS
2025-07-28 05:08:39 - clientPlatform processing for: f.donato
2025-07-28 05:08:39 - Client info: , Platform: Android, Groups: 266,377
2025-07-28 05:08:39 - Adding platform group 282 for client f.donato - SUCCESS
2025-07-28 05:19:10 - clientPlatform processing for: Victuziin
2025-07-28 05:19:10 - Client info: , Platform: Windows, Groups: 14,377
2025-07-28 05:19:10 - Adding platform group 278 for client Victuziin - SUCCESS
2025-07-28 05:19:28 - clientPlatform processing for: Faith
2025-07-28 05:19:28 - Client info: , Platform: Windows, Groups: 17,377
2025-07-28 05:19:28 - Adding platform group 278 for client Faith - SUCCESS
2025-07-28 05:29:18 - clientPlatform processing for: f.donato
2025-07-28 05:29:18 - Client info: , Platform: Windows, Groups: 266,377
2025-07-28 05:29:18 - Adding platform group 278 for client f.donato - SUCCESS
2025-07-28 05:30:56 - clientPlatform processing for: Victuziin
2025-07-28 05:30:56 - Client info: , Platform: Windows, Groups: 14,377
2025-07-28 05:30:56 - Adding platform group 278 for client Victuziin - SUCCESS
2025-07-28 06:48:36 - clientPlatform processing for: dadaok
2025-07-28 06:48:36 - Client info: , Platform: Windows, Groups: 21,377
2025-07-28 06:48:36 - Adding platform group 278 for client dadaok - SUCCESS
2025-07-28 06:53:11 - clientPlatform processing for: f.donato
2025-07-28 06:53:11 - Client info: , Platform: Windows, Groups: 266,377
2025-07-28 06:53:11 - Adding platform group 278 for client f.donato - SUCCESS
2025-07-28 08:22:54 - clientPlatform processing for: chapa
2025-07-28 08:22:54 - Client info: , Platform: Windows, Groups: 19,377,440
2025-07-28 08:22:54 - Adding platform group 278 for client chapa - SUCCESS
2025-07-28 08:23:56 - clientPlatform processing for: TeamSpeakUser1
2025-07-28 08:23:56 - Client info: , Platform: Windows, Groups: 13,377
2025-07-28 08:23:56 - Adding platform group 278 for client TeamSpeakUser1 - SUCCESS
2025-07-28 08:24:52 - clientPlatform processing for: Mood
2025-07-28 08:24:52 - Client info: , Platform: Windows, Groups: 19,377
2025-07-28 08:24:52 - Adding platform group 278 for client Mood - SUCCESS
2025-07-28 08:56:12 - clientPlatform processing for: Sichselber | André
2025-07-28 08:56:12 - Client info: , Platform: Windows, Groups: 13,377
2025-07-28 08:56:12 - Adding platform group 278 for client Sichselber | André - SUCCESS
2025-07-28 09:00:38 - clientPlatform processing for: Ghost
2025-07-28 09:00:38 - Client info: , Platform: Windows, Groups: 20,377
2025-07-28 09:00:38 - Adding platform group 278 for client Ghost - SUCCESS
2025-07-28 09:22:46 - clientPlatform processing for: nox
2025-07-28 09:22:46 - Client info: , Platform: Windows, Groups: 266,377
2025-07-28 09:22:46 - Adding platform group 278 for client nox - SUCCESS
2025-07-28 09:27:01 - clientPlatform processing for: Columb
2025-07-28 09:27:01 - Client info: , Platform: Windows, Groups: 21,43,145,377
2025-07-28 09:27:01 - Adding platform group 278 for client Columb - SUCCESS
2025-07-28 09:39:40 - clientPlatform processing for: AmasHa
2025-07-28 09:39:40 - Client info: , Platform: Windows, Groups: 11,369
2025-07-28 09:39:40 - Adding platform group 278 for client AmasHa - SUCCESS
2025-07-28 09:40:21 - clientPlatform processing for: amin_gamester
2025-07-28 09:40:21 - Client info: , Platform: Windows, Groups: 12,377
2025-07-28 09:40:21 - Adding platform group 278 for client amin_gamester - SUCCESS
2025-07-28 09:40:21 - clientPlatform processing for: amin_gamester
2025-07-28 09:40:21 - Client info: , Platform: Windows, Groups: 12,377
2025-07-28 09:40:21 - Group already assigned (detected from error), skipping
2025-07-28 09:40:21 - Adding platform group 278 for client amin_gamester - SUCCESS
2025-07-28 09:40:22 - clientPlatform processing for: amin_gamester
2025-07-28 09:40:22 - Client info: , Platform: Windows, Groups: 12,377
2025-07-28 09:40:22 - Group already assigned (detected from error), skipping
2025-07-28 09:40:22 - Adding platform group 278 for client amin_gamester - SUCCESS
2025-07-28 09:40:53 - clientPlatform processing for: amin_gamester
2025-07-28 09:40:53 - Client info: , Platform: Windows, Groups: 12,377
2025-07-28 09:40:53 - Adding platform group 278 for client amin_gamester - SUCCESS
2025-07-28 09:44:55 - clientPlatform processing for: sithmina
2025-07-28 09:44:55 - Client info: , Platform: Windows, Groups: 7
2025-07-28 09:44:55 - Adding platform group 278 for client sithmina - SUCCESS
2025-07-28 10:16:17 - clientPlatform processing for: ZRUBAVEL
2025-07-28 10:16:17 - Client info: , Platform: Windows, Groups: 10,369
2025-07-28 10:16:17 - Adding platform group 278 for client ZRUBAVEL - SUCCESS
2025-07-28 10:30:14 - clientPlatform processing for: MATAN
2025-07-28 10:30:14 - Client info: , Platform: Windows, Groups: 266,377
2025-07-28 10:30:14 - Adding platform group 278 for client MATAN - SUCCESS
2025-07-28 10:41:18 - clientPlatform processing for: TeamSpeakUser
2025-07-28 10:41:18 - Client info: , Platform: Windows, Groups: 7
2025-07-28 10:41:18 - Adding platform group 278 for client TeamSpeakUser - SUCCESS
2025-07-28 11:13:07 - clientPlatform processing for: sithmina
2025-07-28 11:13:07 - Client info: , Platform: Windows, Groups: 9,369
2025-07-28 11:13:07 - Adding platform group 278 for client sithmina - SUCCESS
2025-07-28 11:14:41 - clientPlatform processing for: 4iff
2025-07-28 11:14:41 - Client info: , Platform: Windows, Groups: 22,377
2025-07-28 11:14:41 - Adding platform group 278 for client 4iff - SUCCESS
2025-07-28 11:14:50 - clientPlatform processing for: kaiizenn
2025-07-28 11:14:50 - Client info: , Platform: Windows, Groups: 27,377,382,399,400,436,437
2025-07-28 11:14:50 - Adding platform group 278 for client kaiizenn - SUCCESS
2025-07-28 11:18:11 - clientPlatform processing for: 4iff
2025-07-28 11:18:11 - Client info: , Platform: Windows, Groups: 22,377
2025-07-28 11:18:11 - Adding platform group 278 for client 4iff - SUCCESS
2025-07-28 11:21:45 - clientPlatform processing for: 4iff
2025-07-28 11:21:45 - Client info: , Platform: Windows, Groups: 22,377
2025-07-28 11:21:45 - Adding platform group 278 for client 4iff - SUCCESS
2025-07-28 11:38:52 - clientPlatform processing for: Helix
2025-07-28 11:38:52 - Client info: , Platform: Windows, Groups: 11,369
2025-07-28 11:38:52 - Adding platform group 278 for client Helix - SUCCESS
2025-07-28 11:54:38 - clientPlatform processing for: TeamSpeakUser
2025-07-28 11:54:38 - Client info: , Platform: Windows, Groups: 7
2025-07-28 11:54:38 - Adding platform group 278 for client TeamSpeakUser - SUCCESS
2025-07-28 12:02:37 - clientPlatform processing for: 4iff
2025-07-28 12:02:37 - Client info: , Platform: Windows, Groups: 22,377
2025-07-28 12:02:37 - Adding platform group 278 for client 4iff - SUCCESS
2025-07-28 12:10:23 - clientPlatform processing for: 4iff
2025-07-28 12:10:23 - Client info: , Platform: Windows, Groups: 22,377
2025-07-28 12:10:23 - Adding platform group 278 for client 4iff - SUCCESS
2025-07-28 12:14:17 - clientPlatform processing for: I ❤ US Rap Only
2025-07-28 12:14:17 - Client info: , Platform: Linux, Groups: 283
2025-07-28 12:14:17 - Adding platform group 279 for client I ❤ US Rap Only - SUCCESS
2025-07-28 12:14:17 - clientPlatform processing for: I ❤ Greatest Hits
2025-07-28 12:14:17 - Client info: , Platform: Linux, Groups: 283
2025-07-28 12:14:17 - Adding platform group 279 for client I ❤ Greatest Hits - SUCCESS
2025-07-28 12:14:17 - clientPlatform processing for: [#]Misc
2025-07-28 12:14:17 - Client info: , Platform: Linux, Groups: 391
2025-07-28 12:14:17 - Adding platform group 279 for client [#]Misc - SUCCESS
2025-07-28 12:14:17 - clientPlatform processing for: I ❤ Greatest Hits
2025-07-28 12:14:17 - Client info: , Platform: Linux, Groups: 283
2025-07-28 12:14:17 - Group already assigned (detected from error), skipping
2025-07-28 12:14:17 - Adding platform group 279 for client I ❤ Greatest Hits - SUCCESS
2025-07-28 12:14:17 - clientPlatform processing for: I ❤ Greatest Hits
2025-07-28 12:14:17 - Client info: , Platform: Linux, Groups: 283
2025-07-28 12:14:17 - Group already assigned (detected from error), skipping
2025-07-28 12:14:17 - Adding platform group 279 for client I ❤ Greatest Hits - SUCCESS
2025-07-28 12:14:49 - clientPlatform processing for: shinigami
2025-07-28 12:14:49 - Client info: , Platform: Windows, Groups: 26,377,381,383,385
2025-07-28 12:14:49 - Adding platform group 278 for client shinigami - SUCCESS
2025-07-28 12:14:50 - clientPlatform processing for: shinigami
2025-07-28 12:14:50 - Client info: , Platform: Windows, Groups: 26,377,381,383,385
2025-07-28 12:14:50 - Group already assigned (detected from error), skipping
2025-07-28 12:14:50 - Adding platform group 278 for client shinigami - SUCCESS
2025-07-28 12:14:50 - clientPlatform processing for: shinigami
2025-07-28 12:14:50 - Client info: , Platform: Windows, Groups: 26,377,381,383,385
2025-07-28 12:14:50 - Group already assigned (detected from error), skipping
2025-07-28 12:14:50 - Adding platform group 278 for client shinigami - SUCCESS
2025-07-28 12:21:20 - clientPlatform processing for: TeamSpeakUser
2025-07-28 12:21:20 - Client info: , Platform: Windows, Groups: 8,369
2025-07-28 12:21:20 - Adding platform group 278 for client TeamSpeakUser - SUCCESS
2025-07-28 12:22:10 - clientPlatform processing for: volya
2025-07-28 12:22:10 - Client info: , Platform: Windows, Groups: 14,377
2025-07-28 12:22:10 - Adding platform group 278 for client volya - SUCCESS
2025-07-28 12:24:01 - clientPlatform processing for: KurtaBesidaTV
2025-07-28 12:24:01 - Client info: , Platform: Windows, Groups: 11,377
2025-07-28 12:24:01 - Adding platform group 278 for client KurtaBesidaTV - SUCCESS
2025-07-28 12:26:26 - clientPlatform processing for: Guave345
2025-07-28 12:26:26 - Client info: , Platform: Windows, Groups: 11,377
2025-07-28 12:26:26 - Adding platform group 278 for client Guave345 - SUCCESS
2025-07-28 12:27:45 - clientPlatform processing for: pipisin
2025-07-28 12:27:45 - Client info: , Platform: Windows, Groups: 17,377
2025-07-28 12:27:45 - Adding platform group 278 for client pipisin - SUCCESS
2025-07-28 12:30:25 - clientPlatform processing for: kushi
2025-07-28 12:30:25 - Client info: , Platform: Windows, Groups: 15,377
2025-07-28 12:30:26 - Adding platform group 278 for client kushi - SUCCESS
2025-07-28 12:31:11 - clientPlatform processing for: Rix
2025-07-28 12:31:11 - Client info: , Platform: Windows, Groups: 266,377
2025-07-28 12:31:11 - Adding platform group 278 for client Rix - SUCCESS
2025-07-28 12:31:20 - clientPlatform processing for: Rix
2025-07-28 12:31:20 - Client info: , Platform: Windows, Groups: 266,377
2025-07-28 12:31:20 - Adding platform group 278 for client Rix - SUCCESS
2025-07-28 12:31:27 - clientPlatform processing for: Gosh
2025-07-28 12:31:27 - Client info: , Platform: Windows, Groups: 263,377
2025-07-28 12:31:27 - Adding platform group 278 for client Gosh - SUCCESS
2025-07-28 12:31:32 - clientPlatform processing for: Rix
2025-07-28 12:31:32 - Client info: , Platform: Windows, Groups: 266,278,294,377,435
2025-07-28 12:31:32 - Client already has platform group 278
2025-07-28 12:37:15 - clientPlatform processing for: makpyn
2025-07-28 12:37:15 - Client info: , Platform: Windows, Groups: 265,377
2025-07-28 12:37:15 - Adding platform group 278 for client makpyn - SUCCESS
2025-07-28 13:10:33 - clientPlatform processing for: MATAN
2025-07-28 13:10:33 - Client info: , Platform: Windows, Groups: 266,377
2025-07-28 13:10:33 - Adding platform group 278 for client MATAN - SUCCESS
2025-07-28 13:12:33 - clientPlatform processing for: Vicinnnt
2025-07-28 13:12:33 - Client info: , Platform: Windows, Groups: 266,377
2025-07-28 13:12:33 - Adding platform group 278 for client Vicinnnt - SUCCESS
2025-07-28 13:12:35 - clientPlatform processing for: makpyn
2025-07-28 13:12:35 - Client info: , Platform: Windows, Groups: 265,377
2025-07-28 13:12:35 - Adding platform group 278 for client makpyn - SUCCESS
2025-07-28 13:14:42 - clientPlatform processing for: ZRUBAVEL
2025-07-28 13:14:42 - Client info: , Platform: Windows, Groups: 11,369
2025-07-28 13:14:42 - Adding platform group 278 for client ZRUBAVEL - SUCCESS
2025-07-28 13:17:45 - clientPlatform processing for: TeamSpeakUser
2025-07-28 13:17:45 - Client info: , Platform: Windows, Groups: 8,369
2025-07-28 13:17:45 - Adding platform group 278 for client TeamSpeakUser - SUCCESS
2025-07-28 13:21:58 - clientPlatform processing for: astraiser
2025-07-28 13:21:58 - Client info: , Platform: Windows, Groups: 263,377
2025-07-28 13:21:58 - Adding platform group 278 for client astraiser - SUCCESS
2025-07-28 13:23:40 - clientPlatform processing for: PastA1
2025-07-28 13:23:40 - Client info: , Platform: Windows, Groups: 18,377
2025-07-28 13:23:40 - Adding platform group 278 for client PastA1 - SUCCESS
2025-07-28 13:25:58 - clientPlatform processing for: f.donato
2025-07-28 13:25:58 - Client info: , Platform: Windows, Groups: 266,377
2025-07-28 13:25:58 - Adding platform group 278 for client f.donato - SUCCESS
2025-07-28 13:37:34 - clientPlatform processing for: theslayercroute
2025-07-28 13:37:34 - Client info: , Platform: Windows, Groups: 266,377
2025-07-28 13:37:34 - Adding platform group 278 for client theslayercroute - SUCCESS
2025-07-28 13:38:12 - clientPlatform processing for: Sunrise0754
2025-07-28 13:38:12 - Client info: , Platform: Windows, Groups: 266,377
2025-07-28 13:38:12 - Adding platform group 278 for client Sunrise0754 - SUCCESS
2025-07-28 13:38:17 - clientPlatform processing for: daGGetTt
2025-07-28 13:38:17 - Client info: , Platform: Windows, Groups: 13,377
2025-07-28 13:38:17 - Adding platform group 278 for client daGGetTt - SUCCESS
2025-07-28 13:39:06 - clientPlatform processing for: Mnwh
2025-07-28 13:39:06 - Client info: , Platform: Windows, Groups: 266,377
2025-07-28 13:39:06 - Adding platform group 278 for client Mnwh - SUCCESS
2025-07-28 13:41:26 - clientPlatform processing for: hui
2025-07-28 13:41:26 - Client info: , Platform: Windows, Groups: 266,377
2025-07-28 13:41:26 - Adding platform group 278 for client hui - SUCCESS
2025-07-28 13:43:25 - clientPlatform processing for: Darkhains
2025-07-28 13:43:25 - Client info: , Platform: Windows, Groups: 12,377
2025-07-28 13:43:25 - Adding platform group 278 for client Darkhains - SUCCESS
2025-07-28 13:49:17 - clientPlatform processing for: Darkhains
2025-07-28 13:49:17 - Client info: , Platform: Windows, Groups: 12,377
2025-07-28 13:49:17 - Adding platform group 278 for client Darkhains - SUCCESS
2025-07-28 13:49:34 - clientPlatform processing for: sharfyusha
2025-07-28 13:49:34 - Client info: , Platform: Windows, Groups: 13,377
2025-07-28 13:49:34 - Adding platform group 278 for client sharfyusha - SUCCESS
2025-07-28 13:54:20 - clientPlatform processing for: -REVA-
2025-07-28 13:54:20 - Client info: , Platform: Windows, Groups: 17,377
2025-07-28 13:54:20 - Adding platform group 278 for client -REVA- - SUCCESS
2025-07-28 14:02:35 - clientPlatform processing for: Druid Сrow 🦅
2025-07-28 14:02:35 - Client info: , Platform: Windows, Groups: 19,377
2025-07-28 14:02:35 - Adding platform group 278 for client Druid Сrow 🦅 - SUCCESS
2025-07-28 14:04:52 - clientPlatform processing for: amin_gamester
2025-07-28 14:04:52 - Client info: , Platform: Windows, Groups: 13,377
2025-07-28 14:04:52 - Adding platform group 278 for client amin_gamester - SUCCESS
2025-07-28 14:08:49 - clientPlatform processing for: Ghost
2025-07-28 14:08:49 - Client info: , Platform: Windows, Groups: 20,377
2025-07-28 14:08:49 - Adding platform group 278 for client Ghost - SUCCESS
2025-07-28 14:12:57 - clientPlatform processing for: Shutn1k
2025-07-28 14:12:57 - Client info: , Platform: Windows, Groups: 266,377
2025-07-28 14:12:57 - Adding platform group 278 for client Shutn1k - SUCCESS
2025-07-28 14:14:17 - clientPlatform processing for: PIADORAZZZ
2025-07-28 14:14:17 - Client info: , Platform: Windows, Groups: 13,377
2025-07-28 14:14:17 - Adding platform group 278 for client PIADORAZZZ - SUCCESS
2025-07-28 14:14:28 - clientPlatform processing for: Lucky13
2025-07-28 14:14:28 - Client info: , Platform: Windows, Groups: 13,377
2025-07-28 14:14:28 - Adding platform group 278 for client Lucky13 - SUCCESS
2025-07-28 14:17:45 - clientPlatform processing for: Vectorial
2025-07-28 14:17:45 - Client info: , Platform: Windows, Groups: 9,369
2025-07-28 14:17:45 - Adding platform group 278 for client Vectorial - SUCCESS
2025-07-28 14:20:33 - clientPlatform processing for: Omar
2025-07-28 14:20:33 - Client info: , Platform: Windows, Groups: 266,377
2025-07-28 14:20:33 - Adding platform group 278 for client Omar - SUCCESS
2025-07-28 14:39:09 - clientPlatform processing for: Sebitzuu
2025-07-28 14:39:09 - Client info: , Platform: Windows, Groups: 13,377
2025-07-28 14:39:09 - Adding platform group 278 for client Sebitzuu - SUCCESS
2025-07-28 14:39:34 - clientPlatform processing for: andy76633
2025-07-28 14:39:34 - Client info: , Platform: Windows, Groups: 12,377
2025-07-28 14:39:34 - Adding platform group 278 for client andy76633 - SUCCESS
2025-07-28 14:40:04 - clientPlatform processing for: Alex0807
2025-07-28 14:40:04 - Client info: , Platform: Windows, Groups: 12,377
2025-07-28 14:40:04 - Adding platform group 278 for client Alex0807 - SUCCESS
2025-07-28 14:41:05 - clientPlatform processing for: Claudiu20047
2025-07-28 14:41:05 - Client info: , Platform: Windows, Groups: 12,377
2025-07-28 14:41:05 - Adding platform group 278 for client Claudiu20047 - SUCCESS
2025-07-28 14:42:21 - clientPlatform processing for: zui
2025-07-28 14:42:21 - Client info: , Platform: Windows, Groups: 17,377
2025-07-28 14:42:21 - Adding platform group 278 for client zui - SUCCESS
2025-07-28 14:49:23 - clientPlatform processing for: amin_gamester
2025-07-28 14:49:23 - Client info: , Platform: Windows, Groups: 13,377
2025-07-28 14:49:23 - Adding platform group 278 for client amin_gamester - SUCCESS
2025-07-28 14:53:04 - clientPlatform processing for: Lucky13
2025-07-28 14:53:04 - Client info: , Platform: Windows, Groups: 13,377
2025-07-28 14:53:04 - Adding platform group 278 for client Lucky13 - SUCCESS
2025-07-28 14:54:18 - clientPlatform processing for: Claudiu20047
2025-07-28 14:54:18 - Client info: , Platform: Windows, Groups: 12,377
2025-07-28 14:54:18 - Adding platform group 278 for client Claudiu20047 - SUCCESS
2025-07-28 14:55:47 - clientPlatform processing for: RYAN18
2025-07-28 14:55:47 - Client info: , Platform: Windows, Groups: 8,369
2025-07-28 14:55:47 - Adding platform group 278 for client RYAN18 - SUCCESS
2025-07-28 15:03:01 - clientPlatform processing for: Omar
2025-07-28 15:03:01 - Client info: , Platform: Windows, Groups: 266,377
2025-07-28 15:03:01 - Adding platform group 278 for client Omar - SUCCESS
2025-07-28 15:03:04 - clientPlatform processing for: Уебище
2025-07-28 15:03:04 - Client info: , Platform: Windows, Groups: 266,377
2025-07-28 15:03:04 - Adding platform group 278 for client Уебище - SUCCESS
2025-07-28 15:11:00 - clientPlatform processing for: Gosh
2025-07-28 15:11:00 - Client info: , Platform: Windows, Groups: 263,377
2025-07-28 15:11:00 - Adding platform group 278 for client Gosh - SUCCESS
2025-07-28 15:12:36 - clientPlatform processing for: belali-ZypRus?
2025-07-28 15:12:36 - Client info: , Platform: Windows, Groups: 13,377
2025-07-28 15:12:36 - Adding platform group 278 for client belali-ZypRus? - SUCCESS
2025-07-28 15:13:25 - clientPlatform processing for: aeRR
2025-07-28 15:13:25 - Client info: , Platform: Windows, Groups: 263,377
2025-07-28 15:13:25 - Adding platform group 278 for client aeRR - SUCCESS
2025-07-28 15:24:36 - clientPlatform processing for: volya
2025-07-28 15:24:36 - Client info: , Platform: Windows, Groups: 14,377
2025-07-28 15:24:36 - Adding platform group 278 for client volya - SUCCESS
2025-07-28 15:28:55 - clientPlatform processing for: don
2025-07-28 15:28:55 - Client info: , Platform: Windows, Groups: 266,377
2025-07-28 15:28:55 - Adding platform group 278 for client don - SUCCESS
2025-07-28 15:37:02 - clientPlatform processing for: zulul
2025-07-28 15:37:02 - Client info: , Platform: Windows, Groups: 18,377
2025-07-28 15:37:02 - Adding platform group 278 for client zulul - SUCCESS
2025-07-28 15:37:02 - clientPlatform processing for: zulul
2025-07-28 15:37:02 - Client info: , Platform: Windows, Groups: 18,377
2025-07-28 15:37:02 - Group already assigned (detected from error), skipping
2025-07-28 15:37:02 - Adding platform group 278 for client zulul - SUCCESS
2025-07-28 15:37:02 - clientPlatform processing for: zulul
2025-07-28 15:37:02 - Client info: , Platform: Windows, Groups: 18,377
2025-07-28 15:37:02 - Group already assigned (detected from error), skipping
2025-07-28 15:37:02 - Adding platform group 278 for client zulul - SUCCESS
2025-07-28 15:39:15 - clientPlatform processing for: Richard_TH
2025-07-28 15:39:15 - Client info: , Platform: Windows, Groups: 18,377
2025-07-28 15:39:15 - Adding platform group 278 for client Richard_TH - SUCCESS
2025-07-28 15:43:49 - clientPlatform processing for: kudo
2025-07-28 15:43:49 - Client info: , Platform: Windows, Groups: 265,377
2025-07-28 15:43:49 - Adding platform group 278 for client kudo - SUCCESS
2025-07-28 15:46:03 - clientPlatform processing for: Уебище
2025-07-28 15:46:03 - Client info: , Platform: Windows, Groups: 266,377
2025-07-28 15:46:03 - Adding platform group 278 for client Уебище - SUCCESS
2025-07-28 15:46:03 - clientPlatform processing for: Уебище
2025-07-28 15:46:03 - Client info: , Platform: Windows, Groups: 266,377
2025-07-28 15:46:03 - Group already assigned (detected from error), skipping
2025-07-28 15:46:03 - Adding platform group 278 for client Уебище - SUCCESS
2025-07-28 15:46:04 - clientPlatform processing for: Уебище
2025-07-28 15:46:04 - Client info: , Platform: Windows, Groups: 266,377
2025-07-28 15:46:04 - Group already assigned (detected from error), skipping
2025-07-28 15:46:04 - Adding platform group 278 for client Уебище - SUCCESS
2025-07-28 15:54:24 - clientPlatform processing for: daGGetTt
2025-07-28 15:54:24 - Client info: , Platform: Windows, Groups: 13,377
2025-07-28 15:54:24 - Adding platform group 278 for client daGGetTt - SUCCESS
2025-07-28 15:59:21 - clientPlatform processing for: User1
2025-07-28 15:59:21 - Client info: , Platform: Windows, Groups: 266,377
2025-07-28 15:59:21 - Adding platform group 278 for client User1 - SUCCESS
2025-07-28 15:59:29 - clientPlatform processing for: daGGetTt
2025-07-28 15:59:29 - Client info: , Platform: Windows, Groups: 13,377
2025-07-28 15:59:29 - Adding platform group 278 for client daGGetTt - SUCCESS
2025-07-28 15:59:31 - clientPlatform processing for: daGGetTt
2025-07-28 15:59:31 - Client info: , Platform: Windows, Groups: 13,377
2025-07-28 15:59:31 - Group already assigned (detected from error), skipping
2025-07-28 15:59:31 - Adding platform group 278 for client daGGetTt - SUCCESS
2025-07-28 15:59:32 - clientPlatform processing for: daGGetTt
2025-07-28 15:59:32 - Client info: , Platform: Windows, Groups: 13,377
2025-07-28 15:59:32 - Group already assigned (detected from error), skipping
2025-07-28 15:59:32 - Adding platform group 278 for client daGGetTt - SUCCESS
2025-07-28 15:59:54 - clientPlatform processing for: User1
2025-07-28 15:59:54 - Client info: , Platform: Windows, Groups: 266,377
2025-07-28 15:59:54 - Adding platform group 278 for client User1 - SUCCESS
2025-07-28 16:02:19 - clientPlatform processing for: TeamSpeakUser
2025-07-28 16:02:19 - Client info: , Platform: Windows, Groups: 266,377
2025-07-28 16:02:19 - Adding platform group 278 for client TeamSpeakUser - SUCCESS
2025-07-28 16:04:14 - clientPlatform processing for: TeamSpeakUser1
2025-07-28 16:04:14 - Client info: , Platform: Windows, Groups: 13,377
2025-07-28 16:04:14 - Adding platform group 278 for client TeamSpeakUser1 - SUCCESS
2025-07-28 16:16:35 - clientPlatform processing for: Shawaj
2025-07-28 16:16:35 - Client info: , Platform: Windows, Groups: 263,377
2025-07-28 16:16:35 - Adding platform group 278 for client Shawaj - SUCCESS
2025-07-28 16:19:47 - clientPlatform processing for: TeamSpeakUser
2025-07-28 16:19:47 - Client info: , Platform: Windows, Groups: 266,377
2025-07-28 16:19:47 - Adding platform group 278 for client TeamSpeakUser - SUCCESS
2025-07-28 16:31:22 - clientPlatform processing for: RedragoN
2025-07-28 16:31:22 - Client info: , Platform: Windows, Groups: 266,377
2025-07-28 16:31:22 - Adding platform group 278 for client RedragoN - SUCCESS
2025-07-28 16:31:35 - clientPlatform processing for: tenshin_non
2025-07-28 16:31:35 - Client info: , Platform: Windows, Groups: 18,377
2025-07-28 16:31:35 - Adding platform group 278 for client tenshin_non - SUCCESS
2025-07-28 16:33:24 - clientPlatform processing for: Pandemonium
2025-07-28 16:33:24 - Client info: , Platform: Windows, Groups: 7
2025-07-28 16:33:24 - Adding platform group 278 for client Pandemonium - SUCCESS
2025-07-28 16:34:01 - clientPlatform processing for: Life4Sun
2025-07-28 16:34:01 - Client info: , Platform: Windows, Groups: 8,369
2025-07-28 16:34:01 - Adding platform group 278 for client Life4Sun - SUCCESS
2025-07-28 16:37:18 - clientPlatform processing for: aslan
2025-07-28 16:37:18 - Client info: , Platform: Windows, Groups: 13,377
2025-07-28 16:37:18 - Adding platform group 278 for client aslan - SUCCESS
2025-07-28 16:38:00 - clientPlatform processing for: AlvaRoniXs
2025-07-28 16:38:00 - Client info: , Platform: Windows, Groups: 33,161,180,377
2025-07-28 16:38:00 - Adding platform group 278 for client AlvaRoniXs - SUCCESS
2025-07-28 16:41:00 - clientPlatform processing for: AlvaRoniXs
2025-07-28 16:41:00 - Client info: , Platform: Windows, Groups: 33,161,180,377
2025-07-28 16:41:00 - Adding platform group 278 for client AlvaRoniXs - SUCCESS
2025-07-28 16:55:28 - clientPlatform processing for: AlvaRoniXs
2025-07-28 16:55:28 - Client info: , Platform: Windows, Groups: 33,161,180,377
2025-07-28 16:55:28 - Adding platform group 278 for client AlvaRoniXs - SUCCESS
2025-07-28 16:59:12 - clientPlatform processing for: AlvaRoniXs
2025-07-28 16:59:12 - Client info: , Platform: Windows, Groups: 33,161,180,377
2025-07-28 16:59:12 - Adding platform group 278 for client AlvaRoniXs - SUCCESS
2025-07-28 17:13:00 - clientPlatform processing for: Mr..Fury
2025-07-28 17:13:00 - Client info: , Platform: Windows, Groups: 18,377
2025-07-28 17:13:00 - Adding platform group 278 for client Mr..Fury - SUCCESS
2025-07-28 17:14:08 - clientPlatform processing for: MATIN
2025-07-28 17:14:08 - Client info: , Platform: Windows, Groups: 12,377
2025-07-28 17:14:08 - Adding platform group 278 for client MATIN - SUCCESS
2025-07-28 17:23:48 - clientPlatform processing for: Siros333
2025-07-28 17:23:48 - Client info: , Platform: Windows, Groups: 11,377
2025-07-28 17:23:48 - Adding platform group 278 for client Siros333 - SUCCESS
2025-07-28 17:24:22 - clientPlatform processing for: ARTAhier
2025-07-28 17:24:22 - Client info: , Platform: Windows, Groups: 12,377
2025-07-28 17:24:22 - Adding platform group 278 for client ARTAhier - SUCCESS
2025-07-28 17:24:43 - clientPlatform processing for: ARTAdort
2025-07-28 17:24:43 - Client info: , Platform: Android, Groups: 11,377
2025-07-28 17:24:43 - Adding platform group 282 for client ARTAdort - SUCCESS
2025-07-28 17:25:25 - clientPlatform processing for: awegawg
2025-07-28 17:25:25 - Client info: , Platform: Windows, Groups: 13,377
2025-07-28 17:25:25 - Adding platform group 278 for client awegawg - SUCCESS
2025-07-28 17:25:35 - clientPlatform processing for: Haydn_123
2025-07-28 17:25:35 - Client info: , Platform: Windows, Groups: 266,377
2025-07-28 17:25:35 - Adding platform group 278 for client Haydn_123 - SUCCESS
2025-07-28 17:26:40 - clientPlatform processing for: tlishev
2025-07-28 17:26:40 - Client info: , Platform: Windows, Groups: 14,377
2025-07-28 17:26:40 - Adding platform group 278 for client tlishev - SUCCESS
2025-07-28 17:29:16 - clientPlatform processing for: Platonuch_UA
2025-07-28 17:29:16 - Client info: , Platform: Windows, Groups: 20,377
2025-07-28 17:29:16 - Adding platform group 278 for client Platonuch_UA - SUCCESS
2025-07-28 17:33:36 - clientPlatform processing for: EXOPUL
2025-07-28 17:33:36 - Client info: , Platform: Windows, Groups: 13,377
2025-07-28 17:33:36 - Adding platform group 278 for client EXOPUL - SUCCESS
2025-07-28 17:34:06 - clientPlatform processing for: pisun
2025-07-28 17:34:06 - Client info: , Platform: Windows, Groups: 266,377
2025-07-28 17:34:06 - Adding platform group 278 for client pisun - SUCCESS
2025-07-28 17:36:59 - clientPlatform processing for: chapa
2025-07-28 17:36:59 - Client info: , Platform: Windows, Groups: 19,377,440
2025-07-28 17:36:59 - Adding platform group 278 for client chapa - SUCCESS
2025-07-28 17:37:32 - clientPlatform processing for: tlishev
2025-07-28 17:37:32 - Client info: , Platform: Windows, Groups: 14,377
2025-07-28 17:37:32 - Adding platform group 278 for client tlishev - SUCCESS
2025-07-28 17:46:05 - clientPlatform processing for: TeamSpeakUser1
2025-07-28 17:46:05 - Client info: , Platform: Windows, Groups: 13,377
2025-07-28 17:46:05 - Adding platform group 278 for client TeamSpeakUser1 - SUCCESS
2025-07-28 17:46:15 - clientPlatform processing for: TeamSpeakUser1
2025-07-28 17:46:15 - Client info: , Platform: Windows, Groups: 13,278,377
2025-07-28 17:46:15 - Client already has platform group 278
2025-07-28 17:46:43 - clientPlatform processing for: TeamSpeakUser1
2025-07-28 17:46:43 - Client info: , Platform: Windows, Groups: 13,276,377,435
2025-07-28 17:46:43 - Adding platform group 278 for client TeamSpeakUser1 - SUCCESS
2025-07-28 17:47:19 - clientPlatform processing for: atmaca
2025-07-28 17:47:19 - Client info: , Platform: Windows, Groups: 11,377
2025-07-28 17:47:19 - Adding platform group 278 for client atmaca - SUCCESS
2025-07-28 17:48:38 - clientPlatform processing for: nbnbn
2025-07-28 17:48:38 - Client info: , Platform: Windows, Groups: 266,377
2025-07-28 17:48:38 - Adding platform group 278 for client nbnbn - SUCCESS
2025-07-28 17:51:03 - clientPlatform processing for: User1
2025-07-28 17:51:03 - Client info: , Platform: Windows, Groups: 266,377
2025-07-28 17:51:03 - Adding platform group 278 for client User1 - SUCCESS
2025-07-28 17:55:22 - clientPlatform processing for: pangea
2025-07-28 17:55:22 - Client info: , Platform: Windows, Groups: 13,377
2025-07-28 17:55:22 - Adding platform group 278 for client pangea - SUCCESS
2025-07-28 17:57:10 - clientPlatform processing for: gert401
2025-07-28 17:57:10 - Client info: , Platform: Windows, Groups: 7
2025-07-28 17:57:10 - Adding platform group 278 for client gert401 - SUCCESS
2025-07-28 17:59:02 - clientPlatform processing for: Shutn1k
2025-07-28 17:59:02 - Client info: , Platform: Windows, Groups: 266,377
2025-07-28 17:59:02 - Adding platform group 278 for client Shutn1k - SUCCESS
2025-07-28 18:02:59 - clientPlatform processing for: Уебище
2025-07-28 18:02:59 - Client info: , Platform: Windows, Groups: 266,377
2025-07-28 18:02:59 - Adding platform group 278 for client Уебище - SUCCESS
2025-07-28 18:06:07 - clientPlatform processing for: Rich Lich
2025-07-28 18:06:07 - Client info: , Platform: Windows, Groups: 18,377
2025-07-28 18:06:07 - Adding platform group 278 for client Rich Lich - SUCCESS
2025-07-28 18:06:18 - clientPlatform processing for: zulul
2025-07-28 18:06:18 - Client info: , Platform: Windows, Groups: 18,377
2025-07-28 18:06:18 - Adding platform group 278 for client zulul - SUCCESS
2025-07-28 18:08:57 - clientPlatform processing for: baysikimdeğil
2025-07-28 18:08:57 - Client info: , Platform: Windows, Groups: 263,377
2025-07-28 18:08:57 - Adding platform group 278 for client baysikimdeğil - SUCCESS
2025-07-28 18:10:28 - clientPlatform processing for: Yugik
2025-07-28 18:10:28 - Client info: , Platform: Windows, Groups: 13,377
2025-07-28 18:10:28 - Adding platform group 278 for client Yugik - SUCCESS
2025-07-28 18:10:48 - clientPlatform processing for: may1kid
2025-07-28 18:10:48 - Client info: , Platform: Windows, Groups: 13,377
2025-07-28 18:10:48 - Adding platform group 278 for client may1kid - SUCCESS
2025-07-28 18:11:02 - clientPlatform processing for: dolv1
2025-07-28 18:11:02 - Client info: , Platform: Windows, Groups: 266,377
2025-07-28 18:11:02 - Adding platform group 278 for client dolv1 - SUCCESS
2025-07-28 18:11:03 - clientPlatform processing for: dolv1
2025-07-28 18:11:03 - Client info: , Platform: Windows, Groups: 266,377
2025-07-28 18:11:03 - Group already assigned (detected from error), skipping
2025-07-28 18:11:03 - Adding platform group 278 for client dolv1 - SUCCESS
2025-07-28 18:11:03 - clientPlatform processing for: dolv1
2025-07-28 18:11:03 - Client info: , Platform: Windows, Groups: 266,377
2025-07-28 18:11:03 - Group already assigned (detected from error), skipping
2025-07-28 18:11:03 - Adding platform group 278 for client dolv1 - SUCCESS
2025-07-28 18:12:38 - clientPlatform processing for: Ander
2025-07-28 18:12:38 - Client info: , Platform: Windows, Groups: 15,377
2025-07-28 18:12:38 - Adding platform group 278 for client Ander - SUCCESS
2025-07-28 18:12:52 - clientPlatform processing for: Грицик
2025-07-28 18:12:52 - Client info: , Platform: Windows, Groups: 15,377
2025-07-28 18:12:52 - Adding platform group 278 for client Грицик - SUCCESS
2025-07-28 18:14:06 - clientPlatform processing for: kagixxx
2025-07-28 18:14:06 - Client info: , Platform: Windows, Groups: 17,377
2025-07-28 18:14:06 - Adding platform group 278 for client kagixxx - SUCCESS
2025-07-28 18:14:09 - clientPlatform processing for: Shawaj
2025-07-28 18:14:09 - Client info: , Platform: Windows, Groups: 263,377
2025-07-28 18:14:09 - Adding platform group 278 for client Shawaj - SUCCESS
2025-07-28 18:16:23 - clientPlatform processing for: Tufix
2025-07-28 18:16:23 - Client info: , Platform: Windows, Groups: 263,377
2025-07-28 18:16:23 - Adding platform group 278 for client Tufix - SUCCESS
2025-07-28 18:16:23 - clientPlatform processing for: Tufix
2025-07-28 18:16:23 - Client info: , Platform: Windows, Groups: 263,377
2025-07-28 18:16:23 - Group already assigned (detected from error), skipping
2025-07-28 18:16:23 - Adding platform group 278 for client Tufix - SUCCESS
2025-07-28 18:16:24 - clientPlatform processing for: Tufix
2025-07-28 18:16:24 - Client info: , Platform: Windows, Groups: 263,377
2025-07-28 18:16:24 - Group already assigned (detected from error), skipping
2025-07-28 18:16:24 - Adding platform group 278 for client Tufix - SUCCESS
2025-07-28 18:16:28 - clientPlatform processing for: Shawaj
2025-07-28 18:16:28 - Client info: , Platform: Windows, Groups: 263,377
2025-07-28 18:16:28 - Adding platform group 278 for client Shawaj - SUCCESS
2025-07-28 18:17:16 - clientPlatform processing for: auvarls
2025-07-28 18:17:16 - Client info: , Platform: Windows, Groups: 264,377
2025-07-28 18:17:16 - Adding platform group 278 for client auvarls - SUCCESS
2025-07-28 18:17:22 - clientPlatform processing for: TeamSpeakUser2
2025-07-28 18:17:22 - Client info: , Platform: Windows, Groups: 266,377
2025-07-28 18:17:22 - Adding platform group 278 for client TeamSpeakUser2 - SUCCESS
2025-07-28 18:17:22 - clientPlatform processing for: TeamSpeakUser2
2025-07-28 18:17:22 - Client info: , Platform: Windows, Groups: 266,377
2025-07-28 18:17:22 - Group already assigned (detected from error), skipping
2025-07-28 18:17:22 - Adding platform group 278 for client TeamSpeakUser2 - SUCCESS
2025-07-28 18:17:22 - clientPlatform processing for: TeamSpeakUser2
2025-07-28 18:17:22 - Client info: , Platform: Windows, Groups: 266,377
2025-07-28 18:17:22 - Group already assigned (detected from error), skipping
2025-07-28 18:17:22 - Adding platform group 278 for client TeamSpeakUser2 - SUCCESS
2025-07-28 18:17:55 - clientPlatform processing for: CaliskanMuz
2025-07-28 18:17:55 - Client info: , Platform: Windows, Groups: 14,285,377
2025-07-28 18:17:55 - Adding platform group 278 for client CaliskanMuz - SUCCESS
2025-07-28 18:18:30 - clientPlatform processing for: Потужний Фід
2025-07-28 18:18:30 - Client info: , Platform: Windows, Groups: 18,377
2025-07-28 18:18:30 - Adding platform group 278 for client Потужний Фід - SUCCESS
2025-07-28 18:19:16 - clientPlatform processing for: HanS
2025-07-28 18:19:16 - Client info: , Platform: Windows, Groups: 266,377
2025-07-28 18:19:16 - Adding platform group 278 for client HanS - SUCCESS
2025-07-28 18:19:36 - clientPlatform processing for: Pol'zovatel'
2025-07-28 18:19:36 - Client info: , Platform: Windows, Groups: 18,377
2025-07-28 18:19:36 - Adding platform group 278 for client Pol'zovatel' - SUCCESS
2025-07-28 18:20:18 - clientPlatform processing for: sharfyusha
2025-07-28 18:20:18 - Client info: , Platform: Windows, Groups: 13,377
2025-07-28 18:20:18 - Adding platform group 278 for client sharfyusha - SUCCESS
2025-07-28 18:30:08 - clientPlatform processing for: germancoxx
2025-07-28 18:30:08 - Client info: , Platform: Windows, Groups: 14,377
2025-07-28 18:30:08 - Adding platform group 278 for client germancoxx - SUCCESS
2025-07-28 18:31:18 - clientPlatform processing for: alikexie
2025-07-28 18:31:18 - Client info: , Platform: Windows, Groups: 15,377
2025-07-28 18:31:18 - Adding platform group 278 for client alikexie - SUCCESS
2025-07-28 18:31:57 - clientPlatform processing for: rabdestroyer
2025-07-28 18:31:57 - Client info: , Platform: Windows, Groups: 7
2025-07-28 18:31:57 - Adding platform group 278 for client rabdestroyer - SUCCESS
2025-07-28 18:32:22 - clientPlatform processing for: rabdestroyer
2025-07-28 18:32:22 - Client info: , Platform: Windows, Groups: 8,369
2025-07-28 18:32:22 - Adding platform group 278 for client rabdestroyer - SUCCESS
2025-07-28 18:33:08 - clientPlatform processing for: rabdestroyer
2025-07-28 18:33:08 - Client info: , Platform: Windows, Groups: 8,278,294,369,435
2025-07-28 18:33:08 - Client already has platform group 278
2025-07-28 18:33:12 - clientPlatform processing for: Ashkan-77
2025-07-28 18:33:12 - Client info: , Platform: Windows, Groups: 8,369
2025-07-28 18:33:12 - Adding platform group 278 for client Ashkan-77 - SUCCESS
2025-07-28 18:34:06 - clientPlatform processing for: Jabberson
2025-07-28 18:34:06 - Client info: , Platform: Windows, Groups: 263,377
2025-07-28 18:34:06 - Adding platform group 278 for client Jabberson - SUCCESS
2025-07-28 18:34:22 - clientPlatform processing for: Kowismo
2025-07-28 18:34:22 - Client info: , Platform: Windows, Groups: 6,270,377,422
2025-07-28 18:34:22 - Adding platform group 278 for client Kowismo - SUCCESS
2025-07-28 18:34:58 - clientPlatform processing for: -REVA-
2025-07-28 18:34:58 - Client info: , Platform: Windows, Groups: 17,377
2025-07-28 18:34:58 - Adding platform group 278 for client -REVA- - SUCCESS
2025-07-28 18:38:26 - clientPlatform processing for: kiri
2025-07-28 18:38:26 - Client info: , Platform: Windows, Groups: 13,377
2025-07-28 18:38:26 - Adding platform group 278 for client kiri - SUCCESS
2025-07-28 18:40:05 - clientPlatform processing for: ogi
2025-07-28 18:40:05 - Client info: , Platform: Windows, Groups: 11,369
2025-07-28 18:40:05 - Adding platform group 278 for client ogi - SUCCESS
2025-07-28 18:40:09 - clientPlatform processing for: TroubLe(mustafa)
2025-07-28 18:40:09 - Client info: , Platform: Windows, Groups: 13,377
2025-07-28 18:40:09 - Adding platform group 278 for client TroubLe(mustafa) - SUCCESS
2025-07-28 18:40:56 - clientPlatform processing for: Ashkan-77
2025-07-28 18:40:56 - Client info: , Platform: Windows, Groups: 8,369
2025-07-28 18:40:56 - Adding platform group 278 for client Ashkan-77 - SUCCESS
2025-07-28 18:41:26 - clientPlatform processing for: pzdcvsenikizanyati
2025-07-28 18:41:26 - Client info: , Platform: Windows, Groups: 19,377
2025-07-28 18:41:26 - Adding platform group 278 for client pzdcvsenikizanyati - SUCCESS
2025-07-28 18:45:25 - clientPlatform processing for: Amoranayt
2025-07-28 18:45:25 - Client info: , Platform: Windows, Groups: 8,369
2025-07-28 18:45:25 - Adding platform group 278 for client Amoranayt - SUCCESS
2025-07-28 18:48:09 - clientPlatform processing for: Shawaj
2025-07-28 18:48:09 - Client info: , Platform: Windows, Groups: 263,377
2025-07-28 18:48:09 - Adding platform group 278 for client Shawaj - SUCCESS
2025-07-28 18:49:06 - clientPlatform processing for: nox
2025-07-28 18:49:06 - Client info: , Platform: Windows, Groups: 266,377
2025-07-28 18:49:06 - Adding platform group 278 for client nox - SUCCESS
2025-07-28 18:51:11 - clientPlatform processing for: Mnwh
2025-07-28 18:51:11 - Client info: , Platform: Windows, Groups: 266,377
2025-07-28 18:51:11 - Adding platform group 278 for client Mnwh - SUCCESS
2025-07-28 18:51:15 - clientPlatform processing for: Futa
2025-07-28 18:51:15 - Client info: , Platform: Windows, Groups: 266,377
2025-07-28 18:51:15 - Adding platform group 278 for client Futa - SUCCESS
2025-07-28 18:51:33 - clientPlatform processing for: Darkhains
2025-07-28 18:51:33 - Client info: , Platform: Windows, Groups: 12,377
2025-07-28 18:51:33 - Adding platform group 278 for client Darkhains - SUCCESS
2025-07-28 18:55:19 - clientPlatform processing for: LADRON
2025-07-28 18:55:19 - Client info: , Platform: Windows, Groups: 266,377
2025-07-28 18:55:19 - Adding platform group 278 for client LADRON - SUCCESS
2025-07-28 18:57:59 - clientPlatform processing for: rabdestroyer
2025-07-28 18:57:59 - Client info: , Platform: Windows, Groups: 8,369
2025-07-28 18:57:59 - Adding platform group 278 for client rabdestroyer - SUCCESS
2025-07-28 18:58:24 - clientPlatform processing for: REV
2025-07-28 18:58:24 - Client info: , Platform: Windows, Groups: 17,377
2025-07-28 18:58:24 - Adding platform group 278 for client REV - SUCCESS
2025-07-28 19:00:54 - clientPlatform processing for: emirhnxnn
2025-07-28 19:00:54 - Client info: , Platform: Windows, Groups: 264,377
2025-07-28 19:00:54 - Adding platform group 278 for client emirhnxnn - SUCCESS
2025-07-28 19:01:09 - clientPlatform processing for: Xeur
2025-07-28 19:01:09 - Client info: , Platform: Windows, Groups: 15,377
2025-07-28 19:01:10 - Adding platform group 278 for client Xeur - SUCCESS
2025-07-28 19:02:31 - clientPlatform processing for: Jabberson
2025-07-28 19:02:31 - Client info: , Platform: Windows, Groups: 263,377
2025-07-28 19:02:31 - Adding platform group 278 for client Jabberson - SUCCESS
2025-07-28 19:09:41 - clientPlatform processing for: 4iff
2025-07-28 19:09:41 - Client info: , Platform: Windows, Groups: 22,377
2025-07-28 19:09:41 - Adding platform group 278 for client 4iff - SUCCESS
2025-07-28 19:12:36 - clientPlatform processing for: Ander
2025-07-28 19:12:36 - Client info: , Platform: Windows, Groups: 15,377
2025-07-28 19:12:37 - Adding platform group 278 for client Ander - SUCCESS
2025-07-28 19:12:39 - clientPlatform processing for: Грицик
2025-07-28 19:12:39 - Client info: , Platform: Windows, Groups: 15,377
2025-07-28 19:12:39 - Adding platform group 278 for client Грицик - SUCCESS
2025-07-28 19:13:24 - clientPlatform processing for: -W1LLL
2025-07-28 19:13:24 - Client info: , Platform: Windows, Groups: 17,377
2025-07-28 19:13:24 - Adding platform group 278 for client -W1LLL - SUCCESS
2025-07-28 19:14:08 - clientPlatform processing for: don
2025-07-28 19:14:08 - Client info: , Platform: Windows, Groups: 266,377
2025-07-28 19:14:08 - Adding platform group 278 for client don - SUCCESS
2025-07-28 19:17:14 - clientPlatform processing for: Vectorial
2025-07-28 19:17:14 - Client info: , Platform: Windows, Groups: 10,369
2025-07-28 19:17:14 - Adding platform group 278 for client Vectorial - SUCCESS
2025-07-28 19:17:33 - clientPlatform processing for: verdi
2025-07-28 19:17:33 - Client info: , Platform: Windows, Groups: 17,377
2025-07-28 19:17:33 - Adding platform group 278 for client verdi - SUCCESS
2025-07-28 19:18:20 - clientPlatform processing for: LaPt
2025-07-28 19:18:20 - Client info: , Platform: Windows, Groups: 266,377
2025-07-28 19:18:21 - Adding platform group 278 for client LaPt - SUCCESS
2025-07-28 19:18:29 - clientPlatform processing for: N1kit0s@
2025-07-28 19:18:29 - Client info: , Platform: Windows, Groups: 17,377
2025-07-28 19:18:29 - Adding platform group 278 for client N1kit0s@ - SUCCESS
2025-07-28 19:18:34 - clientPlatform processing for: NowY
2025-07-28 19:18:34 - Client info: , Platform: Windows, Groups: 264,377
2025-07-28 19:18:34 - Adding platform group 278 for client NowY - SUCCESS
2025-07-28 19:19:24 - clientPlatform processing for: LisssTzz
2025-07-28 19:19:24 - Client info: , Platform: Windows, Groups: 266,377
2025-07-28 19:19:24 - Adding platform group 278 for client LisssTzz - SUCCESS
2025-07-28 19:19:59 - clientPlatform processing for: Jabberson
2025-07-28 19:19:59 - Client info: , Platform: Windows, Groups: 263,377
2025-07-28 19:19:59 - Adding platform group 278 for client Jabberson - SUCCESS
2025-07-28 19:20:29 - clientPlatform processing for: sharfyusha
2025-07-28 19:20:29 - Client info: , Platform: Windows, Groups: 13,377
2025-07-28 19:20:29 - Adding platform group 278 for client sharfyusha - SUCCESS
2025-07-28 19:21:13 - clientPlatform processing for: Froll1
2025-07-28 19:21:13 - Client info: , Platform: Windows, Groups: 265,377
2025-07-28 19:21:13 - Adding platform group 278 for client Froll1 - SUCCESS
2025-07-28 19:22:36 - clientPlatform processing for: elges
2025-07-28 19:22:36 - Client info: , Platform: Windows, Groups: 264,377
2025-07-28 19:22:36 - Adding platform group 278 for client elges - SUCCESS
2025-07-28 19:23:01 - clientPlatform processing for: tros
2025-07-28 19:23:01 - Client info: , Platform: Windows, Groups: 12,377
2025-07-28 19:23:02 - Adding platform group 278 for client tros - SUCCESS
2025-07-28 19:23:22 - clientPlatform processing for: AMINOV
2025-07-28 19:23:22 - Client info: , Platform: Windows, Groups: 266,377
2025-07-28 19:23:22 - Adding platform group 278 for client AMINOV - SUCCESS
2025-07-28 19:24:36 - clientPlatform processing for: TeamSpeakUser3
2025-07-28 19:24:36 - Client info: , Platform: Windows, Groups: 11,377
2025-07-28 19:24:36 - Adding platform group 278 for client TeamSpeakUser3 - SUCCESS
2025-07-28 19:26:15 - clientPlatform processing for: PIADORAZZZ
2025-07-28 19:26:15 - Client info: , Platform: Windows, Groups: 13,377
2025-07-28 19:26:15 - Adding platform group 278 for client PIADORAZZZ - SUCCESS
2025-07-28 19:30:24 - clientPlatform processing for: atmaca
2025-07-28 19:30:24 - Client info: , Platform: Windows, Groups: 11,377
2025-07-28 19:30:24 - Adding platform group 278 for client atmaca - SUCCESS
2025-07-28 19:31:21 - clientPlatform processing for: kiesik98
2025-07-28 19:31:21 - Client info: , Platform: Windows, Groups: 14,377
2025-07-28 19:31:21 - Adding platform group 278 for client kiesik98 - SUCCESS
2025-07-28 19:32:01 - clientPlatform processing for: saadf
2025-07-28 19:32:01 - Client info: , Platform: Windows, Groups: 12,377
2025-07-28 19:32:01 - Adding platform group 278 for client saadf - SUCCESS
2025-07-28 19:32:55 - clientPlatform processing for: dimkos496
2025-07-28 19:32:55 - Client info: , Platform: Windows, Groups: 9,369
2025-07-28 19:32:55 - Adding platform group 278 for client dimkos496 - SUCCESS
2025-07-28 19:35:32 - clientPlatform processing for: shinigami
2025-07-28 19:35:32 - Client info: , Platform: Windows, Groups: 26,377,381,383,385
2025-07-28 19:35:32 - Adding platform group 278 for client shinigami - SUCCESS
2025-07-28 19:36:00 - clientPlatform processing for: mishechcat
2025-07-28 19:36:00 - Client info: , Platform: iOS, Groups: 12,377
2025-07-28 19:36:00 - Adding platform group 281 for client mishechcat - SUCCESS
2025-07-28 19:38:41 - clientPlatform processing for: INSANE
2025-07-28 19:38:41 - Client info: , Platform: Windows, Groups: 18,377
2025-07-28 19:38:41 - Adding platform group 278 for client INSANE - SUCCESS
2025-07-28 19:47:09 - clientPlatform processing for: Боцман777
2025-07-28 19:47:09 - Client info: , Platform: Windows, Groups: 19,377
2025-07-28 19:47:09 - Adding platform group 278 for client Боцман777 - SUCCESS
2025-07-28 19:51:00 - clientPlatform processing for: шароёб
2025-07-28 19:51:00 - Client info: , Platform: Windows, Groups: 263,377
2025-07-28 19:51:00 - Adding platform group 278 for client шароёб - SUCCESS
2025-07-28 19:53:36 - clientPlatform processing for: TeamSpeakUser4
2025-07-28 19:53:36 - Client info: , Platform: Windows, Groups: 10,369
2025-07-28 19:53:36 - Adding platform group 278 for client TeamSpeakUser4 - SUCCESS
2025-07-28 19:54:02 - clientPlatform processing for: vata
2025-07-28 19:54:02 - Client info: , Platform: Windows, Groups: 263,377
2025-07-28 19:54:02 - Adding platform group 278 for client vata - SUCCESS
2025-07-28 19:54:34 - clientPlatform processing for: TeamSpeakUser4
2025-07-28 19:54:34 - Client info: , Platform: Windows, Groups: 10,369
2025-07-28 19:54:34 - Adding platform group 278 for client TeamSpeakUser4 - SUCCESS
2025-07-28 19:55:46 - clientPlatform processing for: Nrrrqqq
2025-07-28 19:55:46 - Client info: , Platform: Windows, Groups: 8,369
2025-07-28 19:55:46 - Adding platform group 278 for client Nrrrqqq - SUCCESS
2025-07-28 19:56:37 - clientPlatform processing for: saulov
2025-07-28 19:56:37 - Client info: , Platform: Windows, Groups: 266,377
2025-07-28 19:56:37 - Adding platform group 278 for client saulov - SUCCESS
2025-07-28 19:57:35 - clientPlatform processing for: Sim0
2025-07-28 19:57:35 - Client info: , Platform: Windows, Groups: 266,377
2025-07-28 19:57:35 - Adding platform group 278 for client Sim0 - SUCCESS
2025-07-28 19:57:59 - clientPlatform processing for: reverz
2025-07-28 19:57:59 - Client info: , Platform: Windows, Groups: 266,377
2025-07-28 19:57:59 - Adding platform group 278 for client reverz - SUCCESS
2025-07-28 20:05:48 - clientPlatform processing for: Чех
2025-07-28 20:05:48 - Client info: , Platform: Windows, Groups: 17,377
2025-07-28 20:05:48 - Adding platform group 278 for client Чех - SUCCESS
2025-07-28 20:06:17 - clientPlatform processing for: Чех
2025-07-28 20:06:17 - Client info: , Platform: Windows, Groups: 17,377
2025-07-28 20:06:17 - Adding platform group 278 for client Чех - SUCCESS
2025-07-28 20:06:43 - clientPlatform processing for: Чех
2025-07-28 20:06:43 - Client info: , Platform: Windows, Groups: 17,278,296,377,435
2025-07-28 20:06:43 - Client already has platform group 278
2025-07-28 20:06:50 - clientPlatform processing for: TeamSpeakUser1
2025-07-28 20:06:50 - Client info: , Platform: Windows, Groups: 10,369
2025-07-28 20:06:50 - Adding platform group 278 for client TeamSpeakUser1 - SUCCESS
2025-07-28 20:07:20 - clientPlatform processing for: леха
2025-07-28 20:07:20 - Client info: , Platform: Windows, Groups: 18,377
2025-07-28 20:07:20 - Adding platform group 278 for client леха - SUCCESS
2025-07-28 20:09:35 - clientPlatform processing for: mishechcaty
2025-07-28 20:09:35 - Client info: , Platform: Windows, Groups: 266,377
2025-07-28 20:09:36 - Adding platform group 278 for client mishechcaty - SUCCESS
2025-07-28 20:16:39 - clientPlatform processing for: MKBlin
2025-07-28 20:16:39 - Client info: , Platform: Windows, Groups: 9,369
2025-07-28 20:16:39 - Adding platform group 278 for client MKBlin - SUCCESS
2025-07-28 20:19:29 - clientPlatform processing for: Kurs
2025-07-28 20:19:29 - Client info: , Platform: Windows, Groups: 266,377
2025-07-28 20:19:29 - Adding platform group 278 for client Kurs - SUCCESS
2025-07-28 20:22:56 - clientPlatform processing for: JannnNNN
2025-07-28 20:22:56 - Client info: , Platform: Windows, Groups: 12,377
2025-07-28 20:22:56 - Adding platform group 278 for client JannnNNN - SUCCESS
2025-07-28 20:30:37 - clientPlatform processing for: HUESOS
2025-07-28 20:30:37 - Client info: , Platform: Windows, Groups: 266,377
2025-07-28 20:30:38 - Adding platform group 278 for client HUESOS - SUCCESS
2025-07-28 20:32:06 - clientPlatform processing for: Kurs
2025-07-28 20:32:06 - Client info: , Platform: Windows, Groups: 266,377
2025-07-28 20:32:06 - Adding platform group 278 for client Kurs - SUCCESS
2025-07-28 20:33:03 - clientPlatform processing for: yondera
2025-07-28 20:33:03 - Client info: , Platform: Windows, Groups: 266,377
2025-07-28 20:33:03 - Adding platform group 278 for client yondera - SUCCESS
2025-07-28 20:33:06 - clientPlatform processing for: Zaglot_Vandam1
2025-07-28 20:33:06 - Client info: , Platform: Windows, Groups: 264,377
2025-07-28 20:33:06 - Adding platform group 278 for client Zaglot_Vandam1 - SUCCESS
2025-07-28 20:33:07 - clientPlatform processing for: Cpt.BORODA
2025-07-28 20:33:07 - Client info: , Platform: Windows, Groups: 265,377
2025-07-28 20:33:07 - Adding platform group 278 for client Cpt.BORODA - SUCCESS
2025-07-28 20:34:36 - clientPlatform processing for: Lazy_Eagle
2025-07-28 20:34:36 - Client info: , Platform: Windows, Groups: 263,377
2025-07-28 20:34:36 - Adding platform group 278 for client Lazy_Eagle - SUCCESS
2025-07-28 20:36:14 - clientPlatform processing for: rowdy
2025-07-28 20:36:14 - Client info: , Platform: Windows, Groups: 13,377
2025-07-28 20:36:14 - Adding platform group 278 for client rowdy - SUCCESS
2025-07-28 20:36:22 - clientPlatform processing for: F4funder
2025-07-28 20:36:22 - Client info: , Platform: Windows, Groups: 17,377
2025-07-28 20:36:22 - Adding platform group 278 for client F4funder - SUCCESS
2025-07-28 20:37:10 - clientPlatform processing for: Seyit
2025-07-28 20:37:10 - Client info: , Platform: Windows, Groups: 266,377
2025-07-28 20:37:10 - Adding platform group 278 for client Seyit - SUCCESS
2025-07-28 20:37:27 - clientPlatform processing for: Dumina
2025-07-28 20:37:27 - Client info: , Platform: Windows, Groups: 20,377
2025-07-28 20:37:27 - Adding platform group 278 for client Dumina - SUCCESS
2025-07-28 20:39:23 - clientPlatform processing for: H0R0Z
2025-07-28 20:39:23 - Client info: , Platform: Windows, Groups: 17,377
2025-07-28 20:39:23 - Adding platform group 278 for client H0R0Z - SUCCESS
2025-07-28 20:39:26 - clientPlatform processing for: kompot1k
2025-07-28 20:39:26 - Client info: , Platform: Windows, Groups: 266,377
2025-07-28 20:39:26 - Adding platform group 278 for client kompot1k - SUCCESS
2025-07-28 20:40:20 - clientPlatform processing for: Last
2025-07-28 20:40:20 - Client info: , Platform: Windows, Groups: 266,377
2025-07-28 20:40:20 - Adding platform group 278 for client Last - SUCCESS
2025-07-28 20:41:35 - clientPlatform processing for: f.donato
2025-07-28 20:41:35 - Client info: , Platform: Windows, Groups: 266,377
2025-07-28 20:41:36 - Adding platform group 278 for client f.donato - SUCCESS
2025-07-28 20:44:45 - clientPlatform processing for: ASLAN
2025-07-28 20:44:45 - Client info: , Platform: Windows, Groups: 266,377
2025-07-28 20:44:45 - Adding platform group 278 for client ASLAN - SUCCESS
2025-07-28 20:47:33 - clientPlatform processing for: H0R0Z
2025-07-28 20:47:33 - Client info: , Platform: Windows, Groups: 17,377
2025-07-28 20:47:33 - Adding platform group 278 for client H0R0Z - SUCCESS
2025-07-28 20:50:24 - clientPlatform processing for: Князь Вандал Новгородский
2025-07-28 20:50:24 - Client info: , Platform: Windows, Groups: 263,377
2025-07-28 20:50:24 - Adding platform group 278 for client Князь Вандал Новгородский - SUCCESS
2025-07-28 20:51:19 - clientPlatform processing for: panda
2025-07-28 20:51:19 - Client info: , Platform: Windows, Groups: 12,377
2025-07-28 20:51:19 - Adding platform group 278 for client panda - SUCCESS
2025-07-28 20:53:07 - clientPlatform processing for: VOLK
2025-07-28 20:53:07 - Client info: , Platform: Windows, Groups: 12,377
2025-07-28 20:53:07 - Adding platform group 278 for client VOLK - SUCCESS
2025-07-28 20:55:08 - clientPlatform processing for: dydek10master
2025-07-28 20:55:08 - Client info: , Platform: Windows, Groups: 17,377
2025-07-28 20:55:08 - Adding platform group 278 for client dydek10master - SUCCESS
2025-07-28 20:56:28 - clientPlatform processing for: KAYMAKAM
2025-07-28 20:56:28 - Client info: , Platform: Windows, Groups: 266,377
2025-07-28 20:56:28 - Adding platform group 278 for client KAYMAKAM - SUCCESS
2025-07-28 20:57:07 - clientPlatform processing for: x7uned 🌊
2025-07-28 20:57:07 - Client info: , Platform: Windows, Groups: 17,377
2025-07-28 20:57:07 - Adding platform group 278 for client x7uned 🌊 - SUCCESS
2025-07-28 20:57:13 - clientPlatform processing for: TeamSpeakUser
2025-07-28 20:57:13 - Client info: , Platform: Windows, Groups: 10,369
2025-07-28 20:57:13 - Adding platform group 278 for client TeamSpeakUser - SUCCESS
2025-07-28 20:57:23 - clientPlatform processing for: billy nogami
2025-07-28 20:57:23 - Client info: , Platform: Windows, Groups: 266,377
2025-07-28 20:57:23 - Adding platform group 278 for client billy nogami - SUCCESS
2025-07-28 20:58:29 - clientPlatform processing for: shinigami
2025-07-28 20:58:29 - Client info: , Platform: Windows, Groups: 26,377,381,383,385
2025-07-28 20:58:29 - Adding platform group 278 for client shinigami - SUCCESS
2025-07-28 20:58:39 - clientPlatform processing for: siso
2025-07-28 20:58:39 - Client info: , Platform: Windows, Groups: 11,377
2025-07-28 20:58:39 - Adding platform group 278 for client siso - SUCCESS
2025-07-28 20:58:51 - clientPlatform processing for: TeamSpeakUser3
2025-07-28 20:58:51 - Client info: , Platform: Windows, Groups: 10,369
2025-07-28 20:58:51 - Adding platform group 278 for client TeamSpeakUser3 - SUCCESS
2025-07-28 21:01:31 - clientPlatform processing for: -ipq
2025-07-28 21:01:31 - Client info: , Platform: Windows, Groups: 13,377
2025-07-28 21:01:31 - Adding platform group 278 for client -ipq - SUCCESS
2025-07-28 21:02:23 - clientPlatform processing for: TeamSpeakUser2
2025-07-28 21:02:23 - Client info: , Platform: Windows, Groups: 266,377
2025-07-28 21:02:23 - Adding platform group 278 for client TeamSpeakUser2 - SUCCESS
2025-07-28 21:04:28 - clientPlatform processing for: lokmannnnnn
2025-07-28 21:04:28 - Client info: , Platform: Windows, Groups: 263,377
2025-07-28 21:04:28 - Adding platform group 278 for client lokmannnnnn - SUCCESS
2025-07-28 21:05:39 - clientPlatform processing for: teaman11
2025-07-28 21:05:39 - Client info: , Platform: Windows, Groups: 17,377
2025-07-28 21:05:39 - Adding platform group 278 for client teaman11 - SUCCESS
2025-07-28 21:06:04 - clientPlatform processing for: m4ng3tsu
2025-07-28 21:06:04 - Client info: , Platform: Windows, Groups: 7
2025-07-28 21:06:04 - Adding platform group 278 for client m4ng3tsu - SUCCESS
2025-07-28 21:06:06 - clientPlatform processing for: grr
2025-07-28 21:06:06 - Client info: , Platform: Windows, Groups: 13,377
2025-07-28 21:06:06 - Adding platform group 278 for client grr - SUCCESS
2025-07-28 21:08:15 - clientPlatform processing for: m4ng3tsu
2025-07-28 21:08:15 - Client info: , Platform: Windows, Groups: 8,369
2025-07-28 21:08:15 - Adding platform group 278 for client m4ng3tsu - SUCCESS
2025-07-28 21:08:33 - clientPlatform processing for: m4ng3tsu
2025-07-28 21:08:33 - Client info: , Platform: Windows, Groups: 8,369
2025-07-28 21:08:33 - Adding platform group 278 for client m4ng3tsu - SUCCESS
2025-07-28 21:08:54 - clientPlatform processing for: Cencya1
2025-07-28 21:08:54 - Client info: , Platform: Windows, Groups: 14,377
2025-07-28 21:08:54 - Adding platform group 278 for client Cencya1 - SUCCESS
2025-07-28 21:10:50 - clientPlatform processing for: H0R0Z
2025-07-28 21:10:50 - Client info: , Platform: Windows, Groups: 17,377
2025-07-28 21:10:50 - Adding platform group 278 for client H0R0Z - SUCCESS
2025-07-28 21:12:08 - clientPlatform processing for: Lazy_Eagle
2025-07-28 21:12:08 - Client info: , Platform: Windows, Groups: 263,377
2025-07-28 21:12:08 - Adding platform group 278 for client Lazy_Eagle - SUCCESS
2025-07-28 21:12:14 - clientPlatform processing for: FataL1Day
2025-07-28 21:12:14 - Client info: , Platform: Windows, Groups: 266,377
2025-07-28 21:12:15 - Adding platform group 278 for client FataL1Day - SUCCESS
2025-07-28 21:12:25 - clientPlatform processing for: 13311313
2025-07-28 21:12:25 - Client info: , Platform: Windows, Groups: 266,377
2025-07-28 21:12:25 - Adding platform group 278 for client 13311313 - SUCCESS
2025-07-28 21:12:30 - clientPlatform processing for: FataL1Day
2025-07-28 21:12:30 - Client info: , Platform: Windows, Groups: 266,377
2025-07-28 21:12:30 - Adding platform group 278 for client FataL1Day - SUCCESS
2025-07-28 21:12:33 - clientPlatform processing for: XandeRMeisteR
2025-07-28 21:12:33 - Client info: , Platform: Windows, Groups: 266,377
2025-07-28 21:12:33 - Adding platform group 278 for client XandeRMeisteR - SUCCESS
2025-07-28 21:12:33 - clientPlatform processing for: XandeRMeisteR
2025-07-28 21:12:33 - Client info: , Platform: Windows, Groups: 266,377
2025-07-28 21:12:33 - Group already assigned (detected from error), skipping
2025-07-28 21:12:33 - Adding platform group 278 for client XandeRMeisteR - SUCCESS
2025-07-28 21:15:26 - clientPlatform processing for: Hydrastarke
2025-07-28 21:15:26 - Client info: , Platform: Windows, Groups: 266,377
2025-07-28 21:15:26 - Adding platform group 278 for client Hydrastarke - SUCCESS
2025-07-28 21:18:02 - clientPlatform processing for: KAYMAKAM
2025-07-28 21:18:02 - Client info: , Platform: Windows, Groups: 266,377
2025-07-28 21:18:02 - Adding platform group 278 for client KAYMAKAM - SUCCESS
2025-07-28 21:19:46 - clientPlatform processing for: goran
2025-07-28 21:19:46 - Client info: , Platform: Windows, Groups: 266,377
2025-07-28 21:19:46 - Adding platform group 278 for client goran - SUCCESS
2025-07-28 21:20:59 - clientPlatform processing for: digitalmix
2025-07-28 21:20:59 - Client info: , Platform: Windows, Groups: 17,377
2025-07-28 21:20:59 - Adding platform group 278 for client digitalmix - SUCCESS
2025-07-28 21:21:41 - clientPlatform processing for: mostafa
2025-07-28 21:21:41 - Client info: , Platform: Windows, Groups: 266,377
2025-07-28 21:21:41 - Adding platform group 278 for client mostafa - SUCCESS
2025-07-28 21:22:09 - clientPlatform processing for: astraiser
2025-07-28 21:22:09 - Client info: , Platform: Windows, Groups: 263,377
2025-07-28 21:22:09 - Adding platform group 278 for client astraiser - SUCCESS
2025-07-28 21:22:57 - clientPlatform processing for: PastA1
2025-07-28 21:22:57 - Client info: , Platform: Windows, Groups: 18,377
2025-07-28 21:22:57 - Adding platform group 278 for client PastA1 - SUCCESS
2025-07-28 21:23:21 - clientPlatform processing for: sajjad
2025-07-28 21:23:21 - Client info: , Platform: Windows, Groups: 266,377
2025-07-28 21:23:21 - Adding platform group 278 for client sajjad - SUCCESS
2025-07-28 21:25:06 - clientPlatform processing for: KingDriver
2025-07-28 21:25:06 - Client info: , Platform: Windows, Groups: 13,377
2025-07-28 21:25:06 - Adding platform group 278 for client KingDriver - SUCCESS
2025-07-28 21:28:22 - clientPlatform processing for: SYRUSSS
2025-07-28 21:28:22 - Client info: , Platform: Windows, Groups: 263,377
2025-07-28 21:28:22 - Adding platform group 278 for client SYRUSSS - SUCCESS
2025-07-28 21:33:41 - clientPlatform processing for: ilan
2025-07-28 21:33:41 - Client info: , Platform: Windows, Groups: 17,377
2025-07-28 21:33:41 - Adding platform group 278 for client ilan - SUCCESS
2025-07-28 21:36:40 - clientPlatform processing for: Cyborg1
2025-07-28 21:36:40 - Client info: , Platform: Windows, Groups: 264,377
2025-07-28 21:36:40 - Adding platform group 278 for client Cyborg1 - SUCCESS
2025-07-28 21:38:23 - clientPlatform processing for: Cyborg1
2025-07-28 21:38:23 - Client info: , Platform: Windows, Groups: 264,377
2025-07-28 21:38:23 - Adding platform group 278 for client Cyborg1 - SUCCESS
2025-07-28 21:41:26 - clientPlatform processing for: bohun ivan
2025-07-28 21:41:26 - Client info: , Platform: Windows, Groups: 263,377
2025-07-28 21:41:26 - Adding platform group 278 for client bohun ivan - SUCCESS
2025-07-28 21:41:44 - clientPlatform processing for: Cyborg1
2025-07-28 21:41:44 - Client info: , Platform: Windows, Groups: 264,377
2025-07-28 21:41:44 - Adding platform group 278 for client Cyborg1 - SUCCESS
2025-07-28 21:42:29 - clientPlatform processing for: FlavianFCP
2025-07-28 21:42:29 - Client info: , Platform: Windows, Groups: 12,377
2025-07-28 21:42:29 - Adding platform group 278 for client FlavianFCP - SUCCESS
2025-07-28 21:42:42 - clientPlatform processing for: Cyborg1
2025-07-28 21:42:42 - Client info: , Platform: Windows, Groups: 264,377
2025-07-28 21:42:42 - Adding platform group 278 for client Cyborg1 - SUCCESS
2025-07-28 21:44:43 - clientPlatform processing for: __illlia__
2025-07-28 21:44:43 - Client info: , Platform: iOS, Groups: 266,377
2025-07-28 21:44:43 - Adding platform group 281 for client __illlia__ - SUCCESS
2025-07-28 21:45:42 - clientPlatform processing for: Alex0807
2025-07-28 21:45:42 - Client info: , Platform: Windows, Groups: 13,377
2025-07-28 21:45:42 - Adding platform group 278 for client Alex0807 - SUCCESS
2025-07-28 21:45:56 - clientPlatform processing for: Mobin
2025-07-28 21:45:56 - Client info: , Platform: Windows, Groups: 15,377
2025-07-28 21:45:56 - Adding platform group 278 for client Mobin - SUCCESS
2025-07-28 21:49:33 - clientPlatform processing for: Groff
2025-07-28 21:49:33 - Client info: , Platform: Windows, Groups: 13,377
2025-07-28 21:49:33 - Adding platform group 278 for client Groff - SUCCESS
2025-07-28 21:49:59 - clientPlatform processing for: clamoris
2025-07-28 21:49:59 - Client info: , Platform: Windows, Groups: 12,377
2025-07-28 21:49:59 - Adding platform group 278 for client clamoris - SUCCESS
2025-07-28 21:54:17 - clientPlatform processing for: Efkeyy
2025-07-28 21:54:17 - Client info: , Platform: Windows, Groups: 17,377
2025-07-28 21:54:17 - Adding platform group 278 for client Efkeyy - SUCCESS
2025-07-28 21:56:09 - clientPlatform processing for: SYRUSSS
2025-07-28 21:56:09 - Client info: , Platform: Windows, Groups: 263,377
2025-07-28 21:56:09 - Adding platform group 278 for client SYRUSSS - SUCCESS
2025-07-28 21:57:53 - clientPlatform processing for: karl_33
2025-07-28 21:57:53 - Client info: , Platform: Windows, Groups: 266,377
2025-07-28 21:57:53 - Adding platform group 278 for client karl_33 - SUCCESS
2025-07-28 21:57:54 - clientPlatform processing for: karl_33
2025-07-28 21:57:54 - Client info: , Platform: Windows, Groups: 266,377
2025-07-28 21:57:54 - Group already assigned (detected from error), skipping
2025-07-28 21:57:54 - Adding platform group 278 for client karl_33 - SUCCESS
2025-07-28 21:57:54 - clientPlatform processing for: karl_33
2025-07-28 21:57:54 - Client info: , Platform: Windows, Groups: 266,377
2025-07-28 21:57:54 - Group already assigned (detected from error), skipping
2025-07-28 21:57:54 - Adding platform group 278 for client karl_33 - SUCCESS
2025-07-28 21:57:57 - clientPlatform processing for: Speedbatteur
2025-07-28 21:57:57 - Client info: , Platform: Windows, Groups: 266,377
2025-07-28 21:57:57 - Adding platform group 278 for client Speedbatteur - SUCCESS
2025-07-28 21:57:57 - clientPlatform processing for: Speedbatteur
2025-07-28 21:57:57 - Client info: , Platform: Windows, Groups: 266,377
2025-07-28 21:57:57 - Group already assigned (detected from error), skipping
2025-07-28 21:57:57 - Adding platform group 278 for client Speedbatteur - SUCCESS
2025-07-28 21:57:58 - clientPlatform processing for: Speedbatteur
2025-07-28 21:57:58 - Client info: , Platform: Windows, Groups: 266,377
2025-07-28 21:57:58 - Group already assigned (detected from error), skipping
2025-07-28 21:57:58 - Adding platform group 278 for client Speedbatteur - SUCCESS
2025-07-28 21:58:08 - clientPlatform processing for: I ❤ 2 Dance
2025-07-28 21:58:08 - Client info: , Platform: Linux, Groups: 283
2025-07-28 21:58:08 - Adding platform group 279 for client I ❤ 2 Dance - SUCCESS
2025-07-28 21:58:30 - clientPlatform processing for: [#]Misc
2025-07-28 21:58:30 - Client info: , Platform: Linux, Groups: 391
2025-07-28 21:58:30 - Adding platform group 279 for client [#]Misc - SUCCESS
2025-07-28 21:59:18 - clientPlatform processing for: GSavio
2025-07-28 21:59:18 - Client info: , Platform: Windows, Groups: 266,377
2025-07-28 21:59:18 - Adding platform group 278 for client GSavio - SUCCESS
2025-07-28 21:59:25 - clientPlatform processing for: vasyanutkin
2025-07-28 21:59:25 - Client info: , Platform: Windows, Groups: 266,377
2025-07-28 21:59:25 - Adding platform group 278 for client vasyanutkin - SUCCESS
2025-07-28 21:59:43 - clientPlatform processing for: TeamSpeakUser2
2025-07-28 21:59:43 - Client info: , Platform: Windows, Groups: 13,377
2025-07-28 21:59:43 - Adding platform group 278 for client TeamSpeakUser2 - SUCCESS
2025-07-28 22:00:04 - clientPlatform processing for: TeamSpeakUser2
2025-07-28 22:00:04 - Client info: , Platform: Windows, Groups: 13,377
2025-07-28 22:00:04 - Adding platform group 278 for client TeamSpeakUser2 - SUCCESS
2025-07-28 22:02:26 - clientPlatform processing for: EJEX
2025-07-28 22:02:26 - Client info: , Platform: Windows, Groups: 14,377
2025-07-28 22:02:26 - Adding platform group 278 for client EJEX - SUCCESS
2025-07-28 22:03:06 - clientPlatform processing for: брочачо
2025-07-28 22:03:06 - Client info: , Platform: Windows, Groups: 19,377
2025-07-28 22:03:06 - Adding platform group 278 for client брочачо - SUCCESS
2025-07-28 22:07:11 - clientPlatform processing for: belali-ZypRus?
2025-07-28 22:07:11 - Client info: , Platform: Windows, Groups: 13,377
2025-07-28 22:07:11 - Adding platform group 278 for client belali-ZypRus? - SUCCESS
2025-07-28 22:09:05 - clientPlatform processing for: Badis112
2025-07-28 22:09:05 - Client info: , Platform: Windows, Groups: 7
2025-07-28 22:09:05 - Adding platform group 278 for client Badis112 - SUCCESS
2025-07-28 22:09:06 - clientPlatform processing for: TEANZUS
2025-07-28 22:09:06 - Client info: , Platform: Windows, Groups: 12,377
2025-07-28 22:09:06 - Adding platform group 278 for client TEANZUS - SUCCESS
2025-07-28 22:09:06 - clientPlatform processing for: TEANZUS
2025-07-28 22:09:06 - Client info: , Platform: Windows, Groups: 12,377
2025-07-28 22:09:06 - Group already assigned (detected from error), skipping
2025-07-28 22:09:06 - Adding platform group 278 for client TEANZUS - SUCCESS
2025-07-28 22:09:06 - clientPlatform processing for: TEANZUS
2025-07-28 22:09:06 - Client info: , Platform: Windows, Groups: 12,377
2025-07-28 22:09:06 - Group already assigned (detected from error), skipping
2025-07-28 22:09:06 - Adding platform group 278 for client TEANZUS - SUCCESS
2025-07-28 22:10:32 - clientPlatform processing for: TeamSpeakUser
2025-07-28 22:10:32 - Client info: , Platform: Windows, Groups: 7
2025-07-28 22:10:32 - Adding platform group 278 for client TeamSpeakUser - SUCCESS
2025-07-28 22:17:46 - clientPlatform processing for: osasderlerbana
2025-07-28 22:17:46 - Client info: , Platform: Windows, Groups: 17,377
2025-07-28 22:17:46 - Adding platform group 278 for client osasderlerbana - SUCCESS
2025-07-28 22:18:27 - clientPlatform processing for: chapa
2025-07-28 22:18:27 - Client info: , Platform: Windows, Groups: 19,377,440
2025-07-28 22:18:27 - Adding platform group 278 for client chapa - SUCCESS
2025-07-28 22:19:57 - clientPlatform processing for: whoismert
2025-07-28 22:19:57 - Client info: , Platform: Windows, Groups: 17,377
2025-07-28 22:19:57 - Adding platform group 278 for client whoismert - SUCCESS
2025-07-28 22:19:57 - clientPlatform processing for: whoismert
2025-07-28 22:19:57 - Client info: , Platform: Windows, Groups: 17,377
2025-07-28 22:19:57 - Group already assigned (detected from error), skipping
2025-07-28 22:19:57 - Adding platform group 278 for client whoismert - SUCCESS
2025-07-28 22:19:57 - clientPlatform processing for: whoismert
2025-07-28 22:19:57 - Client info: , Platform: Windows, Groups: 17,377
2025-07-28 22:19:57 - Group already assigned (detected from error), skipping
2025-07-28 22:19:57 - Adding platform group 278 for client whoismert - SUCCESS
2025-07-28 22:19:58 - clientPlatform processing for: whoismert
2025-07-28 22:19:58 - Client info: , Platform: Windows, Groups: 17,377
2025-07-28 22:19:58 - Group already assigned (detected from error), skipping
2025-07-28 22:19:58 - Adding platform group 278 for client whoismert - SUCCESS
2025-07-28 22:19:58 - clientPlatform processing for: whoismert
2025-07-28 22:19:58 - Client info: , Platform: Windows, Groups: 17,377
2025-07-28 22:19:58 - Group already assigned (detected from error), skipping
2025-07-28 22:19:58 - Adding platform group 278 for client whoismert - SUCCESS
2025-07-28 22:22:53 - clientPlatform processing for: mostafa
2025-07-28 22:22:53 - Client info: , Platform: Windows, Groups: 266,377
2025-07-28 22:22:53 - Adding platform group 278 for client mostafa - SUCCESS
2025-07-28 22:24:25 - clientPlatform processing for: Koniciva
2025-07-28 22:24:25 - Client info: , Platform: Windows, Groups: 14,377
2025-07-28 22:24:25 - Adding platform group 278 for client Koniciva - SUCCESS
2025-07-28 22:28:49 - clientPlatform processing for: aeRR
2025-07-28 22:28:49 - Client info: , Platform: Windows, Groups: 263,377
2025-07-28 22:28:49 - Adding platform group 278 for client aeRR - SUCCESS
2025-07-28 22:33:13 - clientPlatform processing for: maksik
2025-07-28 22:33:13 - Client info: , Platform: Windows, Groups: 265,377
2025-07-28 22:33:13 - Adding platform group 278 for client maksik - SUCCESS
2025-07-28 22:34:27 - clientPlatform processing for: qsebassq
2025-07-28 22:34:27 - Client info: , Platform: Windows, Groups: 7
2025-07-28 22:34:27 - Adding platform group 278 for client qsebassq - SUCCESS
2025-07-28 22:35:27 - clientPlatform processing for: FlavianFCP
2025-07-28 22:35:27 - Client info: , Platform: Windows, Groups: 12,377
2025-07-28 22:35:27 - Adding platform group 278 for client FlavianFCP - SUCCESS
2025-07-28 22:35:37 - clientPlatform processing for: montesiao
2025-07-28 22:35:37 - Client info: , Platform: Windows, Groups: 12,377
2025-07-28 22:35:37 - Adding platform group 278 for client montesiao - SUCCESS
2025-07-28 22:40:26 - clientPlatform processing for: Alex0807
2025-07-28 22:40:26 - Client info: , Platform: Windows, Groups: 13,377
2025-07-28 22:40:26 - Adding platform group 278 for client Alex0807 - SUCCESS
2025-07-28 22:48:44 - clientPlatform processing for: WirtzGoldenBoy
2025-07-28 22:48:44 - Client info: , Platform: Windows, Groups: 12,377
2025-07-28 22:48:44 - Adding platform group 278 for client WirtzGoldenBoy - SUCCESS
2025-07-28 22:50:46 - clientPlatform processing for: Hydrastarke
2025-07-28 22:50:46 - Client info: , Platform: Windows, Groups: 266,377
2025-07-28 22:50:46 - Adding platform group 278 for client Hydrastarke - SUCCESS
2025-07-28 22:50:59 - clientPlatform processing for: TeamSpeakUser1
2025-07-28 22:50:59 - Client info: , Platform: Windows, Groups: 15,377
2025-07-28 22:51:00 - Adding platform group 278 for client TeamSpeakUser1 - SUCCESS
2025-07-28 22:52:05 - clientPlatform processing for: Etienne
2025-07-28 22:52:05 - Client info: , Platform: Windows, Groups: 15,377
2025-07-28 22:52:05 - Adding platform group 278 for client Etienne - SUCCESS
2025-07-28 22:59:10 - clientPlatform processing for: ARTAdort
2025-07-28 22:59:10 - Client info: , Platform: Android, Groups: 12,377
2025-07-28 22:59:10 - Adding platform group 282 for client ARTAdort - SUCCESS
2025-07-28 22:59:12 - clientPlatform processing for: ARTAhier
2025-07-28 22:59:12 - Client info: , Platform: Windows, Groups: 12,377
2025-07-28 22:59:12 - Adding platform group 278 for client ARTAhier - SUCCESS
2025-07-28 23:00:17 - clientPlatform processing for: Siros333
2025-07-28 23:00:17 - Client info: , Platform: Windows, Groups: 12,377
2025-07-28 23:00:17 - Adding platform group 278 for client Siros333 - SUCCESS
2025-07-28 23:06:33 - clientPlatform processing for: Fullfunny
2025-07-28 23:06:33 - Client info: , Platform: Windows, Groups: 266,377
2025-07-28 23:06:33 - Adding platform group 278 for client Fullfunny - SUCCESS
2025-07-28 23:06:40 - clientPlatform processing for: Fullfunny
2025-07-28 23:06:40 - Client info: , Platform: Windows, Groups: 266,377
2025-07-28 23:06:40 - Adding platform group 278 for client Fullfunny - SUCCESS
2025-07-28 23:06:57 - clientPlatform processing for: Fullfunny
2025-07-28 23:06:57 - Client info: , Platform: Windows, Groups: 266,278,295,377,435
2025-07-28 23:06:57 - Client already has platform group 278
2025-07-28 23:11:13 - clientPlatform processing for: batuhnn
2025-07-28 23:11:13 - Client info: , Platform: Windows, Groups: 15,377
2025-07-28 23:11:13 - Adding platform group 278 for client batuhnn - SUCCESS
2025-07-28 23:21:40 - clientPlatform processing for: Ice_Wallow_Come
2025-07-28 23:21:40 - Client info: , Platform: Windows, Groups: 8,369
2025-07-28 23:21:40 - Adding platform group 278 for client Ice_Wallow_Come - SUCCESS
2025-07-28 23:24:50 - clientPlatform processing for: Jaws
2025-07-28 23:24:50 - Client info: , Platform: Windows, Groups: 13,377
2025-07-28 23:24:50 - Adding platform group 278 for client Jaws - SUCCESS
2025-07-28 23:31:34 - clientPlatform processing for: SYRUSSS
2025-07-28 23:31:34 - Client info: , Platform: Windows, Groups: 263,377
2025-07-28 23:31:34 - Adding platform group 278 for client SYRUSSS - SUCCESS
2025-07-28 23:32:29 - clientPlatform processing for: Z3Mort013
2025-07-28 23:32:29 - Client info: , Platform: Windows, Groups: 7
2025-07-28 23:32:29 - Adding platform group 278 for client Z3Mort013 - SUCCESS
2025-07-28 23:33:27 - clientPlatform processing for: KAYMAKAM
2025-07-28 23:33:27 - Client info: , Platform: Windows, Groups: 266,377
2025-07-28 23:33:27 - Adding platform group 278 for client KAYMAKAM - SUCCESS
2025-07-28 23:37:01 - clientPlatform processing for: F4funder
2025-07-28 23:37:01 - Client info: , Platform: Windows, Groups: 17,377
2025-07-28 23:37:01 - Adding platform group 278 for client F4funder - SUCCESS
