2025-05-13 21:37:06 - clientPlatform processing for: d3n1ska
2025-05-13 21:37:06 - Client info: , Platform: Windows, Groups: 13,377
2025-05-13 21:37:06 - Adding platform group 278 for client d3n1ska - SUCCESS
2025-05-13 21:37:10 - clientPlatform processing for: Bober2121
2025-05-13 21:37:10 - Client info: , Platform: Windows, Groups: 13,377
2025-05-13 21:37:10 - Adding platform group 278 for client Bober2121 - SUCCESS
2025-05-13 21:38:50 - clientPlatform processing for: Tancsii
2025-05-13 21:38:50 - Client info: , Platform: Windows, Groups: 15,377
2025-05-13 21:38:50 - Adding platform group 278 for client Tancsii - SUCCESS
2025-05-13 21:39:38 - clientPlatform processing for: xanfers
2025-05-13 21:39:38 - Client info: , Platform: Windows, Groups: 12,377
2025-05-13 21:39:38 - Adding platform group 278 for client xanfers - SUCCESS
2025-05-13 21:40:05 - clientPlatform processing for: Rostv61
2025-05-13 21:40:05 - Client info: , Platform: Windows, Groups: 13,377
2025-05-13 21:40:05 - Adding platform group 278 for client Rostv61 - SUCCESS
2025-05-13 21:40:23 - clientPlatform processing for: sajjad
2025-05-13 21:40:23 - Client info: , Platform: Windows, Groups: 8,12,377
2025-05-13 21:40:23 - Adding platform group 278 for client sajjad - SUCCESS
2025-05-13 21:40:44 - clientPlatform processing for: pisun
2025-05-13 21:40:44 - Client info: , Platform: Windows, Groups: 266,377
2025-05-13 21:40:44 - Adding platform group 278 for client pisun - SUCCESS
2025-05-13 21:40:54 - clientPlatform processing for: pisun
2025-05-13 21:40:54 - Client info: , Platform: Windows, Groups: 266,377
2025-05-13 21:40:54 - Adding platform group 278 for client pisun - SUCCESS
2025-05-13 21:42:06 - clientPlatform processing for: EXOPUL
2025-05-13 21:42:06 - Client info: , Platform: Windows, Groups: 14,377
2025-05-13 21:42:06 - Adding platform group 278 for client EXOPUL - SUCCESS
2025-05-13 21:43:14 - clientPlatform processing for: Nostalgia 2
2025-05-13 21:43:14 - Client info: , Platform: Windows, Groups: 17,377
2025-05-13 21:43:14 - Adding platform group 278 for client Nostalgia 2 - SUCCESS
2025-05-13 21:43:37 - clientPlatform processing for: moeino7
2025-05-13 21:43:37 - Client info: , Platform: Windows, Groups: 11,377
2025-05-13 21:43:37 - Adding platform group 278 for client moeino7 - SUCCESS
2025-05-13 21:44:15 - clientPlatform processing for: Medo
2025-05-13 21:44:15 - Client info: , Platform: Windows, Groups: 14,377
2025-05-13 21:44:15 - Adding platform group 278 for client Medo - SUCCESS
2025-05-13 21:45:38 - clientPlatform processing for: d3xx
2025-05-13 21:45:38 - Client info: , Platform: Windows, Groups: 12,377
2025-05-13 21:45:38 - Adding platform group 278 for client d3xx - SUCCESS
2025-05-13 21:47:33 - clientPlatform processing for: phonetik78
2025-05-13 21:47:33 - Client info: , Platform: Windows, Groups: 266,377
2025-05-13 21:47:33 - Adding platform group 278 for client phonetik78 - SUCCESS
2025-05-13 21:48:01 - clientPlatform processing for: Bone
2025-05-13 21:48:01 - Client info: , Platform: Windows, Groups: 266,377
2025-05-13 21:48:01 - Adding platform group 278 for client Bone - SUCCESS
2025-05-13 21:50:15 - clientPlatform processing for: SeniorMrS
2025-05-13 21:50:15 - Client info: , Platform: Windows, Groups: 13,377
2025-05-13 21:50:15 - Adding platform group 278 for client SeniorMrS - SUCCESS
2025-05-13 21:56:17 - clientPlatform processing for: mostafa
2025-05-13 21:56:17 - Client info: , Platform: Windows, Groups: 12,377
2025-05-13 21:56:17 - Adding platform group 278 for client mostafa - SUCCESS
2025-05-13 21:56:25 - clientPlatform processing for: Flavie69
2025-05-13 21:56:25 - Client info: , Platform: Windows, Groups: 12,377
2025-05-13 21:56:25 - Adding platform group 278 for client Flavie69 - SUCCESS
2025-05-13 21:57:25 - clientPlatform processing for: артур пирожков
2025-05-13 21:57:25 - Client info: , Platform: Windows, Groups: 263,377
2025-05-13 21:57:25 - Adding platform group 278 for client артур пирожков - SUCCESS
2025-05-13 21:57:47 - clientPlatform processing for: m112112131
2025-05-13 21:57:47 - Client info: , Platform: Windows, Groups: 8,369
2025-05-13 21:57:47 - Adding platform group 278 for client m112112131 - SUCCESS
2025-05-13 21:58:15 - clientPlatform processing for: mmd
2025-05-13 21:58:15 - Client info: , Platform: Windows, Groups: 15,377
2025-05-13 21:58:15 - Adding platform group 278 for client mmd - SUCCESS
2025-05-13 21:58:35 - clientPlatform processing for: sajjad
2025-05-13 21:58:35 - Client info: , Platform: Windows, Groups: 12,377
2025-05-13 21:58:35 - Adding platform group 278 for client sajjad - SUCCESS
2025-05-13 22:01:11 - clientPlatform processing for: I_XaSkI_I
2025-05-13 22:01:11 - Client info: , Platform: Windows, Groups: 266,377
2025-05-13 22:01:11 - Adding platform group 278 for client I_XaSkI_I - SUCCESS
2025-05-13 22:01:48 - clientPlatform processing for: Flavie69
2025-05-13 22:01:48 - Client info: , Platform: Windows, Groups: 12,377
2025-05-13 22:01:48 - Adding platform group 278 for client Flavie69 - SUCCESS
2025-05-13 22:02:14 - clientPlatform processing for: I_XaSkI_I
2025-05-13 22:02:14 - Client info: , Platform: Windows, Groups: 266,377
2025-05-13 22:02:14 - Adding platform group 278 for client I_XaSkI_I - SUCCESS
2025-05-13 22:02:37 - clientPlatform processing for: Platonuch_UA
2025-05-13 22:02:37 - Client info: , Platform: Windows, Groups: 19,377
2025-05-13 22:02:37 - Adding platform group 278 for client Platonuch_UA - SUCCESS
2025-05-13 22:03:49 - clientPlatform processing for: I_XaSkI_I
2025-05-13 22:03:49 - Client info: , Platform: Windows, Groups: 266,377
2025-05-13 22:03:49 - Adding platform group 278 for client I_XaSkI_I - SUCCESS
2025-05-13 22:05:09 - clientPlatform processing for: zui
2025-05-13 22:05:09 - Client info: , Platform: Windows, Groups: 14,377
2025-05-13 22:05:09 - Adding platform group 278 for client zui - SUCCESS
2025-05-13 22:09:42 - clientPlatform processing for: Medo
2025-05-13 22:09:42 - Client info: , Platform: Windows, Groups: 14,377
2025-05-13 22:09:42 - Adding platform group 278 for client Medo - SUCCESS
2025-05-13 22:11:26 - clientPlatform processing for: -ipq
2025-05-13 22:11:26 - Client info: , Platform: Windows, Groups: 12,377
2025-05-13 22:11:26 - Adding platform group 278 for client -ipq - SUCCESS
2025-05-13 22:12:34 - clientPlatform processing for: richardrioo
2025-05-13 22:12:34 - Client info: , Platform: Windows, Groups: 14,377
2025-05-13 22:12:34 - Adding platform group 278 for client richardrioo - SUCCESS
2025-05-13 22:12:34 - clientPlatform processing for: richardrioo
2025-05-13 22:12:34 - Client info: , Platform: Windows, Groups: 14,377
2025-05-13 22:12:34 - Group already assigned (detected from error), skipping
2025-05-13 22:12:34 - Adding platform group 278 for client richardrioo - SUCCESS
2025-05-13 22:12:35 - clientPlatform processing for: richardrioo
2025-05-13 22:12:35 - Client info: , Platform: Windows, Groups: 14,377
2025-05-13 22:12:35 - Group already assigned (detected from error), skipping
2025-05-13 22:12:35 - Adding platform group 278 for client richardrioo - SUCCESS
2025-05-13 22:13:44 - clientPlatform processing for: tomassino18
2025-05-13 22:13:44 - Client info: , Platform: Windows, Groups: 14,377
2025-05-13 22:13:44 - Adding platform group 278 for client tomassino18 - SUCCESS
2025-05-13 22:16:57 - clientPlatform processing for: JEKK999
2025-05-13 22:16:57 - Client info: , Platform: Windows, Groups: 15,377
2025-05-13 22:16:57 - Adding platform group 278 for client JEKK999 - SUCCESS
2025-05-13 22:18:10 - clientPlatform processing for: TeamSpeakUser
2025-05-13 22:18:10 - Client info: , Platform: Windows, Groups: 8,369
2025-05-13 22:18:10 - Adding platform group 278 for client TeamSpeakUser - SUCCESS
2025-05-13 22:20:08 - clientPlatform processing for: amir
2025-05-13 22:20:08 - Client info: , Platform: Windows, Groups: 11,377
2025-05-13 22:20:08 - Adding platform group 278 for client amir - SUCCESS
2025-05-13 22:21:18 - clientPlatform processing for: YURA
2025-05-13 22:21:18 - Client info: , Platform: Windows, Groups: 9,369
2025-05-13 22:21:18 - Adding platform group 278 for client YURA - SUCCESS
2025-05-13 22:23:58 - clientPlatform processing for: Maprhendil
2025-05-13 22:23:58 - Client info: , Platform: Windows, Groups: 263,377
2025-05-13 22:23:58 - Adding platform group 278 for client Maprhendil - SUCCESS
2025-05-13 22:27:33 - clientPlatform processing for: Anataa
2025-05-13 22:27:33 - Client info: , Platform: Windows, Groups: 264,377
2025-05-13 22:27:33 - Adding platform group 278 for client Anataa - SUCCESS
2025-05-13 22:29:16 - clientPlatform processing for: mmd
2025-05-13 22:29:16 - Client info: , Platform: Windows, Groups: 15,377
2025-05-13 22:29:16 - Adding platform group 278 for client mmd - SUCCESS
2025-05-13 22:30:54 - clientPlatform processing for: Adam Boroda
2025-05-13 22:30:54 - Client info: , Platform: Windows, Groups: 14,377
2025-05-13 22:30:54 - Adding platform group 278 for client Adam Boroda - SUCCESS
2025-05-13 22:32:35 - clientPlatform processing for: verdi
2025-05-13 22:32:35 - Client info: , Platform: Windows, Groups: 266,377
2025-05-13 22:32:35 - Adding platform group 278 for client verdi - SUCCESS
2025-05-13 22:33:39 - clientPlatform processing for: mmd
2025-05-13 22:33:39 - Client info: , Platform: Windows, Groups: 15,377
2025-05-13 22:33:39 - Adding platform group 278 for client mmd - SUCCESS
2025-05-13 22:35:49 - clientPlatform processing for: Bober2121
2025-05-13 22:35:49 - Client info: , Platform: Windows, Groups: 13,377
2025-05-13 22:35:49 - Adding platform group 278 for client Bober2121 - SUCCESS
2025-05-13 22:36:15 - clientPlatform processing for: Bober2121
2025-05-13 22:36:15 - Client info: , Platform: Windows, Groups: 13,377
2025-05-13 22:36:15 - Adding platform group 278 for client Bober2121 - SUCCESS
2025-05-13 22:37:43 - clientPlatform processing for: nam
2025-05-13 22:37:43 - Client info: , Platform: Windows, Groups: 264,377
2025-05-13 22:37:43 - Adding platform group 278 for client nam - SUCCESS
2025-05-13 22:38:35 - clientPlatform processing for: MC durak
2025-05-13 22:38:35 - Client info: , Platform: Windows, Groups: 266,377
2025-05-13 22:38:35 - Adding platform group 278 for client MC durak - SUCCESS
2025-05-13 22:41:47 - clientPlatform processing for: vertig0
2025-05-13 22:41:47 - Client info: , Platform: Windows, Groups: 13,377
2025-05-13 22:41:47 - Adding platform group 278 for client vertig0 - SUCCESS
2025-05-13 22:42:59 - clientPlatform processing for: m112112131
2025-05-13 22:42:59 - Client info: , Platform: Windows, Groups: 9,369
2025-05-13 22:42:59 - Adding platform group 278 for client m112112131 - SUCCESS
2025-05-13 22:43:01 - clientPlatform processing for: NaiRoD
2025-05-13 22:43:01 - Client info: , Platform: Windows, Groups: 19,377
2025-05-13 22:43:01 - Adding platform group 278 for client NaiRoD - SUCCESS
2025-05-13 22:43:42 - clientPlatform processing for: Medo
2025-05-13 22:43:42 - Client info: , Platform: Windows, Groups: 14,377
2025-05-13 22:43:42 - Adding platform group 278 for client Medo - SUCCESS
2025-05-13 22:43:49 - clientPlatform processing for: Atacaydin
2025-05-13 22:43:49 - Client info: , Platform: Windows, Groups: 12,377
2025-05-13 22:43:49 - Adding platform group 278 for client Atacaydin - SUCCESS
2025-05-13 22:43:53 - clientPlatform processing for: Solmax31
2025-05-13 22:43:53 - Client info: , Platform: Windows, Groups: 11,377
2025-05-13 22:43:53 - Adding platform group 278 for client Solmax31 - SUCCESS
2025-05-13 22:44:28 - clientPlatform processing for: Medo
2025-05-13 22:44:28 - Client info: , Platform: Windows, Groups: 14,377
2025-05-13 22:44:28 - Adding platform group 278 for client Medo - SUCCESS
2025-05-13 22:44:29 - clientPlatform processing for: Medo
2025-05-13 22:44:29 - Client info: , Platform: Windows, Groups: 14,377
2025-05-13 22:44:29 - Group already assigned (detected from error), skipping
2025-05-13 22:44:29 - Adding platform group 278 for client Medo - SUCCESS
2025-05-13 22:44:29 - clientPlatform processing for: Medo
2025-05-13 22:44:29 - Client info: , Platform: Windows, Groups: 14,377
2025-05-13 22:44:29 - Group already assigned (detected from error), skipping
2025-05-13 22:44:29 - Adding platform group 278 for client Medo - SUCCESS
2025-05-13 22:45:09 - clientPlatform processing for: GENERAL MOTORS
2025-05-13 22:45:09 - Client info: , Platform: Windows, Groups: 266,377
2025-05-13 22:45:09 - Adding platform group 278 for client GENERAL MOTORS - SUCCESS
2025-05-13 22:45:50 - clientPlatform processing for: ivansultan
2025-05-13 22:45:50 - Client info: , Platform: Windows, Groups: 14,377
2025-05-13 22:45:50 - Adding platform group 278 for client ivansultan - SUCCESS
2025-05-13 22:47:53 - clientPlatform processing for: clamoris
2025-05-13 22:47:53 - Client info: , Platform: Windows, Groups: 263,377
2025-05-13 22:47:53 - Adding platform group 278 for client clamoris - SUCCESS
2025-05-13 22:48:50 - clientPlatform processing for: TeamSpeakUser
2025-05-13 22:48:50 - Client info: , Platform: Windows, Groups: 9,369
2025-05-13 22:48:50 - Adding platform group 278 for client TeamSpeakUser - SUCCESS
2025-05-13 22:54:07 - clientPlatform processing for: Medo
2025-05-13 22:54:07 - Client info: , Platform: Windows, Groups: 14,377
2025-05-13 22:54:07 - Adding platform group 278 for client Medo - SUCCESS
2025-05-13 22:54:17 - clientPlatform processing for: Rowyn
2025-05-13 22:54:17 - Client info: , Platform: Windows, Groups: 18,377
2025-05-13 22:54:17 - Adding platform group 278 for client Rowyn - SUCCESS
2025-05-13 22:54:32 - clientPlatform processing for: Medo
2025-05-13 22:54:32 - Client info: , Platform: Windows, Groups: 14,377
2025-05-13 22:54:32 - Adding platform group 278 for client Medo - SUCCESS
2025-05-13 22:55:55 - clientPlatform processing for: Medo
2025-05-13 22:55:55 - Client info: , Platform: Windows, Groups: 14,377
2025-05-13 22:55:55 - Adding platform group 278 for client Medo - SUCCESS
2025-05-13 22:56:48 - clientPlatform processing for: Medo
2025-05-13 22:56:48 - Client info: , Platform: Windows, Groups: 14,377
2025-05-13 22:56:48 - Adding platform group 278 for client Medo - SUCCESS
2025-05-13 22:58:01 - clientPlatform processing for: mishechcat
2025-05-13 22:58:01 - Client info: , Platform: iOS, Groups: 9,369
2025-05-13 22:58:01 - Adding platform group 281 for client mishechcat - SUCCESS
2025-05-13 22:58:19 - clientPlatform processing for: m112112131
2025-05-13 22:58:19 - Client info: , Platform: Windows, Groups: 9,369
2025-05-13 22:58:19 - Adding platform group 278 for client m112112131 - SUCCESS
2025-05-13 22:59:25 - clientPlatform processing for: mmd
2025-05-13 22:59:25 - Client info: , Platform: Windows, Groups: 15,377
2025-05-13 22:59:25 - Adding platform group 278 for client mmd - SUCCESS
2025-05-13 22:59:37 - clientPlatform processing for: crash
2025-05-13 22:59:37 - Client info: , Platform: Windows, Groups: 11,377
2025-05-13 22:59:37 - Adding platform group 278 for client crash - SUCCESS
2025-05-13 23:05:06 - clientPlatform processing for: Jabberson
2025-05-13 23:05:06 - Client info: , Platform: Windows, Groups: 266,377
2025-05-13 23:05:06 - Adding platform group 278 for client Jabberson - SUCCESS
2025-05-13 23:06:43 - clientPlatform processing for: kaya
2025-05-13 23:06:43 - Client info: , Platform: Windows, Groups: 265,377
2025-05-13 23:06:44 - Adding platform group 278 for client kaya - SUCCESS
2025-05-13 23:06:51 - clientPlatform processing for: kaya
2025-05-13 23:06:51 - Client info: , Platform: Windows, Groups: 265,377
2025-05-13 23:06:52 - Group already assigned (detected from error), skipping
2025-05-13 23:06:52 - Adding platform group 278 for client kaya - SUCCESS
2025-05-13 23:06:59 - clientPlatform processing for: kaya
2025-05-13 23:06:59 - Client info: , Platform: Windows, Groups: 265,377
2025-05-13 23:06:59 - Group already assigned (detected from error), skipping
2025-05-13 23:06:59 - Adding platform group 278 for client kaya - SUCCESS
2025-05-13 23:13:16 - clientPlatform processing for: miz-miz
2025-05-13 23:13:16 - Client info: , Platform: Windows, Groups: 266,377
2025-05-13 23:13:16 - Adding platform group 278 for client miz-miz - SUCCESS
2025-05-13 23:34:24 - clientPlatform processing for: __illlia__
2025-05-13 23:34:24 - Client info: , Platform: iOS, Groups: 264,377
2025-05-13 23:34:24 - Adding platform group 281 for client __illlia__ - SUCCESS
2025-05-13 23:34:48 - clientPlatform processing for: sadadadasd
2025-05-13 23:34:48 - Client info: , Platform: Windows, Groups: 8,377
2025-05-13 23:34:48 - Adding platform group 278 for client sadadadasd - SUCCESS
2025-05-13 23:37:25 - clientPlatform processing for: lllllll
2025-05-13 23:37:25 - Client info: , Platform: Windows, Groups: 8,369
2025-05-13 23:37:25 - Adding platform group 278 for client lllllll - SUCCESS
2025-05-13 23:38:22 - clientPlatform processing for: Gosh
2025-05-13 23:38:22 - Client info: , Platform: Windows, Groups: 266,377
2025-05-13 23:38:22 - Adding platform group 278 for client Gosh - SUCCESS
2025-05-13 23:39:39 - clientPlatform processing for: sadadadasd
2025-05-13 23:39:39 - Client info: , Platform: Windows, Groups: 8,377
2025-05-13 23:39:39 - Adding platform group 278 for client sadadadasd - SUCCESS
2025-05-13 23:39:48 - clientPlatform processing for: артур пирожков
2025-05-13 23:39:48 - Client info: , Platform: Windows, Groups: 263,377
2025-05-13 23:39:48 - Adding platform group 278 for client артур пирожков - SUCCESS
2025-05-13 23:41:16 - clientPlatform processing for: __illlia__
2025-05-13 23:41:16 - Client info: , Platform: iOS, Groups: 264,377
2025-05-13 23:41:16 - Adding platform group 281 for client __illlia__ - SUCCESS
2025-05-13 23:47:55 - clientPlatform processing for: Ribella
2025-05-13 23:47:55 - Client info: , Platform: Windows, Groups: 18,377
2025-05-13 23:47:55 - Adding platform group 278 for client Ribella - SUCCESS
2025-05-13 23:58:54 - clientPlatform processing for: Anataa
2025-05-13 23:58:54 - Client info: , Platform: Windows, Groups: 264,377
2025-05-13 23:58:55 - Adding platform group 278 for client Anataa - SUCCESS
