2025-08-23 00:00:01 - clientPlatform processing for: x7uned
2025-08-23 00:00:01 - Client info: , Platform: Windows, Groups: 13,377
2025-08-23 00:00:01 - Adding platform group 278 for client x7uned - SUCCESS
2025-08-23 00:03:03 - clientPlatform processing for: 3412312
2025-08-23 00:03:03 - Client info: , Platform: Windows, Groups: 265,377
2025-08-23 00:03:03 - Adding platform group 278 for client 3412312 - SUCCESS
2025-08-23 00:04:41 - clientPlatform processing for: poo
2025-08-23 00:04:41 - Client info: , Platform: Windows, Groups: 264,377
2025-08-23 00:04:41 - Adding platform group 278 for client poo - SUCCESS
2025-08-23 00:07:18 - clientPlatform processing for: AlvaRoniXs
2025-08-23 00:07:18 - Client info: , Platform: Windows, Groups: 33,161,180,377
2025-08-23 00:07:18 - Adding platform group 278 for client AlvaRoniXs - SUCCESS
2025-08-23 00:12:20 - clientPlatform processing for: Koniciva
2025-08-23 00:12:20 - Client info: , Platform: Windows, Groups: 15,377
2025-08-23 00:12:20 - Adding platform group 278 for client Koniciva - SUCCESS
2025-08-23 00:13:43 - clientPlatform processing for: RVvvvv
2025-08-23 00:13:43 - Client info: , Platform: Windows, Groups: 8,369
2025-08-23 00:13:43 - Adding platform group 278 for client RVvvvv - SUCCESS
2025-08-23 00:13:53 - clientPlatform processing for: RVvvvv
2025-08-23 00:13:53 - Client info: , Platform: Windows, Groups: 8,369
2025-08-23 00:13:53 - Adding platform group 278 for client RVvvvv - SUCCESS
2025-08-23 00:14:25 - clientPlatform processing for: TeamSpeakUser1
2025-08-23 00:14:25 - Client info: , Platform: Windows, Groups: 9,369
2025-08-23 00:14:25 - Adding platform group 278 for client TeamSpeakUser1 - SUCCESS
2025-08-23 00:30:43 - clientPlatform processing for: F4funder
2025-08-23 00:30:43 - Client info: , Platform: Windows, Groups: 263,377
2025-08-23 00:30:43 - Adding platform group 278 for client F4funder - SUCCESS
2025-08-23 00:33:33 - clientPlatform processing for: F4funder
2025-08-23 00:33:33 - Client info: , Platform: Windows, Groups: 263,377
2025-08-23 00:33:33 - Adding platform group 278 for client F4funder - SUCCESS
2025-08-23 00:44:11 - clientPlatform processing for: SYRUSSS
2025-08-23 00:44:11 - Client info: , Platform: Windows, Groups: 263,377
2025-08-23 00:44:11 - Adding platform group 278 for client SYRUSSS - SUCCESS
2025-08-23 00:45:57 - clientPlatform processing for: SYRUSSS
2025-08-23 00:45:57 - Client info: , Platform: Windows, Groups: 263,377
2025-08-23 00:45:57 - Adding platform group 278 for client SYRUSSS - SUCCESS
2025-08-23 00:48:02 - clientPlatform processing for: mevlutozkara
2025-08-23 00:48:02 - Client info: , Platform: Windows, Groups: 266,377
2025-08-23 00:48:02 - Adding platform group 278 for client mevlutozkara - SUCCESS
2025-08-23 00:54:12 - clientPlatform processing for: poo
2025-08-23 00:54:12 - Client info: , Platform: Windows, Groups: 264,377
2025-08-23 00:54:12 - Adding platform group 278 for client poo - SUCCESS
2025-08-23 01:00:33 - clientPlatform processing for: tasaru
2025-08-23 01:00:33 - Client info: , Platform: Windows, Groups: 12,377
2025-08-23 01:00:33 - Adding platform group 278 for client tasaru - SUCCESS
2025-08-23 01:01:12 - clientPlatform processing for: 1.6fsi
2025-08-23 01:01:12 - Client info: , Platform: Windows, Groups: 13,377
2025-08-23 01:01:12 - Adding platform group 278 for client 1.6fsi - SUCCESS
2025-08-23 01:03:35 - clientPlatform processing for: poo
2025-08-23 01:03:35 - Client info: , Platform: Windows, Groups: 264,377
2025-08-23 01:03:35 - Adding platform group 278 for client poo - SUCCESS
2025-08-23 01:06:27 - clientPlatform processing for: emirhnxnn
2025-08-23 01:06:27 - Client info: , Platform: Windows, Groups: 15,377
2025-08-23 01:06:27 - Adding platform group 278 for client emirhnxnn - SUCCESS
2025-08-23 01:08:48 - clientPlatform processing for: emirhnxnn
2025-08-23 01:08:48 - Client info: , Platform: Windows, Groups: 15,377
2025-08-23 01:08:48 - Adding platform group 278 for client emirhnxnn - SUCCESS
2025-08-23 01:10:14 - clientPlatform processing for: mevlutozkara
2025-08-23 01:10:14 - Client info: , Platform: Windows, Groups: 266,377
2025-08-23 01:10:14 - Adding platform group 278 for client mevlutozkara - SUCCESS
2025-08-23 01:10:49 - clientPlatform processing for: Elcau_sita18
2025-08-23 01:10:49 - Client info: , Platform: Windows, Groups: 17,377
2025-08-23 01:10:49 - Adding platform group 278 for client Elcau_sita18 - SUCCESS
2025-08-23 01:13:19 - clientPlatform processing for: X 1 p'
2025-08-23 01:13:19 - Client info: , Platform: Windows, Groups: 10,369
2025-08-23 01:13:20 - Adding platform group 278 for client X 1 p' - SUCCESS
2025-08-23 01:19:22 - clientPlatform processing for: Luigi2201
2025-08-23 01:19:22 - Client info: , Platform: Windows, Groups: 13,377
2025-08-23 01:19:22 - Adding platform group 278 for client Luigi2201 - SUCCESS
2025-08-23 01:20:03 - clientPlatform processing for: BubasGungas
2025-08-23 01:20:03 - Client info: , Platform: Windows, Groups: 14,377
2025-08-23 01:20:03 - Adding platform group 278 for client BubasGungas - SUCCESS
2025-08-23 01:23:28 - clientPlatform processing for: kyojin
2025-08-23 01:23:28 - Client info: , Platform: Windows, Groups: 266,377
2025-08-23 01:23:28 - Adding platform group 278 for client kyojin - SUCCESS
2025-08-23 01:25:04 - clientPlatform processing for: Groff
2025-08-23 01:25:04 - Client info: , Platform: Windows, Groups: 14,377
2025-08-23 01:25:04 - Adding platform group 278 for client Groff - SUCCESS
2025-08-23 01:46:13 - clientPlatform processing for: -Nano-15
2025-08-23 01:46:13 - Client info: , Platform: Windows, Groups: 266,377
2025-08-23 01:46:13 - Adding platform group 278 for client -Nano-15 - SUCCESS
2025-08-23 01:49:53 - clientPlatform processing for: ZZZZDIMA
2025-08-23 01:49:53 - Client info: , Platform: Windows, Groups: 8,369
2025-08-23 01:49:53 - Adding platform group 278 for client ZZZZDIMA - SUCCESS
2025-08-23 01:56:09 - clientPlatform processing for: Ciko#
2025-08-23 01:56:09 - Client info: , Platform: Windows, Groups: 12,377
2025-08-23 01:56:09 - Adding platform group 278 for client Ciko# - SUCCESS
2025-08-23 02:04:29 - clientPlatform processing for: ZZZZDIMA
2025-08-23 02:04:29 - Client info: , Platform: Windows, Groups: 8,369
2025-08-23 02:04:29 - Adding platform group 278 for client ZZZZDIMA - SUCCESS
2025-08-23 02:20:38 - clientPlatform processing for: poo
2025-08-23 02:20:38 - Client info: , Platform: Windows, Groups: 264,377
2025-08-23 02:20:38 - Adding platform group 278 for client poo - SUCCESS
2025-08-23 02:28:39 - clientPlatform processing for: ZZZZDIMA
2025-08-23 02:28:39 - Client info: , Platform: Windows, Groups: 8,369
2025-08-23 02:28:39 - Adding platform group 278 for client ZZZZDIMA - SUCCESS
2025-08-23 03:26:23 - clientPlatform processing for: AlvaRoniXs
2025-08-23 03:26:23 - Client info: , Platform: Windows, Groups: 33,161,180,377
2025-08-23 03:26:23 - Adding platform group 278 for client AlvaRoniXs - SUCCESS
2025-08-23 03:33:50 - clientPlatform processing for: tenshin_non
2025-08-23 03:33:50 - Client info: , Platform: Windows, Groups: 19,377
2025-08-23 03:33:50 - Adding platform group 278 for client tenshin_non - SUCCESS
2025-08-23 03:34:49 - clientPlatform processing for: Richard_TH
2025-08-23 03:34:49 - Client info: , Platform: Windows, Groups: 19,377
2025-08-23 03:34:49 - Adding platform group 278 for client Richard_TH - SUCCESS
2025-08-23 03:38:10 - clientPlatform processing for: poo
2025-08-23 03:38:10 - Client info: , Platform: Windows, Groups: 264,377
2025-08-23 03:38:10 - Adding platform group 278 for client poo - SUCCESS
2025-08-23 04:49:19 - clientPlatform processing for: TeamSpeakUser6
2025-08-23 04:49:19 - Client info: , Platform: Windows, Groups: 266,377
2025-08-23 04:49:19 - Adding platform group 278 for client TeamSpeakUser6 - SUCCESS
2025-08-23 04:58:26 - clientPlatform processing for: TeamSpeakUser
2025-08-23 04:58:26 - Client info: , Platform: Windows, Groups: 263,377
2025-08-23 04:58:26 - Adding platform group 278 for client TeamSpeakUser - SUCCESS
2025-08-23 05:18:39 - clientPlatform processing for: kyojin
2025-08-23 05:18:39 - Client info: , Platform: Windows, Groups: 266,377
2025-08-23 05:18:39 - Adding platform group 278 for client kyojin - SUCCESS
2025-08-23 05:21:15 - clientPlatform processing for: Chico
2025-08-23 05:21:15 - Client info: , Platform: Windows, Groups: 266,377
2025-08-23 05:21:15 - Adding platform group 278 for client Chico - SUCCESS
2025-08-23 05:40:04 - clientPlatform processing for: baia
2025-08-23 05:40:04 - Client info: , Platform: Windows, Groups: 263,377
2025-08-23 05:40:04 - Adding platform group 278 for client baia - SUCCESS
2025-08-23 06:05:15 - clientPlatform processing for: Richard_TH
2025-08-23 06:05:15 - Client info: , Platform: Windows, Groups: 19,377
2025-08-23 06:05:15 - Adding platform group 278 for client Richard_TH - SUCCESS
2025-08-23 06:07:59 - clientPlatform processing for: Richard_TH
2025-08-23 06:07:59 - Client info: , Platform: Windows, Groups: 19,377
2025-08-23 06:07:59 - Adding platform group 278 for client Richard_TH - SUCCESS
2025-08-23 06:22:32 - clientPlatform processing for: baia
2025-08-23 06:22:32 - Client info: , Platform: Windows, Groups: 263,377
2025-08-23 06:22:32 - Adding platform group 278 for client baia - SUCCESS
2025-08-23 06:43:45 - clientPlatform processing for: ratera
2025-08-23 06:43:45 - Client info: , Platform: Windows, Groups: 8,265,369,377
2025-08-23 06:43:45 - Adding platform group 278 for client ratera - SUCCESS
2025-08-23 06:45:54 - clientPlatform processing for: Chico
2025-08-23 06:45:54 - Client info: , Platform: Windows, Groups: 266,377
2025-08-23 06:45:54 - Adding platform group 278 for client Chico - SUCCESS
2025-08-23 06:59:28 - clientPlatform processing for: baia
2025-08-23 06:59:28 - Client info: , Platform: Windows, Groups: 263,377
2025-08-23 06:59:28 - Adding platform group 278 for client baia - SUCCESS
2025-08-23 07:01:04 - clientPlatform processing for: ratera
2025-08-23 07:01:04 - Client info: , Platform: Windows, Groups: 8,265,369,377
2025-08-23 07:01:04 - Adding platform group 278 for client ratera - SUCCESS
2025-08-23 07:13:04 - clientPlatform processing for: qck1g
2025-08-23 07:13:04 - Client info: , Platform: Windows, Groups: 15,377
2025-08-23 07:13:04 - Adding platform group 278 for client qck1g - SUCCESS
2025-08-23 07:19:13 - clientPlatform processing for: qck1g
2025-08-23 07:19:13 - Client info: , Platform: Windows, Groups: 15,377
2025-08-23 07:19:13 - Adding platform group 278 for client qck1g - SUCCESS
2025-08-23 07:21:44 - clientPlatform processing for: Mr..Fury
2025-08-23 07:21:44 - Client info: , Platform: Windows, Groups: 19,377
2025-08-23 07:21:44 - Adding platform group 278 for client Mr..Fury - SUCCESS
2025-08-23 08:04:26 - clientPlatform processing for: Mr..Fury
2025-08-23 08:04:26 - Client info: , Platform: Windows, Groups: 19,377
2025-08-23 08:04:26 - Adding platform group 278 for client Mr..Fury - SUCCESS
2025-08-23 08:13:26 - clientPlatform processing for: erik
2025-08-23 08:13:26 - Client info: , Platform: Windows, Groups: 266,377
2025-08-23 08:13:26 - Adding platform group 278 for client erik - SUCCESS
2025-08-23 08:24:22 - clientPlatform processing for: BlackDemoN (Dimon)
2025-08-23 08:24:22 - Client info: , Platform: Windows, Groups: 266,377
2025-08-23 08:24:22 - Adding platform group 278 for client BlackDemoN (Dimon) - SUCCESS
2025-08-23 08:24:41 - clientPlatform processing for: Fantaz4
2025-08-23 08:24:41 - Client info: , Platform: Windows, Groups: 265,377
2025-08-23 08:24:41 - Adding platform group 278 for client Fantaz4 - SUCCESS
2025-08-23 08:24:58 - clientPlatform processing for: Fantaz4
2025-08-23 08:24:58 - Client info: , Platform: Windows, Groups: 265,377
2025-08-23 08:24:58 - Adding platform group 278 for client Fantaz4 - SUCCESS
2025-08-23 08:39:06 - clientPlatform processing for: Ghost
2025-08-23 08:39:06 - Client info: , Platform: Windows, Groups: 20,377
2025-08-23 08:39:06 - Adding platform group 278 for client Ghost - SUCCESS
2025-08-23 08:41:05 - clientPlatform processing for: Gosh
2025-08-23 08:41:05 - Client info: , Platform: Windows, Groups: 263,377
2025-08-23 08:41:05 - Adding platform group 278 for client Gosh - SUCCESS
2025-08-23 08:50:31 - clientPlatform processing for: kolap_13
2025-08-23 08:50:31 - Client info: , Platform: Windows, Groups: 11,377
2025-08-23 08:50:31 - Adding platform group 278 for client kolap_13 - SUCCESS
2025-08-23 09:01:23 - clientPlatform processing for: Meind (Владимир)
2025-08-23 09:01:23 - Client info: , Platform: Windows, Groups: 13,377
2025-08-23 09:01:23 - Adding platform group 278 for client Meind (Владимир) - SUCCESS
2025-08-23 09:01:28 - clientPlatform processing for: qck1g
2025-08-23 09:01:28 - Client info: , Platform: Windows, Groups: 15,377
2025-08-23 09:01:28 - Adding platform group 278 for client qck1g - SUCCESS
2025-08-23 09:13:04 - clientPlatform processing for: shekerZZWER-
2025-08-23 09:13:04 - Client info: , Platform: Windows, Groups: 14,377
2025-08-23 09:13:04 - Adding platform group 278 for client shekerZZWER- - SUCCESS
2025-08-23 09:32:56 - clientPlatform processing for: king
2025-08-23 09:32:56 - Client info: , Platform: Windows, Groups: 17,377
2025-08-23 09:32:56 - Adding platform group 278 for client king - SUCCESS
2025-08-23 09:36:38 - clientPlatform processing for: saadf
2025-08-23 09:36:38 - Client info: , Platform: Windows, Groups: 14,377
2025-08-23 09:36:38 - Adding platform group 278 for client saadf - SUCCESS
2025-08-23 09:50:10 - clientPlatform processing for: kolap_13
2025-08-23 09:50:10 - Client info: , Platform: Windows, Groups: 11,377
2025-08-23 09:50:10 - Adding platform group 278 for client kolap_13 - SUCCESS
2025-08-23 10:08:28 - clientPlatform processing for: Avrelius33
2025-08-23 10:08:28 - Client info: , Platform: Windows, Groups: 263,377
2025-08-23 10:08:28 - Adding platform group 278 for client Avrelius33 - SUCCESS
2025-08-23 10:20:49 - clientPlatform processing for: Dumina
2025-08-23 10:20:49 - Client info: , Platform: Windows, Groups: 21,377
2025-08-23 10:20:49 - Adding platform group 278 for client Dumina - SUCCESS
2025-08-23 10:29:49 - clientPlatform processing for: Hisoka
2025-08-23 10:29:49 - Client info: , Platform: Windows, Groups: 15,377
2025-08-23 10:29:49 - Adding platform group 278 for client Hisoka - SUCCESS
2025-08-23 10:31:18 - clientPlatform processing for: kushi
2025-08-23 10:31:18 - Client info: , Platform: Windows, Groups: 265,377
2025-08-23 10:31:18 - Adding platform group 278 for client kushi - SUCCESS
2025-08-23 10:35:38 - clientPlatform processing for: namja
2025-08-23 10:35:38 - Client info: , Platform: Windows, Groups: 266,377
2025-08-23 10:35:38 - Adding platform group 278 for client namja - SUCCESS
2025-08-23 10:38:35 - clientPlatform processing for: hellboy
2025-08-23 10:38:35 - Client info: , Platform: Windows, Groups: 10,369
2025-08-23 10:38:35 - Adding platform group 278 for client hellboy - SUCCESS
2025-08-23 10:41:04 - clientPlatform processing for: Avrelius33
2025-08-23 10:41:04 - Client info: , Platform: Windows, Groups: 263,377
2025-08-23 10:41:04 - Adding platform group 278 for client Avrelius33 - SUCCESS
2025-08-23 10:49:48 - clientPlatform processing for: Kowismo
2025-08-23 10:49:48 - Client info: , Platform: Windows, Groups: 6,270,377,422
2025-08-23 10:49:48 - Adding platform group 278 for client Kowismo - SUCCESS
2025-08-23 10:51:15 - clientPlatform processing for: brilpill
2025-08-23 10:51:15 - Client info: , Platform: Windows, Groups: 264,377
2025-08-23 10:51:15 - Adding platform group 278 for client brilpill - SUCCESS
2025-08-23 10:55:37 - clientPlatform processing for: SweetGame1
2025-08-23 10:55:37 - Client info: , Platform: Windows, Groups: 266,377
2025-08-23 10:55:37 - Adding platform group 278 for client SweetGame1 - SUCCESS
2025-08-23 10:58:17 - clientPlatform processing for: Chris
2025-08-23 10:58:17 - Client info: , Platform: Windows, Groups: 18,377
2025-08-23 10:58:17 - Adding platform group 278 for client Chris - SUCCESS
2025-08-23 11:02:04 - clientPlatform processing for: Andy
2025-08-23 11:02:04 - Client info: , Platform: Windows, Groups: 17,377
2025-08-23 11:02:04 - Adding platform group 278 for client Andy - SUCCESS
2025-08-23 11:19:39 - clientPlatform processing for: lowtabsecure
2025-08-23 11:19:39 - Client info: , Platform: Windows, Groups: 13,377
2025-08-23 11:19:39 - Adding platform group 278 for client lowtabsecure - SUCCESS
2025-08-23 11:19:47 - clientPlatform processing for: d3sc
2025-08-23 11:19:47 - Client info: , Platform: Windows, Groups: 13,377
2025-08-23 11:19:47 - Adding platform group 278 for client d3sc - SUCCESS
2025-08-23 11:24:14 - clientPlatform processing for: Боцман777
2025-08-23 11:24:14 - Client info: , Platform: Windows, Groups: 19,377
2025-08-23 11:24:14 - Adding platform group 278 for client Боцман777 - SUCCESS
2025-08-23 11:29:09 - clientPlatform processing for: sima
2025-08-23 11:29:09 - Client info: , Platform: Windows, Groups: 15,377
2025-08-23 11:29:09 - Adding platform group 278 for client sima - SUCCESS
2025-08-23 11:59:52 - clientPlatform processing for: Inv1zee
2025-08-23 11:59:52 - Client info: , Platform: Windows, Groups: 7
2025-08-23 11:59:52 - Adding platform group 278 for client Inv1zee - SUCCESS
2025-08-23 12:00:45 - clientPlatform processing for: Enide
2025-08-23 12:00:45 - Client info: , Platform: Windows, Groups: 7
2025-08-23 12:00:45 - Adding platform group 278 for client Enide - SUCCESS
2025-08-23 12:01:24 - clientPlatform processing for: gleb0673
2025-08-23 12:01:24 - Client info: , Platform: Windows, Groups: 7
2025-08-23 12:01:24 - Adding platform group 278 for client gleb0673 - SUCCESS
2025-08-23 12:12:00 - clientPlatform processing for: F4funder
2025-08-23 12:12:00 - Client info: , Platform: Windows, Groups: 263,377
2025-08-23 12:12:00 - Adding platform group 278 for client F4funder - SUCCESS
2025-08-23 12:27:10 - clientPlatform processing for: KolbasaDoktorskaya
2025-08-23 12:27:10 - Client info: , Platform: Windows, Groups: 11,377
2025-08-23 12:27:10 - Adding platform group 278 for client KolbasaDoktorskaya - SUCCESS
2025-08-23 12:31:10 - clientPlatform processing for: 1.6fsidertpaket
2025-08-23 12:31:10 - Client info: , Platform: Windows, Groups: 266,377
2025-08-23 12:31:10 - Adding platform group 278 for client 1.6fsidertpaket - SUCCESS
2025-08-23 12:31:19 - clientPlatform processing for: Avrelius33
2025-08-23 12:31:19 - Client info: , Platform: Windows, Groups: 263,377
2025-08-23 12:31:19 - Adding platform group 278 for client Avrelius33 - SUCCESS
2025-08-23 12:50:29 - clientPlatform processing for: ph0x
2025-08-23 12:50:29 - Client info: , Platform: Windows, Groups: 17,377
2025-08-23 12:50:29 - Adding platform group 278 for client ph0x - SUCCESS
2025-08-23 12:50:29 - clientPlatform processing for: ph0x
2025-08-23 12:50:29 - Client info: , Platform: Windows, Groups: 17,377
2025-08-23 12:50:29 - Group already assigned (detected from error), skipping
2025-08-23 12:50:29 - Adding platform group 278 for client ph0x - SUCCESS
2025-08-23 12:50:29 - clientPlatform processing for: ph0x
2025-08-23 12:50:29 - Client info: , Platform: Windows, Groups: 17,377
2025-08-23 12:50:29 - Group already assigned (detected from error), skipping
2025-08-23 12:50:29 - Adding platform group 278 for client ph0x - SUCCESS
2025-08-23 12:54:25 - clientPlatform processing for: kushi
2025-08-23 12:54:25 - Client info: , Platform: Windows, Groups: 265,377
2025-08-23 12:54:25 - Adding platform group 278 for client kushi - SUCCESS
2025-08-23 12:57:12 - clientPlatform processing for: wilson
2025-08-23 12:57:12 - Client info: , Platform: Windows, Groups: 17,265,377
2025-08-23 12:57:12 - Adding platform group 278 for client wilson - SUCCESS
2025-08-23 12:58:50 - clientPlatform processing for: MedO
2025-08-23 12:58:50 - Client info: , Platform: Windows, Groups: 10,369
2025-08-23 12:58:50 - Adding platform group 278 for client MedO - SUCCESS
2025-08-23 12:59:15 - clientPlatform processing for: Enide
2025-08-23 12:59:15 - Client info: , Platform: Windows, Groups: 8,369
2025-08-23 12:59:15 - Adding platform group 278 for client Enide - SUCCESS
2025-08-23 13:02:29 - clientPlatform processing for: saadf
2025-08-23 13:02:29 - Client info: , Platform: Windows, Groups: 14,377
2025-08-23 13:02:29 - Adding platform group 278 for client saadf - SUCCESS
2025-08-23 13:03:45 - clientPlatform processing for: TeamSpeakUser
2025-08-23 13:03:45 - Client info: , Platform: Windows, Groups: 264,377
2025-08-23 13:03:45 - Adding platform group 278 for client TeamSpeakUser - SUCCESS
2025-08-23 13:05:53 - clientPlatform processing for: hamza
2025-08-23 13:05:53 - Client info: , Platform: Windows, Groups: 14,377
2025-08-23 13:05:53 - Adding platform group 278 for client hamza - SUCCESS
2025-08-23 13:07:38 - clientPlatform processing for: TeamSpeakUser1
2025-08-23 13:07:38 - Client info: , Platform: Windows, Groups: 266,377
2025-08-23 13:07:38 - Adding platform group 278 for client TeamSpeakUser1 - SUCCESS
2025-08-23 13:08:12 - clientPlatform processing for: TeamSpeakUser1
2025-08-23 13:08:12 - Client info: , Platform: Windows, Groups: 266,377
2025-08-23 13:08:12 - Adding platform group 278 for client TeamSpeakUser1 - SUCCESS
2025-08-23 13:08:18 - clientPlatform processing for: wilson
2025-08-23 13:08:18 - Client info: , Platform: Windows, Groups: 17,265,377
2025-08-23 13:08:18 - Adding platform group 278 for client wilson - SUCCESS
2025-08-23 13:08:54 - clientPlatform processing for: MedO
2025-08-23 13:08:54 - Client info: , Platform: Windows, Groups: 10,369
2025-08-23 13:08:54 - Adding platform group 278 for client MedO - SUCCESS
2025-08-23 13:18:11 - clientPlatform processing for: Inv1zee
2025-08-23 13:18:11 - Client info: , Platform: Windows, Groups: 8,369
2025-08-23 13:18:11 - Adding platform group 278 for client Inv1zee - SUCCESS
2025-08-23 13:19:36 - clientPlatform processing for: shinigami
2025-08-23 13:19:36 - Client info: , Platform: Windows, Groups: 26,377,381,383,385
2025-08-23 13:19:36 - Adding platform group 278 for client shinigami - SUCCESS
2025-08-23 13:28:21 - clientPlatform processing for: XP own ger
2025-08-23 13:28:21 - Client info: , Platform: Windows, Groups: 7
2025-08-23 13:28:21 - Adding platform group 278 for client XP own ger - SUCCESS
2025-08-23 13:29:02 - clientPlatform processing for: XP own ger
2025-08-23 13:29:02 - Client info: , Platform: Windows, Groups: 8,369
2025-08-23 13:29:02 - Adding platform group 278 for client XP own ger - SUCCESS
2025-08-23 13:34:06 - clientPlatform processing for: wilson
2025-08-23 13:34:06 - Client info: , Platform: Windows, Groups: 17,265,377
2025-08-23 13:34:06 - Adding platform group 278 for client wilson - SUCCESS
2025-08-23 13:37:18 - clientPlatform processing for: hamza
2025-08-23 13:37:18 - Client info: , Platform: Windows, Groups: 14,377
2025-08-23 13:37:18 - Adding platform group 278 for client hamza - SUCCESS
2025-08-23 13:39:35 - clientPlatform processing for: XP own ger
2025-08-23 13:39:35 - Client info: , Platform: Windows, Groups: 8,369
2025-08-23 13:39:35 - Adding platform group 278 for client XP own ger - SUCCESS
2025-08-23 13:40:18 - clientPlatform processing for: MedO
2025-08-23 13:40:18 - Client info: , Platform: Windows, Groups: 10,369
2025-08-23 13:40:18 - Adding platform group 278 for client MedO - SUCCESS
2025-08-23 13:46:57 - clientPlatform processing for: MedO
2025-08-23 13:46:57 - Client info: , Platform: Windows, Groups: 10,369
2025-08-23 13:46:57 - Adding platform group 278 for client MedO - SUCCESS
2025-08-23 13:47:26 - clientPlatform processing for: TeamSpeakUser2
2025-08-23 13:47:26 - Client info: , Platform: Windows, Groups: 17,377
2025-08-23 13:47:26 - Adding platform group 278 for client TeamSpeakUser2 - SUCCESS
2025-08-23 13:50:46 - clientPlatform processing for: SGS Calvo
2025-08-23 13:50:46 - Client info: , Platform: Windows, Groups: 7
2025-08-23 13:50:46 - Adding platform group 278 for client SGS Calvo - SUCCESS
2025-08-23 13:52:51 - clientPlatform processing for: SYRUSSS
2025-08-23 13:52:51 - Client info: , Platform: Windows, Groups: 18,377
2025-08-23 13:52:51 - Adding platform group 278 for client SYRUSSS - SUCCESS
2025-08-23 13:53:55 - clientPlatform processing for: Alexander177
2025-08-23 13:53:55 - Client info: , Platform: Windows, Groups: 263,377
2025-08-23 13:53:55 - Adding platform group 278 for client Alexander177 - SUCCESS
2025-08-23 13:55:35 - clientPlatform processing for: Avrelius33
2025-08-23 13:55:35 - Client info: , Platform: Windows, Groups: 263,377
2025-08-23 13:55:35 - Adding platform group 278 for client Avrelius33 - SUCCESS
2025-08-23 13:58:09 - clientPlatform processing for: erik
2025-08-23 13:58:09 - Client info: , Platform: Windows, Groups: 266,377
2025-08-23 13:58:09 - Adding platform group 278 for client erik - SUCCESS
2025-08-23 14:10:27 - clientPlatform processing for: shivska
2025-08-23 14:10:27 - Client info: , Platform: Windows, Groups: 264,377
2025-08-23 14:10:27 - Adding platform group 278 for client shivska - SUCCESS
2025-08-23 14:13:36 - clientPlatform processing for: MedO
2025-08-23 14:13:36 - Client info: , Platform: Windows, Groups: 10,369
2025-08-23 14:13:36 - Adding platform group 278 for client MedO - SUCCESS
2025-08-23 14:14:16 - clientPlatform processing for: TeamSpeakUser
2025-08-23 14:14:16 - Client info: , Platform: Windows, Groups: 265,377
2025-08-23 14:14:16 - Adding platform group 278 for client TeamSpeakUser - SUCCESS
2025-08-23 14:14:49 - clientPlatform processing for: TeamSpeakUser
2025-08-23 14:14:49 - Client info: , Platform: Windows, Groups: 265,377
2025-08-23 14:14:49 - Adding platform group 278 for client TeamSpeakUser - SUCCESS
2025-08-23 14:16:09 - clientPlatform processing for: TeamSpeakUser
2025-08-23 14:16:09 - Client info: , Platform: Windows, Groups: 265,377
2025-08-23 14:16:09 - Adding platform group 278 for client TeamSpeakUser - SUCCESS
2025-08-23 14:28:02 - clientPlatform processing for: Inv1zee
2025-08-23 14:28:02 - Client info: , Platform: Windows, Groups: 9,369
2025-08-23 14:28:02 - Adding platform group 278 for client Inv1zee - SUCCESS
2025-08-23 14:33:38 - clientPlatform processing for: TeamSpeakUser
2025-08-23 14:33:38 - Client info: , Platform: Windows, Groups: 265,377
2025-08-23 14:33:38 - Adding platform group 278 for client TeamSpeakUser - SUCCESS
2025-08-23 14:42:08 - clientPlatform processing for: kolap_13
2025-08-23 14:42:08 - Client info: , Platform: Windows, Groups: 12,377
2025-08-23 14:42:08 - Adding platform group 278 for client kolap_13 - SUCCESS
2025-08-23 14:42:19 - clientPlatform processing for: Meind (Владимир)
2025-08-23 14:42:19 - Client info: , Platform: Windows, Groups: 13,377
2025-08-23 14:42:19 - Adding platform group 278 for client Meind (Владимир) - SUCCESS
2025-08-23 14:46:42 - clientPlatform processing for: MedO
2025-08-23 14:46:42 - Client info: , Platform: Windows, Groups: 10,369
2025-08-23 14:46:42 - Adding platform group 278 for client MedO - SUCCESS
2025-08-23 14:49:28 - clientPlatform processing for: TeamSpeakUser3
2025-08-23 14:49:28 - Client info: , Platform: Windows, Groups: 12,377
2025-08-23 14:49:28 - Adding platform group 278 for client TeamSpeakUser3 - SUCCESS
2025-08-23 14:50:18 - clientPlatform processing for: mitsuki7
2025-08-23 14:50:18 - Client info: , Platform: Windows, Groups: 13,377
2025-08-23 14:50:18 - Adding platform group 278 for client mitsuki7 - SUCCESS
2025-08-23 14:51:19 - clientPlatform processing for: TeamSpeakUser3
2025-08-23 14:51:19 - Client info: , Platform: Windows, Groups: 12,377
2025-08-23 14:51:19 - Adding platform group 278 for client TeamSpeakUser3 - SUCCESS
2025-08-23 14:51:20 - clientPlatform processing for: HELLKEEPER
2025-08-23 14:51:20 - Client info: , Platform: Windows, Groups: 17,377
2025-08-23 14:51:20 - Adding platform group 278 for client HELLKEEPER - SUCCESS
2025-08-23 14:51:25 - clientPlatform processing for: TeamSpeakUser4
2025-08-23 14:51:25 - Client info: , Platform: Windows, Groups: 7
2025-08-23 14:51:25 - Adding platform group 278 for client TeamSpeakUser4 - SUCCESS
2025-08-23 14:53:00 - clientPlatform processing for: T-Dány
2025-08-23 14:53:00 - Client info: , Platform: Windows, Groups: 12,377
2025-08-23 14:53:00 - Adding platform group 278 for client T-Dány - SUCCESS
2025-08-23 14:53:55 - clientPlatform processing for: andibandi
2025-08-23 14:53:55 - Client info: , Platform: Windows, Groups: 12,377
2025-08-23 14:53:55 - Adding platform group 278 for client andibandi - SUCCESS
2025-08-23 15:00:05 - clientPlatform processing for: yasha-_
2025-08-23 15:00:05 - Client info: , Platform: Windows, Groups: 13,377
2025-08-23 15:00:05 - Adding platform group 278 for client yasha-_ - SUCCESS
2025-08-23 15:02:37 - clientPlatform processing for: Nevskiiiy
2025-08-23 15:02:37 - Client info: , Platform: Windows, Groups: 18,377
2025-08-23 15:02:37 - Adding platform group 278 for client Nevskiiiy - SUCCESS
2025-08-23 15:03:55 - clientPlatform processing for: TeamSpeakUser3
2025-08-23 15:03:55 - Client info: , Platform: Windows, Groups: 11,377
2025-08-23 15:03:55 - Adding platform group 278 for client TeamSpeakUser3 - SUCCESS
2025-08-23 15:04:27 - clientPlatform processing for: вапваимс
2025-08-23 15:04:27 - Client info: , Platform: Windows, Groups: 17,377
2025-08-23 15:04:27 - Adding platform group 278 for client вапваимс - SUCCESS
2025-08-23 15:07:35 - clientPlatform processing for: KIYOTA PRIME
2025-08-23 15:07:35 - Client info: , Platform: Windows, Groups: 13,377
2025-08-23 15:07:35 - Adding platform group 278 for client KIYOTA PRIME - SUCCESS
2025-08-23 15:08:18 - clientPlatform processing for: pashokey
2025-08-23 15:08:18 - Client info: , Platform: Windows, Groups: 13,377
2025-08-23 15:08:18 - Adding platform group 278 for client pashokey - SUCCESS
2025-08-23 15:11:23 - clientPlatform processing for: tasaru
2025-08-23 15:11:23 - Client info: , Platform: Windows, Groups: 12,377
2025-08-23 15:11:23 - Adding platform group 278 for client tasaru - SUCCESS
2025-08-23 15:11:45 - clientPlatform processing for: Despaier
2025-08-23 15:11:45 - Client info: , Platform: Windows, Groups: 14,377
2025-08-23 15:11:45 - Adding platform group 278 for client Despaier - SUCCESS
2025-08-23 15:12:05 - clientPlatform processing for: ardoş
2025-08-23 15:12:05 - Client info: , Platform: Windows, Groups: 17,377
2025-08-23 15:12:05 - Adding platform group 278 for client ardoş - SUCCESS
2025-08-23 15:13:45 - clientPlatform processing for: -SnoxJ
2025-08-23 15:13:45 - Client info: , Platform: Windows, Groups: 12,377
2025-08-23 15:13:45 - Adding platform group 278 for client -SnoxJ - SUCCESS
2025-08-23 15:17:02 - clientPlatform processing for: Ciko#
2025-08-23 15:17:02 - Client info: , Platform: Windows, Groups: 12,377
2025-08-23 15:17:02 - Adding platform group 278 for client Ciko# - SUCCESS
2025-08-23 15:18:43 - clientPlatform processing for: stanleyipkiss
2025-08-23 15:18:43 - Client info: , Platform: Windows, Groups: 11,377
2025-08-23 15:18:43 - Adding platform group 278 for client stanleyipkiss - SUCCESS
2025-08-23 15:22:02 - clientPlatform processing for: Rich Lich
2025-08-23 15:22:02 - Client info: , Platform: Windows, Groups: 18,377
2025-08-23 15:22:02 - Adding platform group 278 for client Rich Lich - SUCCESS
2025-08-23 15:26:27 - clientPlatform processing for: mogulyok
2025-08-23 15:26:27 - Client info: , Platform: Windows, Groups: 13,377
2025-08-23 15:26:27 - Adding platform group 278 for client mogulyok - SUCCESS
2025-08-23 15:26:28 - clientPlatform processing for: Jaws
2025-08-23 15:26:28 - Client info: , Platform: Windows, Groups: 15,377
2025-08-23 15:26:28 - Adding platform group 278 for client Jaws - SUCCESS
2025-08-23 15:34:09 - clientPlatform processing for: GuNmiR_
2025-08-23 15:34:09 - Client info: , Platform: Windows, Groups: 264,377
2025-08-23 15:34:09 - Adding platform group 278 for client GuNmiR_ - SUCCESS
2025-08-23 15:34:13 - clientPlatform processing for: F4funder
2025-08-23 15:34:13 - Client info: , Platform: Windows, Groups: 263,377
2025-08-23 15:34:13 - Adding platform group 278 for client F4funder - SUCCESS
2025-08-23 15:34:30 - clientPlatform processing for: vladd2731
2025-08-23 15:34:30 - Client info: , Platform: Windows, Groups: 7
2025-08-23 15:34:30 - Adding platform group 278 for client vladd2731 - SUCCESS
2025-08-23 15:35:49 - clientPlatform processing for: bomb1k04
2025-08-23 15:35:49 - Client info: , Platform: Windows, Groups: 11,377
2025-08-23 15:35:49 - Adding platform group 278 for client bomb1k04 - SUCCESS
2025-08-23 15:38:11 - clientPlatform processing for: MedO
2025-08-23 15:38:11 - Client info: , Platform: Windows, Groups: 10,369
2025-08-23 15:38:11 - Adding platform group 278 for client MedO - SUCCESS
2025-08-23 15:38:14 - clientPlatform processing for: vladd2731
2025-08-23 15:38:14 - Client info: , Platform: Windows, Groups: 8,369
2025-08-23 15:38:14 - Adding platform group 278 for client vladd2731 - SUCCESS
2025-08-23 15:41:10 - clientPlatform processing for: Mr..Fury
2025-08-23 15:41:10 - Client info: , Platform: Windows, Groups: 19,377
2025-08-23 15:41:10 - Adding platform group 278 for client Mr..Fury - SUCCESS
2025-08-23 15:47:56 - clientPlatform processing for: Clappen
2025-08-23 15:47:56 - Client info: , Platform: Windows, Groups: 12,377
2025-08-23 15:47:56 - Adding platform group 278 for client Clappen - SUCCESS
2025-08-23 15:49:43 - clientPlatform processing for: IHope3
2025-08-23 15:49:43 - Client info: , Platform: Windows, Groups: 266,377
2025-08-23 15:49:43 - Adding platform group 278 for client IHope3 - SUCCESS
2025-08-23 15:49:47 - clientPlatform processing for: clement1ne-
2025-08-23 15:49:47 - Client info: , Platform: Windows, Groups: 266,377
2025-08-23 15:49:47 - Adding platform group 278 for client clement1ne- - SUCCESS
2025-08-23 15:49:48 - clientPlatform processing for: clement1ne-
2025-08-23 15:49:48 - Client info: , Platform: Windows, Groups: 266,377
2025-08-23 15:49:48 - Group already assigned (detected from error), skipping
2025-08-23 15:49:48 - Adding platform group 278 for client clement1ne- - SUCCESS
2025-08-23 15:49:48 - clientPlatform processing for: clement1ne-
2025-08-23 15:49:48 - Client info: , Platform: Windows, Groups: 266,377
2025-08-23 15:49:48 - Group already assigned (detected from error), skipping
2025-08-23 15:49:48 - Adding platform group 278 for client clement1ne- - SUCCESS
2025-08-23 15:51:37 - clientPlatform processing for: T-Dány
2025-08-23 15:51:37 - Client info: , Platform: Windows, Groups: 12,377
2025-08-23 15:51:37 - Adding platform group 278 for client T-Dány - SUCCESS
2025-08-23 15:51:53 - clientPlatform processing for: ego1str0ma
2025-08-23 15:51:53 - Client info: , Platform: Windows, Groups: 266,377
2025-08-23 15:51:53 - Adding platform group 278 for client ego1str0ma - SUCCESS
2025-08-23 15:53:50 - clientPlatform processing for: IHope3
2025-08-23 15:53:50 - Client info: , Platform: Windows, Groups: 266,377
2025-08-23 15:53:50 - Adding platform group 278 for client IHope3 - SUCCESS
2025-08-23 15:55:27 - clientPlatform processing for: dolv1
2025-08-23 15:55:27 - Client info: , Platform: Windows, Groups: 266,377
2025-08-23 15:55:27 - Adding platform group 278 for client dolv1 - SUCCESS
2025-08-23 16:01:25 - clientPlatform processing for: clement1ne-
2025-08-23 16:01:25 - Client info: , Platform: Windows, Groups: 266,377
2025-08-23 16:01:25 - Adding platform group 278 for client clement1ne- - SUCCESS
2025-08-23 16:10:25 - clientPlatform processing for: Kowismo
2025-08-23 16:10:25 - Client info: , Platform: Windows, Groups: 6,270,377,422
2025-08-23 16:10:25 - Adding platform group 278 for client Kowismo - SUCCESS
2025-08-23 16:15:20 - clientPlatform processing for: Ngfhtly
2025-08-23 16:15:20 - Client info: , Platform: Windows, Groups: 13,377
2025-08-23 16:15:20 - Adding platform group 278 for client Ngfhtly - SUCCESS
2025-08-23 16:20:04 - clientPlatform processing for: TeamSpeakUser
2025-08-23 16:20:04 - Client info: , Platform: Windows, Groups: 265,377
2025-08-23 16:20:04 - Adding platform group 278 for client TeamSpeakUser - SUCCESS
2025-08-23 16:28:04 - clientPlatform processing for: Sculaccia troie
2025-08-23 16:28:04 - Client info: , Platform: Windows, Groups: 266,377
2025-08-23 16:28:04 - Adding platform group 278 for client Sculaccia troie - SUCCESS
2025-08-23 16:28:09 - clientPlatform processing for: saulov
2025-08-23 16:28:09 - Client info: , Platform: Windows, Groups: 266,377
2025-08-23 16:28:09 - Adding platform group 278 for client saulov - SUCCESS
2025-08-23 16:29:20 - clientPlatform processing for: вата
2025-08-23 16:29:20 - Client info: , Platform: Windows, Groups: 10,369
2025-08-23 16:29:20 - Adding platform group 278 for client вата - SUCCESS
2025-08-23 16:34:12 - clientPlatform processing for: tcmdrug
2025-08-23 16:34:12 - Client info: , Platform: Windows, Groups: 9,369
2025-08-23 16:34:12 - Adding platform group 278 for client tcmdrug - SUCCESS
2025-08-23 16:38:27 - clientPlatform processing for: Avrelius33
2025-08-23 16:38:27 - Client info: , Platform: Windows, Groups: 263,377
2025-08-23 16:38:27 - Adding platform group 278 for client Avrelius33 - SUCCESS
2025-08-23 16:41:11 - clientPlatform processing for: Edward_G
2025-08-23 16:41:11 - Client info: , Platform: Windows, Groups: 12,377
2025-08-23 16:41:11 - Adding platform group 278 for client Edward_G - SUCCESS
2025-08-23 16:50:50 - clientPlatform processing for: cook1ch
2025-08-23 16:50:50 - Client info: , Platform: Windows, Groups: 13,377
2025-08-23 16:50:50 - Adding platform group 278 for client cook1ch - SUCCESS
2025-08-23 16:51:13 - clientPlatform processing for: TeamSpeakUser2
2025-08-23 16:51:13 - Client info: , Platform: Windows, Groups: 17,377
2025-08-23 16:51:13 - Adding platform group 278 for client TeamSpeakUser2 - SUCCESS
2025-08-23 17:02:29 - clientPlatform processing for: clement1ne-
2025-08-23 17:02:29 - Client info: , Platform: Windows, Groups: 266,377
2025-08-23 17:02:29 - Adding platform group 278 for client clement1ne- - SUCCESS
2025-08-23 17:04:34 - clientPlatform processing for: Claudiu20047
2025-08-23 17:04:34 - Client info: , Platform: Windows, Groups: 13,377
2025-08-23 17:04:34 - Adding platform group 278 for client Claudiu20047 - SUCCESS
2025-08-23 17:05:04 - clientPlatform processing for: Плаки плаки лысый
2025-08-23 17:05:04 - Client info: , Platform: Windows, Groups: 13,377
2025-08-23 17:05:05 - Adding platform group 278 for client Плаки плаки лысый - SUCCESS
2025-08-23 17:07:06 - clientPlatform processing for: clement1ne-
2025-08-23 17:07:06 - Client info: , Platform: Windows, Groups: 266,377
2025-08-23 17:07:06 - Adding platform group 278 for client clement1ne- - SUCCESS
2025-08-23 17:11:12 - clientPlatform processing for: ПожилаяОстановка
2025-08-23 17:11:12 - Client info: , Platform: Windows, Groups: 266,377
2025-08-23 17:11:12 - Adding platform group 278 for client ПожилаяОстановка - SUCCESS
2025-08-23 17:14:05 - clientPlatform processing for: K0ubek
2025-08-23 17:14:05 - Client info: , Platform: Windows, Groups: 264,377
2025-08-23 17:14:05 - Adding platform group 278 for client K0ubek - SUCCESS
2025-08-23 17:18:49 - clientPlatform processing for: Butch
2025-08-23 17:18:49 - Client info: , Platform: Windows, Groups: 14,377
2025-08-23 17:18:49 - Adding platform group 278 for client Butch - SUCCESS
2025-08-23 17:28:06 - clientPlatform processing for: d3sc
2025-08-23 17:28:06 - Client info: , Platform: Windows, Groups: 13,377
2025-08-23 17:28:06 - Adding platform group 278 for client d3sc - SUCCESS
2025-08-23 17:28:13 - clientPlatform processing for: 693369
2025-08-23 17:28:13 - Client info: , Platform: Windows, Groups: 11,377
2025-08-23 17:28:13 - Adding platform group 278 for client 693369 - SUCCESS
2025-08-23 17:28:29 - clientPlatform processing for: lowtabsecure
2025-08-23 17:28:29 - Client info: , Platform: Windows, Groups: 14,377
2025-08-23 17:28:29 - Adding platform group 278 for client lowtabsecure - SUCCESS
2025-08-23 17:29:45 - clientPlatform processing for: mehrad
2025-08-23 17:29:45 - Client info: , Platform: Windows, Groups: 12,377
2025-08-23 17:29:45 - Adding platform group 278 for client mehrad - SUCCESS
2025-08-23 17:29:58 - clientPlatform processing for: 693369
2025-08-23 17:29:58 - Client info: , Platform: Windows, Groups: 11,377
2025-08-23 17:29:58 - Adding platform group 278 for client 693369 - SUCCESS
2025-08-23 17:30:17 - clientPlatform processing for: ThunderBan
2025-08-23 17:30:17 - Client info: , Platform: Windows, Groups: 7
2025-08-23 17:30:17 - Adding platform group 278 for client ThunderBan - SUCCESS
2025-08-23 17:40:01 - clientPlatform processing for: Clappen
2025-08-23 17:40:01 - Client info: , Platform: Windows, Groups: 12,377
2025-08-23 17:40:01 - Adding platform group 278 for client Clappen - SUCCESS
2025-08-23 17:40:03 - clientPlatform processing for: Clappen
2025-08-23 17:40:03 - Client info: , Platform: Windows, Groups: 12,377
2025-08-23 17:40:03 - Group already assigned (detected from error), skipping
2025-08-23 17:40:03 - Adding platform group 278 for client Clappen - SUCCESS
2025-08-23 17:40:05 - clientPlatform processing for: Clappen
2025-08-23 17:40:05 - Client info: , Platform: Windows, Groups: 12,377
2025-08-23 17:40:05 - Group already assigned (detected from error), skipping
2025-08-23 17:40:05 - Adding platform group 278 for client Clappen - SUCCESS
2025-08-23 17:40:07 - clientPlatform processing for: Ox1codon
2025-08-23 17:40:07 - Client info: , Platform: Windows, Groups: 264,377
2025-08-23 17:40:07 - Adding platform group 278 for client Ox1codon - SUCCESS
2025-08-23 17:40:07 - clientPlatform processing for: Ox1codon
2025-08-23 17:40:07 - Client info: , Platform: Windows, Groups: 264,377
2025-08-23 17:40:07 - Group already assigned (detected from error), skipping
2025-08-23 17:40:07 - Adding platform group 278 for client Ox1codon - SUCCESS
2025-08-23 17:40:07 - clientPlatform processing for: Ox1codon
2025-08-23 17:40:07 - Client info: , Platform: Windows, Groups: 264,377
2025-08-23 17:40:07 - Group already assigned (detected from error), skipping
2025-08-23 17:40:07 - Adding platform group 278 for client Ox1codon - SUCCESS
2025-08-23 17:40:07 - clientPlatform processing for: IHope3
2025-08-23 17:40:07 - Client info: , Platform: Windows, Groups: 266,377
2025-08-23 17:40:07 - Adding platform group 278 for client IHope3 - SUCCESS
2025-08-23 17:40:10 - clientPlatform processing for: IHope3
2025-08-23 17:40:10 - Client info: , Platform: Windows, Groups: 266,377
2025-08-23 17:40:10 - Group already assigned (detected from error), skipping
2025-08-23 17:40:10 - Adding platform group 278 for client IHope3 - SUCCESS
2025-08-23 17:40:11 - clientPlatform processing for: IHope3
2025-08-23 17:40:11 - Client info: , Platform: Windows, Groups: 266,377
2025-08-23 17:40:11 - Group already assigned (detected from error), skipping
2025-08-23 17:40:11 - Adding platform group 278 for client IHope3 - SUCCESS
2025-08-23 17:40:12 - clientPlatform processing for: IHope3
2025-08-23 17:40:12 - Client info: , Platform: Windows, Groups: 266,377
2025-08-23 17:40:12 - Group already assigned (detected from error), skipping
2025-08-23 17:40:12 - Adding platform group 278 for client IHope3 - SUCCESS
2025-08-23 17:43:32 - clientPlatform processing for: darac
2025-08-23 17:43:32 - Client info: , Platform: Windows, Groups: 17,377
2025-08-23 17:43:32 - Adding platform group 278 for client darac - SUCCESS
2025-08-23 17:43:50 - clientPlatform processing for: playerHIHIHAHA
2025-08-23 17:43:50 - Client info: , Platform: Windows, Groups: 265,377
2025-08-23 17:43:50 - Adding platform group 278 for client playerHIHIHAHA - SUCCESS
2025-08-23 17:44:59 - clientPlatform processing for: gitlerkaput22222
2025-08-23 17:44:59 - Client info: , Platform: Windows, Groups: 11,377
2025-08-23 17:44:59 - Adding platform group 278 for client gitlerkaput22222 - SUCCESS
2025-08-23 17:46:14 - clientPlatform processing for: dadaok
2025-08-23 17:46:14 - Client info: , Platform: Windows, Groups: 22,377
2025-08-23 17:46:14 - Adding platform group 278 for client dadaok - SUCCESS
2025-08-23 17:48:55 - clientPlatform processing for: Quenb
2025-08-23 17:48:55 - Client info: , Platform: Windows, Groups: 7
2025-08-23 17:48:55 - Adding platform group 278 for client Quenb - SUCCESS
2025-08-23 17:49:33 - clientPlatform processing for: awegawg
2025-08-23 17:49:33 - Client info: , Platform: Windows, Groups: 14,377
2025-08-23 17:49:33 - Adding platform group 278 for client awegawg - SUCCESS
2025-08-23 17:49:56 - clientPlatform processing for: poo
2025-08-23 17:49:56 - Client info: , Platform: Windows, Groups: 264,377
2025-08-23 17:49:56 - Adding platform group 278 for client poo - SUCCESS
2025-08-23 17:51:39 - clientPlatform processing for: BIG FIUT
2025-08-23 17:51:39 - Client info: , Platform: Windows, Groups: 264,377
2025-08-23 17:51:39 - Adding platform group 278 for client BIG FIUT - SUCCESS
2025-08-23 17:53:30 - clientPlatform processing for: b4STARDt
2025-08-23 17:53:30 - Client info: , Platform: Windows, Groups: 264,377
2025-08-23 17:53:30 - Adding platform group 278 for client b4STARDt - SUCCESS
2025-08-23 17:54:28 - clientPlatform processing for: sima
2025-08-23 17:54:28 - Client info: , Platform: Windows, Groups: 15,377
2025-08-23 17:54:28 - Adding platform group 278 for client sima - SUCCESS
2025-08-23 17:54:52 - clientPlatform processing for: NowY
2025-08-23 17:54:52 - Client info: , Platform: Windows, Groups: 15,377
2025-08-23 17:54:52 - Adding platform group 278 for client NowY - SUCCESS
2025-08-23 17:58:33 - clientPlatform processing for: Inv1zee
2025-08-23 17:58:33 - Client info: , Platform: Windows, Groups: 11,369
2025-08-23 17:58:33 - Adding platform group 278 for client Inv1zee - SUCCESS
2025-08-23 17:58:52 - clientPlatform processing for: Clappen
2025-08-23 17:58:52 - Client info: , Platform: Windows, Groups: 12,377
2025-08-23 17:58:52 - Adding platform group 278 for client Clappen - SUCCESS
2025-08-23 18:00:19 - clientPlatform processing for: dzale
2025-08-23 18:00:19 - Client info: , Platform: Windows, Groups: 13,377
2025-08-23 18:00:19 - Adding platform group 278 for client dzale - SUCCESS
2025-08-23 18:01:27 - clientPlatform processing for: Inv1zee
2025-08-23 18:01:27 - Client info: , Platform: Windows, Groups: 11,369
2025-08-23 18:01:27 - Adding platform group 278 for client Inv1zee - SUCCESS
2025-08-23 18:01:39 - clientPlatform processing for: poopsi123
2025-08-23 18:01:39 - Client info: , Platform: Windows, Groups: 14,377
2025-08-23 18:01:39 - Adding platform group 278 for client poopsi123 - SUCCESS
2025-08-23 18:01:56 - clientPlatform processing for: mehrad
2025-08-23 18:01:56 - Client info: , Platform: Windows, Groups: 12,377
2025-08-23 18:01:56 - Adding platform group 278 for client mehrad - SUCCESS
2025-08-23 18:02:58 - clientPlatform processing for: lueface
2025-08-23 18:02:58 - Client info: , Platform: Windows, Groups: 13,377
2025-08-23 18:02:58 - Adding platform group 278 for client lueface - SUCCESS
2025-08-23 18:07:29 - clientPlatform processing for: TeamSpeakUser2
2025-08-23 18:07:29 - Client info: , Platform: Windows, Groups: 17,377
2025-08-23 18:07:29 - Adding platform group 278 for client TeamSpeakUser2 - SUCCESS
2025-08-23 18:10:50 - clientPlatform processing for: Inv1zee
2025-08-23 18:10:50 - Client info: , Platform: Windows, Groups: 11,369
2025-08-23 18:10:50 - Adding platform group 278 for client Inv1zee - SUCCESS
2025-08-23 18:11:41 - clientPlatform processing for: Тыква
2025-08-23 18:11:41 - Client info: , Platform: Windows, Groups: 266,377
2025-08-23 18:11:41 - Adding platform group 278 for client Тыква - SUCCESS
2025-08-23 18:11:45 - clientPlatform processing for: mehrad
2025-08-23 18:11:45 - Client info: , Platform: Windows, Groups: 12,377
2025-08-23 18:11:45 - Adding platform group 278 for client mehrad - SUCCESS
2025-08-23 18:13:38 - clientPlatform processing for: X 1 p'
2025-08-23 18:13:38 - Client info: , Platform: Windows, Groups: 12,377
2025-08-23 18:13:38 - Adding platform group 278 for client X 1 p' - SUCCESS
2025-08-23 18:13:53 - clientPlatform processing for: Farzelot
2025-08-23 18:13:53 - Client info: , Platform: Windows, Groups: 15,377
2025-08-23 18:13:53 - Adding platform group 278 for client Farzelot - SUCCESS
2025-08-23 18:15:03 - clientPlatform processing for: Rich Lich
2025-08-23 18:15:03 - Client info: , Platform: Windows, Groups: 18,377
2025-08-23 18:15:03 - Adding platform group 278 for client Rich Lich - SUCCESS
2025-08-23 18:15:48 - clientPlatform processing for: KIYOTA PRIME
2025-08-23 18:15:48 - Client info: , Platform: Windows, Groups: 13,377
2025-08-23 18:15:48 - Adding platform group 278 for client KIYOTA PRIME - SUCCESS
2025-08-23 18:16:25 - clientPlatform processing for: kagixxx
2025-08-23 18:16:25 - Client info: , Platform: Windows, Groups: 17,377
2025-08-23 18:16:25 - Adding platform group 278 for client kagixxx - SUCCESS
2025-08-23 18:18:06 - clientPlatform processing for: gitlerkaput22222
2025-08-23 18:18:06 - Client info: , Platform: Windows, Groups: 11,377
2025-08-23 18:18:06 - Adding platform group 278 for client gitlerkaput22222 - SUCCESS
2025-08-23 18:18:40 - clientPlatform processing for: playerHIHIHAHA
2025-08-23 18:18:40 - Client info: , Platform: Windows, Groups: 265,377
2025-08-23 18:18:40 - Adding platform group 278 for client playerHIHIHAHA - SUCCESS
2025-08-23 18:19:46 - clientPlatform processing for: T-Dány
2025-08-23 18:19:46 - Client info: , Platform: Windows, Groups: 12,377
2025-08-23 18:19:46 - Adding platform group 278 for client T-Dány - SUCCESS
2025-08-23 18:19:53 - clientPlatform processing for: FenaiL
2025-08-23 18:19:53 - Client info: , Platform: Windows, Groups: 35,266,377
2025-08-23 18:19:53 - Adding platform group 278 for client FenaiL - SUCCESS
2025-08-23 18:21:33 - clientPlatform processing for: sima
2025-08-23 18:21:33 - Client info: , Platform: Windows, Groups: 15,377
2025-08-23 18:21:33 - Adding platform group 278 for client sima - SUCCESS
2025-08-23 18:23:41 - clientPlatform processing for: Holy_SpIrIt*
2025-08-23 18:23:41 - Client info: , Platform: Windows, Groups: 264,377
2025-08-23 18:23:41 - Adding platform group 278 for client Holy_SpIrIt* - SUCCESS
2025-08-23 18:27:43 - clientPlatform processing for: Fen
2025-08-23 18:27:43 - Client info: , Platform: Windows, Groups: 7
2025-08-23 18:27:43 - Adding platform group 278 for client Fen - SUCCESS
2025-08-23 18:28:24 - clientPlatform processing for: Fen
2025-08-23 18:28:24 - Client info: , Platform: Windows, Groups: 8,369
2025-08-23 18:28:24 - Adding platform group 278 for client Fen - SUCCESS
2025-08-23 18:28:27 - clientPlatform processing for: stanleyipkiss
2025-08-23 18:28:27 - Client info: , Platform: Windows, Groups: 12,377
2025-08-23 18:28:27 - Adding platform group 278 for client stanleyipkiss - SUCCESS
2025-08-23 18:29:08 - clientPlatform processing for: KIYOTA PRIME
2025-08-23 18:29:08 - Client info: , Platform: Windows, Groups: 13,377
2025-08-23 18:29:08 - Adding platform group 278 for client KIYOTA PRIME - SUCCESS
2025-08-23 18:29:08 - clientPlatform processing for: Rio
2025-08-23 18:29:08 - Client info: , Platform: Windows, Groups: 8,369
2025-08-23 18:29:08 - Adding platform group 278 for client Rio - SUCCESS
2025-08-23 18:29:08 - clientPlatform processing for: KIYOTA PRIME
2025-08-23 18:29:08 - Client info: , Platform: Windows, Groups: 8,369
2025-08-23 18:29:08 - Group already assigned (detected from error), skipping
2025-08-23 18:29:08 - Adding platform group 278 for client KIYOTA PRIME - SUCCESS
2025-08-23 18:29:08 - clientPlatform processing for: KIYOTA PRIME
2025-08-23 18:29:08 - Client info: , Platform: Windows, Groups: 8,369
2025-08-23 18:29:08 - Group already assigned (detected from error), skipping
2025-08-23 18:29:08 - Adding platform group 278 for client KIYOTA PRIME - SUCCESS
2025-08-23 18:30:01 - clientPlatform processing for: Rio
2025-08-23 18:30:01 - Client info: , Platform: Windows, Groups: 8,369
2025-08-23 18:30:01 - Adding platform group 278 for client Rio - SUCCESS
2025-08-23 18:30:18 - clientPlatform processing for: ZmigmA
2025-08-23 18:30:18 - Client info: , Platform: Windows, Groups: 9,369
2025-08-23 18:30:18 - Adding platform group 278 for client ZmigmA - SUCCESS
2025-08-23 18:30:26 - clientPlatform processing for: Rio
2025-08-23 18:30:26 - Client info: , Platform: Windows, Groups: 8,369
2025-08-23 18:30:26 - Adding platform group 278 for client Rio - SUCCESS
2025-08-23 18:31:43 - clientPlatform processing for: KIYOTA PRIME
2025-08-23 18:31:43 - Client info: , Platform: Windows, Groups: 13,377
2025-08-23 18:31:43 - Adding platform group 278 for client KIYOTA PRIME - SUCCESS
2025-08-23 18:32:58 - clientPlatform processing for: whoismert
2025-08-23 18:32:58 - Client info: , Platform: Windows, Groups: 17,377
2025-08-23 18:32:58 - Adding platform group 278 for client whoismert - SUCCESS
2025-08-23 18:33:32 - clientPlatform processing for: osasderlerbana
2025-08-23 18:33:32 - Client info: , Platform: Windows, Groups: 263,377
2025-08-23 18:33:32 - Adding platform group 278 for client osasderlerbana - SUCCESS
2025-08-23 18:35:21 - clientPlatform processing for: Quenb
2025-08-23 18:35:21 - Client info: , Platform: Windows, Groups: 8,369
2025-08-23 18:35:21 - Adding platform group 278 for client Quenb - SUCCESS
2025-08-23 18:35:56 - clientPlatform processing for: dydek10master
2025-08-23 18:35:56 - Client info: , Platform: Windows, Groups: 17,377
2025-08-23 18:35:56 - Adding platform group 278 for client dydek10master - SUCCESS
2025-08-23 18:36:19 - clientPlatform processing for: zulul
2025-08-23 18:36:19 - Client info: , Platform: Windows, Groups: 18,377
2025-08-23 18:36:19 - Adding platform group 278 for client zulul - SUCCESS
2025-08-23 18:37:57 - clientPlatform processing for: XandeRMeisteR
2025-08-23 18:37:57 - Client info: , Platform: Windows, Groups: 266,377
2025-08-23 18:37:57 - Adding platform group 278 for client XandeRMeisteR - SUCCESS
2025-08-23 18:38:33 - clientPlatform processing for: d3sc
2025-08-23 18:38:33 - Client info: , Platform: Windows, Groups: 14,377
2025-08-23 18:38:33 - Adding platform group 278 for client d3sc - SUCCESS
2025-08-23 18:39:32 - clientPlatform processing for: Tufix
2025-08-23 18:39:32 - Client info: , Platform: Windows, Groups: 263,377
2025-08-23 18:39:32 - Adding platform group 278 for client Tufix - SUCCESS
2025-08-23 18:40:54 - clientPlatform processing for: СИСЯМАСИСЯ
2025-08-23 18:40:54 - Client info: , Platform: Windows, Groups: 18,377
2025-08-23 18:40:54 - Adding platform group 278 for client СИСЯМАСИСЯ - SUCCESS
2025-08-23 18:49:05 - clientPlatform processing for: SGS Rxsso
2025-08-23 18:49:05 - Client info: , Platform: Windows, Groups: 12,377
2025-08-23 18:49:05 - Adding platform group 278 for client SGS Rxsso - SUCCESS
2025-08-23 18:49:59 - clientPlatform processing for: e6lan
2025-08-23 18:49:59 - Client info: , Platform: Windows, Groups: 263,377
2025-08-23 18:49:59 - Adding platform group 278 for client e6lan - SUCCESS
2025-08-23 18:52:39 - clientPlatform processing for: initale
2025-08-23 18:52:39 - Client info: , Platform: Windows, Groups: 14,377
2025-08-23 18:52:39 - Adding platform group 278 for client initale - SUCCESS
2025-08-23 18:53:50 - clientPlatform processing for: -3k
2025-08-23 18:53:50 - Client info: , Platform: Windows, Groups: 15,377
2025-08-23 18:53:50 - Adding platform group 278 for client -3k - SUCCESS
2025-08-23 18:54:34 - clientPlatform processing for: tcmdrug
2025-08-23 18:54:34 - Client info: , Platform: Windows, Groups: 10,369
2025-08-23 18:54:34 - Adding platform group 278 for client tcmdrug - SUCCESS
2025-08-23 18:59:29 - clientPlatform processing for: poo
2025-08-23 18:59:29 - Client info: , Platform: Windows, Groups: 15,377
2025-08-23 18:59:29 - Adding platform group 278 for client poo - SUCCESS
2025-08-23 19:00:55 - clientPlatform processing for: рэдик
2025-08-23 19:00:55 - Client info: , Platform: Windows, Groups: 263,377
2025-08-23 19:00:55 - Adding platform group 278 for client рэдик - SUCCESS
2025-08-23 19:02:36 - clientPlatform processing for: Animepseh
2025-08-23 19:02:36 - Client info: , Platform: Windows, Groups: 13,377
2025-08-23 19:02:36 - Adding platform group 278 for client Animepseh - SUCCESS
2025-08-23 19:04:46 - clientPlatform processing for: SGS Calvo
2025-08-23 19:04:46 - Client info: , Platform: Windows, Groups: 10,369
2025-08-23 19:04:46 - Adding platform group 278 for client SGS Calvo - SUCCESS
2025-08-23 19:05:53 - clientPlatform processing for: Holy_SpIrIt*
2025-08-23 19:05:53 - Client info: , Platform: Windows, Groups: 264,377
2025-08-23 19:05:53 - Adding platform group 278 for client Holy_SpIrIt* - SUCCESS
2025-08-23 19:08:40 - clientPlatform processing for: TeamSpeakUser
2025-08-23 19:08:40 - Client info: , Platform: Windows, Groups: 10,369
2025-08-23 19:08:40 - Adding platform group 278 for client TeamSpeakUser - SUCCESS
2025-08-23 19:08:59 - clientPlatform processing for: poo
2025-08-23 19:08:59 - Client info: , Platform: Windows, Groups: 15,377
2025-08-23 19:08:59 - Adding platform group 278 for client poo - SUCCESS
2025-08-23 19:09:22 - clientPlatform processing for: рэдик
2025-08-23 19:09:22 - Client info: , Platform: Windows, Groups: 263,377
2025-08-23 19:09:22 - Adding platform group 278 for client рэдик - SUCCESS
2025-08-23 19:12:39 - clientPlatform processing for: saulov
2025-08-23 19:12:39 - Client info: , Platform: Windows, Groups: 266,377
2025-08-23 19:12:40 - Adding platform group 278 for client saulov - SUCCESS
2025-08-23 19:12:43 - clientPlatform processing for: SHLYHA
2025-08-23 19:12:43 - Client info: , Platform: Windows, Groups: 266,377
2025-08-23 19:12:43 - Adding platform group 278 for client SHLYHA - SUCCESS
2025-08-23 19:12:46 - clientPlatform processing for: вата
2025-08-23 19:12:46 - Client info: , Platform: Windows, Groups: 11,377
2025-08-23 19:12:46 - Adding platform group 278 for client вата - SUCCESS
2025-08-23 19:12:46 - clientPlatform processing for: вата
2025-08-23 19:12:46 - Client info: , Platform: Windows, Groups: 11,377
2025-08-23 19:12:46 - Group already assigned (detected from error), skipping
2025-08-23 19:12:46 - Adding platform group 278 for client вата - SUCCESS
2025-08-23 19:12:47 - clientPlatform processing for: вата
2025-08-23 19:12:47 - Client info: , Platform: Windows, Groups: 11,377
2025-08-23 19:12:47 - Group already assigned (detected from error), skipping
2025-08-23 19:12:47 - Adding platform group 278 for client вата - SUCCESS
2025-08-23 19:15:57 - clientPlatform processing for: T-Dány
2025-08-23 19:15:57 - Client info: , Platform: Windows, Groups: 12,377
2025-08-23 19:15:57 - Adding platform group 278 for client T-Dány - SUCCESS
2025-08-23 19:16:41 - clientPlatform processing for: andibandi
2025-08-23 19:16:41 - Client info: , Platform: Windows, Groups: 13,377
2025-08-23 19:16:41 - Adding platform group 278 for client andibandi - SUCCESS
2025-08-23 19:16:48 - clientPlatform processing for: cuffe
2025-08-23 19:16:48 - Client info: , Platform: Windows, Groups: 264,377
2025-08-23 19:16:48 - Adding platform group 278 for client cuffe - SUCCESS
2025-08-23 19:20:13 - clientPlatform processing for: ardoş
2025-08-23 19:20:13 - Client info: , Platform: Windows, Groups: 17,377
2025-08-23 19:20:13 - Adding platform group 278 for client ardoş - SUCCESS
2025-08-23 19:21:06 - clientPlatform processing for: Avrelius33
2025-08-23 19:21:06 - Client info: , Platform: Windows, Groups: 263,377
2025-08-23 19:21:06 - Adding platform group 278 for client Avrelius33 - SUCCESS
2025-08-23 19:26:41 - clientPlatform processing for: Плаки плаки лысый
2025-08-23 19:26:41 - Client info: , Platform: Windows, Groups: 13,377
2025-08-23 19:26:41 - Adding platform group 278 for client Плаки плаки лысый - SUCCESS
2025-08-23 19:29:35 - clientPlatform processing for: PastA1
2025-08-23 19:29:35 - Client info: , Platform: Windows, Groups: 18,377
2025-08-23 19:29:35 - Adding platform group 278 for client PastA1 - SUCCESS
2025-08-23 19:29:57 - clientPlatform processing for: Vulex23
2025-08-23 19:29:57 - Client info: , Platform: Windows, Groups: 14,377
2025-08-23 19:29:57 - Adding platform group 278 for client Vulex23 - SUCCESS
2025-08-23 19:30:07 - clientPlatform processing for: pisun
2025-08-23 19:30:07 - Client info: , Platform: Windows, Groups: 266,377
2025-08-23 19:30:07 - Adding platform group 278 for client pisun - SUCCESS
2025-08-23 19:30:58 - clientPlatform processing for: EXOPUL
2025-08-23 19:30:58 - Client info: , Platform: Windows, Groups: 13,377
2025-08-23 19:30:58 - Adding platform group 278 for client EXOPUL - SUCCESS
2025-08-23 19:31:13 - clientPlatform processing for: astraiser
2025-08-23 19:31:13 - Client info: , Platform: Windows, Groups: 263,377
2025-08-23 19:31:13 - Adding platform group 278 for client astraiser - SUCCESS
2025-08-23 19:31:34 - clientPlatform processing for: kirill24233
2025-08-23 19:31:34 - Client info: , Platform: Windows, Groups: 14,377
2025-08-23 19:31:34 - Adding platform group 278 for client kirill24233 - SUCCESS
2025-08-23 19:35:12 - clientPlatform processing for: TeamSpeakUser2
2025-08-23 19:35:12 - Client info: , Platform: Windows, Groups: 17,377
2025-08-23 19:35:12 - Adding platform group 278 for client TeamSpeakUser2 - SUCCESS
2025-08-23 19:40:00 - clientPlatform processing for: Уебище
2025-08-23 19:40:00 - Client info: , Platform: Windows, Groups: 17,377
2025-08-23 19:40:00 - Adding platform group 278 for client Уебище - SUCCESS
2025-08-23 19:43:53 - clientPlatform processing for: -SnoxJ
2025-08-23 19:43:53 - Client info: , Platform: Windows, Groups: 12,377
2025-08-23 19:43:53 - Adding platform group 278 for client -SnoxJ - SUCCESS
2025-08-23 19:44:37 - clientPlatform processing for: dayn777
2025-08-23 19:44:37 - Client info: , Platform: Windows, Groups: 264,377
2025-08-23 19:44:37 - Adding platform group 278 for client dayn777 - SUCCESS
2025-08-23 19:45:19 - clientPlatform processing for: billy nogami
2025-08-23 19:45:19 - Client info: , Platform: Windows, Groups: 266,377
2025-08-23 19:45:19 - Adding platform group 278 for client billy nogami - SUCCESS
2025-08-23 19:45:25 - clientPlatform processing for: TeamSpeakUser
2025-08-23 19:45:25 - Client info: , Platform: Windows, Groups: 7
2025-08-23 19:45:25 - Adding platform group 278 for client TeamSpeakUser - SUCCESS
2025-08-23 19:49:18 - clientPlatform processing for: fun cloud
2025-08-23 19:49:18 - Client info: , Platform: Windows, Groups: 13,377
2025-08-23 19:49:18 - Adding platform group 278 for client fun cloud - SUCCESS
2025-08-23 19:52:28 - clientPlatform processing for: Belzevul
2025-08-23 19:52:28 - Client info: , Platform: Windows, Groups: 14,377
2025-08-23 19:52:28 - Adding platform group 278 for client Belzevul - SUCCESS
2025-08-23 19:52:54 - clientPlatform processing for: Imperor
2025-08-23 19:52:54 - Client info: , Platform: Windows, Groups: 15,377
2025-08-23 19:52:54 - Adding platform group 278 for client Imperor - SUCCESS
2025-08-23 19:53:05 - clientPlatform processing for: GuNmiR_
2025-08-23 19:53:05 - Client info: , Platform: Windows, Groups: 264,377
2025-08-23 19:53:05 - Adding platform group 278 for client GuNmiR_ - SUCCESS
2025-08-23 19:54:39 - clientPlatform processing for: x7uned
2025-08-23 19:54:39 - Client info: , Platform: Windows, Groups: 13,377
2025-08-23 19:54:39 - Adding platform group 278 for client x7uned - SUCCESS
2025-08-23 19:56:36 - clientPlatform processing for: saadf
2025-08-23 19:56:36 - Client info: , Platform: Windows, Groups: 14,377
2025-08-23 19:56:36 - Adding platform group 278 for client saadf - SUCCESS
2025-08-23 19:56:51 - clientPlatform processing for: TeamSpeakUser13
2025-08-23 19:56:51 - Client info: , Platform: Windows, Groups: 18,96,377
2025-08-23 19:56:51 - Adding platform group 278 for client TeamSpeakUser13 - SUCCESS
2025-08-23 19:57:15 - clientPlatform processing for: TeamSpeakUser
2025-08-23 19:57:15 - Client info: , Platform: Windows, Groups: 13,377
2025-08-23 19:57:15 - Adding platform group 278 for client TeamSpeakUser - SUCCESS
2025-08-23 19:58:27 - clientPlatform processing for: Froll1
2025-08-23 19:58:27 - Client info: , Platform: Windows, Groups: 266,377
2025-08-23 19:58:27 - Adding platform group 278 for client Froll1 - SUCCESS
2025-08-23 19:59:16 - clientPlatform processing for: N1kit0s@
2025-08-23 19:59:16 - Client info: , Platform: Windows, Groups: 17,377
2025-08-23 19:59:16 - Adding platform group 278 for client N1kit0s@ - SUCCESS
2025-08-23 20:02:32 - clientPlatform processing for: bleen
2025-08-23 20:02:32 - Client info: , Platform: Android, Groups: 264,377
2025-08-23 20:02:32 - Adding platform group 282 for client bleen - SUCCESS
2025-08-23 20:04:05 - clientPlatform processing for: aswee-
2025-08-23 20:04:05 - Client info: , Platform: Windows, Groups: 13,377
2025-08-23 20:04:05 - Adding platform group 278 for client aswee- - SUCCESS
2025-08-23 20:04:50 - clientPlatform processing for: Haydn_123
2025-08-23 20:04:50 - Client info: , Platform: Windows, Groups: 266,377
2025-08-23 20:04:50 - Adding platform group 278 for client Haydn_123 - SUCCESS
2025-08-23 20:05:16 - clientPlatform processing for: mitsuki7
2025-08-23 20:05:16 - Client info: , Platform: Windows, Groups: 13,377
2025-08-23 20:05:16 - Adding platform group 278 for client mitsuki7 - SUCCESS
2025-08-23 20:05:22 - clientPlatform processing for: mogulyok
2025-08-23 20:05:22 - Client info: , Platform: Windows, Groups: 13,377
2025-08-23 20:05:22 - Adding platform group 278 for client mogulyok - SUCCESS
2025-08-23 20:05:45 - clientPlatform processing for: yasha-_
2025-08-23 20:05:45 - Client info: , Platform: Windows, Groups: 13,377
2025-08-23 20:05:45 - Adding platform group 278 for client yasha-_ - SUCCESS
2025-08-23 20:06:33 - clientPlatform processing for: billy nogami
2025-08-23 20:06:33 - Client info: , Platform: Windows, Groups: 266,377
2025-08-23 20:06:33 - Adding platform group 278 for client billy nogami - SUCCESS
2025-08-23 20:07:23 - clientPlatform processing for: billy nogami
2025-08-23 20:07:23 - Client info: , Platform: Windows, Groups: 266,377
2025-08-23 20:07:23 - Adding platform group 278 for client billy nogami - SUCCESS
2025-08-23 20:10:05 - clientPlatform processing for: billy nogami
2025-08-23 20:10:05 - Client info: , Platform: Windows, Groups: 266,377
2025-08-23 20:10:05 - Adding platform group 278 for client billy nogami - SUCCESS
2025-08-23 20:11:08 - clientPlatform processing for: erik
2025-08-23 20:11:08 - Client info: , Platform: Windows, Groups: 266,377
2025-08-23 20:11:08 - Adding platform group 278 for client erik - SUCCESS
2025-08-23 20:11:13 - clientPlatform processing for: шароёб
2025-08-23 20:11:13 - Client info: , Platform: Windows, Groups: 263,377
2025-08-23 20:11:13 - Adding platform group 278 for client шароёб - SUCCESS
2025-08-23 20:12:37 - clientPlatform processing for: elges
2025-08-23 20:12:37 - Client info: , Platform: Windows, Groups: 15,377
2025-08-23 20:12:37 - Adding platform group 278 for client elges - SUCCESS
2025-08-23 20:13:54 - clientPlatform processing for: mishechcaty
2025-08-23 20:13:54 - Client info: , Platform: Windows, Groups: 266,377
2025-08-23 20:13:54 - Adding platform group 278 for client mishechcaty - SUCCESS
2025-08-23 20:14:15 - clientPlatform processing for: TeamSpeakUser1
2025-08-23 20:14:15 - Client info: , Platform: Windows, Groups: 14,377
2025-08-23 20:14:15 - Adding platform group 278 for client TeamSpeakUser1 - SUCCESS
2025-08-23 20:14:41 - clientPlatform processing for: fugue state
2025-08-23 20:14:41 - Client info: , Platform: Windows, Groups: 15,377
2025-08-23 20:14:41 - Adding platform group 278 for client fugue state - SUCCESS
2025-08-23 20:15:55 - clientPlatform processing for: GSavio
2025-08-23 20:15:55 - Client info: , Platform: Windows, Groups: 266,377
2025-08-23 20:15:55 - Adding platform group 278 for client GSavio - SUCCESS
2025-08-23 20:17:05 - clientPlatform processing for: TeamSpeakUser3
2025-08-23 20:17:05 - Client info: , Platform: Windows, Groups: 265,377
2025-08-23 20:17:05 - Adding platform group 278 for client TeamSpeakUser3 - SUCCESS
2025-08-23 20:21:33 - clientPlatform processing for: Coolest
2025-08-23 20:21:33 - Client info: , Platform: Windows, Groups: 12,377
2025-08-23 20:21:33 - Adding platform group 278 for client Coolest - SUCCESS
2025-08-23 20:22:13 - clientPlatform processing for: TeamSpeakUser1
2025-08-23 20:22:13 - Client info: , Platform: Windows, Groups: 11,377
2025-08-23 20:22:13 - Adding platform group 278 for client TeamSpeakUser1 - SUCCESS
2025-08-23 20:22:14 - clientPlatform processing for: Last
2025-08-23 20:22:14 - Client info: , Platform: Windows, Groups: 17,377
2025-08-23 20:22:14 - Adding platform group 278 for client Last - SUCCESS
2025-08-23 20:22:50 - clientPlatform processing for: Patron
2025-08-23 20:22:50 - Client info: , Platform: Windows, Groups: 7
2025-08-23 20:22:50 - Adding platform group 278 for client Patron - SUCCESS
2025-08-23 20:23:18 - clientPlatform processing for: Stoja
2025-08-23 20:23:18 - Client info: , Platform: Windows, Groups: 9,369
2025-08-23 20:23:18 - Adding platform group 278 for client Stoja - SUCCESS
2025-08-23 20:23:43 - clientPlatform processing for: d3sc
2025-08-23 20:23:43 - Client info: , Platform: Windows, Groups: 14,377
2025-08-23 20:23:43 - Adding platform group 278 for client d3sc - SUCCESS
2025-08-23 20:24:07 - clientPlatform processing for: TeamSpeakUser11
2025-08-23 20:24:07 - Client info: , Platform: Windows, Groups: 14,377
2025-08-23 20:24:07 - Adding platform group 278 for client TeamSpeakUser11 - SUCCESS
2025-08-23 20:24:57 - clientPlatform processing for: lowtabsecure
2025-08-23 20:24:57 - Client info: , Platform: Windows, Groups: 14,377
2025-08-23 20:24:57 - Adding platform group 278 for client lowtabsecure - SUCCESS
2025-08-23 20:25:33 - clientPlatform processing for: F4funder
2025-08-23 20:25:33 - Client info: , Platform: Windows, Groups: 263,377
2025-08-23 20:25:33 - Adding platform group 278 for client F4funder - SUCCESS
2025-08-23 20:27:09 - clientPlatform processing for: Seyit
2025-08-23 20:27:09 - Client info: , Platform: Windows, Groups: 266,377
2025-08-23 20:27:09 - Adding platform group 278 for client Seyit - SUCCESS
2025-08-23 20:29:12 - clientPlatform processing for: Mix
2025-08-23 20:29:12 - Client info: , Platform: Windows, Groups: 18,377
2025-08-23 20:29:12 - Adding platform group 278 for client Mix - SUCCESS
2025-08-23 20:30:20 - clientPlatform processing for: baia
2025-08-23 20:30:20 - Client info: , Platform: Windows, Groups: 263,377
2025-08-23 20:30:20 - Adding platform group 278 for client baia - SUCCESS
2025-08-23 20:30:24 - clientPlatform processing for: TeamSpeakUser4
2025-08-23 20:30:24 - Client info: , Platform: Windows, Groups: 18,377
2025-08-23 20:30:24 - Adding platform group 278 for client TeamSpeakUser4 - SUCCESS
2025-08-23 20:31:01 - clientPlatform processing for: yaltinets
2025-08-23 20:31:01 - Client info: , Platform: Windows, Groups: 11,377
2025-08-23 20:31:01 - Adding platform group 278 for client yaltinets - SUCCESS
2025-08-23 20:32:51 - clientPlatform processing for: N3rvezz
2025-08-23 20:32:51 - Client info: , Platform: Windows, Groups: 14,377
2025-08-23 20:32:51 - Adding platform group 278 for client N3rvezz - SUCCESS
2025-08-23 20:34:10 - clientPlatform processing for: Phantor
2025-08-23 20:34:10 - Client info: , Platform: Windows, Groups: 263,377
2025-08-23 20:34:10 - Adding platform group 278 for client Phantor - SUCCESS
2025-08-23 20:36:52 - clientPlatform processing for: Baldiez
2025-08-23 20:36:52 - Client info: , Platform: Windows, Groups: 264,377
2025-08-23 20:36:52 - Adding platform group 278 for client Baldiez - SUCCESS
2025-08-23 20:39:21 - clientPlatform processing for: KIYOTA PRIME
2025-08-23 20:39:21 - Client info: , Platform: Windows, Groups: 13,377
2025-08-23 20:39:21 - Adding platform group 278 for client KIYOTA PRIME - SUCCESS
2025-08-23 20:40:10 - clientPlatform processing for: KurtaBesidaTV
2025-08-23 20:40:10 - Client info: , Platform: Windows, Groups: 13,377
2025-08-23 20:40:10 - Adding platform group 278 for client KurtaBesidaTV - SUCCESS
2025-08-23 20:40:19 - clientPlatform processing for: Stoja
2025-08-23 20:40:19 - Client info: , Platform: Windows, Groups: 10,369
2025-08-23 20:40:19 - Adding platform group 278 for client Stoja - SUCCESS
2025-08-23 20:41:10 - clientPlatform processing for: СИСЯ
2025-08-23 20:41:10 - Client info: , Platform: Windows, Groups: 266,377
2025-08-23 20:41:10 - Adding platform group 278 for client СИСЯ - SUCCESS
2025-08-23 20:43:52 - clientPlatform processing for: tasaru
2025-08-23 20:43:52 - Client info: , Platform: Windows, Groups: 13,377
2025-08-23 20:43:52 - Adding platform group 278 for client tasaru - SUCCESS
2025-08-23 20:43:53 - clientPlatform processing for: KIYOTA PRIME
2025-08-23 20:43:53 - Client info: , Platform: Windows, Groups: 13,377
2025-08-23 20:43:53 - Adding platform group 278 for client KIYOTA PRIME - SUCCESS
2025-08-23 20:44:47 - clientPlatform processing for: yaltinets
2025-08-23 20:44:47 - Client info: , Platform: Windows, Groups: 11,377
2025-08-23 20:44:47 - Adding platform group 278 for client yaltinets - SUCCESS
2025-08-23 20:44:55 - clientPlatform processing for: borkache
2025-08-23 20:44:55 - Client info: , Platform: Windows, Groups: 10,369
2025-08-23 20:44:55 - Adding platform group 278 for client borkache - SUCCESS
2025-08-23 20:45:43 - clientPlatform processing for: FataL1Day
2025-08-23 20:45:43 - Client info: , Platform: Windows, Groups: 12,377
2025-08-23 20:45:43 - Adding platform group 278 for client FataL1Day - SUCCESS
2025-08-23 20:48:25 - clientPlatform processing for: makpyn
2025-08-23 20:48:25 - Client info: , Platform: Windows, Groups: 17,377
2025-08-23 20:48:25 - Adding platform group 278 for client makpyn - SUCCESS
2025-08-23 20:51:13 - clientPlatform processing for: SYRUSSS
2025-08-23 20:51:13 - Client info: , Platform: Windows, Groups: 18,377
2025-08-23 20:51:13 - Adding platform group 278 for client SYRUSSS - SUCCESS
2025-08-23 20:52:24 - clientPlatform processing for: digitalmix
2025-08-23 20:52:24 - Client info: , Platform: Windows, Groups: 17,377
2025-08-23 20:52:24 - Adding platform group 278 for client digitalmix - SUCCESS
2025-08-23 20:53:37 - clientPlatform processing for: Ax`Lim
2025-08-23 20:53:37 - Client info: , Platform: Windows, Groups: 264,377
2025-08-23 20:53:37 - Adding platform group 278 for client Ax`Lim - SUCCESS
2025-08-23 20:53:40 - clientPlatform processing for: ALİ
2025-08-23 20:53:40 - Client info: , Platform: Windows, Groups: 15,377
2025-08-23 20:53:40 - Adding platform group 278 for client ALİ - SUCCESS
2025-08-23 20:54:53 - clientPlatform processing for: SysmoUsercid=140
2025-08-23 20:54:53 - Client info: , Platform: Windows, Groups: 12,377
2025-08-23 20:54:53 - Adding platform group 278 for client SysmoUsercid=140 - SUCCESS
2025-08-23 20:59:08 - clientPlatform processing for: Homka090
2025-08-23 20:59:08 - Client info: , Platform: Windows, Groups: 7
2025-08-23 20:59:08 - Adding platform group 278 for client Homka090 - SUCCESS
2025-08-23 21:08:29 - clientPlatform processing for: TeamSpeakUser2
2025-08-23 21:08:29 - Client info: , Platform: Windows, Groups: 266,377
2025-08-23 21:08:29 - Adding platform group 278 for client TeamSpeakUser2 - SUCCESS
2025-08-23 21:08:38 - clientPlatform processing for: Despaier
2025-08-23 21:08:38 - Client info: , Platform: Windows, Groups: 14,377
2025-08-23 21:08:38 - Adding platform group 278 for client Despaier - SUCCESS
2025-08-23 21:09:27 - clientPlatform processing for: KIYOTA PRIME
2025-08-23 21:09:27 - Client info: , Platform: Windows, Groups: 13,377
2025-08-23 21:09:27 - Adding platform group 278 for client KIYOTA PRIME - SUCCESS
2025-08-23 21:13:44 - clientPlatform processing for: Seyit
2025-08-23 21:13:44 - Client info: , Platform: Windows, Groups: 266,377
2025-08-23 21:13:44 - Adding platform group 278 for client Seyit - SUCCESS
2025-08-23 21:17:23 - clientPlatform processing for: kaetanin
2025-08-23 21:17:23 - Client info: , Platform: Windows, Groups: 17,377
2025-08-23 21:17:23 - Adding platform group 278 for client kaetanin - SUCCESS
2025-08-23 21:17:25 - clientPlatform processing for: Florian Bingsbaum
2025-08-23 21:17:25 - Client info: , Platform: Windows, Groups: 15,377
2025-08-23 21:17:25 - Adding platform group 278 for client Florian Bingsbaum - SUCCESS
2025-08-23 21:17:40 - clientPlatform processing for: Justin
2025-08-23 21:17:40 - Client info: , Platform: Windows, Groups: 15,377
2025-08-23 21:17:40 - Adding platform group 278 for client Justin - SUCCESS
2025-08-23 21:22:24 - clientPlatform processing for: Stoja
2025-08-23 21:22:24 - Client info: , Platform: Windows, Groups: 10,369
2025-08-23 21:22:24 - Adding platform group 278 for client Stoja - SUCCESS
2025-08-23 21:26:00 - clientPlatform processing for: Druid Сrow 🦅
2025-08-23 21:26:00 - Client info: , Platform: Windows, Groups: 20,377
2025-08-23 21:26:00 - Adding platform group 278 for client Druid Сrow 🦅 - SUCCESS
2025-08-23 21:26:04 - clientPlatform processing for: mogulyok
2025-08-23 21:26:04 - Client info: , Platform: Windows, Groups: 13,377
2025-08-23 21:26:04 - Adding platform group 278 for client mogulyok - SUCCESS
2025-08-23 21:26:30 - clientPlatform processing for: tokir808
2025-08-23 21:26:30 - Client info: , Platform: Windows, Groups: 7
2025-08-23 21:26:30 - Adding platform group 278 for client tokir808 - SUCCESS
2025-08-23 21:29:43 - clientPlatform processing for: tokir808
2025-08-23 21:29:43 - Client info: , Platform: Windows, Groups: 8,369
2025-08-23 21:29:43 - Adding platform group 278 for client tokir808 - SUCCESS
2025-08-23 21:30:21 - clientPlatform processing for: poo
2025-08-23 21:30:21 - Client info: , Platform: Windows, Groups: 15,377
2025-08-23 21:30:21 - Adding platform group 278 for client poo - SUCCESS
2025-08-23 21:30:39 - clientPlatform processing for: SysmoUsercid=140
2025-08-23 21:30:39 - Client info: , Platform: Windows, Groups: 12,377
2025-08-23 21:30:39 - Adding platform group 278 for client SysmoUsercid=140 - SUCCESS
2025-08-23 21:33:07 - clientPlatform processing for: mostafa
2025-08-23 21:33:07 - Client info: , Platform: Windows, Groups: 266,377
2025-08-23 21:33:07 - Adding platform group 278 for client mostafa - SUCCESS
2025-08-23 21:33:08 - clientPlatform processing for: mostafa
2025-08-23 21:33:08 - Client info: , Platform: Windows, Groups: 266,377
2025-08-23 21:33:08 - Group already assigned (detected from error), skipping
2025-08-23 21:33:08 - Adding platform group 278 for client mostafa - SUCCESS
2025-08-23 21:33:08 - clientPlatform processing for: mostafa
2025-08-23 21:33:08 - Client info: , Platform: Windows, Groups: 266,377
2025-08-23 21:33:08 - Group already assigned (detected from error), skipping
2025-08-23 21:33:08 - Adding platform group 278 for client mostafa - SUCCESS
2025-08-23 21:34:33 - clientPlatform processing for: sajjad
2025-08-23 21:34:33 - Client info: , Platform: Windows, Groups: 266,377
2025-08-23 21:34:33 - Adding platform group 278 for client sajjad - SUCCESS
2025-08-23 21:34:52 - clientPlatform processing for: Mura1212
2025-08-23 21:34:52 - Client info: , Platform: Windows, Groups: 15,377
2025-08-23 21:34:52 - Adding platform group 278 for client Mura1212 - SUCCESS
2025-08-23 21:38:35 - clientPlatform processing for: Mura1212
2025-08-23 21:38:35 - Client info: , Platform: Windows, Groups: 15,377
2025-08-23 21:38:35 - Adding platform group 278 for client Mura1212 - SUCCESS
2025-08-23 21:40:02 - clientPlatform processing for: SysmoUsercid=140
2025-08-23 21:40:02 - Client info: , Platform: Windows, Groups: 12,377
2025-08-23 21:40:02 - Adding platform group 278 for client SysmoUsercid=140 - SUCCESS
2025-08-23 21:40:57 - clientPlatform processing for: babanız
2025-08-23 21:40:57 - Client info: , Platform: Windows, Groups: 266,377
2025-08-23 21:40:57 - Adding platform group 278 for client babanız - SUCCESS
2025-08-23 21:41:36 - clientPlatform processing for: verdi
2025-08-23 21:41:36 - Client info: , Platform: Windows, Groups: 17,377
2025-08-23 21:41:36 - Adding platform group 278 for client verdi - SUCCESS
2025-08-23 21:42:13 - clientPlatform processing for: Mix
2025-08-23 21:42:13 - Client info: , Platform: Windows, Groups: 18,377
2025-08-23 21:42:13 - Adding platform group 278 for client Mix - SUCCESS
2025-08-23 21:42:22 - clientPlatform processing for: az_nzt
2025-08-23 21:42:22 - Client info: , Platform: Windows, Groups: 11,377
2025-08-23 21:42:22 - Adding platform group 278 for client az_nzt - SUCCESS
2025-08-23 21:43:43 - clientPlatform processing for: poo
2025-08-23 21:43:43 - Client info: , Platform: Windows, Groups: 15,377
2025-08-23 21:43:43 - Adding platform group 278 for client poo - SUCCESS
2025-08-23 21:44:03 - clientPlatform processing for: GuitarBot
2025-08-23 21:44:03 - Client info: , Platform: Windows, Groups: 7
2025-08-23 21:44:03 - Adding platform group 278 for client GuitarBot - SUCCESS
2025-08-23 21:44:12 - clientPlatform processing for: TeamSpeakUser3
2025-08-23 21:44:12 - Client info: , Platform: Windows, Groups: 7
2025-08-23 21:44:12 - Adding platform group 278 for client TeamSpeakUser3 - SUCCESS
2025-08-23 21:44:52 - clientPlatform processing for: Hampter
2025-08-23 21:44:52 - Client info: , Platform: Windows, Groups: 7
2025-08-23 21:44:52 - Adding platform group 278 for client Hampter - SUCCESS
2025-08-23 21:44:53 - clientPlatform processing for: Hampter
2025-08-23 21:44:53 - Client info: , Platform: Windows, Groups: 7
2025-08-23 21:44:53 - Group already assigned (detected from error), skipping
2025-08-23 21:44:53 - Adding platform group 278 for client Hampter - SUCCESS
2025-08-23 21:44:53 - clientPlatform processing for: Hampter
2025-08-23 21:44:53 - Client info: , Platform: Windows, Groups: 7
2025-08-23 21:44:53 - Group already assigned (detected from error), skipping
2025-08-23 21:44:53 - Adding platform group 278 for client Hampter - SUCCESS
2025-08-23 21:46:14 - clientPlatform processing for: LADRON
2025-08-23 21:46:14 - Client info: , Platform: Windows, Groups: 266,377
2025-08-23 21:46:14 - Adding platform group 278 for client LADRON - SUCCESS
2025-08-23 21:46:28 - clientPlatform processing for: sss
2025-08-23 21:46:28 - Client info: , Platform: Windows, Groups: 7
2025-08-23 21:46:28 - Adding platform group 278 for client sss - SUCCESS
2025-08-23 21:47:53 - clientPlatform processing for: MC durak
2025-08-23 21:47:53 - Client info: , Platform: Windows, Groups: 17,377
2025-08-23 21:47:53 - Adding platform group 278 for client MC durak - SUCCESS
2025-08-23 21:48:51 - clientPlatform processing for: AlexQc
2025-08-23 21:48:51 - Client info: , Platform: Windows, Groups: 266,377
2025-08-23 21:48:51 - Adding platform group 278 for client AlexQc - SUCCESS
2025-08-23 21:49:02 - clientPlatform processing for: KurtaBesidaTV
2025-08-23 21:49:02 - Client info: , Platform: Windows, Groups: 13,377
2025-08-23 21:49:02 - Adding platform group 278 for client KurtaBesidaTV - SUCCESS
2025-08-23 21:50:11 - clientPlatform processing for: joyy
2025-08-23 21:50:11 - Client info: , Platform: Windows, Groups: 266,377
2025-08-23 21:50:11 - Adding platform group 278 for client joyy - SUCCESS
2025-08-23 21:50:22 - clientPlatform processing for: SysmoUsercid=140
2025-08-23 21:50:22 - Client info: , Platform: Windows, Groups: 12,377
2025-08-23 21:50:22 - Adding platform group 278 for client SysmoUsercid=140 - SUCCESS
2025-08-23 21:51:40 - clientPlatform processing for: RABOTES
2025-08-23 21:51:40 - Client info: , Platform: Windows, Groups: 264,377
2025-08-23 21:51:40 - Adding platform group 278 for client RABOTES - SUCCESS
2025-08-23 21:52:24 - clientPlatform processing for: tasaru
2025-08-23 21:52:24 - Client info: , Platform: Windows, Groups: 13,377
2025-08-23 21:52:24 - Adding platform group 278 for client tasaru - SUCCESS
2025-08-23 21:52:25 - clientPlatform processing for: tasaru
2025-08-23 21:52:25 - Client info: , Platform: Windows, Groups: 13,377
2025-08-23 21:52:25 - Group already assigned (detected from error), skipping
2025-08-23 21:52:25 - Adding platform group 278 for client tasaru - SUCCESS
2025-08-23 21:52:25 - clientPlatform processing for: tasaru
2025-08-23 21:52:25 - Client info: , Platform: Windows, Groups: 13,377
2025-08-23 21:52:25 - Group already assigned (detected from error), skipping
2025-08-23 21:52:25 - Adding platform group 278 for client tasaru - SUCCESS
2025-08-23 21:52:27 - clientPlatform processing for: GENERAL MOTORS
2025-08-23 21:52:27 - Client info: , Platform: Windows, Groups: 17,377
2025-08-23 21:52:27 - Adding platform group 278 for client GENERAL MOTORS - SUCCESS
2025-08-23 21:52:27 - clientPlatform processing for: GENERAL MOTORS
2025-08-23 21:52:27 - Client info: , Platform: Windows, Groups: 17,377
2025-08-23 21:52:27 - Group already assigned (detected from error), skipping
2025-08-23 21:52:27 - Adding platform group 278 for client GENERAL MOTORS - SUCCESS
2025-08-23 21:52:28 - clientPlatform processing for: GENERAL MOTORS
2025-08-23 21:52:28 - Client info: , Platform: Windows, Groups: 17,377
2025-08-23 21:52:28 - Group already assigned (detected from error), skipping
2025-08-23 21:52:28 - Adding platform group 278 for client GENERAL MOTORS - SUCCESS
2025-08-23 21:52:52 - clientPlatform processing for: LADRON
2025-08-23 21:52:52 - Client info: , Platform: Windows, Groups: 266,377
2025-08-23 21:52:52 - Adding platform group 278 for client LADRON - SUCCESS
2025-08-23 21:54:27 - clientPlatform processing for: sss
2025-08-23 21:54:27 - Client info: , Platform: Windows, Groups: 8,369
2025-08-23 21:54:27 - Adding platform group 278 for client sss - SUCCESS
2025-08-23 21:55:33 - clientPlatform processing for: Сика
2025-08-23 21:55:33 - Client info: , Platform: Windows, Groups: 266,377
2025-08-23 21:55:33 - Adding platform group 278 for client Сика - SUCCESS
2025-08-23 22:02:53 - clientPlatform processing for: fz1
2025-08-23 22:02:53 - Client info: , Platform: Windows, Groups: 9,369
2025-08-23 22:02:53 - Adding platform group 278 for client fz1 - SUCCESS
2025-08-23 22:05:09 - clientPlatform processing for: Cencya1
2025-08-23 22:05:09 - Client info: , Platform: Windows, Groups: 15,377
2025-08-23 22:05:09 - Adding platform group 278 for client Cencya1 - SUCCESS
2025-08-23 22:07:38 - clientPlatform processing for: zzzCorleonezzz ( Бислан )
2025-08-23 22:07:38 - Client info: , Platform: Windows, Groups: 266,377
2025-08-23 22:07:38 - Adding platform group 278 for client zzzCorleonezzz ( Бислан ) - SUCCESS
2025-08-23 22:10:55 - clientPlatform processing for: KingDriver
2025-08-23 22:10:55 - Client info: , Platform: Windows, Groups: 264,377
2025-08-23 22:10:55 - Adding platform group 278 for client KingDriver - SUCCESS
2025-08-23 22:11:28 - clientPlatform processing for: poo
2025-08-23 22:11:28 - Client info: , Platform: Windows, Groups: 15,377
2025-08-23 22:11:28 - Adding platform group 278 for client poo - SUCCESS
2025-08-23 22:11:47 - clientPlatform processing for: Jabberson
2025-08-23 22:11:47 - Client info: , Platform: Windows, Groups: 263,377
2025-08-23 22:11:47 - Adding platform group 278 for client Jabberson - SUCCESS
2025-08-23 22:12:13 - clientPlatform processing for: Jabberson
2025-08-23 22:12:13 - Client info: , Platform: Windows, Groups: 263,377
2025-08-23 22:12:13 - Adding platform group 278 for client Jabberson - SUCCESS
2025-08-23 22:13:39 - clientPlatform processing for: LADRON
2025-08-23 22:13:39 - Client info: , Platform: Windows, Groups: 266,377
2025-08-23 22:13:39 - Adding platform group 278 for client LADRON - SUCCESS
2025-08-23 22:14:41 - clientPlatform processing for: SNAC-Ahmet
2025-08-23 22:14:41 - Client info: , Platform: Windows, Groups: 266,377
2025-08-23 22:14:41 - Adding platform group 278 for client SNAC-Ahmet - SUCCESS
2025-08-23 22:15:46 - clientPlatform processing for: kayanyildz
2025-08-23 22:15:46 - Client info: , Platform: Windows, Groups: 266,377
2025-08-23 22:15:46 - Adding platform group 278 for client kayanyildz - SUCCESS
2025-08-23 22:16:08 - clientPlatform processing for: Doolph
2025-08-23 22:16:08 - Client info: , Platform: Windows, Groups: 266,377
2025-08-23 22:16:08 - Adding platform group 278 for client Doolph - SUCCESS
2025-08-23 22:18:09 - clientPlatform processing for: Koniciva
2025-08-23 22:18:09 - Client info: , Platform: Windows, Groups: 15,377
2025-08-23 22:18:09 - Adding platform group 278 for client Koniciva - SUCCESS
2025-08-23 22:24:29 - clientPlatform processing for: joyy
2025-08-23 22:24:29 - Client info: , Platform: Windows, Groups: 266,377
2025-08-23 22:24:29 - Adding platform group 278 for client joyy - SUCCESS
2025-08-23 22:26:39 - clientPlatform processing for: Coolest
2025-08-23 22:26:39 - Client info: , Platform: Windows, Groups: 12,377
2025-08-23 22:26:39 - Adding platform group 278 for client Coolest - SUCCESS
2025-08-23 22:28:09 - clientPlatform processing for: TEANZI
2025-08-23 22:28:09 - Client info: , Platform: Windows, Groups: 13,377
2025-08-23 22:28:09 - Adding platform group 278 for client TEANZI - SUCCESS
2025-08-23 22:28:43 - clientPlatform processing for: Coolest
2025-08-23 22:28:43 - Client info: , Platform: Windows, Groups: 12,377
2025-08-23 22:28:43 - Adding platform group 278 for client Coolest - SUCCESS
2025-08-23 22:28:46 - clientPlatform processing for: yngbldd
2025-08-23 22:28:46 - Client info: , Platform: Windows, Groups: 11,377
2025-08-23 22:28:46 - Adding platform group 278 for client yngbldd - SUCCESS
2025-08-23 22:30:48 - clientPlatform processing for: sayonara
2025-08-23 22:30:48 - Client info: , Platform: Windows, Groups: 14,377
2025-08-23 22:30:48 - Adding platform group 278 for client sayonara - SUCCESS
2025-08-23 22:31:29 - clientPlatform processing for: MicchiTR
2025-08-23 22:31:29 - Client info: , Platform: Windows, Groups: 13,377
2025-08-23 22:31:29 - Adding platform group 278 for client MicchiTR - SUCCESS
2025-08-23 22:32:26 - clientPlatform processing for: Sethius
2025-08-23 22:32:26 - Client info: , Platform: Windows, Groups: 13,377
2025-08-23 22:32:26 - Adding platform group 278 for client Sethius - SUCCESS
2025-08-23 22:33:05 - clientPlatform processing for: TeamSpeakUser
2025-08-23 22:33:05 - Client info: , Platform: Windows, Groups: 266,377
2025-08-23 22:33:05 - Adding platform group 278 for client TeamSpeakUser - SUCCESS
2025-08-23 22:33:15 - clientPlatform processing for: RauL
2025-08-23 22:33:15 - Client info: , Platform: Windows, Groups: 264,377
2025-08-23 22:33:15 - Adding platform group 278 for client RauL - SUCCESS
2025-08-23 22:33:19 - clientPlatform processing for: PipkaOtca
2025-08-23 22:33:19 - Client info: , Platform: Windows, Groups: 266,377
2025-08-23 22:33:20 - Adding platform group 278 for client PipkaOtca - SUCCESS
2025-08-23 22:34:15 - clientPlatform processing for: sayonara
2025-08-23 22:34:15 - Client info: , Platform: Windows, Groups: 14,377
2025-08-23 22:34:15 - Adding platform group 278 for client sayonara - SUCCESS
2025-08-23 22:43:35 - clientPlatform processing for: moco
2025-08-23 22:43:35 - Client info: , Platform: Windows, Groups: 13,377
2025-08-23 22:43:35 - Adding platform group 278 for client moco - SUCCESS
2025-08-23 22:50:16 - clientPlatform processing for: Coolest
2025-08-23 22:50:16 - Client info: , Platform: Windows, Groups: 12,377
2025-08-23 22:50:16 - Adding platform group 278 for client Coolest - SUCCESS
2025-08-23 22:53:59 - clientPlatform processing for: saulov
2025-08-23 22:53:59 - Client info: , Platform: Windows, Groups: 266,377
2025-08-23 22:53:59 - Adding platform group 278 for client saulov - SUCCESS
2025-08-23 22:54:07 - clientPlatform processing for: SHLYHA
2025-08-23 22:54:07 - Client info: , Platform: Windows, Groups: 266,377
2025-08-23 22:54:07 - Adding platform group 278 for client SHLYHA - SUCCESS
2025-08-23 22:54:24 - clientPlatform processing for: вата
2025-08-23 22:54:24 - Client info: , Platform: Windows, Groups: 11,377
2025-08-23 22:54:24 - Adding platform group 278 for client вата - SUCCESS
2025-08-23 22:59:15 - clientPlatform processing for: poyraz
2025-08-23 22:59:15 - Client info: , Platform: Windows, Groups: 12,377
2025-08-23 22:59:15 - Adding platform group 278 for client poyraz - SUCCESS
2025-08-23 23:08:34 - clientPlatform processing for: mishechcat
2025-08-23 23:08:34 - Client info: , Platform: iOS, Groups: 12,377
2025-08-23 23:08:34 - Adding platform group 281 for client mishechcat - SUCCESS
2025-08-23 23:11:34 - clientPlatform processing for: miz-miz
2025-08-23 23:11:34 - Client info: , Platform: Windows, Groups: 17,377
2025-08-23 23:11:34 - Adding platform group 278 for client miz-miz - SUCCESS
2025-08-23 23:12:19 - clientPlatform processing for: KIYOTA PRIME
2025-08-23 23:12:19 - Client info: , Platform: Windows, Groups: 13,377
2025-08-23 23:12:19 - Adding platform group 278 for client KIYOTA PRIME - SUCCESS
2025-08-23 23:12:26 - clientPlatform processing for: Em1roff
2025-08-23 23:12:26 - Client info: , Platform: Windows, Groups: 12,377
2025-08-23 23:12:26 - Adding platform group 278 for client Em1roff - SUCCESS
2025-08-23 23:18:07 - clientPlatform processing for: poo
2025-08-23 23:18:07 - Client info: , Platform: Windows, Groups: 15,377
2025-08-23 23:18:07 - Adding platform group 278 for client poo - SUCCESS
2025-08-23 23:18:31 - clientPlatform processing for: GSavio
2025-08-23 23:18:31 - Client info: , Platform: Windows, Groups: 266,377
2025-08-23 23:18:31 - Adding platform group 278 for client GSavio - SUCCESS
2025-08-23 23:18:56 - clientPlatform processing for: TeamSpeakUser1
2025-08-23 23:18:56 - Client info: , Platform: Windows, Groups: 14,377
2025-08-23 23:18:56 - Adding platform group 278 for client TeamSpeakUser1 - SUCCESS
2025-08-23 23:19:44 - clientPlatform processing for: TeamSpeakUser1
2025-08-23 23:19:44 - Client info: , Platform: Windows, Groups: 14,377
2025-08-23 23:19:44 - Adding platform group 278 for client TeamSpeakUser1 - SUCCESS
2025-08-23 23:30:10 - clientPlatform processing for: Skellatic
2025-08-23 23:30:10 - Client info: , Platform: Windows, Groups: 7
2025-08-23 23:30:10 - Adding platform group 278 for client Skellatic - SUCCESS
2025-08-23 23:31:43 - clientPlatform processing for: kaiizenn
2025-08-23 23:31:43 - Client info: , Platform: Windows, Groups: 28,377,382,399,400,436,437
2025-08-23 23:31:43 - Adding platform group 278 for client kaiizenn - SUCCESS
2025-08-23 23:33:53 - clientPlatform processing for: shinigami
2025-08-23 23:33:53 - Client info: , Platform: Windows, Groups: 26,377,381,383,385
2025-08-23 23:33:53 - Adding platform group 278 for client shinigami - SUCCESS
2025-08-23 23:34:11 - clientPlatform processing for: IIBallisticII
2025-08-23 23:34:11 - Client info: , Platform: Windows, Groups: 7
2025-08-23 23:34:11 - Adding platform group 278 for client IIBallisticII - SUCCESS
2025-08-23 23:40:23 - clientPlatform processing for: TeamSpeakUser3
2025-08-23 23:40:23 - Client info: , Platform: Windows, Groups: 266,377
2025-08-23 23:40:23 - Adding platform group 278 for client TeamSpeakUser3 - SUCCESS
2025-08-23 23:42:06 - clientPlatform processing for: PitcaRNNN``
2025-08-23 23:42:06 - Client info: , Platform: Windows, Groups: 266,377
2025-08-23 23:42:06 - Adding platform group 278 for client PitcaRNNN`` - SUCCESS
2025-08-23 23:45:08 - clientPlatform processing for: OMNI
2025-08-23 23:45:08 - Client info: , Platform: Windows, Groups: 8,369
2025-08-23 23:45:08 - Adding platform group 278 for client OMNI - SUCCESS
2025-08-23 23:46:20 - clientPlatform processing for: lolo
2025-08-23 23:46:20 - Client info: , Platform: Windows, Groups: 7
2025-08-23 23:46:21 - Adding platform group 278 for client lolo - SUCCESS
2025-08-23 23:46:41 - clientPlatform processing for: Nyx
2025-08-23 23:46:41 - Client info: , Platform: Windows, Groups: 7
2025-08-23 23:46:41 - Adding platform group 278 for client Nyx - SUCCESS
2025-08-23 23:47:44 - clientPlatform processing for: don
2025-08-23 23:47:44 - Client info: , Platform: Windows, Groups: 17,377
2025-08-23 23:47:44 - Adding platform group 278 for client don - SUCCESS
2025-08-23 23:48:28 - clientPlatform processing for: S14M4K
2025-08-23 23:48:28 - Client info: , Platform: Windows, Groups: 8,369
2025-08-23 23:48:28 - Adding platform group 278 for client S14M4K - SUCCESS
2025-08-23 23:48:29 - clientPlatform processing for: janik
2025-08-23 23:48:29 - Client info: , Platform: Windows, Groups: 14,377
2025-08-23 23:48:29 - Adding platform group 278 for client janik - SUCCESS
2025-08-23 23:48:29 - clientPlatform processing for: janik
2025-08-23 23:48:29 - Client info: , Platform: Windows, Groups: 14,377
2025-08-23 23:48:29 - Group already assigned (detected from error), skipping
2025-08-23 23:48:29 - Adding platform group 278 for client janik - SUCCESS
2025-08-23 23:48:30 - clientPlatform processing for: janik
2025-08-23 23:48:30 - Client info: , Platform: Windows, Groups: 14,377
2025-08-23 23:48:30 - Group already assigned (detected from error), skipping
2025-08-23 23:48:30 - Adding platform group 278 for client janik - SUCCESS
2025-08-23 23:49:29 - clientPlatform processing for: lolo
2025-08-23 23:49:29 - Client info: , Platform: Windows, Groups: 8,369
2025-08-23 23:49:29 - Adding platform group 278 for client lolo - SUCCESS
2025-08-23 23:51:11 - clientPlatform processing for: lolo
2025-08-23 23:51:11 - Client info: , Platform: Windows, Groups: 8,369
2025-08-23 23:51:11 - Adding platform group 278 for client lolo - SUCCESS
2025-08-23 23:51:30 - clientPlatform processing for: batuhnn
2025-08-23 23:51:30 - Client info: , Platform: Windows, Groups: 266,377
2025-08-23 23:51:30 - Adding platform group 278 for client batuhnn - SUCCESS
2025-08-23 23:53:15 - clientPlatform processing for: KingDriver
2025-08-23 23:53:15 - Client info: , Platform: Windows, Groups: 264,377
2025-08-23 23:53:15 - Adding platform group 278 for client KingDriver - SUCCESS
2025-08-23 23:55:27 - clientPlatform processing for: mostafa
2025-08-23 23:55:27 - Client info: , Platform: Windows, Groups: 266,377
2025-08-23 23:55:27 - Adding platform group 278 for client mostafa - SUCCESS
2025-08-23 23:56:25 - clientPlatform processing for: abs
2025-08-23 23:56:25 - Client info: , Platform: Windows, Groups: 7
2025-08-23 23:56:25 - Adding platform group 278 for client abs - SUCCESS
2025-08-23 23:56:48 - clientPlatform processing for: aslan
2025-08-23 23:56:48 - Client info: , Platform: Windows, Groups: 14,377
2025-08-23 23:56:48 - Adding platform group 278 for client aslan - SUCCESS
2025-08-23 23:58:49 - clientPlatform processing for: kyojin
2025-08-23 23:58:49 - Client info: , Platform: Windows, Groups: 266,377
2025-08-23 23:58:49 - Adding platform group 278 for client kyojin - SUCCESS
