2025-06-23 00:01:27 - clientPlatform processing for: TeamSpeakUser2
2025-06-23 00:01:27 - Client info: , Platform: Windows, Groups: 264,377
2025-06-23 00:01:27 - Adding platform group 278 for client TeamSpeakUser2 - SUCCESS
2025-06-23 00:12:03 - clientPlatform processing for: farkoshka
2025-06-23 00:12:03 - Client info: , Platform: Windows, Groups: 264,377
2025-06-23 00:12:03 - Adding platform group 278 for client farkoshka - SUCCESS
2025-06-23 00:12:27 - clientPlatform processing for: Jabberson
2025-06-23 00:12:27 - Client info: , Platform: Windows, Groups: 17,377
2025-06-23 00:12:27 - Adding platform group 278 for client Jabberson - SUCCESS
2025-06-23 00:16:23 - clientPlatform processing for: шароёб
2025-06-23 00:16:23 - Client info: , Platform: Windows, Groups: 263,377
2025-06-23 00:16:23 - Adding platform group 278 for client шароёб - SUCCESS
2025-06-23 00:17:45 - clientPlatform processing for: 1.6fsidertpaket
2025-06-23 00:17:45 - Client info: , Platform: Windows, Groups: 13,377
2025-06-23 00:17:45 - Adding platform group 278 for client 1.6fsidertpaket - SUCCESS
2025-06-23 00:18:04 - clientPlatform processing for: 1.6 fsi ders paket
2025-06-23 00:18:04 - Client info: , Platform: Windows, Groups: 13,377
2025-06-23 00:18:04 - Adding platform group 278 for client 1.6 fsi ders paket - SUCCESS
2025-06-23 00:19:17 - clientPlatform processing for: saleh_4
2025-06-23 00:19:17 - Client info: , Platform: Windows, Groups: 263,377
2025-06-23 00:19:17 - Adding platform group 278 for client saleh_4 - SUCCESS
2025-06-23 00:22:10 - clientPlatform processing for: Rossy
2025-06-23 00:22:10 - Client info: , Platform: Windows, Groups: 11,369
2025-06-23 00:22:10 - Adding platform group 278 for client Rossy - SUCCESS
2025-06-23 00:22:43 - clientPlatform processing for: nam
2025-06-23 00:22:43 - Client info: , Platform: Windows, Groups: 265,377
2025-06-23 00:22:44 - Adding platform group 278 for client nam - SUCCESS
2025-06-23 00:22:44 - clientPlatform processing for: шароёб
2025-06-23 00:22:44 - Client info: , Platform: Windows, Groups: 263,377
2025-06-23 00:22:44 - Adding platform group 278 for client шароёб - SUCCESS
2025-06-23 00:22:49 - clientPlatform processing for: шароёб
2025-06-23 00:22:49 - Client info: , Platform: Windows, Groups: 263,377
2025-06-23 00:22:49 - Group already assigned (detected from error), skipping
2025-06-23 00:22:49 - Adding platform group 278 for client шароёб - SUCCESS
2025-06-23 00:22:50 - clientPlatform processing for: шароёб
2025-06-23 00:22:50 - Client info: , Platform: Windows, Groups: 263,377
2025-06-23 00:22:50 - Group already assigned (detected from error), skipping
2025-06-23 00:22:50 - Adding platform group 278 for client шароёб - SUCCESS
2025-06-23 00:23:10 - clientPlatform processing for: Danu
2025-06-23 00:23:10 - Client info: , Platform: Windows, Groups: 7
2025-06-23 00:23:10 - Adding platform group 278 for client Danu - SUCCESS
2025-06-23 00:25:08 - clientPlatform processing for: caeciliae
2025-06-23 00:25:08 - Client info: , Platform: Windows, Groups: 266,377
2025-06-23 00:25:08 - Adding platform group 278 for client caeciliae - SUCCESS
2025-06-23 00:25:45 - clientPlatform processing for: ZIMBALAZ
2025-06-23 00:25:45 - Client info: , Platform: Windows, Groups: 265,377
2025-06-23 00:25:45 - Adding platform group 278 for client ZIMBALAZ - SUCCESS
2025-06-23 00:26:19 - clientPlatform processing for: добрий вечір
2025-06-23 00:26:19 - Client info: , Platform: Windows, Groups: 15,377
2025-06-23 00:26:19 - Adding platform group 278 for client добрий вечір - SUCCESS
2025-06-23 00:27:07 - clientPlatform processing for: ван гогг
2025-06-23 00:27:07 - Client info: , Platform: Windows, Groups: 15,377
2025-06-23 00:27:07 - Adding platform group 278 for client ван гогг - SUCCESS
2025-06-23 00:29:52 - clientPlatform processing for: TeamSpeakUser1
2025-06-23 00:29:52 - Client info: , Platform: Windows, Groups: 14,377
2025-06-23 00:29:52 - Adding platform group 278 for client TeamSpeakUser1 - SUCCESS
2025-06-23 00:35:42 - clientPlatform processing for: Ace
2025-06-23 00:35:42 - Client info: , Platform: Windows, Groups: 263,377
2025-06-23 00:35:42 - Adding platform group 278 for client Ace - SUCCESS
2025-06-23 00:39:57 - clientPlatform processing for: jajao
2025-06-23 00:39:57 - Client info: , Platform: Windows, Groups: 14,377
2025-06-23 00:39:57 - Adding platform group 278 for client jajao - SUCCESS
2025-06-23 00:46:59 - clientPlatform processing for: xGhostyLEGIT
2025-06-23 00:46:59 - Client info: , Platform: Windows, Groups: 8,369
2025-06-23 00:46:59 - Adding platform group 278 for client xGhostyLEGIT - SUCCESS
2025-06-23 00:48:04 - clientPlatform processing for: Ameeeeeeeeer
2025-06-23 00:48:04 - Client info: , Platform: Windows, Groups: 15,377
2025-06-23 00:48:04 - Adding platform group 278 for client Ameeeeeeeeer - SUCCESS
2025-06-23 00:49:20 - clientPlatform processing for: xGhostyLEGIT
2025-06-23 00:49:20 - Client info: , Platform: Windows, Groups: 9,369
2025-06-23 00:49:20 - Adding platform group 278 for client xGhostyLEGIT - SUCCESS
2025-06-23 01:01:11 - clientPlatform processing for: imREY
2025-06-23 01:01:11 - Client info: , Platform: Windows, Groups: 14,377
2025-06-23 01:01:11 - Adding platform group 278 for client imREY - SUCCESS
2025-06-23 01:07:55 - clientPlatform processing for: mevlutozkara
2025-06-23 01:07:55 - Client info: , Platform: Windows, Groups: 9,369
2025-06-23 01:07:55 - Adding platform group 278 for client mevlutozkara - SUCCESS
2025-06-23 01:16:36 - clientPlatform processing for: saulov
2025-06-23 01:16:36 - Client info: , Platform: Windows, Groups: 15,377
2025-06-23 01:16:36 - Adding platform group 278 for client saulov - SUCCESS
2025-06-23 01:18:26 - clientPlatform processing for: saulov
2025-06-23 01:18:26 - Client info: , Platform: Windows, Groups: 15,377
2025-06-23 01:18:26 - Adding platform group 278 for client saulov - SUCCESS
2025-06-23 01:30:27 - clientPlatform processing for: [#]Misc1
2025-06-23 01:30:27 - Client info: , Platform: Linux, Groups: 391
2025-06-23 01:30:27 - Adding platform group 279 for client [#]Misc1 - SUCCESS
2025-06-23 02:19:17 - clientPlatform processing for: youyou
2025-06-23 02:19:17 - Client info: , Platform: Windows, Groups: 266,377
2025-06-23 02:19:17 - Adding platform group 278 for client youyou - SUCCESS
2025-06-23 02:20:28 - clientPlatform processing for: Chico
2025-06-23 02:20:28 - Client info: , Platform: Windows, Groups: 266,377
2025-06-23 02:20:28 - Adding platform group 278 for client Chico - SUCCESS
2025-06-23 02:25:16 - clientPlatform processing for: juju
2025-06-23 02:25:16 - Client info: , Platform: Windows, Groups: 15,377
2025-06-23 02:25:16 - Adding platform group 278 for client juju - SUCCESS
2025-06-23 02:25:17 - clientPlatform processing for: juju
2025-06-23 02:25:17 - Client info: , Platform: Windows, Groups: 15,377
2025-06-23 02:25:17 - Group already assigned (detected from error), skipping
2025-06-23 02:25:17 - Adding platform group 278 for client juju - SUCCESS
2025-06-23 02:25:17 - clientPlatform processing for: juju
2025-06-23 02:25:17 - Client info: , Platform: Windows, Groups: 15,377
2025-06-23 02:25:17 - Group already assigned (detected from error), skipping
2025-06-23 02:25:17 - Adding platform group 278 for client juju - SUCCESS
2025-06-23 02:46:15 - clientPlatform processing for: добрий вечір
2025-06-23 02:46:15 - Client info: , Platform: Windows, Groups: 15,377
2025-06-23 02:46:15 - Adding platform group 278 for client добрий вечір - SUCCESS
2025-06-23 02:46:17 - clientPlatform processing for: caeciliae
2025-06-23 02:46:17 - Client info: , Platform: Windows, Groups: 266,377
2025-06-23 02:46:17 - Adding platform group 278 for client caeciliae - SUCCESS
2025-06-23 02:46:17 - clientPlatform processing for: caeciliae
2025-06-23 02:46:17 - Client info: , Platform: Windows, Groups: 266,377
2025-06-23 02:46:17 - Group already assigned (detected from error), skipping
2025-06-23 02:46:17 - Adding platform group 278 for client caeciliae - SUCCESS
2025-06-23 02:49:00 - clientPlatform processing for: imREY
2025-06-23 02:49:00 - Client info: , Platform: Windows, Groups: 14,377
2025-06-23 02:49:00 - Adding platform group 278 for client imREY - SUCCESS
2025-06-23 02:49:05 - clientPlatform processing for: EL Pepe
2025-06-23 02:49:05 - Client info: , Platform: Windows, Groups: 15,377
2025-06-23 02:49:05 - Adding platform group 278 for client EL Pepe - SUCCESS
2025-06-23 03:00:22 - clientPlatform processing for: imREY
2025-06-23 03:00:22 - Client info: , Platform: Windows, Groups: 14,377
2025-06-23 03:00:22 - Adding platform group 278 for client imREY - SUCCESS
2025-06-23 03:05:49 - clientPlatform processing for: ratera
2025-06-23 03:05:49 - Client info: , Platform: Windows, Groups: 12,377
2025-06-23 03:05:49 - Adding platform group 278 for client ratera - SUCCESS
2025-06-23 03:06:04 - clientPlatform processing for: Etesech
2025-06-23 03:06:04 - Client info: , Platform: Windows, Groups: 15,377
2025-06-23 03:06:04 - Adding platform group 278 for client Etesech - SUCCESS
2025-06-23 03:35:50 - clientPlatform processing for: baia
2025-06-23 03:35:50 - Client info: , Platform: Windows, Groups: 263,377
2025-06-23 03:35:50 - Adding platform group 278 for client baia - SUCCESS
2025-06-23 04:46:05 - clientPlatform processing for: ratera
2025-06-23 04:46:05 - Client info: , Platform: Windows, Groups: 12,377
2025-06-23 04:46:05 - Adding platform group 278 for client ratera - SUCCESS
2025-06-23 04:48:31 - clientPlatform processing for: v l t
2025-06-23 04:48:31 - Client info: , Platform: Windows, Groups: 7
2025-06-23 04:48:31 - Adding platform group 278 for client v l t - SUCCESS
2025-06-23 04:48:57 - clientPlatform processing for: Guillermo Zapata
2025-06-23 04:48:57 - Client info: , Platform: Windows, Groups: 7
2025-06-23 04:48:57 - Adding platform group 278 for client Guillermo Zapata - SUCCESS
2025-06-23 04:48:59 - clientPlatform processing for: Charky
2025-06-23 04:48:59 - Client info: , Platform: Windows, Groups: 7
2025-06-23 04:48:59 - Adding platform group 278 for client Charky - SUCCESS
2025-06-23 04:50:46 - clientPlatform processing for: Vinicius_JR
2025-06-23 04:50:46 - Client info: , Platform: Windows, Groups: 7
2025-06-23 04:50:46 - Adding platform group 278 for client Vinicius_JR - SUCCESS
2025-06-23 04:50:50 - clientPlatform processing for: danteconter2
2025-06-23 04:50:50 - Client info: , Platform: Windows, Groups: 7
2025-06-23 04:50:50 - Adding platform group 278 for client danteconter2 - SUCCESS
2025-06-23 04:50:50 - clientPlatform processing for: danteconter2
2025-06-23 04:50:50 - Client info: , Platform: Windows, Groups: 7
2025-06-23 04:50:50 - Group already assigned (detected from error), skipping
2025-06-23 04:50:50 - Adding platform group 278 for client danteconter2 - SUCCESS
2025-06-23 04:50:50 - clientPlatform processing for: danteconter2
2025-06-23 04:50:50 - Client info: , Platform: Windows, Groups: 7
2025-06-23 04:50:50 - Group already assigned (detected from error), skipping
2025-06-23 04:50:50 - Adding platform group 278 for client danteconter2 - SUCCESS
2025-06-23 05:09:15 - clientPlatform processing for: Chico
2025-06-23 05:09:15 - Client info: , Platform: Windows, Groups: 266,377
2025-06-23 05:09:15 - Adding platform group 278 for client Chico - SUCCESS
2025-06-23 06:12:00 - clientPlatform processing for: danteconter2
2025-06-23 06:12:00 - Client info: , Platform: Windows, Groups: 9,369
2025-06-23 06:12:00 - Adding platform group 278 for client danteconter2 - SUCCESS
2025-06-23 06:13:47 - clientPlatform processing for: ratera
2025-06-23 06:13:47 - Client info: , Platform: Windows, Groups: 12,377
2025-06-23 06:13:47 - Adding platform group 278 for client ratera - SUCCESS
2025-06-23 06:29:46 - clientPlatform processing for: Vinicius_JR
2025-06-23 06:29:46 - Client info: , Platform: Windows, Groups: 9,369
2025-06-23 06:29:46 - Adding platform group 278 for client Vinicius_JR - SUCCESS
2025-06-23 06:35:07 - clientPlatform processing for: ratera
2025-06-23 06:35:07 - Client info: , Platform: Windows, Groups: 12,377
2025-06-23 06:35:07 - Adding platform group 278 for client ratera - SUCCESS
2025-06-23 06:39:55 - clientPlatform processing for: gotti
2025-06-23 06:39:55 - Client info: , Platform: Windows, Groups: 15,377
2025-06-23 06:39:55 - Adding platform group 278 for client gotti - SUCCESS
2025-06-23 08:14:22 - clientPlatform processing for: kaiizenn
2025-06-23 08:14:22 - Client info: , Platform: Windows, Groups: 26,377,382,399,400,436,437
2025-06-23 08:14:22 - Adding platform group 278 for client kaiizenn - SUCCESS
2025-06-23 08:42:08 - clientPlatform processing for: Kowismo
2025-06-23 08:42:08 - Client info: , Platform: Windows, Groups: 6,270,377,422,441
2025-06-23 08:42:08 - Adding platform group 278 for client Kowismo - SUCCESS
2025-06-23 09:07:17 - clientPlatform processing for: AlvaRoniX$
2025-06-23 09:07:17 - Client info: , Platform: Windows, Groups: 33,161,377
2025-06-23 09:07:17 - Adding platform group 278 for client AlvaRoniX$ - SUCCESS
2025-06-23 09:14:10 - clientPlatform processing for: Amirali
2025-06-23 09:14:10 - Client info: , Platform: Windows, Groups: 13,377
2025-06-23 09:14:10 - Adding platform group 278 for client Amirali - SUCCESS
2025-06-23 09:14:18 - clientPlatform processing for: Amirali
2025-06-23 09:14:18 - Client info: , Platform: Windows, Groups: 13,377
2025-06-23 09:14:18 - Adding platform group 278 for client Amirali - SUCCESS
2025-06-23 09:14:39 - clientPlatform processing for: Amirali
2025-06-23 09:14:39 - Client info: , Platform: Windows, Groups: 13,276,278,377,435
2025-06-23 09:14:39 - Client already has platform group 278
2025-06-23 09:21:09 - clientPlatform processing for: Angry
2025-06-23 09:21:09 - Client info: , Platform: Windows, Groups: 17,377
2025-06-23 09:21:09 - Adding platform group 278 for client Angry - SUCCESS
2025-06-23 09:24:02 - clientPlatform processing for: 4iff
2025-06-23 09:24:02 - Client info: , Platform: Windows, Groups: 22,377
2025-06-23 09:24:02 - Adding platform group 278 for client 4iff - SUCCESS
2025-06-23 09:24:45 - clientPlatform processing for: dadaok
2025-06-23 09:24:45 - Client info: , Platform: Windows, Groups: 21,377
2025-06-23 09:24:45 - Adding platform group 278 for client dadaok - SUCCESS
2025-06-23 09:48:45 - clientPlatform processing for: 6aldy_
2025-06-23 09:48:45 - Client info: , Platform: Windows, Groups: 13,377
2025-06-23 09:48:45 - Adding platform group 278 for client 6aldy_ - SUCCESS
2025-06-23 09:53:51 - clientPlatform processing for: Columb
2025-06-23 09:53:51 - Client info: , Platform: Windows, Groups: 20,43,145,377
2025-06-23 09:53:51 - Adding platform group 278 for client Columb - SUCCESS
2025-06-23 10:03:24 - clientPlatform processing for: artikn
2025-06-23 10:03:24 - Client info: , Platform: Windows, Groups: 13,377
2025-06-23 10:03:24 - Adding platform group 278 for client artikn - SUCCESS
2025-06-23 10:42:25 - clientPlatform processing for: Mix
2025-06-23 10:42:25 - Client info: , Platform: Windows, Groups: 18,377
2025-06-23 10:42:25 - Adding platform group 278 for client Mix - SUCCESS
2025-06-23 10:44:40 - clientPlatform processing for: Боцман777
2025-06-23 10:44:40 - Client info: , Platform: Windows, Groups: 18,377
2025-06-23 10:44:40 - Adding platform group 278 for client Боцман777 - SUCCESS
2025-06-23 10:52:11 - clientPlatform processing for: weow
2025-06-23 10:52:11 - Client info: , Platform: Windows, Groups: 266,377
2025-06-23 10:52:11 - Adding platform group 278 for client weow - SUCCESS
2025-06-23 11:02:44 - clientPlatform processing for: AyKonn
2025-06-23 11:02:44 - Client info: , Platform: Windows, Groups: 13,377
2025-06-23 11:02:44 - Adding platform group 278 for client AyKonn - SUCCESS
2025-06-23 11:22:53 - clientPlatform processing for: penis
2025-06-23 11:22:53 - Client info: , Platform: Windows, Groups: 10,377
2025-06-23 11:22:53 - Adding platform group 278 for client penis - SUCCESS
2025-06-23 11:23:21 - clientPlatform processing for: mr penis
2025-06-23 11:23:21 - Client info: , Platform: Windows, Groups: 7
2025-06-23 11:23:21 - Adding platform group 278 for client mr penis - SUCCESS
2025-06-23 11:54:43 - clientPlatform processing for: shinigami
2025-06-23 11:54:43 - Client info: , Platform: Windows, Groups: 25,377,381,383,385
2025-06-23 11:54:43 - Adding platform group 278 for client shinigami - SUCCESS
2025-06-23 11:57:59 - clientPlatform processing for: sad
2025-06-23 11:57:59 - Client info: , Platform: Windows, Groups: 266,377
2025-06-23 11:57:59 - Adding platform group 278 for client sad - SUCCESS
2025-06-23 12:07:59 - clientPlatform processing for: Mix
2025-06-23 12:07:59 - Client info: , Platform: Windows, Groups: 18,377
2025-06-23 12:07:59 - Adding platform group 278 for client Mix - SUCCESS
2025-06-23 12:09:55 - clientPlatform processing for: teaman11
2025-06-23 12:09:55 - Client info: , Platform: Windows, Groups: 17,377
2025-06-23 12:09:55 - Adding platform group 278 for client teaman11 - SUCCESS
2025-06-23 12:21:53 - clientPlatform processing for: Chris
2025-06-23 12:21:53 - Client info: , Platform: Windows, Groups: 18,377
2025-06-23 12:21:53 - Adding platform group 278 for client Chris - SUCCESS
2025-06-23 12:35:53 - clientPlatform processing for: makpyn
2025-06-23 12:35:53 - Client info: , Platform: Windows, Groups: 266,377
2025-06-23 12:35:53 - Adding platform group 278 for client makpyn - SUCCESS
2025-06-23 12:36:04 - clientPlatform processing for: Andy
2025-06-23 12:36:04 - Client info: , Platform: Windows, Groups: 266,377
2025-06-23 12:36:04 - Adding platform group 278 for client Andy - SUCCESS
2025-06-23 12:57:46 - clientPlatform processing for: шароёб
2025-06-23 12:57:46 - Client info: , Platform: Windows, Groups: 263,377
2025-06-23 12:57:46 - Adding platform group 278 for client шароёб - SUCCESS
2025-06-23 12:58:11 - clientPlatform processing for: verdi
2025-06-23 12:58:11 - Client info: , Platform: Windows, Groups: 266,377
2025-06-23 12:58:11 - Adding platform group 278 for client verdi - SUCCESS
2025-06-23 12:59:11 - clientPlatform processing for: Jabberson
2025-06-23 12:59:11 - Client info: , Platform: Windows, Groups: 17,377
2025-06-23 12:59:11 - Adding platform group 278 for client Jabberson - SUCCESS
2025-06-23 13:02:02 - clientPlatform processing for: Kowismo
2025-06-23 13:02:02 - Client info: , Platform: Windows, Groups: 6,270,377,422
2025-06-23 13:02:02 - Adding platform group 278 for client Kowismo - SUCCESS
2025-06-23 13:02:05 - clientPlatform processing for: Kowismo
2025-06-23 13:02:05 - Client info: , Platform: Windows, Groups: 6,270,377,422
2025-06-23 13:02:05 - Group already assigned (detected from error), skipping
2025-06-23 13:02:05 - Adding platform group 278 for client Kowismo - SUCCESS
2025-06-23 13:02:06 - clientPlatform processing for: Kowismo
2025-06-23 13:02:06 - Client info: , Platform: Windows, Groups: 6,270,377,422
2025-06-23 13:02:06 - Group already assigned (detected from error), skipping
2025-06-23 13:02:06 - Adding platform group 278 for client Kowismo - SUCCESS
2025-06-23 13:02:07 - clientPlatform processing for: Kowismo
2025-06-23 13:02:07 - Client info: , Platform: Windows, Groups: 6,270,377,422
2025-06-23 13:02:07 - Group already assigned (detected from error), skipping
2025-06-23 13:02:07 - Adding platform group 278 for client Kowismo - SUCCESS
2025-06-23 13:02:08 - clientPlatform processing for: Kowismo
2025-06-23 13:02:08 - Client info: , Platform: Windows, Groups: 6,270,377,422
2025-06-23 13:02:08 - Group already assigned (detected from error), skipping
2025-06-23 13:02:08 - Adding platform group 278 for client Kowismo - SUCCESS
2025-06-23 13:08:49 - clientPlatform processing for: Omar
2025-06-23 13:08:49 - Client info: , Platform: Windows, Groups: 266,377
2025-06-23 13:08:49 - Adding platform group 278 for client Omar - SUCCESS
2025-06-23 13:10:02 - clientPlatform processing for: [#]Misc
2025-06-23 13:10:02 - Client info: , Platform: Linux, Groups: 391
2025-06-23 13:10:02 - Adding platform group 279 for client [#]Misc - SUCCESS
2025-06-23 13:14:36 - clientPlatform processing for: Jabberson
2025-06-23 13:14:36 - Client info: , Platform: Windows, Groups: 17,377
2025-06-23 13:14:36 - Adding platform group 278 for client Jabberson - SUCCESS
2025-06-23 13:18:50 - clientPlatform processing for: TeamSpeakUser
2025-06-23 13:18:50 - Client info: , Platform: Windows, Groups: 266,377
2025-06-23 13:18:50 - Adding platform group 278 for client TeamSpeakUser - SUCCESS
2025-06-23 13:19:33 - clientPlatform processing for: grr-
2025-06-23 13:19:33 - Client info: , Platform: Windows, Groups: 13,377
2025-06-23 13:19:33 - Adding platform group 278 for client grr- - SUCCESS
2025-06-23 13:20:06 - clientPlatform processing for: Nostalgia 2
2025-06-23 13:20:06 - Client info: , Platform: Windows, Groups: 17,377
2025-06-23 13:20:06 - Adding platform group 278 for client Nostalgia 2 - SUCCESS
2025-06-23 13:21:21 - clientPlatform processing for: Skylord
2025-06-23 13:21:21 - Client info: , Platform: Windows, Groups: 266,377
2025-06-23 13:21:21 - Adding platform group 278 for client Skylord - SUCCESS
2025-06-23 13:31:48 - clientPlatform processing for: добрий вечір
2025-06-23 13:31:48 - Client info: , Platform: Windows, Groups: 15,377
2025-06-23 13:31:48 - Adding platform group 278 for client добрий вечір - SUCCESS
2025-06-23 13:31:51 - clientPlatform processing for: caeciliae
2025-06-23 13:31:51 - Client info: , Platform: Windows, Groups: 266,377
2025-06-23 13:31:51 - Adding platform group 278 for client caeciliae - SUCCESS
2025-06-23 13:31:51 - clientPlatform processing for: caeciliae
2025-06-23 13:31:51 - Client info: , Platform: Windows, Groups: 266,377
2025-06-23 13:31:51 - Group already assigned (detected from error), skipping
2025-06-23 13:31:51 - Adding platform group 278 for client caeciliae - SUCCESS
2025-06-23 13:31:51 - clientPlatform processing for: caeciliae
2025-06-23 13:31:51 - Client info: , Platform: Windows, Groups: 266,377
2025-06-23 13:31:51 - Group already assigned (detected from error), skipping
2025-06-23 13:31:51 - Adding platform group 278 for client caeciliae - SUCCESS
2025-06-23 13:43:54 - clientPlatform processing for: [#]Misc
2025-06-23 13:43:54 - Client info: , Platform: Linux, Groups: 391
2025-06-23 13:43:54 - Adding platform group 279 for client [#]Misc - SUCCESS
2025-06-23 13:53:25 - clientPlatform processing for: LuciFeR
2025-06-23 13:53:25 - Client info: , Platform: Windows, Groups: 8,369
2025-06-23 13:53:25 - Adding platform group 278 for client LuciFeR - SUCCESS
2025-06-23 13:54:14 - clientPlatform processing for: FuryDK
2025-06-23 13:54:14 - Client info: , Platform: Windows, Groups: 7
2025-06-23 13:54:14 - Adding platform group 278 for client FuryDK - SUCCESS
2025-06-23 13:54:26 - clientPlatform processing for: PhoenixZZ
2025-06-23 13:54:26 - Client info: , Platform: Windows, Groups: 7
2025-06-23 13:54:26 - Adding platform group 278 for client PhoenixZZ - SUCCESS
2025-06-23 13:58:54 - clientPlatform processing for: PhoenixZZ
2025-06-23 13:58:54 - Client info: , Platform: Windows, Groups: 8,369
2025-06-23 13:58:54 - Adding platform group 278 for client PhoenixZZ - SUCCESS
2025-06-23 14:01:17 - clientPlatform processing for: Mnwh
2025-06-23 14:01:17 - Client info: , Platform: Windows, Groups: 265,377
2025-06-23 14:01:17 - Adding platform group 278 for client Mnwh - SUCCESS
2025-06-23 14:04:32 - clientPlatform processing for: artikn
2025-06-23 14:04:32 - Client info: , Platform: Windows, Groups: 13,377
2025-06-23 14:04:32 - Adding platform group 278 for client artikn - SUCCESS
2025-06-23 14:05:57 - clientPlatform processing for: Kowismo
2025-06-23 14:05:57 - Client info: , Platform: Windows, Groups: 6,270,377,422
2025-06-23 14:05:57 - Adding platform group 278 for client Kowismo - SUCCESS
2025-06-23 14:06:30 - clientPlatform processing for: Druid Сrow 🦅
2025-06-23 14:06:30 - Client info: , Platform: Windows, Groups: 19,377
2025-06-23 14:06:30 - Adding platform group 278 for client Druid Сrow 🦅 - SUCCESS
2025-06-23 14:24:32 - clientPlatform processing for: Hisoka
2025-06-23 14:24:32 - Client info: , Platform: Windows, Groups: 13,377
2025-06-23 14:24:32 - Adding platform group 278 for client Hisoka - SUCCESS
2025-06-23 14:25:47 - clientPlatform processing for: k1nterro
2025-06-23 14:25:47 - Client info: , Platform: Windows, Groups: 266,377
2025-06-23 14:25:47 - Adding platform group 278 for client k1nterro - SUCCESS
2025-06-23 14:26:31 - clientPlatform processing for: middlemd
2025-06-23 14:26:31 - Client info: , Platform: Windows, Groups: 17,377
2025-06-23 14:26:31 - Adding platform group 278 for client middlemd - SUCCESS
2025-06-23 14:32:20 - clientPlatform processing for: grr-
2025-06-23 14:32:20 - Client info: , Platform: Windows, Groups: 13,377
2025-06-23 14:32:20 - Adding platform group 278 for client grr- - SUCCESS
2025-06-23 14:41:32 - clientPlatform processing for: TeamSpeakUser
2025-06-23 14:41:32 - Client info: , Platform: Windows, Groups: 15,377
2025-06-23 14:41:32 - Adding platform group 278 for client TeamSpeakUser - SUCCESS
2025-06-23 14:44:21 - clientPlatform processing for: TeamSpeakUser
2025-06-23 14:44:21 - Client info: , Platform: Windows, Groups: 15,377
2025-06-23 14:44:21 - Adding platform group 278 for client TeamSpeakUser - SUCCESS
2025-06-23 14:58:40 - clientPlatform processing for: TAXMANTokkMoeny
2025-06-23 14:58:40 - Client info: , Platform: Windows, Groups: 14,377
2025-06-23 14:58:40 - Adding platform group 278 for client TAXMANTokkMoeny - SUCCESS
2025-06-23 15:00:34 - clientPlatform processing for: TeamSpeakUser
2025-06-23 15:00:34 - Client info: , Platform: Windows, Groups: 11,377
2025-06-23 15:00:34 - Adding platform group 278 for client TeamSpeakUser - SUCCESS
2025-06-23 15:07:29 - clientPlatform processing for: Mr. penis
2025-06-23 15:07:29 - Client info: , Platform: Windows, Groups: 10,369
2025-06-23 15:07:29 - Adding platform group 278 for client Mr. penis - SUCCESS
2025-06-23 15:08:08 - clientPlatform processing for: Zerohi
2025-06-23 15:08:08 - Client info: , Platform: Windows, Groups: 14,377
2025-06-23 15:08:08 - Adding platform group 278 for client Zerohi - SUCCESS
2025-06-23 15:08:32 - clientPlatform processing for: СЫН ШЛЮХИ
2025-06-23 15:08:32 - Client info: , Platform: Windows, Groups: 266,377
2025-06-23 15:08:32 - Adding platform group 278 for client СЫН ШЛЮХИ - SUCCESS
2025-06-23 15:09:01 - clientPlatform processing for: gotti
2025-06-23 15:09:01 - Client info: , Platform: Windows, Groups: 15,377
2025-06-23 15:09:01 - Adding platform group 278 for client gotti - SUCCESS
2025-06-23 15:15:51 - clientPlatform processing for: bomjara
2025-06-23 15:15:51 - Client info: , Platform: Windows, Groups: 10,369
2025-06-23 15:15:51 - Adding platform group 278 for client bomjara - SUCCESS
2025-06-23 15:16:57 - clientPlatform processing for: F4funder
2025-06-23 15:16:57 - Client info: , Platform: Windows, Groups: 264,377
2025-06-23 15:16:57 - Adding platform group 278 for client F4funder - SUCCESS
2025-06-23 15:22:55 - clientPlatform processing for: don
2025-06-23 15:22:55 - Client info: , Platform: Windows, Groups: 266,377
2025-06-23 15:22:55 - Adding platform group 278 for client don - SUCCESS
2025-06-23 15:23:30 - clientPlatform processing for: aleksa
2025-06-23 15:23:30 - Client info: , Platform: Windows, Groups: 266,377
2025-06-23 15:23:30 - Adding platform group 278 for client aleksa - SUCCESS
2025-06-23 15:23:52 - clientPlatform processing for: dillinger
2025-06-23 15:23:52 - Client info: , Platform: Windows, Groups: 266,377
2025-06-23 15:23:52 - Adding platform group 278 for client dillinger - SUCCESS
2025-06-23 15:28:16 - clientPlatform processing for: saulov
2025-06-23 15:28:16 - Client info: , Platform: Windows, Groups: 15,377
2025-06-23 15:28:16 - Adding platform group 278 for client saulov - SUCCESS
2025-06-23 15:28:40 - clientPlatform processing for: SysmoUsercid=140
2025-06-23 15:28:40 - Client info: , Platform: Windows, Groups: 14,377
2025-06-23 15:28:40 - Adding platform group 278 for client SysmoUsercid=140 - SUCCESS
2025-06-23 15:29:10 - clientPlatform processing for: 1.6 fsi ders paket
2025-06-23 15:29:10 - Client info: , Platform: Windows, Groups: 13,377
2025-06-23 15:29:10 - Adding platform group 278 for client 1.6 fsi ders paket - SUCCESS
2025-06-23 15:31:17 - clientPlatform processing for: batuhnn
2025-06-23 15:31:17 - Client info: , Platform: Windows, Groups: 12,377
2025-06-23 15:31:17 - Adding platform group 278 for client batuhnn - SUCCESS
2025-06-23 15:31:52 - clientPlatform processing for: 1.6fsidertpaket
2025-06-23 15:31:52 - Client info: , Platform: Windows, Groups: 13,377
2025-06-23 15:31:52 - Adding platform group 278 for client 1.6fsidertpaket - SUCCESS
2025-06-23 15:32:25 - clientPlatform processing for: Fornax013
2025-06-23 15:32:25 - Client info: , Platform: Windows, Groups: 266,377
2025-06-23 15:32:25 - Adding platform group 278 for client Fornax013 - SUCCESS
2025-06-23 15:33:12 - clientPlatform processing for: Omar
2025-06-23 15:33:12 - Client info: , Platform: Windows, Groups: 266,377
2025-06-23 15:33:12 - Adding platform group 278 for client Omar - SUCCESS
2025-06-23 15:34:16 - clientPlatform processing for: vata
2025-06-23 15:34:16 - Client info: , Platform: Windows, Groups: 266,377
2025-06-23 15:34:16 - Adding platform group 278 for client vata - SUCCESS
2025-06-23 15:35:45 - clientPlatform processing for: LuciFeR
2025-06-23 15:35:45 - Client info: , Platform: Windows, Groups: 9,369
2025-06-23 15:35:45 - Adding platform group 278 for client LuciFeR - SUCCESS
2025-06-23 15:37:58 - clientPlatform processing for: шароёб
2025-06-23 15:37:58 - Client info: , Platform: Windows, Groups: 263,377
2025-06-23 15:37:58 - Adding platform group 278 for client шароёб - SUCCESS
2025-06-23 15:39:32 - clientPlatform processing for: F4funder
2025-06-23 15:39:32 - Client info: , Platform: Windows, Groups: 264,377
2025-06-23 15:39:32 - Adding platform group 278 for client F4funder - SUCCESS
2025-06-23 15:40:06 - clientPlatform processing for: DIMAX
2025-06-23 15:40:06 - Client info: , Platform: Windows, Groups: 265,377
2025-06-23 15:40:06 - Adding platform group 278 for client DIMAX - SUCCESS
2025-06-23 15:40:38 - clientPlatform processing for: aleksa
2025-06-23 15:40:38 - Client info: , Platform: Windows, Groups: 266,377
2025-06-23 15:40:38 - Adding platform group 278 for client aleksa - SUCCESS
2025-06-23 15:44:44 - clientPlatform processing for: шароёб
2025-06-23 15:44:44 - Client info: , Platform: Windows, Groups: 263,377
2025-06-23 15:44:44 - Adding platform group 278 for client шароёб - SUCCESS
2025-06-23 15:47:43 - clientPlatform processing for: F4funder
2025-06-23 15:47:43 - Client info: , Platform: Windows, Groups: 264,377
2025-06-23 15:47:43 - Adding platform group 278 for client F4funder - SUCCESS
2025-06-23 15:48:19 - clientPlatform processing for: Jotaerre Exp
2025-06-23 15:48:19 - Client info: , Platform: Windows, Groups: 12,369
2025-06-23 15:48:20 - Adding platform group 278 for client Jotaerre Exp - SUCCESS
2025-06-23 15:53:15 - clientPlatform processing for: KvaKing95
2025-06-23 15:53:15 - Client info: , Platform: Windows, Groups: 266,377
2025-06-23 15:53:15 - Adding platform group 278 for client KvaKing95 - SUCCESS
2025-06-23 15:53:39 - clientPlatform processing for: F4funder
2025-06-23 15:53:39 - Client info: , Platform: Windows, Groups: 264,377
2025-06-23 15:53:39 - Adding platform group 278 for client F4funder - SUCCESS
2025-06-23 15:55:12 - clientPlatform processing for: LuciFeR
2025-06-23 15:55:12 - Client info: , Platform: Windows, Groups: 9,369
2025-06-23 15:55:12 - Adding platform group 278 for client LuciFeR - SUCCESS
2025-06-23 15:55:25 - clientPlatform processing for: -EscA`#
2025-06-23 15:55:25 - Client info: , Platform: Windows, Groups: 17,377
2025-06-23 15:55:25 - Adding platform group 278 for client -EscA`# - SUCCESS
2025-06-23 15:55:27 - clientPlatform processing for: -W1LLL
2025-06-23 15:55:27 - Client info: , Platform: Windows, Groups: 266,377
2025-06-23 15:55:27 - Adding platform group 278 for client -W1LLL - SUCCESS
2025-06-23 16:05:23 - clientPlatform processing for: LuciFeR
2025-06-23 16:05:23 - Client info: , Platform: Windows, Groups: 9,369
2025-06-23 16:05:23 - Adding platform group 278 for client LuciFeR - SUCCESS
2025-06-23 16:11:18 - clientPlatform processing for: LuciFeR
2025-06-23 16:11:18 - Client info: , Platform: Windows, Groups: 9,369
2025-06-23 16:11:18 - Adding platform group 278 for client LuciFeR - SUCCESS
2025-06-23 16:13:50 - clientPlatform processing for: buchka
2025-06-23 16:13:50 - Client info: , Platform: Windows, Groups: 13,377
2025-06-23 16:13:50 - Adding platform group 278 for client buchka - SUCCESS
2025-06-23 16:17:02 - clientPlatform processing for: s1nat0r
2025-06-23 16:17:02 - Client info: , Platform: Windows, Groups: 10,369
2025-06-23 16:17:02 - Adding platform group 278 for client s1nat0r - SUCCESS
2025-06-23 16:19:33 - clientPlatform processing for: TeamSpeakUser1
2025-06-23 16:19:33 - Client info: , Platform: Windows, Groups: 12,377
2025-06-23 16:19:33 - Adding platform group 278 for client TeamSpeakUser1 - SUCCESS
2025-06-23 16:23:05 - clientPlatform processing for: s1nat0r
2025-06-23 16:23:05 - Client info: , Platform: Windows, Groups: 10,369
2025-06-23 16:23:05 - Adding platform group 278 for client s1nat0r - SUCCESS
2025-06-23 16:25:03 - clientPlatform processing for: PitcaRNNN``
2025-06-23 16:25:03 - Client info: , Platform: Windows, Groups: 265,377
2025-06-23 16:25:03 - Adding platform group 278 for client PitcaRNNN`` - SUCCESS
2025-06-23 16:25:42 - clientPlatform processing for: magnifficent
2025-06-23 16:25:42 - Client info: , Platform: Windows, Groups: 264,377
2025-06-23 16:25:42 - Adding platform group 278 for client magnifficent - SUCCESS
2025-06-23 16:33:44 - clientPlatform processing for: LuciFeR
2025-06-23 16:33:44 - Client info: , Platform: Windows, Groups: 9,369
2025-06-23 16:33:44 - Adding platform group 278 for client LuciFeR - SUCCESS
2025-06-23 16:34:04 - clientPlatform processing for: PitcaRNNN``
2025-06-23 16:34:04 - Client info: , Platform: Windows, Groups: 265,377
2025-06-23 16:34:04 - Adding platform group 278 for client PitcaRNNN`` - SUCCESS
2025-06-23 16:35:59 - clientPlatform processing for: LuciFeR
2025-06-23 16:35:59 - Client info: , Platform: Windows, Groups: 9,369
2025-06-23 16:35:59 - Adding platform group 278 for client LuciFeR - SUCCESS
2025-06-23 16:36:20 - clientPlatform processing for: Pol'zovatel'
2025-06-23 16:36:20 - Client info: , Platform: Windows, Groups: 18,377
2025-06-23 16:36:20 - Adding platform group 278 for client Pol'zovatel' - SUCCESS
2025-06-23 16:37:46 - clientPlatform processing for: ph0x
2025-06-23 16:37:46 - Client info: , Platform: Windows, Groups: 266,377
2025-06-23 16:37:46 - Adding platform group 278 for client ph0x - SUCCESS
2025-06-23 16:39:34 - clientPlatform processing for: Kodex1703
2025-06-23 16:39:34 - Client info: , Platform: Windows, Groups: 10,369
2025-06-23 16:39:34 - Adding platform group 278 for client Kodex1703 - SUCCESS
2025-06-23 16:39:46 - clientPlatform processing for: kaiizenn
2025-06-23 16:39:46 - Client info: , Platform: Windows, Groups: 26,377,382,399,400,436,437
2025-06-23 16:39:46 - Adding platform group 278 for client kaiizenn - SUCCESS
2025-06-23 16:40:02 - clientPlatform processing for: LuciFeR
2025-06-23 16:40:02 - Client info: , Platform: Windows, Groups: 9,369
2025-06-23 16:40:02 - Adding platform group 278 for client LuciFeR - SUCCESS
2025-06-23 16:41:33 - clientPlatform processing for: billy nogami
2025-06-23 16:41:33 - Client info: , Platform: Windows, Groups: 15,377
2025-06-23 16:41:33 - Adding platform group 278 for client billy nogami - SUCCESS
2025-06-23 16:41:51 - clientPlatform processing for: x7uned 🌊
2025-06-23 16:41:51 - Client info: , Platform: Windows, Groups: 17,377
2025-06-23 16:41:51 - Adding platform group 278 for client x7uned 🌊 - SUCCESS
2025-06-23 16:42:03 - clientPlatform processing for: DADA
2025-06-23 16:42:03 - Client info: , Platform: Windows, Groups: 266,377
2025-06-23 16:42:03 - Adding platform group 278 for client DADA - SUCCESS
2025-06-23 16:42:10 - clientPlatform processing for: BIGYURI
2025-06-23 16:42:10 - Client info: , Platform: Windows, Groups: 14,377
2025-06-23 16:42:10 - Adding platform group 278 for client BIGYURI - SUCCESS
2025-06-23 16:42:52 - clientPlatform processing for: men4
2025-06-23 16:42:52 - Client info: , Platform: Windows, Groups: 263,377
2025-06-23 16:42:52 - Adding platform group 278 for client men4 - SUCCESS
2025-06-23 16:50:37 - clientPlatform processing for: Shawaj
2025-06-23 16:50:37 - Client info: , Platform: Windows, Groups: 263,377
2025-06-23 16:50:37 - Adding platform group 278 for client Shawaj - SUCCESS
2025-06-23 16:52:00 - clientPlatform processing for: shinigami
2025-06-23 16:52:00 - Client info: , Platform: Windows, Groups: 25,377,381,383,385
2025-06-23 16:52:00 - Adding platform group 278 for client shinigami - SUCCESS
2025-06-23 16:54:08 - clientPlatform processing for: TeamSpeakUser2
2025-06-23 16:54:08 - Client info: , Platform: Windows, Groups: 8,377
2025-06-23 16:54:08 - Adding platform group 278 for client TeamSpeakUser2 - SUCCESS
2025-06-23 16:57:34 - clientPlatform processing for: Потужний Фід
2025-06-23 16:57:34 - Client info: , Platform: Windows, Groups: 263,377
2025-06-23 16:57:34 - Adding platform group 278 for client Потужний Фід - SUCCESS
2025-06-23 16:58:03 - clientPlatform processing for: R6M4IN
2025-06-23 16:58:03 - Client info: , Platform: Windows, Groups: 17,377
2025-06-23 16:58:03 - Adding platform group 278 for client R6M4IN - SUCCESS
2025-06-23 17:02:58 - clientPlatform processing for: saulov
2025-06-23 17:02:58 - Client info: , Platform: Windows, Groups: 15,377
2025-06-23 17:02:58 - Adding platform group 278 for client saulov - SUCCESS
2025-06-23 17:09:52 - clientPlatform processing for: teaman11
2025-06-23 17:09:52 - Client info: , Platform: Windows, Groups: 17,377
2025-06-23 17:09:52 - Adding platform group 278 for client teaman11 - SUCCESS
2025-06-23 17:12:19 - clientPlatform processing for: SYRUSSS
2025-06-23 17:12:19 - Client info: , Platform: Windows, Groups: 266,377
2025-06-23 17:12:19 - Adding platform group 278 for client SYRUSSS - SUCCESS
2025-06-23 17:12:24 - clientPlatform processing for: vata
2025-06-23 17:12:24 - Client info: , Platform: Windows, Groups: 266,377
2025-06-23 17:12:25 - Adding platform group 278 for client vata - SUCCESS
2025-06-23 17:14:26 - clientPlatform processing for: KC_Agee
2025-06-23 17:14:26 - Client info: , Platform: Windows, Groups: 14,377
2025-06-23 17:14:26 - Adding platform group 278 for client KC_Agee - SUCCESS
2025-06-23 17:15:26 - clientPlatform processing for: M4ODA
2025-06-23 17:15:26 - Client info: , Platform: Windows, Groups: 14,377
2025-06-23 17:15:26 - Adding platform group 278 for client M4ODA - SUCCESS
2025-06-23 17:16:10 - clientPlatform processing for: ayko
2025-06-23 17:16:10 - Client info: , Platform: Windows, Groups: 12,377
2025-06-23 17:16:10 - Adding platform group 278 for client ayko - SUCCESS
2025-06-23 17:16:10 - clientPlatform processing for: ayko
2025-06-23 17:16:10 - Client info: , Platform: Windows, Groups: 12,377
2025-06-23 17:16:10 - Group already assigned (detected from error), skipping
2025-06-23 17:16:10 - Adding platform group 278 for client ayko - SUCCESS
2025-06-23 17:16:10 - clientPlatform processing for: ayko
2025-06-23 17:16:10 - Client info: , Platform: Windows, Groups: 12,377
2025-06-23 17:16:10 - Group already assigned (detected from error), skipping
2025-06-23 17:16:10 - Adding platform group 278 for client ayko - SUCCESS
2025-06-23 17:17:49 - clientPlatform processing for: Ribella
2025-06-23 17:17:49 - Client info: , Platform: Windows, Groups: 18,377
2025-06-23 17:17:49 - Adding platform group 278 for client Ribella - SUCCESS
2025-06-23 17:18:08 - clientPlatform processing for: ZeyphiZ
2025-06-23 17:18:08 - Client info: , Platform: Windows, Groups: 15,377
2025-06-23 17:18:08 - Adding platform group 278 for client ZeyphiZ - SUCCESS
2025-06-23 17:25:06 - clientPlatform processing for: nox
2025-06-23 17:25:06 - Client info: , Platform: Windows, Groups: 266,377
2025-06-23 17:25:06 - Adding platform group 278 for client nox - SUCCESS
2025-06-23 17:25:22 - clientPlatform processing for: nox
2025-06-23 17:25:22 - Client info: , Platform: Windows, Groups: 266,377
2025-06-23 17:25:22 - Adding platform group 278 for client nox - SUCCESS
2025-06-23 17:25:46 - clientPlatform processing for: nox
2025-06-23 17:25:46 - Client info: , Platform: Windows, Groups: 266,278,322,377
2025-06-23 17:25:46 - Client already has platform group 278
2025-06-23 17:26:05 - clientPlatform processing for: erik
2025-06-23 17:26:05 - Client info: , Platform: Windows, Groups: 266,377
2025-06-23 17:26:05 - Adding platform group 278 for client erik - SUCCESS
2025-06-23 17:27:18 - clientPlatform processing for: Kise_Ryouta777
2025-06-23 17:27:18 - Client info: , Platform: Windows, Groups: 7
2025-06-23 17:27:18 - Adding platform group 278 for client Kise_Ryouta777 - SUCCESS
2025-06-23 17:28:53 - clientPlatform processing for: SmaD
2025-06-23 17:28:53 - Client info: , Platform: Windows, Groups: 13,377
2025-06-23 17:28:53 - Adding platform group 278 for client SmaD - SUCCESS
2025-06-23 17:32:06 - clientPlatform processing for: myarz
2025-06-23 17:32:06 - Client info: , Platform: Windows, Groups: 14,377
2025-06-23 17:32:06 - Adding platform group 278 for client myarz - SUCCESS
2025-06-23 17:33:01 - clientPlatform processing for: pandah98
2025-06-23 17:33:01 - Client info: , Platform: Windows, Groups: 13,377
2025-06-23 17:33:01 - Adding platform group 278 for client pandah98 - SUCCESS
2025-06-23 17:33:04 - clientPlatform processing for: novii
2025-06-23 17:33:04 - Client info: , Platform: Windows, Groups: 18,377
2025-06-23 17:33:04 - Adding platform group 278 for client novii - SUCCESS
2025-06-23 17:33:13 - clientPlatform processing for: w1nd1x
2025-06-23 17:33:13 - Client info: , Platform: Windows, Groups: 266,377
2025-06-23 17:33:13 - Adding platform group 278 for client w1nd1x - SUCCESS
2025-06-23 17:34:09 - clientPlatform processing for: deschka
2025-06-23 17:34:09 - Client info: , Platform: Windows, Groups: 266,377
2025-06-23 17:34:09 - Adding platform group 278 for client deschka - SUCCESS
2025-06-23 17:36:52 - clientPlatform processing for: СЫН ШЛЮХИ
2025-06-23 17:36:52 - Client info: , Platform: Windows, Groups: 266,377
2025-06-23 17:36:52 - Adding platform group 278 for client СЫН ШЛЮХИ - SUCCESS
2025-06-23 17:37:24 - clientPlatform processing for: novii
2025-06-23 17:37:24 - Client info: , Platform: Windows, Groups: 18,377
2025-06-23 17:37:24 - Adding platform group 278 for client novii - SUCCESS
2025-06-23 17:38:28 - clientPlatform processing for: makpyn
2025-06-23 17:38:28 - Client info: , Platform: Windows, Groups: 266,377
2025-06-23 17:38:28 - Adding platform group 278 for client makpyn - SUCCESS
2025-06-23 17:38:28 - clientPlatform processing for: makpyn
2025-06-23 17:38:28 - Client info: , Platform: Windows, Groups: 266,377
2025-06-23 17:38:28 - Group already assigned (detected from error), skipping
2025-06-23 17:38:28 - Adding platform group 278 for client makpyn - SUCCESS
2025-06-23 17:38:29 - clientPlatform processing for: makpyn
2025-06-23 17:38:29 - Client info: , Platform: Windows, Groups: 266,377
2025-06-23 17:38:29 - Group already assigned (detected from error), skipping
2025-06-23 17:38:29 - Adding platform group 278 for client makpyn - SUCCESS
2025-06-23 17:40:25 - clientPlatform processing for: PapiChan
2025-06-23 17:40:25 - Client info: , Platform: Windows, Groups: 11,377
2025-06-23 17:40:25 - Adding platform group 278 for client PapiChan - SUCCESS
2025-06-23 17:41:18 - clientPlatform processing for: HPS...
2025-06-23 17:41:18 - Client info: , Platform: Windows, Groups: 13,377
2025-06-23 17:41:18 - Adding platform group 278 for client HPS... - SUCCESS
2025-06-23 17:43:14 - clientPlatform processing for: HanS
2025-06-23 17:43:14 - Client info: , Platform: Windows, Groups: 264,377
2025-06-23 17:43:14 - Adding platform group 278 for client HanS - SUCCESS
2025-06-23 17:44:05 - clientPlatform processing for: baysikimdeğil
2025-06-23 17:44:05 - Client info: , Platform: Windows, Groups: 266,377
2025-06-23 17:44:05 - Adding platform group 278 for client baysikimdeğil - SUCCESS
2025-06-23 17:47:13 - clientPlatform processing for: novii
2025-06-23 17:47:13 - Client info: , Platform: Windows, Groups: 18,377
2025-06-23 17:47:14 - Adding platform group 278 for client novii - SUCCESS
2025-06-23 17:49:59 - clientPlatform processing for: Rowyn
2025-06-23 17:49:59 - Client info: , Platform: Windows, Groups: 18,377
2025-06-23 17:49:59 - Adding platform group 278 for client Rowyn - SUCCESS
2025-06-23 17:50:59 - clientPlatform processing for: INSANE
2025-06-23 17:50:59 - Client info: , Platform: Windows, Groups: 17,377
2025-06-23 17:50:59 - Adding platform group 278 for client INSANE - SUCCESS
2025-06-23 17:51:24 - clientPlatform processing for: novii
2025-06-23 17:51:24 - Client info: , Platform: Windows, Groups: 18,377
2025-06-23 17:51:24 - Adding platform group 278 for client novii - SUCCESS
2025-06-23 17:51:59 - clientPlatform processing for: k1nterro
2025-06-23 17:51:59 - Client info: , Platform: Windows, Groups: 266,377
2025-06-23 17:51:59 - Adding platform group 278 for client k1nterro - SUCCESS
2025-06-23 17:52:31 - clientPlatform processing for: Ander
2025-06-23 17:52:31 - Client info: , Platform: Windows, Groups: 14,377
2025-06-23 17:52:31 - Adding platform group 278 for client Ander - SUCCESS
2025-06-23 17:52:42 - clientPlatform processing for: TeamSpeakUser2
2025-06-23 17:52:42 - Client info: , Platform: Windows, Groups: 266,377
2025-06-23 17:52:42 - Adding platform group 278 for client TeamSpeakUser2 - SUCCESS
2025-06-23 17:53:43 - clientPlatform processing for: TeamSpeakUser2
2025-06-23 17:53:43 - Client info: , Platform: Windows, Groups: 15,377
2025-06-23 17:53:43 - Adding platform group 278 for client TeamSpeakUser2 - SUCCESS
2025-06-23 17:54:35 - clientPlatform processing for: на Амортизаторах в мозгу
2025-06-23 17:54:35 - Client info: , Platform: Windows, Groups: 264,377
2025-06-23 17:54:35 - Adding platform group 278 for client на Амортизаторах в мозгу - SUCCESS
2025-06-23 17:54:41 - clientPlatform processing for: TeamSpeakUser3
2025-06-23 17:54:41 - Client info: , Platform: Windows, Groups: 8,377
2025-06-23 17:54:41 - Adding platform group 278 for client TeamSpeakUser3 - SUCCESS
2025-06-23 17:54:53 - clientPlatform processing for: middlemd
2025-06-23 17:54:53 - Client info: , Platform: Windows, Groups: 17,377
2025-06-23 17:54:53 - Adding platform group 278 for client middlemd - SUCCESS
2025-06-23 17:55:18 - clientPlatform processing for: TeamSpeakUser3
2025-06-23 17:55:18 - Client info: , Platform: Windows, Groups: 7
2025-06-23 17:55:18 - Adding platform group 278 for client TeamSpeakUser3 - SUCCESS
2025-06-23 17:59:59 - clientPlatform processing for: Joss
2025-06-23 17:59:59 - Client info: , Platform: Windows, Groups: 266,377
2025-06-23 17:59:59 - Adding platform group 278 for client Joss - SUCCESS
2025-06-23 18:01:38 - clientPlatform processing for: Потужний Фід
2025-06-23 18:01:38 - Client info: , Platform: Windows, Groups: 263,377
2025-06-23 18:01:38 - Adding platform group 278 for client Потужний Фід - SUCCESS
2025-06-23 18:04:21 - clientPlatform processing for: Tyros Janos
2025-06-23 18:04:21 - Client info: , Platform: Windows, Groups: 265,377
2025-06-23 18:04:21 - Adding platform group 278 for client Tyros Janos - SUCCESS
2025-06-23 18:05:08 - clientPlatform processing for: Tileks
2025-06-23 18:05:08 - Client info: , Platform: Windows, Groups: 7
2025-06-23 18:05:08 - Adding platform group 278 for client Tileks - SUCCESS
2025-06-23 18:07:10 - clientPlatform processing for: Tileks
2025-06-23 18:07:10 - Client info: , Platform: Windows, Groups: 8,369
2025-06-23 18:07:10 - Adding platform group 278 for client Tileks - SUCCESS
2025-06-23 18:09:47 - clientPlatform processing for: Tileks
2025-06-23 18:09:47 - Client info: , Platform: Windows, Groups: 8,369
2025-06-23 18:09:47 - Adding platform group 278 for client Tileks - SUCCESS
2025-06-23 18:11:17 - clientPlatform processing for: H0R0Z
2025-06-23 18:11:17 - Client info: , Platform: Windows, Groups: 266,377
2025-06-23 18:11:17 - Adding platform group 278 for client H0R0Z - SUCCESS
2025-06-23 18:12:39 - clientPlatform processing for: sperman31
2025-06-23 18:12:39 - Client info: , Platform: Windows, Groups: 13,377
2025-06-23 18:12:39 - Adding platform group 278 for client sperman31 - SUCCESS
2025-06-23 18:13:21 - clientPlatform processing for: damoi777
2025-06-23 18:13:21 - Client info: , Platform: Windows, Groups: 14,377
2025-06-23 18:13:21 - Adding platform group 278 for client damoi777 - SUCCESS
2025-06-23 18:14:45 - clientPlatform processing for: BigPAPA
2025-06-23 18:14:45 - Client info: , Platform: Windows, Groups: 17,377
2025-06-23 18:14:45 - Adding platform group 278 for client BigPAPA - SUCCESS
2025-06-23 18:16:34 - clientPlatform processing for: sw1nddd
2025-06-23 18:16:34 - Client info: , Platform: Windows, Groups: 11,377
2025-06-23 18:16:34 - Adding platform group 278 for client sw1nddd - SUCCESS
2025-06-23 18:17:21 - clientPlatform processing for: Kodex1703
2025-06-23 18:17:21 - Client info: , Platform: Windows, Groups: 10,369
2025-06-23 18:17:21 - Adding platform group 278 for client Kodex1703 - SUCCESS
2025-06-23 18:18:56 - clientPlatform processing for: ma1tsev
2025-06-23 18:18:56 - Client info: , Platform: Windows, Groups: 14,377
2025-06-23 18:18:56 - Adding platform group 278 for client ma1tsev - SUCCESS
2025-06-23 18:19:29 - clientPlatform processing for: tlishev
2025-06-23 18:19:29 - Client info: , Platform: Windows, Groups: 12,377
2025-06-23 18:19:29 - Adding platform group 278 for client tlishev - SUCCESS
2025-06-23 18:20:59 - clientPlatform processing for: Kodex1703
2025-06-23 18:20:59 - Client info: , Platform: Windows, Groups: 10,369
2025-06-23 18:20:59 - Adding platform group 278 for client Kodex1703 - SUCCESS
2025-06-23 18:26:26 - clientPlatform processing for: Tileks
2025-06-23 18:26:26 - Client info: , Platform: Windows, Groups: 7
2025-06-23 18:26:26 - Adding platform group 278 for client Tileks - SUCCESS
2025-06-23 18:29:08 - clientPlatform processing for: ахуенно быть рэпером
2025-06-23 18:29:08 - Client info: , Platform: Windows, Groups: 266,377
2025-06-23 18:29:08 - Adding platform group 278 for client ахуенно быть рэпером - SUCCESS
2025-06-23 18:30:49 - clientPlatform processing for: Боцман777
2025-06-23 18:30:49 - Client info: , Platform: Windows, Groups: 18,377
2025-06-23 18:30:49 - Adding platform group 278 for client Боцман777 - SUCCESS
2025-06-23 18:33:31 - clientPlatform processing for: Avrelius33
2025-06-23 18:33:31 - Client info: , Platform: Windows, Groups: 263,377
2025-06-23 18:33:31 - Adding platform group 278 for client Avrelius33 - SUCCESS
2025-06-23 18:34:25 - clientPlatform processing for: Kire0N
2025-06-23 18:34:25 - Client info: , Platform: Windows, Groups: 7
2025-06-23 18:34:25 - Adding platform group 278 for client Kire0N - SUCCESS
2025-06-23 18:35:39 - clientPlatform processing for: Shawaj
2025-06-23 18:35:39 - Client info: , Platform: Windows, Groups: 263,377
2025-06-23 18:35:39 - Adding platform group 278 for client Shawaj - SUCCESS
2025-06-23 18:37:49 - clientPlatform processing for: Tileks
2025-06-23 18:37:49 - Client info: , Platform: Windows, Groups: 8,369
2025-06-23 18:37:49 - Adding platform group 278 for client Tileks - SUCCESS
2025-06-23 18:38:11 - clientPlatform processing for: Tyros Janos
2025-06-23 18:38:11 - Client info: , Platform: Windows, Groups: 265,377
2025-06-23 18:38:11 - Adding platform group 278 for client Tyros Janos - SUCCESS
2025-06-23 18:39:41 - clientPlatform processing for: namja
2025-06-23 18:39:41 - Client info: , Platform: Windows, Groups: 266,377
2025-06-23 18:39:41 - Adding platform group 278 for client namja - SUCCESS
2025-06-23 18:40:02 - clientPlatform processing for: ph0x
2025-06-23 18:40:02 - Client info: , Platform: Windows, Groups: 266,377
2025-06-23 18:40:02 - Adding platform group 278 for client ph0x - SUCCESS
2025-06-23 18:41:04 - clientPlatform processing for: Saul
2025-06-23 18:41:04 - Client info: , Platform: Windows, Groups: 14,377
2025-06-23 18:41:04 - Adding platform group 278 for client Saul - SUCCESS
2025-06-23 18:42:00 - clientPlatform processing for: TeamSpeakUser
2025-06-23 18:42:00 - Client info: , Platform: Windows, Groups: 266,377
2025-06-23 18:42:00 - Adding platform group 278 for client TeamSpeakUser - SUCCESS
2025-06-23 18:42:36 - clientPlatform processing for: Kire0N
2025-06-23 18:42:36 - Client info: , Platform: Windows, Groups: 8,369
2025-06-23 18:42:36 - Adding platform group 278 for client Kire0N - SUCCESS
2025-06-23 18:42:46 - clientPlatform processing for: СЫН ШЛЮХИ
2025-06-23 18:42:46 - Client info: , Platform: Windows, Groups: 266,377
2025-06-23 18:42:46 - Adding platform group 278 for client СЫН ШЛЮХИ - SUCCESS
2025-06-23 18:42:49 - clientPlatform processing for: Kire0N
2025-06-23 18:42:49 - Client info: , Platform: Windows, Groups: 8,369
2025-06-23 18:42:49 - Adding platform group 278 for client Kire0N - SUCCESS
2025-06-23 18:42:49 - clientPlatform processing for: Kire0N
2025-06-23 18:42:49 - Client info: , Platform: Windows, Groups: 8,369
2025-06-23 18:42:49 - Group already assigned (detected from error), skipping
2025-06-23 18:42:49 - Adding platform group 278 for client Kire0N - SUCCESS
2025-06-23 18:50:03 - clientPlatform processing for: ma1tsev
2025-06-23 18:50:03 - Client info: , Platform: Windows, Groups: 14,377
2025-06-23 18:50:03 - Adding platform group 278 for client ma1tsev - SUCCESS
2025-06-23 18:52:17 - clientPlatform processing for: Jotaerre Exp
2025-06-23 18:52:17 - Client info: , Platform: Windows, Groups: 12,369
2025-06-23 18:52:17 - Adding platform group 278 for client Jotaerre Exp - SUCCESS
2025-06-23 18:52:46 - clientPlatform processing for: caeciliae
2025-06-23 18:52:46 - Client info: , Platform: Windows, Groups: 266,377
2025-06-23 18:52:46 - Adding platform group 278 for client caeciliae - SUCCESS
2025-06-23 18:52:52 - clientPlatform processing for: osasderlerbana
2025-06-23 18:52:52 - Client info: , Platform: Windows, Groups: 17,377
2025-06-23 18:52:52 - Adding platform group 278 for client osasderlerbana - SUCCESS
2025-06-23 18:53:39 - clientPlatform processing for: damoi777
2025-06-23 18:53:39 - Client info: , Platform: Windows, Groups: 14,377
2025-06-23 18:53:39 - Adding platform group 278 for client damoi777 - SUCCESS
2025-06-23 18:53:42 - clientPlatform processing for: osasderlerbana
2025-06-23 18:53:42 - Client info: , Platform: Windows, Groups: 17,377
2025-06-23 18:53:42 - Adding platform group 278 for client osasderlerbana - SUCCESS
2025-06-23 18:53:42 - clientPlatform processing for: osasderlerbana
2025-06-23 18:53:42 - Client info: , Platform: Windows, Groups: 17,377
2025-06-23 18:53:42 - Group already assigned (detected from error), skipping
2025-06-23 18:53:42 - Adding platform group 278 for client osasderlerbana - SUCCESS
2025-06-23 18:53:42 - clientPlatform processing for: osasderlerbana
2025-06-23 18:53:42 - Client info: , Platform: Windows, Groups: 17,377
2025-06-23 18:53:42 - Group already assigned (detected from error), skipping
2025-06-23 18:53:42 - Adding platform group 278 for client osasderlerbana - SUCCESS
2025-06-23 18:54:36 - clientPlatform processing for: caeciliae
2025-06-23 18:54:36 - Client info: , Platform: Windows, Groups: 266,377
2025-06-23 18:54:36 - Adding platform group 278 for client caeciliae - SUCCESS
2025-06-23 18:56:48 - clientPlatform processing for: damoi777
2025-06-23 18:56:48 - Client info: , Platform: Windows, Groups: 14,377
2025-06-23 18:56:48 - Adding platform group 278 for client damoi777 - SUCCESS
2025-06-23 18:57:36 - clientPlatform processing for: Sven
2025-06-23 18:57:36 - Client info: , Platform: Windows, Groups: 266,377
2025-06-23 18:57:36 - Adding platform group 278 for client Sven - SUCCESS
2025-06-23 18:59:27 - clientPlatform processing for: whoismert
2025-06-23 18:59:27 - Client info: , Platform: Windows, Groups: 17,377
2025-06-23 18:59:27 - Adding platform group 278 for client whoismert - SUCCESS
2025-06-23 18:59:37 - clientPlatform processing for: Tyros Janos
2025-06-23 18:59:37 - Client info: , Platform: Windows, Groups: 265,377
2025-06-23 18:59:37 - Adding platform group 278 for client Tyros Janos - SUCCESS
2025-06-23 19:00:03 - clientPlatform processing for: Tileks
2025-06-23 19:00:03 - Client info: , Platform: Windows, Groups: 8,369
2025-06-23 19:00:03 - Adding platform group 278 for client Tileks - SUCCESS
2025-06-23 19:00:23 - clientPlatform processing for: saleh_4
2025-06-23 19:00:23 - Client info: , Platform: Windows, Groups: 263,377
2025-06-23 19:00:23 - Adding platform group 278 for client saleh_4 - SUCCESS
2025-06-23 19:00:25 - clientPlatform processing for: Gessert
2025-06-23 19:00:25 - Client info: , Platform: Windows, Groups: 15,377
2025-06-23 19:00:25 - Adding platform group 278 for client Gessert - SUCCESS
2025-06-23 19:00:39 - clientPlatform processing for: Jotaerre
2025-06-23 19:00:39 - Client info: , Platform: Windows, Groups: 12,369
2025-06-23 19:00:39 - Adding platform group 278 for client Jotaerre - SUCCESS
2025-06-23 19:02:04 - clientPlatform processing for: Hampino
2025-06-23 19:02:04 - Client info: , Platform: Windows, Groups: 15,377
2025-06-23 19:02:04 - Adding platform group 278 for client Hampino - SUCCESS
2025-06-23 19:02:48 - clientPlatform processing for: Sven
2025-06-23 19:02:48 - Client info: , Platform: Windows, Groups: 266,377
2025-06-23 19:02:48 - Adding platform group 278 for client Sven - SUCCESS
2025-06-23 19:04:22 - clientPlatform processing for: Bloker
2025-06-23 19:04:22 - Client info: , Platform: Windows, Groups: 263,377
2025-06-23 19:04:22 - Adding platform group 278 for client Bloker - SUCCESS
2025-06-23 19:07:05 - clientPlatform processing for: artikn
2025-06-23 19:07:05 - Client info: , Platform: Windows, Groups: 13,377
2025-06-23 19:07:05 - Adding platform group 278 for client artikn - SUCCESS
2025-06-23 19:08:08 - clientPlatform processing for: ван гогг
2025-06-23 19:08:08 - Client info: , Platform: Windows, Groups: 15,377
2025-06-23 19:08:08 - Adding platform group 278 for client ван гогг - SUCCESS
2025-06-23 19:09:24 - clientPlatform processing for: andruuu1
2025-06-23 19:09:24 - Client info: , Platform: Windows, Groups: 10,369
2025-06-23 19:09:24 - Adding platform group 278 for client andruuu1 - SUCCESS
2025-06-23 19:10:04 - clientPlatform processing for: TeamSpeakUser1
2025-06-23 19:10:04 - Client info: , Platform: Windows, Groups: 15,377
2025-06-23 19:10:04 - Adding platform group 278 for client TeamSpeakUser1 - SUCCESS
2025-06-23 19:12:34 - clientPlatform processing for: мирорчик
2025-06-23 19:12:34 - Client info: , Platform: Windows, Groups: 13,377
2025-06-23 19:12:34 - Adding platform group 278 for client мирорчик - SUCCESS
2025-06-23 19:12:42 - clientPlatform processing for: farkoshka
2025-06-23 19:12:42 - Client info: , Platform: Windows, Groups: 264,377
2025-06-23 19:12:42 - Adding platform group 278 for client farkoshka - SUCCESS
2025-06-23 19:15:58 - clientPlatform processing for: SATSUJiNSHA;;
2025-06-23 19:15:58 - Client info: , Platform: Windows, Groups: 266,377
2025-06-23 19:15:58 - Adding platform group 278 for client SATSUJiNSHA;; - SUCCESS
2025-06-23 19:17:43 - clientPlatform processing for: Nesol
2025-06-23 19:17:43 - Client info: , Platform: Windows, Groups: 266,377
2025-06-23 19:17:43 - Adding platform group 278 for client Nesol - SUCCESS
2025-06-23 19:18:00 - clientPlatform processing for: Kennydr4cuL
2025-06-23 19:18:00 - Client info: , Platform: Windows, Groups: 14,377
2025-06-23 19:18:00 - Adding platform group 278 for client Kennydr4cuL - SUCCESS
2025-06-23 19:18:06 - clientPlatform processing for: Maks1m_K
2025-06-23 19:18:06 - Client info: , Platform: Windows, Groups: 265,377
2025-06-23 19:18:06 - Adding platform group 278 for client Maks1m_K - SUCCESS
2025-06-23 19:18:49 - clientPlatform processing for: Krutez
2025-06-23 19:18:49 - Client info: , Platform: Windows, Groups: 265,377
2025-06-23 19:18:49 - Adding platform group 278 for client Krutez - SUCCESS
2025-06-23 19:20:39 - clientPlatform processing for: TeamSpeakUser2
2025-06-23 19:20:39 - Client info: , Platform: Windows, Groups: 266,377
2025-06-23 19:20:39 - Adding platform group 278 for client TeamSpeakUser2 - SUCCESS
2025-06-23 19:21:42 - clientPlatform processing for: skbd
2025-06-23 19:21:42 - Client info: , Platform: Windows, Groups: 263,377
2025-06-23 19:21:42 - Adding platform group 278 for client skbd - SUCCESS
2025-06-23 19:21:54 - clientPlatform processing for: Patiencé
2025-06-23 19:21:54 - Client info: , Platform: Windows, Groups: 17,377
2025-06-23 19:21:54 - Adding platform group 278 for client Patiencé - SUCCESS
2025-06-23 19:24:20 - clientPlatform processing for: Ace
2025-06-23 19:24:20 - Client info: , Platform: Windows, Groups: 263,377
2025-06-23 19:24:20 - Adding platform group 278 for client Ace - SUCCESS
2025-06-23 19:26:50 - clientPlatform processing for: Даня
2025-06-23 19:26:50 - Client info: , Platform: Windows, Groups: 265,377
2025-06-23 19:26:50 - Adding platform group 278 for client Даня - SUCCESS
2025-06-23 19:28:54 - clientPlatform processing for: mishechcat
2025-06-23 19:28:54 - Client info: , Platform: iOS, Groups: 12,377
2025-06-23 19:28:54 - Adding platform group 281 for client mishechcat - SUCCESS
2025-06-23 19:29:27 - clientPlatform processing for: kaya
2025-06-23 19:29:27 - Client info: , Platform: Windows, Groups: 266,377
2025-06-23 19:29:27 - Adding platform group 278 for client kaya - SUCCESS
2025-06-23 19:30:09 - clientPlatform processing for: MADAGASKAR!
2025-06-23 19:30:09 - Client info: , Platform: Windows, Groups: 7
2025-06-23 19:30:09 - Adding platform group 278 for client MADAGASKAR! - SUCCESS
2025-06-23 19:31:28 - clientPlatform processing for: MADAGASKAR!
2025-06-23 19:31:28 - Client info: , Platform: Windows, Groups: 8,369
2025-06-23 19:31:28 - Adding platform group 278 for client MADAGASKAR! - SUCCESS
2025-06-23 19:31:28 - clientPlatform processing for: Alw
2025-06-23 19:31:28 - Client info: , Platform: Windows, Groups: 12,377
2025-06-23 19:31:29 - Adding platform group 278 for client Alw - SUCCESS
2025-06-23 19:33:42 - clientPlatform processing for: dimafreddyy
2025-06-23 19:33:42 - Client info: , Platform: Windows, Groups: 266,377
2025-06-23 19:33:42 - Adding platform group 278 for client dimafreddyy - SUCCESS
2025-06-23 19:33:44 - clientPlatform processing for: TheCoolestPinguin
2025-06-23 19:33:44 - Client info: , Platform: Windows, Groups: 13,377
2025-06-23 19:33:44 - Adding platform group 278 for client TheCoolestPinguin - SUCCESS
2025-06-23 19:33:45 - clientPlatform processing for: MADAGASKAR!
2025-06-23 19:33:45 - Client info: , Platform: Windows, Groups: 8,369
2025-06-23 19:33:45 - Adding platform group 278 for client MADAGASKAR! - SUCCESS
2025-06-23 19:33:47 - clientPlatform processing for: tobi
2025-06-23 19:33:47 - Client info: , Platform: OS X, Groups: 13,377
2025-06-23 19:33:47 - Adding platform group 280 for client tobi - SUCCESS
2025-06-23 19:35:56 - clientPlatform processing for: PastA1
2025-06-23 19:35:56 - Client info: , Platform: Windows, Groups: 263,377
2025-06-23 19:35:56 - Adding platform group 278 for client PastA1 - SUCCESS
2025-06-23 19:36:11 - clientPlatform processing for: joy
2025-06-23 19:36:11 - Client info: , Platform: Windows, Groups: 266,377
2025-06-23 19:36:11 - Adding platform group 278 for client joy - SUCCESS
2025-06-23 19:39:30 - clientPlatform processing for: MADAGASKAR!
2025-06-23 19:39:30 - Client info: , Platform: Windows, Groups: 8,369
2025-06-23 19:39:30 - Adding platform group 278 for client MADAGASKAR! - SUCCESS
2025-06-23 19:41:40 - clientPlatform processing for: Kennydr4cuL
2025-06-23 19:41:40 - Client info: , Platform: Windows, Groups: 14,377
2025-06-23 19:41:40 - Adding platform group 278 for client Kennydr4cuL - SUCCESS
2025-06-23 19:42:37 - clientPlatform processing for: zevok
2025-06-23 19:42:37 - Client info: , Platform: Windows, Groups: 12,377
2025-06-23 19:42:37 - Adding platform group 278 for client zevok - SUCCESS
2025-06-23 19:49:08 - clientPlatform processing for: Leon
2025-06-23 19:49:08 - Client info: , Platform: Windows, Groups: 14,377
2025-06-23 19:49:08 - Adding platform group 278 for client Leon - SUCCESS
2025-06-23 19:51:58 - clientPlatform processing for: billy nogami
2025-06-23 19:51:58 - Client info: , Platform: Windows, Groups: 265,377
2025-06-23 19:51:58 - Adding platform group 278 for client billy nogami - SUCCESS
2025-06-23 19:52:08 - clientPlatform processing for: DADA
2025-06-23 19:52:08 - Client info: , Platform: Windows, Groups: 266,377
2025-06-23 19:52:08 - Adding platform group 278 for client DADA - SUCCESS
2025-06-23 19:53:26 - clientPlatform processing for: x7uned 🌊
2025-06-23 19:53:26 - Client info: , Platform: Windows, Groups: 17,377
2025-06-23 19:53:26 - Adding platform group 278 for client x7uned 🌊 - SUCCESS
2025-06-23 19:54:33 - clientPlatform processing for: san9l93
2025-06-23 19:54:33 - Client info: , Platform: Windows, Groups: 9,369
2025-06-23 19:54:33 - Adding platform group 278 for client san9l93 - SUCCESS
2025-06-23 19:58:01 - clientPlatform processing for: Doomgeonmaster
2025-06-23 19:58:01 - Client info: , Platform: Windows, Groups: 263,377
2025-06-23 19:58:01 - Adding platform group 278 for client Doomgeonmaster - SUCCESS
2025-06-23 19:59:40 - clientPlatform processing for: Snow
2025-06-23 19:59:40 - Client info: , Platform: Windows, Groups: 263,377
2025-06-23 19:59:40 - Adding platform group 278 for client Snow - SUCCESS
2025-06-23 20:01:06 - clientPlatform processing for: zevok
2025-06-23 20:01:06 - Client info: , Platform: Windows, Groups: 12,377
2025-06-23 20:01:06 - Adding platform group 278 for client zevok - SUCCESS
2025-06-23 20:01:14 - clientPlatform processing for: HUESOS
2025-06-23 20:01:14 - Client info: , Platform: Windows, Groups: 14,377
2025-06-23 20:01:14 - Adding platform group 278 for client HUESOS - SUCCESS
2025-06-23 20:01:27 - clientPlatform processing for: nAnu
2025-06-23 20:01:27 - Client info: , Platform: Windows, Groups: 15,377
2025-06-23 20:01:27 - Adding platform group 278 for client nAnu - SUCCESS
2025-06-23 20:01:41 - clientPlatform processing for: HanS
2025-06-23 20:01:41 - Client info: , Platform: Windows, Groups: 264,377
2025-06-23 20:01:41 - Adding platform group 278 for client HanS - SUCCESS
2025-06-23 20:01:48 - clientPlatform processing for: Tasril
2025-06-23 20:01:48 - Client info: , Platform: Windows, Groups: 263,377
2025-06-23 20:01:48 - Adding platform group 278 for client Tasril - SUCCESS
2025-06-23 20:02:31 - clientPlatform processing for: DarkZX
2025-06-23 20:02:31 - Client info: , Platform: Windows, Groups: 19,377
2025-06-23 20:02:31 - Adding platform group 278 for client DarkZX - SUCCESS
2025-06-23 20:02:41 - clientPlatform processing for: zevok
2025-06-23 20:02:41 - Client info: , Platform: Windows, Groups: 12,377
2025-06-23 20:02:41 - Adding platform group 278 for client zevok - SUCCESS
2025-06-23 20:03:35 - clientPlatform processing for: jaba
2025-06-23 20:03:35 - Client info: , Platform: Windows, Groups: 11,377
2025-06-23 20:03:35 - Adding platform group 278 for client jaba - SUCCESS
2025-06-23 20:05:17 - clientPlatform processing for: KekSs_33rus
2025-06-23 20:05:17 - Client info: , Platform: Windows, Groups: 15,377
2025-06-23 20:05:17 - Adding platform group 278 for client KekSs_33rus - SUCCESS
2025-06-23 20:05:35 - clientPlatform processing for: whizzB
2025-06-23 20:05:35 - Client info: , Platform: Windows, Groups: 12,377
2025-06-23 20:05:35 - Adding platform group 278 for client whizzB - SUCCESS
2025-06-23 20:05:59 - clientPlatform processing for: farkoshka
2025-06-23 20:05:59 - Client info: , Platform: Windows, Groups: 264,377
2025-06-23 20:05:59 - Adding platform group 278 for client farkoshka - SUCCESS
2025-06-23 20:07:03 - clientPlatform processing for: Lazy_Eagle
2025-06-23 20:07:03 - Client info: , Platform: Windows, Groups: 17,377
2025-06-23 20:07:03 - Adding platform group 278 for client Lazy_Eagle - SUCCESS
2025-06-23 20:07:34 - clientPlatform processing for: mishechcaty
2025-06-23 20:07:34 - Client info: , Platform: Windows, Groups: 15,377
2025-06-23 20:07:34 - Adding platform group 278 for client mishechcaty - SUCCESS
2025-06-23 20:08:04 - clientPlatform processing for: ayko
2025-06-23 20:08:04 - Client info: , Platform: Windows, Groups: 13,377
2025-06-23 20:08:04 - Adding platform group 278 for client ayko - SUCCESS
2025-06-23 20:09:23 - clientPlatform processing for: мирорчик
2025-06-23 20:09:23 - Client info: , Platform: Windows, Groups: 13,377
2025-06-23 20:09:23 - Adding platform group 278 for client мирорчик - SUCCESS
2025-06-23 20:11:50 - clientPlatform processing for: Ax`Lim
2025-06-23 20:11:50 - Client info: , Platform: Windows, Groups: 11,377
2025-06-23 20:11:50 - Adding platform group 278 for client Ax`Lim - SUCCESS
2025-06-23 20:12:12 - clientPlatform processing for: deschka
2025-06-23 20:12:12 - Client info: , Platform: Windows, Groups: 266,377
2025-06-23 20:12:12 - Adding platform group 278 for client deschka - SUCCESS
2025-06-23 20:12:51 - clientPlatform processing for: СИСЯ
2025-06-23 20:12:51 - Client info: , Platform: Windows, Groups: 15,377
2025-06-23 20:12:51 - Adding platform group 278 for client СИСЯ - SUCCESS
2025-06-23 20:13:08 - clientPlatform processing for: Bloker
2025-06-23 20:13:08 - Client info: , Platform: Windows, Groups: 263,377
2025-06-23 20:13:08 - Adding platform group 278 for client Bloker - SUCCESS
2025-06-23 20:13:18 - clientPlatform processing for: ван гогг
2025-06-23 20:13:18 - Client info: , Platform: Windows, Groups: 15,377
2025-06-23 20:13:18 - Adding platform group 278 for client ван гогг - SUCCESS
2025-06-23 20:16:14 - clientPlatform processing for: TeamSpeakUser3
2025-06-23 20:16:14 - Client info: , Platform: Windows, Groups: 8,369
2025-06-23 20:16:14 - Adding platform group 278 for client TeamSpeakUser3 - SUCCESS
2025-06-23 20:16:14 - clientPlatform processing for: 1.6fsidertpaket
2025-06-23 20:16:14 - Client info: , Platform: Windows, Groups: 13,377
2025-06-23 20:16:14 - Adding platform group 278 for client 1.6fsidertpaket - SUCCESS
2025-06-23 20:16:14 - clientPlatform processing for: TeamSpeakUser3
2025-06-23 20:16:14 - Client info: , Platform: Windows, Groups: 8,369
2025-06-23 20:16:14 - Group already assigned (detected from error), skipping
2025-06-23 20:16:14 - Adding platform group 278 for client TeamSpeakUser3 - SUCCESS
2025-06-23 20:16:14 - clientPlatform processing for: TeamSpeakUser3
2025-06-23 20:16:14 - Client info: , Platform: Windows, Groups: 8,369
2025-06-23 20:16:14 - Group already assigned (detected from error), skipping
2025-06-23 20:16:14 - Adding platform group 278 for client TeamSpeakUser3 - SUCCESS
2025-06-23 20:20:00 - clientPlatform processing for: kaya
2025-06-23 20:20:00 - Client info: , Platform: Windows, Groups: 266,377
2025-06-23 20:20:00 - Adding platform group 278 for client kaya - SUCCESS
2025-06-23 20:24:52 - clientPlatform processing for: Chibuike
2025-06-23 20:24:52 - Client info: , Platform: Windows, Groups: 17,377
2025-06-23 20:24:52 - Adding platform group 278 for client Chibuike - SUCCESS
2025-06-23 20:26:28 - clientPlatform processing for: TeamSpeakUser3
2025-06-23 20:26:28 - Client info: , Platform: Windows, Groups: 8,369
2025-06-23 20:26:28 - Adding platform group 278 for client TeamSpeakUser3 - SUCCESS
2025-06-23 20:26:48 - clientPlatform processing for: Efkeyy
2025-06-23 20:26:48 - Client info: , Platform: Windows, Groups: 17,377
2025-06-23 20:26:48 - Adding platform group 278 for client Efkeyy - SUCCESS
2025-06-23 20:27:38 - clientPlatform processing for: TeamSpeakUser3
2025-06-23 20:27:38 - Client info: , Platform: Windows, Groups: 8,369
2025-06-23 20:27:38 - Adding platform group 278 for client TeamSpeakUser3 - SUCCESS
2025-06-23 20:28:00 - clientPlatform processing for: phonetik78
2025-06-23 20:28:00 - Client info: , Platform: Windows, Groups: 17,377
2025-06-23 20:28:00 - Adding platform group 278 for client phonetik78 - SUCCESS
2025-06-23 20:28:21 - clientPlatform processing for: Seyit
2025-06-23 20:28:21 - Client info: , Platform: Windows, Groups: 266,377
2025-06-23 20:28:21 - Adding platform group 278 for client Seyit - SUCCESS
2025-06-23 20:28:31 - clientPlatform processing for: hudabin
2025-06-23 20:28:31 - Client info: , Platform: Windows, Groups: 17,377
2025-06-23 20:28:31 - Adding platform group 278 for client hudabin - SUCCESS
2025-06-23 20:29:15 - clientPlatform processing for: Last
2025-06-23 20:29:15 - Client info: , Platform: Windows, Groups: 266,377
2025-06-23 20:29:15 - Adding platform group 278 for client Last - SUCCESS
2025-06-23 20:32:29 - clientPlatform processing for: TeamSpeakUser3
2025-06-23 20:32:29 - Client info: , Platform: Windows, Groups: 14,377
2025-06-23 20:32:29 - Adding platform group 278 for client TeamSpeakUser3 - SUCCESS
2025-06-23 20:36:51 - clientPlatform processing for: Hydrastarke
2025-06-23 20:36:51 - Client info: , Platform: Windows, Groups: 266,377
2025-06-23 20:36:51 - Adding platform group 278 for client Hydrastarke - SUCCESS
2025-06-23 20:39:11 - clientPlatform processing for: Agilex
2025-06-23 20:39:11 - Client info: , Platform: Windows, Groups: 264,377
2025-06-23 20:39:11 - Adding platform group 278 for client Agilex - SUCCESS
2025-06-23 20:39:33 - clientPlatform processing for: KC_Agee
2025-06-23 20:39:33 - Client info: , Platform: Windows, Groups: 14,377
2025-06-23 20:39:33 - Adding platform group 278 for client KC_Agee - SUCCESS
2025-06-23 20:39:37 - clientPlatform processing for: Nostalgia 2
2025-06-23 20:39:37 - Client info: , Platform: Windows, Groups: 17,377
2025-06-23 20:39:37 - Adding platform group 278 for client Nostalgia 2 - SUCCESS
2025-06-23 20:40:14 - clientPlatform processing for: ZeyphiZ
2025-06-23 20:40:14 - Client info: , Platform: Windows, Groups: 15,377
2025-06-23 20:40:14 - Adding platform group 278 for client ZeyphiZ - SUCCESS
2025-06-23 20:48:59 - clientPlatform processing for: v1tqms
2025-06-23 20:48:59 - Client info: , Platform: Windows, Groups: 10,369
2025-06-23 20:48:59 - Adding platform group 278 for client v1tqms - SUCCESS
2025-06-23 20:49:05 - clientPlatform processing for: credolls
2025-06-23 20:49:05 - Client info: , Platform: Windows, Groups: 18,377
2025-06-23 20:49:05 - Adding platform group 278 for client credolls - SUCCESS
2025-06-23 20:49:53 - clientPlatform processing for: Manwe
2025-06-23 20:49:53 - Client info: , Platform: Windows, Groups: 266,377
2025-06-23 20:49:53 - Adding platform group 278 for client Manwe - SUCCESS
2025-06-23 20:49:58 - clientPlatform processing for: v1tqms
2025-06-23 20:49:58 - Client info: , Platform: Windows, Groups: 10,369
2025-06-23 20:49:58 - Adding platform group 278 for client v1tqms - SUCCESS
2025-06-23 20:50:19 - clientPlatform processing for: vertig0
2025-06-23 20:50:19 - Client info: , Platform: Windows, Groups: 13,377
2025-06-23 20:50:19 - Adding platform group 278 for client vertig0 - SUCCESS
2025-06-23 20:51:30 - clientPlatform processing for: pez0
2025-06-23 20:51:30 - Client info: , Platform: Windows, Groups: 13,377
2025-06-23 20:51:30 - Adding platform group 278 for client pez0 - SUCCESS
2025-06-23 20:51:41 - clientPlatform processing for: v1tqms
2025-06-23 20:51:41 - Client info: , Platform: Windows, Groups: 10,369
2025-06-23 20:51:41 - Adding platform group 278 for client v1tqms - SUCCESS
2025-06-23 20:53:18 - clientPlatform processing for: TeamSpeakUser3
2025-06-23 20:53:18 - Client info: , Platform: Windows, Groups: 11,369
2025-06-23 20:53:18 - Adding platform group 278 for client TeamSpeakUser3 - SUCCESS
2025-06-23 20:53:22 - clientPlatform processing for: v1tqms
2025-06-23 20:53:22 - Client info: , Platform: Windows, Groups: 10,369
2025-06-23 20:53:22 - Adding platform group 278 for client v1tqms - SUCCESS
2025-06-23 20:53:25 - clientPlatform processing for: artikn
2025-06-23 20:53:25 - Client info: , Platform: Windows, Groups: 13,377
2025-06-23 20:53:25 - Adding platform group 278 for client artikn - SUCCESS
2025-06-23 20:54:05 - clientPlatform processing for: TeamSpeakUser3
2025-06-23 20:54:05 - Client info: , Platform: Windows, Groups: 11,369
2025-06-23 20:54:05 - Adding platform group 278 for client TeamSpeakUser3 - SUCCESS
2025-06-23 20:54:34 - clientPlatform processing for: v1tqms
2025-06-23 20:54:34 - Client info: , Platform: Windows, Groups: 10,369
2025-06-23 20:54:34 - Adding platform group 278 for client v1tqms - SUCCESS
2025-06-23 20:55:44 - clientPlatform processing for: mishechcat
2025-06-23 20:55:44 - Client info: , Platform: iOS, Groups: 12,377
2025-06-23 20:55:44 - Adding platform group 281 for client mishechcat - SUCCESS
2025-06-23 20:56:04 - clientPlatform processing for: TeamSpeakUser4
2025-06-23 20:56:04 - Client info: , Platform: Windows, Groups: 14,377
2025-06-23 20:56:04 - Adding platform group 278 for client TeamSpeakUser4 - SUCCESS
2025-06-23 20:56:33 - clientPlatform processing for: TeamSpeakUser4
2025-06-23 20:56:33 - Client info: , Platform: Windows, Groups: 14,377
2025-06-23 20:56:33 - Adding platform group 278 for client TeamSpeakUser4 - SUCCESS
2025-06-23 20:56:45 - clientPlatform processing for: lord
2025-06-23 20:56:45 - Client info: , Platform: Windows, Groups: 265,377
2025-06-23 20:56:45 - Adding platform group 278 for client lord - SUCCESS
2025-06-23 20:57:05 - clientPlatform processing for: makpyn
2025-06-23 20:57:05 - Client info: , Platform: Windows, Groups: 266,377
2025-06-23 20:57:05 - Adding platform group 278 for client makpyn - SUCCESS
2025-06-23 20:57:09 - clientPlatform processing for: bohun ivan
2025-06-23 20:57:09 - Client info: , Platform: Windows, Groups: 263,377
2025-06-23 20:57:09 - Adding platform group 278 for client bohun ivan - SUCCESS
2025-06-23 20:57:57 - clientPlatform processing for: TeamSpeakUser5
2025-06-23 20:57:57 - Client info: , Platform: Windows, Groups: 8,369
2025-06-23 20:57:57 - Adding platform group 278 for client TeamSpeakUser5 - SUCCESS
2025-06-23 20:58:01 - clientPlatform processing for: батюшка
2025-06-23 20:58:01 - Client info: , Platform: Windows, Groups: 12,377
2025-06-23 20:58:01 - Adding platform group 278 for client батюшка - SUCCESS
2025-06-23 20:58:17 - clientPlatform processing for: v1tqms
2025-06-23 20:58:17 - Client info: , Platform: Windows, Groups: 10,369
2025-06-23 20:58:17 - Adding platform group 278 for client v1tqms - SUCCESS
2025-06-23 20:59:01 - clientPlatform processing for: v1tqms
2025-06-23 20:59:01 - Client info: , Platform: Windows, Groups: 10,369
2025-06-23 20:59:01 - Adding platform group 278 for client v1tqms - SUCCESS
2025-06-23 20:59:02 - clientPlatform processing for: bohun ivan
2025-06-23 20:59:02 - Client info: , Platform: Windows, Groups: 263,377
2025-06-23 20:59:02 - Adding platform group 278 for client bohun ivan - SUCCESS
2025-06-23 20:59:42 - clientPlatform processing for: v1tqms
2025-06-23 20:59:42 - Client info: , Platform: Windows, Groups: 10,369
2025-06-23 20:59:42 - Adding platform group 278 for client v1tqms - SUCCESS
2025-06-23 21:00:57 - clientPlatform processing for: KC_Agee
2025-06-23 21:00:57 - Client info: , Platform: Windows, Groups: 14,377
2025-06-23 21:00:57 - Adding platform group 278 for client KC_Agee - SUCCESS
2025-06-23 21:01:18 - clientPlatform processing for: lesha
2025-06-23 21:01:18 - Client info: , Platform: Windows, Groups: 15,377
2025-06-23 21:01:18 - Adding platform group 278 for client lesha - SUCCESS
2025-06-23 21:02:03 - clientPlatform processing for: 1234
2025-06-23 21:02:03 - Client info: , Platform: Windows, Groups: 18,377
2025-06-23 21:02:03 - Adding platform group 278 for client 1234 - SUCCESS
2025-06-23 21:03:57 - clientPlatform processing for: crzfrg77
2025-06-23 21:03:57 - Client info: , Platform: Windows, Groups: 263,377
2025-06-23 21:03:57 - Adding platform group 278 for client crzfrg77 - SUCCESS
2025-06-23 21:04:52 - clientPlatform processing for: inffinn
2025-06-23 21:04:52 - Client info: , Platform: Windows, Groups: 13,377
2025-06-23 21:04:52 - Adding platform group 278 for client inffinn - SUCCESS
2025-06-23 21:05:33 - clientPlatform processing for: Бедный
2025-06-23 21:05:33 - Client info: , Platform: Windows, Groups: 14,377
2025-06-23 21:05:33 - Adding platform group 278 for client Бедный - SUCCESS
2025-06-23 21:06:35 - clientPlatform processing for: sasha
2025-06-23 21:06:35 - Client info: , Platform: Windows, Groups: 263,377
2025-06-23 21:06:35 - Adding platform group 278 for client sasha - SUCCESS
2025-06-23 21:08:28 - clientPlatform processing for: novii
2025-06-23 21:08:28 - Client info: , Platform: Windows, Groups: 18,377
2025-06-23 21:08:28 - Adding platform group 278 for client novii - SUCCESS
2025-06-23 21:11:31 - clientPlatform processing for: sameqqq
2025-06-23 21:11:31 - Client info: , Platform: Windows, Groups: 13,377
2025-06-23 21:11:31 - Adding platform group 278 for client sameqqq - SUCCESS
2025-06-23 21:13:14 - clientPlatform processing for: zap
2025-06-23 21:13:14 - Client info: , Platform: Windows, Groups: 266,377
2025-06-23 21:13:14 - Adding platform group 278 for client zap - SUCCESS
2025-06-23 21:14:05 - clientPlatform processing for: TeamSpeakUser
2025-06-23 21:14:05 - Client info: , Platform: Windows, Groups: 11,369
2025-06-23 21:14:05 - Adding platform group 278 for client TeamSpeakUser - SUCCESS
2025-06-23 21:14:50 - clientPlatform processing for: TeamSpeakUser
2025-06-23 21:14:50 - Client info: , Platform: Windows, Groups: 11,369
2025-06-23 21:14:50 - Adding platform group 278 for client TeamSpeakUser - SUCCESS
2025-06-23 21:19:34 - clientPlatform processing for: Đaw€
2025-06-23 21:19:34 - Client info: , Platform: Windows, Groups: 12,377
2025-06-23 21:19:34 - Adding platform group 278 for client Đaw€ - SUCCESS
2025-06-23 21:19:57 - clientPlatform processing for: TeamSpeakUser
2025-06-23 21:19:57 - Client info: , Platform: Windows, Groups: 11,369
2025-06-23 21:19:57 - Adding platform group 278 for client TeamSpeakUser - SUCCESS
2025-06-23 21:20:08 - clientPlatform processing for: TeamSpeakUser
2025-06-23 21:20:08 - Client info: , Platform: Windows, Groups: 11,369
2025-06-23 21:20:08 - Adding platform group 278 for client TeamSpeakUser - SUCCESS
2025-06-23 21:24:36 - clientPlatform processing for: credolls
2025-06-23 21:24:36 - Client info: , Platform: Windows, Groups: 18,377
2025-06-23 21:24:36 - Adding platform group 278 for client credolls - SUCCESS
2025-06-23 21:27:54 - clientPlatform processing for: muha1ov
2025-06-23 21:27:54 - Client info: , Platform: Windows, Groups: 12,377
2025-06-23 21:27:54 - Adding platform group 278 for client muha1ov - SUCCESS
2025-06-23 21:29:06 - clientPlatform processing for: 1234
2025-06-23 21:29:06 - Client info: , Platform: Windows, Groups: 18,377
2025-06-23 21:29:06 - Adding platform group 278 for client 1234 - SUCCESS
2025-06-23 21:35:30 - clientPlatform processing for: Jabberson
2025-06-23 21:35:30 - Client info: , Platform: Windows, Groups: 17,377
2025-06-23 21:35:30 - Adding platform group 278 for client Jabberson - SUCCESS
2025-06-23 21:38:02 - clientPlatform processing for: 1234
2025-06-23 21:38:02 - Client info: , Platform: Windows, Groups: 18,377
2025-06-23 21:38:02 - Adding platform group 278 for client 1234 - SUCCESS
2025-06-23 21:38:03 - clientPlatform processing for: 1234
2025-06-23 21:38:03 - Client info: , Platform: Windows, Groups: 18,377
2025-06-23 21:38:03 - Group already assigned (detected from error), skipping
2025-06-23 21:38:03 - Adding platform group 278 for client 1234 - SUCCESS
2025-06-23 21:38:03 - clientPlatform processing for: 1234
2025-06-23 21:38:03 - Client info: , Platform: Windows, Groups: 18,377
2025-06-23 21:38:03 - Group already assigned (detected from error), skipping
2025-06-23 21:38:03 - Adding platform group 278 for client 1234 - SUCCESS
2025-06-23 21:40:56 - clientPlatform processing for: goran
2025-06-23 21:40:56 - Client info: , Platform: Windows, Groups: 14,377
2025-06-23 21:40:56 - Adding platform group 278 for client goran - SUCCESS
2025-06-23 21:43:50 - clientPlatform processing for: Dumina
2025-06-23 21:43:50 - Client info: , Platform: Windows, Groups: 19,377
2025-06-23 21:43:50 - Adding platform group 278 for client Dumina - SUCCESS
2025-06-23 21:44:30 - clientPlatform processing for: goran
2025-06-23 21:44:30 - Client info: , Platform: Windows, Groups: 14,377
2025-06-23 21:44:30 - Adding platform group 278 for client goran - SUCCESS
2025-06-23 21:51:30 - clientPlatform processing for: astraiser
2025-06-23 21:51:30 - Client info: , Platform: Windows, Groups: 17,377
2025-06-23 21:51:30 - Adding platform group 278 for client astraiser - SUCCESS
2025-06-23 21:56:07 - clientPlatform processing for: digitalmix
2025-06-23 21:56:07 - Client info: , Platform: Windows, Groups: 266,377
2025-06-23 21:56:07 - Adding platform group 278 for client digitalmix - SUCCESS
2025-06-23 21:56:26 - clientPlatform processing for: Argonaft
2025-06-23 21:56:26 - Client info: , Platform: Windows, Groups: 263,377
2025-06-23 21:56:26 - Adding platform group 278 for client Argonaft - SUCCESS
2025-06-23 21:56:33 - clientPlatform processing for: clamoris
2025-06-23 21:56:33 - Client info: , Platform: Windows, Groups: 263,377
2025-06-23 21:56:33 - Adding platform group 278 for client clamoris - SUCCESS
2025-06-23 21:58:35 - clientPlatform processing for: Maprhendil
2025-06-23 21:58:35 - Client info: , Platform: Windows, Groups: 263,377
2025-06-23 21:58:35 - Adding platform group 278 for client Maprhendil - SUCCESS
2025-06-23 21:58:53 - clientPlatform processing for: lokmannnnnn
2025-06-23 21:58:53 - Client info: , Platform: Windows, Groups: 263,377
2025-06-23 21:58:53 - Adding platform group 278 for client lokmannnnnn - SUCCESS
2025-06-23 22:00:10 - clientPlatform processing for: ardoş
2025-06-23 22:00:10 - Client info: , Platform: Windows, Groups: 266,377
2025-06-23 22:00:10 - Adding platform group 278 for client ardoş - SUCCESS
2025-06-23 22:02:56 - clientPlatform processing for: Efkeyy
2025-06-23 22:02:56 - Client info: , Platform: Windows, Groups: 17,377
2025-06-23 22:02:56 - Adding platform group 278 for client Efkeyy - SUCCESS
2025-06-23 22:03:53 - clientPlatform processing for: FataL1Day
2025-06-23 22:03:53 - Client info: , Platform: Windows, Groups: 266,377
2025-06-23 22:03:53 - Adding platform group 278 for client FataL1Day - SUCCESS
2025-06-23 22:07:53 - clientPlatform processing for: v1tqms
2025-06-23 22:07:53 - Client info: , Platform: Windows, Groups: 10,369
2025-06-23 22:07:53 - Adding platform group 278 for client v1tqms - SUCCESS
2025-06-23 22:09:40 - clientPlatform processing for: Jaws
2025-06-23 22:09:40 - Client info: , Platform: Windows, Groups: 266,377
2025-06-23 22:09:40 - Adding platform group 278 for client Jaws - SUCCESS
2025-06-23 22:10:31 - clientPlatform processing for: TeamSpeakUser1
2025-06-23 22:10:31 - Client info: , Platform: Windows, Groups: 15,377
2025-06-23 22:10:31 - Adding platform group 278 for client TeamSpeakUser1 - SUCCESS
2025-06-23 22:11:58 - clientPlatform processing for: шароёб
2025-06-23 22:11:58 - Client info: , Platform: Windows, Groups: 263,377
2025-06-23 22:11:58 - Adding platform group 278 for client шароёб - SUCCESS
2025-06-23 22:13:39 - clientPlatform processing for: mevlutozkara
2025-06-23 22:13:39 - Client info: , Platform: Windows, Groups: 9,369
2025-06-23 22:13:39 - Adding platform group 278 for client mevlutozkara - SUCCESS
2025-06-23 22:13:45 - clientPlatform processing for: verdi
2025-06-23 22:13:45 - Client info: , Platform: Windows, Groups: 17,377
2025-06-23 22:13:45 - Adding platform group 278 for client verdi - SUCCESS
2025-06-23 22:20:13 - clientPlatform processing for: bohun ivan
2025-06-23 22:20:13 - Client info: , Platform: Windows, Groups: 263,377
2025-06-23 22:20:13 - Adding platform group 278 for client bohun ivan - SUCCESS
2025-06-23 22:20:23 - clientPlatform processing for: vata
2025-06-23 22:20:23 - Client info: , Platform: Windows, Groups: 266,377
2025-06-23 22:20:23 - Adding platform group 278 for client vata - SUCCESS
2025-06-23 22:21:46 - clientPlatform processing for: saulov
2025-06-23 22:21:46 - Client info: , Platform: Windows, Groups: 15,377
2025-06-23 22:21:46 - Adding platform group 278 for client saulov - SUCCESS
2025-06-23 22:23:08 - clientPlatform processing for: Pines
2025-06-23 22:23:08 - Client info: , Platform: Windows, Groups: 18,377
2025-06-23 22:23:08 - Adding platform group 278 for client Pines - SUCCESS
2025-06-23 22:23:41 - clientPlatform processing for: Arturito
2025-06-23 22:23:41 - Client info: , Platform: Windows, Groups: 13,377
2025-06-23 22:23:41 - Adding platform group 278 for client Arturito - SUCCESS
2025-06-23 22:25:28 - clientPlatform processing for: Ramazan77
2025-06-23 22:25:28 - Client info: , Platform: Windows, Groups: 10,369
2025-06-23 22:25:28 - Adding platform group 278 for client Ramazan77 - SUCCESS
2025-06-23 22:30:48 - clientPlatform processing for: s1nat0r
2025-06-23 22:30:48 - Client info: , Platform: Windows, Groups: 11,377
2025-06-23 22:30:48 - Adding platform group 278 for client s1nat0r - SUCCESS
2025-06-23 22:38:43 - clientPlatform processing for: TeamSpeakUser1
2025-06-23 22:38:43 - Client info: , Platform: Windows, Groups: 15,377
2025-06-23 22:38:43 - Adding platform group 278 for client TeamSpeakUser1 - SUCCESS
2025-06-23 22:40:34 - clientPlatform processing for: TeamSpeakUser3
2025-06-23 22:40:34 - Client info: , Platform: Windows, Groups: 12,377
2025-06-23 22:40:34 - Adding platform group 278 for client TeamSpeakUser3 - SUCCESS
2025-06-23 22:41:09 - clientPlatform processing for: TeamSpeakUser5
2025-06-23 22:41:09 - Client info: , Platform: Windows, Groups: 12,377
2025-06-23 22:41:09 - Adding platform group 278 for client TeamSpeakUser5 - SUCCESS
2025-06-23 22:41:31 - clientPlatform processing for: elges
2025-06-23 22:41:31 - Client info: , Platform: Windows, Groups: 264,377
2025-06-23 22:41:31 - Adding platform group 278 for client elges - SUCCESS
2025-06-23 22:42:13 - clientPlatform processing for: AyKonn
2025-06-23 22:42:13 - Client info: , Platform: Windows, Groups: 13,377
2025-06-23 22:42:13 - Adding platform group 278 for client AyKonn - SUCCESS
2025-06-23 22:43:16 - clientPlatform processing for: NaiRoD
2025-06-23 22:43:16 - Client info: , Platform: Windows, Groups: 20,377
2025-06-23 22:43:16 - Adding platform group 278 for client NaiRoD - SUCCESS
2025-06-23 22:44:05 - clientPlatform processing for: krsto
2025-06-23 22:44:05 - Client info: , Platform: Windows, Groups: 13,377
2025-06-23 22:44:05 - Adding platform group 278 for client krsto - SUCCESS
2025-06-23 22:47:50 - clientPlatform processing for: Brzak
2025-06-23 22:47:50 - Client info: , Platform: Windows, Groups: 13,377
2025-06-23 22:47:50 - Adding platform group 278 for client Brzak - SUCCESS
2025-06-23 22:48:23 - clientPlatform processing for: teaman11
2025-06-23 22:48:23 - Client info: , Platform: Windows, Groups: 17,377
2025-06-23 22:48:23 - Adding platform group 278 for client teaman11 - SUCCESS
2025-06-23 22:53:21 - clientPlatform processing for: teaman11
2025-06-23 22:53:21 - Client info: , Platform: Windows, Groups: 17,377
2025-06-23 22:53:21 - Adding platform group 278 for client teaman11 - SUCCESS
2025-06-23 22:53:52 - clientPlatform processing for: 607
2025-06-23 22:53:52 - Client info: , Platform: Windows, Groups: 7
2025-06-23 22:53:52 - Adding platform group 278 for client 607 - SUCCESS
2025-06-23 22:54:26 - clientPlatform processing for: TeamSpeakUser2
2025-06-23 22:54:26 - Client info: , Platform: Windows, Groups: 7
2025-06-23 22:54:26 - Adding platform group 278 for client TeamSpeakUser2 - SUCCESS
2025-06-23 22:54:29 - clientPlatform processing for: kaanyldrmM
2025-06-23 22:54:29 - Client info: , Platform: Windows, Groups: 7
2025-06-23 22:54:29 - Adding platform group 278 for client kaanyldrmM - SUCCESS
2025-06-23 22:54:34 - clientPlatform processing for: TeamSpeakUser6
2025-06-23 22:54:34 - Client info: , Platform: Windows, Groups: 7
2025-06-23 22:54:34 - Adding platform group 278 for client TeamSpeakUser6 - SUCCESS
2025-06-23 22:59:19 - clientPlatform processing for: muha1ov
2025-06-23 22:59:19 - Client info: , Platform: Windows, Groups: 12,377
2025-06-23 22:59:19 - Adding platform group 278 for client muha1ov - SUCCESS
2025-06-23 23:00:45 - clientPlatform processing for: muha1ov
2025-06-23 23:00:45 - Client info: , Platform: Windows, Groups: 12,377
2025-06-23 23:00:45 - Adding platform group 278 for client muha1ov - SUCCESS
2025-06-23 23:03:24 - clientPlatform processing for: miz-miz
2025-06-23 23:03:24 - Client info: , Platform: Windows, Groups: 266,377
2025-06-23 23:03:24 - Adding platform group 278 for client miz-miz - SUCCESS
2025-06-23 23:03:57 - clientPlatform processing for: TeamSpeakUser2
2025-06-23 23:03:57 - Client info: , Platform: Windows, Groups: 13,377
2025-06-23 23:03:57 - Adding platform group 278 for client TeamSpeakUser2 - SUCCESS
2025-06-23 23:11:06 - clientPlatform processing for: yeiber
2025-06-23 23:11:06 - Client info: , Platform: Windows, Groups: 10,369
2025-06-23 23:11:06 - Adding platform group 278 for client yeiber - SUCCESS
2025-06-23 23:11:24 - clientPlatform processing for: Tileks
2025-06-23 23:11:24 - Client info: , Platform: Windows, Groups: 8,369
2025-06-23 23:11:24 - Adding platform group 278 for client Tileks - SUCCESS
2025-06-23 23:11:28 - clientPlatform processing for: Tyros Janos
2025-06-23 23:11:28 - Client info: , Platform: Windows, Groups: 265,377
2025-06-23 23:11:28 - Adding platform group 278 for client Tyros Janos - SUCCESS
2025-06-23 23:12:02 - clientPlatform processing for: Saul
2025-06-23 23:12:02 - Client info: , Platform: Windows, Groups: 14,377
2025-06-23 23:12:02 - Adding platform group 278 for client Saul - SUCCESS
2025-06-23 23:13:38 - clientPlatform processing for: -EscA`#
2025-06-23 23:13:38 - Client info: , Platform: Windows, Groups: 17,377
2025-06-23 23:13:38 - Adding platform group 278 for client -EscA`# - SUCCESS
2025-06-23 23:15:12 - clientPlatform processing for: -W1LLL
2025-06-23 23:15:12 - Client info: , Platform: Windows, Groups: 266,377
2025-06-23 23:15:13 - Adding platform group 278 for client -W1LLL - SUCCESS
2025-06-23 23:19:50 - clientPlatform processing for: Agilex
2025-06-23 23:19:50 - Client info: , Platform: Windows, Groups: 264,377
2025-06-23 23:19:50 - Adding platform group 278 for client Agilex - SUCCESS
2025-06-23 23:32:25 - clientPlatform processing for: Rowyn
2025-06-23 23:32:25 - Client info: , Platform: Windows, Groups: 18,377
2025-06-23 23:32:25 - Adding platform group 278 for client Rowyn - SUCCESS
2025-06-23 23:35:00 - clientPlatform processing for: sadfay
2025-06-23 23:35:00 - Client info: , Platform: Windows, Groups: 266,377
2025-06-23 23:35:00 - Adding platform group 278 for client sadfay - SUCCESS
2025-06-23 23:36:40 - clientPlatform processing for: gokos
2025-06-23 23:36:40 - Client info: , Platform: Windows, Groups: 265,377
2025-06-23 23:36:40 - Adding platform group 278 for client gokos - SUCCESS
2025-06-23 23:43:35 - clientPlatform processing for: Tyros Janos
2025-06-23 23:43:35 - Client info: , Platform: Windows, Groups: 265,377
2025-06-23 23:43:35 - Adding platform group 278 for client Tyros Janos - SUCCESS
2025-06-23 23:47:07 - clientPlatform processing for: TeamSpeakUser3
2025-06-23 23:47:07 - Client info: , Platform: Windows, Groups: 266,377
2025-06-23 23:47:07 - Adding platform group 278 for client TeamSpeakUser3 - SUCCESS
2025-06-23 23:50:32 - clientPlatform processing for: TeamSpeakUser4
2025-06-23 23:50:32 - Client info: , Platform: Windows, Groups: 264,377
2025-06-23 23:50:32 - Adding platform group 278 for client TeamSpeakUser4 - SUCCESS
2025-06-23 23:53:04 - clientPlatform processing for: -W1LLL
2025-06-23 23:53:04 - Client info: , Platform: Windows, Groups: 266,377
2025-06-23 23:53:04 - Adding platform group 278 for client -W1LLL - SUCCESS
2025-06-23 23:53:57 - clientPlatform processing for: Mystra
2025-06-23 23:53:57 - Client info: , Platform: Windows, Groups: 8,369
2025-06-23 23:53:57 - Adding platform group 278 for client Mystra - SUCCESS
2025-06-23 23:58:41 - clientPlatform processing for: Mystra
2025-06-23 23:58:41 - Client info: , Platform: Windows, Groups: 9,369
2025-06-23 23:58:41 - Adding platform group 278 for client Mystra - SUCCESS
