2025-07-26 00:01:54 - clientPlatform processing for: hotaro333333333333333333333
2025-07-26 00:01:54 - Client info: , Platform: Windows, Groups: 11,377
2025-07-26 00:01:54 - Adding platform group 278 for client hotaro333333333333333333333 - SUCCESS
2025-07-26 00:04:14 - clientPlatform processing for: FlavianFCP
2025-07-26 00:04:14 - Client info: , Platform: Windows, Groups: 12,377
2025-07-26 00:04:14 - Adding platform group 278 for client FlavianFCP - SUCCESS
2025-07-26 00:08:39 - clientPlatform processing for: gholab
2025-07-26 00:08:39 - Client info: , Platform: Windows, Groups: 266,377
2025-07-26 00:08:39 - Adding platform group 278 for client gholab - SUCCESS
2025-07-26 00:11:10 - clientPlatform processing for: макс даун
2025-07-26 00:11:10 - Client info: , Platform: Windows, Groups: 7
2025-07-26 00:11:10 - Adding platform group 278 for client макс даун - SUCCESS
2025-07-26 00:11:47 - clientPlatform processing for: антон гей
2025-07-26 00:11:47 - Client info: , Platform: Windows, Groups: 9,369
2025-07-26 00:11:47 - Adding platform group 278 for client антон гей - SUCCESS
2025-07-26 00:14:59 - clientPlatform processing for: nokar
2025-07-26 00:14:59 - Client info: , Platform: Windows, Groups: 11,377
2025-07-26 00:14:59 - Adding platform group 278 for client nokar - SUCCESS
2025-07-26 00:17:44 - clientPlatform processing for: антон гей
2025-07-26 00:17:44 - Client info: , Platform: Windows, Groups: 9,369
2025-07-26 00:17:44 - Adding platform group 278 for client антон гей - SUCCESS
2025-07-26 00:23:23 - clientPlatform processing for: Fwd
2025-07-26 00:23:23 - Client info: , Platform: Windows, Groups: 12,377
2025-07-26 00:23:23 - Adding platform group 278 for client Fwd - SUCCESS
2025-07-26 00:25:45 - clientPlatform processing for: joy
2025-07-26 00:25:45 - Client info: , Platform: Windows, Groups: 266,377
2025-07-26 00:25:45 - Adding platform group 278 for client joy - SUCCESS
2025-07-26 00:28:28 - clientPlatform processing for: Cyborg1
2025-07-26 00:28:28 - Client info: , Platform: Windows, Groups: 14,377
2025-07-26 00:28:28 - Adding platform group 278 for client Cyborg1 - SUCCESS
2025-07-26 00:30:20 - clientPlatform processing for: andy76633
2025-07-26 00:30:20 - Client info: , Platform: Windows, Groups: 11,377
2025-07-26 00:30:20 - Adding platform group 278 for client andy76633 - SUCCESS
2025-07-26 00:47:53 - clientPlatform processing for: Jaws
2025-07-26 00:47:53 - Client info: , Platform: Windows, Groups: 11,377
2025-07-26 00:47:53 - Adding platform group 278 for client Jaws - SUCCESS
2025-07-26 00:49:23 - clientPlatform processing for: брочачо
2025-07-26 00:49:23 - Client info: , Platform: Windows, Groups: 19,377
2025-07-26 00:49:23 - Adding platform group 278 for client брочачо - SUCCESS
2025-07-26 00:49:36 - clientPlatform processing for: gundon
2025-07-26 00:49:36 - Client info: , Platform: Windows, Groups: 14,377
2025-07-26 00:49:36 - Adding platform group 278 for client gundon - SUCCESS
2025-07-26 00:49:42 - clientPlatform processing for: vasyanutkin
2025-07-26 00:49:42 - Client info: , Platform: Windows, Groups: 266,377
2025-07-26 00:49:42 - Adding platform group 278 for client vasyanutkin - SUCCESS
2025-07-26 00:49:44 - clientPlatform processing for: Hydra
2025-07-26 00:49:44 - Client info: , Platform: Windows, Groups: 14,377
2025-07-26 00:49:44 - Adding platform group 278 for client Hydra - SUCCESS
2025-07-26 00:53:40 - clientPlatform processing for: MenoRecords
2025-07-26 00:53:40 - Client info: , Platform: Windows, Groups: 264,377
2025-07-26 00:53:40 - Adding platform group 278 for client MenoRecords - SUCCESS
2025-07-26 01:00:55 - clientPlatform processing for: ardoş
2025-07-26 01:00:55 - Client info: , Platform: Windows, Groups: 266,377
2025-07-26 01:00:55 - Adding platform group 278 for client ardoş - SUCCESS
2025-07-26 01:00:58 - clientPlatform processing for: TaherBadr
2025-07-26 01:00:58 - Client info: , Platform: Windows, Groups: 264,377
2025-07-26 01:00:58 - Adding platform group 278 for client TaherBadr - SUCCESS
2025-07-26 01:09:18 - clientPlatform processing for: JhoNNzTR
2025-07-26 01:09:18 - Client info: , Platform: Windows, Groups: 12,377
2025-07-26 01:09:18 - Adding platform group 278 for client JhoNNzTR - SUCCESS
2025-07-26 01:21:50 - clientPlatform processing for: BIG FIUT
2025-07-26 01:21:50 - Client info: , Platform: Windows, Groups: 13,377
2025-07-26 01:21:50 - Adding platform group 278 for client BIG FIUT - SUCCESS
2025-07-26 01:23:03 - clientPlatform processing for: NowY
2025-07-26 01:23:03 - Client info: , Platform: Windows, Groups: 264,377
2025-07-26 01:23:03 - Adding platform group 278 for client NowY - SUCCESS
2025-07-26 01:25:03 - clientPlatform processing for: SGS Calvo
2025-07-26 01:25:03 - Client info: , Platform: Windows, Groups: 12,377
2025-07-26 01:25:03 - Adding platform group 278 for client SGS Calvo - SUCCESS
2025-07-26 01:25:20 - clientPlatform processing for: shivska
2025-07-26 01:25:20 - Client info: , Platform: Windows, Groups: 11,377
2025-07-26 01:25:20 - Adding platform group 278 for client shivska - SUCCESS
2025-07-26 01:31:33 - clientPlatform processing for: gundon
2025-07-26 01:31:33 - Client info: , Platform: Windows, Groups: 14,377
2025-07-26 01:31:33 - Adding platform group 278 for client gundon - SUCCESS
2025-07-26 01:33:49 - clientPlatform processing for: Richard_TH
2025-07-26 01:33:49 - Client info: , Platform: Windows, Groups: 18,377
2025-07-26 01:33:49 - Adding platform group 278 for client Richard_TH - SUCCESS
2025-07-26 01:42:00 - clientPlatform processing for: Hydra
2025-07-26 01:42:00 - Client info: , Platform: Windows, Groups: 14,377
2025-07-26 01:42:00 - Adding platform group 278 for client Hydra - SUCCESS
2025-07-26 01:43:20 - clientPlatform processing for: MenoRecords
2025-07-26 01:43:20 - Client info: , Platform: Windows, Groups: 264,377
2025-07-26 01:43:20 - Adding platform group 278 for client MenoRecords - SUCCESS
2025-07-26 01:43:25 - clientPlatform processing for: Hydra
2025-07-26 01:43:25 - Client info: , Platform: Windows, Groups: 14,377
2025-07-26 01:43:25 - Adding platform group 278 for client Hydra - SUCCESS
2025-07-26 01:43:29 - clientPlatform processing for: Hydra
2025-07-26 01:43:29 - Client info: , Platform: Windows, Groups: 14,377
2025-07-26 01:43:29 - Adding platform group 278 for client Hydra - SUCCESS
2025-07-26 01:44:53 - clientPlatform processing for: Hydra
2025-07-26 01:44:53 - Client info: , Platform: Windows, Groups: 14,377
2025-07-26 01:44:53 - Adding platform group 278 for client Hydra - SUCCESS
2025-07-26 01:56:40 - clientPlatform processing for: mevlutozkara
2025-07-26 01:56:40 - Client info: , Platform: Windows, Groups: 265,377
2025-07-26 01:56:40 - Adding platform group 278 for client mevlutozkara - SUCCESS
2025-07-26 01:57:17 - clientPlatform processing for: mevlutozkara
2025-07-26 01:57:17 - Client info: , Platform: Windows, Groups: 265,377
2025-07-26 01:57:17 - Adding platform group 278 for client mevlutozkara - SUCCESS
2025-07-26 02:49:03 - clientPlatform processing for: tenshin_non
2025-07-26 02:49:03 - Client info: , Platform: Windows, Groups: 18,377
2025-07-26 02:49:03 - Adding platform group 278 for client tenshin_non - SUCCESS
2025-07-26 02:50:22 - clientPlatform processing for: mevlutozkara
2025-07-26 02:50:22 - Client info: , Platform: Windows, Groups: 265,377
2025-07-26 02:50:22 - Adding platform group 278 for client mevlutozkara - SUCCESS
2025-07-26 03:31:52 - clientPlatform processing for: TeamSpeakUser
2025-07-26 03:31:52 - Client info: , Platform: Windows, Groups: 263,377
2025-07-26 03:31:52 - Adding platform group 278 for client TeamSpeakUser - SUCCESS
2025-07-26 03:55:29 - clientPlatform processing for: 2212312
2025-07-26 03:55:29 - Client info: , Platform: Windows, Groups: 17,377
2025-07-26 03:55:29 - Adding platform group 278 for client 2212312 - SUCCESS
2025-07-26 03:55:30 - clientPlatform processing for: 2212312
2025-07-26 03:55:30 - Client info: , Platform: Windows, Groups: 17,377
2025-07-26 03:55:30 - Group already assigned (detected from error), skipping
2025-07-26 03:55:30 - Adding platform group 278 for client 2212312 - SUCCESS
2025-07-26 03:55:30 - clientPlatform processing for: 2212312
2025-07-26 03:55:30 - Client info: , Platform: Windows, Groups: 17,377
2025-07-26 03:55:30 - Group already assigned (detected from error), skipping
2025-07-26 03:55:30 - Adding platform group 278 for client 2212312 - SUCCESS
2025-07-26 03:56:51 - clientPlatform processing for: TeamSpeakUser2
2025-07-26 03:56:51 - Client info: , Platform: Windows, Groups: 12,377
2025-07-26 03:56:51 - Adding platform group 278 for client TeamSpeakUser2 - SUCCESS
2025-07-26 03:58:41 - clientPlatform processing for: Phantor
2025-07-26 03:58:41 - Client info: , Platform: Windows, Groups: 263,377
2025-07-26 03:58:41 - Adding platform group 278 for client Phantor - SUCCESS
2025-07-26 04:34:04 - clientPlatform processing for: baia
2025-07-26 04:34:04 - Client info: , Platform: Windows, Groups: 263,377
2025-07-26 04:34:04 - Adding platform group 278 for client baia - SUCCESS
2025-07-26 04:41:42 - clientPlatform processing for: Elcau_sita18
2025-07-26 04:41:42 - Client info: , Platform: Windows, Groups: 17,377
2025-07-26 04:41:42 - Adding platform group 278 for client Elcau_sita18 - SUCCESS
2025-07-26 05:10:33 - clientPlatform processing for: f.donato
2025-07-26 05:10:33 - Client info: , Platform: Windows, Groups: 266,377
2025-07-26 05:10:33 - Adding platform group 278 for client f.donato - SUCCESS
2025-07-26 05:11:23 - clientPlatform processing for: Elcau_sita18
2025-07-26 05:11:23 - Client info: , Platform: Windows, Groups: 17,377
2025-07-26 05:11:23 - Adding platform group 278 for client Elcau_sita18 - SUCCESS
2025-07-26 05:11:45 - clientPlatform processing for: Faith
2025-07-26 05:11:45 - Client info: , Platform: Windows, Groups: 17,377
2025-07-26 05:11:45 - Adding platform group 278 for client Faith - SUCCESS
2025-07-26 05:13:42 - clientPlatform processing for: Richard_TH
2025-07-26 05:13:42 - Client info: , Platform: Windows, Groups: 18,377
2025-07-26 05:13:42 - Adding platform group 278 for client Richard_TH - SUCCESS
2025-07-26 05:16:12 - clientPlatform processing for: Victuziin
2025-07-26 05:16:12 - Client info: , Platform: Windows, Groups: 14,377
2025-07-26 05:16:12 - Adding platform group 278 for client Victuziin - SUCCESS
2025-07-26 05:47:10 - clientPlatform processing for: ratera
2025-07-26 05:47:10 - Client info: , Platform: Windows, Groups: 264,377
2025-07-26 05:47:10 - Adding platform group 278 for client ratera - SUCCESS
2025-07-26 06:19:54 - clientPlatform processing for: Phantor
2025-07-26 06:19:54 - Client info: , Platform: Windows, Groups: 263,377
2025-07-26 06:19:54 - Adding platform group 278 for client Phantor - SUCCESS
2025-07-26 06:20:19 - clientPlatform processing for: Chico
2025-07-26 06:20:19 - Client info: , Platform: Windows, Groups: 266,377
2025-07-26 06:20:19 - Adding platform group 278 for client Chico - SUCCESS
2025-07-26 06:45:05 - clientPlatform processing for: gholab
2025-07-26 06:45:05 - Client info: , Platform: Windows, Groups: 266,377
2025-07-26 06:45:05 - Adding platform group 278 for client gholab - SUCCESS
2025-07-26 07:32:56 - clientPlatform processing for: -rbf_js-
2025-07-26 07:32:56 - Client info: , Platform: Windows, Groups: 12,369
2025-07-26 07:32:56 - Adding platform group 278 for client -rbf_js- - SUCCESS
2025-07-26 07:50:10 - clientPlatform processing for: Мьюрт(Дима)
2025-07-26 07:50:10 - Client info: , Platform: Windows, Groups: 265,377
2025-07-26 07:50:10 - Adding platform group 278 for client Мьюрт(Дима) - SUCCESS
2025-07-26 07:51:39 - clientPlatform processing for: TeamSpeakUser
2025-07-26 07:51:39 - Client info: , Platform: Windows, Groups: 266,377
2025-07-26 07:51:39 - Adding platform group 278 for client TeamSpeakUser - SUCCESS
2025-07-26 08:10:16 - clientPlatform processing for: 2212312
2025-07-26 08:10:16 - Client info: , Platform: Windows, Groups: 17,377
2025-07-26 08:10:16 - Adding platform group 278 for client 2212312 - SUCCESS
2025-07-26 08:18:53 - clientPlatform processing for: makpyn
2025-07-26 08:18:53 - Client info: , Platform: Windows, Groups: 15,377
2025-07-26 08:18:53 - Adding platform group 278 for client makpyn - SUCCESS
2025-07-26 08:20:34 - clientPlatform processing for: dadaok
2025-07-26 08:20:34 - Client info: , Platform: Windows, Groups: 21,377
2025-07-26 08:20:34 - Adding platform group 278 for client dadaok - SUCCESS
2025-07-26 08:25:44 - clientPlatform processing for: Sichselber | André
2025-07-26 08:25:44 - Client info: , Platform: Windows, Groups: 12,377
2025-07-26 08:25:44 - Adding platform group 278 for client Sichselber | André - SUCCESS
2025-07-26 08:39:58 - clientPlatform processing for: Phantor
2025-07-26 08:39:58 - Client info: , Platform: Windows, Groups: 263,377
2025-07-26 08:39:58 - Adding platform group 278 for client Phantor - SUCCESS
2025-07-26 08:43:13 - clientPlatform processing for: Yoschi88
2025-07-26 08:43:13 - Client info: , Platform: Windows, Groups: 15,377
2025-07-26 08:43:13 - Adding platform group 278 for client Yoschi88 - SUCCESS
2025-07-26 08:50:46 - clientPlatform processing for: nox
2025-07-26 08:50:46 - Client info: , Platform: Windows, Groups: 266,377
2025-07-26 08:50:46 - Adding platform group 278 for client nox - SUCCESS
2025-07-26 09:15:23 - clientPlatform processing for: f.donato
2025-07-26 09:15:23 - Client info: , Platform: Windows, Groups: 266,377
2025-07-26 09:15:23 - Adding platform group 278 for client f.donato - SUCCESS
2025-07-26 09:53:11 - clientPlatform processing for: nafhy
2025-07-26 09:53:11 - Client info: , Platform: Windows, Groups: 266,377
2025-07-26 09:53:11 - Adding platform group 278 for client nafhy - SUCCESS
2025-07-26 09:54:23 - clientPlatform processing for: Dumina
2025-07-26 09:54:23 - Client info: , Platform: Windows, Groups: 20,377
2025-07-26 09:54:23 - Adding platform group 278 for client Dumina - SUCCESS
2025-07-26 09:58:58 - clientPlatform processing for: erik
2025-07-26 09:58:58 - Client info: , Platform: Windows, Groups: 266,377
2025-07-26 09:58:58 - Adding platform group 278 for client erik - SUCCESS
2025-07-26 10:02:46 - clientPlatform processing for: erik
2025-07-26 10:02:46 - Client info: , Platform: Windows, Groups: 266,377
2025-07-26 10:02:46 - Adding platform group 278 for client erik - SUCCESS
2025-07-26 10:22:59 - clientPlatform processing for: goran
2025-07-26 10:22:59 - Client info: , Platform: Windows, Groups: 266,377
2025-07-26 10:22:59 - Adding platform group 278 for client goran - SUCCESS
2025-07-26 10:24:50 - clientPlatform processing for: nafhy
2025-07-26 10:24:50 - Client info: , Platform: Windows, Groups: 266,377
2025-07-26 10:24:50 - Adding platform group 278 for client nafhy - SUCCESS
2025-07-26 10:26:40 - clientPlatform processing for: 4iff
2025-07-26 10:26:40 - Client info: , Platform: Windows, Groups: 22,377
2025-07-26 10:26:40 - Adding platform group 278 for client 4iff - SUCCESS
2025-07-26 10:30:15 - clientPlatform processing for: nafhy
2025-07-26 10:30:15 - Client info: , Platform: Windows, Groups: 266,377
2025-07-26 10:30:15 - Adding platform group 278 for client nafhy - SUCCESS
2025-07-26 10:38:12 - clientPlatform processing for: BIG FIUT
2025-07-26 10:38:12 - Client info: , Platform: Windows, Groups: 13,377
2025-07-26 10:38:12 - Adding platform group 278 for client BIG FIUT - SUCCESS
2025-07-26 10:55:13 - clientPlatform processing for: Druid Сrow 🦅
2025-07-26 10:55:13 - Client info: , Platform: Windows, Groups: 19,377
2025-07-26 10:55:13 - Adding platform group 278 for client Druid Сrow 🦅 - SUCCESS
2025-07-26 10:56:23 - clientPlatform processing for: shinigami
2025-07-26 10:56:23 - Client info: , Platform: Windows, Groups: 25,377,381,383,385
2025-07-26 10:56:23 - Adding platform group 278 for client shinigami - SUCCESS
2025-07-26 10:59:37 - clientPlatform processing for: pzdcvsenikizanyati
2025-07-26 10:59:37 - Client info: , Platform: Windows, Groups: 19,377
2025-07-26 10:59:37 - Adding platform group 278 for client pzdcvsenikizanyati - SUCCESS
2025-07-26 10:59:47 - clientPlatform processing for: Sichselber | André
2025-07-26 10:59:47 - Client info: , Platform: Windows, Groups: 13,377
2025-07-26 10:59:47 - Adding platform group 278 for client Sichselber | André - SUCCESS
2025-07-26 11:01:08 - clientPlatform processing for: BIG FIUT
2025-07-26 11:01:08 - Client info: , Platform: Windows, Groups: 13,377
2025-07-26 11:01:08 - Adding platform group 278 for client BIG FIUT - SUCCESS
2025-07-26 11:01:39 - clientPlatform processing for: NowY
2025-07-26 11:01:39 - Client info: , Platform: Windows, Groups: 264,377
2025-07-26 11:01:39 - Adding platform group 278 for client NowY - SUCCESS
2025-07-26 11:06:29 - clientPlatform processing for: TeamSpeakUser2
2025-07-26 11:06:29 - Client info: , Platform: Windows, Groups: 266,377
2025-07-26 11:06:29 - Adding platform group 278 for client TeamSpeakUser2 - SUCCESS
2025-07-26 11:06:31 - clientPlatform processing for: skbd
2025-07-26 11:06:31 - Client info: , Platform: Windows, Groups: 263,377
2025-07-26 11:06:31 - Adding platform group 278 for client skbd - SUCCESS
2025-07-26 11:11:24 - clientPlatform processing for: kaiizenn
2025-07-26 11:11:24 - Client info: , Platform: Windows, Groups: 27,377,382,399,400,436,437
2025-07-26 11:11:24 - Adding platform group 278 for client kaiizenn - SUCCESS
2025-07-26 11:46:15 - clientPlatform processing for: e6lan
2025-07-26 11:46:15 - Client info: , Platform: Windows, Groups: 263,377
2025-07-26 11:46:15 - Adding platform group 278 for client e6lan - SUCCESS
2025-07-26 11:48:59 - clientPlatform processing for: Уебище
2025-07-26 11:48:59 - Client info: , Platform: Windows, Groups: 266,377
2025-07-26 11:48:59 - Adding platform group 278 for client Уебище - SUCCESS
2025-07-26 11:50:57 - clientPlatform processing for: Sichselber | André
2025-07-26 11:50:57 - Client info: , Platform: Windows, Groups: 13,377
2025-07-26 11:50:57 - Adding platform group 278 for client Sichselber | André - SUCCESS
2025-07-26 11:52:36 - clientPlatform processing for: User1
2025-07-26 11:52:36 - Client info: , Platform: Windows, Groups: 14,377
2025-07-26 11:52:36 - Adding platform group 278 for client User1 - SUCCESS
2025-07-26 11:55:09 - clientPlatform processing for: Miki
2025-07-26 11:55:09 - Client info: , Platform: Windows, Groups: 264,377
2025-07-26 11:55:09 - Adding platform group 278 for client Miki - SUCCESS
2025-07-26 11:56:37 - clientPlatform processing for: Kiko
2025-07-26 11:56:37 - Client info: , Platform: Windows, Groups: 14,377
2025-07-26 11:56:37 - Adding platform group 278 for client Kiko - SUCCESS
2025-07-26 11:57:19 - clientPlatform processing for: TeamSpeakUser
2025-07-26 11:57:19 - Client info: , Platform: Windows, Groups: 266,377
2025-07-26 11:57:19 - Adding platform group 278 for client TeamSpeakUser - SUCCESS
2025-07-26 11:58:18 - clientPlatform processing for: hamza
2025-07-26 11:58:18 - Client info: , Platform: Windows, Groups: 266,377
2025-07-26 11:58:18 - Adding platform group 278 for client hamza - SUCCESS
2025-07-26 11:58:37 - clientPlatform processing for: andreyJ42
2025-07-26 11:58:37 - Client info: , Platform: Windows, Groups: 14,377
2025-07-26 11:58:37 - Adding platform group 278 for client andreyJ42 - SUCCESS
2025-07-26 12:13:11 - clientPlatform processing for: andreyJ42
2025-07-26 12:13:11 - Client info: , Platform: Windows, Groups: 14,377
2025-07-26 12:13:11 - Adding platform group 278 for client andreyJ42 - SUCCESS
2025-07-26 12:15:54 - clientPlatform processing for: HanS
2025-07-26 12:15:54 - Client info: , Platform: Windows, Groups: 266,377
2025-07-26 12:15:54 - Adding platform group 278 for client HanS - SUCCESS
2025-07-26 12:16:24 - clientPlatform processing for: Боцман777
2025-07-26 12:16:24 - Client info: , Platform: Windows, Groups: 19,377
2025-07-26 12:16:24 - Adding platform group 278 for client Боцман777 - SUCCESS
2025-07-26 12:17:11 - clientPlatform processing for: Уебище
2025-07-26 12:17:11 - Client info: , Platform: Windows, Groups: 266,377
2025-07-26 12:17:11 - Adding platform group 278 for client Уебище - SUCCESS
2025-07-26 12:23:51 - clientPlatform processing for: e6lan
2025-07-26 12:23:51 - Client info: , Platform: Windows, Groups: 263,377
2025-07-26 12:23:51 - Adding platform group 278 for client e6lan - SUCCESS
2025-07-26 12:26:04 - clientPlatform processing for: baysikimdeğil
2025-07-26 12:26:04 - Client info: , Platform: Windows, Groups: 263,377
2025-07-26 12:26:04 - Adding platform group 278 for client baysikimdeğil - SUCCESS
2025-07-26 12:28:34 - clientPlatform processing for: e6lan
2025-07-26 12:28:34 - Client info: , Platform: Windows, Groups: 263,377
2025-07-26 12:28:34 - Adding platform group 278 for client e6lan - SUCCESS
2025-07-26 12:39:33 - clientPlatform processing for: леха
2025-07-26 12:39:33 - Client info: , Platform: Windows, Groups: 18,377
2025-07-26 12:39:33 - Adding platform group 278 for client леха - SUCCESS
2025-07-26 12:54:13 - clientPlatform processing for: HanS
2025-07-26 12:54:13 - Client info: , Platform: Windows, Groups: 266,377
2025-07-26 12:54:13 - Adding platform group 278 for client HanS - SUCCESS
2025-07-26 13:05:24 - clientPlatform processing for: billy nogami
2025-07-26 13:05:24 - Client info: , Platform: Windows, Groups: 266,377
2025-07-26 13:05:24 - Adding platform group 278 for client billy nogami - SUCCESS
2025-07-26 13:06:23 - clientPlatform processing for: namja
2025-07-26 13:06:23 - Client info: , Platform: Windows, Groups: 266,377
2025-07-26 13:06:23 - Adding platform group 278 for client namja - SUCCESS
2025-07-26 13:07:09 - clientPlatform processing for: billy nogami
2025-07-26 13:07:09 - Client info: , Platform: Windows, Groups: 266,377
2025-07-26 13:07:10 - Adding platform group 278 for client billy nogami - SUCCESS
2025-07-26 13:10:31 - clientPlatform processing for: kushi
2025-07-26 13:10:31 - Client info: , Platform: Windows, Groups: 15,377
2025-07-26 13:10:31 - Adding platform group 278 for client kushi - SUCCESS
2025-07-26 13:13:11 - clientPlatform processing for: MATAN
2025-07-26 13:13:11 - Client info: , Platform: Windows, Groups: 266,377
2025-07-26 13:13:11 - Adding platform group 278 for client MATAN - SUCCESS
2025-07-26 13:22:57 - clientPlatform processing for: lilja
2025-07-26 13:22:57 - Client info: , Platform: Windows, Groups: 266,377
2025-07-26 13:22:57 - Adding platform group 278 for client lilja - SUCCESS
2025-07-26 13:22:58 - clientPlatform processing for: sanq
2025-07-26 13:22:58 - Client info: , Platform: Windows, Groups: 266,377
2025-07-26 13:22:58 - Adding platform group 278 for client sanq - SUCCESS
2025-07-26 13:22:58 - clientPlatform processing for: sanq
2025-07-26 13:22:58 - Client info: , Platform: Windows, Groups: 266,377
2025-07-26 13:22:58 - Group already assigned (detected from error), skipping
2025-07-26 13:22:58 - Adding platform group 278 for client sanq - SUCCESS
2025-07-26 13:22:59 - clientPlatform processing for: sanq
2025-07-26 13:22:59 - Client info: , Platform: Windows, Groups: 266,377
2025-07-26 13:22:59 - Group already assigned (detected from error), skipping
2025-07-26 13:22:59 - Adding platform group 278 for client sanq - SUCCESS
2025-07-26 13:51:13 - clientPlatform processing for: HanS
2025-07-26 13:51:13 - Client info: , Platform: Windows, Groups: 266,377
2025-07-26 13:51:13 - Adding platform group 278 for client HanS - SUCCESS
2025-07-26 13:56:33 - clientPlatform processing for: theslayercroute
2025-07-26 13:56:33 - Client info: , Platform: Windows, Groups: 265,377
2025-07-26 13:56:33 - Adding platform group 278 for client theslayercroute - SUCCESS
2025-07-26 14:00:38 - clientPlatform processing for: billy nogami
2025-07-26 14:00:38 - Client info: , Platform: Windows, Groups: 266,377
2025-07-26 14:00:38 - Adding platform group 278 for client billy nogami - SUCCESS
2025-07-26 14:01:07 - clientPlatform processing for: x7uned 🌊
2025-07-26 14:01:07 - Client info: , Platform: Windows, Groups: 17,377
2025-07-26 14:01:07 - Adding platform group 278 for client x7uned 🌊 - SUCCESS
2025-07-26 14:02:11 - clientPlatform processing for: TeamSpeakUser1
2025-07-26 14:02:11 - Client info: , Platform: Windows, Groups: 7
2025-07-26 14:02:11 - Adding platform group 278 for client TeamSpeakUser1 - SUCCESS
2025-07-26 14:02:41 - clientPlatform processing for: TeamSpeakUser2
2025-07-26 14:02:41 - Client info: , Platform: Windows, Groups: 17,377
2025-07-26 14:02:41 - Adding platform group 278 for client TeamSpeakUser2 - SUCCESS
2025-07-26 14:02:57 - clientPlatform processing for: TeamSpeakUser2
2025-07-26 14:02:57 - Client info: , Platform: Windows, Groups: 17,377
2025-07-26 14:02:57 - Adding platform group 278 for client TeamSpeakUser2 - SUCCESS
2025-07-26 14:04:38 - clientPlatform processing for: Sunrise0754
2025-07-26 14:04:38 - Client info: , Platform: Windows, Groups: 266,377
2025-07-26 14:04:38 - Adding platform group 278 for client Sunrise0754 - SUCCESS
2025-07-26 14:05:11 - clientPlatform processing for: testosteron
2025-07-26 14:05:11 - Client info: , Platform: Windows, Groups: 7
2025-07-26 14:05:11 - Adding platform group 278 for client testosteron - SUCCESS
2025-07-26 14:11:25 - clientPlatform processing for: TeamSpeakUser3
2025-07-26 14:11:25 - Client info: , Platform: Windows, Groups: 17,377
2025-07-26 14:11:25 - Adding platform group 278 for client TeamSpeakUser3 - SUCCESS
2025-07-26 14:12:59 - clientPlatform processing for: goran
2025-07-26 14:12:59 - Client info: , Platform: Windows, Groups: 266,377
2025-07-26 14:12:59 - Adding platform group 278 for client goran - SUCCESS
2025-07-26 14:21:08 - clientPlatform processing for: LisssTzz
2025-07-26 14:21:08 - Client info: , Platform: Windows, Groups: 266,377
2025-07-26 14:21:08 - Adding platform group 278 for client LisssTzz - SUCCESS
2025-07-26 14:28:30 - clientPlatform processing for: Hisoka
2025-07-26 14:28:30 - Client info: , Platform: Windows, Groups: 15,377
2025-07-26 14:28:30 - Adding platform group 278 for client Hisoka - SUCCESS
2025-07-26 14:28:39 - clientPlatform processing for: theslayercroute
2025-07-26 14:28:39 - Client info: , Platform: Windows, Groups: 265,377
2025-07-26 14:28:39 - Adding platform group 278 for client theslayercroute - SUCCESS
2025-07-26 14:36:55 - clientPlatform processing for: lilja
2025-07-26 14:36:55 - Client info: , Platform: Windows, Groups: 266,377
2025-07-26 14:36:55 - Adding platform group 278 for client lilja - SUCCESS
2025-07-26 14:40:54 - clientPlatform processing for: Shutn1k
2025-07-26 14:40:54 - Client info: , Platform: Windows, Groups: 266,377
2025-07-26 14:40:54 - Adding platform group 278 for client Shutn1k - SUCCESS
2025-07-26 14:44:55 - clientPlatform processing for: Боцман777
2025-07-26 14:44:55 - Client info: , Platform: Windows, Groups: 19,377
2025-07-26 14:44:55 - Adding platform group 278 for client Боцман777 - SUCCESS
2025-07-26 15:02:42 - clientPlatform processing for: Claudiu20047
2025-07-26 15:02:42 - Client info: , Platform: Windows, Groups: 11,377
2025-07-26 15:02:42 - Adding platform group 278 for client Claudiu20047 - SUCCESS
2025-07-26 15:03:50 - clientPlatform processing for: Alex0807
2025-07-26 15:03:50 - Client info: , Platform: Windows, Groups: 12,377
2025-07-26 15:03:50 - Adding platform group 278 for client Alex0807 - SUCCESS
2025-07-26 15:04:17 - clientPlatform processing for: Sebitzuu
2025-07-26 15:04:17 - Client info: , Platform: Windows, Groups: 12,377
2025-07-26 15:04:17 - Adding platform group 278 for client Sebitzuu - SUCCESS
2025-07-26 15:05:32 - clientPlatform processing for: andy76633
2025-07-26 15:05:32 - Client info: , Platform: Windows, Groups: 11,377
2025-07-26 15:05:32 - Adding platform group 278 for client andy76633 - SUCCESS
2025-07-26 15:06:55 - clientPlatform processing for: CristiGamy
2025-07-26 15:06:55 - Client info: , Platform: Windows, Groups: 10,369
2025-07-26 15:06:55 - Adding platform group 278 for client CristiGamy - SUCCESS
2025-07-26 15:08:09 - clientPlatform processing for: Ersannclk
2025-07-26 15:08:09 - Client info: , Platform: Windows, Groups: 12,377
2025-07-26 15:08:09 - Adding platform group 278 for client Ersannclk - SUCCESS
2025-07-26 15:10:08 - clientPlatform processing for: zui
2025-07-26 15:10:08 - Client info: , Platform: Windows, Groups: 17,377
2025-07-26 15:10:08 - Adding platform group 278 for client zui - SUCCESS
2025-07-26 15:10:50 - clientPlatform processing for: chapa
2025-07-26 15:10:50 - Client info: , Platform: Windows, Groups: 19,377,440
2025-07-26 15:10:50 - Adding platform group 278 for client chapa - SUCCESS
2025-07-26 15:11:02 - clientPlatform processing for: ZorbAnka
2025-07-26 15:11:02 - Client info: , Platform: Windows, Groups: 13,377
2025-07-26 15:11:02 - Adding platform group 278 for client ZorbAnka - SUCCESS
2025-07-26 15:16:11 - clientPlatform processing for: Mood
2025-07-26 15:16:11 - Client info: , Platform: Windows, Groups: 19,377
2025-07-26 15:16:11 - Adding platform group 278 for client Mood - SUCCESS
2025-07-26 15:18:38 - clientPlatform processing for: Ersannclk
2025-07-26 15:18:38 - Client info: , Platform: Windows, Groups: 12,377
2025-07-26 15:18:38 - Adding platform group 278 for client Ersannclk - SUCCESS
2025-07-26 15:18:54 - clientPlatform processing for: Rix
2025-07-26 15:18:54 - Client info: , Platform: Windows, Groups: 265,377
2025-07-26 15:18:54 - Adding platform group 278 for client Rix - SUCCESS
2025-07-26 15:27:09 - clientPlatform processing for: TeamSpeakUser1
2025-07-26 15:27:09 - Client info: , Platform: Windows, Groups: 13,377
2025-07-26 15:27:09 - Adding platform group 278 for client TeamSpeakUser1 - SUCCESS
2025-07-26 15:29:41 - clientPlatform processing for: DIMAA111
2025-07-26 15:29:41 - Client info: , Platform: Windows, Groups: 9,369
2025-07-26 15:29:41 - Adding platform group 278 for client DIMAA111 - SUCCESS
2025-07-26 15:31:52 - clientPlatform processing for: Уебище
2025-07-26 15:31:52 - Client info: , Platform: Windows, Groups: 266,377
2025-07-26 15:31:52 - Adding platform group 278 for client Уебище - SUCCESS
2025-07-26 15:33:36 - clientPlatform processing for: namja
2025-07-26 15:33:36 - Client info: , Platform: Windows, Groups: 266,377
2025-07-26 15:33:36 - Adding platform group 278 for client namja - SUCCESS
2025-07-26 15:37:18 - clientPlatform processing for: MATAN
2025-07-26 15:37:18 - Client info: , Platform: Windows, Groups: 266,377
2025-07-26 15:37:18 - Adding platform group 278 for client MATAN - SUCCESS
2025-07-26 15:37:56 - clientPlatform processing for: Tufix
2025-07-26 15:37:56 - Client info: , Platform: Windows, Groups: 263,377
2025-07-26 15:37:56 - Adding platform group 278 for client Tufix - SUCCESS
2025-07-26 15:39:11 - clientPlatform processing for: awegawg
2025-07-26 15:39:11 - Client info: , Platform: Windows, Groups: 12,377
2025-07-26 15:39:11 - Adding platform group 278 for client awegawg - SUCCESS
2025-07-26 15:39:13 - clientPlatform processing for: awegawg
2025-07-26 15:39:13 - Client info: , Platform: Windows, Groups: 12,377
2025-07-26 15:39:13 - Group already assigned (detected from error), skipping
2025-07-26 15:39:13 - Adding platform group 278 for client awegawg - SUCCESS
2025-07-26 15:39:15 - clientPlatform processing for: awegawg
2025-07-26 15:39:15 - Client info: , Platform: Windows, Groups: 12,377
2025-07-26 15:39:15 - Group already assigned (detected from error), skipping
2025-07-26 15:39:15 - Adding platform group 278 for client awegawg - SUCCESS
2025-07-26 15:45:06 - clientPlatform processing for: alexei_shubin
2025-07-26 15:45:06 - Client info: , Platform: Windows, Groups: 13,377
2025-07-26 15:45:06 - Adding platform group 278 for client alexei_shubin - SUCCESS
2025-07-26 15:49:50 - clientPlatform processing for: jajao
2025-07-26 15:49:50 - Client info: , Platform: Windows, Groups: 265,377
2025-07-26 15:49:50 - Adding platform group 278 for client jajao - SUCCESS
2025-07-26 15:50:09 - clientPlatform processing for: ivo
2025-07-26 15:50:09 - Client info: , Platform: Windows, Groups: 14,377
2025-07-26 15:50:09 - Adding platform group 278 for client ivo - SUCCESS
2025-07-26 15:52:41 - clientPlatform processing for: zitrvxmode
2025-07-26 15:52:41 - Client info: , Platform: Windows, Groups: 13,377
2025-07-26 15:52:41 - Adding platform group 278 for client zitrvxmode - SUCCESS
2025-07-26 15:59:59 - clientPlatform processing for: DIMAA111
2025-07-26 15:59:59 - Client info: , Platform: Windows, Groups: 9,369
2025-07-26 15:59:59 - Adding platform group 278 for client DIMAA111 - SUCCESS
2025-07-26 16:00:50 - clientPlatform processing for: TeamSpeakUser4
2025-07-26 16:00:50 - Client info: , Platform: Windows, Groups: 10,369
2025-07-26 16:00:50 - Adding platform group 278 for client TeamSpeakUser4 - SUCCESS
2025-07-26 16:11:07 - clientPlatform processing for: d0re
2025-07-26 16:11:07 - Client info: , Platform: Windows, Groups: 7
2025-07-26 16:11:07 - Adding platform group 278 for client d0re - SUCCESS
2025-07-26 16:12:58 - clientPlatform processing for: alexei_shubin
2025-07-26 16:12:58 - Client info: , Platform: Windows, Groups: 13,377
2025-07-26 16:12:58 - Adding platform group 278 for client alexei_shubin - SUCCESS
2025-07-26 16:13:38 - clientPlatform processing for: H0R0Z
2025-07-26 16:13:38 - Client info: , Platform: Windows, Groups: 17,377
2025-07-26 16:13:38 - Adding platform group 278 for client H0R0Z - SUCCESS
2025-07-26 16:15:08 - clientPlatform processing for: MrMIST14
2025-07-26 16:15:08 - Client info: , Platform: Windows, Groups: 15,377
2025-07-26 16:15:08 - Adding platform group 278 for client MrMIST14 - SUCCESS
2025-07-26 16:19:40 - clientPlatform processing for: baysikimdeğil
2025-07-26 16:19:40 - Client info: , Platform: Windows, Groups: 263,377
2025-07-26 16:19:40 - Adding platform group 278 for client baysikimdeğil - SUCCESS
2025-07-26 16:25:40 - clientPlatform processing for: zui
2025-07-26 16:25:40 - Client info: , Platform: Windows, Groups: 17,377
2025-07-26 16:25:40 - Adding platform group 278 for client zui - SUCCESS
2025-07-26 16:31:00 - clientPlatform processing for: lepojevic
2025-07-26 16:31:00 - Client info: , Platform: Windows, Groups: 7
2025-07-26 16:31:00 - Adding platform group 278 for client lepojevic - SUCCESS
2025-07-26 16:31:19 - clientPlatform processing for: vata
2025-07-26 16:31:19 - Client info: , Platform: Windows, Groups: 263,377
2025-07-26 16:31:19 - Adding platform group 278 for client vata - SUCCESS
2025-07-26 16:34:49 - clientPlatform processing for: pashokey
2025-07-26 16:34:49 - Client info: , Platform: Windows, Groups: 13,377
2025-07-26 16:34:49 - Adding platform group 278 for client pashokey - SUCCESS
2025-07-26 16:36:14 - clientPlatform processing for: Despaier
2025-07-26 16:36:14 - Client info: , Platform: Windows, Groups: 12,377
2025-07-26 16:36:14 - Adding platform group 278 for client Despaier - SUCCESS
2025-07-26 16:40:47 - clientPlatform processing for: TeamSpeakUser5
2025-07-26 16:40:47 - Client info: , Platform: Windows, Groups: 266,377
2025-07-26 16:40:47 - Adding platform group 278 for client TeamSpeakUser5 - SUCCESS
2025-07-26 16:48:57 - clientPlatform processing for: ARTAdort
2025-07-26 16:48:57 - Client info: , Platform: Android, Groups: 9,369
2025-07-26 16:48:57 - Adding platform group 282 for client ARTAdort - SUCCESS
2025-07-26 16:49:19 - clientPlatform processing for: Siros333
2025-07-26 16:49:19 - Client info: , Platform: Windows, Groups: 9,369
2025-07-26 16:49:19 - Adding platform group 278 for client Siros333 - SUCCESS
2025-07-26 16:49:23 - clientPlatform processing for: ARTAhier
2025-07-26 16:49:23 - Client info: , Platform: Windows, Groups: 10,369
2025-07-26 16:49:23 - Adding platform group 278 for client ARTAhier - SUCCESS
2025-07-26 16:51:36 - clientPlatform processing for: Omar
2025-07-26 16:51:36 - Client info: , Platform: Windows, Groups: 266,377
2025-07-26 16:51:36 - Adding platform group 278 for client Omar - SUCCESS
2025-07-26 16:56:55 - clientPlatform processing for: Cyborg1
2025-07-26 16:56:55 - Client info: , Platform: Windows, Groups: 14,377
2025-07-26 16:56:55 - Adding platform group 278 for client Cyborg1 - SUCCESS
2025-07-26 17:00:05 - clientPlatform processing for: Kowismo
2025-07-26 17:00:05 - Client info: , Platform: Windows, Groups: 6,270,377,422
2025-07-26 17:00:05 - Adding platform group 278 for client Kowismo - SUCCESS
2025-07-26 17:03:22 - clientPlatform processing for: grr
2025-07-26 17:03:22 - Client info: , Platform: Windows, Groups: 13,377
2025-07-26 17:03:22 - Adding platform group 278 for client grr - SUCCESS
2025-07-26 17:14:05 - clientPlatform processing for: Alex0807
2025-07-26 17:14:05 - Client info: , Platform: Windows, Groups: 12,377
2025-07-26 17:14:05 - Adding platform group 278 for client Alex0807 - SUCCESS
2025-07-26 17:37:15 - clientPlatform processing for: Mr..Fury
2025-07-26 17:37:15 - Client info: , Platform: Windows, Groups: 18,377
2025-07-26 17:37:15 - Adding platform group 278 for client Mr..Fury - SUCCESS
2025-07-26 17:43:06 - clientPlatform processing for: aeRR
2025-07-26 17:43:06 - Client info: , Platform: Windows, Groups: 263,377
2025-07-26 17:43:06 - Adding platform group 278 for client aeRR - SUCCESS
2025-07-26 17:44:26 - clientPlatform processing for: INSANE
2025-07-26 17:44:26 - Client info: , Platform: Windows, Groups: 18,377
2025-07-26 17:44:26 - Adding platform group 278 for client INSANE - SUCCESS
2025-07-26 17:44:38 - clientPlatform processing for: parzi
2025-07-26 17:44:38 - Client info: , Platform: Windows, Groups: 17,377
2025-07-26 17:44:38 - Adding platform group 278 for client parzi - SUCCESS
2025-07-26 17:45:59 - clientPlatform processing for: Cyborg1
2025-07-26 17:45:59 - Client info: , Platform: Windows, Groups: 14,377
2025-07-26 17:45:59 - Adding platform group 278 for client Cyborg1 - SUCCESS
2025-07-26 17:47:53 - clientPlatform processing for: GSavio
2025-07-26 17:47:53 - Client info: , Platform: Windows, Groups: 266,377
2025-07-26 17:47:53 - Adding platform group 278 for client GSavio - SUCCESS
2025-07-26 17:54:31 - clientPlatform processing for: shinigami
2025-07-26 17:54:31 - Client info: , Platform: Windows, Groups: 25,377,381,383,385
2025-07-26 17:54:31 - Adding platform group 278 for client shinigami - SUCCESS
2025-07-26 17:56:08 - clientPlatform processing for: Hossein hs
2025-07-26 17:56:08 - Client info: , Platform: Windows, Groups: 12,377
2025-07-26 17:56:08 - Adding platform group 278 for client Hossein hs - SUCCESS
2025-07-26 17:56:32 - clientPlatform processing for: H0R0Z
2025-07-26 17:56:32 - Client info: , Platform: Windows, Groups: 17,377
2025-07-26 17:56:32 - Adding platform group 278 for client H0R0Z - SUCCESS
2025-07-26 17:57:16 - clientPlatform processing for: b4STARDt
2025-07-26 17:57:16 - Client info: , Platform: Windows, Groups: 14,377
2025-07-26 17:57:16 - Adding platform group 278 for client b4STARDt - SUCCESS
2025-07-26 17:57:25 - clientPlatform processing for: panda
2025-07-26 17:57:25 - Client info: , Platform: Windows, Groups: 12,377
2025-07-26 17:57:26 - Adding platform group 278 for client panda - SUCCESS
2025-07-26 17:58:14 - clientPlatform processing for: Rix
2025-07-26 17:58:14 - Client info: , Platform: Windows, Groups: 265,377
2025-07-26 17:58:14 - Adding platform group 278 for client Rix - SUCCESS
2025-07-26 17:59:01 - clientPlatform processing for: Platonuch_UA
2025-07-26 17:59:01 - Client info: , Platform: Windows, Groups: 20,377
2025-07-26 17:59:01 - Adding platform group 278 for client Platonuch_UA - SUCCESS
2025-07-26 18:01:20 - clientPlatform processing for: TeamSpeakUser5
2025-07-26 18:01:20 - Client info: , Platform: Windows, Groups: 11,377
2025-07-26 18:01:20 - Adding platform group 278 for client TeamSpeakUser5 - SUCCESS
2025-07-26 18:02:13 - clientPlatform processing for: kaiizenn
2025-07-26 18:02:13 - Client info: , Platform: Windows, Groups: 27,377,382,399,400,436,437
2025-07-26 18:02:13 - Adding platform group 278 for client kaiizenn - SUCCESS
2025-07-26 18:05:58 - clientPlatform processing for: nbnbn
2025-07-26 18:05:58 - Client info: , Platform: Windows, Groups: 266,377
2025-07-26 18:05:58 - Adding platform group 278 for client nbnbn - SUCCESS
2025-07-26 18:07:38 - clientPlatform processing for: kushi
2025-07-26 18:07:38 - Client info: , Platform: Windows, Groups: 15,377
2025-07-26 18:07:38 - Adding platform group 278 for client kushi - SUCCESS
2025-07-26 18:22:40 - clientPlatform processing for: [XIII] instela
2025-07-26 18:22:40 - Client info: , Platform: Windows, Groups: 10,369
2025-07-26 18:22:40 - Adding platform group 278 for client [XIII] instela - SUCCESS
2025-07-26 18:29:15 - clientPlatform processing for: леха
2025-07-26 18:29:15 - Client info: , Platform: Windows, Groups: 18,377
2025-07-26 18:29:15 - Adding platform group 278 for client леха - SUCCESS
2025-07-26 18:33:06 - clientPlatform processing for: SamppiB0B
2025-07-26 18:33:06 - Client info: , Platform: Windows, Groups: 7
2025-07-26 18:33:06 - Adding platform group 278 for client SamppiB0B - SUCCESS
2025-07-26 18:33:18 - clientPlatform processing for: Rich Lich
2025-07-26 18:33:18 - Client info: , Platform: Windows, Groups: 18,377
2025-07-26 18:33:18 - Adding platform group 278 for client Rich Lich - SUCCESS
2025-07-26 18:33:42 - clientPlatform processing for: gholab
2025-07-26 18:33:42 - Client info: , Platform: Windows, Groups: 266,377
2025-07-26 18:33:42 - Adding platform group 278 for client gholab - SUCCESS
2025-07-26 18:37:13 - clientPlatform processing for: yondera
2025-07-26 18:37:13 - Client info: , Platform: Windows, Groups: 266,377
2025-07-26 18:37:13 - Adding platform group 278 for client yondera - SUCCESS
2025-07-26 18:37:16 - clientPlatform processing for: Cpt.BORODA
2025-07-26 18:37:16 - Client info: , Platform: Windows, Groups: 265,377
2025-07-26 18:37:16 - Adding platform group 278 for client Cpt.BORODA - SUCCESS
2025-07-26 18:37:16 - clientPlatform processing for: Cpt.BORODA
2025-07-26 18:37:16 - Client info: , Platform: Windows, Groups: 265,377
2025-07-26 18:37:16 - Group already assigned (detected from error), skipping
2025-07-26 18:37:16 - Adding platform group 278 for client Cpt.BORODA - SUCCESS
2025-07-26 18:37:17 - clientPlatform processing for: Cpt.BORODA
2025-07-26 18:37:17 - Client info: , Platform: Windows, Groups: 265,377
2025-07-26 18:37:17 - Group already assigned (detected from error), skipping
2025-07-26 18:37:17 - Adding platform group 278 for client Cpt.BORODA - SUCCESS
2025-07-26 18:54:58 - clientPlatform processing for: Hisoka
2025-07-26 18:54:58 - Client info: , Platform: Windows, Groups: 15,377
2025-07-26 18:54:58 - Adding platform group 278 for client Hisoka - SUCCESS
2025-07-26 19:01:35 - clientPlatform processing for: Jabberson
2025-07-26 19:01:35 - Client info: , Platform: Windows, Groups: 263,377
2025-07-26 19:01:35 - Adding platform group 278 for client Jabberson - SUCCESS
2025-07-26 19:02:29 - clientPlatform processing for: Jabberson
2025-07-26 19:02:29 - Client info: , Platform: Windows, Groups: 263,377
2025-07-26 19:02:29 - Adding platform group 278 for client Jabberson - SUCCESS
2025-07-26 19:04:03 - clientPlatform processing for: nox
2025-07-26 19:04:03 - Client info: , Platform: Windows, Groups: 266,377
2025-07-26 19:04:03 - Adding platform group 278 for client nox - SUCCESS
2025-07-26 19:07:29 - clientPlatform processing for: iOS_Client
2025-07-26 19:07:29 - Client info: , Platform: iOS, Groups: 8,369
2025-07-26 19:07:29 - Adding platform group 281 for client iOS_Client - SUCCESS
2025-07-26 19:07:40 - clientPlatform processing for: mishechcat
2025-07-26 19:07:40 - Client info: , Platform: iOS, Groups: 12,377
2025-07-26 19:07:40 - Adding platform group 281 for client mishechcat - SUCCESS
2025-07-26 19:16:41 - clientPlatform processing for: AMINOV
2025-07-26 19:16:41 - Client info: , Platform: Windows, Groups: 266,377
2025-07-26 19:16:41 - Adding platform group 278 for client AMINOV - SUCCESS
2025-07-26 19:17:38 - clientPlatform processing for: Cyborg1
2025-07-26 19:17:38 - Client info: , Platform: Windows, Groups: 14,377
2025-07-26 19:17:38 - Adding platform group 278 for client Cyborg1 - SUCCESS
2025-07-26 19:17:45 - clientPlatform processing for: gholab
2025-07-26 19:17:45 - Client info: , Platform: Windows, Groups: 266,377
2025-07-26 19:17:45 - Adding platform group 278 for client gholab - SUCCESS
2025-07-26 19:21:29 - clientPlatform processing for: SeniorMrS
2025-07-26 19:21:29 - Client info: , Platform: Windows, Groups: 13,377
2025-07-26 19:21:29 - Adding platform group 278 for client SeniorMrS - SUCCESS
2025-07-26 19:23:14 - clientPlatform processing for: alexei_shubin
2025-07-26 19:23:14 - Client info: , Platform: Windows, Groups: 13,377
2025-07-26 19:23:14 - Adding platform group 278 for client alexei_shubin - SUCCESS
2025-07-26 19:24:22 - clientPlatform processing for: gholab
2025-07-26 19:24:22 - Client info: , Platform: Windows, Groups: 266,377
2025-07-26 19:24:22 - Adding platform group 278 for client gholab - SUCCESS
2025-07-26 19:25:27 - clientPlatform processing for: zulul
2025-07-26 19:25:27 - Client info: , Platform: Windows, Groups: 18,377
2025-07-26 19:25:27 - Adding platform group 278 for client zulul - SUCCESS
2025-07-26 19:26:10 - clientPlatform processing for: verdi
2025-07-26 19:26:10 - Client info: , Platform: Windows, Groups: 17,377
2025-07-26 19:26:10 - Adding platform group 278 for client verdi - SUCCESS
2025-07-26 19:27:55 - clientPlatform processing for: mishechcaty
2025-07-26 19:27:55 - Client info: , Platform: Windows, Groups: 266,377
2025-07-26 19:27:55 - Adding platform group 278 for client mishechcaty - SUCCESS
2025-07-26 19:32:23 - clientPlatform processing for: Cyborg1
2025-07-26 19:32:23 - Client info: , Platform: Windows, Groups: 14,377
2025-07-26 19:32:23 - Adding platform group 278 for client Cyborg1 - SUCCESS
2025-07-26 19:32:36 - clientPlatform processing for: шароёб
2025-07-26 19:32:36 - Client info: , Platform: Windows, Groups: 263,377
2025-07-26 19:32:36 - Adding platform group 278 for client шароёб - SUCCESS
2025-07-26 19:33:30 - clientPlatform processing for: шароёб
2025-07-26 19:33:30 - Client info: , Platform: Windows, Groups: 263,377
2025-07-26 19:33:30 - Adding platform group 278 for client шароёб - SUCCESS
2025-07-26 19:34:33 - clientPlatform processing for: шароёб
2025-07-26 19:34:33 - Client info: , Platform: Windows, Groups: 263,377
2025-07-26 19:34:34 - Adding platform group 278 for client шароёб - SUCCESS
2025-07-26 19:36:14 - clientPlatform processing for: шароёб
2025-07-26 19:36:14 - Client info: , Platform: Windows, Groups: 263,377
2025-07-26 19:36:14 - Adding platform group 278 for client шароёб - SUCCESS
2025-07-26 19:37:28 - clientPlatform processing for: s1ngle
2025-07-26 19:37:28 - Client info: , Platform: Windows, Groups: 265,377
2025-07-26 19:37:28 - Adding platform group 278 for client s1ngle - SUCCESS
2025-07-26 19:37:48 - clientPlatform processing for: saadf
2025-07-26 19:37:48 - Client info: , Platform: Windows, Groups: 12,377
2025-07-26 19:37:48 - Adding platform group 278 for client saadf - SUCCESS
2025-07-26 19:39:51 - clientPlatform processing for: ogi
2025-07-26 19:39:51 - Client info: , Platform: Windows, Groups: 10,369
2025-07-26 19:39:51 - Adding platform group 278 for client ogi - SUCCESS
2025-07-26 19:40:40 - clientPlatform processing for: verdi
2025-07-26 19:40:40 - Client info: , Platform: Windows, Groups: 17,377
2025-07-26 19:40:40 - Adding platform group 278 for client verdi - SUCCESS
2025-07-26 19:41:13 - clientPlatform processing for: Phantor
2025-07-26 19:41:13 - Client info: , Platform: Windows, Groups: 263,377
2025-07-26 19:41:13 - Adding platform group 278 for client Phantor - SUCCESS
2025-07-26 19:42:09 - clientPlatform processing for: Chico
2025-07-26 19:42:09 - Client info: , Platform: Windows, Groups: 266,377
2025-07-26 19:42:09 - Adding platform group 278 for client Chico - SUCCESS
2025-07-26 19:44:26 - clientPlatform processing for: шароёб
2025-07-26 19:44:26 - Client info: , Platform: Windows, Groups: 263,377
2025-07-26 19:44:26 - Adding platform group 278 for client шароёб - SUCCESS
2025-07-26 19:45:43 - clientPlatform processing for: N1kit0s@
2025-07-26 19:45:43 - Client info: , Platform: Windows, Groups: 17,377
2025-07-26 19:45:43 - Adding platform group 278 for client N1kit0s@ - SUCCESS
2025-07-26 19:45:47 - clientPlatform processing for: kaetanin
2025-07-26 19:45:47 - Client info: , Platform: Windows, Groups: 17,377
2025-07-26 19:45:47 - Adding platform group 278 for client kaetanin - SUCCESS
2025-07-26 19:50:24 - clientPlatform processing for: TeamSpeakUser1
2025-07-26 19:50:24 - Client info: , Platform: Windows, Groups: 264,377
2025-07-26 19:50:24 - Adding platform group 278 for client TeamSpeakUser1 - SUCCESS
2025-07-26 19:52:57 - clientPlatform processing for: daviddavid1957
2025-07-26 19:52:57 - Client info: , Platform: Windows, Groups: 265,377
2025-07-26 19:52:57 - Adding platform group 278 for client daviddavid1957 - SUCCESS
2025-07-26 19:56:20 - clientPlatform processing for: GSavio
2025-07-26 19:56:20 - Client info: , Platform: Windows, Groups: 266,377
2025-07-26 19:56:20 - Adding platform group 278 for client GSavio - SUCCESS
2025-07-26 20:03:27 - clientPlatform processing for: makpyn
2025-07-26 20:03:27 - Client info: , Platform: Windows, Groups: 265,377
2025-07-26 20:03:27 - Adding platform group 278 for client makpyn - SUCCESS
2025-07-26 20:05:41 - clientPlatform processing for: Jabberson
2025-07-26 20:05:41 - Client info: , Platform: Windows, Groups: 263,377
2025-07-26 20:05:41 - Adding platform group 278 for client Jabberson - SUCCESS
2025-07-26 20:06:45 - clientPlatform processing for: Siros333
2025-07-26 20:06:45 - Client info: , Platform: Windows, Groups: 10,369
2025-07-26 20:06:45 - Adding platform group 278 for client Siros333 - SUCCESS
2025-07-26 20:08:27 - clientPlatform processing for: ARTAdort
2025-07-26 20:08:27 - Client info: , Platform: Android, Groups: 10,369
2025-07-26 20:08:27 - Adding platform group 282 for client ARTAdort - SUCCESS
2025-07-26 20:09:05 - clientPlatform processing for: ARTAhier
2025-07-26 20:09:05 - Client info: , Platform: Windows, Groups: 11,369
2025-07-26 20:09:05 - Adding platform group 278 for client ARTAhier - SUCCESS
2025-07-26 20:13:07 - clientPlatform processing for: Dumina
2025-07-26 20:13:07 - Client info: , Platform: Windows, Groups: 20,377
2025-07-26 20:13:07 - Adding platform group 278 for client Dumina - SUCCESS
2025-07-26 20:14:20 - clientPlatform processing for: FF_Hamburger
2025-07-26 20:14:20 - Client info: , Platform: Windows, Groups: 15,377
2025-07-26 20:14:20 - Adding platform group 278 for client FF_Hamburger - SUCCESS
2025-07-26 20:14:39 - clientPlatform processing for: vata
2025-07-26 20:14:39 - Client info: , Platform: Windows, Groups: 263,377
2025-07-26 20:14:39 - Adding platform group 278 for client vata - SUCCESS
2025-07-26 20:15:15 - clientPlatform processing for: goran
2025-07-26 20:15:15 - Client info: , Platform: Windows, Groups: 266,377
2025-07-26 20:15:15 - Adding platform group 278 for client goran - SUCCESS
2025-07-26 20:19:41 - clientPlatform processing for: saulov
2025-07-26 20:19:41 - Client info: , Platform: Windows, Groups: 266,377
2025-07-26 20:19:41 - Adding platform group 278 for client saulov - SUCCESS
2025-07-26 20:20:34 - clientPlatform processing for: KingDriver
2025-07-26 20:20:34 - Client info: , Platform: Windows, Groups: 13,377
2025-07-26 20:20:34 - Adding platform group 278 for client KingDriver - SUCCESS
2025-07-26 20:21:28 - clientPlatform processing for: TeamSpeakUser2
2025-07-26 20:21:28 - Client info: , Platform: Windows, Groups: 15,377
2025-07-26 20:21:28 - Adding platform group 278 for client TeamSpeakUser2 - SUCCESS
2025-07-26 20:23:53 - clientPlatform processing for: HanS
2025-07-26 20:23:53 - Client info: , Platform: Windows, Groups: 266,377
2025-07-26 20:23:53 - Adding platform group 278 for client HanS - SUCCESS
2025-07-26 20:24:00 - clientPlatform processing for: Druid Сrow 🦅
2025-07-26 20:24:00 - Client info: , Platform: Windows, Groups: 19,377
2025-07-26 20:24:00 - Adding platform group 278 for client Druid Сrow 🦅 - SUCCESS
2025-07-26 20:26:17 - clientPlatform processing for: lokmannnnnn
2025-07-26 20:26:17 - Client info: , Platform: Windows, Groups: 263,377
2025-07-26 20:26:17 - Adding platform group 278 for client lokmannnnnn - SUCCESS
2025-07-26 20:27:13 - clientPlatform processing for: Hydrastarke
2025-07-26 20:27:13 - Client info: , Platform: Windows, Groups: 266,377
2025-07-26 20:27:13 - Adding platform group 278 for client Hydrastarke - SUCCESS
2025-07-26 20:27:53 - clientPlatform processing for: gholab
2025-07-26 20:27:53 - Client info: , Platform: Windows, Groups: 266,377
2025-07-26 20:27:53 - Adding platform group 278 for client gholab - SUCCESS
2025-07-26 20:41:30 - clientPlatform processing for: amir4k
2025-07-26 20:41:30 - Client info: , Platform: Windows, Groups: 14,377
2025-07-26 20:41:30 - Adding platform group 278 for client amir4k - SUCCESS
2025-07-26 20:41:43 - clientPlatform processing for: Qeensel
2025-07-26 20:41:43 - Client info: , Platform: Windows, Groups: 11,377
2025-07-26 20:41:43 - Adding platform group 278 for client Qeensel - SUCCESS
2025-07-26 20:44:12 - clientPlatform processing for: Ashkan-77
2025-07-26 20:44:12 - Client info: , Platform: Windows, Groups: 8,369
2025-07-26 20:44:12 - Adding platform group 278 for client Ashkan-77 - SUCCESS
2025-07-26 20:46:51 - clientPlatform processing for: Seyit
2025-07-26 20:46:51 - Client info: , Platform: Windows, Groups: 266,377
2025-07-26 20:46:51 - Adding platform group 278 for client Seyit - SUCCESS
2025-07-26 20:50:44 - clientPlatform processing for: Etienne
2025-07-26 20:50:44 - Client info: , Platform: Windows, Groups: 264,377
2025-07-26 20:50:44 - Adding platform group 278 for client Etienne - SUCCESS
2025-07-26 20:51:34 - clientPlatform processing for: Seyit
2025-07-26 20:51:34 - Client info: , Platform: Windows, Groups: 266,377
2025-07-26 20:51:34 - Adding platform group 278 for client Seyit - SUCCESS
2025-07-26 20:55:25 - clientPlatform processing for: SysmoUsercid=140
2025-07-26 20:55:25 - Client info: , Platform: Windows, Groups: 13,377
2025-07-26 20:55:25 - Adding platform group 278 for client SysmoUsercid=140 - SUCCESS
2025-07-26 20:55:52 - clientPlatform processing for: arhi23
2025-07-26 20:55:52 - Client info: , Platform: Windows, Groups: 13,377
2025-07-26 20:55:52 - Adding platform group 278 for client arhi23 - SUCCESS
2025-07-26 20:56:45 - clientPlatform processing for: noice8
2025-07-26 20:56:45 - Client info: , Platform: Windows, Groups: 11,377
2025-07-26 20:56:45 - Adding platform group 278 for client noice8 - SUCCESS
2025-07-26 20:56:58 - clientPlatform processing for: Imprii
2025-07-26 20:56:58 - Client info: , Platform: Windows, Groups: 266,377
2025-07-26 20:56:58 - Adding platform group 278 for client Imprii - SUCCESS
2025-07-26 20:57:46 - clientPlatform processing for: Last
2025-07-26 20:57:46 - Client info: , Platform: Windows, Groups: 266,377
2025-07-26 20:57:46 - Adding platform group 278 for client Last - SUCCESS
2025-07-26 20:59:40 - clientPlatform processing for: TeamSpeakUser1
2025-07-26 20:59:40 - Client info: , Platform: Windows, Groups: 13,377
2025-07-26 20:59:40 - Adding platform group 278 for client TeamSpeakUser1 - SUCCESS
2025-07-26 20:59:44 - clientPlatform processing for: TeamSpeakUser2
2025-07-26 20:59:44 - Client info: , Platform: Windows, Groups: 13,377
2025-07-26 20:59:44 - Adding platform group 278 for client TeamSpeakUser2 - SUCCESS
2025-07-26 20:59:50 - clientPlatform processing for: Murat
2025-07-26 20:59:50 - Client info: , Platform: Windows, Groups: 14,377
2025-07-26 20:59:50 - Adding platform group 278 for client Murat - SUCCESS
2025-07-26 21:05:00 - clientPlatform processing for: TeamSpeakUser2
2025-07-26 21:05:00 - Client info: , Platform: Windows, Groups: 13,377
2025-07-26 21:05:00 - Adding platform group 278 for client TeamSpeakUser2 - SUCCESS
2025-07-26 21:05:30 - clientPlatform processing for: TeamSpeakUser1
2025-07-26 21:05:30 - Client info: , Platform: Windows, Groups: 13,377
2025-07-26 21:05:30 - Adding platform group 278 for client TeamSpeakUser1 - SUCCESS
2025-07-26 21:12:28 - clientPlatform processing for: Manwe
2025-07-26 21:12:28 - Client info: , Platform: Windows, Groups: 266,377
2025-07-26 21:12:28 - Adding platform group 278 for client Manwe - SUCCESS
2025-07-26 21:16:40 - clientPlatform processing for: TeamSpeakUser2
2025-07-26 21:16:40 - Client info: , Platform: Windows, Groups: 13,377
2025-07-26 21:16:41 - Adding platform group 278 for client TeamSpeakUser2 - SUCCESS
2025-07-26 21:18:27 - clientPlatform processing for: rowdy
2025-07-26 21:18:27 - Client info: , Platform: Windows, Groups: 13,377
2025-07-26 21:18:27 - Adding platform group 278 for client rowdy - SUCCESS
2025-07-26 21:18:59 - clientPlatform processing for: CİHO
2025-07-26 21:18:59 - Client info: , Platform: Windows, Groups: 266,377
2025-07-26 21:18:59 - Adding platform group 278 for client CİHO - SUCCESS
2025-07-26 21:21:31 - clientPlatform processing for: sanq
2025-07-26 21:21:31 - Client info: , Platform: Windows, Groups: 266,377
2025-07-26 21:21:31 - Adding platform group 278 for client sanq - SUCCESS
2025-07-26 21:21:54 - clientPlatform processing for: Jaws
2025-07-26 21:21:54 - Client info: , Platform: Windows, Groups: 12,377
2025-07-26 21:21:54 - Adding platform group 278 for client Jaws - SUCCESS
2025-07-26 21:23:24 - clientPlatform processing for: sanq
2025-07-26 21:23:24 - Client info: , Platform: Windows, Groups: 266,377
2025-07-26 21:23:24 - Adding platform group 278 for client sanq - SUCCESS
2025-07-26 21:24:28 - clientPlatform processing for: H0R0Z
2025-07-26 21:24:28 - Client info: , Platform: Windows, Groups: 17,377
2025-07-26 21:24:28 - Adding platform group 278 for client H0R0Z - SUCCESS
2025-07-26 21:26:31 - clientPlatform processing for: awegawg
2025-07-26 21:26:31 - Client info: , Platform: Windows, Groups: 13,377
2025-07-26 21:26:31 - Adding platform group 278 for client awegawg - SUCCESS
2025-07-26 21:27:59 - clientPlatform processing for: pisun
2025-07-26 21:27:59 - Client info: , Platform: Windows, Groups: 266,377
2025-07-26 21:27:59 - Adding platform group 278 for client pisun - SUCCESS
2025-07-26 21:28:31 - clientPlatform processing for: EXOPUL
2025-07-26 21:28:31 - Client info: , Platform: Windows, Groups: 12,377
2025-07-26 21:28:31 - Adding platform group 278 for client EXOPUL - SUCCESS
2025-07-26 21:31:18 - clientPlatform processing for: auvarls
2025-07-26 21:31:18 - Client info: , Platform: Windows, Groups: 264,377
2025-07-26 21:31:18 - Adding platform group 278 for client auvarls - SUCCESS
2025-07-26 21:32:44 - clientPlatform processing for: shottinn
2025-07-26 21:32:44 - Client info: , Platform: Windows, Groups: 10,369
2025-07-26 21:32:44 - Adding platform group 278 for client shottinn - SUCCESS
2025-07-26 21:33:10 - clientPlatform processing for: shottinn
2025-07-26 21:33:10 - Client info: , Platform: Windows, Groups: 10,369
2025-07-26 21:33:10 - Adding platform group 278 for client shottinn - SUCCESS
2025-07-26 21:33:54 - clientPlatform processing for: CASTIEL
2025-07-26 21:33:54 - Client info: , Platform: Windows, Groups: 8,369
2025-07-26 21:33:54 - Adding platform group 278 for client CASTIEL - SUCCESS
2025-07-26 21:34:20 - clientPlatform processing for: CASTIEL
2025-07-26 21:34:20 - Client info: , Platform: Windows, Groups: 8,369
2025-07-26 21:34:20 - Adding platform group 278 for client CASTIEL - SUCCESS
2025-07-26 21:34:52 - clientPlatform processing for: langust02
2025-07-26 21:34:52 - Client info: , Platform: Windows, Groups: 13,377
2025-07-26 21:34:52 - Adding platform group 278 for client langust02 - SUCCESS
2025-07-26 21:35:18 - clientPlatform processing for: TeamSpeakUser
2025-07-26 21:35:18 - Client info: , Platform: Windows, Groups: 266,377
2025-07-26 21:35:18 - Adding platform group 278 for client TeamSpeakUser - SUCCESS
2025-07-26 21:36:07 - clientPlatform processing for: Tufix
2025-07-26 21:36:07 - Client info: , Platform: Windows, Groups: 263,377
2025-07-26 21:36:07 - Adding platform group 278 for client Tufix - SUCCESS
2025-07-26 21:36:09 - clientPlatform processing for: vnX
2025-07-26 21:36:09 - Client info: , Platform: Windows, Groups: 9,369
2025-07-26 21:36:09 - Adding platform group 278 for client vnX - SUCCESS
2025-07-26 21:37:32 - clientPlatform processing for: amin_gamester
2025-07-26 21:37:32 - Client info: , Platform: Windows, Groups: 12,377
2025-07-26 21:37:32 - Adding platform group 278 for client amin_gamester - SUCCESS
2025-07-26 21:38:45 - clientPlatform processing for: TeamSpeakUser
2025-07-26 21:38:45 - Client info: , Platform: Windows, Groups: 7
2025-07-26 21:38:45 - Adding platform group 278 for client TeamSpeakUser - SUCCESS
2025-07-26 21:39:14 - clientPlatform processing for: bohun ivan
2025-07-26 21:39:14 - Client info: , Platform: Windows, Groups: 263,377
2025-07-26 21:39:14 - Adding platform group 278 for client bohun ivan - SUCCESS
2025-07-26 21:41:34 - clientPlatform processing for: sanq
2025-07-26 21:41:34 - Client info: , Platform: Windows, Groups: 266,377
2025-07-26 21:41:34 - Adding platform group 278 for client sanq - SUCCESS
2025-07-26 21:41:44 - clientPlatform processing for: bohun ivan
2025-07-26 21:41:44 - Client info: , Platform: Windows, Groups: 263,377
2025-07-26 21:41:44 - Adding platform group 278 for client bohun ivan - SUCCESS
2025-07-26 21:43:14 - clientPlatform processing for: kompot1k
2025-07-26 21:43:14 - Client info: , Platform: Windows, Groups: 266,377
2025-07-26 21:43:14 - Adding platform group 278 for client kompot1k - SUCCESS
2025-07-26 21:43:55 - clientPlatform processing for: fazerov
2025-07-26 21:43:55 - Client info: , Platform: Windows, Groups: 266,377
2025-07-26 21:43:55 - Adding platform group 278 for client fazerov - SUCCESS
2025-07-26 21:45:40 - clientPlatform processing for: zui
2025-07-26 21:45:40 - Client info: , Platform: Windows, Groups: 17,377
2025-07-26 21:45:40 - Adding platform group 278 for client zui - SUCCESS
2025-07-26 21:46:52 - clientPlatform processing for: marsikkkkk
2025-07-26 21:46:52 - Client info: , Platform: Windows, Groups: 11,377
2025-07-26 21:46:52 - Adding platform group 278 for client marsikkkkk - SUCCESS
2025-07-26 21:46:57 - clientPlatform processing for: nima
2025-07-26 21:46:57 - Client info: , Platform: Windows, Groups: 13,377
2025-07-26 21:46:58 - Adding platform group 278 for client nima - SUCCESS
2025-07-26 21:46:59 - clientPlatform processing for: lilja
2025-07-26 21:46:59 - Client info: , Platform: Windows, Groups: 266,377
2025-07-26 21:46:59 - Adding platform group 278 for client lilja - SUCCESS
2025-07-26 21:49:00 - clientPlatform processing for: TeamSpeakUser
2025-07-26 21:49:00 - Client info: , Platform: Windows, Groups: 7
2025-07-26 21:49:00 - Adding platform group 278 for client TeamSpeakUser - SUCCESS
2025-07-26 21:49:07 - clientPlatform processing for: dydek10master
2025-07-26 21:49:07 - Client info: , Platform: Windows, Groups: 266,377
2025-07-26 21:49:07 - Adding platform group 278 for client dydek10master - SUCCESS
2025-07-26 21:49:53 - clientPlatform processing for: GSavio
2025-07-26 21:49:53 - Client info: , Platform: Windows, Groups: 266,377
2025-07-26 21:49:53 - Adding platform group 278 for client GSavio - SUCCESS
2025-07-26 21:50:46 - clientPlatform processing for: digitalmix
2025-07-26 21:50:46 - Client info: , Platform: Windows, Groups: 17,377
2025-07-26 21:50:46 - Adding platform group 278 for client digitalmix - SUCCESS
2025-07-26 21:51:23 - clientPlatform processing for: TeamSpeakUser3
2025-07-26 21:51:23 - Client info: , Platform: Windows, Groups: 11,377
2025-07-26 21:51:23 - Adding platform group 278 for client TeamSpeakUser3 - SUCCESS
2025-07-26 21:51:33 - clientPlatform processing for: FataL1Day
2025-07-26 21:51:33 - Client info: , Platform: Windows, Groups: 266,377
2025-07-26 21:51:33 - Adding platform group 278 for client FataL1Day - SUCCESS
2025-07-26 21:52:17 - clientPlatform processing for: credolls
2025-07-26 21:52:17 - Client info: , Platform: Windows, Groups: 18,377
2025-07-26 21:52:17 - Adding platform group 278 for client credolls - SUCCESS
2025-07-26 21:52:42 - clientPlatform processing for: nima
2025-07-26 21:52:42 - Client info: , Platform: Windows, Groups: 13,377
2025-07-26 21:52:42 - Adding platform group 278 for client nima - SUCCESS
2025-07-26 21:53:31 - clientPlatform processing for: XandeRMeisteR
2025-07-26 21:53:31 - Client info: , Platform: Windows, Groups: 266,377
2025-07-26 21:53:31 - Adding platform group 278 for client XandeRMeisteR - SUCCESS
2025-07-26 21:55:37 - clientPlatform processing for: bohun ivan
2025-07-26 21:55:37 - Client info: , Platform: Windows, Groups: 263,377
2025-07-26 21:55:37 - Adding platform group 278 for client bohun ivan - SUCCESS
2025-07-26 21:56:43 - clientPlatform processing for: ZorbAnka
2025-07-26 21:56:43 - Client info: , Platform: Windows, Groups: 13,377
2025-07-26 21:56:43 - Adding platform group 278 for client ZorbAnka - SUCCESS
2025-07-26 21:57:37 - clientPlatform processing for: TeamSpeakUser5
2025-07-26 21:57:37 - Client info: , Platform: Windows, Groups: 266,377
2025-07-26 21:57:37 - Adding platform group 278 for client TeamSpeakUser5 - SUCCESS
2025-07-26 21:59:33 - clientPlatform processing for: gholab
2025-07-26 21:59:33 - Client info: , Platform: Windows, Groups: 266,377
2025-07-26 21:59:33 - Adding platform group 278 for client gholab - SUCCESS
2025-07-26 22:01:23 - clientPlatform processing for: nima
2025-07-26 22:01:23 - Client info: , Platform: Windows, Groups: 13,377
2025-07-26 22:01:23 - Adding platform group 278 for client nima - SUCCESS
2025-07-26 22:01:32 - clientPlatform processing for: lilja
2025-07-26 22:01:32 - Client info: , Platform: Windows, Groups: 266,377
2025-07-26 22:01:32 - Adding platform group 278 for client lilja - SUCCESS
2025-07-26 22:04:48 - clientPlatform processing for: Neil0001k
2025-07-26 22:04:48 - Client info: , Platform: Windows, Groups: 17,377
2025-07-26 22:04:48 - Adding platform group 278 for client Neil0001k - SUCCESS
2025-07-26 22:04:59 - clientPlatform processing for: TeamSpeakUser2
2025-07-26 22:04:59 - Client info: , Platform: Windows, Groups: 13,377
2025-07-26 22:04:59 - Adding platform group 278 for client TeamSpeakUser2 - SUCCESS
2025-07-26 22:05:17 - clientPlatform processing for: Ebu4ka7
2025-07-26 22:05:17 - Client info: , Platform: Windows, Groups: 15,377
2025-07-26 22:05:17 - Adding platform group 278 for client Ebu4ka7 - SUCCESS
2025-07-26 22:06:01 - clientPlatform processing for: Misha_number_1
2025-07-26 22:06:01 - Client info: , Platform: Windows, Groups: 264,377
2025-07-26 22:06:01 - Adding platform group 278 for client Misha_number_1 - SUCCESS
2025-07-26 22:11:57 - clientPlatform processing for: SYRUSSS
2025-07-26 22:11:57 - Client info: , Platform: Windows, Groups: 263,377
2025-07-26 22:11:57 - Adding platform group 278 for client SYRUSSS - SUCCESS
2025-07-26 22:12:11 - clientPlatform processing for: твоямама
2025-07-26 22:12:11 - Client info: , Platform: Windows, Groups: 13,377
2025-07-26 22:12:11 - Adding platform group 278 for client твоямама - SUCCESS
2025-07-26 22:12:16 - clientPlatform processing for: mostafa
2025-07-26 22:12:16 - Client info: , Platform: Windows, Groups: 266,377
2025-07-26 22:12:16 - Adding platform group 278 for client mostafa - SUCCESS
2025-07-26 22:12:19 - clientPlatform processing for: кабачок
2025-07-26 22:12:19 - Client info: , Platform: Windows, Groups: 14,377
2025-07-26 22:12:19 - Adding platform group 278 for client кабачок - SUCCESS
2025-07-26 22:12:19 - clientPlatform processing for: кабачок
2025-07-26 22:12:19 - Client info: , Platform: Windows, Groups: 14,377
2025-07-26 22:12:20 - Group already assigned (detected from error), skipping
2025-07-26 22:12:20 - Adding platform group 278 for client кабачок - SUCCESS
2025-07-26 22:12:53 - clientPlatform processing for: твоямама
2025-07-26 22:12:53 - Client info: , Platform: Windows, Groups: 13,377
2025-07-26 22:12:53 - Adding platform group 278 for client твоямама - SUCCESS
2025-07-26 22:14:12 - clientPlatform processing for: marsikkkkk
2025-07-26 22:14:12 - Client info: , Platform: Windows, Groups: 11,377
2025-07-26 22:14:12 - Adding platform group 278 for client marsikkkkk - SUCCESS
2025-07-26 22:14:45 - clientPlatform processing for: KingDriver
2025-07-26 22:14:45 - Client info: , Platform: Windows, Groups: 13,377
2025-07-26 22:14:45 - Adding platform group 278 for client KingDriver - SUCCESS
2025-07-26 22:14:51 - clientPlatform processing for: edotencei
2025-07-26 22:14:51 - Client info: , Platform: Windows, Groups: 7
2025-07-26 22:14:51 - Adding platform group 278 for client edotencei - SUCCESS
2025-07-26 22:14:52 - clientPlatform processing for: sajjad
2025-07-26 22:14:52 - Client info: , Platform: Windows, Groups: 266,377
2025-07-26 22:14:52 - Adding platform group 278 for client sajjad - SUCCESS
2025-07-26 22:15:46 - clientPlatform processing for: мирорчик
2025-07-26 22:15:46 - Client info: , Platform: Windows, Groups: 13,377
2025-07-26 22:15:46 - Adding platform group 278 for client мирорчик - SUCCESS
2025-07-26 22:15:59 - clientPlatform processing for: vertig0
2025-07-26 22:15:59 - Client info: , Platform: Windows, Groups: 14,377
2025-07-26 22:15:59 - Adding platform group 278 for client vertig0 - SUCCESS
2025-07-26 22:16:13 - clientPlatform processing for: vertig0
2025-07-26 22:16:13 - Client info: , Platform: Windows, Groups: 14,377
2025-07-26 22:16:13 - Adding platform group 278 for client vertig0 - SUCCESS
2025-07-26 22:16:29 - clientPlatform processing for: vertig0
2025-07-26 22:16:29 - Client info: , Platform: Windows, Groups: 14,278,312,377,435
2025-07-26 22:16:29 - Client already has platform group 278
2025-07-26 22:16:47 - clientPlatform processing for: pez0
2025-07-26 22:16:47 - Client info: , Platform: Windows, Groups: 14,377
2025-07-26 22:16:47 - Adding platform group 278 for client pez0 - SUCCESS
2025-07-26 22:16:50 - clientPlatform processing for: Артек
2025-07-26 22:16:50 - Client info: , Platform: Windows, Groups: 7
2025-07-26 22:16:51 - Adding platform group 278 for client Артек - SUCCESS
2025-07-26 22:16:51 - clientPlatform processing for: Артек
2025-07-26 22:16:51 - Client info: , Platform: Windows, Groups: 7
2025-07-26 22:16:51 - Group already assigned (detected from error), skipping
2025-07-26 22:16:51 - Adding platform group 278 for client Артек - SUCCESS
2025-07-26 22:19:09 - clientPlatform processing for: ozzzyk
2025-07-26 22:19:09 - Client info: , Platform: Windows, Groups: 7
2025-07-26 22:19:09 - Adding platform group 278 for client ozzzyk - SUCCESS
2025-07-26 22:19:53 - clientPlatform processing for: vertig0
2025-07-26 22:19:53 - Client info: , Platform: Windows, Groups: 14,377
2025-07-26 22:19:53 - Adding platform group 278 for client vertig0 - SUCCESS
2025-07-26 22:19:56 - clientPlatform processing for: vertig0
2025-07-26 22:19:56 - Client info: , Platform: Windows, Groups: 14,377
2025-07-26 22:19:56 - Adding platform group 278 for client vertig0 - SUCCESS
2025-07-26 22:20:05 - clientPlatform processing for: vertig0
2025-07-26 22:20:05 - Client info: , Platform: Windows, Groups: 14,278,294,377,435
2025-07-26 22:20:05 - Client already has platform group 278
2025-07-26 22:22:36 - clientPlatform processing for: ван гогг
2025-07-26 22:22:36 - Client info: , Platform: Windows, Groups: 266,377
2025-07-26 22:22:36 - Adding platform group 278 for client ван гогг - SUCCESS
2025-07-26 22:22:43 - clientPlatform processing for: pez0
2025-07-26 22:22:43 - Client info: , Platform: Windows, Groups: 14,377
2025-07-26 22:22:43 - Adding platform group 278 for client pez0 - SUCCESS
2025-07-26 22:22:46 - clientPlatform processing for: lilja
2025-07-26 22:22:46 - Client info: , Platform: Windows, Groups: 266,377
2025-07-26 22:22:46 - Adding platform group 278 for client lilja - SUCCESS
2025-07-26 22:22:48 - clientPlatform processing for: lilja
2025-07-26 22:22:48 - Client info: , Platform: Windows, Groups: 266,377
2025-07-26 22:22:48 - Group already assigned (detected from error), skipping
2025-07-26 22:22:48 - Adding platform group 278 for client lilja - SUCCESS
2025-07-26 22:22:53 - clientPlatform processing for: ван гогг
2025-07-26 22:22:53 - Client info: , Platform: Windows, Groups: 266,377
2025-07-26 22:22:53 - Adding platform group 278 for client ван гогг - SUCCESS
2025-07-26 22:22:53 - clientPlatform processing for: ван гогг
2025-07-26 22:22:53 - Client info: , Platform: Windows, Groups: 266,377
2025-07-26 22:22:53 - Group already assigned (detected from error), skipping
2025-07-26 22:22:53 - Adding platform group 278 for client ван гогг - SUCCESS
2025-07-26 22:22:53 - clientPlatform processing for: ван гогг
2025-07-26 22:22:53 - Client info: , Platform: Windows, Groups: 266,377
2025-07-26 22:22:53 - Group already assigned (detected from error), skipping
2025-07-26 22:22:53 - Adding platform group 278 for client ван гогг - SUCCESS
2025-07-26 22:23:00 - clientPlatform processing for: teaman11
2025-07-26 22:23:00 - Client info: , Platform: Windows, Groups: 17,377
2025-07-26 22:23:00 - Adding platform group 278 for client teaman11 - SUCCESS
2025-07-26 22:23:11 - clientPlatform processing for: teaman11
2025-07-26 22:23:11 - Client info: , Platform: Windows, Groups: 17,377
2025-07-26 22:23:11 - Adding platform group 278 for client teaman11 - SUCCESS
2025-07-26 22:23:37 - clientPlatform processing for: teaman11
2025-07-26 22:23:37 - Client info: , Platform: Windows, Groups: 17,278,295,377,435
2025-07-26 22:23:37 - Client already has platform group 278
2025-07-26 22:28:34 - clientPlatform processing for: Dr.Dr.TobiasST
2025-07-26 22:28:34 - Client info: , Platform: Windows, Groups: 7
2025-07-26 22:28:34 - Adding platform group 278 for client Dr.Dr.TobiasST - SUCCESS
2025-07-26 22:28:51 - clientPlatform processing for: credolls
2025-07-26 22:28:51 - Client info: , Platform: Windows, Groups: 18,377
2025-07-26 22:28:51 - Adding platform group 278 for client credolls - SUCCESS
2025-07-26 22:29:24 - clientPlatform processing for: Murchick
2025-07-26 22:29:24 - Client info: , Platform: Windows, Groups: 266,377
2025-07-26 22:29:25 - Adding platform group 278 for client Murchick - SUCCESS
2025-07-26 22:29:31 - clientPlatform processing for: добрий вечір
2025-07-26 22:29:31 - Client info: , Platform: Windows, Groups: 266,377
2025-07-26 22:29:31 - Adding platform group 278 for client добрий вечір - SUCCESS
2025-07-26 22:30:47 - clientPlatform processing for: Fullfunny
2025-07-26 22:30:47 - Client info: , Platform: Windows, Groups: 266,377
2025-07-26 22:30:47 - Adding platform group 278 for client Fullfunny - SUCCESS
2025-07-26 22:33:38 - clientPlatform processing for: Sane4ka
2025-07-26 22:33:38 - Client info: , Platform: Windows, Groups: 9,369
2025-07-26 22:33:38 - Adding platform group 278 for client Sane4ka - SUCCESS
2025-07-26 22:36:34 - clientPlatform processing for: maksik
2025-07-26 22:36:34 - Client info: , Platform: Windows, Groups: 15,377
2025-07-26 22:36:34 - Adding platform group 278 for client maksik - SUCCESS
2025-07-26 22:37:22 - clientPlatform processing for: KAYMAKAM
2025-07-26 22:37:22 - Client info: , Platform: Windows, Groups: 266,377
2025-07-26 22:37:22 - Adding platform group 278 for client KAYMAKAM - SUCCESS
2025-07-26 22:39:13 - clientPlatform processing for: TeamSpeakUser3
2025-07-26 22:39:13 - Client info: , Platform: Windows, Groups: 7
2025-07-26 22:39:13 - Adding platform group 278 for client TeamSpeakUser3 - SUCCESS
2025-07-26 22:41:35 - clientPlatform processing for: TeamSpeakUser3
2025-07-26 22:41:35 - Client info: , Platform: Windows, Groups: 8,369
2025-07-26 22:41:35 - Adding platform group 278 for client TeamSpeakUser3 - SUCCESS
2025-07-26 22:41:55 - clientPlatform processing for: -Матео|Оганнес
2025-07-26 22:41:55 - Client info: , Platform: Windows, Groups: 7
2025-07-26 22:41:55 - Adding platform group 278 for client -Матео|Оганнес - SUCCESS
2025-07-26 22:42:32 - clientPlatform processing for: lord
2025-07-26 22:42:32 - Client info: , Platform: Windows, Groups: 265,377
2025-07-26 22:42:32 - Adding platform group 278 for client lord - SUCCESS
2025-07-26 22:43:21 - clientPlatform processing for: baia
2025-07-26 22:43:21 - Client info: , Platform: Windows, Groups: 263,377
2025-07-26 22:43:21 - Adding platform group 278 for client baia - SUCCESS
2025-07-26 22:44:33 - clientPlatform processing for: credolls
2025-07-26 22:44:33 - Client info: , Platform: Windows, Groups: 18,377
2025-07-26 22:44:33 - Adding platform group 278 for client credolls - SUCCESS
2025-07-26 22:47:39 - clientPlatform processing for: PastA1
2025-07-26 22:47:39 - Client info: , Platform: Windows, Groups: 18,377
2025-07-26 22:47:39 - Adding platform group 278 for client PastA1 - SUCCESS
2025-07-26 22:48:26 - clientPlatform processing for: astraiser
2025-07-26 22:48:26 - Client info: , Platform: Windows, Groups: 263,377
2025-07-26 22:48:26 - Adding platform group 278 for client astraiser - SUCCESS
2025-07-26 22:51:22 - clientPlatform processing for: TeamSpeakUser1
2025-07-26 22:51:22 - Client info: , Platform: Windows, Groups: 7
2025-07-26 22:51:22 - Adding platform group 278 for client TeamSpeakUser1 - SUCCESS
2025-07-26 22:52:41 - clientPlatform processing for: PastA1
2025-07-26 22:52:41 - Client info: , Platform: Windows, Groups: 18,377
2025-07-26 22:52:41 - Adding platform group 278 for client PastA1 - SUCCESS
2025-07-26 22:52:45 - clientPlatform processing for: zzzCorleonezzz ( Бислан )
2025-07-26 22:52:45 - Client info: , Platform: Windows, Groups: 264,377
2025-07-26 22:52:45 - Adding platform group 278 for client zzzCorleonezzz ( Бислан ) - SUCCESS
2025-07-26 22:52:45 - clientPlatform processing for: zzzCorleonezzz ( Бислан )
2025-07-26 22:52:45 - Client info: , Platform: Windows, Groups: 264,377
2025-07-26 22:52:45 - Group already assigned (detected from error), skipping
2025-07-26 22:52:45 - Adding platform group 278 for client zzzCorleonezzz ( Бислан ) - SUCCESS
2025-07-26 22:52:45 - clientPlatform processing for: zzzCorleonezzz ( Бислан )
2025-07-26 22:52:45 - Client info: , Platform: Windows, Groups: 264,377
2025-07-26 22:52:45 - Group already assigned (detected from error), skipping
2025-07-26 22:52:45 - Adding platform group 278 for client zzzCorleonezzz ( Бислан ) - SUCCESS
2025-07-26 22:52:46 - clientPlatform processing for: Alpha09
2025-07-26 22:52:46 - Client info: , Platform: Windows, Groups: 265,377
2025-07-26 22:52:46 - Adding platform group 278 for client Alpha09 - SUCCESS
2025-07-26 22:52:46 - clientPlatform processing for: Alpha09
2025-07-26 22:52:46 - Client info: , Platform: Windows, Groups: 265,377
2025-07-26 22:52:46 - Group already assigned (detected from error), skipping
2025-07-26 22:52:46 - Adding platform group 278 for client Alpha09 - SUCCESS
2025-07-26 22:52:46 - clientPlatform processing for: Alpha09
2025-07-26 22:52:46 - Client info: , Platform: Windows, Groups: 265,377
2025-07-26 22:52:46 - Group already assigned (detected from error), skipping
2025-07-26 22:52:46 - Adding platform group 278 for client Alpha09 - SUCCESS
2025-07-26 22:53:32 - clientPlatform processing for: lilja
2025-07-26 22:53:32 - Client info: , Platform: Windows, Groups: 266,377
2025-07-26 22:53:32 - Adding platform group 278 for client lilja - SUCCESS
2025-07-26 22:55:59 - clientPlatform processing for: F4funder
2025-07-26 22:55:59 - Client info: , Platform: Windows, Groups: 17,377
2025-07-26 22:55:59 - Adding platform group 278 for client F4funder - SUCCESS
2025-07-26 22:58:42 - clientPlatform processing for: SYRUSSS
2025-07-26 22:58:42 - Client info: , Platform: Windows, Groups: 263,377
2025-07-26 22:58:43 - Adding platform group 278 for client SYRUSSS - SUCCESS
2025-07-26 22:59:32 - clientPlatform processing for: sameqqq
2025-07-26 22:59:32 - Client info: , Platform: Windows, Groups: 266,377
2025-07-26 22:59:32 - Adding platform group 278 for client sameqqq - SUCCESS
2025-07-26 23:01:18 - clientPlatform processing for: TeamSpeakUser2
2025-07-26 23:01:18 - Client info: , Platform: Windows, Groups: 14,377
2025-07-26 23:01:18 - Adding platform group 278 for client TeamSpeakUser2 - SUCCESS
2025-07-26 23:02:26 - clientPlatform processing for: mmd
2025-07-26 23:02:26 - Client info: , Platform: Windows, Groups: 12,377
2025-07-26 23:02:26 - Adding platform group 278 for client mmd - SUCCESS
2025-07-26 23:03:49 - clientPlatform processing for: TeamSpeakUser1
2025-07-26 23:03:49 - Client info: , Platform: Windows, Groups: 8,369
2025-07-26 23:03:49 - Adding platform group 278 for client TeamSpeakUser1 - SUCCESS
2025-07-26 23:14:13 - clientPlatform processing for: Yusoso
2025-07-26 23:14:13 - Client info: , Platform: Windows, Groups: 14,377
2025-07-26 23:14:13 - Adding platform group 278 for client Yusoso - SUCCESS
2025-07-26 23:14:13 - clientPlatform processing for: Yusoso
2025-07-26 23:14:13 - Client info: , Platform: Windows, Groups: 14,377
2025-07-26 23:14:13 - Group already assigned (detected from error), skipping
2025-07-26 23:14:13 - Adding platform group 278 for client Yusoso - SUCCESS
2025-07-26 23:14:14 - clientPlatform processing for: Yusoso
2025-07-26 23:14:14 - Client info: , Platform: Windows, Groups: 14,377
2025-07-26 23:14:14 - Group already assigned (detected from error), skipping
2025-07-26 23:14:14 - Adding platform group 278 for client Yusoso - SUCCESS
2025-07-26 23:15:57 - clientPlatform processing for: credolls
2025-07-26 23:15:57 - Client info: , Platform: Windows, Groups: 18,377
2025-07-26 23:15:57 - Adding platform group 278 for client credolls - SUCCESS
2025-07-26 23:16:47 - clientPlatform processing for: ALPHA
2025-07-26 23:16:47 - Client info: , Platform: Windows, Groups: 13,377
2025-07-26 23:16:47 - Adding platform group 278 for client ALPHA - SUCCESS
2025-07-26 23:18:44 - clientPlatform processing for: TeamSpeakUser3
2025-07-26 23:18:44 - Client info: , Platform: Windows, Groups: 7
2025-07-26 23:18:44 - Adding platform group 278 for client TeamSpeakUser3 - SUCCESS
2025-07-26 23:27:37 - clientPlatform processing for: MATAN
2025-07-26 23:27:37 - Client info: , Platform: Windows, Groups: 266,377
2025-07-26 23:27:37 - Adding platform group 278 for client MATAN - SUCCESS
2025-07-26 23:29:49 - clientPlatform processing for: ph0x
2025-07-26 23:29:49 - Client info: , Platform: Windows, Groups: 17,377
2025-07-26 23:29:49 - Adding platform group 278 for client ph0x - SUCCESS
2025-07-26 23:33:53 - clientPlatform processing for: vata
2025-07-26 23:33:53 - Client info: , Platform: Windows, Groups: 263,377
2025-07-26 23:33:53 - Adding platform group 278 for client vata - SUCCESS
2025-07-26 23:35:12 - clientPlatform processing for: andy76633
2025-07-26 23:35:12 - Client info: , Platform: Windows, Groups: 12,377
2025-07-26 23:35:12 - Adding platform group 278 for client andy76633 - SUCCESS
2025-07-26 23:38:35 - clientPlatform processing for: japi3/4
2025-07-26 23:38:35 - Client info: , Platform: Windows, Groups: 266,377
2025-07-26 23:38:35 - Adding platform group 278 for client japi3/4 - SUCCESS
2025-07-26 23:40:13 - clientPlatform processing for: Боцман777
2025-07-26 23:40:13 - Client info: , Platform: Windows, Groups: 19,377
2025-07-26 23:40:13 - Adding platform group 278 for client Боцман777 - SUCCESS
2025-07-26 23:40:24 - clientPlatform processing for: saulov
2025-07-26 23:40:24 - Client info: , Platform: Windows, Groups: 266,377
2025-07-26 23:40:24 - Adding platform group 278 for client saulov - SUCCESS
2025-07-26 23:40:48 - clientPlatform processing for: Picija
2025-07-26 23:40:48 - Client info: , Platform: Windows, Groups: 7
2025-07-26 23:40:48 - Adding platform group 278 for client Picija - SUCCESS
2025-07-26 23:41:11 - clientPlatform processing for: shinigami
2025-07-26 23:41:11 - Client info: , Platform: Windows, Groups: 25,377,381,383,385
2025-07-26 23:41:11 - Adding platform group 278 for client shinigami - SUCCESS
2025-07-26 23:41:11 - clientPlatform processing for: shinigami
2025-07-26 23:41:11 - Client info: , Platform: Windows, Groups: 25,377,381,383,385
2025-07-26 23:41:11 - Group already assigned (detected from error), skipping
2025-07-26 23:41:11 - Adding platform group 278 for client shinigami - SUCCESS
2025-07-26 23:41:11 - clientPlatform processing for: shinigami
2025-07-26 23:41:11 - Client info: , Platform: Windows, Groups: 25,377,381,383,385
2025-07-26 23:41:11 - Group already assigned (detected from error), skipping
2025-07-26 23:41:11 - Adding platform group 278 for client shinigami - SUCCESS
2025-07-26 23:43:34 - clientPlatform processing for: ardoş
2025-07-26 23:43:34 - Client info: , Platform: Windows, Groups: 266,377
2025-07-26 23:43:34 - Adding platform group 278 for client ardoş - SUCCESS
2025-07-26 23:43:41 - clientPlatform processing for: ADAM
2025-07-26 23:43:41 - Client info: , Platform: Windows, Groups: 8,369
2025-07-26 23:43:41 - Adding platform group 278 for client ADAM - SUCCESS
2025-07-26 23:43:57 - clientPlatform processing for: Shawaj
2025-07-26 23:43:57 - Client info: , Platform: Windows, Groups: 263,377
2025-07-26 23:43:57 - Adding platform group 278 for client Shawaj - SUCCESS
2025-07-26 23:47:11 - clientPlatform processing for: anzor
2025-07-26 23:47:11 - Client info: , Platform: Windows, Groups: 7
2025-07-26 23:47:11 - Adding platform group 278 for client anzor - SUCCESS
2025-07-26 23:47:11 - clientPlatform processing for: anzor
2025-07-26 23:47:11 - Client info: , Platform: Windows, Groups: 7
2025-07-26 23:47:11 - Group already assigned (detected from error), skipping
2025-07-26 23:47:11 - Adding platform group 278 for client anzor - SUCCESS
2025-07-26 23:47:11 - clientPlatform processing for: anzor
2025-07-26 23:47:11 - Client info: , Platform: Windows, Groups: 7
2025-07-26 23:47:11 - Group already assigned (detected from error), skipping
2025-07-26 23:47:11 - Adding platform group 278 for client anzor - SUCCESS
2025-07-26 23:49:16 - clientPlatform processing for: GuNmiR_
2025-07-26 23:49:16 - Client info: , Platform: Windows, Groups: 14,377
2025-07-26 23:49:16 - Adding platform group 278 for client GuNmiR_ - SUCCESS
2025-07-26 23:50:16 - clientPlatform processing for: Alex0807
2025-07-26 23:50:16 - Client info: , Platform: Windows, Groups: 12,377
2025-07-26 23:50:16 - Adding platform group 278 for client Alex0807 - SUCCESS
2025-07-26 23:51:39 - clientPlatform processing for: Sebitzuu
2025-07-26 23:51:39 - Client info: , Platform: Windows, Groups: 12,377
2025-07-26 23:51:39 - Adding platform group 278 for client Sebitzuu - SUCCESS
2025-07-26 23:52:18 - clientPlatform processing for: hamza
2025-07-26 23:52:18 - Client info: , Platform: Windows, Groups: 266,377
2025-07-26 23:52:18 - Adding platform group 278 for client hamza - SUCCESS
2025-07-26 23:52:39 - clientPlatform processing for: Rix
2025-07-26 23:52:39 - Client info: , Platform: Windows, Groups: 265,377
2025-07-26 23:52:39 - Adding platform group 278 for client Rix - SUCCESS
2025-07-26 23:53:43 - clientPlatform processing for: FlavianFCP
2025-07-26 23:53:43 - Client info: , Platform: Windows, Groups: 12,377
2025-07-26 23:53:43 - Adding platform group 278 for client FlavianFCP - SUCCESS
2025-07-26 23:54:00 - clientPlatform processing for: Siros333
2025-07-26 23:54:00 - Client info: , Platform: Windows, Groups: 11,377
2025-07-26 23:54:00 - Adding platform group 278 for client Siros333 - SUCCESS
2025-07-26 23:54:58 - clientPlatform processing for: твоямама
2025-07-26 23:54:58 - Client info: , Platform: Windows, Groups: 13,377
2025-07-26 23:54:59 - Adding platform group 278 for client твоямама - SUCCESS
2025-07-26 23:56:32 - clientPlatform processing for: ARTAhier
2025-07-26 23:56:32 - Client info: , Platform: Windows, Groups: 11,377
2025-07-26 23:56:32 - Adding platform group 278 for client ARTAhier - SUCCESS
2025-07-26 23:56:40 - clientPlatform processing for: ARTAdort
2025-07-26 23:56:40 - Client info: , Platform: Android, Groups: 11,377
2025-07-26 23:56:40 - Adding platform group 282 for client ARTAdort - SUCCESS
2025-07-26 23:59:50 - clientPlatform processing for: mmd
2025-07-26 23:59:50 - Client info: , Platform: Windows, Groups: 12,377
2025-07-26 23:59:50 - Adding platform group 278 for client mmd - SUCCESS
