2025-08-01 00:07:28 - clientPlatform processing for: ADANALII
2025-08-01 00:07:28 - Client info: , Platform: Windows, Groups: 12,377
2025-08-01 00:07:28 - Adding platform group 278 for client ADANALII - SUCCESS
2025-08-01 00:07:56 - clientPlatform processing for: Hamsiboy
2025-08-01 00:07:56 - Client info: , Platform: Windows, Groups: 7
2025-08-01 00:07:56 - Adding platform group 278 for client Hamsiboy - SUCCESS
2025-08-01 00:14:13 - clientPlatform processing for: I_XaSkI_I
2025-08-01 00:14:13 - Client info: , Platform: Windows, Groups: 17,377
2025-08-01 00:14:13 - Adding platform group 278 for client I_XaSkI_I - SUCCESS
2025-08-01 00:14:14 - clientPlatform processing for: Almas1k
2025-08-01 00:14:14 - Client info: , Platform: Windows, Groups: 266,377
2025-08-01 00:14:14 - Adding platform group 278 for client Almas1k - SUCCESS
2025-08-01 00:28:01 - clientPlatform processing for: F4funder
2025-08-01 00:28:01 - Client info: , Platform: Windows, Groups: 17,377
2025-08-01 00:28:01 - Adding platform group 278 for client F4funder - SUCCESS
2025-08-01 00:36:46 - clientPlatform processing for: Pol'zovatel'
2025-08-01 00:36:46 - Client info: , Platform: Windows, Groups: 18,377
2025-08-01 00:36:46 - Adding platform group 278 for client Pol'zovatel' - SUCCESS
2025-08-01 00:43:07 - clientPlatform processing for: Потужний Фід
2025-08-01 00:43:07 - Client info: , Platform: Windows, Groups: 18,377
2025-08-01 00:43:07 - Adding platform group 278 for client Потужний Фід - SUCCESS
2025-08-01 00:49:11 - clientPlatform processing for: hugao
2025-08-01 00:49:11 - Client info: , Platform: Windows, Groups: 15,377
2025-08-01 00:49:11 - Adding platform group 278 for client hugao - SUCCESS
2025-08-01 00:58:59 - clientPlatform processing for: hugao1
2025-08-01 00:58:59 - Client info: , Platform: Windows, Groups: 266,377
2025-08-01 00:58:59 - Adding platform group 278 for client hugao1 - SUCCESS
2025-08-01 00:59:50 - clientPlatform processing for: Jaws
2025-08-01 00:59:50 - Client info: , Platform: Windows, Groups: 13,377
2025-08-01 00:59:50 - Adding platform group 278 for client Jaws - SUCCESS
2025-08-01 01:03:32 - clientPlatform processing for: birdseyes
2025-08-01 01:03:32 - Client info: , Platform: Windows, Groups: 10,369
2025-08-01 01:03:32 - Adding platform group 278 for client birdseyes - SUCCESS
2025-08-01 01:03:51 - clientPlatform processing for: m4m0ti
2025-08-01 01:03:51 - Client info: , Platform: Windows, Groups: 8,369
2025-08-01 01:03:51 - Adding platform group 278 for client m4m0ti - SUCCESS
2025-08-01 01:04:26 - clientPlatform processing for: gtb_sg
2025-08-01 01:04:26 - Client info: , Platform: Windows, Groups: 10,369
2025-08-01 01:04:26 - Adding platform group 278 for client gtb_sg - SUCCESS
2025-08-01 01:05:34 - clientPlatform processing for: dante788967
2025-08-01 01:05:34 - Client info: , Platform: Windows, Groups: 12,377
2025-08-01 01:05:34 - Adding platform group 278 for client dante788967 - SUCCESS
2025-08-01 01:11:54 - clientPlatform processing for: ny3aTbIu
2025-08-01 01:11:54 - Client info: , Platform: Windows, Groups: 14,377
2025-08-01 01:11:54 - Adding platform group 278 for client ny3aTbIu - SUCCESS
2025-08-01 01:18:13 - clientPlatform processing for: mevlutozkara
2025-08-01 01:18:13 - Client info: , Platform: Windows, Groups: 266,377
2025-08-01 01:18:13 - Adding platform group 278 for client mevlutozkara - SUCCESS
2025-08-01 01:20:12 - clientPlatform processing for: mevlutozkara
2025-08-01 01:20:12 - Client info: , Platform: Windows, Groups: 266,377
2025-08-01 01:20:12 - Adding platform group 278 for client mevlutozkara - SUCCESS
2025-08-01 01:26:06 - clientPlatform processing for: F4funder
2025-08-01 01:26:06 - Client info: , Platform: Windows, Groups: 17,377
2025-08-01 01:26:06 - Adding platform group 278 for client F4funder - SUCCESS
2025-08-01 01:28:27 - clientPlatform processing for: afr
2025-08-01 01:28:27 - Client info: , Platform: Windows, Groups: 7
2025-08-01 01:28:28 - Adding platform group 278 for client afr - SUCCESS
2025-08-01 01:28:29 - clientPlatform processing for: sickaf
2025-08-01 01:28:29 - Client info: , Platform: Windows, Groups: 7
2025-08-01 01:28:29 - Adding platform group 278 for client sickaf - SUCCESS
2025-08-01 01:31:11 - clientPlatform processing for: F4funder
2025-08-01 01:31:11 - Client info: , Platform: Windows, Groups: 17,377
2025-08-01 01:31:11 - Adding platform group 278 for client F4funder - SUCCESS
2025-08-01 01:31:29 - clientPlatform processing for: ADANALII
2025-08-01 01:31:29 - Client info: , Platform: Windows, Groups: 12,377
2025-08-01 01:31:29 - Adding platform group 278 for client ADANALII - SUCCESS
2025-08-01 01:32:49 - clientPlatform processing for: awegawg
2025-08-01 01:32:49 - Client info: , Platform: Windows, Groups: 13,377
2025-08-01 01:32:49 - Adding platform group 278 for client awegawg - SUCCESS
2025-08-01 01:32:59 - clientPlatform processing for: KAYMAKAM
2025-08-01 01:32:59 - Client info: , Platform: Windows, Groups: 266,377
2025-08-01 01:32:59 - Adding platform group 278 for client KAYMAKAM - SUCCESS
2025-08-01 01:43:20 - clientPlatform processing for: mevlutozkara
2025-08-01 01:43:20 - Client info: , Platform: Windows, Groups: 266,377
2025-08-01 01:43:20 - Adding platform group 278 for client mevlutozkara - SUCCESS
2025-08-01 01:46:17 - clientPlatform processing for: SYRUSSS
2025-08-01 01:46:17 - Client info: , Platform: Windows, Groups: 263,377
2025-08-01 01:46:17 - Adding platform group 278 for client SYRUSSS - SUCCESS
2025-08-01 01:50:10 - clientPlatform processing for: ZorbAnka
2025-08-01 01:50:10 - Client info: , Platform: Windows, Groups: 13,377
2025-08-01 01:50:10 - Adding platform group 278 for client ZorbAnka - SUCCESS
2025-08-01 01:50:19 - clientPlatform processing for: Ersannclk
2025-08-01 01:50:19 - Client info: , Platform: Windows, Groups: 12,377
2025-08-01 01:50:19 - Adding platform group 278 for client Ersannclk - SUCCESS
2025-08-01 01:59:26 - clientPlatform processing for: 1.6fsidertpaket
2025-08-01 01:59:26 - Client info: , Platform: Windows, Groups: 266,377
2025-08-01 01:59:26 - Adding platform group 278 for client 1.6fsidertpaket - SUCCESS
2025-08-01 02:11:26 - clientPlatform processing for: Tufix
2025-08-01 02:11:26 - Client info: , Platform: Windows, Groups: 263,377
2025-08-01 02:11:26 - Adding platform group 278 for client Tufix - SUCCESS
2025-08-01 02:12:45 - clientPlatform processing for: afr
2025-08-01 02:12:45 - Client info: , Platform: Windows, Groups: 8,369
2025-08-01 02:12:45 - Adding platform group 278 for client afr - SUCCESS
2025-08-01 02:29:34 - clientPlatform processing for: kikiooo
2025-08-01 02:29:34 - Client info: , Platform: Windows, Groups: 8,369
2025-08-01 02:29:34 - Adding platform group 278 for client kikiooo - SUCCESS
2025-08-01 02:31:44 - clientPlatform processing for: Sane4ka
2025-08-01 02:31:44 - Client info: , Platform: Windows, Groups: 12,377
2025-08-01 02:31:44 - Adding platform group 278 for client Sane4ka - SUCCESS
2025-08-01 02:32:31 - clientPlatform processing for: kikiooo
2025-08-01 02:32:31 - Client info: , Platform: Windows, Groups: 8,369
2025-08-01 02:32:31 - Adding platform group 278 for client kikiooo - SUCCESS
2025-08-01 02:34:48 - clientPlatform processing for: Mr.Shahery
2025-08-01 02:34:48 - Client info: , Platform: Windows, Groups: 8,369
2025-08-01 02:34:48 - Adding platform group 278 for client Mr.Shahery - SUCCESS
2025-08-01 02:40:53 - clientPlatform processing for: forza
2025-08-01 02:40:53 - Client info: , Platform: Windows, Groups: 11,377
2025-08-01 02:40:53 - Adding platform group 278 for client forza - SUCCESS
2025-08-01 03:19:21 - clientPlatform processing for: SYRUSSS
2025-08-01 03:19:21 - Client info: , Platform: Windows, Groups: 263,377
2025-08-01 03:19:21 - Adding platform group 278 for client SYRUSSS - SUCCESS
2025-08-01 03:45:38 - clientPlatform processing for: -Nano-15
2025-08-01 03:45:38 - Client info: , Platform: Windows, Groups: 265,377
2025-08-01 03:45:38 - Adding platform group 278 for client -Nano-15 - SUCCESS
2025-08-01 03:52:45 - clientPlatform processing for: tenshin_non
2025-08-01 03:52:45 - Client info: , Platform: Windows, Groups: 18,377
2025-08-01 03:52:45 - Adding platform group 278 for client tenshin_non - SUCCESS
2025-08-01 03:55:50 - clientPlatform processing for: Richard_TH
2025-08-01 03:55:50 - Client info: , Platform: Windows, Groups: 18,377
2025-08-01 03:55:50 - Adding platform group 278 for client Richard_TH - SUCCESS
2025-08-01 04:10:53 - clientPlatform processing for: LAZZZERR
2025-08-01 04:10:53 - Client info: , Platform: Windows, Groups: 15,377
2025-08-01 04:10:53 - Adding platform group 278 for client LAZZZERR - SUCCESS
2025-08-01 05:40:06 - clientPlatform processing for: Mr..Fury
2025-08-01 05:40:06 - Client info: , Platform: Windows, Groups: 18,377
2025-08-01 05:40:06 - Adding platform group 278 for client Mr..Fury - SUCCESS
2025-08-01 05:52:19 - clientPlatform processing for: Fantaz4
2025-08-01 05:52:19 - Client info: , Platform: Windows, Groups: 10,369
2025-08-01 05:52:19 - Adding platform group 278 for client Fantaz4 - SUCCESS
2025-08-01 06:15:00 - clientPlatform processing for: Fantaz4
2025-08-01 06:15:00 - Client info: , Platform: Windows, Groups: 10,369
2025-08-01 06:15:00 - Adding platform group 278 for client Fantaz4 - SUCCESS
2025-08-01 06:19:52 - clientPlatform processing for: Richard_TH
2025-08-01 06:19:52 - Client info: , Platform: Windows, Groups: 18,377
2025-08-01 06:19:52 - Adding platform group 278 for client Richard_TH - SUCCESS
2025-08-01 06:21:16 - clientPlatform processing for: BlackDemoN (Dimon)
2025-08-01 06:21:16 - Client info: , Platform: Windows, Groups: 9,369
2025-08-01 06:21:16 - Adding platform group 278 for client BlackDemoN (Dimon) - SUCCESS
2025-08-01 07:13:44 - clientPlatform processing for: sheldon
2025-08-01 07:13:44 - Client info: , Platform: Android, Groups: 8,369
2025-08-01 07:13:44 - Adding platform group 282 for client sheldon - SUCCESS
2025-08-01 07:45:12 - clientPlatform processing for: Viko(ع)
2025-08-01 07:45:12 - Client info: , Platform: Windows, Groups: 266,377
2025-08-01 07:45:12 - Adding platform group 278 for client Viko(ع) - SUCCESS
2025-08-01 07:46:55 - clientPlatform processing for: Amirali
2025-08-01 07:46:55 - Client info: , Platform: Windows, Groups: 266,377
2025-08-01 07:46:55 - Adding platform group 278 for client Amirali - SUCCESS
2025-08-01 07:55:27 - clientPlatform processing for: lowtabsecure
2025-08-01 07:55:27 - Client info: , Platform: Windows, Groups: 10,369
2025-08-01 07:55:27 - Adding platform group 278 for client lowtabsecure - SUCCESS
2025-08-01 07:55:35 - clientPlatform processing for: TeamSpeakUser
2025-08-01 07:55:35 - Client info: , Platform: Windows, Groups: 7
2025-08-01 07:55:35 - Adding platform group 278 for client TeamSpeakUser - SUCCESS
2025-08-01 07:55:42 - clientPlatform processing for: d3sc
2025-08-01 07:55:42 - Client info: , Platform: Windows, Groups: 8,369
2025-08-01 07:55:42 - Adding platform group 278 for client d3sc - SUCCESS
2025-08-01 07:55:55 - clientPlatform processing for: d3sc
2025-08-01 07:55:55 - Client info: , Platform: Windows, Groups: 8,278,296,369,435
2025-08-01 07:55:55 - Client already has platform group 278
2025-08-01 08:15:59 - clientPlatform processing for: dadaok
2025-08-01 08:15:59 - Client info: , Platform: Windows, Groups: 22,377
2025-08-01 08:15:59 - Adding platform group 278 for client dadaok - SUCCESS
2025-08-01 09:08:30 - clientPlatform processing for: Erinof
2025-08-01 09:08:30 - Client info: , Platform: Windows, Groups: 10,369
2025-08-01 09:08:30 - Adding platform group 278 for client Erinof - SUCCESS
2025-08-01 09:33:12 - clientPlatform processing for: TeamSpeakUser2
2025-08-01 09:33:12 - Client info: , Platform: Windows, Groups: 266,377
2025-08-01 09:33:12 - Adding platform group 278 for client TeamSpeakUser2 - SUCCESS
2025-08-01 09:33:50 - clientPlatform processing for: skbd
2025-08-01 09:33:50 - Client info: , Platform: Windows, Groups: 263,377
2025-08-01 09:33:50 - Adding platform group 278 for client skbd - SUCCESS
2025-08-01 09:41:23 - clientPlatform processing for: nox
2025-08-01 09:41:23 - Client info: , Platform: Windows, Groups: 266,377
2025-08-01 09:41:23 - Adding platform group 278 for client nox - SUCCESS
2025-08-01 10:02:37 - clientPlatform processing for: KvaKing95
2025-08-01 10:02:37 - Client info: , Platform: Windows, Groups: 263,377
2025-08-01 10:02:37 - Adding platform group 278 for client KvaKing95 - SUCCESS
2025-08-01 10:05:40 - clientPlatform processing for: hui
2025-08-01 10:05:40 - Client info: , Platform: Windows, Groups: 266,377
2025-08-01 10:05:40 - Adding platform group 278 for client hui - SUCCESS
2025-08-01 10:14:11 - clientPlatform processing for: 4iff
2025-08-01 10:14:11 - Client info: , Platform: Windows, Groups: 22,377
2025-08-01 10:14:11 - Adding platform group 278 for client 4iff - SUCCESS
2025-08-01 10:23:18 - clientPlatform processing for: AZAROV
2025-08-01 10:23:18 - Client info: , Platform: Windows, Groups: 7
2025-08-01 10:23:18 - Adding platform group 278 for client AZAROV - SUCCESS
2025-08-01 10:23:41 - clientPlatform processing for: daGGetTt
2025-08-01 10:23:41 - Client info: , Platform: Windows, Groups: 13,377
2025-08-01 10:23:41 - Adding platform group 278 for client daGGetTt - SUCCESS
2025-08-01 10:38:24 - clientPlatform processing for: Alexander177
2025-08-01 10:38:24 - Client info: , Platform: Windows, Groups: 17,377
2025-08-01 10:38:24 - Adding platform group 278 for client Alexander177 - SUCCESS
2025-08-01 11:16:53 - clientPlatform processing for: Max000n
2025-08-01 11:16:53 - Client info: , Platform: Windows, Groups: 10,369
2025-08-01 11:16:53 - Adding platform group 278 for client Max000n - SUCCESS
2025-08-01 11:23:11 - clientPlatform processing for: drochu24
2025-08-01 11:23:11 - Client info: , Platform: Windows, Groups: 8,369
2025-08-01 11:23:11 - Adding platform group 278 for client drochu24 - SUCCESS
2025-08-01 11:33:22 - clientPlatform processing for: Columb
2025-08-01 11:33:22 - Client info: , Platform: Windows, Groups: 21,43,145,267,377,439
2025-08-01 11:33:22 - Adding platform group 278 for client Columb - SUCCESS
2025-08-01 11:42:38 - clientPlatform processing for: chapa
2025-08-01 11:42:38 - Client info: , Platform: Windows, Groups: 19,377,440
2025-08-01 11:42:38 - Adding platform group 278 for client chapa - SUCCESS
2025-08-01 11:43:51 - clientPlatform processing for: Mood
2025-08-01 11:43:51 - Client info: , Platform: Windows, Groups: 19,377
2025-08-01 11:43:51 - Adding platform group 278 for client Mood - SUCCESS
2025-08-01 11:56:23 - clientPlatform processing for: NeuBrok
2025-08-01 11:56:23 - Client info: , Platform: Windows, Groups: 7
2025-08-01 11:56:23 - Adding platform group 278 for client NeuBrok - SUCCESS
2025-08-01 12:16:54 - clientPlatform processing for: Боцман777
2025-08-01 12:16:54 - Client info: , Platform: Windows, Groups: 19,377
2025-08-01 12:16:54 - Adding platform group 278 for client Боцман777 - SUCCESS
2025-08-01 12:17:39 - clientPlatform processing for: Amirali
2025-08-01 12:17:39 - Client info: , Platform: Windows, Groups: 266,377
2025-08-01 12:17:39 - Adding platform group 278 for client Amirali - SUCCESS
2025-08-01 12:19:25 - clientPlatform processing for: alpha231
2025-08-01 12:19:25 - Client info: , Platform: Windows, Groups: 7
2025-08-01 12:19:25 - Adding platform group 278 for client alpha231 - SUCCESS
2025-08-01 12:19:31 - clientPlatform processing for: nima
2025-08-01 12:19:31 - Client info: , Platform: Windows, Groups: 7
2025-08-01 12:19:32 - Adding platform group 278 for client nima - SUCCESS
2025-08-01 12:20:09 - clientPlatform processing for: am1rR6
2025-08-01 12:20:09 - Client info: , Platform: Windows, Groups: 10,369
2025-08-01 12:20:09 - Adding platform group 278 for client am1rR6 - SUCCESS
2025-08-01 12:20:26 - clientPlatform processing for: kaiizenn
2025-08-01 12:20:26 - Client info: , Platform: Windows, Groups: 27,377,382,399,400,436,437
2025-08-01 12:20:26 - Adding platform group 278 for client kaiizenn - SUCCESS
2025-08-01 12:28:43 - clientPlatform processing for: AlvaRoniXs
2025-08-01 12:28:43 - Client info: , Platform: Windows, Groups: 33,161,180,377
2025-08-01 12:28:43 - Adding platform group 278 for client AlvaRoniXs - SUCCESS
2025-08-01 12:33:59 - clientPlatform processing for: Viko(ع)
2025-08-01 12:33:59 - Client info: , Platform: Windows, Groups: 266,377
2025-08-01 12:33:59 - Adding platform group 278 for client Viko(ع) - SUCCESS
2025-08-01 12:41:21 - clientPlatform processing for: Amirali
2025-08-01 12:41:21 - Client info: , Platform: Windows, Groups: 266,377
2025-08-01 12:41:21 - Adding platform group 278 for client Amirali - SUCCESS
2025-08-01 12:42:18 - clientPlatform processing for: Amirali
2025-08-01 12:42:18 - Client info: , Platform: Windows, Groups: 266,377
2025-08-01 12:42:18 - Adding platform group 278 for client Amirali - SUCCESS
2025-08-01 12:52:25 - clientPlatform processing for: don
2025-08-01 12:52:25 - Client info: , Platform: Windows, Groups: 266,377
2025-08-01 12:52:25 - Adding platform group 278 for client don - SUCCESS
2025-08-01 12:53:31 - clientPlatform processing for: Shawaj
2025-08-01 12:53:31 - Client info: , Platform: Windows, Groups: 263,377
2025-08-01 12:53:31 - Adding platform group 278 for client Shawaj - SUCCESS
2025-08-01 12:56:20 - clientPlatform processing for: don
2025-08-01 12:56:20 - Client info: , Platform: Windows, Groups: 266,377
2025-08-01 12:56:20 - Adding platform group 278 for client don - SUCCESS
2025-08-01 13:04:45 - clientPlatform processing for: TEANZUS
2025-08-01 13:04:45 - Client info: , Platform: Windows, Groups: 12,377
2025-08-01 13:04:45 - Adding platform group 278 for client TEANZUS - SUCCESS
2025-08-01 13:09:33 - clientPlatform processing for: noice8
2025-08-01 13:09:33 - Client info: , Platform: Windows, Groups: 12,377
2025-08-01 13:09:33 - Adding platform group 278 for client noice8 - SUCCESS
2025-08-01 13:09:42 - clientPlatform processing for: __illlia__
2025-08-01 13:09:42 - Client info: , Platform: iOS, Groups: 266,377
2025-08-01 13:09:42 - Adding platform group 281 for client __illlia__ - SUCCESS
2025-08-01 13:10:12 - clientPlatform processing for: TeamSpeakUser
2025-08-01 13:10:12 - Client info: , Platform: Windows, Groups: 13,377
2025-08-01 13:10:12 - Adding platform group 278 for client TeamSpeakUser - SUCCESS
2025-08-01 13:10:18 - clientPlatform processing for: volya
2025-08-01 13:10:18 - Client info: , Platform: Windows, Groups: 14,377
2025-08-01 13:10:18 - Adding platform group 278 for client volya - SUCCESS
2025-08-01 13:10:20 - clientPlatform processing for: volya
2025-08-01 13:10:20 - Client info: , Platform: Windows, Groups: 14,377
2025-08-01 13:10:20 - Group already assigned (detected from error), skipping
2025-08-01 13:10:20 - Adding platform group 278 for client volya - SUCCESS
2025-08-01 13:10:20 - clientPlatform processing for: volya
2025-08-01 13:10:20 - Client info: , Platform: Windows, Groups: 14,377
2025-08-01 13:10:20 - Group already assigned (detected from error), skipping
2025-08-01 13:10:20 - Adding platform group 278 for client volya - SUCCESS
2025-08-01 13:11:08 - clientPlatform processing for: __illlia__
2025-08-01 13:11:08 - Client info: , Platform: iOS, Groups: 266,377
2025-08-01 13:11:08 - Adding platform group 281 for client __illlia__ - SUCCESS
2025-08-01 13:12:27 - clientPlatform processing for: haughty66
2025-08-01 13:12:27 - Client info: , Platform: Windows, Groups: 8,369
2025-08-01 13:12:27 - Adding platform group 278 for client haughty66 - SUCCESS
2025-08-01 13:14:42 - clientPlatform processing for: BABAANNEZIPLATAN456
2025-08-01 13:14:42 - Client info: , Platform: Windows, Groups: 266,377
2025-08-01 13:14:42 - Adding platform group 278 for client BABAANNEZIPLATAN456 - SUCCESS
2025-08-01 13:16:10 - clientPlatform processing for: Seikawa
2025-08-01 13:16:10 - Client info: , Platform: Windows, Groups: 10,369
2025-08-01 13:16:10 - Adding platform group 278 for client Seikawa - SUCCESS
2025-08-01 13:16:15 - clientPlatform processing for: TeamSpeakUser1
2025-08-01 13:16:15 - Client info: , Platform: Windows, Groups: 13,377
2025-08-01 13:16:15 - Adding platform group 278 for client TeamSpeakUser1 - SUCCESS
2025-08-01 13:18:22 - clientPlatform processing for: dolv1
2025-08-01 13:18:22 - Client info: , Platform: Windows, Groups: 266,377
2025-08-01 13:18:22 - Adding platform group 278 for client dolv1 - SUCCESS
2025-08-01 13:26:14 - clientPlatform processing for: Darkhains
2025-08-01 13:26:14 - Client info: , Platform: Windows, Groups: 13,377
2025-08-01 13:26:14 - Adding platform group 278 for client Darkhains - SUCCESS
2025-08-01 13:26:22 - clientPlatform processing for: daGGetTt
2025-08-01 13:26:22 - Client info: , Platform: Windows, Groups: 13,377
2025-08-01 13:26:22 - Adding platform group 278 for client daGGetTt - SUCCESS
2025-08-01 13:27:00 - clientPlatform processing for: Mnwh
2025-08-01 13:27:00 - Client info: , Platform: Windows, Groups: 266,377
2025-08-01 13:27:00 - Adding platform group 278 for client Mnwh - SUCCESS
2025-08-01 13:27:44 - clientPlatform processing for: ego1str0ma
2025-08-01 13:27:44 - Client info: , Platform: Windows, Groups: 264,377
2025-08-01 13:27:44 - Adding platform group 278 for client ego1str0ma - SUCCESS
2025-08-01 13:28:51 - clientPlatform processing for: shinigami
2025-08-01 13:28:51 - Client info: , Platform: Windows, Groups: 26,377,381,383,385
2025-08-01 13:28:51 - Adding platform group 278 for client shinigami - SUCCESS
2025-08-01 13:31:57 - clientPlatform processing for: Lucky13
2025-08-01 13:31:57 - Client info: , Platform: Windows, Groups: 13,377
2025-08-01 13:31:57 - Adding platform group 278 for client Lucky13 - SUCCESS
2025-08-01 13:33:49 - clientPlatform processing for: lowtabsecure
2025-08-01 13:33:49 - Client info: , Platform: Windows, Groups: 11,377
2025-08-01 13:33:49 - Adding platform group 278 for client lowtabsecure - SUCCESS
2025-08-01 13:34:29 - clientPlatform processing for: gert401
2025-08-01 13:34:29 - Client info: , Platform: Windows, Groups: 9,369
2025-08-01 13:34:29 - Adding platform group 278 for client gert401 - SUCCESS
2025-08-01 13:34:41 - clientPlatform processing for: lowtabsecure
2025-08-01 13:34:41 - Client info: , Platform: Windows, Groups: 11,377
2025-08-01 13:34:41 - Adding platform group 278 for client lowtabsecure - SUCCESS
2025-08-01 13:34:46 - clientPlatform processing for: d3sc
2025-08-01 13:34:46 - Client info: , Platform: Windows, Groups: 10,369
2025-08-01 13:34:46 - Adding platform group 278 for client d3sc - SUCCESS
2025-08-01 13:37:48 - clientPlatform processing for: teaman11
2025-08-01 13:37:48 - Client info: , Platform: Windows, Groups: 17,377
2025-08-01 13:37:48 - Adding platform group 278 for client teaman11 - SUCCESS
2025-08-01 13:39:01 - clientPlatform processing for: teaman11
2025-08-01 13:39:01 - Client info: , Platform: Windows, Groups: 17,377
2025-08-01 13:39:01 - Adding platform group 278 for client teaman11 - SUCCESS
2025-08-01 13:43:35 - clientPlatform processing for: ego1str0ma
2025-08-01 13:43:35 - Client info: , Platform: Windows, Groups: 264,377
2025-08-01 13:43:35 - Adding platform group 278 for client ego1str0ma - SUCCESS
2025-08-01 13:43:42 - clientPlatform processing for: Gosh
2025-08-01 13:43:42 - Client info: , Platform: Windows, Groups: 263,377
2025-08-01 13:43:42 - Adding platform group 278 for client Gosh - SUCCESS
2025-08-01 13:44:35 - clientPlatform processing for: ego1str0ma
2025-08-01 13:44:35 - Client info: , Platform: Windows, Groups: 264,377
2025-08-01 13:44:35 - Adding platform group 278 for client ego1str0ma - SUCCESS
2025-08-01 13:49:06 - clientPlatform processing for: zui
2025-08-01 13:49:06 - Client info: , Platform: Windows, Groups: 17,377
2025-08-01 13:49:06 - Adding platform group 278 for client zui - SUCCESS
2025-08-01 13:49:47 - clientPlatform processing for: __illlia__
2025-08-01 13:49:47 - Client info: , Platform: iOS, Groups: 266,377
2025-08-01 13:49:47 - Adding platform group 281 for client __illlia__ - SUCCESS
2025-08-01 13:50:15 - clientPlatform processing for: Kowismo
2025-08-01 13:50:15 - Client info: , Platform: Windows, Groups: 6,270,377,422
2025-08-01 13:50:15 - Adding platform group 278 for client Kowismo - SUCCESS
2025-08-01 13:54:14 - clientPlatform processing for: Fantaz4
2025-08-01 13:54:14 - Client info: , Platform: Windows, Groups: 11,377
2025-08-01 13:54:14 - Adding platform group 278 for client Fantaz4 - SUCCESS
2025-08-01 13:54:53 - clientPlatform processing for: ZRUBAVEL
2025-08-01 13:54:53 - Client info: , Platform: Windows, Groups: 12,377
2025-08-01 13:54:53 - Adding platform group 278 for client ZRUBAVEL - SUCCESS
2025-08-01 13:56:03 - clientPlatform processing for: tlishev
2025-08-01 13:56:03 - Client info: , Platform: Windows, Groups: 14,377
2025-08-01 13:56:03 - Adding platform group 278 for client tlishev - SUCCESS
2025-08-01 13:56:12 - clientPlatform processing for: MATAN
2025-08-01 13:56:12 - Client info: , Platform: Windows, Groups: 266,377
2025-08-01 13:56:12 - Adding platform group 278 for client MATAN - SUCCESS
2025-08-01 14:16:25 - clientPlatform processing for: Amirali
2025-08-01 14:16:25 - Client info: , Platform: Windows, Groups: 266,377
2025-08-01 14:16:25 - Adding platform group 278 for client Amirali - SUCCESS
2025-08-01 14:23:16 - clientPlatform processing for: MATIN
2025-08-01 14:23:16 - Client info: , Platform: Windows, Groups: 12,377
2025-08-01 14:23:16 - Adding platform group 278 for client MATIN - SUCCESS
2025-08-01 14:23:47 - clientPlatform processing for: don
2025-08-01 14:23:47 - Client info: , Platform: Windows, Groups: 266,377
2025-08-01 14:23:47 - Adding platform group 278 for client don - SUCCESS
2025-08-01 14:27:10 - clientPlatform processing for: Fantaz4
2025-08-01 14:27:10 - Client info: , Platform: Windows, Groups: 11,377
2025-08-01 14:27:10 - Adding platform group 278 for client Fantaz4 - SUCCESS
2025-08-01 14:39:56 - clientPlatform processing for: Rix
2025-08-01 14:39:56 - Client info: , Platform: Windows, Groups: 266,377
2025-08-01 14:39:56 - Adding platform group 278 for client Rix - SUCCESS
2025-08-01 14:51:34 - clientPlatform processing for: TeamSpeakUser2
2025-08-01 14:51:34 - Client info: , Platform: Windows, Groups: 9,369
2025-08-01 14:51:34 - Adding platform group 278 for client TeamSpeakUser2 - SUCCESS
2025-08-01 14:55:54 - clientPlatform processing for: Nevskiiiy
2025-08-01 14:55:54 - Client info: , Platform: Windows, Groups: 263,377
2025-08-01 14:55:54 - Adding platform group 278 for client Nevskiiiy - SUCCESS
2025-08-01 14:57:37 - clientPlatform processing for: tlishev
2025-08-01 14:57:37 - Client info: , Platform: Windows, Groups: 14,377
2025-08-01 14:57:37 - Adding platform group 278 for client tlishev - SUCCESS
2025-08-01 14:58:30 - clientPlatform processing for: ПожилаяОстановка
2025-08-01 14:58:30 - Client info: , Platform: Windows, Groups: 15,377
2025-08-01 14:58:30 - Adding platform group 278 for client ПожилаяОстановка - SUCCESS
2025-08-01 15:06:47 - clientPlatform processing for: daGGetTt
2025-08-01 15:06:47 - Client info: , Platform: Windows, Groups: 13,377
2025-08-01 15:06:47 - Adding platform group 278 for client daGGetTt - SUCCESS
2025-08-01 15:20:55 - clientPlatform processing for: MATAN
2025-08-01 15:20:55 - Client info: , Platform: Windows, Groups: 266,377
2025-08-01 15:20:55 - Adding platform group 278 for client MATAN - SUCCESS
2025-08-01 15:22:28 - clientPlatform processing for: makpyn
2025-08-01 15:22:28 - Client info: , Platform: Windows, Groups: 266,377
2025-08-01 15:22:28 - Adding platform group 278 for client makpyn - SUCCESS
2025-08-01 15:23:28 - clientPlatform processing for: aslan
2025-08-01 15:23:28 - Client info: , Platform: Windows, Groups: 13,377
2025-08-01 15:23:28 - Adding platform group 278 for client aslan - SUCCESS
2025-08-01 15:26:40 - clientPlatform processing for: namja
2025-08-01 15:26:40 - Client info: , Platform: Windows, Groups: 266,377
2025-08-01 15:26:40 - Adding platform group 278 for client namja - SUCCESS
2025-08-01 15:27:32 - clientPlatform processing for: noice8
2025-08-01 15:27:32 - Client info: , Platform: Windows, Groups: 12,377
2025-08-01 15:27:33 - Adding platform group 278 for client noice8 - SUCCESS
2025-08-01 15:34:27 - clientPlatform processing for: MATAN
2025-08-01 15:34:27 - Client info: , Platform: Windows, Groups: 266,377
2025-08-01 15:34:27 - Adding platform group 278 for client MATAN - SUCCESS
2025-08-01 15:35:06 - clientPlatform processing for: Mr..Fury
2025-08-01 15:35:06 - Client info: , Platform: Windows, Groups: 18,377
2025-08-01 15:35:06 - Adding platform group 278 for client Mr..Fury - SUCCESS
2025-08-01 15:47:44 - clientPlatform processing for: Amirali
2025-08-01 15:47:44 - Client info: , Platform: Windows, Groups: 266,377
2025-08-01 15:47:44 - Adding platform group 278 for client Amirali - SUCCESS
2025-08-01 15:48:04 - clientPlatform processing for: hugao
2025-08-01 15:48:04 - Client info: , Platform: Windows, Groups: 266,377
2025-08-01 15:48:04 - Adding platform group 278 for client hugao - SUCCESS
2025-08-01 15:48:42 - clientPlatform processing for: hugao1
2025-08-01 15:48:42 - Client info: , Platform: Windows, Groups: 15,377
2025-08-01 15:48:42 - Adding platform group 278 for client hugao1 - SUCCESS
2025-08-01 15:54:01 - clientPlatform processing for: Viko(ع)
2025-08-01 15:54:01 - Client info: , Platform: Windows, Groups: 266,377
2025-08-01 15:54:01 - Adding platform group 278 for client Viko(ع) - SUCCESS
2025-08-01 16:01:20 - clientPlatform processing for: TeamSpeakUser
2025-08-01 16:01:20 - Client info: , Platform: Windows, Groups: 12,377
2025-08-01 16:01:20 - Adding platform group 278 for client TeamSpeakUser - SUCCESS
2025-08-01 16:02:49 - clientPlatform processing for: TeamSpeakUser1
2025-08-01 16:02:49 - Client info: , Platform: Windows, Groups: 13,377
2025-08-01 16:02:49 - Adding platform group 278 for client TeamSpeakUser1 - SUCCESS
2025-08-01 16:04:35 - clientPlatform processing for: TeamSpeakUser1
2025-08-01 16:04:35 - Client info: , Platform: Windows, Groups: 13,377
2025-08-01 16:04:35 - Adding platform group 278 for client TeamSpeakUser1 - SUCCESS
2025-08-01 16:05:12 - clientPlatform processing for: TeamSpeakUser2
2025-08-01 16:05:12 - Client info: , Platform: Windows, Groups: 7
2025-08-01 16:05:12 - Adding platform group 278 for client TeamSpeakUser2 - SUCCESS
2025-08-01 16:08:00 - clientPlatform processing for: buchka
2025-08-01 16:08:00 - Client info: , Platform: Windows, Groups: 14,377
2025-08-01 16:08:00 - Adding platform group 278 for client buchka - SUCCESS
2025-08-01 16:14:27 - clientPlatform processing for: Amirali
2025-08-01 16:14:27 - Client info: , Platform: Windows, Groups: 266,377
2025-08-01 16:14:27 - Adding platform group 278 for client Amirali - SUCCESS
2025-08-01 16:16:51 - clientPlatform processing for: TeamSpeakUser3
2025-08-01 16:16:51 - Client info: , Platform: Windows, Groups: 11,377
2025-08-01 16:16:51 - Adding platform group 278 for client TeamSpeakUser3 - SUCCESS
2025-08-01 16:17:32 - clientPlatform processing for: andy76633
2025-08-01 16:17:32 - Client info: , Platform: Windows, Groups: 13,377
2025-08-01 16:17:32 - Adding platform group 278 for client andy76633 - SUCCESS
2025-08-01 16:20:37 - clientPlatform processing for: Omar
2025-08-01 16:20:37 - Client info: , Platform: Windows, Groups: 266,377
2025-08-01 16:20:37 - Adding platform group 278 for client Omar - SUCCESS
2025-08-01 16:20:54 - clientPlatform processing for: Sebitzuu
2025-08-01 16:20:54 - Client info: , Platform: Windows, Groups: 13,377
2025-08-01 16:20:54 - Adding platform group 278 for client Sebitzuu - SUCCESS
2025-08-01 16:20:57 - clientPlatform processing for: baia
2025-08-01 16:20:57 - Client info: , Platform: Windows, Groups: 263,377
2025-08-01 16:20:57 - Adding platform group 278 for client baia - SUCCESS
2025-08-01 16:21:25 - clientPlatform processing for: Phantor
2025-08-01 16:21:25 - Client info: , Platform: Windows, Groups: 263,377
2025-08-01 16:21:25 - Adding platform group 278 for client Phantor - SUCCESS
2025-08-01 16:22:44 - clientPlatform processing for: Чех
2025-08-01 16:22:44 - Client info: , Platform: Windows, Groups: 17,377
2025-08-01 16:22:44 - Adding platform group 278 for client Чех - SUCCESS
2025-08-01 16:25:17 - clientPlatform processing for: -W1LLL
2025-08-01 16:25:17 - Client info: , Platform: Windows, Groups: 17,377
2025-08-01 16:25:17 - Adding platform group 278 for client -W1LLL - SUCCESS
2025-08-01 16:25:38 - clientPlatform processing for: -EscA`#
2025-08-01 16:25:38 - Client info: , Platform: Windows, Groups: 17,377
2025-08-01 16:25:38 - Adding platform group 278 for client -EscA`# - SUCCESS
2025-08-01 16:28:25 - clientPlatform processing for: Kowismo
2025-08-01 16:28:25 - Client info: , Platform: Windows, Groups: 6,270,377,422
2025-08-01 16:28:25 - Adding platform group 278 for client Kowismo - SUCCESS
2025-08-01 16:29:54 - clientPlatform processing for: qck1g
2025-08-01 16:29:54 - Client info: , Platform: Windows, Groups: 9,369
2025-08-01 16:29:54 - Adding platform group 278 for client qck1g - SUCCESS
2025-08-01 16:35:56 - clientPlatform processing for: Fullfunny
2025-08-01 16:35:56 - Client info: , Platform: Windows, Groups: 266,377
2025-08-01 16:35:56 - Adding platform group 278 for client Fullfunny - SUCCESS
2025-08-01 16:38:49 - clientPlatform processing for: maksik
2025-08-01 16:38:49 - Client info: , Platform: Windows, Groups: 265,377
2025-08-01 16:38:49 - Adding platform group 278 for client maksik - SUCCESS
2025-08-01 16:44:11 - clientPlatform processing for: shinigami
2025-08-01 16:44:11 - Client info: , Platform: Windows, Groups: 26,377,381,383,385
2025-08-01 16:44:11 - Adding platform group 278 for client shinigami - SUCCESS
2025-08-01 16:45:11 - clientPlatform processing for: -REVA-
2025-08-01 16:45:11 - Client info: , Platform: Windows, Groups: 263,377
2025-08-01 16:45:11 - Adding platform group 278 for client -REVA- - SUCCESS
2025-08-01 16:45:57 - clientPlatform processing for: TeamSpeakUser1
2025-08-01 16:45:57 - Client info: , Platform: Windows, Groups: 9,369
2025-08-01 16:45:57 - Adding platform group 278 for client TeamSpeakUser1 - SUCCESS
2025-08-01 16:46:26 - clientPlatform processing for: ARTAhier
2025-08-01 16:46:26 - Client info: , Platform: Windows, Groups: 12,377
2025-08-01 16:46:26 - Adding platform group 278 for client ARTAhier - SUCCESS
2025-08-01 16:46:39 - clientPlatform processing for: ARTAdort
2025-08-01 16:46:39 - Client info: , Platform: Android, Groups: 12,377
2025-08-01 16:46:39 - Adding platform group 282 for client ARTAdort - SUCCESS
2025-08-01 16:47:24 - clientPlatform processing for: TeamSpeakUser2
2025-08-01 16:47:24 - Client info: , Platform: Windows, Groups: 17,377
2025-08-01 16:47:24 - Adding platform group 278 for client TeamSpeakUser2 - SUCCESS
2025-08-01 16:47:25 - clientPlatform processing for: TeamSpeakUser2
2025-08-01 16:47:25 - Client info: , Platform: Windows, Groups: 17,377
2025-08-01 16:47:25 - Group already assigned (detected from error), skipping
2025-08-01 16:47:25 - Adding platform group 278 for client TeamSpeakUser2 - SUCCESS
2025-08-01 16:47:25 - clientPlatform processing for: TeamSpeakUser2
2025-08-01 16:47:25 - Client info: , Platform: Windows, Groups: 17,377
2025-08-01 16:47:25 - Group already assigned (detected from error), skipping
2025-08-01 16:47:25 - Adding platform group 278 for client TeamSpeakUser2 - SUCCESS
2025-08-01 16:47:57 - clientPlatform processing for: PPPPPPP
2025-08-01 16:47:57 - Client info: , Platform: Windows, Groups: 266,377
2025-08-01 16:47:57 - Adding platform group 278 for client PPPPPPP - SUCCESS
2025-08-01 16:48:29 - clientPlatform processing for: TeamSpeakUser4
2025-08-01 16:48:29 - Client info: , Platform: Windows, Groups: 17,377
2025-08-01 16:48:29 - Adding platform group 278 for client TeamSpeakUser4 - SUCCESS
2025-08-01 16:49:20 - clientPlatform processing for: Bobbeloppe01
2025-08-01 16:49:20 - Client info: , Platform: Windows, Groups: 266,377
2025-08-01 16:49:20 - Adding platform group 278 for client Bobbeloppe01 - SUCCESS
2025-08-01 16:50:18 - clientPlatform processing for: TeamSpeakUser5
2025-08-01 16:50:18 - Client info: , Platform: Windows, Groups: 7
2025-08-01 16:50:18 - Adding platform group 278 for client TeamSpeakUser5 - SUCCESS
2025-08-01 16:50:39 - clientPlatform processing for: MrMIST14
2025-08-01 16:50:39 - Client info: , Platform: Windows, Groups: 265,377
2025-08-01 16:50:39 - Adding platform group 278 for client MrMIST14 - SUCCESS
2025-08-01 16:52:39 - clientPlatform processing for: TeamSpeakUser5
2025-08-01 16:52:39 - Client info: , Platform: Windows, Groups: 8,369
2025-08-01 16:52:39 - Adding platform group 278 for client TeamSpeakUser5 - SUCCESS
2025-08-01 16:57:47 - clientPlatform processing for: redan_22
2025-08-01 16:57:47 - Client info: , Platform: Windows, Groups: 13,377
2025-08-01 16:57:47 - Adding platform group 278 for client redan_22 - SUCCESS
2025-08-01 16:58:39 - clientPlatform processing for: cuffe
2025-08-01 16:58:39 - Client info: , Platform: Windows, Groups: 13,377
2025-08-01 16:58:39 - Adding platform group 278 for client cuffe - SUCCESS
2025-08-01 16:58:39 - clientPlatform processing for: cuffe
2025-08-01 16:58:39 - Client info: , Platform: Windows, Groups: 13,377
2025-08-01 16:58:39 - Group already assigned (detected from error), skipping
2025-08-01 16:58:39 - Adding platform group 278 for client cuffe - SUCCESS
2025-08-01 16:58:39 - clientPlatform processing for: cuffe
2025-08-01 16:58:39 - Client info: , Platform: Windows, Groups: 13,377
2025-08-01 16:58:39 - Group already assigned (detected from error), skipping
2025-08-01 16:58:39 - Adding platform group 278 for client cuffe - SUCCESS
2025-08-01 16:59:01 - clientPlatform processing for: Gosh
2025-08-01 16:59:01 - Client info: , Platform: Windows, Groups: 263,377
2025-08-01 16:59:01 - Adding platform group 278 for client Gosh - SUCCESS
2025-08-01 16:59:51 - clientPlatform processing for: volya
2025-08-01 16:59:51 - Client info: , Platform: Windows, Groups: 14,377
2025-08-01 16:59:51 - Adding platform group 278 for client volya - SUCCESS
2025-08-01 17:03:31 - clientPlatform processing for: Aura_Kone
2025-08-01 17:03:31 - Client info: , Platform: Windows, Groups: 18,377
2025-08-01 17:03:31 - Adding platform group 278 for client Aura_Kone - SUCCESS
2025-08-01 17:04:18 - clientPlatform processing for: Siros333
2025-08-01 17:04:18 - Client info: , Platform: Windows, Groups: 12,377
2025-08-01 17:04:18 - Adding platform group 278 for client Siros333 - SUCCESS
2025-08-01 17:07:19 - clientPlatform processing for: Siros333
2025-08-01 17:07:19 - Client info: , Platform: Windows, Groups: 12,377
2025-08-01 17:07:19 - Adding platform group 278 for client Siros333 - SUCCESS
2025-08-01 17:09:57 - clientPlatform processing for: pzdcvsenikizanyati
2025-08-01 17:09:57 - Client info: , Platform: Windows, Groups: 19,377
2025-08-01 17:09:57 - Adding platform group 278 for client pzdcvsenikizanyati - SUCCESS
2025-08-01 17:12:25 - clientPlatform processing for: volya
2025-08-01 17:12:25 - Client info: , Platform: Windows, Groups: 14,377
2025-08-01 17:12:25 - Adding platform group 278 for client volya - SUCCESS
2025-08-01 17:17:09 - clientPlatform processing for: -W1LLL
2025-08-01 17:17:09 - Client info: , Platform: Windows, Groups: 17,377
2025-08-01 17:17:09 - Adding platform group 278 for client -W1LLL - SUCCESS
2025-08-01 17:17:57 - clientPlatform processing for: Druid Сrow 🦅
2025-08-01 17:17:57 - Client info: , Platform: Windows, Groups: 19,377
2025-08-01 17:17:57 - Adding platform group 278 for client Druid Сrow 🦅 - SUCCESS
2025-08-01 17:19:40 - clientPlatform processing for: Amirali
2025-08-01 17:19:40 - Client info: , Platform: Windows, Groups: 266,377
2025-08-01 17:19:40 - Adding platform group 278 for client Amirali - SUCCESS
2025-08-01 17:19:50 - clientPlatform processing for: Seikawa
2025-08-01 17:19:50 - Client info: , Platform: Windows, Groups: 11,377
2025-08-01 17:19:50 - Adding platform group 278 for client Seikawa - SUCCESS
2025-08-01 17:25:13 - clientPlatform processing for: Alexander177
2025-08-01 17:25:13 - Client info: , Platform: Windows, Groups: 263,377
2025-08-01 17:25:13 - Adding platform group 278 for client Alexander177 - SUCCESS
2025-08-01 17:29:33 - clientPlatform processing for: Sane4ka
2025-08-01 17:29:33 - Client info: , Platform: Windows, Groups: 12,377
2025-08-01 17:29:33 - Adding platform group 278 for client Sane4ka - SUCCESS
2025-08-01 17:31:52 - clientPlatform processing for: namja
2025-08-01 17:31:52 - Client info: , Platform: Windows, Groups: 266,377
2025-08-01 17:31:52 - Adding platform group 278 for client namja - SUCCESS
2025-08-01 17:33:37 - clientPlatform processing for: MATAN
2025-08-01 17:33:37 - Client info: , Platform: Windows, Groups: 266,377
2025-08-01 17:33:37 - Adding platform group 278 for client MATAN - SUCCESS
2025-08-01 17:33:53 - clientPlatform processing for: Amirali
2025-08-01 17:33:53 - Client info: , Platform: Windows, Groups: 266,377
2025-08-01 17:33:53 - Adding platform group 278 for client Amirali - SUCCESS
2025-08-01 17:36:32 - clientPlatform processing for: berkan
2025-08-01 17:36:32 - Client info: , Platform: Windows, Groups: 7
2025-08-01 17:36:32 - Adding platform group 278 for client berkan - SUCCESS
2025-08-01 17:37:50 - clientPlatform processing for: Qeensel
2025-08-01 17:37:50 - Client info: , Platform: Windows, Groups: 12,377
2025-08-01 17:37:50 - Adding platform group 278 for client Qeensel - SUCCESS
2025-08-01 17:38:09 - clientPlatform processing for: amir4k
2025-08-01 17:38:09 - Client info: , Platform: Windows, Groups: 14,377
2025-08-01 17:38:09 - Adding platform group 278 for client amir4k - SUCCESS
2025-08-01 17:42:01 - clientPlatform processing for: NowY
2025-08-01 17:42:01 - Client info: , Platform: Windows, Groups: 264,377
2025-08-01 17:42:01 - Adding platform group 278 for client NowY - SUCCESS
2025-08-01 17:42:09 - clientPlatform processing for: BIG FIUT
2025-08-01 17:42:09 - Client info: , Platform: Windows, Groups: 14,377
2025-08-01 17:42:09 - Adding platform group 278 for client BIG FIUT - SUCCESS
2025-08-01 17:42:50 - clientPlatform processing for: Tufix
2025-08-01 17:42:50 - Client info: , Platform: Windows, Groups: 263,377
2025-08-01 17:42:50 - Adding platform group 278 for client Tufix - SUCCESS
2025-08-01 17:43:03 - clientPlatform processing for: awegawg
2025-08-01 17:43:03 - Client info: , Platform: Windows, Groups: 14,377
2025-08-01 17:43:03 - Adding platform group 278 for client awegawg - SUCCESS
2025-08-01 17:43:44 - clientPlatform processing for: kagixxx
2025-08-01 17:43:44 - Client info: , Platform: Windows, Groups: 17,377
2025-08-01 17:43:44 - Adding platform group 278 for client kagixxx - SUCCESS
2025-08-01 17:44:10 - clientPlatform processing for: Shawaj
2025-08-01 17:44:10 - Client info: , Platform: Windows, Groups: 263,377
2025-08-01 17:44:10 - Adding platform group 278 for client Shawaj - SUCCESS
2025-08-01 17:49:42 - clientPlatform processing for: tlishev
2025-08-01 17:49:42 - Client info: , Platform: Windows, Groups: 14,377
2025-08-01 17:49:42 - Adding platform group 278 for client tlishev - SUCCESS
2025-08-01 17:54:53 - clientPlatform processing for: alikexie
2025-08-01 17:54:53 - Client info: , Platform: Windows, Groups: 265,377
2025-08-01 17:54:53 - Adding platform group 278 for client alikexie - SUCCESS
2025-08-01 17:57:16 - clientPlatform processing for: Platonuch_UA
2025-08-01 17:57:16 - Client info: , Platform: Windows, Groups: 20,377
2025-08-01 17:57:16 - Adding platform group 278 for client Platonuch_UA - SUCCESS
2025-08-01 17:59:31 - clientPlatform processing for: Maks1m_K
2025-08-01 17:59:31 - Client info: , Platform: Windows, Groups: 266,377
2025-08-01 17:59:31 - Adding platform group 278 for client Maks1m_K - SUCCESS
2025-08-01 18:00:46 - clientPlatform processing for: saulov
2025-08-01 18:00:46 - Client info: , Platform: Windows, Groups: 266,377
2025-08-01 18:00:46 - Adding platform group 278 for client saulov - SUCCESS
2025-08-01 18:02:57 - clientPlatform processing for: kiesik98
2025-08-01 18:02:57 - Client info: , Platform: Windows, Groups: 14,377
2025-08-01 18:02:57 - Adding platform group 278 for client kiesik98 - SUCCESS
2025-08-01 18:04:38 - clientPlatform processing for: germancoxx
2025-08-01 18:04:38 - Client info: , Platform: Windows, Groups: 14,377
2025-08-01 18:04:38 - Adding platform group 278 for client germancoxx - SUCCESS
2025-08-01 18:12:16 - clientPlatform processing for: Richard_TH
2025-08-01 18:12:16 - Client info: , Platform: Windows, Groups: 18,377
2025-08-01 18:12:16 - Adding platform group 278 for client Richard_TH - SUCCESS
2025-08-01 18:23:47 - clientPlatform processing for: tenshin_non
2025-08-01 18:23:47 - Client info: , Platform: Windows, Groups: 18,377
2025-08-01 18:23:47 - Adding platform group 278 for client tenshin_non - SUCCESS
2025-08-01 18:31:28 - clientPlatform processing for: kiesik98
2025-08-01 18:31:28 - Client info: , Platform: Windows, Groups: 14,377
2025-08-01 18:31:28 - Adding platform group 278 for client kiesik98 - SUCCESS
2025-08-01 18:32:36 - clientPlatform processing for: _Sanitol_
2025-08-01 18:32:36 - Client info: , Platform: Windows, Groups: 13,377
2025-08-01 18:32:36 - Adding platform group 278 for client _Sanitol_ - SUCCESS
2025-08-01 18:33:07 - clientPlatform processing for: BlackDemoN (Dimon)
2025-08-01 18:33:07 - Client info: , Platform: Windows, Groups: 12,377
2025-08-01 18:33:07 - Adding platform group 278 for client BlackDemoN (Dimon) - SUCCESS
2025-08-01 18:33:39 - clientPlatform processing for: isekai
2025-08-01 18:33:39 - Client info: , Platform: Windows, Groups: 265,377
2025-08-01 18:33:39 - Adding platform group 278 for client isekai - SUCCESS
2025-08-01 18:34:07 - clientPlatform processing for: Dumina
2025-08-01 18:34:07 - Client info: , Platform: Windows, Groups: 20,377
2025-08-01 18:34:07 - Adding platform group 278 for client Dumina - SUCCESS
2025-08-01 18:38:37 - clientPlatform processing for: Angry
2025-08-01 18:38:37 - Client info: , Platform: Windows, Groups: 263,377
2025-08-01 18:38:37 - Adding platform group 278 for client Angry - SUCCESS
2025-08-01 18:44:15 - clientPlatform processing for: I ❤ 2 Dance
2025-08-01 18:44:15 - Client info: , Platform: Linux, Groups: 283
2025-08-01 18:44:15 - Adding platform group 279 for client I ❤ 2 Dance - SUCCESS
2025-08-01 18:44:15 - clientPlatform processing for: I ❤ Greatest Hits
2025-08-01 18:44:15 - Client info: , Platform: Linux, Groups: 283
2025-08-01 18:44:15 - Adding platform group 279 for client I ❤ Greatest Hits - SUCCESS
2025-08-01 18:44:15 - clientPlatform processing for: I ❤ Greatest Hits
2025-08-01 18:44:15 - Client info: , Platform: Linux, Groups: 283
2025-08-01 18:44:15 - Group already assigned (detected from error), skipping
2025-08-01 18:44:15 - Adding platform group 279 for client I ❤ Greatest Hits - SUCCESS
2025-08-01 18:44:15 - clientPlatform processing for: I ❤ Greatest Hits
2025-08-01 18:44:15 - Client info: , Platform: Linux, Groups: 283
2025-08-01 18:44:15 - Group already assigned (detected from error), skipping
2025-08-01 18:44:15 - Adding platform group 279 for client I ❤ Greatest Hits - SUCCESS
2025-08-01 18:44:15 - clientPlatform processing for: [#]Misc
2025-08-01 18:44:15 - Client info: , Platform: Linux, Groups: 391
2025-08-01 18:44:15 - Adding platform group 279 for client [#]Misc - SUCCESS
2025-08-01 18:49:20 - clientPlatform processing for: Vulex23
2025-08-01 18:49:20 - Client info: , Platform: Windows, Groups: 13,377
2025-08-01 18:49:20 - Adding platform group 278 for client Vulex23 - SUCCESS
2025-08-01 18:50:17 - clientPlatform processing for: kirill24233
2025-08-01 18:50:17 - Client info: , Platform: Windows, Groups: 13,377
2025-08-01 18:50:17 - Adding platform group 278 for client kirill24233 - SUCCESS
2025-08-01 18:50:56 - clientPlatform processing for: HanS
2025-08-01 18:50:56 - Client info: , Platform: Windows, Groups: 266,377
2025-08-01 18:50:56 - Adding platform group 278 for client HanS - SUCCESS
2025-08-01 18:51:34 - clientPlatform processing for: baysikimdeğil
2025-08-01 18:51:34 - Client info: , Platform: Windows, Groups: 263,377
2025-08-01 18:51:34 - Adding platform group 278 for client baysikimdeğil - SUCCESS
2025-08-01 18:52:06 - clientPlatform processing for: atmaca
2025-08-01 18:52:06 - Client info: , Platform: Windows, Groups: 11,377
2025-08-01 18:52:06 - Adding platform group 278 for client atmaca - SUCCESS
2025-08-01 18:55:05 - clientPlatform processing for: may1kid
2025-08-01 18:55:05 - Client info: , Platform: Windows, Groups: 13,377
2025-08-01 18:55:05 - Adding platform group 278 for client may1kid - SUCCESS
2025-08-01 18:55:25 - clientPlatform processing for: sharfyusha
2025-08-01 18:55:25 - Client info: , Platform: Windows, Groups: 13,377
2025-08-01 18:55:25 - Adding platform group 278 for client sharfyusha - SUCCESS
2025-08-01 18:58:40 - clientPlatform processing for: 4iff
2025-08-01 18:58:40 - Client info: , Platform: Windows, Groups: 23,377
2025-08-01 18:58:40 - Adding platform group 278 for client 4iff - SUCCESS
2025-08-01 19:01:40 - clientPlatform processing for: sima
2025-08-01 19:01:40 - Client info: , Platform: Windows, Groups: 12,377
2025-08-01 19:01:40 - Adding platform group 278 for client sima - SUCCESS
2025-08-01 19:04:41 - clientPlatform processing for: alikexie
2025-08-01 19:04:41 - Client info: , Platform: Windows, Groups: 265,377
2025-08-01 19:04:41 - Adding platform group 278 for client alikexie - SUCCESS
2025-08-01 19:09:41 - clientPlatform processing for: matv495
2025-08-01 19:09:41 - Client info: , Platform: Windows, Groups: 10,369
2025-08-01 19:09:41 - Adding platform group 278 for client matv495 - SUCCESS
2025-08-01 19:11:05 - clientPlatform processing for: TeamSpeakUser
2025-08-01 19:11:05 - Client info: , Platform: Windows, Groups: 266,377
2025-08-01 19:11:05 - Adding platform group 278 for client TeamSpeakUser - SUCCESS
2025-08-01 19:12:05 - clientPlatform processing for: TeamSpeakUser
2025-08-01 19:12:05 - Client info: , Platform: Windows, Groups: 266,377
2025-08-01 19:12:05 - Adding platform group 278 for client TeamSpeakUser - SUCCESS
2025-08-01 19:15:32 - clientPlatform processing for: SWEETSHXT
2025-08-01 19:15:32 - Client info: , Platform: Windows, Groups: 7
2025-08-01 19:15:32 - Adding platform group 278 for client SWEETSHXT - SUCCESS
2025-08-01 19:15:37 - clientPlatform processing for: cuffe
2025-08-01 19:15:37 - Client info: , Platform: Windows, Groups: 13,377
2025-08-01 19:15:37 - Adding platform group 278 for client cuffe - SUCCESS
2025-08-01 19:18:55 - clientPlatform processing for: SWEETSHXT
2025-08-01 19:18:55 - Client info: , Platform: Windows, Groups: 8,369
2025-08-01 19:18:55 - Adding platform group 278 for client SWEETSHXT - SUCCESS
2025-08-01 19:20:39 - clientPlatform processing for: fl4sh
2025-08-01 19:20:39 - Client info: , Platform: Windows, Groups: 266,377
2025-08-01 19:20:39 - Adding platform group 278 for client fl4sh - SUCCESS
2025-08-01 19:23:50 - clientPlatform processing for: goran
2025-08-01 19:23:50 - Client info: , Platform: Windows, Groups: 266,377
2025-08-01 19:23:50 - Adding platform group 278 for client goran - SUCCESS
2025-08-01 19:24:56 - clientPlatform processing for: vata
2025-08-01 19:24:56 - Client info: , Platform: Windows, Groups: 263,377
2025-08-01 19:24:56 - Adding platform group 278 for client vata - SUCCESS
2025-08-01 19:28:25 - clientPlatform processing for: redan_22
2025-08-01 19:28:25 - Client info: , Platform: Windows, Groups: 13,377
2025-08-01 19:28:25 - Adding platform group 278 for client redan_22 - SUCCESS
2025-08-01 19:28:33 - clientPlatform processing for: BIGYURIII
2025-08-01 19:28:33 - Client info: , Platform: Windows, Groups: 11,377
2025-08-01 19:28:33 - Adding platform group 278 for client BIGYURIII - SUCCESS
2025-08-01 19:29:06 - clientPlatform processing for: Men4
2025-08-01 19:29:06 - Client info: , Platform: Windows, Groups: 13,377
2025-08-01 19:29:06 - Adding platform group 278 for client Men4 - SUCCESS
2025-08-01 19:31:50 - clientPlatform processing for: Sim0
2025-08-01 19:31:50 - Client info: , Platform: Windows, Groups: 266,377
2025-08-01 19:31:50 - Adding platform group 278 for client Sim0 - SUCCESS
2025-08-01 19:32:00 - clientPlatform processing for: Baboli
2025-08-01 19:32:00 - Client info: , Platform: Windows, Groups: 13,377
2025-08-01 19:32:00 - Adding platform group 278 for client Baboli - SUCCESS
2025-08-01 19:36:00 - clientPlatform processing for: Yusoso
2025-08-01 19:36:00 - Client info: , Platform: Windows, Groups: 264,377
2025-08-01 19:36:00 - Adding platform group 278 for client Yusoso - SUCCESS
2025-08-01 19:41:40 - clientPlatform processing for: pangea
2025-08-01 19:41:40 - Client info: , Platform: Windows, Groups: 13,377
2025-08-01 19:41:40 - Adding platform group 278 for client pangea - SUCCESS
2025-08-01 19:42:25 - clientPlatform processing for: atmaca
2025-08-01 19:42:25 - Client info: , Platform: Windows, Groups: 12,377
2025-08-01 19:42:25 - Adding platform group 278 for client atmaca - SUCCESS
2025-08-01 19:43:32 - clientPlatform processing for: aslan
2025-08-01 19:43:32 - Client info: , Platform: Windows, Groups: 13,377
2025-08-01 19:43:32 - Adding platform group 278 for client aslan - SUCCESS
2025-08-01 19:48:53 - clientPlatform processing for: TeamSpeakUser1
2025-08-01 19:48:53 - Client info: , Platform: Windows, Groups: 264,377
2025-08-01 19:48:53 - Adding platform group 278 for client TeamSpeakUser1 - SUCCESS
2025-08-01 19:50:33 - clientPlatform processing for: maksik
2025-08-01 19:50:33 - Client info: , Platform: Windows, Groups: 265,377
2025-08-01 19:50:34 - Adding platform group 278 for client maksik - SUCCESS
2025-08-01 19:52:33 - clientPlatform processing for: Jaws
2025-08-01 19:52:33 - Client info: , Platform: Windows, Groups: 13,377
2025-08-01 19:52:33 - Adding platform group 278 for client Jaws - SUCCESS
2025-08-01 19:52:46 - clientPlatform processing for: saadf
2025-08-01 19:52:46 - Client info: , Platform: Windows, Groups: 12,377
2025-08-01 19:52:46 - Adding platform group 278 for client saadf - SUCCESS
2025-08-01 19:52:58 - clientPlatform processing for: Lucky13
2025-08-01 19:52:58 - Client info: , Platform: Windows, Groups: 13,377
2025-08-01 19:52:58 - Adding platform group 278 for client Lucky13 - SUCCESS
2025-08-01 19:53:25 - clientPlatform processing for: Lucky13
2025-08-01 19:53:25 - Client info: , Platform: Windows, Groups: 13,377
2025-08-01 19:53:25 - Adding platform group 278 for client Lucky13 - SUCCESS
2025-08-01 19:58:19 - clientPlatform processing for: SPY
2025-08-01 19:58:19 - Client info: , Platform: Windows, Groups: 266,377
2025-08-01 19:58:19 - Adding platform group 278 for client SPY - SUCCESS
2025-08-01 20:06:04 - clientPlatform processing for: GENERAL MOTORS
2025-08-01 20:06:04 - Client info: , Platform: Windows, Groups: 266,377
2025-08-01 20:06:04 - Adding platform group 278 for client GENERAL MOTORS - SUCCESS
2025-08-01 20:06:41 - clientPlatform processing for: XAIJUN
2025-08-01 20:06:41 - Client info: , Platform: Windows, Groups: 7
2025-08-01 20:06:41 - Adding platform group 278 for client XAIJUN - SUCCESS
2025-08-01 20:09:13 - clientPlatform processing for: Nashpop
2025-08-01 20:09:13 - Client info: , Platform: Windows, Groups: 7
2025-08-01 20:09:13 - Adding platform group 278 for client Nashpop - SUCCESS
2025-08-01 20:09:45 - clientPlatform processing for: FenaiL
2025-08-01 20:09:45 - Client info: , Platform: Windows, Groups: 35,266,377
2025-08-01 20:09:45 - Adding platform group 278 for client FenaiL - SUCCESS
2025-08-01 20:14:00 - clientPlatform processing for: TeaNeedMore
2025-08-01 20:14:00 - Client info: , Platform: Windows, Groups: 15,377
2025-08-01 20:14:00 - Adding platform group 278 for client TeaNeedMore - SUCCESS
2025-08-01 20:14:40 - clientPlatform processing for: Lucky13
2025-08-01 20:14:40 - Client info: , Platform: Windows, Groups: 13,278,299,377,435
2025-08-01 20:14:40 - Client already has platform group 278
2025-08-01 20:15:37 - clientPlatform processing for: Rioshad
2025-08-01 20:15:37 - Client info: , Platform: Windows, Groups: 14,377
2025-08-01 20:15:37 - Adding platform group 278 for client Rioshad - SUCCESS
2025-08-01 20:16:28 - clientPlatform processing for: may1kid
2025-08-01 20:16:28 - Client info: , Platform: Windows, Groups: 13,377
2025-08-01 20:16:28 - Adding platform group 278 for client may1kid - SUCCESS
2025-08-01 20:19:39 - clientPlatform processing for: Tor4am
2025-08-01 20:19:39 - Client info: , Platform: Windows, Groups: 263,377
2025-08-01 20:19:39 - Adding platform group 278 for client Tor4am - SUCCESS
2025-08-01 20:22:47 - clientPlatform processing for: H0R0Z
2025-08-01 20:22:47 - Client info: , Platform: Windows, Groups: 17,377
2025-08-01 20:22:47 - Adding platform group 278 for client H0R0Z - SUCCESS
2025-08-01 20:22:48 - clientPlatform processing for: Seikawa
2025-08-01 20:22:48 - Client info: , Platform: Windows, Groups: 11,377
2025-08-01 20:22:48 - Adding platform group 278 for client Seikawa - SUCCESS
2025-08-01 20:22:57 - clientPlatform processing for: YİĞİTCAN
2025-08-01 20:22:57 - Client info: , Platform: Windows, Groups: 11,377
2025-08-01 20:22:57 - Adding platform group 278 for client YİĞİTCAN - SUCCESS
2025-08-01 20:24:13 - clientPlatform processing for: kayanyildz
2025-08-01 20:24:13 - Client info: , Platform: Windows, Groups: 266,377
2025-08-01 20:24:13 - Adding platform group 278 for client kayanyildz - SUCCESS
2025-08-01 20:24:15 - clientPlatform processing for: Barış
2025-08-01 20:24:15 - Client info: , Platform: Windows, Groups: 265,377
2025-08-01 20:24:15 - Adding platform group 278 for client Barış - SUCCESS
2025-08-01 20:24:18 - clientPlatform processing for: I_Kartal
2025-08-01 20:24:18 - Client info: , Platform: Windows, Groups: 9,369
2025-08-01 20:24:19 - Adding platform group 278 for client I_Kartal - SUCCESS
2025-08-01 20:25:03 - clientPlatform processing for: PatoStick.
2025-08-01 20:25:03 - Client info: , Platform: Windows, Groups: 9,369
2025-08-01 20:25:03 - Adding platform group 278 for client PatoStick. - SUCCESS
2025-08-01 20:27:07 - clientPlatform processing for: Aaa
2025-08-01 20:27:07 - Client info: , Platform: Windows, Groups: 7
2025-08-01 20:27:07 - Adding platform group 278 for client Aaa - SUCCESS
2025-08-01 20:28:02 - clientPlatform processing for: Doolph
2025-08-01 20:28:02 - Client info: , Platform: Windows, Groups: 266,377
2025-08-01 20:28:02 - Adding platform group 278 for client Doolph - SUCCESS
2025-08-01 20:31:07 - clientPlatform processing for: nox
2025-08-01 20:31:07 - Client info: , Platform: Windows, Groups: 266,377
2025-08-01 20:31:07 - Adding platform group 278 for client nox - SUCCESS
2025-08-01 20:32:33 - clientPlatform processing for: Aaa
2025-08-01 20:32:33 - Client info: , Platform: Windows, Groups: 8,369
2025-08-01 20:32:33 - Adding platform group 278 for client Aaa - SUCCESS
2025-08-01 20:32:56 - clientPlatform processing for: Aaa
2025-08-01 20:32:56 - Client info: , Platform: Windows, Groups: 8,369
2025-08-01 20:32:56 - Adding platform group 278 for client Aaa - SUCCESS
2025-08-01 20:34:36 - clientPlatform processing for: Musto
2025-08-01 20:34:36 - Client info: , Platform: Windows, Groups: 17,285,377
2025-08-01 20:34:36 - Adding platform group 278 for client Musto - SUCCESS
2025-08-01 20:36:45 - clientPlatform processing for: Musto
2025-08-01 20:36:45 - Client info: , Platform: Windows, Groups: 17,285,377
2025-08-01 20:36:45 - Adding platform group 278 for client Musto - SUCCESS
2025-08-01 20:39:53 - clientPlatform processing for: masterofsys1
2025-08-01 20:39:53 - Client info: , Platform: Windows, Groups: 7
2025-08-01 20:39:53 - Adding platform group 278 for client masterofsys1 - SUCCESS
2025-08-01 20:47:43 - clientPlatform processing for: masterofsys1
2025-08-01 20:47:43 - Client info: , Platform: Windows, Groups: 8,369
2025-08-01 20:47:44 - Adding platform group 278 for client masterofsys1 - SUCCESS
2025-08-01 20:51:02 - clientPlatform processing for: EdoTama888
2025-08-01 20:51:02 - Client info: , Platform: Windows, Groups: 14,377
2025-08-01 20:51:02 - Adding platform group 278 for client EdoTama888 - SUCCESS
2025-08-01 20:55:32 - clientPlatform processing for: volya
2025-08-01 20:55:32 - Client info: , Platform: Windows, Groups: 14,377
2025-08-01 20:55:32 - Adding platform group 278 for client volya - SUCCESS
2025-08-01 20:55:59 - clientPlatform processing for: sameqqq
2025-08-01 20:55:59 - Client info: , Platform: Windows, Groups: 17,377
2025-08-01 20:55:59 - Adding platform group 278 for client sameqqq - SUCCESS
2025-08-01 20:56:49 - clientPlatform processing for: elges
2025-08-01 20:56:49 - Client info: , Platform: Windows, Groups: 264,377
2025-08-01 20:56:49 - Adding platform group 278 for client elges - SUCCESS
2025-08-01 20:56:54 - clientPlatform processing for: Seikawa
2025-08-01 20:56:54 - Client info: , Platform: Windows, Groups: 11,377
2025-08-01 20:56:54 - Adding platform group 278 for client Seikawa - SUCCESS
2025-08-01 20:59:16 - clientPlatform processing for: Froll1
2025-08-01 20:59:16 - Client info: , Platform: Windows, Groups: 265,377
2025-08-01 20:59:16 - Adding platform group 278 for client Froll1 - SUCCESS
2025-08-01 21:00:14 - clientPlatform processing for: TeamSpeakUser2
2025-08-01 21:00:14 - Client info: , Platform: Windows, Groups: 264,377
2025-08-01 21:00:15 - Adding platform group 278 for client TeamSpeakUser2 - SUCCESS
2025-08-01 21:03:27 - clientPlatform processing for: JustBrainRU
2025-08-01 21:03:27 - Client info: , Platform: Windows, Groups: 265,377
2025-08-01 21:03:27 - Adding platform group 278 for client JustBrainRU - SUCCESS
2025-08-01 21:03:54 - clientPlatform processing for: GENERAL MOTORS
2025-08-01 21:03:54 - Client info: , Platform: Windows, Groups: 266,377
2025-08-01 21:03:54 - Adding platform group 278 for client GENERAL MOTORS - SUCCESS
2025-08-01 21:04:43 - clientPlatform processing for: billy nogami
2025-08-01 21:04:43 - Client info: , Platform: Windows, Groups: 266,377
2025-08-01 21:04:43 - Adding platform group 278 for client billy nogami - SUCCESS
2025-08-01 21:05:18 - clientPlatform processing for: kingg2412
2025-08-01 21:05:18 - Client info: , Platform: Windows, Groups: 265,377
2025-08-01 21:05:18 - Adding platform group 278 for client kingg2412 - SUCCESS
2025-08-01 21:05:52 - clientPlatform processing for: Ghost
2025-08-01 21:05:52 - Client info: , Platform: Windows, Groups: 20,377
2025-08-01 21:05:52 - Adding platform group 278 for client Ghost - SUCCESS
2025-08-01 21:05:57 - clientPlatform processing for: Gosh
2025-08-01 21:05:57 - Client info: , Platform: Windows, Groups: 263,377
2025-08-01 21:05:57 - Adding platform group 278 for client Gosh - SUCCESS
2025-08-01 21:06:04 - clientPlatform processing for: xyecoc
2025-08-01 21:06:04 - Client info: , Platform: Windows, Groups: 17,377
2025-08-01 21:06:04 - Adding platform group 278 for client xyecoc - SUCCESS
2025-08-01 21:06:05 - clientPlatform processing for: _MERS_
2025-08-01 21:06:05 - Client info: , Platform: Windows, Groups: 266,377
2025-08-01 21:06:05 - Adding platform group 278 for client _MERS_ - SUCCESS
2025-08-01 21:06:06 - clientPlatform processing for: _MERS_
2025-08-01 21:06:06 - Client info: , Platform: Windows, Groups: 266,377
2025-08-01 21:06:06 - Group already assigned (detected from error), skipping
2025-08-01 21:06:06 - Adding platform group 278 for client _MERS_ - SUCCESS
2025-08-01 21:06:06 - clientPlatform processing for: _MERS_
2025-08-01 21:06:06 - Client info: , Platform: Windows, Groups: 266,377
2025-08-01 21:06:06 - Group already assigned (detected from error), skipping
2025-08-01 21:06:06 - Adding platform group 278 for client _MERS_ - SUCCESS
2025-08-01 21:06:22 - clientPlatform processing for: __Kharakternik__
2025-08-01 21:06:22 - Client info: , Platform: Windows, Groups: 266,377
2025-08-01 21:06:22 - Adding platform group 278 for client __Kharakternik__ - SUCCESS
2025-08-01 21:06:47 - clientPlatform processing for: x7uned 🌊
2025-08-01 21:06:47 - Client info: , Platform: Windows, Groups: 17,377
2025-08-01 21:06:47 - Adding platform group 278 for client x7uned 🌊 - SUCCESS
2025-08-01 21:07:47 - clientPlatform processing for: -Nano-15
2025-08-01 21:07:47 - Client info: , Platform: Windows, Groups: 265,377
2025-08-01 21:07:47 - Adding platform group 278 for client -Nano-15 - SUCCESS
2025-08-01 21:08:59 - clientPlatform processing for: Сика
2025-08-01 21:08:59 - Client info: , Platform: Windows, Groups: 266,377
2025-08-01 21:08:59 - Adding platform group 278 for client Сика - SUCCESS
2025-08-01 21:09:06 - clientPlatform processing for: INSANE
2025-08-01 21:09:06 - Client info: , Platform: Windows, Groups: 18,377
2025-08-01 21:09:06 - Adding platform group 278 for client INSANE - SUCCESS
2025-08-01 21:09:25 - clientPlatform processing for: billy nogami
2025-08-01 21:09:25 - Client info: , Platform: Windows, Groups: 266,377
2025-08-01 21:09:25 - Adding platform group 278 for client billy nogami - SUCCESS
2025-08-01 21:10:04 - clientPlatform processing for: TeamSpeakUser3
2025-08-01 21:10:04 - Client info: , Platform: Windows, Groups: 11,369
2025-08-01 21:10:04 - Adding platform group 278 for client TeamSpeakUser3 - SUCCESS
2025-08-01 21:11:08 - clientPlatform processing for: AlexQc
2025-08-01 21:11:08 - Client info: , Platform: Windows, Groups: 266,377
2025-08-01 21:11:08 - Adding platform group 278 for client AlexQc - SUCCESS
2025-08-01 21:11:09 - clientPlatform processing for: REV
2025-08-01 21:11:09 - Client info: , Platform: Windows, Groups: 17,377
2025-08-01 21:11:09 - Adding platform group 278 for client REV - SUCCESS
2025-08-01 21:11:11 - clientPlatform processing for: REV
2025-08-01 21:11:11 - Client info: , Platform: Windows, Groups: 17,377
2025-08-01 21:11:11 - Group already assigned (detected from error), skipping
2025-08-01 21:11:11 - Adding platform group 278 for client REV - SUCCESS
2025-08-01 21:11:13 - clientPlatform processing for: REV
2025-08-01 21:11:13 - Client info: , Platform: Windows, Groups: 17,377
2025-08-01 21:11:13 - Group already assigned (detected from error), skipping
2025-08-01 21:11:13 - Adding platform group 278 for client REV - SUCCESS
2025-08-01 21:13:26 - clientPlatform processing for: I_XaSkI_I
2025-08-01 21:13:26 - Client info: , Platform: Windows, Groups: 17,377
2025-08-01 21:13:26 - Adding platform group 278 for client I_XaSkI_I - SUCCESS
2025-08-01 21:14:25 - clientPlatform processing for: Almas1k
2025-08-01 21:14:25 - Client info: , Platform: Windows, Groups: 266,377
2025-08-01 21:14:25 - Adding platform group 278 for client Almas1k - SUCCESS
2025-08-01 21:17:46 - clientPlatform processing for: Farzelot
2025-08-01 21:17:46 - Client info: , Platform: Windows, Groups: 15,377
2025-08-01 21:17:46 - Adding platform group 278 for client Farzelot - SUCCESS
2025-08-01 21:17:47 - clientPlatform processing for: вапваимс
2025-08-01 21:17:47 - Client info: , Platform: Windows, Groups: 266,377
2025-08-01 21:17:47 - Adding platform group 278 for client вапваимс - SUCCESS
2025-08-01 21:17:48 - clientPlatform processing for: вапваимс
2025-08-01 21:17:48 - Client info: , Platform: Windows, Groups: 266,377
2025-08-01 21:17:48 - Group already assigned (detected from error), skipping
2025-08-01 21:17:48 - Adding platform group 278 for client вапваимс - SUCCESS
2025-08-01 21:17:48 - clientPlatform processing for: вапваимс
2025-08-01 21:17:48 - Client info: , Platform: Windows, Groups: 266,377
2025-08-01 21:17:48 - Group already assigned (detected from error), skipping
2025-08-01 21:17:48 - Adding platform group 278 for client вапваимс - SUCCESS
2025-08-01 21:18:10 - clientPlatform processing for: Suwoxy
2025-08-01 21:18:10 - Client info: , Platform: Windows, Groups: 265,377
2025-08-01 21:18:10 - Adding platform group 278 for client Suwoxy - SUCCESS
2025-08-01 21:18:18 - clientPlatform processing for: clement1ne-
2025-08-01 21:18:18 - Client info: , Platform: Windows, Groups: 15,377
2025-08-01 21:18:18 - Adding platform group 278 for client clement1ne- - SUCCESS
2025-08-01 21:18:45 - clientPlatform processing for: forza
2025-08-01 21:18:45 - Client info: , Platform: Windows, Groups: 11,377
2025-08-01 21:18:45 - Adding platform group 278 for client forza - SUCCESS
2025-08-01 21:18:53 - clientPlatform processing for: Mr.Shahery
2025-08-01 21:18:53 - Client info: , Platform: Windows, Groups: 8,369
2025-08-01 21:18:53 - Adding platform group 278 for client Mr.Shahery - SUCCESS
2025-08-01 21:23:08 - clientPlatform processing for: XandeRMeisteR
2025-08-01 21:23:08 - Client info: , Platform: Windows, Groups: 266,377
2025-08-01 21:23:08 - Adding platform group 278 for client XandeRMeisteR - SUCCESS
2025-08-01 21:24:52 - clientPlatform processing for: dydek10master
2025-08-01 21:24:52 - Client info: , Platform: Windows, Groups: 17,377
2025-08-01 21:24:52 - Adding platform group 278 for client dydek10master - SUCCESS
2025-08-01 21:25:13 - clientPlatform processing for: EdoTama888
2025-08-01 21:25:13 - Client info: , Platform: Windows, Groups: 14,377
2025-08-01 21:25:13 - Adding platform group 278 for client EdoTama888 - SUCCESS
2025-08-01 21:29:46 - clientPlatform processing for: kkayzzer
2025-08-01 21:29:46 - Client info: , Platform: Windows, Groups: 14,377
2025-08-01 21:29:46 - Adding platform group 278 for client kkayzzer - SUCCESS
2025-08-01 21:31:31 - clientPlatform processing for: Seikawa
2025-08-01 21:31:31 - Client info: , Platform: Windows, Groups: 11,377
2025-08-01 21:31:31 - Adding platform group 278 for client Seikawa - SUCCESS
2025-08-01 21:33:10 - clientPlatform processing for: TEANZUS
2025-08-01 21:33:10 - Client info: , Platform: Windows, Groups: 13,377
2025-08-01 21:33:10 - Adding platform group 278 for client TEANZUS - SUCCESS
2025-08-01 21:34:22 - clientPlatform processing for: Musto
2025-08-01 21:34:22 - Client info: , Platform: Windows, Groups: 17,285,377
2025-08-01 21:34:22 - Adding platform group 278 for client Musto - SUCCESS
2025-08-01 21:35:02 - clientPlatform processing for: Musto
2025-08-01 21:35:02 - Client info: , Platform: Windows, Groups: 17,285,377
2025-08-01 21:35:02 - Adding platform group 278 for client Musto - SUCCESS
2025-08-01 21:35:42 - clientPlatform processing for: b1t1x
2025-08-01 21:35:42 - Client info: , Platform: Windows, Groups: 266,377
2025-08-01 21:35:42 - Adding platform group 278 for client b1t1x - SUCCESS
2025-08-01 21:36:18 - clientPlatform processing for: rowdy
2025-08-01 21:36:18 - Client info: , Platform: Windows, Groups: 14,377
2025-08-01 21:36:18 - Adding platform group 278 for client rowdy - SUCCESS
2025-08-01 21:36:44 - clientPlatform processing for: Yusoso
2025-08-01 21:36:44 - Client info: , Platform: Windows, Groups: 264,377
2025-08-01 21:36:44 - Adding platform group 278 for client Yusoso - SUCCESS
2025-08-01 21:36:51 - clientPlatform processing for: TeamSpeakUser4
2025-08-01 21:36:51 - Client info: , Platform: Windows, Groups: 7
2025-08-01 21:36:51 - Adding platform group 278 for client TeamSpeakUser4 - SUCCESS
2025-08-01 21:37:32 - clientPlatform processing for: Pryanya
2025-08-01 21:37:32 - Client info: , Platform: Windows, Groups: 264,377
2025-08-01 21:37:32 - Adding platform group 278 for client Pryanya - SUCCESS
2025-08-01 21:38:29 - clientPlatform processing for: Nghtly
2025-08-01 21:38:29 - Client info: , Platform: Windows, Groups: 7
2025-08-01 21:38:29 - Adding platform group 278 for client Nghtly - SUCCESS
2025-08-01 21:38:36 - clientPlatform processing for: Brazilian Farmer
2025-08-01 21:38:36 - Client info: , Platform: Windows, Groups: 8,369
2025-08-01 21:38:36 - Adding platform group 278 for client Brazilian Farmer - SUCCESS
2025-08-01 21:39:58 - clientPlatform processing for: Dumina
2025-08-01 21:39:58 - Client info: , Platform: Windows, Groups: 20,377
2025-08-01 21:39:58 - Adding platform group 278 for client Dumina - SUCCESS
2025-08-01 21:40:38 - clientPlatform processing for: 1nF0s
2025-08-01 21:40:38 - Client info: , Platform: Windows, Groups: 264,377
2025-08-01 21:40:38 - Adding platform group 278 for client 1nF0s - SUCCESS
2025-08-01 21:42:43 - clientPlatform processing for: ALPHA
2025-08-01 21:42:43 - Client info: , Platform: Windows, Groups: 14,377
2025-08-01 21:42:43 - Adding platform group 278 for client ALPHA - SUCCESS
2025-08-01 21:44:24 - clientPlatform processing for: mostafa
2025-08-01 21:44:24 - Client info: , Platform: Windows, Groups: 266,377
2025-08-01 21:44:24 - Adding platform group 278 for client mostafa - SUCCESS
2025-08-01 21:45:33 - clientPlatform processing for: ALPHA
2025-08-01 21:45:33 - Client info: , Platform: Windows, Groups: 14,377
2025-08-01 21:45:33 - Adding platform group 278 for client ALPHA - SUCCESS
2025-08-01 21:48:39 - clientPlatform processing for: kkayzzer
2025-08-01 21:48:39 - Client info: , Platform: Windows, Groups: 14,377
2025-08-01 21:48:39 - Adding platform group 278 for client kkayzzer - SUCCESS
2025-08-01 21:51:37 - clientPlatform processing for: TeamSpeakUser
2025-08-01 21:51:37 - Client info: , Platform: Windows, Groups: 266,377
2025-08-01 21:51:37 - Adding platform group 278 for client TeamSpeakUser - SUCCESS
2025-08-01 21:51:58 - clientPlatform processing for: TeamSpeakUser4
2025-08-01 21:51:58 - Client info: , Platform: Windows, Groups: 10,369
2025-08-01 21:51:58 - Adding platform group 278 for client TeamSpeakUser4 - SUCCESS
2025-08-01 21:54:00 - clientPlatform processing for: sima
2025-08-01 21:54:00 - Client info: , Platform: Windows, Groups: 12,377
2025-08-01 21:54:00 - Adding platform group 278 for client sima - SUCCESS
2025-08-01 21:54:17 - clientPlatform processing for: 1nF0s
2025-08-01 21:54:17 - Client info: , Platform: Windows, Groups: 264,377
2025-08-01 21:54:17 - Adding platform group 278 for client 1nF0s - SUCCESS
2025-08-01 21:54:32 - clientPlatform processing for: motadbicar
2025-08-01 21:54:32 - Client info: , Platform: Windows, Groups: 13,377
2025-08-01 21:54:32 - Adding platform group 278 for client motadbicar - SUCCESS
2025-08-01 21:55:14 - clientPlatform processing for: 6love
2025-08-01 21:55:14 - Client info: , Platform: Windows, Groups: 8,369
2025-08-01 21:55:14 - Adding platform group 278 for client 6love - SUCCESS
2025-08-01 21:55:53 - clientPlatform processing for: -ipq
2025-08-01 21:55:53 - Client info: , Platform: Windows, Groups: 14,377
2025-08-01 21:55:53 - Adding platform group 278 for client -ipq - SUCCESS
2025-08-01 21:56:12 - clientPlatform processing for: b1t1x
2025-08-01 21:56:12 - Client info: , Platform: Windows, Groups: 266,377
2025-08-01 21:56:12 - Adding platform group 278 for client b1t1x - SUCCESS
2025-08-01 21:57:43 - clientPlatform processing for: mishechcat
2025-08-01 21:57:43 - Client info: , Platform: iOS, Groups: 12,377
2025-08-01 21:57:43 - Adding platform group 281 for client mishechcat - SUCCESS
2025-08-01 21:58:21 - clientPlatform processing for: mmd senator
2025-08-01 21:58:21 - Client info: , Platform: Windows, Groups: 12,377
2025-08-01 21:58:21 - Adding platform group 278 for client mmd senator - SUCCESS
2025-08-01 22:00:29 - clientPlatform processing for: kompot1k
2025-08-01 22:00:29 - Client info: , Platform: Windows, Groups: 266,377
2025-08-01 22:00:30 - Adding platform group 278 for client kompot1k - SUCCESS
2025-08-01 22:00:48 - clientPlatform processing for: Medo
2025-08-01 22:00:48 - Client info: , Platform: Windows, Groups: 12,377
2025-08-01 22:00:48 - Adding platform group 278 for client Medo - SUCCESS
2025-08-01 22:00:54 - clientPlatform processing for: Lazy_Eagle
2025-08-01 22:00:54 - Client info: , Platform: Windows, Groups: 263,377
2025-08-01 22:00:54 - Adding platform group 278 for client Lazy_Eagle - SUCCESS
2025-08-01 22:03:09 - clientPlatform processing for: Max000n
2025-08-01 22:03:09 - Client info: , Platform: Windows, Groups: 11,377
2025-08-01 22:03:09 - Adding platform group 278 for client Max000n - SUCCESS
2025-08-01 22:03:49 - clientPlatform processing for: Angelo
2025-08-01 22:03:49 - Client info: , Platform: Windows, Groups: 14,377
2025-08-01 22:03:49 - Adding platform group 278 for client Angelo - SUCCESS
2025-08-01 22:07:40 - clientPlatform processing for: aswee-
2025-08-01 22:07:40 - Client info: , Platform: Windows, Groups: 7
2025-08-01 22:07:40 - Adding platform group 278 for client aswee- - SUCCESS
2025-08-01 22:08:36 - clientPlatform processing for: sajjad
2025-08-01 22:08:36 - Client info: , Platform: Windows, Groups: 266,377
2025-08-01 22:08:36 - Adding platform group 278 for client sajjad - SUCCESS
2025-08-01 22:09:19 - clientPlatform processing for: kkayzzer
2025-08-01 22:09:19 - Client info: , Platform: Windows, Groups: 14,377
2025-08-01 22:09:19 - Adding platform group 278 for client kkayzzer - SUCCESS
2025-08-01 22:10:53 - clientPlatform processing for: LoVeR21
2025-08-01 22:10:53 - Client info: , Platform: Windows, Groups: 9,369
2025-08-01 22:10:53 - Adding platform group 278 for client LoVeR21 - SUCCESS
2025-08-01 22:11:25 - clientPlatform processing for: mevlutozkara
2025-08-01 22:11:25 - Client info: , Platform: Windows, Groups: 266,377
2025-08-01 22:11:25 - Adding platform group 278 for client mevlutozkara - SUCCESS
2025-08-01 22:11:32 - clientPlatform processing for: motadbicar
2025-08-01 22:11:32 - Client info: , Platform: Windows, Groups: 13,377
2025-08-01 22:11:32 - Adding platform group 278 for client motadbicar - SUCCESS
2025-08-01 22:13:24 - clientPlatform processing for: maksik
2025-08-01 22:13:24 - Client info: , Platform: Windows, Groups: 265,377
2025-08-01 22:13:24 - Adding platform group 278 for client maksik - SUCCESS
2025-08-01 22:13:36 - clientPlatform processing for: TEANZUS
2025-08-01 22:13:36 - Client info: , Platform: Windows, Groups: 13,377
2025-08-01 22:13:36 - Adding platform group 278 for client TEANZUS - SUCCESS
2025-08-01 22:16:15 - clientPlatform processing for: aswee-
2025-08-01 22:16:15 - Client info: , Platform: Windows, Groups: 8,369
2025-08-01 22:16:15 - Adding platform group 278 for client aswee- - SUCCESS
2025-08-01 22:17:25 - clientPlatform processing for: SNAC-Ahmet
2025-08-01 22:17:25 - Client info: , Platform: Windows, Groups: 266,377
2025-08-01 22:17:25 - Adding platform group 278 for client SNAC-Ahmet - SUCCESS
2025-08-01 22:18:28 - clientPlatform processing for: alpha231
2025-08-01 22:18:28 - Client info: , Platform: Windows, Groups: 8,369
2025-08-01 22:18:28 - Adding platform group 278 for client alpha231 - SUCCESS
2025-08-01 22:18:38 - clientPlatform processing for: LoVeR21
2025-08-01 22:18:38 - Client info: , Platform: Windows, Groups: 9,369
2025-08-01 22:18:38 - Adding platform group 278 for client LoVeR21 - SUCCESS
2025-08-01 22:19:25 - clientPlatform processing for: PipkaOtca
2025-08-01 22:19:25 - Client info: , Platform: Windows, Groups: 266,377
2025-08-01 22:19:25 - Adding platform group 278 for client PipkaOtca - SUCCESS
2025-08-01 22:20:45 - clientPlatform processing for: PastA1
2025-08-01 22:20:45 - Client info: , Platform: Windows, Groups: 18,377
2025-08-01 22:20:45 - Adding platform group 278 for client PastA1 - SUCCESS
2025-08-01 22:21:00 - clientPlatform processing for: wilson
2025-08-01 22:21:00 - Client info: , Platform: Windows, Groups: 17,265,377
2025-08-01 22:21:00 - Adding platform group 278 for client wilson - SUCCESS
2025-08-01 22:21:16 - clientPlatform processing for: astraiser
2025-08-01 22:21:16 - Client info: , Platform: Windows, Groups: 263,377
2025-08-01 22:21:16 - Adding platform group 278 for client astraiser - SUCCESS
2025-08-01 22:22:16 - clientPlatform processing for: nkzd
2025-08-01 22:22:16 - Client info: , Platform: Windows, Groups: 266,377
2025-08-01 22:22:16 - Adding platform group 278 for client nkzd - SUCCESS
2025-08-01 22:25:40 - clientPlatform processing for: PipkaOtca
2025-08-01 22:25:40 - Client info: , Platform: Windows, Groups: 266,377
2025-08-01 22:25:40 - Adding platform group 278 for client PipkaOtca - SUCCESS
2025-08-01 22:27:55 - clientPlatform processing for: REV
2025-08-01 22:27:55 - Client info: , Platform: Windows, Groups: 17,377
2025-08-01 22:27:55 - Adding platform group 278 for client REV - SUCCESS
2025-08-01 22:29:05 - clientPlatform processing for: JhoNNzTR
2025-08-01 22:29:05 - Client info: , Platform: Windows, Groups: 13,377
2025-08-01 22:29:05 - Adding platform group 278 for client JhoNNzTR - SUCCESS
2025-08-01 22:29:53 - clientPlatform processing for: TeamSpeakUser
2025-08-01 22:29:54 - Client info: , Platform: Windows, Groups: 266,377
2025-08-01 22:29:54 - Adding platform group 278 for client TeamSpeakUser - SUCCESS
2025-08-01 22:30:39 - clientPlatform processing for: SoLi
2025-08-01 22:30:39 - Client info: , Platform: Windows, Groups: 7
2025-08-01 22:30:40 - Adding platform group 278 for client SoLi - SUCCESS
2025-08-01 22:31:45 - clientPlatform processing for: VOLK
2025-08-01 22:31:45 - Client info: , Platform: Windows, Groups: 12,377
2025-08-01 22:31:45 - Adding platform group 278 for client VOLK - SUCCESS
2025-08-01 22:31:57 - clientPlatform processing for: TeamSpeakUser
2025-08-01 22:31:57 - Client info: , Platform: Windows, Groups: 266,377
2025-08-01 22:31:57 - Adding platform group 278 for client TeamSpeakUser - SUCCESS
2025-08-01 22:34:28 - clientPlatform processing for: Odak
2025-08-01 22:34:28 - Client info: , Platform: Windows, Groups: 13,377
2025-08-01 22:34:28 - Adding platform group 278 for client Odak - SUCCESS
2025-08-01 22:34:56 - clientPlatform processing for: Rix
2025-08-01 22:34:56 - Client info: , Platform: Windows, Groups: 266,377
2025-08-01 22:34:56 - Adding platform group 278 for client Rix - SUCCESS
2025-08-01 22:35:12 - clientPlatform processing for: Globelit
2025-08-01 22:35:12 - Client info: , Platform: Windows, Groups: 12,377
2025-08-01 22:35:12 - Adding platform group 278 for client Globelit - SUCCESS
2025-08-01 22:37:33 - clientPlatform processing for: Prizzrak
2025-08-01 22:37:33 - Client info: , Platform: Windows, Groups: 13,377
2025-08-01 22:37:33 - Adding platform group 278 for client Prizzrak - SUCCESS
2025-08-01 22:38:20 - clientPlatform processing for: JhoNNzTR
2025-08-01 22:38:20 - Client info: , Platform: Windows, Groups: 13,377
2025-08-01 22:38:20 - Adding platform group 278 for client JhoNNzTR - SUCCESS
2025-08-01 22:38:31 - clientPlatform processing for: Skay
2025-08-01 22:38:31 - Client info: , Platform: Windows, Groups: 7
2025-08-01 22:38:31 - Adding platform group 278 for client Skay - SUCCESS
2025-08-01 22:38:56 - clientPlatform processing for: Skay
2025-08-01 22:38:56 - Client info: , Platform: Windows, Groups: 8,369
2025-08-01 22:38:56 - Adding platform group 278 for client Skay - SUCCESS
2025-08-01 22:39:21 - clientPlatform processing for: YRembo
2025-08-01 22:39:21 - Client info: , Platform: Windows, Groups: 11,377
2025-08-01 22:39:21 - Adding platform group 278 for client YRembo - SUCCESS
2025-08-01 22:40:06 - clientPlatform processing for: Swepliix
2025-08-01 22:40:06 - Client info: , Platform: Windows, Groups: 13,377
2025-08-01 22:40:06 - Adding platform group 278 for client Swepliix - SUCCESS
2025-08-01 22:40:26 - clientPlatform processing for: forza
2025-08-01 22:40:26 - Client info: , Platform: Windows, Groups: 11,377
2025-08-01 22:40:26 - Adding platform group 278 for client forza - SUCCESS
2025-08-01 22:41:04 - clientPlatform processing for: TeamSpeakUser1
2025-08-01 22:41:04 - Client info: , Platform: Windows, Groups: 11,377
2025-08-01 22:41:04 - Adding platform group 278 for client TeamSpeakUser1 - SUCCESS
2025-08-01 22:41:41 - clientPlatform processing for: TeamSpeakUser4
2025-08-01 22:41:41 - Client info: , Platform: Windows, Groups: 8,369
2025-08-01 22:41:41 - Adding platform group 278 for client TeamSpeakUser4 - SUCCESS
2025-08-01 22:43:56 - clientPlatform processing for: dolv1
2025-08-01 22:43:56 - Client info: , Platform: Windows, Groups: 266,377
2025-08-01 22:43:56 - Adding platform group 278 for client dolv1 - SUCCESS
2025-08-01 22:44:20 - clientPlatform processing for: TeamSpeakUser1
2025-08-01 22:44:20 - Client info: , Platform: Windows, Groups: 11,377
2025-08-01 22:44:20 - Adding platform group 278 for client TeamSpeakUser1 - SUCCESS
2025-08-01 22:46:00 - clientPlatform processing for: Bordoking
2025-08-01 22:46:00 - Client info: , Platform: Windows, Groups: 13,377
2025-08-01 22:46:00 - Adding platform group 278 for client Bordoking - SUCCESS
2025-08-01 22:47:11 - clientPlatform processing for: kappanda01
2025-08-01 22:47:11 - Client info: , Platform: Windows, Groups: 12,377
2025-08-01 22:47:11 - Adding platform group 278 for client kappanda01 - SUCCESS
2025-08-01 22:50:13 - clientPlatform processing for: NightStalker
2025-08-01 22:50:13 - Client info: , Platform: Windows, Groups: 11,377
2025-08-01 22:50:13 - Adding platform group 278 for client NightStalker - SUCCESS
2025-08-01 22:51:32 - clientPlatform processing for: Almas1k
2025-08-01 22:51:32 - Client info: , Platform: Windows, Groups: 266,377
2025-08-01 22:51:32 - Adding platform group 278 for client Almas1k - SUCCESS
2025-08-01 22:51:41 - clientPlatform processing for: Ballack
2025-08-01 22:51:41 - Client info: , Platform: Windows, Groups: 11,377
2025-08-01 22:51:41 - Adding platform group 278 for client Ballack - SUCCESS
2025-08-01 22:53:17 - clientPlatform processing for: maksik
2025-08-01 22:53:17 - Client info: , Platform: Windows, Groups: 265,377
2025-08-01 22:53:17 - Adding platform group 278 for client maksik - SUCCESS
2025-08-01 22:53:58 - clientPlatform processing for: YRembo
2025-08-01 22:53:58 - Client info: , Platform: Windows, Groups: 11,377
2025-08-01 22:53:58 - Adding platform group 278 for client YRembo - SUCCESS
2025-08-01 22:57:56 - clientPlatform processing for: theslayercroute
2025-08-01 22:57:56 - Client info: , Platform: Windows, Groups: 266,377
2025-08-01 22:57:56 - Adding platform group 278 for client theslayercroute - SUCCESS
2025-08-01 22:59:31 - clientPlatform processing for: am1rR6
2025-08-01 22:59:31 - Client info: , Platform: Windows, Groups: 11,377
2025-08-01 22:59:31 - Adding platform group 278 for client am1rR6 - SUCCESS
2025-08-01 23:01:21 - clientPlatform processing for: nokar
2025-08-01 23:01:21 - Client info: , Platform: Windows, Groups: 11,377
2025-08-01 23:01:21 - Adding platform group 278 for client nokar - SUCCESS
2025-08-01 23:01:27 - clientPlatform processing for: marsikkkkk
2025-08-01 23:01:27 - Client info: , Platform: Windows, Groups: 11,377
2025-08-01 23:01:27 - Adding platform group 278 for client marsikkkkk - SUCCESS
2025-08-01 23:02:48 - clientPlatform processing for: __illlia__
2025-08-01 23:02:48 - Client info: , Platform: iOS, Groups: 266,377
2025-08-01 23:02:48 - Adding platform group 281 for client __illlia__ - SUCCESS
2025-08-01 23:03:58 - clientPlatform processing for: REV
2025-08-01 23:03:58 - Client info: , Platform: Windows, Groups: 17,377
2025-08-01 23:03:58 - Adding platform group 278 for client REV - SUCCESS
2025-08-01 23:04:35 - clientPlatform processing for: Swepliix
2025-08-01 23:04:35 - Client info: , Platform: Windows, Groups: 13,377
2025-08-01 23:04:35 - Adding platform group 278 for client Swepliix - SUCCESS
2025-08-01 23:07:42 - clientPlatform processing for: I_XaSkI_I
2025-08-01 23:07:42 - Client info: , Platform: Windows, Groups: 17,377
2025-08-01 23:07:42 - Adding platform group 278 for client I_XaSkI_I - SUCCESS
2025-08-01 23:11:12 - clientPlatform processing for: maksik
2025-08-01 23:11:12 - Client info: , Platform: Windows, Groups: 265,377
2025-08-01 23:11:12 - Adding platform group 278 for client maksik - SUCCESS
2025-08-01 23:14:13 - clientPlatform processing for: Siros333
2025-08-01 23:14:13 - Client info: , Platform: Windows, Groups: 12,377
2025-08-01 23:14:13 - Adding platform group 278 for client Siros333 - SUCCESS
2025-08-01 23:14:49 - clientPlatform processing for: ARTAdort
2025-08-01 23:14:49 - Client info: , Platform: Android, Groups: 12,377
2025-08-01 23:14:49 - Adding platform group 282 for client ARTAdort - SUCCESS
2025-08-01 23:15:24 - clientPlatform processing for: ARTAhier
2025-08-01 23:15:24 - Client info: , Platform: Windows, Groups: 12,377
2025-08-01 23:15:24 - Adding platform group 278 for client ARTAhier - SUCCESS
2025-08-01 23:19:50 - clientPlatform processing for: FlavianFCP
2025-08-01 23:19:50 - Client info: , Platform: Windows, Groups: 12,377
2025-08-01 23:19:50 - Adding platform group 278 for client FlavianFCP - SUCCESS
2025-08-01 23:22:18 - clientPlatform processing for: Alex0807
2025-08-01 23:22:18 - Client info: , Platform: Windows, Groups: 13,377
2025-08-01 23:22:18 - Adding platform group 278 for client Alex0807 - SUCCESS
2025-08-01 23:23:40 - clientPlatform processing for: makpyn
2025-08-01 23:23:40 - Client info: , Platform: Windows, Groups: 266,377
2025-08-01 23:23:40 - Adding platform group 278 for client makpyn - SUCCESS
2025-08-01 23:23:41 - clientPlatform processing for: Vectorial
2025-08-01 23:23:41 - Client info: , Platform: Windows, Groups: 11,369
2025-08-01 23:23:41 - Adding platform group 278 for client Vectorial - SUCCESS
2025-08-01 23:23:42 - clientPlatform processing for: Vectorial
2025-08-01 23:23:42 - Client info: , Platform: Windows, Groups: 11,369
2025-08-01 23:23:42 - Group already assigned (detected from error), skipping
2025-08-01 23:23:42 - Adding platform group 278 for client Vectorial - SUCCESS
2025-08-01 23:23:42 - clientPlatform processing for: Vectorial
2025-08-01 23:23:42 - Client info: , Platform: Windows, Groups: 11,369
2025-08-01 23:23:42 - Group already assigned (detected from error), skipping
2025-08-01 23:23:42 - Adding platform group 278 for client Vectorial - SUCCESS
2025-08-01 23:23:46 - clientPlatform processing for: motadbicar
2025-08-01 23:23:46 - Client info: , Platform: Windows, Groups: 13,377
2025-08-01 23:23:46 - Adding platform group 278 for client motadbicar - SUCCESS
2025-08-01 23:28:14 - clientPlatform processing for: Globelit
2025-08-01 23:28:14 - Client info: , Platform: Windows, Groups: 12,377
2025-08-01 23:28:14 - Adding platform group 278 for client Globelit - SUCCESS
2025-08-01 23:32:25 - clientPlatform processing for: Globelit
2025-08-01 23:32:25 - Client info: , Platform: Windows, Groups: 12,377
2025-08-01 23:32:25 - Adding platform group 278 for client Globelit - SUCCESS
2025-08-01 23:36:08 - clientPlatform processing for: JannnNNN
2025-08-01 23:36:08 - Client info: , Platform: Windows, Groups: 13,377
2025-08-01 23:36:08 - Adding platform group 278 for client JannnNNN - SUCCESS
2025-08-01 23:37:33 - clientPlatform processing for: F4funder
2025-08-01 23:37:33 - Client info: , Platform: Windows, Groups: 17,377
2025-08-01 23:37:33 - Adding platform group 278 for client F4funder - SUCCESS
2025-08-01 23:39:45 - clientPlatform processing for: KAYMAKAM
2025-08-01 23:39:45 - Client info: , Platform: Windows, Groups: 266,377
2025-08-01 23:39:45 - Adding platform group 278 for client KAYMAKAM - SUCCESS
2025-08-01 23:44:49 - clientPlatform processing for: devl
2025-08-01 23:44:49 - Client info: , Platform: Windows, Groups: 266,377
2025-08-01 23:44:49 - Adding platform group 278 for client devl - SUCCESS
2025-08-01 23:47:16 - clientPlatform processing for: Alex0807
2025-08-01 23:47:16 - Client info: , Platform: Windows, Groups: 13,377
2025-08-01 23:47:16 - Adding platform group 278 for client Alex0807 - SUCCESS
2025-08-01 23:48:49 - clientPlatform processing for: haajiton
2025-08-01 23:48:49 - Client info: , Platform: Windows, Groups: 11,377
2025-08-01 23:48:49 - Adding platform group 278 for client haajiton - SUCCESS
2025-08-01 23:49:21 - clientPlatform processing for: TeamSpeakUser3
2025-08-01 23:49:21 - Client info: , Platform: Windows, Groups: 10,369
2025-08-01 23:49:21 - Adding platform group 278 for client TeamSpeakUser3 - SUCCESS
2025-08-01 23:50:18 - clientPlatform processing for: 1.6fsidertpaket
2025-08-01 23:50:18 - Client info: , Platform: Windows, Groups: 266,377
2025-08-01 23:50:18 - Adding platform group 278 for client 1.6fsidertpaket - SUCCESS
2025-08-01 23:52:09 - clientPlatform processing for: ahmetakzm
2025-08-01 23:52:09 - Client info: , Platform: Windows, Groups: 264,377
2025-08-01 23:52:09 - Adding platform group 278 for client ahmetakzm - SUCCESS
2025-08-01 23:52:52 - clientPlatform processing for: maksik
2025-08-01 23:52:52 - Client info: , Platform: Windows, Groups: 265,377
2025-08-01 23:52:52 - Adding platform group 278 for client maksik - SUCCESS
2025-08-01 23:52:54 - clientPlatform processing for: JannnNNN
2025-08-01 23:52:54 - Client info: , Platform: Windows, Groups: 13,377
2025-08-01 23:52:54 - Adding platform group 278 for client JannnNNN - SUCCESS
2025-08-01 23:53:14 - clientPlatform processing for: arwenn
2025-08-01 23:53:14 - Client info: , Platform: Windows, Groups: 7
2025-08-01 23:53:14 - Adding platform group 278 for client arwenn - SUCCESS
2025-08-01 23:53:36 - clientPlatform processing for: moco
2025-08-01 23:53:36 - Client info: , Platform: Windows, Groups: 7
2025-08-01 23:53:36 - Adding platform group 278 for client moco - SUCCESS
2025-08-01 23:56:28 - clientPlatform processing for: arwenn
2025-08-01 23:56:28 - Client info: , Platform: Windows, Groups: 8,369
2025-08-01 23:56:28 - Adding platform group 278 for client arwenn - SUCCESS
2025-08-01 23:58:19 - clientPlatform processing for: BobFaruk
2025-08-01 23:58:19 - Client info: , Platform: Windows, Groups: 14,377
2025-08-01 23:58:19 - Adding platform group 278 for client BobFaruk - SUCCESS
