2025-08-15 00:00:00 - clientPlatform processing for: TeamSpeakUser2
2025-08-15 00:00:00 - Client info: , Platform: Windows, Groups: 12,377
2025-08-15 00:00:00 - Adding platform group 278 for client TeamSpeakUser2 - SUCCESS
2025-08-15 00:02:43 - clientPlatform processing for: I.am.Atomic
2025-08-15 00:02:43 - Client info: , Platform: Windows, Groups: 264,377
2025-08-15 00:02:43 - Adding platform group 278 for client I.am.Atomic - SUCCESS
2025-08-15 00:10:31 - clientPlatform processing for: kızlıkbozan33
2025-08-15 00:10:31 - Client info: , Platform: Windows, Groups: 266,377
2025-08-15 00:10:31 - Adding platform group 278 for client kızlıkbozan33 - SUCCESS
2025-08-15 00:15:34 - clientPlatform processing for: poo
2025-08-15 00:15:34 - Client info: , Platform: Windows, Groups: 13,377
2025-08-15 00:15:34 - Adding platform group 278 for client poo - SUCCESS
2025-08-15 00:16:15 - clientPlatform processing for: kızlıkbozan33
2025-08-15 00:16:15 - Client info: , Platform: Windows, Groups: 266,377
2025-08-15 00:16:15 - Adding platform group 278 for client kızlıkbozan33 - SUCCESS
2025-08-15 00:22:54 - clientPlatform processing for: kızlıkbozan33
2025-08-15 00:22:54 - Client info: , Platform: Windows, Groups: 266,377
2025-08-15 00:22:54 - Adding platform group 278 for client kızlıkbozan33 - SUCCESS
2025-08-15 00:26:58 - clientPlatform processing for: tenshin_non
2025-08-15 00:26:58 - Client info: , Platform: Windows, Groups: 18,377
2025-08-15 00:26:58 - Adding platform group 278 for client tenshin_non - SUCCESS
2025-08-15 00:30:30 - clientPlatform processing for: babanız
2025-08-15 00:30:30 - Client info: , Platform: Windows, Groups: 266,377
2025-08-15 00:30:30 - Adding platform group 278 for client babanız - SUCCESS
2025-08-15 00:30:50 - clientPlatform processing for: SEFA
2025-08-15 00:30:50 - Client info: , Platform: Windows, Groups: 12,377
2025-08-15 00:30:50 - Adding platform group 278 for client SEFA - SUCCESS
2025-08-15 00:35:17 - clientPlatform processing for: SYRUSSS
2025-08-15 00:35:17 - Client info: , Platform: Windows, Groups: 263,377
2025-08-15 00:35:17 - Adding platform group 278 for client SYRUSSS - SUCCESS
2025-08-15 00:45:14 - clientPlatform processing for: batuhnn
2025-08-15 00:45:14 - Client info: , Platform: Windows, Groups: 266,377
2025-08-15 00:45:14 - Adding platform group 278 for client batuhnn - SUCCESS
2025-08-15 00:45:42 - clientPlatform processing for: PitcaRNNN``
2025-08-15 00:45:42 - Client info: , Platform: Windows, Groups: 266,377
2025-08-15 00:45:42 - Adding platform group 278 for client PitcaRNNN`` - SUCCESS
2025-08-15 00:51:21 - clientPlatform processing for: 1.6fsidertpaket
2025-08-15 00:51:21 - Client info: , Platform: Windows, Groups: 266,377
2025-08-15 00:51:21 - Adding platform group 278 for client 1.6fsidertpaket - SUCCESS
2025-08-15 00:54:00 - clientPlatform processing for: kaan1
2025-08-15 00:54:00 - Client info: , Platform: Windows, Groups: 13,377
2025-08-15 00:54:00 - Adding platform group 278 for client kaan1 - SUCCESS
2025-08-15 00:54:56 - clientPlatform processing for: TeamSpeakUser2
2025-08-15 00:54:56 - Client info: , Platform: Windows, Groups: 266,377
2025-08-15 00:54:56 - Adding platform group 278 for client TeamSpeakUser2 - SUCCESS
2025-08-15 01:05:29 - clientPlatform processing for: Richard_TH
2025-08-15 01:05:29 - Client info: , Platform: Windows, Groups: 19,377
2025-08-15 01:05:29 - Adding platform group 278 for client Richard_TH - SUCCESS
2025-08-15 01:18:08 - clientPlatform processing for: TeamSpeakUser3
2025-08-15 01:18:08 - Client info: , Platform: Windows, Groups: 7
2025-08-15 01:18:08 - Adding platform group 278 for client TeamSpeakUser3 - SUCCESS
2025-08-15 01:22:14 - clientPlatform processing for: TeamSpeakUser3
2025-08-15 01:22:14 - Client info: , Platform: Windows, Groups: 8,369
2025-08-15 01:22:14 - Adding platform group 278 for client TeamSpeakUser3 - SUCCESS
2025-08-15 01:34:19 - clientPlatform processing for: leanmaradona
2025-08-15 01:34:19 - Client info: , Platform: Windows, Groups: 12,377
2025-08-15 01:34:19 - Adding platform group 278 for client leanmaradona - SUCCESS
2025-08-15 01:35:47 - clientPlatform processing for: Cyrus
2025-08-15 01:35:47 - Client info: , Platform: Windows, Groups: 10,369
2025-08-15 01:35:47 - Adding platform group 278 for client Cyrus - SUCCESS
2025-08-15 01:36:04 - clientPlatform processing for: -Nano-15
2025-08-15 01:36:04 - Client info: , Platform: Windows, Groups: 266,377
2025-08-15 01:36:04 - Adding platform group 278 for client -Nano-15 - SUCCESS
2025-08-15 01:44:21 - clientPlatform processing for: leanmaradona
2025-08-15 01:44:21 - Client info: , Platform: Windows, Groups: 12,377
2025-08-15 01:44:21 - Adding platform group 278 for client leanmaradona - SUCCESS
2025-08-15 01:58:48 - clientPlatform processing for: poo
2025-08-15 01:58:48 - Client info: , Platform: Windows, Groups: 13,377
2025-08-15 01:58:48 - Adding platform group 278 for client poo - SUCCESS
2025-08-15 02:05:17 - clientPlatform processing for: ardoş
2025-08-15 02:05:17 - Client info: , Platform: Windows, Groups: 17,377
2025-08-15 02:05:17 - Adding platform group 278 for client ardoş - SUCCESS
2025-08-15 02:07:26 - clientPlatform processing for: ivo
2025-08-15 02:07:26 - Client info: , Platform: Windows, Groups: 264,377
2025-08-15 02:07:26 - Adding platform group 278 for client ivo - SUCCESS
2025-08-15 02:10:05 - clientPlatform processing for: jajao
2025-08-15 02:10:05 - Client info: , Platform: Windows, Groups: 266,377
2025-08-15 02:10:05 - Adding platform group 278 for client jajao - SUCCESS
2025-08-15 02:31:31 - clientPlatform processing for: kingg2412
2025-08-15 02:31:31 - Client info: , Platform: Windows, Groups: 266,377
2025-08-15 02:31:31 - Adding platform group 278 for client kingg2412 - SUCCESS
2025-08-15 02:31:43 - clientPlatform processing for: kingg2412
2025-08-15 02:31:43 - Client info: , Platform: Windows, Groups: 266,377
2025-08-15 02:31:43 - Adding platform group 278 for client kingg2412 - SUCCESS
2025-08-15 02:32:24 - clientPlatform processing for: kingg2412
2025-08-15 02:32:24 - Client info: , Platform: Windows, Groups: 266,278,313,377,435
2025-08-15 02:32:24 - Client already has platform group 278
2025-08-15 03:10:58 - clientPlatform processing for: ipek
2025-08-15 03:10:58 - Client info: , Platform: Windows, Groups: 7
2025-08-15 03:10:58 - Adding platform group 278 for client ipek - SUCCESS
2025-08-15 03:14:07 - clientPlatform processing for: Beele
2025-08-15 03:14:07 - Client info: , Platform: Windows, Groups: 12,377
2025-08-15 03:14:07 - Adding platform group 278 for client Beele - SUCCESS
2025-08-15 03:29:09 - clientPlatform processing for: Subutay NOYAN
2025-08-15 03:29:09 - Client info: , Platform: Windows, Groups: 266,377
2025-08-15 03:29:09 - Adding platform group 278 for client Subutay NOYAN - SUCCESS
2025-08-15 03:35:21 - clientPlatform processing for: TeamSpeakUser1
2025-08-15 03:35:21 - Client info: , Platform: Windows, Groups: 7
2025-08-15 03:35:21 - Adding platform group 278 for client TeamSpeakUser1 - SUCCESS
2025-08-15 05:20:12 - clientPlatform processing for: TeamSpeakUser1
2025-08-15 05:20:12 - Client info: , Platform: Windows, Groups: 12,377
2025-08-15 05:20:12 - Adding platform group 278 for client TeamSpeakUser1 - SUCCESS
2025-08-15 05:20:20 - clientPlatform processing for: TeamSpeakUser2
2025-08-15 05:20:20 - Client info: , Platform: Windows, Groups: 12,377
2025-08-15 05:20:20 - Adding platform group 278 for client TeamSpeakUser2 - SUCCESS
2025-08-15 05:39:26 - clientPlatform processing for: PEIXE.
2025-08-15 05:39:26 - Client info: , Platform: Windows, Groups: 7
2025-08-15 05:39:26 - Adding platform group 278 for client PEIXE. - SUCCESS
2025-08-15 05:39:38 - clientPlatform processing for: matsoares777
2025-08-15 05:39:38 - Client info: , Platform: Windows, Groups: 9,369
2025-08-15 05:39:38 - Adding platform group 278 for client matsoares777 - SUCCESS
2025-08-15 05:54:21 - clientPlatform processing for: PEIXE.
2025-08-15 05:54:21 - Client info: , Platform: Windows, Groups: 8,369
2025-08-15 05:54:21 - Adding platform group 278 for client PEIXE. - SUCCESS
2025-08-15 08:10:11 - clientPlatform processing for: nox
2025-08-15 08:10:11 - Client info: , Platform: Windows, Groups: 266,377
2025-08-15 08:10:11 - Adding platform group 278 for client nox - SUCCESS
2025-08-15 08:10:27 - clientPlatform processing for: erik
2025-08-15 08:10:27 - Client info: , Platform: Windows, Groups: 266,377
2025-08-15 08:10:27 - Adding platform group 278 for client erik - SUCCESS
2025-08-15 08:52:02 - clientPlatform processing for: Sichselber | André
2025-08-15 08:52:02 - Client info: , Platform: Windows, Groups: 14,377
2025-08-15 08:52:02 - Adding platform group 278 for client Sichselber | André - SUCCESS
2025-08-15 08:54:02 - clientPlatform processing for: ross
2025-08-15 08:54:02 - Client info: , Platform: Windows, Groups: 11,369
2025-08-15 08:54:02 - Adding platform group 278 for client ross - SUCCESS
2025-08-15 08:57:02 - clientPlatform processing for: TeamSpeakUser1
2025-08-15 08:57:02 - Client info: , Platform: Windows, Groups: 14,377
2025-08-15 08:57:02 - Adding platform group 278 for client TeamSpeakUser1 - SUCCESS
2025-08-15 09:30:01 - clientPlatform processing for: Kowismo
2025-08-15 09:30:01 - Client info: , Platform: Windows, Groups: 6,270,377,422
2025-08-15 09:30:01 - Adding platform group 278 for client Kowismo - SUCCESS
2025-08-15 09:43:15 - clientPlatform processing for: 4iff
2025-08-15 09:43:15 - Client info: , Platform: Windows, Groups: 23,377
2025-08-15 09:43:15 - Adding platform group 278 for client 4iff - SUCCESS
2025-08-15 09:45:37 - clientPlatform processing for: dadaok
2025-08-15 09:45:37 - Client info: , Platform: Windows, Groups: 22,377
2025-08-15 09:45:37 - Adding platform group 278 for client dadaok - SUCCESS
2025-08-15 10:04:51 - clientPlatform processing for: kaiizenn
2025-08-15 10:04:51 - Client info: , Platform: Windows, Groups: 27,377,382,399,400,436,437
2025-08-15 10:04:51 - Adding platform group 278 for client kaiizenn - SUCCESS
2025-08-15 11:04:48 - clientPlatform processing for: Боцман777
2025-08-15 11:04:48 - Client info: , Platform: Windows, Groups: 19,377
2025-08-15 11:04:48 - Adding platform group 278 for client Боцман777 - SUCCESS
2025-08-15 11:18:57 - clientPlatform processing for: noice8
2025-08-15 11:18:57 - Client info: , Platform: Windows, Groups: 12,377
2025-08-15 11:18:57 - Adding platform group 278 for client noice8 - SUCCESS
2025-08-15 11:20:57 - clientPlatform processing for: shinigami
2025-08-15 11:20:57 - Client info: , Platform: Windows, Groups: 26,377,381,383,385
2025-08-15 11:20:57 - Adding platform group 278 for client shinigami - SUCCESS
2025-08-15 11:21:01 - clientPlatform processing for: TeamSpeakUser
2025-08-15 11:21:01 - Client info: , Platform: Windows, Groups: 13,377
2025-08-15 11:21:01 - Adding platform group 278 for client TeamSpeakUser - SUCCESS
2025-08-15 11:22:16 - clientPlatform processing for: шиньк
2025-08-15 11:22:16 - Client info: , Platform: Windows, Groups: 10,369
2025-08-15 11:22:16 - Adding platform group 278 for client шиньк - SUCCESS
2025-08-15 11:23:05 - clientPlatform processing for: lowtabsecure
2025-08-15 11:23:05 - Client info: , Platform: Windows, Groups: 13,377
2025-08-15 11:23:05 - Adding platform group 278 for client lowtabsecure - SUCCESS
2025-08-15 11:23:30 - clientPlatform processing for: d3sc
2025-08-15 11:23:30 - Client info: , Platform: Windows, Groups: 13,377
2025-08-15 11:23:30 - Adding platform group 278 for client d3sc - SUCCESS
2025-08-15 11:30:32 - clientPlatform processing for: TeamSpeakUser1
2025-08-15 11:30:32 - Client info: , Platform: Windows, Groups: 13,377
2025-08-15 11:30:32 - Adding platform group 278 for client TeamSpeakUser1 - SUCCESS
2025-08-15 11:42:20 - clientPlatform processing for: Seikawa
2025-08-15 11:42:20 - Client info: , Platform: Windows, Groups: 264,377
2025-08-15 11:42:20 - Adding platform group 278 for client Seikawa - SUCCESS
2025-08-15 11:46:10 - clientPlatform processing for: pendos666
2025-08-15 11:46:10 - Client info: , Platform: Windows, Groups: 12,377
2025-08-15 11:46:10 - Adding platform group 278 for client pendos666 - SUCCESS
2025-08-15 11:48:33 - clientPlatform processing for: Alexander177
2025-08-15 11:48:33 - Client info: , Platform: Windows, Groups: 263,377
2025-08-15 11:48:33 - Adding platform group 278 for client Alexander177 - SUCCESS
2025-08-15 11:56:24 - clientPlatform processing for: kushi
2025-08-15 11:56:24 - Client info: , Platform: Windows, Groups: 265,377
2025-08-15 11:56:24 - Adding platform group 278 for client kushi - SUCCESS
2025-08-15 12:03:22 - clientPlatform processing for: ph0x
2025-08-15 12:03:22 - Client info: , Platform: Windows, Groups: 17,377
2025-08-15 12:03:22 - Adding platform group 278 for client ph0x - SUCCESS
2025-08-15 12:08:33 - clientPlatform processing for: AhMd
2025-08-15 12:08:33 - Client info: , Platform: Windows, Groups: 7
2025-08-15 12:08:33 - Adding platform group 278 for client AhMd - SUCCESS
2025-08-15 12:09:27 - clientPlatform processing for: namja
2025-08-15 12:09:27 - Client info: , Platform: Windows, Groups: 266,377
2025-08-15 12:09:27 - Adding platform group 278 for client namja - SUCCESS
2025-08-15 12:20:11 - clientPlatform processing for: dzale
2025-08-15 12:20:11 - Client info: , Platform: Windows, Groups: 12,377
2025-08-15 12:20:11 - Adding platform group 278 for client dzale - SUCCESS
2025-08-15 12:31:29 - clientPlatform processing for: Sebitzuu
2025-08-15 12:31:29 - Client info: , Platform: Windows, Groups: 14,377
2025-08-15 12:31:29 - Adding platform group 278 for client Sebitzuu - SUCCESS
2025-08-15 12:32:15 - clientPlatform processing for: papricka22
2025-08-15 12:32:15 - Client info: , Platform: Windows, Groups: 7
2025-08-15 12:32:15 - Adding platform group 278 for client papricka22 - SUCCESS
2025-08-15 12:34:13 - clientPlatform processing for: Alex0807
2025-08-15 12:34:13 - Client info: , Platform: Windows, Groups: 13,377
2025-08-15 12:34:13 - Adding platform group 278 for client Alex0807 - SUCCESS
2025-08-15 12:36:07 - clientPlatform processing for: Alex0807
2025-08-15 12:36:07 - Client info: , Platform: Windows, Groups: 13,377
2025-08-15 12:36:07 - Adding platform group 278 for client Alex0807 - SUCCESS
2025-08-15 12:38:00 - clientPlatform processing for: makpyn
2025-08-15 12:38:00 - Client info: , Platform: Windows, Groups: 266,377
2025-08-15 12:38:00 - Adding platform group 278 for client makpyn - SUCCESS
2025-08-15 12:44:39 - clientPlatform processing for: шиньк
2025-08-15 12:44:39 - Client info: , Platform: Windows, Groups: 11,369
2025-08-15 12:44:39 - Adding platform group 278 for client шиньк - SUCCESS
2025-08-15 12:49:46 - clientPlatform processing for: fronia
2025-08-15 12:49:46 - Client info: , Platform: Windows, Groups: 8,369
2025-08-15 12:49:46 - Adding platform group 278 for client fronia - SUCCESS
2025-08-15 13:12:09 - clientPlatform processing for: Kowismo
2025-08-15 13:12:09 - Client info: , Platform: Windows, Groups: 6,270,377,422
2025-08-15 13:12:09 - Adding platform group 278 for client Kowismo - SUCCESS
2025-08-15 13:13:14 - clientPlatform processing for: Namja
2025-08-15 13:13:14 - Client info: , Platform: iOS, Groups: 11,369
2025-08-15 13:13:14 - Adding platform group 281 for client Namja - SUCCESS
2025-08-15 13:17:52 - clientPlatform processing for: redan_22
2025-08-15 13:17:52 - Client info: , Platform: Windows, Groups: 14,377
2025-08-15 13:17:53 - Adding platform group 278 for client redan_22 - SUCCESS
2025-08-15 13:21:03 - clientPlatform processing for: cuffe
2025-08-15 13:21:03 - Client info: , Platform: Windows, Groups: 14,377
2025-08-15 13:21:03 - Adding platform group 278 for client cuffe - SUCCESS
2025-08-15 13:42:28 - clientPlatform processing for: Viko(ع)
2025-08-15 13:42:28 - Client info: , Platform: Windows, Groups: 266,377
2025-08-15 13:42:28 - Adding platform group 278 for client Viko(ع) - SUCCESS
2025-08-15 13:42:38 - clientPlatform processing for: Amirali
2025-08-15 13:42:38 - Client info: , Platform: Windows, Groups: 266,377
2025-08-15 13:42:38 - Adding platform group 278 for client Amirali - SUCCESS
2025-08-15 13:43:00 - clientPlatform processing for: aslan
2025-08-15 13:43:00 - Client info: , Platform: Windows, Groups: 14,377
2025-08-15 13:43:00 - Adding platform group 278 for client aslan - SUCCESS
2025-08-15 13:44:17 - clientPlatform processing for: don
2025-08-15 13:44:17 - Client info: , Platform: Windows, Groups: 17,377
2025-08-15 13:44:17 - Adding platform group 278 for client don - SUCCESS
2025-08-15 13:50:20 - clientPlatform processing for: Claudiu20047
2025-08-15 13:50:20 - Client info: , Platform: Windows, Groups: 12,377
2025-08-15 13:50:20 - Adding platform group 278 for client Claudiu20047 - SUCCESS
2025-08-15 13:52:39 - clientPlatform processing for: LADRON
2025-08-15 13:52:39 - Client info: , Platform: Windows, Groups: 266,377
2025-08-15 13:52:39 - Adding platform group 278 for client LADRON - SUCCESS
2025-08-15 13:57:40 - clientPlatform processing for: Aura_Kone
2025-08-15 13:57:40 - Client info: , Platform: Windows, Groups: 18,377
2025-08-15 13:57:40 - Adding platform group 278 for client Aura_Kone - SUCCESS
2025-08-15 14:00:39 - clientPlatform processing for: 7jovic
2025-08-15 14:00:39 - Client info: , Platform: Windows, Groups: 13,377
2025-08-15 14:00:39 - Adding platform group 278 for client 7jovic - SUCCESS
2025-08-15 14:00:53 - clientPlatform processing for: -W1LLL
2025-08-15 14:00:53 - Client info: , Platform: Windows, Groups: 17,377
2025-08-15 14:00:53 - Adding platform group 278 for client -W1LLL - SUCCESS
2025-08-15 14:01:04 - clientPlatform processing for: -EscA`#
2025-08-15 14:01:04 - Client info: , Platform: Windows, Groups: 17,377
2025-08-15 14:01:04 - Adding platform group 278 for client -EscA`# - SUCCESS
2025-08-15 14:07:20 - clientPlatform processing for: Egor
2025-08-15 14:07:20 - Client info: , Platform: Windows, Groups: 13,377
2025-08-15 14:07:20 - Adding platform group 278 for client Egor - SUCCESS
2025-08-15 14:09:17 - clientPlatform processing for: Dazer
2025-08-15 14:09:17 - Client info: , Platform: Windows, Groups: 14,377
2025-08-15 14:09:17 - Adding platform group 278 for client Dazer - SUCCESS
2025-08-15 14:10:58 - clientPlatform processing for: pendos666
2025-08-15 14:10:58 - Client info: , Platform: Windows, Groups: 12,377
2025-08-15 14:10:58 - Adding platform group 278 for client pendos666 - SUCCESS
2025-08-15 14:13:41 - clientPlatform processing for: Sfanon
2025-08-15 14:13:41 - Client info: , Platform: Windows, Groups: 14,377
2025-08-15 14:13:41 - Adding platform group 278 for client Sfanon - SUCCESS
2025-08-15 14:18:06 - clientPlatform processing for: MC durak
2025-08-15 14:18:06 - Client info: , Platform: Windows, Groups: 17,377
2025-08-15 14:18:06 - Adding platform group 278 for client MC durak - SUCCESS
2025-08-15 14:18:15 - clientPlatform processing for: Crash
2025-08-15 14:18:15 - Client info: , Platform: Windows, Groups: 266,377
2025-08-15 14:18:15 - Adding platform group 278 for client Crash - SUCCESS
2025-08-15 14:19:16 - clientPlatform processing for: tlishev
2025-08-15 14:19:16 - Client info: , Platform: Windows, Groups: 14,377
2025-08-15 14:19:16 - Adding platform group 278 for client tlishev - SUCCESS
2025-08-15 14:20:23 - clientPlatform processing for: éclatax
2025-08-15 14:20:23 - Client info: , Platform: Windows, Groups: 15,377
2025-08-15 14:20:23 - Adding platform group 278 for client éclatax - SUCCESS
2025-08-15 14:22:01 - clientPlatform processing for: Fornax013
2025-08-15 14:22:01 - Client info: , Platform: Windows, Groups: 266,377
2025-08-15 14:22:01 - Adding platform group 278 for client Fornax013 - SUCCESS
2025-08-15 14:22:02 - clientPlatform processing for: Fornax013
2025-08-15 14:22:02 - Client info: , Platform: Windows, Groups: 266,377
2025-08-15 14:22:02 - Group already assigned (detected from error), skipping
2025-08-15 14:22:02 - Adding platform group 278 for client Fornax013 - SUCCESS
2025-08-15 14:22:02 - clientPlatform processing for: Fornax013
2025-08-15 14:22:02 - Client info: , Platform: Windows, Groups: 266,377
2025-08-15 14:22:02 - Group already assigned (detected from error), skipping
2025-08-15 14:22:02 - Adding platform group 278 for client Fornax013 - SUCCESS
2025-08-15 14:26:44 - clientPlatform processing for: Hydrastarke
2025-08-15 14:26:44 - Client info: , Platform: Windows, Groups: 266,377
2025-08-15 14:26:44 - Adding platform group 278 for client Hydrastarke - SUCCESS
2025-08-15 14:28:41 - clientPlatform processing for: Zi←ِô
2025-08-15 14:28:41 - Client info: , Platform: Windows, Groups: 263,377
2025-08-15 14:28:41 - Adding platform group 278 for client Zi←ِô - SUCCESS
2025-08-15 14:29:13 - clientPlatform processing for: papricka22
2025-08-15 14:29:13 - Client info: , Platform: Windows, Groups: 9,369
2025-08-15 14:29:13 - Adding platform group 278 for client papricka22 - SUCCESS
2025-08-15 14:31:29 - clientPlatform processing for: danil
2025-08-15 14:31:29 - Client info: , Platform: Windows, Groups: 7
2025-08-15 14:31:29 - Adding platform group 278 for client danil - SUCCESS
2025-08-15 14:31:59 - clientPlatform processing for: TeamSpeakUser
2025-08-15 14:31:59 - Client info: , Platform: Windows, Groups: 9,369
2025-08-15 14:31:59 - Adding platform group 278 for client TeamSpeakUser - SUCCESS
2025-08-15 14:37:22 - clientPlatform processing for: éclatax
2025-08-15 14:37:22 - Client info: , Platform: Windows, Groups: 265,377
2025-08-15 14:37:22 - Adding platform group 278 for client éclatax - SUCCESS
2025-08-15 14:40:29 - clientPlatform processing for: BlakBoomer
2025-08-15 14:40:29 - Client info: , Platform: Windows, Groups: 12,377
2025-08-15 14:40:29 - Adding platform group 278 for client BlakBoomer - SUCCESS
2025-08-15 15:01:04 - clientPlatform processing for: Denis;)
2025-08-15 15:01:04 - Client info: , Platform: Windows, Groups: 264,377
2025-08-15 15:01:04 - Adding platform group 278 for client Denis;) - SUCCESS
2025-08-15 15:05:33 - clientPlatform processing for: goran
2025-08-15 15:05:33 - Client info: , Platform: Windows, Groups: 266,377
2025-08-15 15:05:33 - Adding platform group 278 for client goran - SUCCESS
2025-08-15 15:08:18 - clientPlatform processing for: e6lan
2025-08-15 15:08:18 - Client info: , Platform: Windows, Groups: 263,377
2025-08-15 15:08:18 - Adding platform group 278 for client e6lan - SUCCESS
2025-08-15 15:10:39 - clientPlatform processing for: Уебище
2025-08-15 15:10:39 - Client info: , Platform: Windows, Groups: 266,377
2025-08-15 15:10:39 - Adding platform group 278 for client Уебище - SUCCESS
2025-08-15 15:16:18 - clientPlatform processing for: Druid Сrow 🦅
2025-08-15 15:16:18 - Client info: , Platform: Windows, Groups: 20,377
2025-08-15 15:16:18 - Adding platform group 278 for client Druid Сrow 🦅 - SUCCESS
2025-08-15 15:16:46 - clientPlatform processing for: Alexander177
2025-08-15 15:16:46 - Client info: , Platform: Windows, Groups: 263,377
2025-08-15 15:16:46 - Adding platform group 278 for client Alexander177 - SUCCESS
2025-08-15 15:17:31 - clientPlatform processing for: berkyt2123
2025-08-15 15:17:31 - Client info: , Platform: Windows, Groups: 7
2025-08-15 15:17:31 - Adding platform group 278 for client berkyt2123 - SUCCESS
2025-08-15 15:27:10 - clientPlatform processing for: 4ebupelbka
2025-08-15 15:27:10 - Client info: , Platform: Windows, Groups: 265,377
2025-08-15 15:27:10 - Adding platform group 278 for client 4ebupelbka - SUCCESS
2025-08-15 15:28:55 - clientPlatform processing for: andreyJ42
2025-08-15 15:28:55 - Client info: , Platform: Windows, Groups: 14,377
2025-08-15 15:28:55 - Adding platform group 278 for client andreyJ42 - SUCCESS
2025-08-15 15:35:34 - clientPlatform processing for: ПЕНТАГОН
2025-08-15 15:35:34 - Client info: , Platform: Windows, Groups: 7
2025-08-15 15:35:34 - Adding platform group 278 for client ПЕНТАГОН - SUCCESS
2025-08-15 15:38:11 - clientPlatform processing for: 1.6 fsi dert paket
2025-08-15 15:38:11 - Client info: , Platform: Windows, Groups: 15,377
2025-08-15 15:38:11 - Adding platform group 278 for client 1.6 fsi dert paket - SUCCESS
2025-08-15 15:39:06 - clientPlatform processing for: F4funder
2025-08-15 15:39:06 - Client info: , Platform: Windows, Groups: 17,377
2025-08-15 15:39:06 - Adding platform group 278 for client F4funder - SUCCESS
2025-08-15 15:39:06 - clientPlatform processing for: F4funder
2025-08-15 15:39:06 - Client info: , Platform: Windows, Groups: 17,377
2025-08-15 15:39:06 - Group already assigned (detected from error), skipping
2025-08-15 15:39:06 - Adding platform group 278 for client F4funder - SUCCESS
2025-08-15 15:39:06 - clientPlatform processing for: F4funder
2025-08-15 15:39:06 - Client info: , Platform: Windows, Groups: 17,377
2025-08-15 15:39:06 - Group already assigned (detected from error), skipping
2025-08-15 15:39:06 - Adding platform group 278 for client F4funder - SUCCESS
2025-08-15 15:39:44 - clientPlatform processing for: tlishev
2025-08-15 15:39:44 - Client info: , Platform: Windows, Groups: 14,377
2025-08-15 15:39:44 - Adding platform group 278 for client tlishev - SUCCESS
2025-08-15 15:41:07 - clientPlatform processing for: tlishev
2025-08-15 15:41:07 - Client info: , Platform: Windows, Groups: 14,377
2025-08-15 15:41:07 - Adding platform group 278 for client tlishev - SUCCESS
2025-08-15 15:41:12 - clientPlatform processing for: tlishev
2025-08-15 15:41:12 - Client info: , Platform: Windows, Groups: 14,377
2025-08-15 15:41:12 - Adding platform group 278 for client tlishev - SUCCESS
2025-08-15 15:41:20 - clientPlatform processing for: tlishev
2025-08-15 15:41:20 - Client info: , Platform: Windows, Groups: 14,377
2025-08-15 15:41:20 - Adding platform group 278 for client tlishev - SUCCESS
2025-08-15 15:41:47 - clientPlatform processing for: tlishev
2025-08-15 15:41:47 - Client info: , Platform: Windows, Groups: 14,278,296,377,435
2025-08-15 15:41:47 - Client already has platform group 278
2025-08-15 15:53:41 - clientPlatform processing for: pendos666
2025-08-15 15:53:41 - Client info: , Platform: Windows, Groups: 12,377
2025-08-15 15:53:41 - Adding platform group 278 for client pendos666 - SUCCESS
2025-08-15 15:53:50 - clientPlatform processing for: remmith
2025-08-15 15:53:50 - Client info: , Platform: Windows, Groups: 7
2025-08-15 15:53:50 - Adding platform group 278 for client remmith - SUCCESS
2025-08-15 16:00:45 - clientPlatform processing for: fl0tty
2025-08-15 16:00:45 - Client info: , Platform: Windows, Groups: 11,369
2025-08-15 16:00:45 - Adding platform group 278 for client fl0tty - SUCCESS
2025-08-15 16:01:35 - clientPlatform processing for: remmith
2025-08-15 16:01:35 - Client info: , Platform: Windows, Groups: 8,369
2025-08-15 16:01:35 - Adding platform group 278 for client remmith - SUCCESS
2025-08-15 16:05:07 - clientPlatform processing for: SYRUSSS
2025-08-15 16:05:07 - Client info: , Platform: Windows, Groups: 263,377
2025-08-15 16:05:07 - Adding platform group 278 for client SYRUSSS - SUCCESS
2025-08-15 16:08:04 - clientPlatform processing for: pendos666
2025-08-15 16:08:04 - Client info: , Platform: Windows, Groups: 12,377
2025-08-15 16:08:04 - Adding platform group 278 for client pendos666 - SUCCESS
2025-08-15 16:08:57 - clientPlatform processing for: MATAN
2025-08-15 16:08:57 - Client info: , Platform: Windows, Groups: 266,377
2025-08-15 16:08:57 - Adding platform group 278 for client MATAN - SUCCESS
2025-08-15 16:09:54 - clientPlatform processing for: Amirali
2025-08-15 16:09:54 - Client info: , Platform: Windows, Groups: 266,377
2025-08-15 16:09:54 - Adding platform group 278 for client Amirali - SUCCESS
2025-08-15 16:10:37 - clientPlatform processing for: namja
2025-08-15 16:10:37 - Client info: , Platform: Windows, Groups: 266,377
2025-08-15 16:10:37 - Adding platform group 278 for client namja - SUCCESS
2025-08-15 16:26:15 - clientPlatform processing for: Dumina
2025-08-15 16:26:15 - Client info: , Platform: Windows, Groups: 21,377
2025-08-15 16:26:15 - Adding platform group 278 for client Dumina - SUCCESS
2025-08-15 16:28:15 - clientPlatform processing for: -W1LLL
2025-08-15 16:28:15 - Client info: , Platform: Windows, Groups: 17,377
2025-08-15 16:28:15 - Adding platform group 278 for client -W1LLL - SUCCESS
2025-08-15 16:28:29 - clientPlatform processing for: joy
2025-08-15 16:28:29 - Client info: , Platform: Windows, Groups: 266,377
2025-08-15 16:28:29 - Adding platform group 278 for client joy - SUCCESS
2025-08-15 16:30:13 - clientPlatform processing for: TeamSpeakUser
2025-08-15 16:30:13 - Client info: , Platform: Windows, Groups: 11,377
2025-08-15 16:30:13 - Adding platform group 278 for client TeamSpeakUser - SUCCESS
2025-08-15 16:43:25 - clientPlatform processing for: nkzd
2025-08-15 16:43:25 - Client info: , Platform: Windows, Groups: 266,377
2025-08-15 16:43:25 - Adding platform group 278 for client nkzd - SUCCESS
2025-08-15 16:50:08 - clientPlatform processing for: tlishev
2025-08-15 16:50:08 - Client info: , Platform: Windows, Groups: 14,377
2025-08-15 16:50:08 - Adding platform group 278 for client tlishev - SUCCESS
2025-08-15 16:56:45 - clientPlatform processing for: aeRR
2025-08-15 16:56:45 - Client info: , Platform: Windows, Groups: 263,377
2025-08-15 16:56:45 - Adding platform group 278 for client aeRR - SUCCESS
2025-08-15 17:00:50 - clientPlatform processing for: Sculaccia troie
2025-08-15 17:00:50 - Client info: , Platform: Windows, Groups: 15,377
2025-08-15 17:00:50 - Adding platform group 278 for client Sculaccia troie - SUCCESS
2025-08-15 17:01:12 - clientPlatform processing for: Nevskiiiy
2025-08-15 17:01:12 - Client info: , Platform: Windows, Groups: 18,377
2025-08-15 17:01:12 - Adding platform group 278 for client Nevskiiiy - SUCCESS
2025-08-15 17:01:48 - clientPlatform processing for: belali-ZypRus?
2025-08-15 17:01:48 - Client info: , Platform: Windows, Groups: 266,377
2025-08-15 17:01:48 - Adding platform group 278 for client belali-ZypRus? - SUCCESS
2025-08-15 17:07:23 - clientPlatform processing for: pendos666
2025-08-15 17:07:23 - Client info: , Platform: Windows, Groups: 13,377
2025-08-15 17:07:23 - Adding platform group 278 for client pendos666 - SUCCESS
2025-08-15 17:08:58 - clientPlatform processing for: awegawg
2025-08-15 17:08:58 - Client info: , Platform: Windows, Groups: 12,377
2025-08-15 17:08:58 - Adding platform group 278 for client awegawg - SUCCESS
2025-08-15 17:09:03 - clientPlatform processing for: Nghtly
2025-08-15 17:09:03 - Client info: , Platform: Windows, Groups: 15,377
2025-08-15 17:09:03 - Adding platform group 278 for client Nghtly - SUCCESS
2025-08-15 17:10:31 - clientPlatform processing for: ПожилаяОстановка
2025-08-15 17:10:31 - Client info: , Platform: Windows, Groups: 266,377
2025-08-15 17:10:31 - Adding platform group 278 for client ПожилаяОстановка - SUCCESS
2025-08-15 17:11:03 - clientPlatform processing for: RedSkull_TR
2025-08-15 17:11:03 - Client info: , Platform: Windows, Groups: 11,377
2025-08-15 17:11:03 - Adding platform group 278 for client RedSkull_TR - SUCCESS
2025-08-15 17:13:15 - clientPlatform processing for: TeamSpeakUser1
2025-08-15 17:13:15 - Client info: , Platform: Windows, Groups: 17,377
2025-08-15 17:13:15 - Adding platform group 278 for client TeamSpeakUser1 - SUCCESS
2025-08-15 17:13:23 - clientPlatform processing for: TeamSpeakUser2
2025-08-15 17:13:23 - Client info: , Platform: Windows, Groups: 9,369
2025-08-15 17:13:23 - Adding platform group 278 for client TeamSpeakUser2 - SUCCESS
2025-08-15 17:20:34 - clientPlatform processing for: Butch
2025-08-15 17:20:34 - Client info: , Platform: Windows, Groups: 13,377
2025-08-15 17:20:34 - Adding platform group 278 for client Butch - SUCCESS
2025-08-15 17:20:39 - clientPlatform processing for: Tufix
2025-08-15 17:20:39 - Client info: , Platform: Windows, Groups: 263,377
2025-08-15 17:20:39 - Adding platform group 278 for client Tufix - SUCCESS
2025-08-15 17:20:40 - clientPlatform processing for: Baldiez
2025-08-15 17:20:40 - Client info: , Platform: Windows, Groups: 12,377
2025-08-15 17:20:40 - Adding platform group 278 for client Baldiez - SUCCESS
2025-08-15 17:25:47 - clientPlatform processing for: N3rvezz
2025-08-15 17:25:47 - Client info: , Platform: Windows, Groups: 11,377
2025-08-15 17:25:47 - Adding platform group 278 for client N3rvezz - SUCCESS
2025-08-15 17:26:10 - clientPlatform processing for: Shawaj
2025-08-15 17:26:10 - Client info: , Platform: Windows, Groups: 263,377
2025-08-15 17:26:10 - Adding platform group 278 for client Shawaj - SUCCESS
2025-08-15 17:31:31 - clientPlatform processing for: hugao
2025-08-15 17:31:31 - Client info: , Platform: Windows, Groups: 265,377
2025-08-15 17:31:31 - Adding platform group 278 for client hugao - SUCCESS
2025-08-15 17:31:59 - clientPlatform processing for: dyasa
2025-08-15 17:31:59 - Client info: , Platform: Windows, Groups: 11,377
2025-08-15 17:31:59 - Adding platform group 278 for client dyasa - SUCCESS
2025-08-15 17:37:03 - clientPlatform processing for: TeamSpeakUser3
2025-08-15 17:37:03 - Client info: , Platform: Windows, Groups: 11,377
2025-08-15 17:37:03 - Adding platform group 278 for client TeamSpeakUser3 - SUCCESS
2025-08-15 17:37:50 - clientPlatform processing for: e6lan
2025-08-15 17:37:50 - Client info: , Platform: Windows, Groups: 263,377
2025-08-15 17:37:50 - Adding platform group 278 for client e6lan - SUCCESS
2025-08-15 17:39:05 - clientPlatform processing for: Amirali
2025-08-15 17:39:05 - Client info: , Platform: Windows, Groups: 266,377
2025-08-15 17:39:05 - Adding platform group 278 for client Amirali - SUCCESS
2025-08-15 17:40:31 - clientPlatform processing for: TeamSpeakUser4
2025-08-15 17:40:31 - Client info: , Platform: Windows, Groups: 12,377
2025-08-15 17:40:31 - Adding platform group 278 for client TeamSpeakUser4 - SUCCESS
2025-08-15 17:41:00 - clientPlatform processing for: Боцман777
2025-08-15 17:41:00 - Client info: , Platform: Windows, Groups: 19,377
2025-08-15 17:41:00 - Adding platform group 278 for client Боцман777 - SUCCESS
2025-08-15 17:41:41 - clientPlatform processing for: R6M4IN
2025-08-15 17:41:41 - Client info: , Platform: Windows, Groups: 17,377
2025-08-15 17:41:41 - Adding platform group 278 for client R6M4IN - SUCCESS
2025-08-15 17:41:50 - clientPlatform processing for: shinigami
2025-08-15 17:41:50 - Client info: , Platform: Windows, Groups: 26,377,381,383,385
2025-08-15 17:41:50 - Adding platform group 278 for client shinigami - SUCCESS
2025-08-15 17:42:09 - clientPlatform processing for: R6M4IN
2025-08-15 17:42:09 - Client info: , Platform: Windows, Groups: 17,377
2025-08-15 17:42:09 - Adding platform group 278 for client R6M4IN - SUCCESS
2025-08-15 17:42:34 - clientPlatform processing for: ZeyphiZ
2025-08-15 17:42:34 - Client info: , Platform: Windows, Groups: 266,377
2025-08-15 17:42:34 - Adding platform group 278 for client ZeyphiZ - SUCCESS
2025-08-15 17:44:32 - clientPlatform processing for: Amirali
2025-08-15 17:44:32 - Client info: , Platform: Windows, Groups: 266,377
2025-08-15 17:44:32 - Adding platform group 278 for client Amirali - SUCCESS
2025-08-15 17:50:50 - clientPlatform processing for: Sfanon
2025-08-15 17:50:50 - Client info: , Platform: Windows, Groups: 14,377
2025-08-15 17:50:50 - Adding platform group 278 for client Sfanon - SUCCESS
2025-08-15 17:52:37 - clientPlatform processing for: yondera
2025-08-15 17:52:37 - Client info: , Platform: Windows, Groups: 266,377
2025-08-15 17:52:37 - Adding platform group 278 for client yondera - SUCCESS
2025-08-15 17:53:10 - clientPlatform processing for: Cpt.BORODA
2025-08-15 17:53:10 - Client info: , Platform: Windows, Groups: 266,377
2025-08-15 17:53:10 - Adding platform group 278 for client Cpt.BORODA - SUCCESS
2025-08-15 17:53:15 - clientPlatform processing for: Князь Вандал Новгородский
2025-08-15 17:53:15 - Client info: , Platform: Windows, Groups: 263,377
2025-08-15 17:53:15 - Adding platform group 278 for client Князь Вандал Новгородский - SUCCESS
2025-08-15 17:57:38 - clientPlatform processing for: kagixxx
2025-08-15 17:57:38 - Client info: , Platform: Windows, Groups: 17,377
2025-08-15 17:57:38 - Adding platform group 278 for client kagixxx - SUCCESS
2025-08-15 17:58:35 - clientPlatform processing for: K0ubek
2025-08-15 17:58:35 - Client info: , Platform: Windows, Groups: 14,377
2025-08-15 17:58:35 - Adding platform group 278 for client K0ubek - SUCCESS
2025-08-15 17:58:46 - clientPlatform processing for: colibrydon
2025-08-15 17:58:46 - Client info: , Platform: Windows, Groups: 9,369
2025-08-15 17:58:46 - Adding platform group 278 for client colibrydon - SUCCESS
2025-08-15 17:59:37 - clientPlatform processing for: kingg2412
2025-08-15 17:59:37 - Client info: , Platform: Windows, Groups: 266,377
2025-08-15 17:59:37 - Adding platform group 278 for client kingg2412 - SUCCESS
2025-08-15 18:03:51 - clientPlatform processing for: TeamSpeakUser4
2025-08-15 18:03:51 - Client info: , Platform: Windows, Groups: 264,377
2025-08-15 18:03:52 - Adding platform group 278 for client TeamSpeakUser4 - SUCCESS
2025-08-15 18:04:05 - clientPlatform processing for: pzdcvsenikizanyati
2025-08-15 18:04:05 - Client info: , Platform: Windows, Groups: 19,377
2025-08-15 18:04:05 - Adding platform group 278 for client pzdcvsenikizanyati - SUCCESS
2025-08-15 18:05:04 - clientPlatform processing for: teaman11
2025-08-15 18:05:04 - Client info: , Platform: Windows, Groups: 263,377
2025-08-15 18:05:04 - Adding platform group 278 for client teaman11 - SUCCESS
2025-08-15 18:05:28 - clientPlatform processing for: saadf
2025-08-15 18:05:28 - Client info: , Platform: Windows, Groups: 13,377
2025-08-15 18:05:28 - Adding platform group 278 for client saadf - SUCCESS
2025-08-15 18:05:35 - clientPlatform processing for: Jabberson
2025-08-15 18:05:35 - Client info: , Platform: Windows, Groups: 263,377
2025-08-15 18:05:35 - Adding platform group 278 for client Jabberson - SUCCESS
2025-08-15 18:05:39 - clientPlatform processing for: nam
2025-08-15 18:05:39 - Client info: , Platform: Windows, Groups: 266,377
2025-08-15 18:05:39 - Adding platform group 278 for client nam - SUCCESS
2025-08-15 18:06:59 - clientPlatform processing for: namja
2025-08-15 18:06:59 - Client info: , Platform: Windows, Groups: 266,377
2025-08-15 18:06:59 - Adding platform group 278 for client namja - SUCCESS
2025-08-15 18:07:24 - clientPlatform processing for: klozzer
2025-08-15 18:07:24 - Client info: , Platform: Windows, Groups: 265,377
2025-08-15 18:07:24 - Adding platform group 278 for client klozzer - SUCCESS
2025-08-15 18:07:57 - clientPlatform processing for: poo
2025-08-15 18:07:57 - Client info: , Platform: Windows, Groups: 13,377
2025-08-15 18:07:57 - Adding platform group 278 for client poo - SUCCESS
2025-08-15 18:09:18 - clientPlatform processing for: chapa
2025-08-15 18:09:18 - Client info: , Platform: Windows, Groups: 20,377,440
2025-08-15 18:09:18 - Adding platform group 278 for client chapa - SUCCESS
2025-08-15 18:10:00 - clientPlatform processing for: Mood
2025-08-15 18:10:00 - Client info: , Platform: Windows, Groups: 19,377
2025-08-15 18:10:00 - Adding platform group 278 for client Mood - SUCCESS
2025-08-15 18:10:51 - clientPlatform processing for: -Nano-15
2025-08-15 18:10:51 - Client info: , Platform: Windows, Groups: 266,377
2025-08-15 18:10:51 - Adding platform group 278 for client -Nano-15 - SUCCESS
2025-08-15 18:12:21 - clientPlatform processing for: Omar
2025-08-15 18:12:21 - Client info: , Platform: Windows, Groups: 266,377
2025-08-15 18:12:21 - Adding platform group 278 for client Omar - SUCCESS
2025-08-15 18:15:23 - clientPlatform processing for: SysmoUsercid=140
2025-08-15 18:15:23 - Client info: , Platform: Windows, Groups: 265,377
2025-08-15 18:15:23 - Adding platform group 278 for client SysmoUsercid=140 - SUCCESS
2025-08-15 18:18:39 - clientPlatform processing for: ZRUBAVEL
2025-08-15 18:18:39 - Client info: , Platform: Windows, Groups: 12,377
2025-08-15 18:18:39 - Adding platform group 278 for client ZRUBAVEL - SUCCESS
2025-08-15 18:19:13 - clientPlatform processing for: W1`
2025-08-15 18:19:13 - Client info: , Platform: Windows, Groups: 13,377
2025-08-15 18:19:13 - Adding platform group 278 for client W1` - SUCCESS
2025-08-15 18:23:37 - clientPlatform processing for: TeamSpeakUser5
2025-08-15 18:23:37 - Client info: , Platform: Windows, Groups: 7
2025-08-15 18:23:37 - Adding platform group 278 for client TeamSpeakUser5 - SUCCESS
2025-08-15 18:24:39 - clientPlatform processing for: diller
2025-08-15 18:24:39 - Client info: , Platform: Windows, Groups: 7
2025-08-15 18:24:39 - Adding platform group 278 for client diller - SUCCESS
2025-08-15 18:31:45 - clientPlatform processing for: 2212312
2025-08-15 18:31:45 - Client info: , Platform: Windows, Groups: 263,377
2025-08-15 18:31:45 - Adding platform group 278 for client 2212312 - SUCCESS
2025-08-15 18:32:02 - clientPlatform processing for: Phantor
2025-08-15 18:32:02 - Client info: , Platform: Windows, Groups: 263,377
2025-08-15 18:32:02 - Adding platform group 278 for client Phantor - SUCCESS
2025-08-15 18:34:39 - clientPlatform processing for: freakshow322
2025-08-15 18:34:39 - Client info: , Platform: Windows, Groups: 12,377
2025-08-15 18:34:39 - Adding platform group 278 for client freakshow322 - SUCCESS
2025-08-15 18:42:40 - clientPlatform processing for: 2212312
2025-08-15 18:42:40 - Client info: , Platform: Windows, Groups: 263,377
2025-08-15 18:42:40 - Adding platform group 278 for client 2212312 - SUCCESS
2025-08-15 18:46:18 - clientPlatform processing for: hugao1
2025-08-15 18:46:18 - Client info: , Platform: Windows, Groups: 266,377
2025-08-15 18:46:18 - Adding platform group 278 for client hugao1 - SUCCESS
2025-08-15 18:47:08 - clientPlatform processing for: baia
2025-08-15 18:47:08 - Client info: , Platform: Windows, Groups: 263,377
2025-08-15 18:47:08 - Adding platform group 278 for client baia - SUCCESS
2025-08-15 18:51:25 - clientPlatform processing for: Shawaj
2025-08-15 18:51:25 - Client info: , Platform: Windows, Groups: 263,377
2025-08-15 18:51:25 - Adding platform group 278 for client Shawaj - SUCCESS
2025-08-15 18:52:39 - clientPlatform processing for: makpyn
2025-08-15 18:52:39 - Client info: , Platform: Windows, Groups: 266,377
2025-08-15 18:52:39 - Adding platform group 278 for client makpyn - SUCCESS
2025-08-15 18:56:37 - clientPlatform processing for: TeamSpeakUser21
2025-08-15 18:56:37 - Client info: , Platform: Windows, Groups: 266,377
2025-08-15 18:56:37 - Adding platform group 278 for client TeamSpeakUser21 - SUCCESS
2025-08-15 18:57:54 - clientPlatform processing for: colibrydon
2025-08-15 18:57:54 - Client info: , Platform: Windows, Groups: 10,369
2025-08-15 18:57:54 - Adding platform group 278 for client colibrydon - SUCCESS
2025-08-15 19:02:37 - clientPlatform processing for: iTxHw
2025-08-15 19:02:37 - Client info: , Platform: Windows, Groups: 9,369
2025-08-15 19:02:37 - Adding platform group 278 for client iTxHw - SUCCESS
2025-08-15 19:02:41 - clientPlatform processing for: zulul
2025-08-15 19:02:41 - Client info: , Platform: Windows, Groups: 18,377
2025-08-15 19:02:41 - Adding platform group 278 for client zulul - SUCCESS
2025-08-15 19:05:05 - clientPlatform processing for: Боцман777
2025-08-15 19:05:05 - Client info: , Platform: Windows, Groups: 19,377
2025-08-15 19:05:05 - Adding platform group 278 for client Боцман777 - SUCCESS
2025-08-15 19:05:32 - clientPlatform processing for: lowtabsecure
2025-08-15 19:05:32 - Client info: , Platform: Windows, Groups: 13,377
2025-08-15 19:05:32 - Adding platform group 278 for client lowtabsecure - SUCCESS
2025-08-15 19:06:44 - clientPlatform processing for: d3sc
2025-08-15 19:06:44 - Client info: , Platform: Windows, Groups: 13,377
2025-08-15 19:06:44 - Adding platform group 278 for client d3sc - SUCCESS
2025-08-15 19:07:43 - clientPlatform processing for: saadf
2025-08-15 19:07:43 - Client info: , Platform: Windows, Groups: 13,377
2025-08-15 19:07:43 - Adding platform group 278 for client saadf - SUCCESS
2025-08-15 19:07:47 - clientPlatform processing for: Uncle
2025-08-15 19:07:47 - Client info: , Platform: Windows, Groups: 10,369
2025-08-15 19:07:47 - Adding platform group 278 for client Uncle - SUCCESS
2025-08-15 19:08:03 - clientPlatform processing for: king
2025-08-15 19:08:03 - Client info: , Platform: Windows, Groups: 17,377
2025-08-15 19:08:03 - Adding platform group 278 for client king - SUCCESS
2025-08-15 19:09:28 - clientPlatform processing for: леха
2025-08-15 19:09:28 - Client info: , Platform: Windows, Groups: 18,377
2025-08-15 19:09:28 - Adding platform group 278 for client леха - SUCCESS
2025-08-15 19:10:27 - clientPlatform processing for: BlvckMafia
2025-08-15 19:10:27 - Client info: , Platform: Windows, Groups: 18,377
2025-08-15 19:10:27 - Adding platform group 278 for client BlvckMafia - SUCCESS
2025-08-15 19:10:55 - clientPlatform processing for: Nouleone
2025-08-15 19:10:55 - Client info: , Platform: Windows, Groups: 12,264,377
2025-08-15 19:10:55 - Adding platform group 278 for client Nouleone - SUCCESS
2025-08-15 19:13:11 - clientPlatform processing for: PastA1
2025-08-15 19:13:11 - Client info: , Platform: Windows, Groups: 18,377
2025-08-15 19:13:11 - Adding platform group 278 for client PastA1 - SUCCESS
2025-08-15 19:15:24 - clientPlatform processing for: FenaiL
2025-08-15 19:15:24 - Client info: , Platform: Windows, Groups: 35,266,377
2025-08-15 19:15:24 - Adding platform group 278 for client FenaiL - SUCCESS
2025-08-15 19:16:52 - clientPlatform processing for: Rich Lich
2025-08-15 19:16:52 - Client info: , Platform: Windows, Groups: 18,377
2025-08-15 19:16:52 - Adding platform group 278 for client Rich Lich - SUCCESS
2025-08-15 19:20:22 - clientPlatform processing for: skbd
2025-08-15 19:20:22 - Client info: , Platform: Windows, Groups: 263,377
2025-08-15 19:20:22 - Adding platform group 278 for client skbd - SUCCESS
2025-08-15 19:21:08 - clientPlatform processing for: TeamSpeakUser4
2025-08-15 19:21:08 - Client info: , Platform: Windows, Groups: 7
2025-08-15 19:21:08 - Adding platform group 278 for client TeamSpeakUser4 - SUCCESS
2025-08-15 19:22:57 - clientPlatform processing for: TeamSpeakUser4
2025-08-15 19:22:57 - Client info: , Platform: Windows, Groups: 266,377
2025-08-15 19:22:58 - Adding platform group 278 for client TeamSpeakUser4 - SUCCESS
2025-08-15 19:23:17 - clientPlatform processing for: PipkaOtca
2025-08-15 19:23:17 - Client info: , Platform: Windows, Groups: 266,377
2025-08-15 19:23:17 - Adding platform group 278 for client PipkaOtca - SUCCESS
2025-08-15 19:23:30 - clientPlatform processing for: shinigami
2025-08-15 19:23:30 - Client info: , Platform: Windows, Groups: 26,377,381,383,385
2025-08-15 19:23:30 - Adding platform group 278 for client shinigami - SUCCESS
2025-08-15 19:23:30 - clientPlatform processing for: aleksa
2025-08-15 19:23:30 - Client info: , Platform: Windows, Groups: 266,377
2025-08-15 19:23:30 - Adding platform group 278 for client aleksa - SUCCESS
2025-08-15 19:23:30 - clientPlatform processing for: aleksa
2025-08-15 19:23:30 - Client info: , Platform: Windows, Groups: 266,377
2025-08-15 19:23:30 - Group already assigned (detected from error), skipping
2025-08-15 19:23:30 - Adding platform group 278 for client aleksa - SUCCESS
2025-08-15 19:23:30 - clientPlatform processing for: aleksa
2025-08-15 19:23:30 - Client info: , Platform: Windows, Groups: 266,377
2025-08-15 19:23:30 - Group already assigned (detected from error), skipping
2025-08-15 19:23:30 - Adding platform group 278 for client aleksa - SUCCESS
2025-08-15 19:23:31 - clientPlatform processing for: aleksa
2025-08-15 19:23:31 - Client info: , Platform: Windows, Groups: 266,377
2025-08-15 19:23:31 - Group already assigned (detected from error), skipping
2025-08-15 19:23:31 - Adding platform group 278 for client aleksa - SUCCESS
2025-08-15 19:25:11 - clientPlatform processing for: реокко678
2025-08-15 19:25:11 - Client info: , Platform: Windows, Groups: 7
2025-08-15 19:25:11 - Adding platform group 278 for client реокко678 - SUCCESS
2025-08-15 19:28:41 - clientPlatform processing for: Hydrastarke
2025-08-15 19:28:41 - Client info: , Platform: Windows, Groups: 266,377
2025-08-15 19:28:41 - Adding platform group 278 for client Hydrastarke - SUCCESS
2025-08-15 19:30:40 - clientPlatform processing for: ПожилаяОстановка
2025-08-15 19:30:40 - Client info: , Platform: Windows, Groups: 266,377
2025-08-15 19:30:40 - Adding platform group 278 for client ПожилаяОстановка - SUCCESS
2025-08-15 19:33:58 - clientPlatform processing for: ArtemiyRadiant
2025-08-15 19:33:58 - Client info: , Platform: Windows, Groups: 17,377
2025-08-15 19:33:58 - Adding platform group 278 for client ArtemiyRadiant - SUCCESS
2025-08-15 19:34:50 - clientPlatform processing for: kent
2025-08-15 19:34:50 - Client info: , Platform: Windows, Groups: 7
2025-08-15 19:34:50 - Adding platform group 278 for client kent - SUCCESS
2025-08-15 19:34:50 - clientPlatform processing for: kent
2025-08-15 19:34:50 - Client info: , Platform: Windows, Groups: 7
2025-08-15 19:34:50 - Group already assigned (detected from error), skipping
2025-08-15 19:34:50 - Adding platform group 278 for client kent - SUCCESS
2025-08-15 19:34:51 - clientPlatform processing for: kent
2025-08-15 19:34:51 - Client info: , Platform: Windows, Groups: 7
2025-08-15 19:34:51 - Group already assigned (detected from error), skipping
2025-08-15 19:34:51 - Adding platform group 278 for client kent - SUCCESS
2025-08-15 19:36:08 - clientPlatform processing for: dolv1
2025-08-15 19:36:08 - Client info: , Platform: Windows, Groups: 266,377
2025-08-15 19:36:08 - Adding platform group 278 for client dolv1 - SUCCESS
2025-08-15 19:36:43 - clientPlatform processing for: goran
2025-08-15 19:36:43 - Client info: , Platform: Windows, Groups: 266,377
2025-08-15 19:36:43 - Adding platform group 278 for client goran - SUCCESS
2025-08-15 19:39:10 - clientPlatform processing for: kaetanin
2025-08-15 19:39:10 - Client info: , Platform: Windows, Groups: 17,377
2025-08-15 19:39:10 - Adding platform group 278 for client kaetanin - SUCCESS
2025-08-15 19:43:02 - clientPlatform processing for: Junior
2025-08-15 19:43:02 - Client info: , Platform: Windows, Groups: 264,377
2025-08-15 19:43:02 - Adding platform group 278 for client Junior - SUCCESS
2025-08-15 19:45:08 - clientPlatform processing for: krtkneki123
2025-08-15 19:45:08 - Client info: , Platform: Windows, Groups: 13,377
2025-08-15 19:45:08 - Adding platform group 278 for client krtkneki123 - SUCCESS
2025-08-15 19:49:24 - clientPlatform processing for: moči
2025-08-15 19:49:24 - Client info: , Platform: Windows, Groups: 12,377
2025-08-15 19:49:24 - Adding platform group 278 for client moči - SUCCESS
2025-08-15 19:49:44 - clientPlatform processing for: moči
2025-08-15 19:49:44 - Client info: , Platform: Windows, Groups: 12,377
2025-08-15 19:49:44 - Adding platform group 278 for client moči - SUCCESS
2025-08-15 19:49:55 - clientPlatform processing for: ego1str0ma
2025-08-15 19:49:55 - Client info: , Platform: Windows, Groups: 266,377
2025-08-15 19:49:55 - Adding platform group 278 for client ego1str0ma - SUCCESS
2025-08-15 19:50:52 - clientPlatform processing for: namja
2025-08-15 19:50:52 - Client info: , Platform: Windows, Groups: 266,377
2025-08-15 19:50:52 - Adding platform group 278 for client namja - SUCCESS
2025-08-15 20:01:14 - clientPlatform processing for: pashokey
2025-08-15 20:01:14 - Client info: , Platform: Windows, Groups: 14,377
2025-08-15 20:01:14 - Adding platform group 278 for client pashokey - SUCCESS
2025-08-15 20:05:51 - clientPlatform processing for: TeamSpeakUser1
2025-08-15 20:05:51 - Client info: , Platform: Windows, Groups: 13,377
2025-08-15 20:05:51 - Adding platform group 278 for client TeamSpeakUser1 - SUCCESS
2025-08-15 20:06:18 - clientPlatform processing for: Despaier
2025-08-15 20:06:18 - Client info: , Platform: Windows, Groups: 13,377
2025-08-15 20:06:19 - Adding platform group 278 for client Despaier - SUCCESS
2025-08-15 20:07:38 - clientPlatform processing for: pashokey
2025-08-15 20:07:38 - Client info: , Platform: Windows, Groups: 14,377
2025-08-15 20:07:38 - Adding platform group 278 for client pashokey - SUCCESS
2025-08-15 20:07:49 - clientPlatform processing for: -Nano-15
2025-08-15 20:07:49 - Client info: , Platform: Windows, Groups: 266,377
2025-08-15 20:07:49 - Adding platform group 278 for client -Nano-15 - SUCCESS
2025-08-15 20:10:32 - clientPlatform processing for: Чех
2025-08-15 20:10:32 - Client info: , Platform: Windows, Groups: 17,377
2025-08-15 20:10:32 - Adding platform group 278 for client Чех - SUCCESS
2025-08-15 20:10:43 - clientPlatform processing for: Maprhendil
2025-08-15 20:10:43 - Client info: , Platform: Windows, Groups: 18,377
2025-08-15 20:10:43 - Adding platform group 278 for client Maprhendil - SUCCESS
2025-08-15 20:10:52 - clientPlatform processing for: рэдик
2025-08-15 20:10:52 - Client info: , Platform: Windows, Groups: 263,377
2025-08-15 20:10:53 - Adding platform group 278 for client рэдик - SUCCESS
2025-08-15 20:11:03 - clientPlatform processing for: clamoris
2025-08-15 20:11:03 - Client info: , Platform: Windows, Groups: 13,377
2025-08-15 20:11:03 - Adding platform group 278 for client clamoris - SUCCESS
2025-08-15 20:11:12 - clientPlatform processing for: clamoris
2025-08-15 20:11:12 - Client info: , Platform: Windows, Groups: 13,377
2025-08-15 20:11:12 - Adding platform group 278 for client clamoris - SUCCESS
2025-08-15 20:11:36 - clientPlatform processing for: clamoris
2025-08-15 20:11:36 - Client info: , Platform: Windows, Groups: 13,278,294,377
2025-08-15 20:11:36 - Client already has platform group 278
2025-08-15 20:12:11 - clientPlatform processing for: nox
2025-08-15 20:12:11 - Client info: , Platform: Windows, Groups: 266,377
2025-08-15 20:12:11 - Adding platform group 278 for client nox - SUCCESS
2025-08-15 20:12:26 - clientPlatform processing for: nox
2025-08-15 20:12:26 - Client info: , Platform: Windows, Groups: 266,377
2025-08-15 20:12:26 - Adding platform group 278 for client nox - SUCCESS
2025-08-15 20:12:46 - clientPlatform processing for: SYRUSSS
2025-08-15 20:12:46 - Client info: , Platform: Windows, Groups: 263,377
2025-08-15 20:12:46 - Adding platform group 278 for client SYRUSSS - SUCCESS
2025-08-15 20:12:49 - clientPlatform processing for: SYRUSSS
2025-08-15 20:12:49 - Client info: , Platform: Windows, Groups: 263,377
2025-08-15 20:12:49 - Adding platform group 278 for client SYRUSSS - SUCCESS
2025-08-15 20:12:59 - clientPlatform processing for: SYRUSSS
2025-08-15 20:12:59 - Client info: , Platform: Windows, Groups: 263,278,294,377,435
2025-08-15 20:12:59 - Client already has platform group 278
2025-08-15 20:13:04 - clientPlatform processing for: stanleyipkiss
2025-08-15 20:13:04 - Client info: , Platform: Windows, Groups: 11,377
2025-08-15 20:13:04 - Adding platform group 278 for client stanleyipkiss - SUCCESS
2025-08-15 20:13:50 - clientPlatform processing for: TeamSpeakUser2
2025-08-15 20:13:50 - Client info: , Platform: Windows, Groups: 7
2025-08-15 20:13:50 - Adding platform group 278 for client TeamSpeakUser2 - SUCCESS
2025-08-15 20:16:55 - clientPlatform processing for: TeamSpeakUser5
2025-08-15 20:16:55 - Client info: , Platform: Windows, Groups: 7
2025-08-15 20:16:55 - Adding platform group 278 for client TeamSpeakUser5 - SUCCESS
2025-08-15 20:18:39 - clientPlatform processing for: HellYeah
2025-08-15 20:18:39 - Client info: , Platform: Windows, Groups: 7
2025-08-15 20:18:39 - Adding platform group 278 for client HellYeah - SUCCESS
2025-08-15 20:19:46 - clientPlatform processing for: yasha-_
2025-08-15 20:19:46 - Client info: , Platform: Windows, Groups: 11,377
2025-08-15 20:19:46 - Adding platform group 278 for client yasha-_ - SUCCESS
2025-08-15 20:21:26 - clientPlatform processing for: mitsuki7
2025-08-15 20:21:26 - Client info: , Platform: Windows, Groups: 11,377
2025-08-15 20:21:26 - Adding platform group 278 for client mitsuki7 - SUCCESS
2025-08-15 20:21:29 - clientPlatform processing for: Ciko#
2025-08-15 20:21:29 - Client info: , Platform: Windows, Groups: 12,377
2025-08-15 20:21:29 - Adding platform group 278 for client Ciko# - SUCCESS
2025-08-15 20:21:31 - clientPlatform processing for: Ciko#
2025-08-15 20:21:31 - Client info: , Platform: Windows, Groups: 12,377
2025-08-15 20:21:31 - Group already assigned (detected from error), skipping
2025-08-15 20:21:31 - Adding platform group 278 for client Ciko# - SUCCESS
2025-08-15 20:21:32 - clientPlatform processing for: Ciko#
2025-08-15 20:21:32 - Client info: , Platform: Windows, Groups: 12,377
2025-08-15 20:21:32 - Group already assigned (detected from error), skipping
2025-08-15 20:21:32 - Adding platform group 278 for client Ciko# - SUCCESS
2025-08-15 20:22:44 - clientPlatform processing for: СИСЯМАСИСЯ
2025-08-15 20:22:44 - Client info: , Platform: Windows, Groups: 18,377
2025-08-15 20:22:44 - Adding platform group 278 for client СИСЯМАСИСЯ - SUCCESS
2025-08-15 20:23:37 - clientPlatform processing for: Gomba
2025-08-15 20:23:37 - Client info: , Platform: Windows, Groups: 11,369
2025-08-15 20:23:37 - Adding platform group 278 for client Gomba - SUCCESS
2025-08-15 20:28:20 - clientPlatform processing for: TheKingFish
2025-08-15 20:28:20 - Client info: , Platform: Windows, Groups: 15,377
2025-08-15 20:28:20 - Adding platform group 278 for client TheKingFish - SUCCESS
2025-08-15 20:28:54 - clientPlatform processing for: FF_Hamburger
2025-08-15 20:28:54 - Client info: , Platform: Windows, Groups: 265,377
2025-08-15 20:28:54 - Adding platform group 278 for client FF_Hamburger - SUCCESS
2025-08-15 20:29:01 - clientPlatform processing for: daviddavid1957
2025-08-15 20:29:01 - Client info: , Platform: Windows, Groups: 265,377
2025-08-15 20:29:01 - Adding platform group 278 for client daviddavid1957 - SUCCESS
2025-08-15 20:29:14 - clientPlatform processing for: frosh
2025-08-15 20:29:14 - Client info: , Platform: Windows, Groups: 7
2025-08-15 20:29:14 - Adding platform group 278 for client frosh - SUCCESS
2025-08-15 20:31:21 - clientPlatform processing for: mogulyok
2025-08-15 20:31:21 - Client info: , Platform: Windows, Groups: 11,377
2025-08-15 20:31:21 - Adding platform group 278 for client mogulyok - SUCCESS
2025-08-15 20:32:24 - clientPlatform processing for: SYRUSSS
2025-08-15 20:32:24 - Client info: , Platform: Windows, Groups: 263,377
2025-08-15 20:32:24 - Adding platform group 278 for client SYRUSSS - SUCCESS
2025-08-15 20:36:49 - clientPlatform processing for: digitalmix
2025-08-15 20:36:49 - Client info: , Platform: Windows, Groups: 17,377
2025-08-15 20:36:49 - Adding platform group 278 for client digitalmix - SUCCESS
2025-08-15 20:38:28 - clientPlatform processing for: hudabin
2025-08-15 20:38:28 - Client info: , Platform: Windows, Groups: 263,377
2025-08-15 20:38:28 - Adding platform group 278 for client hudabin - SUCCESS
2025-08-15 20:40:04 - clientPlatform processing for: Efkeyy
2025-08-15 20:40:04 - Client info: , Platform: Windows, Groups: 17,377
2025-08-15 20:40:04 - Adding platform group 278 for client Efkeyy - SUCCESS
2025-08-15 20:41:14 - clientPlatform processing for: FataL1Day
2025-08-15 20:41:14 - Client info: , Platform: Windows, Groups: 266,377
2025-08-15 20:41:14 - Adding platform group 278 for client FataL1Day - SUCCESS
2025-08-15 20:45:43 - clientPlatform processing for: Prime
2025-08-15 20:45:43 - Client info: , Platform: Windows, Groups: 8,369
2025-08-15 20:45:43 - Adding platform group 278 for client Prime - SUCCESS
2025-08-15 20:46:07 - clientPlatform processing for: astraiser
2025-08-15 20:46:07 - Client info: , Platform: Windows, Groups: 263,377
2025-08-15 20:46:07 - Adding platform group 278 for client astraiser - SUCCESS
2025-08-15 20:46:14 - clientPlatform processing for: TeamSpeakUser2
2025-08-15 20:46:14 - Client info: , Platform: Windows, Groups: 8,369
2025-08-15 20:46:14 - Adding platform group 278 for client TeamSpeakUser2 - SUCCESS
2025-08-15 20:46:32 - clientPlatform processing for: TeamSpeakUser6
2025-08-15 20:46:32 - Client info: , Platform: Windows, Groups: 9,369
2025-08-15 20:46:32 - Adding platform group 278 for client TeamSpeakUser6 - SUCCESS
2025-08-15 20:47:31 - clientPlatform processing for: чурки мимо
2025-08-15 20:47:31 - Client info: , Platform: Windows, Groups: 7
2025-08-15 20:47:31 - Adding platform group 278 for client чурки мимо - SUCCESS
2025-08-15 20:47:31 - clientPlatform processing for: чурки мимо
2025-08-15 20:47:31 - Client info: , Platform: Windows, Groups: 7
2025-08-15 20:47:31 - Group already assigned (detected from error), skipping
2025-08-15 20:47:31 - Adding platform group 278 for client чурки мимо - SUCCESS
2025-08-15 20:47:31 - clientPlatform processing for: чурки мимо
2025-08-15 20:47:31 - Client info: , Platform: Windows, Groups: 7
2025-08-15 20:47:31 - Group already assigned (detected from error), skipping
2025-08-15 20:47:31 - Adding platform group 278 for client чурки мимо - SUCCESS
2025-08-15 20:47:58 - clientPlatform processing for: GAMAZ
2025-08-15 20:47:58 - Client info: , Platform: Windows, Groups: 10,369
2025-08-15 20:47:58 - Adding platform group 278 for client GAMAZ - SUCCESS
2025-08-15 20:52:09 - clientPlatform processing for: мффмфмфмфмфм
2025-08-15 20:52:09 - Client info: , Platform: Windows, Groups: 13,377
2025-08-15 20:52:09 - Adding platform group 278 for client мффмфмфмфмфм - SUCCESS
2025-08-15 20:57:14 - clientPlatform processing for: INSANE
2025-08-15 20:57:14 - Client info: , Platform: Windows, Groups: 18,377
2025-08-15 20:57:14 - Adding platform group 278 for client INSANE - SUCCESS
2025-08-15 20:58:41 - clientPlatform processing for: maruk
2025-08-15 20:58:41 - Client info: , Platform: Windows, Groups: 13,377
2025-08-15 20:58:41 - Adding platform group 278 for client maruk - SUCCESS
2025-08-15 20:59:46 - clientPlatform processing for: kyojin
2025-08-15 20:59:46 - Client info: , Platform: Windows, Groups: 15,377
2025-08-15 20:59:46 - Adding platform group 278 for client kyojin - SUCCESS
2025-08-15 21:05:58 - clientPlatform processing for: b1t1x
2025-08-15 21:05:58 - Client info: , Platform: Windows, Groups: 266,377
2025-08-15 21:05:58 - Adding platform group 278 for client b1t1x - SUCCESS
2025-08-15 21:06:43 - clientPlatform processing for: kkayzzer
2025-08-15 21:06:43 - Client info: , Platform: Windows, Groups: 14,377
2025-08-15 21:06:43 - Adding platform group 278 for client kkayzzer - SUCCESS
2025-08-15 21:07:12 - clientPlatform processing for: kkayzzer
2025-08-15 21:07:12 - Client info: , Platform: Windows, Groups: 14,377
2025-08-15 21:07:12 - Adding platform group 278 for client kkayzzer - SUCCESS
2025-08-15 21:07:55 - clientPlatform processing for: kkayzzer
2025-08-15 21:07:55 - Client info: , Platform: Windows, Groups: 14,377
2025-08-15 21:07:55 - Adding platform group 278 for client kkayzzer - SUCCESS
2025-08-15 21:09:03 - clientPlatform processing for: -EscA`#
2025-08-15 21:09:03 - Client info: , Platform: Windows, Groups: 17,377
2025-08-15 21:09:03 - Adding platform group 278 for client -EscA`# - SUCCESS
2025-08-15 21:10:01 - clientPlatform processing for: credolls
2025-08-15 21:10:01 - Client info: , Platform: Windows, Groups: 18,377
2025-08-15 21:10:01 - Adding platform group 278 for client credolls - SUCCESS
2025-08-15 21:11:40 - clientPlatform processing for: m1Gs
2025-08-15 21:11:40 - Client info: , Platform: Windows, Groups: 13,377
2025-08-15 21:11:40 - Adding platform group 278 for client m1Gs - SUCCESS
2025-08-15 21:11:42 - clientPlatform processing for: bohun ivan
2025-08-15 21:11:42 - Client info: , Platform: Windows, Groups: 263,377
2025-08-15 21:11:42 - Adding platform group 278 for client bohun ivan - SUCCESS
2025-08-15 21:13:00 - clientPlatform processing for: NaiRoD
2025-08-15 21:13:00 - Client info: , Platform: Windows, Groups: 20,377
2025-08-15 21:13:00 - Adding platform group 278 for client NaiRoD - SUCCESS
2025-08-15 21:14:12 - clientPlatform processing for: Aura_Kone
2025-08-15 21:14:12 - Client info: , Platform: Windows, Groups: 18,377
2025-08-15 21:14:12 - Adding platform group 278 for client Aura_Kone - SUCCESS
2025-08-15 21:14:59 - clientPlatform processing for: goran
2025-08-15 21:14:59 - Client info: , Platform: Windows, Groups: 266,377
2025-08-15 21:14:59 - Adding platform group 278 for client goran - SUCCESS
2025-08-15 21:15:22 - clientPlatform processing for: SHLYHA
2025-08-15 21:15:22 - Client info: , Platform: Windows, Groups: 266,377
2025-08-15 21:15:22 - Adding platform group 278 for client SHLYHA - SUCCESS
2025-08-15 21:15:57 - clientPlatform processing for: mitsuki7
2025-08-15 21:15:57 - Client info: , Platform: Windows, Groups: 11,377
2025-08-15 21:15:57 - Adding platform group 278 for client mitsuki7 - SUCCESS
2025-08-15 21:16:07 - clientPlatform processing for: Baldiez
2025-08-15 21:16:07 - Client info: , Platform: Windows, Groups: 12,377
2025-08-15 21:16:07 - Adding platform group 278 for client Baldiez - SUCCESS
2025-08-15 21:17:14 - clientPlatform processing for: kkayzzer
2025-08-15 21:17:14 - Client info: , Platform: Windows, Groups: 14,377
2025-08-15 21:17:14 - Adding platform group 278 for client kkayzzer - SUCCESS
2025-08-15 21:17:47 - clientPlatform processing for: reverz
2025-08-15 21:17:47 - Client info: , Platform: Windows, Groups: 266,377
2025-08-15 21:17:47 - Adding platform group 278 for client reverz - SUCCESS
2025-08-15 21:18:58 - clientPlatform processing for: Blood.born
2025-08-15 21:18:58 - Client info: , Platform: Windows, Groups: 14,377
2025-08-15 21:18:58 - Adding platform group 278 for client Blood.born - SUCCESS
2025-08-15 21:19:11 - clientPlatform processing for: Halilclml42
2025-08-15 21:19:11 - Client info: , Platform: Windows, Groups: 11,377
2025-08-15 21:19:11 - Adding platform group 278 for client Halilclml42 - SUCCESS
2025-08-15 21:19:48 - clientPlatform processing for: INSANE
2025-08-15 21:19:48 - Client info: , Platform: Windows, Groups: 18,377
2025-08-15 21:19:48 - Adding platform group 278 for client INSANE - SUCCESS
2025-08-15 21:20:09 - clientPlatform processing for: TeamSpeakUser1
2025-08-15 21:20:09 - Client info: , Platform: Windows, Groups: 15,377
2025-08-15 21:20:09 - Adding platform group 278 for client TeamSpeakUser1 - SUCCESS
2025-08-15 21:21:13 - clientPlatform processing for: Animepseh
2025-08-15 21:21:13 - Client info: , Platform: Windows, Groups: 11,377
2025-08-15 21:21:13 - Adding platform group 278 for client Animepseh - SUCCESS
2025-08-15 21:23:15 - clientPlatform processing for: gothiccg
2025-08-15 21:23:15 - Client info: , Platform: Windows, Groups: 264,377
2025-08-15 21:23:15 - Adding platform group 278 for client gothiccg - SUCCESS
2025-08-15 21:29:19 - clientPlatform processing for: ridzazz
2025-08-15 21:29:19 - Client info: , Platform: Windows, Groups: 14,377
2025-08-15 21:29:19 - Adding platform group 278 for client ridzazz - SUCCESS
2025-08-15 21:29:31 - clientPlatform processing for: 1nemanjaves
2025-08-15 21:29:31 - Client info: , Platform: Windows, Groups: 14,377
2025-08-15 21:29:31 - Adding platform group 278 for client 1nemanjaves - SUCCESS
2025-08-15 21:32:31 - clientPlatform processing for: -EscA`#
2025-08-15 21:32:31 - Client info: , Platform: Windows, Groups: 17,377
2025-08-15 21:32:31 - Adding platform group 278 for client -EscA`# - SUCCESS
2025-08-15 21:33:01 - clientPlatform processing for: tobi
2025-08-15 21:33:01 - Client info: , Platform: OS X, Groups: 14,377
2025-08-15 21:33:01 - Adding platform group 280 for client tobi - SUCCESS
2025-08-15 21:33:14 - clientPlatform processing for: -W1LLL
2025-08-15 21:33:14 - Client info: , Platform: Windows, Groups: 17,377
2025-08-15 21:33:14 - Adding platform group 278 for client -W1LLL - SUCCESS
2025-08-15 21:33:21 - clientPlatform processing for: Hampino
2025-08-15 21:33:21 - Client info: , Platform: Windows, Groups: 265,377
2025-08-15 21:33:21 - Adding platform group 278 for client Hampino - SUCCESS
2025-08-15 21:34:52 - clientPlatform processing for: joy
2025-08-15 21:34:52 - Client info: , Platform: Windows, Groups: 266,377
2025-08-15 21:34:52 - Adding platform group 278 for client joy - SUCCESS
2025-08-15 21:35:31 - clientPlatform processing for: pez0
2025-08-15 21:35:31 - Client info: , Platform: Windows, Groups: 14,377
2025-08-15 21:35:31 - Adding platform group 278 for client pez0 - SUCCESS
2025-08-15 21:37:26 - clientPlatform processing for: sameqqq
2025-08-15 21:37:26 - Client info: , Platform: Windows, Groups: 17,377
2025-08-15 21:37:26 - Adding platform group 278 for client sameqqq - SUCCESS
2025-08-15 21:38:40 - clientPlatform processing for: vertig0
2025-08-15 21:38:40 - Client info: , Platform: Windows, Groups: 14,377
2025-08-15 21:38:40 - Adding platform group 278 for client vertig0 - SUCCESS
2025-08-15 21:38:52 - clientPlatform processing for: TeamSpeakUser1
2025-08-15 21:38:52 - Client info: , Platform: Windows, Groups: 15,377
2025-08-15 21:38:52 - Adding platform group 278 for client TeamSpeakUser1 - SUCCESS
2025-08-15 21:39:04 - clientPlatform processing for: mostafa
2025-08-15 21:39:04 - Client info: , Platform: Windows, Groups: 266,377
2025-08-15 21:39:04 - Adding platform group 278 for client mostafa - SUCCESS
2025-08-15 21:44:42 - clientPlatform processing for: TeamSpeakUser1
2025-08-15 21:44:42 - Client info: , Platform: Windows, Groups: 15,377
2025-08-15 21:44:42 - Adding platform group 278 for client TeamSpeakUser1 - SUCCESS
2025-08-15 21:46:28 - clientPlatform processing for: Abazachkun
2025-08-15 21:46:28 - Client info: , Platform: Windows, Groups: 264,377
2025-08-15 21:46:28 - Adding platform group 278 for client Abazachkun - SUCCESS
2025-08-15 21:46:57 - clientPlatform processing for: Alpha09
2025-08-15 21:46:57 - Client info: , Platform: Windows, Groups: 266,377
2025-08-15 21:46:57 - Adding platform group 278 for client Alpha09 - SUCCESS
2025-08-15 21:49:01 - clientPlatform processing for: TeamSpeakUser13
2025-08-15 21:49:01 - Client info: , Platform: Windows, Groups: 18,96,377
2025-08-15 21:49:01 - Adding platform group 278 for client TeamSpeakUser13 - SUCCESS
2025-08-15 21:49:33 - clientPlatform processing for: AMINOV
2025-08-15 21:49:33 - Client info: , Platform: Windows, Groups: 17,139,145,161,225,377
2025-08-15 21:49:33 - Adding platform group 278 for client AMINOV - SUCCESS
2025-08-15 21:49:33 - clientPlatform processing for: AMINOV
2025-08-15 21:49:33 - Client info: , Platform: Windows, Groups: 17,139,145,161,225,377
2025-08-15 21:49:33 - Group already assigned (detected from error), skipping
2025-08-15 21:49:33 - Adding platform group 278 for client AMINOV - SUCCESS
2025-08-15 21:49:33 - clientPlatform processing for: AMINOV
2025-08-15 21:49:33 - Client info: , Platform: Windows, Groups: 17,139,145,161,225,377
2025-08-15 21:49:33 - Group already assigned (detected from error), skipping
2025-08-15 21:49:33 - Adding platform group 278 for client AMINOV - SUCCESS
2025-08-15 21:50:11 - clientPlatform processing for: sajjad
2025-08-15 21:50:11 - Client info: , Platform: Windows, Groups: 266,377
2025-08-15 21:50:11 - Adding platform group 278 for client sajjad - SUCCESS
2025-08-15 21:52:16 - clientPlatform processing for: AlvaRoniXs
2025-08-15 21:52:16 - Client info: , Platform: Windows, Groups: 33,161,180,377
2025-08-15 21:52:16 - Adding platform group 278 for client AlvaRoniXs - SUCCESS
2025-08-15 21:56:11 - clientPlatform processing for: чурки мимо
2025-08-15 21:56:11 - Client info: , Platform: Windows, Groups: 8,369
2025-08-15 21:56:11 - Adding platform group 278 for client чурки мимо - SUCCESS
2025-08-15 21:56:56 - clientPlatform processing for: Axtic
2025-08-15 21:56:56 - Client info: , Platform: Windows, Groups: 17,377
2025-08-15 21:56:56 - Adding platform group 278 for client Axtic - SUCCESS
2025-08-15 21:57:04 - clientPlatform processing for: kingg2412
2025-08-15 21:57:04 - Client info: , Platform: Windows, Groups: 266,377
2025-08-15 21:57:04 - Adding platform group 278 for client kingg2412 - SUCCESS
2025-08-15 21:57:46 - clientPlatform processing for: kızlıkbozan33
2025-08-15 21:57:46 - Client info: , Platform: Windows, Groups: 266,377
2025-08-15 21:57:46 - Adding platform group 278 for client kızlıkbozan33 - SUCCESS
2025-08-15 22:00:49 - clientPlatform processing for: kingg2412
2025-08-15 22:00:49 - Client info: , Platform: Windows, Groups: 266,377
2025-08-15 22:00:49 - Adding platform group 278 for client kingg2412 - SUCCESS
2025-08-15 22:07:23 - clientPlatform processing for: aslan
2025-08-15 22:07:23 - Client info: , Platform: Windows, Groups: 14,377
2025-08-15 22:07:23 - Adding platform group 278 for client aslan - SUCCESS
2025-08-15 22:13:21 - clientPlatform processing for: kaetanin
2025-08-15 22:13:21 - Client info: , Platform: Windows, Groups: 17,377
2025-08-15 22:13:21 - Adding platform group 278 for client kaetanin - SUCCESS
2025-08-15 22:18:10 - clientPlatform processing for: mitsuki7
2025-08-15 22:18:10 - Client info: , Platform: Windows, Groups: 11,377
2025-08-15 22:18:10 - Adding platform group 278 for client mitsuki7 - SUCCESS
2025-08-15 22:18:20 - clientPlatform processing for: yasha-_
2025-08-15 22:18:20 - Client info: , Platform: Windows, Groups: 11,377
2025-08-15 22:18:20 - Adding platform group 278 for client yasha-_ - SUCCESS
2025-08-15 22:23:52 - clientPlatform processing for: MC durak
2025-08-15 22:23:52 - Client info: , Platform: Windows, Groups: 17,377
2025-08-15 22:23:52 - Adding platform group 278 for client MC durak - SUCCESS
2025-08-15 22:24:03 - clientPlatform processing for: MC durak
2025-08-15 22:24:03 - Client info: , Platform: Windows, Groups: 17,377
2025-08-15 22:24:03 - Adding platform group 278 for client MC durak - SUCCESS
2025-08-15 22:27:26 - clientPlatform processing for: ilia777
2025-08-15 22:27:26 - Client info: , Platform: Windows, Groups: 7
2025-08-15 22:27:26 - Adding platform group 278 for client ilia777 - SUCCESS
2025-08-15 22:27:27 - clientPlatform processing for: yasha-_
2025-08-15 22:27:27 - Client info: , Platform: Windows, Groups: 11,377
2025-08-15 22:27:27 - Adding platform group 278 for client yasha-_ - SUCCESS
2025-08-15 22:27:55 - clientPlatform processing for: Sfanon
2025-08-15 22:27:55 - Client info: , Platform: Windows, Groups: 14,377
2025-08-15 22:27:55 - Adding platform group 278 for client Sfanon - SUCCESS
2025-08-15 22:27:59 - clientPlatform processing for: Dazer
2025-08-15 22:27:59 - Client info: , Platform: Windows, Groups: 14,377
2025-08-15 22:27:59 - Adding platform group 278 for client Dazer - SUCCESS
2025-08-15 22:30:00 - clientPlatform processing for: fl4sh
2025-08-15 22:30:00 - Client info: , Platform: Windows, Groups: 266,377
2025-08-15 22:30:00 - Adding platform group 278 for client fl4sh - SUCCESS
2025-08-15 22:31:01 - clientPlatform processing for: Ballack
2025-08-15 22:31:01 - Client info: , Platform: Windows, Groups: 13,377
2025-08-15 22:31:01 - Adding platform group 278 for client Ballack - SUCCESS
2025-08-15 22:31:21 - clientPlatform processing for: Last
2025-08-15 22:31:21 - Client info: , Platform: Windows, Groups: 17,377
2025-08-15 22:31:21 - Adding platform group 278 for client Last - SUCCESS
2025-08-15 22:31:27 - clientPlatform processing for: kızlıkbozan33
2025-08-15 22:31:27 - Client info: , Platform: Windows, Groups: 266,377
2025-08-15 22:31:27 - Adding platform group 278 for client kızlıkbozan33 - SUCCESS
2025-08-15 22:31:38 - clientPlatform processing for: Yusoso
2025-08-15 22:31:38 - Client info: , Platform: Windows, Groups: 15,377
2025-08-15 22:31:38 - Adding platform group 278 for client Yusoso - SUCCESS
2025-08-15 22:31:40 - clientPlatform processing for: KurtaBesidaTV
2025-08-15 22:31:40 - Client info: , Platform: Windows, Groups: 11,377
2025-08-15 22:31:40 - Adding platform group 278 for client KurtaBesidaTV - SUCCESS
2025-08-15 22:31:50 - clientPlatform processing for: NightStalker
2025-08-15 22:31:50 - Client info: , Platform: Windows, Groups: 14,377
2025-08-15 22:31:50 - Adding platform group 278 for client NightStalker - SUCCESS
2025-08-15 22:32:36 - clientPlatform processing for: TeamSpeakUser2
2025-08-15 22:32:36 - Client info: , Platform: Windows, Groups: 264,377
2025-08-15 22:32:36 - Adding platform group 278 for client TeamSpeakUser2 - SUCCESS
2025-08-15 22:32:40 - clientPlatform processing for: TeamSpeakUser2
2025-08-15 22:32:40 - Client info: , Platform: Windows, Groups: 264,377
2025-08-15 22:32:40 - Adding platform group 278 for client TeamSpeakUser2 - SUCCESS
2025-08-15 22:32:46 - clientPlatform processing for: TeamSpeakUser2
2025-08-15 22:32:46 - Client info: , Platform: Windows, Groups: 264,278,295,377,435
2025-08-15 22:32:46 - Client already has platform group 278
2025-08-15 22:33:02 - clientPlatform processing for: ivansultan
2025-08-15 22:33:02 - Client info: , Platform: Windows, Groups: 266,377
2025-08-15 22:33:02 - Adding platform group 278 for client ivansultan - SUCCESS
2025-08-15 22:36:27 - clientPlatform processing for: ALPHA
2025-08-15 22:36:27 - Client info: , Platform: Windows, Groups: 14,377
2025-08-15 22:36:27 - Adding platform group 278 for client ALPHA - SUCCESS
2025-08-15 22:37:21 - clientPlatform processing for: TeamSpeakUser1
2025-08-15 22:37:21 - Client info: , Platform: Windows, Groups: 15,377
2025-08-15 22:37:21 - Adding platform group 278 for client TeamSpeakUser1 - SUCCESS
2025-08-15 22:37:47 - clientPlatform processing for: zzzCorleonezzz ( Бислан )
2025-08-15 22:37:47 - Client info: , Platform: Windows, Groups: 15,377
2025-08-15 22:37:47 - Adding platform group 278 for client zzzCorleonezzz ( Бислан ) - SUCCESS
2025-08-15 22:38:39 - clientPlatform processing for: lonezzz
2025-08-15 22:38:39 - Client info: , Platform: Windows, Groups: 11,377
2025-08-15 22:38:39 - Adding platform group 278 for client lonezzz - SUCCESS
2025-08-15 22:40:22 - clientPlatform processing for: Seyit
2025-08-15 22:40:22 - Client info: , Platform: Windows, Groups: 266,377
2025-08-15 22:40:22 - Adding platform group 278 for client Seyit - SUCCESS
2025-08-15 22:42:50 - clientPlatform processing for: rutr13x
2025-08-15 22:42:50 - Client info: , Platform: Windows, Groups: 10,369
2025-08-15 22:42:50 - Adding platform group 278 for client rutr13x - SUCCESS
2025-08-15 22:42:58 - clientPlatform processing for: Asshol;e
2025-08-15 22:42:58 - Client info: , Platform: Windows, Groups: 9,369
2025-08-15 22:42:58 - Adding platform group 278 for client Asshol;e - SUCCESS
2025-08-15 22:44:54 - clientPlatform processing for: Боцман777
2025-08-15 22:44:54 - Client info: , Platform: Windows, Groups: 19,377
2025-08-15 22:44:54 - Adding platform group 278 for client Боцман777 - SUCCESS
2025-08-15 22:45:02 - clientPlatform processing for: teaman11
2025-08-15 22:45:02 - Client info: , Platform: Windows, Groups: 263,377
2025-08-15 22:45:02 - Adding platform group 278 for client teaman11 - SUCCESS
2025-08-15 22:45:04 - clientPlatform processing for: shinigami
2025-08-15 22:45:04 - Client info: , Platform: Windows, Groups: 26,377,381,383,385
2025-08-15 22:45:04 - Adding platform group 278 for client shinigami - SUCCESS
2025-08-15 22:45:07 - clientPlatform processing for: Gerne
2025-08-15 22:45:07 - Client info: , Platform: Windows, Groups: 7
2025-08-15 22:45:07 - Adding platform group 278 for client Gerne - SUCCESS
2025-08-15 22:48:34 - clientPlatform processing for: sajjad
2025-08-15 22:48:34 - Client info: , Platform: Windows, Groups: 266,377
2025-08-15 22:48:34 - Adding platform group 278 for client sajjad - SUCCESS
2025-08-15 22:50:51 - clientPlatform processing for: Asshol;e
2025-08-15 22:50:51 - Client info: , Platform: Windows, Groups: 9,369
2025-08-15 22:50:51 - Adding platform group 278 for client Asshol;e - SUCCESS
2025-08-15 22:50:51 - clientPlatform processing for: Asshol;e
2025-08-15 22:50:51 - Client info: , Platform: Windows, Groups: 9,369
2025-08-15 22:50:51 - Group already assigned (detected from error), skipping
2025-08-15 22:50:51 - Adding platform group 278 for client Asshol;e - SUCCESS
2025-08-15 22:50:52 - clientPlatform processing for: Asshol;e
2025-08-15 22:50:52 - Client info: , Platform: Windows, Groups: 9,369
2025-08-15 22:50:52 - Group already assigned (detected from error), skipping
2025-08-15 22:50:52 - Adding platform group 278 for client Asshol;e - SUCCESS
2025-08-15 22:54:12 - clientPlatform processing for: mogulyok
2025-08-15 22:54:12 - Client info: , Platform: Windows, Groups: 11,377
2025-08-15 22:54:12 - Adding platform group 278 for client mogulyok - SUCCESS
2025-08-15 22:56:22 - clientPlatform processing for: kingg2412
2025-08-15 22:56:22 - Client info: , Platform: Windows, Groups: 266,377
2025-08-15 22:56:22 - Adding platform group 278 for client kingg2412 - SUCCESS
2025-08-15 22:57:12 - clientPlatform processing for: -Nano-15
2025-08-15 22:57:12 - Client info: , Platform: Windows, Groups: 266,377
2025-08-15 22:57:12 - Adding platform group 278 for client -Nano-15 - SUCCESS
2025-08-15 22:58:01 - clientPlatform processing for: -Nano-15
2025-08-15 22:58:01 - Client info: , Platform: Windows, Groups: 266,377
2025-08-15 22:58:01 - Adding platform group 278 for client -Nano-15 - SUCCESS
2025-08-15 22:58:42 - clientPlatform processing for: kingg2412
2025-08-15 22:58:42 - Client info: , Platform: Windows, Groups: 266,377
2025-08-15 22:58:42 - Adding platform group 278 for client kingg2412 - SUCCESS
2025-08-15 22:59:26 - clientPlatform processing for: KvaKing95
2025-08-15 22:59:26 - Client info: , Platform: Windows, Groups: 263,377
2025-08-15 22:59:26 - Adding platform group 278 for client KvaKing95 - SUCCESS
2025-08-15 22:59:43 - clientPlatform processing for: kingg2412
2025-08-15 22:59:43 - Client info: , Platform: Windows, Groups: 266,377
2025-08-15 22:59:43 - Adding platform group 278 for client kingg2412 - SUCCESS
2025-08-15 23:00:42 - clientPlatform processing for: kingg2412
2025-08-15 23:00:42 - Client info: , Platform: Windows, Groups: 266,377
2025-08-15 23:00:42 - Adding platform group 278 for client kingg2412 - SUCCESS
2025-08-15 23:01:05 - clientPlatform processing for: TeamSpeakUser3
2025-08-15 23:01:05 - Client info: , Platform: Windows, Groups: 9,369
2025-08-15 23:01:05 - Adding platform group 278 for client TeamSpeakUser3 - SUCCESS
2025-08-15 23:02:14 - clientPlatform processing for: -Nano-15
2025-08-15 23:02:14 - Client info: , Platform: Windows, Groups: 266,377
2025-08-15 23:02:14 - Adding platform group 278 for client -Nano-15 - SUCCESS
2025-08-15 23:02:22 - clientPlatform processing for: kingg2412
2025-08-15 23:02:22 - Client info: , Platform: Windows, Groups: 266,377
2025-08-15 23:02:22 - Adding platform group 278 for client kingg2412 - SUCCESS
2025-08-15 23:04:40 - clientPlatform processing for: Halilclml42
2025-08-15 23:04:40 - Client info: , Platform: Windows, Groups: 11,377
2025-08-15 23:04:40 - Adding platform group 278 for client Halilclml42 - SUCCESS
2025-08-15 23:04:41 - clientPlatform processing for: redan_22
2025-08-15 23:04:41 - Client info: , Platform: Windows, Groups: 14,377
2025-08-15 23:04:41 - Adding platform group 278 for client redan_22 - SUCCESS
2025-08-15 23:04:47 - clientPlatform processing for: cuffe
2025-08-15 23:04:47 - Client info: , Platform: Windows, Groups: 14,377
2025-08-15 23:04:47 - Adding platform group 278 for client cuffe - SUCCESS
2025-08-15 23:08:47 - clientPlatform processing for: motadbicar
2025-08-15 23:08:47 - Client info: , Platform: Windows, Groups: 264,377
2025-08-15 23:08:48 - Adding platform group 278 for client motadbicar - SUCCESS
2025-08-15 23:08:55 - clientPlatform processing for: TeamSpeakUser4
2025-08-15 23:08:55 - Client info: , Platform: Windows, Groups: 11,377
2025-08-15 23:08:55 - Adding platform group 278 for client TeamSpeakUser4 - SUCCESS
2025-08-15 23:09:19 - clientPlatform processing for: ...
2025-08-15 23:09:19 - Client info: , Platform: Windows, Groups: 9,369
2025-08-15 23:09:19 - Adding platform group 278 for client ... - SUCCESS
2025-08-15 23:11:30 - clientPlatform processing for: Machine":
2025-08-15 23:11:30 - Client info: , Platform: Windows, Groups: 264,377
2025-08-15 23:11:30 - Adding platform group 278 for client Machine": - SUCCESS
2025-08-15 23:12:26 - clientPlatform processing for: motadbicar
2025-08-15 23:12:26 - Client info: , Platform: Windows, Groups: 264,377
2025-08-15 23:12:26 - Adding platform group 278 for client motadbicar - SUCCESS
2025-08-15 23:14:21 - clientPlatform processing for: Platonuch_UA
2025-08-15 23:14:21 - Client info: , Platform: Windows, Groups: 20,377
2025-08-15 23:14:21 - Adding platform group 278 for client Platonuch_UA - SUCCESS
2025-08-15 23:16:32 - clientPlatform processing for: NoMed
2025-08-15 23:16:32 - Client info: , Platform: Windows, Groups: 17,377
2025-08-15 23:16:32 - Adding platform group 278 for client NoMed - SUCCESS
2025-08-15 23:16:57 - clientPlatform processing for: Jaws
2025-08-15 23:16:57 - Client info: , Platform: Windows, Groups: 15,377
2025-08-15 23:16:57 - Adding platform group 278 for client Jaws - SUCCESS
2025-08-15 23:17:04 - clientPlatform processing for: motadbicar
2025-08-15 23:17:04 - Client info: , Platform: Windows, Groups: 264,377
2025-08-15 23:17:04 - Adding platform group 278 for client motadbicar - SUCCESS
2025-08-15 23:18:25 - clientPlatform processing for: Koniciva
2025-08-15 23:18:25 - Client info: , Platform: Windows, Groups: 264,377
2025-08-15 23:18:25 - Adding platform group 278 for client Koniciva - SUCCESS
2025-08-15 23:18:41 - clientPlatform processing for: Seyit
2025-08-15 23:18:41 - Client info: , Platform: Windows, Groups: 266,377
2025-08-15 23:18:41 - Adding platform group 278 for client Seyit - SUCCESS
2025-08-15 23:19:24 - clientPlatform processing for: KingDriver
2025-08-15 23:19:24 - Client info: , Platform: Windows, Groups: 264,377
2025-08-15 23:19:24 - Adding platform group 278 for client KingDriver - SUCCESS
2025-08-15 23:20:09 - clientPlatform processing for: tvoiGospidDima
2025-08-15 23:20:09 - Client info: , Platform: Windows, Groups: 11,377
2025-08-15 23:20:09 - Adding platform group 278 for client tvoiGospidDima - SUCCESS
2025-08-15 23:28:56 - clientPlatform processing for: butcher
2025-08-15 23:28:56 - Client info: , Platform: Windows, Groups: 13,377
2025-08-15 23:28:56 - Adding platform group 278 for client butcher - SUCCESS
2025-08-15 23:30:31 - clientPlatform processing for: ardoş
2025-08-15 23:30:31 - Client info: , Platform: Windows, Groups: 17,377
2025-08-15 23:30:32 - Adding platform group 278 for client ardoş - SUCCESS
2025-08-15 23:31:44 - clientPlatform processing for: mevlutozkara
2025-08-15 23:31:44 - Client info: , Platform: Windows, Groups: 266,377
2025-08-15 23:31:44 - Adding platform group 278 for client mevlutozkara - SUCCESS
2025-08-15 23:33:06 - clientPlatform processing for: parham
2025-08-15 23:33:06 - Client info: , Platform: Windows, Groups: 10,369
2025-08-15 23:33:06 - Adding platform group 278 for client parham - SUCCESS
2025-08-15 23:42:16 - clientPlatform processing for: PipkaOtca
2025-08-15 23:42:16 - Client info: , Platform: Windows, Groups: 266,377
2025-08-15 23:42:16 - Adding platform group 278 for client PipkaOtca - SUCCESS
2025-08-15 23:42:32 - clientPlatform processing for: TeamSpeakUser3
2025-08-15 23:42:32 - Client info: , Platform: Windows, Groups: 266,377
2025-08-15 23:42:32 - Adding platform group 278 for client TeamSpeakUser3 - SUCCESS
2025-08-15 23:44:37 - clientPlatform processing for: alexei_shubin
2025-08-15 23:44:37 - Client info: , Platform: Windows, Groups: 264,377
2025-08-15 23:44:37 - Adding platform group 278 for client alexei_shubin - SUCCESS
2025-08-15 23:52:03 - clientPlatform processing for: ZeyphiZ
2025-08-15 23:52:03 - Client info: , Platform: Windows, Groups: 266,377
2025-08-15 23:52:04 - Adding platform group 278 for client ZeyphiZ - SUCCESS
2025-08-15 23:52:25 - clientPlatform processing for: peek
2025-08-15 23:52:25 - Client info: , Platform: Windows, Groups: 7
2025-08-15 23:52:25 - Adding platform group 278 for client peek - SUCCESS
2025-08-15 23:59:40 - clientPlatform processing for: Antonio
2025-08-15 23:59:40 - Client info: , Platform: Windows, Groups: 8,369
2025-08-15 23:59:40 - Adding platform group 278 for client Antonio - SUCCESS
