2025-06-27 00:01:39 - clientPlatform processing for: Jai / Emrah / 30
2025-06-27 00:01:39 - Client info: , Platform: Windows, Groups: 7
2025-06-27 00:01:39 - Adding platform group 278 for client Jai / Emrah / 30 - SUCCESS
2025-06-27 00:01:41 - clientPlatform processing for: emirhnxnn
2025-06-27 00:01:41 - Client info: , Platform: Windows, Groups: 7
2025-06-27 00:01:41 - Adding platform group 278 for client emirhnxnn - SUCCESS
2025-06-27 00:02:01 - clientPlatform processing for: TeamSpeakUser2
2025-06-27 00:02:01 - Client info: , Platform: Windows, Groups: 12,377
2025-06-27 00:02:01 - Adding platform group 278 for client TeamSpeakUser2 - SUCCESS
2025-06-27 00:02:01 - clientPlatform processing for: TeamSpeakUser2
2025-06-27 00:02:01 - Client info: , Platform: Windows, Groups: 12,377
2025-06-27 00:02:01 - Group already assigned (detected from error), skipping
2025-06-27 00:02:01 - Adding platform group 278 for client TeamSpeakUser2 - SUCCESS
2025-06-27 00:02:02 - clientPlatform processing for: TeamSpeakUser2
2025-06-27 00:02:02 - Client info: , Platform: Windows, Groups: 12,377
2025-06-27 00:02:02 - Group already assigned (detected from error), skipping
2025-06-27 00:02:02 - Adding platform group 278 for client TeamSpeakUser2 - SUCCESS
2025-06-27 00:02:05 - clientPlatform processing for: Jai / Emrah / 30
2025-06-27 00:02:05 - Client info: , Platform: Windows, Groups: 8,369
2025-06-27 00:02:05 - Adding platform group 278 for client Jai / Emrah / 30 - SUCCESS
2025-06-27 00:03:45 - clientPlatform processing for: MC durak
2025-06-27 00:03:45 - Client info: , Platform: Windows, Groups: 266,377
2025-06-27 00:03:45 - Adding platform group 278 for client MC durak - SUCCESS
2025-06-27 00:03:50 - clientPlatform processing for: Mystra
2025-06-27 00:03:50 - Client info: , Platform: Windows, Groups: 12,377
2025-06-27 00:03:50 - Adding platform group 278 for client Mystra - SUCCESS
2025-06-27 00:04:52 - clientPlatform processing for: ayz1n
2025-06-27 00:04:52 - Client info: , Platform: Windows, Groups: 15,377
2025-06-27 00:04:52 - Adding platform group 278 for client ayz1n - SUCCESS
2025-06-27 00:12:18 - clientPlatform processing for: TeamSpeakUser2
2025-06-27 00:12:18 - Client info: , Platform: Windows, Groups: 12,377
2025-06-27 00:12:18 - Adding platform group 278 for client TeamSpeakUser2 - SUCCESS
2025-06-27 00:13:11 - clientPlatform processing for: ivansultan
2025-06-27 00:13:11 - Client info: , Platform: Windows, Groups: 265,377
2025-06-27 00:13:11 - Adding platform group 278 for client ivansultan - SUCCESS
2025-06-27 00:13:27 - clientPlatform processing for: Jai / Emrah / 30
2025-06-27 00:13:27 - Client info: , Platform: Windows, Groups: 8,369
2025-06-27 00:13:27 - Adding platform group 278 for client Jai / Emrah / 30 - SUCCESS
2025-06-27 00:18:03 - clientPlatform processing for: Faith
2025-06-27 00:18:03 - Client info: , Platform: Windows, Groups: 17,377
2025-06-27 00:18:03 - Adding platform group 278 for client Faith - SUCCESS
2025-06-27 00:18:15 - clientPlatform processing for: Victuziin
2025-06-27 00:18:15 - Client info: , Platform: Windows, Groups: 11,377
2025-06-27 00:18:15 - Adding platform group 278 for client Victuziin - SUCCESS
2025-06-27 00:20:41 - clientPlatform processing for: TeamSpeakUser2
2025-06-27 00:20:41 - Client info: , Platform: Windows, Groups: 12,377
2025-06-27 00:20:41 - Adding platform group 278 for client TeamSpeakUser2 - SUCCESS
2025-06-27 00:22:36 - clientPlatform processing for: Jai / Emrah / 30
2025-06-27 00:22:36 - Client info: , Platform: Windows, Groups: 8,369
2025-06-27 00:22:36 - Adding platform group 278 for client Jai / Emrah / 30 - SUCCESS
2025-06-27 00:28:46 - clientPlatform processing for: NaCl_
2025-06-27 00:28:46 - Client info: , Platform: Windows, Groups: 10,369
2025-06-27 00:28:46 - Adding platform group 278 for client NaCl_ - SUCCESS
2025-06-27 00:30:57 - clientPlatform processing for: Xeur
2025-06-27 00:30:57 - Client info: , Platform: Windows, Groups: 12,377
2025-06-27 00:30:57 - Adding platform group 278 for client Xeur - SUCCESS
2025-06-27 00:31:01 - clientPlatform processing for: Jai / Emrah / 30
2025-06-27 00:31:01 - Client info: , Platform: Windows, Groups: 8,369
2025-06-27 00:31:01 - Adding platform group 278 for client Jai / Emrah / 30 - SUCCESS
2025-06-27 00:31:41 - clientPlatform processing for: emirhnxnn
2025-06-27 00:31:41 - Client info: , Platform: Windows, Groups: 8,369
2025-06-27 00:31:41 - Adding platform group 278 for client emirhnxnn - SUCCESS
2025-06-27 00:35:44 - clientPlatform processing for: Потужний Фід
2025-06-27 00:35:44 - Client info: , Platform: Windows, Groups: 263,377
2025-06-27 00:35:44 - Adding platform group 278 for client Потужний Фід - SUCCESS
2025-06-27 00:36:06 - clientPlatform processing for: myarz
2025-06-27 00:36:06 - Client info: , Platform: Windows, Groups: 14,377
2025-06-27 00:36:06 - Adding platform group 278 for client myarz - SUCCESS
2025-06-27 00:38:16 - clientPlatform processing for: Pol'zovatel'
2025-06-27 00:38:16 - Client info: , Platform: Windows, Groups: 18,377
2025-06-27 00:38:16 - Adding platform group 278 for client Pol'zovatel' - SUCCESS
2025-06-27 00:42:37 - clientPlatform processing for: Hostville
2025-06-27 00:42:37 - Client info: , Platform: Windows, Groups: 11,377
2025-06-27 00:42:37 - Adding platform group 278 for client Hostville - SUCCESS
2025-06-27 00:42:37 - clientPlatform processing for: Hostville
2025-06-27 00:42:37 - Client info: , Platform: Windows, Groups: 11,377
2025-06-27 00:42:37 - Group already assigned (detected from error), skipping
2025-06-27 00:42:37 - Adding platform group 278 for client Hostville - SUCCESS
2025-06-27 00:42:38 - clientPlatform processing for: Hostville
2025-06-27 00:42:38 - Client info: , Platform: Windows, Groups: 11,377
2025-06-27 00:42:38 - Group already assigned (detected from error), skipping
2025-06-27 00:42:38 - Adding platform group 278 for client Hostville - SUCCESS
2025-06-27 00:49:40 - clientPlatform processing for: Ameeeeeeeeer
2025-06-27 00:49:40 - Client info: , Platform: Windows, Groups: 15,377
2025-06-27 00:49:40 - Adding platform group 278 for client Ameeeeeeeeer - SUCCESS
2025-06-27 01:08:21 - clientPlatform processing for: GSavio
2025-06-27 01:08:21 - Client info: , Platform: Windows, Groups: 266,377
2025-06-27 01:08:21 - Adding platform group 278 for client GSavio - SUCCESS
2025-06-27 01:12:10 - clientPlatform processing for: F4funder
2025-06-27 01:12:10 - Client info: , Platform: Windows, Groups: 15,377
2025-06-27 01:12:10 - Adding platform group 278 for client F4funder - SUCCESS
2025-06-27 01:15:09 - clientPlatform processing for: Денис
2025-06-27 01:15:09 - Client info: , Platform: Windows, Groups: 12,377
2025-06-27 01:15:09 - Adding platform group 278 for client Денис - SUCCESS
2025-06-27 01:15:09 - clientPlatform processing for: Денис
2025-06-27 01:15:09 - Client info: , Platform: Windows, Groups: 12,377
2025-06-27 01:15:09 - Group already assigned (detected from error), skipping
2025-06-27 01:15:09 - Adding platform group 278 for client Денис - SUCCESS
2025-06-27 01:15:09 - clientPlatform processing for: Денис
2025-06-27 01:15:09 - Client info: , Platform: Windows, Groups: 12,377
2025-06-27 01:15:09 - Group already assigned (detected from error), skipping
2025-06-27 01:15:09 - Adding platform group 278 for client Денис - SUCCESS
2025-06-27 01:16:10 - clientPlatform processing for: Уебище
2025-06-27 01:16:10 - Client info: , Platform: Windows, Groups: 266,377
2025-06-27 01:16:10 - Adding platform group 278 for client Уебище - SUCCESS
2025-06-27 01:18:11 - clientPlatform processing for: SYRUSSS
2025-06-27 01:18:11 - Client info: , Platform: Windows, Groups: 17,377
2025-06-27 01:18:11 - Adding platform group 278 for client SYRUSSS - SUCCESS
2025-06-27 01:18:11 - clientPlatform processing for: SYRUSSS
2025-06-27 01:18:11 - Client info: , Platform: Windows, Groups: 17,377
2025-06-27 01:18:11 - Group already assigned (detected from error), skipping
2025-06-27 01:18:11 - Adding platform group 278 for client SYRUSSS - SUCCESS
2025-06-27 01:18:12 - clientPlatform processing for: SYRUSSS
2025-06-27 01:18:12 - Client info: , Platform: Windows, Groups: 17,377
2025-06-27 01:18:12 - Group already assigned (detected from error), skipping
2025-06-27 01:18:12 - Adding platform group 278 for client SYRUSSS - SUCCESS
2025-06-27 01:24:07 - clientPlatform processing for: FXjulius
2025-06-27 01:24:07 - Client info: , Platform: Windows, Groups: 266,377
2025-06-27 01:24:07 - Adding platform group 278 for client FXjulius - SUCCESS
2025-06-27 01:26:17 - clientPlatform processing for: Xeur
2025-06-27 01:26:17 - Client info: , Platform: Windows, Groups: 12,377
2025-06-27 01:26:17 - Adding platform group 278 for client Xeur - SUCCESS
2025-06-27 01:27:33 - clientPlatform processing for: Mystra
2025-06-27 01:27:33 - Client info: , Platform: Windows, Groups: 12,377
2025-06-27 01:27:33 - Adding platform group 278 for client Mystra - SUCCESS
2025-06-27 01:29:09 - clientPlatform processing for: tenshin_non
2025-06-27 01:29:09 - Client info: , Platform: Windows, Groups: 18,377
2025-06-27 01:29:09 - Adding platform group 278 for client tenshin_non - SUCCESS
2025-06-27 01:31:45 - clientPlatform processing for: batuhnn
2025-06-27 01:31:45 - Client info: , Platform: Windows, Groups: 13,377
2025-06-27 01:31:45 - Adding platform group 278 for client batuhnn - SUCCESS
2025-06-27 01:31:49 - clientPlatform processing for: Richard_TH
2025-06-27 01:31:49 - Client info: , Platform: Windows, Groups: 18,377
2025-06-27 01:31:49 - Adding platform group 278 for client Richard_TH - SUCCESS
2025-06-27 01:34:54 - clientPlatform processing for: добрий вечір
2025-06-27 01:34:54 - Client info: , Platform: Windows, Groups: 265,377
2025-06-27 01:34:54 - Adding platform group 278 for client добрий вечір - SUCCESS
2025-06-27 01:39:43 - clientPlatform processing for: 1.6 fsi ders paket
2025-06-27 01:39:43 - Client info: , Platform: Windows, Groups: 14,377
2025-06-27 01:39:43 - Adding platform group 278 for client 1.6 fsi ders paket - SUCCESS
2025-06-27 01:40:23 - clientPlatform processing for: batuhnn
2025-06-27 01:40:23 - Client info: , Platform: Windows, Groups: 13,377
2025-06-27 01:40:23 - Adding platform group 278 for client batuhnn - SUCCESS
2025-06-27 01:42:00 - clientPlatform processing for: Jaws
2025-06-27 01:42:00 - Client info: , Platform: Windows, Groups: 266,377
2025-06-27 01:42:00 - Adding platform group 278 for client Jaws - SUCCESS
2025-06-27 01:50:08 - clientPlatform processing for: ван гогг
2025-06-27 01:50:08 - Client info: , Platform: Windows, Groups: 265,377
2025-06-27 01:50:08 - Adding platform group 278 for client ван гогг - SUCCESS
2025-06-27 01:51:43 - clientPlatform processing for: MATAN
2025-06-27 01:51:43 - Client info: , Platform: Windows, Groups: 266,377
2025-06-27 01:51:43 - Adding platform group 278 for client MATAN - SUCCESS
2025-06-27 01:54:22 - clientPlatform processing for: 1.6 fsi ders paket
2025-06-27 01:54:22 - Client info: , Platform: Windows, Groups: 14,377
2025-06-27 01:54:22 - Adding platform group 278 for client 1.6 fsi ders paket - SUCCESS
2025-06-27 01:54:56 - clientPlatform processing for: 1.6 fsi ders paket
2025-06-27 01:54:56 - Client info: , Platform: Windows, Groups: 14,377
2025-06-27 01:54:56 - Adding platform group 278 for client 1.6 fsi ders paket - SUCCESS
2025-06-27 01:55:57 - clientPlatform processing for: F4funder
2025-06-27 01:55:57 - Client info: , Platform: Windows, Groups: 15,377
2025-06-27 01:55:57 - Adding platform group 278 for client F4funder - SUCCESS
2025-06-27 01:56:28 - clientPlatform processing for: nam
2025-06-27 01:56:28 - Client info: , Platform: Windows, Groups: 266,377
2025-06-27 01:56:28 - Adding platform group 278 for client nam - SUCCESS
2025-06-27 03:30:28 - clientPlatform processing for: Victuziin
2025-06-27 03:30:28 - Client info: , Platform: Windows, Groups: 11,377
2025-06-27 03:30:28 - Adding platform group 278 for client Victuziin - SUCCESS
2025-06-27 03:30:41 - clientPlatform processing for: Faith
2025-06-27 03:30:41 - Client info: , Platform: Windows, Groups: 17,377
2025-06-27 03:30:41 - Adding platform group 278 for client Faith - SUCCESS
2025-06-27 04:23:47 - clientPlatform processing for: f.donato
2025-06-27 04:23:47 - Client info: , Platform: Android, Groups: 265,377
2025-06-27 04:23:47 - Adding platform group 282 for client f.donato - SUCCESS
2025-06-27 04:28:44 - clientPlatform processing for: Victuziin
2025-06-27 04:28:44 - Client info: , Platform: Windows, Groups: 11,377
2025-06-27 04:28:44 - Adding platform group 278 for client Victuziin - SUCCESS
2025-06-27 05:29:49 - clientPlatform processing for: f.donato
2025-06-27 05:29:49 - Client info: , Platform: Android, Groups: 265,377
2025-06-27 05:29:49 - Adding platform group 282 for client f.donato - SUCCESS
2025-06-27 05:40:47 - clientPlatform processing for: d3x^clk;;WHO??
2025-06-27 05:40:47 - Client info: , Platform: Windows, Groups: 7
2025-06-27 05:40:48 - Adding platform group 278 for client d3x^clk;;WHO?? - SUCCESS
2025-06-27 05:57:56 - clientPlatform processing for: артур пирожков
2025-06-27 05:57:56 - Client info: , Platform: Windows, Groups: 263,377
2025-06-27 05:57:56 - Adding platform group 278 for client артур пирожков - SUCCESS
2025-06-27 05:59:08 - clientPlatform processing for: SysmoUsercid=140
2025-06-27 05:59:08 - Client info: , Platform: Windows, Groups: 17,377
2025-06-27 05:59:08 - Adding platform group 278 for client SysmoUsercid=140 - SUCCESS
2025-06-27 06:01:12 - clientPlatform processing for: f.donato
2025-06-27 06:01:12 - Client info: , Platform: Android, Groups: 265,377
2025-06-27 06:01:12 - Adding platform group 282 for client f.donato - SUCCESS
2025-06-27 06:57:14 - clientPlatform processing for: ratera
2025-06-27 06:57:14 - Client info: , Platform: Windows, Groups: 12,377
2025-06-27 06:57:14 - Adding platform group 278 for client ratera - SUCCESS
2025-06-27 06:58:43 - clientPlatform processing for: Chico
2025-06-27 06:58:43 - Client info: , Platform: Windows, Groups: 266,377
2025-06-27 06:58:43 - Adding platform group 278 for client Chico - SUCCESS
2025-06-27 07:20:27 - clientPlatform processing for: Rix
2025-06-27 07:20:27 - Client info: , Platform: Windows, Groups: 12,377
2025-06-27 07:20:27 - Adding platform group 278 for client Rix - SUCCESS
2025-06-27 07:37:18 - clientPlatform processing for: dadaok
2025-06-27 07:37:18 - Client info: , Platform: Windows, Groups: 21,377
2025-06-27 07:37:18 - Adding platform group 278 for client dadaok - SUCCESS
2025-06-27 07:56:12 - clientPlatform processing for: Frostmourne__
2025-06-27 07:56:12 - Client info: , Platform: Windows, Groups: 14,377
2025-06-27 07:56:12 - Adding platform group 278 for client Frostmourne__ - SUCCESS
2025-06-27 08:01:59 - clientPlatform processing for: Nu_Bass
2025-06-27 08:01:59 - Client info: , Platform: Windows, Groups: 9,369
2025-06-27 08:01:59 - Adding platform group 278 for client Nu_Bass - SUCCESS
2025-06-27 08:03:02 - clientPlatform processing for: Frostmourne__
2025-06-27 08:03:02 - Client info: , Platform: Windows, Groups: 14,377
2025-06-27 08:03:02 - Adding platform group 278 for client Frostmourne__ - SUCCESS
2025-06-27 08:52:10 - clientPlatform processing for: Ireta690
2025-06-27 08:52:10 - Client info: , Platform: Windows, Groups: 12,377
2025-06-27 08:52:10 - Adding platform group 278 for client Ireta690 - SUCCESS
2025-06-27 08:52:20 - clientPlatform processing for: Swepliix
2025-06-27 08:52:20 - Client info: , Platform: Windows, Groups: 13,377
2025-06-27 08:52:20 - Adding platform group 278 for client Swepliix - SUCCESS
2025-06-27 08:54:58 - clientPlatform processing for: 4iff
2025-06-27 08:54:58 - Client info: , Platform: Windows, Groups: 22,377
2025-06-27 08:54:58 - Adding platform group 278 for client 4iff - SUCCESS
2025-06-27 09:04:23 - clientPlatform processing for: Elnur
2025-06-27 09:04:23 - Client info: , Platform: Windows, Groups: 13,377
2025-06-27 09:04:23 - Adding platform group 278 for client Elnur - SUCCESS
2025-06-27 09:14:11 - clientPlatform processing for: Fafaddd
2025-06-27 09:14:11 - Client info: , Platform: Windows, Groups: 12,377
2025-06-27 09:14:11 - Adding platform group 278 for client Fafaddd - SUCCESS
2025-06-27 09:15:42 - clientPlatform processing for: Fafaddd
2025-06-27 09:15:42 - Client info: , Platform: Windows, Groups: 12,377
2025-06-27 09:15:42 - Adding platform group 278 for client Fafaddd - SUCCESS
2025-06-27 09:35:16 - clientPlatform processing for: shinigami
2025-06-27 09:35:16 - Client info: , Platform: Windows, Groups: 25,377,381,383,385
2025-06-27 09:35:16 - Adding platform group 278 for client shinigami - SUCCESS
2025-06-27 09:36:45 - clientPlatform processing for: Mix
2025-06-27 09:36:45 - Client info: , Platform: Windows, Groups: 18,377
2025-06-27 09:36:45 - Adding platform group 278 for client Mix - SUCCESS
2025-06-27 09:42:43 - clientPlatform processing for: 4iff
2025-06-27 09:42:43 - Client info: , Platform: Windows, Groups: 22,377
2025-06-27 09:42:43 - Adding platform group 278 for client 4iff - SUCCESS
2025-06-27 09:51:02 - clientPlatform processing for: 6aldy_
2025-06-27 09:51:02 - Client info: , Platform: Windows, Groups: 264,377
2025-06-27 09:51:02 - Adding platform group 278 for client 6aldy_ - SUCCESS
2025-06-27 09:51:05 - clientPlatform processing for: 6aldy_
2025-06-27 09:51:05 - Client info: , Platform: Windows, Groups: 264,377
2025-06-27 09:51:05 - Group already assigned (detected from error), skipping
2025-06-27 09:51:05 - Adding platform group 278 for client 6aldy_ - SUCCESS
2025-06-27 09:51:06 - clientPlatform processing for: 6aldy_
2025-06-27 09:51:06 - Client info: , Platform: Windows, Groups: 264,377
2025-06-27 09:51:06 - Group already assigned (detected from error), skipping
2025-06-27 09:51:06 - Adding platform group 278 for client 6aldy_ - SUCCESS
2025-06-27 09:51:07 - clientPlatform processing for: 6aldy_
2025-06-27 09:51:07 - Client info: , Platform: Windows, Groups: 264,377
2025-06-27 09:51:07 - Group already assigned (detected from error), skipping
2025-06-27 09:51:07 - Adding platform group 278 for client 6aldy_ - SUCCESS
2025-06-27 09:51:09 - clientPlatform processing for: 6aldy_
2025-06-27 09:51:09 - Client info: , Platform: Windows, Groups: 264,377
2025-06-27 09:51:09 - Group already assigned (detected from error), skipping
2025-06-27 09:51:09 - Adding platform group 278 for client 6aldy_ - SUCCESS
2025-06-27 09:53:51 - clientPlatform processing for: Musto
2025-06-27 09:53:51 - Client info: , Platform: Windows, Groups: 266,285,377
2025-06-27 09:53:51 - Adding platform group 278 for client Musto - SUCCESS
2025-06-27 09:59:24 - clientPlatform processing for: Barış
2025-06-27 09:59:24 - Client info: , Platform: Windows, Groups: 15,377
2025-06-27 09:59:24 - Adding platform group 278 for client Barış - SUCCESS
2025-06-27 10:02:33 - clientPlatform processing for: weow
2025-06-27 10:02:33 - Client info: , Platform: Windows, Groups: 266,377
2025-06-27 10:02:33 - Adding platform group 278 for client weow - SUCCESS
2025-06-27 10:34:54 - clientPlatform processing for: Kowismo
2025-06-27 10:34:54 - Client info: , Platform: Windows, Groups: 6,270,377,422
2025-06-27 10:34:54 - Adding platform group 278 for client Kowismo - SUCCESS
2025-06-27 10:53:02 - clientPlatform processing for: artikn
2025-06-27 10:53:02 - Client info: , Platform: Windows, Groups: 14,377
2025-06-27 10:53:02 - Adding platform group 278 for client artikn - SUCCESS
2025-06-27 11:04:47 - clientPlatform processing for: Nevskiiiy
2025-06-27 11:04:47 - Client info: , Platform: Windows, Groups: 263,377
2025-06-27 11:04:47 - Adding platform group 278 for client Nevskiiiy - SUCCESS
2025-06-27 11:22:09 - clientPlatform processing for: SysmoUsercid=140
2025-06-27 11:22:09 - Client info: , Platform: Windows, Groups: 263,377
2025-06-27 11:22:09 - Adding platform group 278 for client SysmoUsercid=140 - SUCCESS
2025-06-27 11:22:49 - clientPlatform processing for: kesh1k
2025-06-27 11:22:49 - Client info: , Platform: Windows, Groups: 266,377
2025-06-27 11:22:49 - Adding platform group 278 for client kesh1k - SUCCESS
2025-06-27 11:34:21 - clientPlatform processing for: SysmoUsercid=140
2025-06-27 11:34:21 - Client info: , Platform: Windows, Groups: 263,377
2025-06-27 11:34:21 - Adding platform group 278 for client SysmoUsercid=140 - SUCCESS
2025-06-27 11:36:53 - clientPlatform processing for: baysikimdeğil
2025-06-27 11:36:53 - Client info: , Platform: Windows, Groups: 266,377
2025-06-27 11:36:53 - Adding platform group 278 for client baysikimdeğil - SUCCESS
2025-06-27 11:49:31 - clientPlatform processing for: trener
2025-06-27 11:49:31 - Client info: , Platform: Windows, Groups: 11,369
2025-06-27 11:49:31 - Adding platform group 278 for client trener - SUCCESS
2025-06-27 11:49:45 - clientPlatform processing for: ПожилаяОстановка
2025-06-27 11:49:45 - Client info: , Platform: Windows, Groups: 14,377
2025-06-27 11:49:45 - Adding platform group 278 for client ПожилаяОстановка - SUCCESS
2025-06-27 11:50:42 - clientPlatform processing for: trener
2025-06-27 11:50:42 - Client info: , Platform: Windows, Groups: 11,369
2025-06-27 11:50:42 - Adding platform group 278 for client trener - SUCCESS
2025-06-27 12:00:53 - clientPlatform processing for: muha1ov
2025-06-27 12:00:53 - Client info: , Platform: Windows, Groups: 13,377
2025-06-27 12:00:53 - Adding platform group 278 for client muha1ov - SUCCESS
2025-06-27 12:02:18 - clientPlatform processing for: w1nd1x
2025-06-27 12:02:18 - Client info: , Platform: Windows, Groups: 266,377
2025-06-27 12:02:18 - Adding platform group 278 for client w1nd1x - SUCCESS
2025-06-27 12:02:44 - clientPlatform processing for: kushi
2025-06-27 12:02:44 - Client info: , Platform: Windows, Groups: 13,377
2025-06-27 12:02:44 - Adding platform group 278 for client kushi - SUCCESS
2025-06-27 12:08:27 - clientPlatform processing for: Kurs
2025-06-27 12:08:27 - Client info: , Platform: Windows, Groups: 266,377
2025-06-27 12:08:27 - Adding platform group 278 for client Kurs - SUCCESS
2025-06-27 12:08:27 - clientPlatform processing for: Kurs
2025-06-27 12:08:27 - Client info: , Platform: Windows, Groups: 266,377
2025-06-27 12:08:27 - Group already assigned (detected from error), skipping
2025-06-27 12:08:27 - Adding platform group 278 for client Kurs - SUCCESS
2025-06-27 12:08:27 - clientPlatform processing for: Kurs
2025-06-27 12:08:27 - Client info: , Platform: Windows, Groups: 266,377
2025-06-27 12:08:27 - Group already assigned (detected from error), skipping
2025-06-27 12:08:27 - Adding platform group 278 for client Kurs - SUCCESS
2025-06-27 12:12:28 - clientPlatform processing for: TeamSpeakUser
2025-06-27 12:12:28 - Client info: , Platform: Windows, Groups: 265,377
2025-06-27 12:12:28 - Adding platform group 278 for client TeamSpeakUser - SUCCESS
2025-06-27 12:14:32 - clientPlatform processing for: KvaKing95
2025-06-27 12:14:32 - Client info: , Platform: Windows, Groups: 17,377
2025-06-27 12:14:32 - Adding platform group 278 for client KvaKing95 - SUCCESS
2025-06-27 12:17:40 - clientPlatform processing for: baysikimdeğil
2025-06-27 12:17:40 - Client info: , Platform: Windows, Groups: 266,377
2025-06-27 12:17:40 - Adding platform group 278 for client baysikimdeğil - SUCCESS
2025-06-27 12:35:29 - clientPlatform processing for: AlvaRoniX$
2025-06-27 12:35:29 - Client info: , Platform: Windows, Groups: 33,161,377
2025-06-27 12:35:29 - Adding platform group 278 for client AlvaRoniX$ - SUCCESS
2025-06-27 12:39:14 - clientPlatform processing for: deschka
2025-06-27 12:39:14 - Client info: , Platform: Windows, Groups: 266,377
2025-06-27 12:39:14 - Adding platform group 278 for client deschka - SUCCESS
2025-06-27 12:41:12 - clientPlatform processing for: Мезика
2025-06-27 12:41:12 - Client info: , Platform: Windows, Groups: 10,369
2025-06-27 12:41:12 - Adding platform group 278 for client Мезика - SUCCESS
2025-06-27 12:52:00 - clientPlatform processing for: Hostville
2025-06-27 12:52:00 - Client info: , Platform: Windows, Groups: 12,377
2025-06-27 12:52:00 - Adding platform group 278 for client Hostville - SUCCESS
2025-06-27 12:52:11 - clientPlatform processing for: parzi
2025-06-27 12:52:11 - Client info: , Platform: Windows, Groups: 17,377
2025-06-27 12:52:11 - Adding platform group 278 for client parzi - SUCCESS
2025-06-27 12:55:07 - clientPlatform processing for: Xeur
2025-06-27 12:55:07 - Client info: , Platform: Windows, Groups: 12,377
2025-06-27 12:55:07 - Adding platform group 278 for client Xeur - SUCCESS
2025-06-27 12:55:24 - clientPlatform processing for: ak24aa
2025-06-27 12:55:24 - Client info: , Platform: Windows, Groups: 17,377
2025-06-27 12:55:24 - Adding platform group 278 for client ak24aa - SUCCESS
2025-06-27 12:57:35 - clientPlatform processing for: nima
2025-06-27 12:57:35 - Client info: , Platform: Windows, Groups: 13,377
2025-06-27 12:57:35 - Adding platform group 278 for client nima - SUCCESS
2025-06-27 12:58:40 - clientPlatform processing for: aeRR
2025-06-27 12:58:40 - Client info: , Platform: Windows, Groups: 17,377
2025-06-27 12:58:40 - Adding platform group 278 for client aeRR - SUCCESS
2025-06-27 12:59:20 - clientPlatform processing for: moeino7
2025-06-27 12:59:20 - Client info: , Platform: Windows, Groups: 13,377
2025-06-27 12:59:20 - Adding platform group 278 for client moeino7 - SUCCESS
2025-06-27 13:00:43 - clientPlatform processing for: x7uned 🌊
2025-06-27 13:00:43 - Client info: , Platform: Windows, Groups: 17,377
2025-06-27 13:00:43 - Adding platform group 278 for client x7uned 🌊 - SUCCESS
2025-06-27 13:05:56 - clientPlatform processing for: DADA
2025-06-27 13:05:56 - Client info: , Platform: Windows, Groups: 266,377
2025-06-27 13:05:56 - Adding platform group 278 for client DADA - SUCCESS
2025-06-27 13:07:50 - clientPlatform processing for: billy nogami
2025-06-27 13:07:50 - Client info: , Platform: Windows, Groups: 265,377
2025-06-27 13:07:50 - Adding platform group 278 for client billy nogami - SUCCESS
2025-06-27 13:09:18 - clientPlatform processing for: s1nat0r
2025-06-27 13:09:18 - Client info: , Platform: Windows, Groups: 13,377
2025-06-27 13:09:18 - Adding platform group 278 for client s1nat0r - SUCCESS
2025-06-27 13:09:55 - clientPlatform processing for: Kodex1703
2025-06-27 13:09:55 - Client info: , Platform: Windows, Groups: 13,377
2025-06-27 13:09:55 - Adding platform group 278 for client Kodex1703 - SUCCESS
2025-06-27 13:11:49 - clientPlatform processing for: Aura_Kone
2025-06-27 13:11:49 - Client info: , Platform: Windows, Groups: 18,377
2025-06-27 13:11:49 - Adding platform group 278 for client Aura_Kone - SUCCESS
2025-06-27 13:15:21 - clientPlatform processing for: Skylord
2025-06-27 13:15:21 - Client info: , Platform: Windows, Groups: 266,377
2025-06-27 13:15:21 - Adding platform group 278 for client Skylord - SUCCESS
2025-06-27 13:15:43 - clientPlatform processing for: Nostalgia 2
2025-06-27 13:15:43 - Client info: , Platform: Windows, Groups: 17,377
2025-06-27 13:15:43 - Adding platform group 278 for client Nostalgia 2 - SUCCESS
2025-06-27 13:21:23 - clientPlatform processing for: DADA
2025-06-27 13:21:23 - Client info: , Platform: Windows, Groups: 266,377
2025-06-27 13:21:23 - Adding platform group 278 for client DADA - SUCCESS
2025-06-27 13:23:35 - clientPlatform processing for: nox
2025-06-27 13:23:35 - Client info: , Platform: Windows, Groups: 266,377
2025-06-27 13:23:35 - Adding platform group 278 for client nox - SUCCESS
2025-06-27 13:37:45 - clientPlatform processing for: Kodex1703
2025-06-27 13:37:45 - Client info: , Platform: Windows, Groups: 13,377
2025-06-27 13:37:45 - Adding platform group 278 for client Kodex1703 - SUCCESS
2025-06-27 13:37:57 - clientPlatform processing for: erik
2025-06-27 13:37:57 - Client info: , Platform: Windows, Groups: 266,377
2025-06-27 13:37:57 - Adding platform group 278 for client erik - SUCCESS
2025-06-27 13:41:08 - clientPlatform processing for: MrWalder
2025-06-27 13:41:08 - Client info: , Platform: Windows, Groups: 13,377
2025-06-27 13:41:08 - Adding platform group 278 for client MrWalder - SUCCESS
2025-06-27 13:41:25 - clientPlatform processing for: erik
2025-06-27 13:41:25 - Client info: , Platform: Windows, Groups: 266,377
2025-06-27 13:41:25 - Adding platform group 278 for client erik - SUCCESS
2025-06-27 13:43:10 - clientPlatform processing for: TeamSpeakUser2
2025-06-27 13:43:10 - Client info: , Platform: Windows, Groups: 266,377
2025-06-27 13:43:10 - Adding platform group 278 for client TeamSpeakUser2 - SUCCESS
2025-06-27 13:43:44 - clientPlatform processing for: skbd
2025-06-27 13:43:44 - Client info: , Platform: Windows, Groups: 263,377
2025-06-27 13:43:44 - Adding platform group 278 for client skbd - SUCCESS
2025-06-27 13:46:13 - clientPlatform processing for: Mnwh
2025-06-27 13:46:13 - Client info: , Platform: Windows, Groups: 265,377
2025-06-27 13:46:13 - Adding platform group 278 for client Mnwh - SUCCESS
2025-06-27 13:46:34 - clientPlatform processing for: kaito
2025-06-27 13:46:34 - Client info: , Platform: Windows, Groups: 14,377
2025-06-27 13:46:34 - Adding platform group 278 for client kaito - SUCCESS
2025-06-27 13:47:14 - clientPlatform processing for: moeino7
2025-06-27 13:47:14 - Client info: , Platform: Windows, Groups: 13,377
2025-06-27 13:47:14 - Adding platform group 278 for client moeino7 - SUCCESS
2025-06-27 13:49:01 - clientPlatform processing for: moeino7
2025-06-27 13:49:01 - Client info: , Platform: Windows, Groups: 13,377
2025-06-27 13:49:01 - Adding platform group 278 for client moeino7 - SUCCESS
2025-06-27 13:49:02 - clientPlatform processing for: moeino7
2025-06-27 13:49:02 - Client info: , Platform: Windows, Groups: 13,377
2025-06-27 13:49:02 - Group already assigned (detected from error), skipping
2025-06-27 13:49:02 - Adding platform group 278 for client moeino7 - SUCCESS
2025-06-27 13:49:02 - clientPlatform processing for: moeino7
2025-06-27 13:49:02 - Client info: , Platform: Windows, Groups: 13,377
2025-06-27 13:49:02 - Group already assigned (detected from error), skipping
2025-06-27 13:49:02 - Adding platform group 278 for client moeino7 - SUCCESS
2025-06-27 13:49:57 - clientPlatform processing for: moeino7
2025-06-27 13:49:57 - Client info: , Platform: Windows, Groups: 13,377
2025-06-27 13:49:57 - Adding platform group 278 for client moeino7 - SUCCESS
2025-06-27 13:50:36 - clientPlatform processing for: nima
2025-06-27 13:50:36 - Client info: , Platform: Windows, Groups: 13,377
2025-06-27 13:50:36 - Adding platform group 278 for client nima - SUCCESS
2025-06-27 13:50:55 - clientPlatform processing for: moeino7
2025-06-27 13:50:55 - Client info: , Platform: Windows, Groups: 13,377
2025-06-27 13:50:55 - Adding platform group 278 for client moeino7 - SUCCESS
2025-06-27 13:51:22 - clientPlatform processing for: moeino7
2025-06-27 13:51:22 - Client info: , Platform: Windows, Groups: 13,377
2025-06-27 13:51:22 - Adding platform group 278 for client moeino7 - SUCCESS
2025-06-27 13:55:44 - clientPlatform processing for: Mobin
2025-06-27 13:55:44 - Client info: , Platform: Windows, Groups: 15,377
2025-06-27 13:55:44 - Adding platform group 278 for client Mobin - SUCCESS
2025-06-27 13:58:20 - clientPlatform processing for: Hisoka
2025-06-27 13:58:20 - Client info: , Platform: Windows, Groups: 13,377
2025-06-27 13:58:20 - Adding platform group 278 for client Hisoka - SUCCESS
2025-06-27 13:59:53 - clientPlatform processing for: kushi
2025-06-27 13:59:53 - Client info: , Platform: Windows, Groups: 13,377
2025-06-27 13:59:53 - Adding platform group 278 for client kushi - SUCCESS
2025-06-27 14:00:25 - clientPlatform processing for: moeino7
2025-06-27 14:00:25 - Client info: , Platform: Windows, Groups: 13,377
2025-06-27 14:00:25 - Adding platform group 278 for client moeino7 - SUCCESS
2025-06-27 14:03:05 - clientPlatform processing for: harry
2025-06-27 14:03:05 - Client info: , Platform: Windows, Groups: 10,369
2025-06-27 14:03:05 - Adding platform group 278 for client harry - SUCCESS
2025-06-27 14:04:43 - clientPlatform processing for: TeamSpeakUser
2025-06-27 14:04:43 - Client info: , Platform: Windows, Groups: 265,377
2025-06-27 14:04:43 - Adding platform group 278 for client TeamSpeakUser - SUCCESS
2025-06-27 14:07:57 - clientPlatform processing for: 1ongxu
2025-06-27 14:07:57 - Client info: , Platform: Windows, Groups: 13,377
2025-06-27 14:07:57 - Adding platform group 278 for client 1ongxu - SUCCESS
2025-06-27 14:13:36 - clientPlatform processing for: -W1LLL
2025-06-27 14:13:36 - Client info: , Platform: Windows, Groups: 266,377
2025-06-27 14:13:36 - Adding platform group 278 for client -W1LLL - SUCCESS
2025-06-27 14:16:17 - clientPlatform processing for: w1nd1x
2025-06-27 14:16:17 - Client info: , Platform: Windows, Groups: 266,377
2025-06-27 14:16:17 - Adding platform group 278 for client w1nd1x - SUCCESS
2025-06-27 14:20:03 - clientPlatform processing for: M.K.
2025-06-27 14:20:03 - Client info: , Platform: Windows, Groups: 264,377
2025-06-27 14:20:03 - Adding platform group 278 for client M.K. - SUCCESS
2025-06-27 14:24:39 - clientPlatform processing for: mmö
2025-06-27 14:24:39 - Client info: , Platform: Windows, Groups: 266,377
2025-06-27 14:24:39 - Adding platform group 278 for client mmö - SUCCESS
2025-06-27 14:24:50 - clientPlatform processing for: erik
2025-06-27 14:24:50 - Client info: , Platform: Windows, Groups: 266,377
2025-06-27 14:24:50 - Adding platform group 278 for client erik - SUCCESS
2025-06-27 14:25:40 - clientPlatform processing for: moeino7
2025-06-27 14:25:40 - Client info: , Platform: Windows, Groups: 13,377
2025-06-27 14:25:40 - Adding platform group 278 for client moeino7 - SUCCESS
2025-06-27 14:26:46 - clientPlatform processing for: Nevskiiiy
2025-06-27 14:26:46 - Client info: , Platform: Windows, Groups: 263,377
2025-06-27 14:26:46 - Adding platform group 278 for client Nevskiiiy - SUCCESS
2025-06-27 14:29:40 - clientPlatform processing for: nima
2025-06-27 14:29:40 - Client info: , Platform: Windows, Groups: 13,377
2025-06-27 14:29:40 - Adding platform group 278 for client nima - SUCCESS
2025-06-27 14:32:08 - clientPlatform processing for: DADA
2025-06-27 14:32:08 - Client info: , Platform: Windows, Groups: 266,377
2025-06-27 14:32:08 - Adding platform group 278 for client DADA - SUCCESS
2025-06-27 14:32:20 - clientPlatform processing for: VildasRS
2025-06-27 14:32:20 - Client info: , Platform: Windows, Groups: 266,377
2025-06-27 14:32:21 - Adding platform group 278 for client VildasRS - SUCCESS
2025-06-27 14:32:43 - clientPlatform processing for: Denis;)
2025-06-27 14:32:43 - Client info: , Platform: Windows, Groups: 264,377
2025-06-27 14:32:43 - Adding platform group 278 for client Denis;) - SUCCESS
2025-06-27 14:33:10 - clientPlatform processing for: nima
2025-06-27 14:33:10 - Client info: , Platform: Windows, Groups: 13,377
2025-06-27 14:33:10 - Adding platform group 278 for client nima - SUCCESS
2025-06-27 14:40:56 - clientPlatform processing for: sw1nddd
2025-06-27 14:40:56 - Client info: , Platform: Windows, Groups: 13,377
2025-06-27 14:40:56 - Adding platform group 278 for client sw1nddd - SUCCESS
2025-06-27 14:45:31 - clientPlatform processing for: w1nd1x
2025-06-27 14:45:31 - Client info: , Platform: Windows, Groups: 266,377
2025-06-27 14:45:31 - Adding platform group 278 for client w1nd1x - SUCCESS
2025-06-27 14:48:28 - clientPlatform processing for: kaiizenn
2025-06-27 14:48:28 - Client info: , Platform: Windows, Groups: 26,377,382,399,400,436,437
2025-06-27 14:48:28 - Adding platform group 278 for client kaiizenn - SUCCESS
2025-06-27 14:49:00 - clientPlatform processing for: Mystra
2025-06-27 14:49:00 - Client info: , Platform: Windows, Groups: 12,377
2025-06-27 14:49:00 - Adding platform group 278 for client Mystra - SUCCESS
2025-06-27 14:53:06 - clientPlatform processing for: Shawaj
2025-06-27 14:53:06 - Client info: , Platform: Windows, Groups: 263,377
2025-06-27 14:53:06 - Adding platform group 278 for client Shawaj - SUCCESS
2025-06-27 14:53:09 - clientPlatform processing for: BIGYURI
2025-06-27 14:53:09 - Client info: , Platform: Windows, Groups: 14,377
2025-06-27 14:53:09 - Adding platform group 278 for client BIGYURI - SUCCESS
2025-06-27 15:06:19 - clientPlatform processing for: Men4
2025-06-27 15:06:19 - Client info: , Platform: Windows, Groups: 9,369
2025-06-27 15:06:19 - Adding platform group 278 for client Men4 - SUCCESS
2025-06-27 15:06:21 - clientPlatform processing for: Men4
2025-06-27 15:06:21 - Client info: , Platform: Windows, Groups: 9,369
2025-06-27 15:06:21 - Group already assigned (detected from error), skipping
2025-06-27 15:06:21 - Adding platform group 278 for client Men4 - SUCCESS
2025-06-27 15:06:23 - clientPlatform processing for: Men4
2025-06-27 15:06:23 - Client info: , Platform: Windows, Groups: 9,369
2025-06-27 15:06:23 - Group already assigned (detected from error), skipping
2025-06-27 15:06:23 - Adding platform group 278 for client Men4 - SUCCESS
2025-06-27 15:08:38 - clientPlatform processing for: don
2025-06-27 15:08:38 - Client info: , Platform: Windows, Groups: 266,377
2025-06-27 15:08:38 - Adding platform group 278 for client don - SUCCESS
2025-06-27 15:09:19 - clientPlatform processing for: 4iff
2025-06-27 15:09:19 - Client info: , Platform: Windows, Groups: 22,377
2025-06-27 15:09:19 - Adding platform group 278 for client 4iff - SUCCESS
2025-06-27 15:11:03 - clientPlatform processing for: Andy
2025-06-27 15:11:03 - Client info: , Platform: Windows, Groups: 266,377
2025-06-27 15:11:03 - Adding platform group 278 for client Andy - SUCCESS
2025-06-27 15:12:53 - clientPlatform processing for: Chris
2025-06-27 15:12:53 - Client info: , Platform: Windows, Groups: 18,377
2025-06-27 15:12:53 - Adding platform group 278 for client Chris - SUCCESS
2025-06-27 15:14:27 - clientPlatform processing for: aslan
2025-06-27 15:14:27 - Client info: , Platform: Windows, Groups: 10,369
2025-06-27 15:14:27 - Adding platform group 278 for client aslan - SUCCESS
2025-06-27 15:15:19 - clientPlatform processing for: erik
2025-06-27 15:15:19 - Client info: , Platform: Windows, Groups: 266,377
2025-06-27 15:15:19 - Adding platform group 278 for client erik - SUCCESS
2025-06-27 15:15:30 - clientPlatform processing for: aslan
2025-06-27 15:15:30 - Client info: , Platform: Windows, Groups: 10,369
2025-06-27 15:15:30 - Adding platform group 278 for client aslan - SUCCESS
2025-06-27 15:18:31 - clientPlatform processing for: Richard_TH
2025-06-27 15:18:31 - Client info: , Platform: Windows, Groups: 18,377
2025-06-27 15:18:31 - Adding platform group 278 for client Richard_TH - SUCCESS
2025-06-27 15:41:41 - clientPlatform processing for: KvaKing95
2025-06-27 15:41:41 - Client info: , Platform: Windows, Groups: 17,377
2025-06-27 15:41:41 - Adding platform group 278 for client KvaKing95 - SUCCESS
2025-06-27 15:48:20 - clientPlatform processing for: Придонья
2025-06-27 15:48:20 - Client info: , Platform: Windows, Groups: 12,377
2025-06-27 15:48:20 - Adding platform group 278 for client Придонья - SUCCESS
2025-06-27 15:50:15 - clientPlatform processing for: jaba
2025-06-27 15:50:15 - Client info: , Platform: Windows, Groups: 13,377
2025-06-27 15:50:15 - Adding platform group 278 for client jaba - SUCCESS
2025-06-27 15:56:30 - clientPlatform processing for: blessedyouuuu
2025-06-27 15:56:30 - Client info: , Platform: Windows, Groups: 12,377
2025-06-27 15:56:30 - Adding platform group 278 for client blessedyouuuu - SUCCESS
2025-06-27 16:04:26 - clientPlatform processing for: artikn
2025-06-27 16:04:26 - Client info: , Platform: Windows, Groups: 14,377
2025-06-27 16:04:26 - Adding platform group 278 for client artikn - SUCCESS
2025-06-27 16:12:39 - clientPlatform processing for: crzfrg77
2025-06-27 16:12:39 - Client info: , Platform: Windows, Groups: 263,377
2025-06-27 16:12:39 - Adding platform group 278 for client crzfrg77 - SUCCESS
2025-06-27 16:12:48 - clientPlatform processing for: zero
2025-06-27 16:12:48 - Client info: , Platform: Windows, Groups: 263,377
2025-06-27 16:12:48 - Adding platform group 278 for client zero - SUCCESS
2025-06-27 16:18:48 - clientPlatform processing for: MrWalder
2025-06-27 16:18:48 - Client info: , Platform: Windows, Groups: 13,377
2025-06-27 16:18:48 - Adding platform group 278 for client MrWalder - SUCCESS
2025-06-27 16:24:27 - clientPlatform processing for: jajao
2025-06-27 16:24:27 - Client info: , Platform: Windows, Groups: 264,377
2025-06-27 16:24:27 - Adding platform group 278 for client jajao - SUCCESS
2025-06-27 16:25:12 - clientPlatform processing for: ivo
2025-06-27 16:25:12 - Client info: , Platform: Windows, Groups: 13,377
2025-06-27 16:25:12 - Adding platform group 278 for client ivo - SUCCESS
2025-06-27 16:25:47 - clientPlatform processing for: ivo
2025-06-27 16:25:47 - Client info: , Platform: Windows, Groups: 13,377
2025-06-27 16:25:47 - Adding platform group 278 for client ivo - SUCCESS
2025-06-27 16:31:23 - clientPlatform processing for: moeino7
2025-06-27 16:31:23 - Client info: , Platform: Windows, Groups: 13,377
2025-06-27 16:31:23 - Adding platform group 278 for client moeino7 - SUCCESS
2025-06-27 16:31:53 - clientPlatform processing for: M4ODA
2025-06-27 16:31:53 - Client info: , Platform: Windows, Groups: 14,377
2025-06-27 16:31:53 - Adding platform group 278 for client M4ODA - SUCCESS
2025-06-27 16:31:56 - clientPlatform processing for: TAXMANTokkMoeny
2025-06-27 16:31:56 - Client info: , Platform: Windows, Groups: 14,377
2025-06-27 16:31:56 - Adding platform group 278 for client TAXMANTokkMoeny - SUCCESS
2025-06-27 16:32:00 - clientPlatform processing for: TAXMANTokkMoeny
2025-06-27 16:32:00 - Client info: , Platform: Windows, Groups: 14,377
2025-06-27 16:32:00 - Group already assigned (detected from error), skipping
2025-06-27 16:32:00 - Adding platform group 278 for client TAXMANTokkMoeny - SUCCESS
2025-06-27 16:40:14 - clientPlatform processing for: делу время маткаду хуй
2025-06-27 16:40:14 - Client info: , Platform: Windows, Groups: 265,377
2025-06-27 16:40:14 - Adding platform group 278 for client делу время маткаду хуй - SUCCESS
2025-06-27 16:40:33 - clientPlatform processing for: Animepseh
2025-06-27 16:40:33 - Client info: , Platform: Windows, Groups: 15,377
2025-06-27 16:40:33 - Adding platform group 278 for client Animepseh - SUCCESS
2025-06-27 16:43:30 - clientPlatform processing for: -EscA`#
2025-06-27 16:43:30 - Client info: , Platform: Windows, Groups: 17,377
2025-06-27 16:43:30 - Adding platform group 278 for client -EscA`# - SUCCESS
2025-06-27 16:44:26 - clientPlatform processing for: myarz
2025-06-27 16:44:26 - Client info: , Platform: Windows, Groups: 14,377
2025-06-27 16:44:26 - Adding platform group 278 for client myarz - SUCCESS
2025-06-27 16:51:22 - clientPlatform processing for: pedrocar
2025-06-27 16:51:22 - Client info: , Platform: Windows, Groups: 11,377
2025-06-27 16:51:22 - Adding platform group 278 for client pedrocar - SUCCESS
2025-06-27 16:56:20 - clientPlatform processing for: TeamSpeakUser
2025-06-27 16:56:20 - Client info: , Platform: Windows, Groups: 265,377
2025-06-27 16:56:20 - Adding platform group 278 for client TeamSpeakUser - SUCCESS
2025-06-27 16:57:25 - clientPlatform processing for: MrWalder
2025-06-27 16:57:25 - Client info: , Platform: Windows, Groups: 13,377
2025-06-27 16:57:25 - Adding platform group 278 for client MrWalder - SUCCESS
2025-06-27 16:57:28 - clientPlatform processing for: noone
2025-06-27 16:57:28 - Client info: , Platform: Windows, Groups: 12,377
2025-06-27 16:57:28 - Adding platform group 278 for client noone - SUCCESS
2025-06-27 16:58:03 - clientPlatform processing for: TeamSpeakUser1
2025-06-27 16:58:03 - Client info: , Platform: Windows, Groups: 12,377
2025-06-27 16:58:03 - Adding platform group 278 for client TeamSpeakUser1 - SUCCESS
2025-06-27 16:58:19 - clientPlatform processing for: namja
2025-06-27 16:58:19 - Client info: , Platform: Windows, Groups: 266,377
2025-06-27 16:58:19 - Adding platform group 278 for client namja - SUCCESS
2025-06-27 17:01:12 - clientPlatform processing for: Mystra
2025-06-27 17:01:12 - Client info: , Platform: Windows, Groups: 12,377
2025-06-27 17:01:12 - Adding platform group 278 for client Mystra - SUCCESS
2025-06-27 17:21:30 - clientPlatform processing for: sperman31
2025-06-27 17:21:30 - Client info: , Platform: Windows, Groups: 7
2025-06-27 17:21:30 - Adding platform group 278 for client sperman31 - SUCCESS
2025-06-27 17:25:10 - clientPlatform processing for: damoi777
2025-06-27 17:25:10 - Client info: , Platform: Windows, Groups: 264,377
2025-06-27 17:25:10 - Adding platform group 278 for client damoi777 - SUCCESS
2025-06-27 17:26:15 - clientPlatform processing for: M4ODA
2025-06-27 17:26:15 - Client info: , Platform: Windows, Groups: 14,377
2025-06-27 17:26:15 - Adding platform group 278 for client M4ODA - SUCCESS
2025-06-27 17:27:34 - clientPlatform processing for: SmaD
2025-06-27 17:27:34 - Client info: , Platform: Windows, Groups: 13,377
2025-06-27 17:27:34 - Adding platform group 278 for client SmaD - SUCCESS
2025-06-27 17:29:05 - clientPlatform processing for: zui
2025-06-27 17:29:05 - Client info: , Platform: Windows, Groups: 266,377
2025-06-27 17:29:05 - Adding platform group 278 for client zui - SUCCESS
2025-06-27 17:30:14 - clientPlatform processing for: kushi
2025-06-27 17:30:14 - Client info: , Platform: Windows, Groups: 13,377
2025-06-27 17:30:14 - Adding platform group 278 for client kushi - SUCCESS
2025-06-27 17:32:08 - clientPlatform processing for: makpyn
2025-06-27 17:32:08 - Client info: , Platform: Windows, Groups: 266,377
2025-06-27 17:32:08 - Adding platform group 278 for client makpyn - SUCCESS
2025-06-27 17:39:28 - clientPlatform processing for: vata
2025-06-27 17:39:28 - Client info: , Platform: Windows, Groups: 17,377
2025-06-27 17:39:28 - Adding platform group 278 for client vata - SUCCESS
2025-06-27 17:40:31 - clientPlatform processing for: joy
2025-06-27 17:40:31 - Client info: , Platform: Windows, Groups: 266,377
2025-06-27 17:40:31 - Adding platform group 278 for client joy - SUCCESS
2025-06-27 17:40:52 - clientPlatform processing for: joy
2025-06-27 17:40:52 - Client info: , Platform: Windows, Groups: 266,377
2025-06-27 17:40:52 - Adding platform group 278 for client joy - SUCCESS
2025-06-27 17:40:55 - clientPlatform processing for: saulov
2025-06-27 17:40:55 - Client info: , Platform: Windows, Groups: 265,377
2025-06-27 17:40:55 - Adding platform group 278 for client saulov - SUCCESS
2025-06-27 17:40:57 - clientPlatform processing for: saulov
2025-06-27 17:40:57 - Client info: , Platform: Windows, Groups: 265,377
2025-06-27 17:40:57 - Group already assigned (detected from error), skipping
2025-06-27 17:40:57 - Adding platform group 278 for client saulov - SUCCESS
2025-06-27 17:41:19 - clientPlatform processing for: kushi
2025-06-27 17:41:19 - Client info: , Platform: Windows, Groups: 13,377
2025-06-27 17:41:19 - Adding platform group 278 for client kushi - SUCCESS
2025-06-27 17:48:37 - clientPlatform processing for: MATAN
2025-06-27 17:48:37 - Client info: , Platform: Windows, Groups: 266,377
2025-06-27 17:48:37 - Adding platform group 278 for client MATAN - SUCCESS
2025-06-27 17:49:15 - clientPlatform processing for: MATAN
2025-06-27 17:49:15 - Client info: , Platform: Windows, Groups: 266,377
2025-06-27 17:49:15 - Adding platform group 278 for client MATAN - SUCCESS
2025-06-27 17:53:17 - clientPlatform processing for: Mr..Fury
2025-06-27 17:53:17 - Client info: , Platform: Windows, Groups: 18,377
2025-06-27 17:53:17 - Adding platform group 278 for client Mr..Fury - SUCCESS
2025-06-27 17:54:00 - clientPlatform processing for: H0R0Z
2025-06-27 17:54:00 - Client info: , Platform: Windows, Groups: 266,377
2025-06-27 17:54:00 - Adding platform group 278 for client H0R0Z - SUCCESS
2025-06-27 17:56:09 - clientPlatform processing for: kiesik98
2025-06-27 17:56:09 - Client info: , Platform: Windows, Groups: 12,377
2025-06-27 17:56:09 - Adding platform group 278 for client kiesik98 - SUCCESS
2025-06-27 17:58:45 - clientPlatform processing for: alikexie
2025-06-27 17:58:45 - Client info: , Platform: Windows, Groups: 13,377
2025-06-27 17:58:45 - Adding platform group 278 for client alikexie - SUCCESS
2025-06-27 18:01:17 - clientPlatform processing for: chelko
2025-06-27 18:01:17 - Client info: , Platform: Windows, Groups: 15,377
2025-06-27 18:01:17 - Adding platform group 278 for client chelko - SUCCESS
2025-06-27 18:02:41 - clientPlatform processing for: Musto
2025-06-27 18:02:41 - Client info: , Platform: Windows, Groups: 266,285,377
2025-06-27 18:02:41 - Adding platform group 278 for client Musto - SUCCESS
2025-06-27 18:03:24 - clientPlatform processing for: Druid Сrow 🦅
2025-06-27 18:03:24 - Client info: , Platform: Windows, Groups: 19,377
2025-06-27 18:03:24 - Adding platform group 278 for client Druid Сrow 🦅 - SUCCESS
2025-06-27 18:05:56 - clientPlatform processing for: HUESOS
2025-06-27 18:05:56 - Client info: , Platform: Windows, Groups: 14,377
2025-06-27 18:05:56 - Adding platform group 278 for client HUESOS - SUCCESS
2025-06-27 18:06:24 - clientPlatform processing for: рэдик
2025-06-27 18:06:24 - Client info: , Platform: Windows, Groups: 263,377
2025-06-27 18:06:24 - Adding platform group 278 for client рэдик - SUCCESS
2025-06-27 18:09:23 - clientPlatform processing for: СИСЯМАСИСЯ
2025-06-27 18:09:23 - Client info: , Platform: Windows, Groups: 18,377
2025-06-27 18:09:23 - Adding platform group 278 for client СИСЯМАСИСЯ - SUCCESS
2025-06-27 18:11:16 - clientPlatform processing for: Zaglot_Vandam1
2025-06-27 18:11:16 - Client info: , Platform: Windows, Groups: 11,377
2025-06-27 18:11:17 - Adding platform group 278 for client Zaglot_Vandam1 - SUCCESS
2025-06-27 18:13:20 - clientPlatform processing for: H0R0Z
2025-06-27 18:13:20 - Client info: , Platform: Windows, Groups: 266,377
2025-06-27 18:13:20 - Adding platform group 278 for client H0R0Z - SUCCESS
2025-06-27 18:14:05 - clientPlatform processing for: TeamSpeakUser2
2025-06-27 18:14:05 - Client info: , Platform: Windows, Groups: 8,369
2025-06-27 18:14:05 - Adding platform group 278 for client TeamSpeakUser2 - SUCCESS
2025-06-27 18:14:26 - clientPlatform processing for: Mystra
2025-06-27 18:14:26 - Client info: , Platform: Windows, Groups: 12,377
2025-06-27 18:14:26 - Adding platform group 278 for client Mystra - SUCCESS
2025-06-27 18:17:20 - clientPlatform processing for: SysmoUsercid=140
2025-06-27 18:17:20 - Client info: , Platform: Windows, Groups: 17,377
2025-06-27 18:17:20 - Adding platform group 278 for client SysmoUsercid=140 - SUCCESS
2025-06-27 18:18:01 - clientPlatform processing for: Kowismo
2025-06-27 18:18:01 - Client info: , Platform: Windows, Groups: 6,270,377,422
2025-06-27 18:18:01 - Adding platform group 278 for client Kowismo - SUCCESS
2025-06-27 18:18:10 - clientPlatform processing for: артур пирожков
2025-06-27 18:18:10 - Client info: , Platform: Windows, Groups: 263,377
2025-06-27 18:18:10 - Adding platform group 278 for client артур пирожков - SUCCESS
2025-06-27 18:19:43 - clientPlatform processing for: артур пирожков
2025-06-27 18:19:43 - Client info: , Platform: Windows, Groups: 263,377
2025-06-27 18:19:43 - Adding platform group 278 for client артур пирожков - SUCCESS
2025-06-27 18:21:25 - clientPlatform processing for: Yusoso
2025-06-27 18:21:25 - Client info: , Platform: Windows, Groups: 13,377
2025-06-27 18:21:25 - Adding platform group 278 for client Yusoso - SUCCESS
2025-06-27 18:21:37 - clientPlatform processing for: ALPHA
2025-06-27 18:21:37 - Client info: , Platform: Windows, Groups: 12,377
2025-06-27 18:21:37 - Adding platform group 278 for client ALPHA - SUCCESS
2025-06-27 18:23:42 - clientPlatform processing for: chelko
2025-06-27 18:23:42 - Client info: , Platform: Windows, Groups: 15,377
2025-06-27 18:23:42 - Adding platform group 278 for client chelko - SUCCESS
2025-06-27 18:29:30 - clientPlatform processing for: 6aldy_
2025-06-27 18:29:30 - Client info: , Platform: Windows, Groups: 15,377
2025-06-27 18:29:30 - Adding platform group 278 for client 6aldy_ - SUCCESS
2025-06-27 18:29:32 - clientPlatform processing for: 6aldy_
2025-06-27 18:29:32 - Client info: , Platform: Windows, Groups: 15,377
2025-06-27 18:29:32 - Group already assigned (detected from error), skipping
2025-06-27 18:29:32 - Adding platform group 278 for client 6aldy_ - SUCCESS
2025-06-27 18:29:33 - clientPlatform processing for: 6aldy_
2025-06-27 18:29:33 - Client info: , Platform: Windows, Groups: 15,377
2025-06-27 18:29:33 - Group already assigned (detected from error), skipping
2025-06-27 18:29:33 - Adding platform group 278 for client 6aldy_ - SUCCESS
2025-06-27 18:30:15 - clientPlatform processing for: Almas1k
2025-06-27 18:30:15 - Client info: , Platform: Windows, Groups: 266,377
2025-06-27 18:30:15 - Adding platform group 278 for client Almas1k - SUCCESS
2025-06-27 18:30:36 - clientPlatform processing for: Monster_PP
2025-06-27 18:30:36 - Client info: , Platform: Windows, Groups: 12,377
2025-06-27 18:30:36 - Adding platform group 278 for client Monster_PP - SUCCESS
2025-06-27 18:32:05 - clientPlatform processing for: oneup47
2025-06-27 18:32:05 - Client info: , Platform: Windows, Groups: 13,377
2025-06-27 18:32:05 - Adding platform group 278 for client oneup47 - SUCCESS
2025-06-27 18:32:44 - clientPlatform processing for: germancoxx
2025-06-27 18:32:44 - Client info: , Platform: Windows, Groups: 13,377
2025-06-27 18:32:44 - Adding platform group 278 for client germancoxx - SUCCESS
2025-06-27 18:34:18 - clientPlatform processing for: I_XaSkI_I
2025-06-27 18:34:18 - Client info: , Platform: Windows, Groups: 266,377
2025-06-27 18:34:18 - Adding platform group 278 for client I_XaSkI_I - SUCCESS
2025-06-27 18:34:53 - clientPlatform processing for: v1tqms
2025-06-27 18:34:53 - Client info: , Platform: Windows, Groups: 13,377
2025-06-27 18:34:53 - Adding platform group 278 for client v1tqms - SUCCESS
2025-06-27 18:36:32 - clientPlatform processing for: v1tqms
2025-06-27 18:36:32 - Client info: , Platform: Windows, Groups: 13,377
2025-06-27 18:36:32 - Adding platform group 278 for client v1tqms - SUCCESS
2025-06-27 18:36:35 - clientPlatform processing for: chelko
2025-06-27 18:36:35 - Client info: , Platform: Windows, Groups: 265,377
2025-06-27 18:36:35 - Adding platform group 278 for client chelko - SUCCESS
2025-06-27 18:37:56 - clientPlatform processing for: 123
2025-06-27 18:37:56 - Client info: , Platform: Windows, Groups: 13,377
2025-06-27 18:37:56 - Adding platform group 278 for client 123 - SUCCESS
2025-06-27 18:43:32 - clientPlatform processing for: sadada
2025-06-27 18:43:32 - Client info: , Platform: Windows, Groups: 13,377
2025-06-27 18:43:32 - Adding platform group 278 for client sadada - SUCCESS
2025-06-27 18:44:15 - clientPlatform processing for: sw1nddd
2025-06-27 18:44:15 - Client info: , Platform: Windows, Groups: 13,377
2025-06-27 18:44:15 - Adding platform group 278 for client sw1nddd - SUCCESS
2025-06-27 18:46:09 - clientPlatform processing for: deschka
2025-06-27 18:46:09 - Client info: , Platform: Windows, Groups: 266,377
2025-06-27 18:46:09 - Adding platform group 278 for client deschka - SUCCESS
2025-06-27 18:47:36 - clientPlatform processing for: pzdcvsenikizanyati
2025-06-27 18:47:36 - Client info: , Platform: Windows, Groups: 19,377
2025-06-27 18:47:36 - Adding platform group 278 for client pzdcvsenikizanyati - SUCCESS
2025-06-27 18:51:35 - clientPlatform processing for: artikn
2025-06-27 18:51:35 - Client info: , Platform: Windows, Groups: 264,377
2025-06-27 18:51:35 - Adding platform group 278 for client artikn - SUCCESS
2025-06-27 19:03:33 - clientPlatform processing for: tlishev
2025-06-27 19:03:33 - Client info: , Platform: Windows, Groups: 12,377
2025-06-27 19:03:33 - Adding platform group 278 for client tlishev - SUCCESS
2025-06-27 19:04:19 - clientPlatform processing for: clamoris
2025-06-27 19:04:19 - Client info: , Platform: Windows, Groups: 263,377
2025-06-27 19:04:19 - Adding platform group 278 for client clamoris - SUCCESS
2025-06-27 19:05:18 - clientPlatform processing for: Maprhendil
2025-06-27 19:05:18 - Client info: , Platform: Windows, Groups: 263,377
2025-06-27 19:05:18 - Adding platform group 278 for client Maprhendil - SUCCESS
2025-06-27 19:07:24 - clientPlatform processing for: -EscA`#
2025-06-27 19:07:24 - Client info: , Platform: Windows, Groups: 17,377
2025-06-27 19:07:24 - Adding platform group 278 for client -EscA`# - SUCCESS
2025-06-27 19:08:15 - clientPlatform processing for: timothysamuelx
2025-06-27 19:08:15 - Client info: , Platform: Windows, Groups: 264,377
2025-06-27 19:08:15 - Adding platform group 278 for client timothysamuelx - SUCCESS
2025-06-27 19:08:52 - clientPlatform processing for: AyKonn
2025-06-27 19:08:52 - Client info: , Platform: Windows, Groups: 264,377
2025-06-27 19:08:52 - Adding platform group 278 for client AyKonn - SUCCESS
2025-06-27 19:11:58 - clientPlatform processing for: maksik
2025-06-27 19:11:58 - Client info: , Platform: Windows, Groups: 10,369
2025-06-27 19:11:58 - Adding platform group 278 for client maksik - SUCCESS
2025-06-27 19:12:28 - clientPlatform processing for: kushi
2025-06-27 19:12:28 - Client info: , Platform: Windows, Groups: 13,377
2025-06-27 19:12:28 - Adding platform group 278 for client kushi - SUCCESS
2025-06-27 19:13:35 - clientPlatform processing for: sanka98
2025-06-27 19:13:35 - Client info: , Platform: Windows, Groups: 264,377
2025-06-27 19:13:35 - Adding platform group 278 for client sanka98 - SUCCESS
2025-06-27 19:14:49 - clientPlatform processing for: Doomgeonmaster
2025-06-27 19:14:49 - Client info: , Platform: Windows, Groups: 263,377
2025-06-27 19:14:49 - Adding platform group 278 for client Doomgeonmaster - SUCCESS
2025-06-27 19:16:04 - clientPlatform processing for: Snow
2025-06-27 19:16:04 - Client info: , Platform: Windows, Groups: 263,377
2025-06-27 19:16:04 - Adding platform group 278 for client Snow - SUCCESS
2025-06-27 19:17:50 - clientPlatform processing for: Fullfunny
2025-06-27 19:17:50 - Client info: , Platform: Windows, Groups: 264,377
2025-06-27 19:17:50 - Adding platform group 278 for client Fullfunny - SUCCESS
2025-06-27 19:18:23 - clientPlatform processing for: king
2025-06-27 19:18:23 - Client info: , Platform: Windows, Groups: 17,377
2025-06-27 19:18:23 - Adding platform group 278 for client king - SUCCESS
2025-06-27 19:18:58 - clientPlatform processing for: saadf
2025-06-27 19:18:58 - Client info: , Platform: Windows, Groups: 17,377
2025-06-27 19:18:58 - Adding platform group 278 for client saadf - SUCCESS
2025-06-27 19:19:16 - clientPlatform processing for: Hero
2025-06-27 19:19:16 - Client info: , Platform: Windows, Groups: 263,377
2025-06-27 19:19:16 - Adding platform group 278 for client Hero - SUCCESS
2025-06-27 19:20:20 - clientPlatform processing for: nikbzebouchtatseb
2025-06-27 19:20:20 - Client info: , Platform: Windows, Groups: 13,377
2025-06-27 19:20:20 - Adding platform group 278 for client nikbzebouchtatseb - SUCCESS
2025-06-27 19:20:35 - clientPlatform processing for: maksik
2025-06-27 19:20:35 - Client info: , Platform: Windows, Groups: 10,369
2025-06-27 19:20:35 - Adding platform group 278 for client maksik - SUCCESS
2025-06-27 19:20:40 - clientPlatform processing for: Br4d117
2025-06-27 19:20:40 - Client info: , Platform: Windows, Groups: 17,377
2025-06-27 19:20:40 - Adding platform group 278 for client Br4d117 - SUCCESS
2025-06-27 19:21:11 - clientPlatform processing for: CrypticBlitz96
2025-06-27 19:21:11 - Client info: , Platform: Windows, Groups: 17,377
2025-06-27 19:21:11 - Adding platform group 278 for client CrypticBlitz96 - SUCCESS
2025-06-27 19:24:13 - clientPlatform processing for: tikka345
2025-06-27 19:24:13 - Client info: , Platform: Windows, Groups: 264,377
2025-06-27 19:24:13 - Adding platform group 278 for client tikka345 - SUCCESS
2025-06-27 19:28:16 - clientPlatform processing for: Farzelot
2025-06-27 19:28:16 - Client info: , Platform: Windows, Groups: 15,377
2025-06-27 19:28:16 - Adding platform group 278 for client Farzelot - SUCCESS
2025-06-27 19:29:45 - clientPlatform processing for: CatD.Luffy
2025-06-27 19:29:45 - Client info: , Platform: Windows, Groups: 13,377
2025-06-27 19:29:45 - Adding platform group 278 for client CatD.Luffy - SUCCESS
2025-06-27 19:30:05 - clientPlatform processing for: TeamSpeakUser2
2025-06-27 19:30:05 - Client info: , Platform: Windows, Groups: 11,377
2025-06-27 19:30:05 - Adding platform group 278 for client TeamSpeakUser2 - SUCCESS
2025-06-27 19:31:37 - clientPlatform processing for: zui
2025-06-27 19:31:37 - Client info: , Platform: Windows, Groups: 266,377
2025-06-27 19:31:37 - Adding platform group 278 for client zui - SUCCESS
2025-06-27 19:35:22 - clientPlatform processing for: FenaiL
2025-06-27 19:35:22 - Client info: , Platform: Windows, Groups: 35,265,377
2025-06-27 19:35:22 - Adding platform group 278 for client FenaiL - SUCCESS
2025-06-27 19:36:57 - clientPlatform processing for: TeamSpeakUser2
2025-06-27 19:36:57 - Client info: , Platform: Windows, Groups: 11,377
2025-06-27 19:36:57 - Adding platform group 278 for client TeamSpeakUser2 - SUCCESS
2025-06-27 19:39:50 - clientPlatform processing for: -EscA`#
2025-06-27 19:39:50 - Client info: , Platform: Windows, Groups: 17,377
2025-06-27 19:39:50 - Adding platform group 278 for client -EscA`# - SUCCESS
2025-06-27 19:40:40 - clientPlatform processing for: TeamSpeakUser2
2025-06-27 19:40:40 - Client info: , Platform: Windows, Groups: 11,377
2025-06-27 19:40:40 - Adding platform group 278 for client TeamSpeakUser2 - SUCCESS
2025-06-27 19:47:04 - clientPlatform processing for: Alexander177
2025-06-27 19:47:04 - Client info: , Platform: Windows, Groups: 17,377
2025-06-27 19:47:04 - Adding platform group 278 for client Alexander177 - SUCCESS
2025-06-27 19:47:30 - clientPlatform processing for: Tasril
2025-06-27 19:47:30 - Client info: , Platform: Windows, Groups: 263,377
2025-06-27 19:47:30 - Adding platform group 278 for client Tasril - SUCCESS
2025-06-27 19:48:15 - clientPlatform processing for: timothysamuelx
2025-06-27 19:48:15 - Client info: , Platform: Windows, Groups: 264,377
2025-06-27 19:48:15 - Adding platform group 278 for client timothysamuelx - SUCCESS
2025-06-27 19:48:36 - clientPlatform processing for: kushi
2025-06-27 19:48:36 - Client info: , Platform: Windows, Groups: 13,377
2025-06-27 19:48:36 - Adding platform group 278 for client kushi - SUCCESS
2025-06-27 19:49:23 - clientPlatform processing for: timothysamuelx
2025-06-27 19:49:23 - Client info: , Platform: Windows, Groups: 264,377
2025-06-27 19:49:23 - Adding platform group 278 for client timothysamuelx - SUCCESS
2025-06-27 19:50:45 - clientPlatform processing for: v1tqms
2025-06-27 19:50:45 - Client info: , Platform: Windows, Groups: 7
2025-06-27 19:50:45 - Adding platform group 278 for client v1tqms - SUCCESS
2025-06-27 19:52:19 - clientPlatform processing for: saulov
2025-06-27 19:52:19 - Client info: , Platform: Windows, Groups: 265,377
2025-06-27 19:52:19 - Adding platform group 278 for client saulov - SUCCESS
2025-06-27 19:54:13 - clientPlatform processing for: DarkZX
2025-06-27 19:54:13 - Client info: , Platform: Windows, Groups: 19,377
2025-06-27 19:54:13 - Adding platform group 278 for client DarkZX - SUCCESS
2025-06-27 19:55:48 - clientPlatform processing for: vata
2025-06-27 19:55:48 - Client info: , Platform: Windows, Groups: 17,377
2025-06-27 19:55:48 - Adding platform group 278 for client vata - SUCCESS
2025-06-27 19:56:04 - clientPlatform processing for: Shutn1k
2025-06-27 19:56:04 - Client info: , Platform: Windows, Groups: 266,377
2025-06-27 19:56:04 - Adding platform group 278 for client Shutn1k - SUCCESS
2025-06-27 19:57:57 - clientPlatform processing for: FRAGGER
2025-06-27 19:57:57 - Client info: , Platform: Windows, Groups: 266,377
2025-06-27 19:57:57 - Adding platform group 278 for client FRAGGER - SUCCESS
2025-06-27 19:58:01 - clientPlatform processing for: N00BIT0 Саша
2025-06-27 19:58:01 - Client info: , Platform: Windows, Groups: 15,377
2025-06-27 19:58:01 - Adding platform group 278 for client N00BIT0 Саша - SUCCESS
2025-06-27 19:59:04 - clientPlatform processing for: N00BIT0 Саша
2025-06-27 19:59:04 - Client info: , Platform: Windows, Groups: 15,377
2025-06-27 19:59:05 - Adding platform group 278 for client N00BIT0 Саша - SUCCESS
2025-06-27 20:03:29 - clientPlatform processing for: Чех
2025-06-27 20:03:29 - Client info: , Platform: Windows, Groups: 266,377
2025-06-27 20:03:29 - Adding platform group 278 for client Чех - SUCCESS
2025-06-27 20:06:02 - clientPlatform processing for: Чех
2025-06-27 20:06:02 - Client info: , Platform: Windows, Groups: 266,377
2025-06-27 20:06:02 - Adding platform group 278 for client Чех - SUCCESS
2025-06-27 20:06:02 - clientPlatform processing for: Чех
2025-06-27 20:06:02 - Client info: , Platform: Windows, Groups: 266,377
2025-06-27 20:06:02 - Group already assigned (detected from error), skipping
2025-06-27 20:06:02 - Adding platform group 278 for client Чех - SUCCESS
2025-06-27 20:06:03 - clientPlatform processing for: Чех
2025-06-27 20:06:03 - Client info: , Platform: Windows, Groups: 266,377
2025-06-27 20:06:03 - Group already assigned (detected from error), skipping
2025-06-27 20:06:03 - Adding platform group 278 for client Чех - SUCCESS
2025-06-27 20:06:54 - clientPlatform processing for: TeamSpeakUser1
2025-06-27 20:06:54 - Client info: , Platform: Windows, Groups: 13,377
2025-06-27 20:06:54 - Adding platform group 278 for client TeamSpeakUser1 - SUCCESS
2025-06-27 20:07:37 - clientPlatform processing for: kiesik98
2025-06-27 20:07:37 - Client info: , Platform: Windows, Groups: 12,377
2025-06-27 20:07:37 - Adding platform group 278 for client kiesik98 - SUCCESS
2025-06-27 20:10:58 - clientPlatform processing for: Doomgeonmaster
2025-06-27 20:10:58 - Client info: , Platform: Windows, Groups: 263,377
2025-06-27 20:10:58 - Adding platform group 278 for client Doomgeonmaster - SUCCESS
2025-06-27 20:16:38 - clientPlatform processing for: LaPt
2025-06-27 20:16:38 - Client info: , Platform: Windows, Groups: 264,377
2025-06-27 20:16:38 - Adding platform group 278 for client LaPt - SUCCESS
2025-06-27 20:26:33 - clientPlatform processing for: TeamSpeakUser2
2025-06-27 20:26:33 - Client info: , Platform: Windows, Groups: 266,377
2025-06-27 20:26:33 - Adding platform group 278 for client TeamSpeakUser2 - SUCCESS
2025-06-27 20:26:42 - clientPlatform processing for: joy
2025-06-27 20:26:42 - Client info: , Platform: Windows, Groups: 266,377
2025-06-27 20:26:42 - Adding platform group 278 for client joy - SUCCESS
2025-06-27 20:27:47 - clientPlatform processing for: kaiizenn
2025-06-27 20:27:47 - Client info: , Platform: Windows, Groups: 26,377,382,399,400,436,437
2025-06-27 20:27:47 - Adding platform group 278 for client kaiizenn - SUCCESS
2025-06-27 20:29:32 - clientPlatform processing for: Murchick
2025-06-27 20:29:32 - Client info: , Platform: Windows, Groups: 265,377
2025-06-27 20:29:32 - Adding platform group 278 for client Murchick - SUCCESS
2025-06-27 20:31:21 - clientPlatform processing for: shinigami
2025-06-27 20:31:21 - Client info: , Platform: Windows, Groups: 25,377,381,383,385
2025-06-27 20:31:21 - Adding platform group 278 for client shinigami - SUCCESS
2025-06-27 20:34:12 - clientPlatform processing for: timothysamuelx
2025-06-27 20:34:12 - Client info: , Platform: Windows, Groups: 264,377
2025-06-27 20:34:12 - Adding platform group 278 for client timothysamuelx - SUCCESS
2025-06-27 20:34:13 - clientPlatform processing for: timothysamuelx
2025-06-27 20:34:13 - Client info: , Platform: Windows, Groups: 264,377
2025-06-27 20:34:13 - Group already assigned (detected from error), skipping
2025-06-27 20:34:13 - Adding platform group 278 for client timothysamuelx - SUCCESS
2025-06-27 20:34:13 - clientPlatform processing for: timothysamuelx
2025-06-27 20:34:13 - Client info: , Platform: Windows, Groups: 264,377
2025-06-27 20:34:13 - Group already assigned (detected from error), skipping
2025-06-27 20:34:13 - Adding platform group 278 for client timothysamuelx - SUCCESS
2025-06-27 20:34:19 - clientPlatform processing for: делу время маткаду хуй
2025-06-27 20:34:19 - Client info: , Platform: Windows, Groups: 265,377
2025-06-27 20:34:19 - Adding platform group 278 for client делу время маткаду хуй - SUCCESS
2025-06-27 20:34:21 - clientPlatform processing for: kiesik98
2025-06-27 20:34:21 - Client info: , Platform: Windows, Groups: 12,377
2025-06-27 20:34:21 - Adding platform group 278 for client kiesik98 - SUCCESS
2025-06-27 20:34:31 - clientPlatform processing for: Shutn1k
2025-06-27 20:34:31 - Client info: , Platform: Windows, Groups: 266,377
2025-06-27 20:34:31 - Adding platform group 278 for client Shutn1k - SUCCESS
2025-06-27 20:35:18 - clientPlatform processing for: Чех
2025-06-27 20:35:18 - Client info: , Platform: Windows, Groups: 266,377
2025-06-27 20:35:18 - Adding platform group 278 for client Чех - SUCCESS
2025-06-27 20:35:32 - clientPlatform processing for: maksik
2025-06-27 20:35:32 - Client info: , Platform: Windows, Groups: 11,377
2025-06-27 20:35:32 - Adding platform group 278 for client maksik - SUCCESS
2025-06-27 20:35:44 - clientPlatform processing for: -W1LLL
2025-06-27 20:35:44 - Client info: , Platform: Windows, Groups: 266,377
2025-06-27 20:35:44 - Adding platform group 278 for client -W1LLL - SUCCESS
2025-06-27 20:37:21 - clientPlatform processing for: Snow
2025-06-27 20:37:21 - Client info: , Platform: Windows, Groups: 263,377
2025-06-27 20:37:21 - Adding platform group 278 for client Snow - SUCCESS
2025-06-27 20:38:48 - clientPlatform processing for: teaman11
2025-06-27 20:38:48 - Client info: , Platform: Windows, Groups: 17,377
2025-06-27 20:38:48 - Adding platform group 278 for client teaman11 - SUCCESS
2025-06-27 20:41:38 - clientPlatform processing for: Боцман777
2025-06-27 20:41:38 - Client info: , Platform: Windows, Groups: 18,377
2025-06-27 20:41:38 - Adding platform group 278 for client Боцман777 - SUCCESS
2025-06-27 20:45:27 - clientPlatform processing for: tlishev
2025-06-27 20:45:27 - Client info: , Platform: Windows, Groups: 12,377
2025-06-27 20:45:27 - Adding platform group 278 for client tlishev - SUCCESS
2025-06-27 20:46:48 - clientPlatform processing for: Hero
2025-06-27 20:46:48 - Client info: , Platform: Windows, Groups: 263,377
2025-06-27 20:46:48 - Adding platform group 278 for client Hero - SUCCESS
2025-06-27 20:46:51 - clientPlatform processing for: Last
2025-06-27 20:46:51 - Client info: , Platform: Windows, Groups: 266,377
2025-06-27 20:46:51 - Adding platform group 278 for client Last - SUCCESS
2025-06-27 20:50:34 - clientPlatform processing for: шароёб
2025-06-27 20:50:34 - Client info: , Platform: Windows, Groups: 263,377
2025-06-27 20:50:35 - Adding platform group 278 for client шароёб - SUCCESS
2025-06-27 20:52:37 - clientPlatform processing for: mishechcaty
2025-06-27 20:52:37 - Client info: , Platform: Windows, Groups: 265,377
2025-06-27 20:52:37 - Adding platform group 278 for client mishechcaty - SUCCESS
2025-06-27 20:53:15 - clientPlatform processing for: Manwe
2025-06-27 20:53:15 - Client info: , Platform: Windows, Groups: 266,377
2025-06-27 20:53:15 - Adding platform group 278 for client Manwe - SUCCESS
2025-06-27 20:53:25 - clientPlatform processing for: BoomЫч
2025-06-27 20:53:25 - Client info: , Platform: Windows, Groups: 8,369
2025-06-27 20:53:25 - Adding platform group 278 for client BoomЫч - SUCCESS
2025-06-27 20:53:49 - clientPlatform processing for: Yusoso
2025-06-27 20:53:49 - Client info: , Platform: Windows, Groups: 13,377
2025-06-27 20:53:49 - Adding platform group 278 for client Yusoso - SUCCESS
2025-06-27 20:54:30 - clientPlatform processing for: Skylord
2025-06-27 20:54:30 - Client info: , Platform: Windows, Groups: 266,377
2025-06-27 20:54:31 - Adding platform group 278 for client Skylord - SUCCESS
2025-06-27 20:55:19 - clientPlatform processing for: BoomЫч
2025-06-27 20:55:19 - Client info: , Platform: Windows, Groups: 8,369
2025-06-27 20:55:19 - Adding platform group 278 for client BoomЫч - SUCCESS
2025-06-27 20:55:42 - clientPlatform processing for: Nostalgia 2
2025-06-27 20:55:42 - Client info: , Platform: Windows, Groups: 17,377
2025-06-27 20:55:42 - Adding platform group 278 for client Nostalgia 2 - SUCCESS
2025-06-27 20:55:49 - clientPlatform processing for: Молодой горячий
2025-06-27 20:55:49 - Client info: , Platform: Windows, Groups: 8,369
2025-06-27 20:55:49 - Adding platform group 278 for client Молодой горячий - SUCCESS
2025-06-27 20:56:06 - clientPlatform processing for: ALPHA
2025-06-27 20:56:06 - Client info: , Platform: Windows, Groups: 13,377
2025-06-27 20:56:06 - Adding platform group 278 for client ALPHA - SUCCESS
2025-06-27 21:00:59 - clientPlatform processing for: joy
2025-06-27 21:00:59 - Client info: , Platform: Windows, Groups: 266,377
2025-06-27 21:00:59 - Adding platform group 278 for client joy - SUCCESS
2025-06-27 21:02:29 - clientPlatform processing for: elges
2025-06-27 21:02:29 - Client info: , Platform: Windows, Groups: 264,377
2025-06-27 21:02:29 - Adding platform group 278 for client elges - SUCCESS
2025-06-27 21:04:37 - clientPlatform processing for: Richard_TH
2025-06-27 21:04:37 - Client info: , Platform: Windows, Groups: 18,377
2025-06-27 21:04:37 - Adding platform group 278 for client Richard_TH - SUCCESS
2025-06-27 21:04:50 - clientPlatform processing for: Froll1
2025-06-27 21:04:50 - Client info: , Platform: Windows, Groups: 265,377
2025-06-27 21:04:50 - Adding platform group 278 for client Froll1 - SUCCESS
2025-06-27 21:05:34 - clientPlatform processing for: tenshin_non
2025-06-27 21:05:34 - Client info: , Platform: Windows, Groups: 18,377
2025-06-27 21:05:34 - Adding platform group 278 for client tenshin_non - SUCCESS
2025-06-27 21:08:34 - clientPlatform processing for: Reddington
2025-06-27 21:08:34 - Client info: , Platform: Windows, Groups: 17,377
2025-06-27 21:08:34 - Adding platform group 278 for client Reddington - SUCCESS
2025-06-27 21:10:12 - clientPlatform processing for: joy
2025-06-27 21:10:12 - Client info: , Platform: Windows, Groups: 266,377
2025-06-27 21:10:12 - Adding platform group 278 for client joy - SUCCESS
2025-06-27 21:11:24 - clientPlatform processing for: Lazy_Eagle
2025-06-27 21:11:24 - Client info: , Platform: Windows, Groups: 263,377
2025-06-27 21:11:24 - Adding platform group 278 for client Lazy_Eagle - SUCCESS
2025-06-27 21:13:58 - clientPlatform processing for: Mnwh
2025-06-27 21:13:58 - Client info: , Platform: Windows, Groups: 266,377
2025-06-27 21:13:58 - Adding platform group 278 for client Mnwh - SUCCESS
2025-06-27 21:16:26 - clientPlatform processing for: LisssTzz
2025-06-27 21:16:26 - Client info: , Platform: Windows, Groups: 264,377
2025-06-27 21:16:26 - Adding platform group 278 for client LisssTzz - SUCCESS
2025-06-27 21:16:54 - clientPlatform processing for: MrWalder
2025-06-27 21:16:54 - Client info: , Platform: Windows, Groups: 13,377
2025-06-27 21:16:54 - Adding platform group 278 for client MrWalder - SUCCESS
2025-06-27 21:22:09 - clientPlatform processing for: DADA
2025-06-27 21:22:09 - Client info: , Platform: Windows, Groups: 266,377
2025-06-27 21:22:09 - Adding platform group 278 for client DADA - SUCCESS
2025-06-27 21:22:42 - clientPlatform processing for: DADA
2025-06-27 21:22:42 - Client info: , Platform: Windows, Groups: 266,377
2025-06-27 21:22:42 - Adding platform group 278 for client DADA - SUCCESS
2025-06-27 21:23:32 - clientPlatform processing for: billy nogami
2025-06-27 21:23:32 - Client info: , Platform: Windows, Groups: 265,377
2025-06-27 21:23:32 - Adding platform group 278 for client billy nogami - SUCCESS
2025-06-27 21:24:18 - clientPlatform processing for: x7uned 🌊
2025-06-27 21:24:18 - Client info: , Platform: Windows, Groups: 17,377
2025-06-27 21:24:18 - Adding platform group 278 for client x7uned 🌊 - SUCCESS
2025-06-27 21:24:58 - clientPlatform processing for: рэдик
2025-06-27 21:24:58 - Client info: , Platform: Windows, Groups: 263,377
2025-06-27 21:24:58 - Adding platform group 278 for client рэдик - SUCCESS
2025-06-27 21:31:49 - clientPlatform processing for: TeamSpeakUser
2025-06-27 21:31:49 - Client info: , Platform: Windows, Groups: 265,377
2025-06-27 21:31:49 - Adding platform group 278 for client TeamSpeakUser - SUCCESS
2025-06-27 21:31:55 - clientPlatform processing for: v1tqms
2025-06-27 21:31:55 - Client info: , Platform: Windows, Groups: 9,369
2025-06-27 21:31:55 - Adding platform group 278 for client v1tqms - SUCCESS
2025-06-27 21:33:16 - clientPlatform processing for: zevok
2025-06-27 21:33:16 - Client info: , Platform: Windows, Groups: 13,377
2025-06-27 21:33:17 - Adding platform group 278 for client zevok - SUCCESS
2025-06-27 21:34:48 - clientPlatform processing for: TeamSpeakUser3
2025-06-27 21:34:48 - Client info: , Platform: Windows, Groups: 14,377
2025-06-27 21:34:48 - Adding platform group 278 for client TeamSpeakUser3 - SUCCESS
2025-06-27 21:34:57 - clientPlatform processing for: phonetik78
2025-06-27 21:34:57 - Client info: , Platform: Windows, Groups: 17,377
2025-06-27 21:34:57 - Adding platform group 278 for client phonetik78 - SUCCESS
2025-06-27 21:34:58 - clientPlatform processing for: INSANE
2025-06-27 21:34:58 - Client info: , Platform: Windows, Groups: 263,377
2025-06-27 21:34:58 - Adding platform group 278 for client INSANE - SUCCESS
2025-06-27 21:34:58 - clientPlatform processing for: INSANE
2025-06-27 21:34:58 - Client info: , Platform: Windows, Groups: 263,377
2025-06-27 21:34:58 - Group already assigned (detected from error), skipping
2025-06-27 21:34:58 - Adding platform group 278 for client INSANE - SUCCESS
2025-06-27 21:34:59 - clientPlatform processing for: INSANE
2025-06-27 21:34:59 - Client info: , Platform: Windows, Groups: 263,377
2025-06-27 21:34:59 - Group already assigned (detected from error), skipping
2025-06-27 21:34:59 - Adding platform group 278 for client INSANE - SUCCESS
2025-06-27 21:35:51 - clientPlatform processing for: кабачок
2025-06-27 21:35:51 - Client info: , Platform: Windows, Groups: 12,377
2025-06-27 21:35:51 - Adding platform group 278 for client кабачок - SUCCESS
2025-06-27 21:37:50 - clientPlatform processing for: Borz
2025-06-27 21:37:50 - Client info: , Platform: Windows, Groups: 14,377
2025-06-27 21:37:50 - Adding platform group 278 for client Borz - SUCCESS
2025-06-27 21:38:17 - clientPlatform processing for: Breaking Legs
2025-06-27 21:38:17 - Client info: , Platform: Windows, Groups: 7
2025-06-27 21:38:17 - Adding platform group 278 for client Breaking Legs - SUCCESS
2025-06-27 21:42:25 - clientPlatform processing for: strringer
2025-06-27 21:42:25 - Client info: , Platform: Windows, Groups: 13,377
2025-06-27 21:42:25 - Adding platform group 278 for client strringer - SUCCESS
2025-06-27 21:42:51 - clientPlatform processing for: strringer
2025-06-27 21:42:51 - Client info: , Platform: Windows, Groups: 13,377
2025-06-27 21:42:51 - Adding platform group 278 for client strringer - SUCCESS
2025-06-27 21:43:29 - clientPlatform processing for: Borz
2025-06-27 21:43:29 - Client info: , Platform: Windows, Groups: 14,377
2025-06-27 21:43:29 - Adding platform group 278 for client Borz - SUCCESS
2025-06-27 21:43:52 - clientPlatform processing for: BoomЫч
2025-06-27 21:43:52 - Client info: , Platform: Windows, Groups: 11,369
2025-06-27 21:43:52 - Adding platform group 278 for client BoomЫч - SUCCESS
2025-06-27 21:44:57 - clientPlatform processing for: ALİ
2025-06-27 21:44:57 - Client info: , Platform: Windows, Groups: 13,377
2025-06-27 21:44:57 - Adding platform group 278 for client ALİ - SUCCESS
2025-06-27 21:45:30 - clientPlatform processing for: TeamSpeakUser3
2025-06-27 21:45:30 - Client info: , Platform: Windows, Groups: 14,377
2025-06-27 21:45:30 - Adding platform group 278 for client TeamSpeakUser3 - SUCCESS
2025-06-27 21:47:15 - clientPlatform processing for: mishechcaty
2025-06-27 21:47:15 - Client info: , Platform: Windows, Groups: 265,377
2025-06-27 21:47:15 - Adding platform group 278 for client mishechcaty - SUCCESS
2025-06-27 21:47:31 - clientPlatform processing for: HanS
2025-06-27 21:47:31 - Client info: , Platform: Windows, Groups: 264,377
2025-06-27 21:47:31 - Adding platform group 278 for client HanS - SUCCESS
2025-06-27 21:50:21 - clientPlatform processing for: dydek10master
2025-06-27 21:50:21 - Client info: , Platform: Windows, Groups: 266,377
2025-06-27 21:50:21 - Adding platform group 278 for client dydek10master - SUCCESS
2025-06-27 21:51:08 - clientPlatform processing for: BloodBlade
2025-06-27 21:51:08 - Client info: , Platform: Windows, Groups: 266,377
2025-06-27 21:51:08 - Adding platform group 278 for client BloodBlade - SUCCESS
2025-06-27 21:51:41 - clientPlatform processing for: chelko
2025-06-27 21:51:41 - Client info: , Platform: Windows, Groups: 265,377
2025-06-27 21:51:41 - Adding platform group 278 for client chelko - SUCCESS
2025-06-27 21:52:40 - clientPlatform processing for: x7uned 🌊
2025-06-27 21:52:40 - Client info: , Platform: Windows, Groups: 17,377
2025-06-27 21:52:40 - Adding platform group 278 for client x7uned 🌊 - SUCCESS
2025-06-27 21:54:14 - clientPlatform processing for: lokmannnnnn
2025-06-27 21:54:14 - Client info: , Platform: Windows, Groups: 263,377
2025-06-27 21:54:14 - Adding platform group 278 for client lokmannnnnn - SUCCESS
2025-06-27 21:54:55 - clientPlatform processing for: Mood
2025-06-27 21:54:55 - Client info: , Platform: Windows, Groups: 19,377
2025-06-27 21:54:56 - Adding platform group 278 for client Mood - SUCCESS
2025-06-27 21:55:08 - clientPlatform processing for: chelko
2025-06-27 21:55:08 - Client info: , Platform: Windows, Groups: 265,377
2025-06-27 21:55:08 - Adding platform group 278 for client chelko - SUCCESS
2025-06-27 21:59:57 - clientPlatform processing for: FataL1Day
2025-06-27 21:59:57 - Client info: , Platform: Windows, Groups: 266,377
2025-06-27 21:59:57 - Adding platform group 278 for client FataL1Day - SUCCESS
2025-06-27 22:01:28 - clientPlatform processing for: lord
2025-06-27 22:01:28 - Client info: , Platform: Windows, Groups: 265,377
2025-06-27 22:01:28 - Adding platform group 278 for client lord - SUCCESS
2025-06-27 22:03:58 - clientPlatform processing for: pez0
2025-06-27 22:03:58 - Client info: , Platform: Windows, Groups: 13,377
2025-06-27 22:03:58 - Adding platform group 278 for client pez0 - SUCCESS
2025-06-27 22:04:17 - clientPlatform processing for: vertig0
2025-06-27 22:04:17 - Client info: , Platform: Windows, Groups: 13,377
2025-06-27 22:04:17 - Adding platform group 278 for client vertig0 - SUCCESS
2025-06-27 22:05:02 - clientPlatform processing for: TeamSpeakUser4
2025-06-27 22:05:02 - Client info: , Platform: Windows, Groups: 14,377
2025-06-27 22:05:02 - Adding platform group 278 for client TeamSpeakUser4 - SUCCESS
2025-06-27 22:06:30 - clientPlatform processing for: teaman11
2025-06-27 22:06:30 - Client info: , Platform: Windows, Groups: 17,377
2025-06-27 22:06:30 - Adding platform group 278 for client teaman11 - SUCCESS
2025-06-27 22:06:33 - clientPlatform processing for: етти
2025-06-27 22:06:33 - Client info: , Platform: Windows, Groups: 11,369
2025-06-27 22:06:33 - Adding platform group 278 for client етти - SUCCESS
2025-06-27 22:08:09 - clientPlatform processing for: I ❤ Greatest Hits
2025-06-27 22:08:09 - Client info: , Platform: Linux, Groups: 8,369
2025-06-27 22:08:09 - Adding platform group 279 for client I ❤ Greatest Hits - SUCCESS
2025-06-27 22:08:23 - clientPlatform processing for: I ❤ Greatest Hits
2025-06-27 22:08:23 - Client info: , Platform: Linux, Groups: 8,283,369
2025-06-27 22:08:23 - Adding platform group 279 for client I ❤ Greatest Hits - SUCCESS
2025-06-27 22:08:33 - clientPlatform processing for: I ❤ Greatest Hits
2025-06-27 22:08:33 - Client info: , Platform: Linux, Groups: 8,279,283,369
2025-06-27 22:08:33 - Client already has platform group 279
2025-06-27 22:09:20 - clientPlatform processing for: KC_Agee
2025-06-27 22:09:20 - Client info: , Platform: Windows, Groups: 264,377
2025-06-27 22:09:20 - Adding platform group 278 for client KC_Agee - SUCCESS
2025-06-27 22:09:21 - clientPlatform processing for: AyKonn
2025-06-27 22:09:21 - Client info: , Platform: Windows, Groups: 15,377
2025-06-27 22:09:21 - Adding platform group 278 for client AyKonn - SUCCESS
2025-06-27 22:09:21 - clientPlatform processing for: AyKonn
2025-06-27 22:09:21 - Client info: , Platform: Windows, Groups: 15,377
2025-06-27 22:09:21 - Group already assigned (detected from error), skipping
2025-06-27 22:09:21 - Adding platform group 278 for client AyKonn - SUCCESS
2025-06-27 22:09:21 - clientPlatform processing for: AyKonn
2025-06-27 22:09:21 - Client info: , Platform: Windows, Groups: 15,377
2025-06-27 22:09:21 - Group already assigned (detected from error), skipping
2025-06-27 22:09:21 - Adding platform group 278 for client AyKonn - SUCCESS
2025-06-27 22:10:55 - clientPlatform processing for: digitalmix
2025-06-27 22:10:55 - Client info: , Platform: Windows, Groups: 266,377
2025-06-27 22:10:55 - Adding platform group 278 for client digitalmix - SUCCESS
2025-06-27 22:11:05 - clientPlatform processing for: етти
2025-06-27 22:11:05 - Client info: , Platform: Windows, Groups: 11,369
2025-06-27 22:11:05 - Adding platform group 278 for client етти - SUCCESS
2025-06-27 22:11:29 - clientPlatform processing for: chapa
2025-06-27 22:11:29 - Client info: , Platform: Windows, Groups: 19,377,440
2025-06-27 22:11:29 - Adding platform group 278 for client chapa - SUCCESS
2025-06-27 22:12:29 - clientPlatform processing for: caeciliae
2025-06-27 22:12:29 - Client info: , Platform: Windows, Groups: 266,377
2025-06-27 22:12:29 - Adding platform group 278 for client caeciliae - SUCCESS
2025-06-27 22:12:33 - clientPlatform processing for: farkoshka
2025-06-27 22:12:33 - Client info: , Platform: Windows, Groups: 264,377
2025-06-27 22:12:33 - Adding platform group 278 for client farkoshka - SUCCESS
2025-06-27 22:12:33 - clientPlatform processing for: farkoshka
2025-06-27 22:12:33 - Client info: , Platform: Windows, Groups: 264,377
2025-06-27 22:12:33 - Group already assigned (detected from error), skipping
2025-06-27 22:12:33 - Adding platform group 278 for client farkoshka - SUCCESS
2025-06-27 22:12:34 - clientPlatform processing for: farkoshka
2025-06-27 22:12:34 - Client info: , Platform: Windows, Groups: 264,377
2025-06-27 22:12:34 - Group already assigned (detected from error), skipping
2025-06-27 22:12:34 - Adding platform group 278 for client farkoshka - SUCCESS
2025-06-27 22:12:52 - clientPlatform processing for: XandeRMeisteR
2025-06-27 22:12:52 - Client info: , Platform: Windows, Groups: 265,377
2025-06-27 22:12:53 - Adding platform group 278 for client XandeRMeisteR - SUCCESS
2025-06-27 22:12:58 - clientPlatform processing for: ван гогг
2025-06-27 22:12:58 - Client info: , Platform: Windows, Groups: 265,377
2025-06-27 22:12:58 - Adding platform group 278 for client ван гогг - SUCCESS
2025-06-27 22:12:59 - clientPlatform processing for: Kise_Ryouta777
2025-06-27 22:12:59 - Client info: , Platform: Windows, Groups: 12,377
2025-06-27 22:12:59 - Adding platform group 278 for client Kise_Ryouta777 - SUCCESS
2025-06-27 22:16:05 - clientPlatform processing for: klozzer
2025-06-27 22:16:05 - Client info: , Platform: Windows, Groups: 264,377
2025-06-27 22:16:05 - Adding platform group 278 for client klozzer - SUCCESS
2025-06-27 22:17:14 - clientPlatform processing for: I ❤ Greatest Hits
2025-06-27 22:17:14 - Client info: , Platform: Linux, Groups: 283
2025-06-27 22:17:14 - Adding platform group 279 for client I ❤ Greatest Hits - SUCCESS
2025-06-27 22:17:15 - clientPlatform processing for: [#]Misc
2025-06-27 22:17:15 - Client info: , Platform: Linux, Groups: 391
2025-06-27 22:17:15 - Adding platform group 279 for client [#]Misc - SUCCESS
2025-06-27 22:17:16 - clientPlatform processing for: I ❤ 2 Dance
2025-06-27 22:17:16 - Client info: , Platform: Linux, Groups: 283
2025-06-27 22:17:16 - Adding platform group 279 for client I ❤ 2 Dance - SUCCESS
2025-06-27 22:19:59 - clientPlatform processing for: Bigboss420
2025-06-27 22:19:59 - Client info: , Platform: Windows, Groups: 13,377
2025-06-27 22:19:59 - Adding platform group 278 for client Bigboss420 - SUCCESS
2025-06-27 22:20:44 - clientPlatform processing for: етти
2025-06-27 22:20:44 - Client info: , Platform: Windows, Groups: 11,369
2025-06-27 22:20:44 - Adding platform group 278 for client етти - SUCCESS
2025-06-27 22:20:52 - clientPlatform processing for: добрий вечір
2025-06-27 22:20:52 - Client info: , Platform: Windows, Groups: 265,377
2025-06-27 22:20:52 - Adding platform group 278 for client добрий вечір - SUCCESS
2025-06-27 22:22:01 - clientPlatform processing for: етти
2025-06-27 22:22:01 - Client info: , Platform: Windows, Groups: 11,369
2025-06-27 22:22:01 - Adding platform group 278 for client етти - SUCCESS
2025-06-27 22:23:10 - clientPlatform processing for: Snow
2025-06-27 22:23:10 - Client info: , Platform: Windows, Groups: 263,377
2025-06-27 22:23:10 - Adding platform group 278 for client Snow - SUCCESS
2025-06-27 22:23:17 - clientPlatform processing for: Dax
2025-06-27 22:23:17 - Client info: , Platform: Windows, Groups: 14,377
2025-06-27 22:23:17 - Adding platform group 278 for client Dax - SUCCESS
2025-06-27 22:24:55 - clientPlatform processing for: Mandirene
2025-06-27 22:24:55 - Client info: , Platform: Windows, Groups: 7
2025-06-27 22:24:55 - Adding platform group 278 for client Mandirene - SUCCESS
2025-06-27 22:26:14 - clientPlatform processing for: zui
2025-06-27 22:26:14 - Client info: , Platform: Windows, Groups: 266,377
2025-06-27 22:26:14 - Adding platform group 278 for client zui - SUCCESS
2025-06-27 22:26:37 - clientPlatform processing for: TeamSpeakUser
2025-06-27 22:26:37 - Client info: , Platform: Windows, Groups: 12,377
2025-06-27 22:26:37 - Adding platform group 278 for client TeamSpeakUser - SUCCESS
2025-06-27 22:27:40 - clientPlatform processing for: добрий вечір
2025-06-27 22:27:40 - Client info: , Platform: Windows, Groups: 265,377
2025-06-27 22:27:40 - Adding platform group 278 for client добрий вечір - SUCCESS
2025-06-27 22:28:27 - clientPlatform processing for: XandeRMeisteR
2025-06-27 22:28:27 - Client info: , Platform: Windows, Groups: 265,377
2025-06-27 22:28:27 - Adding platform group 278 for client XandeRMeisteR - SUCCESS
2025-06-27 22:39:36 - clientPlatform processing for: MC durak
2025-06-27 22:39:36 - Client info: , Platform: Windows, Groups: 266,377
2025-06-27 22:39:36 - Adding platform group 278 for client MC durak - SUCCESS
2025-06-27 22:41:53 - clientPlatform processing for: TeamSpeakUser
2025-06-27 22:41:53 - Client info: , Platform: Windows, Groups: 14,377
2025-06-27 22:41:53 - Adding platform group 278 for client TeamSpeakUser - SUCCESS
2025-06-27 22:42:29 - clientPlatform processing for: Angelo
2025-06-27 22:42:29 - Client info: , Platform: Windows, Groups: 13,377
2025-06-27 22:42:29 - Adding platform group 278 for client Angelo - SUCCESS
2025-06-27 22:48:15 - clientPlatform processing for: Imprii
2025-06-27 22:48:15 - Client info: , Platform: Windows, Groups: 266,377
2025-06-27 22:48:15 - Adding platform group 278 for client Imprii - SUCCESS
2025-06-27 22:48:56 - clientPlatform processing for: J4M4L
2025-06-27 22:48:56 - Client info: , Platform: Windows, Groups: 18,377
2025-06-27 22:48:56 - Adding platform group 278 for client J4M4L - SUCCESS
2025-06-27 22:50:27 - clientPlatform processing for: astraiser
2025-06-27 22:50:27 - Client info: , Platform: Windows, Groups: 17,377
2025-06-27 22:50:27 - Adding platform group 278 for client astraiser - SUCCESS
2025-06-27 22:50:34 - clientPlatform processing for: PastA1
2025-06-27 22:50:34 - Client info: , Platform: Windows, Groups: 263,377
2025-06-27 22:50:34 - Adding platform group 278 for client PastA1 - SUCCESS
2025-06-27 22:57:56 - clientPlatform processing for: Speedbatteur
2025-06-27 22:57:56 - Client info: , Platform: Windows, Groups: 266,377
2025-06-27 22:57:56 - Adding platform group 278 for client Speedbatteur - SUCCESS
2025-06-27 22:58:08 - clientPlatform processing for: karl_33
2025-06-27 22:58:08 - Client info: , Platform: Windows, Groups: 266,377
2025-06-27 22:58:08 - Adding platform group 278 for client karl_33 - SUCCESS
2025-06-27 23:02:13 - clientPlatform processing for: artembill
2025-06-27 23:02:13 - Client info: , Platform: macOS, Groups: 266,377
2025-06-27 23:02:13 - Adding platform group 280 for client artembill - SUCCESS
2025-06-27 23:02:25 - clientPlatform processing for: xtatic
2025-06-27 23:02:25 - Client info: , Platform: Windows, Groups: 13,377
2025-06-27 23:02:25 - Adding platform group 278 for client xtatic - SUCCESS
2025-06-27 23:02:26 - clientPlatform processing for: xtatic
2025-06-27 23:02:26 - Client info: , Platform: Windows, Groups: 13,377
2025-06-27 23:02:26 - Group already assigned (detected from error), skipping
2025-06-27 23:02:26 - Adding platform group 278 for client xtatic - SUCCESS
2025-06-27 23:02:26 - clientPlatform processing for: xtatic
2025-06-27 23:02:26 - Client info: , Platform: Windows, Groups: 13,377
2025-06-27 23:02:26 - Group already assigned (detected from error), skipping
2025-06-27 23:02:26 - Adding platform group 278 for client xtatic - SUCCESS
2025-06-27 23:03:10 - clientPlatform processing for: artembill
2025-06-27 23:03:10 - Client info: , Platform: macOS, Groups: 266,377
2025-06-27 23:03:10 - Adding platform group 280 for client artembill - SUCCESS
2025-06-27 23:05:45 - clientPlatform processing for: TeamSpeakUser1
2025-06-27 23:05:45 - Client info: , Platform: Windows, Groups: 12,377
2025-06-27 23:05:45 - Adding platform group 278 for client TeamSpeakUser1 - SUCCESS
2025-06-27 23:05:51 - clientPlatform processing for: Yuri
2025-06-27 23:05:51 - Client info: , Platform: Windows, Groups: 14,377
2025-06-27 23:05:51 - Adding platform group 278 for client Yuri - SUCCESS
2025-06-27 23:05:53 - clientPlatform processing for: Doc
2025-06-27 23:05:53 - Client info: , Platform: Windows, Groups: 13,377
2025-06-27 23:05:53 - Adding platform group 278 for client Doc - SUCCESS
2025-06-27 23:08:20 - clientPlatform processing for: Mura1212
2025-06-27 23:08:20 - Client info: , Platform: Windows, Groups: 15,377
2025-06-27 23:08:20 - Adding platform group 278 for client Mura1212 - SUCCESS
2025-06-27 23:08:27 - clientPlatform processing for: TeamSpeakUser1
2025-06-27 23:08:27 - Client info: , Platform: Windows, Groups: 11,377
2025-06-27 23:08:27 - Adding platform group 278 for client TeamSpeakUser1 - SUCCESS
2025-06-27 23:10:19 - clientPlatform processing for: Artemisa
2025-06-27 23:10:19 - Client info: , Platform: Windows, Groups: 13,377
2025-06-27 23:10:19 - Adding platform group 278 for client Artemisa - SUCCESS
2025-06-27 23:10:57 - clientPlatform processing for: miz-miz
2025-06-27 23:10:57 - Client info: , Platform: Windows, Groups: 266,377
2025-06-27 23:10:57 - Adding platform group 278 for client miz-miz - SUCCESS
2025-06-27 23:12:12 - clientPlatform processing for: SmaD
2025-06-27 23:12:12 - Client info: , Platform: Windows, Groups: 13,377
2025-06-27 23:12:12 - Adding platform group 278 for client SmaD - SUCCESS
2025-06-27 23:15:15 - clientPlatform processing for: ywyw
2025-06-27 23:15:15 - Client info: , Platform: Windows, Groups: 266,377
2025-06-27 23:15:15 - Adding platform group 278 for client ywyw - SUCCESS
2025-06-27 23:15:22 - clientPlatform processing for: dosma666
2025-06-27 23:15:22 - Client info: , Platform: Windows, Groups: 266,377
2025-06-27 23:15:22 - Adding platform group 278 for client dosma666 - SUCCESS
2025-06-27 23:16:22 - clientPlatform processing for: APASNOOOOOOOOOO
2025-06-27 23:16:22 - Client info: , Platform: Windows, Groups: 264,377
2025-06-27 23:16:22 - Adding platform group 278 for client APASNOOOOOOOOOO - SUCCESS
2025-06-27 23:16:59 - clientPlatform processing for: Barış
2025-06-27 23:16:59 - Client info: , Platform: Windows, Groups: 15,377
2025-06-27 23:16:59 - Adding platform group 278 for client Barış - SUCCESS
2025-06-27 23:17:00 - clientPlatform processing for: Adam Boroda
2025-06-27 23:17:00 - Client info: , Platform: Windows, Groups: 14,377
2025-06-27 23:17:00 - Adding platform group 278 for client Adam Boroda - SUCCESS
2025-06-27 23:17:42 - clientPlatform processing for: dubra bubra
2025-06-27 23:17:42 - Client info: , Platform: Windows, Groups: 7
2025-06-27 23:17:42 - Adding platform group 278 for client dubra bubra - SUCCESS
2025-06-27 23:25:11 - clientPlatform processing for: Придонья
2025-06-27 23:25:11 - Client info: , Platform: Windows, Groups: 12,377
2025-06-27 23:25:11 - Adding platform group 278 for client Придонья - SUCCESS
2025-06-27 23:27:13 - clientPlatform processing for: djambo0071
2025-06-27 23:27:13 - Client info: , Platform: Windows, Groups: 8,369
2025-06-27 23:27:13 - Adding platform group 278 for client djambo0071 - SUCCESS
2025-06-27 23:27:28 - clientPlatform processing for: mevlutozkara
2025-06-27 23:27:28 - Client info: , Platform: Windows, Groups: 12,377
2025-06-27 23:27:28 - Adding platform group 278 for client mevlutozkara - SUCCESS
2025-06-27 23:28:05 - clientPlatform processing for: Rowyn
2025-06-27 23:28:05 - Client info: , Platform: Windows, Groups: 19,377
2025-06-27 23:28:05 - Adding platform group 278 for client Rowyn - SUCCESS
2025-06-27 23:28:45 - clientPlatform processing for: x7uned 🌊
2025-06-27 23:28:45 - Client info: , Platform: Windows, Groups: 17,377
2025-06-27 23:28:45 - Adding platform group 278 for client x7uned 🌊 - SUCCESS
2025-06-27 23:29:16 - clientPlatform processing for: djambo0071
2025-06-27 23:29:16 - Client info: , Platform: Windows, Groups: 8,369
2025-06-27 23:29:16 - Adding platform group 278 for client djambo0071 - SUCCESS
2025-06-27 23:32:47 - clientPlatform processing for: Nevskiiiy
2025-06-27 23:32:47 - Client info: , Platform: Windows, Groups: 263,377
2025-06-27 23:32:47 - Adding platform group 278 for client Nevskiiiy - SUCCESS
2025-06-27 23:34:58 - clientPlatform processing for: TeamSpeakUser1
2025-06-27 23:34:58 - Client info: , Platform: Windows, Groups: 7
2025-06-27 23:34:58 - Adding platform group 278 for client TeamSpeakUser1 - SUCCESS
2025-06-27 23:35:20 - clientPlatform processing for: NaiRoD
2025-06-27 23:35:20 - Client info: , Platform: Windows, Groups: 20,377
2025-06-27 23:35:20 - Adding platform group 278 for client NaiRoD - SUCCESS
2025-06-27 23:37:01 - clientPlatform processing for: ПожилаяОстановка
2025-06-27 23:37:01 - Client info: , Platform: Windows, Groups: 14,377
2025-06-27 23:37:01 - Adding platform group 278 for client ПожилаяОстановка - SUCCESS
2025-06-27 23:38:18 - clientPlatform processing for: TeamSpeakUser1
2025-06-27 23:38:18 - Client info: , Platform: Windows, Groups: 7
2025-06-27 23:38:18 - Adding platform group 278 for client TeamSpeakUser1 - SUCCESS
2025-06-27 23:50:46 - clientPlatform processing for: Adam Boroda
2025-06-27 23:50:46 - Client info: , Platform: Windows, Groups: 14,377
2025-06-27 23:50:46 - Adding platform group 278 for client Adam Boroda - SUCCESS
2025-06-27 23:53:14 - clientPlatform processing for: Hydrastarke
2025-06-27 23:53:14 - Client info: , Platform: Windows, Groups: 266,377
2025-06-27 23:53:14 - Adding platform group 278 for client Hydrastarke - SUCCESS
2025-06-27 23:54:43 - clientPlatform processing for: beytula
2025-06-27 23:54:43 - Client info: , Platform: Windows, Groups: 264,377
2025-06-27 23:54:43 - Adding platform group 278 for client beytula - SUCCESS
2025-06-27 23:56:04 - clientPlatform processing for: Ameeeeeeeeer
2025-06-27 23:56:04 - Client info: , Platform: Windows, Groups: 15,377
2025-06-27 23:56:04 - Adding platform group 278 for client Ameeeeeeeeer - SUCCESS
2025-06-27 23:56:45 - clientPlatform processing for: ivansultan
2025-06-27 23:56:45 - Client info: , Platform: Windows, Groups: 265,377
2025-06-27 23:56:45 - Adding platform group 278 for client ivansultan - SUCCESS
2025-06-27 23:57:29 - clientPlatform processing for: éclatax
2025-06-27 23:57:29 - Client info: , Platform: Windows, Groups: 13,377
2025-06-27 23:57:29 - Adding platform group 278 for client éclatax - SUCCESS
