[2025-05-31 00:00:30] [VnkaFFk9xJmCZ7yTD4nS27hZJDs=] [karafey] Checking offline messages for client
[2025-05-31 00:00:30] [VnkaFFk9xJmCZ7yTD4nS27hZJDs=] [karafey] No offline messages found
[2025-05-31 00:00:59] [VnkaFFk9xJmCZ7yTD4nS27hZJDs=] [karafey] Checking offline messages for client
[2025-05-31 00:00:59] [VnkaFFk9xJmCZ7yTD4nS27hZJDs=] [karafey] No offline messages found
[2025-05-31 00:01:45] [KgtWKCUgHe+YIFq4EEIuJUQeydU=] [Mehdi_km81] Checking offline messages for client
[2025-05-31 00:01:45] [KgtWKCUgHe+YIFq4EEIuJUQeydU=] [Mehdi_km81] No offline messages found
[2025-05-31 00:02:22] [hFplnszNsVWixGv+jr9PV6siVtc=] [PitcaRNNN``] Checking offline messages for client
[2025-05-31 00:02:22] [hFplnszNsVWixGv+jr9PV6siVtc=] [PitcaRNNN``] No offline messages found
[2025-05-31 00:04:20] [KgtWKCUgHe+YIFq4EEIuJUQeydU=] [Mehdi_km81] Checking offline messages for client
[2025-05-31 00:04:20] [KgtWKCUgHe+YIFq4EEIuJUQeydU=] [Mehdi_km81] No offline messages found
[2025-05-31 00:05:58] [b7yeVGj+sfUQrqVGU5rlFHIogvU=] [saleh_4] Checking offline messages for client
[2025-05-31 00:05:58] [b7yeVGj+sfUQrqVGU5rlFHIogvU=] [saleh_4] No offline messages found
[2025-05-31 00:07:15] [I44Ri7IU/lqmUELo28nPjd9Bnek=] [youyou] Checking offline messages for client
[2025-05-31 00:07:15] [I44Ri7IU/lqmUELo28nPjd9Bnek=] [youyou] No offline messages found
[2025-05-31 00:07:43] [0WgZKkj6v4iiMp7/eG9vKSWI5qU=] [TeamSpeakUser1] Checking offline messages for client
[2025-05-31 00:07:43] [0WgZKkj6v4iiMp7/eG9vKSWI5qU=] [TeamSpeakUser1] No offline messages found
[2025-05-31 00:08:36] [bgZBOOBBr5CvO6T53NaTUY/yKtU=] [AMkıymaBORUSU] Checking offline messages for client
[2025-05-31 00:08:36] [bgZBOOBBr5CvO6T53NaTUY/yKtU=] [AMkıymaBORUSU] No offline messages found
[2025-05-31 00:10:13] [I44Ri7IU/lqmUELo28nPjd9Bnek=] [youyou] Checking offline messages for client
[2025-05-31 00:10:13] [I44Ri7IU/lqmUELo28nPjd9Bnek=] [youyou] No offline messages found
[2025-05-31 00:10:56] [I44Ri7IU/lqmUELo28nPjd9Bnek=] [youyou] Checking offline messages for client
[2025-05-31 00:10:56] [I44Ri7IU/lqmUELo28nPjd9Bnek=] [youyou] No offline messages found
[2025-05-31 00:12:25] [U03tlpb40T9DiVjXTVQdXprGQkc=] [fdgod35] Checking offline messages for client
[2025-05-31 00:12:25] [U03tlpb40T9DiVjXTVQdXprGQkc=] [fdgod35] No offline messages found
[2025-05-31 00:18:22] [nXRyb5igYqNr7ZypkgWRMODjZ9A=] [autist] Checking offline messages for client
[2025-05-31 00:18:22] [nXRyb5igYqNr7ZypkgWRMODjZ9A=] [autist] No offline messages found
[2025-05-31 00:22:33] [RYUvozu9YD3MDRA32U+iT0lGsNE=] [Ace] Checking offline messages for client
[2025-05-31 00:22:33] [RYUvozu9YD3MDRA32U+iT0lGsNE=] [Ace] No offline messages found
[2025-05-31 00:23:57] [YzUgu3CXOY+yhn8UlP+xRN3h09M=] [vekil'] Checking offline messages for client
[2025-05-31 00:23:57] [YzUgu3CXOY+yhn8UlP+xRN3h09M=] [vekil'] No offline messages found
[2025-05-31 00:24:14] [I44Ri7IU/lqmUELo28nPjd9Bnek=] [youyou] Checking offline messages for client
[2025-05-31 00:24:14] [I44Ri7IU/lqmUELo28nPjd9Bnek=] [youyou] No offline messages found
[2025-05-31 00:31:44] [YzUgu3CXOY+yhn8UlP+xRN3h09M=] [vekil'] Checking offline messages for client
[2025-05-31 00:31:44] [YzUgu3CXOY+yhn8UlP+xRN3h09M=] [vekil'] No offline messages found
[2025-05-31 00:40:31] [YzUgu3CXOY+yhn8UlP+xRN3h09M=] [vekil'] Checking offline messages for client
[2025-05-31 00:40:31] [YzUgu3CXOY+yhn8UlP+xRN3h09M=] [vekil'] No offline messages found
[2025-05-31 00:43:42] [759S1bx+7GedF1jF7fnNWOPTC6k=] [134214124] Checking offline messages for client
[2025-05-31 00:43:42] [759S1bx+7GedF1jF7fnNWOPTC6k=] [134214124] No offline messages found
[2025-05-31 00:44:25] [5tr0bmquCHHSQKHnrvHDA84gg1s=] [DADA] Checking offline messages for client
[2025-05-31 00:44:25] [5tr0bmquCHHSQKHnrvHDA84gg1s=] [DADA] No offline messages found
[2025-05-31 00:52:39] [u88gTGqnNGQfUIYrLHgg24ksWNY=] [TeamSpeakUser2] Checking offline messages for client
[2025-05-31 00:52:39] [u88gTGqnNGQfUIYrLHgg24ksWNY=] [TeamSpeakUser2] No offline messages found
[2025-05-31 01:10:56] [rShY/1ZC2w9lkwgM2GcewWZlxrw=] [LokyJR16] Checking offline messages for client
[2025-05-31 01:10:56] [rShY/1ZC2w9lkwgM2GcewWZlxrw=] [LokyJR16] No offline messages found
[2025-05-31 01:41:29] [2rkwn/jv1FIR6DqtosxYTJMsanY=] [TeamSpeakUser] Checking offline messages for client
[2025-05-31 01:41:29] [2rkwn/jv1FIR6DqtosxYTJMsanY=] [TeamSpeakUser] No offline messages found
[2025-05-31 01:55:39] [pjSG7lijxEkCHXK5AeNULuu9cdY=] [HUESOS] Checking offline messages for client
[2025-05-31 01:55:39] [pjSG7lijxEkCHXK5AeNULuu9cdY=] [HUESOS] No offline messages found
[2025-05-31 02:10:54] [bZvg3YpLPPLqxb2ddFUZeJYpkN8=] [Rowyn] Checking offline messages for client
[2025-05-31 02:10:54] [bZvg3YpLPPLqxb2ddFUZeJYpkN8=] [Rowyn] No offline messages found
[2025-05-31 02:12:34] [6tkIpkyqeLVC7JOUj0tubaPsYKM=] [Ribella] Checking offline messages for client
[2025-05-31 02:12:34] [6tkIpkyqeLVC7JOUj0tubaPsYKM=] [Ribella] No offline messages found
[2025-05-31 02:26:16] [O3jgy+4YcNZxt6Kfdzgsu6OGY/w=] [Elcau_sita18] Checking offline messages for client
[2025-05-31 02:26:16] [O3jgy+4YcNZxt6Kfdzgsu6OGY/w=] [Elcau_sita18] No offline messages found
[2025-05-31 03:21:14] [jWxbfxhLxs9dPa3t1WUnys7gnbk=] [Richard_TH] Checking offline messages for client
[2025-05-31 03:21:14] [jWxbfxhLxs9dPa3t1WUnys7gnbk=] [Richard_TH] No offline messages found
[2025-05-31 03:31:26] [3oWtn5L+6IU6K2KqfHLzLNq4zKM=] [kaetanin] Checking offline messages for client
[2025-05-31 03:31:26] [3oWtn5L+6IU6K2KqfHLzLNq4zKM=] [kaetanin] No offline messages found
[2025-05-31 03:32:42] [rfSlRu7uzjI8pCmk2erQZXW6+7M=] [juju] Checking offline messages for client
[2025-05-31 03:32:42] [rfSlRu7uzjI8pCmk2erQZXW6+7M=] [juju] No offline messages found
[2025-05-31 03:33:10] [O3jgy+4YcNZxt6Kfdzgsu6OGY/w=] [Elcau_sita18] Checking offline messages for client
[2025-05-31 03:33:10] [O3jgy+4YcNZxt6Kfdzgsu6OGY/w=] [Elcau_sita18] No offline messages found
[2025-05-31 03:36:23] [Cji46tp2K393WPeFVB8+qBNs7Sw=] [TeamSpeakUser] Checking offline messages for client
[2025-05-31 03:36:23] [Cji46tp2K393WPeFVB8+qBNs7Sw=] [TeamSpeakUser] No offline messages found
[2025-05-31 03:37:06] [esphB+mG2+N8I3ntRjK04Tgvv7o=] [Phantor] Checking offline messages for client
[2025-05-31 03:37:06] [esphB+mG2+N8I3ntRjK04Tgvv7o=] [Phantor] No offline messages found
[2025-05-31 04:11:08] [3PUL5t5Jz0KW4hyrBCzi+BArN60=] [tenshin_non] Checking offline messages for client
[2025-05-31 04:11:08] [3PUL5t5Jz0KW4hyrBCzi+BArN60=] [tenshin_non] No offline messages found
[2025-05-31 04:13:59] [RYUvozu9YD3MDRA32U+iT0lGsNE=] [Ace] Checking offline messages for client
[2025-05-31 04:13:59] [RYUvozu9YD3MDRA32U+iT0lGsNE=] [Ace] No offline messages found
[2025-05-31 05:20:43] [rR+2agDaXOblefNaD/E2LfDoCAU=] [hugao] Checking offline messages for client
[2025-05-31 05:20:43] [rR+2agDaXOblefNaD/E2LfDoCAU=] [hugao] No offline messages found
[2025-05-31 05:33:42] [qNsg0b7JeakWdOg/MBVUEfo+t/s=] [Chico] Checking offline messages for client
[2025-05-31 05:33:42] [qNsg0b7JeakWdOg/MBVUEfo+t/s=] [Chico] No offline messages found
[2025-05-31 05:38:14] [BeICdvIiZVCXM27KQGZo0ienVIU=] [ordep] Checking offline messages for client
[2025-05-31 05:38:14] [BeICdvIiZVCXM27KQGZo0ienVIU=] [ordep] No offline messages found
[2025-05-31 05:47:25] [crhsCHBRZ6Uvbd+HXhMScOfqECI=] [TeamSpeakUser] Checking offline messages for client
[2025-05-31 05:47:25] [crhsCHBRZ6Uvbd+HXhMScOfqECI=] [TeamSpeakUser] No offline messages found
[2025-05-31 05:55:41] [esphB+mG2+N8I3ntRjK04Tgvv7o=] [Phantor] Checking offline messages for client
[2025-05-31 05:55:41] [esphB+mG2+N8I3ntRjK04Tgvv7o=] [Phantor] No offline messages found
[2025-05-31 06:35:41] [wb6hjyPFES1y2OQVEICWPB5jO8g=] [Safarijoe] Checking offline messages for client
[2025-05-31 06:35:41] [wb6hjyPFES1y2OQVEICWPB5jO8g=] [Safarijoe] No offline messages found
[2025-05-31 07:22:47] [qNsg0b7JeakWdOg/MBVUEfo+t/s=] [Chico] Checking offline messages for client
[2025-05-31 07:22:47] [qNsg0b7JeakWdOg/MBVUEfo+t/s=] [Chico] No offline messages found
[2025-05-31 07:51:21] [PhckJHuRGWp+/oEYJbm3VNrgZkw=] [Br4d117] Checking offline messages for client
[2025-05-31 07:51:21] [PhckJHuRGWp+/oEYJbm3VNrgZkw=] [Br4d117] No offline messages found
[2025-05-31 07:53:04] [y6Dvn19VXbBd0XOSXfMEraqacFI=] [CrypticBlitz96] Checking offline messages for client
[2025-05-31 07:53:04] [y6Dvn19VXbBd0XOSXfMEraqacFI=] [CrypticBlitz96] No offline messages found
[2025-05-31 08:02:53] [WtWgpfS8UE18SW7yGXm3r1yoO/c=] [Kowismo] Checking offline messages for client
[2025-05-31 08:02:53] [WtWgpfS8UE18SW7yGXm3r1yoO/c=] [Kowismo] No offline messages found
[2025-05-31 08:44:37] [MxNVaOHwPkvp7uK2EpvALsAYX0M=] [Blood] Checking offline messages for client
[2025-05-31 08:44:37] [MxNVaOHwPkvp7uK2EpvALsAYX0M=] [Blood] No offline messages found
[2025-05-31 08:49:17] [RJ4ey/bxVJ5eYFnjo7KF14s+i1s=] [Shahram] Checking offline messages for client
[2025-05-31 08:49:17] [RJ4ey/bxVJ5eYFnjo7KF14s+i1s=] [Shahram] No offline messages found
[2025-05-31 08:54:53] [ASKMEj/XZj0gugZs7ciO6cG9gj8=] [R3d4l] Checking offline messages for client
[2025-05-31 08:54:53] [ASKMEj/XZj0gugZs7ciO6cG9gj8=] [R3d4l] No offline messages found
[2025-05-31 09:06:29] [+kwhCPDVEacBLrd4I5lqn9JcRSA=] [danbruik] Checking offline messages for client
[2025-05-31 09:06:29] [+kwhCPDVEacBLrd4I5lqn9JcRSA=] [danbruik] No offline messages found
[2025-05-31 09:25:34] [Y65rsRH7UKXtXgSPGr80roWjsRI=] [mZn] Checking offline messages for client
[2025-05-31 09:25:34] [Y65rsRH7UKXtXgSPGr80roWjsRI=] [mZn] No offline messages found
[2025-05-31 09:28:05] [AQBmR4z2NKjgim9VKZ5yt6FTmAg=] [BLACK] Checking offline messages for client
[2025-05-31 09:28:05] [AQBmR4z2NKjgim9VKZ5yt6FTmAg=] [BLACK] No offline messages found
[2025-05-31 09:49:30] [1yxMprXahlARCpDg3vveaKPyYj4=] [shuuurik71] Checking offline messages for client
[2025-05-31 09:49:30] [1yxMprXahlARCpDg3vveaKPyYj4=] [shuuurik71] No offline messages found
[2025-05-31 09:49:50] [1yxMprXahlARCpDg3vveaKPyYj4=] [shuuurik71] Checking offline messages for client
[2025-05-31 09:49:50] [1yxMprXahlARCpDg3vveaKPyYj4=] [shuuurik71] No offline messages found
[2025-05-31 09:55:11] [0TS7jt0APSegEgA9K9hIWfin7m0=] [dadaok] Checking offline messages for client
[2025-05-31 09:55:11] [0TS7jt0APSegEgA9K9hIWfin7m0=] [dadaok] No offline messages found
[2025-05-31 10:13:53] [gIv03ZtQuihw+6fOW0VT0H6h6c8=] [chapa] Checking offline messages for client
[2025-05-31 10:13:53] [gIv03ZtQuihw+6fOW0VT0H6h6c8=] [chapa] No offline messages found
[2025-05-31 10:25:08] [RvQCOE641QKD3fODY/YAvxOrNw8=] [Luckyman] Checking offline messages for client
[2025-05-31 10:25:08] [RvQCOE641QKD3fODY/YAvxOrNw8=] [Luckyman] No offline messages found
[2025-05-31 10:25:35] [6qHORxGLBq+qckGGzMnzx6dfmIY=] [alexastrasza.com] Checking offline messages for client
[2025-05-31 10:25:35] [6qHORxGLBq+qckGGzMnzx6dfmIY=] [alexastrasza.com] No offline messages found
[2025-05-31 10:26:34] [kHIid8HT2jg9WiVu3tCpryd+esk=] [1133] Checking offline messages for client
[2025-05-31 10:26:34] [kHIid8HT2jg9WiVu3tCpryd+esk=] [1133] No offline messages found
[2025-05-31 10:26:41] [PPPKMlAle0FmVPmBvy4wIVAJjb4=] [Snow0003] Checking offline messages for client
[2025-05-31 10:26:41] [PPPKMlAle0FmVPmBvy4wIVAJjb4=] [Snow0003] No offline messages found
[2025-05-31 10:28:25] [sXdZvldAHlqN2MQlf5PO/Mc/80U=] [Brosski52] Checking offline messages for client
[2025-05-31 10:28:25] [sXdZvldAHlqN2MQlf5PO/Mc/80U=] [Brosski52] No offline messages found
[2025-05-31 10:28:54] [qvf2/IsRm9TsXSmNMeDEuXuIC3s=] [Mood] Checking offline messages for client
[2025-05-31 10:28:54] [qvf2/IsRm9TsXSmNMeDEuXuIC3s=] [Mood] No offline messages found
[2025-05-31 10:33:08] [iqhXyPfP3MC8F+w0pKyVoSLyF/I=] [FailRaik] Checking offline messages for client
[2025-05-31 10:33:08] [iqhXyPfP3MC8F+w0pKyVoSLyF/I=] [FailRaik] No offline messages found
[2025-05-31 10:45:11] [gITtVlfHYxsd3mvOfTblKNtJBDU=] [4iff] Checking offline messages for client
[2025-05-31 10:45:11] [gITtVlfHYxsd3mvOfTblKNtJBDU=] [4iff] No offline messages found
[2025-05-31 10:55:08] [ilO9JAl5glx+WikZA6SZqmic0Iw=] [kaiizenn] Checking offline messages for client
[2025-05-31 10:55:08] [ilO9JAl5glx+WikZA6SZqmic0Iw=] [kaiizenn] No offline messages found
[2025-05-31 11:14:36] [h0VuCZ2TUXFCJCTTYaDOlIsousY=] [Oleg] Checking offline messages for client
[2025-05-31 11:14:36] [h0VuCZ2TUXFCJCTTYaDOlIsousY=] [Oleg] No offline messages found
[2025-05-31 11:18:08] [39Hn80GzU936S3hLOAjj8iP5kpg=] [Shawaj] Checking offline messages for client
[2025-05-31 11:18:08] [39Hn80GzU936S3hLOAjj8iP5kpg=] [Shawaj] No offline messages found
[2025-05-31 11:22:24] [mqgd3Gc7WmeeLTlwm9TT72tKi9Y=] [Joss] Checking offline messages for client
[2025-05-31 11:22:24] [mqgd3Gc7WmeeLTlwm9TT72tKi9Y=] [Joss] No offline messages found
[2025-05-31 11:29:20] [/klE8TsPPUqfUk7ojYSHtoC1uu8=] [191cm] Checking offline messages for client
[2025-05-31 11:29:20] [/klE8TsPPUqfUk7ojYSHtoC1uu8=] [191cm] No offline messages found
[2025-05-31 11:29:54] [mvaJn7FJk0QHWbeS6u4EyOPPJEU=] [judd] Checking offline messages for client
[2025-05-31 11:29:54] [mvaJn7FJk0QHWbeS6u4EyOPPJEU=] [judd] No offline messages found
[2025-05-31 11:30:11] [rxqn6flVuCOc0I/i0b6N/3rq9mE=] [Beliy_Colymbiec_ (Dima)] Checking offline messages for client
[2025-05-31 11:30:11] [rxqn6flVuCOc0I/i0b6N/3rq9mE=] [Beliy_Colymbiec_ (Dima)] No offline messages found
[2025-05-31 11:31:59] [lod5AR7A1VH7wgW4YE6XBAX2cBI=] [freeman] Checking offline messages for client
[2025-05-31 11:31:59] [lod5AR7A1VH7wgW4YE6XBAX2cBI=] [freeman] No offline messages found
[2025-05-31 11:37:13] [wZ3aaQCZEpobnnqice1Q7j6jEM8=] [AJDEVONN] Checking offline messages for client
[2025-05-31 11:37:13] [wZ3aaQCZEpobnnqice1Q7j6jEM8=] [AJDEVONN] No offline messages found
[2025-05-31 11:43:28] [uJnwwqnuPGfoLP0MTPmjLpW1JCI=] [deadly_peak] Checking offline messages for client
[2025-05-31 11:43:28] [uJnwwqnuPGfoLP0MTPmjLpW1JCI=] [deadly_peak] No offline messages found
[2025-05-31 11:49:02] [nugXGhaF35h9hgiSx6IDQ+1uTFA=] [malnaucs] Checking offline messages for client
[2025-05-31 11:49:02] [nugXGhaF35h9hgiSx6IDQ+1uTFA=] [malnaucs] No offline messages found
[2025-05-31 11:52:05] [F+sDoybvvXZVYxLikhNJeZKMmTE=] [playerHIHIHAHA] Checking offline messages for client
[2025-05-31 11:52:05] [F+sDoybvvXZVYxLikhNJeZKMmTE=] [playerHIHIHAHA] No offline messages found
[2025-05-31 11:52:12] [6OrBHYwU9XaaaUpap0Vo6I+D5aA=] [Aykut_Olcay] Checking offline messages for client
[2025-05-31 11:52:12] [6OrBHYwU9XaaaUpap0Vo6I+D5aA=] [Aykut_Olcay] No offline messages found
[2025-05-31 11:53:02] [yGyHsE0UXDqQvolpBrmTO+BH7ys=] [creepypastaking] Checking offline messages for client
[2025-05-31 11:53:02] [yGyHsE0UXDqQvolpBrmTO+BH7ys=] [creepypastaking] No offline messages found
[2025-05-31 11:56:16] [yGyHsE0UXDqQvolpBrmTO+BH7ys=] [creepypastaking] Checking offline messages for client
[2025-05-31 11:56:16] [yGyHsE0UXDqQvolpBrmTO+BH7ys=] [creepypastaking] No offline messages found
[2025-05-31 11:59:46] [yGyHsE0UXDqQvolpBrmTO+BH7ys=] [creepypastaking] Checking offline messages for client
[2025-05-31 11:59:46] [yGyHsE0UXDqQvolpBrmTO+BH7ys=] [creepypastaking] No offline messages found
[2025-05-31 12:01:22] [yGyHsE0UXDqQvolpBrmTO+BH7ys=] [creepypastaking] Checking offline messages for client
[2025-05-31 12:01:22] [yGyHsE0UXDqQvolpBrmTO+BH7ys=] [creepypastaking] No offline messages found
[2025-05-31 12:03:28] [ow+Zi/O4SnJIvwHosoZ7zIvOOK8=] [shinigami] Checking offline messages for client
[2025-05-31 12:03:28] [ow+Zi/O4SnJIvwHosoZ7zIvOOK8=] [shinigami] No offline messages found
[2025-05-31 12:12:13] [s5SoU0O6Mp2lEkoeWlMc2247gBk=] [don] Checking offline messages for client
[2025-05-31 12:12:13] [s5SoU0O6Mp2lEkoeWlMc2247gBk=] [don] No offline messages found
[2025-05-31 12:15:04] [BVFkFCJ/YRVCTWoyoNAzBKKgGNQ=] [Даня] Checking offline messages for client
[2025-05-31 12:15:04] [BVFkFCJ/YRVCTWoyoNAzBKKgGNQ=] [Даня] No offline messages found
[2025-05-31 12:15:59] [6OrBHYwU9XaaaUpap0Vo6I+D5aA=] [Aykut_Olcay] Checking offline messages for client
[2025-05-31 12:15:59] [6OrBHYwU9XaaaUpap0Vo6I+D5aA=] [Aykut_Olcay] No offline messages found
[2025-05-31 12:17:11] [NrLfqmvuq6LG10V4p9MSfEiVrl4=] [yarraBTW] Checking offline messages for client
[2025-05-31 12:17:11] [NrLfqmvuq6LG10V4p9MSfEiVrl4=] [yarraBTW] No offline messages found
[2025-05-31 12:17:32] [yGyHsE0UXDqQvolpBrmTO+BH7ys=] [creepypastaking] Checking offline messages for client
[2025-05-31 12:17:32] [yGyHsE0UXDqQvolpBrmTO+BH7ys=] [creepypastaking] No offline messages found
[2025-05-31 12:18:21] [JiZia3EbBcku2/AHkJc8ppSTNu8=] [228] Checking offline messages for client
[2025-05-31 12:18:21] [JiZia3EbBcku2/AHkJc8ppSTNu8=] [228] No offline messages found
[2025-05-31 12:19:37] [RL5wuKOFsAQZkRVWXrE6R4FbCts=] [Dod_xGod] Checking offline messages for client
[2025-05-31 12:19:37] [RL5wuKOFsAQZkRVWXrE6R4FbCts=] [Dod_xGod] No offline messages found
[2025-05-31 12:20:04] [jigm6/bUsOmXMFP8XUKRU6/MFsM=] [king] Checking offline messages for client
[2025-05-31 12:20:04] [jigm6/bUsOmXMFP8XUKRU6/MFsM=] [king] No offline messages found
[2025-05-31 12:20:46] [JRSJX/gE1q4rIxWGxe0NgwN6Ubk=] [saadf] Checking offline messages for client
[2025-05-31 12:20:46] [JRSJX/gE1q4rIxWGxe0NgwN6Ubk=] [saadf] No offline messages found
[2025-05-31 12:21:19] [vNR5X++zau0WAsrzix6zPKeAKzE=] [FHJGDJHG] Checking offline messages for client
[2025-05-31 12:21:19] [vNR5X++zau0WAsrzix6zPKeAKzE=] [FHJGDJHG] No offline messages found
[2025-05-31 12:25:29] [gGMs3cWiIRXONmdqke6JMkLq6FQ=] [Sasaikudosai_1] Checking offline messages for client
[2025-05-31 12:25:29] [gGMs3cWiIRXONmdqke6JMkLq6FQ=] [Sasaikudosai_1] No offline messages found
[2025-05-31 12:27:48] [RL5wuKOFsAQZkRVWXrE6R4FbCts=] [Dod_xGod] Checking offline messages for client
[2025-05-31 12:27:48] [RL5wuKOFsAQZkRVWXrE6R4FbCts=] [Dod_xGod] No offline messages found
[2025-05-31 12:29:02] [Hf7Ykpi+nWgDQ6lAP5A9MUo5Mfc=] [Agilex] Checking offline messages for client
[2025-05-31 12:29:02] [Hf7Ykpi+nWgDQ6lAP5A9MUo5Mfc=] [Agilex] No offline messages found
[2025-05-31 12:38:50] [39Hn80GzU936S3hLOAjj8iP5kpg=] [Shawaj] Checking offline messages for client
[2025-05-31 12:38:50] [39Hn80GzU936S3hLOAjj8iP5kpg=] [Shawaj] No offline messages found
[2025-05-31 12:39:07] [y3awO0ennatOO9a236JGtByjKuM=] [воч ю мин] Checking offline messages for client
[2025-05-31 12:39:07] [y3awO0ennatOO9a236JGtByjKuM=] [воч ю мин] No offline messages found
[2025-05-31 12:39:29] [aSvq2PN3Laj5pK5CiDEqfYvDR3E=] [TeamSpeakUser] Checking offline messages for client
[2025-05-31 12:39:29] [aSvq2PN3Laj5pK5CiDEqfYvDR3E=] [TeamSpeakUser] No offline messages found
[2025-05-31 12:40:24] [kHtoamgiY1LAMSpaVCghHavhA5A=] [KAMI_404] Checking offline messages for client
[2025-05-31 12:40:24] [kHtoamgiY1LAMSpaVCghHavhA5A=] [KAMI_404] No offline messages found
[2025-05-31 12:50:00] [QFOoQ6Mg2dbrrKfVQEqUbdv5Eqg=] [dosma666] Checking offline messages for client
[2025-05-31 12:50:00] [QFOoQ6Mg2dbrrKfVQEqUbdv5Eqg=] [dosma666] No offline messages found
[2025-05-31 12:50:37] [NrLfqmvuq6LG10V4p9MSfEiVrl4=] [yarraBTW] Checking offline messages for client
[2025-05-31 12:50:37] [NrLfqmvuq6LG10V4p9MSfEiVrl4=] [yarraBTW] No offline messages found
[2025-05-31 12:51:03] [O61sk9MZ6JTJTYLQoDumJVMYwBs=] [phantom] Checking offline messages for client
[2025-05-31 12:51:03] [O61sk9MZ6JTJTYLQoDumJVMYwBs=] [phantom] No offline messages found
[2025-05-31 13:01:28] [mLx0Hk4TMipqUwGhs4qaQnVuCRc=] [ywyw] Checking offline messages for client
[2025-05-31 13:01:28] [mLx0Hk4TMipqUwGhs4qaQnVuCRc=] [ywyw] No offline messages found
[2025-05-31 13:01:58] [YLs/zXP5Y1cq9sRt3LmTLW8j+3k=] [ARTA] Checking offline messages for client
[2025-05-31 13:01:58] [YLs/zXP5Y1cq9sRt3LmTLW8j+3k=] [ARTA] No offline messages found
[2025-05-31 13:05:37] [gGMs3cWiIRXONmdqke6JMkLq6FQ=] [Sasaikudosai_1] Checking offline messages for client
[2025-05-31 13:05:37] [gGMs3cWiIRXONmdqke6JMkLq6FQ=] [Sasaikudosai_1] No offline messages found
[2025-05-31 13:09:11] [MpV8eQ7lweL2YSxarhe9a/nQIOk=] [VUL_DROG] Checking offline messages for client
[2025-05-31 13:09:11] [MpV8eQ7lweL2YSxarhe9a/nQIOk=] [VUL_DROG] No offline messages found
[2025-05-31 13:10:23] [PPPKMlAle0FmVPmBvy4wIVAJjb4=] [Snow0003] Checking offline messages for client
[2025-05-31 13:10:23] [PPPKMlAle0FmVPmBvy4wIVAJjb4=] [Snow0003] No offline messages found
[2025-05-31 13:11:00] [sXdZvldAHlqN2MQlf5PO/Mc/80U=] [Brosski52] Checking offline messages for client
[2025-05-31 13:11:00] [sXdZvldAHlqN2MQlf5PO/Mc/80U=] [Brosski52] No offline messages found
[2025-05-31 13:12:15] [RqO0/Dx4SNHKXVIHbKEBsXbdjV4=] [bo0ogeymana] Checking offline messages for client
[2025-05-31 13:12:15] [RqO0/Dx4SNHKXVIHbKEBsXbdjV4=] [bo0ogeymana] No offline messages found
[2025-05-31 13:12:44] [GgPYbHIrx/l9utWwdfi8ICJAOg0=] [TeamSpeakUser1] Checking offline messages for client
[2025-05-31 13:12:44] [GgPYbHIrx/l9utWwdfi8ICJAOg0=] [TeamSpeakUser1] No offline messages found
[2025-05-31 13:13:02] [RL5wuKOFsAQZkRVWXrE6R4FbCts=] [Dod_xGod] Checking offline messages for client
[2025-05-31 13:13:02] [RL5wuKOFsAQZkRVWXrE6R4FbCts=] [Dod_xGod] No offline messages found
[2025-05-31 13:19:48] [7lkgv1NgBUC4Nbvfz0XxfSTDHSQ=] [Platonuch_UA] Checking offline messages for client
[2025-05-31 13:19:48] [7lkgv1NgBUC4Nbvfz0XxfSTDHSQ=] [Platonuch_UA] No offline messages found
[2025-05-31 13:19:55] [HA8AwjGjfttaVD2BbXsV3SrC+rA=] [Axtic] Checking offline messages for client
[2025-05-31 13:19:55] [HA8AwjGjfttaVD2BbXsV3SrC+rA=] [Axtic] No offline messages found
[2025-05-31 13:21:00] [mTbPypkwuA/2B5Zl6CXWViczHPo=] [kızlıkbozan33] Checking offline messages for client
[2025-05-31 13:21:00] [mTbPypkwuA/2B5Zl6CXWViczHPo=] [kızlıkbozan33] No offline messages found
[2025-05-31 13:24:56] [Chs2gds0q5c5sHk5GQqGy9JmwQg=] [teaman11] Checking offline messages for client
[2025-05-31 13:24:56] [Chs2gds0q5c5sHk5GQqGy9JmwQg=] [teaman11] No offline messages found
[2025-05-31 13:26:36] [gQ5C6+V5CuxoWVdapQ4LurehHGY=] [ph0x] Checking offline messages for client
[2025-05-31 13:26:36] [gQ5C6+V5CuxoWVdapQ4LurehHGY=] [ph0x] No offline messages found
[2025-05-31 13:30:21] [YLs/zXP5Y1cq9sRt3LmTLW8j+3k=] [ARTA] Checking offline messages for client
[2025-05-31 13:30:21] [YLs/zXP5Y1cq9sRt3LmTLW8j+3k=] [ARTA] No offline messages found
[2025-05-31 13:38:18] [3Mq3EB+EEk14kwWNxOyGIgo45U8=] [HF IN GAME DANNY] Checking offline messages for client
[2025-05-31 13:38:18] [3Mq3EB+EEk14kwWNxOyGIgo45U8=] [HF IN GAME DANNY] No offline messages found
[2025-05-31 13:38:46] [YLs/zXP5Y1cq9sRt3LmTLW8j+3k=] [ARTA] Checking offline messages for client
[2025-05-31 13:38:46] [YLs/zXP5Y1cq9sRt3LmTLW8j+3k=] [ARTA] No offline messages found
[2025-05-31 13:39:10] [49PS5X2QYleOugNCTGezozgOx6s=] [kian.pn] Checking offline messages for client
[2025-05-31 13:39:10] [49PS5X2QYleOugNCTGezozgOx6s=] [kian.pn] No offline messages found
[2025-05-31 13:44:29] [R+KW1QSqbZRuZk4pN2SGLrk8szQ=] [namja] Checking offline messages for client
[2025-05-31 13:44:29] [R+KW1QSqbZRuZk4pN2SGLrk8szQ=] [namja] No offline messages found
[2025-05-31 13:45:18] [g95LkcovmlDSBBJIdmdv0zN6QBs=] [baysikimdeğil] Checking offline messages for client
[2025-05-31 13:45:18] [g95LkcovmlDSBBJIdmdv0zN6QBs=] [baysikimdeğil] No offline messages found
[2025-05-31 13:46:38] [KKakWCNNDyxUyhC4KpkSU2PHuVM=] [yusufppks] Checking offline messages for client
[2025-05-31 13:46:38] [KKakWCNNDyxUyhC4KpkSU2PHuVM=] [yusufppks] No offline messages found
[2025-05-31 13:46:40] [jcwPuA5b+3do0YlnUv+tXXj3p9o=] [Zerohi] Checking offline messages for client
[2025-05-31 13:46:40] [jcwPuA5b+3do0YlnUv+tXXj3p9o=] [Zerohi] No offline messages found
[2025-05-31 13:46:59] [ATqp7GEsF2VumrPFrQ+W8icYfjg=] [gotti] Checking offline messages for client
[2025-05-31 13:46:59] [ATqp7GEsF2VumrPFrQ+W8icYfjg=] [gotti] No offline messages found
[2025-05-31 14:17:31] [Yolrk0vLW7Jl+G3XWWoj32wvYHo=] [joy] Checking offline messages for client
[2025-05-31 14:17:31] [Yolrk0vLW7Jl+G3XWWoj32wvYHo=] [joy] No offline messages found
[2025-05-31 14:17:40] [TVYDqloG40AolgKZE51r8Arz5Ig=] [TeamSpeakUser2] Checking offline messages for client
[2025-05-31 14:17:40] [TVYDqloG40AolgKZE51r8Arz5Ig=] [TeamSpeakUser2] No offline messages found
[2025-05-31 14:30:16] [lqX2Oz/RGh+MQGKjhD9GbFED4OY=] [DarkZX] Checking offline messages for client
[2025-05-31 14:30:16] [lqX2Oz/RGh+MQGKjhD9GbFED4OY=] [DarkZX] No offline messages found
[2025-05-31 14:33:55] [C3ony4dh8njCYB62/cIXXbMG1IA=] [Чех] Checking offline messages for client
[2025-05-31 14:33:55] [C3ony4dh8njCYB62/cIXXbMG1IA=] [Чех] No offline messages found
[2025-05-31 14:37:05] [mLx0Hk4TMipqUwGhs4qaQnVuCRc=] [ywyw] Checking offline messages for client
[2025-05-31 14:37:05] [mLx0Hk4TMipqUwGhs4qaQnVuCRc=] [ywyw] No offline messages found
[2025-05-31 14:40:20] [wDjYvnAEDV8Ca22jvXeJSwKiCC0=] [Chris] Checking offline messages for client
[2025-05-31 14:40:20] [wDjYvnAEDV8Ca22jvXeJSwKiCC0=] [Chris] No offline messages found
[2025-05-31 14:43:12] [6OrBHYwU9XaaaUpap0Vo6I+D5aA=] [Aykut_Olcay] Checking offline messages for client
[2025-05-31 14:43:12] [6OrBHYwU9XaaaUpap0Vo6I+D5aA=] [Aykut_Olcay] No offline messages found
[2025-05-31 14:43:55] [8Zdbsme26C48AHpMg4zVcDatTnE=] [Kurs] Checking offline messages for client
[2025-05-31 14:43:55] [8Zdbsme26C48AHpMg4zVcDatTnE=] [Kurs] No offline messages found
[2025-05-31 14:49:01] [wZ3aaQCZEpobnnqice1Q7j6jEM8=] [AJDEVONN] Checking offline messages for client
[2025-05-31 14:49:01] [wZ3aaQCZEpobnnqice1Q7j6jEM8=] [AJDEVONN] No offline messages found
[2025-05-31 14:51:37] [wZ3aaQCZEpobnnqice1Q7j6jEM8=] [AJDEVONN] Checking offline messages for client
[2025-05-31 14:51:37] [wZ3aaQCZEpobnnqice1Q7j6jEM8=] [AJDEVONN] No offline messages found
[2025-05-31 14:52:40] [Ip3DMPbZzmpdZoaVlO44guWXLEU=] [gundones] Checking offline messages for client
[2025-05-31 14:52:40] [Ip3DMPbZzmpdZoaVlO44guWXLEU=] [gundones] No offline messages found
[2025-05-31 14:54:54] [okPB05Yw/R9uqp9oBr7M6RdxhIg=] [nam] Checking offline messages for client
[2025-05-31 14:54:54] [okPB05Yw/R9uqp9oBr7M6RdxhIg=] [nam] No offline messages found
[2025-05-31 14:56:58] [5zF85LGOurzyQtknalrUfI15VQg=] [rcpdie] Checking offline messages for client
[2025-05-31 14:56:58] [5zF85LGOurzyQtknalrUfI15VQg=] [rcpdie] No offline messages found
[2025-05-31 14:59:13] [pa4EomUE5xzFSB9tc7CilmX3NTU=] [Imprii] Checking offline messages for client
[2025-05-31 14:59:13] [pa4EomUE5xzFSB9tc7CilmX3NTU=] [Imprii] No offline messages found
[2025-05-31 15:02:28] [/paoPeDO7Sw3DPisftzEeJfXp+Y=] [J4M4L] Checking offline messages for client
[2025-05-31 15:02:28] [/paoPeDO7Sw3DPisftzEeJfXp+Y=] [J4M4L] No offline messages found
[2025-05-31 15:04:56] [mbP4nghKzvRW54vnBJ4hB+FVGdw=] [Andy] Checking offline messages for client
[2025-05-31 15:04:56] [mbP4nghKzvRW54vnBJ4hB+FVGdw=] [Andy] No offline messages found
[2025-05-31 15:06:34] [igLR0Qw88l2utvuPuQTy5TXjVdA=] [AlvaRoniX$] Checking offline messages for client
[2025-05-31 15:06:34] [igLR0Qw88l2utvuPuQTy5TXjVdA=] [AlvaRoniX$] No offline messages found
[2025-05-31 15:06:35] [h0VuCZ2TUXFCJCTTYaDOlIsousY=] [Oleg] Checking offline messages for client
[2025-05-31 15:06:35] [h0VuCZ2TUXFCJCTTYaDOlIsousY=] [Oleg] No offline messages found
[2025-05-31 15:06:35] [h0VuCZ2TUXFCJCTTYaDOlIsousY=] [Oleg] Checking offline messages for client
[2025-05-31 15:06:35] [h0VuCZ2TUXFCJCTTYaDOlIsousY=] [Oleg] No offline messages found
[2025-05-31 15:06:35] [h0VuCZ2TUXFCJCTTYaDOlIsousY=] [Oleg] Checking offline messages for client
[2025-05-31 15:06:35] [h0VuCZ2TUXFCJCTTYaDOlIsousY=] [Oleg] No offline messages found
[2025-05-31 15:07:54] [6OrBHYwU9XaaaUpap0Vo6I+D5aA=] [Aykut_Olcay] Checking offline messages for client
[2025-05-31 15:07:54] [6OrBHYwU9XaaaUpap0Vo6I+D5aA=] [Aykut_Olcay] No offline messages found
[2025-05-31 15:12:08] [Nn8rGrwsE+C9ibHWu3JCoCbmq3A=] [SysmoUsercid=140] Checking offline messages for client
[2025-05-31 15:12:08] [Nn8rGrwsE+C9ibHWu3JCoCbmq3A=] [SysmoUsercid=140] No offline messages found
[2025-05-31 15:12:54] [Nn8rGrwsE+C9ibHWu3JCoCbmq3A=] [SysmoUsercid=140] Checking offline messages for client
[2025-05-31 15:12:54] [Nn8rGrwsE+C9ibHWu3JCoCbmq3A=] [SysmoUsercid=140] No offline messages found
[2025-05-31 15:15:17] [M1kiNHqoL05hXcZgd60IS6DIipk=] [Gambari] Checking offline messages for client
[2025-05-31 15:15:17] [M1kiNHqoL05hXcZgd60IS6DIipk=] [Gambari] No offline messages found
[2025-05-31 15:17:30] [rUh28k8jzMi0z3Nh/XfbvrczQQg=] [бешеныймедведь] Checking offline messages for client
[2025-05-31 15:17:30] [rUh28k8jzMi0z3Nh/XfbvrczQQg=] [бешеныймедведь] No offline messages found
[2025-05-31 15:20:34] [F6oCNbGzjZykoYuypdXGychvXjY=] [Diversant] Checking offline messages for client
[2025-05-31 15:20:34] [F6oCNbGzjZykoYuypdXGychvXjY=] [Diversant] No offline messages found
[2025-05-31 15:27:16] [OGR4x0K2kK5M5o6aAMkiUooMFy8=] [TeamSpeakUser] Checking offline messages for client
[2025-05-31 15:27:16] [OGR4x0K2kK5M5o6aAMkiUooMFy8=] [TeamSpeakUser] No offline messages found
[2025-05-31 15:27:42] [vs+7gbTKwu+h+XgDI2qVApOBkfk=] [Viko(ع)] Checking offline messages for client
[2025-05-31 15:27:42] [vs+7gbTKwu+h+XgDI2qVApOBkfk=] [Viko(ع)] No offline messages found
[2025-05-31 15:28:15] [sC96QZMY/yY8Fc9QjquVCkLiW2c=] [Amirali] Checking offline messages for client
[2025-05-31 15:28:15] [sC96QZMY/yY8Fc9QjquVCkLiW2c=] [Amirali] No offline messages found
[2025-05-31 15:29:41] [8GrL7TtsAwbkPA/fi0CnWV4xJo0=] [Pedro] Checking offline messages for client
[2025-05-31 15:29:41] [8GrL7TtsAwbkPA/fi0CnWV4xJo0=] [Pedro] No offline messages found
[2025-05-31 15:30:30] [RyNfQ7JaWQA+9q5aAgeiuRaI5Fs=] [ivo] Checking offline messages for client
[2025-05-31 15:30:30] [RyNfQ7JaWQA+9q5aAgeiuRaI5Fs=] [ivo] No offline messages found
[2025-05-31 15:32:00] [RkH91acmxA3cUuqBsMdwRLDQBxM=] [Avrelius33] Checking offline messages for client
[2025-05-31 15:32:00] [RkH91acmxA3cUuqBsMdwRLDQBxM=] [Avrelius33] No offline messages found
[2025-05-31 15:39:03] [jdsZBBcuEzD3+oBXRBnVPJpGkI4=] [eatmyb8ls] Checking offline messages for client
[2025-05-31 15:39:03] [jdsZBBcuEzD3+oBXRBnVPJpGkI4=] [eatmyb8ls] No offline messages found
[2025-05-31 15:39:03] [jdsZBBcuEzD3+oBXRBnVPJpGkI4=] [eatmyb8ls] Checking offline messages for client
[2025-05-31 15:39:03] [jdsZBBcuEzD3+oBXRBnVPJpGkI4=] [eatmyb8ls] No offline messages found
[2025-05-31 15:39:03] [jdsZBBcuEzD3+oBXRBnVPJpGkI4=] [eatmyb8ls] Checking offline messages for client
[2025-05-31 15:39:03] [jdsZBBcuEzD3+oBXRBnVPJpGkI4=] [eatmyb8ls] No offline messages found
[2025-05-31 15:42:08] [aKaAG6qoaxhtx8bSnAyKGSwgQvA=] [drxxxP] Checking offline messages for client
[2025-05-31 15:42:08] [aKaAG6qoaxhtx8bSnAyKGSwgQvA=] [drxxxP] No offline messages found
[2025-05-31 15:43:11] [RkH91acmxA3cUuqBsMdwRLDQBxM=] [Avrelius33] Checking offline messages for client
[2025-05-31 15:43:11] [RkH91acmxA3cUuqBsMdwRLDQBxM=] [Avrelius33] No offline messages found
[2025-05-31 15:43:12] [sC96QZMY/yY8Fc9QjquVCkLiW2c=] [Amirali] Checking offline messages for client
[2025-05-31 15:43:12] [sC96QZMY/yY8Fc9QjquVCkLiW2c=] [Amirali] No offline messages found
[2025-05-31 15:43:12] [sC96QZMY/yY8Fc9QjquVCkLiW2c=] [Amirali] Checking offline messages for client
[2025-05-31 15:43:12] [sC96QZMY/yY8Fc9QjquVCkLiW2c=] [Amirali] No offline messages found
[2025-05-31 15:43:12] [sC96QZMY/yY8Fc9QjquVCkLiW2c=] [Amirali] Checking offline messages for client
[2025-05-31 15:43:12] [sC96QZMY/yY8Fc9QjquVCkLiW2c=] [Amirali] No offline messages found
[2025-05-31 15:45:53] [RkH91acmxA3cUuqBsMdwRLDQBxM=] [Avrelius33] Checking offline messages for client
[2025-05-31 15:45:53] [RkH91acmxA3cUuqBsMdwRLDQBxM=] [Avrelius33] No offline messages found
[2025-05-31 15:46:12] [G88zjUkHJLCbZF/QycvkVmMnPJA=] [ZeyphiZ] Checking offline messages for client
[2025-05-31 15:46:12] [G88zjUkHJLCbZF/QycvkVmMnPJA=] [ZeyphiZ] No offline messages found
[2025-05-31 15:46:20] [gG1oBRi3+8CgJ8uMTW67Gez39O4=] [R6M4IN] Checking offline messages for client
[2025-05-31 15:46:20] [gG1oBRi3+8CgJ8uMTW67Gez39O4=] [R6M4IN] No offline messages found
[2025-05-31 15:48:28] [syGc3yR+8xBjPN6kLg2zE+r+Bwg=] [Gosh] Checking offline messages for client
[2025-05-31 15:48:28] [syGc3yR+8xBjPN6kLg2zE+r+Bwg=] [Gosh] No offline messages found
[2025-05-31 15:48:55] [dNZ1QxwpHqoFvR0hFFFTJn+j37M=] [ric] Checking offline messages for client
[2025-05-31 15:48:55] [dNZ1QxwpHqoFvR0hFFFTJn+j37M=] [ric] No offline messages found
[2025-05-31 15:50:01] [0TS7jt0APSegEgA9K9hIWfin7m0=] [dadaok] Checking offline messages for client
[2025-05-31 15:50:01] [0TS7jt0APSegEgA9K9hIWfin7m0=] [dadaok] No offline messages found
[2025-05-31 15:53:01] [NrLfqmvuq6LG10V4p9MSfEiVrl4=] [yarraBTW] Checking offline messages for client
[2025-05-31 15:53:01] [NrLfqmvuq6LG10V4p9MSfEiVrl4=] [yarraBTW] No offline messages found
[2025-05-31 15:57:33] [m3jwrJafD7Z1HcDm7lAZbGqtROY=] [zui] Checking offline messages for client
[2025-05-31 15:57:33] [m3jwrJafD7Z1HcDm7lAZbGqtROY=] [zui] No offline messages found
[2025-05-31 16:00:07] [s5SoU0O6Mp2lEkoeWlMc2247gBk=] [don] Checking offline messages for client
[2025-05-31 16:00:07] [s5SoU0O6Mp2lEkoeWlMc2247gBk=] [don] No offline messages found
[2025-05-31 16:03:15] [JiZia3EbBcku2/AHkJc8ppSTNu8=] [228] Checking offline messages for client
[2025-05-31 16:03:15] [JiZia3EbBcku2/AHkJc8ppSTNu8=] [228] No offline messages found
[2025-05-31 16:03:21] [y6Dvn19VXbBd0XOSXfMEraqacFI=] [CrypticBlitz96] Checking offline messages for client
[2025-05-31 16:03:21] [y6Dvn19VXbBd0XOSXfMEraqacFI=] [CrypticBlitz96] No offline messages found
[2025-05-31 16:03:53] [PhckJHuRGWp+/oEYJbm3VNrgZkw=] [Br4d117] Checking offline messages for client
[2025-05-31 16:03:53] [PhckJHuRGWp+/oEYJbm3VNrgZkw=] [Br4d117] No offline messages found
[2025-05-31 16:07:06] [vNR5X++zau0WAsrzix6zPKeAKzE=] [FHJGDJHG] Checking offline messages for client
[2025-05-31 16:07:06] [vNR5X++zau0WAsrzix6zPKeAKzE=] [FHJGDJHG] No offline messages found
[2025-05-31 16:08:13] [dHD7jWi8Q5Lp4lz7I8/axaXFAEA=] [__illlia__] Checking offline messages for client
[2025-05-31 16:08:13] [dHD7jWi8Q5Lp4lz7I8/axaXFAEA=] [__illlia__] No offline messages found
[2025-05-31 16:09:10] [RkH91acmxA3cUuqBsMdwRLDQBxM=] [Avrelius33] Checking offline messages for client
[2025-05-31 16:09:10] [RkH91acmxA3cUuqBsMdwRLDQBxM=] [Avrelius33] No offline messages found
[2025-05-31 16:09:30] [FIHRd8H6xRTj1jyU280xFtyPXDM=] [liqui_88] Checking offline messages for client
[2025-05-31 16:09:30] [FIHRd8H6xRTj1jyU280xFtyPXDM=] [liqui_88] No offline messages found
[2025-05-31 16:10:40] [pM39vwBC404mshweezryIEAS3ZQ=] [Columb] Checking offline messages for client
[2025-05-31 16:10:40] [pM39vwBC404mshweezryIEAS3ZQ=] [Columb] No offline messages found
[2025-05-31 16:16:37] [iqhXyPfP3MC8F+w0pKyVoSLyF/I=] [FailRaik] Checking offline messages for client
[2025-05-31 16:16:37] [iqhXyPfP3MC8F+w0pKyVoSLyF/I=] [FailRaik] No offline messages found
[2025-05-31 16:23:54] [wZ3aaQCZEpobnnqice1Q7j6jEM8=] [AJDEVONN] Checking offline messages for client
[2025-05-31 16:23:54] [wZ3aaQCZEpobnnqice1Q7j6jEM8=] [AJDEVONN] No offline messages found
[2025-05-31 16:24:45] [Yolrk0vLW7Jl+G3XWWoj32wvYHo=] [joy] Checking offline messages for client
[2025-05-31 16:24:45] [Yolrk0vLW7Jl+G3XWWoj32wvYHo=] [joy] No offline messages found
[2025-05-31 16:24:54] [0Z2wqQcTx0kpb/KIf+NPkyv4b60=] [-W1LLL] Checking offline messages for client
[2025-05-31 16:24:54] [0Z2wqQcTx0kpb/KIf+NPkyv4b60=] [-W1LLL] No offline messages found
[2025-05-31 16:27:35] [157KL6nbvgzKYId8dWYGPfkn2rw=] [ДеCTVеник] Checking offline messages for client
[2025-05-31 16:27:35] [157KL6nbvgzKYId8dWYGPfkn2rw=] [ДеCTVеник] No offline messages found
[2025-05-31 16:29:04] [G6p+uV+SFUcyLcr1W6bQPM3vJJ4=] [TeamSpeakUser3] Checking offline messages for client
[2025-05-31 16:29:04] [G6p+uV+SFUcyLcr1W6bQPM3vJJ4=] [TeamSpeakUser3] No offline messages found
[2025-05-31 16:29:07] [157KL6nbvgzKYId8dWYGPfkn2rw=] [ДеCTVеник] Checking offline messages for client
[2025-05-31 16:29:07] [157KL6nbvgzKYId8dWYGPfkn2rw=] [ДеCTVеник] No offline messages found
[2025-05-31 16:29:24] [lxJ6dH+d3MoTadVWkGnwEewE//A=] [blessedyouuuu] Checking offline messages for client
[2025-05-31 16:29:24] [lxJ6dH+d3MoTadVWkGnwEewE//A=] [blessedyouuuu] No offline messages found
[2025-05-31 16:34:24] [dHD7jWi8Q5Lp4lz7I8/axaXFAEA=] [__illlia__] Checking offline messages for client
[2025-05-31 16:34:24] [dHD7jWi8Q5Lp4lz7I8/axaXFAEA=] [__illlia__] No offline messages found
[2025-05-31 16:35:03] [iqhXyPfP3MC8F+w0pKyVoSLyF/I=] [FailRaik] Checking offline messages for client
[2025-05-31 16:35:03] [iqhXyPfP3MC8F+w0pKyVoSLyF/I=] [FailRaik] No offline messages found
[2025-05-31 16:38:16] [YzUgu3CXOY+yhn8UlP+xRN3h09M=] [vekil'] Checking offline messages for client
[2025-05-31 16:38:16] [YzUgu3CXOY+yhn8UlP+xRN3h09M=] [vekil'] No offline messages found
[2025-05-31 16:52:24] [J2V5hfOsxnpEQpK13P3P8Hc+/NA=] [Blood] Checking offline messages for client
[2025-05-31 16:52:24] [J2V5hfOsxnpEQpK13P3P8Hc+/NA=] [Blood] No offline messages found
[2025-05-31 16:54:33] [wkB3487y1xWQOaaRPzkjBGdjHI4=] [b4STARDt] Checking offline messages for client
[2025-05-31 16:54:33] [wkB3487y1xWQOaaRPzkjBGdjHI4=] [b4STARDt] No offline messages found
[2025-05-31 16:57:18] [Q6nk3HsZsfC1jTRzg94rVuC+COs=] [TeamSpeakUser1] Checking offline messages for client
[2025-05-31 16:57:18] [Q6nk3HsZsfC1jTRzg94rVuC+COs=] [TeamSpeakUser1] No offline messages found
[2025-05-31 16:58:13] [eW3CXsLjM41/AoFsb/Sbw+HQfBU=] [nbnbn] Checking offline messages for client
[2025-05-31 16:58:13] [eW3CXsLjM41/AoFsb/Sbw+HQfBU=] [nbnbn] No offline messages found
[2025-05-31 17:03:36] [eW3CXsLjM41/AoFsb/Sbw+HQfBU=] [nbnbn] Checking offline messages for client
[2025-05-31 17:03:36] [eW3CXsLjM41/AoFsb/Sbw+HQfBU=] [nbnbn] No offline messages found
[2025-05-31 17:04:14] [pCok9sO/9Rb4uUpuaKprfxKJCl4=] [m1Gs] Checking offline messages for client
[2025-05-31 17:04:14] [pCok9sO/9Rb4uUpuaKprfxKJCl4=] [m1Gs] No offline messages found
[2025-05-31 17:08:02] [pNJ0dVhbVyBpQkXuUlqIF5dellQ=] [sergei2517] Checking offline messages for client
[2025-05-31 17:08:02] [pNJ0dVhbVyBpQkXuUlqIF5dellQ=] [sergei2517] No offline messages found
[2025-05-31 17:08:24] [2V2KMOIXPy6q7T9x07pzIXD1+GY=] [Patrikjojo] Checking offline messages for client
[2025-05-31 17:08:24] [2V2KMOIXPy6q7T9x07pzIXD1+GY=] [Patrikjojo] No offline messages found
[2025-05-31 17:09:41] [ZnU8vaPl8AP2v7ujelAJMkb+r+E=] [TeamSpeakUser4] Checking offline messages for client
[2025-05-31 17:09:41] [ZnU8vaPl8AP2v7ujelAJMkb+r+E=] [TeamSpeakUser4] No offline messages found
[2025-05-31 17:09:47] [MutMI8w80TgxkXwn/z4gZc/vgiU=] [Asshole do not burn] Checking offline messages for client
[2025-05-31 17:09:47] [MutMI8w80TgxkXwn/z4gZc/vgiU=] [Asshole do not burn] No offline messages found
[2025-05-31 17:10:44] [aI/F+Xm4CSq1LY1nFTa4TckYJvQ=] [MrMIST14] Checking offline messages for client
[2025-05-31 17:10:44] [aI/F+Xm4CSq1LY1nFTa4TckYJvQ=] [MrMIST14] No offline messages found
[2025-05-31 17:21:28] [RvQCOE641QKD3fODY/YAvxOrNw8=] [Luckyman] Checking offline messages for client
[2025-05-31 17:21:28] [RvQCOE641QKD3fODY/YAvxOrNw8=] [Luckyman] No offline messages found
[2025-05-31 17:22:57] [ay8d2GXiisZNZZ2sP88A/RwHo24=] [ViliBom] Checking offline messages for client
[2025-05-31 17:22:57] [ay8d2GXiisZNZZ2sP88A/RwHo24=] [ViliBom] No offline messages found
[2025-05-31 17:25:56] [h0VuCZ2TUXFCJCTTYaDOlIsousY=] [Oleg] Checking offline messages for client
[2025-05-31 17:25:56] [h0VuCZ2TUXFCJCTTYaDOlIsousY=] [Oleg] No offline messages found
[2025-05-31 17:27:31] [dHD7jWi8Q5Lp4lz7I8/axaXFAEA=] [__illlia__] Checking offline messages for client
[2025-05-31 17:27:31] [dHD7jWi8Q5Lp4lz7I8/axaXFAEA=] [__illlia__] No offline messages found
[2025-05-31 17:33:31] [R+KW1QSqbZRuZk4pN2SGLrk8szQ=] [namja] Checking offline messages for client
[2025-05-31 17:33:31] [R+KW1QSqbZRuZk4pN2SGLrk8szQ=] [namja] No offline messages found
[2025-05-31 17:34:43] [JlxYw42savYt0R8LW3WXeV8+vsI=] [SPY] Checking offline messages for client
[2025-05-31 17:34:43] [JlxYw42savYt0R8LW3WXeV8+vsI=] [SPY] No offline messages found
[2025-05-31 17:34:54] [ktT/SftpCnxHE/8DJjKjzUnQ3AY=] [EJEX] Checking offline messages for client
[2025-05-31 17:34:54] [ktT/SftpCnxHE/8DJjKjzUnQ3AY=] [EJEX] No offline messages found
[2025-05-31 17:36:28] [dHD7jWi8Q5Lp4lz7I8/axaXFAEA=] [__illlia__] Checking offline messages for client
[2025-05-31 17:36:28] [dHD7jWi8Q5Lp4lz7I8/axaXFAEA=] [__illlia__] No offline messages found
[2025-05-31 17:37:52] [K2HiGZ6DHKr+xxANngHd25Rgwk8=] [Saitama] Checking offline messages for client
[2025-05-31 17:37:52] [K2HiGZ6DHKr+xxANngHd25Rgwk8=] [Saitama] No offline messages found
[2025-05-31 17:38:23] [F4Rot6aSlWU5OFZBOarP2RTzrYY=] [INSANE] Checking offline messages for client
[2025-05-31 17:38:23] [F4Rot6aSlWU5OFZBOarP2RTzrYY=] [INSANE] No offline messages found
[2025-05-31 17:39:03] [Z4fEZVzdLZl2WhoqCH5vn/U+QQg=] [maksimillennial] Checking offline messages for client
[2025-05-31 17:39:03] [Z4fEZVzdLZl2WhoqCH5vn/U+QQg=] [maksimillennial] No offline messages found
[2025-05-31 17:39:25] [8jWYwUGg0/+wB5e6DHxegNVrSvg=] [TeamSpeakUser5] Checking offline messages for client
[2025-05-31 17:39:25] [8jWYwUGg0/+wB5e6DHxegNVrSvg=] [TeamSpeakUser5] No offline messages found
[2025-05-31 17:41:09] [8jWYwUGg0/+wB5e6DHxegNVrSvg=] [TeamSpeakUser5] Checking offline messages for client
[2025-05-31 17:41:09] [8jWYwUGg0/+wB5e6DHxegNVrSvg=] [TeamSpeakUser5] No offline messages found
[2025-05-31 17:41:17] [3Aiyx1/iu7YfDM67h7AHeRUsw4c=] [TeamSpeakUser6] Checking offline messages for client
[2025-05-31 17:41:17] [3Aiyx1/iu7YfDM67h7AHeRUsw4c=] [TeamSpeakUser6] No offline messages found
[2025-05-31 17:42:13] [aI/F+Xm4CSq1LY1nFTa4TckYJvQ=] [MrMIST14] Checking offline messages for client
[2025-05-31 17:42:13] [aI/F+Xm4CSq1LY1nFTa4TckYJvQ=] [MrMIST14] No offline messages found
[2025-05-31 17:42:46] [16JHXVzLIqxqHJJH5A4dSV1fpvc=] [egorka8899] Checking offline messages for client
[2025-05-31 17:42:46] [16JHXVzLIqxqHJJH5A4dSV1fpvc=] [egorka8899] No offline messages found
[2025-05-31 17:43:13] [Z4fEZVzdLZl2WhoqCH5vn/U+QQg=] [maksimillennial] Checking offline messages for client
[2025-05-31 17:43:13] [Z4fEZVzdLZl2WhoqCH5vn/U+QQg=] [maksimillennial] No offline messages found
[2025-05-31 17:49:30] [gQ5C6+V5CuxoWVdapQ4LurehHGY=] [ph0x] Checking offline messages for client
[2025-05-31 17:49:30] [gQ5C6+V5CuxoWVdapQ4LurehHGY=] [ph0x] No offline messages found
[2025-05-31 17:49:42] [3Mq3EB+EEk14kwWNxOyGIgo45U8=] [HF IN GAME DANNY] Checking offline messages for client
[2025-05-31 17:49:42] [3Mq3EB+EEk14kwWNxOyGIgo45U8=] [HF IN GAME DANNY] No offline messages found
[2025-05-31 17:50:06] [R+KW1QSqbZRuZk4pN2SGLrk8szQ=] [namja] Checking offline messages for client
[2025-05-31 17:50:06] [R+KW1QSqbZRuZk4pN2SGLrk8szQ=] [namja] No offline messages found
[2025-05-31 17:51:12] [vs+7gbTKwu+h+XgDI2qVApOBkfk=] [Viko(ع)] Checking offline messages for client
[2025-05-31 17:51:12] [vs+7gbTKwu+h+XgDI2qVApOBkfk=] [Viko(ع)] No offline messages found
[2025-05-31 17:52:34] [esphB+mG2+N8I3ntRjK04Tgvv7o=] [Phantor] Checking offline messages for client
[2025-05-31 17:52:34] [esphB+mG2+N8I3ntRjK04Tgvv7o=] [Phantor] No offline messages found
[2025-05-31 17:54:30] [3oWtn5L+6IU6K2KqfHLzLNq4zKM=] [kaetanin] Checking offline messages for client
[2025-05-31 17:54:30] [3oWtn5L+6IU6K2KqfHLzLNq4zKM=] [kaetanin] No offline messages found
[2025-05-31 17:55:24] [PAPjw5ou1pxtJ/LMEXPWWL4eKGI=] [aeRR] Checking offline messages for client
[2025-05-31 17:55:24] [PAPjw5ou1pxtJ/LMEXPWWL4eKGI=] [aeRR] No offline messages found
[2025-05-31 17:56:27] [vO0JOtVc2URjykCV2xEe+v89uHQ=] [PPPPPPP] Checking offline messages for client
[2025-05-31 17:56:27] [vO0JOtVc2URjykCV2xEe+v89uHQ=] [PPPPPPP] No offline messages found
[2025-05-31 17:56:42] [B1Kal3VDaCvvLYIO1wifSPcczSc=] [yunus] Checking offline messages for client
[2025-05-31 17:56:42] [B1Kal3VDaCvvLYIO1wifSPcczSc=] [yunus] No offline messages found
[2025-05-31 17:59:01] [Qf9eU8SAgAHD2e/a+4SOA0v73s8=] [Bobbeloppe01] Checking offline messages for client
[2025-05-31 17:59:01] [Qf9eU8SAgAHD2e/a+4SOA0v73s8=] [Bobbeloppe01] No offline messages found
[2025-05-31 18:00:38] [2Zv1tQifTits/TglzJHkXZCIFx4=] [r1mmi] Checking offline messages for client
[2025-05-31 18:00:38] [2Zv1tQifTits/TglzJHkXZCIFx4=] [r1mmi] No offline messages found
[2025-05-31 18:00:50] [qQE/h4Dj4T5WaAMgAFtXauAusk8=] [fam0us] Checking offline messages for client
[2025-05-31 18:00:50] [qQE/h4Dj4T5WaAMgAFtXauAusk8=] [fam0us] No offline messages found
[2025-05-31 18:01:59] [f3q0+G+2jS72Ce5JVAu16PVKeNk=] [Judge9990] Checking offline messages for client
[2025-05-31 18:01:59] [f3q0+G+2jS72Ce5JVAu16PVKeNk=] [Judge9990] No offline messages found
[2025-05-31 18:03:58] [3Aiyx1/iu7YfDM67h7AHeRUsw4c=] [TeamSpeakUser6] Checking offline messages for client
[2025-05-31 18:03:58] [3Aiyx1/iu7YfDM67h7AHeRUsw4c=] [TeamSpeakUser6] No offline messages found
[2025-05-31 18:06:46] [rfSlRu7uzjI8pCmk2erQZXW6+7M=] [juju] Checking offline messages for client
[2025-05-31 18:06:46] [rfSlRu7uzjI8pCmk2erQZXW6+7M=] [juju] No offline messages found
[2025-05-31 18:09:44] [3Aiyx1/iu7YfDM67h7AHeRUsw4c=] [1111] Checking offline messages for client
[2025-05-31 18:09:44] [3Aiyx1/iu7YfDM67h7AHeRUsw4c=] [1111] No offline messages found
[2025-05-31 18:13:11] [RkH91acmxA3cUuqBsMdwRLDQBxM=] [Avrelius33] Checking offline messages for client
[2025-05-31 18:13:11] [RkH91acmxA3cUuqBsMdwRLDQBxM=] [Avrelius33] No offline messages found
[2025-05-31 18:22:59] [qNsg0b7JeakWdOg/MBVUEfo+t/s=] [Chico] Checking offline messages for client
[2025-05-31 18:22:59] [qNsg0b7JeakWdOg/MBVUEfo+t/s=] [Chico] No offline messages found
[2025-05-31 18:24:06] [Qdu/wFHK8CWZMrwAnbG9K1dTvqk=] [TeamSpeakUser3] Checking offline messages for client
[2025-05-31 18:24:06] [Qdu/wFHK8CWZMrwAnbG9K1dTvqk=] [TeamSpeakUser3] No offline messages found
[2025-05-31 18:26:42] [F4Rot6aSlWU5OFZBOarP2RTzrYY=] [INSANE] Checking offline messages for client
[2025-05-31 18:26:42] [F4Rot6aSlWU5OFZBOarP2RTzrYY=] [INSANE] No offline messages found
[2025-05-31 18:28:02] [JeRDsn5NNuoif7xSE7UhSMCw9rc=] [TeamSpeakUser21] Checking offline messages for client
[2025-05-31 18:28:02] [JeRDsn5NNuoif7xSE7UhSMCw9rc=] [TeamSpeakUser21] No offline messages found
[2025-05-31 18:29:48] [xPOPrWPQum4PIXMqKPMGCRW2z7g=] [skbd] Checking offline messages for client
[2025-05-31 18:29:48] [xPOPrWPQum4PIXMqKPMGCRW2z7g=] [skbd] No offline messages found
[2025-05-31 18:32:13] [cCbM0phrtpSB/TJvwFdNdF1f4mw=] [TeamSpeakUser4] Checking offline messages for client
[2025-05-31 18:32:13] [cCbM0phrtpSB/TJvwFdNdF1f4mw=] [TeamSpeakUser4] No offline messages found
[2025-05-31 18:32:47] [HA8AwjGjfttaVD2BbXsV3SrC+rA=] [Axtic] Checking offline messages for client
[2025-05-31 18:32:47] [HA8AwjGjfttaVD2BbXsV3SrC+rA=] [Axtic] No offline messages found
[2025-05-31 18:33:44] [lnMFr9CACtNm2N+UU0FlIeT/jhM=] [Agent_vx] Checking offline messages for client
[2025-05-31 18:33:44] [lnMFr9CACtNm2N+UU0FlIeT/jhM=] [Agent_vx] No offline messages found
[2025-05-31 18:34:16] [0XIPokUUTEkn00muYiwnSCQJ4wM=] [credolls] Checking offline messages for client
[2025-05-31 18:34:16] [0XIPokUUTEkn00muYiwnSCQJ4wM=] [credolls] No offline messages found
[2025-05-31 18:34:35] [Wiz1igKktw5lpjZkaE1pcCI3a6s=] [Alphonsine] Checking offline messages for client
[2025-05-31 18:34:35] [Wiz1igKktw5lpjZkaE1pcCI3a6s=] [Alphonsine] No offline messages found
[2025-05-31 18:37:49] [ayHUOzBuuInw8J/HHBAIDIq0cYY=] [bohun ivan] Checking offline messages for client
[2025-05-31 18:37:49] [ayHUOzBuuInw8J/HHBAIDIq0cYY=] [bohun ivan] No offline messages found
[2025-05-31 18:39:57] [Afoqb5fqgY15LPQ0jZ/iOzeosLk=] [брочачо] Checking offline messages for client
[2025-05-31 18:39:57] [Afoqb5fqgY15LPQ0jZ/iOzeosLk=] [брочачо] No offline messages found
[2025-05-31 18:39:58] [8yG40ppumRoJGhu1qR/blqgqttw=] [sanka98] Checking offline messages for client
[2025-05-31 18:39:58] [8yG40ppumRoJGhu1qR/blqgqttw=] [sanka98] No offline messages found
[2025-05-31 18:40:11] [Ilrd3Duh3i9Drhhvw8T5dRQso0I=] [БУРКИНОФАСОСЕЦ] Checking offline messages for client
[2025-05-31 18:40:11] [Ilrd3Duh3i9Drhhvw8T5dRQso0I=] [БУРКИНОФАСОСЕЦ] No offline messages found
[2025-05-31 18:40:28] [eSsiAXIAqIeYaWSFyV9xLKaOr1A=] [Lldl4] Checking offline messages for client
[2025-05-31 18:40:28] [eSsiAXIAqIeYaWSFyV9xLKaOr1A=] [Lldl4] No offline messages found
[2025-05-31 18:47:02] [IvPuoleyuChePKK0GR7sRhVCkJE=] [SYRUSSS] Checking offline messages for client
[2025-05-31 18:47:02] [IvPuoleyuChePKK0GR7sRhVCkJE=] [SYRUSSS] No offline messages found
[2025-05-31 18:47:07] [CUXvOk6y3yIcxZNtgGqhgcA6an4=] [Са1ун] Checking offline messages for client
[2025-05-31 18:47:07] [CUXvOk6y3yIcxZNtgGqhgcA6an4=] [Са1ун] No offline messages found
[2025-05-31 18:47:24] [F4Rot6aSlWU5OFZBOarP2RTzrYY=] [INSANE] Checking offline messages for client
[2025-05-31 18:47:24] [F4Rot6aSlWU5OFZBOarP2RTzrYY=] [INSANE] No offline messages found
[2025-05-31 18:47:24] [F4Rot6aSlWU5OFZBOarP2RTzrYY=] [INSANE] Checking offline messages for client
[2025-05-31 18:47:24] [F4Rot6aSlWU5OFZBOarP2RTzrYY=] [INSANE] No offline messages found
[2025-05-31 18:47:24] [F4Rot6aSlWU5OFZBOarP2RTzrYY=] [INSANE] Checking offline messages for client
[2025-05-31 18:47:24] [F4Rot6aSlWU5OFZBOarP2RTzrYY=] [INSANE] No offline messages found
[2025-05-31 18:47:38] [zuVIrAkrcJ27iLMeBqadkQW3yLY=] [babanız] Checking offline messages for client
[2025-05-31 18:47:38] [zuVIrAkrcJ27iLMeBqadkQW3yLY=] [babanız] No offline messages found
[2025-05-31 18:50:02] [veY80qe9L9TcrWdk+qh+BALsTRc=] [Alireza] Checking offline messages for client
[2025-05-31 18:50:02] [veY80qe9L9TcrWdk+qh+BALsTRc=] [Alireza] No offline messages found
[2025-05-31 18:51:43] [COLZyKJmrHAbeJuIwxgb3lGZ0d0=] [tikka345] Checking offline messages for client
[2025-05-31 18:51:43] [COLZyKJmrHAbeJuIwxgb3lGZ0d0=] [tikka345] No offline messages found
[2025-05-31 18:52:38] [3Mq3EB+EEk14kwWNxOyGIgo45U8=] [HF IN GAME DANNY] Checking offline messages for client
[2025-05-31 18:52:38] [3Mq3EB+EEk14kwWNxOyGIgo45U8=] [HF IN GAME DANNY] No offline messages found
[2025-05-31 18:53:13] [WUXm6RYp285KXWSADt195vmni1c=] [L91] Checking offline messages for client
[2025-05-31 18:53:13] [WUXm6RYp285KXWSADt195vmni1c=] [L91] No offline messages found
[2025-05-31 18:57:36] [lPq8Y8B1JOHL6QoSGZDwJ6xzT7Q=] [vata] Checking offline messages for client
[2025-05-31 18:57:36] [lPq8Y8B1JOHL6QoSGZDwJ6xzT7Q=] [vata] No offline messages found
[2025-05-31 18:58:33] [+eY62p4z2Yc8MBABvp55HWZZJ18=] [saulov] Checking offline messages for client
[2025-05-31 18:58:33] [+eY62p4z2Yc8MBABvp55HWZZJ18=] [saulov] No offline messages found
[2025-05-31 18:59:45] [lPq8Y8B1JOHL6QoSGZDwJ6xzT7Q=] [vata] Checking offline messages for client
[2025-05-31 18:59:45] [lPq8Y8B1JOHL6QoSGZDwJ6xzT7Q=] [vata] No offline messages found
[2025-05-31 18:59:50] [lPq8Y8B1JOHL6QoSGZDwJ6xzT7Q=] [vata] Checking offline messages for client
[2025-05-31 18:59:50] [lPq8Y8B1JOHL6QoSGZDwJ6xzT7Q=] [vata] No offline messages found
[2025-05-31 19:00:53] [ShT1+jAAOFSpcp/TDXTY2dTY0wA=] [nAnu] Checking offline messages for client
[2025-05-31 19:00:53] [ShT1+jAAOFSpcp/TDXTY2dTY0wA=] [nAnu] No offline messages found
[2025-05-31 19:08:35] [XX/jaAnSUFiOyBaL+q6TjTqBJdA=] [Prado_11rus] Checking offline messages for client
[2025-05-31 19:08:35] [XX/jaAnSUFiOyBaL+q6TjTqBJdA=] [Prado_11rus] No offline messages found
[2025-05-31 19:12:20] [pjSG7lijxEkCHXK5AeNULuu9cdY=] [HUESOS] Checking offline messages for client
[2025-05-31 19:12:20] [pjSG7lijxEkCHXK5AeNULuu9cdY=] [HUESOS] No offline messages found
[2025-05-31 19:15:47] [j4VaV46XhkmzcjbVPFuyIU0vCLs=] [nox] Checking offline messages for client
[2025-05-31 19:15:47] [j4VaV46XhkmzcjbVPFuyIU0vCLs=] [nox] No offline messages found
[2025-05-31 19:20:09] [B2fRgglzPVX7d5IDrNsAi94lUY0=] [baia] Checking offline messages for client
[2025-05-31 19:20:09] [B2fRgglzPVX7d5IDrNsAi94lUY0=] [baia] No offline messages found
[2025-05-31 19:23:50] [Qdu/wFHK8CWZMrwAnbG9K1dTvqk=] [TeamSpeakUser3] Checking offline messages for client
[2025-05-31 19:23:50] [Qdu/wFHK8CWZMrwAnbG9K1dTvqk=] [TeamSpeakUser3] No offline messages found
[2025-05-31 19:24:00] [EBXe71Lp4NoWtOX097m16XOL9o8=] [kaya] Checking offline messages for client
[2025-05-31 19:24:00] [EBXe71Lp4NoWtOX097m16XOL9o8=] [kaya] No offline messages found
[2025-05-31 19:24:01] [EBXe71Lp4NoWtOX097m16XOL9o8=] [kaya] Checking offline messages for client
[2025-05-31 19:24:01] [EBXe71Lp4NoWtOX097m16XOL9o8=] [kaya] No offline messages found
[2025-05-31 19:24:01] [EBXe71Lp4NoWtOX097m16XOL9o8=] [kaya] Checking offline messages for client
[2025-05-31 19:24:01] [EBXe71Lp4NoWtOX097m16XOL9o8=] [kaya] No offline messages found
[2025-05-31 19:29:26] [CUXvOk6y3yIcxZNtgGqhgcA6an4=] [Са1ун] Checking offline messages for client
[2025-05-31 19:29:26] [CUXvOk6y3yIcxZNtgGqhgcA6an4=] [Са1ун] No offline messages found
[2025-05-31 19:31:38] [tHKwZtfb/srt+Fd0YoD5SiAYdKo=] [Sim0] Checking offline messages for client
[2025-05-31 19:31:38] [tHKwZtfb/srt+Fd0YoD5SiAYdKo=] [Sim0] No offline messages found
[2025-05-31 19:35:03] [VzDfRDmJ7uM/C1TaZb3VAAD1IFw=] [reverz] Checking offline messages for client
[2025-05-31 19:35:03] [VzDfRDmJ7uM/C1TaZb3VAAD1IFw=] [reverz] No offline messages found
[2025-05-31 19:38:14] [2Zv1tQifTits/TglzJHkXZCIFx4=] [r1mmi] Checking offline messages for client
[2025-05-31 19:38:14] [2Zv1tQifTits/TglzJHkXZCIFx4=] [r1mmi] No offline messages found
[2025-05-31 19:38:37] [MqlyPI/U5wjPs6LHaX2Ifl+w4r8=] [timothysamuelx] Checking offline messages for client
[2025-05-31 19:38:37] [MqlyPI/U5wjPs6LHaX2Ifl+w4r8=] [timothysamuelx] No offline messages found
[2025-05-31 19:43:58] [gGMs3cWiIRXONmdqke6JMkLq6FQ=] [Sasaikudosai_1] Checking offline messages for client
[2025-05-31 19:43:58] [gGMs3cWiIRXONmdqke6JMkLq6FQ=] [Sasaikudosai_1] No offline messages found
[2025-05-31 19:44:13] [RL5wuKOFsAQZkRVWXrE6R4FbCts=] [Dod_xGod] Checking offline messages for client
[2025-05-31 19:44:13] [RL5wuKOFsAQZkRVWXrE6R4FbCts=] [Dod_xGod] No offline messages found
[2025-05-31 19:44:15] [olx89Pdjc5M3fEKtvl/uuQb51Rw=] [СИСЯМАСИСЯ] Checking offline messages for client
[2025-05-31 19:44:15] [olx89Pdjc5M3fEKtvl/uuQb51Rw=] [СИСЯМАСИСЯ] No offline messages found
[2025-05-31 19:44:25] [aI/F+Xm4CSq1LY1nFTa4TckYJvQ=] [MrMIST14] Checking offline messages for client
[2025-05-31 19:44:25] [aI/F+Xm4CSq1LY1nFTa4TckYJvQ=] [MrMIST14] No offline messages found
[2025-05-31 19:47:02] [ow+Zi/O4SnJIvwHosoZ7zIvOOK8=] [shinigami] Checking offline messages for client
[2025-05-31 19:47:02] [ow+Zi/O4SnJIvwHosoZ7zIvOOK8=] [shinigami] No offline messages found
[2025-05-31 19:49:35] [fH55ADpBJR2Pf03gH5EIVyAAuTk=] [W1zard] Checking offline messages for client
[2025-05-31 19:49:35] [fH55ADpBJR2Pf03gH5EIVyAAuTk=] [W1zard] No offline messages found
[2025-05-31 19:53:22] [hUjMcppeZYeQG89H1ehSTqHW6iQ=] [Hydrastarke] Checking offline messages for client
[2025-05-31 19:53:22] [hUjMcppeZYeQG89H1ehSTqHW6iQ=] [Hydrastarke] No offline messages found
[2025-05-31 20:00:36] [MCH5CUuHw7qLHVegyroS34EN/pQ=] [PastA1] Checking offline messages for client
[2025-05-31 20:00:36] [MCH5CUuHw7qLHVegyroS34EN/pQ=] [PastA1] No offline messages found
[2025-05-31 20:02:31] [ZGrMI6bNPSY3bqByYnYHBOr+Dac=] [рэдик] Checking offline messages for client
[2025-05-31 20:02:31] [ZGrMI6bNPSY3bqByYnYHBOr+Dac=] [рэдик] No offline messages found
[2025-05-31 20:03:32] [qNsg0b7JeakWdOg/MBVUEfo+t/s=] [Chico] Checking offline messages for client
[2025-05-31 20:03:32] [qNsg0b7JeakWdOg/MBVUEfo+t/s=] [Chico] No offline messages found
[2025-05-31 20:04:04] [ZnU8vaPl8AP2v7ujelAJMkb+r+E=] [TeamSpeakUser5] Checking offline messages for client
[2025-05-31 20:04:04] [ZnU8vaPl8AP2v7ujelAJMkb+r+E=] [TeamSpeakUser5] No offline messages found
[2025-05-31 20:05:57] [RkH91acmxA3cUuqBsMdwRLDQBxM=] [Avrelius33] Checking offline messages for client
[2025-05-31 20:05:57] [RkH91acmxA3cUuqBsMdwRLDQBxM=] [Avrelius33] No offline messages found
[2025-05-31 20:10:40] [RL5wuKOFsAQZkRVWXrE6R4FbCts=] [Dod_xGod] Checking offline messages for client
[2025-05-31 20:10:40] [RL5wuKOFsAQZkRVWXrE6R4FbCts=] [Dod_xGod] No offline messages found
[2025-05-31 20:11:11] [v8d0S2VwxhW09HTFPSJZmdATS9s=] [lokmannnnnn] Checking offline messages for client
[2025-05-31 20:11:11] [v8d0S2VwxhW09HTFPSJZmdATS9s=] [lokmannnnnn] No offline messages found
[2025-05-31 20:25:28] [dHbsB6MCo0U2aH1EiEtR0aWr7G0=] [tuzya] Checking offline messages for client
[2025-05-31 20:25:28] [dHbsB6MCo0U2aH1EiEtR0aWr7G0=] [tuzya] No offline messages found
[2025-05-31 20:31:09] [Chs2gds0q5c5sHk5GQqGy9JmwQg=] [teaman11] Checking offline messages for client
[2025-05-31 20:31:09] [Chs2gds0q5c5sHk5GQqGy9JmwQg=] [teaman11] No offline messages found
[2025-05-31 20:31:54] [iqhXyPfP3MC8F+w0pKyVoSLyF/I=] [FailRaik] Checking offline messages for client
[2025-05-31 20:31:54] [iqhXyPfP3MC8F+w0pKyVoSLyF/I=] [FailRaik] No offline messages found
[2025-05-31 20:33:14] [JRSJX/gE1q4rIxWGxe0NgwN6Ubk=] [saadf] Checking offline messages for client
[2025-05-31 20:33:14] [JRSJX/gE1q4rIxWGxe0NgwN6Ubk=] [saadf] No offline messages found
[2025-05-31 20:42:24] [S5c9qJAk0+90wjkUa6EauP5Qvfo=] [Skiwii_] Checking offline messages for client
[2025-05-31 20:42:24] [S5c9qJAk0+90wjkUa6EauP5Qvfo=] [Skiwii_] No offline messages found
[2025-05-31 20:42:39] [lyXaZAmIm860hs52AQfNIF+bYQ4=] [kiale.] Checking offline messages for client
[2025-05-31 20:42:39] [lyXaZAmIm860hs52AQfNIF+bYQ4=] [kiale.] No offline messages found
[2025-05-31 20:43:02] [qNsg0b7JeakWdOg/MBVUEfo+t/s=] [Chico] Checking offline messages for client
[2025-05-31 20:43:02] [qNsg0b7JeakWdOg/MBVUEfo+t/s=] [Chico] No offline messages found
[2025-05-31 20:44:32] [Chs2gds0q5c5sHk5GQqGy9JmwQg=] [teaman11] Checking offline messages for client
[2025-05-31 20:44:32] [Chs2gds0q5c5sHk5GQqGy9JmwQg=] [teaman11] No offline messages found
[2025-05-31 20:46:30] [mIvcMvQPsqgxp0h0of2Z9tmUBEg=] [damoi777] Checking offline messages for client
[2025-05-31 20:46:30] [mIvcMvQPsqgxp0h0of2Z9tmUBEg=] [damoi777] No offline messages found
[2025-05-31 20:47:18] [f3nvQHeyvraWJrUBPQaOMk+TGHg=] [patoRLCSWinner] Checking offline messages for client
[2025-05-31 20:47:18] [f3nvQHeyvraWJrUBPQaOMk+TGHg=] [patoRLCSWinner] No offline messages found
[2025-05-31 20:47:23] [BDNfm97VPHac+sKgNv9Oj4ZMEAs=] [sperman31] Checking offline messages for client
[2025-05-31 20:47:23] [BDNfm97VPHac+sKgNv9Oj4ZMEAs=] [sperman31] No offline messages found
[2025-05-31 20:48:43] [Tl3Bg1zFfrOJ+IRWyJh5UAIJ+5o=] [Efkeyy] Checking offline messages for client
[2025-05-31 20:48:43] [Tl3Bg1zFfrOJ+IRWyJh5UAIJ+5o=] [Efkeyy] No offline messages found
[2025-05-31 20:49:01] [jigm6/bUsOmXMFP8XUKRU6/MFsM=] [king] Checking offline messages for client
[2025-05-31 20:49:01] [jigm6/bUsOmXMFP8XUKRU6/MFsM=] [king] No offline messages found
[2025-05-31 20:50:36] [rR+2agDaXOblefNaD/E2LfDoCAU=] [hugao] Checking offline messages for client
[2025-05-31 20:50:36] [rR+2agDaXOblefNaD/E2LfDoCAU=] [hugao] No offline messages found
[2025-05-31 20:52:42] [+jAK4p+Ce6T/fojXfUGu0a+DMsw=] [Lazy_Eagle] Checking offline messages for client
[2025-05-31 20:52:42] [+jAK4p+Ce6T/fojXfUGu0a+DMsw=] [Lazy_Eagle] No offline messages found
[2025-05-31 20:56:10] [Y3EDpeFsO9lDhDp9nUiaxxnoG/E=] [LADRON] Checking offline messages for client
[2025-05-31 20:56:10] [Y3EDpeFsO9lDhDp9nUiaxxnoG/E=] [LADRON] No offline messages found
[2025-05-31 20:56:13] [lxJ6dH+d3MoTadVWkGnwEewE//A=] [blessedyouuuu] Checking offline messages for client
[2025-05-31 20:56:13] [lxJ6dH+d3MoTadVWkGnwEewE//A=] [blessedyouuuu] No offline messages found
[2025-05-31 20:56:36] [G6p+uV+SFUcyLcr1W6bQPM3vJJ4=] [TeamSpeakUser2] Checking offline messages for client
[2025-05-31 20:56:36] [G6p+uV+SFUcyLcr1W6bQPM3vJJ4=] [TeamSpeakUser2] No offline messages found
[2025-05-31 20:57:12] [ktz2dZ1dONgntrNq5d/LFS/S+NU=] [mohsen] Checking offline messages for client
[2025-05-31 20:57:12] [ktz2dZ1dONgntrNq5d/LFS/S+NU=] [mohsen] No offline messages found
[2025-05-31 20:57:35] [A2T1RSmzaeIbUTk0Ce356sAFyiM=] [me arrombaram] Checking offline messages for client
[2025-05-31 20:57:35] [A2T1RSmzaeIbUTk0Ce356sAFyiM=] [me arrombaram] No offline messages found
[2025-05-31 20:57:39] [MPkiYcpWmvq2zz2jKicKQcAbgps=] [skywalker] Checking offline messages for client
[2025-05-31 20:57:39] [MPkiYcpWmvq2zz2jKicKQcAbgps=] [skywalker] No offline messages found
[2025-05-31 20:58:33] [+eY62p4z2Yc8MBABvp55HWZZJ18=] [saulov] Checking offline messages for client
[2025-05-31 20:58:33] [+eY62p4z2Yc8MBABvp55HWZZJ18=] [saulov] No offline messages found
[2025-05-31 20:59:26] [lPq8Y8B1JOHL6QoSGZDwJ6xzT7Q=] [vata] Checking offline messages for client
[2025-05-31 20:59:26] [lPq8Y8B1JOHL6QoSGZDwJ6xzT7Q=] [vata] No offline messages found
[2025-05-31 20:59:53] [zuVIrAkrcJ27iLMeBqadkQW3yLY=] [babanız] Checking offline messages for client
[2025-05-31 20:59:53] [zuVIrAkrcJ27iLMeBqadkQW3yLY=] [babanız] No offline messages found
[2025-05-31 21:01:32] [MPkiYcpWmvq2zz2jKicKQcAbgps=] [skywalker] Checking offline messages for client
[2025-05-31 21:01:32] [MPkiYcpWmvq2zz2jKicKQcAbgps=] [skywalker] No offline messages found
[2025-05-31 21:01:40] [gOwDhq1CmTN5Qc6OmKIGGqVvKTs=] [zero] Checking offline messages for client
[2025-05-31 21:01:40] [gOwDhq1CmTN5Qc6OmKIGGqVvKTs=] [zero] No offline messages found
[2025-05-31 21:01:40] [gOwDhq1CmTN5Qc6OmKIGGqVvKTs=] [zero] Checking offline messages for client
[2025-05-31 21:01:40] [gOwDhq1CmTN5Qc6OmKIGGqVvKTs=] [zero] No offline messages found
[2025-05-31 21:01:40] [gOwDhq1CmTN5Qc6OmKIGGqVvKTs=] [zero] Checking offline messages for client
[2025-05-31 21:01:40] [gOwDhq1CmTN5Qc6OmKIGGqVvKTs=] [zero] No offline messages found
[2025-05-31 21:01:46] [fH55ADpBJR2Pf03gH5EIVyAAuTk=] [W1zard] Checking offline messages for client
[2025-05-31 21:01:46] [fH55ADpBJR2Pf03gH5EIVyAAuTk=] [W1zard] No offline messages found
[2025-05-31 21:02:15] [/paoPeDO7Sw3DPisftzEeJfXp+Y=] [J4M4L] Checking offline messages for client
[2025-05-31 21:02:15] [/paoPeDO7Sw3DPisftzEeJfXp+Y=] [J4M4L] No offline messages found
[2025-05-31 21:02:17] [fH55ADpBJR2Pf03gH5EIVyAAuTk=] [W1zard] Checking offline messages for client
[2025-05-31 21:02:17] [fH55ADpBJR2Pf03gH5EIVyAAuTk=] [W1zard] No offline messages found
[2025-05-31 21:02:34] [gGMs3cWiIRXONmdqke6JMkLq6FQ=] [Sasaikudosai_1] Checking offline messages for client
[2025-05-31 21:02:34] [gGMs3cWiIRXONmdqke6JMkLq6FQ=] [Sasaikudosai_1] No offline messages found
[2025-05-31 21:02:58] [RBwh+hLI7qM/5sBbq4UPaExpE30=] [Druid Сrow 🦅] Checking offline messages for client
[2025-05-31 21:02:58] [RBwh+hLI7qM/5sBbq4UPaExpE30=] [Druid Сrow 🦅] No offline messages found
[2025-05-31 21:04:14] [V/sE7GD+jPAQPdHRhDxgmql0tFI=] [Jabberson] Checking offline messages for client
[2025-05-31 21:04:14] [V/sE7GD+jPAQPdHRhDxgmql0tFI=] [Jabberson] No offline messages found
[2025-05-31 21:05:08] [3q/mYOTA7gk6d5AVyjJDqgBfuU4=] [TeamSpeakUser4] Checking offline messages for client
[2025-05-31 21:05:08] [3q/mYOTA7gk6d5AVyjJDqgBfuU4=] [TeamSpeakUser4] No offline messages found
[2025-05-31 21:06:10] [TibH+/WBzR7iQ9yd+KABTrZ/Afc=] [milovsky] Checking offline messages for client
[2025-05-31 21:06:10] [TibH+/WBzR7iQ9yd+KABTrZ/Afc=] [milovsky] No offline messages found
[2025-05-31 21:06:16] [SJWLa9LelIOTwfc/cNyEIpMstZk=] [TeamSpeakUser6] Checking offline messages for client
[2025-05-31 21:06:16] [SJWLa9LelIOTwfc/cNyEIpMstZk=] [TeamSpeakUser6] No offline messages found
[2025-05-31 21:09:16] [+AEiGDs17OALboyzRweaafavqP0=] [ma1tsev] Checking offline messages for client
[2025-05-31 21:09:16] [+AEiGDs17OALboyzRweaafavqP0=] [ma1tsev] No offline messages found
[2025-05-31 21:10:32] [oifqugt/iQrqLTccr970rRBsDj8=] [artembill] Checking offline messages for client
[2025-05-31 21:10:32] [oifqugt/iQrqLTccr970rRBsDj8=] [artembill] No offline messages found
[2025-05-31 21:11:10] [MpV8eQ7lweL2YSxarhe9a/nQIOk=] [VUL_DROG] Checking offline messages for client
[2025-05-31 21:11:10] [MpV8eQ7lweL2YSxarhe9a/nQIOk=] [VUL_DROG] No offline messages found
[2025-05-31 21:11:37] [SJWLa9LelIOTwfc/cNyEIpMstZk=] [TeamSpeakUser6] Checking offline messages for client
[2025-05-31 21:11:37] [SJWLa9LelIOTwfc/cNyEIpMstZk=] [TeamSpeakUser6] No offline messages found
[2025-05-31 21:11:59] [SJWLa9LelIOTwfc/cNyEIpMstZk=] [TeamSpeakUser6] Checking offline messages for client
[2025-05-31 21:11:59] [SJWLa9LelIOTwfc/cNyEIpMstZk=] [TeamSpeakUser6] No offline messages found
[2025-05-31 21:12:50] [pa4EomUE5xzFSB9tc7CilmX3NTU=] [Imprii] Checking offline messages for client
[2025-05-31 21:12:50] [pa4EomUE5xzFSB9tc7CilmX3NTU=] [Imprii] No offline messages found
[2025-05-31 21:13:04] [AIDHP6mNwPE8ol+ZT42f+wagyE8=] [Babick] Checking offline messages for client
[2025-05-31 21:13:04] [AIDHP6mNwPE8ol+ZT42f+wagyE8=] [Babick] No offline messages found
[2025-05-31 21:18:50] [wZ3aaQCZEpobnnqice1Q7j6jEM8=] [AJDEVONN] Checking offline messages for client
[2025-05-31 21:18:50] [wZ3aaQCZEpobnnqice1Q7j6jEM8=] [AJDEVONN] No offline messages found
[2025-05-31 21:20:04] [EabEuFfJWoidlJHowxz83DhK5uk=] [Rich Lich] Checking offline messages for client
[2025-05-31 21:20:04] [EabEuFfJWoidlJHowxz83DhK5uk=] [Rich Lich] No offline messages found
[2025-05-31 21:20:56] [SJWLa9LelIOTwfc/cNyEIpMstZk=] [TeamSpeakUser5] Checking offline messages for client
[2025-05-31 21:20:56] [SJWLa9LelIOTwfc/cNyEIpMstZk=] [TeamSpeakUser5] No offline messages found
[2025-05-31 21:21:01] [EabEuFfJWoidlJHowxz83DhK5uk=] [Rich Lich] Checking offline messages for client
[2025-05-31 21:21:01] [EabEuFfJWoidlJHowxz83DhK5uk=] [Rich Lich] No offline messages found
[2025-05-31 21:22:44] [+BMK62+y5XN3UQWBblJj8fhjUWM=] [Zweo] Checking offline messages for client
[2025-05-31 21:22:44] [+BMK62+y5XN3UQWBblJj8fhjUWM=] [Zweo] No offline messages found
[2025-05-31 21:22:45] [mqgd3Gc7WmeeLTlwm9TT72tKi9Y=] [Joss] Checking offline messages for client
[2025-05-31 21:22:45] [mqgd3Gc7WmeeLTlwm9TT72tKi9Y=] [Joss] No offline messages found
[2025-05-31 21:27:13] [BTWzPOe8L1vYQSTDSNezwgjoz88=] [Hugh Janus] Checking offline messages for client
[2025-05-31 21:27:13] [BTWzPOe8L1vYQSTDSNezwgjoz88=] [Hugh Janus] No offline messages found
[2025-05-31 21:28:02] [VgpczKwOjr9ZQ1UJOtbqDYcg1tE=] [GermanHanz] Checking offline messages for client
[2025-05-31 21:28:02] [VgpczKwOjr9ZQ1UJOtbqDYcg1tE=] [GermanHanz] No offline messages found
[2025-05-31 21:28:03] [VgpczKwOjr9ZQ1UJOtbqDYcg1tE=] [GermanHanz] Checking offline messages for client
[2025-05-31 21:28:03] [VgpczKwOjr9ZQ1UJOtbqDYcg1tE=] [GermanHanz] No offline messages found
[2025-05-31 21:28:03] [VgpczKwOjr9ZQ1UJOtbqDYcg1tE=] [GermanHanz] Checking offline messages for client
[2025-05-31 21:28:03] [VgpczKwOjr9ZQ1UJOtbqDYcg1tE=] [GermanHanz] No offline messages found
[2025-05-31 21:28:24] [re0hzNQIrUlh0Q5IUpGqvAKM5CY=] [LoliLover] Checking offline messages for client
[2025-05-31 21:28:24] [re0hzNQIrUlh0Q5IUpGqvAKM5CY=] [LoliLover] No offline messages found
[2025-05-31 21:28:59] [3q/mYOTA7gk6d5AVyjJDqgBfuU4=] [TeamSpeakUser4] Checking offline messages for client
[2025-05-31 21:28:59] [3q/mYOTA7gk6d5AVyjJDqgBfuU4=] [TeamSpeakUser4] No offline messages found
[2025-05-31 21:29:06] [ewrPGoLlCCfzZIqr9wC9KuSdmb4=] [Junior] Checking offline messages for client
[2025-05-31 21:29:06] [ewrPGoLlCCfzZIqr9wC9KuSdmb4=] [Junior] No offline messages found
[2025-05-31 21:30:33] [JFrdE2HH+BTmuzFbr+pyFII2nDk=] [SİMSEK] Checking offline messages for client
[2025-05-31 21:30:33] [JFrdE2HH+BTmuzFbr+pyFII2nDk=] [SİMSEK] No offline messages found
[2025-05-31 21:33:44] [EpUZWrjjGrqfKYXVQkV4/zwv73I=] [mr.pablo] Checking offline messages for client
[2025-05-31 21:33:44] [EpUZWrjjGrqfKYXVQkV4/zwv73I=] [mr.pablo] No offline messages found
[2025-05-31 21:34:37] [RL5wuKOFsAQZkRVWXrE6R4FbCts=] [Dod_xGod] Checking offline messages for client
[2025-05-31 21:34:37] [RL5wuKOFsAQZkRVWXrE6R4FbCts=] [Dod_xGod] No offline messages found
[2025-05-31 21:35:23] [+AEiGDs17OALboyzRweaafavqP0=] [ma1tsev] Checking offline messages for client
[2025-05-31 21:35:23] [+AEiGDs17OALboyzRweaafavqP0=] [ma1tsev] No offline messages found
[2025-05-31 21:35:56] [O4DQaVKvzHQhxwj/ooDzqKn3n1o=] [deprix] Checking offline messages for client
[2025-05-31 21:35:56] [O4DQaVKvzHQhxwj/ooDzqKn3n1o=] [deprix] No offline messages found
[2025-05-31 21:38:32] [EpUZWrjjGrqfKYXVQkV4/zwv73I=] [mr.pablo] Checking offline messages for client
[2025-05-31 21:38:32] [EpUZWrjjGrqfKYXVQkV4/zwv73I=] [mr.pablo] No offline messages found
[2025-05-31 21:40:06] [EpUZWrjjGrqfKYXVQkV4/zwv73I=] [mr.pablo] Checking offline messages for client
[2025-05-31 21:40:06] [EpUZWrjjGrqfKYXVQkV4/zwv73I=] [mr.pablo] No offline messages found
[2025-05-31 21:42:21] [VnkaFFk9xJmCZ7yTD4nS27hZJDs=] [karafey] Checking offline messages for client
[2025-05-31 21:42:21] [VnkaFFk9xJmCZ7yTD4nS27hZJDs=] [karafey] No offline messages found
[2025-05-31 21:43:13] [j0jk6FwQWAm6t443TZ1PKSTc1uA=] [DCxMakoto] Checking offline messages for client
[2025-05-31 21:43:13] [j0jk6FwQWAm6t443TZ1PKSTc1uA=] [DCxMakoto] No offline messages found
[2025-05-31 21:43:31] [ozRWsBWkjw1t4JPS8bHM5qgLPY0=] [karakek] Checking offline messages for client
[2025-05-31 21:43:31] [ozRWsBWkjw1t4JPS8bHM5qgLPY0=] [karakek] No offline messages found
[2025-05-31 21:43:45] [JS7AYDgRfu5aCR6EsyZfSZOd3ug=] [goran] Checking offline messages for client
[2025-05-31 21:43:45] [JS7AYDgRfu5aCR6EsyZfSZOd3ug=] [goran] No offline messages found
[2025-05-31 21:44:06] [nrEFrg1QXE05wuZZG3BbdkciSEc=] [Dumina] Checking offline messages for client
[2025-05-31 21:44:06] [nrEFrg1QXE05wuZZG3BbdkciSEc=] [Dumina] No offline messages found
[2025-05-31 21:44:52] [cm+zDw/4zDuQN120Qa8q1mW/fIQ=] [hudabin] Checking offline messages for client
[2025-05-31 21:44:52] [cm+zDw/4zDuQN120Qa8q1mW/fIQ=] [hudabin] No offline messages found
[2025-05-31 21:47:57] [re0hzNQIrUlh0Q5IUpGqvAKM5CY=] [LoliLover] Checking offline messages for client
[2025-05-31 21:47:57] [re0hzNQIrUlh0Q5IUpGqvAKM5CY=] [LoliLover] No offline messages found
[2025-05-31 21:48:28] [QlS2dC4Cr8kYrMCwMl/pPCEheNI=] [Hero] Checking offline messages for client
[2025-05-31 21:48:28] [QlS2dC4Cr8kYrMCwMl/pPCEheNI=] [Hero] No offline messages found
[2025-05-31 21:49:56] [ktz2dZ1dONgntrNq5d/LFS/S+NU=] [mohsen] Checking offline messages for client
[2025-05-31 21:49:56] [ktz2dZ1dONgntrNq5d/LFS/S+NU=] [mohsen] No offline messages found
[2025-05-31 21:51:39] [db5M5xKUN59pF25L3Ham4b5Ndjw=] [Reddington] Checking offline messages for client
[2025-05-31 21:51:39] [db5M5xKUN59pF25L3Ham4b5Ndjw=] [Reddington] No offline messages found
[2025-05-31 21:57:45] [BVFkFCJ/YRVCTWoyoNAzBKKgGNQ=] [Даня] Checking offline messages for client
[2025-05-31 21:57:45] [BVFkFCJ/YRVCTWoyoNAzBKKgGNQ=] [Даня] No offline messages found
[2025-05-31 21:59:29] [RJ4ey/bxVJ5eYFnjo7KF14s+i1s=] [Shahram] Checking offline messages for client
[2025-05-31 21:59:29] [RJ4ey/bxVJ5eYFnjo7KF14s+i1s=] [Shahram] No offline messages found
[2025-05-31 21:59:43] [SJWLa9LelIOTwfc/cNyEIpMstZk=] [TeamSpeakUser1] Checking offline messages for client
[2025-05-31 21:59:43] [SJWLa9LelIOTwfc/cNyEIpMstZk=] [TeamSpeakUser1] No offline messages found
[2025-05-31 22:01:41] [re0hzNQIrUlh0Q5IUpGqvAKM5CY=] [LoliLover] Checking offline messages for client
[2025-05-31 22:01:41] [re0hzNQIrUlh0Q5IUpGqvAKM5CY=] [LoliLover] No offline messages found
[2025-05-31 22:02:48] [CAXLSUAM56Ig7tLYqBzO8Lrc+lY=] [zulul] Checking offline messages for client
[2025-05-31 22:02:48] [CAXLSUAM56Ig7tLYqBzO8Lrc+lY=] [zulul] No offline messages found
[2025-05-31 22:04:17] [VgpczKwOjr9ZQ1UJOtbqDYcg1tE=] [GermanHanz] Checking offline messages for client
[2025-05-31 22:04:17] [VgpczKwOjr9ZQ1UJOtbqDYcg1tE=] [GermanHanz] No offline messages found
[2025-05-31 22:05:10] [Di2MaUkDvWG/4yTOmNqIBWAhaIM=] [astraiser] Checking offline messages for client
[2025-05-31 22:05:10] [Di2MaUkDvWG/4yTOmNqIBWAhaIM=] [astraiser] No offline messages found
[2025-05-31 22:06:59] [uJnwwqnuPGfoLP0MTPmjLpW1JCI=] [deadly_peak] Checking offline messages for client
[2025-05-31 22:06:59] [uJnwwqnuPGfoLP0MTPmjLpW1JCI=] [deadly_peak] No offline messages found
[2025-05-31 22:12:34] [7OPNxHcTHSq+znXytBlDRPU74IQ=] [NaiRoD] Checking offline messages for client
[2025-05-31 22:12:34] [7OPNxHcTHSq+znXytBlDRPU74IQ=] [NaiRoD] No offline messages found
[2025-05-31 22:14:35] [JQjkbXWg2IZZb/L8yEMNhCkXVDo=] [Ali_heydari*9] Checking offline messages for client
[2025-05-31 22:14:35] [JQjkbXWg2IZZb/L8yEMNhCkXVDo=] [Ali_heydari*9] No offline messages found
[2025-05-31 22:15:27] [Yolrk0vLW7Jl+G3XWWoj32wvYHo=] [joy] Checking offline messages for client
[2025-05-31 22:15:27] [Yolrk0vLW7Jl+G3XWWoj32wvYHo=] [joy] No offline messages found
[2025-05-31 22:15:32] [Jg1vuZFeD05BySRAz9OKcWobsUs=] [TeamSpeakUser3] Checking offline messages for client
[2025-05-31 22:15:32] [Jg1vuZFeD05BySRAz9OKcWobsUs=] [TeamSpeakUser3] No offline messages found
[2025-05-31 22:16:21] [tnVKLhBV7l0ujurKDSs+MWGNsj8=] [TeamSpeakUser5] Checking offline messages for client
[2025-05-31 22:16:21] [tnVKLhBV7l0ujurKDSs+MWGNsj8=] [TeamSpeakUser5] No offline messages found
[2025-05-31 22:17:09] [ndYNgY0hLdxCSb0J4fJlYMhWIVM=] [s1djeeey] Checking offline messages for client
[2025-05-31 22:17:09] [ndYNgY0hLdxCSb0J4fJlYMhWIVM=] [s1djeeey] No offline messages found
[2025-05-31 22:17:10] [gITtVlfHYxsd3mvOfTblKNtJBDU=] [4iff] Checking offline messages for client
[2025-05-31 22:17:10] [gITtVlfHYxsd3mvOfTblKNtJBDU=] [4iff] No offline messages found
[2025-05-31 22:18:09] [4MLGGYt6Z3sgx8GHTCEtNvLhFCY=] [salas] Checking offline messages for client
[2025-05-31 22:18:09] [4MLGGYt6Z3sgx8GHTCEtNvLhFCY=] [salas] No offline messages found
[2025-05-31 22:18:21] [Mq7m/cTpjBqeKAdK1MpW78h5y4M=] [Angelo] Checking offline messages for client
[2025-05-31 22:18:21] [Mq7m/cTpjBqeKAdK1MpW78h5y4M=] [Angelo] No offline messages found
[2025-05-31 22:19:08] [GOV5gwJbYlCsi25msLmnfnZypPY=] [TeamSpeakUser5] Checking offline messages for client
[2025-05-31 22:19:08] [GOV5gwJbYlCsi25msLmnfnZypPY=] [TeamSpeakUser5] No offline messages found
[2025-05-31 22:19:37] [KgtWKCUgHe+YIFq4EEIuJUQeydU=] [Mehdi_km81] Checking offline messages for client
[2025-05-31 22:19:37] [KgtWKCUgHe+YIFq4EEIuJUQeydU=] [Mehdi_km81] No offline messages found
[2025-05-31 22:19:49] [1D/VZokKQLBP7eOeCdZ48YdxN54=] [wasshi] Checking offline messages for client
[2025-05-31 22:19:49] [1D/VZokKQLBP7eOeCdZ48YdxN54=] [wasshi] No offline messages found
[2025-05-31 22:19:50] [1D/VZokKQLBP7eOeCdZ48YdxN54=] [wasshi] Checking offline messages for client
[2025-05-31 22:19:50] [1D/VZokKQLBP7eOeCdZ48YdxN54=] [wasshi] No offline messages found
[2025-05-31 22:19:50] [1D/VZokKQLBP7eOeCdZ48YdxN54=] [wasshi] Checking offline messages for client
[2025-05-31 22:19:50] [1D/VZokKQLBP7eOeCdZ48YdxN54=] [wasshi] No offline messages found
[2025-05-31 22:21:35] [A337CRyeHXs4LwAB23shVIw0jeg=] [mishechcaty] Checking offline messages for client
[2025-05-31 22:21:35] [A337CRyeHXs4LwAB23shVIw0jeg=] [mishechcaty] No offline messages found
[2025-05-31 22:21:35] [A337CRyeHXs4LwAB23shVIw0jeg=] [mishechcaty] Checking offline messages for client
[2025-05-31 22:21:35] [A337CRyeHXs4LwAB23shVIw0jeg=] [mishechcaty] No offline messages found
[2025-05-31 22:21:36] [A337CRyeHXs4LwAB23shVIw0jeg=] [mishechcaty] Checking offline messages for client
[2025-05-31 22:21:36] [A337CRyeHXs4LwAB23shVIw0jeg=] [mishechcaty] No offline messages found
[2025-05-31 22:22:16] [yPSI9aghhtH6O+mnSQIo84yUZ4c=] [шароёб] Checking offline messages for client
[2025-05-31 22:22:16] [yPSI9aghhtH6O+mnSQIo84yUZ4c=] [шароёб] No offline messages found
[2025-05-31 22:25:56] [Tgd5hyEUE1h1eu8z/TBEWqTvsO4=] [verdi] Checking offline messages for client
[2025-05-31 22:25:56] [Tgd5hyEUE1h1eu8z/TBEWqTvsO4=] [verdi] No offline messages found
[2025-05-31 22:28:08] [kp8Q3vFQWQnjp3gHVwlsWlVZPUI=] [TeamSpeakUser3] Checking offline messages for client
[2025-05-31 22:28:08] [kp8Q3vFQWQnjp3gHVwlsWlVZPUI=] [TeamSpeakUser3] No offline messages found
[2025-05-31 22:29:01] [0mQ8nbifBvRBZoQulzuEWjDBhk8=] [Osimhen] Checking offline messages for client
[2025-05-31 22:29:01] [0mQ8nbifBvRBZoQulzuEWjDBhk8=] [Osimhen] No offline messages found
[2025-05-31 22:36:35] [X6E5/N6c4x3DmVvfM1A7J4pIjC0=] [Omar] Checking offline messages for client
[2025-05-31 22:36:35] [X6E5/N6c4x3DmVvfM1A7J4pIjC0=] [Omar] No offline messages found
[2025-05-31 22:38:12] [zuVIrAkrcJ27iLMeBqadkQW3yLY=] [babanız] Checking offline messages for client
[2025-05-31 22:38:12] [zuVIrAkrcJ27iLMeBqadkQW3yLY=] [babanız] No offline messages found
[2025-05-31 22:38:29] [QGvH/QQM/8tcBPgPjENTGwRC0Tc=] [Murchick] Checking offline messages for client
[2025-05-31 22:38:29] [QGvH/QQM/8tcBPgPjENTGwRC0Tc=] [Murchick] No offline messages found
[2025-05-31 22:38:42] [QGvH/QQM/8tcBPgPjENTGwRC0Tc=] [Murchick] Checking offline messages for client
[2025-05-31 22:38:42] [QGvH/QQM/8tcBPgPjENTGwRC0Tc=] [Murchick] No offline messages found
[2025-05-31 22:41:54] [mTbPypkwuA/2B5Zl6CXWViczHPo=] [kızlıkbozan33] Checking offline messages for client
[2025-05-31 22:41:54] [mTbPypkwuA/2B5Zl6CXWViczHPo=] [kızlıkbozan33] No offline messages found
[2025-05-31 22:43:52] [re0hzNQIrUlh0Q5IUpGqvAKM5CY=] [jjgut] Checking offline messages for client
[2025-05-31 22:43:52] [re0hzNQIrUlh0Q5IUpGqvAKM5CY=] [jjgut] No offline messages found
[2025-05-31 22:45:47] [xzexHeipGvx6Ks8JLK8N8Ggi/lk=] [Jupiter One] Checking offline messages for client
[2025-05-31 22:45:47] [xzexHeipGvx6Ks8JLK8N8Ggi/lk=] [Jupiter One] No offline messages found
[2025-05-31 22:45:50] [Ilrd3Duh3i9Drhhvw8T5dRQso0I=] [БУРКИНОФАСОСЕЦ] Checking offline messages for client
[2025-05-31 22:45:50] [Ilrd3Duh3i9Drhhvw8T5dRQso0I=] [БУРКИНОФАСОСЕЦ] No offline messages found
[2025-05-31 22:47:14] [v8d0S2VwxhW09HTFPSJZmdATS9s=] [lokmannnnnn] Checking offline messages for client
[2025-05-31 22:47:14] [v8d0S2VwxhW09HTFPSJZmdATS9s=] [lokmannnnnn] No offline messages found
[2025-05-31 22:52:34] [igLR0Qw88l2utvuPuQTy5TXjVdA=] [AlvaRoniX$] Checking offline messages for client
[2025-05-31 22:52:34] [igLR0Qw88l2utvuPuQTy5TXjVdA=] [AlvaRoniX$] No offline messages found
[2025-05-31 22:53:29] [YzUgu3CXOY+yhn8UlP+xRN3h09M=] [vekil'] Checking offline messages for client
[2025-05-31 22:53:29] [YzUgu3CXOY+yhn8UlP+xRN3h09M=] [vekil'] No offline messages found
[2025-05-31 22:55:11] [MpV8eQ7lweL2YSxarhe9a/nQIOk=] [VUL_DROG] Checking offline messages for client
[2025-05-31 22:55:11] [MpV8eQ7lweL2YSxarhe9a/nQIOk=] [VUL_DROG] No offline messages found
[2025-05-31 22:56:05] [RJ4ey/bxVJ5eYFnjo7KF14s+i1s=] [Shahram] Checking offline messages for client
[2025-05-31 22:56:05] [RJ4ey/bxVJ5eYFnjo7KF14s+i1s=] [Shahram] No offline messages found
[2025-05-31 22:59:15] [YzUgu3CXOY+yhn8UlP+xRN3h09M=] [vekil'] Checking offline messages for client
[2025-05-31 22:59:15] [YzUgu3CXOY+yhn8UlP+xRN3h09M=] [vekil'] No offline messages found
[2025-05-31 22:59:30] [yuJ8mmxhfer8xdlqKC26z9O3umI=] [JustMe.am] Checking offline messages for client
[2025-05-31 22:59:30] [yuJ8mmxhfer8xdlqKC26z9O3umI=] [JustMe.am] No offline messages found
[2025-05-31 23:00:57] [0mQ8nbifBvRBZoQulzuEWjDBhk8=] [Osimhen] Checking offline messages for client
[2025-05-31 23:00:57] [0mQ8nbifBvRBZoQulzuEWjDBhk8=] [Osimhen] No offline messages found
[2025-05-31 23:04:45] [pjSG7lijxEkCHXK5AeNULuu9cdY=] [HUESOS] Checking offline messages for client
[2025-05-31 23:04:45] [pjSG7lijxEkCHXK5AeNULuu9cdY=] [HUESOS] No offline messages found
[2025-05-31 23:04:50] [h2yxqDaYBdNiyDlVGOH/YWCactg=] [dydek10master] Checking offline messages for client
[2025-05-31 23:04:50] [h2yxqDaYBdNiyDlVGOH/YWCactg=] [dydek10master] No offline messages found
[2025-05-31 23:06:10] [U03tlpb40T9DiVjXTVQdXprGQkc=] [fdgod35] Checking offline messages for client
[2025-05-31 23:06:10] [U03tlpb40T9DiVjXTVQdXprGQkc=] [fdgod35] No offline messages found
[2025-05-31 23:06:48] [kp8Q3vFQWQnjp3gHVwlsWlVZPUI=] [TeamSpeakUser3] Checking offline messages for client
[2025-05-31 23:06:48] [kp8Q3vFQWQnjp3gHVwlsWlVZPUI=] [TeamSpeakUser3] No offline messages found
[2025-05-31 23:07:49] [1gxg4kTixKP+E7U4TFVjyyVaim0=] [mbagod] Checking offline messages for client
[2025-05-31 23:07:49] [1gxg4kTixKP+E7U4TFVjyyVaim0=] [mbagod] No offline messages found
[2025-05-31 23:08:55] [1eHK5RBJO1VYiV6Fja2iiHvAIls=] [d3yk0ne] Checking offline messages for client
[2025-05-31 23:08:55] [1eHK5RBJO1VYiV6Fja2iiHvAIls=] [d3yk0ne] No offline messages found
[2025-05-31 23:10:04] [kp8Q3vFQWQnjp3gHVwlsWlVZPUI=] [TeamSpeakUser3] Checking offline messages for client
[2025-05-31 23:10:04] [kp8Q3vFQWQnjp3gHVwlsWlVZPUI=] [TeamSpeakUser3] No offline messages found
[2025-05-31 23:11:14] [6QTSVZJXFWVj3iE7IzR5O0qjvAA=] [Maprhendil] Checking offline messages for client
[2025-05-31 23:11:14] [6QTSVZJXFWVj3iE7IzR5O0qjvAA=] [Maprhendil] No offline messages found
[2025-05-31 23:11:30] [0mQ8nbifBvRBZoQulzuEWjDBhk8=] [Osimhen] Checking offline messages for client
[2025-05-31 23:11:30] [0mQ8nbifBvRBZoQulzuEWjDBhk8=] [Osimhen] No offline messages found
[2025-05-31 23:12:12] [VuNFAf3wIFc1IkWzOmahJ2tNnQw=] [amir-v13] Checking offline messages for client
[2025-05-31 23:12:12] [VuNFAf3wIFc1IkWzOmahJ2tNnQw=] [amir-v13] No offline messages found
[2025-05-31 23:13:00] [SJWLa9LelIOTwfc/cNyEIpMstZk=] [TeamSpeakUser1] Checking offline messages for client
[2025-05-31 23:13:00] [SJWLa9LelIOTwfc/cNyEIpMstZk=] [TeamSpeakUser1] No offline messages found
[2025-05-31 23:13:22] [vBunIuYQQMKMaHgZOqqlKMoIRT8=] [dillinger] Checking offline messages for client
[2025-05-31 23:13:22] [vBunIuYQQMKMaHgZOqqlKMoIRT8=] [dillinger] No offline messages found
[2025-05-31 23:14:19] [8Q/mFssDJ3+RHTNOMX3dGuE0+Fs=] [aleksa] Checking offline messages for client
[2025-05-31 23:14:19] [8Q/mFssDJ3+RHTNOMX3dGuE0+Fs=] [aleksa] No offline messages found
[2025-05-31 23:15:03] [SJWLa9LelIOTwfc/cNyEIpMstZk=] [TeamSpeakUser1] Checking offline messages for client
[2025-05-31 23:15:03] [SJWLa9LelIOTwfc/cNyEIpMstZk=] [TeamSpeakUser1] No offline messages found
[2025-05-31 23:15:30] [PCz5mVdmODgf+BuhB/F8jAcUsWY=] [XandeRMeisteR] Checking offline messages for client
[2025-05-31 23:15:30] [PCz5mVdmODgf+BuhB/F8jAcUsWY=] [XandeRMeisteR] No offline messages found
[2025-05-31 23:15:30] [PCz5mVdmODgf+BuhB/F8jAcUsWY=] [XandeRMeisteR] Checking offline messages for client
[2025-05-31 23:15:30] [PCz5mVdmODgf+BuhB/F8jAcUsWY=] [XandeRMeisteR] No offline messages found
[2025-05-31 23:15:31] [PCz5mVdmODgf+BuhB/F8jAcUsWY=] [XandeRMeisteR] Checking offline messages for client
[2025-05-31 23:15:31] [PCz5mVdmODgf+BuhB/F8jAcUsWY=] [XandeRMeisteR] No offline messages found
[2025-05-31 23:15:52] [FbxOm80nyZCaH/YYFVjWAxY/UGA=] [малышка_Никсик] Checking offline messages for client
[2025-05-31 23:15:52] [FbxOm80nyZCaH/YYFVjWAxY/UGA=] [малышка_Никсик] No offline messages found
[2025-05-31 23:16:43] [hFplnszNsVWixGv+jr9PV6siVtc=] [PitcaRNNN``] Checking offline messages for client
[2025-05-31 23:16:43] [hFplnszNsVWixGv+jr9PV6siVtc=] [PitcaRNNN``] No offline messages found
[2025-05-31 23:18:05] [8Q/mFssDJ3+RHTNOMX3dGuE0+Fs=] [aleksa] Checking offline messages for client
[2025-05-31 23:18:05] [8Q/mFssDJ3+RHTNOMX3dGuE0+Fs=] [aleksa] No offline messages found
[2025-05-31 23:18:22] [+AEiGDs17OALboyzRweaafavqP0=] [ma1tsev] Checking offline messages for client
[2025-05-31 23:18:22] [+AEiGDs17OALboyzRweaafavqP0=] [ma1tsev] No offline messages found
[2025-05-31 23:19:00] [MQ3mzkgPKf3CSM++TDpopXnLpzs=] [clamoris] Checking offline messages for client
[2025-05-31 23:19:00] [MQ3mzkgPKf3CSM++TDpopXnLpzs=] [clamoris] No offline messages found
[2025-05-31 23:21:09] [KyHsGfKqosHV4Y7MxPl/QPHXGnU=] [oljas] Checking offline messages for client
[2025-05-31 23:21:09] [KyHsGfKqosHV4Y7MxPl/QPHXGnU=] [oljas] No offline messages found
[2025-05-31 23:21:21] [dMs00ngE6YI0KHtAGRTqeHdKujU=] [Bigboss420] Checking offline messages for client
[2025-05-31 23:21:21] [dMs00ngE6YI0KHtAGRTqeHdKujU=] [Bigboss420] No offline messages found
[2025-05-31 23:23:53] [bZvg3YpLPPLqxb2ddFUZeJYpkN8=] [Rowyn] Checking offline messages for client
[2025-05-31 23:23:53] [bZvg3YpLPPLqxb2ddFUZeJYpkN8=] [Rowyn] No offline messages found
[2025-05-31 23:28:01] [WtWgpfS8UE18SW7yGXm3r1yoO/c=] [Kowismo] Checking offline messages for client
[2025-05-31 23:28:01] [WtWgpfS8UE18SW7yGXm3r1yoO/c=] [Kowismo] No offline messages found
[2025-05-31 23:31:02] [675wO5ssJtQbFw+9qXHexPjHNYM=] [Nevskiiiy] Checking offline messages for client
[2025-05-31 23:31:02] [675wO5ssJtQbFw+9qXHexPjHNYM=] [Nevskiiiy] No offline messages found
[2025-05-31 23:32:46] [OnyFNlLSRn5WExnVSStquo7sjMA=] [ПожилаяОстановка] Checking offline messages for client
[2025-05-31 23:32:46] [OnyFNlLSRn5WExnVSStquo7sjMA=] [ПожилаяОстановка] No offline messages found
[2025-05-31 23:33:41] [O4DQaVKvzHQhxwj/ooDzqKn3n1o=] [deprix] Checking offline messages for client
[2025-05-31 23:33:41] [O4DQaVKvzHQhxwj/ooDzqKn3n1o=] [deprix] No offline messages found
[2025-05-31 23:34:54] [KyHsGfKqosHV4Y7MxPl/QPHXGnU=] [oljas] Checking offline messages for client
[2025-05-31 23:34:54] [KyHsGfKqosHV4Y7MxPl/QPHXGnU=] [oljas] No offline messages found
[2025-05-31 23:44:42] [39Hn80GzU936S3hLOAjj8iP5kpg=] [Shawaj] Checking offline messages for client
[2025-05-31 23:44:42] [39Hn80GzU936S3hLOAjj8iP5kpg=] [Shawaj] No offline messages found
[2025-05-31 23:48:01] [HBY+WV6cf6LeM5lvEFlnwwxDWeY=] [TeamSpeakUser2] Checking offline messages for client
[2025-05-31 23:48:01] [HBY+WV6cf6LeM5lvEFlnwwxDWeY=] [TeamSpeakUser2] No offline messages found
[2025-05-31 23:50:43] [cm+zDw/4zDuQN120Qa8q1mW/fIQ=] [hudabin] Checking offline messages for client
[2025-05-31 23:50:43] [cm+zDw/4zDuQN120Qa8q1mW/fIQ=] [hudabin] No offline messages found
[2025-05-31 23:50:55] [0Ogbk7EWpaKBWW+HJjdUO/kBcBo=] [newstar123] Checking offline messages for client
[2025-05-31 23:50:55] [0Ogbk7EWpaKBWW+HJjdUO/kBcBo=] [newstar123] No offline messages found
[2025-05-31 23:53:13] [Mb6dR/g4URSfDnUQLHUZn7ZBzJg=] [TeamSpeakUser3] Checking offline messages for client
[2025-05-31 23:53:13] [Mb6dR/g4URSfDnUQLHUZn7ZBzJg=] [TeamSpeakUser3] No offline messages found
