[2025-05-25 00:01:50] [hFplnszNsVWixGv+jr9PV6siVtc=] [PitcaRNNN``] Checking offline messages for client
[2025-05-25 00:01:50] [hFplnszNsVWixGv+jr9PV6siVtc=] [PitcaRNNN``] No offline messages found
[2025-05-25 00:07:32] [Uu5KMlrBm4Z5LiLbdfTmVcSDXOU=] [I_XaSkI_I] Checking offline messages for client
[2025-05-25 00:07:32] [Uu5KMlrBm4Z5LiLbdfTmVcSDXOU=] [I_XaSkI_I] No offline messages found
[2025-05-25 00:08:50] [EavBT8NG6JSFl2mI14E3NNtuzVI=] [CClad] Checking offline messages for client
[2025-05-25 00:08:50] [EavBT8NG6JSFl2mI14E3NNtuzVI=] [CClad] No offline messages found
[2025-05-25 00:10:43] [Uu5KMlrBm4Z5LiLbdfTmVcSDXOU=] [I_XaSkI_I] Checking offline messages for client
[2025-05-25 00:10:43] [Uu5KMlrBm4Z5LiLbdfTmVcSDXOU=] [I_XaSkI_I] No offline messages found
[2025-05-25 00:12:47] [KshRrbnIFt6sP3zPEBcqGlvRC54=] [Danoel] Checking offline messages for client
[2025-05-25 00:12:47] [KshRrbnIFt6sP3zPEBcqGlvRC54=] [Danoel] No offline messages found
[2025-05-25 00:14:38] [R/kmoD3fbFiPIhJFscE/IOM3IS0=] [Asaparyn] Checking offline messages for client
[2025-05-25 00:14:38] [R/kmoD3fbFiPIhJFscE/IOM3IS0=] [Asaparyn] No offline messages found
[2025-05-25 00:15:03] [avYI7vL0XXD3nIsf8cMXtgdn+/s=] [NowY] Checking offline messages for client
[2025-05-25 00:15:03] [avYI7vL0XXD3nIsf8cMXtgdn+/s=] [NowY] No offline messages found
[2025-05-25 00:22:36] [DtrQEe59A0GakW8cJmni+ETJDmQ=] [KaRaKuNTa*] Checking offline messages for client
[2025-05-25 00:22:36] [DtrQEe59A0GakW8cJmni+ETJDmQ=] [KaRaKuNTa*] No offline messages found
[2025-05-25 00:23:17] [DtrQEe59A0GakW8cJmni+ETJDmQ=] [KaRaKuNTa*] Checking offline messages for client
[2025-05-25 00:23:17] [DtrQEe59A0GakW8cJmni+ETJDmQ=] [KaRaKuNTa*] No offline messages found
[2025-05-25 00:24:20] [QlS2dC4Cr8kYrMCwMl/pPCEheNI=] [Hero] Checking offline messages for client
[2025-05-25 00:24:20] [QlS2dC4Cr8kYrMCwMl/pPCEheNI=] [Hero] No offline messages found
[2025-05-25 00:25:26] [pa4EomUE5xzFSB9tc7CilmX3NTU=] [Imprii] Checking offline messages for client
[2025-05-25 00:25:26] [pa4EomUE5xzFSB9tc7CilmX3NTU=] [Imprii] No offline messages found
[2025-05-25 00:28:58] [DtrQEe59A0GakW8cJmni+ETJDmQ=] [KaRaKuNTa*] Checking offline messages for client
[2025-05-25 00:28:58] [DtrQEe59A0GakW8cJmni+ETJDmQ=] [KaRaKuNTa*] No offline messages found
[2025-05-25 00:29:35] [mTbPypkwuA/2B5Zl6CXWViczHPo=] [kızlıkbozan33] Checking offline messages for client
[2025-05-25 00:29:35] [mTbPypkwuA/2B5Zl6CXWViczHPo=] [kızlıkbozan33] No offline messages found
[2025-05-25 00:47:10] [DyaEd/1IlyAh8pSPfHiamWh2mb0=] [dalel] Checking offline messages for client
[2025-05-25 00:47:10] [DyaEd/1IlyAh8pSPfHiamWh2mb0=] [dalel] No offline messages found
[2025-05-25 00:47:14] [qqTwrEbfD5tEifesTvr86drlnsU=] [Argonaft] Checking offline messages for client
[2025-05-25 00:47:14] [qqTwrEbfD5tEifesTvr86drlnsU=] [Argonaft] No offline messages found
[2025-05-25 00:49:12] [EBXe71Lp4NoWtOX097m16XOL9o8=] [kaya] Checking offline messages for client
[2025-05-25 00:49:12] [EBXe71Lp4NoWtOX097m16XOL9o8=] [kaya] No offline messages found
[2025-05-25 00:49:27] [N2kl4tgWSgXlr5AAP5ogNfESo0Y=] [takesh111] Checking offline messages for client
[2025-05-25 00:49:27] [N2kl4tgWSgXlr5AAP5ogNfESo0Y=] [takesh111] No offline messages found
[2025-05-25 01:18:11] [jyNREbFc1g7kS1FKSohnZyaSx+g=] [ivansultan] Checking offline messages for client
[2025-05-25 01:18:11] [jyNREbFc1g7kS1FKSohnZyaSx+g=] [ivansultan] No offline messages found
[2025-05-25 01:21:24] [O3jgy+4YcNZxt6Kfdzgsu6OGY/w=] [Elcau_sita18] Checking offline messages for client
[2025-05-25 01:21:24] [O3jgy+4YcNZxt6Kfdzgsu6OGY/w=] [Elcau_sita18] No offline messages found
[2025-05-25 01:29:46] [rShY/1ZC2w9lkwgM2GcewWZlxrw=] [LokyJR16] Checking offline messages for client
[2025-05-25 01:29:46] [rShY/1ZC2w9lkwgM2GcewWZlxrw=] [LokyJR16] No offline messages found
[2025-05-25 01:30:06] [qI2AgL2fCVT+OOYvCkUB1vKBbFE=] [xDimitryxEc] Checking offline messages for client
[2025-05-25 01:30:06] [qI2AgL2fCVT+OOYvCkUB1vKBbFE=] [xDimitryxEc] No offline messages found
[2025-05-25 02:28:55] [Cji46tp2K393WPeFVB8+qBNs7Sw=] [TeamSpeakUser] Checking offline messages for client
[2025-05-25 02:28:55] [Cji46tp2K393WPeFVB8+qBNs7Sw=] [TeamSpeakUser] No offline messages found
[2025-05-25 02:34:50] [vCnlxLElLOHkpV+n7NcpLRI7hGY=] [FORS..] Checking offline messages for client
[2025-05-25 02:34:50] [vCnlxLElLOHkpV+n7NcpLRI7hGY=] [FORS..] No offline messages found
[2025-05-25 02:34:54] [/1zh5UZByLTdvlsutCxQEUPQ3jg=] [Skr] Checking offline messages for client
[2025-05-25 02:34:54] [/1zh5UZByLTdvlsutCxQEUPQ3jg=] [Skr] No offline messages found
[2025-05-25 03:04:10] [vCnlxLElLOHkpV+n7NcpLRI7hGY=] [FORS..] Checking offline messages for client
[2025-05-25 03:04:10] [vCnlxLElLOHkpV+n7NcpLRI7hGY=] [FORS..] No offline messages found
[2025-05-25 03:19:44] [jWxbfxhLxs9dPa3t1WUnys7gnbk=] [Richard_TH] Checking offline messages for client
[2025-05-25 03:19:44] [jWxbfxhLxs9dPa3t1WUnys7gnbk=] [Richard_TH] No offline messages found
[2025-05-25 03:22:24] [jWxbfxhLxs9dPa3t1WUnys7gnbk=] [Richard_TH] Checking offline messages for client
[2025-05-25 03:22:24] [jWxbfxhLxs9dPa3t1WUnys7gnbk=] [Richard_TH] No offline messages found
[2025-05-25 03:23:11] [3PUL5t5Jz0KW4hyrBCzi+BArN60=] [tenshin_non] Checking offline messages for client
[2025-05-25 03:23:11] [3PUL5t5Jz0KW4hyrBCzi+BArN60=] [tenshin_non] No offline messages found
[2025-05-25 03:41:14] [qNsg0b7JeakWdOg/MBVUEfo+t/s=] [Chico] Checking offline messages for client
[2025-05-25 03:41:14] [qNsg0b7JeakWdOg/MBVUEfo+t/s=] [Chico] No offline messages found
[2025-05-25 03:41:23] [rfSlRu7uzjI8pCmk2erQZXW6+7M=] [juju] Checking offline messages for client
[2025-05-25 03:41:23] [rfSlRu7uzjI8pCmk2erQZXW6+7M=] [juju] No offline messages found
[2025-05-25 03:52:11] [b7yeVGj+sfUQrqVGU5rlFHIogvU=] [saleh_4] Checking offline messages for client
[2025-05-25 03:52:11] [b7yeVGj+sfUQrqVGU5rlFHIogvU=] [saleh_4] No offline messages found
[2025-05-25 04:01:44] [RYUvozu9YD3MDRA32U+iT0lGsNE=] [Ace] Checking offline messages for client
[2025-05-25 04:01:44] [RYUvozu9YD3MDRA32U+iT0lGsNE=] [Ace] No offline messages found
[2025-05-25 04:25:07] [YQws7sa4vXISpnvjCsuNrCVs5fs=] [AresKing09] Checking offline messages for client
[2025-05-25 04:25:07] [YQws7sa4vXISpnvjCsuNrCVs5fs=] [AresKing09] No offline messages found
[2025-05-25 04:25:13] [gMxZ1/ph+Qxvm6mZYISZS9HxTec=] [SomaUltra] Checking offline messages for client
[2025-05-25 04:25:13] [gMxZ1/ph+Qxvm6mZYISZS9HxTec=] [SomaUltra] No offline messages found
[2025-05-25 06:01:09] [wb6hjyPFES1y2OQVEICWPB5jO8g=] [Safarijoe] Checking offline messages for client
[2025-05-25 06:01:09] [wb6hjyPFES1y2OQVEICWPB5jO8g=] [Safarijoe] No offline messages found
[2025-05-25 06:02:33] [Cju4m/uTGyCNqS7/SIG2IP8ngvw=] [Hokage] Checking offline messages for client
[2025-05-25 06:02:33] [Cju4m/uTGyCNqS7/SIG2IP8ngvw=] [Hokage] No offline messages found
[2025-05-25 06:03:10] [9ZMDVP5+ZKN+BZGelrrAqyvWFes=] [Juni] Checking offline messages for client
[2025-05-25 06:03:10] [9ZMDVP5+ZKN+BZGelrrAqyvWFes=] [Juni] No offline messages found
[2025-05-25 06:03:31] [MxNVaOHwPkvp7uK2EpvALsAYX0M=] [Blood] Checking offline messages for client
[2025-05-25 06:03:31] [MxNVaOHwPkvp7uK2EpvALsAYX0M=] [Blood] No offline messages found
[2025-05-25 06:06:25] [TRp2hJqsILQx3ntChVo5pb1Rj2Q=] [Frankosh] Checking offline messages for client
[2025-05-25 06:06:25] [TRp2hJqsILQx3ntChVo5pb1Rj2Q=] [Frankosh] No offline messages found
[2025-05-25 06:27:25] [/7oqbuETDjRc5zFgoFIV+/xAWQs=] [Svartas] Checking offline messages for client
[2025-05-25 06:27:25] [/7oqbuETDjRc5zFgoFIV+/xAWQs=] [Svartas] No offline messages found
[2025-05-25 06:27:46] [/7oqbuETDjRc5zFgoFIV+/xAWQs=] [NegritoLindo] Checking offline messages for client
[2025-05-25 06:27:46] [/7oqbuETDjRc5zFgoFIV+/xAWQs=] [NegritoLindo] No offline messages found
[2025-05-25 07:35:08] [MxNVaOHwPkvp7uK2EpvALsAYX0M=] [Blood] Checking offline messages for client
[2025-05-25 07:35:08] [MxNVaOHwPkvp7uK2EpvALsAYX0M=] [Blood] No offline messages found
[2025-05-25 07:38:29] [0TS7jt0APSegEgA9K9hIWfin7m0=] [dadaok] Checking offline messages for client
[2025-05-25 07:38:29] [0TS7jt0APSegEgA9K9hIWfin7m0=] [dadaok] No offline messages found
[2025-05-25 07:52:17] [F6oCNbGzjZykoYuypdXGychvXjY=] [Diversant] Checking offline messages for client
[2025-05-25 07:52:17] [F6oCNbGzjZykoYuypdXGychvXjY=] [Diversant] No offline messages found
[2025-05-25 08:29:48] [WtWgpfS8UE18SW7yGXm3r1yoO/c=] [Kowismo] Checking offline messages for client
[2025-05-25 08:29:48] [WtWgpfS8UE18SW7yGXm3r1yoO/c=] [Kowismo] No offline messages found
[2025-05-25 09:00:02] [j4VaV46XhkmzcjbVPFuyIU0vCLs=] [nox] Checking offline messages for client
[2025-05-25 09:00:02] [j4VaV46XhkmzcjbVPFuyIU0vCLs=] [nox] No offline messages found
[2025-05-25 09:01:05] [j4VaV46XhkmzcjbVPFuyIU0vCLs=] [nox] Checking offline messages for client
[2025-05-25 09:01:05] [j4VaV46XhkmzcjbVPFuyIU0vCLs=] [nox] No offline messages found
[2025-05-25 09:06:04] [LChIIpVKSczGXCJcvYW8G7+Rrgk=] [erik] Checking offline messages for client
[2025-05-25 09:06:04] [LChIIpVKSczGXCJcvYW8G7+Rrgk=] [erik] No offline messages found
[2025-05-25 09:22:37] [Y65rsRH7UKXtXgSPGr80roWjsRI=] [mZn] Checking offline messages for client
[2025-05-25 09:22:37] [Y65rsRH7UKXtXgSPGr80roWjsRI=] [mZn] No offline messages found
[2025-05-25 09:22:52] [LChIIpVKSczGXCJcvYW8G7+Rrgk=] [erik] Checking offline messages for client
[2025-05-25 09:22:52] [LChIIpVKSczGXCJcvYW8G7+Rrgk=] [erik] No offline messages found
[2025-05-25 09:23:58] [LChIIpVKSczGXCJcvYW8G7+Rrgk=] [erik] Checking offline messages for client
[2025-05-25 09:23:58] [LChIIpVKSczGXCJcvYW8G7+Rrgk=] [erik] No offline messages found
[2025-05-25 09:25:48] [AQBmR4z2NKjgim9VKZ5yt6FTmAg=] [BLACK] Checking offline messages for client
[2025-05-25 09:25:48] [AQBmR4z2NKjgim9VKZ5yt6FTmAg=] [BLACK] No offline messages found
[2025-05-25 09:28:20] [LChIIpVKSczGXCJcvYW8G7+Rrgk=] [erik] Checking offline messages for client
[2025-05-25 09:28:20] [LChIIpVKSczGXCJcvYW8G7+Rrgk=] [erik] No offline messages found
[2025-05-25 09:31:00] [j4VaV46XhkmzcjbVPFuyIU0vCLs=] [nox] Checking offline messages for client
[2025-05-25 09:31:00] [j4VaV46XhkmzcjbVPFuyIU0vCLs=] [nox] No offline messages found
[2025-05-25 09:32:39] [e1vImF/pvh7c+66eD1lHGlZ9N08=] [Fornax013] Checking offline messages for client
[2025-05-25 09:32:39] [e1vImF/pvh7c+66eD1lHGlZ9N08=] [Fornax013] No offline messages found
[2025-05-25 09:36:07] [yBICHbhgjt9SlHyQu3BZbOYMUQU=] [H0R0Z] Checking offline messages for client
[2025-05-25 09:36:07] [yBICHbhgjt9SlHyQu3BZbOYMUQU=] [H0R0Z] No offline messages found
[2025-05-25 09:42:36] [RVQmMpiMw9B7rZKQ296p2XNP7fI=] [nkzd] Checking offline messages for client
[2025-05-25 09:42:36] [RVQmMpiMw9B7rZKQ296p2XNP7fI=] [nkzd] No offline messages found
[2025-05-25 09:45:50] [J59TlJOyXmeGAsjkHRqeI3rZA/8=] [SysmoUsercid=140] Checking offline messages for client
[2025-05-25 09:45:50] [J59TlJOyXmeGAsjkHRqeI3rZA/8=] [SysmoUsercid=140] No offline messages found
[2025-05-25 09:52:11] [JeRDsn5NNuoif7xSE7UhSMCw9rc=] [TeamSpeakUser] Checking offline messages for client
[2025-05-25 09:52:11] [JeRDsn5NNuoif7xSE7UhSMCw9rc=] [TeamSpeakUser] No offline messages found
[2025-05-25 09:52:32] [JeRDsn5NNuoif7xSE7UhSMCw9rc=] [TeamSpeakUser2] Checking offline messages for client
[2025-05-25 09:52:32] [JeRDsn5NNuoif7xSE7UhSMCw9rc=] [TeamSpeakUser2] No offline messages found
[2025-05-25 09:56:55] [1yxMprXahlARCpDg3vveaKPyYj4=] [shuuurik71] Checking offline messages for client
[2025-05-25 09:56:55] [1yxMprXahlARCpDg3vveaKPyYj4=] [shuuurik71] No offline messages found
[2025-05-25 10:03:36] [SWMvq068L1WZDp3CgeYVDRuVq7U=] [multiframe] Checking offline messages for client
[2025-05-25 10:03:36] [SWMvq068L1WZDp3CgeYVDRuVq7U=] [multiframe] No offline messages found
[2025-05-25 10:03:36] [SWMvq068L1WZDp3CgeYVDRuVq7U=] [multiframe] Checking offline messages for client
[2025-05-25 10:03:36] [SWMvq068L1WZDp3CgeYVDRuVq7U=] [multiframe] No offline messages found
[2025-05-25 10:03:36] [SWMvq068L1WZDp3CgeYVDRuVq7U=] [multiframe] Checking offline messages for client
[2025-05-25 10:03:36] [SWMvq068L1WZDp3CgeYVDRuVq7U=] [multiframe] No offline messages found
[2025-05-25 10:07:20] [Wgn/eSwsSzq+HBRNgBZU4+1lWxo=] [Nesol] Checking offline messages for client
[2025-05-25 10:07:20] [Wgn/eSwsSzq+HBRNgBZU4+1lWxo=] [Nesol] No offline messages found
[2025-05-25 10:10:13] [FKPKa0duJdrnLKHy7DsVseTbavc=] [Krutez] Checking offline messages for client
[2025-05-25 10:10:13] [FKPKa0duJdrnLKHy7DsVseTbavc=] [Krutez] No offline messages found
[2025-05-25 10:17:01] [xPOPrWPQum4PIXMqKPMGCRW2z7g=] [skbd] Checking offline messages for client
[2025-05-25 10:17:01] [xPOPrWPQum4PIXMqKPMGCRW2z7g=] [skbd] No offline messages found
[2025-05-25 10:23:26] [gIv03ZtQuihw+6fOW0VT0H6h6c8=] [chapa] Checking offline messages for client
[2025-05-25 10:23:26] [gIv03ZtQuihw+6fOW0VT0H6h6c8=] [chapa] No offline messages found
[2025-05-25 10:24:21] [qvf2/IsRm9TsXSmNMeDEuXuIC3s=] [Mood] Checking offline messages for client
[2025-05-25 10:24:21] [qvf2/IsRm9TsXSmNMeDEuXuIC3s=] [Mood] No offline messages found
[2025-05-25 10:26:54] [gITtVlfHYxsd3mvOfTblKNtJBDU=] [4iff] Checking offline messages for client
[2025-05-25 10:26:54] [gITtVlfHYxsd3mvOfTblKNtJBDU=] [4iff] No offline messages found
[2025-05-25 10:33:57] [Nn8rGrwsE+C9ibHWu3JCoCbmq3A=] [SysmoUsercid=1401] Checking offline messages for client
[2025-05-25 10:33:57] [Nn8rGrwsE+C9ibHWu3JCoCbmq3A=] [SysmoUsercid=1401] No offline messages found
[2025-05-25 10:35:03] [yBICHbhgjt9SlHyQu3BZbOYMUQU=] [H0R0Z] Checking offline messages for client
[2025-05-25 10:35:03] [yBICHbhgjt9SlHyQu3BZbOYMUQU=] [H0R0Z] No offline messages found
[2025-05-25 10:46:23] [Nn8rGrwsE+C9ibHWu3JCoCbmq3A=] [SysmoUsercid=1401] Checking offline messages for client
[2025-05-25 10:46:23] [Nn8rGrwsE+C9ibHWu3JCoCbmq3A=] [SysmoUsercid=1401] No offline messages found
[2025-05-25 10:47:20] [RkH91acmxA3cUuqBsMdwRLDQBxM=] [Avrelius33] Checking offline messages for client
[2025-05-25 10:47:20] [RkH91acmxA3cUuqBsMdwRLDQBxM=] [Avrelius33] No offline messages found
[2025-05-25 10:48:36] [hSuNyKwdPMso6fPP5SUFsIkZH/s=] [Yabanashka] Checking offline messages for client
[2025-05-25 10:48:36] [hSuNyKwdPMso6fPP5SUFsIkZH/s=] [Yabanashka] No offline messages found
[2025-05-25 10:51:41] [0J+Iy22axFqqUSD+u1+EJ9Qp8Ew=] [joji] Checking offline messages for client
[2025-05-25 10:51:41] [0J+Iy22axFqqUSD+u1+EJ9Qp8Ew=] [joji] No offline messages found
[2025-05-25 10:52:14] [MqlyPI/U5wjPs6LHaX2Ifl+w4r8=] [timothysamuelx] Checking offline messages for client
[2025-05-25 10:52:14] [MqlyPI/U5wjPs6LHaX2Ifl+w4r8=] [timothysamuelx] No offline messages found
[2025-05-25 10:55:23] [RkH91acmxA3cUuqBsMdwRLDQBxM=] [Avrelius33] Checking offline messages for client
[2025-05-25 10:55:23] [RkH91acmxA3cUuqBsMdwRLDQBxM=] [Avrelius33] No offline messages found
[2025-05-25 10:59:16] [COLZyKJmrHAbeJuIwxgb3lGZ0d0=] [tikka345] Checking offline messages for client
[2025-05-25 10:59:16] [COLZyKJmrHAbeJuIwxgb3lGZ0d0=] [tikka345] No offline messages found
[2025-05-25 11:13:55] [RkH91acmxA3cUuqBsMdwRLDQBxM=] [Avrelius33] Checking offline messages for client
[2025-05-25 11:13:55] [RkH91acmxA3cUuqBsMdwRLDQBxM=] [Avrelius33] No offline messages found
[2025-05-25 11:20:00] [MZWgndUXO6A0YcVlmWyBE1rQlnY=] [Musto] Checking offline messages for client
[2025-05-25 11:20:00] [MZWgndUXO6A0YcVlmWyBE1rQlnY=] [Musto] No offline messages found
[2025-05-25 11:27:45] [ys5sSvNr/JRiLFoyVOxM6WuzXgE=] [BOBA] Checking offline messages for client
[2025-05-25 11:27:45] [ys5sSvNr/JRiLFoyVOxM6WuzXgE=] [BOBA] No offline messages found
[2025-05-25 11:31:24] [+IdTxeDPU0HaxOmF1Yivm4WLd78=] [chelko] Checking offline messages for client
[2025-05-25 11:31:24] [+IdTxeDPU0HaxOmF1Yivm4WLd78=] [chelko] No offline messages found
[2025-05-25 11:34:57] [8yG40ppumRoJGhu1qR/blqgqttw=] [sanka98] Checking offline messages for client
[2025-05-25 11:34:57] [8yG40ppumRoJGhu1qR/blqgqttw=] [sanka98] No offline messages found
[2025-05-25 11:36:28] [4gulxVzZhPVTONLtfOoG8BZVC2Q=] [PACAN RVET] Checking offline messages for client
[2025-05-25 11:36:28] [4gulxVzZhPVTONLtfOoG8BZVC2Q=] [PACAN RVET] No offline messages found
[2025-05-25 11:37:53] [KKakWCNNDyxUyhC4KpkSU2PHuVM=] [yusufppks] Checking offline messages for client
[2025-05-25 11:37:53] [KKakWCNNDyxUyhC4KpkSU2PHuVM=] [yusufppks] No offline messages found
[2025-05-25 11:44:34] [mbP4nghKzvRW54vnBJ4hB+FVGdw=] [Andy] Checking offline messages for client
[2025-05-25 11:44:34] [mbP4nghKzvRW54vnBJ4hB+FVGdw=] [Andy] No offline messages found
[2025-05-25 11:44:51] [ApGOvBfHiF4LkCqXC+tl8KqL1+E=] [БАМБЛБИИ] Checking offline messages for client
[2025-05-25 11:44:51] [ApGOvBfHiF4LkCqXC+tl8KqL1+E=] [БАМБЛБИИ] No offline messages found
[2025-05-25 11:46:26] [RkH91acmxA3cUuqBsMdwRLDQBxM=] [Avrelius33] Checking offline messages for client
[2025-05-25 11:46:26] [RkH91acmxA3cUuqBsMdwRLDQBxM=] [Avrelius33] No offline messages found
[2025-05-25 11:48:32] [rD0HYr+Vjg2qE4JigTpXWon8WH0=] [GRADEN] Checking offline messages for client
[2025-05-25 11:48:32] [rD0HYr+Vjg2qE4JigTpXWon8WH0=] [GRADEN] No offline messages found
[2025-05-25 11:51:20] [yNFUjD+LJEqojKPPlPGtCAVEYRU=] [Боцман777] Checking offline messages for client
[2025-05-25 11:51:20] [yNFUjD+LJEqojKPPlPGtCAVEYRU=] [Боцман777] No offline messages found
[2025-05-25 11:55:59] [RkH91acmxA3cUuqBsMdwRLDQBxM=] [Avrelius33] Checking offline messages for client
[2025-05-25 11:55:59] [RkH91acmxA3cUuqBsMdwRLDQBxM=] [Avrelius33] No offline messages found
[2025-05-25 11:57:26] [wDjYvnAEDV8Ca22jvXeJSwKiCC0=] [Chris] Checking offline messages for client
[2025-05-25 11:57:26] [wDjYvnAEDV8Ca22jvXeJSwKiCC0=] [Chris] No offline messages found
[2025-05-25 11:58:11] [nDwq5hmy4bJPZ2yj0zJAY+TAOjE=] [KROFAR] Checking offline messages for client
[2025-05-25 11:58:11] [nDwq5hmy4bJPZ2yj0zJAY+TAOjE=] [KROFAR] No offline messages found
[2025-05-25 11:58:17] [g95LkcovmlDSBBJIdmdv0zN6QBs=] [baysikimdeğil] Checking offline messages for client
[2025-05-25 11:58:17] [g95LkcovmlDSBBJIdmdv0zN6QBs=] [baysikimdeğil] No offline messages found
[2025-05-25 11:59:21] [h4I+ClQC9XgFQhyJbHbE8s1n9Kw=] [girgagun] Checking offline messages for client
[2025-05-25 11:59:21] [h4I+ClQC9XgFQhyJbHbE8s1n9Kw=] [girgagun] No offline messages found
[2025-05-25 12:02:22] [6n/nlxL7CTtf0tVytkRkqsOyzwM=] [Barış] Checking offline messages for client
[2025-05-25 12:02:22] [6n/nlxL7CTtf0tVytkRkqsOyzwM=] [Barış] No offline messages found
[2025-05-25 12:12:10] [WtWgpfS8UE18SW7yGXm3r1yoO/c=] [Kowismo] Checking offline messages for client
[2025-05-25 12:12:10] [WtWgpfS8UE18SW7yGXm3r1yoO/c=] [Kowismo] No offline messages found
[2025-05-25 12:33:10] [AreP5KvKsCf7qcsOuxTbvdWsEis=] [XANDER] Checking offline messages for client
[2025-05-25 12:33:10] [AreP5KvKsCf7qcsOuxTbvdWsEis=] [XANDER] No offline messages found
[2025-05-25 12:34:14] [zplLYXriSF0hqWw82HYme0Qb6hU=] [BlvckMafia] Checking offline messages for client
[2025-05-25 12:34:14] [zplLYXriSF0hqWw82HYme0Qb6hU=] [BlvckMafia] No offline messages found
[2025-05-25 12:34:39] [zplLYXriSF0hqWw82HYme0Qb6hU=] [BlvckMafia] Checking offline messages for client
[2025-05-25 12:34:39] [zplLYXriSF0hqWw82HYme0Qb6hU=] [BlvckMafia] No offline messages found
[2025-05-25 12:35:05] [zplLYXriSF0hqWw82HYme0Qb6hU=] [BlvckMafia] Checking offline messages for client
[2025-05-25 12:35:05] [zplLYXriSF0hqWw82HYme0Qb6hU=] [BlvckMafia] No offline messages found
[2025-05-25 12:36:55] [qznKC+LdqB6CNv+TUL4vbdZakRg=] [Trinnn] Checking offline messages for client
[2025-05-25 12:36:55] [qznKC+LdqB6CNv+TUL4vbdZakRg=] [Trinnn] No offline messages found
[2025-05-25 13:04:35] [WtWgpfS8UE18SW7yGXm3r1yoO/c=] [Kowismo] Checking offline messages for client
[2025-05-25 13:04:35] [WtWgpfS8UE18SW7yGXm3r1yoO/c=] [Kowismo] No offline messages found
[2025-05-25 13:06:47] [ayHUOzBuuInw8J/HHBAIDIq0cYY=] [bohun ivan] Checking offline messages for client
[2025-05-25 13:06:47] [ayHUOzBuuInw8J/HHBAIDIq0cYY=] [bohun ivan] No offline messages found
[2025-05-25 15:56:24] [WtWgpfS8UE18SW7yGXm3r1yoO/c=] [Kowismo] Checking offline messages for client
[2025-05-25 15:56:24] [WtWgpfS8UE18SW7yGXm3r1yoO/c=] [Kowismo] No offline messages found
[2025-05-25 15:59:27] [jigm6/bUsOmXMFP8XUKRU6/MFsM=] [king] Checking offline messages for client
[2025-05-25 15:59:27] [jigm6/bUsOmXMFP8XUKRU6/MFsM=] [king] No offline messages found
[2025-05-25 15:59:49] [rFsvB6UkgZVz/RJzXSK320XxZjU=] [lissizzy] Checking offline messages for client
[2025-05-25 15:59:49] [rFsvB6UkgZVz/RJzXSK320XxZjU=] [lissizzy] No offline messages found
[2025-05-25 16:00:03] [kOTiGdU7Prb6oIvLC/wF8cto8B0=] [Агрессор777] Checking offline messages for client
[2025-05-25 16:00:03] [kOTiGdU7Prb6oIvLC/wF8cto8B0=] [Агрессор777] No offline messages found
[2025-05-25 16:03:20] [zQBV+zr0os6YT3ktHjBJZW0cRd8=] [Tufix] Checking offline messages for client
[2025-05-25 16:03:20] [zQBV+zr0os6YT3ktHjBJZW0cRd8=] [Tufix] No offline messages found
[2025-05-25 16:03:23] [21ldiA4k6Q8mp40UAuQyyM5QH7I=] [ks1] Checking offline messages for client
[2025-05-25 16:03:23] [21ldiA4k6Q8mp40UAuQyyM5QH7I=] [ks1] No offline messages found
[2025-05-25 16:04:18] [ASKMEj/XZj0gugZs7ciO6cG9gj8=] [R3d4l] Checking offline messages for client
[2025-05-25 16:04:18] [ASKMEj/XZj0gugZs7ciO6cG9gj8=] [R3d4l] No offline messages found
[2025-05-25 16:04:50] [Y65rsRH7UKXtXgSPGr80roWjsRI=] [mZn] Checking offline messages for client
[2025-05-25 16:04:50] [Y65rsRH7UKXtXgSPGr80roWjsRI=] [mZn] No offline messages found
[2025-05-25 16:04:52] [raM6Li1jdnJegdxBnyoYdlx0HPs=] [bob] Checking offline messages for client
[2025-05-25 16:04:52] [raM6Li1jdnJegdxBnyoYdlx0HPs=] [bob] No offline messages found
[2025-05-25 16:06:48] [3TObQhVUfEuWE+nZP3fVpACdaII=] [Джанинг] Checking offline messages for client
[2025-05-25 16:06:48] [3TObQhVUfEuWE+nZP3fVpACdaII=] [Джанинг] No offline messages found
[2025-05-25 16:09:14] [Y65rsRH7UKXtXgSPGr80roWjsRI=] [mZn] Checking offline messages for client
[2025-05-25 16:09:14] [Y65rsRH7UKXtXgSPGr80roWjsRI=] [mZn] No offline messages found
[2025-05-25 16:10:51] [+kwhCPDVEacBLrd4I5lqn9JcRSA=] [danbruik] Checking offline messages for client
[2025-05-25 16:10:51] [+kwhCPDVEacBLrd4I5lqn9JcRSA=] [danbruik] No offline messages found
[2025-05-25 16:11:41] [MpV8eQ7lweL2YSxarhe9a/nQIOk=] [VUL_DROG] Checking offline messages for client
[2025-05-25 16:11:41] [MpV8eQ7lweL2YSxarhe9a/nQIOk=] [VUL_DROG] No offline messages found
[2025-05-25 16:16:28] [1DnWLRgS2QfI/n3VG10tZCF37DE=] [артур пирожков] Checking offline messages for client
[2025-05-25 16:16:28] [1DnWLRgS2QfI/n3VG10tZCF37DE=] [артур пирожков] No offline messages found
[2025-05-25 16:20:24] [BVFkFCJ/YRVCTWoyoNAzBKKgGNQ=] [Даня] Checking offline messages for client
[2025-05-25 16:20:24] [BVFkFCJ/YRVCTWoyoNAzBKKgGNQ=] [Даня] No offline messages found
[2025-05-25 16:21:35] [mqgd3Gc7WmeeLTlwm9TT72tKi9Y=] [Joss] Checking offline messages for client
[2025-05-25 16:21:35] [mqgd3Gc7WmeeLTlwm9TT72tKi9Y=] [Joss] No offline messages found
[2025-05-25 16:22:33] [sVrSHwfOWFOloLPnjG6Ub+Fzgrg=] [Jaws] Checking offline messages for client
[2025-05-25 16:22:33] [sVrSHwfOWFOloLPnjG6Ub+Fzgrg=] [Jaws] No offline messages found
[2025-05-25 16:23:43] [uJnwwqnuPGfoLP0MTPmjLpW1JCI=] [deadly_peak] Checking offline messages for client
[2025-05-25 16:23:43] [uJnwwqnuPGfoLP0MTPmjLpW1JCI=] [deadly_peak] No offline messages found
[2025-05-25 16:24:19] [g95LkcovmlDSBBJIdmdv0zN6QBs=] [baysikimdeğil] Checking offline messages for client
[2025-05-25 16:24:19] [g95LkcovmlDSBBJIdmdv0zN6QBs=] [baysikimdeğil] No offline messages found
[2025-05-25 16:24:40] [wzyMDRJrO+ymZI9TrnAeMdoxGTw=] [Хозяин Абатура №4] Checking offline messages for client
[2025-05-25 16:24:40] [wzyMDRJrO+ymZI9TrnAeMdoxGTw=] [Хозяин Абатура №4] No offline messages found
[2025-05-25 16:25:50] [2Zv1tQifTits/TglzJHkXZCIFx4=] [r1mmi] Checking offline messages for client
[2025-05-25 16:25:50] [2Zv1tQifTits/TglzJHkXZCIFx4=] [r1mmi] Found 1 offline messages
[2025-05-25 16:25:52] [2Zv1tQifTits/TglzJHkXZCIFx4=] [r1mmi] Sent poke message: Your private channel has been renumbered from #38 to #37 to maintain sorting order.
[2025-05-25 16:25:52] [2Zv1tQifTits/TglzJHkXZCIFx4=] [r1mmi] Deleted 1 delivered messages from database
[2025-05-25 16:27:53] [KKakWCNNDyxUyhC4KpkSU2PHuVM=] [yusufppks] Checking offline messages for client
[2025-05-25 16:27:53] [KKakWCNNDyxUyhC4KpkSU2PHuVM=] [yusufppks] No offline messages found
[2025-05-25 16:31:14] [MutMI8w80TgxkXwn/z4gZc/vgiU=] [Asshole do not burn] Checking offline messages for client
[2025-05-25 16:31:14] [MutMI8w80TgxkXwn/z4gZc/vgiU=] [Asshole do not burn] No offline messages found
[2025-05-25 16:31:37] [FaBhOtsX9ZErbpKM31n9Crp8ZVk=] [HammerOfWar(Лёха)] Checking offline messages for client
[2025-05-25 16:31:37] [FaBhOtsX9ZErbpKM31n9Crp8ZVk=] [HammerOfWar(Лёха)] No offline messages found
[2025-05-25 16:33:20] [qQE/h4Dj4T5WaAMgAFtXauAusk8=] [fam0us] Checking offline messages for client
[2025-05-25 16:33:20] [qQE/h4Dj4T5WaAMgAFtXauAusk8=] [fam0us] No offline messages found
[2025-05-25 16:35:33] [ay8d2GXiisZNZZ2sP88A/RwHo24=] [ViliBom] Checking offline messages for client
[2025-05-25 16:35:33] [ay8d2GXiisZNZZ2sP88A/RwHo24=] [ViliBom] No offline messages found
[2025-05-25 16:35:55] [ZnU8vaPl8AP2v7ujelAJMkb+r+E=] [TeamSpeakUser5] Checking offline messages for client
[2025-05-25 16:35:55] [ZnU8vaPl8AP2v7ujelAJMkb+r+E=] [TeamSpeakUser5] No offline messages found
[2025-05-25 16:37:14] [XHkNT/2WnLO7jAbxQXhDIydF250=] [RedragoN] Checking offline messages for client
[2025-05-25 16:37:14] [XHkNT/2WnLO7jAbxQXhDIydF250=] [RedragoN] No offline messages found
[2025-05-25 16:39:16] [F1qmn+J1DjlIW/spQ4TpgTpSWzg=] [moi] Checking offline messages for client
[2025-05-25 16:39:16] [F1qmn+J1DjlIW/spQ4TpgTpSWzg=] [moi] No offline messages found
[2025-05-25 16:40:00] [wBtCYPJphOWdVqCVMzLPotGSjGA=] [tlishev] Checking offline messages for client
[2025-05-25 16:40:00] [wBtCYPJphOWdVqCVMzLPotGSjGA=] [tlishev] No offline messages found
[2025-05-25 16:41:18] [iqhXyPfP3MC8F+w0pKyVoSLyF/I=] [FailRaik] Checking offline messages for client
[2025-05-25 16:41:18] [iqhXyPfP3MC8F+w0pKyVoSLyF/I=] [FailRaik] No offline messages found
[2025-05-25 16:42:11] [kHIid8HT2jg9WiVu3tCpryd+esk=] [1133] Checking offline messages for client
[2025-05-25 16:42:11] [kHIid8HT2jg9WiVu3tCpryd+esk=] [1133] Found 1 offline messages
[2025-05-25 16:42:13] [kHIid8HT2jg9WiVu3tCpryd+esk=] [1133] Sent poke message: Your private channel has been renumbered from #8 to #7 to maintain sorting order.
[2025-05-25 16:42:13] [kHIid8HT2jg9WiVu3tCpryd+esk=] [1133] Deleted 1 delivered messages from database
[2025-05-25 16:43:50] [nYYlWUs5YkYKnWWsLhHJIhbnlmA=] [HanS] Checking offline messages for client
[2025-05-25 16:43:50] [nYYlWUs5YkYKnWWsLhHJIhbnlmA=] [HanS] No offline messages found
[2025-05-25 16:45:03] [acW8L254GwpId72+SZaQ4M311cg=] [BUGER (Славик)] Checking offline messages for client
[2025-05-25 16:45:03] [acW8L254GwpId72+SZaQ4M311cg=] [BUGER (Славик)] No offline messages found
[2025-05-25 16:45:39] [5zF85LGOurzyQtknalrUfI15VQg=] [rcpdie] Checking offline messages for client
[2025-05-25 16:45:39] [5zF85LGOurzyQtknalrUfI15VQg=] [rcpdie] No offline messages found
[2025-05-25 16:45:54] [Ip3DMPbZzmpdZoaVlO44guWXLEU=] [gundones] Checking offline messages for client
[2025-05-25 16:45:54] [Ip3DMPbZzmpdZoaVlO44guWXLEU=] [gundones] No offline messages found
[2025-05-25 16:46:22] [s5SoU0O6Mp2lEkoeWlMc2247gBk=] [don] Checking offline messages for client
[2025-05-25 16:46:22] [s5SoU0O6Mp2lEkoeWlMc2247gBk=] [don] No offline messages found
[2025-05-25 16:47:56] [MYSMWOg1rcy9rUxqNVjO3N+2XOU=] [korobka] Checking offline messages for client
[2025-05-25 16:47:56] [MYSMWOg1rcy9rUxqNVjO3N+2XOU=] [korobka] No offline messages found
[2025-05-25 16:47:57] [3ZmvZnl8johLcLHH4g1q9BmtZZo=] [deschka] Checking offline messages for client
[2025-05-25 16:47:57] [3ZmvZnl8johLcLHH4g1q9BmtZZo=] [deschka] No offline messages found
[2025-05-25 16:47:57] [3ZmvZnl8johLcLHH4g1q9BmtZZo=] [deschka] Checking offline messages for client
[2025-05-25 16:47:57] [3ZmvZnl8johLcLHH4g1q9BmtZZo=] [deschka] No offline messages found
[2025-05-25 16:47:58] [3ZmvZnl8johLcLHH4g1q9BmtZZo=] [deschka] Checking offline messages for client
[2025-05-25 16:47:58] [3ZmvZnl8johLcLHH4g1q9BmtZZo=] [deschka] No offline messages found
[2025-05-25 16:48:09] [PAPjw5ou1pxtJ/LMEXPWWL4eKGI=] [aeRR] Checking offline messages for client
[2025-05-25 16:48:09] [PAPjw5ou1pxtJ/LMEXPWWL4eKGI=] [aeRR] No offline messages found
[2025-05-25 16:48:49] [iazI0nO9O2fnuTRNNJc20+hUNPc=] [w1nd1x] Checking offline messages for client
[2025-05-25 16:48:49] [iazI0nO9O2fnuTRNNJc20+hUNPc=] [w1nd1x] No offline messages found
[2025-05-25 16:52:20] [5zF85LGOurzyQtknalrUfI15VQg=] [rcpdie] Checking offline messages for client
[2025-05-25 16:52:20] [5zF85LGOurzyQtknalrUfI15VQg=] [rcpdie] No offline messages found
[2025-05-25 16:54:05] [+GhUBZ/zcj+AuTFNM+CM11S3jDU=] [Nashw0w] Checking offline messages for client
[2025-05-25 16:54:05] [+GhUBZ/zcj+AuTFNM+CM11S3jDU=] [Nashw0w] No offline messages found
[2025-05-25 16:54:43] [6/d292RHjDEDgBIAnW3zWBlcX+o=] [TeamSpeakUser] Checking offline messages for client
[2025-05-25 16:54:43] [6/d292RHjDEDgBIAnW3zWBlcX+o=] [TeamSpeakUser] No offline messages found
[2025-05-25 16:57:56] [d6w3EV9Z9c1CuPQpjPz2qkkRsBw=] [RawN] Checking offline messages for client
[2025-05-25 16:57:56] [d6w3EV9Z9c1CuPQpjPz2qkkRsBw=] [RawN] No offline messages found
[2025-05-25 16:58:06] [PAPjw5ou1pxtJ/LMEXPWWL4eKGI=] [aeRR] Checking offline messages for client
[2025-05-25 16:58:06] [PAPjw5ou1pxtJ/LMEXPWWL4eKGI=] [aeRR] No offline messages found
[2025-05-25 16:59:08] [RkH91acmxA3cUuqBsMdwRLDQBxM=] [Avrelius33] Checking offline messages for client
[2025-05-25 16:59:08] [RkH91acmxA3cUuqBsMdwRLDQBxM=] [Avrelius33] No offline messages found
[2025-05-25 17:01:55] [qvmy7X4/V8uTmw9EohOZxOyoFj0=] [Kurnaz] Checking offline messages for client
[2025-05-25 17:01:55] [qvmy7X4/V8uTmw9EohOZxOyoFj0=] [Kurnaz] No offline messages found
[2025-05-25 17:02:36] [Mbg7YPcQzBNpiTI6CwaMEt/O2Bs=] [berkaywalter] Checking offline messages for client
[2025-05-25 17:02:36] [Mbg7YPcQzBNpiTI6CwaMEt/O2Bs=] [berkaywalter] No offline messages found
[2025-05-25 17:02:43] [qvmy7X4/V8uTmw9EohOZxOyoFj0=] [Kurnaz] Checking offline messages for client
[2025-05-25 17:02:43] [qvmy7X4/V8uTmw9EohOZxOyoFj0=] [Kurnaz] No offline messages found
[2025-05-25 17:03:55] [qvmy7X4/V8uTmw9EohOZxOyoFj0=] [Kurnaz] Checking offline messages for client
[2025-05-25 17:03:55] [qvmy7X4/V8uTmw9EohOZxOyoFj0=] [Kurnaz] No offline messages found
[2025-05-25 17:05:09] [Chs2gds0q5c5sHk5GQqGy9JmwQg=] [teaman11] Checking offline messages for client
[2025-05-25 17:05:09] [Chs2gds0q5c5sHk5GQqGy9JmwQg=] [teaman11] No offline messages found
[2025-05-25 17:10:37] [+GhUBZ/zcj+AuTFNM+CM11S3jDU=] [Nashw0w] Checking offline messages for client
[2025-05-25 17:10:37] [+GhUBZ/zcj+AuTFNM+CM11S3jDU=] [Nashw0w] No offline messages found
[2025-05-25 17:10:57] [gOwDhq1CmTN5Qc6OmKIGGqVvKTs=] [zero] Checking offline messages for client
[2025-05-25 17:10:57] [gOwDhq1CmTN5Qc6OmKIGGqVvKTs=] [zero] No offline messages found
[2025-05-25 17:11:02] [hUjMcppeZYeQG89H1ehSTqHW6iQ=] [Hydrastarke] Checking offline messages for client
[2025-05-25 17:11:02] [hUjMcppeZYeQG89H1ehSTqHW6iQ=] [Hydrastarke] No offline messages found
[2025-05-25 17:14:24] [ZRaP7ZFk8xMR0aZkTaBGImOaGAM=] [earthim] Checking offline messages for client
[2025-05-25 17:14:24] [ZRaP7ZFk8xMR0aZkTaBGImOaGAM=] [earthim] No offline messages found
[2025-05-25 17:14:36] [37H/lttZ8+4bwWOCES4zZFUkIOg=] [crzfrg77] Checking offline messages for client
[2025-05-25 17:14:36] [37H/lttZ8+4bwWOCES4zZFUkIOg=] [crzfrg77] No offline messages found
[2025-05-25 17:18:15] [cbVTTju6JnSpBukGx7hTR4US3KY=] [TeamSpeakUser] Checking offline messages for client
[2025-05-25 17:18:15] [cbVTTju6JnSpBukGx7hTR4US3KY=] [TeamSpeakUser] No offline messages found
[2025-05-25 17:19:23] [KKakWCNNDyxUyhC4KpkSU2PHuVM=] [yusufppks] Checking offline messages for client
[2025-05-25 17:19:23] [KKakWCNNDyxUyhC4KpkSU2PHuVM=] [yusufppks] No offline messages found
[2025-05-25 17:19:23] [KKakWCNNDyxUyhC4KpkSU2PHuVM=] [yusufppks] Checking offline messages for client
[2025-05-25 17:19:23] [KKakWCNNDyxUyhC4KpkSU2PHuVM=] [yusufppks] No offline messages found
[2025-05-25 17:19:23] [KKakWCNNDyxUyhC4KpkSU2PHuVM=] [yusufppks] Checking offline messages for client
[2025-05-25 17:19:23] [KKakWCNNDyxUyhC4KpkSU2PHuVM=] [yusufppks] No offline messages found
[2025-05-25 17:19:24] [KKakWCNNDyxUyhC4KpkSU2PHuVM=] [yusufppks] Checking offline messages for client
[2025-05-25 17:19:24] [KKakWCNNDyxUyhC4KpkSU2PHuVM=] [yusufppks] No offline messages found
[2025-05-25 17:19:24] [KKakWCNNDyxUyhC4KpkSU2PHuVM=] [yusufppks] Checking offline messages for client
[2025-05-25 17:19:24] [KKakWCNNDyxUyhC4KpkSU2PHuVM=] [yusufppks] No offline messages found
[2025-05-25 17:20:18] [APvCxYWLJt5FetRtnwrXlJVrRoY=] [zasosa1o] Checking offline messages for client
[2025-05-25 17:20:18] [APvCxYWLJt5FetRtnwrXlJVrRoY=] [zasosa1o] Found 1 offline messages
[2025-05-25 17:20:20] [APvCxYWLJt5FetRtnwrXlJVrRoY=] [zasosa1o] Sent poke message: Your private channel has been renumbered from #48 to #47 to maintain sorting order.
[2025-05-25 17:20:20] [APvCxYWLJt5FetRtnwrXlJVrRoY=] [zasosa1o] Deleted 1 delivered messages from database
[2025-05-25 17:22:30] [pGVUzDBSo+TnxGl+AoLTDGYDR44=] [squarttt] Checking offline messages for client
[2025-05-25 17:22:30] [pGVUzDBSo+TnxGl+AoLTDGYDR44=] [squarttt] No offline messages found
[2025-05-25 17:22:32] [hUjMcppeZYeQG89H1ehSTqHW6iQ=] [Hydrastarke] Checking offline messages for client
[2025-05-25 17:22:32] [hUjMcppeZYeQG89H1ehSTqHW6iQ=] [Hydrastarke] No offline messages found
[2025-05-25 17:24:05] [sqKZN7mdGjBEtExRYNi3kOjclTg=] [squarttt1] Checking offline messages for client
[2025-05-25 17:24:05] [sqKZN7mdGjBEtExRYNi3kOjclTg=] [squarttt1] No offline messages found
[2025-05-25 17:25:24] [F+sDoybvvXZVYxLikhNJeZKMmTE=] [playerHIHIHAHA] Checking offline messages for client
[2025-05-25 17:25:24] [F+sDoybvvXZVYxLikhNJeZKMmTE=] [playerHIHIHAHA] Found 1 offline messages
[2025-05-25 17:25:26] [F+sDoybvvXZVYxLikhNJeZKMmTE=] [playerHIHIHAHA] Sent poke message: Your private channel has been renumbered from #34 to #33 to maintain sorting order.
[2025-05-25 17:25:26] [F+sDoybvvXZVYxLikhNJeZKMmTE=] [playerHIHIHAHA] Deleted 1 delivered messages from database
[2025-05-25 17:27:27] [Yhasrn5S9tGBNf1wKheQttcmAQA=] [Mani.Mrtz] Checking offline messages for client
[2025-05-25 17:27:27] [Yhasrn5S9tGBNf1wKheQttcmAQA=] [Mani.Mrtz] No offline messages found
[2025-05-25 17:29:41] [7Sq7ba6mB9HZvcuepZd8gV5BFXc=] [BUGER (Славон)] Checking offline messages for client
[2025-05-25 17:29:41] [7Sq7ba6mB9HZvcuepZd8gV5BFXc=] [BUGER (Славон)] No offline messages found
[2025-05-25 17:30:08] [nYYlWUs5YkYKnWWsLhHJIhbnlmA=] [HanS] Checking offline messages for client
[2025-05-25 17:30:08] [nYYlWUs5YkYKnWWsLhHJIhbnlmA=] [HanS] No offline messages found
[2025-05-25 17:30:54] [yGyHsE0UXDqQvolpBrmTO+BH7ys=] [creepypastaking] Checking offline messages for client
[2025-05-25 17:30:54] [yGyHsE0UXDqQvolpBrmTO+BH7ys=] [creepypastaking] No offline messages found
[2025-05-25 17:31:52] [0XIPokUUTEkn00muYiwnSCQJ4wM=] [credolls] Checking offline messages for client
[2025-05-25 17:31:52] [0XIPokUUTEkn00muYiwnSCQJ4wM=] [credolls] No offline messages found
[2025-05-25 17:32:14] [gITtVlfHYxsd3mvOfTblKNtJBDU=] [4iff] Checking offline messages for client
[2025-05-25 17:32:14] [gITtVlfHYxsd3mvOfTblKNtJBDU=] [4iff] No offline messages found
[2025-05-25 17:32:31] [uVIyLE46ey0eBhM+Z9Az+wuDd2U=] [LisssTzz] Checking offline messages for client
[2025-05-25 17:32:31] [uVIyLE46ey0eBhM+Z9Az+wuDd2U=] [LisssTzz] No offline messages found
[2025-05-25 17:33:26] [cseF9W0taR8pWUpwoIJSyGADhAk=] [фанат мендуса] Checking offline messages for client
[2025-05-25 17:33:26] [cseF9W0taR8pWUpwoIJSyGADhAk=] [фанат мендуса] No offline messages found
[2025-05-25 17:33:57] [IF9FpR3gAmSxQsnDcZCQBde7iWY=] [pipisin] Checking offline messages for client
[2025-05-25 17:33:57] [IF9FpR3gAmSxQsnDcZCQBde7iWY=] [pipisin] No offline messages found
[2025-05-25 17:34:01] [yGyHsE0UXDqQvolpBrmTO+BH7ys=] [creepypastaking] Checking offline messages for client
[2025-05-25 17:34:01] [yGyHsE0UXDqQvolpBrmTO+BH7ys=] [creepypastaking] No offline messages found
[2025-05-25 17:34:08] [uNn/+Mx6lQma9+QFaVUOzNJDnH4=] [Hamburger] Checking offline messages for client
[2025-05-25 17:34:08] [uNn/+Mx6lQma9+QFaVUOzNJDnH4=] [Hamburger] No offline messages found
[2025-05-25 17:37:47] [esphB+mG2+N8I3ntRjK04Tgvv7o=] [Phantor] Checking offline messages for client
[2025-05-25 17:37:47] [esphB+mG2+N8I3ntRjK04Tgvv7o=] [Phantor] No offline messages found
[2025-05-25 17:39:35] [syGc3yR+8xBjPN6kLg2zE+r+Bwg=] [Gosh] Checking offline messages for client
[2025-05-25 17:39:35] [syGc3yR+8xBjPN6kLg2zE+r+Bwg=] [Gosh] No offline messages found
[2025-05-25 17:40:07] [Y87CyZ0z4OCWoHrzcXmcfNJGgn8=] [Ghost] Checking offline messages for client
[2025-05-25 17:40:07] [Y87CyZ0z4OCWoHrzcXmcfNJGgn8=] [Ghost] No offline messages found
[2025-05-25 17:41:50] [F4Rot6aSlWU5OFZBOarP2RTzrYY=] [INSANE] Checking offline messages for client
[2025-05-25 17:41:50] [F4Rot6aSlWU5OFZBOarP2RTzrYY=] [INSANE] No offline messages found
[2025-05-25 17:43:11] [B2fRgglzPVX7d5IDrNsAi94lUY0=] [baia] Checking offline messages for client
[2025-05-25 17:43:11] [B2fRgglzPVX7d5IDrNsAi94lUY0=] [baia] No offline messages found
[2025-05-25 17:43:35] [1QuYdjwegivq8nQQgKS/N+VS/dw=] [TeamSpeakUser1] Checking offline messages for client
[2025-05-25 17:43:35] [1QuYdjwegivq8nQQgKS/N+VS/dw=] [TeamSpeakUser1] No offline messages found
[2025-05-25 17:44:53] [0TS7jt0APSegEgA9K9hIWfin7m0=] [dadaok] Checking offline messages for client
[2025-05-25 17:44:53] [0TS7jt0APSegEgA9K9hIWfin7m0=] [dadaok] No offline messages found
[2025-05-25 17:45:36] [BeICdvIiZVCXM27KQGZo0ienVIU=] [ordep] Checking offline messages for client
[2025-05-25 17:45:36] [BeICdvIiZVCXM27KQGZo0ienVIU=] [ordep] No offline messages found
[2025-05-25 17:47:10] [HLTZiQrjDVSo06bEK1DmKesYQu4=] [Olisadeebee] Checking offline messages for client
[2025-05-25 17:47:10] [HLTZiQrjDVSo06bEK1DmKesYQu4=] [Olisadeebee] No offline messages found
[2025-05-25 17:47:43] [1bxlkLWE1YEds4euACE9lSAD0Jg=] [Mr..Fury] Checking offline messages for client
[2025-05-25 17:47:43] [1bxlkLWE1YEds4euACE9lSAD0Jg=] [Mr..Fury] No offline messages found
[2025-05-25 17:48:22] [8xLiwptTc7JyFK8s8wRFlft2PKM=] [guwno w spodnie] Checking offline messages for client
[2025-05-25 17:48:22] [8xLiwptTc7JyFK8s8wRFlft2PKM=] [guwno w spodnie] No offline messages found
[2025-05-25 17:48:40] [4hvwCfCPtTRCCX/hD0S9PDAjwPY=] [Ander] Checking offline messages for client
[2025-05-25 17:48:40] [4hvwCfCPtTRCCX/hD0S9PDAjwPY=] [Ander] No offline messages found
[2025-05-25 17:48:42] [YJ8chm2QQIJyPFrsGN7ctoGAtDM=] [Ripachok] Checking offline messages for client
[2025-05-25 17:48:42] [YJ8chm2QQIJyPFrsGN7ctoGAtDM=] [Ripachok] No offline messages found
[2025-05-25 17:50:32] [gQ5C6+V5CuxoWVdapQ4LurehHGY=] [ph0x] Checking offline messages for client
[2025-05-25 17:50:32] [gQ5C6+V5CuxoWVdapQ4LurehHGY=] [ph0x] No offline messages found
[2025-05-25 17:51:06] [gQ5C6+V5CuxoWVdapQ4LurehHGY=] [ph0x] Checking offline messages for client
[2025-05-25 17:51:06] [gQ5C6+V5CuxoWVdapQ4LurehHGY=] [ph0x] No offline messages found
[2025-05-25 17:51:34] [iW7nTfsBAo8nOMGVARg28G5hAGo=] [chemic] Checking offline messages for client
[2025-05-25 17:51:34] [iW7nTfsBAo8nOMGVARg28G5hAGo=] [chemic] No offline messages found
[2025-05-25 17:51:37] [qMpXP+GV7y9R8c7mzrU8qJvHybo=] [Vicinnnt] Checking offline messages for client
[2025-05-25 17:51:37] [qMpXP+GV7y9R8c7mzrU8qJvHybo=] [Vicinnnt] No offline messages found
[2025-05-25 17:52:00] [RPyEhdxB7P0zlv4k5ElUhk/1XaQ=] [pISKAREV] Checking offline messages for client
[2025-05-25 17:52:00] [RPyEhdxB7P0zlv4k5ElUhk/1XaQ=] [pISKAREV] No offline messages found
[2025-05-25 17:52:36] [yBICHbhgjt9SlHyQu3BZbOYMUQU=] [H0R0Z] Checking offline messages for client
[2025-05-25 17:52:36] [yBICHbhgjt9SlHyQu3BZbOYMUQU=] [H0R0Z] No offline messages found
[2025-05-25 17:52:58] [qNsg0b7JeakWdOg/MBVUEfo+t/s=] [Chico] Checking offline messages for client
[2025-05-25 17:52:58] [qNsg0b7JeakWdOg/MBVUEfo+t/s=] [Chico] No offline messages found
[2025-05-25 17:53:14] [jPXkCF3ajqzdqrB82UI/7NK7vSg=] [TeamSpeakUser2] Checking offline messages for client
[2025-05-25 17:53:14] [jPXkCF3ajqzdqrB82UI/7NK7vSg=] [TeamSpeakUser2] No offline messages found
[2025-05-25 17:54:11] [ay8d2GXiisZNZZ2sP88A/RwHo24=] [ViliBom] Checking offline messages for client
[2025-05-25 17:54:11] [ay8d2GXiisZNZZ2sP88A/RwHo24=] [ViliBom] No offline messages found
[2025-05-25 17:54:52] [seZE+SnpsSe4GD8z7cSg3NZhuRU=] [NIL] Checking offline messages for client
[2025-05-25 17:54:52] [seZE+SnpsSe4GD8z7cSg3NZhuRU=] [NIL] No offline messages found
[2025-05-25 17:56:18] [jPXkCF3ajqzdqrB82UI/7NK7vSg=] [TeamSpeakUser2] Checking offline messages for client
[2025-05-25 17:56:18] [jPXkCF3ajqzdqrB82UI/7NK7vSg=] [TeamSpeakUser2] No offline messages found
[2025-05-25 17:56:57] [RPyEhdxB7P0zlv4k5ElUhk/1XaQ=] [pISKAREV] Checking offline messages for client
[2025-05-25 17:56:57] [RPyEhdxB7P0zlv4k5ElUhk/1XaQ=] [pISKAREV] No offline messages found
[2025-05-25 17:57:33] [TVYDqloG40AolgKZE51r8Arz5Ig=] [TeamSpeakUser11] Checking offline messages for client
[2025-05-25 17:57:33] [TVYDqloG40AolgKZE51r8Arz5Ig=] [TeamSpeakUser11] No offline messages found
[2025-05-25 17:58:03] [Qe4PNcuI4cug44cbbrrVTFTlmRs=] [otcoci_u_deda] Checking offline messages for client
[2025-05-25 17:58:03] [Qe4PNcuI4cug44cbbrrVTFTlmRs=] [otcoci_u_deda] No offline messages found
[2025-05-25 17:58:11] [LRLgyJCazviWfDUTPvzkB5nJs9E=] [Last_Samurai] Checking offline messages for client
[2025-05-25 17:58:11] [LRLgyJCazviWfDUTPvzkB5nJs9E=] [Last_Samurai] No offline messages found
[2025-05-25 17:59:42] [d6w3EV9Z9c1CuPQpjPz2qkkRsBw=] [RawN] Checking offline messages for client
[2025-05-25 17:59:42] [d6w3EV9Z9c1CuPQpjPz2qkkRsBw=] [RawN] No offline messages found
[2025-05-25 17:59:48] [dNZ1QxwpHqoFvR0hFFFTJn+j37M=] [John] Checking offline messages for client
[2025-05-25 17:59:48] [dNZ1QxwpHqoFvR0hFFFTJn+j37M=] [John] No offline messages found
[2025-05-25 18:02:15] [m3jwrJafD7Z1HcDm7lAZbGqtROY=] [zui] Checking offline messages for client
[2025-05-25 18:02:15] [m3jwrJafD7Z1HcDm7lAZbGqtROY=] [zui] No offline messages found
[2025-05-25 18:03:13] [ay8d2GXiisZNZZ2sP88A/RwHo24=] [ViliBom] Checking offline messages for client
[2025-05-25 18:03:13] [ay8d2GXiisZNZZ2sP88A/RwHo24=] [ViliBom] No offline messages found
[2025-05-25 18:05:22] [Mbg7YPcQzBNpiTI6CwaMEt/O2Bs=] [berkaywalter] Checking offline messages for client
[2025-05-25 18:05:22] [Mbg7YPcQzBNpiTI6CwaMEt/O2Bs=] [berkaywalter] No offline messages found
[2025-05-25 18:05:50] [PAPjw5ou1pxtJ/LMEXPWWL4eKGI=] [aeRR] Checking offline messages for client
[2025-05-25 18:05:50] [PAPjw5ou1pxtJ/LMEXPWWL4eKGI=] [aeRR] No offline messages found
[2025-05-25 18:06:22] [d6w3EV9Z9c1CuPQpjPz2qkkRsBw=] [RawN] Checking offline messages for client
[2025-05-25 18:06:22] [d6w3EV9Z9c1CuPQpjPz2qkkRsBw=] [RawN] No offline messages found
[2025-05-25 18:06:53] [eG4UMjLmuVndageyqcYzcti5tLY=] [COLDGREEN] Checking offline messages for client
[2025-05-25 18:06:53] [eG4UMjLmuVndageyqcYzcti5tLY=] [COLDGREEN] No offline messages found
[2025-05-25 18:07:06] [OcqnnLKdpMugAmW4pVxOFMc0B9o=] [zep] Checking offline messages for client
[2025-05-25 18:07:06] [OcqnnLKdpMugAmW4pVxOFMc0B9o=] [zep] No offline messages found
[2025-05-25 18:07:35] [qvmy7X4/V8uTmw9EohOZxOyoFj0=] [Kurnaz] Checking offline messages for client
[2025-05-25 18:07:35] [qvmy7X4/V8uTmw9EohOZxOyoFj0=] [Kurnaz] No offline messages found
[2025-05-25 18:07:45] [yH7+WUTO9a0edxQG10YKRSCiFog=] [Angry] Checking offline messages for client
[2025-05-25 18:07:45] [yH7+WUTO9a0edxQG10YKRSCiFog=] [Angry] No offline messages found
[2025-05-25 18:12:18] [YJ8chm2QQIJyPFrsGN7ctoGAtDM=] [Ripachok] Checking offline messages for client
[2025-05-25 18:12:18] [YJ8chm2QQIJyPFrsGN7ctoGAtDM=] [Ripachok] No offline messages found
[2025-05-25 18:13:35] [mTbPypkwuA/2B5Zl6CXWViczHPo=] [kızlıkbozan33] Checking offline messages for client
[2025-05-25 18:13:35] [mTbPypkwuA/2B5Zl6CXWViczHPo=] [kızlıkbozan33] No offline messages found
[2025-05-25 18:14:26] [RvQCOE641QKD3fODY/YAvxOrNw8=] [Luckyman] Checking offline messages for client
[2025-05-25 18:14:26] [RvQCOE641QKD3fODY/YAvxOrNw8=] [Luckyman] No offline messages found
[2025-05-25 18:14:29] [yGyHsE0UXDqQvolpBrmTO+BH7ys=] [creepypastaking] Checking offline messages for client
[2025-05-25 18:14:29] [yGyHsE0UXDqQvolpBrmTO+BH7ys=] [creepypastaking] No offline messages found
[2025-05-25 18:19:33] [vAoVADXVgpjfEfuPw77F4fgEIl8=] [Nostalgia 2] Checking offline messages for client
[2025-05-25 18:19:33] [vAoVADXVgpjfEfuPw77F4fgEIl8=] [Nostalgia 2] No offline messages found
[2025-05-25 18:20:16] [irFCozqZmx4mk2S9bzd1ExaQZxQ=] [Jahodový Knedl] Checking offline messages for client
[2025-05-25 18:20:16] [irFCozqZmx4mk2S9bzd1ExaQZxQ=] [Jahodový Knedl] No offline messages found
[2025-05-25 18:20:20] [+jY+727ijHZsfVi54xEx3Dfw1Dk=] [awegawg] Checking offline messages for client
[2025-05-25 18:20:20] [+jY+727ijHZsfVi54xEx3Dfw1Dk=] [awegawg] No offline messages found
[2025-05-25 18:21:30] [L+TmeIwwlaYGI9jHFXnx3MCMRO8=] [larsenio] Checking offline messages for client
[2025-05-25 18:21:30] [L+TmeIwwlaYGI9jHFXnx3MCMRO8=] [larsenio] No offline messages found
[2025-05-25 18:21:32] [GDLMnVZvsy2PmGGBS4hN7CRvOTU=] [phonetik78] Checking offline messages for client
[2025-05-25 18:21:32] [GDLMnVZvsy2PmGGBS4hN7CRvOTU=] [phonetik78] No offline messages found
[2025-05-25 18:22:14] [+kwhCPDVEacBLrd4I5lqn9JcRSA=] [danbruik] Checking offline messages for client
[2025-05-25 18:22:14] [+kwhCPDVEacBLrd4I5lqn9JcRSA=] [danbruik] No offline messages found
[2025-05-25 18:24:47] [VWWeAeEs5ldHVoE4kI04afsKJIc=] [Tatarin] Checking offline messages for client
[2025-05-25 18:24:47] [VWWeAeEs5ldHVoE4kI04afsKJIc=] [Tatarin] No offline messages found
[2025-05-25 18:27:54] [yGyHsE0UXDqQvolpBrmTO+BH7ys=] [creepypastaking] Checking offline messages for client
[2025-05-25 18:27:54] [yGyHsE0UXDqQvolpBrmTO+BH7ys=] [creepypastaking] No offline messages found
[2025-05-25 18:28:32] [0WgZKkj6v4iiMp7/eG9vKSWI5qU=] [TeamSpeakUser3] Checking offline messages for client
[2025-05-25 18:28:32] [0WgZKkj6v4iiMp7/eG9vKSWI5qU=] [TeamSpeakUser3] No offline messages found
[2025-05-25 18:28:52] [yGyHsE0UXDqQvolpBrmTO+BH7ys=] [creepypastaking] Checking offline messages for client
[2025-05-25 18:28:52] [yGyHsE0UXDqQvolpBrmTO+BH7ys=] [creepypastaking] No offline messages found
[2025-05-25 18:30:20] [HBY+WV6cf6LeM5lvEFlnwwxDWeY=] [TeamSpeakUser6] Checking offline messages for client
[2025-05-25 18:30:20] [HBY+WV6cf6LeM5lvEFlnwwxDWeY=] [TeamSpeakUser6] No offline messages found
[2025-05-25 18:31:40] [GSHdFQ1jzSeyLdTWhcSAlf1X2N8=] [FenaiL] Checking offline messages for client
[2025-05-25 18:31:40] [GSHdFQ1jzSeyLdTWhcSAlf1X2N8=] [FenaiL] No offline messages found
[2025-05-25 18:31:59] [bRevbiJW/A9S0s2cg5fC1JTRSHo=] [poka] Checking offline messages for client
[2025-05-25 18:31:59] [bRevbiJW/A9S0s2cg5fC1JTRSHo=] [poka] No offline messages found
[2025-05-25 18:32:41] [iYHINDlWwCatnlKWhy6pZQi0dUI=] [TeaNeedMore] Checking offline messages for client
[2025-05-25 18:32:41] [iYHINDlWwCatnlKWhy6pZQi0dUI=] [TeaNeedMore] No offline messages found
[2025-05-25 18:33:18] [V/sE7GD+jPAQPdHRhDxgmql0tFI=] [Jabberson] Checking offline messages for client
[2025-05-25 18:33:18] [V/sE7GD+jPAQPdHRhDxgmql0tFI=] [Jabberson] No offline messages found
[2025-05-25 18:34:00] [Wb9ka6L9SIDwvfj3d/rNat+vS2c=] [CatD.Luffy] Checking offline messages for client
[2025-05-25 18:34:00] [Wb9ka6L9SIDwvfj3d/rNat+vS2c=] [CatD.Luffy] No offline messages found
[2025-05-25 18:34:17] [iFtHWznbCRlqzAbpQxduwA3HvWg=] [TeamSpeakUser7] Checking offline messages for client
[2025-05-25 18:34:17] [iFtHWznbCRlqzAbpQxduwA3HvWg=] [TeamSpeakUser7] No offline messages found
[2025-05-25 18:36:29] [0WgZKkj6v4iiMp7/eG9vKSWI5qU=] [TeamSpeakUser3] Checking offline messages for client
[2025-05-25 18:36:29] [0WgZKkj6v4iiMp7/eG9vKSWI5qU=] [TeamSpeakUser3] No offline messages found
[2025-05-25 18:36:46] [grNZuztqV3CoIv7qdnNvZVmmtF8=] [TeamSpeakUser8] Checking offline messages for client
[2025-05-25 18:36:46] [grNZuztqV3CoIv7qdnNvZVmmtF8=] [TeamSpeakUser8] No offline messages found
[2025-05-25 18:37:53] [grNZuztqV3CoIv7qdnNvZVmmtF8=] [TeamSpeakUser8] Checking offline messages for client
[2025-05-25 18:37:53] [grNZuztqV3CoIv7qdnNvZVmmtF8=] [TeamSpeakUser8] No offline messages found
[2025-05-25 18:40:07] [iefEc7IftjNMM5/w71mlW1yAG/s=] [pierredunn] Checking offline messages for client
[2025-05-25 18:40:07] [iefEc7IftjNMM5/w71mlW1yAG/s=] [pierredunn] No offline messages found
[2025-05-25 18:40:08] [lnMFr9CACtNm2N+UU0FlIeT/jhM=] [Agent_vx] Checking offline messages for client
[2025-05-25 18:40:08] [lnMFr9CACtNm2N+UU0FlIeT/jhM=] [Agent_vx] No offline messages found
[2025-05-25 18:40:08] [lnMFr9CACtNm2N+UU0FlIeT/jhM=] [Agent_vx] Checking offline messages for client
[2025-05-25 18:40:08] [lnMFr9CACtNm2N+UU0FlIeT/jhM=] [Agent_vx] No offline messages found
[2025-05-25 18:40:08] [lnMFr9CACtNm2N+UU0FlIeT/jhM=] [Agent_vx] Checking offline messages for client
[2025-05-25 18:40:08] [lnMFr9CACtNm2N+UU0FlIeT/jhM=] [Agent_vx] No offline messages found
[2025-05-25 18:51:28] [yGyHsE0UXDqQvolpBrmTO+BH7ys=] [creepypastaking] Checking offline messages for client
[2025-05-25 18:51:28] [yGyHsE0UXDqQvolpBrmTO+BH7ys=] [creepypastaking] No offline messages found
[2025-05-25 18:51:56] [zQBV+zr0os6YT3ktHjBJZW0cRd8=] [Tufix] Checking offline messages for client
[2025-05-25 18:51:56] [zQBV+zr0os6YT3ktHjBJZW0cRd8=] [Tufix] No offline messages found
[2025-05-25 18:52:00] [2148w6jOcmXVxKbsYUmQaGdRPUU=] [BlackEye-_-] Checking offline messages for client
[2025-05-25 18:52:00] [2148w6jOcmXVxKbsYUmQaGdRPUU=] [BlackEye-_-] No offline messages found
[2025-05-25 19:00:29] [tOoGEdCN9ULy8ULKyELfIWNelvU=] [kayanyildz] Checking offline messages for client
[2025-05-25 19:00:29] [tOoGEdCN9ULy8ULKyELfIWNelvU=] [kayanyildz] Found 1 offline messages
[2025-05-25 19:00:31] [tOoGEdCN9ULy8ULKyELfIWNelvU=] [kayanyildz] Sent poke message: Your private channel has been renumbered from #19 to #18 to maintain sorting order.
[2025-05-25 19:00:31] [tOoGEdCN9ULy8ULKyELfIWNelvU=] [kayanyildz] Deleted 1 delivered messages from database
[2025-05-25 19:01:24] [8wO5HXvUa0ktX3G69nioUDKZj+A=] [Rioshad] Checking offline messages for client
[2025-05-25 19:01:24] [8wO5HXvUa0ktX3G69nioUDKZj+A=] [Rioshad] No offline messages found
[2025-05-25 19:01:46] [8fYztNYS5f8Fc6fjkbCM7rkV5og=] [Doolph] Checking offline messages for client
[2025-05-25 19:01:46] [8fYztNYS5f8Fc6fjkbCM7rkV5og=] [Doolph] No offline messages found
[2025-05-25 19:02:59] [s5SoU0O6Mp2lEkoeWlMc2247gBk=] [don] Checking offline messages for client
[2025-05-25 19:02:59] [s5SoU0O6Mp2lEkoeWlMc2247gBk=] [don] No offline messages found
[2025-05-25 19:03:04] [lnMFr9CACtNm2N+UU0FlIeT/jhM=] [Agent_vx] Checking offline messages for client
[2025-05-25 19:03:04] [lnMFr9CACtNm2N+UU0FlIeT/jhM=] [Agent_vx] No offline messages found
[2025-05-25 19:03:19] [2agmpyRklBKqWxdUHvV4ZtWgSmg=] [Ejpíček] Checking offline messages for client
[2025-05-25 19:03:19] [2agmpyRklBKqWxdUHvV4ZtWgSmg=] [Ejpíček] No offline messages found
[2025-05-25 19:04:45] [lnMFr9CACtNm2N+UU0FlIeT/jhM=] [Agent_vx] Checking offline messages for client
[2025-05-25 19:04:45] [lnMFr9CACtNm2N+UU0FlIeT/jhM=] [Agent_vx] No offline messages found
[2025-05-25 19:07:49] [3wfCbZork1r8h4aDgIW1hfWE0YA=] [SNAC-Ahmet] Checking offline messages for client
[2025-05-25 19:07:49] [3wfCbZork1r8h4aDgIW1hfWE0YA=] [SNAC-Ahmet] No offline messages found
[2025-05-25 19:09:40] [F+sDoybvvXZVYxLikhNJeZKMmTE=] [playerHIHIHAHA] Checking offline messages for client
[2025-05-25 19:09:40] [F+sDoybvvXZVYxLikhNJeZKMmTE=] [playerHIHIHAHA] No offline messages found
[2025-05-25 19:10:02] [0pfL6k6+uhY3YJUK1FucX6agAV8=] [MC durak] Checking offline messages for client
[2025-05-25 19:10:02] [0pfL6k6+uhY3YJUK1FucX6agAV8=] [MC durak] No offline messages found
[2025-05-25 19:10:49] [OQCeQ18IAEuoURvL5bx576m14Ls=] [Belzevul] Checking offline messages for client
[2025-05-25 19:10:49] [OQCeQ18IAEuoURvL5bx576m14Ls=] [Belzevul] No offline messages found
[2025-05-25 19:13:00] [JRSJX/gE1q4rIxWGxe0NgwN6Ubk=] [saadf] Checking offline messages for client
[2025-05-25 19:13:00] [JRSJX/gE1q4rIxWGxe0NgwN6Ubk=] [saadf] No offline messages found
[2025-05-25 19:13:40] [y3awO0ennatOO9a236JGtByjKuM=] [воч ю мин] Checking offline messages for client
[2025-05-25 19:13:40] [y3awO0ennatOO9a236JGtByjKuM=] [воч ю мин] Found 1 offline messages
[2025-05-25 19:13:42] [y3awO0ennatOO9a236JGtByjKuM=] [воч ю мин] Sent poke message: Your private channel has been renumbered from #20 to #19 to maintain sorting order.
[2025-05-25 19:13:42] [y3awO0ennatOO9a236JGtByjKuM=] [воч ю мин] Deleted 1 delivered messages from database
[2025-05-25 19:14:02] [y3awO0ennatOO9a236JGtByjKuM=] [воч ю мин] Checking offline messages for client
[2025-05-25 19:14:02] [y3awO0ennatOO9a236JGtByjKuM=] [воч ю мин] No offline messages found
[2025-05-25 19:14:32] [Bt85YusRILP/8GwqKdo94fbGv8Q=] [Oхотник Za Muslimami] Checking offline messages for client
[2025-05-25 19:14:32] [Bt85YusRILP/8GwqKdo94fbGv8Q=] [Oхотник Za Muslimami] No offline messages found
[2025-05-25 19:15:43] [1QuYdjwegivq8nQQgKS/N+VS/dw=] [TeamSpeakUser] Checking offline messages for client
[2025-05-25 19:15:43] [1QuYdjwegivq8nQQgKS/N+VS/dw=] [TeamSpeakUser] No offline messages found
[2025-05-25 19:17:20] [hSuNyKwdPMso6fPP5SUFsIkZH/s=] [Yabanashka] Checking offline messages for client
[2025-05-25 19:17:20] [hSuNyKwdPMso6fPP5SUFsIkZH/s=] [Yabanashka] No offline messages found
[2025-05-25 19:18:41] [yPSI9aghhtH6O+mnSQIo84yUZ4c=] [шароёб] Checking offline messages for client
[2025-05-25 19:18:41] [yPSI9aghhtH6O+mnSQIo84yUZ4c=] [шароёб] No offline messages found
[2025-05-25 19:19:30] [lyXaZAmIm860hs52AQfNIF+bYQ4=] [kiale.] Checking offline messages for client
[2025-05-25 19:19:30] [lyXaZAmIm860hs52AQfNIF+bYQ4=] [kiale.] No offline messages found
[2025-05-25 19:19:37] [yBICHbhgjt9SlHyQu3BZbOYMUQU=] [H0R0Z] Checking offline messages for client
[2025-05-25 19:19:37] [yBICHbhgjt9SlHyQu3BZbOYMUQU=] [H0R0Z] No offline messages found
[2025-05-25 19:20:21] [jyNREbFc1g7kS1FKSohnZyaSx+g=] [ivansultan] Checking offline messages for client
[2025-05-25 19:20:21] [jyNREbFc1g7kS1FKSohnZyaSx+g=] [ivansultan] No offline messages found
[2025-05-25 19:21:15] [S5c9qJAk0+90wjkUa6EauP5Qvfo=] [Skiwii_] Checking offline messages for client
[2025-05-25 19:21:15] [S5c9qJAk0+90wjkUa6EauP5Qvfo=] [Skiwii_] No offline messages found
[2025-05-25 19:22:06] [Mb6dR/g4URSfDnUQLHUZn7ZBzJg=] [TeamSpeakUser1] Checking offline messages for client
[2025-05-25 19:22:06] [Mb6dR/g4URSfDnUQLHUZn7ZBzJg=] [TeamSpeakUser1] No offline messages found
[2025-05-25 19:23:21] [yBICHbhgjt9SlHyQu3BZbOYMUQU=] [H0R0Z] Checking offline messages for client
[2025-05-25 19:23:21] [yBICHbhgjt9SlHyQu3BZbOYMUQU=] [H0R0Z] No offline messages found
[2025-05-25 19:23:23] [JBT8f5ESgqNibYrHN0Dp0kGBPKU=] [Малиновый Демон] Checking offline messages for client
[2025-05-25 19:23:23] [JBT8f5ESgqNibYrHN0Dp0kGBPKU=] [Малиновый Демон] No offline messages found
[2025-05-25 19:23:41] [2rkwn/jv1FIR6DqtosxYTJMsanY=] [TeamSpeakUser] Checking offline messages for client
[2025-05-25 19:23:41] [2rkwn/jv1FIR6DqtosxYTJMsanY=] [TeamSpeakUser] No offline messages found
[2025-05-25 19:24:10] [2rkwn/jv1FIR6DqtosxYTJMsanY=] [TeamSpeakUser] Checking offline messages for client
[2025-05-25 19:24:10] [2rkwn/jv1FIR6DqtosxYTJMsanY=] [TeamSpeakUser] No offline messages found
[2025-05-25 19:24:19] [O4DQaVKvzHQhxwj/ooDzqKn3n1o=] [deprix] Checking offline messages for client
[2025-05-25 19:24:19] [O4DQaVKvzHQhxwj/ooDzqKn3n1o=] [deprix] No offline messages found
[2025-05-25 19:24:58] [/7oqbuETDjRc5zFgoFIV+/xAWQs=] [NegritoLindo] Checking offline messages for client
[2025-05-25 19:24:58] [/7oqbuETDjRc5zFgoFIV+/xAWQs=] [NegritoLindo] No offline messages found
[2025-05-25 19:25:05] [u+ay+NVG1x8A79SUPyOujK7Yewg=] [TeamSpeakUser4] Checking offline messages for client
[2025-05-25 19:25:05] [u+ay+NVG1x8A79SUPyOujK7Yewg=] [TeamSpeakUser4] No offline messages found
[2025-05-25 19:25:35] [ndYNgY0hLdxCSb0J4fJlYMhWIVM=] [s1djeeey] Checking offline messages for client
[2025-05-25 19:25:35] [ndYNgY0hLdxCSb0J4fJlYMhWIVM=] [s1djeeey] No offline messages found
[2025-05-25 19:26:03] [uEI2N8oQhBZqNif6BrmmV2HAosc=] [пизда заводу] Checking offline messages for client
[2025-05-25 19:26:03] [uEI2N8oQhBZqNif6BrmmV2HAosc=] [пизда заводу] No offline messages found
[2025-05-25 19:26:39] [uEI2N8oQhBZqNif6BrmmV2HAosc=] [пизда заводу] Checking offline messages for client
[2025-05-25 19:26:39] [uEI2N8oQhBZqNif6BrmmV2HAosc=] [пизда заводу] No offline messages found
[2025-05-25 19:29:03] [j2TIawnGNehvq+itbVK9ty0G5jo=] [Sfanon] Checking offline messages for client
[2025-05-25 19:29:03] [j2TIawnGNehvq+itbVK9ty0G5jo=] [Sfanon] No offline messages found
[2025-05-25 19:29:16] [/rBOUVoizCXHwga4nFcAVPhStxc=] [Neserweed] Checking offline messages for client
[2025-05-25 19:29:16] [/rBOUVoizCXHwga4nFcAVPhStxc=] [Neserweed] No offline messages found
[2025-05-25 19:29:25] [j4VaV46XhkmzcjbVPFuyIU0vCLs=] [nox] Checking offline messages for client
[2025-05-25 19:29:25] [j4VaV46XhkmzcjbVPFuyIU0vCLs=] [nox] No offline messages found
[2025-05-25 19:30:55] [lc0ylIsdk1wm3mou1HYlyZ87uBQ=] [blinchik] Checking offline messages for client
[2025-05-25 19:30:55] [lc0ylIsdk1wm3mou1HYlyZ87uBQ=] [blinchik] No offline messages found
[2025-05-25 19:31:35] [/rBOUVoizCXHwga4nFcAVPhStxc=] [Neserweed] Checking offline messages for client
[2025-05-25 19:31:35] [/rBOUVoizCXHwga4nFcAVPhStxc=] [Neserweed] No offline messages found
[2025-05-25 19:31:41] [SBv8POQ/KbJEokJuPb4wsFePAa4=] [ilan] Checking offline messages for client
[2025-05-25 19:31:41] [SBv8POQ/KbJEokJuPb4wsFePAa4=] [ilan] Found 1 offline messages
[2025-05-25 19:31:43] [SBv8POQ/KbJEokJuPb4wsFePAa4=] [ilan] Sent poke message: Your private channel has been renumbered from #7 to #6 to maintain sorting order.
[2025-05-25 19:31:43] [SBv8POQ/KbJEokJuPb4wsFePAa4=] [ilan] Deleted 1 delivered messages from database
[2025-05-25 19:32:43] [yNFUjD+LJEqojKPPlPGtCAVEYRU=] [Боцман777] Checking offline messages for client
[2025-05-25 19:32:43] [yNFUjD+LJEqojKPPlPGtCAVEYRU=] [Боцман777] No offline messages found
[2025-05-25 19:35:23] [v8d0S2VwxhW09HTFPSJZmdATS9s=] [lokmannnnnn] Checking offline messages for client
[2025-05-25 19:35:23] [v8d0S2VwxhW09HTFPSJZmdATS9s=] [lokmannnnnn] No offline messages found
[2025-05-25 19:35:37] [mgYwRbcyydNZq/21AJsjLsv4lb8=] [Alliansic] Checking offline messages for client
[2025-05-25 19:35:37] [mgYwRbcyydNZq/21AJsjLsv4lb8=] [Alliansic] No offline messages found
[2025-05-25 19:37:07] [A337CRyeHXs4LwAB23shVIw0jeg=] [mishechcaty] Checking offline messages for client
[2025-05-25 19:37:07] [A337CRyeHXs4LwAB23shVIw0jeg=] [mishechcaty] No offline messages found
[2025-05-25 19:37:48] [mqgd3Gc7WmeeLTlwm9TT72tKi9Y=] [Joss] Checking offline messages for client
[2025-05-25 19:37:48] [mqgd3Gc7WmeeLTlwm9TT72tKi9Y=] [Joss] No offline messages found
[2025-05-25 19:39:23] [yBICHbhgjt9SlHyQu3BZbOYMUQU=] [H0R0Z] Checking offline messages for client
[2025-05-25 19:39:23] [yBICHbhgjt9SlHyQu3BZbOYMUQU=] [H0R0Z] No offline messages found
[2025-05-25 19:39:38] [irFCozqZmx4mk2S9bzd1ExaQZxQ=] [Jahodový Knedl] Checking offline messages for client
[2025-05-25 19:39:38] [irFCozqZmx4mk2S9bzd1ExaQZxQ=] [Jahodový Knedl] No offline messages found
[2025-05-25 19:45:28] [+AEiGDs17OALboyzRweaafavqP0=] [ma1tsev] Checking offline messages for client
[2025-05-25 19:45:28] [+AEiGDs17OALboyzRweaafavqP0=] [ma1tsev] No offline messages found
[2025-05-25 19:45:29] [LChIIpVKSczGXCJcvYW8G7+Rrgk=] [erik] Checking offline messages for client
[2025-05-25 19:45:29] [LChIIpVKSczGXCJcvYW8G7+Rrgk=] [erik] No offline messages found
[2025-05-25 19:45:29] [LChIIpVKSczGXCJcvYW8G7+Rrgk=] [erik] Checking offline messages for client
[2025-05-25 19:45:29] [LChIIpVKSczGXCJcvYW8G7+Rrgk=] [erik] No offline messages found
[2025-05-25 19:45:30] [LChIIpVKSczGXCJcvYW8G7+Rrgk=] [erik] Checking offline messages for client
[2025-05-25 19:45:30] [LChIIpVKSczGXCJcvYW8G7+Rrgk=] [erik] No offline messages found
[2025-05-25 19:45:58] [+AEiGDs17OALboyzRweaafavqP0=] [ma1tsev] Checking offline messages for client
[2025-05-25 19:45:58] [+AEiGDs17OALboyzRweaafavqP0=] [ma1tsev] No offline messages found
[2025-05-25 19:49:56] [CoM1e5Q/phUTsp2Em7+gQmcEjCY=] [Miki] Checking offline messages for client
[2025-05-25 19:49:56] [CoM1e5Q/phUTsp2Em7+gQmcEjCY=] [Miki] No offline messages found
[2025-05-25 19:50:16] [39Hn80GzU936S3hLOAjj8iP5kpg=] [Shawaj] Checking offline messages for client
[2025-05-25 19:50:16] [39Hn80GzU936S3hLOAjj8iP5kpg=] [Shawaj] No offline messages found
[2025-05-25 19:51:01] [fH55ADpBJR2Pf03gH5EIVyAAuTk=] [W1zard] Checking offline messages for client
[2025-05-25 19:51:01] [fH55ADpBJR2Pf03gH5EIVyAAuTk=] [W1zard] No offline messages found
[2025-05-25 19:51:39] [b8STrxdh76AakuNQIHVbS1uqMTI=] [Den] Checking offline messages for client
[2025-05-25 19:51:39] [b8STrxdh76AakuNQIHVbS1uqMTI=] [Den] No offline messages found
[2025-05-25 19:51:50] [A337CRyeHXs4LwAB23shVIw0jeg=] [mishechcaty] Checking offline messages for client
[2025-05-25 19:51:50] [A337CRyeHXs4LwAB23shVIw0jeg=] [mishechcaty] No offline messages found
[2025-05-25 19:51:53] [wBtCYPJphOWdVqCVMzLPotGSjGA=] [tlishev] Checking offline messages for client
[2025-05-25 19:51:53] [wBtCYPJphOWdVqCVMzLPotGSjGA=] [tlishev] No offline messages found
[2025-05-25 19:52:39] [syGc3yR+8xBjPN6kLg2zE+r+Bwg=] [Gosh] Checking offline messages for client
[2025-05-25 19:52:39] [syGc3yR+8xBjPN6kLg2zE+r+Bwg=] [Gosh] No offline messages found
[2025-05-25 19:53:06] [wBtCYPJphOWdVqCVMzLPotGSjGA=] [tlishev] Checking offline messages for client
[2025-05-25 19:53:06] [wBtCYPJphOWdVqCVMzLPotGSjGA=] [tlishev] No offline messages found
[2025-05-25 19:53:41] [dHD7jWi8Q5Lp4lz7I8/axaXFAEA=] [__illlia__] Checking offline messages for client
[2025-05-25 19:53:41] [dHD7jWi8Q5Lp4lz7I8/axaXFAEA=] [__illlia__] No offline messages found
[2025-05-25 19:55:07] [q7G2/UKjynPGC+8eWqWTGArhN/8=] [Kiko] Checking offline messages for client
[2025-05-25 19:55:07] [q7G2/UKjynPGC+8eWqWTGArhN/8=] [Kiko] No offline messages found
[2025-05-25 19:55:18] [0Z2wqQcTx0kpb/KIf+NPkyv4b60=] [-W1LLL] Checking offline messages for client
[2025-05-25 19:55:18] [0Z2wqQcTx0kpb/KIf+NPkyv4b60=] [-W1LLL] No offline messages found
[2025-05-25 19:56:03] [nrEFrg1QXE05wuZZG3BbdkciSEc=] [Dumina] Checking offline messages for client
[2025-05-25 19:56:03] [nrEFrg1QXE05wuZZG3BbdkciSEc=] [Dumina] No offline messages found
[2025-05-25 19:56:03] [nrEFrg1QXE05wuZZG3BbdkciSEc=] [Dumina] Checking offline messages for client
[2025-05-25 19:56:03] [nrEFrg1QXE05wuZZG3BbdkciSEc=] [Dumina] No offline messages found
[2025-05-25 19:56:03] [nrEFrg1QXE05wuZZG3BbdkciSEc=] [Dumina] Checking offline messages for client
[2025-05-25 19:56:03] [nrEFrg1QXE05wuZZG3BbdkciSEc=] [Dumina] No offline messages found
[2025-05-25 19:59:18] [2E0aQHWA5/SqE+mSnXymc/gM1kI=] [ymca] Checking offline messages for client
[2025-05-25 19:59:18] [2E0aQHWA5/SqE+mSnXymc/gM1kI=] [ymca] No offline messages found
[2025-05-25 19:59:36] [s5SoU0O6Mp2lEkoeWlMc2247gBk=] [don] Checking offline messages for client
[2025-05-25 19:59:36] [s5SoU0O6Mp2lEkoeWlMc2247gBk=] [don] No offline messages found
[2025-05-25 20:00:15] [Yolrk0vLW7Jl+G3XWWoj32wvYHo=] [joy] Checking offline messages for client
[2025-05-25 20:00:15] [Yolrk0vLW7Jl+G3XWWoj32wvYHo=] [joy] No offline messages found
[2025-05-25 20:01:34] [tnVKLhBV7l0ujurKDSs+MWGNsj8=] [TeamSpeakUser5] Checking offline messages for client
[2025-05-25 20:01:34] [tnVKLhBV7l0ujurKDSs+MWGNsj8=] [TeamSpeakUser5] No offline messages found
[2025-05-25 20:04:07] [+jAK4p+Ce6T/fojXfUGu0a+DMsw=] [Lazy_Eagle] Checking offline messages for client
[2025-05-25 20:04:07] [+jAK4p+Ce6T/fojXfUGu0a+DMsw=] [Lazy_Eagle] No offline messages found
[2025-05-25 20:07:17] [sVrSHwfOWFOloLPnjG6Ub+Fzgrg=] [Jaws] Checking offline messages for client
[2025-05-25 20:07:17] [sVrSHwfOWFOloLPnjG6Ub+Fzgrg=] [Jaws] No offline messages found
[2025-05-25 20:08:26] [YzUgu3CXOY+yhn8UlP+xRN3h09M=] [vekil'] Checking offline messages for client
[2025-05-25 20:08:26] [YzUgu3CXOY+yhn8UlP+xRN3h09M=] [vekil'] No offline messages found
[2025-05-25 20:10:32] [jcwPuA5b+3do0YlnUv+tXXj3p9o=] [Zerohi] Checking offline messages for client
[2025-05-25 20:10:32] [jcwPuA5b+3do0YlnUv+tXXj3p9o=] [Zerohi] No offline messages found
[2025-05-25 20:11:20] [ATqp7GEsF2VumrPFrQ+W8icYfjg=] [gotti] Checking offline messages for client
[2025-05-25 20:11:20] [ATqp7GEsF2VumrPFrQ+W8icYfjg=] [gotti] No offline messages found
[2025-05-25 20:11:26] [6loDKB5pFq9h9EZ8lWJAl1sRiNA=] [kagixxx] Checking offline messages for client
[2025-05-25 20:11:26] [6loDKB5pFq9h9EZ8lWJAl1sRiNA=] [kagixxx] No offline messages found
[2025-05-25 20:14:10] [f5nyFvudphDmgsspVfCMqGxH6oc=] [Клэймль] Checking offline messages for client
[2025-05-25 20:14:10] [f5nyFvudphDmgsspVfCMqGxH6oc=] [Клэймль] No offline messages found
[2025-05-25 20:16:46] [nwuFFEnpDigmvCBGDLXAhfG3QYo=] [Хьюти] Checking offline messages for client
[2025-05-25 20:16:46] [nwuFFEnpDigmvCBGDLXAhfG3QYo=] [Хьюти] No offline messages found
[2025-05-25 20:19:42] [A2T1RSmzaeIbUTk0Ce356sAFyiM=] [btcmaximalist] Checking offline messages for client
[2025-05-25 20:19:42] [A2T1RSmzaeIbUTk0Ce356sAFyiM=] [btcmaximalist] No offline messages found
[2025-05-25 20:20:40] [ewrPGoLlCCfzZIqr9wC9KuSdmb4=] [Junior] Checking offline messages for client
[2025-05-25 20:20:40] [ewrPGoLlCCfzZIqr9wC9KuSdmb4=] [Junior] No offline messages found
[2025-05-25 20:23:19] [Uazsm/V91D0k5HdJoLV/wFlakRo=] [ZooxSoft] Checking offline messages for client
[2025-05-25 20:23:19] [Uazsm/V91D0k5HdJoLV/wFlakRo=] [ZooxSoft] No offline messages found
[2025-05-25 20:24:22] [YzUgu3CXOY+yhn8UlP+xRN3h09M=] [vekil'] Checking offline messages for client
[2025-05-25 20:24:22] [YzUgu3CXOY+yhn8UlP+xRN3h09M=] [vekil'] No offline messages found
[2025-05-25 20:25:28] [lqX2Oz/RGh+MQGKjhD9GbFED4OY=] [DarkZX] Checking offline messages for client
[2025-05-25 20:25:28] [lqX2Oz/RGh+MQGKjhD9GbFED4OY=] [DarkZX] No offline messages found
[2025-05-25 20:25:45] [3wg7BCfYXeBM2oQdARkOPE+vHas=] [bleen] Checking offline messages for client
[2025-05-25 20:25:45] [3wg7BCfYXeBM2oQdARkOPE+vHas=] [bleen] No offline messages found
[2025-05-25 20:26:19] [iefEc7IftjNMM5/w71mlW1yAG/s=] [pierredunn] Checking offline messages for client
[2025-05-25 20:26:19] [iefEc7IftjNMM5/w71mlW1yAG/s=] [pierredunn] No offline messages found
[2025-05-25 20:26:20] [3wg7BCfYXeBM2oQdARkOPE+vHas=] [bleen] Checking offline messages for client
[2025-05-25 20:26:20] [3wg7BCfYXeBM2oQdARkOPE+vHas=] [bleen] No offline messages found
[2025-05-25 20:26:21] [mmBl/5d8ao02g57NhUksd3MwLiU=] [Kham] Checking offline messages for client
[2025-05-25 20:26:21] [mmBl/5d8ao02g57NhUksd3MwLiU=] [Kham] No offline messages found
[2025-05-25 20:26:22] [mmBl/5d8ao02g57NhUksd3MwLiU=] [Kham] Checking offline messages for client
[2025-05-25 20:26:22] [mmBl/5d8ao02g57NhUksd3MwLiU=] [Kham] No offline messages found
[2025-05-25 20:26:22] [mmBl/5d8ao02g57NhUksd3MwLiU=] [Kham] Checking offline messages for client
[2025-05-25 20:26:22] [mmBl/5d8ao02g57NhUksd3MwLiU=] [Kham] No offline messages found
[2025-05-25 20:26:55] [nrcCpfFm9QSrIdBtsSMNfdTrGgg=] [moiiodoy] Checking offline messages for client
[2025-05-25 20:26:55] [nrcCpfFm9QSrIdBtsSMNfdTrGgg=] [moiiodoy] No offline messages found
[2025-05-25 20:29:10] [Tl3Bg1zFfrOJ+IRWyJh5UAIJ+5o=] [Efkeyy] Checking offline messages for client
[2025-05-25 20:29:10] [Tl3Bg1zFfrOJ+IRWyJh5UAIJ+5o=] [Efkeyy] Found 1 offline messages
[2025-05-25 20:29:12] [Tl3Bg1zFfrOJ+IRWyJh5UAIJ+5o=] [Efkeyy] Sent poke message: Your private channel has been renumbered from #12 to #11 to maintain sorting order.
[2025-05-25 20:29:12] [Tl3Bg1zFfrOJ+IRWyJh5UAIJ+5o=] [Efkeyy] Deleted 1 delivered messages from database
[2025-05-25 20:29:13] [yEWzvO3NzyMwYcvI/e8Kq4Q9Gko=] [Anjelik] Checking offline messages for client
[2025-05-25 20:29:13] [yEWzvO3NzyMwYcvI/e8Kq4Q9Gko=] [Anjelik] No offline messages found
[2025-05-25 20:29:37] [jPDg22CUUxELnlpzg1m06jNLovw=] [muntyan] Checking offline messages for client
[2025-05-25 20:29:37] [jPDg22CUUxELnlpzg1m06jNLovw=] [muntyan] No offline messages found
[2025-05-25 20:31:46] [aNfomnK4zXfJ0CUqhT8aRymKWXY=] [Makshpyk] Checking offline messages for client
[2025-05-25 20:31:46] [aNfomnK4zXfJ0CUqhT8aRymKWXY=] [Makshpyk] No offline messages found
[2025-05-25 20:32:52] [YzUgu3CXOY+yhn8UlP+xRN3h09M=] [vekil'] Checking offline messages for client
[2025-05-25 20:32:52] [YzUgu3CXOY+yhn8UlP+xRN3h09M=] [vekil'] No offline messages found
[2025-05-25 20:33:04] [dGiS5dDqPIP/oZIEXcoH3yZd+R0=] [Natuuuuu] Checking offline messages for client
[2025-05-25 20:33:04] [dGiS5dDqPIP/oZIEXcoH3yZd+R0=] [Natuuuuu] No offline messages found
[2025-05-25 20:33:11] [37H/lttZ8+4bwWOCES4zZFUkIOg=] [crzfrg77] Checking offline messages for client
[2025-05-25 20:33:11] [37H/lttZ8+4bwWOCES4zZFUkIOg=] [crzfrg77] No offline messages found
[2025-05-25 20:34:42] [8wO5HXvUa0ktX3G69nioUDKZj+A=] [Rioshad] Checking offline messages for client
[2025-05-25 20:34:42] [8wO5HXvUa0ktX3G69nioUDKZj+A=] [Rioshad] No offline messages found
[2025-05-25 20:37:10] [cm+zDw/4zDuQN120Qa8q1mW/fIQ=] [hudabin] Checking offline messages for client
[2025-05-25 20:37:10] [cm+zDw/4zDuQN120Qa8q1mW/fIQ=] [hudabin] No offline messages found
[2025-05-25 20:37:44] [ayHUOzBuuInw8J/HHBAIDIq0cYY=] [bohun ivan] Checking offline messages for client
[2025-05-25 20:37:44] [ayHUOzBuuInw8J/HHBAIDIq0cYY=] [bohun ivan] No offline messages found
[2025-05-25 20:37:47] [iFtHWznbCRlqzAbpQxduwA3HvWg=] [TeamSpeakUser7] Checking offline messages for client
[2025-05-25 20:37:47] [iFtHWznbCRlqzAbpQxduwA3HvWg=] [TeamSpeakUser7] No offline messages found
[2025-05-25 20:39:22] [iFtHWznbCRlqzAbpQxduwA3HvWg=] [TeamSpeakUser7] Checking offline messages for client
[2025-05-25 20:39:22] [iFtHWznbCRlqzAbpQxduwA3HvWg=] [TeamSpeakUser7] No offline messages found
[2025-05-25 20:39:57] [iFtHWznbCRlqzAbpQxduwA3HvWg=] [TeamSpeakUser7] Checking offline messages for client
[2025-05-25 20:39:57] [iFtHWznbCRlqzAbpQxduwA3HvWg=] [TeamSpeakUser7] No offline messages found
[2025-05-25 20:41:36] [uDRIloZXtHWCupE8AORVUdmwf6M=] [illlia] Checking offline messages for client
[2025-05-25 20:41:36] [uDRIloZXtHWCupE8AORVUdmwf6M=] [illlia] No offline messages found
[2025-05-25 20:46:00] [0XIPokUUTEkn00muYiwnSCQJ4wM=] [credolls] Checking offline messages for client
[2025-05-25 20:46:00] [0XIPokUUTEkn00muYiwnSCQJ4wM=] [credolls] No offline messages found
[2025-05-25 20:46:41] [zQBV+zr0os6YT3ktHjBJZW0cRd8=] [Tufix] Checking offline messages for client
[2025-05-25 20:46:41] [zQBV+zr0os6YT3ktHjBJZW0cRd8=] [Tufix] No offline messages found
[2025-05-25 20:49:00] [aNfomnK4zXfJ0CUqhT8aRymKWXY=] [Makshpyk] Checking offline messages for client
[2025-05-25 20:49:00] [aNfomnK4zXfJ0CUqhT8aRymKWXY=] [Makshpyk] No offline messages found
[2025-05-25 20:51:53] [3q/mYOTA7gk6d5AVyjJDqgBfuU4=] [TeamSpeakUser4] Checking offline messages for client
[2025-05-25 20:51:53] [3q/mYOTA7gk6d5AVyjJDqgBfuU4=] [TeamSpeakUser4] No offline messages found
[2025-05-25 20:52:02] [wzyMDRJrO+ymZI9TrnAeMdoxGTw=] [Хозяин Абатура №4] Checking offline messages for client
[2025-05-25 20:52:02] [wzyMDRJrO+ymZI9TrnAeMdoxGTw=] [Хозяин Абатура №4] No offline messages found
[2025-05-25 20:52:16] [ajfKJfykOS/l9GCTnKVYy3x8UmI=] [TeamSpeakUser8] Checking offline messages for client
[2025-05-25 20:52:16] [ajfKJfykOS/l9GCTnKVYy3x8UmI=] [TeamSpeakUser8] No offline messages found
[2025-05-25 20:52:50] [QlS2dC4Cr8kYrMCwMl/pPCEheNI=] [Hero] Checking offline messages for client
[2025-05-25 20:52:50] [QlS2dC4Cr8kYrMCwMl/pPCEheNI=] [Hero] No offline messages found
[2025-05-25 20:53:24] [1QuYdjwegivq8nQQgKS/N+VS/dw=] [TeamSpeakUser9] Checking offline messages for client
[2025-05-25 20:53:24] [1QuYdjwegivq8nQQgKS/N+VS/dw=] [TeamSpeakUser9] No offline messages found
[2025-05-25 20:53:25] [7lkgv1NgBUC4Nbvfz0XxfSTDHSQ=] [Platonuch_UA] Checking offline messages for client
[2025-05-25 20:53:25] [7lkgv1NgBUC4Nbvfz0XxfSTDHSQ=] [Platonuch_UA] No offline messages found
[2025-05-25 20:53:25] [7lkgv1NgBUC4Nbvfz0XxfSTDHSQ=] [Platonuch_UA] Checking offline messages for client
[2025-05-25 20:53:25] [7lkgv1NgBUC4Nbvfz0XxfSTDHSQ=] [Platonuch_UA] No offline messages found
[2025-05-25 20:53:25] [7lkgv1NgBUC4Nbvfz0XxfSTDHSQ=] [Platonuch_UA] Checking offline messages for client
[2025-05-25 20:53:25] [7lkgv1NgBUC4Nbvfz0XxfSTDHSQ=] [Platonuch_UA] No offline messages found
[2025-05-25 20:53:40] [Ops676Lt6XgMPCQGa8NIevUnutU=] [mmd] Checking offline messages for client
[2025-05-25 20:53:40] [Ops676Lt6XgMPCQGa8NIevUnutU=] [mmd] No offline messages found
[2025-05-25 20:53:47] [oifqugt/iQrqLTccr970rRBsDj8=] [artembill] Checking offline messages for client
[2025-05-25 20:53:47] [oifqugt/iQrqLTccr970rRBsDj8=] [artembill] No offline messages found
[2025-05-25 20:56:28] [KgtWKCUgHe+YIFq4EEIuJUQeydU=] [Mehdi_km81] Checking offline messages for client
[2025-05-25 20:56:28] [KgtWKCUgHe+YIFq4EEIuJUQeydU=] [Mehdi_km81] No offline messages found
[2025-05-25 20:56:28] [0QB97Osw3uXmHXu9QaAed3DrwRQ=] [Myata] Checking offline messages for client
[2025-05-25 20:56:28] [0QB97Osw3uXmHXu9QaAed3DrwRQ=] [Myata] No offline messages found
[2025-05-25 20:56:29] [0QB97Osw3uXmHXu9QaAed3DrwRQ=] [Myata] Checking offline messages for client
[2025-05-25 20:56:29] [0QB97Osw3uXmHXu9QaAed3DrwRQ=] [Myata] No offline messages found
[2025-05-25 20:56:29] [0QB97Osw3uXmHXu9QaAed3DrwRQ=] [Myata] Checking offline messages for client
[2025-05-25 20:56:29] [0QB97Osw3uXmHXu9QaAed3DrwRQ=] [Myata] No offline messages found
[2025-05-25 20:57:18] [rfSlRu7uzjI8pCmk2erQZXW6+7M=] [juju] Checking offline messages for client
[2025-05-25 20:57:18] [rfSlRu7uzjI8pCmk2erQZXW6+7M=] [juju] No offline messages found
[2025-05-25 20:59:02] [1iV+KYEtbjb5RQkEK7JIDCLXPJw=] [fddgod35] Checking offline messages for client
[2025-05-25 20:59:02] [1iV+KYEtbjb5RQkEK7JIDCLXPJw=] [fddgod35] No offline messages found
[2025-05-25 20:59:44] [Ops676Lt6XgMPCQGa8NIevUnutU=] [mmd] Checking offline messages for client
[2025-05-25 20:59:44] [Ops676Lt6XgMPCQGa8NIevUnutU=] [mmd] No offline messages found
[2025-05-25 21:00:39] [JQjkbXWg2IZZb/L8yEMNhCkXVDo=] [Ali_heydari*9] Checking offline messages for client
[2025-05-25 21:00:39] [JQjkbXWg2IZZb/L8yEMNhCkXVDo=] [Ali_heydari*9] No offline messages found
[2025-05-25 21:00:44] [Ops676Lt6XgMPCQGa8NIevUnutU=] [mmd] Checking offline messages for client
[2025-05-25 21:00:44] [Ops676Lt6XgMPCQGa8NIevUnutU=] [mmd] No offline messages found
[2025-05-25 21:00:55] [db5M5xKUN59pF25L3Ham4b5Ndjw=] [Reddington] Checking offline messages for client
[2025-05-25 21:00:55] [db5M5xKUN59pF25L3Ham4b5Ndjw=] [Reddington] No offline messages found
[2025-05-25 21:02:31] [EBXe71Lp4NoWtOX097m16XOL9o8=] [kaya] Checking offline messages for client
[2025-05-25 21:02:31] [EBXe71Lp4NoWtOX097m16XOL9o8=] [kaya] No offline messages found
[2025-05-25 21:02:58] [JQjkbXWg2IZZb/L8yEMNhCkXVDo=] [Ali_heydari*9] Checking offline messages for client
[2025-05-25 21:02:58] [JQjkbXWg2IZZb/L8yEMNhCkXVDo=] [Ali_heydari*9] No offline messages found
[2025-05-25 21:03:04] [xwechdDFJ/0JUBknHo1TI58xDeI=] [fdgod35] Checking offline messages for client
[2025-05-25 21:03:04] [xwechdDFJ/0JUBknHo1TI58xDeI=] [fdgod35] No offline messages found
[2025-05-25 21:03:42] [MCH5CUuHw7qLHVegyroS34EN/pQ=] [PastA1] Checking offline messages for client
[2025-05-25 21:03:42] [MCH5CUuHw7qLHVegyroS34EN/pQ=] [PastA1] No offline messages found
[2025-05-25 21:03:59] [6QTSVZJXFWVj3iE7IzR5O0qjvAA=] [Maprhendil] Checking offline messages for client
[2025-05-25 21:03:59] [6QTSVZJXFWVj3iE7IzR5O0qjvAA=] [Maprhendil] No offline messages found
[2025-05-25 21:10:34] [MQ3mzkgPKf3CSM++TDpopXnLpzs=] [clamoris] Checking offline messages for client
[2025-05-25 21:10:34] [MQ3mzkgPKf3CSM++TDpopXnLpzs=] [clamoris] No offline messages found
[2025-05-25 21:11:39] [RJ4ey/bxVJ5eYFnjo7KF14s+i1s=] [Shahram] Checking offline messages for client
[2025-05-25 21:11:39] [RJ4ey/bxVJ5eYFnjo7KF14s+i1s=] [Shahram] No offline messages found
[2025-05-25 21:12:00] [RJ4ey/bxVJ5eYFnjo7KF14s+i1s=] [Shahram] Checking offline messages for client
[2025-05-25 21:12:00] [RJ4ey/bxVJ5eYFnjo7KF14s+i1s=] [Shahram] No offline messages found
[2025-05-25 21:12:52] [lvbOrAwll8+GyMZ5KkJR8ytlq1g=] [TeamSpeakUser10] Checking offline messages for client
[2025-05-25 21:12:52] [lvbOrAwll8+GyMZ5KkJR8ytlq1g=] [TeamSpeakUser10] No offline messages found
[2025-05-25 21:16:04] [2mZQHdAs7SMjrtaYieQwOL7jAfA=] [lored1] Checking offline messages for client
[2025-05-25 21:16:04] [2mZQHdAs7SMjrtaYieQwOL7jAfA=] [lored1] No offline messages found
[2025-05-25 21:17:14] [0Z2wqQcTx0kpb/KIf+NPkyv4b60=] [-W1LLL] Checking offline messages for client
[2025-05-25 21:17:14] [0Z2wqQcTx0kpb/KIf+NPkyv4b60=] [-W1LLL] No offline messages found
[2025-05-25 21:19:27] [Di2MaUkDvWG/4yTOmNqIBWAhaIM=] [astraiser] Checking offline messages for client
[2025-05-25 21:19:27] [Di2MaUkDvWG/4yTOmNqIBWAhaIM=] [astraiser] No offline messages found
[2025-05-25 21:19:48] [Sf5+Phx4Py/NxePyYOrlHzJ0vJw=] [sasha] Checking offline messages for client
[2025-05-25 21:19:48] [Sf5+Phx4Py/NxePyYOrlHzJ0vJw=] [sasha] No offline messages found
[2025-05-25 21:20:07] [6loDKB5pFq9h9EZ8lWJAl1sRiNA=] [kagixxx] Checking offline messages for client
[2025-05-25 21:20:07] [6loDKB5pFq9h9EZ8lWJAl1sRiNA=] [kagixxx] No offline messages found
[2025-05-25 21:24:27] [6loDKB5pFq9h9EZ8lWJAl1sRiNA=] [kagixxx] Checking offline messages for client
[2025-05-25 21:24:27] [6loDKB5pFq9h9EZ8lWJAl1sRiNA=] [kagixxx] No offline messages found
[2025-05-25 21:25:03] [9nxj1e/LbBNMOHmCFqrsRyQ6MSw=] [_MERS_] Checking offline messages for client
[2025-05-25 21:25:03] [9nxj1e/LbBNMOHmCFqrsRyQ6MSw=] [_MERS_] No offline messages found
[2025-05-25 21:25:03] [9nxj1e/LbBNMOHmCFqrsRyQ6MSw=] [_MERS_] Checking offline messages for client
[2025-05-25 21:25:03] [9nxj1e/LbBNMOHmCFqrsRyQ6MSw=] [_MERS_] No offline messages found
[2025-05-25 21:25:03] [9nxj1e/LbBNMOHmCFqrsRyQ6MSw=] [_MERS_] Checking offline messages for client
[2025-05-25 21:25:03] [9nxj1e/LbBNMOHmCFqrsRyQ6MSw=] [_MERS_] No offline messages found
[2025-05-25 21:25:03] [9nxj1e/LbBNMOHmCFqrsRyQ6MSw=] [_MERS_] Checking offline messages for client
[2025-05-25 21:25:03] [9nxj1e/LbBNMOHmCFqrsRyQ6MSw=] [_MERS_] No offline messages found
[2025-05-25 21:27:13] [5VHklsNdcbmfyHtwDayYUZ4P9Jg=] [lord] Checking offline messages for client
[2025-05-25 21:27:13] [5VHklsNdcbmfyHtwDayYUZ4P9Jg=] [lord] No offline messages found
[2025-05-25 21:30:20] [241rUlsm8jDGuxdg64us6CxMNY8=] [SysmoUsercid=140] Checking offline messages for client
[2025-05-25 21:30:20] [241rUlsm8jDGuxdg64us6CxMNY8=] [SysmoUsercid=140] No offline messages found
[2025-05-25 21:30:21] [EXSCO1E+yioKC6ep5zM7TQxA/aI=] [Negoboy] Checking offline messages for client
[2025-05-25 21:30:21] [EXSCO1E+yioKC6ep5zM7TQxA/aI=] [Negoboy] No offline messages found
[2025-05-25 21:31:22] [0hMeGpv24E/9oRNVleCNhwxNrkQ=] [__Kharakternik__] Checking offline messages for client
[2025-05-25 21:31:22] [0hMeGpv24E/9oRNVleCNhwxNrkQ=] [__Kharakternik__] No offline messages found
[2025-05-25 21:33:20] [VuNFAf3wIFc1IkWzOmahJ2tNnQw=] [amir-v13] Checking offline messages for client
[2025-05-25 21:33:20] [VuNFAf3wIFc1IkWzOmahJ2tNnQw=] [amir-v13] No offline messages found
[2025-05-25 21:35:00] [VuNFAf3wIFc1IkWzOmahJ2tNnQw=] [amir-v13] Checking offline messages for client
[2025-05-25 21:35:00] [VuNFAf3wIFc1IkWzOmahJ2tNnQw=] [amir-v13] No offline messages found
[2025-05-25 21:37:24] [DhDqNKJFOzAI9dgJ0qsFAh9W1bM=] [Parsa94] Checking offline messages for client
[2025-05-25 21:37:24] [DhDqNKJFOzAI9dgJ0qsFAh9W1bM=] [Parsa94] No offline messages found
[2025-05-25 21:38:31] [zQBV+zr0os6YT3ktHjBJZW0cRd8=] [Tufix] Checking offline messages for client
[2025-05-25 21:38:31] [zQBV+zr0os6YT3ktHjBJZW0cRd8=] [Tufix] No offline messages found
[2025-05-25 21:40:12] [ktz2dZ1dONgntrNq5d/LFS/S+NU=] [mohsen] Checking offline messages for client
[2025-05-25 21:40:12] [ktz2dZ1dONgntrNq5d/LFS/S+NU=] [mohsen] No offline messages found
[2025-05-25 21:41:17] [ktz2dZ1dONgntrNq5d/LFS/S+NU=] [mohsen] Checking offline messages for client
[2025-05-25 21:41:17] [ktz2dZ1dONgntrNq5d/LFS/S+NU=] [mohsen] No offline messages found
[2025-05-25 21:42:44] [SWxJDeJ9wQJDp/QPcsWONLakRew=] [1234] Checking offline messages for client
[2025-05-25 21:42:44] [SWxJDeJ9wQJDp/QPcsWONLakRew=] [1234] No offline messages found
[2025-05-25 21:43:06] [7OPNxHcTHSq+znXytBlDRPU74IQ=] [NaiRoD] Checking offline messages for client
[2025-05-25 21:43:06] [7OPNxHcTHSq+znXytBlDRPU74IQ=] [NaiRoD] No offline messages found
[2025-05-25 21:43:28] [EpUZWrjjGrqfKYXVQkV4/zwv73I=] [mehdi ronin] Checking offline messages for client
[2025-05-25 21:43:28] [EpUZWrjjGrqfKYXVQkV4/zwv73I=] [mehdi ronin] No offline messages found
[2025-05-25 21:45:08] [AGdHkXzCmxr/fBHS1DaP9ZnVpGo=] [alper] Checking offline messages for client
[2025-05-25 21:45:08] [AGdHkXzCmxr/fBHS1DaP9ZnVpGo=] [alper] No offline messages found
[2025-05-25 21:45:14] [SugbFWoGEjTstbkedjT/7/CaoL4=] [ak24aa] Checking offline messages for client
[2025-05-25 21:45:14] [SugbFWoGEjTstbkedjT/7/CaoL4=] [ak24aa] No offline messages found
[2025-05-25 21:45:20] [DhDqNKJFOzAI9dgJ0qsFAh9W1bM=] [Parsa94] Checking offline messages for client
[2025-05-25 21:45:20] [DhDqNKJFOzAI9dgJ0qsFAh9W1bM=] [Parsa94] No offline messages found
[2025-05-25 21:45:46] [pUCIpssKzbEhYAmtB8xcuFXcEsU=] [mostafa] Checking offline messages for client
[2025-05-25 21:45:46] [pUCIpssKzbEhYAmtB8xcuFXcEsU=] [mostafa] No offline messages found
[2025-05-25 21:45:51] [1D/VZokKQLBP7eOeCdZ48YdxN54=] [wasshi] Checking offline messages for client
[2025-05-25 21:45:51] [1D/VZokKQLBP7eOeCdZ48YdxN54=] [wasshi] No offline messages found
[2025-05-25 21:47:16] [fiWNBIZG2ioqbK7dtheFRsenFVI=] [AlexQc] Checking offline messages for client
[2025-05-25 21:47:16] [fiWNBIZG2ioqbK7dtheFRsenFVI=] [AlexQc] No offline messages found
[2025-05-25 21:47:35] [WUFbI2wm1TirPkulhTRESNYToW0=] [sajjad] Checking offline messages for client
[2025-05-25 21:47:35] [WUFbI2wm1TirPkulhTRESNYToW0=] [sajjad] No offline messages found
[2025-05-25 21:48:49] [A1xfpFQsaf2c9EH0PcH4vxsTE1o=] [GENERAL MOTORS] Checking offline messages for client
[2025-05-25 21:48:49] [A1xfpFQsaf2c9EH0PcH4vxsTE1o=] [GENERAL MOTORS] No offline messages found
[2025-05-25 21:50:29] [aNfomnK4zXfJ0CUqhT8aRymKWXY=] [Makshpyk] Checking offline messages for client
[2025-05-25 21:50:29] [aNfomnK4zXfJ0CUqhT8aRymKWXY=] [Makshpyk] No offline messages found
[2025-05-25 21:52:46] [xcwFhKN0bPn1QJxV7HHekBb2PAs=] [Сика] Checking offline messages for client
[2025-05-25 21:52:46] [xcwFhKN0bPn1QJxV7HHekBb2PAs=] [Сика] No offline messages found
[2025-05-25 21:53:22] [QGvH/QQM/8tcBPgPjENTGwRC0Tc=] [Murchick] Checking offline messages for client
[2025-05-25 21:53:22] [QGvH/QQM/8tcBPgPjENTGwRC0Tc=] [Murchick] No offline messages found
[2025-05-25 21:53:33] [QGvH/QQM/8tcBPgPjENTGwRC0Tc=] [Murchick] Checking offline messages for client
[2025-05-25 21:53:33] [QGvH/QQM/8tcBPgPjENTGwRC0Tc=] [Murchick] No offline messages found
[2025-05-25 21:55:23] [ktz2dZ1dONgntrNq5d/LFS/S+NU=] [mohsen] Checking offline messages for client
[2025-05-25 21:55:23] [ktz2dZ1dONgntrNq5d/LFS/S+NU=] [mohsen] No offline messages found
[2025-05-25 21:58:21] [0wuv5s/pHcg82tNJ2lODnm3RvMQ=] [Art1kahaha] Checking offline messages for client
[2025-05-25 21:58:21] [0wuv5s/pHcg82tNJ2lODnm3RvMQ=] [Art1kahaha] No offline messages found
[2025-05-25 22:00:20] [C6L4VUJ4HuBj9yo1gI1YVUr+6Ns=] [Brzak] Checking offline messages for client
[2025-05-25 22:00:20] [C6L4VUJ4HuBj9yo1gI1YVUr+6Ns=] [Brzak] No offline messages found
[2025-05-25 22:01:37] [Cji46tp2K393WPeFVB8+qBNs7Sw=] [TeamSpeakUser] Checking offline messages for client
[2025-05-25 22:01:37] [Cji46tp2K393WPeFVB8+qBNs7Sw=] [TeamSpeakUser] No offline messages found
[2025-05-25 22:02:14] [dHD7jWi8Q5Lp4lz7I8/axaXFAEA=] [__illlia__] Checking offline messages for client
[2025-05-25 22:02:14] [dHD7jWi8Q5Lp4lz7I8/axaXFAEA=] [__illlia__] No offline messages found
[2025-05-25 22:02:20] [BwlvWTk4X2R/AjiK56jphGEzeDU=] [TeamSpeakUser] Checking offline messages for client
[2025-05-25 22:02:20] [BwlvWTk4X2R/AjiK56jphGEzeDU=] [TeamSpeakUser] No offline messages found
[2025-05-25 22:03:19] [DhDqNKJFOzAI9dgJ0qsFAh9W1bM=] [Parsa94] Checking offline messages for client
[2025-05-25 22:03:19] [DhDqNKJFOzAI9dgJ0qsFAh9W1bM=] [Parsa94] No offline messages found
[2025-05-25 22:04:52] [2Wwp3OUfYmW1YS0CcQ4xw15CjCs=] [krsto] Checking offline messages for client
[2025-05-25 22:04:52] [2Wwp3OUfYmW1YS0CcQ4xw15CjCs=] [krsto] No offline messages found
[2025-05-25 22:06:09] [QGvH/QQM/8tcBPgPjENTGwRC0Tc=] [Murchick] Checking offline messages for client
[2025-05-25 22:06:09] [QGvH/QQM/8tcBPgPjENTGwRC0Tc=] [Murchick] No offline messages found
[2025-05-25 22:08:24] [ktz2dZ1dONgntrNq5d/LFS/S+NU=] [mohsen] Checking offline messages for client
[2025-05-25 22:08:24] [ktz2dZ1dONgntrNq5d/LFS/S+NU=] [mohsen] No offline messages found
[2025-05-25 22:12:01] [ktz2dZ1dONgntrNq5d/LFS/S+NU=] [mohsen] Checking offline messages for client
[2025-05-25 22:12:01] [ktz2dZ1dONgntrNq5d/LFS/S+NU=] [mohsen] No offline messages found
[2025-05-25 22:13:30] [ktz2dZ1dONgntrNq5d/LFS/S+NU=] [mohsen] Checking offline messages for client
[2025-05-25 22:13:30] [ktz2dZ1dONgntrNq5d/LFS/S+NU=] [mohsen] No offline messages found
[2025-05-25 22:13:45] [eAuKs9HPamMWAyQuTn0E2FCkE0g=] [Majkel Jekson] Checking offline messages for client
[2025-05-25 22:13:45] [eAuKs9HPamMWAyQuTn0E2FCkE0g=] [Majkel Jekson] No offline messages found
[2025-05-25 22:14:55] [g0KfUUxJaw2pKqfr/IZiIbBSkE8=] [pa_sha00] Checking offline messages for client
[2025-05-25 22:14:55] [g0KfUUxJaw2pKqfr/IZiIbBSkE8=] [pa_sha00] No offline messages found
[2025-05-25 22:15:41] [ktz2dZ1dONgntrNq5d/LFS/S+NU=] [mohsen] Checking offline messages for client
[2025-05-25 22:15:41] [ktz2dZ1dONgntrNq5d/LFS/S+NU=] [mohsen] No offline messages found
[2025-05-25 22:17:22] [UbBf9oGHyncJR2fesqlpHm/duxE=] [Art1kahaha1] Checking offline messages for client
[2025-05-25 22:17:22] [UbBf9oGHyncJR2fesqlpHm/duxE=] [Art1kahaha1] No offline messages found
[2025-05-25 22:18:38] [RJ4ey/bxVJ5eYFnjo7KF14s+i1s=] [Shahram] Checking offline messages for client
[2025-05-25 22:18:38] [RJ4ey/bxVJ5eYFnjo7KF14s+i1s=] [Shahram] No offline messages found
[2025-05-25 22:19:01] [dMs00ngE6YI0KHtAGRTqeHdKujU=] [Bigboss420] Checking offline messages for client
[2025-05-25 22:19:01] [dMs00ngE6YI0KHtAGRTqeHdKujU=] [Bigboss420] No offline messages found
[2025-05-25 22:19:01] [dMs00ngE6YI0KHtAGRTqeHdKujU=] [Bigboss420] Checking offline messages for client
[2025-05-25 22:19:01] [dMs00ngE6YI0KHtAGRTqeHdKujU=] [Bigboss420] No offline messages found
[2025-05-25 22:19:01] [dMs00ngE6YI0KHtAGRTqeHdKujU=] [Bigboss420] Checking offline messages for client
[2025-05-25 22:19:01] [dMs00ngE6YI0KHtAGRTqeHdKujU=] [Bigboss420] No offline messages found
[2025-05-25 22:20:21] [AGdHkXzCmxr/fBHS1DaP9ZnVpGo=] [alper] Checking offline messages for client
[2025-05-25 22:20:21] [AGdHkXzCmxr/fBHS1DaP9ZnVpGo=] [alper] No offline messages found
[2025-05-25 22:21:25] [ktz2dZ1dONgntrNq5d/LFS/S+NU=] [mohsen] Checking offline messages for client
[2025-05-25 22:21:25] [ktz2dZ1dONgntrNq5d/LFS/S+NU=] [mohsen] No offline messages found
[2025-05-25 22:24:15] [pa4EomUE5xzFSB9tc7CilmX3NTU=] [Imprii] Checking offline messages for client
[2025-05-25 22:24:15] [pa4EomUE5xzFSB9tc7CilmX3NTU=] [Imprii] No offline messages found
[2025-05-25 22:24:20] [qNsg0b7JeakWdOg/MBVUEfo+t/s=] [Chico] Checking offline messages for client
[2025-05-25 22:24:20] [qNsg0b7JeakWdOg/MBVUEfo+t/s=] [Chico] No offline messages found
[2025-05-25 22:25:05] [4MLGGYt6Z3sgx8GHTCEtNvLhFCY=] [salas] Checking offline messages for client
[2025-05-25 22:25:05] [4MLGGYt6Z3sgx8GHTCEtNvLhFCY=] [salas] No offline messages found
[2025-05-25 22:25:29] [MarBbTtCOdPsPCcTGPUko7UH7Sk=] [billy nogami] Checking offline messages for client
[2025-05-25 22:25:29] [MarBbTtCOdPsPCcTGPUko7UH7Sk=] [billy nogami] No offline messages found
[2025-05-25 22:25:50] [ktz2dZ1dONgntrNq5d/LFS/S+NU=] [mohsen] Checking offline messages for client
[2025-05-25 22:25:50] [ktz2dZ1dONgntrNq5d/LFS/S+NU=] [mohsen] No offline messages found
[2025-05-25 22:26:33] [/paoPeDO7Sw3DPisftzEeJfXp+Y=] [J4M4L] Checking offline messages for client
[2025-05-25 22:26:33] [/paoPeDO7Sw3DPisftzEeJfXp+Y=] [J4M4L] No offline messages found
[2025-05-25 22:26:59] [5tr0bmquCHHSQKHnrvHDA84gg1s=] [DADA] Checking offline messages for client
[2025-05-25 22:26:59] [5tr0bmquCHHSQKHnrvHDA84gg1s=] [DADA] No offline messages found
[2025-05-25 22:32:41] [hSwBMKEKrFOzVYd/5HDY/EzOjlU=] [squarttt] Checking offline messages for client
[2025-05-25 22:32:41] [hSwBMKEKrFOzVYd/5HDY/EzOjlU=] [squarttt] No offline messages found
[2025-05-25 22:37:56] [Cji46tp2K393WPeFVB8+qBNs7Sw=] [TeamSpeakUser] Checking offline messages for client
[2025-05-25 22:37:56] [Cji46tp2K393WPeFVB8+qBNs7Sw=] [TeamSpeakUser] No offline messages found
[2025-05-25 22:38:40] [Cji46tp2K393WPeFVB8+qBNs7Sw=] [TeamSpeakUser] Checking offline messages for client
[2025-05-25 22:38:40] [Cji46tp2K393WPeFVB8+qBNs7Sw=] [TeamSpeakUser] No offline messages found
[2025-05-25 22:39:40] [bebLlHmNFiDOULwzFR3g03H4GHg=] [СИСЯ] Checking offline messages for client
[2025-05-25 22:39:40] [bebLlHmNFiDOULwzFR3g03H4GHg=] [СИСЯ] No offline messages found
[2025-05-25 22:39:51] [DhDqNKJFOzAI9dgJ0qsFAh9W1bM=] [Parsa94] Checking offline messages for client
[2025-05-25 22:39:51] [DhDqNKJFOzAI9dgJ0qsFAh9W1bM=] [Parsa94] No offline messages found
[2025-05-25 22:41:54] [IdIi7kB17WXopOMKuVQFyzM8Fhs=] [ali] Checking offline messages for client
[2025-05-25 22:41:54] [IdIi7kB17WXopOMKuVQFyzM8Fhs=] [ali] No offline messages found
[2025-05-25 22:43:38] [1QuYdjwegivq8nQQgKS/N+VS/dw=] [TeamSpeakUser] Checking offline messages for client
[2025-05-25 22:43:38] [1QuYdjwegivq8nQQgKS/N+VS/dw=] [TeamSpeakUser] No offline messages found
[2025-05-25 22:44:59] [IdIi7kB17WXopOMKuVQFyzM8Fhs=] [ali] Checking offline messages for client
[2025-05-25 22:44:59] [IdIi7kB17WXopOMKuVQFyzM8Fhs=] [ali] No offline messages found
[2025-05-25 22:45:52] [IdIi7kB17WXopOMKuVQFyzM8Fhs=] [ali] Checking offline messages for client
[2025-05-25 22:45:52] [IdIi7kB17WXopOMKuVQFyzM8Fhs=] [ali] No offline messages found
[2025-05-25 22:46:21] [L194KdPcI1asyxtpLRS8SD5byZs=] [hn_tired] Checking offline messages for client
[2025-05-25 22:46:21] [L194KdPcI1asyxtpLRS8SD5byZs=] [hn_tired] No offline messages found
[2025-05-25 22:46:40] [i/ND/EeQWCaCxiPO2253viRIoAA=] [agga] Checking offline messages for client
[2025-05-25 22:46:40] [i/ND/EeQWCaCxiPO2253viRIoAA=] [agga] No offline messages found
[2025-05-25 22:47:35] [/RRMs3gG8kLgnFQRIgh0MVnRUJI=] [sadadadasd] Checking offline messages for client
[2025-05-25 22:47:35] [/RRMs3gG8kLgnFQRIgh0MVnRUJI=] [sadadadasd] No offline messages found
[2025-05-25 22:48:25] [IdIi7kB17WXopOMKuVQFyzM8Fhs=] [ali] Checking offline messages for client
[2025-05-25 22:48:25] [IdIi7kB17WXopOMKuVQFyzM8Fhs=] [ali] No offline messages found
[2025-05-25 22:56:07] [/7oqbuETDjRc5zFgoFIV+/xAWQs=] [NegritoLindo] Checking offline messages for client
[2025-05-25 22:56:07] [/7oqbuETDjRc5zFgoFIV+/xAWQs=] [NegritoLindo] No offline messages found
[2025-05-25 22:56:35] [BeICdvIiZVCXM27KQGZo0ienVIU=] [ordep] Checking offline messages for client
[2025-05-25 22:56:35] [BeICdvIiZVCXM27KQGZo0ienVIU=] [ordep] No offline messages found
[2025-05-25 23:00:12] [u4hg6PgRYnGiqkqkrk+KkLL4e6c=] [TeamSpeakUser] Checking offline messages for client
[2025-05-25 23:00:12] [u4hg6PgRYnGiqkqkrk+KkLL4e6c=] [TeamSpeakUser] No offline messages found
[2025-05-25 23:01:05] [u+ay+NVG1x8A79SUPyOujK7Yewg=] [TeamSpeakUser2] Checking offline messages for client
[2025-05-25 23:01:05] [u+ay+NVG1x8A79SUPyOujK7Yewg=] [TeamSpeakUser2] No offline messages found
[2025-05-25 23:01:21] [vBlEvNiCbFHzE97FxJ1SFqhPHhs=] [middlemd] Checking offline messages for client
[2025-05-25 23:01:21] [vBlEvNiCbFHzE97FxJ1SFqhPHhs=] [middlemd] No offline messages found
[2025-05-25 23:01:24] [cHyp2bnAwvV3N1jq1RNiNlNUV9s=] [Fritt] Checking offline messages for client
[2025-05-25 23:01:24] [cHyp2bnAwvV3N1jq1RNiNlNUV9s=] [Fritt] No offline messages found
[2025-05-25 23:02:54] [6n/nlxL7CTtf0tVytkRkqsOyzwM=] [Barış] Checking offline messages for client
[2025-05-25 23:02:54] [6n/nlxL7CTtf0tVytkRkqsOyzwM=] [Barış] No offline messages found
[2025-05-25 23:03:14] [ktz2dZ1dONgntrNq5d/LFS/S+NU=] [mohsen] Checking offline messages for client
[2025-05-25 23:03:14] [ktz2dZ1dONgntrNq5d/LFS/S+NU=] [mohsen] No offline messages found
[2025-05-25 23:04:17] [iW+bhqN79HI2P5cFMO8+PUsvfkI=] [tarro2321321312] Checking offline messages for client
[2025-05-25 23:04:17] [iW+bhqN79HI2P5cFMO8+PUsvfkI=] [tarro2321321312] No offline messages found
[2025-05-25 23:04:20] [op9aF5gpPEcS0zuoCV0wviHOYmQ=] [Speedbatteur] Checking offline messages for client
[2025-05-25 23:04:20] [op9aF5gpPEcS0zuoCV0wviHOYmQ=] [Speedbatteur] No offline messages found
[2025-05-25 23:04:39] [esphB+mG2+N8I3ntRjK04Tgvv7o=] [Phantor] Checking offline messages for client
[2025-05-25 23:04:39] [esphB+mG2+N8I3ntRjK04Tgvv7o=] [Phantor] No offline messages found
[2025-05-25 23:04:50] [c7oFTcKiq/RBmmRK+zVRyiDwGvs=] [karl_33] Checking offline messages for client
[2025-05-25 23:04:50] [c7oFTcKiq/RBmmRK+zVRyiDwGvs=] [karl_33] No offline messages found
[2025-05-25 23:05:27] [jPDg22CUUxELnlpzg1m06jNLovw=] [muntyan] Checking offline messages for client
[2025-05-25 23:05:27] [jPDg22CUUxELnlpzg1m06jNLovw=] [muntyan] No offline messages found
[2025-05-25 23:05:54] [MZWgndUXO6A0YcVlmWyBE1rQlnY=] [Musto] Checking offline messages for client
[2025-05-25 23:05:54] [MZWgndUXO6A0YcVlmWyBE1rQlnY=] [Musto] No offline messages found
[2025-05-25 23:07:16] [vBlEvNiCbFHzE97FxJ1SFqhPHhs=] [middlemd] Checking offline messages for client
[2025-05-25 23:07:16] [vBlEvNiCbFHzE97FxJ1SFqhPHhs=] [middlemd] No offline messages found
[2025-05-25 23:07:52] [EpUZWrjjGrqfKYXVQkV4/zwv73I=] [mehdi ronin] Checking offline messages for client
[2025-05-25 23:07:52] [EpUZWrjjGrqfKYXVQkV4/zwv73I=] [mehdi ronin] No offline messages found
[2025-05-25 23:11:58] [GOV5gwJbYlCsi25msLmnfnZypPY=] [TeamSpeakUser2] Checking offline messages for client
[2025-05-25 23:11:58] [GOV5gwJbYlCsi25msLmnfnZypPY=] [TeamSpeakUser2] No offline messages found
[2025-05-25 23:12:05] [GOV5gwJbYlCsi25msLmnfnZypPY=] [TeamSpeakUser2] Checking offline messages for client
[2025-05-25 23:12:05] [GOV5gwJbYlCsi25msLmnfnZypPY=] [TeamSpeakUser2] No offline messages found
[2025-05-25 23:12:12] [EpUZWrjjGrqfKYXVQkV4/zwv73I=] [mehdi ronin] Checking offline messages for client
[2025-05-25 23:12:12] [EpUZWrjjGrqfKYXVQkV4/zwv73I=] [mehdi ronin] No offline messages found
[2025-05-25 23:13:33] [fy8DqFHe3q5TlO4nekOYp9jKjUI=] [qop] Checking offline messages for client
[2025-05-25 23:13:33] [fy8DqFHe3q5TlO4nekOYp9jKjUI=] [qop] No offline messages found
[2025-05-25 23:14:30] [EpUZWrjjGrqfKYXVQkV4/zwv73I=] [mehdi ronin] Checking offline messages for client
[2025-05-25 23:14:30] [EpUZWrjjGrqfKYXVQkV4/zwv73I=] [mehdi ronin] No offline messages found
[2025-05-25 23:14:40] [s3mgaKq6tvy3T1BodCkwwnW81eg=] [TeamSpeakUser7] Checking offline messages for client
[2025-05-25 23:14:40] [s3mgaKq6tvy3T1BodCkwwnW81eg=] [TeamSpeakUser7] No offline messages found
[2025-05-25 23:15:38] [3oWtn5L+6IU6K2KqfHLzLNq4zKM=] [kaetanin] Checking offline messages for client
[2025-05-25 23:15:38] [3oWtn5L+6IU6K2KqfHLzLNq4zKM=] [kaetanin] No offline messages found
[2025-05-25 23:15:43] [fy8DqFHe3q5TlO4nekOYp9jKjUI=] [qop] Checking offline messages for client
[2025-05-25 23:15:43] [fy8DqFHe3q5TlO4nekOYp9jKjUI=] [qop] No offline messages found
[2025-05-25 23:16:55] [+IdTxeDPU0HaxOmF1Yivm4WLd78=] [chelko] Checking offline messages for client
[2025-05-25 23:16:55] [+IdTxeDPU0HaxOmF1Yivm4WLd78=] [chelko] No offline messages found
[2025-05-25 23:17:28] [6AkyTsK3iXi9KOoyg/pZts2fquE=] [kewy1337] Checking offline messages for client
[2025-05-25 23:17:28] [6AkyTsK3iXi9KOoyg/pZts2fquE=] [kewy1337] No offline messages found
[2025-05-25 23:17:55] [Uu5KMlrBm4Z5LiLbdfTmVcSDXOU=] [I_XaSkI_I] Checking offline messages for client
[2025-05-25 23:17:55] [Uu5KMlrBm4Z5LiLbdfTmVcSDXOU=] [I_XaSkI_I] No offline messages found
[2025-05-25 23:18:04] [3oWtn5L+6IU6K2KqfHLzLNq4zKM=] [kaetanin] Checking offline messages for client
[2025-05-25 23:18:04] [3oWtn5L+6IU6K2KqfHLzLNq4zKM=] [kaetanin] No offline messages found
[2025-05-25 23:19:10] [0hMeGpv24E/9oRNVleCNhwxNrkQ=] [__Kharakternik__] Checking offline messages for client
[2025-05-25 23:19:10] [0hMeGpv24E/9oRNVleCNhwxNrkQ=] [__Kharakternik__] No offline messages found
[2025-05-25 23:20:00] [6AkyTsK3iXi9KOoyg/pZts2fquE=] [kewy1337] Checking offline messages for client
[2025-05-25 23:20:00] [6AkyTsK3iXi9KOoyg/pZts2fquE=] [kewy1337] No offline messages found
[2025-05-25 23:22:58] [qCQuK6Is+deAhN2xl/XspjIz8xY=] [Faith] Checking offline messages for client
[2025-05-25 23:22:58] [qCQuK6Is+deAhN2xl/XspjIz8xY=] [Faith] No offline messages found
[2025-05-25 23:23:04] [gIiFEIVlfd6xCpeH96UhRqBaXQI=] [Globelit] Checking offline messages for client
[2025-05-25 23:23:04] [gIiFEIVlfd6xCpeH96UhRqBaXQI=] [Globelit] No offline messages found
[2025-05-25 23:23:55] [GXI+Kd+Xeqti/lrekJYmlA3EliA=] [berre_] Checking offline messages for client
[2025-05-25 23:23:55] [GXI+Kd+Xeqti/lrekJYmlA3EliA=] [berre_] No offline messages found
[2025-05-25 23:26:33] [ZUzbS7Sz6dFVm9YdM7uHxVuwIvo=] [Victuziin] Checking offline messages for client
[2025-05-25 23:26:33] [ZUzbS7Sz6dFVm9YdM7uHxVuwIvo=] [Victuziin] No offline messages found
[2025-05-25 23:29:35] [gIiFEIVlfd6xCpeH96UhRqBaXQI=] [Globelit] Checking offline messages for client
[2025-05-25 23:29:35] [gIiFEIVlfd6xCpeH96UhRqBaXQI=] [Globelit] No offline messages found
[2025-05-25 23:30:05] [lvbOrAwll8+GyMZ5KkJR8ytlq1g=] [TeamSpeakUser1] Checking offline messages for client
[2025-05-25 23:30:05] [lvbOrAwll8+GyMZ5KkJR8ytlq1g=] [TeamSpeakUser1] No offline messages found
[2025-05-25 23:32:08] [5TbrZIDgJ3Q9TbA+znMPtlqMHRE=] [berksesxd13] Checking offline messages for client
[2025-05-25 23:32:08] [5TbrZIDgJ3Q9TbA+znMPtlqMHRE=] [berksesxd13] No offline messages found
[2025-05-25 23:35:37] [VNEMZGVfsM3a7FyUkiKK12KnFvw=] [rowdy] Checking offline messages for client
[2025-05-25 23:35:37] [VNEMZGVfsM3a7FyUkiKK12KnFvw=] [rowdy] No offline messages found
[2025-05-25 23:39:38] [Cji46tp2K393WPeFVB8+qBNs7Sw=] [TeamSpeakUser7] Checking offline messages for client
[2025-05-25 23:39:38] [Cji46tp2K393WPeFVB8+qBNs7Sw=] [TeamSpeakUser7] No offline messages found
[2025-05-25 23:40:31] [wHu8CcJA3lzMnjKWRMwrrvCJbLs=] [PoPoEyE] Checking offline messages for client
[2025-05-25 23:40:31] [wHu8CcJA3lzMnjKWRMwrrvCJbLs=] [PoPoEyE] No offline messages found
[2025-05-25 23:41:40] [Mb6dR/g4URSfDnUQLHUZn7ZBzJg=] [TeamSpeakUser7] Checking offline messages for client
[2025-05-25 23:41:40] [Mb6dR/g4URSfDnUQLHUZn7ZBzJg=] [TeamSpeakUser7] No offline messages found
[2025-05-25 23:55:14] [XQUDH4dR5JFRAV8+6Li/lQEpzYU=] [Vitoo] Checking offline messages for client
[2025-05-25 23:55:14] [XQUDH4dR5JFRAV8+6Li/lQEpzYU=] [Vitoo] No offline messages found
