[2025-07-29 00:11:28] [w6PNozwE3hiJ9vcTIkER64disyw=] [TeamSpeakUser] Checking offline messages for client
[2025-07-29 00:11:28] [w6PNozwE3hiJ9vcTIkER64disyw=] [TeamSpeakUser] No offline messages found
[2025-07-29 00:32:43] [DlBQSv+ccYTp5SrssTpqL5b2mfg=] [TeamSpeakUser] Checking offline messages for client
[2025-07-29 00:32:43] [DlBQSv+ccYTp5SrssTpqL5b2mfg=] [TeamSpeakUser] No offline messages found
[2025-07-29 00:33:11] [RN5q34hvf046r4qme1+T2IWlORI=] [maksik] Checking offline messages for client
[2025-07-29 00:33:11] [RN5q34hvf046r4qme1+T2IWlORI=] [maksik] No offline messages found
[2025-07-29 00:52:53] [7yx4rkr+UQ/H5S8ylZN92oaaouc=] [burak145349] Checking offline messages for client
[2025-07-29 00:52:53] [7yx4rkr+UQ/H5S8ylZN92oaaouc=] [burak145349] No offline messages found
[2025-07-29 00:53:05] [UGY8Kcj0WISsPjCfS8KB0k7vMsc=] [Leijonuss] Checking offline messages for client
[2025-07-29 00:53:05] [UGY8Kcj0WISsPjCfS8KB0k7vMsc=] [Leijonuss] No offline messages found
[2025-07-29 00:53:18] [UGY8Kcj0WISsPjCfS8KB0k7vMsc=] [Leijonuss] Checking offline messages for client
[2025-07-29 00:53:18] [UGY8Kcj0WISsPjCfS8KB0k7vMsc=] [Leijonuss] No offline messages found
[2025-07-29 00:56:28] [pUCIpssKzbEhYAmtB8xcuFXcEsU=] [mostafa] Checking offline messages for client
[2025-07-29 00:56:28] [pUCIpssKzbEhYAmtB8xcuFXcEsU=] [mostafa] No offline messages found
[2025-07-29 01:04:00] [CivIdqvdtxSJX+mCOeU13yota9Y=] [digitalmix] Checking offline messages for client
[2025-07-29 01:04:00] [CivIdqvdtxSJX+mCOeU13yota9Y=] [digitalmix] No offline messages found
[2025-07-29 01:04:51] [ZRJE0ISA13RmnFcasOlw68BVsNY=] [F4funder] Checking offline messages for client
[2025-07-29 01:04:51] [ZRJE0ISA13RmnFcasOlw68BVsNY=] [F4funder] No offline messages found
[2025-07-29 01:43:40] [RN5q34hvf046r4qme1+T2IWlORI=] [maksik] Checking offline messages for client
[2025-07-29 01:43:40] [RN5q34hvf046r4qme1+T2IWlORI=] [maksik] No offline messages found
[2025-07-29 01:57:39] [ZQhSo1tQ5YDSZNLYSj+nKwHZezs=] [hamza] Checking offline messages for client
[2025-07-29 01:57:39] [ZQhSo1tQ5YDSZNLYSj+nKwHZezs=] [hamza] No offline messages found
[2025-07-29 03:03:25] [3PUL5t5Jz0KW4hyrBCzi+BArN60=] [tenshin_non] Checking offline messages for client
[2025-07-29 03:03:25] [3PUL5t5Jz0KW4hyrBCzi+BArN60=] [tenshin_non] No offline messages found
[2025-07-29 03:04:39] [vn9pK34k+cof6a4SinSowea3gQw=] [Odak] Checking offline messages for client
[2025-07-29 03:04:39] [vn9pK34k+cof6a4SinSowea3gQw=] [Odak] No offline messages found
[2025-07-29 03:18:13] [jWxbfxhLxs9dPa3t1WUnys7gnbk=] [Richard_TH] Checking offline messages for client
[2025-07-29 03:18:13] [jWxbfxhLxs9dPa3t1WUnys7gnbk=] [Richard_TH] No offline messages found
[2025-07-29 03:19:54] [qCQuK6Is+deAhN2xl/XspjIz8xY=] [Faith] Checking offline messages for client
[2025-07-29 03:19:54] [qCQuK6Is+deAhN2xl/XspjIz8xY=] [Faith] No offline messages found
[2025-07-29 03:20:20] [sDGTmykW+tszI+sqWb5sOOLvtdM=] [f.donato] Checking offline messages for client
[2025-07-29 03:20:20] [sDGTmykW+tszI+sqWb5sOOLvtdM=] [f.donato] No offline messages found
[2025-07-29 03:20:23] [Z3dqFL90itQUOdirlz2x1TyvA1s=] [Victuziin] Checking offline messages for client
[2025-07-29 03:20:23] [Z3dqFL90itQUOdirlz2x1TyvA1s=] [Victuziin] No offline messages found
[2025-07-29 04:19:27] [ytzrq/0by1qTr3vTnSntok01BvI=] [User1] Checking offline messages for client
[2025-07-29 04:19:27] [ytzrq/0by1qTr3vTnSntok01BvI=] [User1] No offline messages found
[2025-07-29 04:22:58] [4pxqcXPFIvehTcYkt1gNOsP8Sc0=] [AmasHa] Checking offline messages for client
[2025-07-29 04:22:58] [4pxqcXPFIvehTcYkt1gNOsP8Sc0=] [AmasHa] No offline messages found
[2025-07-29 06:14:09] [ZO6rE9engh9NOzV+mZUSikSjevI=] [Cream_soda__] Checking offline messages for client
[2025-07-29 06:14:09] [ZO6rE9engh9NOzV+mZUSikSjevI=] [Cream_soda__] No offline messages found
[2025-07-29 07:14:11] [1bxlkLWE1YEds4euACE9lSAD0Jg=] [Mr..Fury] Checking offline messages for client
[2025-07-29 07:14:11] [1bxlkLWE1YEds4euACE9lSAD0Jg=] [Mr..Fury] No offline messages found
[2025-07-29 07:36:53] [0TS7jt0APSegEgA9K9hIWfin7m0=] [dadaok] Checking offline messages for client
[2025-07-29 07:36:53] [0TS7jt0APSegEgA9K9hIWfin7m0=] [dadaok] No offline messages found
[2025-07-29 08:48:25] [qVldAxT2BuZSKwPYfP5rGmq1glU=] [Sichselber | André] Checking offline messages for client
[2025-07-29 08:48:25] [qVldAxT2BuZSKwPYfP5rGmq1glU=] [Sichselber | André] No offline messages found
[2025-07-29 09:00:59] [dHD7jWi8Q5Lp4lz7I8/axaXFAEA=] [__illlia__] Checking offline messages for client
[2025-07-29 09:00:59] [dHD7jWi8Q5Lp4lz7I8/axaXFAEA=] [__illlia__] No offline messages found
[2025-07-29 09:01:44] [Y87CyZ0z4OCWoHrzcXmcfNJGgn8=] [Ghost] Checking offline messages for client
[2025-07-29 09:01:44] [Y87CyZ0z4OCWoHrzcXmcfNJGgn8=] [Ghost] No offline messages found
[2025-07-29 09:03:00] [syGc3yR+8xBjPN6kLg2zE+r+Bwg=] [Gosh] Checking offline messages for client
[2025-07-29 09:03:00] [syGc3yR+8xBjPN6kLg2zE+r+Bwg=] [Gosh] No offline messages found
[2025-07-29 09:05:22] [gITtVlfHYxsd3mvOfTblKNtJBDU=] [4iff] Checking offline messages for client
[2025-07-29 09:05:22] [gITtVlfHYxsd3mvOfTblKNtJBDU=] [4iff] No offline messages found
[2025-07-29 09:13:47] [gIv03ZtQuihw+6fOW0VT0H6h6c8=] [chapa] Checking offline messages for client
[2025-07-29 09:13:47] [gIv03ZtQuihw+6fOW0VT0H6h6c8=] [chapa] No offline messages found
[2025-07-29 09:42:01] [daLZO33ORrjt8kilU/mo70jc7KI=] [makpyn] Checking offline messages for client
[2025-07-29 09:42:01] [daLZO33ORrjt8kilU/mo70jc7KI=] [makpyn] No offline messages found
[2025-07-29 09:57:01] [aEmjlKBkg2d9gRUFp/PPg/JRL1M=] [hui] Checking offline messages for client
[2025-07-29 09:57:01] [aEmjlKBkg2d9gRUFp/PPg/JRL1M=] [hui] No offline messages found
[2025-07-29 10:04:44] [okAS4MItxAY57Lxjegg77SGArWs=] [Aura_Kone] Checking offline messages for client
[2025-07-29 10:04:44] [okAS4MItxAY57Lxjegg77SGArWs=] [Aura_Kone] No offline messages found
[2025-07-29 10:26:37] [1bxlkLWE1YEds4euACE9lSAD0Jg=] [Mr..Fury] Checking offline messages for client
[2025-07-29 10:26:37] [1bxlkLWE1YEds4euACE9lSAD0Jg=] [Mr..Fury] No offline messages found
[2025-07-29 10:42:29] [qvf2/IsRm9TsXSmNMeDEuXuIC3s=] [Mood] Checking offline messages for client
[2025-07-29 10:42:29] [qvf2/IsRm9TsXSmNMeDEuXuIC3s=] [Mood] No offline messages found
[2025-07-29 10:43:58] [dHD7jWi8Q5Lp4lz7I8/axaXFAEA=] [__illlia__] Checking offline messages for client
[2025-07-29 10:43:58] [dHD7jWi8Q5Lp4lz7I8/axaXFAEA=] [__illlia__] No offline messages found
[2025-07-29 10:47:57] [gxGX91a+FO9ox8ymbTAiTSocxRE=] [Froll1] Checking offline messages for client
[2025-07-29 10:47:57] [gxGX91a+FO9ox8ymbTAiTSocxRE=] [Froll1] No offline messages found
[2025-07-29 10:48:06] [gxGX91a+FO9ox8ymbTAiTSocxRE=] [Froll1] Checking offline messages for client
[2025-07-29 10:48:06] [gxGX91a+FO9ox8ymbTAiTSocxRE=] [Froll1] No offline messages found
[2025-07-29 10:49:08] [kI4Iq6xXKhsCvHl1H7QZho8zUzY=] [elges] Checking offline messages for client
[2025-07-29 10:49:08] [kI4Iq6xXKhsCvHl1H7QZho8zUzY=] [elges] No offline messages found
[2025-07-29 10:53:31] [XdfBPIFBI3AGf0ZCZTbFFDB3TjU=] [I ❤ Greatest Hits] Client in ignored group, skipping offline messages check
[2025-07-29 10:53:31] [lYnVEWVma0Kzv/p4bpCgYZ9twnA=] [I ❤ US Rap Only] Client in ignored group, skipping offline messages check
[2025-07-29 10:53:31] [X5IbyBv3WtlcgFhjUdRkdzckDnA=] [[#]Misc] Client in ignored group, skipping offline messages check
[2025-07-29 10:53:31] [X5IbyBv3WtlcgFhjUdRkdzckDnA=] [[#]Misc] Client in ignored group, skipping offline messages check
[2025-07-29 10:53:31] [X5IbyBv3WtlcgFhjUdRkdzckDnA=] [[#]Misc] Client in ignored group, skipping offline messages check
[2025-07-29 10:59:45] [ixLpNjc83I5LYHua6yWOroTZ+DY=] [amin_gamester] Checking offline messages for client
[2025-07-29 10:59:45] [ixLpNjc83I5LYHua6yWOroTZ+DY=] [amin_gamester] No offline messages found
[2025-07-29 11:07:12] [scep5aSYAA2didXgARsEw35ek0c=] [TeamSpeakUser] Checking offline messages for client
[2025-07-29 11:07:12] [scep5aSYAA2didXgARsEw35ek0c=] [TeamSpeakUser] No offline messages found
[2025-07-29 11:16:10] [vxdfFXt33wnNnlZXoiwbyFr5Y7M=] [buchka] Checking offline messages for client
[2025-07-29 11:16:10] [vxdfFXt33wnNnlZXoiwbyFr5Y7M=] [buchka] No offline messages found
[2025-07-29 11:17:03] [ilO9JAl5glx+WikZA6SZqmic0Iw=] [kaiizenn] Checking offline messages for client
[2025-07-29 11:17:03] [ilO9JAl5glx+WikZA6SZqmic0Iw=] [kaiizenn] No offline messages found
[2025-07-29 11:22:07] [yH7+WUTO9a0edxQG10YKRSCiFog=] [Angry] Checking offline messages for client
[2025-07-29 11:22:07] [yH7+WUTO9a0edxQG10YKRSCiFog=] [Angry] No offline messages found
[2025-07-29 11:43:04] [RBwh+hLI7qM/5sBbq4UPaExpE30=] [Druid Сrow 🦅] Checking offline messages for client
[2025-07-29 11:43:04] [RBwh+hLI7qM/5sBbq4UPaExpE30=] [Druid Сrow 🦅] No offline messages found
[2025-07-29 11:43:48] [vn9pK34k+cof6a4SinSowea3gQw=] [Odak] Checking offline messages for client
[2025-07-29 11:43:48] [vn9pK34k+cof6a4SinSowea3gQw=] [Odak] No offline messages found
[2025-07-29 12:14:32] [vYdB4LqF9oGqrfx8sM2nXqb21o0=] [may1kid] Checking offline messages for client
[2025-07-29 12:14:32] [vYdB4LqF9oGqrfx8sM2nXqb21o0=] [may1kid] No offline messages found
[2025-07-29 12:17:10] [I6jOOSBap0dJfQxxrWEXasWM9n0=] [sharfyusha] Checking offline messages for client
[2025-07-29 12:17:10] [I6jOOSBap0dJfQxxrWEXasWM9n0=] [sharfyusha] No offline messages found
[2025-07-29 12:19:27] [GaY291d+ldyp9qRkC0cdDWK9mIg=] [indig0] Checking offline messages for client
[2025-07-29 12:19:27] [GaY291d+ldyp9qRkC0cdDWK9mIg=] [indig0] No offline messages found
[2025-07-29 12:28:08] [daLZO33ORrjt8kilU/mo70jc7KI=] [makpyn] Checking offline messages for client
[2025-07-29 12:28:08] [daLZO33ORrjt8kilU/mo70jc7KI=] [makpyn] No offline messages found
[2025-07-29 12:37:42] [0k7iJrGzj7haOvrih6GAxyrXHtM=] [Sebitzuu] Checking offline messages for client
[2025-07-29 12:37:42] [0k7iJrGzj7haOvrih6GAxyrXHtM=] [Sebitzuu] No offline messages found
[2025-07-29 12:42:22] [ow+Zi/O4SnJIvwHosoZ7zIvOOK8=] [shinigami] Checking offline messages for client
[2025-07-29 12:42:22] [ow+Zi/O4SnJIvwHosoZ7zIvOOK8=] [shinigami] No offline messages found
[2025-07-29 12:44:03] [DqaAHVINJvoA9wZuPtXvcpP5au4=] [CristiGamy] Checking offline messages for client
[2025-07-29 12:44:03] [DqaAHVINJvoA9wZuPtXvcpP5au4=] [CristiGamy] No offline messages found
[2025-07-29 12:44:03] [DqaAHVINJvoA9wZuPtXvcpP5au4=] [CristiGamy] Checking offline messages for client
[2025-07-29 12:44:03] [DqaAHVINJvoA9wZuPtXvcpP5au4=] [CristiGamy] No offline messages found
[2025-07-29 12:44:03] [DqaAHVINJvoA9wZuPtXvcpP5au4=] [CristiGamy] Checking offline messages for client
[2025-07-29 12:44:03] [DqaAHVINJvoA9wZuPtXvcpP5au4=] [CristiGamy] No offline messages found
[2025-07-29 12:44:34] [Ur4QEkJdoUnTlF/3Qq/fhchir7U=] [Alex0807] Checking offline messages for client
[2025-07-29 12:44:34] [Ur4QEkJdoUnTlF/3Qq/fhchir7U=] [Alex0807] No offline messages found
[2025-07-29 12:51:12] [j5dWqR3YtdDg+SH0Z4utnl7TppY=] [Claudiu20047] Checking offline messages for client
[2025-07-29 12:51:12] [j5dWqR3YtdDg+SH0Z4utnl7TppY=] [Claudiu20047] No offline messages found
[2025-07-29 12:56:39] [dRyBIpOJPfHgjRw1OxgYdcNdrl0=] [TeamSpeakUser1] Checking offline messages for client
[2025-07-29 12:56:39] [dRyBIpOJPfHgjRw1OxgYdcNdrl0=] [TeamSpeakUser1] No offline messages found
[2025-07-29 13:03:31] [cA71E1s5qpiOyY18FGlf5A8occg=] [ашоТ] Checking offline messages for client
[2025-07-29 13:03:31] [cA71E1s5qpiOyY18FGlf5A8occg=] [ашоТ] No offline messages found
[2025-07-29 13:13:26] [ZQhSo1tQ5YDSZNLYSj+nKwHZezs=] [hamza] Checking offline messages for client
[2025-07-29 13:13:26] [ZQhSo1tQ5YDSZNLYSj+nKwHZezs=] [hamza] No offline messages found
[2025-07-29 13:13:46] [ldCzvjsZhyUOHxQjPMP59HREBcU=] [Mikxzy] Checking offline messages for client
[2025-07-29 13:13:46] [ldCzvjsZhyUOHxQjPMP59HREBcU=] [Mikxzy] No offline messages found
[2025-07-29 13:16:20] [pEOyeueULGnZ9XtbqZPJsEs7MGM=] [XAXAXAXA] Checking offline messages for client
[2025-07-29 13:16:20] [pEOyeueULGnZ9XtbqZPJsEs7MGM=] [XAXAXAXA] No offline messages found
[2025-07-29 13:18:55] [pEOyeueULGnZ9XtbqZPJsEs7MGM=] [XAXAXAXA] Checking offline messages for client
[2025-07-29 13:18:55] [pEOyeueULGnZ9XtbqZPJsEs7MGM=] [XAXAXAXA] No offline messages found
[2025-07-29 13:19:07] [GMV7xmPT7GebwwLjoCG8J6ufcNg=] [W1`] Checking offline messages for client
[2025-07-29 13:19:07] [GMV7xmPT7GebwwLjoCG8J6ufcNg=] [W1`] No offline messages found
[2025-07-29 13:19:44] [4n0g5I8pBdW5Iu54lXSRu+xJsgg=] [Max000n] Checking offline messages for client
[2025-07-29 13:19:44] [4n0g5I8pBdW5Iu54lXSRu+xJsgg=] [Max000n] No offline messages found
[2025-07-29 13:20:46] [Y5872iZFF4b+PVV1DKxxnO30fSY=] [drochu24] Checking offline messages for client
[2025-07-29 13:20:46] [Y5872iZFF4b+PVV1DKxxnO30fSY=] [drochu24] No offline messages found
[2025-07-29 13:20:49] [4n0g5I8pBdW5Iu54lXSRu+xJsgg=] [Max000n] Checking offline messages for client
[2025-07-29 13:20:49] [4n0g5I8pBdW5Iu54lXSRu+xJsgg=] [Max000n] No offline messages found
[2025-07-29 13:22:48] [aEmjlKBkg2d9gRUFp/PPg/JRL1M=] [hui] Checking offline messages for client
[2025-07-29 13:22:48] [aEmjlKBkg2d9gRUFp/PPg/JRL1M=] [hui] No offline messages found
[2025-07-29 13:29:15] [NrinzN9i22mrI5io8FdxB4B1/Os=] [daGGetTt] Checking offline messages for client
[2025-07-29 13:29:15] [NrinzN9i22mrI5io8FdxB4B1/Os=] [daGGetTt] No offline messages found
[2025-07-29 13:46:37] [syGc3yR+8xBjPN6kLg2zE+r+Bwg=] [Gosh] Checking offline messages for client
[2025-07-29 13:46:37] [syGc3yR+8xBjPN6kLg2zE+r+Bwg=] [Gosh] No offline messages found
[2025-07-29 13:49:26] [e/9oYyrhhc1IP+S6iQ1nWm9Q3x8=] [-REVA-] Checking offline messages for client
[2025-07-29 13:49:26] [e/9oYyrhhc1IP+S6iQ1nWm9Q3x8=] [-REVA-] No offline messages found
[2025-07-29 13:53:37] [ZecEXT4FfeXYbAgW2C8UIiJcPNQ=] [belali-ZypRus?] Checking offline messages for client
[2025-07-29 13:53:37] [ZecEXT4FfeXYbAgW2C8UIiJcPNQ=] [belali-ZypRus?] No offline messages found
[2025-07-29 13:53:56] [ZQhSo1tQ5YDSZNLYSj+nKwHZezs=] [hamza] Checking offline messages for client
[2025-07-29 13:53:56] [ZQhSo1tQ5YDSZNLYSj+nKwHZezs=] [hamza] No offline messages found
[2025-07-29 13:54:00] [ZQhSo1tQ5YDSZNLYSj+nKwHZezs=] [hamza] Checking offline messages for client
[2025-07-29 13:54:00] [ZQhSo1tQ5YDSZNLYSj+nKwHZezs=] [hamza] No offline messages found
[2025-07-29 13:54:21] [ZQhSo1tQ5YDSZNLYSj+nKwHZezs=] [hamza] Checking offline messages for client
[2025-07-29 13:54:21] [ZQhSo1tQ5YDSZNLYSj+nKwHZezs=] [hamza] No offline messages found
[2025-07-29 14:03:48] [ow+Zi/O4SnJIvwHosoZ7zIvOOK8=] [shinigami] Checking offline messages for client
[2025-07-29 14:03:48] [ow+Zi/O4SnJIvwHosoZ7zIvOOK8=] [shinigami] No offline messages found
[2025-07-29 14:12:23] [0k7iJrGzj7haOvrih6GAxyrXHtM=] [Sebitzuu] Checking offline messages for client
[2025-07-29 14:12:23] [0k7iJrGzj7haOvrih6GAxyrXHtM=] [Sebitzuu] No offline messages found
[2025-07-29 14:14:54] [j5dWqR3YtdDg+SH0Z4utnl7TppY=] [Claudiu20047] Checking offline messages for client
[2025-07-29 14:14:54] [j5dWqR3YtdDg+SH0Z4utnl7TppY=] [Claudiu20047] No offline messages found
[2025-07-29 14:19:12] [nrEFrg1QXE05wuZZG3BbdkciSEc=] [Dumina] Checking offline messages for client
[2025-07-29 14:19:12] [nrEFrg1QXE05wuZZG3BbdkciSEc=] [Dumina] No offline messages found
[2025-07-29 14:20:02] [pjSG7lijxEkCHXK5AeNULuu9cdY=] [HUESOS] Checking offline messages for client
[2025-07-29 14:20:02] [pjSG7lijxEkCHXK5AeNULuu9cdY=] [HUESOS] No offline messages found
[2025-07-29 14:23:00] [hpXlbvG2lXDFTI304mJWi/6lYBI=] [wowobu] Checking offline messages for client
[2025-07-29 14:23:00] [hpXlbvG2lXDFTI304mJWi/6lYBI=] [wowobu] No offline messages found
[2025-07-29 14:24:03] [j5dWqR3YtdDg+SH0Z4utnl7TppY=] [Claudiu20047] Checking offline messages for client
[2025-07-29 14:24:03] [j5dWqR3YtdDg+SH0Z4utnl7TppY=] [Claudiu20047] No offline messages found
[2025-07-29 14:25:00] [JS7AYDgRfu5aCR6EsyZfSZOd3ug=] [goran] Checking offline messages for client
[2025-07-29 14:25:00] [JS7AYDgRfu5aCR6EsyZfSZOd3ug=] [goran] No offline messages found
[2025-07-29 14:26:37] [xa6D8FIW6ei0ShkOhBhw00Tmpcc=] [PipkaOtca] Checking offline messages for client
[2025-07-29 14:26:37] [xa6D8FIW6ei0ShkOhBhw00Tmpcc=] [PipkaOtca] No offline messages found
[2025-07-29 14:42:10] [MpV8eQ7lweL2YSxarhe9a/nQIOk=] [VUL_DROG] Checking offline messages for client
[2025-07-29 14:42:10] [MpV8eQ7lweL2YSxarhe9a/nQIOk=] [VUL_DROG] No offline messages found
[2025-07-29 14:43:23] [Afoqb5fqgY15LPQ0jZ/iOzeosLk=] [брочачо] Checking offline messages for client
[2025-07-29 14:43:23] [Afoqb5fqgY15LPQ0jZ/iOzeosLk=] [брочачо] No offline messages found
[2025-07-29 14:47:03] [kfn1jFosIGdE1yOz/lIfEBXQj4A=] [Rix] Checking offline messages for client
[2025-07-29 14:47:03] [kfn1jFosIGdE1yOz/lIfEBXQj4A=] [Rix] No offline messages found
[2025-07-29 14:49:23] [ArDdG6a86sTE9vzN8IIzLOiOEQs=] [Sunrise0754] Checking offline messages for client
[2025-07-29 14:49:23] [ArDdG6a86sTE9vzN8IIzLOiOEQs=] [Sunrise0754] No offline messages found
[2025-07-29 14:49:56] [1AbnbGgxnGmT+1ucLIy1LFbCSCU=] [theslayercroute] Checking offline messages for client
[2025-07-29 14:49:56] [1AbnbGgxnGmT+1ucLIy1LFbCSCU=] [theslayercroute] No offline messages found
[2025-07-29 14:54:09] [xa6D8FIW6ei0ShkOhBhw00Tmpcc=] [PipkaOtca] Checking offline messages for client
[2025-07-29 14:54:09] [xa6D8FIW6ei0ShkOhBhw00Tmpcc=] [PipkaOtca] No offline messages found
[2025-07-29 14:55:02] [j5dWqR3YtdDg+SH0Z4utnl7TppY=] [Claudiu20047] Checking offline messages for client
[2025-07-29 14:55:02] [j5dWqR3YtdDg+SH0Z4utnl7TppY=] [Claudiu20047] No offline messages found
[2025-07-29 14:55:29] [GMV7xmPT7GebwwLjoCG8J6ufcNg=] [W1`] Checking offline messages for client
[2025-07-29 14:55:29] [GMV7xmPT7GebwwLjoCG8J6ufcNg=] [W1`] No offline messages found
[2025-07-29 14:56:14] [pEOyeueULGnZ9XtbqZPJsEs7MGM=] [Cm=Cm] Checking offline messages for client
[2025-07-29 14:56:14] [pEOyeueULGnZ9XtbqZPJsEs7MGM=] [Cm=Cm] No offline messages found
[2025-07-29 14:57:31] [eHYYptoXk2EOWGoJ2Wrd0kbP5B4=] [TeamSpeakUser] Checking offline messages for client
[2025-07-29 14:57:31] [eHYYptoXk2EOWGoJ2Wrd0kbP5B4=] [TeamSpeakUser] No offline messages found
[2025-07-29 14:57:48] [MutMI8w80TgxkXwn/z4gZc/vgiU=] [Asshole do not burn] Checking offline messages for client
[2025-07-29 14:57:48] [MutMI8w80TgxkXwn/z4gZc/vgiU=] [Asshole do not burn] No offline messages found
[2025-07-29 14:59:26] [ZnU8vaPl8AP2v7ujelAJMkb+r+E=] [TeamSpeakUser2] Checking offline messages for client
[2025-07-29 14:59:26] [ZnU8vaPl8AP2v7ujelAJMkb+r+E=] [TeamSpeakUser2] No offline messages found
[2025-07-29 15:04:34] [WtWgpfS8UE18SW7yGXm3r1yoO/c=] [Kowismo] Checking offline messages for client
[2025-07-29 15:04:34] [WtWgpfS8UE18SW7yGXm3r1yoO/c=] [Kowismo] No offline messages found
[2025-07-29 15:06:00] [qWZG79RgTXQ771p9joN9On7Q+As=] [tec1de] Checking offline messages for client
[2025-07-29 15:06:00] [qWZG79RgTXQ771p9joN9On7Q+As=] [tec1de] No offline messages found
[2025-07-29 15:17:04] [e/9oYyrhhc1IP+S6iQ1nWm9Q3x8=] [-REVA-] Checking offline messages for client
[2025-07-29 15:17:04] [e/9oYyrhhc1IP+S6iQ1nWm9Q3x8=] [-REVA-] No offline messages found
[2025-07-29 15:19:27] [GZPrB3FpiWRRV5XgyF1n9HPJB9A=] [TeamSpeakUser2] Checking offline messages for client
[2025-07-29 15:19:27] [GZPrB3FpiWRRV5XgyF1n9HPJB9A=] [TeamSpeakUser2] No offline messages found
[2025-07-29 15:19:35] [gzgRAaKVLz/5WXc8VfxX3/C8shc=] [TeamSpeakUser3] Checking offline messages for client
[2025-07-29 15:19:35] [gzgRAaKVLz/5WXc8VfxX3/C8shc=] [TeamSpeakUser3] No offline messages found
[2025-07-29 15:28:52] [X6E5/N6c4x3DmVvfM1A7J4pIjC0=] [Omar] Checking offline messages for client
[2025-07-29 15:28:52] [X6E5/N6c4x3DmVvfM1A7J4pIjC0=] [Omar] No offline messages found
[2025-07-29 15:38:16] [jWxbfxhLxs9dPa3t1WUnys7gnbk=] [Richard_TH] Checking offline messages for client
[2025-07-29 15:38:16] [jWxbfxhLxs9dPa3t1WUnys7gnbk=] [Richard_TH] No offline messages found
[2025-07-29 15:38:35] [qyooeMBLDVBY2ORa5gJ5MwB03Jo=] [707] Checking offline messages for client
[2025-07-29 15:38:35] [qyooeMBLDVBY2ORa5gJ5MwB03Jo=] [707] No offline messages found
[2025-07-29 15:38:37] [X6E5/N6c4x3DmVvfM1A7J4pIjC0=] [Omar] Checking offline messages for client
[2025-07-29 15:38:37] [X6E5/N6c4x3DmVvfM1A7J4pIjC0=] [Omar] No offline messages found
[2025-07-29 15:49:56] [X6E5/N6c4x3DmVvfM1A7J4pIjC0=] [Omar] Checking offline messages for client
[2025-07-29 15:49:56] [X6E5/N6c4x3DmVvfM1A7J4pIjC0=] [Omar] No offline messages found
[2025-07-29 15:50:37] [f12EdjHswKyOEFDyewEipDgzQi0=] [BIG FIUT] Checking offline messages for client
[2025-07-29 15:50:37] [f12EdjHswKyOEFDyewEipDgzQi0=] [BIG FIUT] Found 1 offline messages
[2025-07-29 15:50:39] [f12EdjHswKyOEFDyewEipDgzQi0=] [BIG FIUT] Sent poke message: Your private channel has been renumbered from #30 to #26 to maintain sorting order.
[2025-07-29 15:50:39] [f12EdjHswKyOEFDyewEipDgzQi0=] [BIG FIUT] Deleted 1 delivered messages from database
[2025-07-29 15:53:46] [3PUL5t5Jz0KW4hyrBCzi+BArN60=] [tenshin_non] Checking offline messages for client
[2025-07-29 15:53:46] [3PUL5t5Jz0KW4hyrBCzi+BArN60=] [tenshin_non] No offline messages found
[2025-07-29 15:54:04] [avYI7vL0XXD3nIsf8cMXtgdn+/s=] [NowY] Checking offline messages for client
[2025-07-29 15:54:04] [avYI7vL0XXD3nIsf8cMXtgdn+/s=] [NowY] No offline messages found
[2025-07-29 15:54:57] [3PUL5t5Jz0KW4hyrBCzi+BArN60=] [tenshin_non] Checking offline messages for client
[2025-07-29 15:54:57] [3PUL5t5Jz0KW4hyrBCzi+BArN60=] [tenshin_non] No offline messages found
[2025-07-29 15:59:50] [j5dWqR3YtdDg+SH0Z4utnl7TppY=] [Claudiu20047] Checking offline messages for client
[2025-07-29 15:59:50] [j5dWqR3YtdDg+SH0Z4utnl7TppY=] [Claudiu20047] No offline messages found
[2025-07-29 16:11:30] [s5SoU0O6Mp2lEkoeWlMc2247gBk=] [don] Checking offline messages for client
[2025-07-29 16:11:30] [s5SoU0O6Mp2lEkoeWlMc2247gBk=] [don] No offline messages found
[2025-07-29 16:12:54] [eHYYptoXk2EOWGoJ2Wrd0kbP5B4=] [TeamSpeakUser] Checking offline messages for client
[2025-07-29 16:12:54] [eHYYptoXk2EOWGoJ2Wrd0kbP5B4=] [TeamSpeakUser] No offline messages found
[2025-07-29 16:19:38] [yjPQXRWpjiQvgLPcNsdzIQO34yc=] [Skandynavski] Checking offline messages for client
[2025-07-29 16:19:38] [yjPQXRWpjiQvgLPcNsdzIQO34yc=] [Skandynavski] No offline messages found
[2025-07-29 16:23:14] [Hi7lRpZXY8BsIavSlqOGLOyM8zs=] [UpRizeTOP] Checking offline messages for client
[2025-07-29 16:23:14] [Hi7lRpZXY8BsIavSlqOGLOyM8zs=] [UpRizeTOP] No offline messages found
[2025-07-29 16:27:11] [2148w6jOcmXVxKbsYUmQaGdRPUU=] [BlackEye-_-] Checking offline messages for client
[2025-07-29 16:27:11] [2148w6jOcmXVxKbsYUmQaGdRPUU=] [BlackEye-_-] No offline messages found
[2025-07-29 16:27:41] [2148w6jOcmXVxKbsYUmQaGdRPUU=] [BlackEye-_-] Checking offline messages for client
[2025-07-29 16:27:41] [2148w6jOcmXVxKbsYUmQaGdRPUU=] [BlackEye-_-] No offline messages found
[2025-07-29 16:32:17] [ZMXxRi+ycXvNNWfp0qxgjJSW298=] [ОКУНЬ] Checking offline messages for client
[2025-07-29 16:32:17] [ZMXxRi+ycXvNNWfp0qxgjJSW298=] [ОКУНЬ] No offline messages found
[2025-07-29 16:33:05] [AKpjILgA7fb120p7rMX2qJsj2yc=] [TeamSpeakUser3] Checking offline messages for client
[2025-07-29 16:33:05] [AKpjILgA7fb120p7rMX2qJsj2yc=] [TeamSpeakUser3] No offline messages found
[2025-07-29 16:34:10] [rfSlRu7uzjI8pCmk2erQZXW6+7M=] [2212312] Checking offline messages for client
[2025-07-29 16:34:10] [rfSlRu7uzjI8pCmk2erQZXW6+7M=] [2212312] No offline messages found
[2025-07-29 16:34:17] [esphB+mG2+N8I3ntRjK04Tgvv7o=] [Phantor] Checking offline messages for client
[2025-07-29 16:34:17] [esphB+mG2+N8I3ntRjK04Tgvv7o=] [Phantor] No offline messages found
[2025-07-29 16:35:29] [lnMFr9CACtNm2N+UU0FlIeT/jhM=] [Agent_vx] Checking offline messages for client
[2025-07-29 16:35:29] [lnMFr9CACtNm2N+UU0FlIeT/jhM=] [Agent_vx] No offline messages found
[2025-07-29 16:38:49] [m3jwrJafD7Z1HcDm7lAZbGqtROY=] [zui] Checking offline messages for client
[2025-07-29 16:38:49] [m3jwrJafD7Z1HcDm7lAZbGqtROY=] [zui] No offline messages found
[2025-07-29 16:43:39] [gzgRAaKVLz/5WXc8VfxX3/C8shc=] [TeamSpeakUser] Checking offline messages for client
[2025-07-29 16:43:39] [gzgRAaKVLz/5WXc8VfxX3/C8shc=] [TeamSpeakUser] No offline messages found
[2025-07-29 16:44:22] [CRT/P+0zKkRUQJu1h71y2Be6eSo=] [vasyanutkin] Checking offline messages for client
[2025-07-29 16:44:22] [CRT/P+0zKkRUQJu1h71y2Be6eSo=] [vasyanutkin] No offline messages found
[2025-07-29 16:48:17] [Afoqb5fqgY15LPQ0jZ/iOzeosLk=] [брочачо] Checking offline messages for client
[2025-07-29 16:48:17] [Afoqb5fqgY15LPQ0jZ/iOzeosLk=] [брочачо] No offline messages found
[2025-07-29 16:50:31] [cQnuljBLILs8CHiCBcythkog2Vc=] [Yugik] Checking offline messages for client
[2025-07-29 16:50:31] [cQnuljBLILs8CHiCBcythkog2Vc=] [Yugik] No offline messages found
[2025-07-29 16:54:27] [4hvwCfCPtTRCCX/hD0S9PDAjwPY=] [Ander] Checking offline messages for client
[2025-07-29 16:54:27] [4hvwCfCPtTRCCX/hD0S9PDAjwPY=] [Ander] No offline messages found
[2025-07-29 16:54:38] [YJ8chm2QQIJyPFrsGN7ctoGAtDM=] [Грицик] Checking offline messages for client
[2025-07-29 16:54:38] [YJ8chm2QQIJyPFrsGN7ctoGAtDM=] [Грицик] No offline messages found
[2025-07-29 16:56:02] [94S5udoMJ1zpvh72RU4HTgDxn7A=] [256] Checking offline messages for client
[2025-07-29 16:56:02] [94S5udoMJ1zpvh72RU4HTgDxn7A=] [256] No offline messages found
[2025-07-29 17:03:42] [yPSI9aghhtH6O+mnSQIo84yUZ4c=] [шароёб] Checking offline messages for client
[2025-07-29 17:03:42] [yPSI9aghhtH6O+mnSQIo84yUZ4c=] [шароёб] No offline messages found
[2025-07-29 17:07:14] [AC87pO3YB+wvZ5G27tY2glDTG4M=] [andy76633] Checking offline messages for client
[2025-07-29 17:07:14] [AC87pO3YB+wvZ5G27tY2glDTG4M=] [andy76633] No offline messages found
[2025-07-29 17:10:26] [lPq8Y8B1JOHL6QoSGZDwJ6xzT7Q=] [vata] Checking offline messages for client
[2025-07-29 17:10:26] [lPq8Y8B1JOHL6QoSGZDwJ6xzT7Q=] [vata] No offline messages found
[2025-07-29 17:11:46] [+eY62p4z2Yc8MBABvp55HWZZJ18=] [saulov] Checking offline messages for client
[2025-07-29 17:11:46] [+eY62p4z2Yc8MBABvp55HWZZJ18=] [saulov] No offline messages found
[2025-07-29 17:18:45] [Chs2gds0q5c5sHk5GQqGy9JmwQg=] [teaman11] Checking offline messages for client
[2025-07-29 17:18:45] [Chs2gds0q5c5sHk5GQqGy9JmwQg=] [teaman11] No offline messages found
[2025-07-29 17:24:26] [s5SoU0O6Mp2lEkoeWlMc2247gBk=] [don] Checking offline messages for client
[2025-07-29 17:24:26] [s5SoU0O6Mp2lEkoeWlMc2247gBk=] [don] No offline messages found
[2025-07-29 17:25:05] [yNFUjD+LJEqojKPPlPGtCAVEYRU=] [Боцман777] Checking offline messages for client
[2025-07-29 17:25:05] [yNFUjD+LJEqojKPPlPGtCAVEYRU=] [Боцман777] No offline messages found
[2025-07-29 17:34:15] [39Hn80GzU936S3hLOAjj8iP5kpg=] [Shawaj] Checking offline messages for client
[2025-07-29 17:34:15] [39Hn80GzU936S3hLOAjj8iP5kpg=] [Shawaj] No offline messages found
[2025-07-29 17:40:49] [X6E5/N6c4x3DmVvfM1A7J4pIjC0=] [Omar] Checking offline messages for client
[2025-07-29 17:40:49] [X6E5/N6c4x3DmVvfM1A7J4pIjC0=] [Omar] No offline messages found
[2025-07-29 17:40:49] [X6E5/N6c4x3DmVvfM1A7J4pIjC0=] [Omar] Checking offline messages for client
[2025-07-29 17:40:49] [X6E5/N6c4x3DmVvfM1A7J4pIjC0=] [Omar] No offline messages found
[2025-07-29 17:40:49] [X6E5/N6c4x3DmVvfM1A7J4pIjC0=] [Omar] Checking offline messages for client
[2025-07-29 17:40:49] [X6E5/N6c4x3DmVvfM1A7J4pIjC0=] [Omar] No offline messages found
[2025-07-29 17:41:41] [r1qvIOR8Uafv2H5/+PYZVYSzFqg=] [allberon] Checking offline messages for client
[2025-07-29 17:41:41] [r1qvIOR8Uafv2H5/+PYZVYSzFqg=] [allberon] No offline messages found
[2025-07-29 17:47:10] [ZQhSo1tQ5YDSZNLYSj+nKwHZezs=] [BABAANNEZIPLATAN456] Checking offline messages for client
[2025-07-29 17:47:10] [ZQhSo1tQ5YDSZNLYSj+nKwHZezs=] [BABAANNEZIPLATAN456] No offline messages found
[2025-07-29 17:47:48] [mg0CEi8kx9uVrgWEX5S2vt1Xexg=] [awegawg] Checking offline messages for client
[2025-07-29 17:47:48] [mg0CEi8kx9uVrgWEX5S2vt1Xexg=] [awegawg] No offline messages found
[2025-07-29 17:47:52] [hUjMcppeZYeQG89H1ehSTqHW6iQ=] [Hydrastarke] Checking offline messages for client
[2025-07-29 17:47:52] [hUjMcppeZYeQG89H1ehSTqHW6iQ=] [Hydrastarke] No offline messages found
[2025-07-29 17:47:52] [hUjMcppeZYeQG89H1ehSTqHW6iQ=] [Hydrastarke] Checking offline messages for client
[2025-07-29 17:47:52] [hUjMcppeZYeQG89H1ehSTqHW6iQ=] [Hydrastarke] No offline messages found
[2025-07-29 17:47:52] [hUjMcppeZYeQG89H1ehSTqHW6iQ=] [Hydrastarke] Checking offline messages for client
[2025-07-29 17:47:52] [hUjMcppeZYeQG89H1ehSTqHW6iQ=] [Hydrastarke] No offline messages found
[2025-07-29 17:48:04] [r1qvIOR8Uafv2H5/+PYZVYSzFqg=] [allberon] Checking offline messages for client
[2025-07-29 17:48:04] [r1qvIOR8Uafv2H5/+PYZVYSzFqg=] [allberon] No offline messages found
[2025-07-29 17:50:00] [zQBV+zr0os6YT3ktHjBJZW0cRd8=] [Tufix] Checking offline messages for client
[2025-07-29 17:50:00] [zQBV+zr0os6YT3ktHjBJZW0cRd8=] [Tufix] No offline messages found
[2025-07-29 17:51:38] [s5SoU0O6Mp2lEkoeWlMc2247gBk=] [don] Checking offline messages for client
[2025-07-29 17:51:38] [s5SoU0O6Mp2lEkoeWlMc2247gBk=] [don] No offline messages found
[2025-07-29 17:52:35] [xa6D8FIW6ei0ShkOhBhw00Tmpcc=] [PipkaOtca] Checking offline messages for client
[2025-07-29 17:52:35] [xa6D8FIW6ei0ShkOhBhw00Tmpcc=] [PipkaOtca] No offline messages found
[2025-07-29 17:53:42] [eHYYptoXk2EOWGoJ2Wrd0kbP5B4=] [TeamSpeakUser3] Checking offline messages for client
[2025-07-29 17:53:42] [eHYYptoXk2EOWGoJ2Wrd0kbP5B4=] [TeamSpeakUser3] No offline messages found
[2025-07-29 17:56:29] [L8VEN4PeNceeZLHOhRYvEKIZWvk=] [aslan] Checking offline messages for client
[2025-07-29 17:56:29] [L8VEN4PeNceeZLHOhRYvEKIZWvk=] [aslan] No offline messages found
[2025-07-29 17:57:44] [r1qvIOR8Uafv2H5/+PYZVYSzFqg=] [allberon] Checking offline messages for client
[2025-07-29 17:57:44] [r1qvIOR8Uafv2H5/+PYZVYSzFqg=] [allberon] No offline messages found
[2025-07-29 18:04:33] [p8QbplHAkU1h8b6nZnqPyCHP2P4=] [Праведнослав Кувалдович] Checking offline messages for client
[2025-07-29 18:04:33] [p8QbplHAkU1h8b6nZnqPyCHP2P4=] [Праведнослав Кувалдович] No offline messages found
[2025-07-29 18:05:49] [eHYYptoXk2EOWGoJ2Wrd0kbP5B4=] [TeamSpeakUser3] Checking offline messages for client
[2025-07-29 18:05:49] [eHYYptoXk2EOWGoJ2Wrd0kbP5B4=] [TeamSpeakUser3] No offline messages found
[2025-07-29 18:07:04] [eHYYptoXk2EOWGoJ2Wrd0kbP5B4=] [TeamSpeakUser3] Checking offline messages for client
[2025-07-29 18:07:04] [eHYYptoXk2EOWGoJ2Wrd0kbP5B4=] [TeamSpeakUser3] No offline messages found
[2025-07-29 18:07:18] [39Hn80GzU936S3hLOAjj8iP5kpg=] [Shawaj] Checking offline messages for client
[2025-07-29 18:07:18] [39Hn80GzU936S3hLOAjj8iP5kpg=] [Shawaj] No offline messages found
[2025-07-29 18:10:28] [1fLfTv7a7WCXSiKCcl/56zaOGH4=] [TeamSpeakUser] Checking offline messages for client
[2025-07-29 18:10:28] [1fLfTv7a7WCXSiKCcl/56zaOGH4=] [TeamSpeakUser] No offline messages found
[2025-07-29 18:14:23] [gzgRAaKVLz/5WXc8VfxX3/C8shc=] [TeamSpeakUser] Checking offline messages for client
[2025-07-29 18:14:23] [gzgRAaKVLz/5WXc8VfxX3/C8shc=] [TeamSpeakUser] No offline messages found
[2025-07-29 18:16:58] [voHeS+9vDrKsqr51INkaIih9KlI=] [Cyborg1] Checking offline messages for client
[2025-07-29 18:16:58] [voHeS+9vDrKsqr51INkaIih9KlI=] [Cyborg1] No offline messages found
[2025-07-29 18:17:15] [1J9/ZPnHxEL704aM8z0q1FXAbwA=] [redan_22] Checking offline messages for client
[2025-07-29 18:17:15] [1J9/ZPnHxEL704aM8z0q1FXAbwA=] [redan_22] No offline messages found
[2025-07-29 18:23:16] [gzgRAaKVLz/5WXc8VfxX3/C8shc=] [TeamSpeakUser] Checking offline messages for client
[2025-07-29 18:23:16] [gzgRAaKVLz/5WXc8VfxX3/C8shc=] [TeamSpeakUser] No offline messages found
[2025-07-29 18:24:22] [iyVQVtmbSrTKhWTLGWQUmQX+5m4=] [cuffe] Checking offline messages for client
[2025-07-29 18:24:22] [iyVQVtmbSrTKhWTLGWQUmQX+5m4=] [cuffe] No offline messages found
[2025-07-29 18:24:34] [voHeS+9vDrKsqr51INkaIih9KlI=] [Cyborg1] Checking offline messages for client
[2025-07-29 18:24:34] [voHeS+9vDrKsqr51INkaIih9KlI=] [Cyborg1] No offline messages found
[2025-07-29 18:26:31] [157KL6nbvgzKYId8dWYGPfkn2rw=] [SHLYHA] Checking offline messages for client
[2025-07-29 18:26:31] [157KL6nbvgzKYId8dWYGPfkn2rw=] [SHLYHA] No offline messages found
[2025-07-29 18:26:47] [voHeS+9vDrKsqr51INkaIih9KlI=] [Cyborg1] Checking offline messages for client
[2025-07-29 18:26:47] [voHeS+9vDrKsqr51INkaIih9KlI=] [Cyborg1] No offline messages found
[2025-07-29 18:26:58] [qF4qtzDkp7bZzEbBJD18LMzwWQ0=] [жопа пук] Checking offline messages for client
[2025-07-29 18:26:58] [qF4qtzDkp7bZzEbBJD18LMzwWQ0=] [жопа пук] No offline messages found
[2025-07-29 18:32:53] [Sf5+Phx4Py/NxePyYOrlHzJ0vJw=] [sasha] Checking offline messages for client
[2025-07-29 18:32:53] [Sf5+Phx4Py/NxePyYOrlHzJ0vJw=] [sasha] No offline messages found
[2025-07-29 18:32:59] [Tyox9iliANPNZk3OJiSEOSxGKGY=] [germancoxx] Checking offline messages for client
[2025-07-29 18:32:59] [Tyox9iliANPNZk3OJiSEOSxGKGY=] [germancoxx] No offline messages found
[2025-07-29 18:33:59] [ysApwncFrVjzs0iXlJqpQC5ryno=] [alikexie] Checking offline messages for client
[2025-07-29 18:33:59] [ysApwncFrVjzs0iXlJqpQC5ryno=] [alikexie] No offline messages found
[2025-07-29 18:34:50] [KfaK3jlAsy92HUVm/XGcaHJH+D4=] [fL4ky] Checking offline messages for client
[2025-07-29 18:34:50] [KfaK3jlAsy92HUVm/XGcaHJH+D4=] [fL4ky] No offline messages found
[2025-07-29 18:36:24] [voHeS+9vDrKsqr51INkaIih9KlI=] [Cyborg1] Checking offline messages for client
[2025-07-29 18:36:24] [voHeS+9vDrKsqr51INkaIih9KlI=] [Cyborg1] No offline messages found
[2025-07-29 18:39:26] [9L00arJzCt1G2LLDRV0HQCJjofM=] [osasderlerbana] Checking offline messages for client
[2025-07-29 18:39:26] [9L00arJzCt1G2LLDRV0HQCJjofM=] [osasderlerbana] No offline messages found
[2025-07-29 18:39:29] [voHeS+9vDrKsqr51INkaIih9KlI=] [Cyborg1] Checking offline messages for client
[2025-07-29 18:39:29] [voHeS+9vDrKsqr51INkaIih9KlI=] [Cyborg1] No offline messages found
[2025-07-29 18:39:29] [voHeS+9vDrKsqr51INkaIih9KlI=] [Cyborg1] Checking offline messages for client
[2025-07-29 18:39:29] [voHeS+9vDrKsqr51INkaIih9KlI=] [Cyborg1] No offline messages found
[2025-07-29 18:39:29] [voHeS+9vDrKsqr51INkaIih9KlI=] [Cyborg1] Checking offline messages for client
[2025-07-29 18:39:29] [voHeS+9vDrKsqr51INkaIih9KlI=] [Cyborg1] No offline messages found
[2025-07-29 18:40:59] [SWxJDeJ9wQJDp/QPcsWONLakRew=] [1234] Checking offline messages for client
[2025-07-29 18:40:59] [SWxJDeJ9wQJDp/QPcsWONLakRew=] [1234] No offline messages found
[2025-07-29 18:41:07] [voHeS+9vDrKsqr51INkaIih9KlI=] [Cyborg1] Checking offline messages for client
[2025-07-29 18:41:07] [voHeS+9vDrKsqr51INkaIih9KlI=] [Cyborg1] No offline messages found
[2025-07-29 18:41:53] [voHeS+9vDrKsqr51INkaIih9KlI=] [Cyborg1] Checking offline messages for client
[2025-07-29 18:41:53] [voHeS+9vDrKsqr51INkaIih9KlI=] [Cyborg1] No offline messages found
[2025-07-29 18:42:19] [vQBpA0VvBo3XlFVJd2yFUhlAD5E=] [whoismert] Checking offline messages for client
[2025-07-29 18:42:19] [vQBpA0VvBo3XlFVJd2yFUhlAD5E=] [whoismert] No offline messages found
[2025-07-29 18:42:19] [vQBpA0VvBo3XlFVJd2yFUhlAD5E=] [whoismert] Checking offline messages for client
[2025-07-29 18:42:19] [vQBpA0VvBo3XlFVJd2yFUhlAD5E=] [whoismert] No offline messages found
[2025-07-29 18:42:20] [vQBpA0VvBo3XlFVJd2yFUhlAD5E=] [whoismert] Checking offline messages for client
[2025-07-29 18:42:20] [vQBpA0VvBo3XlFVJd2yFUhlAD5E=] [whoismert] No offline messages found
[2025-07-29 18:42:53] [RkH91acmxA3cUuqBsMdwRLDQBxM=] [Avrelius33] Checking offline messages for client
[2025-07-29 18:42:53] [RkH91acmxA3cUuqBsMdwRLDQBxM=] [Avrelius33] No offline messages found
[2025-07-29 18:44:51] [tBhk9cUC4Ww80DieYR7vYt3MhRM=] [gholab] Checking offline messages for client
[2025-07-29 18:44:51] [tBhk9cUC4Ww80DieYR7vYt3MhRM=] [gholab] Found 1 offline messages
[2025-07-29 18:44:53] [tBhk9cUC4Ww80DieYR7vYt3MhRM=] [gholab] Sent poke message: Your private channel has been renumbered from #34 to #29 to maintain sorting order.
[2025-07-29 18:44:53] [tBhk9cUC4Ww80DieYR7vYt3MhRM=] [gholab] Deleted 1 delivered messages from database
[2025-07-29 18:46:13] [HA8AwjGjfttaVD2BbXsV3SrC+rA=] [Axtic] Checking offline messages for client
[2025-07-29 18:46:13] [HA8AwjGjfttaVD2BbXsV3SrC+rA=] [Axtic] No offline messages found
[2025-07-29 18:48:49] [GvKQC+0wB2vJXrx64sJ8sS41K2w=] [Pol'zovatel'] Checking offline messages for client
[2025-07-29 18:48:49] [GvKQC+0wB2vJXrx64sJ8sS41K2w=] [Pol'zovatel'] No offline messages found
[2025-07-29 18:49:06] [UINiUnQ/eAgNIPOPr4tSfW+qXvo=] [Потужний Фід] Checking offline messages for client
[2025-07-29 18:49:06] [UINiUnQ/eAgNIPOPr4tSfW+qXvo=] [Потужний Фід] No offline messages found
[2025-07-29 18:49:24] [mTbPypkwuA/2B5Zl6CXWViczHPo=] [kızlıkbozan33] Checking offline messages for client
[2025-07-29 18:49:24] [mTbPypkwuA/2B5Zl6CXWViczHPo=] [kızlıkbozan33] No offline messages found
[2025-07-29 18:55:03] [x5NWjjSsshVzCfkox/peFi8iwwM=] [pzdcvsenikizanyati] Checking offline messages for client
[2025-07-29 18:55:03] [x5NWjjSsshVzCfkox/peFi8iwwM=] [pzdcvsenikizanyati] No offline messages found
[2025-07-29 18:56:25] [i8C04O2vrccv/5WVfPlgNLJ1RGc=] [TurtleWithFists] Checking offline messages for client
[2025-07-29 18:56:25] [i8C04O2vrccv/5WVfPlgNLJ1RGc=] [TurtleWithFists] No offline messages found
[2025-07-29 19:00:04] [JS7AYDgRfu5aCR6EsyZfSZOd3ug=] [goran] Checking offline messages for client
[2025-07-29 19:00:04] [JS7AYDgRfu5aCR6EsyZfSZOd3ug=] [goran] No offline messages found
[2025-07-29 19:00:53] [8bID0q433UjDcX1ey0foyj/hIq4=] [Digitalsw] Checking offline messages for client
[2025-07-29 19:00:53] [8bID0q433UjDcX1ey0foyj/hIq4=] [Digitalsw] No offline messages found
[2025-07-29 19:01:53] [7K7YZrrwrENADniLI/n8n6dvCcM=] [DIMAA111] Checking offline messages for client
[2025-07-29 19:01:53] [7K7YZrrwrENADniLI/n8n6dvCcM=] [DIMAA111] No offline messages found
[2025-07-29 19:02:41] [j4VaV46XhkmzcjbVPFuyIU0vCLs=] [nox] Checking offline messages for client
[2025-07-29 19:02:41] [j4VaV46XhkmzcjbVPFuyIU0vCLs=] [nox] No offline messages found
[2025-07-29 19:11:53] [qF4qtzDkp7bZzEbBJD18LMzwWQ0=] [жопа пук] Checking offline messages for client
[2025-07-29 19:11:53] [qF4qtzDkp7bZzEbBJD18LMzwWQ0=] [жопа пук] No offline messages found
[2025-07-29 19:19:19] [c43JdyfwIeWCLmtTqO2Z1u7P1+0=] [REV] Checking offline messages for client
[2025-07-29 19:19:19] [c43JdyfwIeWCLmtTqO2Z1u7P1+0=] [REV] No offline messages found
[2025-07-29 19:20:32] [C3ony4dh8njCYB62/cIXXbMG1IA=] [Чех] Checking offline messages for client
[2025-07-29 19:20:32] [C3ony4dh8njCYB62/cIXXbMG1IA=] [Чех] No offline messages found
[2025-07-29 19:20:55] [cYX3SRYFk5dmvRCGUOS7UEL3yjY=] [lnotluck] Checking offline messages for client
[2025-07-29 19:20:55] [cYX3SRYFk5dmvRCGUOS7UEL3yjY=] [lnotluck] No offline messages found
[2025-07-29 19:21:03] [p3y14lookJnxOaey9QPtkzjlnFM=] [JannnNNN] Checking offline messages for client
[2025-07-29 19:21:03] [p3y14lookJnxOaey9QPtkzjlnFM=] [JannnNNN] No offline messages found
[2025-07-29 19:21:13] [B1vi3FgmXup//0bA/eh0W10lZiM=] [TeamSpeakUser] Checking offline messages for client
[2025-07-29 19:21:13] [B1vi3FgmXup//0bA/eh0W10lZiM=] [TeamSpeakUser] No offline messages found
[2025-07-29 19:22:20] [voHeS+9vDrKsqr51INkaIih9KlI=] [Cyborg1] Checking offline messages for client
[2025-07-29 19:22:20] [voHeS+9vDrKsqr51INkaIih9KlI=] [Cyborg1] No offline messages found
[2025-07-29 19:22:47] [qt+fRHNjOkfIv5KA10YckNlFiyk=] [TroubLe(mustafa)] Checking offline messages for client
[2025-07-29 19:22:47] [qt+fRHNjOkfIv5KA10YckNlFiyk=] [TroubLe(mustafa)] No offline messages found
[2025-07-29 19:23:31] [ujFwruw+PuHCFT8uDyEi0rhDSyE=] [TeamSpeakUser1] Checking offline messages for client
[2025-07-29 19:23:31] [ujFwruw+PuHCFT8uDyEi0rhDSyE=] [TeamSpeakUser1] No offline messages found
[2025-07-29 19:24:01] [ujFwruw+PuHCFT8uDyEi0rhDSyE=] [TeamSpeakUser1] Checking offline messages for client
[2025-07-29 19:24:01] [ujFwruw+PuHCFT8uDyEi0rhDSyE=] [TeamSpeakUser1] No offline messages found
[2025-07-29 19:25:48] [F4Rot6aSlWU5OFZBOarP2RTzrYY=] [INSANE] Checking offline messages for client
[2025-07-29 19:25:48] [F4Rot6aSlWU5OFZBOarP2RTzrYY=] [INSANE] No offline messages found
[2025-07-29 19:26:01] [+HSS1nA3Z9O8INV8ar35lASRhf4=] [Nrrrqqq] Checking offline messages for client
[2025-07-29 19:26:01] [+HSS1nA3Z9O8INV8ar35lASRhf4=] [Nrrrqqq] No offline messages found
[2025-07-29 19:26:35] [veisoKySftOvl4Q1Ks67iGgTmI4=] [beee] Checking offline messages for client
[2025-07-29 19:26:35] [veisoKySftOvl4Q1Ks67iGgTmI4=] [beee] No offline messages found
[2025-07-29 19:26:38] [0k7iJrGzj7haOvrih6GAxyrXHtM=] [Sebitzuu] Checking offline messages for client
[2025-07-29 19:26:38] [0k7iJrGzj7haOvrih6GAxyrXHtM=] [Sebitzuu] No offline messages found
[2025-07-29 19:27:31] [fUNo89kxe5j3tzuMqlRrtvbfJoY=] [Mirusmon79] Checking offline messages for client
[2025-07-29 19:27:31] [fUNo89kxe5j3tzuMqlRrtvbfJoY=] [Mirusmon79] No offline messages found
[2025-07-29 19:27:52] [+HSS1nA3Z9O8INV8ar35lASRhf4=] [Nrrrqqq] Checking offline messages for client
[2025-07-29 19:27:52] [+HSS1nA3Z9O8INV8ar35lASRhf4=] [Nrrrqqq] No offline messages found
[2025-07-29 19:28:43] [WtWgpfS8UE18SW7yGXm3r1yoO/c=] [Kowismo] Checking offline messages for client
[2025-07-29 19:28:43] [WtWgpfS8UE18SW7yGXm3r1yoO/c=] [Kowismo] No offline messages found
[2025-07-29 19:28:52] [3xFAiPm5UZ9JJf8QCCStT439xoI=] [quickbek] Checking offline messages for client
[2025-07-29 19:28:52] [3xFAiPm5UZ9JJf8QCCStT439xoI=] [quickbek] No offline messages found
[2025-07-29 19:32:51] [voHeS+9vDrKsqr51INkaIih9KlI=] [Cyborg1] Checking offline messages for client
[2025-07-29 19:32:51] [voHeS+9vDrKsqr51INkaIih9KlI=] [Cyborg1] No offline messages found
[2025-07-29 19:33:11] [3xFAiPm5UZ9JJf8QCCStT439xoI=] [quickbek] Checking offline messages for client
[2025-07-29 19:33:11] [3xFAiPm5UZ9JJf8QCCStT439xoI=] [quickbek] No offline messages found
[2025-07-29 19:33:33] [fUNo89kxe5j3tzuMqlRrtvbfJoY=] [Mirusmon79] Checking offline messages for client
[2025-07-29 19:33:33] [fUNo89kxe5j3tzuMqlRrtvbfJoY=] [Mirusmon79] No offline messages found
[2025-07-29 19:35:26] [gJLn1vQ9mrffkHC6LBfsIXRQV2I=] [Men4] Checking offline messages for client
[2025-07-29 19:35:26] [gJLn1vQ9mrffkHC6LBfsIXRQV2I=] [Men4] No offline messages found
[2025-07-29 19:36:12] [Om3x8Xif9J3esmUnYiU6ztQ0OzY=] [BIGYURIII] Checking offline messages for client
[2025-07-29 19:36:12] [Om3x8Xif9J3esmUnYiU6ztQ0OzY=] [BIGYURIII] No offline messages found
[2025-07-29 19:36:40] [s5SoU0O6Mp2lEkoeWlMc2247gBk=] [don] Checking offline messages for client
[2025-07-29 19:36:40] [s5SoU0O6Mp2lEkoeWlMc2247gBk=] [don] No offline messages found
[2025-07-29 19:37:09] [tiE02uVEZ30htie4xc5/EUXPc0c=] [immannob] Checking offline messages for client
[2025-07-29 19:37:09] [tiE02uVEZ30htie4xc5/EUXPc0c=] [immannob] No offline messages found
[2025-07-29 19:39:27] [voHeS+9vDrKsqr51INkaIih9KlI=] [Cyborg1] Checking offline messages for client
[2025-07-29 19:39:27] [voHeS+9vDrKsqr51INkaIih9KlI=] [Cyborg1] No offline messages found
[2025-07-29 19:40:30] [tiE02uVEZ30htie4xc5/EUXPc0c=] [immannob] Checking offline messages for client
[2025-07-29 19:40:30] [tiE02uVEZ30htie4xc5/EUXPc0c=] [immannob] No offline messages found
[2025-07-29 19:54:26] [voHeS+9vDrKsqr51INkaIih9KlI=] [Cyborg1] Checking offline messages for client
[2025-07-29 19:54:26] [voHeS+9vDrKsqr51INkaIih9KlI=] [Cyborg1] No offline messages found
[2025-07-29 19:55:39] [yBICHbhgjt9SlHyQu3BZbOYMUQU=] [H0R0Z] Checking offline messages for client
[2025-07-29 19:55:39] [yBICHbhgjt9SlHyQu3BZbOYMUQU=] [H0R0Z] No offline messages found
[2025-07-29 19:56:33] [9+eEcAto/wSTLd5IvNiV/GTupc8=] [Alpha09] Checking offline messages for client
[2025-07-29 19:56:33] [9+eEcAto/wSTLd5IvNiV/GTupc8=] [Alpha09] No offline messages found
[2025-07-29 20:01:18] [WqJ7G2qJdQ8kspL597ANASGN6Qc=] [леха] Checking offline messages for client
[2025-07-29 20:01:18] [WqJ7G2qJdQ8kspL597ANASGN6Qc=] [леха] No offline messages found
[2025-07-29 20:02:09] [7IfhiVJqPvgzaT8q6UzCUD1usuI=] [TeamSpeakUser2] Checking offline messages for client
[2025-07-29 20:02:09] [7IfhiVJqPvgzaT8q6UzCUD1usuI=] [TeamSpeakUser2] No offline messages found
[2025-07-29 20:03:56] [5hddc8haxgTOmC6YnU4i/CaEPsM=] [saadf] Checking offline messages for client
[2025-07-29 20:03:56] [5hddc8haxgTOmC6YnU4i/CaEPsM=] [saadf] No offline messages found
[2025-07-29 20:04:32] [yBICHbhgjt9SlHyQu3BZbOYMUQU=] [H0R0Z] Checking offline messages for client
[2025-07-29 20:04:32] [yBICHbhgjt9SlHyQu3BZbOYMUQU=] [H0R0Z] No offline messages found
[2025-07-29 20:07:23] [AC87pO3YB+wvZ5G27tY2glDTG4M=] [andy76633] Checking offline messages for client
[2025-07-29 20:07:23] [AC87pO3YB+wvZ5G27tY2glDTG4M=] [andy76633] No offline messages found
[2025-07-29 20:08:22] [0k7iJrGzj7haOvrih6GAxyrXHtM=] [Sebitzuu] Checking offline messages for client
[2025-07-29 20:08:22] [0k7iJrGzj7haOvrih6GAxyrXHtM=] [Sebitzuu] No offline messages found
[2025-07-29 20:09:17] [yPSI9aghhtH6O+mnSQIo84yUZ4c=] [шароёб] Checking offline messages for client
[2025-07-29 20:09:17] [yPSI9aghhtH6O+mnSQIo84yUZ4c=] [шароёб] Found 1 offline messages
[2025-07-29 20:09:19] [yPSI9aghhtH6O+mnSQIo84yUZ4c=] [шароёб] Sent poke message: Your private channel has been renumbered from #0 to #21 to maintain sorting order.
[2025-07-29 20:09:19] [yPSI9aghhtH6O+mnSQIo84yUZ4c=] [шароёб] Deleted 1 delivered messages from database
[2025-07-29 20:10:48] [Tgd5hyEUE1h1eu8z/TBEWqTvsO4=] [verdi] Checking offline messages for client
[2025-07-29 20:10:48] [Tgd5hyEUE1h1eu8z/TBEWqTvsO4=] [verdi] No offline messages found
[2025-07-29 20:11:21] [xiVTUqjmPR8HsEFkd9qzObroM+Q=] [TeamSpeakUser3] Checking offline messages for client
[2025-07-29 20:11:21] [xiVTUqjmPR8HsEFkd9qzObroM+Q=] [TeamSpeakUser3] No offline messages found
[2025-07-29 20:12:53] [qXu/YEbz0BqZXHthtOhD7suFGhw=] [noice8] Checking offline messages for client
[2025-07-29 20:12:53] [qXu/YEbz0BqZXHthtOhD7suFGhw=] [noice8] No offline messages found
[2025-07-29 20:13:40] [GMV7xmPT7GebwwLjoCG8J6ufcNg=] [W1`] Checking offline messages for client
[2025-07-29 20:13:40] [GMV7xmPT7GebwwLjoCG8J6ufcNg=] [W1`] No offline messages found
[2025-07-29 20:14:09] [qXu/YEbz0BqZXHthtOhD7suFGhw=] [noice8] Checking offline messages for client
[2025-07-29 20:14:09] [qXu/YEbz0BqZXHthtOhD7suFGhw=] [noice8] No offline messages found
[2025-07-29 20:14:27] [kULTdQq319JIL8kWV2Yvc5hMdaw=] [TeamSpeakUser4] Checking offline messages for client
[2025-07-29 20:14:27] [kULTdQq319JIL8kWV2Yvc5hMdaw=] [TeamSpeakUser4] No offline messages found
[2025-07-29 20:15:29] [pEOyeueULGnZ9XtbqZPJsEs7MGM=] [Cm=Cm] Checking offline messages for client
[2025-07-29 20:15:29] [pEOyeueULGnZ9XtbqZPJsEs7MGM=] [Cm=Cm] No offline messages found
[2025-07-29 20:16:59] [pEOyeueULGnZ9XtbqZPJsEs7MGM=] [Summer Soldier] Checking offline messages for client
[2025-07-29 20:16:59] [pEOyeueULGnZ9XtbqZPJsEs7MGM=] [Summer Soldier] No offline messages found
[2025-07-29 20:18:07] [KJ4zqn9pukLO1ChROBmAPzo3JKk=] [Shutn1k] Checking offline messages for client
[2025-07-29 20:18:07] [KJ4zqn9pukLO1ChROBmAPzo3JKk=] [Shutn1k] No offline messages found
[2025-07-29 20:19:12] [voHeS+9vDrKsqr51INkaIih9KlI=] [Cyborg1] Checking offline messages for client
[2025-07-29 20:19:12] [voHeS+9vDrKsqr51INkaIih9KlI=] [Cyborg1] No offline messages found
[2025-07-29 20:19:15] [rtdUFV+2q6gMB7LIOA5+y8SqhBY=] [mevlutozkara] Checking offline messages for client
[2025-07-29 20:19:15] [rtdUFV+2q6gMB7LIOA5+y8SqhBY=] [mevlutozkara] No offline messages found
[2025-07-29 20:21:22] [JVYr5bKxL1SW+6/DCG+FQqC2Lyo=] [isekai] Checking offline messages for client
[2025-07-29 20:21:22] [JVYr5bKxL1SW+6/DCG+FQqC2Lyo=] [isekai] No offline messages found
[2025-07-29 20:21:40] [voHeS+9vDrKsqr51INkaIih9KlI=] [Cyborg1] Checking offline messages for client
[2025-07-29 20:21:40] [voHeS+9vDrKsqr51INkaIih9KlI=] [Cyborg1] No offline messages found
[2025-07-29 20:22:17] [103NpgSMbA6VWxysX3UIH+x6Soo=] [kiesik98] Checking offline messages for client
[2025-07-29 20:22:17] [103NpgSMbA6VWxysX3UIH+x6Soo=] [kiesik98] No offline messages found
[2025-07-29 20:23:38] [hUjMcppeZYeQG89H1ehSTqHW6iQ=] [Hydrastarke] Checking offline messages for client
[2025-07-29 20:23:38] [hUjMcppeZYeQG89H1ehSTqHW6iQ=] [Hydrastarke] No offline messages found
[2025-07-29 20:23:51] [+eY62p4z2Yc8MBABvp55HWZZJ18=] [saulov] Checking offline messages for client
[2025-07-29 20:23:51] [+eY62p4z2Yc8MBABvp55HWZZJ18=] [saulov] No offline messages found
[2025-07-29 20:24:11] [lPq8Y8B1JOHL6QoSGZDwJ6xzT7Q=] [vata] Checking offline messages for client
[2025-07-29 20:24:11] [lPq8Y8B1JOHL6QoSGZDwJ6xzT7Q=] [vata] No offline messages found
[2025-07-29 20:24:35] [4m0mDvr/cLcAgFAyZjFVru6dWeY=] [Maks1m_K] Checking offline messages for client
[2025-07-29 20:24:35] [4m0mDvr/cLcAgFAyZjFVru6dWeY=] [Maks1m_K] No offline messages found
[2025-07-29 20:26:41] [BO0uwuoQWJlo9eiY1ZibP+RBzaY=] [haajiton] Checking offline messages for client
[2025-07-29 20:26:41] [BO0uwuoQWJlo9eiY1ZibP+RBzaY=] [haajiton] No offline messages found
[2025-07-29 20:27:26] [1sRwMph8GANqzrnjJ1XhNF3mqNw=] [TeamSpeakUser5] Checking offline messages for client
[2025-07-29 20:27:26] [1sRwMph8GANqzrnjJ1XhNF3mqNw=] [TeamSpeakUser5] No offline messages found
[2025-07-29 20:28:09] [jnDQ5oFGfUiT4j6Wm8eE+z+Bp70=] [radin] Checking offline messages for client
[2025-07-29 20:28:09] [jnDQ5oFGfUiT4j6Wm8eE+z+Bp70=] [radin] No offline messages found
[2025-07-29 20:28:17] [LChIIpVKSczGXCJcvYW8G7+Rrgk=] [erik] Checking offline messages for client
[2025-07-29 20:28:17] [LChIIpVKSczGXCJcvYW8G7+Rrgk=] [erik] No offline messages found
[2025-07-29 20:28:47] [DdTZodlZXHjKOe/rO2QlLuhDRu0=] [_Sanitol_] Checking offline messages for client
[2025-07-29 20:28:47] [DdTZodlZXHjKOe/rO2QlLuhDRu0=] [_Sanitol_] No offline messages found
[2025-07-29 20:28:52] [S4nJnfZbC50B772ngduYc9QqqU0=] [PIADORAZZZ] Checking offline messages for client
[2025-07-29 20:28:52] [S4nJnfZbC50B772ngduYc9QqqU0=] [PIADORAZZZ] No offline messages found
[2025-07-29 20:32:19] [Tl3Bg1zFfrOJ+IRWyJh5UAIJ+5o=] [Efkeyy] Checking offline messages for client
[2025-07-29 20:32:19] [Tl3Bg1zFfrOJ+IRWyJh5UAIJ+5o=] [Efkeyy] No offline messages found
[2025-07-29 20:33:39] [1fLfTv7a7WCXSiKCcl/56zaOGH4=] [TeamSpeakUser6] Checking offline messages for client
[2025-07-29 20:33:39] [1fLfTv7a7WCXSiKCcl/56zaOGH4=] [TeamSpeakUser6] No offline messages found
[2025-07-29 20:42:57] [OnyFNlLSRn5WExnVSStquo7sjMA=] [ПожилаяОстановка] Checking offline messages for client
[2025-07-29 20:42:57] [OnyFNlLSRn5WExnVSStquo7sjMA=] [ПожилаяОстановка] No offline messages found
[2025-07-29 20:43:28] [CVqmXkHy7vA0K8v1PUk4BzrfVfA=] [Z3Mort013] Checking offline messages for client
[2025-07-29 20:43:28] [CVqmXkHy7vA0K8v1PUk4BzrfVfA=] [Z3Mort013] No offline messages found
[2025-07-29 20:44:26] [Wea4qPdh5ARTol/+1enYw8oKVh0=] [cuma/bobmarley] Checking offline messages for client
[2025-07-29 20:44:26] [Wea4qPdh5ARTol/+1enYw8oKVh0=] [cuma/bobmarley] No offline messages found
[2025-07-29 20:45:47] [bsB8B4RAh+ZAN8q5dxFVKCf7yYw=] [WOLVERİNE] Checking offline messages for client
[2025-07-29 20:45:47] [bsB8B4RAh+ZAN8q5dxFVKCf7yYw=] [WOLVERİNE] No offline messages found
[2025-07-29 20:46:15] [oweVr7NRE5ly0CrprOSXvlbytK0=] [ahmettgk1] Checking offline messages for client
[2025-07-29 20:46:15] [oweVr7NRE5ly0CrprOSXvlbytK0=] [ahmettgk1] No offline messages found
[2025-07-29 20:47:35] [ow+Zi/O4SnJIvwHosoZ7zIvOOK8=] [shinigami] Checking offline messages for client
[2025-07-29 20:47:35] [ow+Zi/O4SnJIvwHosoZ7zIvOOK8=] [shinigami] No offline messages found
[2025-07-29 20:47:36] [cMkGnTTHFvn5Sz0A9+EoXM1gT2s=] [mishechcat] Checking offline messages for client
[2025-07-29 20:47:36] [cMkGnTTHFvn5Sz0A9+EoXM1gT2s=] [mishechcat] No offline messages found
[2025-07-29 20:48:14] [yNFUjD+LJEqojKPPlPGtCAVEYRU=] [Боцман777] Checking offline messages for client
[2025-07-29 20:48:14] [yNFUjD+LJEqojKPPlPGtCAVEYRU=] [Боцман777] No offline messages found
[2025-07-29 20:52:21] [v8d0S2VwxhW09HTFPSJZmdATS9s=] [lokmannnnnn] Checking offline messages for client
[2025-07-29 20:52:21] [v8d0S2VwxhW09HTFPSJZmdATS9s=] [lokmannnnnn] No offline messages found
[2025-07-29 20:54:22] [raAePR7lHPhNIRleevueRUQgaPg=] [Seyit] Checking offline messages for client
[2025-07-29 20:54:22] [raAePR7lHPhNIRleevueRUQgaPg=] [Seyit] No offline messages found
[2025-07-29 20:55:22] [ilO9JAl5glx+WikZA6SZqmic0Iw=] [kaiizenn] Checking offline messages for client
[2025-07-29 20:55:22] [ilO9JAl5glx+WikZA6SZqmic0Iw=] [kaiizenn] No offline messages found
[2025-07-29 20:55:59] [lSogL4Wywrn1Is8F7jT3fDe2qDg=] [emreşükrü] Checking offline messages for client
[2025-07-29 20:55:59] [lSogL4Wywrn1Is8F7jT3fDe2qDg=] [emreşükrü] No offline messages found
[2025-07-29 20:56:03] [CVqmXkHy7vA0K8v1PUk4BzrfVfA=] [Z3Mort013] Checking offline messages for client
[2025-07-29 20:56:03] [CVqmXkHy7vA0K8v1PUk4BzrfVfA=] [Z3Mort013] No offline messages found
[2025-07-29 20:56:44] [675wO5ssJtQbFw+9qXHexPjHNYM=] [Nevskiiiy] Checking offline messages for client
[2025-07-29 20:56:44] [675wO5ssJtQbFw+9qXHexPjHNYM=] [Nevskiiiy] No offline messages found
[2025-07-29 20:56:49] [2Lx63FxcyvHlLbs3Khbo5bJe6mY=] [Last] Checking offline messages for client
[2025-07-29 20:56:49] [2Lx63FxcyvHlLbs3Khbo5bJe6mY=] [Last] No offline messages found
[2025-07-29 20:59:34] [dNRYIZtk71CY8BBDYawxb2cjIk8=] [Cencya1] Checking offline messages for client
[2025-07-29 20:59:34] [dNRYIZtk71CY8BBDYawxb2cjIk8=] [Cencya1] No offline messages found
[2025-07-29 21:01:23] [Ug0wJZTbFiW1dVPcgLClExPPRVg=] [Ne_Vazhn01] Checking offline messages for client
[2025-07-29 21:01:23] [Ug0wJZTbFiW1dVPcgLClExPPRVg=] [Ne_Vazhn01] No offline messages found
[2025-07-29 21:02:18] [1nHWWpwvoZf+IGl6BaPDK6nG9mg=] [FataL1Day] Checking offline messages for client
[2025-07-29 21:02:18] [1nHWWpwvoZf+IGl6BaPDK6nG9mg=] [FataL1Day] No offline messages found
[2025-07-29 21:02:31] [1nHWWpwvoZf+IGl6BaPDK6nG9mg=] [FataL1Day] Checking offline messages for client
[2025-07-29 21:02:31] [1nHWWpwvoZf+IGl6BaPDK6nG9mg=] [FataL1Day] No offline messages found
[2025-07-29 21:04:29] [NfnVujvEphIfsiju8kuWFNANTfk=] [noone] Checking offline messages for client
[2025-07-29 21:04:29] [NfnVujvEphIfsiju8kuWFNANTfk=] [noone] No offline messages found
[2025-07-29 21:04:38] [xZxMaKAovpIdh45ttW5XMOlpqDA=] [berkkilic] Checking offline messages for client
[2025-07-29 21:04:38] [xZxMaKAovpIdh45ttW5XMOlpqDA=] [berkkilic] No offline messages found
[2025-07-29 21:06:01] [VKNuVuuQDdO9VLj8BCq1tGrTUQk=] [CEVIKUVVET] Checking offline messages for client
[2025-07-29 21:06:01] [VKNuVuuQDdO9VLj8BCq1tGrTUQk=] [CEVIKUVVET] No offline messages found
[2025-07-29 21:06:53] [q7G2/UKjynPGC+8eWqWTGArhN/8=] [Kiko] Checking offline messages for client
[2025-07-29 21:06:53] [q7G2/UKjynPGC+8eWqWTGArhN/8=] [Kiko] No offline messages found
[2025-07-29 21:07:23] [CVqmXkHy7vA0K8v1PUk4BzrfVfA=] [Z3Mort013] Checking offline messages for client
[2025-07-29 21:07:23] [CVqmXkHy7vA0K8v1PUk4BzrfVfA=] [Z3Mort013] No offline messages found
[2025-07-29 21:07:34] [8F/wqyUZbzkbJnHcA07nhS4DohU=] [dimafreddyy] Checking offline messages for client
[2025-07-29 21:07:34] [8F/wqyUZbzkbJnHcA07nhS4DohU=] [dimafreddyy] No offline messages found
[2025-07-29 21:07:38] [HL1M4htZuC4hSl/P/HyqYlf2rf8=] [CİHO] Checking offline messages for client
[2025-07-29 21:07:38] [HL1M4htZuC4hSl/P/HyqYlf2rf8=] [CİHO] No offline messages found
[2025-07-29 21:11:26] [CivIdqvdtxSJX+mCOeU13yota9Y=] [digitalmix] Checking offline messages for client
[2025-07-29 21:11:26] [CivIdqvdtxSJX+mCOeU13yota9Y=] [digitalmix] No offline messages found
[2025-07-29 21:13:09] [Chs2gds0q5c5sHk5GQqGy9JmwQg=] [teaman11] Checking offline messages for client
[2025-07-29 21:13:09] [Chs2gds0q5c5sHk5GQqGy9JmwQg=] [teaman11] No offline messages found
[2025-07-29 21:13:36] [yBICHbhgjt9SlHyQu3BZbOYMUQU=] [H0R0Z] Checking offline messages for client
[2025-07-29 21:13:36] [yBICHbhgjt9SlHyQu3BZbOYMUQU=] [H0R0Z] No offline messages found
[2025-07-29 21:18:03] [u37UZKIsHRy8fpvH8qv7OuhDpEw=] [AMINOV] Checking offline messages for client
[2025-07-29 21:18:03] [u37UZKIsHRy8fpvH8qv7OuhDpEw=] [AMINOV] No offline messages found
[2025-07-29 21:18:07] [vxdfFXt33wnNnlZXoiwbyFr5Y7M=] [buchka] Checking offline messages for client
[2025-07-29 21:18:07] [vxdfFXt33wnNnlZXoiwbyFr5Y7M=] [buchka] No offline messages found
[2025-07-29 21:25:47] [iWkGqlzyARZXXdyrR8Wzo8kxklE=] [SysmoUsercid=140] Checking offline messages for client
[2025-07-29 21:25:47] [iWkGqlzyARZXXdyrR8Wzo8kxklE=] [SysmoUsercid=140] No offline messages found
[2025-07-29 21:26:14] [bjgWDBPmNIcCnicWNwjTalB0gWI=] [sfx] Checking offline messages for client
[2025-07-29 21:26:14] [bjgWDBPmNIcCnicWNwjTalB0gWI=] [sfx] No offline messages found
[2025-07-29 21:27:09] [nKM59hxTojEpwTkMTG1uWArmxms=] [rowdy] Checking offline messages for client
[2025-07-29 21:27:09] [nKM59hxTojEpwTkMTG1uWArmxms=] [rowdy] No offline messages found
[2025-07-29 21:27:26] [bjgWDBPmNIcCnicWNwjTalB0gWI=] [sfx] Checking offline messages for client
[2025-07-29 21:27:26] [bjgWDBPmNIcCnicWNwjTalB0gWI=] [sfx] No offline messages found
[2025-07-29 21:27:28] [1DnWLRgS2QfI/n3VG10tZCF37DE=] [yuno gasai] Checking offline messages for client
[2025-07-29 21:27:28] [1DnWLRgS2QfI/n3VG10tZCF37DE=] [yuno gasai] No offline messages found
[2025-07-29 21:28:37] [f5blCV2SYOa9qeIxhD7mgNKdr10=] [kompot1k] Checking offline messages for client
[2025-07-29 21:28:37] [f5blCV2SYOa9qeIxhD7mgNKdr10=] [kompot1k] No offline messages found
[2025-07-29 21:28:48] [m2cWPlFvQJURXtq/R9Q2AIs45eo=] [hulaga2g] Checking offline messages for client
[2025-07-29 21:28:48] [m2cWPlFvQJURXtq/R9Q2AIs45eo=] [hulaga2g] No offline messages found
[2025-07-29 21:30:01] [Xc1V+9hgSSUuMOB1iFNE7BbrmwA=] [Jaws] Checking offline messages for client
[2025-07-29 21:30:01] [Xc1V+9hgSSUuMOB1iFNE7BbrmwA=] [Jaws] No offline messages found
[2025-07-29 21:33:22] [37H/lttZ8+4bwWOCES4zZFUkIOg=] [crzfrg77] Checking offline messages for client
[2025-07-29 21:33:22] [37H/lttZ8+4bwWOCES4zZFUkIOg=] [crzfrg77] No offline messages found
[2025-07-29 21:33:33] [Ur4QEkJdoUnTlF/3Qq/fhchir7U=] [Alex0807] Checking offline messages for client
[2025-07-29 21:33:33] [Ur4QEkJdoUnTlF/3Qq/fhchir7U=] [Alex0807] No offline messages found
[2025-07-29 21:35:05] [pUCIpssKzbEhYAmtB8xcuFXcEsU=] [mostafa] Checking offline messages for client
[2025-07-29 21:35:05] [pUCIpssKzbEhYAmtB8xcuFXcEsU=] [mostafa] No offline messages found
[2025-07-29 21:35:13] [vxdfFXt33wnNnlZXoiwbyFr5Y7M=] [buchka] Checking offline messages for client
[2025-07-29 21:35:13] [vxdfFXt33wnNnlZXoiwbyFr5Y7M=] [buchka] No offline messages found
[2025-07-29 21:35:30] [jIYbsjxSlUyQS2VyFG3J0zG0Jcg=] [sashalazar] Checking offline messages for client
[2025-07-29 21:35:30] [jIYbsjxSlUyQS2VyFG3J0zG0Jcg=] [sashalazar] No offline messages found
[2025-07-29 21:35:46] [hFtaoneXBKc0VnYjYeLDj+23F6Q=] [kenissimo] Checking offline messages for client
[2025-07-29 21:35:46] [hFtaoneXBKc0VnYjYeLDj+23F6Q=] [kenissimo] No offline messages found
[2025-07-29 21:35:59] [37H/lttZ8+4bwWOCES4zZFUkIOg=] [crzfrg77] Checking offline messages for client
[2025-07-29 21:35:59] [37H/lttZ8+4bwWOCES4zZFUkIOg=] [crzfrg77] No offline messages found
[2025-07-29 21:36:27] [WUFbI2wm1TirPkulhTRESNYToW0=] [sajjad] Checking offline messages for client
[2025-07-29 21:36:27] [WUFbI2wm1TirPkulhTRESNYToW0=] [sajjad] No offline messages found
[2025-07-29 21:36:50] [rtdUFV+2q6gMB7LIOA5+y8SqhBY=] [mevlutozkara] Checking offline messages for client
[2025-07-29 21:36:50] [rtdUFV+2q6gMB7LIOA5+y8SqhBY=] [mevlutozkara] No offline messages found
[2025-07-29 21:39:44] [A337CRyeHXs4LwAB23shVIw0jeg=] [mishechcaty] Checking offline messages for client
[2025-07-29 21:39:44] [A337CRyeHXs4LwAB23shVIw0jeg=] [mishechcaty] No offline messages found
[2025-07-29 21:41:23] [yPSI9aghhtH6O+mnSQIo84yUZ4c=] [шароёб] Checking offline messages for client
[2025-07-29 21:41:23] [yPSI9aghhtH6O+mnSQIo84yUZ4c=] [шароёб] No offline messages found
[2025-07-29 21:41:47] [21GYrZ5LFqh/gapn4zUDZ7mxJFU=] [Chibuike] Checking offline messages for client
[2025-07-29 21:41:47] [21GYrZ5LFqh/gapn4zUDZ7mxJFU=] [Chibuike] No offline messages found
[2025-07-29 21:42:21] [Di2MaUkDvWG/4yTOmNqIBWAhaIM=] [astraiser] Checking offline messages for client
[2025-07-29 21:42:21] [Di2MaUkDvWG/4yTOmNqIBWAhaIM=] [astraiser] No offline messages found
[2025-07-29 21:44:11] [y8www1vX+Fcxdsy3fifmpFwkYkA=] [KingDriver] Checking offline messages for client
[2025-07-29 21:44:11] [y8www1vX+Fcxdsy3fifmpFwkYkA=] [KingDriver] No offline messages found
[2025-07-29 21:45:27] [UvxzHCQqnYvj+NhJMA8I3x8tbj8=] [purpwater] Checking offline messages for client
[2025-07-29 21:45:27] [UvxzHCQqnYvj+NhJMA8I3x8tbj8=] [purpwater] No offline messages found
[2025-07-29 21:45:50] [eNxiZDOeggdj95ZNvuM5yeobkrU=] [Etienne] Checking offline messages for client
[2025-07-29 21:45:50] [eNxiZDOeggdj95ZNvuM5yeobkrU=] [Etienne] No offline messages found
[2025-07-29 21:45:58] [8F/wqyUZbzkbJnHcA07nhS4DohU=] [dimafreddyy] Checking offline messages for client
[2025-07-29 21:45:58] [8F/wqyUZbzkbJnHcA07nhS4DohU=] [dimafreddyy] No offline messages found
[2025-07-29 21:46:17] [gxGX91a+FO9ox8ymbTAiTSocxRE=] [Froll1] Checking offline messages for client
[2025-07-29 21:46:17] [gxGX91a+FO9ox8ymbTAiTSocxRE=] [Froll1] No offline messages found
[2025-07-29 21:46:27] [gxGX91a+FO9ox8ymbTAiTSocxRE=] [Froll1] Checking offline messages for client
[2025-07-29 21:46:27] [gxGX91a+FO9ox8ymbTAiTSocxRE=] [Froll1] No offline messages found
[2025-07-29 21:47:23] [j5dWqR3YtdDg+SH0Z4utnl7TppY=] [Claudiu20047] Checking offline messages for client
[2025-07-29 21:47:23] [j5dWqR3YtdDg+SH0Z4utnl7TppY=] [Claudiu20047] No offline messages found
[2025-07-29 21:48:05] [FsMp77KHXHlbn6N7tmLYLKRzAG8=] [Hugo] Checking offline messages for client
[2025-07-29 21:48:05] [FsMp77KHXHlbn6N7tmLYLKRzAG8=] [Hugo] No offline messages found
[2025-07-29 21:49:41] [kI4Iq6xXKhsCvHl1H7QZho8zUzY=] [elges] Checking offline messages for client
[2025-07-29 21:49:41] [kI4Iq6xXKhsCvHl1H7QZho8zUzY=] [elges] No offline messages found
[2025-07-29 21:49:59] [9L00arJzCt1G2LLDRV0HQCJjofM=] [osasderlerbana] Checking offline messages for client
[2025-07-29 21:49:59] [9L00arJzCt1G2LLDRV0HQCJjofM=] [osasderlerbana] No offline messages found
[2025-07-29 21:53:18] [vQBpA0VvBo3XlFVJd2yFUhlAD5E=] [whoismert] Checking offline messages for client
[2025-07-29 21:53:18] [vQBpA0VvBo3XlFVJd2yFUhlAD5E=] [whoismert] No offline messages found
[2025-07-29 21:59:59] [xa6D8FIW6ei0ShkOhBhw00Tmpcc=] [PipkaOtca] Checking offline messages for client
[2025-07-29 21:59:59] [xa6D8FIW6ei0ShkOhBhw00Tmpcc=] [PipkaOtca] No offline messages found
[2025-07-29 22:00:14] [6EwxQw7oRt1YOQbzeeEOWW6iyEY=] [TeamSpeakUser2] Checking offline messages for client
[2025-07-29 22:00:14] [6EwxQw7oRt1YOQbzeeEOWW6iyEY=] [TeamSpeakUser2] No offline messages found
[2025-07-29 22:01:05] [IvPuoleyuChePKK0GR7sRhVCkJE=] [SYRUSSS] Checking offline messages for client
[2025-07-29 22:01:05] [IvPuoleyuChePKK0GR7sRhVCkJE=] [SYRUSSS] No offline messages found
[2025-07-29 22:03:03] [4+uLG/zPSbf20iyE+oBWsHrYVtI=] [ogi] Checking offline messages for client
[2025-07-29 22:03:03] [4+uLG/zPSbf20iyE+oBWsHrYVtI=] [ogi] No offline messages found
[2025-07-29 22:06:16] [j5dWqR3YtdDg+SH0Z4utnl7TppY=] [Claudiu20047] Checking offline messages for client
[2025-07-29 22:06:16] [j5dWqR3YtdDg+SH0Z4utnl7TppY=] [Claudiu20047] No offline messages found
[2025-07-29 22:07:42] [21GYrZ5LFqh/gapn4zUDZ7mxJFU=] [Chibuike] Checking offline messages for client
[2025-07-29 22:07:42] [21GYrZ5LFqh/gapn4zUDZ7mxJFU=] [Chibuike] No offline messages found
[2025-07-29 22:08:08] [DlBQSv+ccYTp5SrssTpqL5b2mfg=] [TeamSpeakUser] Checking offline messages for client
[2025-07-29 22:08:08] [DlBQSv+ccYTp5SrssTpqL5b2mfg=] [TeamSpeakUser] No offline messages found
[2025-07-29 22:09:35] [Xc1V+9hgSSUuMOB1iFNE7BbrmwA=] [Jaws] Checking offline messages for client
[2025-07-29 22:09:35] [Xc1V+9hgSSUuMOB1iFNE7BbrmwA=] [Jaws] No offline messages found
[2025-07-29 22:12:42] [qF4qtzDkp7bZzEbBJD18LMzwWQ0=] [жопа пук] Checking offline messages for client
[2025-07-29 22:12:42] [qF4qtzDkp7bZzEbBJD18LMzwWQ0=] [жопа пук] No offline messages found
[2025-07-29 22:13:27] [21GYrZ5LFqh/gapn4zUDZ7mxJFU=] [Chibuike] Checking offline messages for client
[2025-07-29 22:13:27] [21GYrZ5LFqh/gapn4zUDZ7mxJFU=] [Chibuike] No offline messages found
[2025-07-29 22:15:44] [op9aF5gpPEcS0zuoCV0wviHOYmQ=] [Speedbatteur] Checking offline messages for client
[2025-07-29 22:15:44] [op9aF5gpPEcS0zuoCV0wviHOYmQ=] [Speedbatteur] No offline messages found
[2025-07-29 22:15:46] [fgOeoBk6I+eD6fz/JvW68oJh6ms=] [Ministry of Silly Walks] Checking offline messages for client
[2025-07-29 22:15:46] [fgOeoBk6I+eD6fz/JvW68oJh6ms=] [Ministry of Silly Walks] No offline messages found
[2025-07-29 22:16:42] [x+3AnmXNbSKqXHfk1pyxS/e1NAo=] [BloodBlade] Checking offline messages for client
[2025-07-29 22:16:42] [x+3AnmXNbSKqXHfk1pyxS/e1NAo=] [BloodBlade] No offline messages found
[2025-07-29 22:17:39] [6ac93A1tzSvbx8C8x7F68SZ/DBk=] [lewy] Checking offline messages for client
[2025-07-29 22:17:39] [6ac93A1tzSvbx8C8x7F68SZ/DBk=] [lewy] No offline messages found
[2025-07-29 22:19:32] [5lVyVx5BSqJWrEcKd5UNmlKvluE=] [Neil0001k] Checking offline messages for client
[2025-07-29 22:19:32] [5lVyVx5BSqJWrEcKd5UNmlKvluE=] [Neil0001k] No offline messages found
[2025-07-29 22:19:51] [xBMJD2Y2SpzPtIEf1cFbTuruz8Q=] [KAYMAKAM] Checking offline messages for client
[2025-07-29 22:19:51] [xBMJD2Y2SpzPtIEf1cFbTuruz8Q=] [KAYMAKAM] No offline messages found
[2025-07-29 22:19:52] [ZRJE0ISA13RmnFcasOlw68BVsNY=] [F4funder] Checking offline messages for client
[2025-07-29 22:19:52] [ZRJE0ISA13RmnFcasOlw68BVsNY=] [F4funder] No offline messages found
[2025-07-29 22:22:35] [TWI+XXGLu2pwzCW3cEOZstlE9X4=] [FlavianFCP] Checking offline messages for client
[2025-07-29 22:22:35] [TWI+XXGLu2pwzCW3cEOZstlE9X4=] [FlavianFCP] No offline messages found
[2025-07-29 22:23:12] [c7oFTcKiq/RBmmRK+zVRyiDwGvs=] [karl_33] Checking offline messages for client
[2025-07-29 22:23:12] [c7oFTcKiq/RBmmRK+zVRyiDwGvs=] [karl_33] No offline messages found
[2025-07-29 22:23:25] [vFjtC2ZoAetP0THHVaffkNS1cIQ=] [sayonara] Checking offline messages for client
[2025-07-29 22:23:25] [vFjtC2ZoAetP0THHVaffkNS1cIQ=] [sayonara] No offline messages found
[2025-07-29 22:23:26] [u4JZ9u76YKqLZR4gXez2jwp796Q=] [m1gl] Checking offline messages for client
[2025-07-29 22:23:26] [u4JZ9u76YKqLZR4gXez2jwp796Q=] [m1gl] No offline messages found
[2025-07-29 22:23:28] [OJ7ovzzJEZfWOoDTnPWqcRESxgA=] [TEANZUS] Checking offline messages for client
[2025-07-29 22:23:28] [OJ7ovzzJEZfWOoDTnPWqcRESxgA=] [TEANZUS] No offline messages found
[2025-07-29 22:23:34] [q+Dme7hw+JksFcc5wayDrCFM5bk=] [yngbldd] Checking offline messages for client
[2025-07-29 22:23:34] [q+Dme7hw+JksFcc5wayDrCFM5bk=] [yngbldd] No offline messages found
[2025-07-29 22:24:27] [1J4nBcdW23ZPDS2aBVqGQpMtM7Q=] [nownime] Checking offline messages for client
[2025-07-29 22:24:27] [1J4nBcdW23ZPDS2aBVqGQpMtM7Q=] [nownime] No offline messages found
[2025-07-29 22:26:37] [j5dWqR3YtdDg+SH0Z4utnl7TppY=] [Claudiu20047] Checking offline messages for client
[2025-07-29 22:26:37] [j5dWqR3YtdDg+SH0Z4utnl7TppY=] [Claudiu20047] No offline messages found
[2025-07-29 22:26:38] [c7oFTcKiq/RBmmRK+zVRyiDwGvs=] [karl_33] Checking offline messages for client
[2025-07-29 22:26:38] [c7oFTcKiq/RBmmRK+zVRyiDwGvs=] [karl_33] No offline messages found
[2025-07-29 22:29:59] [DSvlDMldPSHoEhte/Rkx+TtrQx8=] [rainfalllbtw] Checking offline messages for client
[2025-07-29 22:29:59] [DSvlDMldPSHoEhte/Rkx+TtrQx8=] [rainfalllbtw] No offline messages found
[2025-07-29 22:30:29] [xFGoC/5qyTdCoAEQ2WadURiNdqI=] [ikhates] Checking offline messages for client
[2025-07-29 22:30:29] [xFGoC/5qyTdCoAEQ2WadURiNdqI=] [ikhates] No offline messages found
[2025-07-29 22:31:44] [6QTSVZJXFWVj3iE7IzR5O0qjvAA=] [Maprhendil] Checking offline messages for client
[2025-07-29 22:31:44] [6QTSVZJXFWVj3iE7IzR5O0qjvAA=] [Maprhendil] No offline messages found
[2025-07-29 22:31:45] [hnH8Pkux3Af6xG46f+oe81jVdcA=] [-EscA`#] Checking offline messages for client
[2025-07-29 22:31:45] [hnH8Pkux3Af6xG46f+oe81jVdcA=] [-EscA`#] No offline messages found
[2025-07-29 22:31:45] [hnH8Pkux3Af6xG46f+oe81jVdcA=] [-EscA`#] Checking offline messages for client
[2025-07-29 22:31:45] [hnH8Pkux3Af6xG46f+oe81jVdcA=] [-EscA`#] No offline messages found
[2025-07-29 22:31:45] [hnH8Pkux3Af6xG46f+oe81jVdcA=] [-EscA`#] Checking offline messages for client
[2025-07-29 22:31:45] [hnH8Pkux3Af6xG46f+oe81jVdcA=] [-EscA`#] No offline messages found
[2025-07-29 22:33:16] [BEg2/olv1HHNvUSRHS+tb2VFbnw=] [lilja] Checking offline messages for client
[2025-07-29 22:33:16] [BEg2/olv1HHNvUSRHS+tb2VFbnw=] [lilja] No offline messages found
[2025-07-29 22:33:19] [Zn/9+bT2XSO9sc6lE0+QcGA4eu4=] [sanq] Checking offline messages for client
[2025-07-29 22:33:19] [Zn/9+bT2XSO9sc6lE0+QcGA4eu4=] [sanq] No offline messages found
[2025-07-29 22:33:49] [MCH5CUuHw7qLHVegyroS34EN/pQ=] [PastA1] Checking offline messages for client
[2025-07-29 22:33:49] [MCH5CUuHw7qLHVegyroS34EN/pQ=] [PastA1] No offline messages found
[2025-07-29 22:35:46] [0k7iJrGzj7haOvrih6GAxyrXHtM=] [Sebitzuu] Checking offline messages for client
[2025-07-29 22:35:46] [0k7iJrGzj7haOvrih6GAxyrXHtM=] [Sebitzuu] No offline messages found
[2025-07-29 22:36:34] [Lm1n0p7fC/1pjKi0sXmBUDhDWNE=] [clamoris] Checking offline messages for client
[2025-07-29 22:36:34] [Lm1n0p7fC/1pjKi0sXmBUDhDWNE=] [clamoris] No offline messages found
[2025-07-29 22:37:36] [BwlvWTk4X2R/AjiK56jphGEzeDU=] [TeamSpeakUser3] Checking offline messages for client
[2025-07-29 22:37:36] [BwlvWTk4X2R/AjiK56jphGEzeDU=] [TeamSpeakUser3] No offline messages found
[2025-07-29 22:38:03] [esphB+mG2+N8I3ntRjK04Tgvv7o=] [Phantor] Checking offline messages for client
[2025-07-29 22:38:03] [esphB+mG2+N8I3ntRjK04Tgvv7o=] [Phantor] No offline messages found
[2025-07-29 22:38:44] [zlhrq9KSrU/P9cim0qz0F02t9pM=] [Ballack] Checking offline messages for client
[2025-07-29 22:38:44] [zlhrq9KSrU/P9cim0qz0F02t9pM=] [Ballack] No offline messages found
[2025-07-29 22:40:44] [5v99im2I8UoZfupZo50OnnVZbNY=] [NightStalker] Checking offline messages for client
[2025-07-29 22:40:44] [5v99im2I8UoZfupZo50OnnVZbNY=] [NightStalker] No offline messages found
[2025-07-29 22:40:52] [qnI7tO/BboMdAQFjmSv9/gyQREY=] [batuhnn] Checking offline messages for client
[2025-07-29 22:40:52] [qnI7tO/BboMdAQFjmSv9/gyQREY=] [batuhnn] No offline messages found
[2025-07-29 22:51:08] [HA8AwjGjfttaVD2BbXsV3SrC+rA=] [Axtic] Checking offline messages for client
[2025-07-29 22:51:08] [HA8AwjGjfttaVD2BbXsV3SrC+rA=] [Axtic] No offline messages found
[2025-07-29 22:52:52] [t31curkqcBIW+Mm1lFuXP/STLZo=] [1nemanjaves] Checking offline messages for client
[2025-07-29 22:52:52] [t31curkqcBIW+Mm1lFuXP/STLZo=] [1nemanjaves] No offline messages found
[2025-07-29 23:00:58] [eG4UMjLmuVndageyqcYzcti5tLY=] [COLDGREEN] Checking offline messages for client
[2025-07-29 23:00:58] [eG4UMjLmuVndageyqcYzcti5tLY=] [COLDGREEN] No offline messages found
[2025-07-29 23:01:41] [LRLgyJCazviWfDUTPvzkB5nJs9E=] [Last_Samurai] Checking offline messages for client
[2025-07-29 23:01:41] [LRLgyJCazviWfDUTPvzkB5nJs9E=] [Last_Samurai] No offline messages found
[2025-07-29 23:01:59] [mTbPypkwuA/2B5Zl6CXWViczHPo=] [kızlıkbozan33] Checking offline messages for client
[2025-07-29 23:01:59] [mTbPypkwuA/2B5Zl6CXWViczHPo=] [kızlıkbozan33] No offline messages found
[2025-07-29 23:03:06] [xBMJD2Y2SpzPtIEf1cFbTuruz8Q=] [KAYMAKAM] Checking offline messages for client
[2025-07-29 23:03:06] [xBMJD2Y2SpzPtIEf1cFbTuruz8Q=] [KAYMAKAM] No offline messages found
[2025-07-29 23:03:48] [TanQ1GE5rtLVVXLoElEC3PbaSQY=] [TeamSpeakUser1] Checking offline messages for client
[2025-07-29 23:03:48] [TanQ1GE5rtLVVXLoElEC3PbaSQY=] [TeamSpeakUser1] No offline messages found
[2025-07-29 23:05:33] [4Trzz2r9looYqjT6W05btyo3lzs=] [ridzazz] Checking offline messages for client
[2025-07-29 23:05:33] [4Trzz2r9looYqjT6W05btyo3lzs=] [ridzazz] No offline messages found
[2025-07-29 23:12:42] [4Trzz2r9looYqjT6W05btyo3lzs=] [ridzazz] Checking offline messages for client
[2025-07-29 23:12:42] [4Trzz2r9looYqjT6W05btyo3lzs=] [ridzazz] No offline messages found
[2025-07-29 23:14:02] [0k7iJrGzj7haOvrih6GAxyrXHtM=] [Sebitzuu] Checking offline messages for client
[2025-07-29 23:14:02] [0k7iJrGzj7haOvrih6GAxyrXHtM=] [Sebitzuu] No offline messages found
[2025-07-29 23:18:08] [6w55f4WcwH/hLfUToDMaUm0uZ5k=] [MnDark] Checking offline messages for client
[2025-07-29 23:18:08] [6w55f4WcwH/hLfUToDMaUm0uZ5k=] [MnDark] No offline messages found
[2025-07-29 23:19:51] [CnsaFLBvFsaEG5TIA7bpH7+nWrU=] [ardoş] Checking offline messages for client
[2025-07-29 23:19:51] [CnsaFLBvFsaEG5TIA7bpH7+nWrU=] [ardoş] No offline messages found
[2025-07-29 23:22:36] [voHeS+9vDrKsqr51INkaIih9KlI=] [Cyborg1] Checking offline messages for client
[2025-07-29 23:22:36] [voHeS+9vDrKsqr51INkaIih9KlI=] [Cyborg1] No offline messages found
[2025-07-29 23:24:52] [N7OHB+v6ndKFTgGE78g30hf+joI=] [nokar] Checking offline messages for client
[2025-07-29 23:24:52] [N7OHB+v6ndKFTgGE78g30hf+joI=] [nokar] No offline messages found
[2025-07-29 23:25:08] [J2iOWsh2BOXKwbbOV/fJG4D/uWk=] [marsikkkkk] Checking offline messages for client
[2025-07-29 23:25:08] [J2iOWsh2BOXKwbbOV/fJG4D/uWk=] [marsikkkkk] No offline messages found
[2025-07-29 23:29:18] [WtWgpfS8UE18SW7yGXm3r1yoO/c=] [Kowismo] Checking offline messages for client
[2025-07-29 23:29:18] [WtWgpfS8UE18SW7yGXm3r1yoO/c=] [Kowismo] No offline messages found
[2025-07-29 23:34:06] [ruBTdp0pA5iSR/zKwFt9sBDK+SI=] [alexei_shubin] Checking offline messages for client
[2025-07-29 23:34:06] [ruBTdp0pA5iSR/zKwFt9sBDK+SI=] [alexei_shubin] No offline messages found
[2025-07-29 23:34:06] [dQduHytlYfXayqUKaU5iChZBKUQ=] [zitrvxmode] Checking offline messages for client
[2025-07-29 23:34:06] [dQduHytlYfXayqUKaU5iChZBKUQ=] [zitrvxmode] No offline messages found
[2025-07-29 23:34:06] [dQduHytlYfXayqUKaU5iChZBKUQ=] [zitrvxmode] Checking offline messages for client
[2025-07-29 23:34:06] [dQduHytlYfXayqUKaU5iChZBKUQ=] [zitrvxmode] No offline messages found
[2025-07-29 23:34:07] [dQduHytlYfXayqUKaU5iChZBKUQ=] [zitrvxmode] Checking offline messages for client
[2025-07-29 23:34:07] [dQduHytlYfXayqUKaU5iChZBKUQ=] [zitrvxmode] No offline messages found
[2025-07-29 23:35:43] [UJQSMUnQbDqCQA/Ap94PriCZpmM=] [1.6fsidertpaket] Checking offline messages for client
[2025-07-29 23:35:43] [UJQSMUnQbDqCQA/Ap94PriCZpmM=] [1.6fsidertpaket] No offline messages found
[2025-07-29 23:36:26] [eG4UMjLmuVndageyqcYzcti5tLY=] [COLDGREEN] Checking offline messages for client
[2025-07-29 23:36:26] [eG4UMjLmuVndageyqcYzcti5tLY=] [COLDGREEN] No offline messages found
[2025-07-29 23:36:41] [WtWgpfS8UE18SW7yGXm3r1yoO/c=] [Kowismo] Checking offline messages for client
[2025-07-29 23:36:41] [WtWgpfS8UE18SW7yGXm3r1yoO/c=] [Kowismo] No offline messages found
[2025-07-29 23:46:44] [lSogL4Wywrn1Is8F7jT3fDe2qDg=] [emreşükrü] Checking offline messages for client
[2025-07-29 23:46:44] [lSogL4Wywrn1Is8F7jT3fDe2qDg=] [emreşükrü] No offline messages found
[2025-07-29 23:49:09] [voHeS+9vDrKsqr51INkaIih9KlI=] [Cyborg1] Checking offline messages for client
[2025-07-29 23:49:09] [voHeS+9vDrKsqr51INkaIih9KlI=] [Cyborg1] No offline messages found
[2025-07-29 23:50:09] [pEOyeueULGnZ9XtbqZPJsEs7MGM=] [Summer Soldier] Checking offline messages for client
[2025-07-29 23:50:09] [pEOyeueULGnZ9XtbqZPJsEs7MGM=] [Summer Soldier] No offline messages found
[2025-07-29 23:50:59] [xZxMaKAovpIdh45ttW5XMOlpqDA=] [berkkilic] Checking offline messages for client
[2025-07-29 23:50:59] [xZxMaKAovpIdh45ttW5XMOlpqDA=] [berkkilic] No offline messages found
[2025-07-29 23:52:37] [voHeS+9vDrKsqr51INkaIih9KlI=] [Cyborg] Checking offline messages for client
[2025-07-29 23:52:37] [voHeS+9vDrKsqr51INkaIih9KlI=] [Cyborg] No offline messages found
[2025-07-29 23:56:09] [CTJJYp6g0ooZW+p10o4IHQNYVIQ=] [I ❤ 2 Dance] Client in ignored group, skipping offline messages check
[2025-07-29 23:59:44] [dHD7jWi8Q5Lp4lz7I8/axaXFAEA=] [__illlia__] Checking offline messages for client
[2025-07-29 23:59:44] [dHD7jWi8Q5Lp4lz7I8/axaXFAEA=] [__illlia__] No offline messages found
