[2025-05-22 00:02:31] [wfhDmSmJ6J0MSdGsMsWSlYs1HE8=] [kayn6] Checking offline messages for client
[2025-05-22 00:02:31] [wfhDmSmJ6J0MSdGsMsWSlYs1HE8=] [kayn6] No offline messages found
[2025-05-22 00:12:41] [AdcKqrulbZVjMWa7uJsFB9cURzw=] [WeedLover] Checking offline messages for client
[2025-05-22 00:12:41] [AdcKqrulbZVjMWa7uJsFB9cURzw=] [WeedLover] No offline messages found
[2025-05-22 00:15:10] [AdcKqrulbZVjMWa7uJsFB9cURzw=] [WeedLover] Checking offline messages for client
[2025-05-22 00:15:10] [AdcKqrulbZVjMWa7uJsFB9cURzw=] [WeedLover] No offline messages found
[2025-05-22 00:17:48] [4MLGGYt6Z3sgx8GHTCEtNvLhFCY=] [salas] Checking offline messages for client
[2025-05-22 00:17:48] [4MLGGYt6Z3sgx8GHTCEtNvLhFCY=] [salas] No offline messages found
[2025-05-22 00:18:37] [Sfm8weOqGbOWXY1kVHG1JHskdEk=] [Landarchik] Checking offline messages for client
[2025-05-22 00:18:37] [Sfm8weOqGbOWXY1kVHG1JHskdEk=] [Landarchik] No offline messages found
[2025-05-22 00:25:18] [V/sE7GD+jPAQPdHRhDxgmql0tFI=] [Jabberson] Checking offline messages for client
[2025-05-22 00:25:18] [V/sE7GD+jPAQPdHRhDxgmql0tFI=] [Jabberson] No offline messages found
[2025-05-22 00:31:07] [wHu8CcJA3lzMnjKWRMwrrvCJbLs=] [PoPoEyE] Checking offline messages for client
[2025-05-22 00:31:07] [wHu8CcJA3lzMnjKWRMwrrvCJbLs=] [PoPoEyE] No offline messages found
[2025-05-22 00:33:49] [GvKQC+0wB2vJXrx64sJ8sS41K2w=] [Pol'zovatel'] Checking offline messages for client
[2025-05-22 00:33:49] [GvKQC+0wB2vJXrx64sJ8sS41K2w=] [Pol'zovatel'] No offline messages found
[2025-05-22 00:37:43] [0pfL6k6+uhY3YJUK1FucX6agAV8=] [MC durak] Checking offline messages for client
[2025-05-22 00:37:43] [0pfL6k6+uhY3YJUK1FucX6agAV8=] [MC durak] No offline messages found
[2025-05-22 00:38:10] [jyNREbFc1g7kS1FKSohnZyaSx+g=] [ivansultan] Checking offline messages for client
[2025-05-22 00:38:10] [jyNREbFc1g7kS1FKSohnZyaSx+g=] [ivansultan] No offline messages found
[2025-05-22 00:47:55] [BRaWiwrzOtcS/sYHiflYSwLYQeM=] [Kxmyy] Checking offline messages for client
[2025-05-22 00:47:55] [BRaWiwrzOtcS/sYHiflYSwLYQeM=] [Kxmyy] No offline messages found
[2025-05-22 00:53:36] [UINiUnQ/eAgNIPOPr4tSfW+qXvo=] [Потужний Фід] Checking offline messages for client
[2025-05-22 00:53:36] [UINiUnQ/eAgNIPOPr4tSfW+qXvo=] [Потужний Фід] No offline messages found
[2025-05-22 00:58:55] [WGzvrTjhvX+LUyaS4uEMm3GhPAA=] [Kubalke1337] Checking offline messages for client
[2025-05-22 00:58:55] [WGzvrTjhvX+LUyaS4uEMm3GhPAA=] [Kubalke1337] No offline messages found
[2025-05-22 01:00:11] [GEU37E0d0h/O3TZPYkwezxe9Y9I=] [Szmedi] Checking offline messages for client
[2025-05-22 01:00:11] [GEU37E0d0h/O3TZPYkwezxe9Y9I=] [Szmedi] No offline messages found
[2025-05-22 01:01:34] [qI2AgL2fCVT+OOYvCkUB1vKBbFE=] [xDimitryxEc] Checking offline messages for client
[2025-05-22 01:01:34] [qI2AgL2fCVT+OOYvCkUB1vKBbFE=] [xDimitryxEc] No offline messages found
[2025-05-22 02:20:37] [rShY/1ZC2w9lkwgM2GcewWZlxrw=] [LokyJR16] Checking offline messages for client
[2025-05-22 02:20:37] [rShY/1ZC2w9lkwgM2GcewWZlxrw=] [LokyJR16] No offline messages found
[2025-05-22 02:22:08] [rShY/1ZC2w9lkwgM2GcewWZlxrw=] [LokyJR16] Checking offline messages for client
[2025-05-22 02:22:08] [rShY/1ZC2w9lkwgM2GcewWZlxrw=] [LokyJR16] No offline messages found
[2025-05-22 02:29:53] [uJnwwqnuPGfoLP0MTPmjLpW1JCI=] [deadly_peak] Checking offline messages for client
[2025-05-22 02:29:53] [uJnwwqnuPGfoLP0MTPmjLpW1JCI=] [deadly_peak] No offline messages found
[2025-05-22 02:30:22] [A2T1RSmzaeIbUTk0Ce356sAFyiM=] [HAPPY110KJ] Checking offline messages for client
[2025-05-22 02:30:22] [A2T1RSmzaeIbUTk0Ce356sAFyiM=] [HAPPY110KJ] No offline messages found
[2025-05-22 02:32:52] [nz/3yfPhEw/HgzikSDgPRJICVcE=] [Bloker] Checking offline messages for client
[2025-05-22 02:32:52] [nz/3yfPhEw/HgzikSDgPRJICVcE=] [Bloker] No offline messages found
[2025-05-22 02:53:43] [e/xvTbPEjM4joQRU9jYaCY1PQKo=] [hugao] Checking offline messages for client
[2025-05-22 02:53:43] [e/xvTbPEjM4joQRU9jYaCY1PQKo=] [hugao] No offline messages found
[2025-05-22 03:09:16] [UrF/fGDIQ5qTPQVWMc4m8wm6f6Q=] [Halloween] Checking offline messages for client
[2025-05-22 03:09:16] [UrF/fGDIQ5qTPQVWMc4m8wm6f6Q=] [Halloween] No offline messages found
[2025-05-22 03:25:46] [EBXe71Lp4NoWtOX097m16XOL9o8=] [kaya] Checking offline messages for client
[2025-05-22 03:25:46] [EBXe71Lp4NoWtOX097m16XOL9o8=] [kaya] No offline messages found
[2025-05-22 03:26:09] [ewrPGoLlCCfzZIqr9wC9KuSdmb4=] [Junior] Checking offline messages for client
[2025-05-22 03:26:09] [ewrPGoLlCCfzZIqr9wC9KuSdmb4=] [Junior] No offline messages found
[2025-05-22 04:02:12] [UrF/fGDIQ5qTPQVWMc4m8wm6f6Q=] [Halloween] Checking offline messages for client
[2025-05-22 04:02:12] [UrF/fGDIQ5qTPQVWMc4m8wm6f6Q=] [Halloween] No offline messages found
[2025-05-22 04:02:58] [UrF/fGDIQ5qTPQVWMc4m8wm6f6Q=] [Halloween] Checking offline messages for client
[2025-05-22 04:02:58] [UrF/fGDIQ5qTPQVWMc4m8wm6f6Q=] [Halloween] No offline messages found
[2025-05-22 04:16:32] [A2T1RSmzaeIbUTk0Ce356sAFyiM=] [HAPPY110KJ] Checking offline messages for client
[2025-05-22 04:16:32] [A2T1RSmzaeIbUTk0Ce356sAFyiM=] [HAPPY110KJ] No offline messages found
[2025-05-22 04:18:11] [A2T1RSmzaeIbUTk0Ce356sAFyiM=] [chaps] Checking offline messages for client
[2025-05-22 04:18:11] [A2T1RSmzaeIbUTk0Ce356sAFyiM=] [chaps] No offline messages found
[2025-05-22 04:29:48] [UrF/fGDIQ5qTPQVWMc4m8wm6f6Q=] [Halloween] Checking offline messages for client
[2025-05-22 04:29:48] [UrF/fGDIQ5qTPQVWMc4m8wm6f6Q=] [Halloween] No offline messages found
[2025-05-22 04:47:38] [rfSlRu7uzjI8pCmk2erQZXW6+7M=] [juju] Checking offline messages for client
[2025-05-22 04:47:38] [rfSlRu7uzjI8pCmk2erQZXW6+7M=] [juju] No offline messages found
[2025-05-22 04:49:10] [qNsg0b7JeakWdOg/MBVUEfo+t/s=] [Chico] Checking offline messages for client
[2025-05-22 04:49:10] [qNsg0b7JeakWdOg/MBVUEfo+t/s=] [Chico] No offline messages found
[2025-05-22 05:13:32] [qCQuK6Is+deAhN2xl/XspjIz8xY=] [Faith] Checking offline messages for client
[2025-05-22 05:13:32] [qCQuK6Is+deAhN2xl/XspjIz8xY=] [Faith] No offline messages found
[2025-05-22 05:28:13] [sDGTmykW+tszI+sqWb5sOOLvtdM=] [f.donato] Checking offline messages for client
[2025-05-22 05:28:13] [sDGTmykW+tszI+sqWb5sOOLvtdM=] [f.donato] No offline messages found
[2025-05-22 05:47:35] [rfSlRu7uzjI8pCmk2erQZXW6+7M=] [juju] Checking offline messages for client
[2025-05-22 05:47:35] [rfSlRu7uzjI8pCmk2erQZXW6+7M=] [juju] No offline messages found
[2025-05-22 06:32:47] [qCQuK6Is+deAhN2xl/XspjIz8xY=] [Faith] Checking offline messages for client
[2025-05-22 06:32:47] [qCQuK6Is+deAhN2xl/XspjIz8xY=] [Faith] No offline messages found
[2025-05-22 06:47:22] [BeICdvIiZVCXM27KQGZo0ienVIU=] [paga eu xina] Checking offline messages for client
[2025-05-22 06:47:22] [BeICdvIiZVCXM27KQGZo0ienVIU=] [paga eu xina] No offline messages found
[2025-05-22 06:48:21] [esphB+mG2+N8I3ntRjK04Tgvv7o=] [Phantor] Checking offline messages for client
[2025-05-22 06:48:21] [esphB+mG2+N8I3ntRjK04Tgvv7o=] [Phantor] No offline messages found
[2025-05-22 06:57:24] [ilO9JAl5glx+WikZA6SZqmic0Iw=] [kaiizenn] Checking offline messages for client
[2025-05-22 06:57:24] [ilO9JAl5glx+WikZA6SZqmic0Iw=] [kaiizenn] No offline messages found
[2025-05-22 07:02:20] [rfSlRu7uzjI8pCmk2erQZXW6+7M=] [juju] Checking offline messages for client
[2025-05-22 07:02:20] [rfSlRu7uzjI8pCmk2erQZXW6+7M=] [juju] No offline messages found
[2025-05-22 07:26:52] [WtWgpfS8UE18SW7yGXm3r1yoO/c=] [Kowismo] Checking offline messages for client
[2025-05-22 07:26:52] [WtWgpfS8UE18SW7yGXm3r1yoO/c=] [Kowismo] No offline messages found
[2025-05-22 09:26:45] [6SrtG4VVHsx9hBu39SyTJEvD7Tc=] [Князь Вандал Новгородский] Checking offline messages for client
[2025-05-22 09:26:45] [6SrtG4VVHsx9hBu39SyTJEvD7Tc=] [Князь Вандал Новгородский] No offline messages found
[2025-05-22 09:30:29] [N3i0JuxOQc+NzDJpdz3cD/gAtqQ=] [yondera] Checking offline messages for client
[2025-05-22 09:30:29] [N3i0JuxOQc+NzDJpdz3cD/gAtqQ=] [yondera] No offline messages found
[2025-05-22 09:34:47] [ASKMEj/XZj0gugZs7ciO6cG9gj8=] [R3d4l] Checking offline messages for client
[2025-05-22 09:34:47] [ASKMEj/XZj0gugZs7ciO6cG9gj8=] [R3d4l] No offline messages found
[2025-05-22 09:35:43] [+kwhCPDVEacBLrd4I5lqn9JcRSA=] [danbruik] Checking offline messages for client
[2025-05-22 09:35:43] [+kwhCPDVEacBLrd4I5lqn9JcRSA=] [danbruik] No offline messages found
[2025-05-22 10:06:34] [gIv03ZtQuihw+6fOW0VT0H6h6c8=] [chapa] Checking offline messages for client
[2025-05-22 10:06:34] [gIv03ZtQuihw+6fOW0VT0H6h6c8=] [chapa] No offline messages found
[2025-05-22 10:07:23] [qvf2/IsRm9TsXSmNMeDEuXuIC3s=] [Mood] Checking offline messages for client
[2025-05-22 10:07:23] [qvf2/IsRm9TsXSmNMeDEuXuIC3s=] [Mood] No offline messages found
[2025-05-22 10:43:19] [uVIyLE46ey0eBhM+Z9Az+wuDd2U=] [LisssTzz] Checking offline messages for client
[2025-05-22 10:43:19] [uVIyLE46ey0eBhM+Z9Az+wuDd2U=] [LisssTzz] No offline messages found
[2025-05-22 10:49:54] [xweiIcFZYx5VGQnkKFiqZn1zetU=] [Mix] Checking offline messages for client
[2025-05-22 10:49:54] [xweiIcFZYx5VGQnkKFiqZn1zetU=] [Mix] No offline messages found
[2025-05-22 10:51:13] [yH7+WUTO9a0edxQG10YKRSCiFog=] [Angry] Checking offline messages for client
[2025-05-22 10:51:13] [yH7+WUTO9a0edxQG10YKRSCiFog=] [Angry] No offline messages found
[2025-05-22 10:59:19] [/q3AUcRksItEWMmvbSnrK/fE5MI=] [weow] Checking offline messages for client
[2025-05-22 10:59:19] [/q3AUcRksItEWMmvbSnrK/fE5MI=] [weow] No offline messages found
[2025-05-22 11:16:54] [yH7+WUTO9a0edxQG10YKRSCiFog=] [Angry] Checking offline messages for client
[2025-05-22 11:16:54] [yH7+WUTO9a0edxQG10YKRSCiFog=] [Angry] No offline messages found
[2025-05-22 11:26:14] [IF9FpR3gAmSxQsnDcZCQBde7iWY=] [pipisin] Checking offline messages for client
[2025-05-22 11:26:14] [IF9FpR3gAmSxQsnDcZCQBde7iWY=] [pipisin] No offline messages found
[2025-05-22 11:41:20] [bRevbiJW/A9S0s2cg5fC1JTRSHo=] [poka] Checking offline messages for client
[2025-05-22 11:41:20] [bRevbiJW/A9S0s2cg5fC1JTRSHo=] [poka] No offline messages found
[2025-05-22 11:49:21] [xweiIcFZYx5VGQnkKFiqZn1zetU=] [Mix] Checking offline messages for client
[2025-05-22 11:49:21] [xweiIcFZYx5VGQnkKFiqZn1zetU=] [Mix] No offline messages found
[2025-05-22 11:49:52] [/q3AUcRksItEWMmvbSnrK/fE5MI=] [weow] Checking offline messages for client
[2025-05-22 11:49:52] [/q3AUcRksItEWMmvbSnrK/fE5MI=] [weow] No offline messages found
[2025-05-22 11:50:21] [APvCxYWLJt5FetRtnwrXlJVrRoY=] [zasosa1o] Checking offline messages for client
[2025-05-22 11:50:21] [APvCxYWLJt5FetRtnwrXlJVrRoY=] [zasosa1o] No offline messages found
[2025-05-22 12:08:33] [RvQCOE641QKD3fODY/YAvxOrNw8=] [Luckyman] Checking offline messages for client
[2025-05-22 12:08:33] [RvQCOE641QKD3fODY/YAvxOrNw8=] [Luckyman] No offline messages found
[2025-05-22 12:11:06] [pM39vwBC404mshweezryIEAS3ZQ=] [Columb] Checking offline messages for client
[2025-05-22 12:11:06] [pM39vwBC404mshweezryIEAS3ZQ=] [Columb] No offline messages found
[2025-05-22 12:11:49] [h0VuCZ2TUXFCJCTTYaDOlIsousY=] [Oleg] Checking offline messages for client
[2025-05-22 12:11:49] [h0VuCZ2TUXFCJCTTYaDOlIsousY=] [Oleg] No offline messages found
[2025-05-22 12:12:23] [N3i0JuxOQc+NzDJpdz3cD/gAtqQ=] [yondera] Checking offline messages for client
[2025-05-22 12:12:23] [N3i0JuxOQc+NzDJpdz3cD/gAtqQ=] [yondera] No offline messages found
[2025-05-22 12:20:09] [AdcKqrulbZVjMWa7uJsFB9cURzw=] [WeedLover] Checking offline messages for client
[2025-05-22 12:20:09] [AdcKqrulbZVjMWa7uJsFB9cURzw=] [WeedLover] No offline messages found
[2025-05-22 12:33:01] [F4MsFX/YoPIDUtPdUobqGTwRDtA=] [M.K.] Checking offline messages for client
[2025-05-22 12:33:01] [F4MsFX/YoPIDUtPdUobqGTwRDtA=] [M.K.] No offline messages found
[2025-05-22 12:34:38] [68eV4vjB+ftcsyqTQuZ7aRqZ52Y=] [mmo] Checking offline messages for client
[2025-05-22 12:34:38] [68eV4vjB+ftcsyqTQuZ7aRqZ52Y=] [mmo] No offline messages found
[2025-05-22 12:36:00] [68eV4vjB+ftcsyqTQuZ7aRqZ52Y=] [mmo] Checking offline messages for client
[2025-05-22 12:36:00] [68eV4vjB+ftcsyqTQuZ7aRqZ52Y=] [mmo] No offline messages found
[2025-05-22 12:38:49] [68eV4vjB+ftcsyqTQuZ7aRqZ52Y=] [mmo] Checking offline messages for client
[2025-05-22 12:38:49] [68eV4vjB+ftcsyqTQuZ7aRqZ52Y=] [mmo] No offline messages found
[2025-05-22 12:39:02] [68eV4vjB+ftcsyqTQuZ7aRqZ52Y=] [mmo] Checking offline messages for client
[2025-05-22 12:39:02] [68eV4vjB+ftcsyqTQuZ7aRqZ52Y=] [mmo] No offline messages found
[2025-05-22 12:39:15] [eZQczZoZ6QT+4tqEIk9kIa88my0=] [Крэмбл] Checking offline messages for client
[2025-05-22 12:39:15] [eZQczZoZ6QT+4tqEIk9kIa88my0=] [Крэмбл] No offline messages found
[2025-05-22 12:42:00] [eZQczZoZ6QT+4tqEIk9kIa88my0=] [Крэмбл] Checking offline messages for client
[2025-05-22 12:42:00] [eZQczZoZ6QT+4tqEIk9kIa88my0=] [Крэмбл] No offline messages found
[2025-05-22 12:54:10] [eZQczZoZ6QT+4tqEIk9kIa88my0=] [Крэмбл] Checking offline messages for client
[2025-05-22 12:54:10] [eZQczZoZ6QT+4tqEIk9kIa88my0=] [Крэмбл] No offline messages found
[2025-05-22 12:55:56] [yNFUjD+LJEqojKPPlPGtCAVEYRU=] [Боцман777] Checking offline messages for client
[2025-05-22 12:55:56] [yNFUjD+LJEqojKPPlPGtCAVEYRU=] [Боцман777] No offline messages found
[2025-05-22 12:59:30] [eZQczZoZ6QT+4tqEIk9kIa88my0=] [Крэмбл] Checking offline messages for client
[2025-05-22 12:59:30] [eZQczZoZ6QT+4tqEIk9kIa88my0=] [Крэмбл] No offline messages found
[2025-05-22 12:59:50] [eZQczZoZ6QT+4tqEIk9kIa88my0=] [Крэмбл] Checking offline messages for client
[2025-05-22 12:59:50] [eZQczZoZ6QT+4tqEIk9kIa88my0=] [Крэмбл] No offline messages found
[2025-05-22 13:12:06] [C3GsmkJ3JAzJxf0NJ3b9mnq7q78=] [Yeoni JB] Checking offline messages for client
[2025-05-22 13:12:06] [C3GsmkJ3JAzJxf0NJ3b9mnq7q78=] [Yeoni JB] No offline messages found
[2025-05-22 13:22:04] [Bxz6p8/vyiaTIiTuyMoy2up/+zE=] [choppa] Checking offline messages for client
[2025-05-22 13:22:04] [Bxz6p8/vyiaTIiTuyMoy2up/+zE=] [choppa] No offline messages found
[2025-05-22 13:23:22] [+kwhCPDVEacBLrd4I5lqn9JcRSA=] [danbruik] Checking offline messages for client
[2025-05-22 13:23:22] [+kwhCPDVEacBLrd4I5lqn9JcRSA=] [danbruik] No offline messages found
[2025-05-22 13:23:44] [n4DNkIBX5ijpB3FfgL7aGWtyhG8=] [ifiler] Checking offline messages for client
[2025-05-22 13:23:44] [n4DNkIBX5ijpB3FfgL7aGWtyhG8=] [ifiler] No offline messages found
[2025-05-22 13:25:37] [ASKMEj/XZj0gugZs7ciO6cG9gj8=] [R3d4l] Checking offline messages for client
[2025-05-22 13:25:37] [ASKMEj/XZj0gugZs7ciO6cG9gj8=] [R3d4l] No offline messages found
[2025-05-22 13:26:01] [ATqp7GEsF2VumrPFrQ+W8icYfjg=] [gotti] Checking offline messages for client
[2025-05-22 13:26:01] [ATqp7GEsF2VumrPFrQ+W8icYfjg=] [gotti] No offline messages found
[2025-05-22 13:36:29] [1bxlkLWE1YEds4euACE9lSAD0Jg=] [Mr..Fury] Checking offline messages for client
[2025-05-22 13:36:29] [1bxlkLWE1YEds4euACE9lSAD0Jg=] [Mr..Fury] No offline messages found
[2025-05-22 13:40:16] [K4NR58gtSYij+BLM0STn2WKjS9U=] [Skylord] Checking offline messages for client
[2025-05-22 13:40:16] [K4NR58gtSYij+BLM0STn2WKjS9U=] [Skylord] No offline messages found
[2025-05-22 13:40:38] [X4hKVi7sfvTfJB9YQgAYwR9ZE3I=] [Mnwh] Checking offline messages for client
[2025-05-22 13:40:38] [X4hKVi7sfvTfJB9YQgAYwR9ZE3I=] [Mnwh] No offline messages found
[2025-05-22 13:42:19] [jcwPuA5b+3do0YlnUv+tXXj3p9o=] [Zerohi] Checking offline messages for client
[2025-05-22 13:42:19] [jcwPuA5b+3do0YlnUv+tXXj3p9o=] [Zerohi] No offline messages found
[2025-05-22 13:57:53] [LhEEQrnMBoE8lBlDfr124WWh/jQ=] [EJEX] Checking offline messages for client
[2025-05-22 13:57:53] [LhEEQrnMBoE8lBlDfr124WWh/jQ=] [EJEX] No offline messages found
[2025-05-22 13:58:57] [3Ovn6xaZ+zGAEx8s8HtyobGjpWw=] [GAVRAZ ALİ] Checking offline messages for client
[2025-05-22 13:58:57] [3Ovn6xaZ+zGAEx8s8HtyobGjpWw=] [GAVRAZ ALİ] No offline messages found
[2025-05-22 14:25:14] [1DnWLRgS2QfI/n3VG10tZCF37DE=] [артур пирожков] Checking offline messages for client
[2025-05-22 14:25:14] [1DnWLRgS2QfI/n3VG10tZCF37DE=] [артур пирожков] No offline messages found
[2025-05-22 14:40:25] [lvbOrAwll8+GyMZ5KkJR8ytlq1g=] [TeamSpeakUser] Checking offline messages for client
[2025-05-22 14:40:25] [lvbOrAwll8+GyMZ5KkJR8ytlq1g=] [TeamSpeakUser] No offline messages found
[2025-05-22 14:42:38] [WtWgpfS8UE18SW7yGXm3r1yoO/c=] [Kowismo] Checking offline messages for client
[2025-05-22 14:42:38] [WtWgpfS8UE18SW7yGXm3r1yoO/c=] [Kowismo] No offline messages found
[2025-05-22 14:44:19] [o+kfOwfBLh7wsG6HbuhPElVM32w=] [Myata] Checking offline messages for client
[2025-05-22 14:44:19] [o+kfOwfBLh7wsG6HbuhPElVM32w=] [Myata] No offline messages found
[2025-05-22 15:14:09] [h0VuCZ2TUXFCJCTTYaDOlIsousY=] [Oleg] Checking offline messages for client
[2025-05-22 15:14:09] [h0VuCZ2TUXFCJCTTYaDOlIsousY=] [Oleg] No offline messages found
[2025-05-22 15:16:18] [ATqp7GEsF2VumrPFrQ+W8icYfjg=] [gotti] Checking offline messages for client
[2025-05-22 15:16:18] [ATqp7GEsF2VumrPFrQ+W8icYfjg=] [gotti] No offline messages found
[2025-05-22 15:21:33] [8Zdbsme26C48AHpMg4zVcDatTnE=] [Kurs] Checking offline messages for client
[2025-05-22 15:21:33] [8Zdbsme26C48AHpMg4zVcDatTnE=] [Kurs] No offline messages found
[2025-05-22 15:22:00] [h0VuCZ2TUXFCJCTTYaDOlIsousY=] [Oleg] Checking offline messages for client
[2025-05-22 15:22:00] [h0VuCZ2TUXFCJCTTYaDOlIsousY=] [Oleg] No offline messages found
[2025-05-22 15:37:21] [rFsvB6UkgZVz/RJzXSK320XxZjU=] [lissizzy] Checking offline messages for client
[2025-05-22 15:37:21] [rFsvB6UkgZVz/RJzXSK320XxZjU=] [lissizzy] No offline messages found
[2025-05-22 15:37:35] [NrLfqmvuq6LG10V4p9MSfEiVrl4=] [890] Checking offline messages for client
[2025-05-22 15:37:35] [NrLfqmvuq6LG10V4p9MSfEiVrl4=] [890] No offline messages found
[2025-05-22 15:40:15] [y3awO0ennatOO9a236JGtByjKuM=] [воч ю мин] Checking offline messages for client
[2025-05-22 15:40:15] [y3awO0ennatOO9a236JGtByjKuM=] [воч ю мин] No offline messages found
[2025-05-22 15:41:51] [uEI2N8oQhBZqNif6BrmmV2HAosc=] [пизда сергею дружкову] Checking offline messages for client
[2025-05-22 15:41:51] [uEI2N8oQhBZqNif6BrmmV2HAosc=] [пизда сергею дружкову] No offline messages found
[2025-05-22 15:42:09] [uEI2N8oQhBZqNif6BrmmV2HAosc=] [пизда сергею дружкову] Checking offline messages for client
[2025-05-22 15:42:09] [uEI2N8oQhBZqNif6BrmmV2HAosc=] [пизда сергею дружкову] No offline messages found
[2025-05-22 15:44:15] [eKiHvDXHy05F4qf9xSw+E+IaqKI=] [TeamSpeakUser1] Checking offline messages for client
[2025-05-22 15:44:15] [eKiHvDXHy05F4qf9xSw+E+IaqKI=] [TeamSpeakUser1] No offline messages found
[2025-05-22 15:47:29] [RBwh+hLI7qM/5sBbq4UPaExpE30=] [Druid Сrow 🦅] Checking offline messages for client
[2025-05-22 15:47:29] [RBwh+hLI7qM/5sBbq4UPaExpE30=] [Druid Сrow 🦅] No offline messages found
[2025-05-22 15:49:15] [RBwh+hLI7qM/5sBbq4UPaExpE30=] [Druid Сrow 🦅] Checking offline messages for client
[2025-05-22 15:49:15] [RBwh+hLI7qM/5sBbq4UPaExpE30=] [Druid Сrow 🦅] No offline messages found
[2025-05-22 15:58:14] [TLyY2HNRhsbngNicBWX5qfpBYXc=] [Sevak601] Checking offline messages for client
[2025-05-22 15:58:14] [TLyY2HNRhsbngNicBWX5qfpBYXc=] [Sevak601] No offline messages found
[2025-05-22 16:00:00] [t92qH/xUfWHIFyGP/hiWw3x4kN0=] [JKosrup] Checking offline messages for client
[2025-05-22 16:00:00] [t92qH/xUfWHIFyGP/hiWw3x4kN0=] [JKosrup] No offline messages found
[2025-05-22 16:01:03] [vPIIPZsfxgCBFpXg8zKfvJB+NNQ=] [214255345] Checking offline messages for client
[2025-05-22 16:01:03] [vPIIPZsfxgCBFpXg8zKfvJB+NNQ=] [214255345] No offline messages found
[2025-05-22 16:05:16] [675wO5ssJtQbFw+9qXHexPjHNYM=] [Nevskiiiy] Checking offline messages for client
[2025-05-22 16:05:16] [675wO5ssJtQbFw+9qXHexPjHNYM=] [Nevskiiiy] No offline messages found
[2025-05-22 16:06:26] [x5BGOCFQRYcw8Om4Xgot4nkAC7o=] [YURA] Checking offline messages for client
[2025-05-22 16:06:26] [x5BGOCFQRYcw8Om4Xgot4nkAC7o=] [YURA] No offline messages found
[2025-05-22 16:07:30] [OnyFNlLSRn5WExnVSStquo7sjMA=] [TeamSpeakUser1] Checking offline messages for client
[2025-05-22 16:07:30] [OnyFNlLSRn5WExnVSStquo7sjMA=] [TeamSpeakUser1] No offline messages found
[2025-05-22 16:13:08] [t92qH/xUfWHIFyGP/hiWw3x4kN0=] [JKosrup] Checking offline messages for client
[2025-05-22 16:13:08] [t92qH/xUfWHIFyGP/hiWw3x4kN0=] [JKosrup] No offline messages found
[2025-05-22 16:20:11] [h0VuCZ2TUXFCJCTTYaDOlIsousY=] [Oleg] Checking offline messages for client
[2025-05-22 16:20:11] [h0VuCZ2TUXFCJCTTYaDOlIsousY=] [Oleg] No offline messages found
[2025-05-22 16:28:56] [KL0QZuz7P/nwwL6XYSCsDg/Yqw0=] [DIMAX] Checking offline messages for client
[2025-05-22 16:28:56] [KL0QZuz7P/nwwL6XYSCsDg/Yqw0=] [DIMAX] No offline messages found
[2025-05-22 16:48:04] [sgtzdFgQDfqs8VUsbZa4MYHi8nQ=] [Laska] Checking offline messages for client
[2025-05-22 16:48:04] [sgtzdFgQDfqs8VUsbZa4MYHi8nQ=] [Laska] No offline messages found
[2025-05-22 16:54:35] [WBs9EuR9sJkxgnopd34/B46BslQ=] [TeamSpeakUser1] Checking offline messages for client
[2025-05-22 16:54:35] [WBs9EuR9sJkxgnopd34/B46BslQ=] [TeamSpeakUser1] No offline messages found
[2025-05-22 16:55:47] [RyNfQ7JaWQA+9q5aAgeiuRaI5Fs=] [ivo] Checking offline messages for client
[2025-05-22 16:55:47] [RyNfQ7JaWQA+9q5aAgeiuRaI5Fs=] [ivo] No offline messages found
[2025-05-22 17:02:21] [e1vImF/pvh7c+66eD1lHGlZ9N08=] [Fornax013] Checking offline messages for client
[2025-05-22 17:02:21] [e1vImF/pvh7c+66eD1lHGlZ9N08=] [Fornax013] No offline messages found
[2025-05-22 17:04:00] [L+TmeIwwlaYGI9jHFXnx3MCMRO8=] [larsenio] Checking offline messages for client
[2025-05-22 17:04:00] [L+TmeIwwlaYGI9jHFXnx3MCMRO8=] [larsenio] No offline messages found
[2025-05-22 17:04:06] [J59TlJOyXmeGAsjkHRqeI3rZA/8=] [SysmoUsercid=140] Checking offline messages for client
[2025-05-22 17:04:06] [J59TlJOyXmeGAsjkHRqeI3rZA/8=] [SysmoUsercid=140] No offline messages found
[2025-05-22 17:04:31] [vPIIPZsfxgCBFpXg8zKfvJB+NNQ=] [214255345] Checking offline messages for client
[2025-05-22 17:04:31] [vPIIPZsfxgCBFpXg8zKfvJB+NNQ=] [214255345] No offline messages found
[2025-05-22 17:04:38] [NrLfqmvuq6LG10V4p9MSfEiVrl4=] [канада гус] Checking offline messages for client
[2025-05-22 17:04:38] [NrLfqmvuq6LG10V4p9MSfEiVrl4=] [канада гус] No offline messages found
[2025-05-22 17:13:01] [zplLYXriSF0hqWw82HYme0Qb6hU=] [BlvckMafia] Checking offline messages for client
[2025-05-22 17:13:01] [zplLYXriSF0hqWw82HYme0Qb6hU=] [BlvckMafia] No offline messages found
[2025-05-22 17:13:28] [FIHRd8H6xRTj1jyU280xFtyPXDM=] [liqui_88] Checking offline messages for client
[2025-05-22 17:13:28] [FIHRd8H6xRTj1jyU280xFtyPXDM=] [liqui_88] No offline messages found
[2025-05-22 17:13:42] [MutMI8w80TgxkXwn/z4gZc/vgiU=] [Asshole do not burn] Checking offline messages for client
[2025-05-22 17:13:42] [MutMI8w80TgxkXwn/z4gZc/vgiU=] [Asshole do not burn] No offline messages found
[2025-05-22 17:14:38] [RVQmMpiMw9B7rZKQ296p2XNP7fI=] [nkzd] Checking offline messages for client
[2025-05-22 17:14:38] [RVQmMpiMw9B7rZKQ296p2XNP7fI=] [nkzd] No offline messages found
[2025-05-22 17:14:59] [x8y4sba/WBUZo71Q9fDcqoHniLM=] [Levi] Checking offline messages for client
[2025-05-22 17:14:59] [x8y4sba/WBUZo71Q9fDcqoHniLM=] [Levi] No offline messages found
[2025-05-22 17:15:17] [ApZ7hCB5tE7G5MfDEBUX8+PzvSQ=] [tipofan] Checking offline messages for client
[2025-05-22 17:15:17] [ApZ7hCB5tE7G5MfDEBUX8+PzvSQ=] [tipofan] No offline messages found
[2025-05-22 17:15:36] [e7Jcs37k9manSRh5rbKm0tLw/4w=] [ArtemiyRadiant] Checking offline messages for client
[2025-05-22 17:15:36] [e7Jcs37k9manSRh5rbKm0tLw/4w=] [ArtemiyRadiant] No offline messages found
[2025-05-22 17:17:30] [m3jwrJafD7Z1HcDm7lAZbGqtROY=] [zui] Checking offline messages for client
[2025-05-22 17:17:30] [m3jwrJafD7Z1HcDm7lAZbGqtROY=] [zui] No offline messages found
[2025-05-22 17:17:51] [lp7Zl5HlQ0QZKOD26O2Fq90jJ+U=] [SysmoUsercid=1401] Checking offline messages for client
[2025-05-22 17:17:51] [lp7Zl5HlQ0QZKOD26O2Fq90jJ+U=] [SysmoUsercid=1401] No offline messages found
[2025-05-22 17:21:18] [vNR5X++zau0WAsrzix6zPKeAKzE=] [FHJGDJHG] Checking offline messages for client
[2025-05-22 17:21:18] [vNR5X++zau0WAsrzix6zPKeAKzE=] [FHJGDJHG] No offline messages found
[2025-05-22 17:26:49] [ay8d2GXiisZNZZ2sP88A/RwHo24=] [ViliBom] Checking offline messages for client
[2025-05-22 17:26:49] [ay8d2GXiisZNZZ2sP88A/RwHo24=] [ViliBom] No offline messages found
[2025-05-22 17:29:00] [JhlaNw1n1lAjwSi6YGJ30LcOukI=] [Pivopiem] Checking offline messages for client
[2025-05-22 17:29:00] [JhlaNw1n1lAjwSi6YGJ30LcOukI=] [Pivopiem] No offline messages found
[2025-05-22 17:35:16] [4hvwCfCPtTRCCX/hD0S9PDAjwPY=] [Ander] Checking offline messages for client
[2025-05-22 17:35:16] [4hvwCfCPtTRCCX/hD0S9PDAjwPY=] [Ander] No offline messages found
[2025-05-22 17:35:36] [YJ8chm2QQIJyPFrsGN7ctoGAtDM=] [Ripachok] Checking offline messages for client
[2025-05-22 17:35:36] [YJ8chm2QQIJyPFrsGN7ctoGAtDM=] [Ripachok] No offline messages found
[2025-05-22 17:43:46] [Ops676Lt6XgMPCQGa8NIevUnutU=] [mmd] Checking offline messages for client
[2025-05-22 17:43:46] [Ops676Lt6XgMPCQGa8NIevUnutU=] [mmd] No offline messages found
[2025-05-22 17:44:24] [ay8d2GXiisZNZZ2sP88A/RwHo24=] [ViliBom] Checking offline messages for client
[2025-05-22 17:44:24] [ay8d2GXiisZNZZ2sP88A/RwHo24=] [ViliBom] No offline messages found
[2025-05-22 17:44:58] [kHIid8HT2jg9WiVu3tCpryd+esk=] [1133] Checking offline messages for client
[2025-05-22 17:44:58] [kHIid8HT2jg9WiVu3tCpryd+esk=] [1133] No offline messages found
[2025-05-22 17:45:34] [iqhXyPfP3MC8F+w0pKyVoSLyF/I=] [FailRaik] Checking offline messages for client
[2025-05-22 17:45:34] [iqhXyPfP3MC8F+w0pKyVoSLyF/I=] [FailRaik] No offline messages found
[2025-05-22 17:50:20] [x5BGOCFQRYcw8Om4Xgot4nkAC7o=] [YURA] Checking offline messages for client
[2025-05-22 17:50:20] [x5BGOCFQRYcw8Om4Xgot4nkAC7o=] [YURA] No offline messages found
[2025-05-22 17:51:00] [F4Rot6aSlWU5OFZBOarP2RTzrYY=] [INSANE] Checking offline messages for client
[2025-05-22 17:51:00] [F4Rot6aSlWU5OFZBOarP2RTzrYY=] [INSANE] No offline messages found
[2025-05-22 17:54:06] [YS8Drbp5ATBjoMDxDDLHYWJTmCM=] [EliteSniper_192] Checking offline messages for client
[2025-05-22 17:54:06] [YS8Drbp5ATBjoMDxDDLHYWJTmCM=] [EliteSniper_192] No offline messages found
[2025-05-22 17:56:14] [xLqSrCyzGqEzjuKoFBagL6sUuzU=] [Mendoza] Checking offline messages for client
[2025-05-22 17:56:14] [xLqSrCyzGqEzjuKoFBagL6sUuzU=] [Mendoza] No offline messages found
[2025-05-22 18:04:31] [xLqSrCyzGqEzjuKoFBagL6sUuzU=] [Mendoza] Checking offline messages for client
[2025-05-22 18:04:31] [xLqSrCyzGqEzjuKoFBagL6sUuzU=] [Mendoza] No offline messages found
[2025-05-22 18:09:06] [BVFkFCJ/YRVCTWoyoNAzBKKgGNQ=] [Даня] Checking offline messages for client
[2025-05-22 18:09:06] [BVFkFCJ/YRVCTWoyoNAzBKKgGNQ=] [Даня] No offline messages found
[2025-05-22 18:09:23] [xLqSrCyzGqEzjuKoFBagL6sUuzU=] [Mendoza] Checking offline messages for client
[2025-05-22 18:09:23] [xLqSrCyzGqEzjuKoFBagL6sUuzU=] [Mendoza] No offline messages found
[2025-05-22 18:09:45] [YS8Drbp5ATBjoMDxDDLHYWJTmCM=] [EliteSniper_192] Checking offline messages for client
[2025-05-22 18:09:45] [YS8Drbp5ATBjoMDxDDLHYWJTmCM=] [EliteSniper_192] No offline messages found
[2025-05-22 18:10:00] [+yZtC+ewWMiTWYaL+Jjeksz3oFs=] [Luigi2201] Checking offline messages for client
[2025-05-22 18:10:00] [+yZtC+ewWMiTWYaL+Jjeksz3oFs=] [Luigi2201] No offline messages found
[2025-05-22 18:10:26] [gNrc66z5xbjJHu3eCXwSp/Egvg4=] [BubasGungas] Checking offline messages for client
[2025-05-22 18:10:26] [gNrc66z5xbjJHu3eCXwSp/Egvg4=] [BubasGungas] No offline messages found
[2025-05-22 18:10:27] [YS8Drbp5ATBjoMDxDDLHYWJTmCM=] [EliteSniper_192] Checking offline messages for client
[2025-05-22 18:10:27] [YS8Drbp5ATBjoMDxDDLHYWJTmCM=] [EliteSniper_192] No offline messages found
[2025-05-22 18:11:49] [FIHRd8H6xRTj1jyU280xFtyPXDM=] [liqui_88] Checking offline messages for client
[2025-05-22 18:11:49] [FIHRd8H6xRTj1jyU280xFtyPXDM=] [liqui_88] No offline messages found
[2025-05-22 18:13:22] [B1Kal3VDaCvvLYIO1wifSPcczSc=] [yunus] Checking offline messages for client
[2025-05-22 18:13:22] [B1Kal3VDaCvvLYIO1wifSPcczSc=] [yunus] No offline messages found
[2025-05-22 18:26:08] [DhDqNKJFOzAI9dgJ0qsFAh9W1bM=] [Parsa94] Checking offline messages for client
[2025-05-22 18:26:08] [DhDqNKJFOzAI9dgJ0qsFAh9W1bM=] [Parsa94] No offline messages found
[2025-05-22 18:29:37] [MqlyPI/U5wjPs6LHaX2Ifl+w4r8=] [timothysamuelx] Checking offline messages for client
[2025-05-22 18:29:37] [MqlyPI/U5wjPs6LHaX2Ifl+w4r8=] [timothysamuelx] No offline messages found
[2025-05-22 18:32:35] [8yG40ppumRoJGhu1qR/blqgqttw=] [sanka98] Checking offline messages for client
[2025-05-22 18:32:35] [8yG40ppumRoJGhu1qR/blqgqttw=] [sanka98] No offline messages found
[2025-05-22 18:38:35] [Hf7Ykpi+nWgDQ6lAP5A9MUo5Mfc=] [Agilex] Checking offline messages for client
[2025-05-22 18:38:35] [Hf7Ykpi+nWgDQ6lAP5A9MUo5Mfc=] [Agilex] No offline messages found
[2025-05-22 18:42:00] [Nn8rGrwsE+C9ibHWu3JCoCbmq3A=] [SysmoUsercid=1402] Checking offline messages for client
[2025-05-22 18:42:00] [Nn8rGrwsE+C9ibHWu3JCoCbmq3A=] [SysmoUsercid=1402] No offline messages found
[2025-05-22 18:42:17] [wHu8CcJA3lzMnjKWRMwrrvCJbLs=] [PoPoEyE] Checking offline messages for client
[2025-05-22 18:42:17] [wHu8CcJA3lzMnjKWRMwrrvCJbLs=] [PoPoEyE] No offline messages found
[2025-05-22 18:42:43] [avYI7vL0XXD3nIsf8cMXtgdn+/s=] [NowY] Checking offline messages for client
[2025-05-22 18:42:43] [avYI7vL0XXD3nIsf8cMXtgdn+/s=] [NowY] No offline messages found
[2025-05-22 18:43:28] [KshRrbnIFt6sP3zPEBcqGlvRC54=] [Danoel] Checking offline messages for client
[2025-05-22 18:43:28] [KshRrbnIFt6sP3zPEBcqGlvRC54=] [Danoel] No offline messages found
[2025-05-22 18:43:28] [OnyFNlLSRn5WExnVSStquo7sjMA=] [TeamSpeakUser1] Checking offline messages for client
[2025-05-22 18:43:28] [OnyFNlLSRn5WExnVSStquo7sjMA=] [TeamSpeakUser1] No offline messages found
[2025-05-22 18:43:28] [OnyFNlLSRn5WExnVSStquo7sjMA=] [TeamSpeakUser1] Checking offline messages for client
[2025-05-22 18:43:28] [OnyFNlLSRn5WExnVSStquo7sjMA=] [TeamSpeakUser1] No offline messages found
[2025-05-22 18:43:29] [OnyFNlLSRn5WExnVSStquo7sjMA=] [TeamSpeakUser1] Checking offline messages for client
[2025-05-22 18:43:29] [OnyFNlLSRn5WExnVSStquo7sjMA=] [TeamSpeakUser1] No offline messages found
[2025-05-22 18:46:05] [KKakWCNNDyxUyhC4KpkSU2PHuVM=] [yusufppks] Checking offline messages for client
[2025-05-22 18:46:05] [KKakWCNNDyxUyhC4KpkSU2PHuVM=] [yusufppks] No offline messages found
[2025-05-22 18:48:44] [Ops676Lt6XgMPCQGa8NIevUnutU=] [mmd] Checking offline messages for client
[2025-05-22 18:48:44] [Ops676Lt6XgMPCQGa8NIevUnutU=] [mmd] No offline messages found
[2025-05-22 18:49:13] [h0VuCZ2TUXFCJCTTYaDOlIsousY=] [Oleg] Checking offline messages for client
[2025-05-22 18:49:13] [h0VuCZ2TUXFCJCTTYaDOlIsousY=] [Oleg] No offline messages found
[2025-05-22 18:49:30] [WtWgpfS8UE18SW7yGXm3r1yoO/c=] [Kowismo] Checking offline messages for client
[2025-05-22 18:49:30] [WtWgpfS8UE18SW7yGXm3r1yoO/c=] [Kowismo] No offline messages found
[2025-05-22 18:52:05] [yBICHbhgjt9SlHyQu3BZbOYMUQU=] [H0R0Z] Checking offline messages for client
[2025-05-22 18:52:05] [yBICHbhgjt9SlHyQu3BZbOYMUQU=] [H0R0Z] No offline messages found
[2025-05-22 18:52:51] [Nn8rGrwsE+C9ibHWu3JCoCbmq3A=] [SysmoUsercid=1402] Checking offline messages for client
[2025-05-22 18:52:51] [Nn8rGrwsE+C9ibHWu3JCoCbmq3A=] [SysmoUsercid=1402] No offline messages found
[2025-05-22 18:54:14] [o+kfOwfBLh7wsG6HbuhPElVM32w=] [Myata] Checking offline messages for client
[2025-05-22 18:54:14] [o+kfOwfBLh7wsG6HbuhPElVM32w=] [Myata] No offline messages found
[2025-05-22 18:56:24] [Ops676Lt6XgMPCQGa8NIevUnutU=] [mmd] Checking offline messages for client
[2025-05-22 18:56:24] [Ops676Lt6XgMPCQGa8NIevUnutU=] [mmd] No offline messages found
[2025-05-22 18:57:55] [yNFUjD+LJEqojKPPlPGtCAVEYRU=] [Боцман777] Checking offline messages for client
[2025-05-22 18:57:55] [yNFUjD+LJEqojKPPlPGtCAVEYRU=] [Боцман777] No offline messages found
[2025-05-22 18:59:30] [j4VaV46XhkmzcjbVPFuyIU0vCLs=] [nox] Checking offline messages for client
[2025-05-22 18:59:30] [j4VaV46XhkmzcjbVPFuyIU0vCLs=] [nox] No offline messages found
[2025-05-22 19:02:02] [cbVTTju6JnSpBukGx7hTR4US3KY=] [TeamSpeakUser2] Checking offline messages for client
[2025-05-22 19:02:02] [cbVTTju6JnSpBukGx7hTR4US3KY=] [TeamSpeakUser2] No offline messages found
[2025-05-22 19:04:17] [JBT8f5ESgqNibYrHN0Dp0kGBPKU=] [Малиновый Демон] Checking offline messages for client
[2025-05-22 19:04:17] [JBT8f5ESgqNibYrHN0Dp0kGBPKU=] [Малиновый Демон] No offline messages found
[2025-05-22 19:05:55] [rR+2agDaXOblefNaD/E2LfDoCAU=] [hugao] Checking offline messages for client
[2025-05-22 19:05:55] [rR+2agDaXOblefNaD/E2LfDoCAU=] [hugao] No offline messages found
[2025-05-22 19:06:58] [X8GCm5PlrKoW2itF4Nrtfn3Oq7g=] [sunnnetci] Checking offline messages for client
[2025-05-22 19:06:58] [X8GCm5PlrKoW2itF4Nrtfn3Oq7g=] [sunnnetci] No offline messages found
[2025-05-22 19:07:29] [u741lYX5HAtnGqlTOEq8tCrz34E=] [Werctc] Checking offline messages for client
[2025-05-22 19:07:29] [u741lYX5HAtnGqlTOEq8tCrz34E=] [Werctc] No offline messages found
[2025-05-22 19:08:46] [sGNpFibB6bzHjjFuV/NEtDtfXO0=] [TeamSpeakUser3] Checking offline messages for client
[2025-05-22 19:08:46] [sGNpFibB6bzHjjFuV/NEtDtfXO0=] [TeamSpeakUser3] No offline messages found
[2025-05-22 19:09:09] [lc0ylIsdk1wm3mou1HYlyZ87uBQ=] [blinchik] Checking offline messages for client
[2025-05-22 19:09:09] [lc0ylIsdk1wm3mou1HYlyZ87uBQ=] [blinchik] No offline messages found
[2025-05-22 19:09:12] [nCbiznT1mZT77YEPXENlbrq3NF0=] [MehmetG35] Checking offline messages for client
[2025-05-22 19:09:12] [nCbiznT1mZT77YEPXENlbrq3NF0=] [MehmetG35] No offline messages found
[2025-05-22 19:09:46] [x5BGOCFQRYcw8Om4Xgot4nkAC7o=] [YURA] Checking offline messages for client
[2025-05-22 19:09:46] [x5BGOCFQRYcw8Om4Xgot4nkAC7o=] [YURA] No offline messages found
[2025-05-22 19:10:40] [csNwKDS6R18ee2ixHl3MXSOY8Ng=] [wakhomee] Checking offline messages for client
[2025-05-22 19:10:40] [csNwKDS6R18ee2ixHl3MXSOY8Ng=] [wakhomee] No offline messages found
[2025-05-22 19:10:43] [X8GCm5PlrKoW2itF4Nrtfn3Oq7g=] [sunnnetci] Checking offline messages for client
[2025-05-22 19:10:43] [X8GCm5PlrKoW2itF4Nrtfn3Oq7g=] [sunnnetci] No offline messages found
[2025-05-22 19:11:46] [ow+Zi/O4SnJIvwHosoZ7zIvOOK8=] [shinigami] Checking offline messages for client
[2025-05-22 19:11:46] [ow+Zi/O4SnJIvwHosoZ7zIvOOK8=] [shinigami] No offline messages found
[2025-05-22 19:13:40] [czJq8VhqlxMm/zy39XTQ+Np/v1c=] [Manwe] Checking offline messages for client
[2025-05-22 19:13:40] [czJq8VhqlxMm/zy39XTQ+Np/v1c=] [Manwe] No offline messages found
[2025-05-22 19:16:40] [ZGrMI6bNPSY3bqByYnYHBOr+Dac=] [рэдик] Checking offline messages for client
[2025-05-22 19:16:40] [ZGrMI6bNPSY3bqByYnYHBOr+Dac=] [рэдик] No offline messages found
[2025-05-22 19:19:58] [Chs2gds0q5c5sHk5GQqGy9JmwQg=] [teaman11] Checking offline messages for client
[2025-05-22 19:19:58] [Chs2gds0q5c5sHk5GQqGy9JmwQg=] [teaman11] No offline messages found
[2025-05-22 19:20:23] [olx89Pdjc5M3fEKtvl/uuQb51Rw=] [СИСЯМАСИСЯ] Checking offline messages for client
[2025-05-22 19:20:23] [olx89Pdjc5M3fEKtvl/uuQb51Rw=] [СИСЯМАСИСЯ] No offline messages found
[2025-05-22 19:22:39] [m3jwrJafD7Z1HcDm7lAZbGqtROY=] [zui] Checking offline messages for client
[2025-05-22 19:22:39] [m3jwrJafD7Z1HcDm7lAZbGqtROY=] [zui] No offline messages found
[2025-05-22 19:24:47] [RBwh+hLI7qM/5sBbq4UPaExpE30=] [Druid Сrow 🦅] Checking offline messages for client
[2025-05-22 19:24:47] [RBwh+hLI7qM/5sBbq4UPaExpE30=] [Druid Сrow 🦅] No offline messages found
[2025-05-22 19:24:54] [+D/zkkoV8UKL6hQaG0nHxPsOM8Y=] [Leo33russs] Checking offline messages for client
[2025-05-22 19:24:54] [+D/zkkoV8UKL6hQaG0nHxPsOM8Y=] [Leo33russs] No offline messages found
[2025-05-22 19:25:45] [FL+WmVp/PUMnZAd3PROfjjeRLi8=] [Patiencé] Checking offline messages for client
[2025-05-22 19:25:45] [FL+WmVp/PUMnZAd3PROfjjeRLi8=] [Patiencé] No offline messages found
[2025-05-22 19:26:12] [TqcQoUJ8RqP+rNV4dpFolffaKKs=] [darac] Checking offline messages for client
[2025-05-22 19:26:12] [TqcQoUJ8RqP+rNV4dpFolffaKKs=] [darac] No offline messages found
[2025-05-22 19:31:58] [1DnWLRgS2QfI/n3VG10tZCF37DE=] [артур пирожков] Checking offline messages for client
[2025-05-22 19:31:58] [1DnWLRgS2QfI/n3VG10tZCF37DE=] [артур пирожков] No offline messages found
[2025-05-22 19:32:16] [cbVTTju6JnSpBukGx7hTR4US3KY=] [TeamSpeakUser2] Checking offline messages for client
[2025-05-22 19:32:16] [cbVTTju6JnSpBukGx7hTR4US3KY=] [TeamSpeakUser2] No offline messages found
[2025-05-22 19:35:01] [g95LkcovmlDSBBJIdmdv0zN6QBs=] [baysikimdeğil] Checking offline messages for client
[2025-05-22 19:35:01] [g95LkcovmlDSBBJIdmdv0zN6QBs=] [baysikimdeğil] No offline messages found
[2025-05-22 19:35:10] [MqlyPI/U5wjPs6LHaX2Ifl+w4r8=] [timothysamuelx] Checking offline messages for client
[2025-05-22 19:35:10] [MqlyPI/U5wjPs6LHaX2Ifl+w4r8=] [timothysamuelx] No offline messages found
[2025-05-22 19:37:11] [COLZyKJmrHAbeJuIwxgb3lGZ0d0=] [tikka345] Checking offline messages for client
[2025-05-22 19:37:11] [COLZyKJmrHAbeJuIwxgb3lGZ0d0=] [tikka345] No offline messages found
[2025-05-22 19:40:29] [2Lx63FxcyvHlLbs3Khbo5bJe6mY=] [Last] Checking offline messages for client
[2025-05-22 19:40:29] [2Lx63FxcyvHlLbs3Khbo5bJe6mY=] [Last] No offline messages found
[2025-05-22 19:46:00] [vBoWE5wLLJmWYA7DRUupNxE8o10=] [Maximus] Checking offline messages for client
[2025-05-22 19:46:00] [vBoWE5wLLJmWYA7DRUupNxE8o10=] [Maximus] No offline messages found
[2025-05-22 19:46:00] [vBoWE5wLLJmWYA7DRUupNxE8o10=] [Maximus] Checking offline messages for client
[2025-05-22 19:46:00] [vBoWE5wLLJmWYA7DRUupNxE8o10=] [Maximus] No offline messages found
[2025-05-22 19:46:00] [vBoWE5wLLJmWYA7DRUupNxE8o10=] [Maximus] Checking offline messages for client
[2025-05-22 19:46:00] [vBoWE5wLLJmWYA7DRUupNxE8o10=] [Maximus] No offline messages found
[2025-05-22 19:46:08] [TVYDqloG40AolgKZE51r8Arz5Ig=] [TeamSpeakUser4] Checking offline messages for client
[2025-05-22 19:46:08] [TVYDqloG40AolgKZE51r8Arz5Ig=] [TeamSpeakUser4] No offline messages found
[2025-05-22 19:47:15] [DhDqNKJFOzAI9dgJ0qsFAh9W1bM=] [Parsa94] Checking offline messages for client
[2025-05-22 19:47:15] [DhDqNKJFOzAI9dgJ0qsFAh9W1bM=] [Parsa94] No offline messages found
[2025-05-22 19:47:40] [Kg0a4ZelXd4eICZhiGmRywH4RNw=] [aliylmazbruh] Checking offline messages for client
[2025-05-22 19:47:40] [Kg0a4ZelXd4eICZhiGmRywH4RNw=] [aliylmazbruh] No offline messages found
[2025-05-22 19:51:42] [5H8MEC0i2uGC9RksnYdKLf+nVxE=] [1mdzz] Checking offline messages for client
[2025-05-22 19:51:42] [5H8MEC0i2uGC9RksnYdKLf+nVxE=] [1mdzz] No offline messages found
[2025-05-22 19:52:08] [lqX2Oz/RGh+MQGKjhD9GbFED4OY=] [DarkZX] Checking offline messages for client
[2025-05-22 19:52:08] [lqX2Oz/RGh+MQGKjhD9GbFED4OY=] [DarkZX] No offline messages found
[2025-05-22 19:52:30] [5Oc2+R6eyJKPIKzcp3qWjXWBdBk=] [Tor4am] Checking offline messages for client
[2025-05-22 19:52:30] [5Oc2+R6eyJKPIKzcp3qWjXWBdBk=] [Tor4am] No offline messages found
[2025-05-22 19:52:40] [Kg0a4ZelXd4eICZhiGmRywH4RNw=] [aliylmazbruh] Checking offline messages for client
[2025-05-22 19:52:40] [Kg0a4ZelXd4eICZhiGmRywH4RNw=] [aliylmazbruh] No offline messages found
[2025-05-22 19:54:05] [KNwIsBtm4keUGSjaZsh/h3TEquE=] [Zenon] Checking offline messages for client
[2025-05-22 19:54:05] [KNwIsBtm4keUGSjaZsh/h3TEquE=] [Zenon] No offline messages found
[2025-05-22 19:55:57] [aKaAG6qoaxhtx8bSnAyKGSwgQvA=] [drxxxP] Checking offline messages for client
[2025-05-22 19:55:57] [aKaAG6qoaxhtx8bSnAyKGSwgQvA=] [drxxxP] No offline messages found
[2025-05-22 19:56:49] [S5c9qJAk0+90wjkUa6EauP5Qvfo=] [Skiwii_] Checking offline messages for client
[2025-05-22 19:56:49] [S5c9qJAk0+90wjkUa6EauP5Qvfo=] [Skiwii_] No offline messages found
[2025-05-22 19:57:00] [lyXaZAmIm860hs52AQfNIF+bYQ4=] [kiale.] Checking offline messages for client
[2025-05-22 19:57:00] [lyXaZAmIm860hs52AQfNIF+bYQ4=] [kiale.] No offline messages found
[2025-05-22 19:57:58] [jdsZBBcuEzD3+oBXRBnVPJpGkI4=] [eatmyb8ls] Checking offline messages for client
[2025-05-22 19:57:58] [jdsZBBcuEzD3+oBXRBnVPJpGkI4=] [eatmyb8ls] No offline messages found
[2025-05-22 19:58:32] [f3nvQHeyvraWJrUBPQaOMk+TGHg=] [patoRLCSWinner] Checking offline messages for client
[2025-05-22 19:58:32] [f3nvQHeyvraWJrUBPQaOMk+TGHg=] [patoRLCSWinner] No offline messages found
[2025-05-22 20:00:31] [VuNFAf3wIFc1IkWzOmahJ2tNnQw=] [amir-v13] Checking offline messages for client
[2025-05-22 20:00:31] [VuNFAf3wIFc1IkWzOmahJ2tNnQw=] [amir-v13] No offline messages found
[2025-05-22 20:01:36] [aKaAG6qoaxhtx8bSnAyKGSwgQvA=] [drxxxP] Checking offline messages for client
[2025-05-22 20:01:36] [aKaAG6qoaxhtx8bSnAyKGSwgQvA=] [drxxxP] No offline messages found
[2025-05-22 20:01:52] [JRSJX/gE1q4rIxWGxe0NgwN6Ubk=] [saadf] Checking offline messages for client
[2025-05-22 20:01:52] [JRSJX/gE1q4rIxWGxe0NgwN6Ubk=] [saadf] No offline messages found
[2025-05-22 20:03:04] [esGVtujUtqlCfwQuagLOAAWIP3k=] [Dopest] Checking offline messages for client
[2025-05-22 20:03:04] [esGVtujUtqlCfwQuagLOAAWIP3k=] [Dopest] No offline messages found
[2025-05-22 20:03:16] [uQmpKMqnnT0Yr+bswfjOJYzjV6g=] [TeamSpeakUser5] Checking offline messages for client
[2025-05-22 20:03:16] [uQmpKMqnnT0Yr+bswfjOJYzjV6g=] [TeamSpeakUser5] No offline messages found
[2025-05-22 20:04:13] [yPSI9aghhtH6O+mnSQIo84yUZ4c=] [шароёб] Checking offline messages for client
[2025-05-22 20:04:13] [yPSI9aghhtH6O+mnSQIo84yUZ4c=] [шароёб] No offline messages found
[2025-05-22 20:04:44] [A337CRyeHXs4LwAB23shVIw0jeg=] [mishechcaty] Checking offline messages for client
[2025-05-22 20:04:44] [A337CRyeHXs4LwAB23shVIw0jeg=] [mishechcaty] No offline messages found
[2025-05-22 20:05:05] [raAePR7lHPhNIRleevueRUQgaPg=] [Seyit] Checking offline messages for client
[2025-05-22 20:05:05] [raAePR7lHPhNIRleevueRUQgaPg=] [Seyit] No offline messages found
[2025-05-22 20:06:49] [iefEc7IftjNMM5/w71mlW1yAG/s=] [слуга народа] Checking offline messages for client
[2025-05-22 20:06:49] [iefEc7IftjNMM5/w71mlW1yAG/s=] [слуга народа] No offline messages found
[2025-05-22 20:06:58] [bGtBhiPSbS6Bgb0py6FV8UJg4uI=] [LawleSs] Checking offline messages for client
[2025-05-22 20:06:58] [bGtBhiPSbS6Bgb0py6FV8UJg4uI=] [LawleSs] No offline messages found
[2025-05-22 20:08:36] [oe8FBEG0srWJcJn3eH+kZhsDEb0=] [jac'K] Checking offline messages for client
[2025-05-22 20:08:36] [oe8FBEG0srWJcJn3eH+kZhsDEb0=] [jac'K] No offline messages found
[2025-05-22 20:09:33] [V/sE7GD+jPAQPdHRhDxgmql0tFI=] [Jabberson] Checking offline messages for client
[2025-05-22 20:09:33] [V/sE7GD+jPAQPdHRhDxgmql0tFI=] [Jabberson] No offline messages found
[2025-05-22 20:10:25] [j2TIawnGNehvq+itbVK9ty0G5jo=] [Sfanon] Checking offline messages for client
[2025-05-22 20:10:25] [j2TIawnGNehvq+itbVK9ty0G5jo=] [Sfanon] No offline messages found
[2025-05-22 20:10:46] [V/sE7GD+jPAQPdHRhDxgmql0tFI=] [Jabberson] Checking offline messages for client
[2025-05-22 20:10:46] [V/sE7GD+jPAQPdHRhDxgmql0tFI=] [Jabberson] No offline messages found
[2025-05-22 20:11:14] [mjmMZmkF0BV3EE0zLxDPrq93lL8=] [mixaluch0707] Checking offline messages for client
[2025-05-22 20:11:14] [mjmMZmkF0BV3EE0zLxDPrq93lL8=] [mixaluch0707] No offline messages found
[2025-05-22 20:11:17] [OQCeQ18IAEuoURvL5bx576m14Ls=] [Belzevul] Checking offline messages for client
[2025-05-22 20:11:17] [OQCeQ18IAEuoURvL5bx576m14Ls=] [Belzevul] No offline messages found
[2025-05-22 20:11:57] [zqqHo9JSEn4xa6PBtwGLJgVfpCQ=] [RaptorK80] Checking offline messages for client
[2025-05-22 20:11:57] [zqqHo9JSEn4xa6PBtwGLJgVfpCQ=] [RaptorK80] No offline messages found
[2025-05-22 20:15:19] [0pZqXichHQBwgSoYTsZqTFC0yMM=] [Sector] Checking offline messages for client
[2025-05-22 20:15:19] [0pZqXichHQBwgSoYTsZqTFC0yMM=] [Sector] No offline messages found
[2025-05-22 20:16:01] [Tl3Bg1zFfrOJ+IRWyJh5UAIJ+5o=] [Efkeyy] Checking offline messages for client
[2025-05-22 20:16:01] [Tl3Bg1zFfrOJ+IRWyJh5UAIJ+5o=] [Efkeyy] No offline messages found
[2025-05-22 20:19:03] [lfMVA9ubTkTFxRoku/Ytu6/qGRM=] [takethe_shot_] Checking offline messages for client
[2025-05-22 20:19:03] [lfMVA9ubTkTFxRoku/Ytu6/qGRM=] [takethe_shot_] No offline messages found
[2025-05-22 20:19:08] [1gxg4kTixKP+E7U4TFVjyyVaim0=] [mbagod] Checking offline messages for client
[2025-05-22 20:19:08] [1gxg4kTixKP+E7U4TFVjyyVaim0=] [mbagod] No offline messages found
[2025-05-22 20:19:36] [COLZyKJmrHAbeJuIwxgb3lGZ0d0=] [tikka345] Checking offline messages for client
[2025-05-22 20:19:36] [COLZyKJmrHAbeJuIwxgb3lGZ0d0=] [tikka345] No offline messages found
[2025-05-22 20:21:27] [KgtWKCUgHe+YIFq4EEIuJUQeydU=] [Mehdi_km81] Checking offline messages for client
[2025-05-22 20:21:27] [KgtWKCUgHe+YIFq4EEIuJUQeydU=] [Mehdi_km81] No offline messages found
[2025-05-22 20:21:27] [KgtWKCUgHe+YIFq4EEIuJUQeydU=] [Mehdi_km81] Checking offline messages for client
[2025-05-22 20:21:27] [KgtWKCUgHe+YIFq4EEIuJUQeydU=] [Mehdi_km81] No offline messages found
[2025-05-22 20:21:27] [KgtWKCUgHe+YIFq4EEIuJUQeydU=] [Mehdi_km81] Checking offline messages for client
[2025-05-22 20:21:27] [KgtWKCUgHe+YIFq4EEIuJUQeydU=] [Mehdi_km81] No offline messages found
[2025-05-22 20:22:42] [Ops676Lt6XgMPCQGa8NIevUnutU=] [mmd] Checking offline messages for client
[2025-05-22 20:22:42] [Ops676Lt6XgMPCQGa8NIevUnutU=] [mmd] No offline messages found
[2025-05-22 20:23:01] [71UgyUo0txgW3TRrhy5nyLiGomg=] [divineheal] Checking offline messages for client
[2025-05-22 20:23:01] [71UgyUo0txgW3TRrhy5nyLiGomg=] [divineheal] No offline messages found
[2025-05-22 20:23:22] [v8d0S2VwxhW09HTFPSJZmdATS9s=] [lokmannnnnn] Checking offline messages for client
[2025-05-22 20:23:22] [v8d0S2VwxhW09HTFPSJZmdATS9s=] [lokmannnnnn] No offline messages found
[2025-05-22 20:24:52] [cm+zDw/4zDuQN120Qa8q1mW/fIQ=] [hudabin] Checking offline messages for client
[2025-05-22 20:24:52] [cm+zDw/4zDuQN120Qa8q1mW/fIQ=] [hudabin] No offline messages found
[2025-05-22 20:25:07] [vBoWE5wLLJmWYA7DRUupNxE8o10=] [Maximus] Checking offline messages for client
[2025-05-22 20:25:07] [vBoWE5wLLJmWYA7DRUupNxE8o10=] [Maximus] No offline messages found
[2025-05-22 20:25:11] [ilO9JAl5glx+WikZA6SZqmic0Iw=] [kaiizenn] Checking offline messages for client
[2025-05-22 20:25:11] [ilO9JAl5glx+WikZA6SZqmic0Iw=] [kaiizenn] No offline messages found
[2025-05-22 20:25:30] [p1FgM/Xt+tawita85JKEMZLAeEc=] [tuni] Checking offline messages for client
[2025-05-22 20:25:30] [p1FgM/Xt+tawita85JKEMZLAeEc=] [tuni] No offline messages found
[2025-05-22 20:27:08] [+jAK4p+Ce6T/fojXfUGu0a+DMsw=] [Lazy_Eagle] Checking offline messages for client
[2025-05-22 20:27:08] [+jAK4p+Ce6T/fojXfUGu0a+DMsw=] [Lazy_Eagle] No offline messages found
[2025-05-22 20:28:58] [F1qmn+J1DjlIW/spQ4TpgTpSWzg=] [moi] Checking offline messages for client
[2025-05-22 20:28:58] [F1qmn+J1DjlIW/spQ4TpgTpSWzg=] [moi] No offline messages found
[2025-05-22 20:30:14] [IEJxWZGON6jgBA8Umd2XqUNUbIA=] [apperhuyapper] Checking offline messages for client
[2025-05-22 20:30:14] [IEJxWZGON6jgBA8Umd2XqUNUbIA=] [apperhuyapper] No offline messages found
[2025-05-22 20:30:19] [p1FgM/Xt+tawita85JKEMZLAeEc=] [tuni] Checking offline messages for client
[2025-05-22 20:30:19] [p1FgM/Xt+tawita85JKEMZLAeEc=] [tuni] No offline messages found
[2025-05-22 20:31:51] [Ops676Lt6XgMPCQGa8NIevUnutU=] [mmd] Checking offline messages for client
[2025-05-22 20:31:51] [Ops676Lt6XgMPCQGa8NIevUnutU=] [mmd] No offline messages found
[2025-05-22 20:33:56] [Hqx53vg5SQPWjjX4l5maks45SPw=] [sunshinee3] Checking offline messages for client
[2025-05-22 20:33:56] [Hqx53vg5SQPWjjX4l5maks45SPw=] [sunshinee3] No offline messages found
[2025-05-22 20:34:24] [Hqx53vg5SQPWjjX4l5maks45SPw=] [sunshinee3] Checking offline messages for client
[2025-05-22 20:34:24] [Hqx53vg5SQPWjjX4l5maks45SPw=] [sunshinee3] No offline messages found
[2025-05-22 20:35:11] [21GYrZ5LFqh/gapn4zUDZ7mxJFU=] [Chibuike] Checking offline messages for client
[2025-05-22 20:35:11] [21GYrZ5LFqh/gapn4zUDZ7mxJFU=] [Chibuike] No offline messages found
[2025-05-22 20:36:19] [F1qmn+J1DjlIW/spQ4TpgTpSWzg=] [moi] Checking offline messages for client
[2025-05-22 20:36:19] [F1qmn+J1DjlIW/spQ4TpgTpSWzg=] [moi] No offline messages found
[2025-05-22 20:38:08] [p1FgM/Xt+tawita85JKEMZLAeEc=] [tuni] Checking offline messages for client
[2025-05-22 20:38:08] [p1FgM/Xt+tawita85JKEMZLAeEc=] [tuni] No offline messages found
[2025-05-22 20:39:50] [Ops676Lt6XgMPCQGa8NIevUnutU=] [mmd] Checking offline messages for client
[2025-05-22 20:39:50] [Ops676Lt6XgMPCQGa8NIevUnutU=] [mmd] No offline messages found
[2025-05-22 20:41:16] [j2TIawnGNehvq+itbVK9ty0G5jo=] [Sfanon] Checking offline messages for client
[2025-05-22 20:41:16] [j2TIawnGNehvq+itbVK9ty0G5jo=] [Sfanon] No offline messages found
[2025-05-22 20:41:56] [7OPNxHcTHSq+znXytBlDRPU74IQ=] [NaiRoD] Checking offline messages for client
[2025-05-22 20:41:56] [7OPNxHcTHSq+znXytBlDRPU74IQ=] [NaiRoD] No offline messages found
[2025-05-22 20:43:28] [71UgyUo0txgW3TRrhy5nyLiGomg=] [divineheal] Checking offline messages for client
[2025-05-22 20:43:28] [71UgyUo0txgW3TRrhy5nyLiGomg=] [divineheal] No offline messages found
[2025-05-22 20:44:42] [5Oc2+R6eyJKPIKzcp3qWjXWBdBk=] [Tor4am] Checking offline messages for client
[2025-05-22 20:44:42] [5Oc2+R6eyJKPIKzcp3qWjXWBdBk=] [Tor4am] No offline messages found
[2025-05-22 20:45:30] [0pfL6k6+uhY3YJUK1FucX6agAV8=] [MC durak] Checking offline messages for client
[2025-05-22 20:45:30] [0pfL6k6+uhY3YJUK1FucX6agAV8=] [MC durak] No offline messages found
[2025-05-22 20:46:22] [5VHklsNdcbmfyHtwDayYUZ4P9Jg=] [lord] Checking offline messages for client
[2025-05-22 20:46:22] [5VHklsNdcbmfyHtwDayYUZ4P9Jg=] [lord] No offline messages found
[2025-05-22 20:48:05] [p1FgM/Xt+tawita85JKEMZLAeEc=] [tuni] Checking offline messages for client
[2025-05-22 20:48:05] [p1FgM/Xt+tawita85JKEMZLAeEc=] [tuni] No offline messages found
[2025-05-22 20:50:07] [2mZQHdAs7SMjrtaYieQwOL7jAfA=] [lored1] Checking offline messages for client
[2025-05-22 20:50:07] [2mZQHdAs7SMjrtaYieQwOL7jAfA=] [lored1] No offline messages found
[2025-05-22 20:50:45] [fH55ADpBJR2Pf03gH5EIVyAAuTk=] [W1zard] Checking offline messages for client
[2025-05-22 20:50:45] [fH55ADpBJR2Pf03gH5EIVyAAuTk=] [W1zard] No offline messages found
[2025-05-22 20:51:22] [w6YqWRN3PvQxnMLA9fqVLTevJ/0=] [m1sspit4boa] Checking offline messages for client
[2025-05-22 20:51:22] [w6YqWRN3PvQxnMLA9fqVLTevJ/0=] [m1sspit4boa] No offline messages found
[2025-05-22 20:53:23] [V7Pghzl7vLOGKM3q5JS7DUAi3aA=] [TeamSpeakUser3] Checking offline messages for client
[2025-05-22 20:53:23] [V7Pghzl7vLOGKM3q5JS7DUAi3aA=] [TeamSpeakUser3] No offline messages found
[2025-05-22 20:53:43] [7lkgv1NgBUC4Nbvfz0XxfSTDHSQ=] [Platonuch_UA] Checking offline messages for client
[2025-05-22 20:53:43] [7lkgv1NgBUC4Nbvfz0XxfSTDHSQ=] [Platonuch_UA] No offline messages found
[2025-05-22 20:54:15] [kp8Q3vFQWQnjp3gHVwlsWlVZPUI=] [TeamSpeakUser5] Checking offline messages for client
[2025-05-22 20:54:15] [kp8Q3vFQWQnjp3gHVwlsWlVZPUI=] [TeamSpeakUser5] No offline messages found
[2025-05-22 20:55:45] [o+kfOwfBLh7wsG6HbuhPElVM32w=] [Myata] Checking offline messages for client
[2025-05-22 20:55:45] [o+kfOwfBLh7wsG6HbuhPElVM32w=] [Myata] No offline messages found
[2025-05-22 20:55:50] [C3jNia2fzc3f+tb5wVsJrI8VSZI=] [Brodieee] Checking offline messages for client
[2025-05-22 20:55:50] [C3jNia2fzc3f+tb5wVsJrI8VSZI=] [Brodieee] No offline messages found
[2025-05-22 20:56:21] [FO7ZHIUb1yn/nDBG963VnBX8SKE=] [STW220] Checking offline messages for client
[2025-05-22 20:56:21] [FO7ZHIUb1yn/nDBG963VnBX8SKE=] [STW220] No offline messages found
[2025-05-22 20:58:32] [V7Pghzl7vLOGKM3q5JS7DUAi3aA=] [TeamSpeakUser] Checking offline messages for client
[2025-05-22 20:58:32] [V7Pghzl7vLOGKM3q5JS7DUAi3aA=] [TeamSpeakUser] No offline messages found
[2025-05-22 20:58:37] [lvbOrAwll8+GyMZ5KkJR8ytlq1g=] [TeamSpeakUser3] Checking offline messages for client
[2025-05-22 20:58:37] [lvbOrAwll8+GyMZ5KkJR8ytlq1g=] [TeamSpeakUser3] No offline messages found
[2025-05-22 20:59:45] [lvbOrAwll8+GyMZ5KkJR8ytlq1g=] [TeamSpeakUser] Checking offline messages for client
[2025-05-22 20:59:45] [lvbOrAwll8+GyMZ5KkJR8ytlq1g=] [TeamSpeakUser] No offline messages found
[2025-05-22 21:02:01] [vQBpA0VvBo3XlFVJd2yFUhlAD5E=] [whoismert] Checking offline messages for client
[2025-05-22 21:02:01] [vQBpA0VvBo3XlFVJd2yFUhlAD5E=] [whoismert] No offline messages found
[2025-05-22 21:03:09] [JvZxNg+0RHhw3kZ8XDHWvL4XFrA=] [eyimpirosu] Checking offline messages for client
[2025-05-22 21:03:09] [JvZxNg+0RHhw3kZ8XDHWvL4XFrA=] [eyimpirosu] No offline messages found
[2025-05-22 21:03:25] [f5blCV2SYOa9qeIxhD7mgNKdr10=] [kompot1k] Checking offline messages for client
[2025-05-22 21:03:25] [f5blCV2SYOa9qeIxhD7mgNKdr10=] [kompot1k] No offline messages found
[2025-05-22 21:03:34] [9L00arJzCt1G2LLDRV0HQCJjofM=] [osasderlerbana] Checking offline messages for client
[2025-05-22 21:03:34] [9L00arJzCt1G2LLDRV0HQCJjofM=] [osasderlerbana] No offline messages found
[2025-05-22 21:03:51] [VNEMZGVfsM3a7FyUkiKK12KnFvw=] [rowdy] Checking offline messages for client
[2025-05-22 21:03:51] [VNEMZGVfsM3a7FyUkiKK12KnFvw=] [rowdy] No offline messages found
[2025-05-22 21:04:48] [XUq6lat2sP336FLybn+Od5CLO5Q=] [TeamSpeakUser3] Checking offline messages for client
[2025-05-22 21:04:48] [XUq6lat2sP336FLybn+Od5CLO5Q=] [TeamSpeakUser3] No offline messages found
[2025-05-22 21:07:28] [esphB+mG2+N8I3ntRjK04Tgvv7o=] [Phantor] Checking offline messages for client
[2025-05-22 21:07:28] [esphB+mG2+N8I3ntRjK04Tgvv7o=] [Phantor] No offline messages found
[2025-05-22 21:08:50] [0Z2wqQcTx0kpb/KIf+NPkyv4b60=] [-W1LLL] Checking offline messages for client
[2025-05-22 21:08:50] [0Z2wqQcTx0kpb/KIf+NPkyv4b60=] [-W1LLL] No offline messages found
[2025-05-22 21:08:55] [Yolrk0vLW7Jl+G3XWWoj32wvYHo=] [joy] Checking offline messages for client
[2025-05-22 21:08:55] [Yolrk0vLW7Jl+G3XWWoj32wvYHo=] [joy] No offline messages found
[2025-05-22 21:10:11] [B2fRgglzPVX7d5IDrNsAi94lUY0=] [baia] Checking offline messages for client
[2025-05-22 21:10:11] [B2fRgglzPVX7d5IDrNsAi94lUY0=] [baia] No offline messages found
[2025-05-22 21:10:12] [zqqHo9JSEn4xa6PBtwGLJgVfpCQ=] [RaptorK80] Checking offline messages for client
[2025-05-22 21:10:12] [zqqHo9JSEn4xa6PBtwGLJgVfpCQ=] [RaptorK80] No offline messages found
[2025-05-22 21:14:43] [KY44HEDhuFwDj+xy2vhxWzthz9g=] [Burak] Checking offline messages for client
[2025-05-22 21:14:43] [KY44HEDhuFwDj+xy2vhxWzthz9g=] [Burak] No offline messages found
[2025-05-22 21:17:49] [6uA9oT/fxl0h5vmKtYRwiiqy8hE=] [Eren] Checking offline messages for client
[2025-05-22 21:17:49] [6uA9oT/fxl0h5vmKtYRwiiqy8hE=] [Eren] No offline messages found
[2025-05-22 21:17:52] [Tgd5hyEUE1h1eu8z/TBEWqTvsO4=] [verdi] Checking offline messages for client
[2025-05-22 21:17:52] [Tgd5hyEUE1h1eu8z/TBEWqTvsO4=] [verdi] No offline messages found
[2025-05-22 21:18:19] [3q/mYOTA7gk6d5AVyjJDqgBfuU4=] [TeamSpeakUser5] Checking offline messages for client
[2025-05-22 21:18:19] [3q/mYOTA7gk6d5AVyjJDqgBfuU4=] [TeamSpeakUser5] No offline messages found
[2025-05-22 21:19:42] [WqJ7G2qJdQ8kspL597ANASGN6Qc=] [леха] Checking offline messages for client
[2025-05-22 21:19:42] [WqJ7G2qJdQ8kspL597ANASGN6Qc=] [леха] No offline messages found
[2025-05-22 21:21:18] [Vo2EkpTM0Iknq/TzrwkmyGXoQPo=] [Retegui] Checking offline messages for client
[2025-05-22 21:21:18] [Vo2EkpTM0Iknq/TzrwkmyGXoQPo=] [Retegui] No offline messages found
[2025-05-22 21:21:24] [0XIPokUUTEkn00muYiwnSCQJ4wM=] [credolls] Checking offline messages for client
[2025-05-22 21:21:24] [0XIPokUUTEkn00muYiwnSCQJ4wM=] [credolls] No offline messages found
[2025-05-22 21:21:29] [oifqugt/iQrqLTccr970rRBsDj8=] [artembill] Checking offline messages for client
[2025-05-22 21:21:29] [oifqugt/iQrqLTccr970rRBsDj8=] [artembill] No offline messages found
[2025-05-22 21:21:53] [oifqugt/iQrqLTccr970rRBsDj8=] [artembill] Checking offline messages for client
[2025-05-22 21:21:53] [oifqugt/iQrqLTccr970rRBsDj8=] [artembill] No offline messages found
[2025-05-22 21:22:09] [V/sE7GD+jPAQPdHRhDxgmql0tFI=] [Jabberson] Checking offline messages for client
[2025-05-22 21:22:09] [V/sE7GD+jPAQPdHRhDxgmql0tFI=] [Jabberson] No offline messages found
[2025-05-22 21:22:46] [oifqugt/iQrqLTccr970rRBsDj8=] [artembill] Checking offline messages for client
[2025-05-22 21:22:46] [oifqugt/iQrqLTccr970rRBsDj8=] [artembill] No offline messages found
[2025-05-22 21:23:02] [oifqugt/iQrqLTccr970rRBsDj8=] [artembill] Checking offline messages for client
[2025-05-22 21:23:02] [oifqugt/iQrqLTccr970rRBsDj8=] [artembill] No offline messages found
[2025-05-22 21:23:19] [oifqugt/iQrqLTccr970rRBsDj8=] [artembill] Checking offline messages for client
[2025-05-22 21:23:19] [oifqugt/iQrqLTccr970rRBsDj8=] [artembill] No offline messages found
[2025-05-22 21:24:23] [pa4EomUE5xzFSB9tc7CilmX3NTU=] [Imprii] Checking offline messages for client
[2025-05-22 21:24:23] [pa4EomUE5xzFSB9tc7CilmX3NTU=] [Imprii] No offline messages found
[2025-05-22 21:24:48] [eaEVrYIrm2CtAmy7Oq17AAWXHpg=] [Karyotei] Checking offline messages for client
[2025-05-22 21:24:48] [eaEVrYIrm2CtAmy7Oq17AAWXHpg=] [Karyotei] No offline messages found
[2025-05-22 21:26:26] [/paoPeDO7Sw3DPisftzEeJfXp+Y=] [J4M4L] Checking offline messages for client
[2025-05-22 21:26:26] [/paoPeDO7Sw3DPisftzEeJfXp+Y=] [J4M4L] No offline messages found
[2025-05-22 21:28:05] [EBXe71Lp4NoWtOX097m16XOL9o8=] [kaya] Checking offline messages for client
[2025-05-22 21:28:05] [EBXe71Lp4NoWtOX097m16XOL9o8=] [kaya] No offline messages found
[2025-05-22 21:28:53] [ayHUOzBuuInw8J/HHBAIDIq0cYY=] [bohun ivan] Checking offline messages for client
[2025-05-22 21:28:53] [ayHUOzBuuInw8J/HHBAIDIq0cYY=] [bohun ivan] No offline messages found
[2025-05-22 21:31:03] [tOoGEdCN9ULy8ULKyELfIWNelvU=] [kayanyildz] Checking offline messages for client
[2025-05-22 21:31:03] [tOoGEdCN9ULy8ULKyELfIWNelvU=] [kayanyildz] No offline messages found
[2025-05-22 21:31:12] [3wfCbZork1r8h4aDgIW1hfWE0YA=] [SNAC-Ahmet] Checking offline messages for client
[2025-05-22 21:31:12] [3wfCbZork1r8h4aDgIW1hfWE0YA=] [SNAC-Ahmet] No offline messages found
[2025-05-22 21:33:43] [pUCIpssKzbEhYAmtB8xcuFXcEsU=] [mostafa] Checking offline messages for client
[2025-05-22 21:33:43] [pUCIpssKzbEhYAmtB8xcuFXcEsU=] [mostafa] No offline messages found
[2025-05-22 21:33:45] [mqgd3Gc7WmeeLTlwm9TT72tKi9Y=] [Joss] Checking offline messages for client
[2025-05-22 21:33:45] [mqgd3Gc7WmeeLTlwm9TT72tKi9Y=] [Joss] No offline messages found
[2025-05-22 21:34:23] [Vo2EkpTM0Iknq/TzrwkmyGXoQPo=] [Retegui] Checking offline messages for client
[2025-05-22 21:34:23] [Vo2EkpTM0Iknq/TzrwkmyGXoQPo=] [Retegui] No offline messages found
[2025-05-22 21:34:40] [1fLfTv7a7WCXSiKCcl/56zaOGH4=] [TeamSpeakUser6] Checking offline messages for client
[2025-05-22 21:34:40] [1fLfTv7a7WCXSiKCcl/56zaOGH4=] [TeamSpeakUser6] No offline messages found
[2025-05-22 21:36:14] [aKaAG6qoaxhtx8bSnAyKGSwgQvA=] [drxxxP] Checking offline messages for client
[2025-05-22 21:36:14] [aKaAG6qoaxhtx8bSnAyKGSwgQvA=] [drxxxP] No offline messages found
[2025-05-22 21:36:23] [WUFbI2wm1TirPkulhTRESNYToW0=] [sajjad] Checking offline messages for client
[2025-05-22 21:36:23] [WUFbI2wm1TirPkulhTRESNYToW0=] [sajjad] No offline messages found
[2025-05-22 21:36:34] [V/sE7GD+jPAQPdHRhDxgmql0tFI=] [Jabberson] Checking offline messages for client
[2025-05-22 21:36:34] [V/sE7GD+jPAQPdHRhDxgmql0tFI=] [Jabberson] No offline messages found
[2025-05-22 21:37:43] [WKaM3ZipVE38N1i3NuepKTRPDX4=] [éclatax] Checking offline messages for client
[2025-05-22 21:37:43] [WKaM3ZipVE38N1i3NuepKTRPDX4=] [éclatax] No offline messages found
[2025-05-22 21:43:17] [eNxiZDOeggdj95ZNvuM5yeobkrU=] [Etienne] Checking offline messages for client
[2025-05-22 21:43:17] [eNxiZDOeggdj95ZNvuM5yeobkrU=] [Etienne] No offline messages found
[2025-05-22 21:45:37] [p1FgM/Xt+tawita85JKEMZLAeEc=] [tuni] Checking offline messages for client
[2025-05-22 21:45:37] [p1FgM/Xt+tawita85JKEMZLAeEc=] [tuni] No offline messages found
[2025-05-22 21:48:23] [EavBT8NG6JSFl2mI14E3NNtuzVI=] [CClad] Checking offline messages for client
[2025-05-22 21:48:23] [EavBT8NG6JSFl2mI14E3NNtuzVI=] [CClad] No offline messages found
[2025-05-22 21:49:14] [p1FgM/Xt+tawita85JKEMZLAeEc=] [tuni] Checking offline messages for client
[2025-05-22 21:49:14] [p1FgM/Xt+tawita85JKEMZLAeEc=] [tuni] No offline messages found
[2025-05-22 21:49:17] [jdsZBBcuEzD3+oBXRBnVPJpGkI4=] [eatmyb8ls] Checking offline messages for client
[2025-05-22 21:49:17] [jdsZBBcuEzD3+oBXRBnVPJpGkI4=] [eatmyb8ls] No offline messages found
[2025-05-22 21:50:38] [8F/wqyUZbzkbJnHcA07nhS4DohU=] [dimafreddyy] Checking offline messages for client
[2025-05-22 21:50:38] [8F/wqyUZbzkbJnHcA07nhS4DohU=] [dimafreddyy] No offline messages found
[2025-05-22 21:51:29] [3wfCbZork1r8h4aDgIW1hfWE0YA=] [SNAC-Ahmet] Checking offline messages for client
[2025-05-22 21:51:29] [3wfCbZork1r8h4aDgIW1hfWE0YA=] [SNAC-Ahmet] No offline messages found
[2025-05-22 21:51:39] [p1FgM/Xt+tawita85JKEMZLAeEc=] [tuni] Checking offline messages for client
[2025-05-22 21:51:39] [p1FgM/Xt+tawita85JKEMZLAeEc=] [tuni] No offline messages found
[2025-05-22 21:51:49] [u37UZKIsHRy8fpvH8qv7OuhDpEw=] [AMINOV] Checking offline messages for client
[2025-05-22 21:51:49] [u37UZKIsHRy8fpvH8qv7OuhDpEw=] [AMINOV] No offline messages found
[2025-05-22 21:52:18] [p1FgM/Xt+tawita85JKEMZLAeEc=] [tuni] Checking offline messages for client
[2025-05-22 21:52:18] [p1FgM/Xt+tawita85JKEMZLAeEc=] [tuni] No offline messages found
[2025-05-22 21:52:43] [u37UZKIsHRy8fpvH8qv7OuhDpEw=] [AMINOV] Checking offline messages for client
[2025-05-22 21:52:43] [u37UZKIsHRy8fpvH8qv7OuhDpEw=] [AMINOV] No offline messages found
[2025-05-22 21:52:48] [K5/IaDGscrQW+qBOe0yWCZ4tht0=] [kappanda01] Checking offline messages for client
[2025-05-22 21:52:48] [K5/IaDGscrQW+qBOe0yWCZ4tht0=] [kappanda01] No offline messages found
[2025-05-22 21:53:03] [YS8Drbp5ATBjoMDxDDLHYWJTmCM=] [torna] Checking offline messages for client
[2025-05-22 21:53:03] [YS8Drbp5ATBjoMDxDDLHYWJTmCM=] [torna] No offline messages found
[2025-05-22 21:53:07] [EavBT8NG6JSFl2mI14E3NNtuzVI=] [CClad] Checking offline messages for client
[2025-05-22 21:53:07] [EavBT8NG6JSFl2mI14E3NNtuzVI=] [CClad] No offline messages found
[2025-05-22 21:54:40] [61O6lK2EyDZv74k4hwkKKJbwuQg=] [fl4sh] Checking offline messages for client
[2025-05-22 21:54:40] [61O6lK2EyDZv74k4hwkKKJbwuQg=] [fl4sh] No offline messages found
[2025-05-22 21:54:47] [37H/lttZ8+4bwWOCES4zZFUkIOg=] [crzfrg77] Checking offline messages for client
[2025-05-22 21:54:47] [37H/lttZ8+4bwWOCES4zZFUkIOg=] [crzfrg77] No offline messages found
[2025-05-22 21:56:42] [dMs00ngE6YI0KHtAGRTqeHdKujU=] [Bigboss420] Checking offline messages for client
[2025-05-22 21:56:42] [dMs00ngE6YI0KHtAGRTqeHdKujU=] [Bigboss420] No offline messages found
[2025-05-22 21:57:45] [mu8zHBA0U1KZm37ZU8GDo7EnWqM=] [Yusoso] Checking offline messages for client
[2025-05-22 21:57:45] [mu8zHBA0U1KZm37ZU8GDo7EnWqM=] [Yusoso] No offline messages found
[2025-05-22 22:00:29] [9G8PxP7oXSvPzJtJHTkVnlsVP9A=] [lowkeybomba] Checking offline messages for client
[2025-05-22 22:00:29] [9G8PxP7oXSvPzJtJHTkVnlsVP9A=] [lowkeybomba] No offline messages found
[2025-05-22 22:01:03] [9G8PxP7oXSvPzJtJHTkVnlsVP9A=] [lowkeybomba] Checking offline messages for client
[2025-05-22 22:01:03] [9G8PxP7oXSvPzJtJHTkVnlsVP9A=] [lowkeybomba] No offline messages found
[2025-05-22 22:02:23] [MCH5CUuHw7qLHVegyroS34EN/pQ=] [PastA1] Checking offline messages for client
[2025-05-22 22:02:23] [MCH5CUuHw7qLHVegyroS34EN/pQ=] [PastA1] No offline messages found
[2025-05-22 22:05:33] [Hf7Ykpi+nWgDQ6lAP5A9MUo5Mfc=] [Agilex] Checking offline messages for client
[2025-05-22 22:05:33] [Hf7Ykpi+nWgDQ6lAP5A9MUo5Mfc=] [Agilex] No offline messages found
[2025-05-22 22:09:06] [Di2MaUkDvWG/4yTOmNqIBWAhaIM=] [astraiser] Checking offline messages for client
[2025-05-22 22:09:06] [Di2MaUkDvWG/4yTOmNqIBWAhaIM=] [astraiser] No offline messages found
[2025-05-22 22:09:11] [ExH74l67SIz3nWQyLfTxKPvMsco=] [TheWhite1] Checking offline messages for client
[2025-05-22 22:09:11] [ExH74l67SIz3nWQyLfTxKPvMsco=] [TheWhite1] No offline messages found
[2025-05-22 22:11:44] [hUjMcppeZYeQG89H1ehSTqHW6iQ=] [Hydrastarke] Checking offline messages for client
[2025-05-22 22:11:44] [hUjMcppeZYeQG89H1ehSTqHW6iQ=] [Hydrastarke] No offline messages found
[2025-05-22 22:16:37] [qqTwrEbfD5tEifesTvr86drlnsU=] [Argonaft] Checking offline messages for client
[2025-05-22 22:16:37] [qqTwrEbfD5tEifesTvr86drlnsU=] [Argonaft] No offline messages found
[2025-05-22 22:16:49] [0hMeGpv24E/9oRNVleCNhwxNrkQ=] [__Kharakternik__] Checking offline messages for client
[2025-05-22 22:16:49] [0hMeGpv24E/9oRNVleCNhwxNrkQ=] [__Kharakternik__] No offline messages found
[2025-05-22 22:18:30] [eqFmaiR4zuNUT2nlSxICY+6dtYg=] [nike_13] Checking offline messages for client
[2025-05-22 22:18:30] [eqFmaiR4zuNUT2nlSxICY+6dtYg=] [nike_13] No offline messages found
[2025-05-22 22:19:36] [9nxj1e/LbBNMOHmCFqrsRyQ6MSw=] [_MERS_] Checking offline messages for client
[2025-05-22 22:19:36] [9nxj1e/LbBNMOHmCFqrsRyQ6MSw=] [_MERS_] No offline messages found
[2025-05-22 22:20:30] [syGc3yR+8xBjPN6kLg2zE+r+Bwg=] [Gosh] Checking offline messages for client
[2025-05-22 22:20:30] [syGc3yR+8xBjPN6kLg2zE+r+Bwg=] [Gosh] No offline messages found
[2025-05-22 22:20:55] [FM7zTGBZqh8bXgWZXEvzzOT66gc=] [regulator] Checking offline messages for client
[2025-05-22 22:20:55] [FM7zTGBZqh8bXgWZXEvzzOT66gc=] [regulator] No offline messages found
[2025-05-22 22:23:23] [dHD7jWi8Q5Lp4lz7I8/axaXFAEA=] [__illlia__] Checking offline messages for client
[2025-05-22 22:23:23] [dHD7jWi8Q5Lp4lz7I8/axaXFAEA=] [__illlia__] No offline messages found
[2025-05-22 22:23:50] [p1FgM/Xt+tawita85JKEMZLAeEc=] [tuni] Checking offline messages for client
[2025-05-22 22:23:50] [p1FgM/Xt+tawita85JKEMZLAeEc=] [tuni] No offline messages found
[2025-05-22 22:27:18] [p1FgM/Xt+tawita85JKEMZLAeEc=] [tuni] Checking offline messages for client
[2025-05-22 22:27:18] [p1FgM/Xt+tawita85JKEMZLAeEc=] [tuni] No offline messages found
[2025-05-22 22:31:07] [Y87CyZ0z4OCWoHrzcXmcfNJGgn8=] [Ghost] Checking offline messages for client
[2025-05-22 22:31:07] [Y87CyZ0z4OCWoHrzcXmcfNJGgn8=] [Ghost] No offline messages found
[2025-05-22 22:32:18] [rfSlRu7uzjI8pCmk2erQZXW6+7M=] [juju] Checking offline messages for client
[2025-05-22 22:32:18] [rfSlRu7uzjI8pCmk2erQZXW6+7M=] [juju] No offline messages found
[2025-05-22 22:42:03] [ofp0lC8aE44wL4Ooasojs98NL70=] [miz-miz] Checking offline messages for client
[2025-05-22 22:42:03] [ofp0lC8aE44wL4Ooasojs98NL70=] [miz-miz] No offline messages found
[2025-05-22 22:46:36] [24EkewZtTa85lPq6oDSYYo9p6Yg=] [beytula] Checking offline messages for client
[2025-05-22 22:46:36] [24EkewZtTa85lPq6oDSYYo9p6Yg=] [beytula] No offline messages found
[2025-05-22 22:48:48] [0WgZKkj6v4iiMp7/eG9vKSWI5qU=] [TeamSpeakUser4] Checking offline messages for client
[2025-05-22 22:48:48] [0WgZKkj6v4iiMp7/eG9vKSWI5qU=] [TeamSpeakUser4] No offline messages found
[2025-05-22 22:49:29] [hFplnszNsVWixGv+jr9PV6siVtc=] [PitcaRNNN``] Checking offline messages for client
[2025-05-22 22:49:29] [hFplnszNsVWixGv+jr9PV6siVtc=] [PitcaRNNN``] No offline messages found
[2025-05-22 22:52:59] [w6PNozwE3hiJ9vcTIkER64disyw=] [TeamSpeakUser2] Checking offline messages for client
[2025-05-22 22:52:59] [w6PNozwE3hiJ9vcTIkER64disyw=] [TeamSpeakUser2] No offline messages found
[2025-05-22 22:54:43] [XQUDH4dR5JFRAV8+6Li/lQEpzYU=] [Vitoo] Checking offline messages for client
[2025-05-22 22:54:43] [XQUDH4dR5JFRAV8+6Li/lQEpzYU=] [Vitoo] No offline messages found
[2025-05-22 22:59:05] [ZfAzon8V185RmJ9+SgupyrgdIYM=] [2SnowFox] Checking offline messages for client
[2025-05-22 22:59:05] [ZfAzon8V185RmJ9+SgupyrgdIYM=] [2SnowFox] No offline messages found
[2025-05-22 23:04:13] [Uu5KMlrBm4Z5LiLbdfTmVcSDXOU=] [I_XaSkI_I] Checking offline messages for client
[2025-05-22 23:04:13] [Uu5KMlrBm4Z5LiLbdfTmVcSDXOU=] [I_XaSkI_I] No offline messages found
[2025-05-22 23:04:30] [5VQn2paiuiABX3QfxcJMoEhAyYQ=] [Almas1k] Checking offline messages for client
[2025-05-22 23:04:30] [5VQn2paiuiABX3QfxcJMoEhAyYQ=] [Almas1k] No offline messages found
[2025-05-22 23:14:34] [0XIPokUUTEkn00muYiwnSCQJ4wM=] [credolls] Checking offline messages for client
[2025-05-22 23:14:34] [0XIPokUUTEkn00muYiwnSCQJ4wM=] [credolls] No offline messages found
[2025-05-22 23:15:40] [x5BGOCFQRYcw8Om4Xgot4nkAC7o=] [YURA] Checking offline messages for client
[2025-05-22 23:15:40] [x5BGOCFQRYcw8Om4Xgot4nkAC7o=] [YURA] No offline messages found
[2025-05-22 23:16:57] [sGNpFibB6bzHjjFuV/NEtDtfXO0=] [TeamSpeakUser6] Checking offline messages for client
[2025-05-22 23:16:57] [sGNpFibB6bzHjjFuV/NEtDtfXO0=] [TeamSpeakUser6] No offline messages found
[2025-05-22 23:20:36] [W182OmWTDlUV2/KZv0SOzxHuD98=] [PaLo4ka] Checking offline messages for client
[2025-05-22 23:20:36] [W182OmWTDlUV2/KZv0SOzxHuD98=] [PaLo4ka] No offline messages found
[2025-05-22 23:22:28] [B2fRgglzPVX7d5IDrNsAi94lUY0=] [baia] Checking offline messages for client
[2025-05-22 23:22:28] [B2fRgglzPVX7d5IDrNsAi94lUY0=] [baia] No offline messages found
[2025-05-22 23:26:02] [rfSlRu7uzjI8pCmk2erQZXW6+7M=] [juju] Checking offline messages for client
[2025-05-22 23:26:02] [rfSlRu7uzjI8pCmk2erQZXW6+7M=] [juju] No offline messages found
[2025-05-22 23:29:48] [8F/wqyUZbzkbJnHcA07nhS4DohU=] [dimafreddyy] Checking offline messages for client
[2025-05-22 23:29:48] [8F/wqyUZbzkbJnHcA07nhS4DohU=] [dimafreddyy] No offline messages found
[2025-05-22 23:38:08] [KCAU+w58VsT0/x5unp+UsX2VCzU=] [Alexope] Checking offline messages for client
[2025-05-22 23:38:08] [KCAU+w58VsT0/x5unp+UsX2VCzU=] [Alexope] No offline messages found
[2025-05-22 23:47:50] [KgtWKCUgHe+YIFq4EEIuJUQeydU=] [Mehdi_km81] Checking offline messages for client
[2025-05-22 23:47:50] [KgtWKCUgHe+YIFq4EEIuJUQeydU=] [Mehdi_km81] No offline messages found
[2025-05-22 23:47:51] [KgtWKCUgHe+YIFq4EEIuJUQeydU=] [Mehdi_km81] Checking offline messages for client
[2025-05-22 23:47:51] [KgtWKCUgHe+YIFq4EEIuJUQeydU=] [Mehdi_km81] No offline messages found
[2025-05-22 23:47:51] [KgtWKCUgHe+YIFq4EEIuJUQeydU=] [Mehdi_km81] Checking offline messages for client
[2025-05-22 23:47:51] [KgtWKCUgHe+YIFq4EEIuJUQeydU=] [Mehdi_km81] No offline messages found
[2025-05-22 23:50:57] [QGvH/QQM/8tcBPgPjENTGwRC0Tc=] [Murchick] Checking offline messages for client
[2025-05-22 23:50:57] [QGvH/QQM/8tcBPgPjENTGwRC0Tc=] [Murchick] No offline messages found
[2025-05-22 23:51:25] [QGvH/QQM/8tcBPgPjENTGwRC0Tc=] [Murchick] Checking offline messages for client
[2025-05-22 23:51:25] [QGvH/QQM/8tcBPgPjENTGwRC0Tc=] [Murchick] No offline messages found
[2025-05-22 23:56:32] [QGvH/QQM/8tcBPgPjENTGwRC0Tc=] [Murchick] Checking offline messages for client
[2025-05-22 23:56:32] [QGvH/QQM/8tcBPgPjENTGwRC0Tc=] [Murchick] No offline messages found
