[2025-06-12 00:03:23] [GdKnDuGa2RpNM8eyII04/GthL5A=] [ван гогг] Checking offline messages for client
[2025-06-12 00:03:23] [GdKnDuGa2RpNM8eyII04/GthL5A=] [ван гогг] No offline messages found
[2025-06-12 00:06:11] [bY73N1BM8QCmyrmXL2ppUBMWPMc=] [KRGZL] Checking offline messages for client
[2025-06-12 00:06:11] [bY73N1BM8QCmyrmXL2ppUBMWPMc=] [KRGZL] No offline messages found
[2025-06-12 00:06:14] [EGB+WVGsn8pfv6n3rdpnkmLpN6w=] [lordilaz] Checking offline messages for client
[2025-06-12 00:06:14] [EGB+WVGsn8pfv6n3rdpnkmLpN6w=] [lordilaz] No offline messages found
[2025-06-12 00:15:00] [cMdIIgdsRV92sZsg9pCVGXf5q3E=] [andru] Checking offline messages for client
[2025-06-12 00:15:00] [cMdIIgdsRV92sZsg9pCVGXf5q3E=] [andru] No offline messages found
[2025-06-12 00:18:16] [sVrSHwfOWFOloLPnjG6Ub+Fzgrg=] [Jaws] Checking offline messages for client
[2025-06-12 00:18:16] [sVrSHwfOWFOloLPnjG6Ub+Fzgrg=] [Jaws] No offline messages found
[2025-06-12 00:26:23] [+eY62p4z2Yc8MBABvp55HWZZJ18=] [saulov] Checking offline messages for client
[2025-06-12 00:26:23] [+eY62p4z2Yc8MBABvp55HWZZJ18=] [saulov] No offline messages found
[2025-06-12 00:26:25] [+eY62p4z2Yc8MBABvp55HWZZJ18=] [saulov] Checking offline messages for client
[2025-06-12 00:26:25] [+eY62p4z2Yc8MBABvp55HWZZJ18=] [saulov] No offline messages found
[2025-06-12 00:26:26] [+eY62p4z2Yc8MBABvp55HWZZJ18=] [saulov] Checking offline messages for client
[2025-06-12 00:26:26] [+eY62p4z2Yc8MBABvp55HWZZJ18=] [saulov] No offline messages found
[2025-06-12 00:26:46] [lPq8Y8B1JOHL6QoSGZDwJ6xzT7Q=] [vata] Checking offline messages for client
[2025-06-12 00:26:46] [lPq8Y8B1JOHL6QoSGZDwJ6xzT7Q=] [vata] No offline messages found
[2025-06-12 00:31:16] [DyaEd/1IlyAh8pSPfHiamWh2mb0=] [dalel] Checking offline messages for client
[2025-06-12 00:31:16] [DyaEd/1IlyAh8pSPfHiamWh2mb0=] [dalel] No offline messages found
[2025-06-12 00:39:11] [w6YqWRN3PvQxnMLA9fqVLTevJ/0=] [m1sspit4boa] Checking offline messages for client
[2025-06-12 00:39:11] [w6YqWRN3PvQxnMLA9fqVLTevJ/0=] [m1sspit4boa] No offline messages found
[2025-06-12 00:39:18] [oBW8vS9W7UZJzlKtSZe6sIHCfo0=] [Venta] Checking offline messages for client
[2025-06-12 00:39:18] [oBW8vS9W7UZJzlKtSZe6sIHCfo0=] [Venta] No offline messages found
[2025-06-12 00:39:36] [RyNfQ7JaWQA+9q5aAgeiuRaI5Fs=] [ivo] Checking offline messages for client
[2025-06-12 00:39:36] [RyNfQ7JaWQA+9q5aAgeiuRaI5Fs=] [ivo] No offline messages found
[2025-06-12 00:39:36] [RyNfQ7JaWQA+9q5aAgeiuRaI5Fs=] [ivo] Checking offline messages for client
[2025-06-12 00:39:36] [RyNfQ7JaWQA+9q5aAgeiuRaI5Fs=] [ivo] No offline messages found
[2025-06-12 00:39:36] [RyNfQ7JaWQA+9q5aAgeiuRaI5Fs=] [ivo] Checking offline messages for client
[2025-06-12 00:39:36] [RyNfQ7JaWQA+9q5aAgeiuRaI5Fs=] [ivo] No offline messages found
[2025-06-12 00:42:22] [PuhE2QovQSqHRSZ10kOsmzuOTwo=] [mocas] Checking offline messages for client
[2025-06-12 00:42:22] [PuhE2QovQSqHRSZ10kOsmzuOTwo=] [mocas] No offline messages found
[2025-06-12 00:49:41] [q2hG7xSLaZGDA2p0d4bTPVQwGrE=] [motadbicar] Checking offline messages for client
[2025-06-12 00:49:41] [q2hG7xSLaZGDA2p0d4bTPVQwGrE=] [motadbicar] No offline messages found
[2025-06-12 01:45:05] [WtWgpfS8UE18SW7yGXm3r1yoO/c=] [Kowismo] Checking offline messages for client
[2025-06-12 01:45:05] [WtWgpfS8UE18SW7yGXm3r1yoO/c=] [Kowismo] No offline messages found
[2025-06-12 01:57:27] [YCuyqqYSp0Cm44dWQicPHofWeig=] [grax] Checking offline messages for client
[2025-06-12 01:57:27] [YCuyqqYSp0Cm44dWQicPHofWeig=] [grax] No offline messages found
[2025-06-12 01:58:31] [UPm2K5eWypN5Q0B6AbZBaOnYMVU=] [R3ST] Checking offline messages for client
[2025-06-12 01:58:31] [UPm2K5eWypN5Q0B6AbZBaOnYMVU=] [R3ST] No offline messages found
[2025-06-12 02:00:01] [hKMOY2nSKSTx5pBCFH6vG+aRT+Y=] [D3V4MS1Z] Checking offline messages for client
[2025-06-12 02:00:01] [hKMOY2nSKSTx5pBCFH6vG+aRT+Y=] [D3V4MS1Z] No offline messages found
[2025-06-12 02:19:53] [Fh/YIgmqfcjWw1GQN53F8YMo7HE=] [TeamSpeakUser] Checking offline messages for client
[2025-06-12 02:19:53] [Fh/YIgmqfcjWw1GQN53F8YMo7HE=] [TeamSpeakUser] No offline messages found
[2025-06-12 02:20:20] [gvtl/qxMEcsrgPv6/JUpj6r1r/A=] [sssss] Checking offline messages for client
[2025-06-12 02:20:20] [gvtl/qxMEcsrgPv6/JUpj6r1r/A=] [sssss] No offline messages found
[2025-06-12 02:22:05] [fQ8ET9c/gDogOXZwSI5SeeWFE8M=] [xDimitryxEc] Checking offline messages for client
[2025-06-12 02:22:05] [fQ8ET9c/gDogOXZwSI5SeeWFE8M=] [xDimitryxEc] No offline messages found
[2025-06-12 02:28:34] [1D/VZokKQLBP7eOeCdZ48YdxN54=] [wasshi] Checking offline messages for client
[2025-06-12 02:28:34] [1D/VZokKQLBP7eOeCdZ48YdxN54=] [wasshi] No offline messages found
[2025-06-12 02:28:38] [5TbrZIDgJ3Q9TbA+znMPtlqMHRE=] [berksesxd13] Checking offline messages for client
[2025-06-12 02:28:38] [5TbrZIDgJ3Q9TbA+znMPtlqMHRE=] [berksesxd13] No offline messages found
[2025-06-12 02:45:15] [BqE6TuIfxrXjs9uKFUyjsQ2LoCM=] [Ameeeeeeeeer] Checking offline messages for client
[2025-06-12 02:45:15] [BqE6TuIfxrXjs9uKFUyjsQ2LoCM=] [Ameeeeeeeeer] No offline messages found
[2025-06-12 02:45:48] [bQ0ddiXfpRmxqk1EglP8K8A9YXw=] [silencer] Checking offline messages for client
[2025-06-12 02:45:48] [bQ0ddiXfpRmxqk1EglP8K8A9YXw=] [silencer] No offline messages found
[2025-06-12 02:54:50] [rShY/1ZC2w9lkwgM2GcewWZlxrw=] [LokyJR16] Checking offline messages for client
[2025-06-12 02:54:50] [rShY/1ZC2w9lkwgM2GcewWZlxrw=] [LokyJR16] No offline messages found
[2025-06-12 02:58:06] [FxSw11ur8z2xrzt0JKaHjq6qeK0=] [Quickscope] Checking offline messages for client
[2025-06-12 02:58:06] [FxSw11ur8z2xrzt0JKaHjq6qeK0=] [Quickscope] No offline messages found
[2025-06-12 03:01:19] [oVuQUZSLlSzSTGRMvqF17WJTB1c=] [TeamSpeakUser] Checking offline messages for client
[2025-06-12 03:01:19] [oVuQUZSLlSzSTGRMvqF17WJTB1c=] [TeamSpeakUser] No offline messages found
[2025-06-12 03:40:41] [JVYr5bKxL1SW+6/DCG+FQqC2Lyo=] [isekai] Checking offline messages for client
[2025-06-12 03:40:41] [JVYr5bKxL1SW+6/DCG+FQqC2Lyo=] [isekai] No offline messages found
[2025-06-12 03:43:42] [r0hFhpqNP7oIbEI/g8rfsfRTVS0=] [_Sanitol_] Checking offline messages for client
[2025-06-12 03:43:42] [r0hFhpqNP7oIbEI/g8rfsfRTVS0=] [_Sanitol_] No offline messages found
[2025-06-12 04:01:40] [towLfRNQcO45XOgzoAGrcrQCgK8=] [Kerollanos] Checking offline messages for client
[2025-06-12 04:01:40] [towLfRNQcO45XOgzoAGrcrQCgK8=] [Kerollanos] No offline messages found
[2025-06-12 04:07:52] [AdcKqrulbZVjMWa7uJsFB9cURzw=] [WeedLover] Checking offline messages for client
[2025-06-12 04:07:52] [AdcKqrulbZVjMWa7uJsFB9cURzw=] [WeedLover] No offline messages found
[2025-06-12 04:22:59] [UXM86ETEf75TbB0enB/bNnVgEBg=] [sajoool] Checking offline messages for client
[2025-06-12 04:22:59] [UXM86ETEf75TbB0enB/bNnVgEBg=] [sajoool] No offline messages found
[2025-06-12 04:46:05] [+8M3Y1oXtlXP7XGYSLyz+4BCQuk=] [Darkmghost] Checking offline messages for client
[2025-06-12 04:46:05] [+8M3Y1oXtlXP7XGYSLyz+4BCQuk=] [Darkmghost] No offline messages found
[2025-06-12 04:46:29] [bQ0ddiXfpRmxqk1EglP8K8A9YXw=] [silencer] Checking offline messages for client
[2025-06-12 04:46:29] [bQ0ddiXfpRmxqk1EglP8K8A9YXw=] [silencer] No offline messages found
[2025-06-12 05:13:46] [xFGoC/5qyTdCoAEQ2WadURiNdqI=] [ikhates] Checking offline messages for client
[2025-06-12 05:13:46] [xFGoC/5qyTdCoAEQ2WadURiNdqI=] [ikhates] No offline messages found
[2025-06-12 05:19:41] [3PUL5t5Jz0KW4hyrBCzi+BArN60=] [tenshin_non] Checking offline messages for client
[2025-06-12 05:19:41] [3PUL5t5Jz0KW4hyrBCzi+BArN60=] [tenshin_non] No offline messages found
[2025-06-12 05:20:12] [8TgE+sG8csij3I7QzNU85zi2ED8=] [ValHazak] Checking offline messages for client
[2025-06-12 05:20:12] [8TgE+sG8csij3I7QzNU85zi2ED8=] [ValHazak] No offline messages found
[2025-06-12 05:25:39] [8TgE+sG8csij3I7QzNU85zi2ED8=] [ValHazak] Checking offline messages for client
[2025-06-12 05:25:39] [8TgE+sG8csij3I7QzNU85zi2ED8=] [ValHazak] No offline messages found
[2025-06-12 05:26:33] [jWxbfxhLxs9dPa3t1WUnys7gnbk=] [Richard_TH] Checking offline messages for client
[2025-06-12 05:26:33] [jWxbfxhLxs9dPa3t1WUnys7gnbk=] [Richard_TH] No offline messages found
[2025-06-12 07:15:08] [sDGTmykW+tszI+sqWb5sOOLvtdM=] [f.donato] Checking offline messages for client
[2025-06-12 07:15:08] [sDGTmykW+tszI+sqWb5sOOLvtdM=] [f.donato] No offline messages found
[2025-06-12 07:28:59] [0TS7jt0APSegEgA9K9hIWfin7m0=] [dadaok] Checking offline messages for client
[2025-06-12 07:28:59] [0TS7jt0APSegEgA9K9hIWfin7m0=] [dadaok] No offline messages found
[2025-06-12 07:49:17] [ilO9JAl5glx+WikZA6SZqmic0Iw=] [kaiizenn] Checking offline messages for client
[2025-06-12 07:49:17] [ilO9JAl5glx+WikZA6SZqmic0Iw=] [kaiizenn] No offline messages found
[2025-06-12 08:07:59] [gITtVlfHYxsd3mvOfTblKNtJBDU=] [4iff] Checking offline messages for client
[2025-06-12 08:07:59] [gITtVlfHYxsd3mvOfTblKNtJBDU=] [4iff] No offline messages found
[2025-06-12 08:59:54] [Z3u6MFUpoIru9mBiyuVHkdFei5M=] [tiemka_] Checking offline messages for client
[2025-06-12 08:59:54] [Z3u6MFUpoIru9mBiyuVHkdFei5M=] [tiemka_] No offline messages found
[2025-06-12 09:04:41] [WtWgpfS8UE18SW7yGXm3r1yoO/c=] [Kowismo] Checking offline messages for client
[2025-06-12 09:04:41] [WtWgpfS8UE18SW7yGXm3r1yoO/c=] [Kowismo] No offline messages found
[2025-06-12 09:28:02] [RqO0/Dx4SNHKXVIHbKEBsXbdjV4=] [bo0ogeymana] Checking offline messages for client
[2025-06-12 09:28:02] [RqO0/Dx4SNHKXVIHbKEBsXbdjV4=] [bo0ogeymana] No offline messages found
[2025-06-12 09:49:46] [py0maomTN6XODIKKI19U7SZCOe4=] [LAZERR] Checking offline messages for client
[2025-06-12 09:49:46] [py0maomTN6XODIKKI19U7SZCOe4=] [LAZERR] No offline messages found
[2025-06-12 09:51:50] [ow+Zi/O4SnJIvwHosoZ7zIvOOK8=] [shinigami] Checking offline messages for client
[2025-06-12 09:51:50] [ow+Zi/O4SnJIvwHosoZ7zIvOOK8=] [shinigami] No offline messages found
[2025-06-12 09:52:35] [wj7Eq5yBZ8911NIW21osJR33g5s=] [LAZZZZER] Checking offline messages for client
[2025-06-12 09:52:35] [wj7Eq5yBZ8911NIW21osJR33g5s=] [LAZZZZER] No offline messages found
[2025-06-12 10:10:11] [N3i0JuxOQc+NzDJpdz3cD/gAtqQ=] [yondera] Checking offline messages for client
[2025-06-12 10:10:11] [N3i0JuxOQc+NzDJpdz3cD/gAtqQ=] [yondera] No offline messages found
[2025-06-12 10:20:07] [6SrtG4VVHsx9hBu39SyTJEvD7Tc=] [Князь Вандал Новгородский] Checking offline messages for client
[2025-06-12 10:20:07] [6SrtG4VVHsx9hBu39SyTJEvD7Tc=] [Князь Вандал Новгородский] No offline messages found
[2025-06-12 10:33:35] [aEmjlKBkg2d9gRUFp/PPg/JRL1M=] [hui] Checking offline messages for client
[2025-06-12 10:33:35] [aEmjlKBkg2d9gRUFp/PPg/JRL1M=] [hui] No offline messages found
[2025-06-12 10:45:54] [A1xfpFQsaf2c9EH0PcH4vxsTE1o=] [GENERAL MOTORS] Checking offline messages for client
[2025-06-12 10:45:54] [A1xfpFQsaf2c9EH0PcH4vxsTE1o=] [GENERAL MOTORS] No offline messages found
[2025-06-12 10:48:28] [uVIyLE46ey0eBhM+Z9Az+wuDd2U=] [LisssTzz] Checking offline messages for client
[2025-06-12 10:48:28] [uVIyLE46ey0eBhM+Z9Az+wuDd2U=] [LisssTzz] No offline messages found
[2025-06-12 10:49:42] [KJ4zqn9pukLO1ChROBmAPzo3JKk=] [Shutn1k] Checking offline messages for client
[2025-06-12 10:49:42] [KJ4zqn9pukLO1ChROBmAPzo3JKk=] [Shutn1k] No offline messages found
[2025-06-12 10:52:41] [fiWNBIZG2ioqbK7dtheFRsenFVI=] [AlexQc] Checking offline messages for client
[2025-06-12 10:52:41] [fiWNBIZG2ioqbK7dtheFRsenFVI=] [AlexQc] No offline messages found
[2025-06-12 10:55:12] [Z3u6MFUpoIru9mBiyuVHkdFei5M=] [tiemka_] Checking offline messages for client
[2025-06-12 10:55:12] [Z3u6MFUpoIru9mBiyuVHkdFei5M=] [tiemka_] No offline messages found
[2025-06-12 11:03:09] [Z3u6MFUpoIru9mBiyuVHkdFei5M=] [tiemka_] Checking offline messages for client
[2025-06-12 11:03:09] [Z3u6MFUpoIru9mBiyuVHkdFei5M=] [tiemka_] No offline messages found
[2025-06-12 11:05:37] [RBwh+hLI7qM/5sBbq4UPaExpE30=] [Druid Сrow 🦅] Checking offline messages for client
[2025-06-12 11:05:37] [RBwh+hLI7qM/5sBbq4UPaExpE30=] [Druid Сrow 🦅] No offline messages found
[2025-06-12 11:08:34] [AKpjILgA7fb120p7rMX2qJsj2yc=] [TeamSpeakUser] Checking offline messages for client
[2025-06-12 11:08:34] [AKpjILgA7fb120p7rMX2qJsj2yc=] [TeamSpeakUser] No offline messages found
[2025-06-12 11:08:39] [ZMXxRi+ycXvNNWfp0qxgjJSW298=] [ОКУНЬ] Checking offline messages for client
[2025-06-12 11:08:39] [ZMXxRi+ycXvNNWfp0qxgjJSW298=] [ОКУНЬ] No offline messages found
[2025-06-12 11:09:05] [ZMXxRi+ycXvNNWfp0qxgjJSW298=] [ОКУНЬ] Checking offline messages for client
[2025-06-12 11:09:05] [ZMXxRi+ycXvNNWfp0qxgjJSW298=] [ОКУНЬ] No offline messages found
[2025-06-12 11:09:56] [ZMXxRi+ycXvNNWfp0qxgjJSW298=] [ОКУНЬ] Checking offline messages for client
[2025-06-12 11:09:56] [ZMXxRi+ycXvNNWfp0qxgjJSW298=] [ОКУНЬ] No offline messages found
[2025-06-12 11:10:59] [ZMXxRi+ycXvNNWfp0qxgjJSW298=] [ОКУНЬ] Checking offline messages for client
[2025-06-12 11:10:59] [ZMXxRi+ycXvNNWfp0qxgjJSW298=] [ОКУНЬ] No offline messages found
[2025-06-12 11:12:26] [qQE/h4Dj4T5WaAMgAFtXauAusk8=] [fam0us] Checking offline messages for client
[2025-06-12 11:12:26] [qQE/h4Dj4T5WaAMgAFtXauAusk8=] [fam0us] No offline messages found
[2025-06-12 11:22:48] [SJWLa9LelIOTwfc/cNyEIpMstZk=] [makpyn] Checking offline messages for client
[2025-06-12 11:22:48] [SJWLa9LelIOTwfc/cNyEIpMstZk=] [makpyn] No offline messages found
[2025-06-12 11:31:31] [IF9FpR3gAmSxQsnDcZCQBde7iWY=] [pipisin] Checking offline messages for client
[2025-06-12 11:31:31] [IF9FpR3gAmSxQsnDcZCQBde7iWY=] [pipisin] No offline messages found
[2025-06-12 11:39:42] [igLR0Qw88l2utvuPuQTy5TXjVdA=] [AlvaRoniX$] Checking offline messages for client
[2025-06-12 11:39:42] [igLR0Qw88l2utvuPuQTy5TXjVdA=] [AlvaRoniX$] No offline messages found
[2025-06-12 11:40:50] [Chs2gds0q5c5sHk5GQqGy9JmwQg=] [teaman11] Checking offline messages for client
[2025-06-12 11:40:50] [Chs2gds0q5c5sHk5GQqGy9JmwQg=] [teaman11] No offline messages found
[2025-06-12 11:43:39] [ZMXxRi+ycXvNNWfp0qxgjJSW298=] [ОКУНЬ] Checking offline messages for client
[2025-06-12 11:43:39] [ZMXxRi+ycXvNNWfp0qxgjJSW298=] [ОКУНЬ] No offline messages found
[2025-06-12 11:45:19] [ZMXxRi+ycXvNNWfp0qxgjJSW298=] [ОКУНЬ] Checking offline messages for client
[2025-06-12 11:45:19] [ZMXxRi+ycXvNNWfp0qxgjJSW298=] [ОКУНЬ] No offline messages found
[2025-06-12 11:48:42] [WtWgpfS8UE18SW7yGXm3r1yoO/c=] [Kowismo] Checking offline messages for client
[2025-06-12 11:48:42] [WtWgpfS8UE18SW7yGXm3r1yoO/c=] [Kowismo] No offline messages found
[2025-06-12 11:51:44] [yNFUjD+LJEqojKPPlPGtCAVEYRU=] [Боцман777] Checking offline messages for client
[2025-06-12 11:51:44] [yNFUjD+LJEqojKPPlPGtCAVEYRU=] [Боцман777] No offline messages found
[2025-06-12 11:53:32] [HA8AwjGjfttaVD2BbXsV3SrC+rA=] [Axtic] Checking offline messages for client
[2025-06-12 11:53:32] [HA8AwjGjfttaVD2BbXsV3SrC+rA=] [Axtic] No offline messages found
[2025-06-12 11:54:09] [IxLfRgYyAB6UTmoipOFoWqXSlHg=] [GORDAO] Checking offline messages for client
[2025-06-12 11:54:09] [IxLfRgYyAB6UTmoipOFoWqXSlHg=] [GORDAO] No offline messages found
[2025-06-12 11:55:30] [4wKEBdKVDe5xKi1CKE2NGoicBcM=] [TeamSpeakUser] Checking offline messages for client
[2025-06-12 11:55:30] [4wKEBdKVDe5xKi1CKE2NGoicBcM=] [TeamSpeakUser] No offline messages found
[2025-06-12 11:59:02] [yBICHbhgjt9SlHyQu3BZbOYMUQU=] [H0R0Z] Checking offline messages for client
[2025-06-12 11:59:02] [yBICHbhgjt9SlHyQu3BZbOYMUQU=] [H0R0Z] No offline messages found
[2025-06-12 12:02:48] [+kwhCPDVEacBLrd4I5lqn9JcRSA=] [danbruik] Checking offline messages for client
[2025-06-12 12:02:48] [+kwhCPDVEacBLrd4I5lqn9JcRSA=] [danbruik] No offline messages found
[2025-06-12 12:02:48] [+kwhCPDVEacBLrd4I5lqn9JcRSA=] [danbruik] Checking offline messages for client
[2025-06-12 12:02:48] [+kwhCPDVEacBLrd4I5lqn9JcRSA=] [danbruik] No offline messages found
[2025-06-12 12:02:49] [+kwhCPDVEacBLrd4I5lqn9JcRSA=] [danbruik] Checking offline messages for client
[2025-06-12 12:02:49] [+kwhCPDVEacBLrd4I5lqn9JcRSA=] [danbruik] No offline messages found
[2025-06-12 12:08:09] [IF9FpR3gAmSxQsnDcZCQBde7iWY=] [pipisin] Checking offline messages for client
[2025-06-12 12:08:09] [IF9FpR3gAmSxQsnDcZCQBde7iWY=] [pipisin] No offline messages found
[2025-06-12 12:13:26] [bRevbiJW/A9S0s2cg5fC1JTRSHo=] [poka] Checking offline messages for client
[2025-06-12 12:13:26] [bRevbiJW/A9S0s2cg5fC1JTRSHo=] [poka] No offline messages found
[2025-06-12 12:20:41] [5lVyVx5BSqJWrEcKd5UNmlKvluE=] [Neil0001k] Checking offline messages for client
[2025-06-12 12:20:41] [5lVyVx5BSqJWrEcKd5UNmlKvluE=] [Neil0001k] No offline messages found
[2025-06-12 12:22:01] [g0KfUUxJaw2pKqfr/IZiIbBSkE8=] [pa_sha00] Checking offline messages for client
[2025-06-12 12:22:01] [g0KfUUxJaw2pKqfr/IZiIbBSkE8=] [pa_sha00] No offline messages found
[2025-06-12 12:24:34] [BwlvWTk4X2R/AjiK56jphGEzeDU=] [TeamSpeakUser] Checking offline messages for client
[2025-06-12 12:24:34] [BwlvWTk4X2R/AjiK56jphGEzeDU=] [TeamSpeakUser] No offline messages found
[2025-06-12 12:26:13] [nz/3yfPhEw/HgzikSDgPRJICVcE=] [Bloker] Checking offline messages for client
[2025-06-12 12:26:13] [nz/3yfPhEw/HgzikSDgPRJICVcE=] [Bloker] No offline messages found
[2025-06-12 12:26:37] [6tkIpkyqeLVC7JOUj0tubaPsYKM=] [Ribella] Checking offline messages for client
[2025-06-12 12:26:37] [6tkIpkyqeLVC7JOUj0tubaPsYKM=] [Ribella] No offline messages found
[2025-06-12 12:26:45] [qMpXP+GV7y9R8c7mzrU8qJvHybo=] [Vicinnnt] Checking offline messages for client
[2025-06-12 12:26:45] [qMpXP+GV7y9R8c7mzrU8qJvHybo=] [Vicinnnt] No offline messages found
[2025-06-12 12:27:44] [bZvg3YpLPPLqxb2ddFUZeJYpkN8=] [Rowyn] Checking offline messages for client
[2025-06-12 12:27:44] [bZvg3YpLPPLqxb2ddFUZeJYpkN8=] [Rowyn] No offline messages found
[2025-06-12 12:29:22] [u6sz0FW9wb6y99NCqIM/IqvNOmM=] [chorrito666] Checking offline messages for client
[2025-06-12 12:29:22] [u6sz0FW9wb6y99NCqIM/IqvNOmM=] [chorrito666] No offline messages found
[2025-06-12 12:30:18] [yein7323AV1i6sSsJfYmEkrWm54=] [TeamSpeakUser1] Checking offline messages for client
[2025-06-12 12:30:18] [yein7323AV1i6sSsJfYmEkrWm54=] [TeamSpeakUser1] No offline messages found
[2025-06-12 12:31:31] [nz/3yfPhEw/HgzikSDgPRJICVcE=] [Bloker] Checking offline messages for client
[2025-06-12 12:31:31] [nz/3yfPhEw/HgzikSDgPRJICVcE=] [Bloker] No offline messages found
[2025-06-12 12:37:34] [2BHlYOpPRmbKMFXDaHI0aeEjd2c=] [F1(Виктор)] Checking offline messages for client
[2025-06-12 12:37:34] [2BHlYOpPRmbKMFXDaHI0aeEjd2c=] [F1(Виктор)] No offline messages found
[2025-06-12 12:38:01] [2BHlYOpPRmbKMFXDaHI0aeEjd2c=] [F1(Виктор)] Checking offline messages for client
[2025-06-12 12:38:01] [2BHlYOpPRmbKMFXDaHI0aeEjd2c=] [F1(Виктор)] No offline messages found
[2025-06-12 12:51:12] [1Dtej/SCWUytu0Ya/kKiGvrO54s=] [Snowning] Checking offline messages for client
[2025-06-12 12:51:12] [1Dtej/SCWUytu0Ya/kKiGvrO54s=] [Snowning] No offline messages found
[2025-06-12 12:54:57] [IdIi7kB17WXopOMKuVQFyzM8Fhs=] [ali] Checking offline messages for client
[2025-06-12 12:54:57] [IdIi7kB17WXopOMKuVQFyzM8Fhs=] [ali] No offline messages found
[2025-06-12 12:55:06] [IdIi7kB17WXopOMKuVQFyzM8Fhs=] [ali] Checking offline messages for client
[2025-06-12 12:55:06] [IdIi7kB17WXopOMKuVQFyzM8Fhs=] [ali] No offline messages found
[2025-06-12 12:55:50] [/RRMs3gG8kLgnFQRIgh0MVnRUJI=] [sadadadasd] Checking offline messages for client
[2025-06-12 12:55:50] [/RRMs3gG8kLgnFQRIgh0MVnRUJI=] [sadadadasd] No offline messages found
[2025-06-12 12:59:50] [/RRMs3gG8kLgnFQRIgh0MVnRUJI=] [sadadadasd] Checking offline messages for client
[2025-06-12 12:59:50] [/RRMs3gG8kLgnFQRIgh0MVnRUJI=] [sadadadasd] No offline messages found
[2025-06-12 13:02:10] [dM/s7jpKznr9F3REQ7L7L+fU+3w=] [opex3724] Checking offline messages for client
[2025-06-12 13:02:10] [dM/s7jpKznr9F3REQ7L7L+fU+3w=] [opex3724] No offline messages found
[2025-06-12 13:04:12] [IdIi7kB17WXopOMKuVQFyzM8Fhs=] [Kapi] Checking offline messages for client
[2025-06-12 13:04:12] [IdIi7kB17WXopOMKuVQFyzM8Fhs=] [Kapi] No offline messages found
[2025-06-12 13:05:45] [IdIi7kB17WXopOMKuVQFyzM8Fhs=] [Kapi] Checking offline messages for client
[2025-06-12 13:05:45] [IdIi7kB17WXopOMKuVQFyzM8Fhs=] [Kapi] No offline messages found
[2025-06-12 13:11:45] [gNgquL33hfqlN48lfDMMI0DTbLU=] [Redriksss] Checking offline messages for client
[2025-06-12 13:11:45] [gNgquL33hfqlN48lfDMMI0DTbLU=] [Redriksss] No offline messages found
[2025-06-12 13:20:44] [oBW8vS9W7UZJzlKtSZe6sIHCfo0=] [Venta] Checking offline messages for client
[2025-06-12 13:20:44] [oBW8vS9W7UZJzlKtSZe6sIHCfo0=] [Venta] No offline messages found
[2025-06-12 13:20:49] [mTbPypkwuA/2B5Zl6CXWViczHPo=] [kızlıkbozan33] Checking offline messages for client
[2025-06-12 13:20:49] [mTbPypkwuA/2B5Zl6CXWViczHPo=] [kızlıkbozan33] No offline messages found
[2025-06-12 13:25:53] [j4VaV46XhkmzcjbVPFuyIU0vCLs=] [nox] Checking offline messages for client
[2025-06-12 13:25:53] [j4VaV46XhkmzcjbVPFuyIU0vCLs=] [nox] No offline messages found
[2025-06-12 13:27:33] [HA8AwjGjfttaVD2BbXsV3SrC+rA=] [Axtic] Checking offline messages for client
[2025-06-12 13:27:33] [HA8AwjGjfttaVD2BbXsV3SrC+rA=] [Axtic] No offline messages found
[2025-06-12 13:38:13] [RYUvozu9YD3MDRA32U+iT0lGsNE=] [Ace] Checking offline messages for client
[2025-06-12 13:38:13] [RYUvozu9YD3MDRA32U+iT0lGsNE=] [Ace] No offline messages found
[2025-06-12 13:38:42] [I/HmcArkL8ffqkvOp0+GrLIY0Ik=] [Harry] Checking offline messages for client
[2025-06-12 13:38:42] [I/HmcArkL8ffqkvOp0+GrLIY0Ik=] [Harry] No offline messages found
[2025-06-12 13:39:58] [b7yeVGj+sfUQrqVGU5rlFHIogvU=] [saleh_4] Checking offline messages for client
[2025-06-12 13:39:58] [b7yeVGj+sfUQrqVGU5rlFHIogvU=] [saleh_4] No offline messages found
[2025-06-12 13:40:12] [I/HmcArkL8ffqkvOp0+GrLIY0Ik=] [Harry] Checking offline messages for client
[2025-06-12 13:40:12] [I/HmcArkL8ffqkvOp0+GrLIY0Ik=] [Harry] No offline messages found
[2025-06-12 13:41:29] [RiCWeDQFOftnEgN1BBHprH1WWy0=] [kaito] Checking offline messages for client
[2025-06-12 13:41:29] [RiCWeDQFOftnEgN1BBHprH1WWy0=] [kaito] No offline messages found
[2025-06-12 13:50:23] [RiCWeDQFOftnEgN1BBHprH1WWy0=] [kaito] Checking offline messages for client
[2025-06-12 13:50:23] [RiCWeDQFOftnEgN1BBHprH1WWy0=] [kaito] No offline messages found
[2025-06-12 13:52:24] [rJktjMb/Ocsy1SH9iGlPM2seUxk=] [1ongxu] Checking offline messages for client
[2025-06-12 13:52:24] [rJktjMb/Ocsy1SH9iGlPM2seUxk=] [1ongxu] No offline messages found
[2025-06-12 13:55:52] [X4hKVi7sfvTfJB9YQgAYwR9ZE3I=] [Mnwh] Checking offline messages for client
[2025-06-12 13:55:52] [X4hKVi7sfvTfJB9YQgAYwR9ZE3I=] [Mnwh] No offline messages found
[2025-06-12 13:56:06] [K4NR58gtSYij+BLM0STn2WKjS9U=] [Skylord] Checking offline messages for client
[2025-06-12 13:56:06] [K4NR58gtSYij+BLM0STn2WKjS9U=] [Skylord] No offline messages found
[2025-06-12 13:59:39] [U7n5f9f5UuEO8R3R6uqCVlhuqkM=] [TeamSpeakUser] Checking offline messages for client
[2025-06-12 13:59:39] [U7n5f9f5UuEO8R3R6uqCVlhuqkM=] [TeamSpeakUser] No offline messages found
[2025-06-12 14:02:37] [WtWgpfS8UE18SW7yGXm3r1yoO/c=] [Kowismo] Checking offline messages for client
[2025-06-12 14:02:37] [WtWgpfS8UE18SW7yGXm3r1yoO/c=] [Kowismo] No offline messages found
[2025-06-12 14:03:23] [U7n5f9f5UuEO8R3R6uqCVlhuqkM=] [Hisoka] Checking offline messages for client
[2025-06-12 14:03:23] [U7n5f9f5UuEO8R3R6uqCVlhuqkM=] [Hisoka] No offline messages found
[2025-06-12 14:09:24] [ow+Zi/O4SnJIvwHosoZ7zIvOOK8=] [shinigami] Checking offline messages for client
[2025-06-12 14:09:24] [ow+Zi/O4SnJIvwHosoZ7zIvOOK8=] [shinigami] No offline messages found
[2025-06-12 14:22:21] [39Hn80GzU936S3hLOAjj8iP5kpg=] [Shawaj] Checking offline messages for client
[2025-06-12 14:22:21] [39Hn80GzU936S3hLOAjj8iP5kpg=] [Shawaj] No offline messages found
[2025-06-12 14:29:24] [EabEuFfJWoidlJHowxz83DhK5uk=] [Rich Lich] Checking offline messages for client
[2025-06-12 14:29:24] [EabEuFfJWoidlJHowxz83DhK5uk=] [Rich Lich] No offline messages found
[2025-06-12 14:41:37] [39Hn80GzU936S3hLOAjj8iP5kpg=] [Shawaj] Checking offline messages for client
[2025-06-12 14:41:37] [39Hn80GzU936S3hLOAjj8iP5kpg=] [Shawaj] No offline messages found
[2025-06-12 14:44:39] [syGc3yR+8xBjPN6kLg2zE+r+Bwg=] [Gosh] Checking offline messages for client
[2025-06-12 14:44:39] [syGc3yR+8xBjPN6kLg2zE+r+Bwg=] [Gosh] No offline messages found
[2025-06-12 14:46:29] [39Hn80GzU936S3hLOAjj8iP5kpg=] [Shawaj] Checking offline messages for client
[2025-06-12 14:46:29] [39Hn80GzU936S3hLOAjj8iP5kpg=] [Shawaj] No offline messages found
[2025-06-12 14:47:11] [TVYDqloG40AolgKZE51r8Arz5Ig=] [TeamSpeakUser] Checking offline messages for client
[2025-06-12 14:47:11] [TVYDqloG40AolgKZE51r8Arz5Ig=] [TeamSpeakUser] No offline messages found
[2025-06-12 14:48:09] [bQ0ddiXfpRmxqk1EglP8K8A9YXw=] [silencer] Checking offline messages for client
[2025-06-12 14:48:09] [bQ0ddiXfpRmxqk1EglP8K8A9YXw=] [silencer] No offline messages found
[2025-06-12 14:49:47] [s5SoU0O6Mp2lEkoeWlMc2247gBk=] [don] Checking offline messages for client
[2025-06-12 14:49:47] [s5SoU0O6Mp2lEkoeWlMc2247gBk=] [don] No offline messages found
[2025-06-12 14:51:45] [39Hn80GzU936S3hLOAjj8iP5kpg=] [Shawaj] Checking offline messages for client
[2025-06-12 14:51:45] [39Hn80GzU936S3hLOAjj8iP5kpg=] [Shawaj] No offline messages found
[2025-06-12 14:55:22] [oygS43aAiKRMTVBqmqelO2GuZoE=] [volya] Checking offline messages for client
[2025-06-12 14:55:22] [oygS43aAiKRMTVBqmqelO2GuZoE=] [volya] No offline messages found
[2025-06-12 14:57:22] [+8M3Y1oXtlXP7XGYSLyz+4BCQuk=] [Darkmghost] Checking offline messages for client
[2025-06-12 14:57:22] [+8M3Y1oXtlXP7XGYSLyz+4BCQuk=] [Darkmghost] No offline messages found
[2025-06-12 15:01:47] [SJWLa9LelIOTwfc/cNyEIpMstZk=] [makpyn] Checking offline messages for client
[2025-06-12 15:01:47] [SJWLa9LelIOTwfc/cNyEIpMstZk=] [makpyn] No offline messages found
[2025-06-12 15:01:58] [UXM86ETEf75TbB0enB/bNnVgEBg=] [sajoool] Checking offline messages for client
[2025-06-12 15:01:58] [UXM86ETEf75TbB0enB/bNnVgEBg=] [sajoool] No offline messages found
[2025-06-12 15:01:59] [UXM86ETEf75TbB0enB/bNnVgEBg=] [sajoool] Checking offline messages for client
[2025-06-12 15:01:59] [UXM86ETEf75TbB0enB/bNnVgEBg=] [sajoool] No offline messages found
[2025-06-12 15:01:59] [UXM86ETEf75TbB0enB/bNnVgEBg=] [sajoool] Checking offline messages for client
[2025-06-12 15:01:59] [UXM86ETEf75TbB0enB/bNnVgEBg=] [sajoool] No offline messages found
[2025-06-12 15:01:59] [UXM86ETEf75TbB0enB/bNnVgEBg=] [sajoool] Checking offline messages for client
[2025-06-12 15:01:59] [UXM86ETEf75TbB0enB/bNnVgEBg=] [sajoool] No offline messages found
[2025-06-12 15:01:59] [UXM86ETEf75TbB0enB/bNnVgEBg=] [sajoool] Checking offline messages for client
[2025-06-12 15:01:59] [UXM86ETEf75TbB0enB/bNnVgEBg=] [sajoool] No offline messages found
[2025-06-12 15:02:23] [avYI7vL0XXD3nIsf8cMXtgdn+/s=] [NowY] Checking offline messages for client
[2025-06-12 15:02:23] [avYI7vL0XXD3nIsf8cMXtgdn+/s=] [NowY] No offline messages found
[2025-06-12 15:02:46] [f12EdjHswKyOEFDyewEipDgzQi0=] [BIG FIUT] Checking offline messages for client
[2025-06-12 15:02:46] [f12EdjHswKyOEFDyewEipDgzQi0=] [BIG FIUT] No offline messages found
[2025-06-12 15:07:57] [CAXLSUAM56Ig7tLYqBzO8Lrc+lY=] [zulul] Checking offline messages for client
[2025-06-12 15:07:57] [CAXLSUAM56Ig7tLYqBzO8Lrc+lY=] [zulul] No offline messages found
[2025-06-12 15:12:33] [q2hG7xSLaZGDA2p0d4bTPVQwGrE=] [motadbicar] Checking offline messages for client
[2025-06-12 15:12:33] [q2hG7xSLaZGDA2p0d4bTPVQwGrE=] [motadbicar] No offline messages found
[2025-06-12 15:14:06] [SJWLa9LelIOTwfc/cNyEIpMstZk=] [makpyn] Checking offline messages for client
[2025-06-12 15:14:06] [SJWLa9LelIOTwfc/cNyEIpMstZk=] [makpyn] No offline messages found
[2025-06-12 15:14:06] [SJWLa9LelIOTwfc/cNyEIpMstZk=] [makpyn] Checking offline messages for client
[2025-06-12 15:14:06] [SJWLa9LelIOTwfc/cNyEIpMstZk=] [makpyn] No offline messages found
[2025-06-12 15:14:06] [SJWLa9LelIOTwfc/cNyEIpMstZk=] [makpyn] Checking offline messages for client
[2025-06-12 15:14:06] [SJWLa9LelIOTwfc/cNyEIpMstZk=] [makpyn] No offline messages found
[2025-06-12 15:17:42] [3PUL5t5Jz0KW4hyrBCzi+BArN60=] [tenshin_non] Checking offline messages for client
[2025-06-12 15:17:42] [3PUL5t5Jz0KW4hyrBCzi+BArN60=] [tenshin_non] No offline messages found
[2025-06-12 15:18:12] [jWxbfxhLxs9dPa3t1WUnys7gnbk=] [Richard_TH] Checking offline messages for client
[2025-06-12 15:18:12] [jWxbfxhLxs9dPa3t1WUnys7gnbk=] [Richard_TH] No offline messages found
[2025-06-12 15:21:23] [WBs9EuR9sJkxgnopd34/B46BslQ=] [TeamSpeakUser1] Checking offline messages for client
[2025-06-12 15:21:23] [WBs9EuR9sJkxgnopd34/B46BslQ=] [TeamSpeakUser1] No offline messages found
[2025-06-12 15:21:55] [RyNfQ7JaWQA+9q5aAgeiuRaI5Fs=] [ivo] Checking offline messages for client
[2025-06-12 15:21:55] [RyNfQ7JaWQA+9q5aAgeiuRaI5Fs=] [ivo] No offline messages found
[2025-06-12 15:29:45] [oBW8vS9W7UZJzlKtSZe6sIHCfo0=] [Venta] Checking offline messages for client
[2025-06-12 15:29:45] [oBW8vS9W7UZJzlKtSZe6sIHCfo0=] [Venta] No offline messages found
[2025-06-12 15:29:58] [w6YqWRN3PvQxnMLA9fqVLTevJ/0=] [m1sspit4boa] Checking offline messages for client
[2025-06-12 15:29:58] [w6YqWRN3PvQxnMLA9fqVLTevJ/0=] [m1sspit4boa] No offline messages found
[2025-06-12 15:34:39] [IdIi7kB17WXopOMKuVQFyzM8Fhs=] [Kapi] Checking offline messages for client
[2025-06-12 15:34:39] [IdIi7kB17WXopOMKuVQFyzM8Fhs=] [Kapi] No offline messages found
[2025-06-12 15:35:27] [yH7+WUTO9a0edxQG10YKRSCiFog=] [Angry] Checking offline messages for client
[2025-06-12 15:35:27] [yH7+WUTO9a0edxQG10YKRSCiFog=] [Angry] No offline messages found
[2025-06-12 15:42:13] [t7knCuNn/MK7/7e0w0cHL3uEFk8=] [TeamSpeakUser1] Checking offline messages for client
[2025-06-12 15:42:13] [t7knCuNn/MK7/7e0w0cHL3uEFk8=] [TeamSpeakUser1] No offline messages found
[2025-06-12 15:46:02] [3PUL5t5Jz0KW4hyrBCzi+BArN60=] [tenshin_non] Checking offline messages for client
[2025-06-12 15:46:02] [3PUL5t5Jz0KW4hyrBCzi+BArN60=] [tenshin_non] No offline messages found
[2025-06-12 15:54:05] [zS+eCp8qVEYfHZM+KebarMr2uKA=] [SysmoUsercid=140] Checking offline messages for client
[2025-06-12 15:54:05] [zS+eCp8qVEYfHZM+KebarMr2uKA=] [SysmoUsercid=140] No offline messages found
[2025-06-12 16:02:12] [X71QMoXtWibAnvGaNllGYSazqHU=] [Mamooooooo] Checking offline messages for client
[2025-06-12 16:02:12] [X71QMoXtWibAnvGaNllGYSazqHU=] [Mamooooooo] No offline messages found
[2025-06-12 16:22:36] [GvKQC+0wB2vJXrx64sJ8sS41K2w=] [Pol'zovatel'] Checking offline messages for client
[2025-06-12 16:22:36] [GvKQC+0wB2vJXrx64sJ8sS41K2w=] [Pol'zovatel'] No offline messages found
[2025-06-12 16:25:45] [RBwh+hLI7qM/5sBbq4UPaExpE30=] [Druid Сrow 🦅] Checking offline messages for client
[2025-06-12 16:25:45] [RBwh+hLI7qM/5sBbq4UPaExpE30=] [Druid Сrow 🦅] No offline messages found
[2025-06-12 16:32:38] [2agmpyRklBKqWxdUHvV4ZtWgSmg=] [Ejpíček] Checking offline messages for client
[2025-06-12 16:32:38] [2agmpyRklBKqWxdUHvV4ZtWgSmg=] [Ejpíček] No offline messages found
[2025-06-12 16:34:12] [g95LkcovmlDSBBJIdmdv0zN6QBs=] [baysikimdeğil] Checking offline messages for client
[2025-06-12 16:34:12] [g95LkcovmlDSBBJIdmdv0zN6QBs=] [baysikimdeğil] No offline messages found
[2025-06-12 16:35:03] [X71QMoXtWibAnvGaNllGYSazqHU=] [Mamooooooo] Checking offline messages for client
[2025-06-12 16:35:03] [X71QMoXtWibAnvGaNllGYSazqHU=] [Mamooooooo] No offline messages found
[2025-06-12 16:35:29] [X71QMoXtWibAnvGaNllGYSazqHU=] [Mamooooooo] Checking offline messages for client
[2025-06-12 16:35:29] [X71QMoXtWibAnvGaNllGYSazqHU=] [Mamooooooo] No offline messages found
[2025-06-12 16:35:49] [aqRlkoUE8zG63T+5WGMlsB/W37w=] [BartınlıBalık] Checking offline messages for client
[2025-06-12 16:35:49] [aqRlkoUE8zG63T+5WGMlsB/W37w=] [BartınlıBalık] No offline messages found
[2025-06-12 16:36:03] [UINiUnQ/eAgNIPOPr4tSfW+qXvo=] [Потужний Фід] Checking offline messages for client
[2025-06-12 16:36:03] [UINiUnQ/eAgNIPOPr4tSfW+qXvo=] [Потужний Фід] No offline messages found
[2025-06-12 16:36:15] [X71QMoXtWibAnvGaNllGYSazqHU=] [Mamooooooo] Checking offline messages for client
[2025-06-12 16:36:15] [X71QMoXtWibAnvGaNllGYSazqHU=] [Mamooooooo] No offline messages found
[2025-06-12 16:36:41] [PNW9Nb3K6sb3UHH3g4dBTmFs2vs=] [novii] Checking offline messages for client
[2025-06-12 16:36:41] [PNW9Nb3K6sb3UHH3g4dBTmFs2vs=] [novii] No offline messages found
[2025-06-12 16:38:35] [X71QMoXtWibAnvGaNllGYSazqHU=] [Mamooooooo] Checking offline messages for client
[2025-06-12 16:38:35] [X71QMoXtWibAnvGaNllGYSazqHU=] [Mamooooooo] No offline messages found
[2025-06-12 16:40:08] [X71QMoXtWibAnvGaNllGYSazqHU=] [Mamooooooo] Checking offline messages for client
[2025-06-12 16:40:08] [X71QMoXtWibAnvGaNllGYSazqHU=] [Mamooooooo] No offline messages found
[2025-06-12 16:41:22] [Chs2gds0q5c5sHk5GQqGy9JmwQg=] [teaman11] Checking offline messages for client
[2025-06-12 16:41:22] [Chs2gds0q5c5sHk5GQqGy9JmwQg=] [teaman11] No offline messages found
[2025-06-12 16:46:04] [irFCozqZmx4mk2S9bzd1ExaQZxQ=] [Jahodový Knedl] Checking offline messages for client
[2025-06-12 16:46:04] [irFCozqZmx4mk2S9bzd1ExaQZxQ=] [Jahodový Knedl] No offline messages found
[2025-06-12 16:49:55] [HH9pMWXk+qbWzAZZBN5MjixTURo=] [éclatax] Checking offline messages for client
[2025-06-12 16:49:55] [HH9pMWXk+qbWzAZZBN5MjixTURo=] [éclatax] No offline messages found
[2025-06-12 16:52:41] [PuhE2QovQSqHRSZ10kOsmzuOTwo=] [mocas] Checking offline messages for client
[2025-06-12 16:52:41] [PuhE2QovQSqHRSZ10kOsmzuOTwo=] [mocas] No offline messages found
[2025-06-12 17:02:49] [+8M3Y1oXtlXP7XGYSLyz+4BCQuk=] [Darkmghost] Checking offline messages for client
[2025-06-12 17:02:49] [+8M3Y1oXtlXP7XGYSLyz+4BCQuk=] [Darkmghost] No offline messages found
[2025-06-12 17:03:56] [Nn8rGrwsE+C9ibHWu3JCoCbmq3A=] [SysmoUsercid=140] Checking offline messages for client
[2025-06-12 17:03:56] [Nn8rGrwsE+C9ibHWu3JCoCbmq3A=] [SysmoUsercid=140] No offline messages found
[2025-06-12 17:04:36] [wj7Eq5yBZ8911NIW21osJR33g5s=] [LAZZZZER] Checking offline messages for client
[2025-06-12 17:04:36] [wj7Eq5yBZ8911NIW21osJR33g5s=] [LAZZZZER] No offline messages found
[2025-06-12 17:05:38] [HH9pMWXk+qbWzAZZBN5MjixTURo=] [éclatax] Checking offline messages for client
[2025-06-12 17:05:38] [HH9pMWXk+qbWzAZZBN5MjixTURo=] [éclatax] No offline messages found
[2025-06-12 17:05:46] [RyNfQ7JaWQA+9q5aAgeiuRaI5Fs=] [ivo] Checking offline messages for client
[2025-06-12 17:05:46] [RyNfQ7JaWQA+9q5aAgeiuRaI5Fs=] [ivo] No offline messages found
[2025-06-12 17:06:33] [py0maomTN6XODIKKI19U7SZCOe4=] [LAZERR] Checking offline messages for client
[2025-06-12 17:06:33] [py0maomTN6XODIKKI19U7SZCOe4=] [LAZERR] No offline messages found
[2025-06-12 17:10:28] [sVrSHwfOWFOloLPnjG6Ub+Fzgrg=] [Jaws] Checking offline messages for client
[2025-06-12 17:10:28] [sVrSHwfOWFOloLPnjG6Ub+Fzgrg=] [Jaws] No offline messages found
[2025-06-12 17:10:38] [MutMI8w80TgxkXwn/z4gZc/vgiU=] [Asshole do not burn] Checking offline messages for client
[2025-06-12 17:10:38] [MutMI8w80TgxkXwn/z4gZc/vgiU=] [Asshole do not burn] No offline messages found
[2025-06-12 17:12:42] [g95LkcovmlDSBBJIdmdv0zN6QBs=] [baysikimdeğil] Checking offline messages for client
[2025-06-12 17:12:42] [g95LkcovmlDSBBJIdmdv0zN6QBs=] [baysikimdeğil] No offline messages found
[2025-06-12 17:14:13] [MutMI8w80TgxkXwn/z4gZc/vgiU=] [Asshole do not burn] Checking offline messages for client
[2025-06-12 17:14:13] [MutMI8w80TgxkXwn/z4gZc/vgiU=] [Asshole do not burn] No offline messages found
[2025-06-12 17:16:54] [KKakWCNNDyxUyhC4KpkSU2PHuVM=] [yusufppks] Checking offline messages for client
[2025-06-12 17:16:54] [KKakWCNNDyxUyhC4KpkSU2PHuVM=] [yusufppks] No offline messages found
[2025-06-12 17:17:44] [Nn8rGrwsE+C9ibHWu3JCoCbmq3A=] [SysmoUsercid=140] Checking offline messages for client
[2025-06-12 17:17:44] [Nn8rGrwsE+C9ibHWu3JCoCbmq3A=] [SysmoUsercid=140] No offline messages found
[2025-06-12 17:22:08] [1bxlkLWE1YEds4euACE9lSAD0Jg=] [Mr..Fury] Checking offline messages for client
[2025-06-12 17:22:08] [1bxlkLWE1YEds4euACE9lSAD0Jg=] [Mr..Fury] No offline messages found
[2025-06-12 17:24:15] [5WFeFTw4aVmYeZxVj1FJXmyzJB8=] [812] Checking offline messages for client
[2025-06-12 17:24:15] [5WFeFTw4aVmYeZxVj1FJXmyzJB8=] [812] No offline messages found
[2025-06-12 17:25:16] [1NyvVXK0D4TskLKHeLLOwT5BKeE=] [Foker] Checking offline messages for client
[2025-06-12 17:25:16] [1NyvVXK0D4TskLKHeLLOwT5BKeE=] [Foker] No offline messages found
[2025-06-12 17:25:41] [5WFeFTw4aVmYeZxVj1FJXmyzJB8=] [812] Checking offline messages for client
[2025-06-12 17:25:41] [5WFeFTw4aVmYeZxVj1FJXmyzJB8=] [812] No offline messages found
[2025-06-12 17:26:18] [5WFeFTw4aVmYeZxVj1FJXmyzJB8=] [812] Checking offline messages for client
[2025-06-12 17:26:18] [5WFeFTw4aVmYeZxVj1FJXmyzJB8=] [812] No offline messages found
[2025-06-12 17:26:23] [F4Rot6aSlWU5OFZBOarP2RTzrYY=] [INSANE] Checking offline messages for client
[2025-06-12 17:26:23] [F4Rot6aSlWU5OFZBOarP2RTzrYY=] [INSANE] No offline messages found
[2025-06-12 17:26:39] [N2kl4tgWSgXlr5AAP5ogNfESo0Y=] [takesh111] Checking offline messages for client
[2025-06-12 17:26:39] [N2kl4tgWSgXlr5AAP5ogNfESo0Y=] [takesh111] No offline messages found
[2025-06-12 17:39:44] [yNFUjD+LJEqojKPPlPGtCAVEYRU=] [Боцман777] Checking offline messages for client
[2025-06-12 17:39:44] [yNFUjD+LJEqojKPPlPGtCAVEYRU=] [Боцман777] No offline messages found
[2025-06-12 17:41:19] [C3ony4dh8njCYB62/cIXXbMG1IA=] [Чех] Checking offline messages for client
[2025-06-12 17:41:19] [C3ony4dh8njCYB62/cIXXbMG1IA=] [Чех] No offline messages found
[2025-06-12 17:41:41] [N2kl4tgWSgXlr5AAP5ogNfESo0Y=] [takesh111] Checking offline messages for client
[2025-06-12 17:41:41] [N2kl4tgWSgXlr5AAP5ogNfESo0Y=] [takesh111] No offline messages found
[2025-06-12 17:47:22] [nz/3yfPhEw/HgzikSDgPRJICVcE=] [Bloker] Checking offline messages for client
[2025-06-12 17:47:22] [nz/3yfPhEw/HgzikSDgPRJICVcE=] [Bloker] No offline messages found
[2025-06-12 17:49:44] [hUjMcppeZYeQG89H1ehSTqHW6iQ=] [Hydrastarke] Checking offline messages for client
[2025-06-12 17:49:44] [hUjMcppeZYeQG89H1ehSTqHW6iQ=] [Hydrastarke] No offline messages found
[2025-06-12 17:50:12] [1NyvVXK0D4TskLKHeLLOwT5BKeE=] [Foker] Checking offline messages for client
[2025-06-12 17:50:12] [1NyvVXK0D4TskLKHeLLOwT5BKeE=] [Foker] No offline messages found
[2025-06-12 17:50:51] [1NyvVXK0D4TskLKHeLLOwT5BKeE=] [Foker] Checking offline messages for client
[2025-06-12 17:50:51] [1NyvVXK0D4TskLKHeLLOwT5BKeE=] [Foker] No offline messages found
[2025-06-12 17:51:03] [nIQOawer89tHUDGKaV+eAn1G8N8=] [x7uned 🌊] Checking offline messages for client
[2025-06-12 17:51:03] [nIQOawer89tHUDGKaV+eAn1G8N8=] [x7uned 🌊] No offline messages found
[2025-06-12 17:51:28] [5tr0bmquCHHSQKHnrvHDA84gg1s=] [DADA] Checking offline messages for client
[2025-06-12 17:51:28] [5tr0bmquCHHSQKHnrvHDA84gg1s=] [DADA] No offline messages found
[2025-06-12 17:51:37] [ULAY/U10rbShNgfUwoHq1c0X8NQ=] [DrRiv] Checking offline messages for client
[2025-06-12 17:51:37] [ULAY/U10rbShNgfUwoHq1c0X8NQ=] [DrRiv] No offline messages found
[2025-06-12 17:51:39] [yBICHbhgjt9SlHyQu3BZbOYMUQU=] [H0R0Z] Checking offline messages for client
[2025-06-12 17:51:39] [yBICHbhgjt9SlHyQu3BZbOYMUQU=] [H0R0Z] No offline messages found
[2025-06-12 17:52:44] [1NyvVXK0D4TskLKHeLLOwT5BKeE=] [Foker] Checking offline messages for client
[2025-06-12 17:52:44] [1NyvVXK0D4TskLKHeLLOwT5BKeE=] [Foker] No offline messages found
[2025-06-12 17:53:36] [1NyvVXK0D4TskLKHeLLOwT5BKeE=] [Foker] Checking offline messages for client
[2025-06-12 17:53:36] [1NyvVXK0D4TskLKHeLLOwT5BKeE=] [Foker] No offline messages found
[2025-06-12 17:53:54] [oBW8vS9W7UZJzlKtSZe6sIHCfo0=] [Venta] Checking offline messages for client
[2025-06-12 17:53:54] [oBW8vS9W7UZJzlKtSZe6sIHCfo0=] [Venta] No offline messages found
[2025-06-12 17:54:01] [RyNfQ7JaWQA+9q5aAgeiuRaI5Fs=] [ivo] Checking offline messages for client
[2025-06-12 17:54:01] [RyNfQ7JaWQA+9q5aAgeiuRaI5Fs=] [ivo] No offline messages found
[2025-06-12 17:54:18] [NaV2sLdZ+SLuLJun2hufTIALMiw=] [oneYap] Checking offline messages for client
[2025-06-12 17:54:18] [NaV2sLdZ+SLuLJun2hufTIALMiw=] [oneYap] No offline messages found
[2025-06-12 17:54:23] [PuhE2QovQSqHRSZ10kOsmzuOTwo=] [mocas] Checking offline messages for client
[2025-06-12 17:54:23] [PuhE2QovQSqHRSZ10kOsmzuOTwo=] [mocas] No offline messages found
[2025-06-12 17:54:40] [IdIi7kB17WXopOMKuVQFyzM8Fhs=] [Kapi] Checking offline messages for client
[2025-06-12 17:54:40] [IdIi7kB17WXopOMKuVQFyzM8Fhs=] [Kapi] No offline messages found
[2025-06-12 17:58:00] [42lFJzTa/EbFNCxvYxwaTYIYV+A=] [BIGYURI] Checking offline messages for client
[2025-06-12 17:58:00] [42lFJzTa/EbFNCxvYxwaTYIYV+A=] [BIGYURI] No offline messages found
[2025-06-12 17:58:06] [IdIi7kB17WXopOMKuVQFyzM8Fhs=] [Kapi] Checking offline messages for client
[2025-06-12 17:58:06] [IdIi7kB17WXopOMKuVQFyzM8Fhs=] [Kapi] No offline messages found
[2025-06-12 17:58:44] [gV0TvMbHAMoulRPxyaJ8cn6jQ4o=] [vlados1313] Checking offline messages for client
[2025-06-12 17:58:44] [gV0TvMbHAMoulRPxyaJ8cn6jQ4o=] [vlados1313] No offline messages found
[2025-06-12 18:05:35] [Il2lQ6ZR/oZD94GN6lMDO/QWBzE=] [men4] Checking offline messages for client
[2025-06-12 18:05:35] [Il2lQ6ZR/oZD94GN6lMDO/QWBzE=] [men4] No offline messages found
[2025-06-12 18:07:10] [7lkgv1NgBUC4Nbvfz0XxfSTDHSQ=] [Platonuch_UA] Checking offline messages for client
[2025-06-12 18:07:10] [7lkgv1NgBUC4Nbvfz0XxfSTDHSQ=] [Platonuch_UA] No offline messages found
[2025-06-12 18:09:13] [5lVyVx5BSqJWrEcKd5UNmlKvluE=] [Neil0001k] Checking offline messages for client
[2025-06-12 18:09:13] [5lVyVx5BSqJWrEcKd5UNmlKvluE=] [Neil0001k] No offline messages found
[2025-06-12 18:10:42] [nz/3yfPhEw/HgzikSDgPRJICVcE=] [Bloker] Checking offline messages for client
[2025-06-12 18:10:42] [nz/3yfPhEw/HgzikSDgPRJICVcE=] [Bloker] No offline messages found
[2025-06-12 18:12:17] [BwlvWTk4X2R/AjiK56jphGEzeDU=] [TeamSpeakUser1] Checking offline messages for client
[2025-06-12 18:12:17] [BwlvWTk4X2R/AjiK56jphGEzeDU=] [TeamSpeakUser1] No offline messages found
[2025-06-12 18:14:19] [+D/zkkoV8UKL6hQaG0nHxPsOM8Y=] [Leo33russs] Checking offline messages for client
[2025-06-12 18:14:19] [+D/zkkoV8UKL6hQaG0nHxPsOM8Y=] [Leo33russs] No offline messages found
[2025-06-12 18:14:42] [p1juFd+EsIJFziP40fruEeWuWUw=] [Futa] Checking offline messages for client
[2025-06-12 18:14:42] [p1juFd+EsIJFziP40fruEeWuWUw=] [Futa] No offline messages found
[2025-06-12 18:15:20] [wzyMDRJrO+ymZI9TrnAeMdoxGTw=] [Хозяин Абатура №4] Checking offline messages for client
[2025-06-12 18:15:20] [wzyMDRJrO+ymZI9TrnAeMdoxGTw=] [Хозяин Абатура №4] No offline messages found
[2025-06-12 18:16:53] [UnR1QFMMqCYW7eyxyrGF93hSTxM=] [parzi] Checking offline messages for client
[2025-06-12 18:16:53] [UnR1QFMMqCYW7eyxyrGF93hSTxM=] [parzi] No offline messages found
[2025-06-12 18:17:28] [PAPjw5ou1pxtJ/LMEXPWWL4eKGI=] [aeRR] Checking offline messages for client
[2025-06-12 18:17:28] [PAPjw5ou1pxtJ/LMEXPWWL4eKGI=] [aeRR] No offline messages found
[2025-06-12 18:17:35] [ssUYc5CUOHAYRgKasA9MqHV3gzs=] [KekSs_33rus] Checking offline messages for client
[2025-06-12 18:17:35] [ssUYc5CUOHAYRgKasA9MqHV3gzs=] [KekSs_33rus] No offline messages found
[2025-06-12 18:17:36] [FdReWB4dR+DEY3dXiw+m44qubNU=] [SEBASTİANVETTEL] Checking offline messages for client
[2025-06-12 18:17:36] [FdReWB4dR+DEY3dXiw+m44qubNU=] [SEBASTİANVETTEL] No offline messages found
[2025-06-12 18:17:36] [FdReWB4dR+DEY3dXiw+m44qubNU=] [SEBASTİANVETTEL] Checking offline messages for client
[2025-06-12 18:17:36] [FdReWB4dR+DEY3dXiw+m44qubNU=] [SEBASTİANVETTEL] No offline messages found
[2025-06-12 18:17:36] [FdReWB4dR+DEY3dXiw+m44qubNU=] [SEBASTİANVETTEL] Checking offline messages for client
[2025-06-12 18:17:36] [FdReWB4dR+DEY3dXiw+m44qubNU=] [SEBASTİANVETTEL] No offline messages found
[2025-06-12 18:18:42] [FdReWB4dR+DEY3dXiw+m44qubNU=] [SEBASTİANVETTEL] Checking offline messages for client
[2025-06-12 18:18:42] [FdReWB4dR+DEY3dXiw+m44qubNU=] [SEBASTİANVETTEL] No offline messages found
[2025-06-12 18:21:23] [X71QMoXtWibAnvGaNllGYSazqHU=] [Mamooooooo] Checking offline messages for client
[2025-06-12 18:21:23] [X71QMoXtWibAnvGaNllGYSazqHU=] [Mamooooooo] No offline messages found
[2025-06-12 18:21:39] [AQBmR4z2NKjgim9VKZ5yt6FTmAg=] [BLACK] Checking offline messages for client
[2025-06-12 18:21:39] [AQBmR4z2NKjgim9VKZ5yt6FTmAg=] [BLACK] No offline messages found
[2025-06-12 18:23:33] [COLZyKJmrHAbeJuIwxgb3lGZ0d0=] [tikka345] Checking offline messages for client
[2025-06-12 18:23:33] [COLZyKJmrHAbeJuIwxgb3lGZ0d0=] [tikka345] No offline messages found
[2025-06-12 18:24:13] [8yG40ppumRoJGhu1qR/blqgqttw=] [sanka98] Checking offline messages for client
[2025-06-12 18:24:13] [8yG40ppumRoJGhu1qR/blqgqttw=] [sanka98] No offline messages found
[2025-06-12 18:26:47] [X9PkGTG67Lou/v5sRMEG+sMJ8Gw=] [RHDRGRDGDFGESFSFDSFSEWADAWDSFD] Checking offline messages for client
[2025-06-12 18:26:47] [X9PkGTG67Lou/v5sRMEG+sMJ8Gw=] [RHDRGRDGDFGESFSFDSFSEWADAWDSFD] No offline messages found
[2025-06-12 18:31:02] [JRSJX/gE1q4rIxWGxe0NgwN6Ubk=] [saadf] Checking offline messages for client
[2025-06-12 18:31:02] [JRSJX/gE1q4rIxWGxe0NgwN6Ubk=] [saadf] No offline messages found
[2025-06-12 18:32:36] [7IfhiVJqPvgzaT8q6UzCUD1usuI=] [TeamSpeakUser2] Checking offline messages for client
[2025-06-12 18:32:36] [7IfhiVJqPvgzaT8q6UzCUD1usuI=] [TeamSpeakUser2] No offline messages found
[2025-06-12 18:34:31] [X5vYW3PMU9fn2qIHtRzrYahtZIY=] [Лише] Checking offline messages for client
[2025-06-12 18:34:31] [X5vYW3PMU9fn2qIHtRzrYahtZIY=] [Лише] No offline messages found
[2025-06-12 18:35:46] [UnR1QFMMqCYW7eyxyrGF93hSTxM=] [parzi] Checking offline messages for client
[2025-06-12 18:35:46] [UnR1QFMMqCYW7eyxyrGF93hSTxM=] [parzi] No offline messages found
[2025-06-12 18:36:28] [8GrL7TtsAwbkPA/fi0CnWV4xJo0=] [Pedro] Checking offline messages for client
[2025-06-12 18:36:28] [8GrL7TtsAwbkPA/fi0CnWV4xJo0=] [Pedro] No offline messages found
[2025-06-12 18:41:03] [TqcQoUJ8RqP+rNV4dpFolffaKKs=] [darac] Checking offline messages for client
[2025-06-12 18:41:03] [TqcQoUJ8RqP+rNV4dpFolffaKKs=] [darac] No offline messages found
[2025-06-12 18:43:38] [CUXvOk6y3yIcxZNtgGqhgcA6an4=] [Са1ун] Checking offline messages for client
[2025-06-12 18:43:38] [CUXvOk6y3yIcxZNtgGqhgcA6an4=] [Са1ун] No offline messages found
[2025-06-12 18:44:52] [g0KfUUxJaw2pKqfr/IZiIbBSkE8=] [pa_sha00] Checking offline messages for client
[2025-06-12 18:44:52] [g0KfUUxJaw2pKqfr/IZiIbBSkE8=] [pa_sha00] No offline messages found
[2025-06-12 18:46:35] [yBICHbhgjt9SlHyQu3BZbOYMUQU=] [H0R0Z] Checking offline messages for client
[2025-06-12 18:46:35] [yBICHbhgjt9SlHyQu3BZbOYMUQU=] [H0R0Z] No offline messages found
[2025-06-12 18:47:28] [0Z2wqQcTx0kpb/KIf+NPkyv4b60=] [-W1LLL] Checking offline messages for client
[2025-06-12 18:47:28] [0Z2wqQcTx0kpb/KIf+NPkyv4b60=] [-W1LLL] No offline messages found
[2025-06-12 18:48:03] [Yolrk0vLW7Jl+G3XWWoj32wvYHo=] [joy] Checking offline messages for client
[2025-06-12 18:48:03] [Yolrk0vLW7Jl+G3XWWoj32wvYHo=] [joy] No offline messages found
[2025-06-12 18:48:10] [pjSG7lijxEkCHXK5AeNULuu9cdY=] [HUESOS] Checking offline messages for client
[2025-06-12 18:48:10] [pjSG7lijxEkCHXK5AeNULuu9cdY=] [HUESOS] No offline messages found
[2025-06-12 18:49:58] [G1YQDamcL3VcJPf6dvYfDw+eKcE=] [Toxic_Steam] Checking offline messages for client
[2025-06-12 18:49:58] [G1YQDamcL3VcJPf6dvYfDw+eKcE=] [Toxic_Steam] No offline messages found
[2025-06-12 18:51:03] [94exxVMfz1V9O+fXiw6ZVi96scY=] [DurK_NighT] Checking offline messages for client
[2025-06-12 18:51:03] [94exxVMfz1V9O+fXiw6ZVi96scY=] [DurK_NighT] No offline messages found
[2025-06-12 18:51:50] [towLfRNQcO45XOgzoAGrcrQCgK8=] [Kerollanos] Checking offline messages for client
[2025-06-12 18:51:50] [towLfRNQcO45XOgzoAGrcrQCgK8=] [Kerollanos] No offline messages found
[2025-06-12 18:52:17] [ShT1+jAAOFSpcp/TDXTY2dTY0wA=] [nAnu] Checking offline messages for client
[2025-06-12 18:52:17] [ShT1+jAAOFSpcp/TDXTY2dTY0wA=] [nAnu] No offline messages found
[2025-06-12 18:53:51] [nrEFrg1QXE05wuZZG3BbdkciSEc=] [Dumina] Checking offline messages for client
[2025-06-12 18:53:51] [nrEFrg1QXE05wuZZG3BbdkciSEc=] [Dumina] No offline messages found
[2025-06-12 18:56:08] [94exxVMfz1V9O+fXiw6ZVi96scY=] [DurK_NighT] Checking offline messages for client
[2025-06-12 18:56:08] [94exxVMfz1V9O+fXiw6ZVi96scY=] [DurK_NighT] No offline messages found
[2025-06-12 18:58:00] [nz/3yfPhEw/HgzikSDgPRJICVcE=] [Bloker] Checking offline messages for client
[2025-06-12 18:58:00] [nz/3yfPhEw/HgzikSDgPRJICVcE=] [Bloker] No offline messages found
[2025-06-12 18:58:06] [irFCozqZmx4mk2S9bzd1ExaQZxQ=] [Jahodový Knedl] Checking offline messages for client
[2025-06-12 18:58:06] [irFCozqZmx4mk2S9bzd1ExaQZxQ=] [Jahodový Knedl] No offline messages found
[2025-06-12 18:59:16] [5eIWTYaj/mM0KWqySiX8XLqxgBQ=] [BigPAPA] Checking offline messages for client
[2025-06-12 18:59:16] [5eIWTYaj/mM0KWqySiX8XLqxgBQ=] [BigPAPA] No offline messages found
[2025-06-12 19:00:42] [ndYNgY0hLdxCSb0J4fJlYMhWIVM=] [s1djeeey] Checking offline messages for client
[2025-06-12 19:00:42] [ndYNgY0hLdxCSb0J4fJlYMhWIVM=] [s1djeeey] No offline messages found
[2025-06-12 19:04:51] [lma/Zj4PW+tTPVheyTTjLRTYEkE=] [Vlad1ck] Checking offline messages for client
[2025-06-12 19:04:51] [lma/Zj4PW+tTPVheyTTjLRTYEkE=] [Vlad1ck] No offline messages found
[2025-06-12 19:06:06] [oygS43aAiKRMTVBqmqelO2GuZoE=] [volya] Checking offline messages for client
[2025-06-12 19:06:06] [oygS43aAiKRMTVBqmqelO2GuZoE=] [volya] No offline messages found
[2025-06-12 19:08:17] [K4/LLs0Khpx9FWR7SKlQBfrDS7s=] [arewzie] Checking offline messages for client
[2025-06-12 19:08:17] [K4/LLs0Khpx9FWR7SKlQBfrDS7s=] [arewzie] No offline messages found
[2025-06-12 19:08:23] [syGc3yR+8xBjPN6kLg2zE+r+Bwg=] [Gosh] Checking offline messages for client
[2025-06-12 19:08:23] [syGc3yR+8xBjPN6kLg2zE+r+Bwg=] [Gosh] No offline messages found
[2025-06-12 19:12:03] [13PPw0udi/G/3KkYXyJjZTQAJE0=] [ахуенно быть рэпером] Checking offline messages for client
[2025-06-12 19:12:03] [13PPw0udi/G/3KkYXyJjZTQAJE0=] [ахуенно быть рэпером] No offline messages found
[2025-06-12 19:13:53] [CnsaFLBvFsaEG5TIA7bpH7+nWrU=] [ardoş] Checking offline messages for client
[2025-06-12 19:13:53] [CnsaFLBvFsaEG5TIA7bpH7+nWrU=] [ardoş] No offline messages found
[2025-06-12 19:15:18] [GdKnDuGa2RpNM8eyII04/GthL5A=] [ван гогг] Checking offline messages for client
[2025-06-12 19:15:18] [GdKnDuGa2RpNM8eyII04/GthL5A=] [ван гогг] No offline messages found
[2025-06-12 19:16:24] [z2RU1kqpyPcLPrCBnehoedhPXRM=] [farkoshka] Checking offline messages for client
[2025-06-12 19:16:24] [z2RU1kqpyPcLPrCBnehoedhPXRM=] [farkoshka] No offline messages found
[2025-06-12 19:17:15] [ByxgeD5C1pEwB1SnnSzEOrDDDM4=] [caeciliae] Checking offline messages for client
[2025-06-12 19:17:15] [ByxgeD5C1pEwB1SnnSzEOrDDDM4=] [caeciliae] No offline messages found
[2025-06-12 19:17:19] [sedb0gTWwooQRlgxBlqp1sA3rcA=] [_vladuk__] Checking offline messages for client
[2025-06-12 19:17:19] [sedb0gTWwooQRlgxBlqp1sA3rcA=] [_vladuk__] No offline messages found
[2025-06-12 19:17:58] [HA8AwjGjfttaVD2BbXsV3SrC+rA=] [Axtic] Checking offline messages for client
[2025-06-12 19:17:58] [HA8AwjGjfttaVD2BbXsV3SrC+rA=] [Axtic] No offline messages found
[2025-06-12 19:18:13] [N2kl4tgWSgXlr5AAP5ogNfESo0Y=] [takesh111] Checking offline messages for client
[2025-06-12 19:18:13] [N2kl4tgWSgXlr5AAP5ogNfESo0Y=] [takesh111] No offline messages found
[2025-06-12 19:19:06] [O5FE/gGbywhMLBUju6z/nTENPdU=] [мирорчик] Checking offline messages for client
[2025-06-12 19:19:06] [O5FE/gGbywhMLBUju6z/nTENPdU=] [мирорчик] No offline messages found
[2025-06-12 19:19:25] [yYS4d9dXJMILuQw038o8oNXDgmc=] [TaTaRiN] Checking offline messages for client
[2025-06-12 19:19:25] [yYS4d9dXJMILuQw038o8oNXDgmc=] [TaTaRiN] No offline messages found
[2025-06-12 19:20:32] [13PPw0udi/G/3KkYXyJjZTQAJE0=] [ахуенно быть рэпером] Checking offline messages for client
[2025-06-12 19:20:32] [13PPw0udi/G/3KkYXyJjZTQAJE0=] [ахуенно быть рэпером] No offline messages found
[2025-06-12 19:21:00] [yBICHbhgjt9SlHyQu3BZbOYMUQU=] [H0R0Z] Checking offline messages for client
[2025-06-12 19:21:00] [yBICHbhgjt9SlHyQu3BZbOYMUQU=] [H0R0Z] No offline messages found
[2025-06-12 19:21:23] [DW6vdJ5AGABGXpVVRmIgDTix3B8=] [Fominykh454] Checking offline messages for client
[2025-06-12 19:21:23] [DW6vdJ5AGABGXpVVRmIgDTix3B8=] [Fominykh454] No offline messages found
[2025-06-12 19:21:59] [yYS4d9dXJMILuQw038o8oNXDgmc=] [TaTaRiN] Checking offline messages for client
[2025-06-12 19:21:59] [yYS4d9dXJMILuQw038o8oNXDgmc=] [TaTaRiN] No offline messages found
[2025-06-12 19:22:02] [DW6vdJ5AGABGXpVVRmIgDTix3B8=] [Fominykh454] Checking offline messages for client
[2025-06-12 19:22:02] [DW6vdJ5AGABGXpVVRmIgDTix3B8=] [Fominykh454] No offline messages found
[2025-06-12 19:22:02] [DW6vdJ5AGABGXpVVRmIgDTix3B8=] [Fominykh454] Checking offline messages for client
[2025-06-12 19:22:02] [DW6vdJ5AGABGXpVVRmIgDTix3B8=] [Fominykh454] No offline messages found
[2025-06-12 19:22:03] [DW6vdJ5AGABGXpVVRmIgDTix3B8=] [Fominykh454] Checking offline messages for client
[2025-06-12 19:22:03] [DW6vdJ5AGABGXpVVRmIgDTix3B8=] [Fominykh454] No offline messages found
[2025-06-12 19:23:11] [Y87CyZ0z4OCWoHrzcXmcfNJGgn8=] [Ghost] Checking offline messages for client
[2025-06-12 19:23:11] [Y87CyZ0z4OCWoHrzcXmcfNJGgn8=] [Ghost] No offline messages found
[2025-06-12 19:24:44] [yYS4d9dXJMILuQw038o8oNXDgmc=] [TaTaRiN] Checking offline messages for client
[2025-06-12 19:24:44] [yYS4d9dXJMILuQw038o8oNXDgmc=] [TaTaRiN] No offline messages found
[2025-06-12 19:25:49] [4MLGGYt6Z3sgx8GHTCEtNvLhFCY=] [salas] Checking offline messages for client
[2025-06-12 19:25:49] [4MLGGYt6Z3sgx8GHTCEtNvLhFCY=] [salas] No offline messages found
[2025-06-12 19:27:41] [Chs2gds0q5c5sHk5GQqGy9JmwQg=] [teaman11] Checking offline messages for client
[2025-06-12 19:27:41] [Chs2gds0q5c5sHk5GQqGy9JmwQg=] [teaman11] No offline messages found
[2025-06-12 19:27:52] [N2kl4tgWSgXlr5AAP5ogNfESo0Y=] [takesh111] Checking offline messages for client
[2025-06-12 19:27:52] [N2kl4tgWSgXlr5AAP5ogNfESo0Y=] [takesh111] No offline messages found
[2025-06-12 19:29:00] [mqgd3Gc7WmeeLTlwm9TT72tKi9Y=] [Joss] Checking offline messages for client
[2025-06-12 19:29:00] [mqgd3Gc7WmeeLTlwm9TT72tKi9Y=] [Joss] No offline messages found
[2025-06-12 19:32:34] [EBXe71Lp4NoWtOX097m16XOL9o8=] [kaya] Checking offline messages for client
[2025-06-12 19:32:34] [EBXe71Lp4NoWtOX097m16XOL9o8=] [kaya] No offline messages found
[2025-06-12 19:32:52] [rR+2agDaXOblefNaD/E2LfDoCAU=] [hugao] Checking offline messages for client
[2025-06-12 19:32:52] [rR+2agDaXOblefNaD/E2LfDoCAU=] [hugao] No offline messages found
[2025-06-12 19:33:25] [94exxVMfz1V9O+fXiw6ZVi96scY=] [DurK_NighT] Checking offline messages for client
[2025-06-12 19:33:25] [94exxVMfz1V9O+fXiw6ZVi96scY=] [DurK_NighT] No offline messages found
[2025-06-12 19:37:15] [v3e7ARUQ7Lwq7lbceiq6NEsYuYk=] [iiTzMenusha] Checking offline messages for client
[2025-06-12 19:37:15] [v3e7ARUQ7Lwq7lbceiq6NEsYuYk=] [iiTzMenusha] No offline messages found
[2025-06-12 19:40:08] [+QTfzoCOcfpc5pNJ24WBX/EfRAU=] [Уебище] Checking offline messages for client
[2025-06-12 19:40:08] [+QTfzoCOcfpc5pNJ24WBX/EfRAU=] [Уебище] No offline messages found
[2025-06-12 19:41:01] [0J+Iy22axFqqUSD+u1+EJ9Qp8Ew=] [joji] Checking offline messages for client
[2025-06-12 19:41:01] [0J+Iy22axFqqUSD+u1+EJ9Qp8Ew=] [joji] No offline messages found
[2025-06-12 19:42:05] [4lgk8AIxD24nO55TvFlly6KF/C4=] [e6lan] Checking offline messages for client
[2025-06-12 19:42:05] [4lgk8AIxD24nO55TvFlly6KF/C4=] [e6lan] No offline messages found
[2025-06-12 19:42:46] [4lgk8AIxD24nO55TvFlly6KF/C4=] [e6lan] Checking offline messages for client
[2025-06-12 19:42:46] [4lgk8AIxD24nO55TvFlly6KF/C4=] [e6lan] No offline messages found
[2025-06-12 19:43:30] [Hf7Ykpi+nWgDQ6lAP5A9MUo5Mfc=] [Agilex] Checking offline messages for client
[2025-06-12 19:43:30] [Hf7Ykpi+nWgDQ6lAP5A9MUo5Mfc=] [Agilex] No offline messages found
[2025-06-12 19:43:58] [hSuNyKwdPMso6fPP5SUFsIkZH/s=] [Yabanashka] Checking offline messages for client
[2025-06-12 19:43:58] [hSuNyKwdPMso6fPP5SUFsIkZH/s=] [Yabanashka] No offline messages found
[2025-06-12 19:44:19] [Wiz1igKktw5lpjZkaE1pcCI3a6s=] [Alphonsine] Checking offline messages for client
[2025-06-12 19:44:19] [Wiz1igKktw5lpjZkaE1pcCI3a6s=] [Alphonsine] No offline messages found
[2025-06-12 19:44:49] [cCbM0phrtpSB/TJvwFdNdF1f4mw=] [TeamSpeakUser2] Checking offline messages for client
[2025-06-12 19:44:49] [cCbM0phrtpSB/TJvwFdNdF1f4mw=] [TeamSpeakUser2] No offline messages found
[2025-06-12 19:48:21] [yPSI9aghhtH6O+mnSQIo84yUZ4c=] [шароёб] Checking offline messages for client
[2025-06-12 19:48:21] [yPSI9aghhtH6O+mnSQIo84yUZ4c=] [шароёб] No offline messages found
[2025-06-12 19:49:05] [0J+Iy22axFqqUSD+u1+EJ9Qp8Ew=] [joji] Checking offline messages for client
[2025-06-12 19:49:05] [0J+Iy22axFqqUSD+u1+EJ9Qp8Ew=] [joji] No offline messages found
[2025-06-12 19:50:53] [MMb9uIiLzPR461iLdPwM6+qYUes=] [TeamSpeakUser1] Checking offline messages for client
[2025-06-12 19:50:53] [MMb9uIiLzPR461iLdPwM6+qYUes=] [TeamSpeakUser1] No offline messages found
[2025-06-12 19:51:22] [Tgd5hyEUE1h1eu8z/TBEWqTvsO4=] [verdi] Checking offline messages for client
[2025-06-12 19:51:22] [Tgd5hyEUE1h1eu8z/TBEWqTvsO4=] [verdi] No offline messages found
[2025-06-12 19:53:28] [MqlyPI/U5wjPs6LHaX2Ifl+w4r8=] [timothysamuelx] Checking offline messages for client
[2025-06-12 19:53:28] [MqlyPI/U5wjPs6LHaX2Ifl+w4r8=] [timothysamuelx] No offline messages found
[2025-06-12 19:55:17] [A337CRyeHXs4LwAB23shVIw0jeg=] [mishechcaty] Checking offline messages for client
[2025-06-12 19:55:17] [A337CRyeHXs4LwAB23shVIw0jeg=] [mishechcaty] No offline messages found
[2025-06-12 19:57:32] [s5SoU0O6Mp2lEkoeWlMc2247gBk=] [don] Checking offline messages for client
[2025-06-12 19:57:32] [s5SoU0O6Mp2lEkoeWlMc2247gBk=] [don] No offline messages found
[2025-06-12 19:59:13] [f1n03b36FZPBTTuoz/yrXn8WOTM=] [Nima] Checking offline messages for client
[2025-06-12 19:59:13] [f1n03b36FZPBTTuoz/yrXn8WOTM=] [Nima] No offline messages found
[2025-06-12 20:01:00] [hSuNyKwdPMso6fPP5SUFsIkZH/s=] [Yabanashka] Checking offline messages for client
[2025-06-12 20:01:00] [hSuNyKwdPMso6fPP5SUFsIkZH/s=] [Yabanashka] No offline messages found
[2025-06-12 20:01:10] [OhS2NqZ+zrF+i+NTwdAp6BFQpY0=] [ko1xoznik] Checking offline messages for client
[2025-06-12 20:01:10] [OhS2NqZ+zrF+i+NTwdAp6BFQpY0=] [ko1xoznik] No offline messages found
[2025-06-12 20:01:36] [OhS2NqZ+zrF+i+NTwdAp6BFQpY0=] [ko1xoznik] Checking offline messages for client
[2025-06-12 20:01:36] [OhS2NqZ+zrF+i+NTwdAp6BFQpY0=] [ko1xoznik] No offline messages found
[2025-06-12 20:06:21] [N3i0JuxOQc+NzDJpdz3cD/gAtqQ=] [yondera] Checking offline messages for client
[2025-06-12 20:06:21] [N3i0JuxOQc+NzDJpdz3cD/gAtqQ=] [yondera] No offline messages found
[2025-06-12 20:06:45] [xa8YlUTVCVkzay2rBwbqYeYCsgk=] [SnakeXop] Checking offline messages for client
[2025-06-12 20:06:45] [xa8YlUTVCVkzay2rBwbqYeYCsgk=] [SnakeXop] No offline messages found
[2025-06-12 20:06:56] [4K1JM3gWxWDRwefuj7WYFwSS2W8=] [Cpt.BORODA] Checking offline messages for client
[2025-06-12 20:06:56] [4K1JM3gWxWDRwefuj7WYFwSS2W8=] [Cpt.BORODA] No offline messages found
[2025-06-12 20:06:56] [/ncNPlReVFMcogQXANbFudn+xRk=] [KC_Agee] Checking offline messages for client
[2025-06-12 20:06:56] [/ncNPlReVFMcogQXANbFudn+xRk=] [KC_Agee] No offline messages found
[2025-06-12 20:08:10] [hUjMcppeZYeQG89H1ehSTqHW6iQ=] [Hydrastarke] Checking offline messages for client
[2025-06-12 20:08:10] [hUjMcppeZYeQG89H1ehSTqHW6iQ=] [Hydrastarke] No offline messages found
[2025-06-12 20:12:17] [O5FE/gGbywhMLBUju6z/nTENPdU=] [мирорчик] Checking offline messages for client
[2025-06-12 20:12:17] [O5FE/gGbywhMLBUju6z/nTENPdU=] [мирорчик] No offline messages found
[2025-06-12 20:13:05] [G88zjUkHJLCbZF/QycvkVmMnPJA=] [ZeyphiZ] Checking offline messages for client
[2025-06-12 20:13:05] [G88zjUkHJLCbZF/QycvkVmMnPJA=] [ZeyphiZ] No offline messages found
[2025-06-12 20:13:23] [v8d0S2VwxhW09HTFPSJZmdATS9s=] [lokmannnnnn] Checking offline messages for client
[2025-06-12 20:13:23] [v8d0S2VwxhW09HTFPSJZmdATS9s=] [lokmannnnnn] No offline messages found
[2025-06-12 20:16:34] [1fLfTv7a7WCXSiKCcl/56zaOGH4=] [TeamSpeakUser3] Checking offline messages for client
[2025-06-12 20:16:34] [1fLfTv7a7WCXSiKCcl/56zaOGH4=] [TeamSpeakUser3] No offline messages found
[2025-06-12 20:26:16] [eNxiZDOeggdj95ZNvuM5yeobkrU=] [Etienne] Checking offline messages for client
[2025-06-12 20:26:16] [eNxiZDOeggdj95ZNvuM5yeobkrU=] [Etienne] No offline messages found
[2025-06-12 20:26:52] [yDjV5/niWrgEHd0wfdT4JdDb0Pg=] [raweheLL] Checking offline messages for client
[2025-06-12 20:26:52] [yDjV5/niWrgEHd0wfdT4JdDb0Pg=] [raweheLL] No offline messages found
[2025-06-12 20:27:53] [ZzAW26KqCQqn4W5EMljGBAdyXHk=] [fRagiLe06 aydn] Checking offline messages for client
[2025-06-12 20:27:53] [ZzAW26KqCQqn4W5EMljGBAdyXHk=] [fRagiLe06 aydn] No offline messages found
[2025-06-12 20:28:32] [s/gb3CPB9E0QKhiOkyp0A/GUsyw=] [constantinbobeica] Checking offline messages for client
[2025-06-12 20:28:32] [s/gb3CPB9E0QKhiOkyp0A/GUsyw=] [constantinbobeica] No offline messages found
[2025-06-12 20:29:15] [POM/skSVkcQ64ykJFUJPW6RCMmc=] [twitchtvAxell107] Checking offline messages for client
[2025-06-12 20:29:15] [POM/skSVkcQ64ykJFUJPW6RCMmc=] [twitchtvAxell107] No offline messages found
[2025-06-12 20:29:16] [POM/skSVkcQ64ykJFUJPW6RCMmc=] [twitchtvAxell107] Checking offline messages for client
[2025-06-12 20:29:16] [POM/skSVkcQ64ykJFUJPW6RCMmc=] [twitchtvAxell107] No offline messages found
[2025-06-12 20:29:16] [POM/skSVkcQ64ykJFUJPW6RCMmc=] [twitchtvAxell107] Checking offline messages for client
[2025-06-12 20:29:16] [POM/skSVkcQ64ykJFUJPW6RCMmc=] [twitchtvAxell107] No offline messages found
[2025-06-12 20:29:16] [POM/skSVkcQ64ykJFUJPW6RCMmc=] [twitchtvAxell107] Checking offline messages for client
[2025-06-12 20:29:16] [POM/skSVkcQ64ykJFUJPW6RCMmc=] [twitchtvAxell107] No offline messages found
[2025-06-12 20:29:16] [POM/skSVkcQ64ykJFUJPW6RCMmc=] [twitchtvAxell107] Checking offline messages for client
[2025-06-12 20:29:16] [POM/skSVkcQ64ykJFUJPW6RCMmc=] [twitchtvAxell107] No offline messages found
[2025-06-12 20:29:26] [q2hG7xSLaZGDA2p0d4bTPVQwGrE=] [motadbicar] Checking offline messages for client
[2025-06-12 20:29:26] [q2hG7xSLaZGDA2p0d4bTPVQwGrE=] [motadbicar] No offline messages found
[2025-06-12 20:31:38] [raAePR7lHPhNIRleevueRUQgaPg=] [Seyit] Checking offline messages for client
[2025-06-12 20:31:38] [raAePR7lHPhNIRleevueRUQgaPg=] [Seyit] No offline messages found
[2025-06-12 20:35:30] [wBtCYPJphOWdVqCVMzLPotGSjGA=] [tlishev] Checking offline messages for client
[2025-06-12 20:35:30] [wBtCYPJphOWdVqCVMzLPotGSjGA=] [tlishev] No offline messages found
[2025-06-12 20:35:57] [wBtCYPJphOWdVqCVMzLPotGSjGA=] [tlishev] Checking offline messages for client
[2025-06-12 20:35:57] [wBtCYPJphOWdVqCVMzLPotGSjGA=] [tlishev] No offline messages found
[2025-06-12 20:38:07] [gG6x8UpQ4ZtnCfb46Ww0yUj5Ih4=] [potelchesal1] Checking offline messages for client
[2025-06-12 20:38:07] [gG6x8UpQ4ZtnCfb46Ww0yUj5Ih4=] [potelchesal1] No offline messages found
[2025-06-12 20:38:20] [wBtCYPJphOWdVqCVMzLPotGSjGA=] [tlishev] Checking offline messages for client
[2025-06-12 20:38:20] [wBtCYPJphOWdVqCVMzLPotGSjGA=] [tlishev] No offline messages found
[2025-06-12 20:38:25] [4MLGGYt6Z3sgx8GHTCEtNvLhFCY=] [salas] Checking offline messages for client
[2025-06-12 20:38:25] [4MLGGYt6Z3sgx8GHTCEtNvLhFCY=] [salas] No offline messages found
[2025-06-12 20:40:03] [dHD7jWi8Q5Lp4lz7I8/axaXFAEA=] [__illlia__] Checking offline messages for client
[2025-06-12 20:40:03] [dHD7jWi8Q5Lp4lz7I8/axaXFAEA=] [__illlia__] No offline messages found
[2025-06-12 20:40:43] [2Lx63FxcyvHlLbs3Khbo5bJe6mY=] [Last] Checking offline messages for client
[2025-06-12 20:40:43] [2Lx63FxcyvHlLbs3Khbo5bJe6mY=] [Last] No offline messages found
[2025-06-12 20:40:45] [IdIi7kB17WXopOMKuVQFyzM8Fhs=] [Kapi] Checking offline messages for client
[2025-06-12 20:40:45] [IdIi7kB17WXopOMKuVQFyzM8Fhs=] [Kapi] No offline messages found
[2025-06-12 20:41:42] [wBtCYPJphOWdVqCVMzLPotGSjGA=] [tlishev] Checking offline messages for client
[2025-06-12 20:41:42] [wBtCYPJphOWdVqCVMzLPotGSjGA=] [tlishev] No offline messages found
[2025-06-12 20:42:06] [dHD7jWi8Q5Lp4lz7I8/axaXFAEA=] [__illlia__] Checking offline messages for client
[2025-06-12 20:42:06] [dHD7jWi8Q5Lp4lz7I8/axaXFAEA=] [__illlia__] No offline messages found
[2025-06-12 20:44:49] [/RRMs3gG8kLgnFQRIgh0MVnRUJI=] [sadadadasd] Checking offline messages for client
[2025-06-12 20:44:49] [/RRMs3gG8kLgnFQRIgh0MVnRUJI=] [sadadadasd] No offline messages found
[2025-06-12 20:45:27] [/RRMs3gG8kLgnFQRIgh0MVnRUJI=] [sadadadasd] Checking offline messages for client
[2025-06-12 20:45:27] [/RRMs3gG8kLgnFQRIgh0MVnRUJI=] [sadadadasd] No offline messages found
[2025-06-12 20:49:25] [CivIdqvdtxSJX+mCOeU13yota9Y=] [digitalmix] Checking offline messages for client
[2025-06-12 20:49:25] [CivIdqvdtxSJX+mCOeU13yota9Y=] [digitalmix] No offline messages found
[2025-06-12 20:50:45] [b7yeVGj+sfUQrqVGU5rlFHIogvU=] [saleh_4] Checking offline messages for client
[2025-06-12 20:50:45] [b7yeVGj+sfUQrqVGU5rlFHIogvU=] [saleh_4] No offline messages found
[2025-06-12 20:51:04] [1nHWWpwvoZf+IGl6BaPDK6nG9mg=] [FataL1Day] Checking offline messages for client
[2025-06-12 20:51:04] [1nHWWpwvoZf+IGl6BaPDK6nG9mg=] [FataL1Day] No offline messages found
[2025-06-12 20:53:03] [RYUvozu9YD3MDRA32U+iT0lGsNE=] [Ace] Checking offline messages for client
[2025-06-12 20:53:03] [RYUvozu9YD3MDRA32U+iT0lGsNE=] [Ace] No offline messages found
[2025-06-12 20:54:03] [FL+WmVp/PUMnZAd3PROfjjeRLi8=] [Patiencé] Checking offline messages for client
[2025-06-12 20:54:03] [FL+WmVp/PUMnZAd3PROfjjeRLi8=] [Patiencé] No offline messages found
[2025-06-12 20:54:58] [tccm/cJba3umzkdFGIyHr6pYOjg=] [добрий вечір] Checking offline messages for client
[2025-06-12 20:54:58] [tccm/cJba3umzkdFGIyHr6pYOjg=] [добрий вечір] No offline messages found
[2025-06-12 20:55:09] [czJq8VhqlxMm/zy39XTQ+Np/v1c=] [Manwe] Checking offline messages for client
[2025-06-12 20:55:09] [czJq8VhqlxMm/zy39XTQ+Np/v1c=] [Manwe] No offline messages found
[2025-06-12 20:56:36] [B1Kal3VDaCvvLYIO1wifSPcczSc=] [yunus] Checking offline messages for client
[2025-06-12 20:56:36] [B1Kal3VDaCvvLYIO1wifSPcczSc=] [yunus] No offline messages found
[2025-06-12 20:56:36] [ML5A6zsLU8O+4axZqoMWBtAJ+4E=] [RoburOO] Checking offline messages for client
[2025-06-12 20:56:36] [ML5A6zsLU8O+4axZqoMWBtAJ+4E=] [RoburOO] No offline messages found
[2025-06-12 20:56:36] [ML5A6zsLU8O+4axZqoMWBtAJ+4E=] [RoburOO] Checking offline messages for client
[2025-06-12 20:56:36] [ML5A6zsLU8O+4axZqoMWBtAJ+4E=] [RoburOO] No offline messages found
[2025-06-12 20:56:39] [SUT+/nxpKwjoJxdY4PhDm+DXOi4=] [wadas] Checking offline messages for client
[2025-06-12 20:56:39] [SUT+/nxpKwjoJxdY4PhDm+DXOi4=] [wadas] No offline messages found
[2025-06-12 20:57:39] [5TbrZIDgJ3Q9TbA+znMPtlqMHRE=] [berksesxd13] Checking offline messages for client
[2025-06-12 20:57:39] [5TbrZIDgJ3Q9TbA+znMPtlqMHRE=] [berksesxd13] No offline messages found
[2025-06-12 21:02:29] [d6w3EV9Z9c1CuPQpjPz2qkkRsBw=] [RawN] Checking offline messages for client
[2025-06-12 21:02:29] [d6w3EV9Z9c1CuPQpjPz2qkkRsBw=] [RawN] No offline messages found
[2025-06-12 21:05:09] [+akmOQJCA9SuI55JoAWl8G16SY8=] [devl] Checking offline messages for client
[2025-06-12 21:05:09] [+akmOQJCA9SuI55JoAWl8G16SY8=] [devl] No offline messages found
[2025-06-12 21:06:07] [w6PNozwE3hiJ9vcTIkER64disyw=] [TeamSpeakUser1] Checking offline messages for client
[2025-06-12 21:06:07] [w6PNozwE3hiJ9vcTIkER64disyw=] [TeamSpeakUser1] No offline messages found
[2025-06-12 21:07:45] [XQUDH4dR5JFRAV8+6Li/lQEpzYU=] [Vitoo] Checking offline messages for client
[2025-06-12 21:07:45] [XQUDH4dR5JFRAV8+6Li/lQEpzYU=] [Vitoo] No offline messages found
[2025-06-12 21:10:03] [XQUDH4dR5JFRAV8+6Li/lQEpzYU=] [Vitoo] Checking offline messages for client
[2025-06-12 21:10:03] [XQUDH4dR5JFRAV8+6Li/lQEpzYU=] [Vitoo] No offline messages found
[2025-06-12 21:10:13] [EabEuFfJWoidlJHowxz83DhK5uk=] [Rich Lich] Checking offline messages for client
[2025-06-12 21:10:13] [EabEuFfJWoidlJHowxz83DhK5uk=] [Rich Lich] No offline messages found
[2025-06-12 21:11:34] [G1YQDamcL3VcJPf6dvYfDw+eKcE=] [Toxic_Steam] Checking offline messages for client
[2025-06-12 21:11:34] [G1YQDamcL3VcJPf6dvYfDw+eKcE=] [Toxic_Steam] No offline messages found
[2025-06-12 21:16:32] [94exxVMfz1V9O+fXiw6ZVi96scY=] [DurK_NighT] Checking offline messages for client
[2025-06-12 21:16:32] [94exxVMfz1V9O+fXiw6ZVi96scY=] [DurK_NighT] No offline messages found
[2025-06-12 21:16:39] [+GhUBZ/zcj+AuTFNM+CM11S3jDU=] [Nashw0w] Checking offline messages for client
[2025-06-12 21:16:39] [+GhUBZ/zcj+AuTFNM+CM11S3jDU=] [Nashw0w] No offline messages found
[2025-06-12 21:16:59] [JS7AYDgRfu5aCR6EsyZfSZOd3ug=] [goran] Checking offline messages for client
[2025-06-12 21:16:59] [JS7AYDgRfu5aCR6EsyZfSZOd3ug=] [goran] No offline messages found
[2025-06-12 21:17:16] [G1YQDamcL3VcJPf6dvYfDw+eKcE=] [Toxic_Steam] Checking offline messages for client
[2025-06-12 21:17:16] [G1YQDamcL3VcJPf6dvYfDw+eKcE=] [Toxic_Steam] No offline messages found
[2025-06-12 21:18:08] [nrEFrg1QXE05wuZZG3BbdkciSEc=] [Dumina] Checking offline messages for client
[2025-06-12 21:18:08] [nrEFrg1QXE05wuZZG3BbdkciSEc=] [Dumina] No offline messages found
[2025-06-12 21:18:48] [G1YQDamcL3VcJPf6dvYfDw+eKcE=] [Toxic_Steam] Checking offline messages for client
[2025-06-12 21:18:48] [G1YQDamcL3VcJPf6dvYfDw+eKcE=] [Toxic_Steam] No offline messages found
[2025-06-12 21:19:24] [G1YQDamcL3VcJPf6dvYfDw+eKcE=] [Toxic_Steam] Checking offline messages for client
[2025-06-12 21:19:24] [G1YQDamcL3VcJPf6dvYfDw+eKcE=] [Toxic_Steam] No offline messages found
[2025-06-12 21:19:30] [CJqldmNcwUXkgC9AE9NJKLA2YFY=] [TeamSpeakUser2] Checking offline messages for client
[2025-06-12 21:19:30] [CJqldmNcwUXkgC9AE9NJKLA2YFY=] [TeamSpeakUser2] No offline messages found
[2025-06-12 21:19:34] [bQ0ddiXfpRmxqk1EglP8K8A9YXw=] [silencer] Checking offline messages for client
[2025-06-12 21:19:34] [bQ0ddiXfpRmxqk1EglP8K8A9YXw=] [silencer] No offline messages found
[2025-06-12 21:19:54] [G1YQDamcL3VcJPf6dvYfDw+eKcE=] [kaka nigga] Checking offline messages for client
[2025-06-12 21:19:54] [G1YQDamcL3VcJPf6dvYfDw+eKcE=] [kaka nigga] No offline messages found
[2025-06-12 21:20:00] [aI/F+Xm4CSq1LY1nFTa4TckYJvQ=] [MrMIST14] Checking offline messages for client
[2025-06-12 21:20:00] [aI/F+Xm4CSq1LY1nFTa4TckYJvQ=] [MrMIST14] No offline messages found
[2025-06-12 21:20:45] [UXM86ETEf75TbB0enB/bNnVgEBg=] [sajoool] Checking offline messages for client
[2025-06-12 21:20:45] [UXM86ETEf75TbB0enB/bNnVgEBg=] [sajoool] No offline messages found
[2025-06-12 21:21:23] [RYUvozu9YD3MDRA32U+iT0lGsNE=] [Ace] Checking offline messages for client
[2025-06-12 21:21:23] [RYUvozu9YD3MDRA32U+iT0lGsNE=] [Ace] No offline messages found
[2025-06-12 21:21:48] [mTbPypkwuA/2B5Zl6CXWViczHPo=] [kızlıkbozan33] Checking offline messages for client
[2025-06-12 21:21:48] [mTbPypkwuA/2B5Zl6CXWViczHPo=] [kızlıkbozan33] No offline messages found
[2025-06-12 21:22:27] [CJqldmNcwUXkgC9AE9NJKLA2YFY=] [TeamSpeakUser2] Checking offline messages for client
[2025-06-12 21:22:27] [CJqldmNcwUXkgC9AE9NJKLA2YFY=] [TeamSpeakUser2] No offline messages found
[2025-06-12 21:23:50] [QrJc7RCtFp32CbQgt/+xheazb5w=] [wilson] Checking offline messages for client
[2025-06-12 21:23:50] [QrJc7RCtFp32CbQgt/+xheazb5w=] [wilson] No offline messages found
[2025-06-12 21:24:18] [RJ4ey/bxVJ5eYFnjo7KF14s+i1s=] [Shahram] Checking offline messages for client
[2025-06-12 21:24:18] [RJ4ey/bxVJ5eYFnjo7KF14s+i1s=] [Shahram] No offline messages found
[2025-06-12 21:25:06] [qktw03dlcijDS11w8HKgXXrlJTw=] [Medo] Checking offline messages for client
[2025-06-12 21:25:06] [qktw03dlcijDS11w8HKgXXrlJTw=] [Medo] No offline messages found
[2025-06-12 21:25:06] [qktw03dlcijDS11w8HKgXXrlJTw=] [Medo] Checking offline messages for client
[2025-06-12 21:25:06] [qktw03dlcijDS11w8HKgXXrlJTw=] [Medo] No offline messages found
[2025-06-12 21:25:06] [qktw03dlcijDS11w8HKgXXrlJTw=] [Medo] Checking offline messages for client
[2025-06-12 21:25:06] [qktw03dlcijDS11w8HKgXXrlJTw=] [Medo] No offline messages found
[2025-06-12 21:25:40] [vAoVADXVgpjfEfuPw77F4fgEIl8=] [Nostalgia 2] Checking offline messages for client
[2025-06-12 21:25:40] [vAoVADXVgpjfEfuPw77F4fgEIl8=] [Nostalgia 2] No offline messages found
[2025-06-12 21:26:21] [igLR0Qw88l2utvuPuQTy5TXjVdA=] [AlvaRoniX$] Checking offline messages for client
[2025-06-12 21:26:21] [igLR0Qw88l2utvuPuQTy5TXjVdA=] [AlvaRoniX$] No offline messages found
[2025-06-12 21:28:02] [IdIi7kB17WXopOMKuVQFyzM8Fhs=] [Kapi] Checking offline messages for client
[2025-06-12 21:28:02] [IdIi7kB17WXopOMKuVQFyzM8Fhs=] [Kapi] No offline messages found
[2025-06-12 21:28:17] [Tl3Bg1zFfrOJ+IRWyJh5UAIJ+5o=] [Efkeyy] Checking offline messages for client
[2025-06-12 21:28:17] [Tl3Bg1zFfrOJ+IRWyJh5UAIJ+5o=] [Efkeyy] No offline messages found
[2025-06-12 21:29:10] [21ldiA4k6Q8mp40UAuQyyM5QH7I=] [ks1] Checking offline messages for client
[2025-06-12 21:29:10] [21ldiA4k6Q8mp40UAuQyyM5QH7I=] [ks1] No offline messages found
[2025-06-12 21:29:10] [21ldiA4k6Q8mp40UAuQyyM5QH7I=] [ks1] Checking offline messages for client
[2025-06-12 21:29:10] [21ldiA4k6Q8mp40UAuQyyM5QH7I=] [ks1] No offline messages found
[2025-06-12 21:29:10] [21ldiA4k6Q8mp40UAuQyyM5QH7I=] [ks1] Checking offline messages for client
[2025-06-12 21:29:10] [21ldiA4k6Q8mp40UAuQyyM5QH7I=] [ks1] No offline messages found
[2025-06-12 21:29:10] [21ldiA4k6Q8mp40UAuQyyM5QH7I=] [ks1] Checking offline messages for client
[2025-06-12 21:29:10] [21ldiA4k6Q8mp40UAuQyyM5QH7I=] [ks1] No offline messages found
[2025-06-12 21:29:10] [21ldiA4k6Q8mp40UAuQyyM5QH7I=] [ks1] Checking offline messages for client
[2025-06-12 21:29:10] [21ldiA4k6Q8mp40UAuQyyM5QH7I=] [ks1] No offline messages found
[2025-06-12 21:31:44] [vQBpA0VvBo3XlFVJd2yFUhlAD5E=] [whoismert] Checking offline messages for client
[2025-06-12 21:31:44] [vQBpA0VvBo3XlFVJd2yFUhlAD5E=] [whoismert] No offline messages found
[2025-06-12 21:32:19] [9L00arJzCt1G2LLDRV0HQCJjofM=] [osasderlerbana] Checking offline messages for client
[2025-06-12 21:32:19] [9L00arJzCt1G2LLDRV0HQCJjofM=] [osasderlerbana] No offline messages found
[2025-06-12 21:33:00] [Y65rsRH7UKXtXgSPGr80roWjsRI=] [mZn] Checking offline messages for client
[2025-06-12 21:33:00] [Y65rsRH7UKXtXgSPGr80roWjsRI=] [mZn] No offline messages found
[2025-06-12 21:33:30] [AQBmR4z2NKjgim9VKZ5yt6FTmAg=] [BLACK] Checking offline messages for client
[2025-06-12 21:33:30] [AQBmR4z2NKjgim9VKZ5yt6FTmAg=] [BLACK] No offline messages found
[2025-06-12 21:34:13] [Uu5KMlrBm4Z5LiLbdfTmVcSDXOU=] [I_XaSkI_I] Checking offline messages for client
[2025-06-12 21:34:13] [Uu5KMlrBm4Z5LiLbdfTmVcSDXOU=] [I_XaSkI_I] No offline messages found
[2025-06-12 21:34:28] [N3sdgECOuAq9updYbYKI20ij7vw=] [Tancsii] Checking offline messages for client
[2025-06-12 21:34:28] [N3sdgECOuAq9updYbYKI20ij7vw=] [Tancsii] No offline messages found
[2025-06-12 21:35:19] [nKM59hxTojEpwTkMTG1uWArmxms=] [rowdy] Checking offline messages for client
[2025-06-12 21:35:19] [nKM59hxTojEpwTkMTG1uWArmxms=] [rowdy] No offline messages found
[2025-06-12 21:35:38] [f5blCV2SYOa9qeIxhD7mgNKdr10=] [kompot1k] Checking offline messages for client
[2025-06-12 21:35:38] [f5blCV2SYOa9qeIxhD7mgNKdr10=] [kompot1k] No offline messages found
[2025-06-12 21:36:57] [FjvWluljyXAl76fTQUXQDhqEdXg=] [sima] Checking offline messages for client
[2025-06-12 21:36:57] [FjvWluljyXAl76fTQUXQDhqEdXg=] [sima] No offline messages found
[2025-06-12 21:37:15] [lqX2Oz/RGh+MQGKjhD9GbFED4OY=] [DarkZX] Checking offline messages for client
[2025-06-12 21:37:15] [lqX2Oz/RGh+MQGKjhD9GbFED4OY=] [DarkZX] No offline messages found
[2025-06-12 21:38:26] [GDLMnVZvsy2PmGGBS4hN7CRvOTU=] [phonetik78] Checking offline messages for client
[2025-06-12 21:38:26] [GDLMnVZvsy2PmGGBS4hN7CRvOTU=] [phonetik78] No offline messages found
[2025-06-12 21:40:30] [h+S6vTapLiHLu/QXW+Wv622o2KE=] [Bone] Checking offline messages for client
[2025-06-12 21:40:30] [h+S6vTapLiHLu/QXW+Wv622o2KE=] [Bone] No offline messages found
[2025-06-12 21:45:55] [h+S6vTapLiHLu/QXW+Wv622o2KE=] [Bone] Checking offline messages for client
[2025-06-12 21:45:55] [h+S6vTapLiHLu/QXW+Wv622o2KE=] [Bone] No offline messages found
[2025-06-12 21:45:57] [/RRMs3gG8kLgnFQRIgh0MVnRUJI=] [sadadadasd] Checking offline messages for client
[2025-06-12 21:45:57] [/RRMs3gG8kLgnFQRIgh0MVnRUJI=] [sadadadasd] No offline messages found
[2025-06-12 21:46:27] [syGc3yR+8xBjPN6kLg2zE+r+Bwg=] [Gosh] Checking offline messages for client
[2025-06-12 21:46:27] [syGc3yR+8xBjPN6kLg2zE+r+Bwg=] [Gosh] No offline messages found
[2025-06-12 21:46:41] [pUCIpssKzbEhYAmtB8xcuFXcEsU=] [mostafa] Checking offline messages for client
[2025-06-12 21:46:41] [pUCIpssKzbEhYAmtB8xcuFXcEsU=] [mostafa] No offline messages found
[2025-06-12 21:46:51] [IdIi7kB17WXopOMKuVQFyzM8Fhs=] [Kapi] Checking offline messages for client
[2025-06-12 21:46:51] [IdIi7kB17WXopOMKuVQFyzM8Fhs=] [Kapi] No offline messages found
[2025-06-12 21:47:59] [L194KdPcI1asyxtpLRS8SD5byZs=] [hn_tired] Checking offline messages for client
[2025-06-12 21:47:59] [L194KdPcI1asyxtpLRS8SD5byZs=] [hn_tired] No offline messages found
[2025-06-12 21:49:20] [Y87CyZ0z4OCWoHrzcXmcfNJGgn8=] [Ghost] Checking offline messages for client
[2025-06-12 21:49:20] [Y87CyZ0z4OCWoHrzcXmcfNJGgn8=] [Ghost] No offline messages found
[2025-06-12 21:49:26] [2rkwn/jv1FIR6DqtosxYTJMsanY=] [TeamSpeakUser] Checking offline messages for client
[2025-06-12 21:49:26] [2rkwn/jv1FIR6DqtosxYTJMsanY=] [TeamSpeakUser] No offline messages found
[2025-06-12 21:52:02] [WUFbI2wm1TirPkulhTRESNYToW0=] [sajjad] Checking offline messages for client
[2025-06-12 21:52:02] [WUFbI2wm1TirPkulhTRESNYToW0=] [sajjad] No offline messages found
[2025-06-12 21:52:05] [WUFbI2wm1TirPkulhTRESNYToW0=] [sajjad] Checking offline messages for client
[2025-06-12 21:52:05] [WUFbI2wm1TirPkulhTRESNYToW0=] [sajjad] No offline messages found
[2025-06-12 21:52:06] [WUFbI2wm1TirPkulhTRESNYToW0=] [sajjad] Checking offline messages for client
[2025-06-12 21:52:06] [WUFbI2wm1TirPkulhTRESNYToW0=] [sajjad] No offline messages found
[2025-06-12 21:53:11] [V/sE7GD+jPAQPdHRhDxgmql0tFI=] [Jabberson] Checking offline messages for client
[2025-06-12 21:53:11] [V/sE7GD+jPAQPdHRhDxgmql0tFI=] [Jabberson] No offline messages found
[2025-06-12 21:53:47] [CJqldmNcwUXkgC9AE9NJKLA2YFY=] [TeamSpeakUser2] Checking offline messages for client
[2025-06-12 21:53:47] [CJqldmNcwUXkgC9AE9NJKLA2YFY=] [TeamSpeakUser2] No offline messages found
[2025-06-12 21:58:02] [G4pHX5d87T070W11C43gZOTMEbk=] [Ömri Khan] Checking offline messages for client
[2025-06-12 21:58:02] [G4pHX5d87T070W11C43gZOTMEbk=] [Ömri Khan] No offline messages found
[2025-06-12 22:03:09] [EavBT8NG6JSFl2mI14E3NNtuzVI=] [CClad] Checking offline messages for client
[2025-06-12 22:03:09] [EavBT8NG6JSFl2mI14E3NNtuzVI=] [CClad] No offline messages found
[2025-06-12 22:07:12] [RFs39FuDMjcQKQig9J3vc57bZwI=] [TeamSpeakUser3] Checking offline messages for client
[2025-06-12 22:07:12] [RFs39FuDMjcQKQig9J3vc57bZwI=] [TeamSpeakUser3] No offline messages found
[2025-06-12 22:08:30] [/paoPeDO7Sw3DPisftzEeJfXp+Y=] [J4M4L] Checking offline messages for client
[2025-06-12 22:08:30] [/paoPeDO7Sw3DPisftzEeJfXp+Y=] [J4M4L] No offline messages found
[2025-06-12 22:08:55] [2rkwn/jv1FIR6DqtosxYTJMsanY=] [TeamSpeakUser] Checking offline messages for client
[2025-06-12 22:08:55] [2rkwn/jv1FIR6DqtosxYTJMsanY=] [TeamSpeakUser] No offline messages found
[2025-06-12 22:08:56] [0pfL6k6+uhY3YJUK1FucX6agAV8=] [MC durak] Checking offline messages for client
[2025-06-12 22:08:56] [0pfL6k6+uhY3YJUK1FucX6agAV8=] [MC durak] No offline messages found
[2025-06-12 22:09:51] [pa4EomUE5xzFSB9tc7CilmX3NTU=] [Imprii] Checking offline messages for client
[2025-06-12 22:09:51] [pa4EomUE5xzFSB9tc7CilmX3NTU=] [Imprii] No offline messages found
[2025-06-12 22:14:09] [RFs39FuDMjcQKQig9J3vc57bZwI=] [Шмель ЕБУН] Checking offline messages for client
[2025-06-12 22:14:09] [RFs39FuDMjcQKQig9J3vc57bZwI=] [Шмель ЕБУН] No offline messages found
[2025-06-12 22:14:19] [jZRUh2M8Vb48G2iyjYpPAba/zVw=] [TeamSpeakUser3] Checking offline messages for client
[2025-06-12 22:14:19] [jZRUh2M8Vb48G2iyjYpPAba/zVw=] [TeamSpeakUser3] No offline messages found
[2025-06-12 22:14:27] [FurJxQs6FiRtL/TkkqeNmM2SpxM=] [Marshmallowmk] Checking offline messages for client
[2025-06-12 22:14:27] [FurJxQs6FiRtL/TkkqeNmM2SpxM=] [Marshmallowmk] No offline messages found
[2025-06-12 22:21:32] [jyNREbFc1g7kS1FKSohnZyaSx+g=] [ivansultan] Checking offline messages for client
[2025-06-12 22:21:32] [jyNREbFc1g7kS1FKSohnZyaSx+g=] [ivansultan] No offline messages found
[2025-06-12 22:28:13] [PuhE2QovQSqHRSZ10kOsmzuOTwo=] [mocas] Checking offline messages for client
[2025-06-12 22:28:13] [PuhE2QovQSqHRSZ10kOsmzuOTwo=] [mocas] No offline messages found
[2025-06-12 22:28:18] [WBs9EuR9sJkxgnopd34/B46BslQ=] [TeamSpeakUser4] Checking offline messages for client
[2025-06-12 22:28:18] [WBs9EuR9sJkxgnopd34/B46BslQ=] [TeamSpeakUser4] No offline messages found
[2025-06-12 22:29:25] [oBW8vS9W7UZJzlKtSZe6sIHCfo0=] [Venta] Checking offline messages for client
[2025-06-12 22:29:25] [oBW8vS9W7UZJzlKtSZe6sIHCfo0=] [Venta] No offline messages found
[2025-06-12 22:32:43] [CnsaFLBvFsaEG5TIA7bpH7+nWrU=] [ardoş] Checking offline messages for client
[2025-06-12 22:32:43] [CnsaFLBvFsaEG5TIA7bpH7+nWrU=] [ardoş] No offline messages found
[2025-06-12 22:36:02] [xzexHeipGvx6Ks8JLK8N8Ggi/lk=] [Jupiter One] Checking offline messages for client
[2025-06-12 22:36:02] [xzexHeipGvx6Ks8JLK8N8Ggi/lk=] [Jupiter One] No offline messages found
[2025-06-12 22:37:34] [UnR1QFMMqCYW7eyxyrGF93hSTxM=] [parzi] Checking offline messages for client
[2025-06-12 22:37:34] [UnR1QFMMqCYW7eyxyrGF93hSTxM=] [parzi] No offline messages found
[2025-06-12 22:40:06] [XQUDH4dR5JFRAV8+6Li/lQEpzYU=] [Vitoo] Checking offline messages for client
[2025-06-12 22:40:06] [XQUDH4dR5JFRAV8+6Li/lQEpzYU=] [Vitoo] No offline messages found
[2025-06-12 22:44:36] [ofp0lC8aE44wL4Ooasojs98NL70=] [miz-miz] Checking offline messages for client
[2025-06-12 22:44:36] [ofp0lC8aE44wL4Ooasojs98NL70=] [miz-miz] No offline messages found
[2025-06-12 22:46:25] [iazI0nO9O2fnuTRNNJc20+hUNPc=] [w1nd1x] Checking offline messages for client
[2025-06-12 22:46:25] [iazI0nO9O2fnuTRNNJc20+hUNPc=] [w1nd1x] No offline messages found
[2025-06-12 22:47:33] [VuNFAf3wIFc1IkWzOmahJ2tNnQw=] [amir-v13] Checking offline messages for client
[2025-06-12 22:47:33] [VuNFAf3wIFc1IkWzOmahJ2tNnQw=] [amir-v13] No offline messages found
[2025-06-12 22:48:13] [E+nU2jk9KqAg+8R8UYSSZZGBPMw=] [TeamSpeakUser1] Checking offline messages for client
[2025-06-12 22:48:13] [E+nU2jk9KqAg+8R8UYSSZZGBPMw=] [TeamSpeakUser1] No offline messages found
[2025-06-12 22:54:23] [fIQMBWvcEs6OFUbXvRXMRZfnH3A=] [TeamSpeakUser4] Checking offline messages for client
[2025-06-12 22:54:23] [fIQMBWvcEs6OFUbXvRXMRZfnH3A=] [TeamSpeakUser4] No offline messages found
[2025-06-12 22:58:13] [7OPNxHcTHSq+znXytBlDRPU74IQ=] [NaiRoD] Checking offline messages for client
[2025-06-12 22:58:13] [7OPNxHcTHSq+znXytBlDRPU74IQ=] [NaiRoD] No offline messages found
[2025-06-12 22:58:16] [zZrqXjAFZVEwHLvcmnJhT3t6uhk=] [Moriel] Checking offline messages for client
[2025-06-12 22:58:16] [zZrqXjAFZVEwHLvcmnJhT3t6uhk=] [Moriel] No offline messages found
[2025-06-12 22:59:06] [E+jMwboltsicqyIrRT0uORmD8yk=] [ashkan] Checking offline messages for client
[2025-06-12 22:59:06] [E+jMwboltsicqyIrRT0uORmD8yk=] [ashkan] No offline messages found
[2025-06-12 23:03:38] [hFplnszNsVWixGv+jr9PV6siVtc=] [PitcaRNNN``] Checking offline messages for client
[2025-06-12 23:03:38] [hFplnszNsVWixGv+jr9PV6siVtc=] [PitcaRNNN``] No offline messages found
[2025-06-12 23:03:47] [0WgZKkj6v4iiMp7/eG9vKSWI5qU=] [TeamSpeakUser4] Checking offline messages for client
[2025-06-12 23:03:47] [0WgZKkj6v4iiMp7/eG9vKSWI5qU=] [TeamSpeakUser4] No offline messages found
[2025-06-12 23:06:12] [3TObQhVUfEuWE+nZP3fVpACdaII=] [Джанинг] Checking offline messages for client
[2025-06-12 23:06:12] [3TObQhVUfEuWE+nZP3fVpACdaII=] [Джанинг] No offline messages found
[2025-06-12 23:14:27] [PuhE2QovQSqHRSZ10kOsmzuOTwo=] [mocas] Checking offline messages for client
[2025-06-12 23:14:27] [PuhE2QovQSqHRSZ10kOsmzuOTwo=] [mocas] No offline messages found
[2025-06-12 23:28:06] [RyNfQ7JaWQA+9q5aAgeiuRaI5Fs=] [ivo] Checking offline messages for client
[2025-06-12 23:28:06] [RyNfQ7JaWQA+9q5aAgeiuRaI5Fs=] [ivo] No offline messages found
[2025-06-12 23:28:25] [WBs9EuR9sJkxgnopd34/B46BslQ=] [TeamSpeakUser2] Checking offline messages for client
[2025-06-12 23:28:25] [WBs9EuR9sJkxgnopd34/B46BslQ=] [TeamSpeakUser2] No offline messages found
[2025-06-12 23:31:39] [jFdkhZ+dr/aGM8ON4OJBRbw9cic=] [d3yk0ne] Checking offline messages for client
[2025-06-12 23:31:39] [jFdkhZ+dr/aGM8ON4OJBRbw9cic=] [d3yk0ne] No offline messages found
[2025-06-12 23:32:10] [3dMgz1NTwQJkarASynrY1meWHdk=] [rani1] Checking offline messages for client
[2025-06-12 23:32:10] [3dMgz1NTwQJkarASynrY1meWHdk=] [rani1] No offline messages found
[2025-06-12 23:41:32] [igLR0Qw88l2utvuPuQTy5TXjVdA=] [AlvaRoniX$] Checking offline messages for client
[2025-06-12 23:41:32] [igLR0Qw88l2utvuPuQTy5TXjVdA=] [AlvaRoniX$] No offline messages found
[2025-06-12 23:55:01] [+GhUBZ/zcj+AuTFNM+CM11S3jDU=] [Nashw0w] Checking offline messages for client
[2025-06-12 23:55:01] [+GhUBZ/zcj+AuTFNM+CM11S3jDU=] [Nashw0w] No offline messages found
[2025-06-12 23:56:44] [h23Mtp4C+Cu2QmFeUTNUAMoywYE=] [AREYOUREADY;; -MÜSLÜM-] Checking offline messages for client
[2025-06-12 23:56:44] [h23Mtp4C+Cu2QmFeUTNUAMoywYE=] [AREYOUREADY;; -MÜSLÜM-] No offline messages found
[2025-06-12 23:56:59] [hNBU1Uimx39Vf7wW+uifiCA/baU=] [htdgaming ^ hüseyin] Checking offline messages for client
[2025-06-12 23:56:59] [hNBU1Uimx39Vf7wW+uifiCA/baU=] [htdgaming ^ hüseyin] No offline messages found
[2025-06-12 23:57:03] [pm/plPEzmf+p+5lo2/VNxGcua9c=] [altuN] Checking offline messages for client
[2025-06-12 23:57:03] [pm/plPEzmf+p+5lo2/VNxGcua9c=] [altuN] No offline messages found
