[2025-08-16 00:04:59] [qKySDB+20NCxnJzVQbUg/kdpOEA=] [GuNmiR_] Checking offline messages for client
[2025-08-16 00:04:59] [qKySDB+20NCxnJzVQbUg/kdpOEA=] [GuNmiR_] No offline messages found
[2025-08-16 00:07:43] [DdvfOAoep9XKOfimQ/Nit/nevWs=] [-3k] Checking offline messages for client
[2025-08-16 00:07:43] [DdvfOAoep9XKOfimQ/Nit/nevWs=] [-3k] No offline messages found
[2025-08-16 00:11:18] [OtB8/Fi/zTqtCmvCEOm37xd//Ys=] [poo] Checking offline messages for client
[2025-08-16 00:11:18] [OtB8/Fi/zTqtCmvCEOm37xd//Ys=] [poo] No offline messages found
[2025-08-16 00:11:49] [p3y14lookJnxOaey9QPtkzjlnFM=] [JannnNNN] Checking offline messages for client
[2025-08-16 00:11:49] [p3y14lookJnxOaey9QPtkzjlnFM=] [JannnNNN] No offline messages found
[2025-08-16 00:15:53] [IvPuoleyuChePKK0GR7sRhVCkJE=] [SYRUSSS] Checking offline messages for client
[2025-08-16 00:15:53] [IvPuoleyuChePKK0GR7sRhVCkJE=] [SYRUSSS] No offline messages found
[2025-08-16 00:16:49] [q2hG7xSLaZGDA2p0d4bTPVQwGrE=] [motadbicar] Checking offline messages for client
[2025-08-16 00:16:49] [q2hG7xSLaZGDA2p0d4bTPVQwGrE=] [motadbicar] No offline messages found
[2025-08-16 00:26:39] [GvKQC+0wB2vJXrx64sJ8sS41K2w=] [Pol'zovatel'] Checking offline messages for client
[2025-08-16 00:26:39] [GvKQC+0wB2vJXrx64sJ8sS41K2w=] [Pol'zovatel'] No offline messages found
[2025-08-16 00:27:20] [Qc85N0LP/ApYtG98o3Iw5qO5aUQ=] [parham] Checking offline messages for client
[2025-08-16 00:27:20] [Qc85N0LP/ApYtG98o3Iw5qO5aUQ=] [parham] No offline messages found
[2025-08-16 00:31:00] [2rkwn/jv1FIR6DqtosxYTJMsanY=] [TeamSpeakUser1] Checking offline messages for client
[2025-08-16 00:31:00] [2rkwn/jv1FIR6DqtosxYTJMsanY=] [TeamSpeakUser1] No offline messages found
[2025-08-16 00:33:01] [xhTn4opclMp+iPempLliRAnKV4I=] [ALPHA] Checking offline messages for client
[2025-08-16 00:33:01] [xhTn4opclMp+iPempLliRAnKV4I=] [ALPHA] No offline messages found
[2025-08-16 00:36:56] [ZGrMI6bNPSY3bqByYnYHBOr+Dac=] [рэдик] Checking offline messages for client
[2025-08-16 00:36:56] [ZGrMI6bNPSY3bqByYnYHBOr+Dac=] [рэдик] No offline messages found
[2025-08-16 00:39:13] [0Z2wqQcTx0kpb/KIf+NPkyv4b60=] [-W1LLL] Checking offline messages for client
[2025-08-16 00:39:13] [0Z2wqQcTx0kpb/KIf+NPkyv4b60=] [-W1LLL] No offline messages found
[2025-08-16 00:53:02] [UINiUnQ/eAgNIPOPr4tSfW+qXvo=] [Потужний Фід] Checking offline messages for client
[2025-08-16 00:53:02] [UINiUnQ/eAgNIPOPr4tSfW+qXvo=] [Потужний Фід] No offline messages found
[2025-08-16 00:54:22] [CnsaFLBvFsaEG5TIA7bpH7+nWrU=] [ardoş] Checking offline messages for client
[2025-08-16 00:54:22] [CnsaFLBvFsaEG5TIA7bpH7+nWrU=] [ardoş] No offline messages found
[2025-08-16 01:42:41] [C7NxckscL5/kGQPP6KRbYm7iI+g=] [moco] Checking offline messages for client
[2025-08-16 01:42:41] [C7NxckscL5/kGQPP6KRbYm7iI+g=] [moco] No offline messages found
[2025-08-16 01:57:04] [Kvz2fe1+lqaLMu5JYsDL9dlCP0c=] [-Nano-15] Checking offline messages for client
[2025-08-16 01:57:04] [Kvz2fe1+lqaLMu5JYsDL9dlCP0c=] [-Nano-15] No offline messages found
[2025-08-16 02:07:57] [rTLX4waWG3u3VszoJl+qUEOPyAk=] [rossy] Checking offline messages for client
[2025-08-16 02:07:57] [rTLX4waWG3u3VszoJl+qUEOPyAk=] [rossy] No offline messages found
[2025-08-16 02:08:13] [hA4u8tRBP5p5jjeOhJM8Iu7aFEk=] [Beele] Checking offline messages for client
[2025-08-16 02:08:13] [hA4u8tRBP5p5jjeOhJM8Iu7aFEk=] [Beele] No offline messages found
[2025-08-16 02:08:44] [E9RQB2AXbU1DcgVkZnzzR3adwLM=] [Niomo] Checking offline messages for client
[2025-08-16 02:08:44] [E9RQB2AXbU1DcgVkZnzzR3adwLM=] [Niomo] No offline messages found
[2025-08-16 02:08:51] [wf00wabq6k632aPubqV2ZVHFPq0=] [TeamSpeakUser1] Checking offline messages for client
[2025-08-16 02:08:51] [wf00wabq6k632aPubqV2ZVHFPq0=] [TeamSpeakUser1] No offline messages found
[2025-08-16 02:09:00] [KjF/bRKbGutsa/4o+lK8XlSOcCc=] [Peyito] Checking offline messages for client
[2025-08-16 02:09:00] [KjF/bRKbGutsa/4o+lK8XlSOcCc=] [Peyito] No offline messages found
[2025-08-16 02:09:09] [1exqGAmxXDPvU/MINtQ0JLkTiyU=] [AC/RCT J. Lopez] Checking offline messages for client
[2025-08-16 02:09:09] [1exqGAmxXDPvU/MINtQ0JLkTiyU=] [AC/RCT J. Lopez] No offline messages found
[2025-08-16 02:09:11] [ah5kqBvOe3raOqCuZtCfE/8F6u0=] [LCPL. A. Kholin |] Checking offline messages for client
[2025-08-16 02:09:11] [ah5kqBvOe3raOqCuZtCfE/8F6u0=] [LCPL. A. Kholin |] No offline messages found
[2025-08-16 02:09:25] [RefKVBitE14ERNWXvqGS8IYDHdQ=] [TeamSpeakUser1] Checking offline messages for client
[2025-08-16 02:09:25] [RefKVBitE14ERNWXvqGS8IYDHdQ=] [TeamSpeakUser1] No offline messages found
[2025-08-16 02:09:40] [Lf4vMwnzO4WNItUVhdPYxElERC0=] [LPCL. P.Sanders] Checking offline messages for client
[2025-08-16 02:09:40] [Lf4vMwnzO4WNItUVhdPYxElERC0=] [LPCL. P.Sanders] No offline messages found
[2025-08-16 02:09:53] [0jFivGiFccC7cHsSrlYI122hLg8=] [RCT. N. Gonzalez] Checking offline messages for client
[2025-08-16 02:09:53] [0jFivGiFccC7cHsSrlYI122hLg8=] [RCT. N. Gonzalez] No offline messages found
[2025-08-16 02:09:53] [0jFivGiFccC7cHsSrlYI122hLg8=] [RCT. N. Gonzalez] Checking offline messages for client
[2025-08-16 02:09:53] [0jFivGiFccC7cHsSrlYI122hLg8=] [RCT. N. Gonzalez] No offline messages found
[2025-08-16 02:09:54] [0jFivGiFccC7cHsSrlYI122hLg8=] [RCT. N. Gonzalez] Checking offline messages for client
[2025-08-16 02:09:54] [0jFivGiFccC7cHsSrlYI122hLg8=] [RCT. N. Gonzalez] No offline messages found
[2025-08-16 02:10:21] [K6ZcckimK0PyBFqmm0fHjvFkRzY=] [LCPL. P.MARTINEZ] Checking offline messages for client
[2025-08-16 02:10:21] [K6ZcckimK0PyBFqmm0fHjvFkRzY=] [LCPL. P.MARTINEZ] No offline messages found
[2025-08-16 02:10:29] [ZecEXT4FfeXYbAgW2C8UIiJcPNQ=] [belali-ZypRus?] Checking offline messages for client
[2025-08-16 02:10:29] [ZecEXT4FfeXYbAgW2C8UIiJcPNQ=] [belali-ZypRus?] No offline messages found
[2025-08-16 02:12:41] [xhTn4opclMp+iPempLliRAnKV4I=] [ALPHA] Checking offline messages for client
[2025-08-16 02:12:41] [xhTn4opclMp+iPempLliRAnKV4I=] [ALPHA] No offline messages found
[2025-08-16 02:13:41] [d6iUnZxP13RFmuivDE/Zxa+wA+w=] [Pulpo] Checking offline messages for client
[2025-08-16 02:13:41] [d6iUnZxP13RFmuivDE/Zxa+wA+w=] [Pulpo] No offline messages found
[2025-08-16 02:16:13] [O6eRYgNrKt4xg5g8w5Hs/E6oWj8=] [carlos] Checking offline messages for client
[2025-08-16 02:16:13] [O6eRYgNrKt4xg5g8w5Hs/E6oWj8=] [carlos] No offline messages found
[2025-08-16 02:28:37] [E9RQB2AXbU1DcgVkZnzzR3adwLM=] [Niomo] Checking offline messages for client
[2025-08-16 02:28:37] [E9RQB2AXbU1DcgVkZnzzR3adwLM=] [Niomo] No offline messages found
[2025-08-16 02:31:30] [VBYTUl/QkBND4TerU5HurbaY988=] [LCPL. M. Sach | MoiTatu] Checking offline messages for client
[2025-08-16 02:31:30] [VBYTUl/QkBND4TerU5HurbaY988=] [LCPL. M. Sach | MoiTatu] No offline messages found
[2025-08-16 02:32:03] [RefKVBitE14ERNWXvqGS8IYDHdQ=] [TeamSpeakUser1] Checking offline messages for client
[2025-08-16 02:32:03] [RefKVBitE14ERNWXvqGS8IYDHdQ=] [TeamSpeakUser1] No offline messages found
[2025-08-16 02:35:24] [RefKVBitE14ERNWXvqGS8IYDHdQ=] [TeamSpeakUser1] Checking offline messages for client
[2025-08-16 02:35:24] [RefKVBitE14ERNWXvqGS8IYDHdQ=] [TeamSpeakUser1] No offline messages found
[2025-08-16 02:37:15] [5lgu7nbWivH3G/HNSX3zObElQy8=] [Saul] Checking offline messages for client
[2025-08-16 02:37:15] [5lgu7nbWivH3G/HNSX3zObElQy8=] [Saul] No offline messages found
[2025-08-16 02:43:05] [kL9l5MowTsfUP8gO5F3CezdNpLc=] [Tileks] Checking offline messages for client
[2025-08-16 02:43:05] [kL9l5MowTsfUP8gO5F3CezdNpLc=] [Tileks] No offline messages found
[2025-08-16 02:43:14] [xa6D8FIW6ei0ShkOhBhw00Tmpcc=] [PipkaOtca] Checking offline messages for client
[2025-08-16 02:43:14] [xa6D8FIW6ei0ShkOhBhw00Tmpcc=] [PipkaOtca] No offline messages found
[2025-08-16 02:45:12] [6EwxQw7oRt1YOQbzeeEOWW6iyEY=] [TeamSpeakUser3] Checking offline messages for client
[2025-08-16 02:45:12] [6EwxQw7oRt1YOQbzeeEOWW6iyEY=] [TeamSpeakUser3] No offline messages found
[2025-08-16 02:47:19] [6EwxQw7oRt1YOQbzeeEOWW6iyEY=] [TeamSpeakUser3] Checking offline messages for client
[2025-08-16 02:47:19] [6EwxQw7oRt1YOQbzeeEOWW6iyEY=] [TeamSpeakUser3] No offline messages found
[2025-08-16 02:48:59] [RefKVBitE14ERNWXvqGS8IYDHdQ=] [TeamSpeakUser1] Checking offline messages for client
[2025-08-16 02:48:59] [RefKVBitE14ERNWXvqGS8IYDHdQ=] [TeamSpeakUser1] No offline messages found
[2025-08-16 02:50:09] [KjF/bRKbGutsa/4o+lK8XlSOcCc=] [Peyito] Checking offline messages for client
[2025-08-16 02:50:09] [KjF/bRKbGutsa/4o+lK8XlSOcCc=] [Peyito] No offline messages found
[2025-08-16 02:58:46] [wf00wabq6k632aPubqV2ZVHFPq0=] [TeamSpeakUser1] Checking offline messages for client
[2025-08-16 02:58:46] [wf00wabq6k632aPubqV2ZVHFPq0=] [TeamSpeakUser1] No offline messages found
[2025-08-16 03:07:15] [ah5kqBvOe3raOqCuZtCfE/8F6u0=] [LCPL. A. Kholin |] Checking offline messages for client
[2025-08-16 03:07:15] [ah5kqBvOe3raOqCuZtCfE/8F6u0=] [LCPL. A. Kholin |] No offline messages found
[2025-08-16 03:08:18] [0jFivGiFccC7cHsSrlYI122hLg8=] [RCT. N. Gonzalez] Checking offline messages for client
[2025-08-16 03:08:18] [0jFivGiFccC7cHsSrlYI122hLg8=] [RCT. N. Gonzalez] No offline messages found
[2025-08-16 03:09:59] [wf00wabq6k632aPubqV2ZVHFPq0=] [TeamSpeakUser1] Checking offline messages for client
[2025-08-16 03:09:59] [wf00wabq6k632aPubqV2ZVHFPq0=] [TeamSpeakUser1] No offline messages found
[2025-08-16 03:16:55] [O6eRYgNrKt4xg5g8w5Hs/E6oWj8=] [carlos] Checking offline messages for client
[2025-08-16 03:16:55] [O6eRYgNrKt4xg5g8w5Hs/E6oWj8=] [carlos] No offline messages found
[2025-08-16 03:20:52] [O6eRYgNrKt4xg5g8w5Hs/E6oWj8=] [carlos] Checking offline messages for client
[2025-08-16 03:20:52] [O6eRYgNrKt4xg5g8w5Hs/E6oWj8=] [carlos] No offline messages found
[2025-08-16 03:47:42] [Cji46tp2K393WPeFVB8+qBNs7Sw=] [TeamSpeakUser1] Checking offline messages for client
[2025-08-16 03:47:42] [Cji46tp2K393WPeFVB8+qBNs7Sw=] [TeamSpeakUser1] No offline messages found
[2025-08-16 03:49:26] [VjATdbHI2oEDj5aNEmxg7HiSZ6c=] [kingg2412] Checking offline messages for client
[2025-08-16 03:49:26] [VjATdbHI2oEDj5aNEmxg7HiSZ6c=] [kingg2412] No offline messages found
[2025-08-16 04:01:51] [qNsg0b7JeakWdOg/MBVUEfo+t/s=] [Chico] Checking offline messages for client
[2025-08-16 04:01:51] [qNsg0b7JeakWdOg/MBVUEfo+t/s=] [Chico] No offline messages found
[2025-08-16 04:06:23] [esphB+mG2+N8I3ntRjK04Tgvv7o=] [Phantor] Checking offline messages for client
[2025-08-16 04:06:23] [esphB+mG2+N8I3ntRjK04Tgvv7o=] [Phantor] No offline messages found
[2025-08-16 04:06:51] [Ktx9ogASfC4+idmtI9vMk1yg43w=] [SysmoUsercid=140] Checking offline messages for client
[2025-08-16 04:06:51] [Ktx9ogASfC4+idmtI9vMk1yg43w=] [SysmoUsercid=140] No offline messages found
[2025-08-16 04:19:30] [3PUL5t5Jz0KW4hyrBCzi+BArN60=] [tenshin_non] Checking offline messages for client
[2025-08-16 04:19:30] [3PUL5t5Jz0KW4hyrBCzi+BArN60=] [tenshin_non] No offline messages found
[2025-08-16 04:24:16] [jWxbfxhLxs9dPa3t1WUnys7gnbk=] [Richard_TH] Checking offline messages for client
[2025-08-16 04:24:16] [jWxbfxhLxs9dPa3t1WUnys7gnbk=] [Richard_TH] No offline messages found
[2025-08-16 04:27:03] [qNsg0b7JeakWdOg/MBVUEfo+t/s=] [Chico] Checking offline messages for client
[2025-08-16 04:27:03] [qNsg0b7JeakWdOg/MBVUEfo+t/s=] [Chico] No offline messages found
[2025-08-16 04:27:03] [qNsg0b7JeakWdOg/MBVUEfo+t/s=] [Chico] Checking offline messages for client
[2025-08-16 04:27:03] [qNsg0b7JeakWdOg/MBVUEfo+t/s=] [Chico] No offline messages found
[2025-08-16 04:27:03] [qNsg0b7JeakWdOg/MBVUEfo+t/s=] [Chico] Checking offline messages for client
[2025-08-16 04:27:03] [qNsg0b7JeakWdOg/MBVUEfo+t/s=] [Chico] No offline messages found
[2025-08-16 04:44:02] [B2fRgglzPVX7d5IDrNsAi94lUY0=] [baia] Checking offline messages for client
[2025-08-16 04:44:02] [B2fRgglzPVX7d5IDrNsAi94lUY0=] [baia] No offline messages found
[2025-08-16 04:44:03] [B2fRgglzPVX7d5IDrNsAi94lUY0=] [baia] Checking offline messages for client
[2025-08-16 04:44:03] [B2fRgglzPVX7d5IDrNsAi94lUY0=] [baia] No offline messages found
[2025-08-16 04:44:03] [B2fRgglzPVX7d5IDrNsAi94lUY0=] [baia] Checking offline messages for client
[2025-08-16 04:44:03] [B2fRgglzPVX7d5IDrNsAi94lUY0=] [baia] No offline messages found
[2025-08-16 04:47:06] [rfSlRu7uzjI8pCmk2erQZXW6+7M=] [2212312] Checking offline messages for client
[2025-08-16 04:47:06] [rfSlRu7uzjI8pCmk2erQZXW6+7M=] [2212312] No offline messages found
[2025-08-16 04:49:59] [Kvz2fe1+lqaLMu5JYsDL9dlCP0c=] [-Nano-15] Checking offline messages for client
[2025-08-16 04:49:59] [Kvz2fe1+lqaLMu5JYsDL9dlCP0c=] [-Nano-15] No offline messages found
[2025-08-16 04:50:38] [VjATdbHI2oEDj5aNEmxg7HiSZ6c=] [kingg2412] Checking offline messages for client
[2025-08-16 04:50:38] [VjATdbHI2oEDj5aNEmxg7HiSZ6c=] [kingg2412] No offline messages found
[2025-08-16 04:54:26] [ZhvWkHfrWLVjrK3fFImU+a6eDAM=] [ratera] Checking offline messages for client
[2025-08-16 04:54:26] [ZhvWkHfrWLVjrK3fFImU+a6eDAM=] [ratera] No offline messages found
[2025-08-16 05:40:04] [Kvz2fe1+lqaLMu5JYsDL9dlCP0c=] [-Nano-15] Checking offline messages for client
[2025-08-16 05:40:04] [Kvz2fe1+lqaLMu5JYsDL9dlCP0c=] [-Nano-15] No offline messages found
[2025-08-16 06:04:18] [ZhvWkHfrWLVjrK3fFImU+a6eDAM=] [ratera] Checking offline messages for client
[2025-08-16 06:04:18] [ZhvWkHfrWLVjrK3fFImU+a6eDAM=] [ratera] No offline messages found
[2025-08-16 06:05:50] [O6eRYgNrKt4xg5g8w5Hs/E6oWj8=] [carlos] Checking offline messages for client
[2025-08-16 06:05:50] [O6eRYgNrKt4xg5g8w5Hs/E6oWj8=] [carlos] No offline messages found
[2025-08-16 06:07:58] [esphB+mG2+N8I3ntRjK04Tgvv7o=] [Phantor] Checking offline messages for client
[2025-08-16 06:07:58] [esphB+mG2+N8I3ntRjK04Tgvv7o=] [Phantor] No offline messages found
[2025-08-16 07:23:57] [SAxmY30lp/FCdLuBwyja/sQ1/2E=] [Mudock] Checking offline messages for client
[2025-08-16 07:23:57] [SAxmY30lp/FCdLuBwyja/sQ1/2E=] [Mudock] No offline messages found
[2025-08-16 07:24:37] [SAxmY30lp/FCdLuBwyja/sQ1/2E=] [Mudock] Checking offline messages for client
[2025-08-16 07:24:37] [SAxmY30lp/FCdLuBwyja/sQ1/2E=] [Mudock] No offline messages found
[2025-08-16 07:35:18] [0TS7jt0APSegEgA9K9hIWfin7m0=] [dadaok] Checking offline messages for client
[2025-08-16 07:35:18] [0TS7jt0APSegEgA9K9hIWfin7m0=] [dadaok] No offline messages found
[2025-08-16 07:53:30] [5hddc8haxgTOmC6YnU4i/CaEPsM=] [saadf] Checking offline messages for client
[2025-08-16 07:53:30] [5hddc8haxgTOmC6YnU4i/CaEPsM=] [saadf] No offline messages found
[2025-08-16 08:03:06] [vLgVft5e9BARLqqbeBlVX0sMlpk=] [BlackDemoN (Dimon)] Checking offline messages for client
[2025-08-16 08:03:06] [vLgVft5e9BARLqqbeBlVX0sMlpk=] [BlackDemoN (Dimon)] No offline messages found
[2025-08-16 08:03:57] [jigm6/bUsOmXMFP8XUKRU6/MFsM=] [king] Checking offline messages for client
[2025-08-16 08:03:57] [jigm6/bUsOmXMFP8XUKRU6/MFsM=] [king] No offline messages found
[2025-08-16 08:44:00] [hBuNRx7tatLbgdRUYtizU91b9ds=] [Fantaz4] Checking offline messages for client
[2025-08-16 08:44:00] [hBuNRx7tatLbgdRUYtizU91b9ds=] [Fantaz4] No offline messages found
[2025-08-16 08:44:19] [hBuNRx7tatLbgdRUYtizU91b9ds=] [Fantaz4] Checking offline messages for client
[2025-08-16 08:44:19] [hBuNRx7tatLbgdRUYtizU91b9ds=] [Fantaz4] No offline messages found
[2025-08-16 08:50:54] [ofCK0P2tSISuM7pq0GIUUt9Fdr8=] [BoomЫч] Checking offline messages for client
[2025-08-16 08:50:54] [ofCK0P2tSISuM7pq0GIUUt9Fdr8=] [BoomЫч] No offline messages found
[2025-08-16 08:50:56] [rGYjkpGucsXtgz22MXCTcmT5zbg=] [Cancer] Checking offline messages for client
[2025-08-16 08:50:56] [rGYjkpGucsXtgz22MXCTcmT5zbg=] [Cancer] No offline messages found
[2025-08-16 08:53:02] [rGYjkpGucsXtgz22MXCTcmT5zbg=] [Cancer] Checking offline messages for client
[2025-08-16 08:53:02] [rGYjkpGucsXtgz22MXCTcmT5zbg=] [Cancer] No offline messages found
[2025-08-16 09:00:47] [nCg3IgBrdpaHDPrGqxP5oMzfjEo=] [побгерпобедитель] Checking offline messages for client
[2025-08-16 09:00:47] [nCg3IgBrdpaHDPrGqxP5oMzfjEo=] [побгерпобедитель] No offline messages found
[2025-08-16 09:04:01] [rGYjkpGucsXtgz22MXCTcmT5zbg=] [Cancer] Checking offline messages for client
[2025-08-16 09:04:01] [rGYjkpGucsXtgz22MXCTcmT5zbg=] [Cancer] No offline messages found
[2025-08-16 09:10:25] [AZ3QLcjjkp7x5WdDYRk+Cy+47ys=] [rebersekeadooooo] Checking offline messages for client
[2025-08-16 09:10:25] [AZ3QLcjjkp7x5WdDYRk+Cy+47ys=] [rebersekeadooooo] No offline messages found
[2025-08-16 09:13:34] [vs+7gbTKwu+h+XgDI2qVApOBkfk=] [Viko(ع)] Checking offline messages for client
[2025-08-16 09:13:34] [vs+7gbTKwu+h+XgDI2qVApOBkfk=] [Viko(ع)] No offline messages found
[2025-08-16 09:13:40] [sC96QZMY/yY8Fc9QjquVCkLiW2c=] [Amirali] Checking offline messages for client
[2025-08-16 09:13:40] [sC96QZMY/yY8Fc9QjquVCkLiW2c=] [Amirali] No offline messages found
[2025-08-16 09:20:29] [5hddc8haxgTOmC6YnU4i/CaEPsM=] [saadf] Checking offline messages for client
[2025-08-16 09:20:29] [5hddc8haxgTOmC6YnU4i/CaEPsM=] [saadf] No offline messages found
[2025-08-16 09:25:58] [VqqMrkl1n7pA9Mf9IC2BSfZFw1E=] [skr] Checking offline messages for client
[2025-08-16 09:25:58] [VqqMrkl1n7pA9Mf9IC2BSfZFw1E=] [skr] No offline messages found
[2025-08-16 09:29:26] [ol1fWyNP0btXVQI/1jkjnz3uRoI=] [BpK] Checking offline messages for client
[2025-08-16 09:29:26] [ol1fWyNP0btXVQI/1jkjnz3uRoI=] [BpK] No offline messages found
[2025-08-16 09:30:26] [5Krj33R2xRsmx1C6IPVILhFdDHs=] [f0tal] Checking offline messages for client
[2025-08-16 09:30:26] [5Krj33R2xRsmx1C6IPVILhFdDHs=] [f0tal] No offline messages found
[2025-08-16 09:30:28] [wgHhIvsFYwK1Zi7DDi7gPxqxH08=] [jestkiy] Checking offline messages for client
[2025-08-16 09:30:28] [wgHhIvsFYwK1Zi7DDi7gPxqxH08=] [jestkiy] No offline messages found
[2025-08-16 09:42:00] [4lgk8AIxD24nO55TvFlly6KF/C4=] [e6lan] Checking offline messages for client
[2025-08-16 09:42:00] [4lgk8AIxD24nO55TvFlly6KF/C4=] [e6lan] No offline messages found
[2025-08-16 09:50:52] [gITtVlfHYxsd3mvOfTblKNtJBDU=] [4iff] Checking offline messages for client
[2025-08-16 09:50:52] [gITtVlfHYxsd3mvOfTblKNtJBDU=] [4iff] No offline messages found
[2025-08-16 09:51:28] [gITtVlfHYxsd3mvOfTblKNtJBDU=] [4iff] Checking offline messages for client
[2025-08-16 09:51:28] [gITtVlfHYxsd3mvOfTblKNtJBDU=] [4iff] No offline messages found
[2025-08-16 09:54:34] [fCcgSwjCp3lS59hRDgZjAu+wSUk=] [Imperor] Checking offline messages for client
[2025-08-16 09:54:34] [fCcgSwjCp3lS59hRDgZjAu+wSUk=] [Imperor] No offline messages found
[2025-08-16 10:13:00] [hkBhnMOTE8soDHFmBL7JMnzKXrU=] [TeamSpeakUser] Checking offline messages for client
[2025-08-16 10:13:00] [hkBhnMOTE8soDHFmBL7JMnzKXrU=] [TeamSpeakUser] No offline messages found
[2025-08-16 10:13:36] [J3SOjo37jE8m14DKihWjuzFdi2U=] [qck1g] Checking offline messages for client
[2025-08-16 10:13:36] [J3SOjo37jE8m14DKihWjuzFdi2U=] [qck1g] No offline messages found
[2025-08-16 10:15:58] [J3SOjo37jE8m14DKihWjuzFdi2U=] [qck1g] Checking offline messages for client
[2025-08-16 10:15:58] [J3SOjo37jE8m14DKihWjuzFdi2U=] [qck1g] No offline messages found
[2025-08-16 10:30:07] [XUq6lat2sP336FLybn+Od5CLO5Q=] [RABOTES] Checking offline messages for client
[2025-08-16 10:30:07] [XUq6lat2sP336FLybn+Od5CLO5Q=] [RABOTES] No offline messages found
[2025-08-16 10:30:23] [rHVaTl3X/+c2AGX/xqBOVS8QpIw=] [KurtaBesidaTV] Checking offline messages for client
[2025-08-16 10:30:23] [rHVaTl3X/+c2AGX/xqBOVS8QpIw=] [KurtaBesidaTV] No offline messages found
[2025-08-16 10:33:35] [pk6Dj75dqla+na0nUbeKLR+Wun4=] [b0Nd] Checking offline messages for client
[2025-08-16 10:33:35] [pk6Dj75dqla+na0nUbeKLR+Wun4=] [b0Nd] No offline messages found
[2025-08-16 10:36:19] [okAS4MItxAY57Lxjegg77SGArWs=] [Aura_Kone] Checking offline messages for client
[2025-08-16 10:36:19] [okAS4MItxAY57Lxjegg77SGArWs=] [Aura_Kone] No offline messages found
[2025-08-16 10:40:14] [5hddc8haxgTOmC6YnU4i/CaEPsM=] [saadf] Checking offline messages for client
[2025-08-16 10:40:14] [5hddc8haxgTOmC6YnU4i/CaEPsM=] [saadf] No offline messages found
[2025-08-16 10:40:27] [7IfhiVJqPvgzaT8q6UzCUD1usuI=] [TeamSpeakUser1] Checking offline messages for client
[2025-08-16 10:40:27] [7IfhiVJqPvgzaT8q6UzCUD1usuI=] [TeamSpeakUser1] No offline messages found
[2025-08-16 10:47:18] [rrFteaYAWPrQHu1180PxQxKeozg=] [Gomba] Checking offline messages for client
[2025-08-16 10:47:18] [rrFteaYAWPrQHu1180PxQxKeozg=] [Gomba] No offline messages found
[2025-08-16 10:48:30] [utQqp0ZHj6i+V6JZvMMz3VqPbKU=] [Strix1_] Checking offline messages for client
[2025-08-16 10:48:30] [utQqp0ZHj6i+V6JZvMMz3VqPbKU=] [Strix1_] No offline messages found
[2025-08-16 11:04:01] [ilO9JAl5glx+WikZA6SZqmic0Iw=] [kaiizenn] Checking offline messages for client
[2025-08-16 11:04:01] [ilO9JAl5glx+WikZA6SZqmic0Iw=] [kaiizenn] No offline messages found
[2025-08-16 11:04:31] [hkBhnMOTE8soDHFmBL7JMnzKXrU=] [TeamSpeakUser] Checking offline messages for client
[2025-08-16 11:04:31] [hkBhnMOTE8soDHFmBL7JMnzKXrU=] [TeamSpeakUser] No offline messages found
[2025-08-16 11:06:02] [hkBhnMOTE8soDHFmBL7JMnzKXrU=] [TeamSpeakUser] Checking offline messages for client
[2025-08-16 11:06:02] [hkBhnMOTE8soDHFmBL7JMnzKXrU=] [TeamSpeakUser] No offline messages found
[2025-08-16 11:13:14] [x5NWjjSsshVzCfkox/peFi8iwwM=] [pzdcvsenikizanyati] Checking offline messages for client
[2025-08-16 11:13:14] [x5NWjjSsshVzCfkox/peFi8iwwM=] [pzdcvsenikizanyati] No offline messages found
[2025-08-16 11:20:51] [4/BbF+eaEIWi/yJvTN88veQPma0=] [Flavie69] Checking offline messages for client
[2025-08-16 11:20:51] [4/BbF+eaEIWi/yJvTN88veQPma0=] [Flavie69] No offline messages found
[2025-08-16 11:21:18] [WtWgpfS8UE18SW7yGXm3r1yoO/c=] [Kowismo] Checking offline messages for client
[2025-08-16 11:21:18] [WtWgpfS8UE18SW7yGXm3r1yoO/c=] [Kowismo] No offline messages found
[2025-08-16 11:26:01] [5c2sa3PhJfKo4TEu5wJxaEqysw8=] [I.am.Atomic] Checking offline messages for client
[2025-08-16 11:26:01] [5c2sa3PhJfKo4TEu5wJxaEqysw8=] [I.am.Atomic] No offline messages found
[2025-08-16 11:26:01] [5c2sa3PhJfKo4TEu5wJxaEqysw8=] [I.am.Atomic] Checking offline messages for client
[2025-08-16 11:26:01] [5c2sa3PhJfKo4TEu5wJxaEqysw8=] [I.am.Atomic] No offline messages found
[2025-08-16 11:26:02] [5c2sa3PhJfKo4TEu5wJxaEqysw8=] [I.am.Atomic] Checking offline messages for client
[2025-08-16 11:26:02] [5c2sa3PhJfKo4TEu5wJxaEqysw8=] [I.am.Atomic] No offline messages found
[2025-08-16 11:29:29] [/RAzcpvI3kkRHrR2/6cu+vbbL7E=] [HELLKEEPER] Checking offline messages for client
[2025-08-16 11:29:29] [/RAzcpvI3kkRHrR2/6cu+vbbL7E=] [HELLKEEPER] No offline messages found
[2025-08-16 11:35:59] [qQE/h4Dj4T5WaAMgAFtXauAusk8=] [fam0us] Checking offline messages for client
[2025-08-16 11:35:59] [qQE/h4Dj4T5WaAMgAFtXauAusk8=] [fam0us] No offline messages found
[2025-08-16 11:38:31] [fJ4UCNXf0LPzJyMKid43C7D1jt4=] [INMAXES] Checking offline messages for client
[2025-08-16 11:38:31] [fJ4UCNXf0LPzJyMKid43C7D1jt4=] [INMAXES] No offline messages found
[2025-08-16 11:39:40] [ofCK0P2tSISuM7pq0GIUUt9Fdr8=] [BoomЫч] Checking offline messages for client
[2025-08-16 11:39:40] [ofCK0P2tSISuM7pq0GIUUt9Fdr8=] [BoomЫч] No offline messages found
[2025-08-16 11:39:47] [mxR0OKAhvkmiQ0O4dNmPP9cQNBo=] [Fisoon] Checking offline messages for client
[2025-08-16 11:39:47] [mxR0OKAhvkmiQ0O4dNmPP9cQNBo=] [Fisoon] No offline messages found
[2025-08-16 11:40:33] [eR1RjitdHks89A8dgZlineVbxYg=] [mitsuki7] Checking offline messages for client
[2025-08-16 11:40:33] [eR1RjitdHks89A8dgZlineVbxYg=] [mitsuki7] No offline messages found
[2025-08-16 11:41:48] [mxR0OKAhvkmiQ0O4dNmPP9cQNBo=] [Fisoon] Checking offline messages for client
[2025-08-16 11:41:48] [mxR0OKAhvkmiQ0O4dNmPP9cQNBo=] [Fisoon] No offline messages found
[2025-08-16 11:42:21] [mxR0OKAhvkmiQ0O4dNmPP9cQNBo=] [Fisoon] Checking offline messages for client
[2025-08-16 11:42:21] [mxR0OKAhvkmiQ0O4dNmPP9cQNBo=] [Fisoon] No offline messages found
[2025-08-16 11:44:37] [zYawAGZUhiLdeVPemvXKS85dnPs=] [brilpill] Checking offline messages for client
[2025-08-16 11:44:37] [zYawAGZUhiLdeVPemvXKS85dnPs=] [brilpill] No offline messages found
[2025-08-16 11:53:03] [mxR0OKAhvkmiQ0O4dNmPP9cQNBo=] [Fisoon] Checking offline messages for client
[2025-08-16 11:53:03] [mxR0OKAhvkmiQ0O4dNmPP9cQNBo=] [Fisoon] No offline messages found
[2025-08-16 12:15:45] [j4lQxUVWRUlLgopGIh2SadhECrU=] [lonezzz] Checking offline messages for client
[2025-08-16 12:15:45] [j4lQxUVWRUlLgopGIh2SadhECrU=] [lonezzz] No offline messages found
[2025-08-16 12:24:48] [5PLzOWJC4hebzJXQxnDUnsGWWhQ=] [ZRUBAVEL] Checking offline messages for client
[2025-08-16 12:24:48] [5PLzOWJC4hebzJXQxnDUnsGWWhQ=] [ZRUBAVEL] No offline messages found
[2025-08-16 12:25:12] [3Mq3EB+EEk14kwWNxOyGIgo45U8=] [MATAN] Checking offline messages for client
[2025-08-16 12:25:12] [3Mq3EB+EEk14kwWNxOyGIgo45U8=] [MATAN] No offline messages found
[2025-08-16 12:28:08] [HWLzM87+yNul7zc6POACMa/NjHo=] [TeamSpeakUser] Checking offline messages for client
[2025-08-16 12:28:08] [HWLzM87+yNul7zc6POACMa/NjHo=] [TeamSpeakUser] No offline messages found
[2025-08-16 12:29:10] [TLwIP9Vx3bePxB8PgLne8QrHhrw=] [yasha-_] Checking offline messages for client
[2025-08-16 12:29:10] [TLwIP9Vx3bePxB8PgLne8QrHhrw=] [yasha-_] No offline messages found
[2025-08-16 12:29:20] [GRmt7jZLfS3A+SdGDckb2BiZEAk=] [sameqqq] Checking offline messages for client
[2025-08-16 12:29:20] [GRmt7jZLfS3A+SdGDckb2BiZEAk=] [sameqqq] No offline messages found
[2025-08-16 12:29:50] [4C7UmtlZYp4FJFr8ZXwVNyK/KME=] [w2h] Checking offline messages for client
[2025-08-16 12:29:50] [4C7UmtlZYp4FJFr8ZXwVNyK/KME=] [w2h] No offline messages found
[2025-08-16 12:30:56] [Zd6njphJMlyApPzSzPshxpQ+i54=] [-ceme] Checking offline messages for client
[2025-08-16 12:30:56] [Zd6njphJMlyApPzSzPshxpQ+i54=] [-ceme] No offline messages found
[2025-08-16 12:34:11] [j4lQxUVWRUlLgopGIh2SadhECrU=] [lonezzz] Checking offline messages for client
[2025-08-16 12:34:11] [j4lQxUVWRUlLgopGIh2SadhECrU=] [lonezzz] No offline messages found
[2025-08-16 12:35:07] [L7C6RyDj46rJ2KImJAiVMGuWyg8=] [mogulyok] Checking offline messages for client
[2025-08-16 12:35:07] [L7C6RyDj46rJ2KImJAiVMGuWyg8=] [mogulyok] No offline messages found
[2025-08-16 12:46:52] [TVYDqloG40AolgKZE51r8Arz5Ig=] [TeamSpeakUser1] Checking offline messages for client
[2025-08-16 12:46:52] [TVYDqloG40AolgKZE51r8Arz5Ig=] [TeamSpeakUser1] No offline messages found
[2025-08-16 12:53:22] [X6E5/N6c4x3DmVvfM1A7J4pIjC0=] [Omar] Checking offline messages for client
[2025-08-16 12:53:22] [X6E5/N6c4x3DmVvfM1A7J4pIjC0=] [Omar] No offline messages found
[2025-08-16 13:00:50] [J3SOjo37jE8m14DKihWjuzFdi2U=] [qck1g] Checking offline messages for client
[2025-08-16 13:00:50] [J3SOjo37jE8m14DKihWjuzFdi2U=] [qck1g] No offline messages found
[2025-08-16 13:07:09] [nrEFrg1QXE05wuZZG3BbdkciSEc=] [Dumina] Checking offline messages for client
[2025-08-16 13:07:09] [nrEFrg1QXE05wuZZG3BbdkciSEc=] [Dumina] No offline messages found
[2025-08-16 13:07:44] [5B+EB94xrwmIjHS7SOs7ZO52NeM=] [dzale] Checking offline messages for client
[2025-08-16 13:07:44] [5B+EB94xrwmIjHS7SOs7ZO52NeM=] [dzale] No offline messages found
[2025-08-16 13:08:39] [eR1RjitdHks89A8dgZlineVbxYg=] [mitsuki7] Checking offline messages for client
[2025-08-16 13:08:39] [eR1RjitdHks89A8dgZlineVbxYg=] [mitsuki7] No offline messages found
[2025-08-16 13:21:45] [TvTOgNTiqjm7swE0hlAPFfwQ3DU=] [Sculaccia troie] Checking offline messages for client
[2025-08-16 13:21:45] [TvTOgNTiqjm7swE0hlAPFfwQ3DU=] [Sculaccia troie] No offline messages found
[2025-08-16 13:22:38] [Yolrk0vLW7Jl+G3XWWoj32wvYHo=] [joy] Checking offline messages for client
[2025-08-16 13:22:38] [Yolrk0vLW7Jl+G3XWWoj32wvYHo=] [joy] No offline messages found
[2025-08-16 13:23:17] [hnH8Pkux3Af6xG46f+oe81jVdcA=] [-EscA`#] Checking offline messages for client
[2025-08-16 13:23:17] [hnH8Pkux3Af6xG46f+oe81jVdcA=] [-EscA`#] No offline messages found
[2025-08-16 13:23:30] [0Z2wqQcTx0kpb/KIf+NPkyv4b60=] [-W1LLL] Checking offline messages for client
[2025-08-16 13:23:30] [0Z2wqQcTx0kpb/KIf+NPkyv4b60=] [-W1LLL] No offline messages found
[2025-08-16 13:24:08] [7lkgv1NgBUC4Nbvfz0XxfSTDHSQ=] [Platonuch_UA] Checking offline messages for client
[2025-08-16 13:24:08] [7lkgv1NgBUC4Nbvfz0XxfSTDHSQ=] [Platonuch_UA] No offline messages found
[2025-08-16 13:26:23] [XUq6lat2sP336FLybn+Od5CLO5Q=] [RABOTES] Checking offline messages for client
[2025-08-16 13:26:23] [XUq6lat2sP336FLybn+Od5CLO5Q=] [RABOTES] No offline messages found
[2025-08-16 13:26:46] [HN5pYtlIXELllELcmptWdbT2sGg=] [Ngfhtly] Checking offline messages for client
[2025-08-16 13:26:46] [HN5pYtlIXELllELcmptWdbT2sGg=] [Ngfhtly] No offline messages found
[2025-08-16 13:27:06] [HN5pYtlIXELllELcmptWdbT2sGg=] [Ngfhtly] Checking offline messages for client
[2025-08-16 13:27:06] [HN5pYtlIXELllELcmptWdbT2sGg=] [Ngfhtly] No offline messages found
[2025-08-16 13:28:51] [pk6Dj75dqla+na0nUbeKLR+Wun4=] [b0Nd] Checking offline messages for client
[2025-08-16 13:28:51] [pk6Dj75dqla+na0nUbeKLR+Wun4=] [b0Nd] No offline messages found
[2025-08-16 13:33:54] [ow+Zi/O4SnJIvwHosoZ7zIvOOK8=] [shinigami] Checking offline messages for client
[2025-08-16 13:33:54] [ow+Zi/O4SnJIvwHosoZ7zIvOOK8=] [shinigami] No offline messages found
[2025-08-16 13:48:55] [HN5pYtlIXELllELcmptWdbT2sGg=] [Ngfhtly] Checking offline messages for client
[2025-08-16 13:48:55] [HN5pYtlIXELllELcmptWdbT2sGg=] [Ngfhtly] No offline messages found
[2025-08-16 13:49:09] [s0jw1gPWDLwhiQnb4kOf3uPktuM=] [lueface] Checking offline messages for client
[2025-08-16 13:49:09] [s0jw1gPWDLwhiQnb4kOf3uPktuM=] [lueface] No offline messages found
[2025-08-16 13:53:10] [t/AMLS78SHaYYRe3S8fhSiN0Kbg=] [poopsi123] Checking offline messages for client
[2025-08-16 13:53:10] [t/AMLS78SHaYYRe3S8fhSiN0Kbg=] [poopsi123] No offline messages found
[2025-08-16 13:53:12] [x5NWjjSsshVzCfkox/peFi8iwwM=] [pzdcvsenikizanyati] Checking offline messages for client
[2025-08-16 13:53:12] [x5NWjjSsshVzCfkox/peFi8iwwM=] [pzdcvsenikizanyati] No offline messages found
[2025-08-16 13:53:52] [x5NWjjSsshVzCfkox/peFi8iwwM=] [pzdcvsenikizanyati] Checking offline messages for client
[2025-08-16 13:53:52] [x5NWjjSsshVzCfkox/peFi8iwwM=] [pzdcvsenikizanyati] No offline messages found
[2025-08-16 13:54:57] [x5NWjjSsshVzCfkox/peFi8iwwM=] [pzdcvsenikizanyati] Checking offline messages for client
[2025-08-16 13:54:57] [x5NWjjSsshVzCfkox/peFi8iwwM=] [pzdcvsenikizanyati] No offline messages found
[2025-08-16 14:01:54] [eIVtJkF4aw0Kdqda+3bXycC0d3c=] [TeamSpeakUser2] Checking offline messages for client
[2025-08-16 14:01:54] [eIVtJkF4aw0Kdqda+3bXycC0d3c=] [TeamSpeakUser2] No offline messages found
[2025-08-16 14:10:34] [Nqv8skHKThXJuDP8kehWibXwql8=] [TeamSpeakUser3] Checking offline messages for client
[2025-08-16 14:10:34] [Nqv8skHKThXJuDP8kehWibXwql8=] [TeamSpeakUser3] No offline messages found
[2025-08-16 14:11:56] [pk6Dj75dqla+na0nUbeKLR+Wun4=] [b0Nd] Checking offline messages for client
[2025-08-16 14:11:56] [pk6Dj75dqla+na0nUbeKLR+Wun4=] [b0Nd] No offline messages found
[2025-08-16 14:19:58] [s1cKjvWV/U2hH6YRSl2/TWstSVc=] [TeamSpeakUser4] Checking offline messages for client
[2025-08-16 14:19:58] [s1cKjvWV/U2hH6YRSl2/TWstSVc=] [TeamSpeakUser4] No offline messages found
[2025-08-16 14:20:17] [9s59R1R1a1eZoQNYdXaHdO8F/IM=] [awegawg] Checking offline messages for client
[2025-08-16 14:20:17] [9s59R1R1a1eZoQNYdXaHdO8F/IM=] [awegawg] No offline messages found
[2025-08-16 14:21:25] [YKaJKPUcO38+nmswF3rtl+ViIlg=] [TeamSpeakUser5] Checking offline messages for client
[2025-08-16 14:21:25] [YKaJKPUcO38+nmswF3rtl+ViIlg=] [TeamSpeakUser5] No offline messages found
[2025-08-16 14:26:09] [6loDKB5pFq9h9EZ8lWJAl1sRiNA=] [kagixxx] Checking offline messages for client
[2025-08-16 14:26:09] [6loDKB5pFq9h9EZ8lWJAl1sRiNA=] [kagixxx] No offline messages found
[2025-08-16 14:28:07] [y11BgGiV8m2YKs92n0w6IQprZUQ=] [Archonduhh] Checking offline messages for client
[2025-08-16 14:28:07] [y11BgGiV8m2YKs92n0w6IQprZUQ=] [Archonduhh] No offline messages found
[2025-08-16 14:33:36] [m3jwrJafD7Z1HcDm7lAZbGqtROY=] [Zi←ِô] Checking offline messages for client
[2025-08-16 14:33:36] [m3jwrJafD7Z1HcDm7lAZbGqtROY=] [Zi←ِô] No offline messages found
[2025-08-16 14:43:10] [9s59R1R1a1eZoQNYdXaHdO8F/IM=] [awegawg] Checking offline messages for client
[2025-08-16 14:43:10] [9s59R1R1a1eZoQNYdXaHdO8F/IM=] [awegawg] No offline messages found
[2025-08-16 14:45:19] [9s59R1R1a1eZoQNYdXaHdO8F/IM=] [awegawg] Checking offline messages for client
[2025-08-16 14:45:19] [9s59R1R1a1eZoQNYdXaHdO8F/IM=] [awegawg] No offline messages found
[2025-08-16 15:07:15] [zYawAGZUhiLdeVPemvXKS85dnPs=] [brilpill] Checking offline messages for client
[2025-08-16 15:07:15] [zYawAGZUhiLdeVPemvXKS85dnPs=] [brilpill] No offline messages found
[2025-08-16 15:08:10] [rGYjkpGucsXtgz22MXCTcmT5zbg=] [Cancer] Checking offline messages for client
[2025-08-16 15:08:10] [rGYjkpGucsXtgz22MXCTcmT5zbg=] [Cancer] No offline messages found
[2025-08-16 15:08:47] [gQ5C6+V5CuxoWVdapQ4LurehHGY=] [ph0x] Checking offline messages for client
[2025-08-16 15:08:47] [gQ5C6+V5CuxoWVdapQ4LurehHGY=] [ph0x] No offline messages found
[2025-08-16 15:11:20] [uehAFCMeJJDs0jSQteLGAH1Iab0=] [FF_Hamburger] Checking offline messages for client
[2025-08-16 15:11:20] [uehAFCMeJJDs0jSQteLGAH1Iab0=] [FF_Hamburger] No offline messages found
[2025-08-16 15:12:18] [igLR0Qw88l2utvuPuQTy5TXjVdA=] [AlvaRoniXs] Checking offline messages for client
[2025-08-16 15:12:18] [igLR0Qw88l2utvuPuQTy5TXjVdA=] [AlvaRoniXs] No offline messages found
[2025-08-16 15:14:13] [4/BbF+eaEIWi/yJvTN88veQPma0=] [Flavie69] Checking offline messages for client
[2025-08-16 15:14:13] [4/BbF+eaEIWi/yJvTN88veQPma0=] [Flavie69] No offline messages found
[2025-08-16 15:28:08] [U9IMfSvzj5D6AQ6a6xlapRD7cZ0=] [dayn777] Checking offline messages for client
[2025-08-16 15:28:08] [U9IMfSvzj5D6AQ6a6xlapRD7cZ0=] [dayn777] No offline messages found
[2025-08-16 15:28:18] [G831RTm365sZm+AZDB791219bVE=] [x7uned] Checking offline messages for client
[2025-08-16 15:28:18] [G831RTm365sZm+AZDB791219bVE=] [x7uned] No offline messages found
[2025-08-16 15:31:55] [zCHb8evSmyKDupgskuucCLmqCJY=] [ädluäk] Checking offline messages for client
[2025-08-16 15:31:55] [zCHb8evSmyKDupgskuucCLmqCJY=] [ädluäk] No offline messages found
[2025-08-16 15:34:15] [5B+EB94xrwmIjHS7SOs7ZO52NeM=] [dzale] Checking offline messages for client
[2025-08-16 15:34:15] [5B+EB94xrwmIjHS7SOs7ZO52NeM=] [dzale] No offline messages found
[2025-08-16 15:37:39] [TVYDqloG40AolgKZE51r8Arz5Ig=] [TeamSpeakUser1] Checking offline messages for client
[2025-08-16 15:37:39] [TVYDqloG40AolgKZE51r8Arz5Ig=] [TeamSpeakUser1] No offline messages found
[2025-08-16 15:43:36] [1Ravo69CZBfRpppm/XN/Un6sN/E=] [TitaN] Checking offline messages for client
[2025-08-16 15:43:36] [1Ravo69CZBfRpppm/XN/Un6sN/E=] [TitaN] No offline messages found
[2025-08-16 15:48:43] [5B+EB94xrwmIjHS7SOs7ZO52NeM=] [dzale] Checking offline messages for client
[2025-08-16 15:48:43] [5B+EB94xrwmIjHS7SOs7ZO52NeM=] [dzale] No offline messages found
[2025-08-16 15:53:04] [lGDSZyeJL29ONrj2W5pHJxVCs9c=] [TeamSpeakUser3] Checking offline messages for client
[2025-08-16 15:53:04] [lGDSZyeJL29ONrj2W5pHJxVCs9c=] [TeamSpeakUser3] No offline messages found
[2025-08-16 15:55:40] [Cji46tp2K393WPeFVB8+qBNs7Sw=] [TeamSpeakUser6] Checking offline messages for client
[2025-08-16 15:55:40] [Cji46tp2K393WPeFVB8+qBNs7Sw=] [TeamSpeakUser6] No offline messages found
[2025-08-16 15:56:40] [9s59R1R1a1eZoQNYdXaHdO8F/IM=] [awegawg] Checking offline messages for client
[2025-08-16 15:56:40] [9s59R1R1a1eZoQNYdXaHdO8F/IM=] [awegawg] No offline messages found
[2025-08-16 15:57:22] [Zd6njphJMlyApPzSzPshxpQ+i54=] [-ceme] Checking offline messages for client
[2025-08-16 15:57:22] [Zd6njphJMlyApPzSzPshxpQ+i54=] [-ceme] No offline messages found
[2025-08-16 15:57:22] [Zd6njphJMlyApPzSzPshxpQ+i54=] [-ceme] Checking offline messages for client
[2025-08-16 15:57:22] [Zd6njphJMlyApPzSzPshxpQ+i54=] [-ceme] No offline messages found
[2025-08-16 15:57:22] [Zd6njphJMlyApPzSzPshxpQ+i54=] [-ceme] Checking offline messages for client
[2025-08-16 15:57:22] [Zd6njphJMlyApPzSzPshxpQ+i54=] [-ceme] No offline messages found
[2025-08-16 15:57:48] [hoJEGIcZ4k52EyDlS/oBdQTor58=] [T-Dány] Checking offline messages for client
[2025-08-16 15:57:48] [hoJEGIcZ4k52EyDlS/oBdQTor58=] [T-Dány] No offline messages found
[2025-08-16 15:58:33] [EJAUg1LkK9vCvLadIGqEVIMMPOM=] [cook1ch] Checking offline messages for client
[2025-08-16 15:58:33] [EJAUg1LkK9vCvLadIGqEVIMMPOM=] [cook1ch] No offline messages found
[2025-08-16 15:59:17] [nZ136WiLZ97XVdP+cTRnE+WRCAk=] [andibandi] Checking offline messages for client
[2025-08-16 15:59:17] [nZ136WiLZ97XVdP+cTRnE+WRCAk=] [andibandi] No offline messages found
[2025-08-16 15:59:33] [70cdtlLw3loOn/Dhu5vpoWXPg5M=] [Плаки плаки лысый] Checking offline messages for client
[2025-08-16 15:59:33] [70cdtlLw3loOn/Dhu5vpoWXPg5M=] [Плаки плаки лысый] No offline messages found
[2025-08-16 15:59:37] [/mzr7m5M1AUqCTcwyiSTJ0GsHrY=] [TeamSpeakUser6] Checking offline messages for client
[2025-08-16 15:59:37] [/mzr7m5M1AUqCTcwyiSTJ0GsHrY=] [TeamSpeakUser6] No offline messages found
[2025-08-16 16:00:00] [IvPuoleyuChePKK0GR7sRhVCkJE=] [SYRUSSS] Checking offline messages for client
[2025-08-16 16:00:00] [IvPuoleyuChePKK0GR7sRhVCkJE=] [SYRUSSS] No offline messages found
[2025-08-16 16:02:37] [Yolrk0vLW7Jl+G3XWWoj32wvYHo=] [joy] Checking offline messages for client
[2025-08-16 16:02:37] [Yolrk0vLW7Jl+G3XWWoj32wvYHo=] [joy] No offline messages found
[2025-08-16 16:04:47] [TLwIP9Vx3bePxB8PgLne8QrHhrw=] [yasha-_] Checking offline messages for client
[2025-08-16 16:04:47] [TLwIP9Vx3bePxB8PgLne8QrHhrw=] [yasha-_] No offline messages found
[2025-08-16 16:08:28] [GjZUQ5uRW+YWuW2BKHBE8HKKaso=] [дашуля ипатова] Checking offline messages for client
[2025-08-16 16:08:28] [GjZUQ5uRW+YWuW2BKHBE8HKKaso=] [дашуля ипатова] No offline messages found
[2025-08-16 16:10:00] [Uho/eIJgEIh0kCc2A8fnBimiF2g=] [TeamSpeakUser7] Checking offline messages for client
[2025-08-16 16:10:00] [Uho/eIJgEIh0kCc2A8fnBimiF2g=] [TeamSpeakUser7] No offline messages found
[2025-08-16 16:11:22] [3Zuy7HrgD2tckMe6PFvuEKWBSq4=] [pashokey] Checking offline messages for client
[2025-08-16 16:11:22] [3Zuy7HrgD2tckMe6PFvuEKWBSq4=] [pashokey] No offline messages found
[2025-08-16 16:11:33] [pwxd39RdklT+c6j3HlbMzm3yWHo=] [Despaier] Checking offline messages for client
[2025-08-16 16:11:33] [pwxd39RdklT+c6j3HlbMzm3yWHo=] [Despaier] No offline messages found
[2025-08-16 16:12:38] [1bxlkLWE1YEds4euACE9lSAD0Jg=] [Mr..Fury] Checking offline messages for client
[2025-08-16 16:12:38] [1bxlkLWE1YEds4euACE9lSAD0Jg=] [Mr..Fury] No offline messages found
[2025-08-16 16:16:11] [1FdRRfdDwro5nU/BhYl8c2GAVrM=] [Мьюрт(Дима)] Checking offline messages for client
[2025-08-16 16:16:11] [1FdRRfdDwro5nU/BhYl8c2GAVrM=] [Мьюрт(Дима)] No offline messages found
[2025-08-16 16:16:18] [1FdRRfdDwro5nU/BhYl8c2GAVrM=] [Мьюрт(Дима)] Checking offline messages for client
[2025-08-16 16:16:18] [1FdRRfdDwro5nU/BhYl8c2GAVrM=] [Мьюрт(Дима)] No offline messages found
[2025-08-16 16:16:36] [1FdRRfdDwro5nU/BhYl8c2GAVrM=] [Мьюрт(Дима)] Checking offline messages for client
[2025-08-16 16:16:36] [1FdRRfdDwro5nU/BhYl8c2GAVrM=] [Мьюрт(Дима)] No offline messages found
[2025-08-16 16:17:45] [V5o+wTk6FX7pkcnjykGFujDK02Q=] [TeamSpeakUser2] Checking offline messages for client
[2025-08-16 16:17:45] [V5o+wTk6FX7pkcnjykGFujDK02Q=] [TeamSpeakUser2] No offline messages found
[2025-08-16 16:20:52] [V5o+wTk6FX7pkcnjykGFujDK02Q=] [TeamSpeakUser] Checking offline messages for client
[2025-08-16 16:20:52] [V5o+wTk6FX7pkcnjykGFujDK02Q=] [TeamSpeakUser] No offline messages found
[2025-08-16 16:26:43] [5c2sa3PhJfKo4TEu5wJxaEqysw8=] [I.am.Atomic] Checking offline messages for client
[2025-08-16 16:26:43] [5c2sa3PhJfKo4TEu5wJxaEqysw8=] [I.am.Atomic] No offline messages found
[2025-08-16 16:27:49] [yH7+WUTO9a0edxQG10YKRSCiFog=] [Angry] Checking offline messages for client
[2025-08-16 16:27:49] [yH7+WUTO9a0edxQG10YKRSCiFog=] [Angry] No offline messages found
[2025-08-16 16:30:08] [gIv03ZtQuihw+6fOW0VT0H6h6c8=] [chapa] Checking offline messages for client
[2025-08-16 16:30:08] [gIv03ZtQuihw+6fOW0VT0H6h6c8=] [chapa] No offline messages found
[2025-08-16 16:32:08] [R3WL4DAKFPttRxrEj7z86Sw0kfY=] [C1klope] Checking offline messages for client
[2025-08-16 16:32:08] [R3WL4DAKFPttRxrEj7z86Sw0kfY=] [C1klope] No offline messages found
[2025-08-16 16:42:53] [RsLFTb9VG9OQrC5jmLEaxKjH4bI=] [aswee-] Checking offline messages for client
[2025-08-16 16:42:53] [RsLFTb9VG9OQrC5jmLEaxKjH4bI=] [aswee-] No offline messages found
[2025-08-16 16:44:07] [5c2sa3PhJfKo4TEu5wJxaEqysw8=] [I.am.Atomic] Checking offline messages for client
[2025-08-16 16:44:07] [5c2sa3PhJfKo4TEu5wJxaEqysw8=] [I.am.Atomic] No offline messages found
[2025-08-16 16:44:47] [3PUL5t5Jz0KW4hyrBCzi+BArN60=] [tenshin_non] Checking offline messages for client
[2025-08-16 16:44:47] [3PUL5t5Jz0KW4hyrBCzi+BArN60=] [tenshin_non] No offline messages found
[2025-08-16 16:46:35] [jWxbfxhLxs9dPa3t1WUnys7gnbk=] [Richard_TH] Checking offline messages for client
[2025-08-16 16:46:35] [jWxbfxhLxs9dPa3t1WUnys7gnbk=] [Richard_TH] No offline messages found
[2025-08-16 16:54:56] [FjvWluljyXAl76fTQUXQDhqEdXg=] [sima] Checking offline messages for client
[2025-08-16 16:54:56] [FjvWluljyXAl76fTQUXQDhqEdXg=] [sima] No offline messages found
[2025-08-16 16:55:49] [J3SOjo37jE8m14DKihWjuzFdi2U=] [qck1g] Checking offline messages for client
[2025-08-16 16:55:49] [J3SOjo37jE8m14DKihWjuzFdi2U=] [qck1g] No offline messages found
[2025-08-16 16:57:11] [nrEFrg1QXE05wuZZG3BbdkciSEc=] [Dumina] Checking offline messages for client
[2025-08-16 16:57:11] [nrEFrg1QXE05wuZZG3BbdkciSEc=] [Dumina] No offline messages found
[2025-08-16 16:58:12] [7OPNxHcTHSq+znXytBlDRPU74IQ=] [NaiRoD] Checking offline messages for client
[2025-08-16 16:58:12] [7OPNxHcTHSq+znXytBlDRPU74IQ=] [NaiRoD] No offline messages found
[2025-08-16 17:00:08] [RsLFTb9VG9OQrC5jmLEaxKjH4bI=] [aswee-] Checking offline messages for client
[2025-08-16 17:00:08] [RsLFTb9VG9OQrC5jmLEaxKjH4bI=] [aswee-] No offline messages found
[2025-08-16 17:08:12] [ilO9JAl5glx+WikZA6SZqmic0Iw=] [kaiizenn] Checking offline messages for client
[2025-08-16 17:08:12] [ilO9JAl5glx+WikZA6SZqmic0Iw=] [kaiizenn] No offline messages found
[2025-08-16 17:09:30] [KyaIcVk8pL7kT250vEgVjvgWjqU=] [Qeensel] Checking offline messages for client
[2025-08-16 17:09:30] [KyaIcVk8pL7kT250vEgVjvgWjqU=] [Qeensel] No offline messages found
[2025-08-16 17:17:34] [x5NWjjSsshVzCfkox/peFi8iwwM=] [pzdcvsenikizanyati] Checking offline messages for client
[2025-08-16 17:17:34] [x5NWjjSsshVzCfkox/peFi8iwwM=] [pzdcvsenikizanyati] No offline messages found
[2025-08-16 17:18:30] [rGYjkpGucsXtgz22MXCTcmT5zbg=] [Cancer] Checking offline messages for client
[2025-08-16 17:18:30] [rGYjkpGucsXtgz22MXCTcmT5zbg=] [Cancer] No offline messages found
[2025-08-16 17:21:45] [ktT/SftpCnxHE/8DJjKjzUnQ3AY=] [EJEX] Checking offline messages for client
[2025-08-16 17:21:45] [ktT/SftpCnxHE/8DJjKjzUnQ3AY=] [EJEX] No offline messages found
[2025-08-16 17:21:45] [MHmdoAL2tS4k9FBfzlhXVa1GOyY=] [devl1] Checking offline messages for client
[2025-08-16 17:21:45] [MHmdoAL2tS4k9FBfzlhXVa1GOyY=] [devl1] No offline messages found
[2025-08-16 17:21:45] [MHmdoAL2tS4k9FBfzlhXVa1GOyY=] [devl1] Checking offline messages for client
[2025-08-16 17:21:45] [MHmdoAL2tS4k9FBfzlhXVa1GOyY=] [devl1] No offline messages found
[2025-08-16 17:21:46] [MHmdoAL2tS4k9FBfzlhXVa1GOyY=] [devl1] Checking offline messages for client
[2025-08-16 17:21:46] [MHmdoAL2tS4k9FBfzlhXVa1GOyY=] [devl1] No offline messages found
[2025-08-16 17:22:09] [s5SoU0O6Mp2lEkoeWlMc2247gBk=] [don] Checking offline messages for client
[2025-08-16 17:22:09] [s5SoU0O6Mp2lEkoeWlMc2247gBk=] [don] No offline messages found
[2025-08-16 17:28:27] [IvPuoleyuChePKK0GR7sRhVCkJE=] [SYRUSSS] Checking offline messages for client
[2025-08-16 17:28:27] [IvPuoleyuChePKK0GR7sRhVCkJE=] [SYRUSSS] No offline messages found
[2025-08-16 17:30:46] [y0tjzT25x6psoW/uGNCGwec/niY=] [amir4k] Checking offline messages for client
[2025-08-16 17:30:46] [y0tjzT25x6psoW/uGNCGwec/niY=] [amir4k] No offline messages found
[2025-08-16 17:31:34] [IvPuoleyuChePKK0GR7sRhVCkJE=] [SYRUSSS] Checking offline messages for client
[2025-08-16 17:31:34] [IvPuoleyuChePKK0GR7sRhVCkJE=] [SYRUSSS] No offline messages found
[2025-08-16 17:31:48] [ZRJE0ISA13RmnFcasOlw68BVsNY=] [F4funder] Checking offline messages for client
[2025-08-16 17:31:48] [ZRJE0ISA13RmnFcasOlw68BVsNY=] [F4funder] No offline messages found
[2025-08-16 17:39:28] [WqJ7G2qJdQ8kspL597ANASGN6Qc=] [леха] Checking offline messages for client
[2025-08-16 17:39:28] [WqJ7G2qJdQ8kspL597ANASGN6Qc=] [леха] No offline messages found
[2025-08-16 17:42:02] [39Hn80GzU936S3hLOAjj8iP5kpg=] [Shawaj] Checking offline messages for client
[2025-08-16 17:42:02] [39Hn80GzU936S3hLOAjj8iP5kpg=] [Shawaj] No offline messages found
[2025-08-16 17:44:08] [eR1RjitdHks89A8dgZlineVbxYg=] [mitsuki7] Checking offline messages for client
[2025-08-16 17:44:08] [eR1RjitdHks89A8dgZlineVbxYg=] [mitsuki7] No offline messages found
[2025-08-16 17:54:30] [5B+EB94xrwmIjHS7SOs7ZO52NeM=] [dzale] Checking offline messages for client
[2025-08-16 17:54:30] [5B+EB94xrwmIjHS7SOs7ZO52NeM=] [dzale] No offline messages found
[2025-08-16 18:02:20] [F4Rot6aSlWU5OFZBOarP2RTzrYY=] [INSANE] Checking offline messages for client
[2025-08-16 18:02:20] [F4Rot6aSlWU5OFZBOarP2RTzrYY=] [INSANE] No offline messages found
[2025-08-16 18:03:06] [Yolrk0vLW7Jl+G3XWWoj32wvYHo=] [joy] Checking offline messages for client
[2025-08-16 18:03:06] [Yolrk0vLW7Jl+G3XWWoj32wvYHo=] [joy] No offline messages found
[2025-08-16 18:03:32] [m3jwrJafD7Z1HcDm7lAZbGqtROY=] [Zi←ِô] Checking offline messages for client
[2025-08-16 18:03:32] [m3jwrJafD7Z1HcDm7lAZbGqtROY=] [Zi←ِô] No offline messages found
[2025-08-16 18:07:42] [YKaJKPUcO38+nmswF3rtl+ViIlg=] [TeamSpeakUser2] Checking offline messages for client
[2025-08-16 18:07:42] [YKaJKPUcO38+nmswF3rtl+ViIlg=] [TeamSpeakUser2] No offline messages found
[2025-08-16 18:07:54] [fmT0/s910jET82rnMbeqaRgvDzE=] [TeamSpeakUser4] Checking offline messages for client
[2025-08-16 18:07:54] [fmT0/s910jET82rnMbeqaRgvDzE=] [TeamSpeakUser4] No offline messages found
[2025-08-16 18:08:38] [s1cKjvWV/U2hH6YRSl2/TWstSVc=] [TeamSpeakUser5] Checking offline messages for client
[2025-08-16 18:08:38] [s1cKjvWV/U2hH6YRSl2/TWstSVc=] [TeamSpeakUser5] No offline messages found
[2025-08-16 18:09:03] [8Xs7QQ3LTkoKB0LaC2gqYeW4e6o=] [avasilver] Checking offline messages for client
[2025-08-16 18:09:03] [8Xs7QQ3LTkoKB0LaC2gqYeW4e6o=] [avasilver] No offline messages found
[2025-08-16 18:09:06] [0Z2wqQcTx0kpb/KIf+NPkyv4b60=] [-W1LLL] Checking offline messages for client
[2025-08-16 18:09:06] [0Z2wqQcTx0kpb/KIf+NPkyv4b60=] [-W1LLL] No offline messages found
[2025-08-16 18:10:18] [fmT0/s910jET82rnMbeqaRgvDzE=] [TeamSpeakUser4] Checking offline messages for client
[2025-08-16 18:10:18] [fmT0/s910jET82rnMbeqaRgvDzE=] [TeamSpeakUser4] No offline messages found
[2025-08-16 18:21:08] [czJq8VhqlxMm/zy39XTQ+Np/v1c=] [Manwe] Checking offline messages for client
[2025-08-16 18:21:08] [czJq8VhqlxMm/zy39XTQ+Np/v1c=] [Manwe] No offline messages found
[2025-08-16 18:28:05] [2Lx63FxcyvHlLbs3Khbo5bJe6mY=] [Last] Checking offline messages for client
[2025-08-16 18:28:05] [2Lx63FxcyvHlLbs3Khbo5bJe6mY=] [Last] No offline messages found
[2025-08-16 18:38:36] [daLZO33ORrjt8kilU/mo70jc7KI=] [makpyn] Checking offline messages for client
[2025-08-16 18:38:36] [daLZO33ORrjt8kilU/mo70jc7KI=] [makpyn] No offline messages found
[2025-08-16 18:38:59] [dDU+qrUO+E8NJHOmrQsCvli4BEA=] [kyojin] Checking offline messages for client
[2025-08-16 18:38:59] [dDU+qrUO+E8NJHOmrQsCvli4BEA=] [kyojin] No offline messages found
[2025-08-16 18:56:40] [CAXLSUAM56Ig7tLYqBzO8Lrc+lY=] [zulul] Checking offline messages for client
[2025-08-16 18:56:40] [CAXLSUAM56Ig7tLYqBzO8Lrc+lY=] [zulul] No offline messages found
[2025-08-16 18:57:35] [NHm9pe9nRQerBwACKMK9le4XhxA=] [yigit] Checking offline messages for client
[2025-08-16 18:57:35] [NHm9pe9nRQerBwACKMK9le4XhxA=] [yigit] No offline messages found
[2025-08-16 18:57:55] [/3h5mE3KglDp3JAEJEu6hO9klXM=] [MSJesk0] Checking offline messages for client
[2025-08-16 18:57:55] [/3h5mE3KglDp3JAEJEu6hO9klXM=] [MSJesk0] No offline messages found
[2025-08-16 18:58:07] [4lgk8AIxD24nO55TvFlly6KF/C4=] [e6lan] Checking offline messages for client
[2025-08-16 18:58:07] [4lgk8AIxD24nO55TvFlly6KF/C4=] [e6lan] No offline messages found
[2025-08-16 18:58:09] [vYdB4LqF9oGqrfx8sM2nXqb21o0=] [may1kid] Checking offline messages for client
[2025-08-16 18:58:09] [vYdB4LqF9oGqrfx8sM2nXqb21o0=] [may1kid] No offline messages found
[2025-08-16 18:58:20] [+5N6fenhGV3+BGtEHkOcxCH1BnQ=] [Xyrelith] Checking offline messages for client
[2025-08-16 18:58:20] [+5N6fenhGV3+BGtEHkOcxCH1BnQ=] [Xyrelith] No offline messages found
[2025-08-16 18:58:20] [+5N6fenhGV3+BGtEHkOcxCH1BnQ=] [Xyrelith] Checking offline messages for client
[2025-08-16 18:58:20] [+5N6fenhGV3+BGtEHkOcxCH1BnQ=] [Xyrelith] No offline messages found
[2025-08-16 18:58:21] [+5N6fenhGV3+BGtEHkOcxCH1BnQ=] [Xyrelith] Checking offline messages for client
[2025-08-16 18:58:21] [+5N6fenhGV3+BGtEHkOcxCH1BnQ=] [Xyrelith] No offline messages found
[2025-08-16 18:59:03] [Atu2bljpV94nvbW9p8+qwbGfZhw=] [TeamSpeakUser] Checking offline messages for client
[2025-08-16 18:59:03] [Atu2bljpV94nvbW9p8+qwbGfZhw=] [TeamSpeakUser] No offline messages found
[2025-08-16 18:59:05] [I6jOOSBap0dJfQxxrWEXasWM9n0=] [sharfyusha] Checking offline messages for client
[2025-08-16 18:59:05] [I6jOOSBap0dJfQxxrWEXasWM9n0=] [sharfyusha] No offline messages found
[2025-08-16 19:01:32] [t/AMLS78SHaYYRe3S8fhSiN0Kbg=] [poopsi123] Checking offline messages for client
[2025-08-16 19:01:32] [t/AMLS78SHaYYRe3S8fhSiN0Kbg=] [poopsi123] No offline messages found
[2025-08-16 19:01:34] [s0jw1gPWDLwhiQnb4kOf3uPktuM=] [lueface] Checking offline messages for client
[2025-08-16 19:01:34] [s0jw1gPWDLwhiQnb4kOf3uPktuM=] [lueface] No offline messages found
[2025-08-16 19:04:46] [XBs92Q96gNtQuh/gJcemkRhcN3w=] [gothiccg] Checking offline messages for client
[2025-08-16 19:04:46] [XBs92Q96gNtQuh/gJcemkRhcN3w=] [gothiccg] No offline messages found
[2025-08-16 19:12:39] [/RAzcpvI3kkRHrR2/6cu+vbbL7E=] [HELLKEEPER] Checking offline messages for client
[2025-08-16 19:12:39] [/RAzcpvI3kkRHrR2/6cu+vbbL7E=] [HELLKEEPER] No offline messages found
[2025-08-16 19:13:02] [eR1RjitdHks89A8dgZlineVbxYg=] [mitsuki7] Checking offline messages for client
[2025-08-16 19:13:02] [eR1RjitdHks89A8dgZlineVbxYg=] [mitsuki7] No offline messages found
[2025-08-16 19:14:08] [j4lQxUVWRUlLgopGIh2SadhECrU=] [lonezzz] Checking offline messages for client
[2025-08-16 19:14:08] [j4lQxUVWRUlLgopGIh2SadhECrU=] [lonezzz] No offline messages found
[2025-08-16 19:14:08] [j4lQxUVWRUlLgopGIh2SadhECrU=] [lonezzz] Checking offline messages for client
[2025-08-16 19:14:08] [j4lQxUVWRUlLgopGIh2SadhECrU=] [lonezzz] No offline messages found
[2025-08-16 19:14:08] [j4lQxUVWRUlLgopGIh2SadhECrU=] [lonezzz] Checking offline messages for client
[2025-08-16 19:14:08] [j4lQxUVWRUlLgopGIh2SadhECrU=] [lonezzz] No offline messages found
[2025-08-16 19:17:18] [L7qRovRf/7UBeW38ly75ngISmrA=] [emirhnxnn] Checking offline messages for client
[2025-08-16 19:17:18] [L7qRovRf/7UBeW38ly75ngISmrA=] [emirhnxnn] No offline messages found
[2025-08-16 19:17:25] [yEw2QlD49AsaHiKxr3pm4VLoSMc=] [lowtabsecure] Checking offline messages for client
[2025-08-16 19:17:25] [yEw2QlD49AsaHiKxr3pm4VLoSMc=] [lowtabsecure] No offline messages found
[2025-08-16 19:17:34] [VJ3kiQhgdGQjTMcQZsjIsQhebgU=] [d3sc] Checking offline messages for client
[2025-08-16 19:17:34] [VJ3kiQhgdGQjTMcQZsjIsQhebgU=] [d3sc] No offline messages found
[2025-08-16 19:25:37] [xa6D8FIW6ei0ShkOhBhw00Tmpcc=] [PipkaOtca] Checking offline messages for client
[2025-08-16 19:25:37] [xa6D8FIW6ei0ShkOhBhw00Tmpcc=] [PipkaOtca] No offline messages found
[2025-08-16 19:26:30] [6EwxQw7oRt1YOQbzeeEOWW6iyEY=] [TeamSpeakUser3] Checking offline messages for client
[2025-08-16 19:26:30] [6EwxQw7oRt1YOQbzeeEOWW6iyEY=] [TeamSpeakUser3] No offline messages found
[2025-08-16 19:27:24] [3Zuy7HrgD2tckMe6PFvuEKWBSq4=] [pashokey] Checking offline messages for client
[2025-08-16 19:27:24] [3Zuy7HrgD2tckMe6PFvuEKWBSq4=] [pashokey] No offline messages found
[2025-08-16 19:28:25] [xa6D8FIW6ei0ShkOhBhw00Tmpcc=] [PipkaOtca] Checking offline messages for client
[2025-08-16 19:28:25] [xa6D8FIW6ei0ShkOhBhw00Tmpcc=] [PipkaOtca] No offline messages found
[2025-08-16 19:31:33] [6EwxQw7oRt1YOQbzeeEOWW6iyEY=] [TeamSpeakUser3] Checking offline messages for client
[2025-08-16 19:31:33] [6EwxQw7oRt1YOQbzeeEOWW6iyEY=] [TeamSpeakUser3] No offline messages found
[2025-08-16 19:33:25] [TvTOgNTiqjm7swE0hlAPFfwQ3DU=] [Sculaccia troie] Checking offline messages for client
[2025-08-16 19:33:25] [TvTOgNTiqjm7swE0hlAPFfwQ3DU=] [Sculaccia troie] No offline messages found
[2025-08-16 19:34:47] [KyaIcVk8pL7kT250vEgVjvgWjqU=] [Qeensel] Checking offline messages for client
[2025-08-16 19:34:47] [KyaIcVk8pL7kT250vEgVjvgWjqU=] [Qeensel] No offline messages found
[2025-08-16 19:36:33] [2N/d8TrYiIdoAFumpNjRUyPXrSA=] [TeamSpeakUser8] Checking offline messages for client
[2025-08-16 19:36:33] [2N/d8TrYiIdoAFumpNjRUyPXrSA=] [TeamSpeakUser8] No offline messages found
[2025-08-16 19:37:49] [WqJ7G2qJdQ8kspL597ANASGN6Qc=] [леха] Checking offline messages for client
[2025-08-16 19:37:49] [WqJ7G2qJdQ8kspL597ANASGN6Qc=] [леха] No offline messages found
[2025-08-16 19:40:15] [EabEuFfJWoidlJHowxz83DhK5uk=] [Rich Lich] Checking offline messages for client
[2025-08-16 19:40:15] [EabEuFfJWoidlJHowxz83DhK5uk=] [Rich Lich] No offline messages found
[2025-08-16 19:41:56] [qNsg0b7JeakWdOg/MBVUEfo+t/s=] [Chico] Checking offline messages for client
[2025-08-16 19:41:56] [qNsg0b7JeakWdOg/MBVUEfo+t/s=] [Chico] No offline messages found
[2025-08-16 19:44:17] [pVyKuo6vAY4o81l1MYnx/UDtbDc=] [fun cloud] Checking offline messages for client
[2025-08-16 19:44:17] [pVyKuo6vAY4o81l1MYnx/UDtbDc=] [fun cloud] No offline messages found
[2025-08-16 19:48:46] [raAePR7lHPhNIRleevueRUQgaPg=] [Seyit] Checking offline messages for client
[2025-08-16 19:48:46] [raAePR7lHPhNIRleevueRUQgaPg=] [Seyit] No offline messages found
[2025-08-16 19:48:56] [zQBV+zr0os6YT3ktHjBJZW0cRd8=] [Tufix] Checking offline messages for client
[2025-08-16 19:48:56] [zQBV+zr0os6YT3ktHjBJZW0cRd8=] [Tufix] No offline messages found
[2025-08-16 19:53:56] [Chs2gds0q5c5sHk5GQqGy9JmwQg=] [teaman11] Checking offline messages for client
[2025-08-16 19:53:56] [Chs2gds0q5c5sHk5GQqGy9JmwQg=] [teaman11] No offline messages found
[2025-08-16 19:54:22] [RBwh+hLI7qM/5sBbq4UPaExpE30=] [Druid Сrow 🦅] Checking offline messages for client
[2025-08-16 19:54:22] [RBwh+hLI7qM/5sBbq4UPaExpE30=] [Druid Сrow 🦅] No offline messages found
[2025-08-16 19:56:52] [HL1M4htZuC4hSl/P/HyqYlf2rf8=] [CİHO] Checking offline messages for client
[2025-08-16 19:56:52] [HL1M4htZuC4hSl/P/HyqYlf2rf8=] [CİHO] No offline messages found
[2025-08-16 19:57:09] [+QTfzoCOcfpc5pNJ24WBX/EfRAU=] [Уебище] Checking offline messages for client
[2025-08-16 19:57:09] [+QTfzoCOcfpc5pNJ24WBX/EfRAU=] [Уебище] No offline messages found
[2025-08-16 20:00:28] [fCcgSwjCp3lS59hRDgZjAu+wSUk=] [Imperor] Checking offline messages for client
[2025-08-16 20:00:28] [fCcgSwjCp3lS59hRDgZjAu+wSUk=] [Imperor] No offline messages found
[2025-08-16 20:05:41] [LfDr1oNUlXp5ze20IIFiLIgK5yQ=] [1.6fsi] Checking offline messages for client
[2025-08-16 20:05:41] [LfDr1oNUlXp5ze20IIFiLIgK5yQ=] [1.6fsi] No offline messages found
[2025-08-16 20:06:21] [qNsg0b7JeakWdOg/MBVUEfo+t/s=] [Chico] Checking offline messages for client
[2025-08-16 20:06:21] [qNsg0b7JeakWdOg/MBVUEfo+t/s=] [Chico] No offline messages found
[2025-08-16 20:06:33] [Nqv8skHKThXJuDP8kehWibXwql8=] [TeamSpeakUser7] Checking offline messages for client
[2025-08-16 20:06:33] [Nqv8skHKThXJuDP8kehWibXwql8=] [TeamSpeakUser7] No offline messages found
[2025-08-16 20:09:38] [ayHUOzBuuInw8J/HHBAIDIq0cYY=] [bohun ivan] Checking offline messages for client
[2025-08-16 20:09:38] [ayHUOzBuuInw8J/HHBAIDIq0cYY=] [bohun ivan] No offline messages found
[2025-08-16 20:13:48] [TvTOgNTiqjm7swE0hlAPFfwQ3DU=] [Sculaccia troie] Checking offline messages for client
[2025-08-16 20:13:48] [TvTOgNTiqjm7swE0hlAPFfwQ3DU=] [Sculaccia troie] No offline messages found
[2025-08-16 20:15:59] [LChIIpVKSczGXCJcvYW8G7+Rrgk=] [erik] Checking offline messages for client
[2025-08-16 20:15:59] [LChIIpVKSczGXCJcvYW8G7+Rrgk=] [erik] No offline messages found
[2025-08-16 20:16:29] [HN5pYtlIXELllELcmptWdbT2sGg=] [Ngfhtly] Checking offline messages for client
[2025-08-16 20:16:29] [HN5pYtlIXELllELcmptWdbT2sGg=] [Ngfhtly] No offline messages found
[2025-08-16 20:22:47] [sC96QZMY/yY8Fc9QjquVCkLiW2c=] [Amirali] Checking offline messages for client
[2025-08-16 20:22:47] [sC96QZMY/yY8Fc9QjquVCkLiW2c=] [Amirali] No offline messages found
[2025-08-16 20:23:04] [vs+7gbTKwu+h+XgDI2qVApOBkfk=] [Viko(ع)] Checking offline messages for client
[2025-08-16 20:23:04] [vs+7gbTKwu+h+XgDI2qVApOBkfk=] [Viko(ع)] No offline messages found
[2025-08-16 20:25:11] [HN5pYtlIXELllELcmptWdbT2sGg=] [Ngfhtly] Checking offline messages for client
[2025-08-16 20:25:11] [HN5pYtlIXELllELcmptWdbT2sGg=] [Ngfhtly] No offline messages found
[2025-08-16 20:27:09] [3q/mYOTA7gk6d5AVyjJDqgBfuU4=] [TeamSpeakUser2] Checking offline messages for client
[2025-08-16 20:27:09] [3q/mYOTA7gk6d5AVyjJDqgBfuU4=] [TeamSpeakUser2] No offline messages found
[2025-08-16 20:29:02] [Di2MaUkDvWG/4yTOmNqIBWAhaIM=] [astraiser] Checking offline messages for client
[2025-08-16 20:29:02] [Di2MaUkDvWG/4yTOmNqIBWAhaIM=] [astraiser] No offline messages found
[2025-08-16 20:29:31] [TvTOgNTiqjm7swE0hlAPFfwQ3DU=] [Sculaccia troie] Checking offline messages for client
[2025-08-16 20:29:31] [TvTOgNTiqjm7swE0hlAPFfwQ3DU=] [Sculaccia troie] No offline messages found
[2025-08-16 20:29:51] [BEg2/olv1HHNvUSRHS+tb2VFbnw=] [lilja] Checking offline messages for client
[2025-08-16 20:29:51] [BEg2/olv1HHNvUSRHS+tb2VFbnw=] [lilja] No offline messages found
[2025-08-16 20:30:08] [HN5pYtlIXELllELcmptWdbT2sGg=] [Ngfhtly] Checking offline messages for client
[2025-08-16 20:30:08] [HN5pYtlIXELllELcmptWdbT2sGg=] [Ngfhtly] No offline messages found
[2025-08-16 20:30:47] [MCH5CUuHw7qLHVegyroS34EN/pQ=] [PastA1] Checking offline messages for client
[2025-08-16 20:30:47] [MCH5CUuHw7qLHVegyroS34EN/pQ=] [PastA1] No offline messages found
[2025-08-16 20:32:10] [3oWtn5L+6IU6K2KqfHLzLNq4zKM=] [kaetanin] Checking offline messages for client
[2025-08-16 20:32:10] [3oWtn5L+6IU6K2KqfHLzLNq4zKM=] [kaetanin] No offline messages found
[2025-08-16 20:32:55] [HN5pYtlIXELllELcmptWdbT2sGg=] [Ngfhtly] Checking offline messages for client
[2025-08-16 20:32:55] [HN5pYtlIXELllELcmptWdbT2sGg=] [Ngfhtly] No offline messages found
[2025-08-16 20:33:09] [ZecEXT4FfeXYbAgW2C8UIiJcPNQ=] [belali-ZypRus?] Checking offline messages for client
[2025-08-16 20:33:09] [ZecEXT4FfeXYbAgW2C8UIiJcPNQ=] [belali-ZypRus?] No offline messages found
[2025-08-16 20:33:34] [0XIPokUUTEkn00muYiwnSCQJ4wM=] [credolls] Checking offline messages for client
[2025-08-16 20:33:34] [0XIPokUUTEkn00muYiwnSCQJ4wM=] [credolls] No offline messages found
[2025-08-16 20:33:49] [LChIIpVKSczGXCJcvYW8G7+Rrgk=] [erik] Checking offline messages for client
[2025-08-16 20:33:49] [LChIIpVKSczGXCJcvYW8G7+Rrgk=] [erik] No offline messages found
[2025-08-16 20:33:50] [HN5pYtlIXELllELcmptWdbT2sGg=] [Ngfhtly] Checking offline messages for client
[2025-08-16 20:33:50] [HN5pYtlIXELllELcmptWdbT2sGg=] [Ngfhtly] No offline messages found
[2025-08-16 20:33:50] [HN5pYtlIXELllELcmptWdbT2sGg=] [Ngfhtly] Checking offline messages for client
[2025-08-16 20:33:50] [HN5pYtlIXELllELcmptWdbT2sGg=] [Ngfhtly] No offline messages found
[2025-08-16 20:33:51] [HN5pYtlIXELllELcmptWdbT2sGg=] [Ngfhtly] Checking offline messages for client
[2025-08-16 20:33:51] [HN5pYtlIXELllELcmptWdbT2sGg=] [Ngfhtly] No offline messages found
[2025-08-16 20:34:07] [Zn/9+bT2XSO9sc6lE0+QcGA4eu4=] [sanq] Checking offline messages for client
[2025-08-16 20:34:07] [Zn/9+bT2XSO9sc6lE0+QcGA4eu4=] [sanq] No offline messages found
[2025-08-16 20:34:40] [Chs2gds0q5c5sHk5GQqGy9JmwQg=] [teaman11] Checking offline messages for client
[2025-08-16 20:34:40] [Chs2gds0q5c5sHk5GQqGy9JmwQg=] [teaman11] No offline messages found
[2025-08-16 20:35:40] [sJVGo78LjFDvUr4BSwQ47wM9c7E=] [Murchick] Checking offline messages for client
[2025-08-16 20:35:40] [sJVGo78LjFDvUr4BSwQ47wM9c7E=] [Murchick] No offline messages found
[2025-08-16 20:39:23] [7OPNxHcTHSq+znXytBlDRPU74IQ=] [NaiRoD] Checking offline messages for client
[2025-08-16 20:39:23] [7OPNxHcTHSq+znXytBlDRPU74IQ=] [NaiRoD] No offline messages found
[2025-08-16 20:39:41] [j4VaV46XhkmzcjbVPFuyIU0vCLs=] [nox] Checking offline messages for client
[2025-08-16 20:39:41] [j4VaV46XhkmzcjbVPFuyIU0vCLs=] [nox] No offline messages found
[2025-08-16 20:39:45] [GRmt7jZLfS3A+SdGDckb2BiZEAk=] [sameqqq] Checking offline messages for client
[2025-08-16 20:39:45] [GRmt7jZLfS3A+SdGDckb2BiZEAk=] [sameqqq] No offline messages found
[2025-08-16 20:41:57] [HWLzM87+yNul7zc6POACMa/NjHo=] [TeamSpeakUser5] Checking offline messages for client
[2025-08-16 20:41:57] [HWLzM87+yNul7zc6POACMa/NjHo=] [TeamSpeakUser5] No offline messages found
[2025-08-16 20:42:56] [JVYr5bKxL1SW+6/DCG+FQqC2Lyo=] [isekai] Checking offline messages for client
[2025-08-16 20:42:56] [JVYr5bKxL1SW+6/DCG+FQqC2Lyo=] [isekai] No offline messages found
[2025-08-16 20:43:44] [DdTZodlZXHjKOe/rO2QlLuhDRu0=] [_Sanitol_] Checking offline messages for client
[2025-08-16 20:43:44] [DdTZodlZXHjKOe/rO2QlLuhDRu0=] [_Sanitol_] No offline messages found
[2025-08-16 20:46:09] [8yG40ppumRoJGhu1qR/blqgqttw=] [sanka98] Checking offline messages for client
[2025-08-16 20:46:09] [8yG40ppumRoJGhu1qR/blqgqttw=] [sanka98] No offline messages found
[2025-08-16 20:46:40] [MqlyPI/U5wjPs6LHaX2Ifl+w4r8=] [timothysamuelx] Checking offline messages for client
[2025-08-16 20:46:40] [MqlyPI/U5wjPs6LHaX2Ifl+w4r8=] [timothysamuelx] No offline messages found
[2025-08-16 20:47:11] [MqlyPI/U5wjPs6LHaX2Ifl+w4r8=] [timothysamuelx] Checking offline messages for client
[2025-08-16 20:47:11] [MqlyPI/U5wjPs6LHaX2Ifl+w4r8=] [timothysamuelx] No offline messages found
[2025-08-16 20:50:29] [9+eEcAto/wSTLd5IvNiV/GTupc8=] [Alpha09] Checking offline messages for client
[2025-08-16 20:50:29] [9+eEcAto/wSTLd5IvNiV/GTupc8=] [Alpha09] No offline messages found
[2025-08-16 20:51:17] [eNxiZDOeggdj95ZNvuM5yeobkrU=] [Etienne] Checking offline messages for client
[2025-08-16 20:51:17] [eNxiZDOeggdj95ZNvuM5yeobkrU=] [Etienne] No offline messages found
[2025-08-16 20:51:38] [3IPPzokbYSPH56aq0936DKtH22I=] [Abazachkun] Checking offline messages for client
[2025-08-16 20:51:38] [3IPPzokbYSPH56aq0936DKtH22I=] [Abazachkun] No offline messages found
[2025-08-16 20:51:53] [LChIIpVKSczGXCJcvYW8G7+Rrgk=] [erik] Checking offline messages for client
[2025-08-16 20:51:53] [LChIIpVKSczGXCJcvYW8G7+Rrgk=] [erik] No offline messages found
[2025-08-16 20:52:13] [LChIIpVKSczGXCJcvYW8G7+Rrgk=] [erik] Checking offline messages for client
[2025-08-16 20:52:13] [LChIIpVKSczGXCJcvYW8G7+Rrgk=] [erik] No offline messages found
[2025-08-16 20:52:53] [LChIIpVKSczGXCJcvYW8G7+Rrgk=] [erik] Checking offline messages for client
[2025-08-16 20:52:53] [LChIIpVKSczGXCJcvYW8G7+Rrgk=] [erik] No offline messages found
[2025-08-16 20:53:15] [LChIIpVKSczGXCJcvYW8G7+Rrgk=] [erik] Checking offline messages for client
[2025-08-16 20:53:15] [LChIIpVKSczGXCJcvYW8G7+Rrgk=] [erik] No offline messages found
[2025-08-16 20:54:46] [ZhvWkHfrWLVjrK3fFImU+a6eDAM=] [ratera] Checking offline messages for client
[2025-08-16 20:54:46] [ZhvWkHfrWLVjrK3fFImU+a6eDAM=] [ratera] No offline messages found
[2025-08-16 21:02:33] [TvTOgNTiqjm7swE0hlAPFfwQ3DU=] [Sculaccia troie] Checking offline messages for client
[2025-08-16 21:02:33] [TvTOgNTiqjm7swE0hlAPFfwQ3DU=] [Sculaccia troie] Found 2 offline messages
[2025-08-16 21:02:35] [TvTOgNTiqjm7swE0hlAPFfwQ3DU=] [Sculaccia troie] Sent poke message: Your private channel has been renumbered from #0 to #30 to maintain sorting order.
[2025-08-16 21:02:35] [TvTOgNTiqjm7swE0hlAPFfwQ3DU=] [Sculaccia troie] Sent poke message: Your private channel has been renumbered from #0 to #30 to maintain sorting order.
[2025-08-16 21:02:35] [TvTOgNTiqjm7swE0hlAPFfwQ3DU=] [Sculaccia troie] Deleted 2 delivered messages from database
[2025-08-16 21:03:26] [VKNuVuuQDdO9VLj8BCq1tGrTUQk=] [CEVIKUVVET] Checking offline messages for client
[2025-08-16 21:03:26] [VKNuVuuQDdO9VLj8BCq1tGrTUQk=] [CEVIKUVVET] No offline messages found
[2025-08-16 21:07:15] [TvTOgNTiqjm7swE0hlAPFfwQ3DU=] [Sculaccia troie] Checking offline messages for client
[2025-08-16 21:07:15] [TvTOgNTiqjm7swE0hlAPFfwQ3DU=] [Sculaccia troie] No offline messages found
[2025-08-16 21:08:06] [LfDr1oNUlXp5ze20IIFiLIgK5yQ=] [1.6fsi] Checking offline messages for client
[2025-08-16 21:08:06] [LfDr1oNUlXp5ze20IIFiLIgK5yQ=] [1.6fsi] No offline messages found
[2025-08-16 21:09:59] [hUjMcppeZYeQG89H1ehSTqHW6iQ=] [Hydrastarke] Checking offline messages for client
[2025-08-16 21:09:59] [hUjMcppeZYeQG89H1ehSTqHW6iQ=] [Hydrastarke] No offline messages found
[2025-08-16 21:11:32] [A1xfpFQsaf2c9EH0PcH4vxsTE1o=] [GENERAL MOTORS] Checking offline messages for client
[2025-08-16 21:11:32] [A1xfpFQsaf2c9EH0PcH4vxsTE1o=] [GENERAL MOTORS] No offline messages found
[2025-08-16 21:12:47] [2+DmQTa9Tjq/AVbcxUpNfvFsgcE=] [Scaryslav] Checking offline messages for client
[2025-08-16 21:12:47] [2+DmQTa9Tjq/AVbcxUpNfvFsgcE=] [Scaryslav] No offline messages found
[2025-08-16 21:13:41] [X6E5/N6c4x3DmVvfM1A7J4pIjC0=] [Omar] Checking offline messages for client
[2025-08-16 21:13:41] [X6E5/N6c4x3DmVvfM1A7J4pIjC0=] [Omar] No offline messages found
[2025-08-16 21:14:01] [FJgKQXP03s4qt4cA7UpF/yAS1vU=] [Max] Checking offline messages for client
[2025-08-16 21:14:01] [FJgKQXP03s4qt4cA7UpF/yAS1vU=] [Max] No offline messages found
[2025-08-16 21:16:04] [fiWNBIZG2ioqbK7dtheFRsenFVI=] [AlexQc] Checking offline messages for client
[2025-08-16 21:16:04] [fiWNBIZG2ioqbK7dtheFRsenFVI=] [AlexQc] No offline messages found
[2025-08-16 21:16:07] [xcwFhKN0bPn1QJxV7HHekBb2PAs=] [Сика] Checking offline messages for client
[2025-08-16 21:16:07] [xcwFhKN0bPn1QJxV7HHekBb2PAs=] [Сика] No offline messages found
[2025-08-16 21:16:24] [PAPjw5ou1pxtJ/LMEXPWWL4eKGI=] [aeRR] Checking offline messages for client
[2025-08-16 21:16:24] [PAPjw5ou1pxtJ/LMEXPWWL4eKGI=] [aeRR] No offline messages found
[2025-08-16 21:19:59] [vYdB4LqF9oGqrfx8sM2nXqb21o0=] [may1kid] Checking offline messages for client
[2025-08-16 21:19:59] [vYdB4LqF9oGqrfx8sM2nXqb21o0=] [may1kid] No offline messages found
[2025-08-16 21:20:26] [C7NxckscL5/kGQPP6KRbYm7iI+g=] [moco] Checking offline messages for client
[2025-08-16 21:20:26] [C7NxckscL5/kGQPP6KRbYm7iI+g=] [moco] No offline messages found
[2025-08-16 21:20:58] [TvTOgNTiqjm7swE0hlAPFfwQ3DU=] [Sculaccia troie] Checking offline messages for client
[2025-08-16 21:20:58] [TvTOgNTiqjm7swE0hlAPFfwQ3DU=] [Sculaccia troie] No offline messages found
[2025-08-16 21:21:38] [ONvfusmFWIClbDX/sdbH1dm7g9A=] [мффмфмфмфмфм] Checking offline messages for client
[2025-08-16 21:21:38] [ONvfusmFWIClbDX/sdbH1dm7g9A=] [мффмфмфмфмфм] No offline messages found
[2025-08-16 21:23:40] [0ExFXh96hbPZO9+i08BvYxcM2Is=] [maruk] Checking offline messages for client
[2025-08-16 21:23:40] [0ExFXh96hbPZO9+i08BvYxcM2Is=] [maruk] No offline messages found
[2025-08-16 21:26:43] [3oWtn5L+6IU6K2KqfHLzLNq4zKM=] [kaetanin] Checking offline messages for client
[2025-08-16 21:26:43] [3oWtn5L+6IU6K2KqfHLzLNq4zKM=] [kaetanin] No offline messages found
[2025-08-16 21:30:16] [0ExFXh96hbPZO9+i08BvYxcM2Is=] [maruk] Checking offline messages for client
[2025-08-16 21:30:16] [0ExFXh96hbPZO9+i08BvYxcM2Is=] [maruk] No offline messages found
[2025-08-16 21:34:02] [pUCIpssKzbEhYAmtB8xcuFXcEsU=] [mostafa] Checking offline messages for client
[2025-08-16 21:34:02] [pUCIpssKzbEhYAmtB8xcuFXcEsU=] [mostafa] No offline messages found
[2025-08-16 21:42:17] [CivIdqvdtxSJX+mCOeU13yota9Y=] [digitalmix] Checking offline messages for client
[2025-08-16 21:42:17] [CivIdqvdtxSJX+mCOeU13yota9Y=] [digitalmix] No offline messages found
[2025-08-16 21:45:28] [WUFbI2wm1TirPkulhTRESNYToW0=] [sajjad] Checking offline messages for client
[2025-08-16 21:45:28] [WUFbI2wm1TirPkulhTRESNYToW0=] [sajjad] No offline messages found
[2025-08-16 21:46:33] [u791RqE0ZExL+h1JfSYlYNNhk0s=] [FataL1Day] Checking offline messages for client
[2025-08-16 21:46:33] [u791RqE0ZExL+h1JfSYlYNNhk0s=] [FataL1Day] No offline messages found
[2025-08-16 21:46:57] [u791RqE0ZExL+h1JfSYlYNNhk0s=] [FataL1Day] Checking offline messages for client
[2025-08-16 21:46:57] [u791RqE0ZExL+h1JfSYlYNNhk0s=] [FataL1Day] No offline messages found
[2025-08-16 21:47:05] [CivIdqvdtxSJX+mCOeU13yota9Y=] [digitalmix] Checking offline messages for client
[2025-08-16 21:47:05] [CivIdqvdtxSJX+mCOeU13yota9Y=] [digitalmix] No offline messages found
[2025-08-16 21:48:21] [8TeEaPqNFvSIfNUjNlFyCRxZegI=] [Florian Bingsbaum] Checking offline messages for client
[2025-08-16 21:48:21] [8TeEaPqNFvSIfNUjNlFyCRxZegI=] [Florian Bingsbaum] No offline messages found
[2025-08-16 21:48:29] [HxDcrjjP7wK8Ltl604CXiNqqV0Y=] [Justin] Checking offline messages for client
[2025-08-16 21:48:29] [HxDcrjjP7wK8Ltl604CXiNqqV0Y=] [Justin] No offline messages found
[2025-08-16 21:51:27] [iyVQVtmbSrTKhWTLGWQUmQX+5m4=] [cuffe] Checking offline messages for client
[2025-08-16 21:51:27] [iyVQVtmbSrTKhWTLGWQUmQX+5m4=] [cuffe] No offline messages found
[2025-08-16 21:54:53] [OtB8/Fi/zTqtCmvCEOm37xd//Ys=] [poo] Checking offline messages for client
[2025-08-16 21:54:53] [OtB8/Fi/zTqtCmvCEOm37xd//Ys=] [poo] No offline messages found
[2025-08-16 21:55:49] [1J9/ZPnHxEL704aM8z0q1FXAbwA=] [redan_22] Checking offline messages for client
[2025-08-16 21:55:49] [1J9/ZPnHxEL704aM8z0q1FXAbwA=] [redan_22] No offline messages found
