[2025-08-12 00:00:02] [KTw+VF6m+gTCBlxPrQOWS+S0KMI=] [ego1str0ma] Checking offline messages for client
[2025-08-12 00:00:02] [KTw+VF6m+gTCBlxPrQOWS+S0KMI=] [ego1str0ma] No offline messages found
[2025-08-12 00:00:08] [M09LXQM0h1IxzpSiw7t91USRzUA=] [dolv1] Checking offline messages for client
[2025-08-12 00:00:08] [M09LXQM0h1IxzpSiw7t91USRzUA=] [dolv1] No offline messages found
[2025-08-12 00:01:02] [CivIdqvdtxSJX+mCOeU13yota9Y=] [digitalmix] Checking offline messages for client
[2025-08-12 00:01:02] [CivIdqvdtxSJX+mCOeU13yota9Y=] [digitalmix] No offline messages found
[2025-08-12 00:01:03] [CivIdqvdtxSJX+mCOeU13yota9Y=] [digitalmix] Checking offline messages for client
[2025-08-12 00:01:03] [CivIdqvdtxSJX+mCOeU13yota9Y=] [digitalmix] No offline messages found
[2025-08-12 00:01:03] [CivIdqvdtxSJX+mCOeU13yota9Y=] [digitalmix] Checking offline messages for client
[2025-08-12 00:01:03] [CivIdqvdtxSJX+mCOeU13yota9Y=] [digitalmix] No offline messages found
[2025-08-12 00:07:22] [OtB8/Fi/zTqtCmvCEOm37xd//Ys=] [poo] Checking offline messages for client
[2025-08-12 00:07:22] [OtB8/Fi/zTqtCmvCEOm37xd//Ys=] [poo] No offline messages found
[2025-08-12 00:07:32] [q2hG7xSLaZGDA2p0d4bTPVQwGrE=] [motadbicar] Checking offline messages for client
[2025-08-12 00:07:32] [q2hG7xSLaZGDA2p0d4bTPVQwGrE=] [motadbicar] No offline messages found
[2025-08-12 00:08:48] [DdvfOAoep9XKOfimQ/Nit/nevWs=] [-3k] Checking offline messages for client
[2025-08-12 00:08:48] [DdvfOAoep9XKOfimQ/Nit/nevWs=] [-3k] No offline messages found
[2025-08-12 00:09:34] [q2hG7xSLaZGDA2p0d4bTPVQwGrE=] [motadbicar] Checking offline messages for client
[2025-08-12 00:09:34] [q2hG7xSLaZGDA2p0d4bTPVQwGrE=] [motadbicar] No offline messages found
[2025-08-12 00:09:47] [ZRJE0ISA13RmnFcasOlw68BVsNY=] [F4funder] Checking offline messages for client
[2025-08-12 00:09:47] [ZRJE0ISA13RmnFcasOlw68BVsNY=] [F4funder] No offline messages found
[2025-08-12 00:13:53] [sC96QZMY/yY8Fc9QjquVCkLiW2c=] [Amirali] Checking offline messages for client
[2025-08-12 00:13:53] [sC96QZMY/yY8Fc9QjquVCkLiW2c=] [Amirali] No offline messages found
[2025-08-12 00:30:16] [fMyy94Uc4NVBYlK317N59mmcxCg=] [TeamSpeakUser1] Checking offline messages for client
[2025-08-12 00:30:17] [fMyy94Uc4NVBYlK317N59mmcxCg=] [TeamSpeakUser1] No offline messages found
[2025-08-12 00:32:54] [/ntLdaP/4t8Wu17R5juzLOn7l3I=] [TeamSpeakUser5] Checking offline messages for client
[2025-08-12 00:32:54] [/ntLdaP/4t8Wu17R5juzLOn7l3I=] [TeamSpeakUser5] No offline messages found
[2025-08-12 00:41:45] [pUCIpssKzbEhYAmtB8xcuFXcEsU=] [mostafa] Checking offline messages for client
[2025-08-12 00:41:45] [pUCIpssKzbEhYAmtB8xcuFXcEsU=] [mostafa] No offline messages found
[2025-08-12 00:43:03] [sZQPfAhKNyJnHG1VTlCSqp382GY=] [GSavio] Checking offline messages for client
[2025-08-12 00:43:03] [sZQPfAhKNyJnHG1VTlCSqp382GY=] [GSavio] No offline messages found
[2025-08-12 00:43:54] [q2hG7xSLaZGDA2p0d4bTPVQwGrE=] [motadbicar] Checking offline messages for client
[2025-08-12 00:43:54] [q2hG7xSLaZGDA2p0d4bTPVQwGrE=] [motadbicar] No offline messages found
[2025-08-12 00:50:40] [8GrL7TtsAwbkPA/fi0CnWV4xJo0=] [ivo] Checking offline messages for client
[2025-08-12 00:50:40] [8GrL7TtsAwbkPA/fi0CnWV4xJo0=] [ivo] No offline messages found
[2025-08-12 01:03:20] [/ntLdaP/4t8Wu17R5juzLOn7l3I=] [TeamSpeakUser5] Checking offline messages for client
[2025-08-12 01:03:20] [/ntLdaP/4t8Wu17R5juzLOn7l3I=] [TeamSpeakUser5] No offline messages found
[2025-08-12 01:09:15] [qnI7tO/BboMdAQFjmSv9/gyQREY=] [batuhnn] Checking offline messages for client
[2025-08-12 01:09:15] [qnI7tO/BboMdAQFjmSv9/gyQREY=] [batuhnn] No offline messages found
[2025-08-12 01:09:51] [DkzWFjRCsm+UTvsWYYn492igLoY=] [1.6 fsi dert paket] Checking offline messages for client
[2025-08-12 01:09:51] [DkzWFjRCsm+UTvsWYYn492igLoY=] [1.6 fsi dert paket] No offline messages found
[2025-08-12 01:13:33] [ZAS1Qa3JZmWP+2XDQpEw/wr7fVU=] [TeamSpeakUser] Checking offline messages for client
[2025-08-12 01:13:33] [ZAS1Qa3JZmWP+2XDQpEw/wr7fVU=] [TeamSpeakUser] No offline messages found
[2025-08-12 01:14:20] [nDx9cx4LUAPKCAWQfGGT0ObZmSo=] [TeamSpeakUser1] Checking offline messages for client
[2025-08-12 01:14:20] [nDx9cx4LUAPKCAWQfGGT0ObZmSo=] [TeamSpeakUser1] No offline messages found
[2025-08-12 01:17:09] [sC96QZMY/yY8Fc9QjquVCkLiW2c=] [Amirali] Checking offline messages for client
[2025-08-12 01:17:09] [sC96QZMY/yY8Fc9QjquVCkLiW2c=] [Amirali] No offline messages found
[2025-08-12 01:59:18] [ONvfusmFWIClbDX/sdbH1dm7g9A=] [мффмфмфмфмфм] Checking offline messages for client
[2025-08-12 01:59:18] [ONvfusmFWIClbDX/sdbH1dm7g9A=] [мффмфмфмфмфм] No offline messages found
[2025-08-12 01:59:52] [0ExFXh96hbPZO9+i08BvYxcM2Is=] [maruk] Checking offline messages for client
[2025-08-12 01:59:52] [0ExFXh96hbPZO9+i08BvYxcM2Is=] [maruk] No offline messages found
[2025-08-12 02:03:50] [kL9l5MowTsfUP8gO5F3CezdNpLc=] [Tileks] Checking offline messages for client
[2025-08-12 02:03:50] [kL9l5MowTsfUP8gO5F3CezdNpLc=] [Tileks] No offline messages found
[2025-08-12 02:07:53] [O6eRYgNrKt4xg5g8w5Hs/E6oWj8=] [carlos] Checking offline messages for client
[2025-08-12 02:07:53] [O6eRYgNrKt4xg5g8w5Hs/E6oWj8=] [carlos] No offline messages found
[2025-08-12 02:08:39] [O6eRYgNrKt4xg5g8w5Hs/E6oWj8=] [carlos] Checking offline messages for client
[2025-08-12 02:08:39] [O6eRYgNrKt4xg5g8w5Hs/E6oWj8=] [carlos] No offline messages found
[2025-08-12 02:08:58] [hA4u8tRBP5p5jjeOhJM8Iu7aFEk=] [Beele] Checking offline messages for client
[2025-08-12 02:08:58] [hA4u8tRBP5p5jjeOhJM8Iu7aFEk=] [Beele] No offline messages found
[2025-08-12 02:09:10] [kL9l5MowTsfUP8gO5F3CezdNpLc=] [Tileks] Checking offline messages for client
[2025-08-12 02:09:10] [kL9l5MowTsfUP8gO5F3CezdNpLc=] [Tileks] No offline messages found
[2025-08-12 02:18:22] [h+YBfiqdYujil9kIM77u0/d9aiI=] [Ewin] Checking offline messages for client
[2025-08-12 02:18:22] [h+YBfiqdYujil9kIM77u0/d9aiI=] [Ewin] No offline messages found
[2025-08-12 02:18:39] [O6eRYgNrKt4xg5g8w5Hs/E6oWj8=] [carlos] Checking offline messages for client
[2025-08-12 02:18:39] [O6eRYgNrKt4xg5g8w5Hs/E6oWj8=] [carlos] No offline messages found
[2025-08-12 02:32:38] [O6eRYgNrKt4xg5g8w5Hs/E6oWj8=] [carlos] Checking offline messages for client
[2025-08-12 02:32:38] [O6eRYgNrKt4xg5g8w5Hs/E6oWj8=] [carlos] No offline messages found
[2025-08-12 02:36:05] [O6eRYgNrKt4xg5g8w5Hs/E6oWj8=] [carlos] Checking offline messages for client
[2025-08-12 02:36:05] [O6eRYgNrKt4xg5g8w5Hs/E6oWj8=] [carlos] No offline messages found
[2025-08-12 02:45:32] [xBMJD2Y2SpzPtIEf1cFbTuruz8Q=] [KAYMAKAM] Checking offline messages for client
[2025-08-12 02:45:32] [xBMJD2Y2SpzPtIEf1cFbTuruz8Q=] [KAYMAKAM] No offline messages found
[2025-08-12 02:50:49] [O6eRYgNrKt4xg5g8w5Hs/E6oWj8=] [carlos] Checking offline messages for client
[2025-08-12 02:50:49] [O6eRYgNrKt4xg5g8w5Hs/E6oWj8=] [carlos] No offline messages found
[2025-08-12 02:51:58] [qnI7tO/BboMdAQFjmSv9/gyQREY=] [batuhnn] Checking offline messages for client
[2025-08-12 02:51:58] [qnI7tO/BboMdAQFjmSv9/gyQREY=] [batuhnn] No offline messages found
[2025-08-12 02:55:49] [O6eRYgNrKt4xg5g8w5Hs/E6oWj8=] [carlos] Checking offline messages for client
[2025-08-12 02:55:49] [O6eRYgNrKt4xg5g8w5Hs/E6oWj8=] [carlos] No offline messages found
[2025-08-12 02:57:39] [3PUL5t5Jz0KW4hyrBCzi+BArN60=] [tenshin_non] Checking offline messages for client
[2025-08-12 02:57:39] [3PUL5t5Jz0KW4hyrBCzi+BArN60=] [tenshin_non] No offline messages found
[2025-08-12 02:58:09] [jWxbfxhLxs9dPa3t1WUnys7gnbk=] [Richard_TH] Checking offline messages for client
[2025-08-12 02:58:09] [jWxbfxhLxs9dPa3t1WUnys7gnbk=] [Richard_TH] No offline messages found
[2025-08-12 03:00:23] [O6eRYgNrKt4xg5g8w5Hs/E6oWj8=] [carlos] Checking offline messages for client
[2025-08-12 03:00:23] [O6eRYgNrKt4xg5g8w5Hs/E6oWj8=] [carlos] No offline messages found
[2025-08-12 03:12:40] [O6eRYgNrKt4xg5g8w5Hs/E6oWj8=] [carlos] Checking offline messages for client
[2025-08-12 03:12:40] [O6eRYgNrKt4xg5g8w5Hs/E6oWj8=] [carlos] No offline messages found
[2025-08-12 03:13:44] [jWxbfxhLxs9dPa3t1WUnys7gnbk=] [Richard_TH] Checking offline messages for client
[2025-08-12 03:13:44] [jWxbfxhLxs9dPa3t1WUnys7gnbk=] [Richard_TH] No offline messages found
[2025-08-12 03:16:37] [GEa28USf+EGbj11kOq60jgjlPDE=] [Purrin] Checking offline messages for client
[2025-08-12 03:16:37] [GEa28USf+EGbj11kOq60jgjlPDE=] [Purrin] No offline messages found
[2025-08-12 03:20:54] [Cji46tp2K393WPeFVB8+qBNs7Sw=] [TeamSpeakUser] Checking offline messages for client
[2025-08-12 03:20:54] [Cji46tp2K393WPeFVB8+qBNs7Sw=] [TeamSpeakUser] No offline messages found
[2025-08-12 03:58:31] [O6eRYgNrKt4xg5g8w5Hs/E6oWj8=] [carlos] Checking offline messages for client
[2025-08-12 03:58:31] [O6eRYgNrKt4xg5g8w5Hs/E6oWj8=] [carlos] No offline messages found
[2025-08-12 04:27:54] [Kvz2fe1+lqaLMu5JYsDL9dlCP0c=] [-Nano-15] Checking offline messages for client
[2025-08-12 04:27:54] [Kvz2fe1+lqaLMu5JYsDL9dlCP0c=] [-Nano-15] No offline messages found
[2025-08-12 04:36:18] [VjATdbHI2oEDj5aNEmxg7HiSZ6c=] [kingg2412] Checking offline messages for client
[2025-08-12 04:36:18] [VjATdbHI2oEDj5aNEmxg7HiSZ6c=] [kingg2412] No offline messages found
[2025-08-12 05:04:59] [0Kq1jABR4laahePPvEbxYlB+E7I=] [leanmaradona] Checking offline messages for client
[2025-08-12 05:04:59] [0Kq1jABR4laahePPvEbxYlB+E7I=] [leanmaradona] No offline messages found
[2025-08-12 05:19:35] [O6eRYgNrKt4xg5g8w5Hs/E6oWj8=] [carlos] Checking offline messages for client
[2025-08-12 05:19:35] [O6eRYgNrKt4xg5g8w5Hs/E6oWj8=] [carlos] No offline messages found
[2025-08-12 05:21:16] [3pjoAKNFIINTh6vUGncz6nsXBQY=] [spacebird1996] Checking offline messages for client
[2025-08-12 05:21:16] [3pjoAKNFIINTh6vUGncz6nsXBQY=] [spacebird1996] No offline messages found
[2025-08-12 08:16:28] [vLgVft5e9BARLqqbeBlVX0sMlpk=] [BlackDemoN (Dimon)] Checking offline messages for client
[2025-08-12 08:16:28] [vLgVft5e9BARLqqbeBlVX0sMlpk=] [BlackDemoN (Dimon)] No offline messages found
[2025-08-12 08:33:15] [j4VaV46XhkmzcjbVPFuyIU0vCLs=] [nox] Checking offline messages for client
[2025-08-12 08:33:15] [j4VaV46XhkmzcjbVPFuyIU0vCLs=] [nox] No offline messages found
[2025-08-12 08:33:26] [j4VaV46XhkmzcjbVPFuyIU0vCLs=] [nox] Checking offline messages for client
[2025-08-12 08:33:26] [j4VaV46XhkmzcjbVPFuyIU0vCLs=] [nox] No offline messages found
[2025-08-12 08:34:08] [j4VaV46XhkmzcjbVPFuyIU0vCLs=] [nox] Checking offline messages for client
[2025-08-12 08:34:08] [j4VaV46XhkmzcjbVPFuyIU0vCLs=] [nox] No offline messages found
[2025-08-12 08:37:31] [D3DA1cBTyvkF2WQve0bdU7cmlV4=] [rafalk] Checking offline messages for client
[2025-08-12 08:37:31] [D3DA1cBTyvkF2WQve0bdU7cmlV4=] [rafalk] No offline messages found
[2025-08-12 08:41:59] [0TS7jt0APSegEgA9K9hIWfin7m0=] [dadaok] Checking offline messages for client
[2025-08-12 08:41:59] [0TS7jt0APSegEgA9K9hIWfin7m0=] [dadaok] No offline messages found
[2025-08-12 08:42:05] [j4VaV46XhkmzcjbVPFuyIU0vCLs=] [nox] Checking offline messages for client
[2025-08-12 08:42:05] [j4VaV46XhkmzcjbVPFuyIU0vCLs=] [nox] No offline messages found
[2025-08-12 08:47:05] [hBuNRx7tatLbgdRUYtizU91b9ds=] [Fantaz4] Checking offline messages for client
[2025-08-12 08:47:05] [hBuNRx7tatLbgdRUYtizU91b9ds=] [Fantaz4] No offline messages found
[2025-08-12 08:47:23] [hBuNRx7tatLbgdRUYtizU91b9ds=] [Fantaz4] Checking offline messages for client
[2025-08-12 08:47:23] [hBuNRx7tatLbgdRUYtizU91b9ds=] [Fantaz4] No offline messages found
[2025-08-12 08:50:38] [pM39vwBC404mshweezryIEAS3ZQ=] [Columb] Checking offline messages for client
[2025-08-12 08:50:38] [pM39vwBC404mshweezryIEAS3ZQ=] [Columb] No offline messages found
[2025-08-12 08:50:43] [vLgVft5e9BARLqqbeBlVX0sMlpk=] [BlackDemoN (Dimon)] Checking offline messages for client
[2025-08-12 08:50:43] [vLgVft5e9BARLqqbeBlVX0sMlpk=] [BlackDemoN (Dimon)] No offline messages found
[2025-08-12 09:09:21] [pe0vF1REw7ytjWSvry3jwC6Ao+8=] [RYAN18] Checking offline messages for client
[2025-08-12 09:09:21] [pe0vF1REw7ytjWSvry3jwC6Ao+8=] [RYAN18] No offline messages found
[2025-08-12 09:50:12] [gITtVlfHYxsd3mvOfTblKNtJBDU=] [4iff] Checking offline messages for client
[2025-08-12 09:50:12] [gITtVlfHYxsd3mvOfTblKNtJBDU=] [4iff] No offline messages found
[2025-08-12 09:50:43] [gITtVlfHYxsd3mvOfTblKNtJBDU=] [4iff] Checking offline messages for client
[2025-08-12 09:50:43] [gITtVlfHYxsd3mvOfTblKNtJBDU=] [4iff] No offline messages found
[2025-08-12 10:31:05] [TvTOgNTiqjm7swE0hlAPFfwQ3DU=] [Sculaccia troie] Checking offline messages for client
[2025-08-12 10:31:05] [TvTOgNTiqjm7swE0hlAPFfwQ3DU=] [Sculaccia troie] No offline messages found
[2025-08-12 10:40:34] [SD17ArPLxbgW8gNb6ICI1SlcTNs=] [Nghtly] Checking offline messages for client
[2025-08-12 10:40:34] [SD17ArPLxbgW8gNb6ICI1SlcTNs=] [Nghtly] Found 1 offline messages
[2025-08-12 10:40:36] [SD17ArPLxbgW8gNb6ICI1SlcTNs=] [Nghtly] Sent poke message: Your private channel has been renumbered from #31 to #30 to maintain sorting order.
[2025-08-12 10:40:36] [SD17ArPLxbgW8gNb6ICI1SlcTNs=] [Nghtly] Deleted 1 delivered messages from database
[2025-08-12 10:57:58] [JS7AYDgRfu5aCR6EsyZfSZOd3ug=] [goran] Checking offline messages for client
[2025-08-12 10:57:58] [JS7AYDgRfu5aCR6EsyZfSZOd3ug=] [goran] No offline messages found
[2025-08-12 10:59:43] [5B+EB94xrwmIjHS7SOs7ZO52NeM=] [dzale] Checking offline messages for client
[2025-08-12 10:59:43] [5B+EB94xrwmIjHS7SOs7ZO52NeM=] [dzale] No offline messages found
[2025-08-12 11:01:24] [FjvWluljyXAl76fTQUXQDhqEdXg=] [sima] Checking offline messages for client
[2025-08-12 11:01:24] [FjvWluljyXAl76fTQUXQDhqEdXg=] [sima] No offline messages found
[2025-08-12 11:05:33] [2agmpyRklBKqWxdUHvV4ZtWgSmg=] [Ejpíček] Checking offline messages for client
[2025-08-12 11:05:33] [2agmpyRklBKqWxdUHvV4ZtWgSmg=] [Ejpíček] No offline messages found
[2025-08-12 11:06:44] [yEw2QlD49AsaHiKxr3pm4VLoSMc=] [lowtabsecure] Checking offline messages for client
[2025-08-12 11:06:44] [yEw2QlD49AsaHiKxr3pm4VLoSMc=] [lowtabsecure] No offline messages found
[2025-08-12 11:07:36] [Eq4d/7jYKn2kAAg5zxF1cBzDtR4=] [Guave345] Checking offline messages for client
[2025-08-12 11:07:36] [Eq4d/7jYKn2kAAg5zxF1cBzDtR4=] [Guave345] No offline messages found
[2025-08-12 11:08:16] [VJ3kiQhgdGQjTMcQZsjIsQhebgU=] [d3sc] Checking offline messages for client
[2025-08-12 11:08:16] [VJ3kiQhgdGQjTMcQZsjIsQhebgU=] [d3sc] No offline messages found
[2025-08-12 11:09:31] [okAS4MItxAY57Lxjegg77SGArWs=] [Aura_Kone] Checking offline messages for client
[2025-08-12 11:09:31] [okAS4MItxAY57Lxjegg77SGArWs=] [Aura_Kone] No offline messages found
[2025-08-12 11:17:40] [O7SBaJ9d+SR4fb1mFTixhqf1+nM=] [teivo] Checking offline messages for client
[2025-08-12 11:17:40] [O7SBaJ9d+SR4fb1mFTixhqf1+nM=] [teivo] No offline messages found
[2025-08-12 11:24:13] [NrinzN9i22mrI5io8FdxB4B1/Os=] [daGGetTt] Checking offline messages for client
[2025-08-12 11:24:13] [NrinzN9i22mrI5io8FdxB4B1/Os=] [daGGetTt] No offline messages found
[2025-08-12 11:25:24] [aEmjlKBkg2d9gRUFp/PPg/JRL1M=] [hui] Checking offline messages for client
[2025-08-12 11:25:24] [aEmjlKBkg2d9gRUFp/PPg/JRL1M=] [hui] No offline messages found
[2025-08-12 11:43:56] [6+WFfQ8ChK2gCAYmsNtG+tv9zmQ=] [Jeka1313] Checking offline messages for client
[2025-08-12 11:43:56] [6+WFfQ8ChK2gCAYmsNtG+tv9zmQ=] [Jeka1313] No offline messages found
[2025-08-12 11:47:11] [lq2UB9q3sw7ZaxhLgqYxoo3HdCI=] [harbach123] Checking offline messages for client
[2025-08-12 11:47:11] [lq2UB9q3sw7ZaxhLgqYxoo3HdCI=] [harbach123] No offline messages found
[2025-08-12 11:53:35] [61O6lK2EyDZv74k4hwkKKJbwuQg=] [fl4sh] Checking offline messages for client
[2025-08-12 11:53:35] [61O6lK2EyDZv74k4hwkKKJbwuQg=] [fl4sh] No offline messages found
[2025-08-12 11:57:45] [ilO9JAl5glx+WikZA6SZqmic0Iw=] [kaiizenn] Checking offline messages for client
[2025-08-12 11:57:45] [ilO9JAl5glx+WikZA6SZqmic0Iw=] [kaiizenn] No offline messages found
[2025-08-12 12:01:34] [gM6JURCoeTppFvi+so8Nrj/PdUE=] [KvaKing95] Checking offline messages for client
[2025-08-12 12:01:34] [gM6JURCoeTppFvi+so8Nrj/PdUE=] [KvaKing95] No offline messages found
[2025-08-12 12:02:49] [mu8zHBA0U1KZm37ZU8GDo7EnWqM=] [Yusoso] Checking offline messages for client
[2025-08-12 12:02:49] [mu8zHBA0U1KZm37ZU8GDo7EnWqM=] [Yusoso] No offline messages found
[2025-08-12 12:03:12] [ow+Zi/O4SnJIvwHosoZ7zIvOOK8=] [shinigami] Checking offline messages for client
[2025-08-12 12:03:12] [ow+Zi/O4SnJIvwHosoZ7zIvOOK8=] [shinigami] No offline messages found
[2025-08-12 12:04:11] [ds8MLc2wXR49h0d0qXawKh2MGek=] [dasa] Checking offline messages for client
[2025-08-12 12:04:11] [ds8MLc2wXR49h0d0qXawKh2MGek=] [dasa] No offline messages found
[2025-08-12 12:21:47] [5B+EB94xrwmIjHS7SOs7ZO52NeM=] [dzale] Checking offline messages for client
[2025-08-12 12:21:47] [5B+EB94xrwmIjHS7SOs7ZO52NeM=] [dzale] No offline messages found
[2025-08-12 12:21:47] [5B+EB94xrwmIjHS7SOs7ZO52NeM=] [dzale] Checking offline messages for client
[2025-08-12 12:21:47] [5B+EB94xrwmIjHS7SOs7ZO52NeM=] [dzale] No offline messages found
[2025-08-12 12:21:47] [5B+EB94xrwmIjHS7SOs7ZO52NeM=] [dzale] Checking offline messages for client
[2025-08-12 12:21:47] [5B+EB94xrwmIjHS7SOs7ZO52NeM=] [dzale] No offline messages found
[2025-08-12 12:22:41] [vLgVft5e9BARLqqbeBlVX0sMlpk=] [BlackDemoN (Dimon)] Checking offline messages for client
[2025-08-12 12:22:41] [vLgVft5e9BARLqqbeBlVX0sMlpk=] [BlackDemoN (Dimon)] No offline messages found
[2025-08-12 12:27:18] [mu8zHBA0U1KZm37ZU8GDo7EnWqM=] [Yusoso] Checking offline messages for client
[2025-08-12 12:27:18] [mu8zHBA0U1KZm37ZU8GDo7EnWqM=] [Yusoso] No offline messages found
[2025-08-12 12:29:34] [LgwxoONgBBy7WWHipcHbISpJnao=] [Alexander177] Checking offline messages for client
[2025-08-12 12:29:34] [LgwxoONgBBy7WWHipcHbISpJnao=] [Alexander177] No offline messages found
[2025-08-12 12:34:36] [rEI/n4l8surAfPJDLGIaAw8IPlM=] [birdseyes] Checking offline messages for client
[2025-08-12 12:34:36] [rEI/n4l8surAfPJDLGIaAw8IPlM=] [birdseyes] No offline messages found
[2025-08-12 12:37:14] [bQo7H89GrhG1jBn8E56zKHCnu6s=] [iAmzig] Checking offline messages for client
[2025-08-12 12:37:14] [bQo7H89GrhG1jBn8E56zKHCnu6s=] [iAmzig] No offline messages found
[2025-08-12 12:37:36] [igLR0Qw88l2utvuPuQTy5TXjVdA=] [AlvaRoniXs] Checking offline messages for client
[2025-08-12 12:37:36] [igLR0Qw88l2utvuPuQTy5TXjVdA=] [AlvaRoniXs] No offline messages found
[2025-08-12 12:39:27] [rEI/n4l8surAfPJDLGIaAw8IPlM=] [birdseyes] Checking offline messages for client
[2025-08-12 12:39:27] [rEI/n4l8surAfPJDLGIaAw8IPlM=] [birdseyes] No offline messages found
[2025-08-12 12:42:07] [daLZO33ORrjt8kilU/mo70jc7KI=] [makpyn] Checking offline messages for client
[2025-08-12 12:42:07] [daLZO33ORrjt8kilU/mo70jc7KI=] [makpyn] No offline messages found
[2025-08-12 12:43:26] [5PLzOWJC4hebzJXQxnDUnsGWWhQ=] [ZRUBAVEL] Checking offline messages for client
[2025-08-12 12:43:26] [5PLzOWJC4hebzJXQxnDUnsGWWhQ=] [ZRUBAVEL] No offline messages found
[2025-08-12 12:44:59] [DqaAHVINJvoA9wZuPtXvcpP5au4=] [CristiGamy] Checking offline messages for client
[2025-08-12 12:44:59] [DqaAHVINJvoA9wZuPtXvcpP5au4=] [CristiGamy] No offline messages found
[2025-08-12 12:45:00] [3Mq3EB+EEk14kwWNxOyGIgo45U8=] [MATAN] Checking offline messages for client
[2025-08-12 12:45:00] [3Mq3EB+EEk14kwWNxOyGIgo45U8=] [MATAN] No offline messages found
[2025-08-12 12:48:46] [0k7iJrGzj7haOvrih6GAxyrXHtM=] [Sebitzuu] Checking offline messages for client
[2025-08-12 12:48:46] [0k7iJrGzj7haOvrih6GAxyrXHtM=] [Sebitzuu] No offline messages found
[2025-08-12 12:50:27] [fa4VJPZN3YRM6elLc2ub2QkVDKA=] [TeamSpeakUser] Checking offline messages for client
[2025-08-12 12:50:27] [fa4VJPZN3YRM6elLc2ub2QkVDKA=] [TeamSpeakUser] No offline messages found
[2025-08-12 12:52:03] [fMyy94Uc4NVBYlK317N59mmcxCg=] [TeamSpeakUser1] Checking offline messages for client
[2025-08-12 12:52:03] [fMyy94Uc4NVBYlK317N59mmcxCg=] [TeamSpeakUser1] No offline messages found
[2025-08-12 12:53:49] [vcyn2qSMt2HUw38zEEVs8t2YTdY=] [gert401] Checking offline messages for client
[2025-08-12 12:53:49] [vcyn2qSMt2HUw38zEEVs8t2YTdY=] [gert401] No offline messages found
[2025-08-12 12:54:27] [TviYvAVU+ZIa5n8p3stOuQUS54I=] [NoMed] Checking offline messages for client
[2025-08-12 12:54:27] [TviYvAVU+ZIa5n8p3stOuQUS54I=] [NoMed] No offline messages found
[2025-08-12 13:10:04] [rEI/n4l8surAfPJDLGIaAw8IPlM=] [birdseyes] Checking offline messages for client
[2025-08-12 13:10:04] [rEI/n4l8surAfPJDLGIaAw8IPlM=] [birdseyes] No offline messages found
[2025-08-12 13:10:29] [LEU7v76OSjkoLDXI2H3LSlyrSO8=] [dante788967] Checking offline messages for client
[2025-08-12 13:10:29] [LEU7v76OSjkoLDXI2H3LSlyrSO8=] [dante788967] No offline messages found
[2025-08-12 13:14:15] [5PLzOWJC4hebzJXQxnDUnsGWWhQ=] [ZRUBAVEL] Checking offline messages for client
[2025-08-12 13:14:15] [5PLzOWJC4hebzJXQxnDUnsGWWhQ=] [ZRUBAVEL] No offline messages found
[2025-08-12 13:19:11] [u37UZKIsHRy8fpvH8qv7OuhDpEw=] [AMINOV] Checking offline messages for client
[2025-08-12 13:19:11] [u37UZKIsHRy8fpvH8qv7OuhDpEw=] [AMINOV] Found 1 offline messages
[2025-08-12 13:19:13] [u37UZKIsHRy8fpvH8qv7OuhDpEw=] [AMINOV] Sent poke message: Your private channel has been renumbered from #27 to #26 to maintain sorting order.
[2025-08-12 13:19:13] [u37UZKIsHRy8fpvH8qv7OuhDpEw=] [AMINOV] Deleted 1 delivered messages from database
[2025-08-12 13:20:00] [RBwh+hLI7qM/5sBbq4UPaExpE30=] [Druid Сrow 🦅] Checking offline messages for client
[2025-08-12 13:20:00] [RBwh+hLI7qM/5sBbq4UPaExpE30=] [Druid Сrow 🦅] No offline messages found
[2025-08-12 13:27:02] [e1vImF/pvh7c+66eD1lHGlZ9N08=] [Fornax013] Checking offline messages for client
[2025-08-12 13:27:02] [e1vImF/pvh7c+66eD1lHGlZ9N08=] [Fornax013] No offline messages found
[2025-08-12 13:32:02] [Vs8EKOeGeChef1noyNgJsKO0AH0=] [freakshow322] Checking offline messages for client
[2025-08-12 13:32:02] [Vs8EKOeGeChef1noyNgJsKO0AH0=] [freakshow322] No offline messages found
[2025-08-12 13:34:04] [eIVtJkF4aw0Kdqda+3bXycC0d3c=] [TeamSpeakUser2] Checking offline messages for client
[2025-08-12 13:34:04] [eIVtJkF4aw0Kdqda+3bXycC0d3c=] [TeamSpeakUser2] No offline messages found
[2025-08-12 13:46:13] [pwDtnLLs2MuSzFiajXUUg+jCCWI=] [ohhhhhh111] Checking offline messages for client
[2025-08-12 13:46:13] [pwDtnLLs2MuSzFiajXUUg+jCCWI=] [ohhhhhh111] No offline messages found
[2025-08-12 13:51:06] [eIVtJkF4aw0Kdqda+3bXycC0d3c=] [TeamSpeakUser2] Checking offline messages for client
[2025-08-12 13:51:06] [eIVtJkF4aw0Kdqda+3bXycC0d3c=] [TeamSpeakUser2] No offline messages found
[2025-08-12 13:59:44] [dDU+qrUO+E8NJHOmrQsCvli4BEA=] [kyojin] Checking offline messages for client
[2025-08-12 13:59:44] [dDU+qrUO+E8NJHOmrQsCvli4BEA=] [kyojin] No offline messages found
[2025-08-12 14:09:02] [hBuNRx7tatLbgdRUYtizU91b9ds=] [Fantaz4] Checking offline messages for client
[2025-08-12 14:09:02] [hBuNRx7tatLbgdRUYtizU91b9ds=] [Fantaz4] No offline messages found
[2025-08-12 14:12:51] [3Mq3EB+EEk14kwWNxOyGIgo45U8=] [MATAN] Checking offline messages for client
[2025-08-12 14:12:51] [3Mq3EB+EEk14kwWNxOyGIgo45U8=] [MATAN] No offline messages found
[2025-08-12 14:12:56] [okPB05Yw/R9uqp9oBr7M6RdxhIg=] [nam] Checking offline messages for client
[2025-08-12 14:12:56] [okPB05Yw/R9uqp9oBr7M6RdxhIg=] [nam] No offline messages found
[2025-08-12 14:13:50] [siv76zd/bPGi50hk6oBGdbhrdtQ=] [HasanCan76] Checking offline messages for client
[2025-08-12 14:13:50] [siv76zd/bPGi50hk6oBGdbhrdtQ=] [HasanCan76] No offline messages found
[2025-08-12 14:24:51] [Zd6njphJMlyApPzSzPshxpQ+i54=] [-ceme] Checking offline messages for client
[2025-08-12 14:24:51] [Zd6njphJMlyApPzSzPshxpQ+i54=] [-ceme] No offline messages found
[2025-08-12 14:24:58] [4C7UmtlZYp4FJFr8ZXwVNyK/KME=] [w2h] Checking offline messages for client
[2025-08-12 14:24:58] [4C7UmtlZYp4FJFr8ZXwVNyK/KME=] [w2h] No offline messages found
[2025-08-12 14:25:25] [Zd6njphJMlyApPzSzPshxpQ+i54=] [-ceme] Checking offline messages for client
[2025-08-12 14:25:25] [Zd6njphJMlyApPzSzPshxpQ+i54=] [-ceme] No offline messages found
[2025-08-12 14:29:30] [5B+EB94xrwmIjHS7SOs7ZO52NeM=] [dzale] Checking offline messages for client
[2025-08-12 14:29:30] [5B+EB94xrwmIjHS7SOs7ZO52NeM=] [dzale] No offline messages found
[2025-08-12 14:32:23] [z6tgkMNevYcZZbU82dmBswFMfjs=] [Dazer] Checking offline messages for client
[2025-08-12 14:32:23] [z6tgkMNevYcZZbU82dmBswFMfjs=] [Dazer] No offline messages found
[2025-08-12 14:36:49] [m3jwrJafD7Z1HcDm7lAZbGqtROY=] [Zi←ِô] Checking offline messages for client
[2025-08-12 14:36:49] [m3jwrJafD7Z1HcDm7lAZbGqtROY=] [Zi←ِô] No offline messages found
[2025-08-12 14:37:13] [OFkWTxSbLyrDSCACNU7XEePBPwg=] [shivska] Checking offline messages for client
[2025-08-12 14:37:13] [OFkWTxSbLyrDSCACNU7XEePBPwg=] [shivska] No offline messages found
[2025-08-12 14:38:23] [OFkWTxSbLyrDSCACNU7XEePBPwg=] [shivska] Checking offline messages for client
[2025-08-12 14:38:23] [OFkWTxSbLyrDSCACNU7XEePBPwg=] [shivska] No offline messages found
[2025-08-12 14:39:17] [gP2jkUaH5w6Pb9TwDgi1GArgvj4=] [SGS Rxsso] Checking offline messages for client
[2025-08-12 14:39:17] [gP2jkUaH5w6Pb9TwDgi1GArgvj4=] [SGS Rxsso] No offline messages found
[2025-08-12 14:42:09] [js9eTqL+IOrZSA4DdlGKol0ZUt8=] [mortyshop] Checking offline messages for client
[2025-08-12 14:42:09] [js9eTqL+IOrZSA4DdlGKol0ZUt8=] [mortyshop] No offline messages found
[2025-08-12 14:55:01] [Yolrk0vLW7Jl+G3XWWoj32wvYHo=] [joy] Checking offline messages for client
[2025-08-12 14:55:01] [Yolrk0vLW7Jl+G3XWWoj32wvYHo=] [joy] No offline messages found
[2025-08-12 14:58:54] [3PUL5t5Jz0KW4hyrBCzi+BArN60=] [tenshin_non] Checking offline messages for client
[2025-08-12 14:58:54] [3PUL5t5Jz0KW4hyrBCzi+BArN60=] [tenshin_non] No offline messages found
[2025-08-12 15:00:49] [jWxbfxhLxs9dPa3t1WUnys7gnbk=] [Richard_TH] Checking offline messages for client
[2025-08-12 15:00:49] [jWxbfxhLxs9dPa3t1WUnys7gnbk=] [Richard_TH] No offline messages found
[2025-08-12 15:04:35] [J3SOjo37jE8m14DKihWjuzFdi2U=] [qck1g] Checking offline messages for client
[2025-08-12 15:04:35] [J3SOjo37jE8m14DKihWjuzFdi2U=] [qck1g] No offline messages found
[2025-08-12 15:05:10] [nrEFrg1QXE05wuZZG3BbdkciSEc=] [Dumina] Checking offline messages for client
[2025-08-12 15:05:10] [nrEFrg1QXE05wuZZG3BbdkciSEc=] [Dumina] No offline messages found
[2025-08-12 15:06:27] [FjvWluljyXAl76fTQUXQDhqEdXg=] [sima] Checking offline messages for client
[2025-08-12 15:06:27] [FjvWluljyXAl76fTQUXQDhqEdXg=] [sima] No offline messages found
[2025-08-12 15:12:30] [hnH8Pkux3Af6xG46f+oe81jVdcA=] [-EscA`#] Checking offline messages for client
[2025-08-12 15:12:30] [hnH8Pkux3Af6xG46f+oe81jVdcA=] [-EscA`#] No offline messages found
[2025-08-12 15:13:35] [0Z2wqQcTx0kpb/KIf+NPkyv4b60=] [-W1LLL] Checking offline messages for client
[2025-08-12 15:13:35] [0Z2wqQcTx0kpb/KIf+NPkyv4b60=] [-W1LLL] No offline messages found
[2025-08-12 15:16:01] [Afoqb5fqgY15LPQ0jZ/iOzeosLk=] [брочачо] Checking offline messages for client
[2025-08-12 15:16:01] [Afoqb5fqgY15LPQ0jZ/iOzeosLk=] [брочачо] No offline messages found
[2025-08-12 15:16:04] [JeRDsn5NNuoif7xSE7UhSMCw9rc=] [TeamSpeakUser21] Checking offline messages for client
[2025-08-12 15:16:04] [JeRDsn5NNuoif7xSE7UhSMCw9rc=] [TeamSpeakUser21] No offline messages found
[2025-08-12 15:16:29] [xPOPrWPQum4PIXMqKPMGCRW2z7g=] [skbd] Checking offline messages for client
[2025-08-12 15:16:29] [xPOPrWPQum4PIXMqKPMGCRW2z7g=] [skbd] No offline messages found
[2025-08-12 15:16:44] [PAPjw5ou1pxtJ/LMEXPWWL4eKGI=] [aeRR] Checking offline messages for client
[2025-08-12 15:16:44] [PAPjw5ou1pxtJ/LMEXPWWL4eKGI=] [aeRR] No offline messages found
[2025-08-12 15:18:38] [ZecEXT4FfeXYbAgW2C8UIiJcPNQ=] [belali-ZypRus?] Checking offline messages for client
[2025-08-12 15:18:38] [ZecEXT4FfeXYbAgW2C8UIiJcPNQ=] [belali-ZypRus?] No offline messages found
[2025-08-12 15:20:40] [m3jwrJafD7Z1HcDm7lAZbGqtROY=] [Zi←ِô] Checking offline messages for client
[2025-08-12 15:20:40] [m3jwrJafD7Z1HcDm7lAZbGqtROY=] [Zi←ِô] No offline messages found
[2025-08-12 15:30:54] [qvf2/IsRm9TsXSmNMeDEuXuIC3s=] [Mood] Checking offline messages for client
[2025-08-12 15:30:54] [qvf2/IsRm9TsXSmNMeDEuXuIC3s=] [Mood] No offline messages found
[2025-08-12 15:42:37] [gITtVlfHYxsd3mvOfTblKNtJBDU=] [4iff] Checking offline messages for client
[2025-08-12 15:42:37] [gITtVlfHYxsd3mvOfTblKNtJBDU=] [4iff] No offline messages found
[2025-08-12 15:46:47] [VJ3kiQhgdGQjTMcQZsjIsQhebgU=] [d3sc] Checking offline messages for client
[2025-08-12 15:46:47] [VJ3kiQhgdGQjTMcQZsjIsQhebgU=] [d3sc] No offline messages found
[2025-08-12 15:47:18] [yEw2QlD49AsaHiKxr3pm4VLoSMc=] [lowtabsecure] Checking offline messages for client
[2025-08-12 15:47:18] [yEw2QlD49AsaHiKxr3pm4VLoSMc=] [lowtabsecure] No offline messages found
[2025-08-12 15:47:19] [yEw2QlD49AsaHiKxr3pm4VLoSMc=] [lowtabsecure] Checking offline messages for client
[2025-08-12 15:47:19] [yEw2QlD49AsaHiKxr3pm4VLoSMc=] [lowtabsecure] No offline messages found
[2025-08-12 15:47:19] [yEw2QlD49AsaHiKxr3pm4VLoSMc=] [lowtabsecure] Checking offline messages for client
[2025-08-12 15:47:19] [yEw2QlD49AsaHiKxr3pm4VLoSMc=] [lowtabsecure] No offline messages found
[2025-08-12 15:48:24] [SD17ArPLxbgW8gNb6ICI1SlcTNs=] [Nghtly] Checking offline messages for client
[2025-08-12 15:48:24] [SD17ArPLxbgW8gNb6ICI1SlcTNs=] [Nghtly] No offline messages found
[2025-08-12 15:53:53] [Afoqb5fqgY15LPQ0jZ/iOzeosLk=] [брочачо] Checking offline messages for client
[2025-08-12 15:53:53] [Afoqb5fqgY15LPQ0jZ/iOzeosLk=] [брочачо] No offline messages found
[2025-08-12 16:02:12] [pb0kvBFjGNGQCwIw3+dxOPKug9E=] [TEANZI] Checking offline messages for client
[2025-08-12 16:02:12] [pb0kvBFjGNGQCwIw3+dxOPKug9E=] [TEANZI] No offline messages found
[2025-08-12 16:03:32] [pb0kvBFjGNGQCwIw3+dxOPKug9E=] [TEANZI] Checking offline messages for client
[2025-08-12 16:03:32] [pb0kvBFjGNGQCwIw3+dxOPKug9E=] [TEANZI] No offline messages found
[2025-08-12 16:04:24] [hkBhnMOTE8soDHFmBL7JMnzKXrU=] [TeamSpeakUser] Checking offline messages for client
[2025-08-12 16:04:24] [hkBhnMOTE8soDHFmBL7JMnzKXrU=] [TeamSpeakUser] No offline messages found
[2025-08-12 16:05:51] [OrQVKJp+JzfZtqOKqH2xPAvaQto=] [вапваимс] Checking offline messages for client
[2025-08-12 16:05:51] [OrQVKJp+JzfZtqOKqH2xPAvaQto=] [вапваимс] No offline messages found
[2025-08-12 16:06:22] [4H19wwbkCOVXwmklmRJIaGvcoLE=] [1234] Checking offline messages for client
[2025-08-12 16:06:22] [4H19wwbkCOVXwmklmRJIaGvcoLE=] [1234] No offline messages found
[2025-08-12 16:08:27] [Yolrk0vLW7Jl+G3XWWoj32wvYHo=] [joy] Checking offline messages for client
[2025-08-12 16:08:27] [Yolrk0vLW7Jl+G3XWWoj32wvYHo=] [joy] No offline messages found
[2025-08-12 16:08:37] [0Z2wqQcTx0kpb/KIf+NPkyv4b60=] [-W1LLL] Checking offline messages for client
[2025-08-12 16:08:37] [0Z2wqQcTx0kpb/KIf+NPkyv4b60=] [-W1LLL] No offline messages found
[2025-08-12 16:08:41] [Zd6njphJMlyApPzSzPshxpQ+i54=] [-ceme] Checking offline messages for client
[2025-08-12 16:08:41] [Zd6njphJMlyApPzSzPshxpQ+i54=] [-ceme] No offline messages found
[2025-08-12 16:08:41] [Zd6njphJMlyApPzSzPshxpQ+i54=] [-ceme] Checking offline messages for client
[2025-08-12 16:08:41] [Zd6njphJMlyApPzSzPshxpQ+i54=] [-ceme] No offline messages found
[2025-08-12 16:14:44] [PlotarA/IzD1xOqHXLunwp4hHDs=] [Butch] Checking offline messages for client
[2025-08-12 16:14:44] [PlotarA/IzD1xOqHXLunwp4hHDs=] [Butch] No offline messages found
[2025-08-12 16:23:01] [vs+7gbTKwu+h+XgDI2qVApOBkfk=] [Viko(ع)] Checking offline messages for client
[2025-08-12 16:23:01] [vs+7gbTKwu+h+XgDI2qVApOBkfk=] [Viko(ع)] No offline messages found
[2025-08-12 16:26:29] [CXnQHC+XyTooAudCpjnPJpcuStE=] [clement1ne-] Checking offline messages for client
[2025-08-12 16:26:29] [CXnQHC+XyTooAudCpjnPJpcuStE=] [clement1ne-] No offline messages found
[2025-08-12 16:30:00] [VJ3kiQhgdGQjTMcQZsjIsQhebgU=] [d3sc] Checking offline messages for client
[2025-08-12 16:30:00] [VJ3kiQhgdGQjTMcQZsjIsQhebgU=] [d3sc] No offline messages found
[2025-08-12 16:30:37] [sC96QZMY/yY8Fc9QjquVCkLiW2c=] [Amirali] Checking offline messages for client
[2025-08-12 16:30:37] [sC96QZMY/yY8Fc9QjquVCkLiW2c=] [Amirali] No offline messages found
[2025-08-12 16:40:36] [J59TlJOyXmeGAsjkHRqeI3rZA/8=] [SysmoUsercid=140] Checking offline messages for client
[2025-08-12 16:40:36] [J59TlJOyXmeGAsjkHRqeI3rZA/8=] [SysmoUsercid=140] No offline messages found
[2025-08-12 16:42:18] [EYDEXERh2uKg/fMgjEqk4Z9lvzw=] [Suwoxy] Checking offline messages for client
[2025-08-12 16:42:18] [EYDEXERh2uKg/fMgjEqk4Z9lvzw=] [Suwoxy] No offline messages found
[2025-08-12 16:43:09] [CnsaFLBvFsaEG5TIA7bpH7+nWrU=] [ardoş] Checking offline messages for client
[2025-08-12 16:43:09] [CnsaFLBvFsaEG5TIA7bpH7+nWrU=] [ardoş] No offline messages found
[2025-08-12 16:44:57] [Xc1V+9hgSSUuMOB1iFNE7BbrmwA=] [Jaws] Checking offline messages for client
[2025-08-12 16:44:57] [Xc1V+9hgSSUuMOB1iFNE7BbrmwA=] [Jaws] No offline messages found
[2025-08-12 16:57:43] [XBs92Q96gNtQuh/gJcemkRhcN3w=] [gothiccg] Checking offline messages for client
[2025-08-12 16:57:43] [XBs92Q96gNtQuh/gJcemkRhcN3w=] [gothiccg] No offline messages found
[2025-08-12 16:59:10] [lUwYkaaCNZbFlCqmeoSTh46X4PM=] [11111111] Checking offline messages for client
[2025-08-12 16:59:10] [lUwYkaaCNZbFlCqmeoSTh46X4PM=] [11111111] No offline messages found
[2025-08-12 17:00:27] [GjZUQ5uRW+YWuW2BKHBE8HKKaso=] [дашуля ипатова] Checking offline messages for client
[2025-08-12 17:00:27] [GjZUQ5uRW+YWuW2BKHBE8HKKaso=] [дашуля ипатова] No offline messages found
[2025-08-12 17:06:17] [WtWgpfS8UE18SW7yGXm3r1yoO/c=] [Kowismo] Checking offline messages for client
[2025-08-12 17:06:17] [WtWgpfS8UE18SW7yGXm3r1yoO/c=] [Kowismo] No offline messages found
[2025-08-12 17:06:56] [aEmjlKBkg2d9gRUFp/PPg/JRL1M=] [hui] Checking offline messages for client
[2025-08-12 17:06:56] [aEmjlKBkg2d9gRUFp/PPg/JRL1M=] [hui] No offline messages found
[2025-08-12 17:08:19] [EJAUg1LkK9vCvLadIGqEVIMMPOM=] [cook1ch] Checking offline messages for client
[2025-08-12 17:08:19] [EJAUg1LkK9vCvLadIGqEVIMMPOM=] [cook1ch] No offline messages found
[2025-08-12 17:09:22] [70cdtlLw3loOn/Dhu5vpoWXPg5M=] [Плаки плаки лысый] Checking offline messages for client
[2025-08-12 17:09:23] [70cdtlLw3loOn/Dhu5vpoWXPg5M=] [Плаки плаки лысый] No offline messages found
[2025-08-12 17:10:47] [rUh28k8jzMi0z3Nh/XfbvrczQQg=] [бешеныймедведь] Checking offline messages for client
[2025-08-12 17:10:47] [rUh28k8jzMi0z3Nh/XfbvrczQQg=] [бешеныймедведь] No offline messages found
[2025-08-12 17:11:12] [675wO5ssJtQbFw+9qXHexPjHNYM=] [Nevskiiiy] Checking offline messages for client
[2025-08-12 17:11:12] [675wO5ssJtQbFw+9qXHexPjHNYM=] [Nevskiiiy] No offline messages found
[2025-08-12 17:11:12] [675wO5ssJtQbFw+9qXHexPjHNYM=] [Nevskiiiy] Checking offline messages for client
[2025-08-12 17:11:12] [675wO5ssJtQbFw+9qXHexPjHNYM=] [Nevskiiiy] No offline messages found
[2025-08-12 17:11:13] [675wO5ssJtQbFw+9qXHexPjHNYM=] [Nevskiiiy] Checking offline messages for client
[2025-08-12 17:11:13] [675wO5ssJtQbFw+9qXHexPjHNYM=] [Nevskiiiy] No offline messages found
[2025-08-12 17:11:20] [DdvfOAoep9XKOfimQ/Nit/nevWs=] [-3k] Checking offline messages for client
[2025-08-12 17:11:20] [DdvfOAoep9XKOfimQ/Nit/nevWs=] [-3k] No offline messages found
[2025-08-12 17:11:36] [NrinzN9i22mrI5io8FdxB4B1/Os=] [daGGetTt] Checking offline messages for client
[2025-08-12 17:11:36] [NrinzN9i22mrI5io8FdxB4B1/Os=] [daGGetTt] No offline messages found
[2025-08-12 17:11:39] [OnyFNlLSRn5WExnVSStquo7sjMA=] [ПожилаяОстановка] Checking offline messages for client
[2025-08-12 17:11:39] [OnyFNlLSRn5WExnVSStquo7sjMA=] [ПожилаяОстановка] No offline messages found
[2025-08-12 17:11:39] [OnyFNlLSRn5WExnVSStquo7sjMA=] [ПожилаяОстановка] Checking offline messages for client
[2025-08-12 17:11:39] [OnyFNlLSRn5WExnVSStquo7sjMA=] [ПожилаяОстановка] No offline messages found
[2025-08-12 17:11:39] [OnyFNlLSRn5WExnVSStquo7sjMA=] [ПожилаяОстановка] Checking offline messages for client
[2025-08-12 17:11:40] [OnyFNlLSRn5WExnVSStquo7sjMA=] [ПожилаяОстановка] No offline messages found
[2025-08-12 17:20:47] [u37UZKIsHRy8fpvH8qv7OuhDpEw=] [AMINOV] Checking offline messages for client
[2025-08-12 17:20:47] [u37UZKIsHRy8fpvH8qv7OuhDpEw=] [AMINOV] No offline messages found
[2025-08-12 17:24:34] [1LGAFwYeh9ftEN0OriluWE0DqDs=] [K0ubek] Checking offline messages for client
[2025-08-12 17:24:34] [1LGAFwYeh9ftEN0OriluWE0DqDs=] [K0ubek] No offline messages found
[2025-08-12 17:28:10] [PlotarA/IzD1xOqHXLunwp4hHDs=] [Butch] Checking offline messages for client
[2025-08-12 17:28:10] [PlotarA/IzD1xOqHXLunwp4hHDs=] [Butch] No offline messages found
[2025-08-12 17:29:06] [4hvwCfCPtTRCCX/hD0S9PDAjwPY=] [Ander] Checking offline messages for client
[2025-08-12 17:29:06] [4hvwCfCPtTRCCX/hD0S9PDAjwPY=] [Ander] No offline messages found
[2025-08-12 17:30:04] [pwDtnLLs2MuSzFiajXUUg+jCCWI=] [ohhhhhh111] Checking offline messages for client
[2025-08-12 17:30:04] [pwDtnLLs2MuSzFiajXUUg+jCCWI=] [ohhhhhh111] No offline messages found
[2025-08-12 17:34:00] [YJ8chm2QQIJyPFrsGN7ctoGAtDM=] [Грицик] Checking offline messages for client
[2025-08-12 17:34:00] [YJ8chm2QQIJyPFrsGN7ctoGAtDM=] [Грицик] No offline messages found
[2025-08-12 17:34:13] [37H/lttZ8+4bwWOCES4zZFUkIOg=] [crzfrg77] Checking offline messages for client
[2025-08-12 17:34:13] [37H/lttZ8+4bwWOCES4zZFUkIOg=] [crzfrg77] No offline messages found
[2025-08-12 17:35:01] [Zd6njphJMlyApPzSzPshxpQ+i54=] [-ceme] Checking offline messages for client
[2025-08-12 17:35:01] [Zd6njphJMlyApPzSzPshxpQ+i54=] [-ceme] No offline messages found
[2025-08-12 17:35:03] [/paoPeDO7Sw3DPisftzEeJfXp+Y=] [J4M4L] Checking offline messages for client
[2025-08-12 17:35:03] [/paoPeDO7Sw3DPisftzEeJfXp+Y=] [J4M4L] No offline messages found
[2025-08-12 17:35:03] [/paoPeDO7Sw3DPisftzEeJfXp+Y=] [J4M4L] Checking offline messages for client
[2025-08-12 17:35:03] [/paoPeDO7Sw3DPisftzEeJfXp+Y=] [J4M4L] No offline messages found
[2025-08-12 17:35:04] [/paoPeDO7Sw3DPisftzEeJfXp+Y=] [J4M4L] Checking offline messages for client
[2025-08-12 17:35:04] [/paoPeDO7Sw3DPisftzEeJfXp+Y=] [J4M4L] No offline messages found
[2025-08-12 17:36:29] [pa4EomUE5xzFSB9tc7CilmX3NTU=] [Imprii] Checking offline messages for client
[2025-08-12 17:36:29] [pa4EomUE5xzFSB9tc7CilmX3NTU=] [Imprii] No offline messages found
[2025-08-12 17:39:19] [8F/wqyUZbzkbJnHcA07nhS4DohU=] [dimafreddyy] Checking offline messages for client
[2025-08-12 17:39:19] [8F/wqyUZbzkbJnHcA07nhS4DohU=] [dimafreddyy] No offline messages found
[2025-08-12 17:41:09] [3YJK8qO+CeKZ9iSEIS0Ry5bsTcs=] [Leon] Checking offline messages for client
[2025-08-12 17:41:09] [3YJK8qO+CeKZ9iSEIS0Ry5bsTcs=] [Leon] No offline messages found
[2025-08-12 17:41:11] [rNuuzETCYHp/ipeNXkMjDacyUEg=] [Haydn_123] Checking offline messages for client
[2025-08-12 17:41:11] [rNuuzETCYHp/ipeNXkMjDacyUEg=] [Haydn_123] No offline messages found
[2025-08-12 17:44:05] [SP3cu3xpQvlFCDDE9AOphl9tpIM=] [haughty66] Checking offline messages for client
[2025-08-12 17:44:05] [SP3cu3xpQvlFCDDE9AOphl9tpIM=] [haughty66] No offline messages found
[2025-08-12 17:44:36] [Uho/eIJgEIh0kCc2A8fnBimiF2g=] [TeamSpeakUser1] Checking offline messages for client
[2025-08-12 17:44:36] [Uho/eIJgEIh0kCc2A8fnBimiF2g=] [TeamSpeakUser1] No offline messages found
[2025-08-12 17:46:26] [OrQVKJp+JzfZtqOKqH2xPAvaQto=] [вапваимс] Checking offline messages for client
[2025-08-12 17:46:26] [OrQVKJp+JzfZtqOKqH2xPAvaQto=] [вапваимс] No offline messages found
[2025-08-12 17:48:21] [yNFUjD+LJEqojKPPlPGtCAVEYRU=] [Боцман777] Checking offline messages for client
[2025-08-12 17:48:21] [yNFUjD+LJEqojKPPlPGtCAVEYRU=] [Боцман777] No offline messages found
[2025-08-12 17:50:38] [OtB8/Fi/zTqtCmvCEOm37xd//Ys=] [poo] Checking offline messages for client
[2025-08-12 17:50:38] [OtB8/Fi/zTqtCmvCEOm37xd//Ys=] [poo] No offline messages found
[2025-08-12 17:55:05] [F4Rot6aSlWU5OFZBOarP2RTzrYY=] [INSANE] Checking offline messages for client
[2025-08-12 17:55:05] [F4Rot6aSlWU5OFZBOarP2RTzrYY=] [INSANE] No offline messages found
[2025-08-12 17:57:38] [JS7AYDgRfu5aCR6EsyZfSZOd3ug=] [goran] Checking offline messages for client
[2025-08-12 17:57:38] [JS7AYDgRfu5aCR6EsyZfSZOd3ug=] [goran] No offline messages found
[2025-08-12 18:03:06] [OrQVKJp+JzfZtqOKqH2xPAvaQto=] [вапваимс] Checking offline messages for client
[2025-08-12 18:03:06] [OrQVKJp+JzfZtqOKqH2xPAvaQto=] [вапваимс] No offline messages found
[2025-08-12 18:03:40] [Ug0wJZTbFiW1dVPcgLClExPPRVg=] [Ne_Vazhn01] Checking offline messages for client
[2025-08-12 18:03:40] [Ug0wJZTbFiW1dVPcgLClExPPRVg=] [Ne_Vazhn01] No offline messages found
[2025-08-12 18:03:41] [x5NWjjSsshVzCfkox/peFi8iwwM=] [pzdcvsenikizanyati] Checking offline messages for client
[2025-08-12 18:03:41] [x5NWjjSsshVzCfkox/peFi8iwwM=] [pzdcvsenikizanyati] No offline messages found
[2025-08-12 18:03:43] [x5NWjjSsshVzCfkox/peFi8iwwM=] [pzdcvsenikizanyati] Checking offline messages for client
[2025-08-12 18:03:43] [x5NWjjSsshVzCfkox/peFi8iwwM=] [pzdcvsenikizanyati] No offline messages found
[2025-08-12 18:03:44] [x5NWjjSsshVzCfkox/peFi8iwwM=] [pzdcvsenikizanyati] Checking offline messages for client
[2025-08-12 18:03:44] [x5NWjjSsshVzCfkox/peFi8iwwM=] [pzdcvsenikizanyati] No offline messages found
[2025-08-12 18:06:51] [ZRJE0ISA13RmnFcasOlw68BVsNY=] [F4funder] Checking offline messages for client
[2025-08-12 18:06:51] [ZRJE0ISA13RmnFcasOlw68BVsNY=] [F4funder] No offline messages found
[2025-08-12 18:10:25] [DVkpCSo8puDqdRTfBkUWlqHh1E0=] [Ciko#] Checking offline messages for client
[2025-08-12 18:10:25] [DVkpCSo8puDqdRTfBkUWlqHh1E0=] [Ciko#] No offline messages found
[2025-08-12 18:10:43] [js9eTqL+IOrZSA4DdlGKol0ZUt8=] [mortyshop] Checking offline messages for client
[2025-08-12 18:10:43] [js9eTqL+IOrZSA4DdlGKol0ZUt8=] [mortyshop] No offline messages found
[2025-08-12 18:10:43] [js9eTqL+IOrZSA4DdlGKol0ZUt8=] [mortyshop] Checking offline messages for client
[2025-08-12 18:10:43] [js9eTqL+IOrZSA4DdlGKol0ZUt8=] [mortyshop] No offline messages found
[2025-08-12 18:10:43] [js9eTqL+IOrZSA4DdlGKol0ZUt8=] [mortyshop] Checking offline messages for client
[2025-08-12 18:10:43] [js9eTqL+IOrZSA4DdlGKol0ZUt8=] [mortyshop] No offline messages found
[2025-08-12 18:12:18] [FIHRd8H6xRTj1jyU280xFtyPXDM=] [liqui_88] Checking offline messages for client
[2025-08-12 18:12:18] [FIHRd8H6xRTj1jyU280xFtyPXDM=] [liqui_88] No offline messages found
[2025-08-12 18:12:29] [sTMy4Qq5cyC5Ch9EAWdOJ0CD0l4=] [stanleyipkiss] Checking offline messages for client
[2025-08-12 18:12:29] [sTMy4Qq5cyC5Ch9EAWdOJ0CD0l4=] [stanleyipkiss] No offline messages found
[2025-08-12 18:13:24] [NDS3A+LlI61dEKSQgDEsHHIbPK0=] [ZmigmA] Checking offline messages for client
[2025-08-12 18:13:24] [NDS3A+LlI61dEKSQgDEsHHIbPK0=] [ZmigmA] No offline messages found
[2025-08-12 18:14:53] [sTMy4Qq5cyC5Ch9EAWdOJ0CD0l4=] [stanleyipkiss] Checking offline messages for client
[2025-08-12 18:14:53] [sTMy4Qq5cyC5Ch9EAWdOJ0CD0l4=] [stanleyipkiss] No offline messages found
[2025-08-12 18:16:10] [kRilioBM7KKYzBUrVH6QYBp4naA=] [boki] Checking offline messages for client
[2025-08-12 18:16:10] [kRilioBM7KKYzBUrVH6QYBp4naA=] [boki] No offline messages found
[2025-08-12 18:16:34] [2agmpyRklBKqWxdUHvV4ZtWgSmg=] [Ejpíček] Checking offline messages for client
[2025-08-12 18:16:34] [2agmpyRklBKqWxdUHvV4ZtWgSmg=] [Ejpíček] No offline messages found
[2025-08-12 18:16:40] [Eq4d/7jYKn2kAAg5zxF1cBzDtR4=] [Guave345] Checking offline messages for client
[2025-08-12 18:16:40] [Eq4d/7jYKn2kAAg5zxF1cBzDtR4=] [Guave345] No offline messages found
[2025-08-12 18:17:03] [fa4VJPZN3YRM6elLc2ub2QkVDKA=] [TeamSpeakUser2] Checking offline messages for client
[2025-08-12 18:17:03] [fa4VJPZN3YRM6elLc2ub2QkVDKA=] [TeamSpeakUser2] No offline messages found
[2025-08-12 18:17:24] [fMyy94Uc4NVBYlK317N59mmcxCg=] [TeamSpeakUser3] Checking offline messages for client
[2025-08-12 18:17:24] [fMyy94Uc4NVBYlK317N59mmcxCg=] [TeamSpeakUser3] No offline messages found
[2025-08-12 18:19:20] [sC96QZMY/yY8Fc9QjquVCkLiW2c=] [Amirali] Checking offline messages for client
[2025-08-12 18:19:20] [sC96QZMY/yY8Fc9QjquVCkLiW2c=] [Amirali] No offline messages found
[2025-08-12 18:19:59] [/ntLdaP/4t8Wu17R5juzLOn7l3I=] [TeamSpeakUser2] Checking offline messages for client
[2025-08-12 18:19:59] [/ntLdaP/4t8Wu17R5juzLOn7l3I=] [TeamSpeakUser2] No offline messages found
[2025-08-12 18:22:39] [4lgk8AIxD24nO55TvFlly6KF/C4=] [e6lan] Checking offline messages for client
[2025-08-12 18:22:39] [4lgk8AIxD24nO55TvFlly6KF/C4=] [e6lan] No offline messages found
[2025-08-12 18:23:29] [UJQSMUnQbDqCQA/Ap94PriCZpmM=] [1.6fsidertpaket] Checking offline messages for client
[2025-08-12 18:23:29] [UJQSMUnQbDqCQA/Ap94PriCZpmM=] [1.6fsidertpaket] No offline messages found
[2025-08-12 18:24:30] [0JrXRhsiBXKdOPeWdToXNBrqWMs=] [initale] Checking offline messages for client
[2025-08-12 18:24:30] [0JrXRhsiBXKdOPeWdToXNBrqWMs=] [initale] No offline messages found
[2025-08-12 18:25:07] [tYPVHd7ZlSgv4rxjYjaAB228Jz0=] [Crash] Checking offline messages for client
[2025-08-12 18:25:07] [tYPVHd7ZlSgv4rxjYjaAB228Jz0=] [Crash] No offline messages found
[2025-08-12 18:25:28] [/ntLdaP/4t8Wu17R5juzLOn7l3I=] [TeamSpeakUser2] Checking offline messages for client
[2025-08-12 18:25:28] [/ntLdaP/4t8Wu17R5juzLOn7l3I=] [TeamSpeakUser2] No offline messages found
[2025-08-12 18:31:10] [pM39vwBC404mshweezryIEAS3ZQ=] [Columb] Checking offline messages for client
[2025-08-12 18:31:10] [pM39vwBC404mshweezryIEAS3ZQ=] [Columb] No offline messages found
[2025-08-12 18:31:37] [157KL6nbvgzKYId8dWYGPfkn2rw=] [SHLYHA] Checking offline messages for client
[2025-08-12 18:31:37] [157KL6nbvgzKYId8dWYGPfkn2rw=] [SHLYHA] No offline messages found
[2025-08-12 18:31:59] [Zd6njphJMlyApPzSzPshxpQ+i54=] [-ceme] Checking offline messages for client
[2025-08-12 18:31:59] [Zd6njphJMlyApPzSzPshxpQ+i54=] [-ceme] No offline messages found
[2025-08-12 18:33:36] [4C7UmtlZYp4FJFr8ZXwVNyK/KME=] [w2h] Checking offline messages for client
[2025-08-12 18:33:36] [4C7UmtlZYp4FJFr8ZXwVNyK/KME=] [w2h] No offline messages found
[2025-08-12 18:33:39] [Zd6njphJMlyApPzSzPshxpQ+i54=] [-ceme] Checking offline messages for client
[2025-08-12 18:33:39] [Zd6njphJMlyApPzSzPshxpQ+i54=] [-ceme] No offline messages found
[2025-08-12 18:33:52] [LgwxoONgBBy7WWHipcHbISpJnao=] [Alexander177] Checking offline messages for client
[2025-08-12 18:33:52] [LgwxoONgBBy7WWHipcHbISpJnao=] [Alexander177] No offline messages found
[2025-08-12 18:35:19] [Ug0wJZTbFiW1dVPcgLClExPPRVg=] [Ne_Vazhn01] Checking offline messages for client
[2025-08-12 18:35:19] [Ug0wJZTbFiW1dVPcgLClExPPRVg=] [Ne_Vazhn01] No offline messages found
[2025-08-12 18:36:46] [fCcgSwjCp3lS59hRDgZjAu+wSUk=] [Imperor] Checking offline messages for client
[2025-08-12 18:36:46] [fCcgSwjCp3lS59hRDgZjAu+wSUk=] [Imperor] No offline messages found
[2025-08-12 18:38:48] [4hvwCfCPtTRCCX/hD0S9PDAjwPY=] [Ander] Checking offline messages for client
[2025-08-12 18:38:48] [4hvwCfCPtTRCCX/hD0S9PDAjwPY=] [Ander] No offline messages found
[2025-08-12 18:42:16] [YJ8chm2QQIJyPFrsGN7ctoGAtDM=] [Грицик] Checking offline messages for client
[2025-08-12 18:42:16] [YJ8chm2QQIJyPFrsGN7ctoGAtDM=] [Грицик] No offline messages found
[2025-08-12 18:44:17] [Ktj7Y248iU69kdWy+zMmub965mM=] [Musto] Checking offline messages for client
[2025-08-12 18:44:17] [Ktj7Y248iU69kdWy+zMmub965mM=] [Musto] No offline messages found
[2025-08-12 18:45:40] [39Hn80GzU936S3hLOAjj8iP5kpg=] [Shawaj] Checking offline messages for client
[2025-08-12 18:45:40] [39Hn80GzU936S3hLOAjj8iP5kpg=] [Shawaj] No offline messages found
[2025-08-12 18:46:58] [+IdTxeDPU0HaxOmF1Yivm4WLd78=] [chelko] Checking offline messages for client
[2025-08-12 18:46:58] [+IdTxeDPU0HaxOmF1Yivm4WLd78=] [chelko] No offline messages found
[2025-08-12 18:50:30] [Uho/eIJgEIh0kCc2A8fnBimiF2g=] [TeamSpeakUser1] Checking offline messages for client
[2025-08-12 18:50:30] [Uho/eIJgEIh0kCc2A8fnBimiF2g=] [TeamSpeakUser1] No offline messages found
[2025-08-12 18:50:57] [39Hn80GzU936S3hLOAjj8iP5kpg=] [Shawaj] Checking offline messages for client
[2025-08-12 18:50:57] [39Hn80GzU936S3hLOAjj8iP5kpg=] [Shawaj] No offline messages found
[2025-08-12 18:52:44] [0JrXRhsiBXKdOPeWdToXNBrqWMs=] [initale] Checking offline messages for client
[2025-08-12 18:52:44] [0JrXRhsiBXKdOPeWdToXNBrqWMs=] [initale] No offline messages found
[2025-08-12 18:55:22] [WtWgpfS8UE18SW7yGXm3r1yoO/c=] [Kowismo] Checking offline messages for client
[2025-08-12 18:55:22] [WtWgpfS8UE18SW7yGXm3r1yoO/c=] [Kowismo] No offline messages found
[2025-08-12 18:55:26] [ByxgeD5C1pEwB1SnnSzEOrDDDM4=] [caeciliae] Checking offline messages for client
[2025-08-12 18:55:26] [ByxgeD5C1pEwB1SnnSzEOrDDDM4=] [caeciliae] No offline messages found
[2025-08-12 18:55:28] [ByxgeD5C1pEwB1SnnSzEOrDDDM4=] [caeciliae] Checking offline messages for client
[2025-08-12 18:55:28] [ByxgeD5C1pEwB1SnnSzEOrDDDM4=] [caeciliae] No offline messages found
[2025-08-12 18:55:33] [WqJ7G2qJdQ8kspL597ANASGN6Qc=] [леха] Checking offline messages for client
[2025-08-12 18:55:33] [WqJ7G2qJdQ8kspL597ANASGN6Qc=] [леха] No offline messages found
[2025-08-12 18:55:56] [WtWgpfS8UE18SW7yGXm3r1yoO/c=] [Kowismo] Checking offline messages for client
[2025-08-12 18:55:56] [WtWgpfS8UE18SW7yGXm3r1yoO/c=] [Kowismo] No offline messages found
[2025-08-12 18:56:25] [s5SoU0O6Mp2lEkoeWlMc2247gBk=] [don] Checking offline messages for client
[2025-08-12 18:56:25] [s5SoU0O6Mp2lEkoeWlMc2247gBk=] [don] No offline messages found
[2025-08-12 18:58:09] [fCcgSwjCp3lS59hRDgZjAu+wSUk=] [Imperor] Checking offline messages for client
[2025-08-12 18:58:09] [fCcgSwjCp3lS59hRDgZjAu+wSUk=] [Imperor] No offline messages found
[2025-08-12 18:59:11] [GSHdFQ1jzSeyLdTWhcSAlf1X2N8=] [FenaiL] Checking offline messages for client
[2025-08-12 18:59:11] [GSHdFQ1jzSeyLdTWhcSAlf1X2N8=] [FenaiL] No offline messages found
[2025-08-12 18:59:18] [GSHdFQ1jzSeyLdTWhcSAlf1X2N8=] [FenaiL] Checking offline messages for client
[2025-08-12 18:59:18] [GSHdFQ1jzSeyLdTWhcSAlf1X2N8=] [FenaiL] No offline messages found
[2025-08-12 18:59:32] [GSHdFQ1jzSeyLdTWhcSAlf1X2N8=] [FenaiL] Checking offline messages for client
[2025-08-12 18:59:32] [GSHdFQ1jzSeyLdTWhcSAlf1X2N8=] [FenaiL] No offline messages found
[2025-08-12 19:01:20] [Xc1V+9hgSSUuMOB1iFNE7BbrmwA=] [Jaws] Checking offline messages for client
[2025-08-12 19:01:20] [Xc1V+9hgSSUuMOB1iFNE7BbrmwA=] [Jaws] No offline messages found
[2025-08-12 19:01:28] [fCcgSwjCp3lS59hRDgZjAu+wSUk=] [Imperor] Checking offline messages for client
[2025-08-12 19:01:28] [fCcgSwjCp3lS59hRDgZjAu+wSUk=] [Imperor] No offline messages found
[2025-08-12 19:03:32] [V+r2jqsObKVU67cAATQYjyj/oEk=] [Blood.born] Checking offline messages for client
[2025-08-12 19:03:32] [V+r2jqsObKVU67cAATQYjyj/oEk=] [Blood.born] No offline messages found
[2025-08-12 19:06:32] [Xc1V+9hgSSUuMOB1iFNE7BbrmwA=] [Jaws] Checking offline messages for client
[2025-08-12 19:06:32] [Xc1V+9hgSSUuMOB1iFNE7BbrmwA=] [Jaws] No offline messages found
[2025-08-12 19:07:00] [DreaOmWvEP6uAZBVpzt62kT6RXg=] [Holy_SpIrIt*] Checking offline messages for client
[2025-08-12 19:07:00] [DreaOmWvEP6uAZBVpzt62kT6RXg=] [Holy_SpIrIt*] No offline messages found
[2025-08-12 19:07:27] [fCcgSwjCp3lS59hRDgZjAu+wSUk=] [Imperor] Checking offline messages for client
[2025-08-12 19:07:27] [fCcgSwjCp3lS59hRDgZjAu+wSUk=] [Imperor] No offline messages found
[2025-08-12 19:10:06] [Xc1V+9hgSSUuMOB1iFNE7BbrmwA=] [Jaws] Checking offline messages for client
[2025-08-12 19:10:06] [Xc1V+9hgSSUuMOB1iFNE7BbrmwA=] [Jaws] No offline messages found
[2025-08-12 19:10:08] [fCcgSwjCp3lS59hRDgZjAu+wSUk=] [Imperor] Checking offline messages for client
[2025-08-12 19:10:08] [fCcgSwjCp3lS59hRDgZjAu+wSUk=] [Imperor] No offline messages found
[2025-08-12 19:19:49] [RSgEZeuhSepkPQXiM2taGFYbagc=] [Samet] Checking offline messages for client
[2025-08-12 19:19:49] [RSgEZeuhSepkPQXiM2taGFYbagc=] [Samet] No offline messages found
[2025-08-12 19:20:40] [rAxvHfzR1LcyWLYDgNpfvmKh3Tc=] [Animepseh] Checking offline messages for client
[2025-08-12 19:20:40] [rAxvHfzR1LcyWLYDgNpfvmKh3Tc=] [Animepseh] No offline messages found
[2025-08-12 19:25:57] [k850OzI6ZxrjpzlDqJ4VrEoVreU=] [pendos666] Checking offline messages for client
[2025-08-12 19:25:57] [k850OzI6ZxrjpzlDqJ4VrEoVreU=] [pendos666] No offline messages found
[2025-08-12 19:26:07] [RSgEZeuhSepkPQXiM2taGFYbagc=] [Samet] Checking offline messages for client
[2025-08-12 19:26:07] [RSgEZeuhSepkPQXiM2taGFYbagc=] [Samet] No offline messages found
[2025-08-12 19:26:26] [Iq2aVx/4T/Tkfh8nIojxMinWqo4=] [Seikawa] Checking offline messages for client
[2025-08-12 19:26:26] [Iq2aVx/4T/Tkfh8nIojxMinWqo4=] [Seikawa] No offline messages found
[2025-08-12 19:27:32] [rAxvHfzR1LcyWLYDgNpfvmKh3Tc=] [Animepseh] Checking offline messages for client
[2025-08-12 19:27:32] [rAxvHfzR1LcyWLYDgNpfvmKh3Tc=] [Animepseh] No offline messages found
[2025-08-12 19:30:41] [GSHdFQ1jzSeyLdTWhcSAlf1X2N8=] [FenaiL] Checking offline messages for client
[2025-08-12 19:30:41] [GSHdFQ1jzSeyLdTWhcSAlf1X2N8=] [FenaiL] No offline messages found
[2025-08-12 19:31:08] [pVyKuo6vAY4o81l1MYnx/UDtbDc=] [fun cloud] Checking offline messages for client
[2025-08-12 19:31:08] [pVyKuo6vAY4o81l1MYnx/UDtbDc=] [fun cloud] No offline messages found
[2025-08-12 19:32:19] [k850OzI6ZxrjpzlDqJ4VrEoVreU=] [pendos666] Checking offline messages for client
[2025-08-12 19:32:19] [k850OzI6ZxrjpzlDqJ4VrEoVreU=] [pendos666] No offline messages found
[2025-08-12 19:32:41] [hnH8Pkux3Af6xG46f+oe81jVdcA=] [-EscA`#] Checking offline messages for client
[2025-08-12 19:32:41] [hnH8Pkux3Af6xG46f+oe81jVdcA=] [-EscA`#] No offline messages found
[2025-08-12 19:35:41] [GSHdFQ1jzSeyLdTWhcSAlf1X2N8=] [FenaiL] Checking offline messages for client
[2025-08-12 19:35:41] [GSHdFQ1jzSeyLdTWhcSAlf1X2N8=] [FenaiL] No offline messages found
[2025-08-12 19:38:35] [sC96QZMY/yY8Fc9QjquVCkLiW2c=] [Amirali] Checking offline messages for client
[2025-08-12 19:38:35] [sC96QZMY/yY8Fc9QjquVCkLiW2c=] [Amirali] No offline messages found
[2025-08-12 19:39:09] [G831RTm365sZm+AZDB791219bVE=] [x7uned] Checking offline messages for client
[2025-08-12 19:39:09] [G831RTm365sZm+AZDB791219bVE=] [x7uned] No offline messages found
[2025-08-12 19:39:37] [U9IMfSvzj5D6AQ6a6xlapRD7cZ0=] [dayn777] Checking offline messages for client
[2025-08-12 19:39:37] [U9IMfSvzj5D6AQ6a6xlapRD7cZ0=] [dayn777] No offline messages found
[2025-08-12 19:39:57] [MarBbTtCOdPsPCcTGPUko7UH7Sk=] [billy nogami] Checking offline messages for client
[2025-08-12 19:39:57] [MarBbTtCOdPsPCcTGPUko7UH7Sk=] [billy nogami] No offline messages found
[2025-08-12 19:40:46] [vs+7gbTKwu+h+XgDI2qVApOBkfk=] [Viko(ع)] Checking offline messages for client
[2025-08-12 19:40:46] [vs+7gbTKwu+h+XgDI2qVApOBkfk=] [Viko(ع)] No offline messages found
[2025-08-12 19:42:31] [MpV8eQ7lweL2YSxarhe9a/nQIOk=] [VUL_DROG] Checking offline messages for client
[2025-08-12 19:42:31] [MpV8eQ7lweL2YSxarhe9a/nQIOk=] [VUL_DROG] No offline messages found
[2025-08-12 19:42:45] [OnyFNlLSRn5WExnVSStquo7sjMA=] [ПожилаяОстановка] Checking offline messages for client
[2025-08-12 19:42:45] [OnyFNlLSRn5WExnVSStquo7sjMA=] [ПожилаяОстановка] No offline messages found
[2025-08-12 19:43:10] [feOILq7xTfQKUz3XLeAaieA6Mwg=] [Lucky13] Checking offline messages for client
[2025-08-12 19:43:10] [feOILq7xTfQKUz3XLeAaieA6Mwg=] [Lucky13] No offline messages found
[2025-08-12 19:49:07] [ilO9JAl5glx+WikZA6SZqmic0Iw=] [kaiizenn] Checking offline messages for client
[2025-08-12 19:49:07] [ilO9JAl5glx+WikZA6SZqmic0Iw=] [kaiizenn] No offline messages found
[2025-08-12 19:52:30] [Xc1V+9hgSSUuMOB1iFNE7BbrmwA=] [Jaws] Checking offline messages for client
[2025-08-12 19:52:30] [Xc1V+9hgSSUuMOB1iFNE7BbrmwA=] [Jaws] No offline messages found
[2025-08-12 19:52:36] [K6ypBqoCPT9q/P/pnoIXtf9v0d4=] [hamza] Checking offline messages for client
[2025-08-12 19:52:36] [K6ypBqoCPT9q/P/pnoIXtf9v0d4=] [hamza] No offline messages found
[2025-08-12 19:55:45] [olLchfzvGHNpn6d47ZpS8OkJojI=] [SGS Calvo] Checking offline messages for client
[2025-08-12 19:55:45] [olLchfzvGHNpn6d47ZpS8OkJojI=] [SGS Calvo] No offline messages found
[2025-08-12 19:56:07] [TVYDqloG40AolgKZE51r8Arz5Ig=] [TeamSpeakUser] Checking offline messages for client
[2025-08-12 19:56:07] [TVYDqloG40AolgKZE51r8Arz5Ig=] [TeamSpeakUser] No offline messages found
[2025-08-12 19:56:14] [TVYDqloG40AolgKZE51r8Arz5Ig=] [TeamSpeakUser] Checking offline messages for client
[2025-08-12 19:56:14] [TVYDqloG40AolgKZE51r8Arz5Ig=] [TeamSpeakUser] No offline messages found
[2025-08-12 19:56:16] [9RYhYLJQuz+5zxOjDqP3tBps2/o=] [EXOPUL] Checking offline messages for client
[2025-08-12 19:56:16] [9RYhYLJQuz+5zxOjDqP3tBps2/o=] [EXOPUL] No offline messages found
[2025-08-12 19:56:26] [TVYDqloG40AolgKZE51r8Arz5Ig=] [TeamSpeakUser] Checking offline messages for client
[2025-08-12 19:56:26] [TVYDqloG40AolgKZE51r8Arz5Ig=] [TeamSpeakUser] No offline messages found
[2025-08-12 19:57:24] [cm+zDw/4zDuQN120Qa8q1mW/fIQ=] [hudabin] Checking offline messages for client
[2025-08-12 19:57:24] [cm+zDw/4zDuQN120Qa8q1mW/fIQ=] [hudabin] No offline messages found
[2025-08-12 19:57:26] [C3ony4dh8njCYB62/cIXXbMG1IA=] [Чех] Checking offline messages for client
[2025-08-12 19:57:26] [C3ony4dh8njCYB62/cIXXbMG1IA=] [Чех] No offline messages found
[2025-08-12 19:57:28] [olLchfzvGHNpn6d47ZpS8OkJojI=] [SGS Calvo] Checking offline messages for client
[2025-08-12 19:57:28] [olLchfzvGHNpn6d47ZpS8OkJojI=] [SGS Calvo] No offline messages found
[2025-08-12 19:57:34] [DreaOmWvEP6uAZBVpzt62kT6RXg=] [Holy_SpIrIt*] Checking offline messages for client
[2025-08-12 19:57:34] [DreaOmWvEP6uAZBVpzt62kT6RXg=] [Holy_SpIrIt*] No offline messages found
[2025-08-12 19:59:04] [5B+EB94xrwmIjHS7SOs7ZO52NeM=] [dzale] Checking offline messages for client
[2025-08-12 19:59:04] [5B+EB94xrwmIjHS7SOs7ZO52NeM=] [dzale] No offline messages found
[2025-08-12 20:01:01] [0XaSaJTqMDRG53r/L41NHA912Rw=] [pisun] Checking offline messages for client
[2025-08-12 20:01:01] [0XaSaJTqMDRG53r/L41NHA912Rw=] [pisun] No offline messages found
[2025-08-12 20:03:42] [c3ZeK0Ao+IacqBbjYwHaQ1Z+viM=] [jjjj] Checking offline messages for client
[2025-08-12 20:03:42] [c3ZeK0Ao+IacqBbjYwHaQ1Z+viM=] [jjjj] No offline messages found
[2025-08-12 20:03:52] [xbsU3xqHlfJXjFskKj/UfTAoi8s=] [TeamSpeakUser111] Checking offline messages for client
[2025-08-12 20:03:52] [xbsU3xqHlfJXjFskKj/UfTAoi8s=] [TeamSpeakUser111] No offline messages found
[2025-08-12 20:03:55] [amepzO74NA396+D8c6W58xFzgGQ=] [w1thasm1le] Checking offline messages for client
[2025-08-12 20:03:55] [amepzO74NA396+D8c6W58xFzgGQ=] [w1thasm1le] No offline messages found
[2025-08-12 20:04:38] [towLfRNQcO45XOgzoAGrcrQCgK8=] [Kerollanos] Checking offline messages for client
[2025-08-12 20:04:38] [towLfRNQcO45XOgzoAGrcrQCgK8=] [Kerollanos] No offline messages found
[2025-08-12 20:07:59] [Tl3Bg1zFfrOJ+IRWyJh5UAIJ+5o=] [Efkeyy] Checking offline messages for client
[2025-08-12 20:07:59] [Tl3Bg1zFfrOJ+IRWyJh5UAIJ+5o=] [Efkeyy] No offline messages found
[2025-08-12 20:15:15] [5c2sa3PhJfKo4TEu5wJxaEqysw8=] [I.am.Atomic] Checking offline messages for client
[2025-08-12 20:15:15] [5c2sa3PhJfKo4TEu5wJxaEqysw8=] [I.am.Atomic] No offline messages found
[2025-08-12 20:15:44] [sC96QZMY/yY8Fc9QjquVCkLiW2c=] [Amirali] Checking offline messages for client
[2025-08-12 20:15:44] [sC96QZMY/yY8Fc9QjquVCkLiW2c=] [Amirali] No offline messages found
[2025-08-12 20:16:03] [k850OzI6ZxrjpzlDqJ4VrEoVreU=] [pendos666] Checking offline messages for client
[2025-08-12 20:16:03] [k850OzI6ZxrjpzlDqJ4VrEoVreU=] [pendos666] No offline messages found
[2025-08-12 20:16:06] [t31curkqcBIW+Mm1lFuXP/STLZo=] [1nemanjaves] Checking offline messages for client
[2025-08-12 20:16:06] [t31curkqcBIW+Mm1lFuXP/STLZo=] [1nemanjaves] No offline messages found
[2025-08-12 20:16:21] [c3ZeK0Ao+IacqBbjYwHaQ1Z+viM=] [jjjj] Checking offline messages for client
[2025-08-12 20:16:21] [c3ZeK0Ao+IacqBbjYwHaQ1Z+viM=] [jjjj] No offline messages found
[2025-08-12 20:16:30] [m3jwrJafD7Z1HcDm7lAZbGqtROY=] [Zi←ِô] Checking offline messages for client
[2025-08-12 20:16:30] [m3jwrJafD7Z1HcDm7lAZbGqtROY=] [Zi←ِô] No offline messages found
[2025-08-12 20:21:19] [4Trzz2r9looYqjT6W05btyo3lzs=] [ridzazz] Checking offline messages for client
[2025-08-12 20:21:19] [4Trzz2r9looYqjT6W05btyo3lzs=] [ridzazz] No offline messages found
[2025-08-12 20:21:37] [0XIPokUUTEkn00muYiwnSCQJ4wM=] [credolls] Checking offline messages for client
[2025-08-12 20:21:37] [0XIPokUUTEkn00muYiwnSCQJ4wM=] [credolls] No offline messages found
[2025-08-12 20:25:56] [u/wzYW79e2HUgHcLocth30j5UKg=] [Ax`Lim] Checking offline messages for client
[2025-08-12 20:25:56] [u/wzYW79e2HUgHcLocth30j5UKg=] [Ax`Lim] No offline messages found
[2025-08-12 20:27:56] [241rUlsm8jDGuxdg64us6CxMNY8=] [SysmoUsercid=140] Checking offline messages for client
[2025-08-12 20:27:56] [241rUlsm8jDGuxdg64us6CxMNY8=] [SysmoUsercid=140] No offline messages found
[2025-08-12 20:28:45] [bebLlHmNFiDOULwzFR3g03H4GHg=] [СИСЯ] Checking offline messages for client
[2025-08-12 20:28:45] [bebLlHmNFiDOULwzFR3g03H4GHg=] [СИСЯ] No offline messages found
[2025-08-12 20:29:15] [DreaOmWvEP6uAZBVpzt62kT6RXg=] [Holy_SpIrIt*] Checking offline messages for client
[2025-08-12 20:29:15] [DreaOmWvEP6uAZBVpzt62kT6RXg=] [Holy_SpIrIt*] No offline messages found
[2025-08-12 20:32:06] [c3ZeK0Ao+IacqBbjYwHaQ1Z+viM=] [jjjj] Checking offline messages for client
[2025-08-12 20:32:06] [c3ZeK0Ao+IacqBbjYwHaQ1Z+viM=] [jjjj] No offline messages found
[2025-08-12 20:32:20] [fH2BC2P6yIWRL36lS9ZP9nFS5vU=] [••• Koray ••• İZMİR] Checking offline messages for client
[2025-08-12 20:32:20] [fH2BC2P6yIWRL36lS9ZP9nFS5vU=] [••• Koray ••• İZMİR] No offline messages found
[2025-08-12 20:32:20] [fH2BC2P6yIWRL36lS9ZP9nFS5vU=] [••• Koray ••• İZMİR] Checking offline messages for client
[2025-08-12 20:32:20] [fH2BC2P6yIWRL36lS9ZP9nFS5vU=] [••• Koray ••• İZMİR] No offline messages found
[2025-08-12 20:32:20] [fH2BC2P6yIWRL36lS9ZP9nFS5vU=] [••• Koray ••• İZMİR] Checking offline messages for client
[2025-08-12 20:32:20] [fH2BC2P6yIWRL36lS9ZP9nFS5vU=] [••• Koray ••• İZMİR] No offline messages found
[2025-08-12 20:33:22] [Etrn5OcIbNOXTS4b7KzJIaoR0qk=] [BalerioN-ReşitCan] Checking offline messages for client
[2025-08-12 20:33:22] [Etrn5OcIbNOXTS4b7KzJIaoR0qk=] [BalerioN-ReşitCan] No offline messages found
[2025-08-12 20:33:58] [Di2MaUkDvWG/4yTOmNqIBWAhaIM=] [astraiser] Checking offline messages for client
[2025-08-12 20:33:58] [Di2MaUkDvWG/4yTOmNqIBWAhaIM=] [astraiser] No offline messages found
[2025-08-12 20:35:08] [MCH5CUuHw7qLHVegyroS34EN/pQ=] [PastA1] Checking offline messages for client
[2025-08-12 20:35:08] [MCH5CUuHw7qLHVegyroS34EN/pQ=] [PastA1] No offline messages found
[2025-08-12 20:36:18] [/1c3hnIXOwjsXANFVcRWw1+gjKs=] [DayDreamEscape Mustafa] Checking offline messages for client
[2025-08-12 20:36:18] [/1c3hnIXOwjsXANFVcRWw1+gjKs=] [DayDreamEscape Mustafa] No offline messages found
[2025-08-12 20:36:57] [1bxlkLWE1YEds4euACE9lSAD0Jg=] [Mr..Fury] Checking offline messages for client
[2025-08-12 20:36:57] [1bxlkLWE1YEds4euACE9lSAD0Jg=] [Mr..Fury] No offline messages found
[2025-08-12 20:37:23] [jSTg9YTztkw2ARVExNYDIoNpcOA=] [Kamil42 Tuco32] Checking offline messages for client
[2025-08-12 20:37:23] [jSTg9YTztkw2ARVExNYDIoNpcOA=] [Kamil42 Tuco32] No offline messages found
[2025-08-12 20:38:07] [dNRYIZtk71CY8BBDYawxb2cjIk8=] [Cencya1] Checking offline messages for client
[2025-08-12 20:38:07] [dNRYIZtk71CY8BBDYawxb2cjIk8=] [Cencya1] No offline messages found
[2025-08-12 20:38:57] [e71MvgnP1uW3mFYwoBWKchoVm+Q=] [TeamSpeakUser1] Checking offline messages for client
[2025-08-12 20:38:57] [e71MvgnP1uW3mFYwoBWKchoVm+Q=] [TeamSpeakUser1] No offline messages found
[2025-08-12 20:40:42] [dNRYIZtk71CY8BBDYawxb2cjIk8=] [Cencya1] Checking offline messages for client
[2025-08-12 20:40:42] [dNRYIZtk71CY8BBDYawxb2cjIk8=] [Cencya1] No offline messages found
[2025-08-12 20:42:04] [MarBbTtCOdPsPCcTGPUko7UH7Sk=] [billy nogami] Checking offline messages for client
[2025-08-12 20:42:04] [MarBbTtCOdPsPCcTGPUko7UH7Sk=] [billy nogami] No offline messages found
[2025-08-12 20:43:40] [4Trzz2r9looYqjT6W05btyo3lzs=] [ridzazz] Checking offline messages for client
[2025-08-12 20:43:40] [4Trzz2r9looYqjT6W05btyo3lzs=] [ridzazz] No offline messages found
[2025-08-12 20:43:53] [L2eQNSlPSLEvzElBvTWjnRjR04U=] [Koniciva] Checking offline messages for client
[2025-08-12 20:43:53] [L2eQNSlPSLEvzElBvTWjnRjR04U=] [Koniciva] No offline messages found
[2025-08-12 20:44:19] [dNRYIZtk71CY8BBDYawxb2cjIk8=] [Cencya1] Checking offline messages for client
[2025-08-12 20:44:19] [dNRYIZtk71CY8BBDYawxb2cjIk8=] [Cencya1] No offline messages found
[2025-08-12 20:45:44] [fa4VJPZN3YRM6elLc2ub2QkVDKA=] [TeamSpeakUser2] Checking offline messages for client
[2025-08-12 20:45:44] [fa4VJPZN3YRM6elLc2ub2QkVDKA=] [TeamSpeakUser2] No offline messages found
[2025-08-12 20:45:47] [A1xfpFQsaf2c9EH0PcH4vxsTE1o=] [GENERAL MOTORS] Checking offline messages for client
[2025-08-12 20:45:47] [A1xfpFQsaf2c9EH0PcH4vxsTE1o=] [GENERAL MOTORS] No offline messages found
[2025-08-12 20:45:50] [KTw+VF6m+gTCBlxPrQOWS+S0KMI=] [ego1str0ma] Checking offline messages for client
[2025-08-12 20:45:50] [KTw+VF6m+gTCBlxPrQOWS+S0KMI=] [ego1str0ma] No offline messages found
[2025-08-12 20:45:51] [fMyy94Uc4NVBYlK317N59mmcxCg=] [TeamSpeakUser3] Checking offline messages for client
[2025-08-12 20:45:51] [fMyy94Uc4NVBYlK317N59mmcxCg=] [TeamSpeakUser3] No offline messages found
[2025-08-12 20:45:51] [fMyy94Uc4NVBYlK317N59mmcxCg=] [TeamSpeakUser3] Checking offline messages for client
[2025-08-12 20:45:51] [fMyy94Uc4NVBYlK317N59mmcxCg=] [TeamSpeakUser3] No offline messages found
[2025-08-12 20:45:52] [fMyy94Uc4NVBYlK317N59mmcxCg=] [TeamSpeakUser3] Checking offline messages for client
[2025-08-12 20:45:52] [fMyy94Uc4NVBYlK317N59mmcxCg=] [TeamSpeakUser3] No offline messages found
[2025-08-12 20:47:01] [c3ZeK0Ao+IacqBbjYwHaQ1Z+viM=] [jjjj] Checking offline messages for client
[2025-08-12 20:47:01] [c3ZeK0Ao+IacqBbjYwHaQ1Z+viM=] [jjjj] No offline messages found
[2025-08-12 20:47:13] [fiWNBIZG2ioqbK7dtheFRsenFVI=] [AlexQc] Checking offline messages for client
[2025-08-12 20:47:13] [fiWNBIZG2ioqbK7dtheFRsenFVI=] [AlexQc] No offline messages found
[2025-08-12 20:47:14] [M09LXQM0h1IxzpSiw7t91USRzUA=] [dolv1] Checking offline messages for client
[2025-08-12 20:47:14] [M09LXQM0h1IxzpSiw7t91USRzUA=] [dolv1] No offline messages found
[2025-08-12 20:47:17] [M09LXQM0h1IxzpSiw7t91USRzUA=] [dolv1] Checking offline messages for client
[2025-08-12 20:47:17] [M09LXQM0h1IxzpSiw7t91USRzUA=] [dolv1] No offline messages found
[2025-08-12 20:47:18] [M09LXQM0h1IxzpSiw7t91USRzUA=] [dolv1] Checking offline messages for client
[2025-08-12 20:47:18] [M09LXQM0h1IxzpSiw7t91USRzUA=] [dolv1] No offline messages found
[2025-08-12 20:50:26] [QrJc7RCtFp32CbQgt/+xheazb5w=] [wilson] Checking offline messages for client
[2025-08-12 20:50:26] [QrJc7RCtFp32CbQgt/+xheazb5w=] [wilson] No offline messages found
[2025-08-12 20:50:38] [5B+EB94xrwmIjHS7SOs7ZO52NeM=] [dzale] Checking offline messages for client
[2025-08-12 20:50:38] [5B+EB94xrwmIjHS7SOs7ZO52NeM=] [dzale] No offline messages found
[2025-08-12 20:51:00] [GMV7xmPT7GebwwLjoCG8J6ufcNg=] [W1`] Checking offline messages for client
[2025-08-12 20:51:00] [GMV7xmPT7GebwwLjoCG8J6ufcNg=] [W1`] No offline messages found
[2025-08-12 20:51:43] [HA8AwjGjfttaVD2BbXsV3SrC+rA=] [Axtic] Checking offline messages for client
[2025-08-12 20:51:43] [HA8AwjGjfttaVD2BbXsV3SrC+rA=] [Axtic] No offline messages found
[2025-08-12 20:51:46] [Oiwsp4AtEayYMEz4jAnWSIcOlzM=] [dejjjal EMRE] Checking offline messages for client
[2025-08-12 20:51:46] [Oiwsp4AtEayYMEz4jAnWSIcOlzM=] [dejjjal EMRE] No offline messages found
[2025-08-12 20:51:46] [Oiwsp4AtEayYMEz4jAnWSIcOlzM=] [dejjjal EMRE] Checking offline messages for client
[2025-08-12 20:51:46] [Oiwsp4AtEayYMEz4jAnWSIcOlzM=] [dejjjal EMRE] No offline messages found
[2025-08-12 20:51:46] [Oiwsp4AtEayYMEz4jAnWSIcOlzM=] [dejjjal EMRE] Checking offline messages for client
[2025-08-12 20:51:46] [Oiwsp4AtEayYMEz4jAnWSIcOlzM=] [dejjjal EMRE] No offline messages found
[2025-08-12 20:52:58] [dNRYIZtk71CY8BBDYawxb2cjIk8=] [Cencya1] Checking offline messages for client
[2025-08-12 20:52:58] [dNRYIZtk71CY8BBDYawxb2cjIk8=] [Cencya1] No offline messages found
[2025-08-12 20:53:05] [pEOyeueULGnZ9XtbqZPJsEs7MGM=] [forza] Checking offline messages for client
[2025-08-12 20:53:05] [pEOyeueULGnZ9XtbqZPJsEs7MGM=] [forza] No offline messages found
[2025-08-12 20:54:15] [xcwFhKN0bPn1QJxV7HHekBb2PAs=] [Сика] Checking offline messages for client
[2025-08-12 20:54:15] [xcwFhKN0bPn1QJxV7HHekBb2PAs=] [Сика] No offline messages found
[2025-08-12 20:54:34] [pEOyeueULGnZ9XtbqZPJsEs7MGM=] [forza] Checking offline messages for client
[2025-08-12 20:54:34] [pEOyeueULGnZ9XtbqZPJsEs7MGM=] [forza] No offline messages found
[2025-08-12 20:55:51] [pEOyeueULGnZ9XtbqZPJsEs7MGM=] [forza] Checking offline messages for client
[2025-08-12 20:55:51] [pEOyeueULGnZ9XtbqZPJsEs7MGM=] [forza] No offline messages found
[2025-08-12 20:58:17] [qktw03dlcijDS11w8HKgXXrlJTw=] [Medoe] Checking offline messages for client
[2025-08-12 20:58:17] [qktw03dlcijDS11w8HKgXXrlJTw=] [Medoe] No offline messages found
[2025-08-12 20:59:17] [pEOyeueULGnZ9XtbqZPJsEs7MGM=] [forza] Checking offline messages for client
[2025-08-12 20:59:17] [pEOyeueULGnZ9XtbqZPJsEs7MGM=] [forza] No offline messages found
[2025-08-12 20:59:31] [2Lx63FxcyvHlLbs3Khbo5bJe6mY=] [Last] Checking offline messages for client
[2025-08-12 20:59:31] [2Lx63FxcyvHlLbs3Khbo5bJe6mY=] [Last] No offline messages found
[2025-08-12 21:02:42] [pEOyeueULGnZ9XtbqZPJsEs7MGM=] [forza] Checking offline messages for client
[2025-08-12 21:02:42] [pEOyeueULGnZ9XtbqZPJsEs7MGM=] [forza] No offline messages found
[2025-08-12 21:03:55] [4E896wDSmJ8m6QyPTb8WNx7UKxM=] [Groff] Checking offline messages for client
[2025-08-12 21:03:55] [4E896wDSmJ8m6QyPTb8WNx7UKxM=] [Groff] No offline messages found
[2025-08-12 21:04:52] [woPhIakFjrg3h0dOaapy5EGfmfo=] [DeiBil (Ярик)] Checking offline messages for client
[2025-08-12 21:04:52] [woPhIakFjrg3h0dOaapy5EGfmfo=] [DeiBil (Ярик)] No offline messages found
[2025-08-12 21:08:12] [0pfL6k6+uhY3YJUK1FucX6agAV8=] [MC durak] Checking offline messages for client
[2025-08-12 21:08:12] [0pfL6k6+uhY3YJUK1FucX6agAV8=] [MC durak] No offline messages found
[2025-08-12 21:08:22] [0pfL6k6+uhY3YJUK1FucX6agAV8=] [MC durak] Checking offline messages for client
[2025-08-12 21:08:22] [0pfL6k6+uhY3YJUK1FucX6agAV8=] [MC durak] No offline messages found
[2025-08-12 21:09:18] [XUq6lat2sP336FLybn+Od5CLO5Q=] [RABOTES] Checking offline messages for client
[2025-08-12 21:09:18] [XUq6lat2sP336FLybn+Od5CLO5Q=] [RABOTES] No offline messages found
[2025-08-12 21:09:55] [CivIdqvdtxSJX+mCOeU13yota9Y=] [digitalmix] Checking offline messages for client
[2025-08-12 21:09:55] [CivIdqvdtxSJX+mCOeU13yota9Y=] [digitalmix] No offline messages found
[2025-08-12 21:10:41] [4E896wDSmJ8m6QyPTb8WNx7UKxM=] [Groff] Checking offline messages for client
[2025-08-12 21:10:41] [4E896wDSmJ8m6QyPTb8WNx7UKxM=] [Groff] No offline messages found
[2025-08-12 21:10:58] [P6d7CM+84udfLxCqpAW79AmG3jY=] [kkayzzer] Checking offline messages for client
[2025-08-12 21:10:58] [P6d7CM+84udfLxCqpAW79AmG3jY=] [kkayzzer] No offline messages found
[2025-08-12 21:11:31] [6QTSVZJXFWVj3iE7IzR5O0qjvAA=] [Maprhendil] Checking offline messages for client
[2025-08-12 21:11:31] [6QTSVZJXFWVj3iE7IzR5O0qjvAA=] [Maprhendil] No offline messages found
[2025-08-12 21:11:37] [Lm1n0p7fC/1pjKi0sXmBUDhDWNE=] [clamoris] Checking offline messages for client
[2025-08-12 21:11:37] [Lm1n0p7fC/1pjKi0sXmBUDhDWNE=] [clamoris] No offline messages found
[2025-08-12 21:11:40] [1nHWWpwvoZf+IGl6BaPDK6nG9mg=] [FataL1Day] Checking offline messages for client
[2025-08-12 21:11:40] [1nHWWpwvoZf+IGl6BaPDK6nG9mg=] [FataL1Day] No offline messages found
[2025-08-12 21:11:43] [YmT6hT3+/t2dFhgjxD6351JtOt0=] [b1t1x] Checking offline messages for client
[2025-08-12 21:11:43] [YmT6hT3+/t2dFhgjxD6351JtOt0=] [b1t1x] No offline messages found
[2025-08-12 21:11:43] [70cdtlLw3loOn/Dhu5vpoWXPg5M=] [Плаки плаки лысый] Checking offline messages for client
[2025-08-12 21:11:43] [70cdtlLw3loOn/Dhu5vpoWXPg5M=] [Плаки плаки лысый] No offline messages found
[2025-08-12 21:11:44] [70cdtlLw3loOn/Dhu5vpoWXPg5M=] [Плаки плаки лысый] Checking offline messages for client
[2025-08-12 21:11:44] [70cdtlLw3loOn/Dhu5vpoWXPg5M=] [Плаки плаки лысый] No offline messages found
[2025-08-12 21:12:24] [pM39vwBC404mshweezryIEAS3ZQ=] [Columb] Checking offline messages for client
[2025-08-12 21:12:24] [pM39vwBC404mshweezryIEAS3ZQ=] [Columb] No offline messages found
[2025-08-12 21:13:35] [o4Il3xZ2pB+V2Y3mPeltuIDB/0Y=] [LoVeR21] Checking offline messages for client
[2025-08-12 21:13:35] [o4Il3xZ2pB+V2Y3mPeltuIDB/0Y=] [LoVeR21] No offline messages found
[2025-08-12 21:14:51] [sC96QZMY/yY8Fc9QjquVCkLiW2c=] [Amirali] Checking offline messages for client
[2025-08-12 21:14:51] [sC96QZMY/yY8Fc9QjquVCkLiW2c=] [Amirali] No offline messages found
[2025-08-12 21:18:11] [WUFbI2wm1TirPkulhTRESNYToW0=] [sajjad] Checking offline messages for client
[2025-08-12 21:18:11] [WUFbI2wm1TirPkulhTRESNYToW0=] [sajjad] No offline messages found
[2025-08-12 21:19:06] [czJq8VhqlxMm/zy39XTQ+Np/v1c=] [Manwe] Checking offline messages for client
[2025-08-12 21:19:06] [czJq8VhqlxMm/zy39XTQ+Np/v1c=] [Manwe] No offline messages found
[2025-08-12 21:20:01] [dDU+qrUO+E8NJHOmrQsCvli4BEA=] [kyojin] Checking offline messages for client
[2025-08-12 21:20:01] [dDU+qrUO+E8NJHOmrQsCvli4BEA=] [kyojin] No offline messages found
[2025-08-12 21:24:46] [5JQ0CfTd/oaA3/1R+CxSIbofyvg=] [amirjojo] Checking offline messages for client
[2025-08-12 21:24:46] [5JQ0CfTd/oaA3/1R+CxSIbofyvg=] [amirjojo] No offline messages found
[2025-08-12 21:25:54] [rNuuzETCYHp/ipeNXkMjDacyUEg=] [Haydn_123] Checking offline messages for client
[2025-08-12 21:25:54] [rNuuzETCYHp/ipeNXkMjDacyUEg=] [Haydn_123] No offline messages found
[2025-08-12 21:26:20] [2MImfQZfIcZWBff2+Js+m3Raqqs=] [TeamSpeakUser2] Checking offline messages for client
[2025-08-12 21:26:20] [2MImfQZfIcZWBff2+Js+m3Raqqs=] [TeamSpeakUser2] No offline messages found
[2025-08-12 21:26:40] [rNuuzETCYHp/ipeNXkMjDacyUEg=] [Haydn_123] Checking offline messages for client
[2025-08-12 21:26:40] [rNuuzETCYHp/ipeNXkMjDacyUEg=] [Haydn_123] No offline messages found
[2025-08-12 21:28:01] [olLchfzvGHNpn6d47ZpS8OkJojI=] [SGS Calvo] Checking offline messages for client
[2025-08-12 21:28:01] [olLchfzvGHNpn6d47ZpS8OkJojI=] [SGS Calvo] No offline messages found
[2025-08-12 21:28:25] [qmr5xFur3ZnSNj8YXWaYS0KwKz8=] [andyN] Checking offline messages for client
[2025-08-12 21:28:25] [qmr5xFur3ZnSNj8YXWaYS0KwKz8=] [andyN] No offline messages found
[2025-08-12 21:38:41] [1fLfTv7a7WCXSiKCcl/56zaOGH4=] [TeamSpeakUser4] Checking offline messages for client
[2025-08-12 21:38:41] [1fLfTv7a7WCXSiKCcl/56zaOGH4=] [TeamSpeakUser4] No offline messages found
[2025-08-12 21:40:36] [fH2BC2P6yIWRL36lS9ZP9nFS5vU=] [••• Koray ••• İZMİR] Checking offline messages for client
[2025-08-12 21:40:36] [fH2BC2P6yIWRL36lS9ZP9nFS5vU=] [••• Koray ••• İZMİR] No offline messages found
[2025-08-12 21:42:40] [ymFdwDlKTCkNO9T00Dc3n9/jeec=] [RedSkull_TR] Checking offline messages for client
[2025-08-12 21:42:40] [ymFdwDlKTCkNO9T00Dc3n9/jeec=] [RedSkull_TR] No offline messages found
[2025-08-12 21:43:07] [LOK+ULJwgjiQeCcVQFROZgtP0ek=] [mkrmn] Checking offline messages for client
[2025-08-12 21:43:07] [LOK+ULJwgjiQeCcVQFROZgtP0ek=] [mkrmn] No offline messages found
[2025-08-12 21:44:23] [rAxvHfzR1LcyWLYDgNpfvmKh3Tc=] [Animepseh] Checking offline messages for client
[2025-08-12 21:44:23] [rAxvHfzR1LcyWLYDgNpfvmKh3Tc=] [Animepseh] No offline messages found
[2025-08-12 21:44:37] [eNxiZDOeggdj95ZNvuM5yeobkrU=] [Etienne] Checking offline messages for client
[2025-08-12 21:44:37] [eNxiZDOeggdj95ZNvuM5yeobkrU=] [Etienne] No offline messages found
[2025-08-12 21:46:00] [xiNrZG6HSOENN9HT42NqMU0htQc=] [TeamSpeakUser4] Checking offline messages for client
[2025-08-12 21:46:00] [xiNrZG6HSOENN9HT42NqMU0htQc=] [TeamSpeakUser4] No offline messages found
[2025-08-12 21:54:43] [9+eEcAto/wSTLd5IvNiV/GTupc8=] [Alpha09] Checking offline messages for client
[2025-08-12 21:54:43] [9+eEcAto/wSTLd5IvNiV/GTupc8=] [Alpha09] No offline messages found
[2025-08-12 21:57:27] [3PUL5t5Jz0KW4hyrBCzi+BArN60=] [tenshin_non] Checking offline messages for client
[2025-08-12 21:57:27] [3PUL5t5Jz0KW4hyrBCzi+BArN60=] [tenshin_non] No offline messages found
[2025-08-12 21:57:38] [raAePR7lHPhNIRleevueRUQgaPg=] [Seyit] Checking offline messages for client
[2025-08-12 21:57:38] [raAePR7lHPhNIRleevueRUQgaPg=] [Seyit] No offline messages found
[2025-08-12 22:00:57] [FIHRd8H6xRTj1jyU280xFtyPXDM=] [liqui_88] Checking offline messages for client
[2025-08-12 22:00:57] [FIHRd8H6xRTj1jyU280xFtyPXDM=] [liqui_88] No offline messages found
[2025-08-12 22:01:16] [TWI+XXGLu2pwzCW3cEOZstlE9X4=] [FlavianFCP] Checking offline messages for client
[2025-08-12 22:01:16] [TWI+XXGLu2pwzCW3cEOZstlE9X4=] [FlavianFCP] No offline messages found
[2025-08-12 22:02:02] [jWxbfxhLxs9dPa3t1WUnys7gnbk=] [Richard_TH] Checking offline messages for client
[2025-08-12 22:02:02] [jWxbfxhLxs9dPa3t1WUnys7gnbk=] [Richard_TH] No offline messages found
[2025-08-12 22:02:09] [bfBHMKZBZ+ykgSUwUk0K/ZJFvDw=] [zzzCorleonezzz ( Бислан )] Checking offline messages for client
[2025-08-12 22:02:09] [bfBHMKZBZ+ykgSUwUk0K/ZJFvDw=] [zzzCorleonezzz ( Бислан )] No offline messages found
[2025-08-12 22:07:03] [/o8pqMqjRWAMMg8cPSsOifVtYg4=] [ALİ] Checking offline messages for client
[2025-08-12 22:07:03] [/o8pqMqjRWAMMg8cPSsOifVtYg4=] [ALİ] No offline messages found
[2025-08-12 22:08:15] [Cc0pcMqKOmxRqckJSdfMhtl6MPk=] [kenttdi] Checking offline messages for client
[2025-08-12 22:08:15] [Cc0pcMqKOmxRqckJSdfMhtl6MPk=] [kenttdi] No offline messages found
[2025-08-12 22:10:42] [h2yxqDaYBdNiyDlVGOH/YWCactg=] [dydek10master] Checking offline messages for client
[2025-08-12 22:10:42] [h2yxqDaYBdNiyDlVGOH/YWCactg=] [dydek10master] No offline messages found
[2025-08-12 22:13:00] [sC96QZMY/yY8Fc9QjquVCkLiW2c=] [Amirali] Checking offline messages for client
[2025-08-12 22:13:00] [sC96QZMY/yY8Fc9QjquVCkLiW2c=] [Amirali] No offline messages found
[2025-08-12 22:13:54] [tOoGEdCN9ULy8ULKyELfIWNelvU=] [kayanyildz] Checking offline messages for client
[2025-08-12 22:13:54] [tOoGEdCN9ULy8ULKyELfIWNelvU=] [kayanyildz] No offline messages found
[2025-08-12 22:16:19] [PCz5mVdmODgf+BuhB/F8jAcUsWY=] [XandeRMeisteR] Checking offline messages for client
[2025-08-12 22:16:19] [PCz5mVdmODgf+BuhB/F8jAcUsWY=] [XandeRMeisteR] No offline messages found
[2025-08-12 22:17:53] [FjvWluljyXAl76fTQUXQDhqEdXg=] [sima] Checking offline messages for client
[2025-08-12 22:17:53] [FjvWluljyXAl76fTQUXQDhqEdXg=] [sima] No offline messages found
[2025-08-12 22:19:54] [0WgZKkj6v4iiMp7/eG9vKSWI5qU=] [TeamSpeakUser] Checking offline messages for client
[2025-08-12 22:19:54] [0WgZKkj6v4iiMp7/eG9vKSWI5qU=] [TeamSpeakUser] No offline messages found
[2025-08-12 22:19:55] [hFplnszNsVWixGv+jr9PV6siVtc=] [PitcaRNNN``] Checking offline messages for client
[2025-08-12 22:19:55] [hFplnszNsVWixGv+jr9PV6siVtc=] [PitcaRNNN``] No offline messages found
[2025-08-12 22:19:57] [hFplnszNsVWixGv+jr9PV6siVtc=] [PitcaRNNN``] Checking offline messages for client
[2025-08-12 22:19:57] [hFplnszNsVWixGv+jr9PV6siVtc=] [PitcaRNNN``] No offline messages found
[2025-08-12 22:19:58] [hFplnszNsVWixGv+jr9PV6siVtc=] [PitcaRNNN``] Checking offline messages for client
[2025-08-12 22:19:58] [hFplnszNsVWixGv+jr9PV6siVtc=] [PitcaRNNN``] No offline messages found
[2025-08-12 22:20:00] [hFplnszNsVWixGv+jr9PV6siVtc=] [PitcaRNNN``] Checking offline messages for client
[2025-08-12 22:20:00] [hFplnszNsVWixGv+jr9PV6siVtc=] [PitcaRNNN``] No offline messages found
[2025-08-12 22:21:33] [y8www1vX+Fcxdsy3fifmpFwkYkA=] [KingDriver] Checking offline messages for client
[2025-08-12 22:21:33] [y8www1vX+Fcxdsy3fifmpFwkYkA=] [KingDriver] No offline messages found
[2025-08-12 22:23:17] [vQBpA0VvBo3XlFVJd2yFUhlAD5E=] [whoismert] Checking offline messages for client
[2025-08-12 22:23:17] [vQBpA0VvBo3XlFVJd2yFUhlAD5E=] [whoismert] No offline messages found
[2025-08-12 22:25:51] [pUCIpssKzbEhYAmtB8xcuFXcEsU=] [mostafa] Checking offline messages for client
[2025-08-12 22:25:51] [pUCIpssKzbEhYAmtB8xcuFXcEsU=] [mostafa] No offline messages found
[2025-08-12 22:32:53] [3wfCbZork1r8h4aDgIW1hfWE0YA=] [SNAC-Ahmet] Checking offline messages for client
[2025-08-12 22:32:53] [3wfCbZork1r8h4aDgIW1hfWE0YA=] [SNAC-Ahmet] No offline messages found
[2025-08-12 22:32:58] [tOoGEdCN9ULy8ULKyELfIWNelvU=] [kayanyildz] Checking offline messages for client
[2025-08-12 22:32:58] [tOoGEdCN9ULy8ULKyELfIWNelvU=] [kayanyildz] No offline messages found
[2025-08-12 22:37:21] [ilO9JAl5glx+WikZA6SZqmic0Iw=] [kaiizenn] Checking offline messages for client
[2025-08-12 22:37:21] [ilO9JAl5glx+WikZA6SZqmic0Iw=] [kaiizenn] No offline messages found
[2025-08-12 22:37:33] [tOoGEdCN9ULy8ULKyELfIWNelvU=] [kayanyildz] Checking offline messages for client
[2025-08-12 22:37:33] [tOoGEdCN9ULy8ULKyELfIWNelvU=] [kayanyildz] No offline messages found
[2025-08-12 22:37:42] [ow+Zi/O4SnJIvwHosoZ7zIvOOK8=] [shinigami] Checking offline messages for client
[2025-08-12 22:37:42] [ow+Zi/O4SnJIvwHosoZ7zIvOOK8=] [shinigami] No offline messages found
[2025-08-12 22:42:11] [mLx0Hk4TMipqUwGhs4qaQnVuCRc=] [ywyw] Checking offline messages for client
[2025-08-12 22:42:11] [mLx0Hk4TMipqUwGhs4qaQnVuCRc=] [ywyw] No offline messages found
[2025-08-12 22:43:25] [QFOoQ6Mg2dbrrKfVQEqUbdv5Eqg=] [dosma666] Checking offline messages for client
[2025-08-12 22:43:25] [QFOoQ6Mg2dbrrKfVQEqUbdv5Eqg=] [dosma666] No offline messages found
[2025-08-12 22:49:47] [pb0kvBFjGNGQCwIw3+dxOPKug9E=] [TEANZI] Checking offline messages for client
[2025-08-12 22:49:47] [pb0kvBFjGNGQCwIw3+dxOPKug9E=] [TEANZI] No offline messages found
[2025-08-12 22:50:10] [hkBhnMOTE8soDHFmBL7JMnzKXrU=] [TeamSpeakUser2] Checking offline messages for client
[2025-08-12 22:50:10] [hkBhnMOTE8soDHFmBL7JMnzKXrU=] [TeamSpeakUser2] No offline messages found
[2025-08-12 22:53:20] [hkBhnMOTE8soDHFmBL7JMnzKXrU=] [TeamSpeakUser2] Checking offline messages for client
[2025-08-12 22:53:20] [hkBhnMOTE8soDHFmBL7JMnzKXrU=] [TeamSpeakUser2] No offline messages found
[2025-08-12 22:54:44] [ZguRZ8geM8sz5Z+CaLG91UaChCg=] [kaan1] Checking offline messages for client
[2025-08-12 22:54:44] [ZguRZ8geM8sz5Z+CaLG91UaChCg=] [kaan1] No offline messages found
[2025-08-12 22:58:03] [gP2jkUaH5w6Pb9TwDgi1GArgvj4=] [SGS Rxsso] Checking offline messages for client
[2025-08-12 22:58:03] [gP2jkUaH5w6Pb9TwDgi1GArgvj4=] [SGS Rxsso] No offline messages found
[2025-08-12 23:08:37] [gP2jkUaH5w6Pb9TwDgi1GArgvj4=] [SGS Rxsso] Checking offline messages for client
[2025-08-12 23:08:37] [gP2jkUaH5w6Pb9TwDgi1GArgvj4=] [SGS Rxsso] No offline messages found
[2025-08-12 23:12:00] [7lkgv1NgBUC4Nbvfz0XxfSTDHSQ=] [Platonuch_UA] Checking offline messages for client
[2025-08-12 23:12:00] [7lkgv1NgBUC4Nbvfz0XxfSTDHSQ=] [Platonuch_UA] No offline messages found
[2025-08-12 23:16:01] [3rZLDVFHIYA6w8EXr8x3MA0Oo3k=] [Swag] Checking offline messages for client
[2025-08-12 23:16:01] [3rZLDVFHIYA6w8EXr8x3MA0Oo3k=] [Swag] No offline messages found
[2025-08-12 23:16:02] [w4gnZ7a1Z0IijgPZV+mnhRGJC7k=] [Hermann] Checking offline messages for client
[2025-08-12 23:16:02] [w4gnZ7a1Z0IijgPZV+mnhRGJC7k=] [Hermann] No offline messages found
[2025-08-12 23:17:16] [sC96QZMY/yY8Fc9QjquVCkLiW2c=] [Amirali] Checking offline messages for client
[2025-08-12 23:17:16] [sC96QZMY/yY8Fc9QjquVCkLiW2c=] [Amirali] No offline messages found
[2025-08-12 23:17:44] [xCHs6lSxDe3edoQot4ntfOLveSI=] [SEFA] Checking offline messages for client
[2025-08-12 23:17:44] [xCHs6lSxDe3edoQot4ntfOLveSI=] [SEFA] No offline messages found
[2025-08-12 23:19:31] [sC96QZMY/yY8Fc9QjquVCkLiW2c=] [Amirali] Checking offline messages for client
[2025-08-12 23:19:31] [sC96QZMY/yY8Fc9QjquVCkLiW2c=] [Amirali] No offline messages found
[2025-08-12 23:20:46] [K5/IaDGscrQW+qBOe0yWCZ4tht0=] [kappanda01] Checking offline messages for client
[2025-08-12 23:20:46] [K5/IaDGscrQW+qBOe0yWCZ4tht0=] [kappanda01] No offline messages found
[2025-08-12 23:20:53] [rtdUFV+2q6gMB7LIOA5+y8SqhBY=] [mevlutozkara] Checking offline messages for client
[2025-08-12 23:20:53] [rtdUFV+2q6gMB7LIOA5+y8SqhBY=] [mevlutozkara] No offline messages found
[2025-08-12 23:22:27] [AJimp0Wwxt3LJm5dPIyisfwXR6U=] [N3rvezz] Checking offline messages for client
[2025-08-12 23:22:27] [AJimp0Wwxt3LJm5dPIyisfwXR6U=] [N3rvezz] No offline messages found
[2025-08-12 23:22:28] [rtdUFV+2q6gMB7LIOA5+y8SqhBY=] [mevlutozkara] Checking offline messages for client
[2025-08-12 23:22:28] [rtdUFV+2q6gMB7LIOA5+y8SqhBY=] [mevlutozkara] No offline messages found
[2025-08-12 23:22:48] [HWG+ATHFYYOXM1l3iDtc4v9gUsM=] [Baldiez] Checking offline messages for client
[2025-08-12 23:22:48] [HWG+ATHFYYOXM1l3iDtc4v9gUsM=] [Baldiez] No offline messages found
[2025-08-12 23:27:07] [ONvfusmFWIClbDX/sdbH1dm7g9A=] [мффмфмфмфмфм] Checking offline messages for client
[2025-08-12 23:27:07] [ONvfusmFWIClbDX/sdbH1dm7g9A=] [мффмфмфмфмфм] No offline messages found
[2025-08-12 23:27:16] [sC96QZMY/yY8Fc9QjquVCkLiW2c=] [Amirali] Checking offline messages for client
[2025-08-12 23:27:16] [sC96QZMY/yY8Fc9QjquVCkLiW2c=] [Amirali] No offline messages found
[2025-08-12 23:27:29] [lYnVEWVma0Kzv/p4bpCgYZ9twnA=] [I ❤ US Rap Only] Client in ignored group, skipping offline messages check
[2025-08-12 23:27:29] [X5IbyBv3WtlcgFhjUdRkdzckDnA=] [[#]Misc] Client in ignored group, skipping offline messages check
[2025-08-12 23:27:29] [CTJJYp6g0ooZW+p10o4IHQNYVIQ=] [I ❤ 2 Dance] Client in ignored group, skipping offline messages check
[2025-08-12 23:27:29] [lYnVEWVma0Kzv/p4bpCgYZ9twnA=] [I ❤ US Rap Only] Client in ignored group, skipping offline messages check
[2025-08-12 23:27:29] [lYnVEWVma0Kzv/p4bpCgYZ9twnA=] [I ❤ US Rap Only] Client in ignored group, skipping offline messages check
[2025-08-12 23:28:25] [0ExFXh96hbPZO9+i08BvYxcM2Is=] [maruk] Checking offline messages for client
[2025-08-12 23:28:25] [0ExFXh96hbPZO9+i08BvYxcM2Is=] [maruk] No offline messages found
[2025-08-12 23:32:35] [XdfBPIFBI3AGf0ZCZTbFFDB3TjU=] [I ❤ Greatest Hits] Client in ignored group, skipping offline messages check
[2025-08-12 23:35:55] [OtB8/Fi/zTqtCmvCEOm37xd//Ys=] [poo] Checking offline messages for client
[2025-08-12 23:35:55] [OtB8/Fi/zTqtCmvCEOm37xd//Ys=] [poo] No offline messages found
[2025-08-12 23:36:20] [fa4VJPZN3YRM6elLc2ub2QkVDKA=] [TeamSpeakUser1] Checking offline messages for client
[2025-08-12 23:36:20] [fa4VJPZN3YRM6elLc2ub2QkVDKA=] [TeamSpeakUser1] No offline messages found
[2025-08-12 23:36:25] [/ntLdaP/4t8Wu17R5juzLOn7l3I=] [TeamSpeakUser3] Checking offline messages for client
[2025-08-12 23:36:25] [/ntLdaP/4t8Wu17R5juzLOn7l3I=] [TeamSpeakUser3] No offline messages found
[2025-08-12 23:36:37] [fMyy94Uc4NVBYlK317N59mmcxCg=] [TeamSpeakUser5] Checking offline messages for client
[2025-08-12 23:36:37] [fMyy94Uc4NVBYlK317N59mmcxCg=] [TeamSpeakUser5] No offline messages found
[2025-08-12 23:36:42] [DdvfOAoep9XKOfimQ/Nit/nevWs=] [-3k] Checking offline messages for client
[2025-08-12 23:36:42] [DdvfOAoep9XKOfimQ/Nit/nevWs=] [-3k] No offline messages found
[2025-08-12 23:38:35] [OtB8/Fi/zTqtCmvCEOm37xd//Ys=] [poo] Checking offline messages for client
[2025-08-12 23:38:35] [OtB8/Fi/zTqtCmvCEOm37xd//Ys=] [poo] No offline messages found
[2025-08-12 23:40:59] [6w55f4WcwH/hLfUToDMaUm0uZ5k=] [MnDark] Checking offline messages for client
[2025-08-12 23:40:59] [6w55f4WcwH/hLfUToDMaUm0uZ5k=] [MnDark] No offline messages found
[2025-08-12 23:42:09] [y8www1vX+Fcxdsy3fifmpFwkYkA=] [KingDriver] Checking offline messages for client
[2025-08-12 23:42:09] [y8www1vX+Fcxdsy3fifmpFwkYkA=] [KingDriver] No offline messages found
[2025-08-12 23:43:53] [OtB8/Fi/zTqtCmvCEOm37xd//Ys=] [poo] Checking offline messages for client
[2025-08-12 23:43:53] [OtB8/Fi/zTqtCmvCEOm37xd//Ys=] [poo] No offline messages found
[2025-08-12 23:44:17] [OtB8/Fi/zTqtCmvCEOm37xd//Ys=] [poo] Checking offline messages for client
[2025-08-12 23:44:17] [OtB8/Fi/zTqtCmvCEOm37xd//Ys=] [poo] No offline messages found
[2025-08-12 23:45:04] [OtB8/Fi/zTqtCmvCEOm37xd//Ys=] [poo] Checking offline messages for client
[2025-08-12 23:45:04] [OtB8/Fi/zTqtCmvCEOm37xd//Ys=] [poo] No offline messages found
[2025-08-12 23:47:29] [y8www1vX+Fcxdsy3fifmpFwkYkA=] [KingDriver] Checking offline messages for client
[2025-08-12 23:47:29] [y8www1vX+Fcxdsy3fifmpFwkYkA=] [KingDriver] No offline messages found
[2025-08-12 23:48:00] [tOoGEdCN9ULy8ULKyELfIWNelvU=] [kayanyildz] Checking offline messages for client
[2025-08-12 23:48:00] [tOoGEdCN9ULy8ULKyELfIWNelvU=] [kayanyildz] No offline messages found
