[2025-07-27 00:05:02] [lYnVEWVma0Kzv/p4bpCgYZ9twnA=] [I ❤ US Rap Only] Client in ignored group, skipping offline messages check
[2025-07-27 00:05:03] [X5IbyBv3WtlcgFhjUdRkdzckDnA=] [[#]Misc] Client in ignored group, skipping offline messages check
[2025-07-27 00:05:03] [CTJJYp6g0ooZW+p10o4IHQNYVIQ=] [I ❤ 2 Dance] Client in ignored group, skipping offline messages check
[2025-07-27 00:05:14] [DkzWFjRCsm+UTvsWYYn492igLoY=] [1.6 fsi dert paket] Checking offline messages for client
[2025-07-27 00:05:14] [DkzWFjRCsm+UTvsWYYn492igLoY=] [1.6 fsi dert paket] No offline messages found
[2025-07-27 00:05:29] [rtdUFV+2q6gMB7LIOA5+y8SqhBY=] [mevlutozkara] Checking offline messages for client
[2025-07-27 00:05:29] [rtdUFV+2q6gMB7LIOA5+y8SqhBY=] [mevlutozkara] No offline messages found
[2025-07-27 00:07:31] [CTJJYp6g0ooZW+p10o4IHQNYVIQ=] [I ❤ 2 Dance] Client in ignored group, skipping offline messages check
[2025-07-27 00:07:31] [lYnVEWVma0Kzv/p4bpCgYZ9twnA=] [I ❤ US Rap Only] Client in ignored group, skipping offline messages check
[2025-07-27 00:07:31] [X5IbyBv3WtlcgFhjUdRkdzckDnA=] [[#]Misc] Client in ignored group, skipping offline messages check
[2025-07-27 00:07:31] [X5IbyBv3WtlcgFhjUdRkdzckDnA=] [[#]Misc] Client in ignored group, skipping offline messages check
[2025-07-27 00:07:31] [X5IbyBv3WtlcgFhjUdRkdzckDnA=] [[#]Misc] Client in ignored group, skipping offline messages check
[2025-07-27 00:07:31] [X5IbyBv3WtlcgFhjUdRkdzckDnA=] [[#]Misc] Client in ignored group, skipping offline messages check
[2025-07-27 00:07:31] [X5IbyBv3WtlcgFhjUdRkdzckDnA=] [[#]Misc] Client in ignored group, skipping offline messages check
[2025-07-27 00:07:31] [X5IbyBv3WtlcgFhjUdRkdzckDnA=] [[#]Misc] Client in ignored group, skipping offline messages check
[2025-07-27 00:07:31] [X5IbyBv3WtlcgFhjUdRkdzckDnA=] [[#]Misc] Client in ignored group, skipping offline messages check
[2025-07-27 00:07:31] [X5IbyBv3WtlcgFhjUdRkdzckDnA=] [[#]Misc] Client in ignored group, skipping offline messages check
[2025-07-27 00:07:31] [X5IbyBv3WtlcgFhjUdRkdzckDnA=] [[#]Misc] Client in ignored group, skipping offline messages check
[2025-07-27 00:07:31] [X5IbyBv3WtlcgFhjUdRkdzckDnA=] [[#]Misc] Client in ignored group, skipping offline messages check
[2025-07-27 00:07:31] [X5IbyBv3WtlcgFhjUdRkdzckDnA=] [[#]Misc] Client in ignored group, skipping offline messages check
[2025-07-27 00:07:31] [X5IbyBv3WtlcgFhjUdRkdzckDnA=] [[#]Misc] Client in ignored group, skipping offline messages check
[2025-07-27 00:07:32] [X5IbyBv3WtlcgFhjUdRkdzckDnA=] [[#]Misc] Client in ignored group, skipping offline messages check
[2025-07-27 00:07:32] [X5IbyBv3WtlcgFhjUdRkdzckDnA=] [[#]Misc] Client in ignored group, skipping offline messages check
[2025-07-27 00:07:32] [X5IbyBv3WtlcgFhjUdRkdzckDnA=] [[#]Misc] Client in ignored group, skipping offline messages check
[2025-07-27 00:07:32] [X5IbyBv3WtlcgFhjUdRkdzckDnA=] [[#]Misc] Client in ignored group, skipping offline messages check
[2025-07-27 00:07:32] [X5IbyBv3WtlcgFhjUdRkdzckDnA=] [[#]Misc] Client in ignored group, skipping offline messages check
[2025-07-27 00:07:32] [X5IbyBv3WtlcgFhjUdRkdzckDnA=] [[#]Misc] Client in ignored group, skipping offline messages check
[2025-07-27 00:07:32] [X5IbyBv3WtlcgFhjUdRkdzckDnA=] [[#]Misc] Client in ignored group, skipping offline messages check
[2025-07-27 00:07:32] [X5IbyBv3WtlcgFhjUdRkdzckDnA=] [[#]Misc] Client in ignored group, skipping offline messages check
[2025-07-27 00:07:32] [X5IbyBv3WtlcgFhjUdRkdzckDnA=] [[#]Misc] Client in ignored group, skipping offline messages check
[2025-07-27 00:07:32] [X5IbyBv3WtlcgFhjUdRkdzckDnA=] [[#]Misc] Client in ignored group, skipping offline messages check
[2025-07-27 00:07:32] [X5IbyBv3WtlcgFhjUdRkdzckDnA=] [[#]Misc] Client in ignored group, skipping offline messages check
[2025-07-27 00:07:32] [X5IbyBv3WtlcgFhjUdRkdzckDnA=] [[#]Misc] Client in ignored group, skipping offline messages check
[2025-07-27 00:07:32] [X5IbyBv3WtlcgFhjUdRkdzckDnA=] [[#]Misc] Client in ignored group, skipping offline messages check
[2025-07-27 00:08:12] [XdfBPIFBI3AGf0ZCZTbFFDB3TjU=] [I ❤ Greatest Hits] Client in ignored group, skipping offline messages check
[2025-07-27 00:11:04] [X5IbyBv3WtlcgFhjUdRkdzckDnA=] [[#]Misc] Client in ignored group, skipping offline messages check
[2025-07-27 00:11:14] [CTJJYp6g0ooZW+p10o4IHQNYVIQ=] [I ❤ 2 Dance] Client in ignored group, skipping offline messages check
[2025-07-27 00:11:17] [XdfBPIFBI3AGf0ZCZTbFFDB3TjU=] [I ❤ Greatest Hits] Client in ignored group, skipping offline messages check
[2025-07-27 00:16:01] [aaQSTxpOMMsPLCaFNn824D87ahM=] [anzor] Checking offline messages for client
[2025-07-27 00:16:01] [aaQSTxpOMMsPLCaFNn824D87ahM=] [anzor] No offline messages found
[2025-07-27 00:19:32] [ZQhSo1tQ5YDSZNLYSj+nKwHZezs=] [hamza] Checking offline messages for client
[2025-07-27 00:19:32] [ZQhSo1tQ5YDSZNLYSj+nKwHZezs=] [hamza] No offline messages found
[2025-07-27 00:20:40] [kfn1jFosIGdE1yOz/lIfEBXQj4A=] [Rix] Checking offline messages for client
[2025-07-27 00:20:40] [kfn1jFosIGdE1yOz/lIfEBXQj4A=] [Rix] No offline messages found
[2025-07-27 00:22:10] [RBwh+hLI7qM/5sBbq4UPaExpE30=] [Druid Сrow 🦅] Checking offline messages for client
[2025-07-27 00:22:10] [RBwh+hLI7qM/5sBbq4UPaExpE30=] [Druid Сrow 🦅] No offline messages found
[2025-07-27 00:28:53] [sZQPfAhKNyJnHG1VTlCSqp382GY=] [GSavio] Checking offline messages for client
[2025-07-27 00:28:53] [sZQPfAhKNyJnHG1VTlCSqp382GY=] [GSavio] No offline messages found
[2025-07-27 00:28:54] [sZQPfAhKNyJnHG1VTlCSqp382GY=] [GSavio] Checking offline messages for client
[2025-07-27 00:28:54] [sZQPfAhKNyJnHG1VTlCSqp382GY=] [GSavio] No offline messages found
[2025-07-27 00:28:54] [sZQPfAhKNyJnHG1VTlCSqp382GY=] [GSavio] Checking offline messages for client
[2025-07-27 00:28:54] [sZQPfAhKNyJnHG1VTlCSqp382GY=] [GSavio] No offline messages found
[2025-07-27 00:29:42] [rtdUFV+2q6gMB7LIOA5+y8SqhBY=] [mevlutozkara] Checking offline messages for client
[2025-07-27 00:29:42] [rtdUFV+2q6gMB7LIOA5+y8SqhBY=] [mevlutozkara] No offline messages found
[2025-07-27 00:30:11] [R6w4zncMqAp7xPym2ZI34QgxVBA=] [ADANALII] Checking offline messages for client
[2025-07-27 00:30:11] [R6w4zncMqAp7xPym2ZI34QgxVBA=] [ADANALII] No offline messages found
[2025-07-27 00:30:42] [v4HBviZ5MpnDpeG8hecQkotPVk4=] [TeamSpeakUser] Checking offline messages for client
[2025-07-27 00:30:42] [v4HBviZ5MpnDpeG8hecQkotPVk4=] [TeamSpeakUser] No offline messages found
[2025-07-27 00:32:58] [rc6PTp7wE3xERTiJhvZj3aYUd/Y=] [kushi] Checking offline messages for client
[2025-07-27 00:32:58] [rc6PTp7wE3xERTiJhvZj3aYUd/Y=] [kushi] No offline messages found
[2025-07-27 00:33:53] [IvPuoleyuChePKK0GR7sRhVCkJE=] [SYRUSSS] Checking offline messages for client
[2025-07-27 00:33:53] [IvPuoleyuChePKK0GR7sRhVCkJE=] [SYRUSSS] No offline messages found
[2025-07-27 00:34:41] [sZQPfAhKNyJnHG1VTlCSqp382GY=] [GSavio] Checking offline messages for client
[2025-07-27 00:34:41] [sZQPfAhKNyJnHG1VTlCSqp382GY=] [GSavio] No offline messages found
[2025-07-27 00:42:29] [0XIPokUUTEkn00muYiwnSCQJ4wM=] [credolls] Checking offline messages for client
[2025-07-27 00:42:29] [0XIPokUUTEkn00muYiwnSCQJ4wM=] [credolls] No offline messages found
[2025-07-27 01:05:27] [fO9bJXwQz8s0AHyTVAhCFbKO7GI=] [EDG3] Checking offline messages for client
[2025-07-27 01:05:27] [fO9bJXwQz8s0AHyTVAhCFbKO7GI=] [EDG3] No offline messages found
[2025-07-27 01:14:04] [Uu5KMlrBm4Z5LiLbdfTmVcSDXOU=] [I_XaSkI_I] Checking offline messages for client
[2025-07-27 01:14:04] [Uu5KMlrBm4Z5LiLbdfTmVcSDXOU=] [I_XaSkI_I] No offline messages found
[2025-07-27 01:16:31] [gQ5C6+V5CuxoWVdapQ4LurehHGY=] [ph0x] Checking offline messages for client
[2025-07-27 01:16:31] [gQ5C6+V5CuxoWVdapQ4LurehHGY=] [ph0x] No offline messages found
[2025-07-27 01:22:33] [jWxbfxhLxs9dPa3t1WUnys7gnbk=] [Richard_TH] Checking offline messages for client
[2025-07-27 01:22:33] [jWxbfxhLxs9dPa3t1WUnys7gnbk=] [Richard_TH] No offline messages found
[2025-07-27 01:32:15] [3PUL5t5Jz0KW4hyrBCzi+BArN60=] [tenshin_non] Checking offline messages for client
[2025-07-27 01:32:15] [3PUL5t5Jz0KW4hyrBCzi+BArN60=] [tenshin_non] No offline messages found
[2025-07-27 01:37:17] [7MSg55PwXZiuxWPbER/oq5EBR1s=] [tills] Checking offline messages for client
[2025-07-27 01:37:17] [7MSg55PwXZiuxWPbER/oq5EBR1s=] [tills] No offline messages found
[2025-07-27 01:39:39] [qCQuK6Is+deAhN2xl/XspjIz8xY=] [Faith] Checking offline messages for client
[2025-07-27 01:39:39] [qCQuK6Is+deAhN2xl/XspjIz8xY=] [Faith] No offline messages found
[2025-07-27 01:45:12] [Z3dqFL90itQUOdirlz2x1TyvA1s=] [Victuziin] Checking offline messages for client
[2025-07-27 01:45:12] [Z3dqFL90itQUOdirlz2x1TyvA1s=] [Victuziin] No offline messages found
[2025-07-27 02:05:25] [wfvYW2a+qt7VWrpS9PjyTKVJWWA=] [japi3/4] Checking offline messages for client
[2025-07-27 02:05:25] [wfvYW2a+qt7VWrpS9PjyTKVJWWA=] [japi3/4] No offline messages found
[2025-07-27 02:29:16] [FsMp77KHXHlbn6N7tmLYLKRzAG8=] [Hugo] Checking offline messages for client
[2025-07-27 02:29:16] [FsMp77KHXHlbn6N7tmLYLKRzAG8=] [Hugo] No offline messages found
[2025-07-27 02:42:42] [gIiFEIVlfd6xCpeH96UhRqBaXQI=] [Globelit] Checking offline messages for client
[2025-07-27 02:42:42] [gIiFEIVlfd6xCpeH96UhRqBaXQI=] [Globelit] No offline messages found
[2025-07-27 02:43:59] [eQDjuYyW9pyrmNG5cuHg9FbexIw=] [Abraham Poso] Checking offline messages for client
[2025-07-27 02:43:59] [eQDjuYyW9pyrmNG5cuHg9FbexIw=] [Abraham Poso] No offline messages found
[2025-07-27 02:47:01] [O3jgy+4YcNZxt6Kfdzgsu6OGY/w=] [Elcau_sita18] Checking offline messages for client
[2025-07-27 02:47:01] [O3jgy+4YcNZxt6Kfdzgsu6OGY/w=] [Elcau_sita18] No offline messages found
[2025-07-27 02:51:41] [xGIv08F0N6y8i+FYpfsEfbnQkcw=] [JhoNNzTR] Checking offline messages for client
[2025-07-27 02:51:41] [xGIv08F0N6y8i+FYpfsEfbnQkcw=] [JhoNNzTR] No offline messages found
[2025-07-27 02:56:09] [xBMJD2Y2SpzPtIEf1cFbTuruz8Q=] [KAYMAKAM] Checking offline messages for client
[2025-07-27 02:56:09] [xBMJD2Y2SpzPtIEf1cFbTuruz8Q=] [KAYMAKAM] No offline messages found
[2025-07-27 03:01:26] [gIiFEIVlfd6xCpeH96UhRqBaXQI=] [Globelit] Checking offline messages for client
[2025-07-27 03:01:26] [gIiFEIVlfd6xCpeH96UhRqBaXQI=] [Globelit] No offline messages found
[2025-07-27 03:02:08] [Cji46tp2K393WPeFVB8+qBNs7Sw=] [TeamSpeakUser] Checking offline messages for client
[2025-07-27 03:02:08] [Cji46tp2K393WPeFVB8+qBNs7Sw=] [TeamSpeakUser] No offline messages found
[2025-07-27 03:06:41] [sDGTmykW+tszI+sqWb5sOOLvtdM=] [f.donato] Checking offline messages for client
[2025-07-27 03:06:41] [sDGTmykW+tszI+sqWb5sOOLvtdM=] [f.donato] No offline messages found
[2025-07-27 03:09:34] [yczwmwfxQgMWCyptSAX6dPm154w=] [Bordoking] Checking offline messages for client
[2025-07-27 03:09:34] [yczwmwfxQgMWCyptSAX6dPm154w=] [Bordoking] No offline messages found
[2025-07-27 03:17:58] [9Pt9/uzi3hl0wB2p2jxNcIK5sgU=] [Deerace] Checking offline messages for client
[2025-07-27 03:17:58] [9Pt9/uzi3hl0wB2p2jxNcIK5sgU=] [Deerace] No offline messages found
[2025-07-27 03:20:46] [vn9pK34k+cof6a4SinSowea3gQw=] [Odak] Checking offline messages for client
[2025-07-27 03:20:46] [vn9pK34k+cof6a4SinSowea3gQw=] [Odak] No offline messages found
[2025-07-27 03:25:10] [xBMJD2Y2SpzPtIEf1cFbTuruz8Q=] [KAYMAKAM] Checking offline messages for client
[2025-07-27 03:25:10] [xBMJD2Y2SpzPtIEf1cFbTuruz8Q=] [KAYMAKAM] No offline messages found
[2025-07-27 03:58:50] [ytzrq/0by1qTr3vTnSntok01BvI=] [User1] Checking offline messages for client
[2025-07-27 03:58:50] [ytzrq/0by1qTr3vTnSntok01BvI=] [User1] No offline messages found
[2025-07-27 03:59:22] [ytzrq/0by1qTr3vTnSntok01BvI=] [User1] Checking offline messages for client
[2025-07-27 03:59:22] [ytzrq/0by1qTr3vTnSntok01BvI=] [User1] No offline messages found
[2025-07-27 04:04:54] [O3jgy+4YcNZxt6Kfdzgsu6OGY/w=] [Elcau_sita18] Checking offline messages for client
[2025-07-27 04:04:54] [O3jgy+4YcNZxt6Kfdzgsu6OGY/w=] [Elcau_sita18] No offline messages found
[2025-07-27 04:14:24] [uVmbHDjOHHZzF900DHK4mbNPOm8=] [Arfaxat] Checking offline messages for client
[2025-07-27 04:14:24] [uVmbHDjOHHZzF900DHK4mbNPOm8=] [Arfaxat] No offline messages found
[2025-07-27 04:45:10] [voHeS+9vDrKsqr51INkaIih9KlI=] [Cyborg1] Checking offline messages for client
[2025-07-27 04:45:10] [voHeS+9vDrKsqr51INkaIih9KlI=] [Cyborg1] No offline messages found
[2025-07-27 04:46:36] [gIiFEIVlfd6xCpeH96UhRqBaXQI=] [Globelit] Checking offline messages for client
[2025-07-27 04:46:36] [gIiFEIVlfd6xCpeH96UhRqBaXQI=] [Globelit] No offline messages found
[2025-07-27 05:07:17] [sDGTmykW+tszI+sqWb5sOOLvtdM=] [f.donato] Checking offline messages for client
[2025-07-27 05:07:17] [sDGTmykW+tszI+sqWb5sOOLvtdM=] [f.donato] No offline messages found
[2025-07-27 05:11:22] [GRmt7jZLfS3A+SdGDckb2BiZEAk=] [sameqqq] Checking offline messages for client
[2025-07-27 05:11:22] [GRmt7jZLfS3A+SdGDckb2BiZEAk=] [sameqqq] No offline messages found
[2025-07-27 05:12:25] [qCQuK6Is+deAhN2xl/XspjIz8xY=] [Faith] Checking offline messages for client
[2025-07-27 05:12:25] [qCQuK6Is+deAhN2xl/XspjIz8xY=] [Faith] No offline messages found
[2025-07-27 05:17:54] [fgOeoBk6I+eD6fz/JvW68oJh6ms=] [Ministry of Silly Walks] Checking offline messages for client
[2025-07-27 05:17:54] [fgOeoBk6I+eD6fz/JvW68oJh6ms=] [Ministry of Silly Walks] No offline messages found
[2025-07-27 05:23:12] [9Pt9/uzi3hl0wB2p2jxNcIK5sgU=] [Deerace] Checking offline messages for client
[2025-07-27 05:23:12] [9Pt9/uzi3hl0wB2p2jxNcIK5sgU=] [Deerace] No offline messages found
[2025-07-27 06:08:12] [XdfBPIFBI3AGf0ZCZTbFFDB3TjU=] [I ❤ Greatest Hits] Client in ignored group, skipping offline messages check
[2025-07-27 06:08:12] [CTJJYp6g0ooZW+p10o4IHQNYVIQ=] [I ❤ 2 Dance] Client in ignored group, skipping offline messages check
[2025-07-27 06:08:12] [X5IbyBv3WtlcgFhjUdRkdzckDnA=] [[#]Misc] Client in ignored group, skipping offline messages check
[2025-07-27 07:08:14] [vn9pK34k+cof6a4SinSowea3gQw=] [Odak] Checking offline messages for client
[2025-07-27 07:08:14] [vn9pK34k+cof6a4SinSowea3gQw=] [Odak] No offline messages found
[2025-07-27 07:20:23] [0TS7jt0APSegEgA9K9hIWfin7m0=] [dadaok] Checking offline messages for client
[2025-07-27 07:20:23] [0TS7jt0APSegEgA9K9hIWfin7m0=] [dadaok] No offline messages found
[2025-07-27 07:22:32] [YKaJKPUcO38+nmswF3rtl+ViIlg=] [TeamSpeakUser] Checking offline messages for client
[2025-07-27 07:22:32] [YKaJKPUcO38+nmswF3rtl+ViIlg=] [TeamSpeakUser] No offline messages found
[2025-07-27 07:27:50] [s1cKjvWV/U2hH6YRSl2/TWstSVc=] [TeamSpeakUser1] Checking offline messages for client
[2025-07-27 07:27:50] [s1cKjvWV/U2hH6YRSl2/TWstSVc=] [TeamSpeakUser1] No offline messages found
[2025-07-27 07:58:41] [gIv03ZtQuihw+6fOW0VT0H6h6c8=] [chapa] Checking offline messages for client
[2025-07-27 07:58:41] [gIv03ZtQuihw+6fOW0VT0H6h6c8=] [chapa] No offline messages found
[2025-07-27 08:25:20] [Z3dqFL90itQUOdirlz2x1TyvA1s=] [Victuziin] Checking offline messages for client
[2025-07-27 08:25:20] [Z3dqFL90itQUOdirlz2x1TyvA1s=] [Victuziin] No offline messages found
[2025-07-27 08:26:45] [sDGTmykW+tszI+sqWb5sOOLvtdM=] [f.donato] Checking offline messages for client
[2025-07-27 08:26:45] [sDGTmykW+tszI+sqWb5sOOLvtdM=] [f.donato] No offline messages found
[2025-07-27 08:28:33] [qCQuK6Is+deAhN2xl/XspjIz8xY=] [Faith] Checking offline messages for client
[2025-07-27 08:28:33] [qCQuK6Is+deAhN2xl/XspjIz8xY=] [Faith] No offline messages found
[2025-07-27 08:31:22] [Z3dqFL90itQUOdirlz2x1TyvA1s=] [Victuziin] Checking offline messages for client
[2025-07-27 08:31:22] [Z3dqFL90itQUOdirlz2x1TyvA1s=] [Victuziin] No offline messages found
[2025-07-27 08:51:19] [pM39vwBC404mshweezryIEAS3ZQ=] [Columb] Checking offline messages for client
[2025-07-27 08:51:19] [pM39vwBC404mshweezryIEAS3ZQ=] [Columb] No offline messages found
[2025-07-27 08:55:56] [ZRaP7ZFk8xMR0aZkTaBGImOaGAM=] [SysmoUsercid=140] Checking offline messages for client
[2025-07-27 08:55:56] [ZRaP7ZFk8xMR0aZkTaBGImOaGAM=] [SysmoUsercid=140] No offline messages found
[2025-07-27 08:55:59] [nmMsjCsq3llYr3g2A8cfAaD3Fy0=] [arhi23] Checking offline messages for client
[2025-07-27 08:55:59] [nmMsjCsq3llYr3g2A8cfAaD3Fy0=] [arhi23] No offline messages found
[2025-07-27 08:56:00] [nmMsjCsq3llYr3g2A8cfAaD3Fy0=] [arhi23] Checking offline messages for client
[2025-07-27 08:56:00] [nmMsjCsq3llYr3g2A8cfAaD3Fy0=] [arhi23] No offline messages found
[2025-07-27 08:56:00] [nmMsjCsq3llYr3g2A8cfAaD3Fy0=] [arhi23] Checking offline messages for client
[2025-07-27 08:56:00] [nmMsjCsq3llYr3g2A8cfAaD3Fy0=] [arhi23] No offline messages found
[2025-07-27 09:05:13] [daLZO33ORrjt8kilU/mo70jc7KI=] [makpyn] Checking offline messages for client
[2025-07-27 09:05:13] [daLZO33ORrjt8kilU/mo70jc7KI=] [makpyn] No offline messages found
[2025-07-27 09:07:18] [j4VaV46XhkmzcjbVPFuyIU0vCLs=] [nox] Checking offline messages for client
[2025-07-27 09:07:18] [j4VaV46XhkmzcjbVPFuyIU0vCLs=] [nox] No offline messages found
[2025-07-27 09:09:56] [1bxlkLWE1YEds4euACE9lSAD0Jg=] [Mr..Fury] Checking offline messages for client
[2025-07-27 09:09:56] [1bxlkLWE1YEds4euACE9lSAD0Jg=] [Mr..Fury] No offline messages found
[2025-07-27 09:10:04] [qvf2/IsRm9TsXSmNMeDEuXuIC3s=] [Mood] Checking offline messages for client
[2025-07-27 09:10:04] [qvf2/IsRm9TsXSmNMeDEuXuIC3s=] [Mood] No offline messages found
[2025-07-27 09:15:34] [yRG+VvxEo2dcRPzDwd5m2wni7W0=] [zenbeagl] Checking offline messages for client
[2025-07-27 09:15:34] [yRG+VvxEo2dcRPzDwd5m2wni7W0=] [zenbeagl] No offline messages found
[2025-07-27 09:17:10] [A5+MeNtAjrXcDo+XQKFXGDG6bnE=] [yiv] Checking offline messages for client
[2025-07-27 09:17:10] [A5+MeNtAjrXcDo+XQKFXGDG6bnE=] [yiv] No offline messages found
[2025-07-27 09:21:25] [yH7+WUTO9a0edxQG10YKRSCiFog=] [Angry] Checking offline messages for client
[2025-07-27 09:21:25] [yH7+WUTO9a0edxQG10YKRSCiFog=] [Angry] No offline messages found
[2025-07-27 09:24:41] [wgHhIvsFYwK1Zi7DDi7gPxqxH08=] [skr] Checking offline messages for client
[2025-07-27 09:24:41] [wgHhIvsFYwK1Zi7DDi7gPxqxH08=] [skr] No offline messages found
[2025-07-27 09:24:53] [pk6Dj75dqla+na0nUbeKLR+Wun4=] [samosvallll] Checking offline messages for client
[2025-07-27 09:24:53] [pk6Dj75dqla+na0nUbeKLR+Wun4=] [samosvallll] No offline messages found
[2025-07-27 09:25:47] [5Krj33R2xRsmx1C6IPVILhFdDHs=] [f0tal] Checking offline messages for client
[2025-07-27 09:25:47] [5Krj33R2xRsmx1C6IPVILhFdDHs=] [f0tal] No offline messages found
[2025-07-27 09:25:50] [ol1fWyNP0btXVQI/1jkjnz3uRoI=] [brs] Checking offline messages for client
[2025-07-27 09:25:50] [ol1fWyNP0btXVQI/1jkjnz3uRoI=] [brs] No offline messages found
[2025-07-27 09:29:05] [nmMsjCsq3llYr3g2A8cfAaD3Fy0=] [arhi23] Checking offline messages for client
[2025-07-27 09:29:05] [nmMsjCsq3llYr3g2A8cfAaD3Fy0=] [arhi23] No offline messages found
[2025-07-27 09:32:37] [LChIIpVKSczGXCJcvYW8G7+Rrgk=] [erik] Checking offline messages for client
[2025-07-27 09:32:37] [LChIIpVKSczGXCJcvYW8G7+Rrgk=] [erik] No offline messages found
[2025-07-27 09:47:00] [1bxlkLWE1YEds4euACE9lSAD0Jg=] [Mr..Fury] Checking offline messages for client
[2025-07-27 09:47:00] [1bxlkLWE1YEds4euACE9lSAD0Jg=] [Mr..Fury] No offline messages found
[2025-07-27 10:05:19] [gITtVlfHYxsd3mvOfTblKNtJBDU=] [4iff] Checking offline messages for client
[2025-07-27 10:05:19] [gITtVlfHYxsd3mvOfTblKNtJBDU=] [4iff] No offline messages found
[2025-07-27 10:06:17] [Mc2eIbgVoW3Vf/kIcBKbM8HLytQ=] [SOHEIL] Checking offline messages for client
[2025-07-27 10:06:17] [Mc2eIbgVoW3Vf/kIcBKbM8HLytQ=] [SOHEIL] No offline messages found
[2025-07-27 10:06:57] [Mc2eIbgVoW3Vf/kIcBKbM8HLytQ=] [SOHEIL] Checking offline messages for client
[2025-07-27 10:06:57] [Mc2eIbgVoW3Vf/kIcBKbM8HLytQ=] [SOHEIL] No offline messages found
[2025-07-27 10:09:07] [MZWgndUXO6A0YcVlmWyBE1rQlnY=] [Musto] Checking offline messages for client
[2025-07-27 10:09:07] [MZWgndUXO6A0YcVlmWyBE1rQlnY=] [Musto] No offline messages found
[2025-07-27 10:09:16] [+IdTxeDPU0HaxOmF1Yivm4WLd78=] [chelko] Checking offline messages for client
[2025-07-27 10:09:16] [+IdTxeDPU0HaxOmF1Yivm4WLd78=] [chelko] No offline messages found
[2025-07-27 10:09:32] [LChIIpVKSczGXCJcvYW8G7+Rrgk=] [erik] Checking offline messages for client
[2025-07-27 10:09:32] [LChIIpVKSczGXCJcvYW8G7+Rrgk=] [erik] No offline messages found
[2025-07-27 10:09:41] [LChIIpVKSczGXCJcvYW8G7+Rrgk=] [erik] Checking offline messages for client
[2025-07-27 10:09:41] [LChIIpVKSczGXCJcvYW8G7+Rrgk=] [erik] No offline messages found
[2025-07-27 10:17:10] [qnI7tO/BboMdAQFjmSv9/gyQREY=] [batuhnn] Checking offline messages for client
[2025-07-27 10:17:10] [qnI7tO/BboMdAQFjmSv9/gyQREY=] [batuhnn] No offline messages found
[2025-07-27 10:17:11] [VqqMrkl1n7pA9Mf9IC2BSfZFw1E=] [26cm] Checking offline messages for client
[2025-07-27 10:17:11] [VqqMrkl1n7pA9Mf9IC2BSfZFw1E=] [26cm] No offline messages found
[2025-07-27 10:32:42] [pM39vwBC404mshweezryIEAS3ZQ=] [Columb] Checking offline messages for client
[2025-07-27 10:32:42] [pM39vwBC404mshweezryIEAS3ZQ=] [Columb] Found 1 offline messages
[2025-07-27 10:32:44] [pM39vwBC404mshweezryIEAS3ZQ=] [Columb] Sent poke message: Your private channel has been renumbered from #13 to #12 to maintain sorting order.
[2025-07-27 10:32:44] [pM39vwBC404mshweezryIEAS3ZQ=] [Columb] Deleted 1 delivered messages from database
[2025-07-27 10:33:30] [nrEFrg1QXE05wuZZG3BbdkciSEc=] [Dumina] Checking offline messages for client
[2025-07-27 10:33:30] [nrEFrg1QXE05wuZZG3BbdkciSEc=] [Dumina] No offline messages found
[2025-07-27 10:33:31] [e1vImF/pvh7c+66eD1lHGlZ9N08=] [Fornax013] Checking offline messages for client
[2025-07-27 10:33:31] [e1vImF/pvh7c+66eD1lHGlZ9N08=] [Fornax013] No offline messages found
[2025-07-27 10:33:57] [e1vImF/pvh7c+66eD1lHGlZ9N08=] [Fornax013] Checking offline messages for client
[2025-07-27 10:33:57] [e1vImF/pvh7c+66eD1lHGlZ9N08=] [Fornax013] No offline messages found
[2025-07-27 10:34:07] [JS7AYDgRfu5aCR6EsyZfSZOd3ug=] [goran] Checking offline messages for client
[2025-07-27 10:34:07] [JS7AYDgRfu5aCR6EsyZfSZOd3ug=] [goran] No offline messages found
[2025-07-27 10:36:40] [WtWgpfS8UE18SW7yGXm3r1yoO/c=] [Kowismo] Checking offline messages for client
[2025-07-27 10:36:40] [WtWgpfS8UE18SW7yGXm3r1yoO/c=] [Kowismo] Found 1 offline messages
[2025-07-27 10:36:42] [WtWgpfS8UE18SW7yGXm3r1yoO/c=] [Kowismo] Sent poke message: Your private channel has been renumbered from #22 to #20 to maintain sorting order.
[2025-07-27 10:36:42] [WtWgpfS8UE18SW7yGXm3r1yoO/c=] [Kowismo] Deleted 1 delivered messages from database
[2025-07-27 10:36:58] [lYnVEWVma0Kzv/p4bpCgYZ9twnA=] [I ❤ US Rap Only] Client in ignored group, skipping offline messages check
[2025-07-27 10:38:03] [J59TlJOyXmeGAsjkHRqeI3rZA/8=] [SysmoUsercid=140] Checking offline messages for client
[2025-07-27 10:38:03] [J59TlJOyXmeGAsjkHRqeI3rZA/8=] [SysmoUsercid=140] No offline messages found
[2025-07-27 10:49:02] [nmMsjCsq3llYr3g2A8cfAaD3Fy0=] [arhi23] Checking offline messages for client
[2025-07-27 10:49:02] [nmMsjCsq3llYr3g2A8cfAaD3Fy0=] [arhi23] No offline messages found
[2025-07-27 10:49:03] [nmMsjCsq3llYr3g2A8cfAaD3Fy0=] [arhi23] Checking offline messages for client
[2025-07-27 10:49:03] [nmMsjCsq3llYr3g2A8cfAaD3Fy0=] [arhi23] No offline messages found
[2025-07-27 10:49:03] [nmMsjCsq3llYr3g2A8cfAaD3Fy0=] [arhi23] Checking offline messages for client
[2025-07-27 10:49:03] [nmMsjCsq3llYr3g2A8cfAaD3Fy0=] [arhi23] No offline messages found
[2025-07-27 10:49:03] [nmMsjCsq3llYr3g2A8cfAaD3Fy0=] [arhi23] Checking offline messages for client
[2025-07-27 10:49:03] [nmMsjCsq3llYr3g2A8cfAaD3Fy0=] [arhi23] No offline messages found
[2025-07-27 10:49:04] [nmMsjCsq3llYr3g2A8cfAaD3Fy0=] [arhi23] Checking offline messages for client
[2025-07-27 10:49:04] [nmMsjCsq3llYr3g2A8cfAaD3Fy0=] [arhi23] No offline messages found
[2025-07-27 10:54:29] [o3G9rA/YjPOMWxOUehTn8HZBzto=] [Darkhains] Checking offline messages for client
[2025-07-27 10:54:29] [o3G9rA/YjPOMWxOUehTn8HZBzto=] [Darkhains] No offline messages found
[2025-07-27 10:56:15] [GDLMnVZvsy2PmGGBS4hN7CRvOTU=] [phonetik78] Checking offline messages for client
[2025-07-27 10:56:15] [GDLMnVZvsy2PmGGBS4hN7CRvOTU=] [phonetik78] No offline messages found
[2025-07-27 11:00:05] [5hddc8haxgTOmC6YnU4i/CaEPsM=] [saadf] Checking offline messages for client
[2025-07-27 11:00:05] [5hddc8haxgTOmC6YnU4i/CaEPsM=] [saadf] No offline messages found
[2025-07-27 11:02:56] [jigm6/bUsOmXMFP8XUKRU6/MFsM=] [king] Checking offline messages for client
[2025-07-27 11:02:56] [jigm6/bUsOmXMFP8XUKRU6/MFsM=] [king] No offline messages found
[2025-07-27 11:08:01] [RVQmMpiMw9B7rZKQ296p2XNP7fI=] [nkzd] Checking offline messages for client
[2025-07-27 11:08:01] [RVQmMpiMw9B7rZKQ296p2XNP7fI=] [nkzd] No offline messages found
[2025-07-27 11:13:31] [8Fn+1qd4DPlk46e1Q9+IKrYC/8A=] [atmaca] Checking offline messages for client
[2025-07-27 11:13:31] [8Fn+1qd4DPlk46e1Q9+IKrYC/8A=] [atmaca] No offline messages found
[2025-07-27 11:14:29] [JeRDsn5NNuoif7xSE7UhSMCw9rc=] [TeamSpeakUser] Checking offline messages for client
[2025-07-27 11:14:29] [JeRDsn5NNuoif7xSE7UhSMCw9rc=] [TeamSpeakUser] No offline messages found
[2025-07-27 11:20:07] [JlxYw42savYt0R8LW3WXeV8+vsI=] [SPY] Checking offline messages for client
[2025-07-27 11:20:07] [JlxYw42savYt0R8LW3WXeV8+vsI=] [SPY] No offline messages found
[2025-07-27 11:37:28] [ow+Zi/O4SnJIvwHosoZ7zIvOOK8=] [shinigami] Checking offline messages for client
[2025-07-27 11:37:28] [ow+Zi/O4SnJIvwHosoZ7zIvOOK8=] [shinigami] No offline messages found
[2025-07-27 11:39:08] [g95LkcovmlDSBBJIdmdv0zN6QBs=] [baysikimdeğil] Checking offline messages for client
[2025-07-27 11:39:08] [g95LkcovmlDSBBJIdmdv0zN6QBs=] [baysikimdeğil] No offline messages found
[2025-07-27 11:59:26] [ilO9JAl5glx+WikZA6SZqmic0Iw=] [kaiizenn] Checking offline messages for client
[2025-07-27 11:59:26] [ilO9JAl5glx+WikZA6SZqmic0Iw=] [kaiizenn] No offline messages found
[2025-07-27 12:01:54] [8Fn+1qd4DPlk46e1Q9+IKrYC/8A=] [atmaca] Checking offline messages for client
[2025-07-27 12:01:54] [8Fn+1qd4DPlk46e1Q9+IKrYC/8A=] [atmaca] No offline messages found
[2025-07-27 12:07:40] [rc6PTp7wE3xERTiJhvZj3aYUd/Y=] [kushi] Checking offline messages for client
[2025-07-27 12:07:40] [rc6PTp7wE3xERTiJhvZj3aYUd/Y=] [kushi] No offline messages found
[2025-07-27 12:10:05] [3Mq3EB+EEk14kwWNxOyGIgo45U8=] [MATAN] Checking offline messages for client
[2025-07-27 12:10:05] [3Mq3EB+EEk14kwWNxOyGIgo45U8=] [MATAN] No offline messages found
[2025-07-27 12:10:55] [ArDdG6a86sTE9vzN8IIzLOiOEQs=] [Sunrise0754] Checking offline messages for client
[2025-07-27 12:10:55] [ArDdG6a86sTE9vzN8IIzLOiOEQs=] [Sunrise0754] No offline messages found
[2025-07-27 12:13:22] [vQBpA0VvBo3XlFVJd2yFUhlAD5E=] [whoismert] Checking offline messages for client
[2025-07-27 12:13:22] [vQBpA0VvBo3XlFVJd2yFUhlAD5E=] [whoismert] No offline messages found
[2025-07-27 12:13:29] [s5SoU0O6Mp2lEkoeWlMc2247gBk=] [don] Checking offline messages for client
[2025-07-27 12:13:29] [s5SoU0O6Mp2lEkoeWlMc2247gBk=] [don] No offline messages found
[2025-07-27 12:14:10] [9L00arJzCt1G2LLDRV0HQCJjofM=] [osasderlerbana] Checking offline messages for client
[2025-07-27 12:14:10] [9L00arJzCt1G2LLDRV0HQCJjofM=] [osasderlerbana] No offline messages found
[2025-07-27 12:14:47] [nYYlWUs5YkYKnWWsLhHJIhbnlmA=] [HanS] Checking offline messages for client
[2025-07-27 12:14:47] [nYYlWUs5YkYKnWWsLhHJIhbnlmA=] [HanS] No offline messages found
[2025-07-27 12:19:40] [9WdKj533ekah69RfmzlveI55xgU=] [dani] Checking offline messages for client
[2025-07-27 12:19:40] [9WdKj533ekah69RfmzlveI55xgU=] [dani] No offline messages found
[2025-07-27 12:19:52] [TVYDqloG40AolgKZE51r8Arz5Ig=] [TeamSpeakUser] Checking offline messages for client
[2025-07-27 12:19:52] [TVYDqloG40AolgKZE51r8Arz5Ig=] [TeamSpeakUser] No offline messages found
[2025-07-27 12:33:54] [g95LkcovmlDSBBJIdmdv0zN6QBs=] [baysikimdeğil] Checking offline messages for client
[2025-07-27 12:33:54] [g95LkcovmlDSBBJIdmdv0zN6QBs=] [baysikimdeğil] No offline messages found
[2025-07-27 12:49:58] [h2yxqDaYBdNiyDlVGOH/YWCactg=] [dydek10master] Checking offline messages for client
[2025-07-27 12:49:58] [h2yxqDaYBdNiyDlVGOH/YWCactg=] [dydek10master] No offline messages found
[2025-07-27 13:03:49] [BEg2/olv1HHNvUSRHS+tb2VFbnw=] [lilja] Checking offline messages for client
[2025-07-27 13:03:49] [BEg2/olv1HHNvUSRHS+tb2VFbnw=] [lilja] No offline messages found
[2025-07-27 13:05:19] [Zn/9+bT2XSO9sc6lE0+QcGA4eu4=] [sanq] Checking offline messages for client
[2025-07-27 13:05:19] [Zn/9+bT2XSO9sc6lE0+QcGA4eu4=] [sanq] Found 1 offline messages
[2025-07-27 13:05:21] [Zn/9+bT2XSO9sc6lE0+QcGA4eu4=] [sanq] Sent poke message: Your private channel has been renumbered from #38 to #33 to maintain sorting order.
[2025-07-27 13:05:21] [Zn/9+bT2XSO9sc6lE0+QcGA4eu4=] [sanq] Deleted 1 delivered messages from database
[2025-07-27 13:05:27] [BEg2/olv1HHNvUSRHS+tb2VFbnw=] [lilja] Checking offline messages for client
[2025-07-27 13:05:27] [BEg2/olv1HHNvUSRHS+tb2VFbnw=] [lilja] No offline messages found
[2025-07-27 13:07:52] [39Hn80GzU936S3hLOAjj8iP5kpg=] [Shawaj] Checking offline messages for client
[2025-07-27 13:07:52] [39Hn80GzU936S3hLOAjj8iP5kpg=] [Shawaj] No offline messages found
[2025-07-27 13:10:03] [gQ5C6+V5CuxoWVdapQ4LurehHGY=] [ph0x] Checking offline messages for client
[2025-07-27 13:10:03] [gQ5C6+V5CuxoWVdapQ4LurehHGY=] [ph0x] No offline messages found
[2025-07-27 13:10:03] [gQ5C6+V5CuxoWVdapQ4LurehHGY=] [ph0x] Checking offline messages for client
[2025-07-27 13:10:03] [gQ5C6+V5CuxoWVdapQ4LurehHGY=] [ph0x] No offline messages found
[2025-07-27 13:10:04] [gQ5C6+V5CuxoWVdapQ4LurehHGY=] [ph0x] Checking offline messages for client
[2025-07-27 13:10:04] [gQ5C6+V5CuxoWVdapQ4LurehHGY=] [ph0x] No offline messages found
[2025-07-27 13:11:24] [gQ5C6+V5CuxoWVdapQ4LurehHGY=] [ph0x] Checking offline messages for client
[2025-07-27 13:11:24] [gQ5C6+V5CuxoWVdapQ4LurehHGY=] [ph0x] No offline messages found
[2025-07-27 13:11:52] [VKNuVuuQDdO9VLj8BCq1tGrTUQk=] [CEVIKUVVET] Checking offline messages for client
[2025-07-27 13:11:52] [VKNuVuuQDdO9VLj8BCq1tGrTUQk=] [CEVIKUVVET] No offline messages found
[2025-07-27 13:15:56] [BEg2/olv1HHNvUSRHS+tb2VFbnw=] [lilja] Checking offline messages for client
[2025-07-27 13:15:56] [BEg2/olv1HHNvUSRHS+tb2VFbnw=] [lilja] No offline messages found
[2025-07-27 13:17:11] [nmMsjCsq3llYr3g2A8cfAaD3Fy0=] [arhi23] Checking offline messages for client
[2025-07-27 13:17:11] [nmMsjCsq3llYr3g2A8cfAaD3Fy0=] [arhi23] No offline messages found
[2025-07-27 13:18:52] [PCz5mVdmODgf+BuhB/F8jAcUsWY=] [XandeRMeisteR] Checking offline messages for client
[2025-07-27 13:18:52] [PCz5mVdmODgf+BuhB/F8jAcUsWY=] [XandeRMeisteR] No offline messages found
[2025-07-27 13:18:54] [kOTiGdU7Prb6oIvLC/wF8cto8B0=] [Агрессор777] Checking offline messages for client
[2025-07-27 13:18:54] [kOTiGdU7Prb6oIvLC/wF8cto8B0=] [Агрессор777] No offline messages found
[2025-07-27 13:20:12] [1AbnbGgxnGmT+1ucLIy1LFbCSCU=] [theslayercroute] Checking offline messages for client
[2025-07-27 13:20:12] [1AbnbGgxnGmT+1ucLIy1LFbCSCU=] [theslayercroute] No offline messages found
[2025-07-27 13:20:14] [gQ5C6+V5CuxoWVdapQ4LurehHGY=] [ph0x] Checking offline messages for client
[2025-07-27 13:20:14] [gQ5C6+V5CuxoWVdapQ4LurehHGY=] [ph0x] No offline messages found
[2025-07-27 13:21:31] [g95LkcovmlDSBBJIdmdv0zN6QBs=] [baysikimdeğil] Checking offline messages for client
[2025-07-27 13:21:31] [g95LkcovmlDSBBJIdmdv0zN6QBs=] [baysikimdeğil] No offline messages found
[2025-07-27 13:24:41] [ZQhSo1tQ5YDSZNLYSj+nKwHZezs=] [hamza] Checking offline messages for client
[2025-07-27 13:24:41] [ZQhSo1tQ5YDSZNLYSj+nKwHZezs=] [hamza] No offline messages found
[2025-07-27 13:28:21] [KJ4zqn9pukLO1ChROBmAPzo3JKk=] [Shutn1k] Checking offline messages for client
[2025-07-27 13:28:21] [KJ4zqn9pukLO1ChROBmAPzo3JKk=] [Shutn1k] No offline messages found
[2025-07-27 13:29:47] [d/2RYNlm5B/Nn3BBGjS8/8tretA=] [LaPt] Checking offline messages for client
[2025-07-27 13:29:47] [d/2RYNlm5B/Nn3BBGjS8/8tretA=] [LaPt] No offline messages found
[2025-07-27 13:31:39] [yPSI9aghhtH6O+mnSQIo84yUZ4c=] [шароёб] Checking offline messages for client
[2025-07-27 13:31:39] [yPSI9aghhtH6O+mnSQIo84yUZ4c=] [шароёб] Found 1 offline messages
[2025-07-27 13:31:41] [yPSI9aghhtH6O+mnSQIo84yUZ4c=] [шароёб] Sent poke message: Your private channel has been renumbered from #23 to #21 to maintain sorting order.
[2025-07-27 13:31:41] [yPSI9aghhtH6O+mnSQIo84yUZ4c=] [шароёб] Deleted 1 delivered messages from database
[2025-07-27 13:37:54] [A337CRyeHXs4LwAB23shVIw0jeg=] [mishechcaty] Checking offline messages for client
[2025-07-27 13:37:54] [A337CRyeHXs4LwAB23shVIw0jeg=] [mishechcaty] No offline messages found
[2025-07-27 13:38:43] [hyOcc+vUIeYpDbLt58Zj+k6gW1o=] [TeamSpeakUser1] Checking offline messages for client
[2025-07-27 13:38:43] [hyOcc+vUIeYpDbLt58Zj+k6gW1o=] [TeamSpeakUser1] No offline messages found
[2025-07-27 13:39:30] [X+a0J7MKH+yWZewHI415xDvk+Bg=] [kyoto2dying] Checking offline messages for client
[2025-07-27 13:39:30] [X+a0J7MKH+yWZewHI415xDvk+Bg=] [kyoto2dying] No offline messages found
[2025-07-27 13:42:54] [ixLpNjc83I5LYHua6yWOroTZ+DY=] [amin_gamester] Checking offline messages for client
[2025-07-27 13:42:54] [ixLpNjc83I5LYHua6yWOroTZ+DY=] [amin_gamester] No offline messages found
[2025-07-27 13:44:42] [Ur4QEkJdoUnTlF/3Qq/fhchir7U=] [Alex0807] Checking offline messages for client
[2025-07-27 13:44:42] [Ur4QEkJdoUnTlF/3Qq/fhchir7U=] [Alex0807] No offline messages found
[2025-07-27 13:47:23] [g95LkcovmlDSBBJIdmdv0zN6QBs=] [baysikimdeğil] Checking offline messages for client
[2025-07-27 13:47:23] [g95LkcovmlDSBBJIdmdv0zN6QBs=] [baysikimdeğil] No offline messages found
[2025-07-27 13:48:22] [2Lx63FxcyvHlLbs3Khbo5bJe6mY=] [Last] Checking offline messages for client
[2025-07-27 13:48:22] [2Lx63FxcyvHlLbs3Khbo5bJe6mY=] [Last] No offline messages found
[2025-07-27 13:50:19] [4m0mDvr/cLcAgFAyZjFVru6dWeY=] [Maks1m_K] Checking offline messages for client
[2025-07-27 13:50:19] [4m0mDvr/cLcAgFAyZjFVru6dWeY=] [Maks1m_K] No offline messages found
[2025-07-27 13:50:39] [rNuuzETCYHp/ipeNXkMjDacyUEg=] [Haydn_123] Checking offline messages for client
[2025-07-27 13:50:39] [rNuuzETCYHp/ipeNXkMjDacyUEg=] [Haydn_123] No offline messages found
[2025-07-27 13:52:56] [g95LkcovmlDSBBJIdmdv0zN6QBs=] [baysikimdeğil] Checking offline messages for client
[2025-07-27 13:52:56] [g95LkcovmlDSBBJIdmdv0zN6QBs=] [baysikimdeğil] No offline messages found
[2025-07-27 13:53:23] [7lkgv1NgBUC4Nbvfz0XxfSTDHSQ=] [Platonuch_UA] Checking offline messages for client
[2025-07-27 13:53:23] [7lkgv1NgBUC4Nbvfz0XxfSTDHSQ=] [Platonuch_UA] No offline messages found
[2025-07-27 13:54:07] [+eY62p4z2Yc8MBABvp55HWZZJ18=] [saulov] Checking offline messages for client
[2025-07-27 13:54:07] [+eY62p4z2Yc8MBABvp55HWZZJ18=] [saulov] Found 1 offline messages
[2025-07-27 13:54:09] [+eY62p4z2Yc8MBABvp55HWZZJ18=] [saulov] Sent poke message: Your private channel has been renumbered from #26 to #24 to maintain sorting order.
[2025-07-27 13:54:09] [+eY62p4z2Yc8MBABvp55HWZZJ18=] [saulov] Deleted 1 delivered messages from database
[2025-07-27 13:57:34] [lPq8Y8B1JOHL6QoSGZDwJ6xzT7Q=] [vata] Checking offline messages for client
[2025-07-27 13:57:34] [lPq8Y8B1JOHL6QoSGZDwJ6xzT7Q=] [vata] No offline messages found
[2025-07-27 13:58:25] [yNFUjD+LJEqojKPPlPGtCAVEYRU=] [Боцман777] Checking offline messages for client
[2025-07-27 13:58:25] [yNFUjD+LJEqojKPPlPGtCAVEYRU=] [Боцман777] No offline messages found
[2025-07-27 14:00:09] [m3jwrJafD7Z1HcDm7lAZbGqtROY=] [zui] Checking offline messages for client
[2025-07-27 14:00:09] [m3jwrJafD7Z1HcDm7lAZbGqtROY=] [zui] No offline messages found
[2025-07-27 14:01:20] [zwBvmim21F3L68I/PL9jYNG28Wg=] [TeamSpeakUser2] Checking offline messages for client
[2025-07-27 14:01:20] [zwBvmim21F3L68I/PL9jYNG28Wg=] [TeamSpeakUser2] No offline messages found
[2025-07-27 14:02:12] [AC87pO3YB+wvZ5G27tY2glDTG4M=] [andy76633] Checking offline messages for client
[2025-07-27 14:02:12] [AC87pO3YB+wvZ5G27tY2glDTG4M=] [andy76633] No offline messages found
[2025-07-27 14:04:21] [oygS43aAiKRMTVBqmqelO2GuZoE=] [volya] Checking offline messages for client
[2025-07-27 14:04:21] [oygS43aAiKRMTVBqmqelO2GuZoE=] [volya] No offline messages found
[2025-07-27 14:05:29] [syGc3yR+8xBjPN6kLg2zE+r+Bwg=] [Gosh] Checking offline messages for client
[2025-07-27 14:05:29] [syGc3yR+8xBjPN6kLg2zE+r+Bwg=] [Gosh] No offline messages found
[2025-07-27 14:05:51] [0k7iJrGzj7haOvrih6GAxyrXHtM=] [Sebitzuu] Checking offline messages for client
[2025-07-27 14:05:51] [0k7iJrGzj7haOvrih6GAxyrXHtM=] [Sebitzuu] No offline messages found
[2025-07-27 14:06:39] [x5NWjjSsshVzCfkox/peFi8iwwM=] [pzdcvsenikizanyati] Checking offline messages for client
[2025-07-27 14:06:39] [x5NWjjSsshVzCfkox/peFi8iwwM=] [pzdcvsenikizanyati] No offline messages found
[2025-07-27 14:10:21] [m1EzqnssFtVWWd42FkMOon15uHg=] [RenaHitcH] Checking offline messages for client
[2025-07-27 14:10:21] [m1EzqnssFtVWWd42FkMOon15uHg=] [RenaHitcH] No offline messages found
[2025-07-27 14:11:06] [m1EzqnssFtVWWd42FkMOon15uHg=] [RenaHitcH] Checking offline messages for client
[2025-07-27 14:11:06] [m1EzqnssFtVWWd42FkMOon15uHg=] [RenaHitcH] No offline messages found
[2025-07-27 14:11:11] [KL0QZuz7P/nwwL6XYSCsDg/Yqw0=] [DIMAX] Checking offline messages for client
[2025-07-27 14:11:11] [KL0QZuz7P/nwwL6XYSCsDg/Yqw0=] [DIMAX] No offline messages found
[2025-07-27 14:11:37] [m1EzqnssFtVWWd42FkMOon15uHg=] [RenaHitcH] Checking offline messages for client
[2025-07-27 14:11:37] [m1EzqnssFtVWWd42FkMOon15uHg=] [RenaHitcH] No offline messages found
[2025-07-27 14:21:27] [YKaJKPUcO38+nmswF3rtl+ViIlg=] [TeamSpeakUser2] Checking offline messages for client
[2025-07-27 14:21:27] [YKaJKPUcO38+nmswF3rtl+ViIlg=] [TeamSpeakUser2] No offline messages found
[2025-07-27 14:21:54] [s1cKjvWV/U2hH6YRSl2/TWstSVc=] [TeamSpeakUser3] Checking offline messages for client
[2025-07-27 14:21:54] [s1cKjvWV/U2hH6YRSl2/TWstSVc=] [TeamSpeakUser3] No offline messages found
[2025-07-27 14:24:54] [g95LkcovmlDSBBJIdmdv0zN6QBs=] [baysikimdeğil] Checking offline messages for client
[2025-07-27 14:24:54] [g95LkcovmlDSBBJIdmdv0zN6QBs=] [baysikimdeğil] No offline messages found
[2025-07-27 14:26:00] [g95LkcovmlDSBBJIdmdv0zN6QBs=] [baysikimdeğil] Checking offline messages for client
[2025-07-27 14:26:00] [g95LkcovmlDSBBJIdmdv0zN6QBs=] [baysikimdeğil] No offline messages found
[2025-07-27 14:26:51] [pjSG7lijxEkCHXK5AeNULuu9cdY=] [HUESOS] Checking offline messages for client
[2025-07-27 14:26:51] [pjSG7lijxEkCHXK5AeNULuu9cdY=] [HUESOS] No offline messages found
[2025-07-27 14:27:39] [hpXlbvG2lXDFTI304mJWi/6lYBI=] [wowobu] Checking offline messages for client
[2025-07-27 14:27:39] [hpXlbvG2lXDFTI304mJWi/6lYBI=] [wowobu] No offline messages found
[2025-07-27 14:44:50] [ZQhSo1tQ5YDSZNLYSj+nKwHZezs=] [Yasin] Checking offline messages for client
[2025-07-27 14:44:50] [ZQhSo1tQ5YDSZNLYSj+nKwHZezs=] [Yasin] No offline messages found
[2025-07-27 14:46:16] [g95LkcovmlDSBBJIdmdv0zN6QBs=] [baysikimdeğil] Checking offline messages for client
[2025-07-27 14:46:16] [g95LkcovmlDSBBJIdmdv0zN6QBs=] [baysikimdeğil] No offline messages found
[2025-07-27 14:48:35] [JS7AYDgRfu5aCR6EsyZfSZOd3ug=] [goran] Checking offline messages for client
[2025-07-27 14:48:35] [JS7AYDgRfu5aCR6EsyZfSZOd3ug=] [goran] No offline messages found
[2025-07-27 14:48:57] [DlBQSv+ccYTp5SrssTpqL5b2mfg=] [TeamSpeakUser4] Checking offline messages for client
[2025-07-27 14:48:57] [DlBQSv+ccYTp5SrssTpqL5b2mfg=] [TeamSpeakUser4] No offline messages found
[2025-07-27 14:49:15] [kfn1jFosIGdE1yOz/lIfEBXQj4A=] [Rix] Checking offline messages for client
[2025-07-27 14:49:15] [kfn1jFosIGdE1yOz/lIfEBXQj4A=] [Rix] No offline messages found
[2025-07-27 14:49:35] [g95LkcovmlDSBBJIdmdv0zN6QBs=] [baysikimdeğil] Checking offline messages for client
[2025-07-27 14:49:35] [g95LkcovmlDSBBJIdmdv0zN6QBs=] [baysikimdeğil] No offline messages found
[2025-07-27 14:53:56] [KL0QZuz7P/nwwL6XYSCsDg/Yqw0=] [DIMAX] Checking offline messages for client
[2025-07-27 14:53:56] [KL0QZuz7P/nwwL6XYSCsDg/Yqw0=] [DIMAX] No offline messages found
[2025-07-27 15:03:16] [EabEuFfJWoidlJHowxz83DhK5uk=] [Rich Lich] Checking offline messages for client
[2025-07-27 15:03:16] [EabEuFfJWoidlJHowxz83DhK5uk=] [Rich Lich] No offline messages found
[2025-07-27 15:03:32] [DqaAHVINJvoA9wZuPtXvcpP5au4=] [CristiGamy] Checking offline messages for client
[2025-07-27 15:03:32] [DqaAHVINJvoA9wZuPtXvcpP5au4=] [CristiGamy] No offline messages found
[2025-07-27 15:09:48] [gQ5C6+V5CuxoWVdapQ4LurehHGY=] [ph0x] Checking offline messages for client
[2025-07-27 15:09:48] [gQ5C6+V5CuxoWVdapQ4LurehHGY=] [ph0x] No offline messages found
[2025-07-27 15:14:16] [CAXLSUAM56Ig7tLYqBzO8Lrc+lY=] [zulul] Checking offline messages for client
[2025-07-27 15:14:16] [CAXLSUAM56Ig7tLYqBzO8Lrc+lY=] [zulul] No offline messages found
[2025-07-27 15:19:41] [k4yCIUoOn9NyDU8OzkWjED1skEw=] [FenaiL] Checking offline messages for client
[2025-07-27 15:19:41] [k4yCIUoOn9NyDU8OzkWjED1skEw=] [FenaiL] No offline messages found
[2025-07-27 15:20:10] [61O6lK2EyDZv74k4hwkKKJbwuQg=] [fl4sh] Checking offline messages for client
[2025-07-27 15:20:10] [61O6lK2EyDZv74k4hwkKKJbwuQg=] [fl4sh] No offline messages found
[2025-07-27 15:21:19] [/FpIdrWhr2Xkza0Fu7Da7241X0A=] [richardrioo] Checking offline messages for client
[2025-07-27 15:21:19] [/FpIdrWhr2Xkza0Fu7Da7241X0A=] [richardrioo] No offline messages found
[2025-07-27 15:23:17] [iYHINDlWwCatnlKWhy6pZQi0dUI=] [TeaNeedMore] Checking offline messages for client
[2025-07-27 15:23:17] [iYHINDlWwCatnlKWhy6pZQi0dUI=] [TeaNeedMore] No offline messages found
[2025-07-27 15:23:53] [xhTn4opclMp+iPempLliRAnKV4I=] [ALPHA] Checking offline messages for client
[2025-07-27 15:23:53] [xhTn4opclMp+iPempLliRAnKV4I=] [ALPHA] No offline messages found
[2025-07-27 15:23:55] [3PUL5t5Jz0KW4hyrBCzi+BArN60=] [tenshin_non] Checking offline messages for client
[2025-07-27 15:23:55] [3PUL5t5Jz0KW4hyrBCzi+BArN60=] [tenshin_non] No offline messages found
[2025-07-27 15:24:03] [9RYhYLJQuz+5zxOjDqP3tBps2/o=] [EXOPUL] Checking offline messages for client
[2025-07-27 15:24:03] [9RYhYLJQuz+5zxOjDqP3tBps2/o=] [EXOPUL] No offline messages found
[2025-07-27 15:24:07] [mu8zHBA0U1KZm37ZU8GDo7EnWqM=] [Yusoso] Checking offline messages for client
[2025-07-27 15:24:07] [mu8zHBA0U1KZm37ZU8GDo7EnWqM=] [Yusoso] No offline messages found
[2025-07-27 15:24:41] [8wO5HXvUa0ktX3G69nioUDKZj+A=] [Rioshad] Checking offline messages for client
[2025-07-27 15:24:41] [8wO5HXvUa0ktX3G69nioUDKZj+A=] [Rioshad] No offline messages found
[2025-07-27 15:25:35] [jWxbfxhLxs9dPa3t1WUnys7gnbk=] [Richard_TH] Checking offline messages for client
[2025-07-27 15:25:35] [jWxbfxhLxs9dPa3t1WUnys7gnbk=] [Richard_TH] No offline messages found
[2025-07-27 15:25:49] [+vVe9y7KDRV9mBOqgGxIE3TldlI=] [Fullfunny] Checking offline messages for client
[2025-07-27 15:25:49] [+vVe9y7KDRV9mBOqgGxIE3TldlI=] [Fullfunny] No offline messages found
[2025-07-27 15:26:02] [ixLpNjc83I5LYHua6yWOroTZ+DY=] [amin_gamester] Checking offline messages for client
[2025-07-27 15:26:02] [ixLpNjc83I5LYHua6yWOroTZ+DY=] [amin_gamester] No offline messages found
[2025-07-27 15:27:22] [YOkJPup3gRfkYdNucL4ldHRwmgY=] [Farzelot] Checking offline messages for client
[2025-07-27 15:27:22] [YOkJPup3gRfkYdNucL4ldHRwmgY=] [Farzelot] No offline messages found
[2025-07-27 15:27:59] [0XaSaJTqMDRG53r/L41NHA912Rw=] [pisun] Checking offline messages for client
[2025-07-27 15:27:59] [0XaSaJTqMDRG53r/L41NHA912Rw=] [pisun] No offline messages found
[2025-07-27 15:28:06] [xt74aWAlUb6dT8Kd9CZ2cVIlLfw=] [Sane4ka] Checking offline messages for client
[2025-07-27 15:28:06] [xt74aWAlUb6dT8Kd9CZ2cVIlLfw=] [Sane4ka] No offline messages found
[2025-07-27 15:29:52] [uVIyLE46ey0eBhM+Z9Az+wuDd2U=] [LisssTzz] Checking offline messages for client
[2025-07-27 15:29:52] [uVIyLE46ey0eBhM+Z9Az+wuDd2U=] [LisssTzz] No offline messages found
[2025-07-27 15:30:47] [U7n5f9f5UuEO8R3R6uqCVlhuqkM=] [Hisoka] Checking offline messages for client
[2025-07-27 15:30:47] [U7n5f9f5UuEO8R3R6uqCVlhuqkM=] [Hisoka] No offline messages found
[2025-07-27 15:30:53] [RN5q34hvf046r4qme1+T2IWlORI=] [maksik] Checking offline messages for client
[2025-07-27 15:30:53] [RN5q34hvf046r4qme1+T2IWlORI=] [maksik] No offline messages found
[2025-07-27 15:32:09] [MutMI8w80TgxkXwn/z4gZc/vgiU=] [Asshole do not burn] Checking offline messages for client
[2025-07-27 15:32:09] [MutMI8w80TgxkXwn/z4gZc/vgiU=] [Asshole do not burn] No offline messages found
[2025-07-27 15:34:50] [cQnuljBLILs8CHiCBcythkog2Vc=] [Yugik] Checking offline messages for client
[2025-07-27 15:34:50] [cQnuljBLILs8CHiCBcythkog2Vc=] [Yugik] No offline messages found
[2025-07-27 15:35:00] [ZnU8vaPl8AP2v7ujelAJMkb+r+E=] [TeamSpeakUser2] Checking offline messages for client
[2025-07-27 15:35:00] [ZnU8vaPl8AP2v7ujelAJMkb+r+E=] [TeamSpeakUser2] No offline messages found
[2025-07-27 15:35:01] [C3ony4dh8njCYB62/cIXXbMG1IA=] [Чех] Checking offline messages for client
[2025-07-27 15:35:01] [C3ony4dh8njCYB62/cIXXbMG1IA=] [Чех] No offline messages found
[2025-07-27 15:35:01] [C3ony4dh8njCYB62/cIXXbMG1IA=] [Чех] Checking offline messages for client
[2025-07-27 15:35:01] [C3ony4dh8njCYB62/cIXXbMG1IA=] [Чех] No offline messages found
[2025-07-27 15:36:18] [RN5q34hvf046r4qme1+T2IWlORI=] [maksik] Checking offline messages for client
[2025-07-27 15:36:18] [RN5q34hvf046r4qme1+T2IWlORI=] [maksik] No offline messages found
[2025-07-27 15:36:35] [RiCWeDQFOftnEgN1BBHprH1WWy0=] [kudo] Checking offline messages for client
[2025-07-27 15:36:35] [RiCWeDQFOftnEgN1BBHprH1WWy0=] [kudo] No offline messages found
[2025-07-27 15:37:06] [Nn8rGrwsE+C9ibHWu3JCoCbmq3A=] [SysmoUsercid=140] Checking offline messages for client
[2025-07-27 15:37:06] [Nn8rGrwsE+C9ibHWu3JCoCbmq3A=] [SysmoUsercid=140] No offline messages found
[2025-07-27 15:37:37] [rJktjMb/Ocsy1SH9iGlPM2seUxk=] [1ongxu] Checking offline messages for client
[2025-07-27 15:37:37] [rJktjMb/Ocsy1SH9iGlPM2seUxk=] [1ongxu] Found 1 offline messages
[2025-07-27 15:37:39] [rJktjMb/Ocsy1SH9iGlPM2seUxk=] [1ongxu] Sent poke message: Your private channel has been renumbered from #25 to #23 to maintain sorting order.
[2025-07-27 15:37:39] [rJktjMb/Ocsy1SH9iGlPM2seUxk=] [1ongxu] Deleted 1 delivered messages from database
[2025-07-27 15:39:13] [JlxYw42savYt0R8LW3WXeV8+vsI=] [SPY] Checking offline messages for client
[2025-07-27 15:39:13] [JlxYw42savYt0R8LW3WXeV8+vsI=] [SPY] No offline messages found
[2025-07-27 15:40:15] [C3ony4dh8njCYB62/cIXXbMG1IA=] [Чех] Checking offline messages for client
[2025-07-27 15:40:15] [C3ony4dh8njCYB62/cIXXbMG1IA=] [Чех] No offline messages found
[2025-07-27 15:40:49] [8Fn+1qd4DPlk46e1Q9+IKrYC/8A=] [atmaca] Checking offline messages for client
[2025-07-27 15:40:49] [8Fn+1qd4DPlk46e1Q9+IKrYC/8A=] [atmaca] No offline messages found
[2025-07-27 15:41:01] [KJ4zqn9pukLO1ChROBmAPzo3JKk=] [Shutn1k] Checking offline messages for client
[2025-07-27 15:41:01] [KJ4zqn9pukLO1ChROBmAPzo3JKk=] [Shutn1k] No offline messages found
[2025-07-27 15:41:30] [B1vi3FgmXup//0bA/eh0W10lZiM=] [TeamSpeakUser3] Checking offline messages for client
[2025-07-27 15:41:30] [B1vi3FgmXup//0bA/eh0W10lZiM=] [TeamSpeakUser3] No offline messages found
[2025-07-27 15:41:59] [C3ony4dh8njCYB62/cIXXbMG1IA=] [Чех] Checking offline messages for client
[2025-07-27 15:41:59] [C3ony4dh8njCYB62/cIXXbMG1IA=] [Чех] No offline messages found
[2025-07-27 15:42:00] [XHkNT/2WnLO7jAbxQXhDIydF250=] [RedragoN] Checking offline messages for client
[2025-07-27 15:42:00] [XHkNT/2WnLO7jAbxQXhDIydF250=] [RedragoN] No offline messages found
[2025-07-27 15:53:21] [0k7iJrGzj7haOvrih6GAxyrXHtM=] [Sebitzuu] Checking offline messages for client
[2025-07-27 15:53:21] [0k7iJrGzj7haOvrih6GAxyrXHtM=] [Sebitzuu] No offline messages found
[2025-07-27 15:53:21] [0k7iJrGzj7haOvrih6GAxyrXHtM=] [Sebitzuu] Checking offline messages for client
[2025-07-27 15:53:21] [0k7iJrGzj7haOvrih6GAxyrXHtM=] [Sebitzuu] No offline messages found
[2025-07-27 15:53:21] [0k7iJrGzj7haOvrih6GAxyrXHtM=] [Sebitzuu] Checking offline messages for client
[2025-07-27 15:53:21] [0k7iJrGzj7haOvrih6GAxyrXHtM=] [Sebitzuu] No offline messages found
[2025-07-27 15:53:24] [xhTn4opclMp+iPempLliRAnKV4I=] [ALPHA] Checking offline messages for client
[2025-07-27 15:53:24] [xhTn4opclMp+iPempLliRAnKV4I=] [ALPHA] No offline messages found
[2025-07-27 15:56:13] [V2tfO4A0EqYFAHstrwfWPq0cRMw=] [tomassino18] Checking offline messages for client
[2025-07-27 15:56:13] [V2tfO4A0EqYFAHstrwfWPq0cRMw=] [tomassino18] No offline messages found
[2025-07-27 15:59:36] [pm8JRXa5rj0WlOy3WFGxFTBu7n8=] [Mhmd.t_] Checking offline messages for client
[2025-07-27 15:59:36] [pm8JRXa5rj0WlOy3WFGxFTBu7n8=] [Mhmd.t_] No offline messages found
[2025-07-27 16:01:17] [g95LkcovmlDSBBJIdmdv0zN6QBs=] [baysikimdeğil] Checking offline messages for client
[2025-07-27 16:01:17] [g95LkcovmlDSBBJIdmdv0zN6QBs=] [baysikimdeğil] No offline messages found
[2025-07-27 16:08:44] [eNxiZDOeggdj95ZNvuM5yeobkrU=] [Etienne] Checking offline messages for client
[2025-07-27 16:08:44] [eNxiZDOeggdj95ZNvuM5yeobkrU=] [Etienne] No offline messages found
[2025-07-27 16:09:39] [1fLfTv7a7WCXSiKCcl/56zaOGH4=] [TeamSpeakUser4] Checking offline messages for client
[2025-07-27 16:09:39] [1fLfTv7a7WCXSiKCcl/56zaOGH4=] [TeamSpeakUser4] No offline messages found
[2025-07-27 16:09:54] [Wiz1igKktw5lpjZkaE1pcCI3a6s=] [Alphonsine] Checking offline messages for client
[2025-07-27 16:09:54] [Wiz1igKktw5lpjZkaE1pcCI3a6s=] [Alphonsine] No offline messages found
[2025-07-27 16:12:29] [cCbM0phrtpSB/TJvwFdNdF1f4mw=] [TeamSpeakUser4] Checking offline messages for client
[2025-07-27 16:12:29] [cCbM0phrtpSB/TJvwFdNdF1f4mw=] [TeamSpeakUser4] No offline messages found
[2025-07-27 16:21:06] [9L00arJzCt1G2LLDRV0HQCJjofM=] [osasderlerbana] Checking offline messages for client
[2025-07-27 16:21:06] [9L00arJzCt1G2LLDRV0HQCJjofM=] [osasderlerbana] No offline messages found
[2025-07-27 16:21:09] [mu8zHBA0U1KZm37ZU8GDo7EnWqM=] [Yusoso] Checking offline messages for client
[2025-07-27 16:21:09] [mu8zHBA0U1KZm37ZU8GDo7EnWqM=] [Yusoso] No offline messages found
[2025-07-27 16:23:45] [YKaJKPUcO38+nmswF3rtl+ViIlg=] [TeamSpeakUser5] Checking offline messages for client
[2025-07-27 16:23:45] [YKaJKPUcO38+nmswF3rtl+ViIlg=] [TeamSpeakUser5] No offline messages found
[2025-07-27 16:24:05] [TWI+XXGLu2pwzCW3cEOZstlE9X4=] [FlavianFCP] Checking offline messages for client
[2025-07-27 16:24:05] [TWI+XXGLu2pwzCW3cEOZstlE9X4=] [FlavianFCP] No offline messages found
[2025-07-27 16:24:18] [Wiz1igKktw5lpjZkaE1pcCI3a6s=] [Alphonsine] Checking offline messages for client
[2025-07-27 16:24:18] [Wiz1igKktw5lpjZkaE1pcCI3a6s=] [Alphonsine] No offline messages found
[2025-07-27 16:26:11] [g95LkcovmlDSBBJIdmdv0zN6QBs=] [baysikimdeğil] Checking offline messages for client
[2025-07-27 16:26:11] [g95LkcovmlDSBBJIdmdv0zN6QBs=] [baysikimdeğil] No offline messages found
[2025-07-27 16:26:25] [Wiz1igKktw5lpjZkaE1pcCI3a6s=] [Alphonsine] Checking offline messages for client
[2025-07-27 16:26:25] [Wiz1igKktw5lpjZkaE1pcCI3a6s=] [Alphonsine] No offline messages found
[2025-07-27 16:27:44] [Wiz1igKktw5lpjZkaE1pcCI3a6s=] [Alphonsine] Checking offline messages for client
[2025-07-27 16:27:44] [Wiz1igKktw5lpjZkaE1pcCI3a6s=] [Alphonsine] No offline messages found
[2025-07-27 16:28:28] [s1cKjvWV/U2hH6YRSl2/TWstSVc=] [TeamSpeakUser1] Checking offline messages for client
[2025-07-27 16:28:28] [s1cKjvWV/U2hH6YRSl2/TWstSVc=] [TeamSpeakUser1] No offline messages found
[2025-07-27 16:38:51] [dQduHytlYfXayqUKaU5iChZBKUQ=] [zitrvxmode] Checking offline messages for client
[2025-07-27 16:38:51] [dQduHytlYfXayqUKaU5iChZBKUQ=] [zitrvxmode] No offline messages found
[2025-07-27 16:39:05] [Wiz1igKktw5lpjZkaE1pcCI3a6s=] [Alphonsine] Checking offline messages for client
[2025-07-27 16:39:05] [Wiz1igKktw5lpjZkaE1pcCI3a6s=] [Alphonsine] No offline messages found
[2025-07-27 16:40:38] [Icu6I8OvxH4Dmdky4bvuhKgFBCQ=] [Sir Walach] Checking offline messages for client
[2025-07-27 16:40:38] [Icu6I8OvxH4Dmdky4bvuhKgFBCQ=] [Sir Walach] No offline messages found
[2025-07-27 16:45:57] [JS7AYDgRfu5aCR6EsyZfSZOd3ug=] [goran] Checking offline messages for client
[2025-07-27 16:45:57] [JS7AYDgRfu5aCR6EsyZfSZOd3ug=] [goran] No offline messages found
[2025-07-27 16:52:29] [ruBTdp0pA5iSR/zKwFt9sBDK+SI=] [alexei_shubin] Checking offline messages for client
[2025-07-27 16:52:29] [ruBTdp0pA5iSR/zKwFt9sBDK+SI=] [alexei_shubin] No offline messages found
[2025-07-27 17:00:59] [g95LkcovmlDSBBJIdmdv0zN6QBs=] [baysikimdeğil] Checking offline messages for client
[2025-07-27 17:00:59] [g95LkcovmlDSBBJIdmdv0zN6QBs=] [baysikimdeğil] No offline messages found
[2025-07-27 17:02:40] [yH7+WUTO9a0edxQG10YKRSCiFog=] [Angry] Checking offline messages for client
[2025-07-27 17:02:40] [yH7+WUTO9a0edxQG10YKRSCiFog=] [Angry] No offline messages found
[2025-07-27 17:04:36] [YJ8chm2QQIJyPFrsGN7ctoGAtDM=] [Грицик] Checking offline messages for client
[2025-07-27 17:04:36] [YJ8chm2QQIJyPFrsGN7ctoGAtDM=] [Грицик] No offline messages found
[2025-07-27 17:14:36] [lnMFr9CACtNm2N+UU0FlIeT/jhM=] [Agent_vx] Checking offline messages for client
[2025-07-27 17:14:36] [lnMFr9CACtNm2N+UU0FlIeT/jhM=] [Agent_vx] No offline messages found
[2025-07-27 17:17:04] [mu8zHBA0U1KZm37ZU8GDo7EnWqM=] [Yusoso] Checking offline messages for client
[2025-07-27 17:17:04] [mu8zHBA0U1KZm37ZU8GDo7EnWqM=] [Yusoso] No offline messages found
[2025-07-27 17:18:31] [XHkNT/2WnLO7jAbxQXhDIydF250=] [RedragoN] Checking offline messages for client
[2025-07-27 17:18:31] [XHkNT/2WnLO7jAbxQXhDIydF250=] [RedragoN] No offline messages found
[2025-07-27 17:18:55] [2148w6jOcmXVxKbsYUmQaGdRPUU=] [BlackEye-_-] Checking offline messages for client
[2025-07-27 17:18:55] [2148w6jOcmXVxKbsYUmQaGdRPUU=] [BlackEye-_-] No offline messages found
[2025-07-27 17:22:03] [4hvwCfCPtTRCCX/hD0S9PDAjwPY=] [Ander] Checking offline messages for client
[2025-07-27 17:22:03] [4hvwCfCPtTRCCX/hD0S9PDAjwPY=] [Ander] No offline messages found
[2025-07-27 17:23:01] [sZQPfAhKNyJnHG1VTlCSqp382GY=] [GSavio] Checking offline messages for client
[2025-07-27 17:23:01] [sZQPfAhKNyJnHG1VTlCSqp382GY=] [GSavio] No offline messages found
[2025-07-27 17:23:02] [xhTn4opclMp+iPempLliRAnKV4I=] [ALPHA] Checking offline messages for client
[2025-07-27 17:23:02] [xhTn4opclMp+iPempLliRAnKV4I=] [ALPHA] No offline messages found
[2025-07-27 17:23:02] [xhTn4opclMp+iPempLliRAnKV4I=] [ALPHA] Checking offline messages for client
[2025-07-27 17:23:02] [xhTn4opclMp+iPempLliRAnKV4I=] [ALPHA] No offline messages found
[2025-07-27 17:23:53] [vYdB4LqF9oGqrfx8sM2nXqb21o0=] [may1kid] Checking offline messages for client
[2025-07-27 17:23:53] [vYdB4LqF9oGqrfx8sM2nXqb21o0=] [may1kid] No offline messages found
[2025-07-27 17:26:02] [I6jOOSBap0dJfQxxrWEXasWM9n0=] [sharfyusha] Checking offline messages for client
[2025-07-27 17:26:02] [I6jOOSBap0dJfQxxrWEXasWM9n0=] [sharfyusha] No offline messages found
[2025-07-27 17:28:39] [Wb9ka6L9SIDwvfj3d/rNat+vS2c=] [CatD.Luffy] Checking offline messages for client
[2025-07-27 17:28:39] [Wb9ka6L9SIDwvfj3d/rNat+vS2c=] [CatD.Luffy] No offline messages found
[2025-07-27 17:28:44] [v4HBviZ5MpnDpeG8hecQkotPVk4=] [TeamSpeakUser1] Checking offline messages for client
[2025-07-27 17:28:44] [v4HBviZ5MpnDpeG8hecQkotPVk4=] [TeamSpeakUser1] No offline messages found
[2025-07-27 17:28:59] [v4HBviZ5MpnDpeG8hecQkotPVk4=] [TeamSpeakUser1] Checking offline messages for client
[2025-07-27 17:28:59] [v4HBviZ5MpnDpeG8hecQkotPVk4=] [TeamSpeakUser1] No offline messages found
[2025-07-27 17:31:00] [l+tpDMsLn1195fi2nGDLUDG0cfw=] [9kyechi] Checking offline messages for client
[2025-07-27 17:31:00] [l+tpDMsLn1195fi2nGDLUDG0cfw=] [9kyechi] No offline messages found
[2025-07-27 17:31:07] [Tyox9iliANPNZk3OJiSEOSxGKGY=] [germancoxx] Checking offline messages for client
[2025-07-27 17:31:07] [Tyox9iliANPNZk3OJiSEOSxGKGY=] [germancoxx] No offline messages found
[2025-07-27 17:31:55] [RkH91acmxA3cUuqBsMdwRLDQBxM=] [Avrelius33] Checking offline messages for client
[2025-07-27 17:31:55] [RkH91acmxA3cUuqBsMdwRLDQBxM=] [Avrelius33] No offline messages found
[2025-07-27 17:32:21] [ysApwncFrVjzs0iXlJqpQC5ryno=] [alikexie] Checking offline messages for client
[2025-07-27 17:32:21] [ysApwncFrVjzs0iXlJqpQC5ryno=] [alikexie] No offline messages found
[2025-07-27 17:33:17] [veisoKySftOvl4Q1Ks67iGgTmI4=] [beee] Checking offline messages for client
[2025-07-27 17:33:17] [veisoKySftOvl4Q1Ks67iGgTmI4=] [beee] No offline messages found
[2025-07-27 17:40:25] [cCbM0phrtpSB/TJvwFdNdF1f4mw=] [TeamSpeakUser4] Checking offline messages for client
[2025-07-27 17:40:25] [cCbM0phrtpSB/TJvwFdNdF1f4mw=] [TeamSpeakUser4] No offline messages found
[2025-07-27 17:44:46] [F4Rot6aSlWU5OFZBOarP2RTzrYY=] [INSANE] Checking offline messages for client
[2025-07-27 17:44:46] [F4Rot6aSlWU5OFZBOarP2RTzrYY=] [INSANE] No offline messages found
[2025-07-27 17:47:27] [8Fn+1qd4DPlk46e1Q9+IKrYC/8A=] [atmaca] Checking offline messages for client
[2025-07-27 17:47:27] [8Fn+1qd4DPlk46e1Q9+IKrYC/8A=] [atmaca] No offline messages found
[2025-07-27 18:00:31] [mg0CEi8kx9uVrgWEX5S2vt1Xexg=] [awegawg] Checking offline messages for client
[2025-07-27 18:00:31] [mg0CEi8kx9uVrgWEX5S2vt1Xexg=] [awegawg] No offline messages found
[2025-07-27 18:05:03] [6loDKB5pFq9h9EZ8lWJAl1sRiNA=] [kagixxx] Checking offline messages for client
[2025-07-27 18:05:03] [6loDKB5pFq9h9EZ8lWJAl1sRiNA=] [kagixxx] No offline messages found
[2025-07-27 18:05:03] [6loDKB5pFq9h9EZ8lWJAl1sRiNA=] [kagixxx] Checking offline messages for client
[2025-07-27 18:05:03] [6loDKB5pFq9h9EZ8lWJAl1sRiNA=] [kagixxx] No offline messages found
[2025-07-27 18:05:03] [6loDKB5pFq9h9EZ8lWJAl1sRiNA=] [kagixxx] Checking offline messages for client
[2025-07-27 18:05:03] [6loDKB5pFq9h9EZ8lWJAl1sRiNA=] [kagixxx] No offline messages found
[2025-07-27 18:05:13] [zQBV+zr0os6YT3ktHjBJZW0cRd8=] [Tufix] Checking offline messages for client
[2025-07-27 18:05:13] [zQBV+zr0os6YT3ktHjBJZW0cRd8=] [Tufix] No offline messages found
[2025-07-27 18:11:37] [veisoKySftOvl4Q1Ks67iGgTmI4=] [beee] Checking offline messages for client
[2025-07-27 18:11:37] [veisoKySftOvl4Q1Ks67iGgTmI4=] [beee] No offline messages found
[2025-07-27 18:18:51] [nmMsjCsq3llYr3g2A8cfAaD3Fy0=] [arhi23] Checking offline messages for client
[2025-07-27 18:18:51] [nmMsjCsq3llYr3g2A8cfAaD3Fy0=] [arhi23] No offline messages found
[2025-07-27 18:19:41] [ZRaP7ZFk8xMR0aZkTaBGImOaGAM=] [SysmoUsercid=140] Checking offline messages for client
[2025-07-27 18:19:41] [ZRaP7ZFk8xMR0aZkTaBGImOaGAM=] [SysmoUsercid=140] No offline messages found
[2025-07-27 18:20:15] [hUjMcppeZYeQG89H1ehSTqHW6iQ=] [Hydrastarke] Checking offline messages for client
[2025-07-27 18:20:15] [hUjMcppeZYeQG89H1ehSTqHW6iQ=] [Hydrastarke] No offline messages found
[2025-07-27 18:20:31] [olLchfzvGHNpn6d47ZpS8OkJojI=] [SGS Calvo] Checking offline messages for client
[2025-07-27 18:20:31] [olLchfzvGHNpn6d47ZpS8OkJojI=] [SGS Calvo] No offline messages found
[2025-07-27 18:21:18] [OFkWTxSbLyrDSCACNU7XEePBPwg=] [shivska] Checking offline messages for client
[2025-07-27 18:21:18] [OFkWTxSbLyrDSCACNU7XEePBPwg=] [shivska] No offline messages found
[2025-07-27 18:23:24] [kOTiGdU7Prb6oIvLC/wF8cto8B0=] [Агрессор777] Checking offline messages for client
[2025-07-27 18:23:24] [kOTiGdU7Prb6oIvLC/wF8cto8B0=] [Агрессор777] No offline messages found
[2025-07-27 18:23:25] [WqJ7G2qJdQ8kspL597ANASGN6Qc=] [леха] Checking offline messages for client
[2025-07-27 18:23:25] [WqJ7G2qJdQ8kspL597ANASGN6Qc=] [леха] No offline messages found
[2025-07-27 18:26:23] [vYdB4LqF9oGqrfx8sM2nXqb21o0=] [may1kid] Checking offline messages for client
[2025-07-27 18:26:23] [vYdB4LqF9oGqrfx8sM2nXqb21o0=] [may1kid] No offline messages found
[2025-07-27 18:27:42] [I6jOOSBap0dJfQxxrWEXasWM9n0=] [sharfyusha] Checking offline messages for client
[2025-07-27 18:27:42] [I6jOOSBap0dJfQxxrWEXasWM9n0=] [sharfyusha] No offline messages found
[2025-07-27 18:28:24] [G5rj56bH+dIeDrtCref+BvHuH/c=] [matv495] Checking offline messages for client
[2025-07-27 18:28:24] [G5rj56bH+dIeDrtCref+BvHuH/c=] [matv495] No offline messages found
[2025-07-27 18:29:44] [AKpjILgA7fb120p7rMX2qJsj2yc=] [TeamSpeakUser5] Checking offline messages for client
[2025-07-27 18:29:44] [AKpjILgA7fb120p7rMX2qJsj2yc=] [TeamSpeakUser5] No offline messages found
[2025-07-27 18:31:14] [yNFUjD+LJEqojKPPlPGtCAVEYRU=] [Боцман777] Checking offline messages for client
[2025-07-27 18:31:14] [yNFUjD+LJEqojKPPlPGtCAVEYRU=] [Боцман777] No offline messages found
[2025-07-27 18:41:18] [vYdB4LqF9oGqrfx8sM2nXqb21o0=] [may1kid] Checking offline messages for client
[2025-07-27 18:41:18] [vYdB4LqF9oGqrfx8sM2nXqb21o0=] [may1kid] No offline messages found
[2025-07-27 18:42:48] [4m0mDvr/cLcAgFAyZjFVru6dWeY=] [Maks1m_K] Checking offline messages for client
[2025-07-27 18:42:48] [4m0mDvr/cLcAgFAyZjFVru6dWeY=] [Maks1m_K] No offline messages found
[2025-07-27 18:43:51] [+eY62p4z2Yc8MBABvp55HWZZJ18=] [saulov] Checking offline messages for client
[2025-07-27 18:43:51] [+eY62p4z2Yc8MBABvp55HWZZJ18=] [saulov] No offline messages found
[2025-07-27 18:47:55] [X6E5/N6c4x3DmVvfM1A7J4pIjC0=] [Omar] Checking offline messages for client
[2025-07-27 18:47:55] [X6E5/N6c4x3DmVvfM1A7J4pIjC0=] [Omar] No offline messages found
[2025-07-27 18:48:30] [QnPuvl/LakOS16vWSaXMZlHO3Xg=] [grr] Checking offline messages for client
[2025-07-27 18:48:30] [QnPuvl/LakOS16vWSaXMZlHO3Xg=] [grr] No offline messages found
[2025-07-27 18:49:01] [vYdB4LqF9oGqrfx8sM2nXqb21o0=] [may1kid] Checking offline messages for client
[2025-07-27 18:49:01] [vYdB4LqF9oGqrfx8sM2nXqb21o0=] [may1kid] No offline messages found
[2025-07-27 18:50:11] [5VHklsNdcbmfyHtwDayYUZ4P9Jg=] [lord] Checking offline messages for client
[2025-07-27 18:50:11] [5VHklsNdcbmfyHtwDayYUZ4P9Jg=] [lord] No offline messages found
[2025-07-27 18:51:35] [aejgc7RaVDF4+lz4weyWHc6HaEQ=] [TeamSpeakUser3] Checking offline messages for client
[2025-07-27 18:51:35] [aejgc7RaVDF4+lz4weyWHc6HaEQ=] [TeamSpeakUser3] No offline messages found
[2025-07-27 18:52:16] [aejgc7RaVDF4+lz4weyWHc6HaEQ=] [TeamSpeakUser3] Checking offline messages for client
[2025-07-27 18:52:16] [aejgc7RaVDF4+lz4weyWHc6HaEQ=] [TeamSpeakUser3] No offline messages found
[2025-07-27 18:53:45] [5VHklsNdcbmfyHtwDayYUZ4P9Jg=] [lord] Checking offline messages for client
[2025-07-27 18:53:45] [5VHklsNdcbmfyHtwDayYUZ4P9Jg=] [lord] No offline messages found
[2025-07-27 18:54:31] [sDGTmykW+tszI+sqWb5sOOLvtdM=] [f.donato] Checking offline messages for client
[2025-07-27 18:54:31] [sDGTmykW+tszI+sqWb5sOOLvtdM=] [f.donato] No offline messages found
[2025-07-27 18:59:49] [voHeS+9vDrKsqr51INkaIih9KlI=] [Cyborg1] Checking offline messages for client
[2025-07-27 18:59:49] [voHeS+9vDrKsqr51INkaIih9KlI=] [Cyborg1] No offline messages found
[2025-07-27 19:00:35] [ow+Zi/O4SnJIvwHosoZ7zIvOOK8=] [shinigami] Checking offline messages for client
[2025-07-27 19:00:35] [ow+Zi/O4SnJIvwHosoZ7zIvOOK8=] [shinigami] No offline messages found
[2025-07-27 19:05:45] [jigm6/bUsOmXMFP8XUKRU6/MFsM=] [king] Checking offline messages for client
[2025-07-27 19:05:45] [jigm6/bUsOmXMFP8XUKRU6/MFsM=] [king] No offline messages found
[2025-07-27 19:07:05] [voHeS+9vDrKsqr51INkaIih9KlI=] [Cyborg1] Checking offline messages for client
[2025-07-27 19:07:05] [voHeS+9vDrKsqr51INkaIih9KlI=] [Cyborg1] No offline messages found
[2025-07-27 19:09:15] [vYdB4LqF9oGqrfx8sM2nXqb21o0=] [may1kid] Checking offline messages for client
[2025-07-27 19:09:15] [vYdB4LqF9oGqrfx8sM2nXqb21o0=] [may1kid] No offline messages found
[2025-07-27 19:09:27] [5hddc8haxgTOmC6YnU4i/CaEPsM=] [saadf] Checking offline messages for client
[2025-07-27 19:09:27] [5hddc8haxgTOmC6YnU4i/CaEPsM=] [saadf] No offline messages found
[2025-07-27 19:10:16] [Chs2gds0q5c5sHk5GQqGy9JmwQg=] [teaman11] Checking offline messages for client
[2025-07-27 19:10:16] [Chs2gds0q5c5sHk5GQqGy9JmwQg=] [teaman11] No offline messages found
[2025-07-27 19:10:17] [Chs2gds0q5c5sHk5GQqGy9JmwQg=] [teaman11] Checking offline messages for client
[2025-07-27 19:10:17] [Chs2gds0q5c5sHk5GQqGy9JmwQg=] [teaman11] No offline messages found
[2025-07-27 19:10:17] [Chs2gds0q5c5sHk5GQqGy9JmwQg=] [teaman11] Checking offline messages for client
[2025-07-27 19:10:17] [Chs2gds0q5c5sHk5GQqGy9JmwQg=] [teaman11] No offline messages found
[2025-07-27 19:19:06] [9L00arJzCt1G2LLDRV0HQCJjofM=] [osasderlerbana] Checking offline messages for client
[2025-07-27 19:19:06] [9L00arJzCt1G2LLDRV0HQCJjofM=] [osasderlerbana] No offline messages found
[2025-07-27 19:21:00] [UINiUnQ/eAgNIPOPr4tSfW+qXvo=] [Потужний Фід] Checking offline messages for client
[2025-07-27 19:21:00] [UINiUnQ/eAgNIPOPr4tSfW+qXvo=] [Потужний Фід] No offline messages found
[2025-07-27 19:21:42] [GvKQC+0wB2vJXrx64sJ8sS41K2w=] [Pol'zovatel'] Checking offline messages for client
[2025-07-27 19:21:42] [GvKQC+0wB2vJXrx64sJ8sS41K2w=] [Pol'zovatel'] No offline messages found
[2025-07-27 19:23:34] [SLgF1CXjcyyJuJUIsTJh2Pk2myQ=] [nenesikicininsikicisi35] Checking offline messages for client
[2025-07-27 19:23:34] [SLgF1CXjcyyJuJUIsTJh2Pk2myQ=] [nenesikicininsikicisi35] No offline messages found
[2025-07-27 19:23:38] [UGY8Kcj0WISsPjCfS8KB0k7vMsc=] [Leijonuss] Checking offline messages for client
[2025-07-27 19:23:38] [UGY8Kcj0WISsPjCfS8KB0k7vMsc=] [Leijonuss] No offline messages found
[2025-07-27 19:25:57] [y3qRBaQ+7+prQ7ggbaV8Uu//Bhk=] [Beskar] Checking offline messages for client
[2025-07-27 19:25:57] [y3qRBaQ+7+prQ7ggbaV8Uu//Bhk=] [Beskar] No offline messages found
[2025-07-27 19:30:07] [0XIPokUUTEkn00muYiwnSCQJ4wM=] [credolls] Checking offline messages for client
[2025-07-27 19:30:07] [0XIPokUUTEkn00muYiwnSCQJ4wM=] [credolls] No offline messages found
[2025-07-27 19:31:30] [1bxlkLWE1YEds4euACE9lSAD0Jg=] [Mr..Fury] Checking offline messages for client
[2025-07-27 19:31:30] [1bxlkLWE1YEds4euACE9lSAD0Jg=] [Mr..Fury] No offline messages found
[2025-07-27 19:32:18] [h+S6vTapLiHLu/QXW+Wv622o2KE=] [Bone] Checking offline messages for client
[2025-07-27 19:32:18] [h+S6vTapLiHLu/QXW+Wv622o2KE=] [Bone] No offline messages found
[2025-07-27 19:36:58] [EabEuFfJWoidlJHowxz83DhK5uk=] [Rich Lich] Checking offline messages for client
[2025-07-27 19:36:58] [EabEuFfJWoidlJHowxz83DhK5uk=] [Rich Lich] No offline messages found
[2025-07-27 19:37:25] [QnPuvl/LakOS16vWSaXMZlHO3Xg=] [grr] Checking offline messages for client
[2025-07-27 19:37:25] [QnPuvl/LakOS16vWSaXMZlHO3Xg=] [grr] No offline messages found
[2025-07-27 19:37:27] [N3sdgECOuAq9updYbYKI20ij7vw=] [Tancsii] Checking offline messages for client
[2025-07-27 19:37:27] [N3sdgECOuAq9updYbYKI20ij7vw=] [Tancsii] No offline messages found
[2025-07-27 19:37:27] [N3sdgECOuAq9updYbYKI20ij7vw=] [Tancsii] Checking offline messages for client
[2025-07-27 19:37:27] [N3sdgECOuAq9updYbYKI20ij7vw=] [Tancsii] No offline messages found
[2025-07-27 19:37:27] [N3sdgECOuAq9updYbYKI20ij7vw=] [Tancsii] Checking offline messages for client
[2025-07-27 19:37:27] [N3sdgECOuAq9updYbYKI20ij7vw=] [Tancsii] No offline messages found
[2025-07-27 19:38:15] [WqJ7G2qJdQ8kspL597ANASGN6Qc=] [леха] Checking offline messages for client
[2025-07-27 19:38:15] [WqJ7G2qJdQ8kspL597ANASGN6Qc=] [леха] No offline messages found
[2025-07-27 19:38:26] [KHWJeFyCkKuqRYIlsw/saz+N7AA=] [vocxod666] Checking offline messages for client
[2025-07-27 19:38:26] [KHWJeFyCkKuqRYIlsw/saz+N7AA=] [vocxod666] No offline messages found
[2025-07-27 19:39:30] [RsURJYa0lzlW9i743hhsYAaqroo=] [Parta] Checking offline messages for client
[2025-07-27 19:39:30] [RsURJYa0lzlW9i743hhsYAaqroo=] [Parta] No offline messages found
[2025-07-27 19:50:46] [JS7AYDgRfu5aCR6EsyZfSZOd3ug=] [goran] Checking offline messages for client
[2025-07-27 19:50:46] [JS7AYDgRfu5aCR6EsyZfSZOd3ug=] [goran] No offline messages found
[2025-07-27 19:52:01] [zQBV+zr0os6YT3ktHjBJZW0cRd8=] [Tufix] Checking offline messages for client
[2025-07-27 19:52:01] [zQBV+zr0os6YT3ktHjBJZW0cRd8=] [Tufix] No offline messages found
[2025-07-27 19:54:57] [y8www1vX+Fcxdsy3fifmpFwkYkA=] [KingDriver] Checking offline messages for client
[2025-07-27 19:54:57] [y8www1vX+Fcxdsy3fifmpFwkYkA=] [KingDriver] No offline messages found
[2025-07-27 20:02:11] [daLZO33ORrjt8kilU/mo70jc7KI=] [makpyn] Checking offline messages for client
[2025-07-27 20:02:11] [daLZO33ORrjt8kilU/mo70jc7KI=] [makpyn] No offline messages found
[2025-07-27 20:03:22] [voHeS+9vDrKsqr51INkaIih9KlI=] [Cyborg1] Checking offline messages for client
[2025-07-27 20:03:22] [voHeS+9vDrKsqr51INkaIih9KlI=] [Cyborg1] No offline messages found
[2025-07-27 20:06:39] [KL0QZuz7P/nwwL6XYSCsDg/Yqw0=] [DIMAX] Checking offline messages for client
[2025-07-27 20:06:39] [KL0QZuz7P/nwwL6XYSCsDg/Yqw0=] [DIMAX] No offline messages found
[2025-07-27 20:07:35] [6jLfF2CHHJj4U3Q15ev/+OrNNnc=] [cucarachaa] Checking offline messages for client
[2025-07-27 20:07:35] [6jLfF2CHHJj4U3Q15ev/+OrNNnc=] [cucarachaa] No offline messages found
[2025-07-27 20:07:54] [AIH+tfVulC8zavzVFibdmhnDrQY=] [kiri] Checking offline messages for client
[2025-07-27 20:07:54] [AIH+tfVulC8zavzVFibdmhnDrQY=] [kiri] No offline messages found
[2025-07-27 20:09:01] [6jLfF2CHHJj4U3Q15ev/+OrNNnc=] [cucarachaa] Checking offline messages for client
[2025-07-27 20:09:01] [6jLfF2CHHJj4U3Q15ev/+OrNNnc=] [cucarachaa] No offline messages found
[2025-07-27 20:12:38] [5VHklsNdcbmfyHtwDayYUZ4P9Jg=] [lord] Checking offline messages for client
[2025-07-27 20:12:38] [5VHklsNdcbmfyHtwDayYUZ4P9Jg=] [lord] No offline messages found
[2025-07-27 20:13:39] [e/9oYyrhhc1IP+S6iQ1nWm9Q3x8=] [-REVA-] Checking offline messages for client
[2025-07-27 20:13:39] [e/9oYyrhhc1IP+S6iQ1nWm9Q3x8=] [-REVA-] No offline messages found
[2025-07-27 20:13:57] [hGoQYihG/PI5oPn6q6SLEnhZK/w=] [TeamSpeakUser2] Checking offline messages for client
[2025-07-27 20:13:57] [hGoQYihG/PI5oPn6q6SLEnhZK/w=] [TeamSpeakUser2] No offline messages found
[2025-07-27 20:14:09] [/RAzcpvI3kkRHrR2/6cu+vbbL7E=] [HELLKEEPER] Checking offline messages for client
[2025-07-27 20:14:09] [/RAzcpvI3kkRHrR2/6cu+vbbL7E=] [HELLKEEPER] No offline messages found
[2025-07-27 20:14:18] [ZQhSo1tQ5YDSZNLYSj+nKwHZezs=] [hamza] Checking offline messages for client
[2025-07-27 20:14:18] [ZQhSo1tQ5YDSZNLYSj+nKwHZezs=] [hamza] No offline messages found
[2025-07-27 20:14:36] [hGoQYihG/PI5oPn6q6SLEnhZK/w=] [TeamSpeakUser2] Checking offline messages for client
[2025-07-27 20:14:36] [hGoQYihG/PI5oPn6q6SLEnhZK/w=] [TeamSpeakUser2] No offline messages found
[2025-07-27 20:17:22] [9RYhYLJQuz+5zxOjDqP3tBps2/o=] [EXOPUL] Checking offline messages for client
[2025-07-27 20:17:22] [9RYhYLJQuz+5zxOjDqP3tBps2/o=] [EXOPUL] No offline messages found
[2025-07-27 20:18:18] [NKmpYiLPPcNXLJNM/W4g4sbGYMY=] [Đaw€] Checking offline messages for client
[2025-07-27 20:18:18] [NKmpYiLPPcNXLJNM/W4g4sbGYMY=] [Đaw€] No offline messages found
[2025-07-27 20:18:37] [MZWgndUXO6A0YcVlmWyBE1rQlnY=] [Musto] Checking offline messages for client
[2025-07-27 20:18:37] [MZWgndUXO6A0YcVlmWyBE1rQlnY=] [Musto] No offline messages found
[2025-07-27 20:18:59] [SbZTFapUTAS6kKbtGu6YH9l76RI=] [Lesiar] Checking offline messages for client
[2025-07-27 20:18:59] [SbZTFapUTAS6kKbtGu6YH9l76RI=] [Lesiar] No offline messages found
[2025-07-27 20:20:49] [5VHklsNdcbmfyHtwDayYUZ4P9Jg=] [lord] Checking offline messages for client
[2025-07-27 20:20:49] [5VHklsNdcbmfyHtwDayYUZ4P9Jg=] [lord] No offline messages found
[2025-07-27 20:20:53] [+IdTxeDPU0HaxOmF1Yivm4WLd78=] [chelko] Checking offline messages for client
[2025-07-27 20:20:53] [+IdTxeDPU0HaxOmF1Yivm4WLd78=] [chelko] No offline messages found
[2025-07-27 20:21:52] [AIH+tfVulC8zavzVFibdmhnDrQY=] [kiri] Checking offline messages for client
[2025-07-27 20:21:52] [AIH+tfVulC8zavzVFibdmhnDrQY=] [kiri] No offline messages found
[2025-07-27 20:23:21] [gVBCYC9G+dFCccWN/Wqj75L760M=] [Zaglot_Vandam1] Checking offline messages for client
[2025-07-27 20:23:21] [gVBCYC9G+dFCccWN/Wqj75L760M=] [Zaglot_Vandam1] No offline messages found
[2025-07-27 20:24:33] [AIH+tfVulC8zavzVFibdmhnDrQY=] [kiri] Checking offline messages for client
[2025-07-27 20:24:33] [AIH+tfVulC8zavzVFibdmhnDrQY=] [kiri] No offline messages found
[2025-07-27 20:25:06] [xhTn4opclMp+iPempLliRAnKV4I=] [ALPHA] Checking offline messages for client
[2025-07-27 20:25:06] [xhTn4opclMp+iPempLliRAnKV4I=] [ALPHA] No offline messages found
[2025-07-27 20:27:02] [0XaSaJTqMDRG53r/L41NHA912Rw=] [pisun] Checking offline messages for client
[2025-07-27 20:27:02] [0XaSaJTqMDRG53r/L41NHA912Rw=] [pisun] No offline messages found
[2025-07-27 20:27:12] [pjSG7lijxEkCHXK5AeNULuu9cdY=] [HUESOS] Checking offline messages for client
[2025-07-27 20:27:12] [pjSG7lijxEkCHXK5AeNULuu9cdY=] [HUESOS] No offline messages found
[2025-07-27 20:27:21] [qXu/YEbz0BqZXHthtOhD7suFGhw=] [noice8] Checking offline messages for client
[2025-07-27 20:27:21] [qXu/YEbz0BqZXHthtOhD7suFGhw=] [noice8] No offline messages found
[2025-07-27 20:27:56] [xhTn4opclMp+iPempLliRAnKV4I=] [ALPHA] Checking offline messages for client
[2025-07-27 20:27:56] [xhTn4opclMp+iPempLliRAnKV4I=] [ALPHA] No offline messages found
[2025-07-27 20:28:13] [RBwh+hLI7qM/5sBbq4UPaExpE30=] [Druid Сrow 🦅] Checking offline messages for client
[2025-07-27 20:28:13] [RBwh+hLI7qM/5sBbq4UPaExpE30=] [Druid Сrow 🦅] No offline messages found
[2025-07-27 20:28:47] [xiVTUqjmPR8HsEFkd9qzObroM+Q=] [TeamSpeakUser3] Checking offline messages for client
[2025-07-27 20:28:47] [xiVTUqjmPR8HsEFkd9qzObroM+Q=] [TeamSpeakUser3] No offline messages found
[2025-07-27 20:28:56] [qXu/YEbz0BqZXHthtOhD7suFGhw=] [noice8] Checking offline messages for client
[2025-07-27 20:28:56] [qXu/YEbz0BqZXHthtOhD7suFGhw=] [noice8] No offline messages found
[2025-07-27 20:30:45] [xiVTUqjmPR8HsEFkd9qzObroM+Q=] [TeamSpeakUser3] Checking offline messages for client
[2025-07-27 20:30:45] [xiVTUqjmPR8HsEFkd9qzObroM+Q=] [TeamSpeakUser3] No offline messages found
[2025-07-27 20:33:13] [+HSS1nA3Z9O8INV8ar35lASRhf4=] [Nrrrqqq] Checking offline messages for client
[2025-07-27 20:33:13] [+HSS1nA3Z9O8INV8ar35lASRhf4=] [Nrrrqqq] No offline messages found
[2025-07-27 20:35:08] [Xc1V+9hgSSUuMOB1iFNE7BbrmwA=] [Jaws] Checking offline messages for client
[2025-07-27 20:35:08] [Xc1V+9hgSSUuMOB1iFNE7BbrmwA=] [Jaws] No offline messages found
[2025-07-27 20:35:15] [9L00arJzCt1G2LLDRV0HQCJjofM=] [osasderlerbana] Checking offline messages for client
[2025-07-27 20:35:15] [9L00arJzCt1G2LLDRV0HQCJjofM=] [osasderlerbana] No offline messages found
[2025-07-27 20:36:21] [Lm1n0p7fC/1pjKi0sXmBUDhDWNE=] [clamoris] Checking offline messages for client
[2025-07-27 20:36:21] [Lm1n0p7fC/1pjKi0sXmBUDhDWNE=] [clamoris] No offline messages found
[2025-07-27 20:37:49] [vQBpA0VvBo3XlFVJd2yFUhlAD5E=] [whoismert] Checking offline messages for client
[2025-07-27 20:37:49] [vQBpA0VvBo3XlFVJd2yFUhlAD5E=] [whoismert] No offline messages found
[2025-07-27 20:39:25] [6QTSVZJXFWVj3iE7IzR5O0qjvAA=] [Maprhendil] Checking offline messages for client
[2025-07-27 20:39:25] [6QTSVZJXFWVj3iE7IzR5O0qjvAA=] [Maprhendil] No offline messages found
[2025-07-27 20:39:28] [kULTdQq319JIL8kWV2Yvc5hMdaw=] [TeamSpeakUser4] Checking offline messages for client
[2025-07-27 20:39:28] [kULTdQq319JIL8kWV2Yvc5hMdaw=] [TeamSpeakUser4] No offline messages found
[2025-07-27 20:39:45] [7lkgv1NgBUC4Nbvfz0XxfSTDHSQ=] [Platonuch_UA] Checking offline messages for client
[2025-07-27 20:39:45] [7lkgv1NgBUC4Nbvfz0XxfSTDHSQ=] [Platonuch_UA] No offline messages found
[2025-07-27 20:40:32] [4E896wDSmJ8m6QyPTb8WNx7UKxM=] [Groff] Checking offline messages for client
[2025-07-27 20:40:32] [4E896wDSmJ8m6QyPTb8WNx7UKxM=] [Groff] No offline messages found
[2025-07-27 20:41:51] [AdcKqrulbZVjMWa7uJsFB9cURzw=] [WeedLover] Checking offline messages for client
[2025-07-27 20:41:51] [AdcKqrulbZVjMWa7uJsFB9cURzw=] [WeedLover] No offline messages found
[2025-07-27 20:47:56] [0XIPokUUTEkn00muYiwnSCQJ4wM=] [credolls] Checking offline messages for client
[2025-07-27 20:47:56] [0XIPokUUTEkn00muYiwnSCQJ4wM=] [credolls] No offline messages found
[2025-07-27 20:51:00] [dNRYIZtk71CY8BBDYawxb2cjIk8=] [Cencya1] Checking offline messages for client
[2025-07-27 20:51:00] [dNRYIZtk71CY8BBDYawxb2cjIk8=] [Cencya1] No offline messages found
[2025-07-27 20:51:57] [v8d0S2VwxhW09HTFPSJZmdATS9s=] [lokmannnnnn] Checking offline messages for client
[2025-07-27 20:51:57] [v8d0S2VwxhW09HTFPSJZmdATS9s=] [lokmannnnnn] No offline messages found
[2025-07-27 20:52:56] [raAePR7lHPhNIRleevueRUQgaPg=] [Seyit] Checking offline messages for client
[2025-07-27 20:52:56] [raAePR7lHPhNIRleevueRUQgaPg=] [Seyit] No offline messages found
[2025-07-27 20:53:20] [En2gnfPohUKXeQ2mM9iHU3fzHaQ=] [Siros333] Checking offline messages for client
[2025-07-27 20:53:20] [En2gnfPohUKXeQ2mM9iHU3fzHaQ=] [Siros333] No offline messages found
[2025-07-27 20:54:14] [CUffzg29SA+Dv+5fpFqndGk/5r8=] [ARTAdort] Checking offline messages for client
[2025-07-27 20:54:14] [CUffzg29SA+Dv+5fpFqndGk/5r8=] [ARTAdort] No offline messages found
[2025-07-27 20:54:30] [g95LkcovmlDSBBJIdmdv0zN6QBs=] [baysikimdeğil] Checking offline messages for client
[2025-07-27 20:54:30] [g95LkcovmlDSBBJIdmdv0zN6QBs=] [baysikimdeğil] No offline messages found
[2025-07-27 20:55:08] [J6bp6st58H7lXUd4tuSsCYJySXk=] [ARTAhier] Checking offline messages for client
[2025-07-27 20:55:08] [J6bp6st58H7lXUd4tuSsCYJySXk=] [ARTAhier] No offline messages found
[2025-07-27 20:56:49] [gM6JURCoeTppFvi+so8Nrj/PdUE=] [KvaKing95] Checking offline messages for client
[2025-07-27 20:56:49] [gM6JURCoeTppFvi+so8Nrj/PdUE=] [KvaKing95] No offline messages found
[2025-07-27 21:02:30] [4lgk8AIxD24nO55TvFlly6KF/C4=] [e6lan] Checking offline messages for client
[2025-07-27 21:02:30] [4lgk8AIxD24nO55TvFlly6KF/C4=] [e6lan] No offline messages found
[2025-07-27 21:02:45] [+QTfzoCOcfpc5pNJ24WBX/EfRAU=] [Уебище] Checking offline messages for client
[2025-07-27 21:02:45] [+QTfzoCOcfpc5pNJ24WBX/EfRAU=] [Уебище] No offline messages found
[2025-07-27 21:03:33] [xiVTUqjmPR8HsEFkd9qzObroM+Q=] [TeamSpeakUser3] Checking offline messages for client
[2025-07-27 21:03:33] [xiVTUqjmPR8HsEFkd9qzObroM+Q=] [TeamSpeakUser3] No offline messages found
[2025-07-27 21:03:53] [u37UZKIsHRy8fpvH8qv7OuhDpEw=] [AMINOV] Checking offline messages for client
[2025-07-27 21:03:53] [u37UZKIsHRy8fpvH8qv7OuhDpEw=] [AMINOV] No offline messages found
[2025-07-27 21:04:04] [SBv8POQ/KbJEokJuPb4wsFePAa4=] [ilan] Checking offline messages for client
[2025-07-27 21:04:04] [SBv8POQ/KbJEokJuPb4wsFePAa4=] [ilan] No offline messages found
[2025-07-27 21:04:16] [R3WL4DAKFPttRxrEj7z86Sw0kfY=] [C1klope] Checking offline messages for client
[2025-07-27 21:04:16] [R3WL4DAKFPttRxrEj7z86Sw0kfY=] [C1klope] No offline messages found
[2025-07-27 21:05:24] [ixLpNjc83I5LYHua6yWOroTZ+DY=] [amin_gamester] Checking offline messages for client
[2025-07-27 21:05:24] [ixLpNjc83I5LYHua6yWOroTZ+DY=] [amin_gamester] No offline messages found
[2025-07-27 21:06:30] [vYdB4LqF9oGqrfx8sM2nXqb21o0=] [may1kid] Checking offline messages for client
[2025-07-27 21:06:30] [vYdB4LqF9oGqrfx8sM2nXqb21o0=] [may1kid] No offline messages found
[2025-07-27 21:08:20] [V+r2jqsObKVU67cAATQYjyj/oEk=] [Blood.born] Checking offline messages for client
[2025-07-27 21:08:20] [V+r2jqsObKVU67cAATQYjyj/oEk=] [Blood.born] No offline messages found
[2025-07-27 21:09:09] [pCok9sO/9Rb4uUpuaKprfxKJCl4=] [m1Gs] Checking offline messages for client
[2025-07-27 21:09:09] [pCok9sO/9Rb4uUpuaKprfxKJCl4=] [m1Gs] No offline messages found
[2025-07-27 21:09:54] [mu8zHBA0U1KZm37ZU8GDo7EnWqM=] [Yusoso] Checking offline messages for client
[2025-07-27 21:09:54] [mu8zHBA0U1KZm37ZU8GDo7EnWqM=] [Yusoso] No offline messages found
[2025-07-27 21:10:34] [ilO9JAl5glx+WikZA6SZqmic0Iw=] [kaiizenn] Checking offline messages for client
[2025-07-27 21:10:34] [ilO9JAl5glx+WikZA6SZqmic0Iw=] [kaiizenn] No offline messages found
[2025-07-27 21:14:32] [1nHWWpwvoZf+IGl6BaPDK6nG9mg=] [FataL1Day] Checking offline messages for client
[2025-07-27 21:14:32] [1nHWWpwvoZf+IGl6BaPDK6nG9mg=] [FataL1Day] No offline messages found
[2025-07-27 21:17:24] [oGqRqnk9R104gKeI3U/zs5nFPS0=] [LucianBlondu] Checking offline messages for client
[2025-07-27 21:17:24] [oGqRqnk9R104gKeI3U/zs5nFPS0=] [LucianBlondu] No offline messages found
[2025-07-27 21:17:25] [6jLfF2CHHJj4U3Q15ev/+OrNNnc=] [cucarachaa] Checking offline messages for client
[2025-07-27 21:17:25] [6jLfF2CHHJj4U3Q15ev/+OrNNnc=] [cucarachaa] No offline messages found
[2025-07-27 21:17:25] [6jLfF2CHHJj4U3Q15ev/+OrNNnc=] [LucianBlondu] Checking offline messages for client
[2025-07-27 21:17:25] [6jLfF2CHHJj4U3Q15ev/+OrNNnc=] [LucianBlondu] No offline messages found
[2025-07-27 21:17:25] [6jLfF2CHHJj4U3Q15ev/+OrNNnc=] [LucianBlondu] Checking offline messages for client
[2025-07-27 21:17:25] [6jLfF2CHHJj4U3Q15ev/+OrNNnc=] [LucianBlondu] No offline messages found
[2025-07-27 21:17:31] [eNxiZDOeggdj95ZNvuM5yeobkrU=] [Etienne] Checking offline messages for client
[2025-07-27 21:17:31] [eNxiZDOeggdj95ZNvuM5yeobkrU=] [Etienne] No offline messages found
[2025-07-27 21:18:37] [yBICHbhgjt9SlHyQu3BZbOYMUQU=] [H0R0Z] Checking offline messages for client
[2025-07-27 21:18:37] [yBICHbhgjt9SlHyQu3BZbOYMUQU=] [H0R0Z] No offline messages found
[2025-07-27 21:19:00] [rtdUFV+2q6gMB7LIOA5+y8SqhBY=] [mevlutozkara] Checking offline messages for client
[2025-07-27 21:19:00] [rtdUFV+2q6gMB7LIOA5+y8SqhBY=] [mevlutozkara] No offline messages found
[2025-07-27 21:19:48] [1fLfTv7a7WCXSiKCcl/56zaOGH4=] [TeamSpeakUser2] Checking offline messages for client
[2025-07-27 21:19:48] [1fLfTv7a7WCXSiKCcl/56zaOGH4=] [TeamSpeakUser2] No offline messages found
[2025-07-27 21:20:48] [o+0lFk+AfqhNVdXqfHNBAfL7oiU=] [Sanny] Checking offline messages for client
[2025-07-27 21:20:48] [o+0lFk+AfqhNVdXqfHNBAfL7oiU=] [Sanny] No offline messages found
[2025-07-27 21:20:59] [CivIdqvdtxSJX+mCOeU13yota9Y=] [digitalmix] Checking offline messages for client
[2025-07-27 21:20:59] [CivIdqvdtxSJX+mCOeU13yota9Y=] [digitalmix] No offline messages found
[2025-07-27 21:22:42] [6jLfF2CHHJj4U3Q15ev/+OrNNnc=] [cucarachaa] Checking offline messages for client
[2025-07-27 21:22:42] [6jLfF2CHHJj4U3Q15ev/+OrNNnc=] [cucarachaa] No offline messages found
[2025-07-27 21:25:42] [V+r2jqsObKVU67cAATQYjyj/oEk=] [Blood.born] Checking offline messages for client
[2025-07-27 21:25:42] [V+r2jqsObKVU67cAATQYjyj/oEk=] [Blood.born] No offline messages found
[2025-07-27 21:26:03] [esphB+mG2+N8I3ntRjK04Tgvv7o=] [Phantor] Checking offline messages for client
[2025-07-27 21:26:03] [esphB+mG2+N8I3ntRjK04Tgvv7o=] [Phantor] No offline messages found
[2025-07-27 21:30:33] [CUffzg29SA+Dv+5fpFqndGk/5r8=] [ARTAdort] Checking offline messages for client
[2025-07-27 21:30:33] [CUffzg29SA+Dv+5fpFqndGk/5r8=] [ARTAdort] No offline messages found
[2025-07-27 21:30:55] [J6bp6st58H7lXUd4tuSsCYJySXk=] [ARTAhier] Checking offline messages for client
[2025-07-27 21:30:55] [J6bp6st58H7lXUd4tuSsCYJySXk=] [ARTAhier] No offline messages found
[2025-07-27 21:32:03] [En2gnfPohUKXeQ2mM9iHU3fzHaQ=] [Siros333] Checking offline messages for client
[2025-07-27 21:32:03] [En2gnfPohUKXeQ2mM9iHU3fzHaQ=] [Siros333] No offline messages found
[2025-07-27 21:32:42] [J6bp6st58H7lXUd4tuSsCYJySXk=] [ARTAhier] Checking offline messages for client
[2025-07-27 21:32:42] [J6bp6st58H7lXUd4tuSsCYJySXk=] [ARTAhier] No offline messages found
[2025-07-27 21:34:39] [L2eQNSlPSLEvzElBvTWjnRjR04U=] [Koniciva] Checking offline messages for client
[2025-07-27 21:34:39] [L2eQNSlPSLEvzElBvTWjnRjR04U=] [Koniciva] No offline messages found
[2025-07-27 21:35:25] [yPSI9aghhtH6O+mnSQIo84yUZ4c=] [шароёб] Checking offline messages for client
[2025-07-27 21:35:25] [yPSI9aghhtH6O+mnSQIo84yUZ4c=] [шароёб] No offline messages found
[2025-07-27 21:35:56] [ALJbKmQfUmbz6g/F8tfpkljRY/0=] [Mari] Checking offline messages for client
[2025-07-27 21:35:56] [ALJbKmQfUmbz6g/F8tfpkljRY/0=] [Mari] No offline messages found
[2025-07-27 21:37:48] [03xhGMezQVEoqBHfj+CDRua8OOo=] [MmdMrz] Checking offline messages for client
[2025-07-27 21:37:48] [03xhGMezQVEoqBHfj+CDRua8OOo=] [MmdMrz] No offline messages found
[2025-07-27 21:38:16] [RrCHSdvWuJIliTgAd3IvMuETCfc=] [YCK] Checking offline messages for client
[2025-07-27 21:38:16] [RrCHSdvWuJIliTgAd3IvMuETCfc=] [YCK] No offline messages found
[2025-07-27 21:40:35] [A337CRyeHXs4LwAB23shVIw0jeg=] [mishechcaty] Checking offline messages for client
[2025-07-27 21:40:35] [A337CRyeHXs4LwAB23shVIw0jeg=] [mishechcaty] No offline messages found
[2025-07-27 21:40:38] [pUCIpssKzbEhYAmtB8xcuFXcEsU=] [mostafa] Checking offline messages for client
[2025-07-27 21:40:38] [pUCIpssKzbEhYAmtB8xcuFXcEsU=] [mostafa] No offline messages found
[2025-07-27 21:42:18] [1fLfTv7a7WCXSiKCcl/56zaOGH4=] [TeamSpeakUser] Checking offline messages for client
[2025-07-27 21:42:18] [1fLfTv7a7WCXSiKCcl/56zaOGH4=] [TeamSpeakUser] No offline messages found
[2025-07-27 21:49:39] [sT8LfGlu0NSASp8sIFfJIotTH0c=] [oniks] Checking offline messages for client
[2025-07-27 21:49:39] [sT8LfGlu0NSASp8sIFfJIotTH0c=] [oniks] No offline messages found
[2025-07-27 21:49:45] [WUFbI2wm1TirPkulhTRESNYToW0=] [sajjad] Checking offline messages for client
[2025-07-27 21:49:45] [WUFbI2wm1TirPkulhTRESNYToW0=] [sajjad] No offline messages found
[2025-07-27 21:54:07] [BO0uwuoQWJlo9eiY1ZibP+RBzaY=] [haajiton] Checking offline messages for client
[2025-07-27 21:54:07] [BO0uwuoQWJlo9eiY1ZibP+RBzaY=] [haajiton] No offline messages found
[2025-07-27 21:55:14] [6jLfF2CHHJj4U3Q15ev/+OrNNnc=] [cucarachaa] Checking offline messages for client
[2025-07-27 21:55:14] [6jLfF2CHHJj4U3Q15ev/+OrNNnc=] [cucarachaa] No offline messages found
[2025-07-27 21:55:38] [1sRwMph8GANqzrnjJ1XhNF3mqNw=] [TeamSpeakUser] Checking offline messages for client
[2025-07-27 21:55:38] [1sRwMph8GANqzrnjJ1XhNF3mqNw=] [TeamSpeakUser] No offline messages found
[2025-07-27 21:55:44] [NcQyLdav1Dy/wOKFFI1QOJ0yzoI=] [Parzival] Checking offline messages for client
[2025-07-27 21:55:44] [NcQyLdav1Dy/wOKFFI1QOJ0yzoI=] [Parzival] No offline messages found
[2025-07-27 21:55:45] [jnDQ5oFGfUiT4j6Wm8eE+z+Bp70=] [radin] Checking offline messages for client
[2025-07-27 21:55:45] [jnDQ5oFGfUiT4j6Wm8eE+z+Bp70=] [radin] No offline messages found
[2025-07-27 21:55:49] [m3jwrJafD7Z1HcDm7lAZbGqtROY=] [zui] Checking offline messages for client
[2025-07-27 21:55:49] [m3jwrJafD7Z1HcDm7lAZbGqtROY=] [zui] No offline messages found
[2025-07-27 21:58:56] [ktT/SftpCnxHE/8DJjKjzUnQ3AY=] [EJEX] Checking offline messages for client
[2025-07-27 21:58:56] [ktT/SftpCnxHE/8DJjKjzUnQ3AY=] [EJEX] No offline messages found
[2025-07-27 21:59:53] [kZcUh2jo+wq6b2dVS0YlCqCebY0=] [ASLAN] Checking offline messages for client
[2025-07-27 21:59:53] [kZcUh2jo+wq6b2dVS0YlCqCebY0=] [ASLAN] No offline messages found
[2025-07-27 22:00:35] [lnMFr9CACtNm2N+UU0FlIeT/jhM=] [Agent_vx] Checking offline messages for client
[2025-07-27 22:00:35] [lnMFr9CACtNm2N+UU0FlIeT/jhM=] [Agent_vx] No offline messages found
[2025-07-27 22:03:19] [ACh0uqUnAOJQ5rdcjq1a2g6ytmg=] [pirooz] Checking offline messages for client
[2025-07-27 22:03:19] [ACh0uqUnAOJQ5rdcjq1a2g6ytmg=] [pirooz] No offline messages found
[2025-07-27 22:03:49] [ACh0uqUnAOJQ5rdcjq1a2g6ytmg=] [pirooz] Checking offline messages for client
[2025-07-27 22:03:49] [ACh0uqUnAOJQ5rdcjq1a2g6ytmg=] [pirooz] No offline messages found
[2025-07-27 22:04:25] [ACh0uqUnAOJQ5rdcjq1a2g6ytmg=] [pirooz] Checking offline messages for client
[2025-07-27 22:04:25] [ACh0uqUnAOJQ5rdcjq1a2g6ytmg=] [pirooz] No offline messages found
[2025-07-27 22:04:39] [RN5q34hvf046r4qme1+T2IWlORI=] [maksik] Checking offline messages for client
[2025-07-27 22:04:39] [RN5q34hvf046r4qme1+T2IWlORI=] [maksik] No offline messages found
[2025-07-27 22:04:42] [hUjMcppeZYeQG89H1ehSTqHW6iQ=] [Hydrastarke] Checking offline messages for client
[2025-07-27 22:04:42] [hUjMcppeZYeQG89H1ehSTqHW6iQ=] [Hydrastarke] No offline messages found
[2025-07-27 22:04:42] [hUjMcppeZYeQG89H1ehSTqHW6iQ=] [Hydrastarke] Checking offline messages for client
[2025-07-27 22:04:42] [hUjMcppeZYeQG89H1ehSTqHW6iQ=] [Hydrastarke] No offline messages found
[2025-07-27 22:04:42] [hUjMcppeZYeQG89H1ehSTqHW6iQ=] [Hydrastarke] Checking offline messages for client
[2025-07-27 22:04:42] [hUjMcppeZYeQG89H1ehSTqHW6iQ=] [Hydrastarke] No offline messages found
[2025-07-27 22:09:02] [03xhGMezQVEoqBHfj+CDRua8OOo=] [MmdMrz] Checking offline messages for client
[2025-07-27 22:09:02] [03xhGMezQVEoqBHfj+CDRua8OOo=] [MmdMrz] No offline messages found
[2025-07-27 22:10:12] [+vVe9y7KDRV9mBOqgGxIE3TldlI=] [Fullfunny] Checking offline messages for client
[2025-07-27 22:10:12] [+vVe9y7KDRV9mBOqgGxIE3TldlI=] [Fullfunny] No offline messages found
[2025-07-27 22:12:19] [SWxJDeJ9wQJDp/QPcsWONLakRew=] [1234] Checking offline messages for client
[2025-07-27 22:12:19] [SWxJDeJ9wQJDp/QPcsWONLakRew=] [1234] No offline messages found
[2025-07-27 22:12:55] [Sf5+Phx4Py/NxePyYOrlHzJ0vJw=] [sasha] Checking offline messages for client
[2025-07-27 22:12:55] [Sf5+Phx4Py/NxePyYOrlHzJ0vJw=] [sasha] No offline messages found
[2025-07-27 22:16:32] [qCQuK6Is+deAhN2xl/XspjIz8xY=] [Faith] Checking offline messages for client
[2025-07-27 22:16:32] [qCQuK6Is+deAhN2xl/XspjIz8xY=] [Faith] No offline messages found
[2025-07-27 22:16:40] [X6E5/N6c4x3DmVvfM1A7J4pIjC0=] [Omar] Checking offline messages for client
[2025-07-27 22:16:40] [X6E5/N6c4x3DmVvfM1A7J4pIjC0=] [Omar] No offline messages found
[2025-07-27 22:16:42] [xt74aWAlUb6dT8Kd9CZ2cVIlLfw=] [Sane4ka] Checking offline messages for client
[2025-07-27 22:16:42] [xt74aWAlUb6dT8Kd9CZ2cVIlLfw=] [Sane4ka] No offline messages found
[2025-07-27 22:17:29] [Z3dqFL90itQUOdirlz2x1TyvA1s=] [Victuziin] Checking offline messages for client
[2025-07-27 22:17:29] [Z3dqFL90itQUOdirlz2x1TyvA1s=] [Victuziin] No offline messages found
[2025-07-27 22:21:04] [Di2MaUkDvWG/4yTOmNqIBWAhaIM=] [astraiser] Checking offline messages for client
[2025-07-27 22:21:04] [Di2MaUkDvWG/4yTOmNqIBWAhaIM=] [astraiser] No offline messages found
[2025-07-27 22:21:16] [MCH5CUuHw7qLHVegyroS34EN/pQ=] [PastA1] Checking offline messages for client
[2025-07-27 22:21:16] [MCH5CUuHw7qLHVegyroS34EN/pQ=] [PastA1] No offline messages found
[2025-07-27 22:21:22] [7y+vJxw+zYybSrm2ySH+NEXViiI=] [GhosT] Checking offline messages for client
[2025-07-27 22:21:22] [7y+vJxw+zYybSrm2ySH+NEXViiI=] [GhosT] No offline messages found
[2025-07-27 22:23:50] [37H/lttZ8+4bwWOCES4zZFUkIOg=] [crzfrg77] Checking offline messages for client
[2025-07-27 22:23:50] [37H/lttZ8+4bwWOCES4zZFUkIOg=] [crzfrg77] No offline messages found
[2025-07-27 22:24:08] [8F/wqyUZbzkbJnHcA07nhS4DohU=] [dimafreddyy] Checking offline messages for client
[2025-07-27 22:24:08] [8F/wqyUZbzkbJnHcA07nhS4DohU=] [dimafreddyy] No offline messages found
[2025-07-27 22:25:53] [qnI7tO/BboMdAQFjmSv9/gyQREY=] [batuhnn] Checking offline messages for client
[2025-07-27 22:25:53] [qnI7tO/BboMdAQFjmSv9/gyQREY=] [batuhnn] No offline messages found
[2025-07-27 22:26:23] [AIH+tfVulC8zavzVFibdmhnDrQY=] [kiri] Checking offline messages for client
[2025-07-27 22:26:23] [AIH+tfVulC8zavzVFibdmhnDrQY=] [kiri] No offline messages found
[2025-07-27 22:26:47] [J6bp6st58H7lXUd4tuSsCYJySXk=] [ARTAhier] Checking offline messages for client
[2025-07-27 22:26:47] [J6bp6st58H7lXUd4tuSsCYJySXk=] [ARTAhier] No offline messages found
[2025-07-27 22:30:45] [IKlj6FrfFRRJOE9dvbVcFaO/m3o=] [DanGer] Checking offline messages for client
[2025-07-27 22:30:45] [IKlj6FrfFRRJOE9dvbVcFaO/m3o=] [DanGer] No offline messages found
[2025-07-27 22:33:47] [03xhGMezQVEoqBHfj+CDRua8OOo=] [MmdMrz] Checking offline messages for client
[2025-07-27 22:33:47] [03xhGMezQVEoqBHfj+CDRua8OOo=] [MmdMrz] No offline messages found
[2025-07-27 22:36:56] [IKlj6FrfFRRJOE9dvbVcFaO/m3o=] [DanGer] Checking offline messages for client
[2025-07-27 22:36:56] [IKlj6FrfFRRJOE9dvbVcFaO/m3o=] [DanGer] No offline messages found
[2025-07-27 22:37:30] [IKlj6FrfFRRJOE9dvbVcFaO/m3o=] [DanGer] Checking offline messages for client
[2025-07-27 22:37:30] [IKlj6FrfFRRJOE9dvbVcFaO/m3o=] [DanGer] No offline messages found
[2025-07-27 22:39:11] [wv3aG42v+nSaiCLSy9raMTh3ewY=] [Picija] Checking offline messages for client
[2025-07-27 22:39:11] [wv3aG42v+nSaiCLSy9raMTh3ewY=] [Picija] No offline messages found
[2025-07-27 22:43:39] [Bc1dyWAarkWgMYLq2Tl0E0J1Amg=] [Madity] Checking offline messages for client
[2025-07-27 22:43:39] [Bc1dyWAarkWgMYLq2Tl0E0J1Amg=] [Madity] No offline messages found
[2025-07-27 22:47:10] [MarBbTtCOdPsPCcTGPUko7UH7Sk=] [billy nogami] Checking offline messages for client
[2025-07-27 22:47:10] [MarBbTtCOdPsPCcTGPUko7UH7Sk=] [billy nogami] No offline messages found
[2025-07-27 22:47:11] [U9IMfSvzj5D6AQ6a6xlapRD7cZ0=] [TeamSpeakUser] Checking offline messages for client
[2025-07-27 22:47:11] [U9IMfSvzj5D6AQ6a6xlapRD7cZ0=] [TeamSpeakUser] No offline messages found
[2025-07-27 22:47:12] [U9IMfSvzj5D6AQ6a6xlapRD7cZ0=] [TeamSpeakUser] Checking offline messages for client
[2025-07-27 22:47:12] [U9IMfSvzj5D6AQ6a6xlapRD7cZ0=] [TeamSpeakUser] No offline messages found
[2025-07-27 22:47:12] [U9IMfSvzj5D6AQ6a6xlapRD7cZ0=] [TeamSpeakUser] Checking offline messages for client
[2025-07-27 22:47:12] [U9IMfSvzj5D6AQ6a6xlapRD7cZ0=] [TeamSpeakUser] No offline messages found
[2025-07-27 22:47:21] [2ocYaJGo84ACCkWmpluMvY9TWAQ=] [tiamo9809] Checking offline messages for client
[2025-07-27 22:47:21] [2ocYaJGo84ACCkWmpluMvY9TWAQ=] [tiamo9809] No offline messages found
[2025-07-27 22:47:22] [nIQOawer89tHUDGKaV+eAn1G8N8=] [x7uned 🌊] Checking offline messages for client
[2025-07-27 22:47:22] [nIQOawer89tHUDGKaV+eAn1G8N8=] [x7uned 🌊] No offline messages found
[2025-07-27 22:50:22] [03xhGMezQVEoqBHfj+CDRua8OOo=] [MmdMrz] Checking offline messages for client
[2025-07-27 22:50:22] [03xhGMezQVEoqBHfj+CDRua8OOo=] [MmdMrz] No offline messages found
[2025-07-27 22:50:55] [hGoQYihG/PI5oPn6q6SLEnhZK/w=] [TeamSpeakUser2] Checking offline messages for client
[2025-07-27 22:50:55] [hGoQYihG/PI5oPn6q6SLEnhZK/w=] [TeamSpeakUser2] No offline messages found
[2025-07-27 22:51:04] [2ocYaJGo84ACCkWmpluMvY9TWAQ=] [tiamo9809] Checking offline messages for client
[2025-07-27 22:51:04] [2ocYaJGo84ACCkWmpluMvY9TWAQ=] [tiamo9809] No offline messages found
[2025-07-27 22:58:40] [IvPuoleyuChePKK0GR7sRhVCkJE=] [SYRUSSS] Checking offline messages for client
[2025-07-27 22:58:40] [IvPuoleyuChePKK0GR7sRhVCkJE=] [SYRUSSS] No offline messages found
[2025-07-27 23:00:32] [5VHklsNdcbmfyHtwDayYUZ4P9Jg=] [lord] Checking offline messages for client
[2025-07-27 23:00:32] [5VHklsNdcbmfyHtwDayYUZ4P9Jg=] [lord] No offline messages found
[2025-07-27 23:04:37] [2O1gTu+bHd4HCojvVL69INndp4g=] [MrlagTV] Checking offline messages for client
[2025-07-27 23:04:37] [2O1gTu+bHd4HCojvVL69INndp4g=] [MrlagTV] No offline messages found
[2025-07-27 23:05:36] [a2zatR5pBC21FBqjKghzYWuyV2Q=] [raf] Checking offline messages for client
[2025-07-27 23:05:36] [a2zatR5pBC21FBqjKghzYWuyV2Q=] [raf] No offline messages found
[2025-07-27 23:07:21] [7y+vJxw+zYybSrm2ySH+NEXViiI=] [GhosT] Checking offline messages for client
[2025-07-27 23:07:21] [7y+vJxw+zYybSrm2ySH+NEXViiI=] [GhosT] No offline messages found
[2025-07-27 23:09:55] [BSytf7pZErBOOOb1jFzY3tSjOPQ=] [svega] Checking offline messages for client
[2025-07-27 23:09:55] [BSytf7pZErBOOOb1jFzY3tSjOPQ=] [svega] No offline messages found
[2025-07-27 23:21:38] [vn9pK34k+cof6a4SinSowea3gQw=] [Odak] Checking offline messages for client
[2025-07-27 23:21:38] [vn9pK34k+cof6a4SinSowea3gQw=] [Odak] No offline messages found
[2025-07-27 23:23:47] [gIiFEIVlfd6xCpeH96UhRqBaXQI=] [Globelit] Checking offline messages for client
[2025-07-27 23:23:47] [gIiFEIVlfd6xCpeH96UhRqBaXQI=] [Globelit] No offline messages found
[2025-07-27 23:26:42] [xGIv08F0N6y8i+FYpfsEfbnQkcw=] [JhoNNzTR] Checking offline messages for client
[2025-07-27 23:26:42] [xGIv08F0N6y8i+FYpfsEfbnQkcw=] [JhoNNzTR] No offline messages found
[2025-07-27 23:27:38] [03xhGMezQVEoqBHfj+CDRua8OOo=] [MmdMrz] Checking offline messages for client
[2025-07-27 23:27:38] [03xhGMezQVEoqBHfj+CDRua8OOo=] [MmdMrz] No offline messages found
[2025-07-27 23:30:42] [yczwmwfxQgMWCyptSAX6dPm154w=] [Bordoking] Checking offline messages for client
[2025-07-27 23:30:42] [yczwmwfxQgMWCyptSAX6dPm154w=] [Bordoking] No offline messages found
[2025-07-27 23:32:52] [03xhGMezQVEoqBHfj+CDRua8OOo=] [MmdMrz] Checking offline messages for client
[2025-07-27 23:32:52] [03xhGMezQVEoqBHfj+CDRua8OOo=] [MmdMrz] No offline messages found
[2025-07-27 23:34:50] [UBbb9meRdVBh860sVNM4Fhw6oNA=] [fariko] Checking offline messages for client
[2025-07-27 23:34:50] [UBbb9meRdVBh860sVNM4Fhw6oNA=] [fariko] No offline messages found
[2025-07-27 23:35:35] [P6d7CM+84udfLxCqpAW79AmG3jY=] [kkayzzer] Checking offline messages for client
[2025-07-27 23:35:35] [P6d7CM+84udfLxCqpAW79AmG3jY=] [kkayzzer] No offline messages found
[2025-07-27 23:36:12] [YmT6hT3+/t2dFhgjxD6351JtOt0=] [b1t1x] Checking offline messages for client
[2025-07-27 23:36:12] [YmT6hT3+/t2dFhgjxD6351JtOt0=] [b1t1x] No offline messages found
[2025-07-27 23:39:11] [o+0lFk+AfqhNVdXqfHNBAfL7oiU=] [Sanny] Checking offline messages for client
[2025-07-27 23:39:11] [o+0lFk+AfqhNVdXqfHNBAfL7oiU=] [Sanny] No offline messages found
[2025-07-27 23:40:18] [OJ7ovzzJEZfWOoDTnPWqcRESxgA=] [TEANZUS] Checking offline messages for client
[2025-07-27 23:40:18] [OJ7ovzzJEZfWOoDTnPWqcRESxgA=] [TEANZUS] No offline messages found
[2025-07-27 23:40:19] [BXAgSmPB/AzDyu299KtUPzeloK0=] [TeamSpeakUser] Checking offline messages for client
[2025-07-27 23:40:19] [BXAgSmPB/AzDyu299KtUPzeloK0=] [TeamSpeakUser] No offline messages found
[2025-07-27 23:40:19] [BXAgSmPB/AzDyu299KtUPzeloK0=] [TeamSpeakUser] Checking offline messages for client
[2025-07-27 23:40:19] [BXAgSmPB/AzDyu299KtUPzeloK0=] [TeamSpeakUser] No offline messages found
[2025-07-27 23:41:21] [zCm5oaE55YbLbRBdGoA4vH1gUz0=] [siso] Checking offline messages for client
[2025-07-27 23:41:21] [zCm5oaE55YbLbRBdGoA4vH1gUz0=] [siso] No offline messages found
[2025-07-27 23:43:16] [ViSWZEZytIBFFhA/W78DB8AZqLE=] [AbasML] Checking offline messages for client
[2025-07-27 23:43:16] [ViSWZEZytIBFFhA/W78DB8AZqLE=] [AbasML] No offline messages found
