[2025-07-04 00:01:13] [Cji46tp2K393WPeFVB8+qBNs7Sw=] [TeamSpeakUser2] Checking offline messages for client
[2025-07-04 00:01:13] [Cji46tp2K393WPeFVB8+qBNs7Sw=] [TeamSpeakUser2] No offline messages found
[2025-07-04 00:06:09] [ZVDgXqUtgFWFJvaakew2Dzd5Afo=] [TeamSpeakUser3] Checking offline messages for client
[2025-07-04 00:06:09] [ZVDgXqUtgFWFJvaakew2Dzd5Afo=] [TeamSpeakUser3] No offline messages found
[2025-07-04 00:09:39] [EGB+WVGsn8pfv6n3rdpnkmLpN6w=] [lordilaz] Checking offline messages for client
[2025-07-04 00:09:39] [EGB+WVGsn8pfv6n3rdpnkmLpN6w=] [lordilaz] No offline messages found
[2025-07-04 00:11:06] [tEYmACfaM0U7Gh86aP4cahzQg5Q=] [MEHMET] Checking offline messages for client
[2025-07-04 00:11:06] [tEYmACfaM0U7Gh86aP4cahzQg5Q=] [MEHMET] No offline messages found
[2025-07-04 00:11:58] [S5AZddNl2/mYD8PZC/h3cl5eHCM=] [ZIMBALAZ] Checking offline messages for client
[2025-07-04 00:11:58] [S5AZddNl2/mYD8PZC/h3cl5eHCM=] [ZIMBALAZ] No offline messages found
[2025-07-04 00:12:05] [Mb6dR/g4URSfDnUQLHUZn7ZBzJg=] [TeamSpeakUser4] Checking offline messages for client
[2025-07-04 00:12:05] [Mb6dR/g4URSfDnUQLHUZn7ZBzJg=] [TeamSpeakUser4] No offline messages found
[2025-07-04 00:21:45] [HBY+WV6cf6LeM5lvEFlnwwxDWeY=] [TeamSpeakUser5] Checking offline messages for client
[2025-07-04 00:21:45] [HBY+WV6cf6LeM5lvEFlnwwxDWeY=] [TeamSpeakUser5] No offline messages found
[2025-07-04 00:22:12] [ExH74l67SIz3nWQyLfTxKPvMsco=] [TheWhite1] Checking offline messages for client
[2025-07-04 00:22:12] [ExH74l67SIz3nWQyLfTxKPvMsco=] [TheWhite1] No offline messages found
[2025-07-04 00:22:24] [TduOE1ZX2E3RqrtnRBfKon2MbVI=] [myarz] Checking offline messages for client
[2025-07-04 00:22:24] [TduOE1ZX2E3RqrtnRBfKon2MbVI=] [myarz] No offline messages found
[2025-07-04 00:23:43] [O3jgy+4YcNZxt6Kfdzgsu6OGY/w=] [Elcau_sita18] Checking offline messages for client
[2025-07-04 00:23:43] [O3jgy+4YcNZxt6Kfdzgsu6OGY/w=] [Elcau_sita18] No offline messages found
[2025-07-04 00:26:52] [S5AZddNl2/mYD8PZC/h3cl5eHCM=] [ZIMBALAZ] Checking offline messages for client
[2025-07-04 00:26:52] [S5AZddNl2/mYD8PZC/h3cl5eHCM=] [ZIMBALAZ] No offline messages found
[2025-07-04 00:30:29] [Axb6fvR5IBYoPJOZrPEpChU7Yuc=] [SinbaBaris34] Checking offline messages for client
[2025-07-04 00:30:29] [Axb6fvR5IBYoPJOZrPEpChU7Yuc=] [SinbaBaris34] No offline messages found
[2025-07-04 00:41:04] [q5wdHXdhpr7Oc//EqCvbwn0CVZY=] [Malheiro] Checking offline messages for client
[2025-07-04 00:41:04] [q5wdHXdhpr7Oc//EqCvbwn0CVZY=] [Malheiro] No offline messages found
[2025-07-04 00:43:24] [UINiUnQ/eAgNIPOPr4tSfW+qXvo=] [Потужний Фід] Checking offline messages for client
[2025-07-04 00:43:24] [UINiUnQ/eAgNIPOPr4tSfW+qXvo=] [Потужний Фід] No offline messages found
[2025-07-04 00:45:22] [UINiUnQ/eAgNIPOPr4tSfW+qXvo=] [Потужний Фід] Checking offline messages for client
[2025-07-04 00:45:22] [UINiUnQ/eAgNIPOPr4tSfW+qXvo=] [Потужний Фід] No offline messages found
[2025-07-04 00:45:35] [GvKQC+0wB2vJXrx64sJ8sS41K2w=] [Pol'zovatel'] Checking offline messages for client
[2025-07-04 00:45:35] [GvKQC+0wB2vJXrx64sJ8sS41K2w=] [Pol'zovatel'] No offline messages found
[2025-07-04 00:47:35] [CnsaFLBvFsaEG5TIA7bpH7+nWrU=] [ardoş] Checking offline messages for client
[2025-07-04 00:47:35] [CnsaFLBvFsaEG5TIA7bpH7+nWrU=] [ardoş] No offline messages found
[2025-07-04 00:48:40] [CnsaFLBvFsaEG5TIA7bpH7+nWrU=] [ardoş] Checking offline messages for client
[2025-07-04 00:48:40] [CnsaFLBvFsaEG5TIA7bpH7+nWrU=] [ardoş] No offline messages found
[2025-07-04 00:48:47] [IeMQKd2zwus2m8gb1RhS34iGGpo=] [aggent 00alone] Checking offline messages for client
[2025-07-04 00:48:47] [IeMQKd2zwus2m8gb1RhS34iGGpo=] [aggent 00alone] No offline messages found
[2025-07-04 00:48:53] [IeMQKd2zwus2m8gb1RhS34iGGpo=] [aggent 00alone] Checking offline messages for client
[2025-07-04 00:48:53] [IeMQKd2zwus2m8gb1RhS34iGGpo=] [aggent 00alone] No offline messages found
[2025-07-04 00:49:05] [IeMQKd2zwus2m8gb1RhS34iGGpo=] [aggent 00alone] Checking offline messages for client
[2025-07-04 00:49:05] [IeMQKd2zwus2m8gb1RhS34iGGpo=] [aggent 00alone] No offline messages found
[2025-07-04 00:49:11] [CnsaFLBvFsaEG5TIA7bpH7+nWrU=] [ardoş] Checking offline messages for client
[2025-07-04 00:49:11] [CnsaFLBvFsaEG5TIA7bpH7+nWrU=] [ardoş] No offline messages found
[2025-07-04 00:49:34] [igLR0Qw88l2utvuPuQTy5TXjVdA=] [AlvaRoniX$] Checking offline messages for client
[2025-07-04 00:49:34] [igLR0Qw88l2utvuPuQTy5TXjVdA=] [AlvaRoniX$] No offline messages found
[2025-07-04 00:52:42] [CnsaFLBvFsaEG5TIA7bpH7+nWrU=] [ardoş] Checking offline messages for client
[2025-07-04 00:52:42] [CnsaFLBvFsaEG5TIA7bpH7+nWrU=] [ardoş] No offline messages found
[2025-07-04 00:53:34] [xLqSrCyzGqEzjuKoFBagL6sUuzU=] [Mendoza] Checking offline messages for client
[2025-07-04 00:53:34] [xLqSrCyzGqEzjuKoFBagL6sUuzU=] [Mendoza] No offline messages found
[2025-07-04 00:54:00] [YS8Drbp5ATBjoMDxDDLHYWJTmCM=] [EliteSniper_192] Checking offline messages for client
[2025-07-04 00:54:00] [YS8Drbp5ATBjoMDxDDLHYWJTmCM=] [EliteSniper_192] Found 4 offline messages
[2025-07-04 00:54:02] [YS8Drbp5ATBjoMDxDDLHYWJTmCM=] [EliteSniper_192] Sent poke message: Your private channel has been renumbered from #26 to #25 to maintain sorting order.
[2025-07-04 00:54:02] [YS8Drbp5ATBjoMDxDDLHYWJTmCM=] [EliteSniper_192] Sent poke message: Your private channel has been renumbered from #25 to #24 to maintain sorting order.
[2025-07-04 00:54:02] [YS8Drbp5ATBjoMDxDDLHYWJTmCM=] [EliteSniper_192] Sent poke message: Your private channel has been renumbered from #24 to #23 to maintain sorting order.
[2025-07-04 00:54:02] [YS8Drbp5ATBjoMDxDDLHYWJTmCM=] [EliteSniper_192] Sent poke message: Your private channel has been renumbered from #23 to #22 to maintain sorting order.
[2025-07-04 00:54:02] [YS8Drbp5ATBjoMDxDDLHYWJTmCM=] [EliteSniper_192] Deleted 4 delivered messages from database
[2025-07-04 00:54:30] [CnsaFLBvFsaEG5TIA7bpH7+nWrU=] [ardoş] Checking offline messages for client
[2025-07-04 00:54:30] [CnsaFLBvFsaEG5TIA7bpH7+nWrU=] [ardoş] No offline messages found
[2025-07-04 00:55:53] [TduOE1ZX2E3RqrtnRBfKon2MbVI=] [myarz] Checking offline messages for client
[2025-07-04 00:55:53] [TduOE1ZX2E3RqrtnRBfKon2MbVI=] [myarz] No offline messages found
[2025-07-04 00:56:04] [CnsaFLBvFsaEG5TIA7bpH7+nWrU=] [ardoş] Checking offline messages for client
[2025-07-04 00:56:04] [CnsaFLBvFsaEG5TIA7bpH7+nWrU=] [ardoş] No offline messages found
[2025-07-04 01:00:50] [CnsaFLBvFsaEG5TIA7bpH7+nWrU=] [ardoş] Checking offline messages for client
[2025-07-04 01:00:50] [CnsaFLBvFsaEG5TIA7bpH7+nWrU=] [ardoş] No offline messages found
[2025-07-04 01:07:29] [CnsaFLBvFsaEG5TIA7bpH7+nWrU=] [ardoş] Checking offline messages for client
[2025-07-04 01:07:29] [CnsaFLBvFsaEG5TIA7bpH7+nWrU=] [ardoş] No offline messages found
[2025-07-04 01:11:07] [CnsaFLBvFsaEG5TIA7bpH7+nWrU=] [ardoş] Checking offline messages for client
[2025-07-04 01:11:07] [CnsaFLBvFsaEG5TIA7bpH7+nWrU=] [ardoş] No offline messages found
[2025-07-04 01:12:48] [/9R4rmkHWbhHqpzsUJFkhW8+kag=] [GONZO] Checking offline messages for client
[2025-07-04 01:12:48] [/9R4rmkHWbhHqpzsUJFkhW8+kag=] [GONZO] No offline messages found
[2025-07-04 01:13:34] [CnsaFLBvFsaEG5TIA7bpH7+nWrU=] [ardoş] Checking offline messages for client
[2025-07-04 01:13:34] [CnsaFLBvFsaEG5TIA7bpH7+nWrU=] [ardoş] No offline messages found
[2025-07-04 01:13:40] [UINiUnQ/eAgNIPOPr4tSfW+qXvo=] [Потужний Фід] Checking offline messages for client
[2025-07-04 01:13:40] [UINiUnQ/eAgNIPOPr4tSfW+qXvo=] [Потужний Фід] No offline messages found
[2025-07-04 01:14:53] [CnsaFLBvFsaEG5TIA7bpH7+nWrU=] [ardoş] Checking offline messages for client
[2025-07-04 01:14:53] [CnsaFLBvFsaEG5TIA7bpH7+nWrU=] [ardoş] No offline messages found
[2025-07-04 01:15:52] [CnsaFLBvFsaEG5TIA7bpH7+nWrU=] [ardoş] Checking offline messages for client
[2025-07-04 01:15:52] [CnsaFLBvFsaEG5TIA7bpH7+nWrU=] [ardoş] No offline messages found
[2025-07-04 01:29:23] [UINiUnQ/eAgNIPOPr4tSfW+qXvo=] [Потужний Фід] Checking offline messages for client
[2025-07-04 01:29:23] [UINiUnQ/eAgNIPOPr4tSfW+qXvo=] [Потужний Фід] No offline messages found
[2025-07-04 01:41:37] [3PUL5t5Jz0KW4hyrBCzi+BArN60=] [tenshin_non] Checking offline messages for client
[2025-07-04 01:41:37] [3PUL5t5Jz0KW4hyrBCzi+BArN60=] [tenshin_non] No offline messages found
[2025-07-04 02:12:20] [rTLX4waWG3u3VszoJl+qUEOPyAk=] [rossy] Checking offline messages for client
[2025-07-04 02:12:20] [rTLX4waWG3u3VszoJl+qUEOPyAk=] [rossy] No offline messages found
[2025-07-04 02:13:53] [KjF/bRKbGutsa/4o+lK8XlSOcCc=] [SGT. N. Pierre] Checking offline messages for client
[2025-07-04 02:13:53] [KjF/bRKbGutsa/4o+lK8XlSOcCc=] [SGT. N. Pierre] No offline messages found
[2025-07-04 02:13:55] [VKA6JAP9oGZhwld5GJtU59FL5sY=] [1CL. M. Crox] Checking offline messages for client
[2025-07-04 02:13:55] [VKA6JAP9oGZhwld5GJtU59FL5sY=] [1CL. M. Crox] No offline messages found
[2025-07-04 02:14:13] [zinVnxyHV4Cm5CtkHWuiSEWjuZI=] [RTC.G.  Lalu] Checking offline messages for client
[2025-07-04 02:14:13] [zinVnxyHV4Cm5CtkHWuiSEWjuZI=] [RTC.G.  Lalu] No offline messages found
[2025-07-04 02:14:46] [K6ZcckimK0PyBFqmm0fHjvFkRzY=] [1CL. S. Martinez] Checking offline messages for client
[2025-07-04 02:14:46] [K6ZcckimK0PyBFqmm0fHjvFkRzY=] [1CL. S. Martinez] No offline messages found
[2025-07-04 02:14:53] [F2cklvDcJBerjvhTQdtRgdDFd9w=] [MERIDIO] Checking offline messages for client
[2025-07-04 02:14:53] [F2cklvDcJBerjvhTQdtRgdDFd9w=] [MERIDIO] No offline messages found
[2025-07-04 02:15:04] [ah5kqBvOe3raOqCuZtCfE/8F6u0=] [1CL. E. Lucas | Underdog] Checking offline messages for client
[2025-07-04 02:15:04] [ah5kqBvOe3raOqCuZtCfE/8F6u0=] [1CL. E. Lucas | Underdog] No offline messages found
[2025-07-04 02:15:28] [WEJ5ImpsTJaqAOyFrbYGaOJWGsU=] [2CL.J.PEDREROS] Checking offline messages for client
[2025-07-04 02:15:28] [WEJ5ImpsTJaqAOyFrbYGaOJWGsU=] [2CL.J.PEDREROS] No offline messages found
[2025-07-04 02:15:46] [Lf4vMwnzO4WNItUVhdPYxElERC0=] [2CL. M.Lopez] Checking offline messages for client
[2025-07-04 02:15:46] [Lf4vMwnzO4WNItUVhdPYxElERC0=] [2CL. M.Lopez] No offline messages found
[2025-07-04 02:16:55] [8cyXrMHKr33yv3N56AwtRalECTs=] [1CL. S. Miller] Checking offline messages for client
[2025-07-04 02:16:55] [8cyXrMHKr33yv3N56AwtRalECTs=] [1CL. S. Miller] No offline messages found
[2025-07-04 02:44:30] [rfSlRu7uzjI8pCmk2erQZXW6+7M=] [juju] Checking offline messages for client
[2025-07-04 02:44:30] [rfSlRu7uzjI8pCmk2erQZXW6+7M=] [juju] No offline messages found
[2025-07-04 02:45:10] [B2fRgglzPVX7d5IDrNsAi94lUY0=] [baia] Checking offline messages for client
[2025-07-04 02:45:10] [B2fRgglzPVX7d5IDrNsAi94lUY0=] [baia] No offline messages found
[2025-07-04 02:48:07] [bY73N1BM8QCmyrmXL2ppUBMWPMc=] [KRGZL] Checking offline messages for client
[2025-07-04 02:48:07] [bY73N1BM8QCmyrmXL2ppUBMWPMc=] [KRGZL] No offline messages found
[2025-07-04 03:09:03] [E9RQB2AXbU1DcgVkZnzzR3adwLM=] [Niomo] Checking offline messages for client
[2025-07-04 03:09:03] [E9RQB2AXbU1DcgVkZnzzR3adwLM=] [Niomo] No offline messages found
[2025-07-04 03:35:37] [JmLNR2WnH8JDx6jgyc17JR20UxM=] [1CL. W. Shepar l Myke] Checking offline messages for client
[2025-07-04 03:35:37] [JmLNR2WnH8JDx6jgyc17JR20UxM=] [1CL. W. Shepar l Myke] No offline messages found
[2025-07-04 03:39:48] [rfSlRu7uzjI8pCmk2erQZXW6+7M=] [2212312] Checking offline messages for client
[2025-07-04 03:39:48] [rfSlRu7uzjI8pCmk2erQZXW6+7M=] [2212312] No offline messages found
[2025-07-04 03:46:03] [iS1CONTSmVt1A1ENjbIzpOqZiew=] [Medina] Checking offline messages for client
[2025-07-04 03:46:03] [iS1CONTSmVt1A1ENjbIzpOqZiew=] [Medina] No offline messages found
[2025-07-04 03:48:25] [avYI7vL0XXD3nIsf8cMXtgdn+/s=] [NowY] Checking offline messages for client
[2025-07-04 03:48:25] [avYI7vL0XXD3nIsf8cMXtgdn+/s=] [NowY] No offline messages found
[2025-07-04 03:49:22] [f12EdjHswKyOEFDyewEipDgzQi0=] [BIG FIUT] Checking offline messages for client
[2025-07-04 03:49:22] [f12EdjHswKyOEFDyewEipDgzQi0=] [BIG FIUT] No offline messages found
[2025-07-04 04:26:29] [B2fRgglzPVX7d5IDrNsAi94lUY0=] [baia] Checking offline messages for client
[2025-07-04 04:26:29] [B2fRgglzPVX7d5IDrNsAi94lUY0=] [baia] No offline messages found
[2025-07-04 05:02:30] [VKA6JAP9oGZhwld5GJtU59FL5sY=] [1CL. M. Crox] Checking offline messages for client
[2025-07-04 05:02:30] [VKA6JAP9oGZhwld5GJtU59FL5sY=] [1CL. M. Crox] No offline messages found
[2025-07-04 05:10:32] [E9RQB2AXbU1DcgVkZnzzR3adwLM=] [Niomo] Checking offline messages for client
[2025-07-04 05:10:32] [E9RQB2AXbU1DcgVkZnzzR3adwLM=] [Niomo] No offline messages found
[2025-07-04 05:16:48] [VBYTUl/QkBND4TerU5HurbaY988=] [Moises] Checking offline messages for client
[2025-07-04 05:16:48] [VBYTUl/QkBND4TerU5HurbaY988=] [Moises] No offline messages found
[2025-07-04 05:35:09] [ZhvWkHfrWLVjrK3fFImU+a6eDAM=] [ratera] Checking offline messages for client
[2025-07-04 05:35:09] [ZhvWkHfrWLVjrK3fFImU+a6eDAM=] [ratera] No offline messages found
[2025-07-04 06:15:45] [Cju4m/uTGyCNqS7/SIG2IP8ngvw=] [Hokage] Checking offline messages for client
[2025-07-04 06:15:45] [Cju4m/uTGyCNqS7/SIG2IP8ngvw=] [Hokage] No offline messages found
[2025-07-04 06:16:44] [wb6hjyPFES1y2OQVEICWPB5jO8g=] [Safarijoe] Checking offline messages for client
[2025-07-04 06:16:44] [wb6hjyPFES1y2OQVEICWPB5jO8g=] [Safarijoe] No offline messages found
[2025-07-04 06:16:45] [9ZMDVP5+ZKN+BZGelrrAqyvWFes=] [Juni] Checking offline messages for client
[2025-07-04 06:16:45] [9ZMDVP5+ZKN+BZGelrrAqyvWFes=] [Juni] No offline messages found
[2025-07-04 06:18:33] [MxNVaOHwPkvp7uK2EpvALsAYX0M=] [Blood] Checking offline messages for client
[2025-07-04 06:18:33] [MxNVaOHwPkvp7uK2EpvALsAYX0M=] [Blood] No offline messages found
[2025-07-04 07:50:31] [0TS7jt0APSegEgA9K9hIWfin7m0=] [dadaok] Checking offline messages for client
[2025-07-04 07:50:31] [0TS7jt0APSegEgA9K9hIWfin7m0=] [dadaok] No offline messages found
[2025-07-04 07:53:02] [0TS7jt0APSegEgA9K9hIWfin7m0=] [dadaok] Checking offline messages for client
[2025-07-04 07:53:02] [0TS7jt0APSegEgA9K9hIWfin7m0=] [dadaok] No offline messages found
[2025-07-04 07:54:26] [0TS7jt0APSegEgA9K9hIWfin7m0=] [dadaok] Checking offline messages for client
[2025-07-04 07:54:26] [0TS7jt0APSegEgA9K9hIWfin7m0=] [dadaok] No offline messages found
[2025-07-04 08:14:20] [WtWgpfS8UE18SW7yGXm3r1yoO/c=] [Kowismo] Checking offline messages for client
[2025-07-04 08:14:20] [WtWgpfS8UE18SW7yGXm3r1yoO/c=] [Kowismo] No offline messages found
[2025-07-04 08:18:57] [sC96QZMY/yY8Fc9QjquVCkLiW2c=] [Amirali] Checking offline messages for client
[2025-07-04 08:18:57] [sC96QZMY/yY8Fc9QjquVCkLiW2c=] [Amirali] No offline messages found
[2025-07-04 08:21:14] [sC96QZMY/yY8Fc9QjquVCkLiW2c=] [Amirali] Checking offline messages for client
[2025-07-04 08:21:14] [sC96QZMY/yY8Fc9QjquVCkLiW2c=] [Amirali] No offline messages found
[2025-07-04 08:28:10] [vs+7gbTKwu+h+XgDI2qVApOBkfk=] [Viko(ع)] Checking offline messages for client
[2025-07-04 08:28:10] [vs+7gbTKwu+h+XgDI2qVApOBkfk=] [Viko(ع)] No offline messages found
[2025-07-04 08:41:08] [SJWLa9LelIOTwfc/cNyEIpMstZk=] [makpyn] Checking offline messages for client
[2025-07-04 08:41:08] [SJWLa9LelIOTwfc/cNyEIpMstZk=] [makpyn] No offline messages found
[2025-07-04 08:59:09] [RBwh+hLI7qM/5sBbq4UPaExpE30=] [Druid Сrow 🦅] Checking offline messages for client
[2025-07-04 08:59:09] [RBwh+hLI7qM/5sBbq4UPaExpE30=] [Druid Сrow 🦅] No offline messages found
[2025-07-04 09:08:39] [vs+7gbTKwu+h+XgDI2qVApOBkfk=] [Viko(ع)] Checking offline messages for client
[2025-07-04 09:08:39] [vs+7gbTKwu+h+XgDI2qVApOBkfk=] [Viko(ع)] No offline messages found
[2025-07-04 09:13:27] [igLR0Qw88l2utvuPuQTy5TXjVdA=] [AlvaRoniX$] Checking offline messages for client
[2025-07-04 09:13:27] [igLR0Qw88l2utvuPuQTy5TXjVdA=] [AlvaRoniX$] No offline messages found
[2025-07-04 09:30:14] [5lVyVx5BSqJWrEcKd5UNmlKvluE=] [Neil0001k] Checking offline messages for client
[2025-07-04 09:30:14] [5lVyVx5BSqJWrEcKd5UNmlKvluE=] [Neil0001k] No offline messages found
[2025-07-04 09:42:10] [sC96QZMY/yY8Fc9QjquVCkLiW2c=] [Amirali] Checking offline messages for client
[2025-07-04 09:42:10] [sC96QZMY/yY8Fc9QjquVCkLiW2c=] [Amirali] No offline messages found
[2025-07-04 09:46:52] [+8M3Y1oXtlXP7XGYSLyz+4BCQuk=] [Darkmghost] Checking offline messages for client
[2025-07-04 09:46:52] [+8M3Y1oXtlXP7XGYSLyz+4BCQuk=] [Darkmghost] No offline messages found
[2025-07-04 09:48:43] [sC96QZMY/yY8Fc9QjquVCkLiW2c=] [Amirali] Checking offline messages for client
[2025-07-04 09:48:43] [sC96QZMY/yY8Fc9QjquVCkLiW2c=] [Amirali] No offline messages found
[2025-07-04 09:49:14] [sC96QZMY/yY8Fc9QjquVCkLiW2c=] [Amirali] Checking offline messages for client
[2025-07-04 09:49:14] [sC96QZMY/yY8Fc9QjquVCkLiW2c=] [Amirali] No offline messages found
[2025-07-04 09:49:47] [sC96QZMY/yY8Fc9QjquVCkLiW2c=] [Amirali] Checking offline messages for client
[2025-07-04 09:49:47] [sC96QZMY/yY8Fc9QjquVCkLiW2c=] [Amirali] No offline messages found
[2025-07-04 09:50:45] [vs+7gbTKwu+h+XgDI2qVApOBkfk=] [Viko(ع)] Checking offline messages for client
[2025-07-04 09:50:45] [vs+7gbTKwu+h+XgDI2qVApOBkfk=] [Viko(ع)] No offline messages found
[2025-07-04 09:51:08] [+8M3Y1oXtlXP7XGYSLyz+4BCQuk=] [Darkmghost] Checking offline messages for client
[2025-07-04 09:51:08] [+8M3Y1oXtlXP7XGYSLyz+4BCQuk=] [Darkmghost] No offline messages found
[2025-07-04 09:51:33] [bQ0ddiXfpRmxqk1EglP8K8A9YXw=] [silencer] Checking offline messages for client
[2025-07-04 09:51:33] [bQ0ddiXfpRmxqk1EglP8K8A9YXw=] [silencer] No offline messages found
[2025-07-04 09:53:06] [vs+7gbTKwu+h+XgDI2qVApOBkfk=] [Viko(ع)] Checking offline messages for client
[2025-07-04 09:53:06] [vs+7gbTKwu+h+XgDI2qVApOBkfk=] [Viko(ع)] No offline messages found
[2025-07-04 09:55:53] [sC96QZMY/yY8Fc9QjquVCkLiW2c=] [Amirali] Checking offline messages for client
[2025-07-04 09:55:53] [sC96QZMY/yY8Fc9QjquVCkLiW2c=] [Amirali] No offline messages found
[2025-07-04 09:56:30] [BwlvWTk4X2R/AjiK56jphGEzeDU=] [TeamSpeakUser] Checking offline messages for client
[2025-07-04 09:56:30] [BwlvWTk4X2R/AjiK56jphGEzeDU=] [TeamSpeakUser] No offline messages found
[2025-07-04 09:57:50] [fUtdW4cvMt1VP4Z2TerxkEg2H6g=] [dadShelby - Hakan] Checking offline messages for client
[2025-07-04 09:57:50] [fUtdW4cvMt1VP4Z2TerxkEg2H6g=] [dadShelby - Hakan] No offline messages found
[2025-07-04 09:57:52] [sC96QZMY/yY8Fc9QjquVCkLiW2c=] [Amirali] Checking offline messages for client
[2025-07-04 09:57:52] [sC96QZMY/yY8Fc9QjquVCkLiW2c=] [Amirali] No offline messages found
[2025-07-04 09:58:18] [N5+cWKQ+uaz7/9KokqUYAT86Nqo=] [TeamSpeakUser1] Checking offline messages for client
[2025-07-04 09:58:18] [N5+cWKQ+uaz7/9KokqUYAT86Nqo=] [TeamSpeakUser1] No offline messages found
[2025-07-04 10:14:35] [+8M3Y1oXtlXP7XGYSLyz+4BCQuk=] [Darkmghost] Checking offline messages for client
[2025-07-04 10:14:35] [+8M3Y1oXtlXP7XGYSLyz+4BCQuk=] [Darkmghost] No offline messages found
[2025-07-04 10:38:28] [gQ5C6+V5CuxoWVdapQ4LurehHGY=] [ph0x] Checking offline messages for client
[2025-07-04 10:38:28] [gQ5C6+V5CuxoWVdapQ4LurehHGY=] [ph0x] No offline messages found
[2025-07-04 10:43:30] [sC96QZMY/yY8Fc9QjquVCkLiW2c=] [Amirali] Checking offline messages for client
[2025-07-04 10:43:30] [sC96QZMY/yY8Fc9QjquVCkLiW2c=] [Amirali] No offline messages found
[2025-07-04 10:43:46] [R+KW1QSqbZRuZk4pN2SGLrk8szQ=] [namja] Checking offline messages for client
[2025-07-04 10:43:46] [R+KW1QSqbZRuZk4pN2SGLrk8szQ=] [namja] No offline messages found
[2025-07-04 10:46:19] [3Mq3EB+EEk14kwWNxOyGIgo45U8=] [MATAN] Checking offline messages for client
[2025-07-04 10:46:19] [3Mq3EB+EEk14kwWNxOyGIgo45U8=] [MATAN] No offline messages found
[2025-07-04 10:46:47] [gITtVlfHYxsd3mvOfTblKNtJBDU=] [4iff] Checking offline messages for client
[2025-07-04 10:46:47] [gITtVlfHYxsd3mvOfTblKNtJBDU=] [4iff] No offline messages found
[2025-07-04 10:56:50] [sC96QZMY/yY8Fc9QjquVCkLiW2c=] [Amirali] Checking offline messages for client
[2025-07-04 10:56:50] [sC96QZMY/yY8Fc9QjquVCkLiW2c=] [Amirali] No offline messages found
[2025-07-04 11:05:19] [vs+7gbTKwu+h+XgDI2qVApOBkfk=] [Viko(ع)] Checking offline messages for client
[2025-07-04 11:05:19] [vs+7gbTKwu+h+XgDI2qVApOBkfk=] [Viko(ع)] No offline messages found
[2025-07-04 11:26:56] [rc6PTp7wE3xERTiJhvZj3aYUd/Y=] [kushi] Checking offline messages for client
[2025-07-04 11:26:56] [rc6PTp7wE3xERTiJhvZj3aYUd/Y=] [kushi] No offline messages found
[2025-07-04 11:26:56] [rc6PTp7wE3xERTiJhvZj3aYUd/Y=] [kushi] Checking offline messages for client
[2025-07-04 11:26:56] [rc6PTp7wE3xERTiJhvZj3aYUd/Y=] [kushi] No offline messages found
[2025-07-04 11:26:56] [rc6PTp7wE3xERTiJhvZj3aYUd/Y=] [kushi] Checking offline messages for client
[2025-07-04 11:26:56] [rc6PTp7wE3xERTiJhvZj3aYUd/Y=] [kushi] No offline messages found
[2025-07-04 11:26:58] [YR3cXVTWKY93ABDt22uT4r0tmsY=] [BleXra] Checking offline messages for client
[2025-07-04 11:26:58] [YR3cXVTWKY93ABDt22uT4r0tmsY=] [BleXra] No offline messages found
[2025-07-04 11:27:30] [YR3cXVTWKY93ABDt22uT4r0tmsY=] [BleXra] Checking offline messages for client
[2025-07-04 11:27:30] [YR3cXVTWKY93ABDt22uT4r0tmsY=] [BleXra] No offline messages found
[2025-07-04 11:30:00] [Sb7XttCQzObirANnzUHDNu1AFEc=] [Claymore98] Checking offline messages for client
[2025-07-04 11:30:00] [Sb7XttCQzObirANnzUHDNu1AFEc=] [Claymore98] No offline messages found
[2025-07-04 11:32:05] [Nn8rGrwsE+C9ibHWu3JCoCbmq3A=] [SysmoUsercid=140] Checking offline messages for client
[2025-07-04 11:32:05] [Nn8rGrwsE+C9ibHWu3JCoCbmq3A=] [SysmoUsercid=140] No offline messages found
[2025-07-04 11:39:45] [WuvVNlIvRA3z/ZKCSZY8/+NicOs=] [Subutay NOYAN] Checking offline messages for client
[2025-07-04 11:39:45] [WuvVNlIvRA3z/ZKCSZY8/+NicOs=] [Subutay NOYAN] No offline messages found
[2025-07-04 11:43:58] [g95LkcovmlDSBBJIdmdv0zN6QBs=] [baysikimdeğil] Checking offline messages for client
[2025-07-04 11:43:58] [g95LkcovmlDSBBJIdmdv0zN6QBs=] [baysikimdeğil] No offline messages found
[2025-07-04 11:59:44] [QFOoQ6Mg2dbrrKfVQEqUbdv5Eqg=] [dosma666] Checking offline messages for client
[2025-07-04 11:59:44] [QFOoQ6Mg2dbrrKfVQEqUbdv5Eqg=] [dosma666] No offline messages found
[2025-07-04 12:00:49] [mLx0Hk4TMipqUwGhs4qaQnVuCRc=] [ywyw] Checking offline messages for client
[2025-07-04 12:00:49] [mLx0Hk4TMipqUwGhs4qaQnVuCRc=] [ywyw] No offline messages found
[2025-07-04 12:03:18] [ilO9JAl5glx+WikZA6SZqmic0Iw=] [kaiizenn] Checking offline messages for client
[2025-07-04 12:03:18] [ilO9JAl5glx+WikZA6SZqmic0Iw=] [kaiizenn] No offline messages found
[2025-07-04 12:03:26] [ow+Zi/O4SnJIvwHosoZ7zIvOOK8=] [shinigami] Checking offline messages for client
[2025-07-04 12:03:26] [ow+Zi/O4SnJIvwHosoZ7zIvOOK8=] [shinigami] No offline messages found
[2025-07-04 12:18:02] [sC96QZMY/yY8Fc9QjquVCkLiW2c=] [Amirali] Checking offline messages for client
[2025-07-04 12:18:02] [sC96QZMY/yY8Fc9QjquVCkLiW2c=] [Amirali] No offline messages found
[2025-07-04 12:20:30] [sC96QZMY/yY8Fc9QjquVCkLiW2c=] [Amirali] Checking offline messages for client
[2025-07-04 12:20:30] [sC96QZMY/yY8Fc9QjquVCkLiW2c=] [Amirali] No offline messages found
[2025-07-04 12:21:10] [sC96QZMY/yY8Fc9QjquVCkLiW2c=] [Amirali] Checking offline messages for client
[2025-07-04 12:21:10] [sC96QZMY/yY8Fc9QjquVCkLiW2c=] [Amirali] No offline messages found
[2025-07-04 12:22:10] [R+KW1QSqbZRuZk4pN2SGLrk8szQ=] [namja] Checking offline messages for client
[2025-07-04 12:22:10] [R+KW1QSqbZRuZk4pN2SGLrk8szQ=] [namja] No offline messages found
[2025-07-04 12:22:51] [NpEx4r6k1XWkqklOHE8t0AQ2sNo=] [21Rangers] Checking offline messages for client
[2025-07-04 12:22:51] [NpEx4r6k1XWkqklOHE8t0AQ2sNo=] [21Rangers] No offline messages found
[2025-07-04 12:24:03] [KKakWCNNDyxUyhC4KpkSU2PHuVM=] [yusufppks] Checking offline messages for client
[2025-07-04 12:24:03] [KKakWCNNDyxUyhC4KpkSU2PHuVM=] [yusufppks] No offline messages found
[2025-07-04 12:30:54] [kfn1jFosIGdE1yOz/lIfEBXQj4A=] [Rix] Checking offline messages for client
[2025-07-04 12:30:54] [kfn1jFosIGdE1yOz/lIfEBXQj4A=] [Rix] No offline messages found
[2025-07-04 12:31:00] [sC96QZMY/yY8Fc9QjquVCkLiW2c=] [Amirali] Checking offline messages for client
[2025-07-04 12:31:00] [sC96QZMY/yY8Fc9QjquVCkLiW2c=] [Amirali] No offline messages found
[2025-07-04 12:33:24] [sC96QZMY/yY8Fc9QjquVCkLiW2c=] [Amirali] Checking offline messages for client
[2025-07-04 12:33:24] [sC96QZMY/yY8Fc9QjquVCkLiW2c=] [Amirali] No offline messages found
[2025-07-04 12:36:22] [sC96QZMY/yY8Fc9QjquVCkLiW2c=] [Amirali] Checking offline messages for client
[2025-07-04 12:36:22] [sC96QZMY/yY8Fc9QjquVCkLiW2c=] [Amirali] No offline messages found
[2025-07-04 12:44:05] [yNFUjD+LJEqojKPPlPGtCAVEYRU=] [Боцман777] Checking offline messages for client
[2025-07-04 12:44:05] [yNFUjD+LJEqojKPPlPGtCAVEYRU=] [Боцман777] No offline messages found
[2025-07-04 12:56:09] [ZRJE0ISA13RmnFcasOlw68BVsNY=] [F4funder] Checking offline messages for client
[2025-07-04 12:56:09] [ZRJE0ISA13RmnFcasOlw68BVsNY=] [F4funder] No offline messages found
[2025-07-04 12:59:13] [ZRJE0ISA13RmnFcasOlw68BVsNY=] [F4funder] Checking offline messages for client
[2025-07-04 12:59:13] [ZRJE0ISA13RmnFcasOlw68BVsNY=] [F4funder] No offline messages found
[2025-07-04 13:00:01] [vs+7gbTKwu+h+XgDI2qVApOBkfk=] [Viko(ع)] Checking offline messages for client
[2025-07-04 13:00:01] [vs+7gbTKwu+h+XgDI2qVApOBkfk=] [Viko(ع)] No offline messages found
[2025-07-04 13:00:08] [qnI7tO/BboMdAQFjmSv9/gyQREY=] [batuhnn] Checking offline messages for client
[2025-07-04 13:00:08] [qnI7tO/BboMdAQFjmSv9/gyQREY=] [batuhnn] No offline messages found
[2025-07-04 13:00:57] [IvPuoleyuChePKK0GR7sRhVCkJE=] [SYRUSSS] Checking offline messages for client
[2025-07-04 13:00:57] [IvPuoleyuChePKK0GR7sRhVCkJE=] [SYRUSSS] No offline messages found
[2025-07-04 13:01:42] [UJQSMUnQbDqCQA/Ap94PriCZpmM=] [1.6fsidertpaket] Checking offline messages for client
[2025-07-04 13:01:42] [UJQSMUnQbDqCQA/Ap94PriCZpmM=] [1.6fsidertpaket] No offline messages found
[2025-07-04 13:02:31] [0R9R6bLpeZTZ9euPGsPsIeMUWsc=] [apikun] Checking offline messages for client
[2025-07-04 13:02:31] [0R9R6bLpeZTZ9euPGsPsIeMUWsc=] [apikun] No offline messages found
[2025-07-04 13:04:08] [sC96QZMY/yY8Fc9QjquVCkLiW2c=] [Amirali] Checking offline messages for client
[2025-07-04 13:04:08] [sC96QZMY/yY8Fc9QjquVCkLiW2c=] [Amirali] No offline messages found
[2025-07-04 13:09:29] [qQE/h4Dj4T5WaAMgAFtXauAusk8=] [fam0us] Checking offline messages for client
[2025-07-04 13:09:29] [qQE/h4Dj4T5WaAMgAFtXauAusk8=] [fam0us] No offline messages found
[2025-07-04 13:10:21] [sC96QZMY/yY8Fc9QjquVCkLiW2c=] [Amirali] Checking offline messages for client
[2025-07-04 13:10:21] [sC96QZMY/yY8Fc9QjquVCkLiW2c=] [Amirali] No offline messages found
[2025-07-04 13:11:22] [vAoVADXVgpjfEfuPw77F4fgEIl8=] [Nostalgia 2] Checking offline messages for client
[2025-07-04 13:11:22] [vAoVADXVgpjfEfuPw77F4fgEIl8=] [Nostalgia 2] No offline messages found
[2025-07-04 13:11:48] [COHZTrTPYM649RZPUJUU+tpRZnE=] [pakfel] Checking offline messages for client
[2025-07-04 13:11:48] [COHZTrTPYM649RZPUJUU+tpRZnE=] [pakfel] No offline messages found
[2025-07-04 13:11:57] [sC96QZMY/yY8Fc9QjquVCkLiW2c=] [Amirali] Checking offline messages for client
[2025-07-04 13:11:57] [sC96QZMY/yY8Fc9QjquVCkLiW2c=] [Amirali] No offline messages found
[2025-07-04 13:13:51] [B4Y+ZSqlbjaM+nBDVI2euJqs3XQ=] [r1mmi] Checking offline messages for client
[2025-07-04 13:13:51] [B4Y+ZSqlbjaM+nBDVI2euJqs3XQ=] [r1mmi] No offline messages found
[2025-07-04 13:16:40] [o3G9rA/YjPOMWxOUehTn8HZBzto=] [Darkhains] Checking offline messages for client
[2025-07-04 13:16:40] [o3G9rA/YjPOMWxOUehTn8HZBzto=] [Darkhains] No offline messages found
[2025-07-04 13:18:51] [eScCpd5W2pL/jK3JfnxDzKsJdg4=] [morty] Checking offline messages for client
[2025-07-04 13:18:51] [eScCpd5W2pL/jK3JfnxDzKsJdg4=] [morty] No offline messages found
[2025-07-04 13:25:55] [PAPjw5ou1pxtJ/LMEXPWWL4eKGI=] [aeRR] Checking offline messages for client
[2025-07-04 13:25:55] [PAPjw5ou1pxtJ/LMEXPWWL4eKGI=] [aeRR] No offline messages found
[2025-07-04 13:29:52] [Chs2gds0q5c5sHk5GQqGy9JmwQg=] [teaman11] Checking offline messages for client
[2025-07-04 13:29:52] [Chs2gds0q5c5sHk5GQqGy9JmwQg=] [teaman11] No offline messages found
[2025-07-04 13:30:02] [+8M3Y1oXtlXP7XGYSLyz+4BCQuk=] [Darkmghost] Checking offline messages for client
[2025-07-04 13:30:02] [+8M3Y1oXtlXP7XGYSLyz+4BCQuk=] [Darkmghost] No offline messages found
[2025-07-04 13:32:05] [ayHUOzBuuInw8J/HHBAIDIq0cYY=] [bohun ivan] Checking offline messages for client
[2025-07-04 13:32:05] [ayHUOzBuuInw8J/HHBAIDIq0cYY=] [bohun ivan] No offline messages found
[2025-07-04 13:33:54] [0XIPokUUTEkn00muYiwnSCQJ4wM=] [credolls] Checking offline messages for client
[2025-07-04 13:33:54] [0XIPokUUTEkn00muYiwnSCQJ4wM=] [credolls] No offline messages found
[2025-07-04 13:39:23] [UnR1QFMMqCYW7eyxyrGF93hSTxM=] [parzi] Checking offline messages for client
[2025-07-04 13:39:23] [UnR1QFMMqCYW7eyxyrGF93hSTxM=] [parzi] No offline messages found
[2025-07-04 13:42:45] [s5SoU0O6Mp2lEkoeWlMc2247gBk=] [don] Checking offline messages for client
[2025-07-04 13:42:45] [s5SoU0O6Mp2lEkoeWlMc2247gBk=] [don] No offline messages found
[2025-07-04 13:47:50] [wBtCYPJphOWdVqCVMzLPotGSjGA=] [tlishev] Checking offline messages for client
[2025-07-04 13:47:50] [wBtCYPJphOWdVqCVMzLPotGSjGA=] [tlishev] No offline messages found
[2025-07-04 13:50:00] [m3jwrJafD7Z1HcDm7lAZbGqtROY=] [zui] Checking offline messages for client
[2025-07-04 13:50:00] [m3jwrJafD7Z1HcDm7lAZbGqtROY=] [zui] No offline messages found
[2025-07-04 13:52:30] [NpEx4r6k1XWkqklOHE8t0AQ2sNo=] [21Rangers] Checking offline messages for client
[2025-07-04 13:52:30] [NpEx4r6k1XWkqklOHE8t0AQ2sNo=] [21Rangers] No offline messages found
[2025-07-04 13:57:36] [hUjMcppeZYeQG89H1ehSTqHW6iQ=] [Hydrastarke] Checking offline messages for client
[2025-07-04 13:57:36] [hUjMcppeZYeQG89H1ehSTqHW6iQ=] [Hydrastarke] No offline messages found
[2025-07-04 14:05:46] [F4Rot6aSlWU5OFZBOarP2RTzrYY=] [INSANE] Checking offline messages for client
[2025-07-04 14:05:46] [F4Rot6aSlWU5OFZBOarP2RTzrYY=] [INSANE] No offline messages found
[2025-07-04 14:06:24] [WKaM3ZipVE38N1i3NuepKTRPDX4=] [éclatax] Checking offline messages for client
[2025-07-04 14:06:24] [WKaM3ZipVE38N1i3NuepKTRPDX4=] [éclatax] No offline messages found
[2025-07-04 14:12:59] [m3jwrJafD7Z1HcDm7lAZbGqtROY=] [zui] Checking offline messages for client
[2025-07-04 14:12:59] [m3jwrJafD7Z1HcDm7lAZbGqtROY=] [zui] No offline messages found
[2025-07-04 14:16:03] [IvPuoleyuChePKK0GR7sRhVCkJE=] [SYRUSSS] Checking offline messages for client
[2025-07-04 14:16:03] [IvPuoleyuChePKK0GR7sRhVCkJE=] [SYRUSSS] No offline messages found
[2025-07-04 14:18:11] [G88zjUkHJLCbZF/QycvkVmMnPJA=] [ZeyphiZ] Checking offline messages for client
[2025-07-04 14:18:11] [G88zjUkHJLCbZF/QycvkVmMnPJA=] [ZeyphiZ] No offline messages found
[2025-07-04 14:18:31] [G88zjUkHJLCbZF/QycvkVmMnPJA=] [ZeyphiZ] Checking offline messages for client
[2025-07-04 14:18:31] [G88zjUkHJLCbZF/QycvkVmMnPJA=] [ZeyphiZ] No offline messages found
[2025-07-04 14:21:15] [/ncNPlReVFMcogQXANbFudn+xRk=] [KC_Agee] Checking offline messages for client
[2025-07-04 14:21:15] [/ncNPlReVFMcogQXANbFudn+xRk=] [KC_Agee] No offline messages found
[2025-07-04 14:23:23] [1bxlkLWE1YEds4euACE9lSAD0Jg=] [Mr..Fury] Checking offline messages for client
[2025-07-04 14:23:23] [1bxlkLWE1YEds4euACE9lSAD0Jg=] [Mr..Fury] No offline messages found
[2025-07-04 14:28:58] [G88zjUkHJLCbZF/QycvkVmMnPJA=] [ZeyphiZ] Checking offline messages for client
[2025-07-04 14:28:58] [G88zjUkHJLCbZF/QycvkVmMnPJA=] [ZeyphiZ] No offline messages found
[2025-07-04 14:31:57] [R+KW1QSqbZRuZk4pN2SGLrk8szQ=] [namja] Checking offline messages for client
[2025-07-04 14:31:57] [R+KW1QSqbZRuZk4pN2SGLrk8szQ=] [namja] No offline messages found
[2025-07-04 14:35:04] [u37UZKIsHRy8fpvH8qv7OuhDpEw=] [AMINOV] Checking offline messages for client
[2025-07-04 14:35:04] [u37UZKIsHRy8fpvH8qv7OuhDpEw=] [AMINOV] No offline messages found
[2025-07-04 14:43:00] [WtWgpfS8UE18SW7yGXm3r1yoO/c=] [Kowismo] Checking offline messages for client
[2025-07-04 14:43:00] [WtWgpfS8UE18SW7yGXm3r1yoO/c=] [Kowismo] No offline messages found
[2025-07-04 14:44:04] [U7n5f9f5UuEO8R3R6uqCVlhuqkM=] [Hisoka] Checking offline messages for client
[2025-07-04 14:44:04] [U7n5f9f5UuEO8R3R6uqCVlhuqkM=] [Hisoka] No offline messages found
[2025-07-04 14:45:20] [qQE/h4Dj4T5WaAMgAFtXauAusk8=] [fam0us] Checking offline messages for client
[2025-07-04 14:45:20] [qQE/h4Dj4T5WaAMgAFtXauAusk8=] [fam0us] No offline messages found
[2025-07-04 14:48:51] [/M9jA6DuSOuLI9SwCloUKBqEyx8=] [TeamSpeakUser] Checking offline messages for client
[2025-07-04 14:48:51] [/M9jA6DuSOuLI9SwCloUKBqEyx8=] [TeamSpeakUser] No offline messages found
[2025-07-04 14:54:28] [RiCWeDQFOftnEgN1BBHprH1WWy0=] [kaito] Checking offline messages for client
[2025-07-04 14:54:28] [RiCWeDQFOftnEgN1BBHprH1WWy0=] [kaito] No offline messages found
[2025-07-04 14:56:33] [mbP4nghKzvRW54vnBJ4hB+FVGdw=] [Andy] Checking offline messages for client
[2025-07-04 14:56:33] [mbP4nghKzvRW54vnBJ4hB+FVGdw=] [Andy] No offline messages found
[2025-07-04 15:00:58] [rJktjMb/Ocsy1SH9iGlPM2seUxk=] [1ongxu] Checking offline messages for client
[2025-07-04 15:00:58] [rJktjMb/Ocsy1SH9iGlPM2seUxk=] [1ongxu] Found 1 offline messages
[2025-07-04 15:01:00] [rJktjMb/Ocsy1SH9iGlPM2seUxk=] [1ongxu] Sent poke message: Your private channel has been renumbered from #28 to #27 to maintain sorting order.
[2025-07-04 15:01:00] [rJktjMb/Ocsy1SH9iGlPM2seUxk=] [1ongxu] Deleted 1 delivered messages from database
[2025-07-04 15:03:27] [wDjYvnAEDV8Ca22jvXeJSwKiCC0=] [Chris] Checking offline messages for client
[2025-07-04 15:03:27] [wDjYvnAEDV8Ca22jvXeJSwKiCC0=] [Chris] No offline messages found
[2025-07-04 15:03:30] [wBtCYPJphOWdVqCVMzLPotGSjGA=] [tlishev] Checking offline messages for client
[2025-07-04 15:03:30] [wBtCYPJphOWdVqCVMzLPotGSjGA=] [tlishev] No offline messages found
[2025-07-04 15:06:34] [B4Y+ZSqlbjaM+nBDVI2euJqs3XQ=] [r1mmi] Checking offline messages for client
[2025-07-04 15:06:34] [B4Y+ZSqlbjaM+nBDVI2euJqs3XQ=] [r1mmi] No offline messages found
[2025-07-04 15:08:47] [wDjYvnAEDV8Ca22jvXeJSwKiCC0=] [Chris] Checking offline messages for client
[2025-07-04 15:08:47] [wDjYvnAEDV8Ca22jvXeJSwKiCC0=] [Chris] No offline messages found
[2025-07-04 15:10:17] [U7n5f9f5UuEO8R3R6uqCVlhuqkM=] [Hisoka] Checking offline messages for client
[2025-07-04 15:10:17] [U7n5f9f5UuEO8R3R6uqCVlhuqkM=] [Hisoka] No offline messages found
[2025-07-04 15:12:05] [+vVe9y7KDRV9mBOqgGxIE3TldlI=] [Fullfunny] Checking offline messages for client
[2025-07-04 15:12:05] [+vVe9y7KDRV9mBOqgGxIE3TldlI=] [Fullfunny] No offline messages found
[2025-07-04 15:15:44] [e1vImF/pvh7c+66eD1lHGlZ9N08=] [Fornax013] Checking offline messages for client
[2025-07-04 15:15:44] [e1vImF/pvh7c+66eD1lHGlZ9N08=] [Fornax013] No offline messages found
[2025-07-04 15:18:30] [RVQmMpiMw9B7rZKQ296p2XNP7fI=] [nkzd] Checking offline messages for client
[2025-07-04 15:18:30] [RVQmMpiMw9B7rZKQ296p2XNP7fI=] [nkzd] No offline messages found
[2025-07-04 15:28:39] [/M9jA6DuSOuLI9SwCloUKBqEyx8=] [TeamSpeakUser] Checking offline messages for client
[2025-07-04 15:28:39] [/M9jA6DuSOuLI9SwCloUKBqEyx8=] [TeamSpeakUser] No offline messages found
[2025-07-04 15:29:15] [UnR1QFMMqCYW7eyxyrGF93hSTxM=] [parzi] Checking offline messages for client
[2025-07-04 15:29:15] [UnR1QFMMqCYW7eyxyrGF93hSTxM=] [parzi] No offline messages found
[2025-07-04 15:40:20] [U7n5f9f5UuEO8R3R6uqCVlhuqkM=] [Hisoka] Checking offline messages for client
[2025-07-04 15:40:20] [U7n5f9f5UuEO8R3R6uqCVlhuqkM=] [Hisoka] No offline messages found
[2025-07-04 15:47:10] [RN5q34hvf046r4qme1+T2IWlORI=] [maksik] Checking offline messages for client
[2025-07-04 15:47:10] [RN5q34hvf046r4qme1+T2IWlORI=] [maksik] No offline messages found
[2025-07-04 16:04:55] [B4Y+ZSqlbjaM+nBDVI2euJqs3XQ=] [r1mmi] Checking offline messages for client
[2025-07-04 16:04:55] [B4Y+ZSqlbjaM+nBDVI2euJqs3XQ=] [r1mmi] No offline messages found
[2025-07-04 16:05:45] [rc6PTp7wE3xERTiJhvZj3aYUd/Y=] [kushi] Checking offline messages for client
[2025-07-04 16:05:45] [rc6PTp7wE3xERTiJhvZj3aYUd/Y=] [kushi] No offline messages found
[2025-07-04 16:07:45] [ldCzvjsZhyUOHxQjPMP59HREBcU=] [wigger] Checking offline messages for client
[2025-07-04 16:07:45] [ldCzvjsZhyUOHxQjPMP59HREBcU=] [wigger] No offline messages found
[2025-07-04 16:10:04] [WiF7D9wcxrfEQRdK2lKYMDp5zfQ=] [skywhywonak] Checking offline messages for client
[2025-07-04 16:10:04] [WiF7D9wcxrfEQRdK2lKYMDp5zfQ=] [skywhywonak] No offline messages found
[2025-07-04 16:11:14] [ZVjHTtnXf9Ig9ObhJ7UN77GgeF4=] [Zummer_21] Checking offline messages for client
[2025-07-04 16:11:14] [ZVjHTtnXf9Ig9ObhJ7UN77GgeF4=] [Zummer_21] No offline messages found
[2025-07-04 16:11:53] [OQ+8dI0ef4SXSiQwgdyB/P4HDew=] [vinsere] Checking offline messages for client
[2025-07-04 16:11:53] [OQ+8dI0ef4SXSiQwgdyB/P4HDew=] [vinsere] No offline messages found
[2025-07-04 16:21:20] [otx+oFZHI0+5nWic0kiHwBENnrI=] [Arturito] Checking offline messages for client
[2025-07-04 16:21:20] [otx+oFZHI0+5nWic0kiHwBENnrI=] [Arturito] No offline messages found
[2025-07-04 16:21:50] [WKaM3ZipVE38N1i3NuepKTRPDX4=] [éclatax] Checking offline messages for client
[2025-07-04 16:21:50] [WKaM3ZipVE38N1i3NuepKTRPDX4=] [éclatax] No offline messages found
[2025-07-04 16:24:48] [RiCWeDQFOftnEgN1BBHprH1WWy0=] [kaito] Checking offline messages for client
[2025-07-04 16:24:48] [RiCWeDQFOftnEgN1BBHprH1WWy0=] [kaito] No offline messages found
[2025-07-04 16:24:50] [U7n5f9f5UuEO8R3R6uqCVlhuqkM=] [Hisoka] Checking offline messages for client
[2025-07-04 16:24:50] [U7n5f9f5UuEO8R3R6uqCVlhuqkM=] [Hisoka] No offline messages found
[2025-07-04 16:26:26] [otx+oFZHI0+5nWic0kiHwBENnrI=] [Arturito] Checking offline messages for client
[2025-07-04 16:26:26] [otx+oFZHI0+5nWic0kiHwBENnrI=] [Arturito] No offline messages found
[2025-07-04 16:28:46] [XQCfSCP9B5az+2mXHos8cti9Ou4=] [One2107] Checking offline messages for client
[2025-07-04 16:28:46] [XQCfSCP9B5az+2mXHos8cti9Ou4=] [One2107] No offline messages found
[2025-07-04 16:29:24] [TduOE1ZX2E3RqrtnRBfKon2MbVI=] [myarz] Checking offline messages for client
[2025-07-04 16:29:24] [TduOE1ZX2E3RqrtnRBfKon2MbVI=] [myarz] No offline messages found
[2025-07-04 16:41:08] [0TS7jt0APSegEgA9K9hIWfin7m0=] [dadaok] Checking offline messages for client
[2025-07-04 16:41:08] [0TS7jt0APSegEgA9K9hIWfin7m0=] [dadaok] No offline messages found
[2025-07-04 16:41:09] [39Hn80GzU936S3hLOAjj8iP5kpg=] [Shawaj] Checking offline messages for client
[2025-07-04 16:41:09] [39Hn80GzU936S3hLOAjj8iP5kpg=] [Shawaj] No offline messages found
[2025-07-04 16:46:33] [pQT7/iIPA88wbPwBccKGdq48f48=] [Term1s] Checking offline messages for client
[2025-07-04 16:46:33] [pQT7/iIPA88wbPwBccKGdq48f48=] [Term1s] No offline messages found
[2025-07-04 16:47:41] [JlxYw42savYt0R8LW3WXeV8+vsI=] [SPY] Checking offline messages for client
[2025-07-04 16:47:41] [JlxYw42savYt0R8LW3WXeV8+vsI=] [SPY] No offline messages found
[2025-07-04 16:47:49] [okPB05Yw/R9uqp9oBr7M6RdxhIg=] [nam] Checking offline messages for client
[2025-07-04 16:47:49] [okPB05Yw/R9uqp9oBr7M6RdxhIg=] [nam] No offline messages found
[2025-07-04 16:50:02] [4hvwCfCPtTRCCX/hD0S9PDAjwPY=] [Ander] Checking offline messages for client
[2025-07-04 16:50:02] [4hvwCfCPtTRCCX/hD0S9PDAjwPY=] [Ander] No offline messages found
[2025-07-04 16:50:52] [YJ8chm2QQIJyPFrsGN7ctoGAtDM=] [TRAMCHIK] Checking offline messages for client
[2025-07-04 16:50:52] [YJ8chm2QQIJyPFrsGN7ctoGAtDM=] [TRAMCHIK] No offline messages found
[2025-07-04 16:51:05] [mLx0Hk4TMipqUwGhs4qaQnVuCRc=] [ywyw] Checking offline messages for client
[2025-07-04 16:51:05] [mLx0Hk4TMipqUwGhs4qaQnVuCRc=] [ywyw] No offline messages found
[2025-07-04 16:51:17] [ktT/SftpCnxHE/8DJjKjzUnQ3AY=] [EJEX] Checking offline messages for client
[2025-07-04 16:51:17] [ktT/SftpCnxHE/8DJjKjzUnQ3AY=] [EJEX] No offline messages found
[2025-07-04 16:54:09] [otx+oFZHI0+5nWic0kiHwBENnrI=] [Arturito] Checking offline messages for client
[2025-07-04 16:54:09] [otx+oFZHI0+5nWic0kiHwBENnrI=] [Arturito] No offline messages found
[2025-07-04 16:55:07] [gQ5C6+V5CuxoWVdapQ4LurehHGY=] [ph0x] Checking offline messages for client
[2025-07-04 16:55:07] [gQ5C6+V5CuxoWVdapQ4LurehHGY=] [ph0x] No offline messages found
[2025-07-04 17:07:37] [VuNFAf3wIFc1IkWzOmahJ2tNnQw=] [v13] Checking offline messages for client
[2025-07-04 17:07:37] [VuNFAf3wIFc1IkWzOmahJ2tNnQw=] [v13] No offline messages found
[2025-07-04 17:18:09] [hnH8Pkux3Af6xG46f+oe81jVdcA=] [-EscA`#] Checking offline messages for client
[2025-07-04 17:18:09] [hnH8Pkux3Af6xG46f+oe81jVdcA=] [-EscA`#] No offline messages found
[2025-07-04 17:20:08] [Yolrk0vLW7Jl+G3XWWoj32wvYHo=] [joy] Checking offline messages for client
[2025-07-04 17:20:08] [Yolrk0vLW7Jl+G3XWWoj32wvYHo=] [joy] No offline messages found
[2025-07-04 17:22:15] [PCz5mVdmODgf+BuhB/F8jAcUsWY=] [XandeRMeisteR] Checking offline messages for client
[2025-07-04 17:22:15] [PCz5mVdmODgf+BuhB/F8jAcUsWY=] [XandeRMeisteR] No offline messages found
[2025-07-04 17:22:17] [h2yxqDaYBdNiyDlVGOH/YWCactg=] [dydek10master] Checking offline messages for client
[2025-07-04 17:22:17] [h2yxqDaYBdNiyDlVGOH/YWCactg=] [dydek10master] No offline messages found
[2025-07-04 17:22:24] [rUh28k8jzMi0z3Nh/XfbvrczQQg=] [бешеныймедведь] Checking offline messages for client
[2025-07-04 17:22:24] [rUh28k8jzMi0z3Nh/XfbvrczQQg=] [бешеныймедведь] No offline messages found
[2025-07-04 17:22:57] [0Z2wqQcTx0kpb/KIf+NPkyv4b60=] [-W1LLL] Checking offline messages for client
[2025-07-04 17:22:57] [0Z2wqQcTx0kpb/KIf+NPkyv4b60=] [-W1LLL] No offline messages found
[2025-07-04 17:23:00] [hnH8Pkux3Af6xG46f+oe81jVdcA=] [-EscA`#] Checking offline messages for client
[2025-07-04 17:23:00] [hnH8Pkux3Af6xG46f+oe81jVdcA=] [-EscA`#] No offline messages found
[2025-07-04 17:24:50] [dcdQ6JZazQe/98ri1LB8C3qP740=] [Monster_PP] Checking offline messages for client
[2025-07-04 17:24:50] [dcdQ6JZazQe/98ri1LB8C3qP740=] [Monster_PP] No offline messages found
[2025-07-04 17:24:50] [dcdQ6JZazQe/98ri1LB8C3qP740=] [Monster_PP] Checking offline messages for client
[2025-07-04 17:24:50] [dcdQ6JZazQe/98ri1LB8C3qP740=] [Monster_PP] No offline messages found
[2025-07-04 17:24:51] [dcdQ6JZazQe/98ri1LB8C3qP740=] [Monster_PP] Checking offline messages for client
[2025-07-04 17:24:51] [dcdQ6JZazQe/98ri1LB8C3qP740=] [Monster_PP] No offline messages found
[2025-07-04 17:28:09] [dcdQ6JZazQe/98ri1LB8C3qP740=] [Monster_PP] Checking offline messages for client
[2025-07-04 17:28:09] [dcdQ6JZazQe/98ri1LB8C3qP740=] [Monster_PP] No offline messages found
[2025-07-04 17:28:26] [g70UCqX9DYKy2k9gTsipXh2jHFw=] [oneup47] Checking offline messages for client
[2025-07-04 17:28:26] [g70UCqX9DYKy2k9gTsipXh2jHFw=] [oneup47] No offline messages found
[2025-07-04 17:36:17] [ZQhSo1tQ5YDSZNLYSj+nKwHZezs=] [hamza] Checking offline messages for client
[2025-07-04 17:36:17] [ZQhSo1tQ5YDSZNLYSj+nKwHZezs=] [hamza] No offline messages found
[2025-07-04 17:39:33] [H7lX5H7YA6935oAXe71PiKcw6bE=] [Justory556] Checking offline messages for client
[2025-07-04 17:39:33] [H7lX5H7YA6935oAXe71PiKcw6bE=] [Justory556] No offline messages found
[2025-07-04 17:41:13] [exvJFb2mF23j+wCI1+1JZRNlCSU=] [Ozzy] Checking offline messages for client
[2025-07-04 17:41:13] [exvJFb2mF23j+wCI1+1JZRNlCSU=] [Ozzy] No offline messages found
[2025-07-04 17:42:07] [7yx4rkr+UQ/H5S8ylZN92oaaouc=] [burak145349] Checking offline messages for client
[2025-07-04 17:42:07] [7yx4rkr+UQ/H5S8ylZN92oaaouc=] [burak145349] No offline messages found
[2025-07-04 17:44:55] [AvnRQXI1EDWeVLAm8Ytn10l+p9w=] [TeamSpeakUser1] Checking offline messages for client
[2025-07-04 17:44:55] [AvnRQXI1EDWeVLAm8Ytn10l+p9w=] [TeamSpeakUser1] No offline messages found
[2025-07-04 17:48:22] [x2FE3roSKlIeawMf+ZifoZCpGP8=] [jaba] Checking offline messages for client
[2025-07-04 17:48:22] [x2FE3roSKlIeawMf+ZifoZCpGP8=] [jaba] No offline messages found
[2025-07-04 17:50:09] [+eY62p4z2Yc8MBABvp55HWZZJ18=] [saulov] Checking offline messages for client
[2025-07-04 17:50:09] [+eY62p4z2Yc8MBABvp55HWZZJ18=] [saulov] No offline messages found
[2025-07-04 17:51:19] [zQBV+zr0os6YT3ktHjBJZW0cRd8=] [Tufix] Checking offline messages for client
[2025-07-04 17:51:19] [zQBV+zr0os6YT3ktHjBJZW0cRd8=] [Tufix] No offline messages found
[2025-07-04 17:51:26] [SqDu/8DHoEjtTIA31Af2p7bqBGE=] [xinti] Checking offline messages for client
[2025-07-04 17:51:26] [SqDu/8DHoEjtTIA31Af2p7bqBGE=] [xinti] No offline messages found
[2025-07-04 17:51:27] [yNFUjD+LJEqojKPPlPGtCAVEYRU=] [Боцман777] Checking offline messages for client
[2025-07-04 17:51:27] [yNFUjD+LJEqojKPPlPGtCAVEYRU=] [Боцман777] No offline messages found
[2025-07-04 17:52:21] [lPq8Y8B1JOHL6QoSGZDwJ6xzT7Q=] [vata] Checking offline messages for client
[2025-07-04 17:52:21] [lPq8Y8B1JOHL6QoSGZDwJ6xzT7Q=] [vata] No offline messages found
[2025-07-04 17:52:30] [cbLOWsQLSifTXU/Xnpty4Vp/y00=] [Придонья] Checking offline messages for client
[2025-07-04 17:52:30] [cbLOWsQLSifTXU/Xnpty4Vp/y00=] [Придонья] No offline messages found
[2025-07-04 17:54:03] [+jY+727ijHZsfVi54xEx3Dfw1Dk=] [awegawg] Checking offline messages for client
[2025-07-04 17:54:03] [+jY+727ijHZsfVi54xEx3Dfw1Dk=] [awegawg] No offline messages found
[2025-07-04 17:54:10] [LRLgyJCazviWfDUTPvzkB5nJs9E=] [Last_Samurai] Checking offline messages for client
[2025-07-04 17:54:10] [LRLgyJCazviWfDUTPvzkB5nJs9E=] [Last_Samurai] No offline messages found
[2025-07-04 17:55:43] [otx+oFZHI0+5nWic0kiHwBENnrI=] [Arturito] Checking offline messages for client
[2025-07-04 17:55:43] [otx+oFZHI0+5nWic0kiHwBENnrI=] [Arturito] No offline messages found
[2025-07-04 17:55:46] [e/9oYyrhhc1IP+S6iQ1nWm9Q3x8=] [-REVA-] Checking offline messages for client
[2025-07-04 17:55:46] [e/9oYyrhhc1IP+S6iQ1nWm9Q3x8=] [-REVA-] No offline messages found
[2025-07-04 17:57:35] [eG4UMjLmuVndageyqcYzcti5tLY=] [COLDGREEN] Checking offline messages for client
[2025-07-04 17:57:35] [eG4UMjLmuVndageyqcYzcti5tLY=] [COLDGREEN] No offline messages found
[2025-07-04 17:58:25] [SJWLa9LelIOTwfc/cNyEIpMstZk=] [makpyn] Checking offline messages for client
[2025-07-04 17:58:25] [SJWLa9LelIOTwfc/cNyEIpMstZk=] [makpyn] No offline messages found
[2025-07-04 17:58:36] [DhDqNKJFOzAI9dgJ0qsFAh9W1bM=] [Parsa94] Checking offline messages for client
[2025-07-04 17:58:36] [DhDqNKJFOzAI9dgJ0qsFAh9W1bM=] [Parsa94] No offline messages found
[2025-07-04 18:03:24] [6loDKB5pFq9h9EZ8lWJAl1sRiNA=] [kagixxx] Checking offline messages for client
[2025-07-04 18:03:24] [6loDKB5pFq9h9EZ8lWJAl1sRiNA=] [kagixxx] No offline messages found
[2025-07-04 18:03:46] [S7KAIZg6lvMYAtc3mv7AirSt31k=] [sadada] Checking offline messages for client
[2025-07-04 18:03:46] [S7KAIZg6lvMYAtc3mv7AirSt31k=] [sadada] No offline messages found
[2025-07-04 18:03:47] [ktT/SftpCnxHE/8DJjKjzUnQ3AY=] [EJEX] Checking offline messages for client
[2025-07-04 18:03:47] [ktT/SftpCnxHE/8DJjKjzUnQ3AY=] [EJEX] No offline messages found
[2025-07-04 18:04:55] [4m0mDvr/cLcAgFAyZjFVru6dWeY=] [Maks1m_K] Checking offline messages for client
[2025-07-04 18:04:55] [4m0mDvr/cLcAgFAyZjFVru6dWeY=] [Maks1m_K] No offline messages found
[2025-07-04 18:13:56] [nrEFrg1QXE05wuZZG3BbdkciSEc=] [Dumina] Checking offline messages for client
[2025-07-04 18:13:56] [nrEFrg1QXE05wuZZG3BbdkciSEc=] [Dumina] No offline messages found
[2025-07-04 18:14:13] [Chs2gds0q5c5sHk5GQqGy9JmwQg=] [teaman11] Checking offline messages for client
[2025-07-04 18:14:13] [Chs2gds0q5c5sHk5GQqGy9JmwQg=] [teaman11] No offline messages found
[2025-07-04 18:17:08] [zplLYXriSF0hqWw82HYme0Qb6hU=] [BlvckMafia] Checking offline messages for client
[2025-07-04 18:17:08] [zplLYXriSF0hqWw82HYme0Qb6hU=] [BlvckMafia] No offline messages found
[2025-07-04 18:24:38] [wBtCYPJphOWdVqCVMzLPotGSjGA=] [tlishev] Checking offline messages for client
[2025-07-04 18:24:38] [wBtCYPJphOWdVqCVMzLPotGSjGA=] [tlishev] No offline messages found
[2025-07-04 18:31:21] [kfn1jFosIGdE1yOz/lIfEBXQj4A=] [Rix] Checking offline messages for client
[2025-07-04 18:31:21] [kfn1jFosIGdE1yOz/lIfEBXQj4A=] [Rix] No offline messages found
[2025-07-04 18:41:07] [EbDOt1FY+2LU7nvOmbzZt0+Ni+Q=] [A.y] Checking offline messages for client
[2025-07-04 18:41:07] [EbDOt1FY+2LU7nvOmbzZt0+Ni+Q=] [A.y] No offline messages found
[2025-07-04 18:41:40] [xiVTUqjmPR8HsEFkd9qzObroM+Q=] [TeamSpeakUser2] Checking offline messages for client
[2025-07-04 18:41:40] [xiVTUqjmPR8HsEFkd9qzObroM+Q=] [TeamSpeakUser2] No offline messages found
[2025-07-04 18:43:36] [TPmoeMUpquumc5CPEdm9Gqxrrlw=] [123] Checking offline messages for client
[2025-07-04 18:43:36] [TPmoeMUpquumc5CPEdm9Gqxrrlw=] [123] No offline messages found
[2025-07-04 18:43:49] [q5wdHXdhpr7Oc//EqCvbwn0CVZY=] [Malheiro] Checking offline messages for client
[2025-07-04 18:43:49] [q5wdHXdhpr7Oc//EqCvbwn0CVZY=] [Malheiro] No offline messages found
[2025-07-04 18:44:05] [nKM59hxTojEpwTkMTG1uWArmxms=] [rowdy] Checking offline messages for client
[2025-07-04 18:44:05] [nKM59hxTojEpwTkMTG1uWArmxms=] [rowdy] No offline messages found
[2025-07-04 18:55:25] [xiVTUqjmPR8HsEFkd9qzObroM+Q=] [TeamSpeakUser2] Checking offline messages for client
[2025-07-04 18:55:25] [xiVTUqjmPR8HsEFkd9qzObroM+Q=] [TeamSpeakUser2] No offline messages found
[2025-07-04 18:58:11] [dnD06izVXlp3jUstWLppyYzz/I0=] [-ipq] Checking offline messages for client
[2025-07-04 18:58:11] [dnD06izVXlp3jUstWLppyYzz/I0=] [-ipq] No offline messages found
[2025-07-04 18:59:03] [vrQ/HPXeXBLQOSLHDUhnNJyCwN8=] [TeamSpeakUser3] Checking offline messages for client
[2025-07-04 18:59:03] [vrQ/HPXeXBLQOSLHDUhnNJyCwN8=] [TeamSpeakUser3] No offline messages found
[2025-07-04 19:03:04] [+IdTxeDPU0HaxOmF1Yivm4WLd78=] [chelko] Checking offline messages for client
[2025-07-04 19:03:04] [+IdTxeDPU0HaxOmF1Yivm4WLd78=] [chelko] No offline messages found
[2025-07-04 19:03:48] [7OPNxHcTHSq+znXytBlDRPU74IQ=] [NaiRoD] Checking offline messages for client
[2025-07-04 19:03:48] [7OPNxHcTHSq+znXytBlDRPU74IQ=] [NaiRoD] No offline messages found
[2025-07-04 19:05:41] [zplLYXriSF0hqWw82HYme0Qb6hU=] [BlvckMafia] Checking offline messages for client
[2025-07-04 19:05:41] [zplLYXriSF0hqWw82HYme0Qb6hU=] [BlvckMafia] No offline messages found
[2025-07-04 19:05:44] [MqlyPI/U5wjPs6LHaX2Ifl+w4r8=] [timothysamuelx] Checking offline messages for client
[2025-07-04 19:05:44] [MqlyPI/U5wjPs6LHaX2Ifl+w4r8=] [timothysamuelx] No offline messages found
[2025-07-04 19:07:39] [fCXPyajuIrExBfa2i3ft1vzJLag=] [zevok] Checking offline messages for client
[2025-07-04 19:07:39] [fCXPyajuIrExBfa2i3ft1vzJLag=] [zevok] No offline messages found
[2025-07-04 19:08:05] [+IdTxeDPU0HaxOmF1Yivm4WLd78=] [chelko] Checking offline messages for client
[2025-07-04 19:08:05] [+IdTxeDPU0HaxOmF1Yivm4WLd78=] [chelko] No offline messages found
[2025-07-04 19:08:34] [pjSG7lijxEkCHXK5AeNULuu9cdY=] [HUESOS] Checking offline messages for client
[2025-07-04 19:08:34] [pjSG7lijxEkCHXK5AeNULuu9cdY=] [HUESOS] No offline messages found
[2025-07-04 19:11:54] [gVBCYC9G+dFCccWN/Wqj75L760M=] [Zaglot_Vandam1] Checking offline messages for client
[2025-07-04 19:11:54] [gVBCYC9G+dFCccWN/Wqj75L760M=] [Zaglot_Vandam1] No offline messages found
[2025-07-04 19:13:01] [XqWbZ+nW1b9h8zxnjgzfXJXfqf0=] [djambo0071] Checking offline messages for client
[2025-07-04 19:13:01] [XqWbZ+nW1b9h8zxnjgzfXJXfqf0=] [djambo0071] No offline messages found
[2025-07-04 19:13:42] [COLZyKJmrHAbeJuIwxgb3lGZ0d0=] [tikka345] Checking offline messages for client
[2025-07-04 19:13:42] [COLZyKJmrHAbeJuIwxgb3lGZ0d0=] [tikka345] No offline messages found
[2025-07-04 19:14:58] [MZWgndUXO6A0YcVlmWyBE1rQlnY=] [Musto] Checking offline messages for client
[2025-07-04 19:14:58] [MZWgndUXO6A0YcVlmWyBE1rQlnY=] [Musto] No offline messages found
[2025-07-04 19:15:32] [8yG40ppumRoJGhu1qR/blqgqttw=] [sanka98] Checking offline messages for client
[2025-07-04 19:15:32] [8yG40ppumRoJGhu1qR/blqgqttw=] [sanka98] No offline messages found
[2025-07-04 19:16:22] [QlS2dC4Cr8kYrMCwMl/pPCEheNI=] [Hero] Checking offline messages for client
[2025-07-04 19:16:22] [QlS2dC4Cr8kYrMCwMl/pPCEheNI=] [Hero] No offline messages found
[2025-07-04 19:24:24] [yPSI9aghhtH6O+mnSQIo84yUZ4c=] [шароёб] Checking offline messages for client
[2025-07-04 19:24:24] [yPSI9aghhtH6O+mnSQIo84yUZ4c=] [шароёб] No offline messages found
[2025-07-04 19:26:50] [+vVe9y7KDRV9mBOqgGxIE3TldlI=] [Fullfunny] Checking offline messages for client
[2025-07-04 19:26:50] [+vVe9y7KDRV9mBOqgGxIE3TldlI=] [Fullfunny] No offline messages found
[2025-07-04 19:27:08] [RN5q34hvf046r4qme1+T2IWlORI=] [maksik] Checking offline messages for client
[2025-07-04 19:27:08] [RN5q34hvf046r4qme1+T2IWlORI=] [maksik] No offline messages found
[2025-07-04 19:28:12] [A337CRyeHXs4LwAB23shVIw0jeg=] [mishechcaty] Checking offline messages for client
[2025-07-04 19:28:12] [A337CRyeHXs4LwAB23shVIw0jeg=] [mishechcaty] No offline messages found
[2025-07-04 19:31:26] [2Lx63FxcyvHlLbs3Khbo5bJe6mY=] [Last] Checking offline messages for client
[2025-07-04 19:31:26] [2Lx63FxcyvHlLbs3Khbo5bJe6mY=] [Last] No offline messages found
[2025-07-04 19:32:50] [fH55ADpBJR2Pf03gH5EIVyAAuTk=] [W1zard] Checking offline messages for client
[2025-07-04 19:32:50] [fH55ADpBJR2Pf03gH5EIVyAAuTk=] [W1zard] No offline messages found
[2025-07-04 19:34:10] [g95LkcovmlDSBBJIdmdv0zN6QBs=] [baysikimdeğil] Checking offline messages for client
[2025-07-04 19:34:10] [g95LkcovmlDSBBJIdmdv0zN6QBs=] [baysikimdeğil] No offline messages found
[2025-07-04 19:36:47] [X5IbyBv3WtlcgFhjUdRkdzckDnA=] [[#]Misc] Client in ignored group, skipping offline messages check
[2025-07-04 19:36:48] [XdfBPIFBI3AGf0ZCZTbFFDB3TjU=] [I ❤ Greatest Hits] Client in ignored group, skipping offline messages check
[2025-07-04 19:37:00] [CTJJYp6g0ooZW+p10o4IHQNYVIQ=] [I ❤ 2 Dance] Client in ignored group, skipping offline messages check
[2025-07-04 19:40:30] [fCXPyajuIrExBfa2i3ft1vzJLag=] [zevok] Checking offline messages for client
[2025-07-04 19:40:30] [fCXPyajuIrExBfa2i3ft1vzJLag=] [zevok] No offline messages found
[2025-07-04 19:40:31] [KKakWCNNDyxUyhC4KpkSU2PHuVM=] [yusufppks] Checking offline messages for client
[2025-07-04 19:40:31] [KKakWCNNDyxUyhC4KpkSU2PHuVM=] [yusufppks] No offline messages found
[2025-07-04 19:43:10] [f+aH5hLeWj0ewSa7x8+9XVEMa8A=] [TeamSpeakUser2] Checking offline messages for client
[2025-07-04 19:43:10] [f+aH5hLeWj0ewSa7x8+9XVEMa8A=] [TeamSpeakUser2] No offline messages found
[2025-07-04 19:43:13] [R+KW1QSqbZRuZk4pN2SGLrk8szQ=] [namja] Checking offline messages for client
[2025-07-04 19:43:13] [R+KW1QSqbZRuZk4pN2SGLrk8szQ=] [namja] No offline messages found
[2025-07-04 19:45:06] [e7Jcs37k9manSRh5rbKm0tLw/4w=] [ArtemiyRadiant] Checking offline messages for client
[2025-07-04 19:45:06] [e7Jcs37k9manSRh5rbKm0tLw/4w=] [ArtemiyRadiant] No offline messages found
[2025-07-04 19:45:22] [yBICHbhgjt9SlHyQu3BZbOYMUQU=] [H0R0Z] Checking offline messages for client
[2025-07-04 19:45:22] [yBICHbhgjt9SlHyQu3BZbOYMUQU=] [H0R0Z] No offline messages found
[2025-07-04 19:47:35] [fCXPyajuIrExBfa2i3ft1vzJLag=] [zevok] Checking offline messages for client
[2025-07-04 19:47:35] [fCXPyajuIrExBfa2i3ft1vzJLag=] [zevok] No offline messages found
[2025-07-04 19:49:10] [qvf2/IsRm9TsXSmNMeDEuXuIC3s=] [Mood] Checking offline messages for client
[2025-07-04 19:49:10] [qvf2/IsRm9TsXSmNMeDEuXuIC3s=] [Mood] No offline messages found
[2025-07-04 19:50:25] [X5IbyBv3WtlcgFhjUdRkdzckDnA=] [[#]Misc] Client in ignored group, skipping offline messages check
[2025-07-04 19:50:28] [CTJJYp6g0ooZW+p10o4IHQNYVIQ=] [I ❤ 2 Dance] Client in ignored group, skipping offline messages check
[2025-07-04 19:50:29] [XdfBPIFBI3AGf0ZCZTbFFDB3TjU=] [I ❤ Greatest Hits] Client in ignored group, skipping offline messages check
[2025-07-04 19:50:29] [gIv03ZtQuihw+6fOW0VT0H6h6c8=] [chapa] Checking offline messages for client
[2025-07-04 19:50:29] [gIv03ZtQuihw+6fOW0VT0H6h6c8=] [chapa] No offline messages found
[2025-07-04 19:52:33] [NEJm9x0vyvx86bx6ht+3cq9MaJQ=] [KADİR-] Checking offline messages for client
[2025-07-04 19:52:33] [NEJm9x0vyvx86bx6ht+3cq9MaJQ=] [KADİR-] No offline messages found
[2025-07-04 19:54:19] [lqX2Oz/RGh+MQGKjhD9GbFED4OY=] [DarkZX] Checking offline messages for client
[2025-07-04 19:54:19] [lqX2Oz/RGh+MQGKjhD9GbFED4OY=] [DarkZX] No offline messages found
[2025-07-04 19:55:38] [CJ+J3PwGI5IItticCxfGxHGtOkU=] [!                 devran] Checking offline messages for client
[2025-07-04 19:55:38] [CJ+J3PwGI5IItticCxfGxHGtOkU=] [!                 devran] No offline messages found
[2025-07-04 19:55:54] [uVIyLE46ey0eBhM+Z9Az+wuDd2U=] [LisssTzz] Checking offline messages for client
[2025-07-04 19:55:54] [uVIyLE46ey0eBhM+Z9Az+wuDd2U=] [LisssTzz] No offline messages found
[2025-07-04 19:56:20] [ysApwncFrVjzs0iXlJqpQC5ryno=] [alikexie] Checking offline messages for client
[2025-07-04 19:56:20] [ysApwncFrVjzs0iXlJqpQC5ryno=] [alikexie] No offline messages found
[2025-07-04 19:57:28] [ysApwncFrVjzs0iXlJqpQC5ryno=] [alikexie] Checking offline messages for client
[2025-07-04 19:57:28] [ysApwncFrVjzs0iXlJqpQC5ryno=] [alikexie] No offline messages found
[2025-07-04 19:57:50] [kOosjo8LNDwc96qzwagBbwNwWas=] [KADİRİN KOCASİ] Checking offline messages for client
[2025-07-04 19:57:50] [kOosjo8LNDwc96qzwagBbwNwWas=] [KADİRİN KOCASİ] No offline messages found
[2025-07-04 19:58:18] [kOosjo8LNDwc96qzwagBbwNwWas=] [KADİRİN KOCASİ] Checking offline messages for client
[2025-07-04 19:58:18] [kOosjo8LNDwc96qzwagBbwNwWas=] [KADİRİN KOCASİ] No offline messages found
[2025-07-04 20:01:38] [4NEb8EjvTnrdKIlfd6y4WRD73es=] [klozzer] Checking offline messages for client
[2025-07-04 20:01:38] [4NEb8EjvTnrdKIlfd6y4WRD73es=] [klozzer] No offline messages found
[2025-07-04 20:01:45] [KL0QZuz7P/nwwL6XYSCsDg/Yqw0=] [DIMAX] Checking offline messages for client
[2025-07-04 20:01:45] [KL0QZuz7P/nwwL6XYSCsDg/Yqw0=] [DIMAX] No offline messages found
[2025-07-04 20:01:48] [1UGu0O3SPm1d6xpu+eLpb4WE6Kc=] [Maximcv] Checking offline messages for client
[2025-07-04 20:01:48] [1UGu0O3SPm1d6xpu+eLpb4WE6Kc=] [Maximcv] No offline messages found
[2025-07-04 20:03:45] [EabEuFfJWoidlJHowxz83DhK5uk=] [Rich Lich] Checking offline messages for client
[2025-07-04 20:03:45] [EabEuFfJWoidlJHowxz83DhK5uk=] [Rich Lich] No offline messages found
[2025-07-04 20:05:33] [d/2RYNlm5B/Nn3BBGjS8/8tretA=] [LaPt] Checking offline messages for client
[2025-07-04 20:05:33] [d/2RYNlm5B/Nn3BBGjS8/8tretA=] [LaPt] No offline messages found
[2025-07-04 20:12:02] [dnD06izVXlp3jUstWLppyYzz/I0=] [-ipq] Checking offline messages for client
[2025-07-04 20:12:02] [dnD06izVXlp3jUstWLppyYzz/I0=] [-ipq] No offline messages found
[2025-07-04 20:12:16] [C3ony4dh8njCYB62/cIXXbMG1IA=] [Чех] Checking offline messages for client
[2025-07-04 20:12:16] [C3ony4dh8njCYB62/cIXXbMG1IA=] [Чех] No offline messages found
[2025-07-04 20:13:45] [nKM59hxTojEpwTkMTG1uWArmxms=] [rowdy] Checking offline messages for client
[2025-07-04 20:13:45] [nKM59hxTojEpwTkMTG1uWArmxms=] [rowdy] No offline messages found
[2025-07-04 20:15:14] [J1/ZPqZNb+BXvv6BIkYewERQoIs=] [DARBELİ MATKAP] Checking offline messages for client
[2025-07-04 20:15:14] [J1/ZPqZNb+BXvv6BIkYewERQoIs=] [DARBELİ MATKAP] No offline messages found
[2025-07-04 20:16:05] [EAy6VrwVljXx+xFipXifVflglOE=] [jonyosman] Checking offline messages for client
[2025-07-04 20:16:05] [EAy6VrwVljXx+xFipXifVflglOE=] [jonyosman] No offline messages found
[2025-07-04 20:16:56] [9+eEcAto/wSTLd5IvNiV/GTupc8=] [Alpha09] Checking offline messages for client
[2025-07-04 20:16:56] [9+eEcAto/wSTLd5IvNiV/GTupc8=] [Alpha09] No offline messages found
[2025-07-04 20:18:56] [CAXLSUAM56Ig7tLYqBzO8Lrc+lY=] [zulul] Checking offline messages for client
[2025-07-04 20:18:56] [CAXLSUAM56Ig7tLYqBzO8Lrc+lY=] [zulul] No offline messages found
[2025-07-04 20:20:34] [LChIIpVKSczGXCJcvYW8G7+Rrgk=] [erik] Checking offline messages for client
[2025-07-04 20:20:34] [LChIIpVKSczGXCJcvYW8G7+Rrgk=] [erik] No offline messages found
[2025-07-04 20:22:04] [g95LkcovmlDSBBJIdmdv0zN6QBs=] [baysikimdeğil] Checking offline messages for client
[2025-07-04 20:22:04] [g95LkcovmlDSBBJIdmdv0zN6QBs=] [baysikimdeğil] No offline messages found
[2025-07-04 20:23:42] [Chs2gds0q5c5sHk5GQqGy9JmwQg=] [teaman11] Checking offline messages for client
[2025-07-04 20:23:42] [Chs2gds0q5c5sHk5GQqGy9JmwQg=] [teaman11] No offline messages found
[2025-07-04 20:24:57] [hbbKc2MtVNTItZbp8lVlOYv25LM=] [godless19] Checking offline messages for client
[2025-07-04 20:24:57] [hbbKc2MtVNTItZbp8lVlOYv25LM=] [godless19] No offline messages found
[2025-07-04 20:25:11] [j4VaV46XhkmzcjbVPFuyIU0vCLs=] [nox] Checking offline messages for client
[2025-07-04 20:25:11] [j4VaV46XhkmzcjbVPFuyIU0vCLs=] [nox] No offline messages found
[2025-07-04 20:26:48] [+jAK4p+Ce6T/fojXfUGu0a+DMsw=] [Lazy_Eagle] Checking offline messages for client
[2025-07-04 20:26:48] [+jAK4p+Ce6T/fojXfUGu0a+DMsw=] [Lazy_Eagle] No offline messages found
[2025-07-04 20:28:11] [fiWNBIZG2ioqbK7dtheFRsenFVI=] [AlexQc] Checking offline messages for client
[2025-07-04 20:28:11] [fiWNBIZG2ioqbK7dtheFRsenFVI=] [AlexQc] No offline messages found
[2025-07-04 20:29:24] [241rUlsm8jDGuxdg64us6CxMNY8=] [SysmoUsercid=140] Checking offline messages for client
[2025-07-04 20:29:24] [241rUlsm8jDGuxdg64us6CxMNY8=] [SysmoUsercid=140] No offline messages found
[2025-07-04 20:29:37] [g95LkcovmlDSBBJIdmdv0zN6QBs=] [baysikimdeğil] Checking offline messages for client
[2025-07-04 20:29:37] [g95LkcovmlDSBBJIdmdv0zN6QBs=] [baysikimdeğil] No offline messages found
[2025-07-04 20:32:18] [241rUlsm8jDGuxdg64us6CxMNY8=] [Leonarg] Checking offline messages for client
[2025-07-04 20:32:18] [241rUlsm8jDGuxdg64us6CxMNY8=] [Leonarg] No offline messages found
[2025-07-04 20:36:38] [pUCIpssKzbEhYAmtB8xcuFXcEsU=] [mostafa] Checking offline messages for client
[2025-07-04 20:36:38] [pUCIpssKzbEhYAmtB8xcuFXcEsU=] [mostafa] No offline messages found
[2025-07-04 20:44:02] [nYYlWUs5YkYKnWWsLhHJIhbnlmA=] [HanS] Checking offline messages for client
[2025-07-04 20:44:02] [nYYlWUs5YkYKnWWsLhHJIhbnlmA=] [HanS] No offline messages found
[2025-07-04 20:47:08] [X71QMoXtWibAnvGaNllGYSazqHU=] [Mamooooooo] Checking offline messages for client
[2025-07-04 20:47:08] [X71QMoXtWibAnvGaNllGYSazqHU=] [Mamooooooo] No offline messages found
[2025-07-04 20:51:19] [kfn1jFosIGdE1yOz/lIfEBXQj4A=] [Rix] Checking offline messages for client
[2025-07-04 20:51:19] [kfn1jFosIGdE1yOz/lIfEBXQj4A=] [Rix] No offline messages found
[2025-07-04 20:53:03] [B2fRgglzPVX7d5IDrNsAi94lUY0=] [baia] Checking offline messages for client
[2025-07-04 20:53:03] [B2fRgglzPVX7d5IDrNsAi94lUY0=] [baia] No offline messages found
[2025-07-04 20:54:19] [+FvbKFpSVhXIdL5vcXUVCMW8OXQ=] [кабачок] Checking offline messages for client
[2025-07-04 20:54:19] [+FvbKFpSVhXIdL5vcXUVCMW8OXQ=] [кабачок] No offline messages found
[2025-07-04 20:54:49] [esphB+mG2+N8I3ntRjK04Tgvv7o=] [Phantor] Checking offline messages for client
[2025-07-04 20:54:49] [esphB+mG2+N8I3ntRjK04Tgvv7o=] [Phantor] No offline messages found
[2025-07-04 20:58:16] [fIvUMCTtanc+4+tMo0Kl1KpMwGM=] [Wiseman] Checking offline messages for client
[2025-07-04 20:58:16] [fIvUMCTtanc+4+tMo0Kl1KpMwGM=] [Wiseman] No offline messages found
[2025-07-04 20:58:36] [KJ4zqn9pukLO1ChROBmAPzo3JKk=] [Shutn1k] Checking offline messages for client
[2025-07-04 20:58:36] [KJ4zqn9pukLO1ChROBmAPzo3JKk=] [Shutn1k] No offline messages found
[2025-07-04 20:59:44] [rTpPYmEoaIZhNH6oKY6QihUledY=] [Elnur] Checking offline messages for client
[2025-07-04 20:59:44] [rTpPYmEoaIZhNH6oKY6QihUledY=] [Elnur] No offline messages found
[2025-07-04 21:00:49] [m3jwrJafD7Z1HcDm7lAZbGqtROY=] [zui] Checking offline messages for client
[2025-07-04 21:00:49] [m3jwrJafD7Z1HcDm7lAZbGqtROY=] [zui] No offline messages found
[2025-07-04 21:01:13] [g95LkcovmlDSBBJIdmdv0zN6QBs=] [baysikimdeğil] Checking offline messages for client
[2025-07-04 21:01:13] [g95LkcovmlDSBBJIdmdv0zN6QBs=] [baysikimdeğil] No offline messages found
[2025-07-04 21:02:15] [t31curkqcBIW+Mm1lFuXP/STLZo=] [1nemanjaves] Checking offline messages for client
[2025-07-04 21:02:15] [t31curkqcBIW+Mm1lFuXP/STLZo=] [1nemanjaves] No offline messages found
[2025-07-04 21:02:23] [e/9oYyrhhc1IP+S6iQ1nWm9Q3x8=] [-REVA-] Checking offline messages for client
[2025-07-04 21:02:23] [e/9oYyrhhc1IP+S6iQ1nWm9Q3x8=] [-REVA-] No offline messages found
[2025-07-04 21:06:34] [HH9pMWXk+qbWzAZZBN5MjixTURo=] [éclatax] Checking offline messages for client
[2025-07-04 21:06:34] [HH9pMWXk+qbWzAZZBN5MjixTURo=] [éclatax] No offline messages found
[2025-07-04 21:06:46] [raAePR7lHPhNIRleevueRUQgaPg=] [Seyit] Checking offline messages for client
[2025-07-04 21:06:46] [raAePR7lHPhNIRleevueRUQgaPg=] [Seyit] No offline messages found
[2025-07-04 21:06:59] [4Trzz2r9looYqjT6W05btyo3lzs=] [ridzazz] Checking offline messages for client
[2025-07-04 21:06:59] [4Trzz2r9looYqjT6W05btyo3lzs=] [ridzazz] No offline messages found
[2025-07-04 21:07:03] [3ZmvZnl8johLcLHH4g1q9BmtZZo=] [deschka] Checking offline messages for client
[2025-07-04 21:07:03] [3ZmvZnl8johLcLHH4g1q9BmtZZo=] [deschka] No offline messages found
[2025-07-04 21:07:54] [e/9oYyrhhc1IP+S6iQ1nWm9Q3x8=] [-REVA-] Checking offline messages for client
[2025-07-04 21:07:54] [e/9oYyrhhc1IP+S6iQ1nWm9Q3x8=] [-REVA-] No offline messages found
[2025-07-04 21:08:45] [czJq8VhqlxMm/zy39XTQ+Np/v1c=] [Manwe] Checking offline messages for client
[2025-07-04 21:08:45] [czJq8VhqlxMm/zy39XTQ+Np/v1c=] [Manwe] No offline messages found
[2025-07-04 21:11:23] [bebLlHmNFiDOULwzFR3g03H4GHg=] [СИСЯ] Checking offline messages for client
[2025-07-04 21:11:23] [bebLlHmNFiDOULwzFR3g03H4GHg=] [СИСЯ] No offline messages found
[2025-07-04 21:11:59] [2IV0NGVJe2m1d++9KgMvrVB2ocs=] [strringer] Checking offline messages for client
[2025-07-04 21:11:59] [2IV0NGVJe2m1d++9KgMvrVB2ocs=] [strringer] No offline messages found
[2025-07-04 21:14:31] [u/wzYW79e2HUgHcLocth30j5UKg=] [Ax`Lim] Checking offline messages for client
[2025-07-04 21:14:31] [u/wzYW79e2HUgHcLocth30j5UKg=] [Ax`Lim] No offline messages found
[2025-07-04 21:17:02] [CivIdqvdtxSJX+mCOeU13yota9Y=] [digitalmix] Checking offline messages for client
[2025-07-04 21:17:02] [CivIdqvdtxSJX+mCOeU13yota9Y=] [digitalmix] No offline messages found
[2025-07-04 21:18:56] [tccm/cJba3umzkdFGIyHr6pYOjg=] [добрий вечір] Checking offline messages for client
[2025-07-04 21:18:56] [tccm/cJba3umzkdFGIyHr6pYOjg=] [добрий вечір] No offline messages found
[2025-07-04 21:32:32] [XMOcdCIQcuHTX/3lsLpmlDh+SKo=] [k1nterro] Checking offline messages for client
[2025-07-04 21:32:32] [XMOcdCIQcuHTX/3lsLpmlDh+SKo=] [k1nterro] No offline messages found
[2025-07-04 21:32:38] [vBlEvNiCbFHzE97FxJ1SFqhPHhs=] [middlemd] Checking offline messages for client
[2025-07-04 21:32:38] [vBlEvNiCbFHzE97FxJ1SFqhPHhs=] [middlemd] No offline messages found
[2025-07-04 21:35:17] [vAoVADXVgpjfEfuPw77F4fgEIl8=] [Nostalgia 2] Checking offline messages for client
[2025-07-04 21:35:17] [vAoVADXVgpjfEfuPw77F4fgEIl8=] [Nostalgia 2] No offline messages found
[2025-07-04 21:35:30] [ShT1+jAAOFSpcp/TDXTY2dTY0wA=] [nAnu] Checking offline messages for client
[2025-07-04 21:35:30] [ShT1+jAAOFSpcp/TDXTY2dTY0wA=] [nAnu] No offline messages found
[2025-07-04 21:35:48] [GDLMnVZvsy2PmGGBS4hN7CRvOTU=] [phonetik78] Checking offline messages for client
[2025-07-04 21:35:48] [GDLMnVZvsy2PmGGBS4hN7CRvOTU=] [phonetik78] No offline messages found
[2025-07-04 21:36:17] [1nHWWpwvoZf+IGl6BaPDK6nG9mg=] [FataL1Day] Checking offline messages for client
[2025-07-04 21:36:17] [1nHWWpwvoZf+IGl6BaPDK6nG9mg=] [FataL1Day] No offline messages found
[2025-07-04 21:36:48] [Y3EDpeFsO9lDhDp9nUiaxxnoG/E=] [LADRON] Checking offline messages for client
[2025-07-04 21:36:48] [Y3EDpeFsO9lDhDp9nUiaxxnoG/E=] [LADRON] No offline messages found
[2025-07-04 21:37:42] [ShT1+jAAOFSpcp/TDXTY2dTY0wA=] [nAnu] Checking offline messages for client
[2025-07-04 21:37:42] [ShT1+jAAOFSpcp/TDXTY2dTY0wA=] [nAnu] No offline messages found
[2025-07-04 21:38:46] [3q/mYOTA7gk6d5AVyjJDqgBfuU4=] [TeamSpeakUser] Checking offline messages for client
[2025-07-04 21:38:46] [3q/mYOTA7gk6d5AVyjJDqgBfuU4=] [TeamSpeakUser] No offline messages found
[2025-07-04 21:39:23] [sC96QZMY/yY8Fc9QjquVCkLiW2c=] [Amirali] Checking offline messages for client
[2025-07-04 21:39:23] [sC96QZMY/yY8Fc9QjquVCkLiW2c=] [Amirali] No offline messages found
[2025-07-04 21:39:43] [/o8pqMqjRWAMMg8cPSsOifVtYg4=] [ALİ] Checking offline messages for client
[2025-07-04 21:39:43] [/o8pqMqjRWAMMg8cPSsOifVtYg4=] [ALİ] No offline messages found
[2025-07-04 21:39:49] [ShT1+jAAOFSpcp/TDXTY2dTY0wA=] [nAnu] Checking offline messages for client
[2025-07-04 21:39:49] [ShT1+jAAOFSpcp/TDXTY2dTY0wA=] [nAnu] No offline messages found
[2025-07-04 21:40:10] [C3ony4dh8njCYB62/cIXXbMG1IA=] [Чех] Checking offline messages for client
[2025-07-04 21:40:10] [C3ony4dh8njCYB62/cIXXbMG1IA=] [Чех] No offline messages found
[2025-07-04 21:40:26] [IvPuoleyuChePKK0GR7sRhVCkJE=] [SYRUSSS] Checking offline messages for client
[2025-07-04 21:40:26] [IvPuoleyuChePKK0GR7sRhVCkJE=] [SYRUSSS] No offline messages found
[2025-07-04 21:40:28] [zuVIrAkrcJ27iLMeBqadkQW3yLY=] [babanız] Checking offline messages for client
[2025-07-04 21:40:28] [zuVIrAkrcJ27iLMeBqadkQW3yLY=] [babanız] No offline messages found
[2025-07-04 21:40:32] [Y3EDpeFsO9lDhDp9nUiaxxnoG/E=] [LADRON] Checking offline messages for client
[2025-07-04 21:40:32] [Y3EDpeFsO9lDhDp9nUiaxxnoG/E=] [LADRON] No offline messages found
[2025-07-04 21:41:01] [6/d292RHjDEDgBIAnW3zWBlcX+o=] [TeamSpeakUser] Checking offline messages for client
[2025-07-04 21:41:01] [6/d292RHjDEDgBIAnW3zWBlcX+o=] [TeamSpeakUser] No offline messages found
[2025-07-04 21:41:02] [6/d292RHjDEDgBIAnW3zWBlcX+o=] [TeamSpeakUser] Checking offline messages for client
[2025-07-04 21:41:02] [6/d292RHjDEDgBIAnW3zWBlcX+o=] [TeamSpeakUser] No offline messages found
[2025-07-04 21:41:02] [6/d292RHjDEDgBIAnW3zWBlcX+o=] [TeamSpeakUser] Checking offline messages for client
[2025-07-04 21:41:02] [6/d292RHjDEDgBIAnW3zWBlcX+o=] [TeamSpeakUser] No offline messages found
[2025-07-04 21:41:23] [vs+7gbTKwu+h+XgDI2qVApOBkfk=] [Viko(ع)] Checking offline messages for client
[2025-07-04 21:41:23] [vs+7gbTKwu+h+XgDI2qVApOBkfk=] [Viko(ع)] No offline messages found
[2025-07-04 21:43:16] [sC96QZMY/yY8Fc9QjquVCkLiW2c=] [Amirali] Checking offline messages for client
[2025-07-04 21:43:16] [sC96QZMY/yY8Fc9QjquVCkLiW2c=] [Amirali] No offline messages found
[2025-07-04 21:44:27] [oifqugt/iQrqLTccr970rRBsDj8=] [artembill] Checking offline messages for client
[2025-07-04 21:44:27] [oifqugt/iQrqLTccr970rRBsDj8=] [artembill] No offline messages found
[2025-07-04 21:44:31] [oifqugt/iQrqLTccr970rRBsDj8=] [artembill] Checking offline messages for client
[2025-07-04 21:44:31] [oifqugt/iQrqLTccr970rRBsDj8=] [artembill] No offline messages found
[2025-07-04 21:44:31] [oifqugt/iQrqLTccr970rRBsDj8=] [artembill] Checking offline messages for client
[2025-07-04 21:44:31] [oifqugt/iQrqLTccr970rRBsDj8=] [artembill] No offline messages found
[2025-07-04 21:44:32] [oifqugt/iQrqLTccr970rRBsDj8=] [artembill] Checking offline messages for client
[2025-07-04 21:44:32] [oifqugt/iQrqLTccr970rRBsDj8=] [artembill] No offline messages found
[2025-07-04 21:45:37] [oifqugt/iQrqLTccr970rRBsDj8=] [artembill] Checking offline messages for client
[2025-07-04 21:45:37] [oifqugt/iQrqLTccr970rRBsDj8=] [artembill] No offline messages found
[2025-07-04 21:46:23] [xcwFhKN0bPn1QJxV7HHekBb2PAs=] [Сика] Checking offline messages for client
[2025-07-04 21:46:23] [xcwFhKN0bPn1QJxV7HHekBb2PAs=] [Сика] No offline messages found
[2025-07-04 21:46:47] [3q/mYOTA7gk6d5AVyjJDqgBfuU4=] [TeamSpeakUser2] Checking offline messages for client
[2025-07-04 21:46:47] [3q/mYOTA7gk6d5AVyjJDqgBfuU4=] [TeamSpeakUser2] No offline messages found
[2025-07-04 21:48:00] [Y3EDpeFsO9lDhDp9nUiaxxnoG/E=] [LADRON] Checking offline messages for client
[2025-07-04 21:48:00] [Y3EDpeFsO9lDhDp9nUiaxxnoG/E=] [LADRON] No offline messages found
[2025-07-04 21:48:03] [1UGu0O3SPm1d6xpu+eLpb4WE6Kc=] [Maximcv] Checking offline messages for client
[2025-07-04 21:48:03] [1UGu0O3SPm1d6xpu+eLpb4WE6Kc=] [Maximcv] No offline messages found
[2025-07-04 21:48:48] [WUFbI2wm1TirPkulhTRESNYToW0=] [sajjad] Checking offline messages for client
[2025-07-04 21:48:48] [WUFbI2wm1TirPkulhTRESNYToW0=] [sajjad] No offline messages found
[2025-07-04 21:49:16] [J/kzNyztQErVHQnMhc4UlwcIph8=] [Cadza] Checking offline messages for client
[2025-07-04 21:49:16] [J/kzNyztQErVHQnMhc4UlwcIph8=] [Cadza] No offline messages found
[2025-07-04 21:49:26] [PuCHA7vxFmrrIfsXbZU9VTCyvds=] [TeamSpeakUser3] Checking offline messages for client
[2025-07-04 21:49:26] [PuCHA7vxFmrrIfsXbZU9VTCyvds=] [TeamSpeakUser3] No offline messages found
[2025-07-04 21:50:36] [J/kzNyztQErVHQnMhc4UlwcIph8=] [Cadza] Checking offline messages for client
[2025-07-04 21:50:36] [J/kzNyztQErVHQnMhc4UlwcIph8=] [Cadza] No offline messages found
[2025-07-04 21:51:13] [Y3EDpeFsO9lDhDp9nUiaxxnoG/E=] [LADRON] Checking offline messages for client
[2025-07-04 21:51:13] [Y3EDpeFsO9lDhDp9nUiaxxnoG/E=] [LADRON] No offline messages found
[2025-07-04 21:52:45] [LRLgyJCazviWfDUTPvzkB5nJs9E=] [Last_Samurai] Checking offline messages for client
[2025-07-04 21:52:45] [LRLgyJCazviWfDUTPvzkB5nJs9E=] [Last_Samurai] No offline messages found
[2025-07-04 21:52:48] [LRLgyJCazviWfDUTPvzkB5nJs9E=] [Last_Samurai] Checking offline messages for client
[2025-07-04 21:52:48] [LRLgyJCazviWfDUTPvzkB5nJs9E=] [Last_Samurai] No offline messages found
[2025-07-04 21:52:49] [LRLgyJCazviWfDUTPvzkB5nJs9E=] [Last_Samurai] Checking offline messages for client
[2025-07-04 21:52:49] [LRLgyJCazviWfDUTPvzkB5nJs9E=] [Last_Samurai] No offline messages found
[2025-07-04 21:53:19] [bVfmbPdhs43cSHq2E8vJ++QanaI=] [Кадза] Checking offline messages for client
[2025-07-04 21:53:19] [bVfmbPdhs43cSHq2E8vJ++QanaI=] [Кадза] No offline messages found
[2025-07-04 21:53:42] [eG4UMjLmuVndageyqcYzcti5tLY=] [COLDGREEN] Checking offline messages for client
[2025-07-04 21:53:42] [eG4UMjLmuVndageyqcYzcti5tLY=] [COLDGREEN] No offline messages found
[2025-07-04 21:53:57] [bVfmbPdhs43cSHq2E8vJ++QanaI=] [Кадза] Checking offline messages for client
[2025-07-04 21:53:57] [bVfmbPdhs43cSHq2E8vJ++QanaI=] [Кадза] No offline messages found
[2025-07-04 21:54:05] [UkMRdPWzSLSbVYspP0RZwp4rLXU=] [Adam Boroda] Checking offline messages for client
[2025-07-04 21:54:05] [UkMRdPWzSLSbVYspP0RZwp4rLXU=] [Adam Boroda] No offline messages found
[2025-07-04 21:55:04] [bVfmbPdhs43cSHq2E8vJ++QanaI=] [Кадза] Checking offline messages for client
[2025-07-04 21:55:04] [bVfmbPdhs43cSHq2E8vJ++QanaI=] [Кадза] No offline messages found
[2025-07-04 21:55:48] [VuNFAf3wIFc1IkWzOmahJ2tNnQw=] [v13] Checking offline messages for client
[2025-07-04 21:55:48] [VuNFAf3wIFc1IkWzOmahJ2tNnQw=] [v13] No offline messages found
[2025-07-04 22:02:35] [kyhA24szprWIy3JQ8rpVtkuykV8=] [Triple_MD] Checking offline messages for client
[2025-07-04 22:02:35] [kyhA24szprWIy3JQ8rpVtkuykV8=] [Triple_MD] No offline messages found
[2025-07-04 22:06:18] [uIVTzFD2+EcYtfsO7qHYFs7N75E=] [nikbzebouchtatseb] Checking offline messages for client
[2025-07-04 22:06:18] [uIVTzFD2+EcYtfsO7qHYFs7N75E=] [nikbzebouchtatseb] No offline messages found
[2025-07-04 22:09:10] [Cke3CXqbiZKb3bYd24JWq2hfL80=] [vertig0] Checking offline messages for client
[2025-07-04 22:09:10] [Cke3CXqbiZKb3bYd24JWq2hfL80=] [vertig0] No offline messages found
[2025-07-04 22:10:46] [Cke3CXqbiZKb3bYd24JWq2hfL80=] [vertig0] Checking offline messages for client
[2025-07-04 22:10:46] [Cke3CXqbiZKb3bYd24JWq2hfL80=] [vertig0] No offline messages found
[2025-07-04 22:11:44] [mu8zHBA0U1KZm37ZU8GDo7EnWqM=] [Yusoso] Checking offline messages for client
[2025-07-04 22:11:44] [mu8zHBA0U1KZm37ZU8GDo7EnWqM=] [Yusoso] No offline messages found
[2025-07-04 22:12:31] [vs+7gbTKwu+h+XgDI2qVApOBkfk=] [Viko(ع)] Checking offline messages for client
[2025-07-04 22:12:31] [vs+7gbTKwu+h+XgDI2qVApOBkfk=] [Viko(ع)] No offline messages found
[2025-07-04 22:14:19] [8F/wqyUZbzkbJnHcA07nhS4DohU=] [dimafreddyy] Checking offline messages for client
[2025-07-04 22:14:19] [8F/wqyUZbzkbJnHcA07nhS4DohU=] [dimafreddyy] No offline messages found
[2025-07-04 22:14:53] [avYI7vL0XXD3nIsf8cMXtgdn+/s=] [NowY] Checking offline messages for client
[2025-07-04 22:14:53] [avYI7vL0XXD3nIsf8cMXtgdn+/s=] [NowY] No offline messages found
[2025-07-04 22:15:11] [6JmrNsuNSUHwvpPjKgy9GSRbp+k=] [pez0] Checking offline messages for client
[2025-07-04 22:15:11] [6JmrNsuNSUHwvpPjKgy9GSRbp+k=] [pez0] No offline messages found
[2025-07-04 22:16:05] [f12EdjHswKyOEFDyewEipDgzQi0=] [BIG FIUT] Checking offline messages for client
[2025-07-04 22:16:05] [f12EdjHswKyOEFDyewEipDgzQi0=] [BIG FIUT] No offline messages found
[2025-07-04 22:17:15] [LChIIpVKSczGXCJcvYW8G7+Rrgk=] [erik] Checking offline messages for client
[2025-07-04 22:17:15] [LChIIpVKSczGXCJcvYW8G7+Rrgk=] [erik] No offline messages found
[2025-07-04 22:19:08] [vs+7gbTKwu+h+XgDI2qVApOBkfk=] [Viko(ع)] Checking offline messages for client
[2025-07-04 22:19:08] [vs+7gbTKwu+h+XgDI2qVApOBkfk=] [Viko(ع)] No offline messages found
[2025-07-04 22:21:28] [xhTn4opclMp+iPempLliRAnKV4I=] [ALPHA] Checking offline messages for client
[2025-07-04 22:21:28] [xhTn4opclMp+iPempLliRAnKV4I=] [ALPHA] No offline messages found
[2025-07-04 22:21:59] [mu8zHBA0U1KZm37ZU8GDo7EnWqM=] [Yusoso] Checking offline messages for client
[2025-07-04 22:21:59] [mu8zHBA0U1KZm37ZU8GDo7EnWqM=] [Yusoso] No offline messages found
[2025-07-04 22:24:47] [y6Dvn19VXbBd0XOSXfMEraqacFI=] [CrypticBlitz96] Checking offline messages for client
[2025-07-04 22:24:47] [y6Dvn19VXbBd0XOSXfMEraqacFI=] [CrypticBlitz96] No offline messages found
[2025-07-04 22:27:41] [FhJSg/Wivj5Qlb2AVVTCFEL15vY=] [Бедный] Checking offline messages for client
[2025-07-04 22:27:41] [FhJSg/Wivj5Qlb2AVVTCFEL15vY=] [Бедный] No offline messages found
[2025-07-04 22:28:58] [24EkewZtTa85lPq6oDSYYo9p6Yg=] [beytula] Checking offline messages for client
[2025-07-04 22:28:58] [24EkewZtTa85lPq6oDSYYo9p6Yg=] [beytula] No offline messages found
[2025-07-04 22:35:08] [CnsaFLBvFsaEG5TIA7bpH7+nWrU=] [ardoş] Checking offline messages for client
[2025-07-04 22:35:08] [CnsaFLBvFsaEG5TIA7bpH7+nWrU=] [ardoş] No offline messages found
[2025-07-04 22:35:14] [Yolrk0vLW7Jl+G3XWWoj32wvYHo=] [joy] Checking offline messages for client
[2025-07-04 22:35:14] [Yolrk0vLW7Jl+G3XWWoj32wvYHo=] [joy] No offline messages found
[2025-07-04 22:36:30] [sVrSHwfOWFOloLPnjG6Ub+Fzgrg=] [Jaws] Checking offline messages for client
[2025-07-04 22:36:30] [sVrSHwfOWFOloLPnjG6Ub+Fzgrg=] [Jaws] No offline messages found
[2025-07-04 22:39:18] [LqM6f3wXJJVHUgC/n148MGAX0kc=] [Fwd] Checking offline messages for client
[2025-07-04 22:39:18] [LqM6f3wXJJVHUgC/n148MGAX0kc=] [Fwd] No offline messages found
[2025-07-04 22:40:19] [bfBHMKZBZ+ykgSUwUk0K/ZJFvDw=] [zzzCorleonezzz ( Бислан )] Checking offline messages for client
[2025-07-04 22:40:19] [bfBHMKZBZ+ykgSUwUk0K/ZJFvDw=] [zzzCorleonezzz ( Бислан )] No offline messages found
[2025-07-04 22:43:08] [z2RU1kqpyPcLPrCBnehoedhPXRM=] [farkoshka] Checking offline messages for client
[2025-07-04 22:43:08] [z2RU1kqpyPcLPrCBnehoedhPXRM=] [farkoshka] No offline messages found
[2025-07-04 22:43:17] [MarBbTtCOdPsPCcTGPUko7UH7Sk=] [billy nogami] Checking offline messages for client
[2025-07-04 22:43:17] [MarBbTtCOdPsPCcTGPUko7UH7Sk=] [billy nogami] No offline messages found
[2025-07-04 22:43:18] [PhckJHuRGWp+/oEYJbm3VNrgZkw=] [Br4d117] Checking offline messages for client
[2025-07-04 22:43:18] [PhckJHuRGWp+/oEYJbm3VNrgZkw=] [Br4d117] No offline messages found
[2025-07-04 22:43:18] [PhckJHuRGWp+/oEYJbm3VNrgZkw=] [Br4d117] Checking offline messages for client
[2025-07-04 22:43:18] [PhckJHuRGWp+/oEYJbm3VNrgZkw=] [Br4d117] No offline messages found
[2025-07-04 22:43:18] [PhckJHuRGWp+/oEYJbm3VNrgZkw=] [Br4d117] Checking offline messages for client
[2025-07-04 22:43:18] [PhckJHuRGWp+/oEYJbm3VNrgZkw=] [Br4d117] No offline messages found
[2025-07-04 22:48:32] [IZLiFGgk+LfBWwnSRJJmCqsAUrk=] [AMIR01HP] Checking offline messages for client
[2025-07-04 22:48:32] [IZLiFGgk+LfBWwnSRJJmCqsAUrk=] [AMIR01HP] No offline messages found
[2025-07-04 22:48:34] [5tr0bmquCHHSQKHnrvHDA84gg1s=] [DADA] Checking offline messages for client
[2025-07-04 22:48:34] [5tr0bmquCHHSQKHnrvHDA84gg1s=] [DADA] No offline messages found
[2025-07-04 22:50:07] [ByxgeD5C1pEwB1SnnSzEOrDDDM4=] [caeciliae] Checking offline messages for client
[2025-07-04 22:50:07] [ByxgeD5C1pEwB1SnnSzEOrDDDM4=] [caeciliae] No offline messages found
[2025-07-04 22:53:11] [fH55ADpBJR2Pf03gH5EIVyAAuTk=] [W1zard] Checking offline messages for client
[2025-07-04 22:53:11] [fH55ADpBJR2Pf03gH5EIVyAAuTk=] [W1zard] No offline messages found
[2025-07-04 22:56:13] [21GYrZ5LFqh/gapn4zUDZ7mxJFU=] [Chibuike] Checking offline messages for client
[2025-07-04 22:56:13] [21GYrZ5LFqh/gapn4zUDZ7mxJFU=] [Chibuike] No offline messages found
[2025-07-04 22:57:47] [4MLGGYt6Z3sgx8GHTCEtNvLhFCY=] [salas] Checking offline messages for client
[2025-07-04 22:57:47] [4MLGGYt6Z3sgx8GHTCEtNvLhFCY=] [salas] No offline messages found
[2025-07-04 23:00:48] [KJ4zqn9pukLO1ChROBmAPzo3JKk=] [Shutn1k] Checking offline messages for client
[2025-07-04 23:00:48] [KJ4zqn9pukLO1ChROBmAPzo3JKk=] [Shutn1k] No offline messages found
[2025-07-04 23:05:25] [1ch8ejFmN5IJBVtiK+lyVzx2YTM=] [germancoxx] Checking offline messages for client
[2025-07-04 23:05:25] [1ch8ejFmN5IJBVtiK+lyVzx2YTM=] [germancoxx] No offline messages found
[2025-07-04 23:07:18] [Cji46tp2K393WPeFVB8+qBNs7Sw=] [TeamSpeakUser] Checking offline messages for client
[2025-07-04 23:07:18] [Cji46tp2K393WPeFVB8+qBNs7Sw=] [TeamSpeakUser] No offline messages found
[2025-07-04 23:07:28] [ncMjRbrXebjmxHjKSVKBMPR0lXY=] [TeamSpeakUser1] Checking offline messages for client
[2025-07-04 23:07:28] [ncMjRbrXebjmxHjKSVKBMPR0lXY=] [TeamSpeakUser1] No offline messages found
[2025-07-04 23:10:43] [OnyFNlLSRn5WExnVSStquo7sjMA=] [ПожилаяОстановка] Checking offline messages for client
[2025-07-04 23:10:43] [OnyFNlLSRn5WExnVSStquo7sjMA=] [ПожилаяОстановка] No offline messages found
[2025-07-04 23:14:12] [mu8zHBA0U1KZm37ZU8GDo7EnWqM=] [Yusoso] Checking offline messages for client
[2025-07-04 23:14:12] [mu8zHBA0U1KZm37ZU8GDo7EnWqM=] [Yusoso] No offline messages found
[2025-07-04 23:16:38] [Gvnxd3eruxnJtGqziHCsrWMBH3Y=] [Last|Castle] Checking offline messages for client
[2025-07-04 23:16:38] [Gvnxd3eruxnJtGqziHCsrWMBH3Y=] [Last|Castle] No offline messages found
[2025-07-04 23:16:42] [VuNFAf3wIFc1IkWzOmahJ2tNnQw=] [v13] Checking offline messages for client
[2025-07-04 23:16:42] [VuNFAf3wIFc1IkWzOmahJ2tNnQw=] [v13] No offline messages found
[2025-07-04 23:19:15] [Gvnxd3eruxnJtGqziHCsrWMBH3Y=] [Last|Castle] Checking offline messages for client
[2025-07-04 23:19:15] [Gvnxd3eruxnJtGqziHCsrWMBH3Y=] [Last|Castle] No offline messages found
[2025-07-04 23:19:43] [Cji46tp2K393WPeFVB8+qBNs7Sw=] [TeamSpeakUser] Checking offline messages for client
[2025-07-04 23:19:43] [Cji46tp2K393WPeFVB8+qBNs7Sw=] [TeamSpeakUser] No offline messages found
[2025-07-04 23:19:59] [VuNFAf3wIFc1IkWzOmahJ2tNnQw=] [v13] Checking offline messages for client
[2025-07-04 23:19:59] [VuNFAf3wIFc1IkWzOmahJ2tNnQw=] [v13] No offline messages found
[2025-07-04 23:20:07] [Gvnxd3eruxnJtGqziHCsrWMBH3Y=] [Last|Castle] Checking offline messages for client
[2025-07-04 23:20:07] [Gvnxd3eruxnJtGqziHCsrWMBH3Y=] [Last|Castle] No offline messages found
[2025-07-04 23:23:51] [Gvnxd3eruxnJtGqziHCsrWMBH3Y=] [Last|Castle] Checking offline messages for client
[2025-07-04 23:23:51] [Gvnxd3eruxnJtGqziHCsrWMBH3Y=] [Last|Castle] No offline messages found
[2025-07-04 23:26:06] [PZhbTMbM8NFkjMmLpRDR81hHjls=] [xtatic] Checking offline messages for client
[2025-07-04 23:26:06] [PZhbTMbM8NFkjMmLpRDR81hHjls=] [xtatic] No offline messages found
[2025-07-04 23:28:32] [xhTn4opclMp+iPempLliRAnKV4I=] [ALPHA] Checking offline messages for client
[2025-07-04 23:28:32] [xhTn4opclMp+iPempLliRAnKV4I=] [ALPHA] No offline messages found
[2025-07-04 23:30:07] [mWSAiqY7b9z9A7QoOP0uSvoVr/A=] [SmaD] Checking offline messages for client
[2025-07-04 23:30:07] [mWSAiqY7b9z9A7QoOP0uSvoVr/A=] [SmaD] No offline messages found
[2025-07-04 23:30:32] [xhTn4opclMp+iPempLliRAnKV4I=] [ALPHA] Checking offline messages for client
[2025-07-04 23:30:32] [xhTn4opclMp+iPempLliRAnKV4I=] [ALPHA] No offline messages found
[2025-07-04 23:44:15] [tccm/cJba3umzkdFGIyHr6pYOjg=] [добрий вечір] Checking offline messages for client
[2025-07-04 23:44:15] [tccm/cJba3umzkdFGIyHr6pYOjg=] [добрий вечір] No offline messages found
[2025-07-04 23:51:15] [Cji46tp2K393WPeFVB8+qBNs7Sw=] [TeamSpeakUser] Checking offline messages for client
[2025-07-04 23:51:15] [Cji46tp2K393WPeFVB8+qBNs7Sw=] [TeamSpeakUser] No offline messages found
