[2025-07-11 00:04:23] [y8www1vX+Fcxdsy3fifmpFwkYkA=] [KingDriver] Checking offline messages for client
[2025-07-11 00:04:23] [y8www1vX+Fcxdsy3fifmpFwkYkA=] [KingDriver] No offline messages found
[2025-07-11 00:04:42] [L4LjAIoAvSREaHJn1Q6iQBAhjY0=] [TheAli] Checking offline messages for client
[2025-07-11 00:04:42] [L4LjAIoAvSREaHJn1Q6iQBAhjY0=] [TheAli] No offline messages found
[2025-07-11 00:06:53] [s1zEdp1gR19eGSiczbe54JgxCVQ=] [que] Checking offline messages for client
[2025-07-11 00:06:53] [s1zEdp1gR19eGSiczbe54JgxCVQ=] [que] No offline messages found
[2025-07-11 00:08:21] [UkMRdPWzSLSbVYspP0RZwp4rLXU=] [Adam Boroda] Checking offline messages for client
[2025-07-11 00:08:21] [UkMRdPWzSLSbVYspP0RZwp4rLXU=] [Adam Boroda] No offline messages found
[2025-07-11 00:09:47] [+akmOQJCA9SuI55JoAWl8G16SY8=] [devl] Checking offline messages for client
[2025-07-11 00:09:47] [+akmOQJCA9SuI55JoAWl8G16SY8=] [devl] No offline messages found
[2025-07-11 00:10:24] [+jY+727ijHZsfVi54xEx3Dfw1Dk=] [awegawg] Checking offline messages for client
[2025-07-11 00:10:24] [+jY+727ijHZsfVi54xEx3Dfw1Dk=] [awegawg] No offline messages found
[2025-07-11 00:10:38] [24EkewZtTa85lPq6oDSYYo9p6Yg=] [beytula] Checking offline messages for client
[2025-07-11 00:10:38] [24EkewZtTa85lPq6oDSYYo9p6Yg=] [beytula] No offline messages found
[2025-07-11 00:14:15] [TduOE1ZX2E3RqrtnRBfKon2MbVI=] [myarz] Checking offline messages for client
[2025-07-11 00:14:15] [TduOE1ZX2E3RqrtnRBfKon2MbVI=] [myarz] No offline messages found
[2025-07-11 00:15:23] [h3Cd2tL5jI2ijUx82aYVuNgbSDI=] [ZazaDayi] Checking offline messages for client
[2025-07-11 00:15:23] [h3Cd2tL5jI2ijUx82aYVuNgbSDI=] [ZazaDayi] No offline messages found
[2025-07-11 00:18:52] [6loDKB5pFq9h9EZ8lWJAl1sRiNA=] [kagixxx] Checking offline messages for client
[2025-07-11 00:18:52] [6loDKB5pFq9h9EZ8lWJAl1sRiNA=] [kagixxx] No offline messages found
[2025-07-11 00:22:43] [oygS43aAiKRMTVBqmqelO2GuZoE=] [volya] Checking offline messages for client
[2025-07-11 00:22:43] [oygS43aAiKRMTVBqmqelO2GuZoE=] [volya] No offline messages found
[2025-07-11 00:24:08] [vBunIuYQQMKMaHgZOqqlKMoIRT8=] [dillinger] Checking offline messages for client
[2025-07-11 00:24:08] [vBunIuYQQMKMaHgZOqqlKMoIRT8=] [dillinger] No offline messages found
[2025-07-11 00:28:50] [4hTC8iBBFTN4r7+pj0R8+n+DGD0=] [6isma9] Checking offline messages for client
[2025-07-11 00:28:50] [4hTC8iBBFTN4r7+pj0R8+n+DGD0=] [6isma9] No offline messages found
[2025-07-11 00:33:35] [4hTC8iBBFTN4r7+pj0R8+n+DGD0=] [6isma9] Checking offline messages for client
[2025-07-11 00:33:35] [4hTC8iBBFTN4r7+pj0R8+n+DGD0=] [6isma9] No offline messages found
[2025-07-11 00:37:24] [GvKQC+0wB2vJXrx64sJ8sS41K2w=] [Pol'zovatel'] Checking offline messages for client
[2025-07-11 00:37:24] [GvKQC+0wB2vJXrx64sJ8sS41K2w=] [Pol'zovatel'] No offline messages found
[2025-07-11 00:40:56] [UINiUnQ/eAgNIPOPr4tSfW+qXvo=] [Потужний Фід] Checking offline messages for client
[2025-07-11 00:40:56] [UINiUnQ/eAgNIPOPr4tSfW+qXvo=] [Потужний Фід] No offline messages found
[2025-07-11 00:45:23] [g95LkcovmlDSBBJIdmdv0zN6QBs=] [baysikimdeğil] Checking offline messages for client
[2025-07-11 00:45:23] [g95LkcovmlDSBBJIdmdv0zN6QBs=] [baysikimdeğil] No offline messages found
[2025-07-11 00:46:27] [KKakWCNNDyxUyhC4KpkSU2PHuVM=] [yusufppks] Checking offline messages for client
[2025-07-11 00:46:27] [KKakWCNNDyxUyhC4KpkSU2PHuVM=] [yusufppks] No offline messages found
[2025-07-11 00:53:04] [i/ND/EeQWCaCxiPO2253viRIoAA=] [agga] Checking offline messages for client
[2025-07-11 00:53:04] [i/ND/EeQWCaCxiPO2253viRIoAA=] [agga] No offline messages found
[2025-07-11 00:55:49] [ayHUOzBuuInw8J/HHBAIDIq0cYY=] [bohun ivan] Checking offline messages for client
[2025-07-11 00:55:49] [ayHUOzBuuInw8J/HHBAIDIq0cYY=] [bohun ivan] No offline messages found
[2025-07-11 00:59:30] [6uS+/30kQ0fWrVnZj7NYIZaknCc=] [Mobin] Checking offline messages for client
[2025-07-11 00:59:30] [6uS+/30kQ0fWrVnZj7NYIZaknCc=] [Mobin] No offline messages found
[2025-07-11 01:06:47] [5tr0bmquCHHSQKHnrvHDA84gg1s=] [DADA] Checking offline messages for client
[2025-07-11 01:06:47] [5tr0bmquCHHSQKHnrvHDA84gg1s=] [DADA] No offline messages found
[2025-07-11 01:07:24] [qCQuK6Is+deAhN2xl/XspjIz8xY=] [Faith] Checking offline messages for client
[2025-07-11 01:07:24] [qCQuK6Is+deAhN2xl/XspjIz8xY=] [Faith] No offline messages found
[2025-07-11 01:12:07] [MarBbTtCOdPsPCcTGPUko7UH7Sk=] [billy nogami] Checking offline messages for client
[2025-07-11 01:12:07] [MarBbTtCOdPsPCcTGPUko7UH7Sk=] [billy nogami] No offline messages found
[2025-07-11 01:16:23] [MarBbTtCOdPsPCcTGPUko7UH7Sk=] [billy nogami] Checking offline messages for client
[2025-07-11 01:16:23] [MarBbTtCOdPsPCcTGPUko7UH7Sk=] [billy nogami] No offline messages found
[2025-07-11 01:25:11] [Cji46tp2K393WPeFVB8+qBNs7Sw=] [TeamSpeakUser1] Checking offline messages for client
[2025-07-11 01:25:11] [Cji46tp2K393WPeFVB8+qBNs7Sw=] [TeamSpeakUser1] No offline messages found
[2025-07-11 01:36:09] [VGokn6zuBlbabCFtq3qLG9trJuc=] [cedrikfds2] Checking offline messages for client
[2025-07-11 01:36:09] [VGokn6zuBlbabCFtq3qLG9trJuc=] [cedrikfds2] No offline messages found
[2025-07-11 01:36:15] [bxlqJLyhVfh4Ypxwl7iH0re78jk=] [Danu] Checking offline messages for client
[2025-07-11 01:36:15] [bxlqJLyhVfh4Ypxwl7iH0re78jk=] [Danu] No offline messages found
[2025-07-11 01:37:09] [KhV+geb7j7vhiCDedrxyoPOyWsA=] [macetadidick] Checking offline messages for client
[2025-07-11 01:37:09] [KhV+geb7j7vhiCDedrxyoPOyWsA=] [macetadidick] No offline messages found
[2025-07-11 01:40:47] [VGokn6zuBlbabCFtq3qLG9trJuc=] [cedrikfds2] Checking offline messages for client
[2025-07-11 01:40:47] [VGokn6zuBlbabCFtq3qLG9trJuc=] [cedrikfds2] No offline messages found
[2025-07-11 01:41:23] [Cji46tp2K393WPeFVB8+qBNs7Sw=] [TeamSpeakUser1] Checking offline messages for client
[2025-07-11 01:41:23] [Cji46tp2K393WPeFVB8+qBNs7Sw=] [TeamSpeakUser1] No offline messages found
[2025-07-11 01:57:20] [sDGTmykW+tszI+sqWb5sOOLvtdM=] [f.donato] Checking offline messages for client
[2025-07-11 01:57:20] [sDGTmykW+tszI+sqWb5sOOLvtdM=] [f.donato] No offline messages found
[2025-07-11 02:02:40] [bxlqJLyhVfh4Ypxwl7iH0re78jk=] [Danu] Checking offline messages for client
[2025-07-11 02:02:40] [bxlqJLyhVfh4Ypxwl7iH0re78jk=] [Danu] No offline messages found
[2025-07-11 02:14:13] [sDGTmykW+tszI+sqWb5sOOLvtdM=] [f.donato] Checking offline messages for client
[2025-07-11 02:14:13] [sDGTmykW+tszI+sqWb5sOOLvtdM=] [f.donato] No offline messages found
[2025-07-11 02:14:19] [qCQuK6Is+deAhN2xl/XspjIz8xY=] [Faith] Checking offline messages for client
[2025-07-11 02:14:19] [qCQuK6Is+deAhN2xl/XspjIz8xY=] [Faith] No offline messages found
[2025-07-11 02:24:29] [Z3dqFL90itQUOdirlz2x1TyvA1s=] [Victuziin] Checking offline messages for client
[2025-07-11 02:24:29] [Z3dqFL90itQUOdirlz2x1TyvA1s=] [Victuziin] No offline messages found
[2025-07-11 02:34:23] [GdKnDuGa2RpNM8eyII04/GthL5A=] [ван гогг] Checking offline messages for client
[2025-07-11 02:34:23] [GdKnDuGa2RpNM8eyII04/GthL5A=] [ван гогг] No offline messages found
[2025-07-11 02:49:54] [uanmrw3OA9J0DsYU2cxH9V8bx2U=] [NEAJ] Checking offline messages for client
[2025-07-11 02:49:54] [uanmrw3OA9J0DsYU2cxH9V8bx2U=] [NEAJ] No offline messages found
[2025-07-11 02:51:56] [tccm/cJba3umzkdFGIyHr6pYOjg=] [добрий вечір] Checking offline messages for client
[2025-07-11 02:51:56] [tccm/cJba3umzkdFGIyHr6pYOjg=] [добрий вечір] No offline messages found
[2025-07-11 03:08:13] [8GrL7TtsAwbkPA/fi0CnWV4xJo0=] [ivo] Checking offline messages for client
[2025-07-11 03:08:13] [8GrL7TtsAwbkPA/fi0CnWV4xJo0=] [ivo] No offline messages found
[2025-07-11 03:14:09] [8GrL7TtsAwbkPA/fi0CnWV4xJo0=] [ivo] Checking offline messages for client
[2025-07-11 03:14:09] [8GrL7TtsAwbkPA/fi0CnWV4xJo0=] [ivo] No offline messages found
[2025-07-11 03:14:40] [8GrL7TtsAwbkPA/fi0CnWV4xJo0=] [ivo] Checking offline messages for client
[2025-07-11 03:14:40] [8GrL7TtsAwbkPA/fi0CnWV4xJo0=] [ivo] No offline messages found
[2025-07-11 03:14:51] [8GrL7TtsAwbkPA/fi0CnWV4xJo0=] [ivo] Checking offline messages for client
[2025-07-11 03:14:51] [8GrL7TtsAwbkPA/fi0CnWV4xJo0=] [ivo] No offline messages found
[2025-07-11 03:15:06] [8GrL7TtsAwbkPA/fi0CnWV4xJo0=] [ivo] Checking offline messages for client
[2025-07-11 03:15:06] [8GrL7TtsAwbkPA/fi0CnWV4xJo0=] [ivo] No offline messages found
[2025-07-11 03:15:36] [WBs9EuR9sJkxgnopd34/B46BslQ=] [jajao] Checking offline messages for client
[2025-07-11 03:15:36] [WBs9EuR9sJkxgnopd34/B46BslQ=] [jajao] No offline messages found
[2025-07-11 03:31:54] [Cji46tp2K393WPeFVB8+qBNs7Sw=] [TeamSpeakUser1] Checking offline messages for client
[2025-07-11 03:31:54] [Cji46tp2K393WPeFVB8+qBNs7Sw=] [TeamSpeakUser1] No offline messages found
[2025-07-11 03:38:01] [tccm/cJba3umzkdFGIyHr6pYOjg=] [добрий вечір] Checking offline messages for client
[2025-07-11 03:38:01] [tccm/cJba3umzkdFGIyHr6pYOjg=] [добрий вечір] No offline messages found
[2025-07-11 03:53:25] [9UrrUZObzYdMwgXz3Q/zq+Jbn+o=] [Yoschi88] Checking offline messages for client
[2025-07-11 03:53:25] [9UrrUZObzYdMwgXz3Q/zq+Jbn+o=] [Yoschi88] No offline messages found
[2025-07-11 05:24:08] [O3jgy+4YcNZxt6Kfdzgsu6OGY/w=] [Elcau_sita18] Checking offline messages for client
[2025-07-11 05:24:08] [O3jgy+4YcNZxt6Kfdzgsu6OGY/w=] [Elcau_sita18] No offline messages found
[2025-07-11 05:30:26] [ZhvWkHfrWLVjrK3fFImU+a6eDAM=] [ratera] Checking offline messages for client
[2025-07-11 05:30:26] [ZhvWkHfrWLVjrK3fFImU+a6eDAM=] [ratera] No offline messages found
[2025-07-11 05:33:36] [rfSlRu7uzjI8pCmk2erQZXW6+7M=] [2212312] Checking offline messages for client
[2025-07-11 05:33:36] [rfSlRu7uzjI8pCmk2erQZXW6+7M=] [2212312] No offline messages found
[2025-07-11 05:34:58] [B2fRgglzPVX7d5IDrNsAi94lUY0=] [baia] Checking offline messages for client
[2025-07-11 05:34:58] [B2fRgglzPVX7d5IDrNsAi94lUY0=] [baia] No offline messages found
[2025-07-11 05:43:31] [dIinsLm22Lu49xeBBhhT7YgsiSU=] [Shadow] Checking offline messages for client
[2025-07-11 05:43:31] [dIinsLm22Lu49xeBBhhT7YgsiSU=] [Shadow] No offline messages found
[2025-07-11 05:45:00] [A7lepqv9urrvE/GH8UMPlNY6VW8=] [Shwerpy] Checking offline messages for client
[2025-07-11 05:45:00] [A7lepqv9urrvE/GH8UMPlNY6VW8=] [Shwerpy] No offline messages found
[2025-07-11 05:46:07] [dIinsLm22Lu49xeBBhhT7YgsiSU=] [Shadow] Checking offline messages for client
[2025-07-11 05:46:07] [dIinsLm22Lu49xeBBhhT7YgsiSU=] [Shadow] No offline messages found
[2025-07-11 05:49:40] [qNsg0b7JeakWdOg/MBVUEfo+t/s=] [Chico] Checking offline messages for client
[2025-07-11 05:49:40] [qNsg0b7JeakWdOg/MBVUEfo+t/s=] [Chico] No offline messages found
[2025-07-11 06:17:06] [GdKnDuGa2RpNM8eyII04/GthL5A=] [ван гогг] Checking offline messages for client
[2025-07-11 06:17:06] [GdKnDuGa2RpNM8eyII04/GthL5A=] [ван гогг] No offline messages found
[2025-07-11 06:27:45] [tccm/cJba3umzkdFGIyHr6pYOjg=] [добрий вечір] Checking offline messages for client
[2025-07-11 06:27:45] [tccm/cJba3umzkdFGIyHr6pYOjg=] [добрий вечір] No offline messages found
[2025-07-11 08:29:12] [qVldAxT2BuZSKwPYfP5rGmq1glU=] [Sichselber | André] Checking offline messages for client
[2025-07-11 08:29:12] [qVldAxT2BuZSKwPYfP5rGmq1glU=] [Sichselber | André] No offline messages found
[2025-07-11 09:46:47] [ZRJE0ISA13RmnFcasOlw68BVsNY=] [F4funder] Checking offline messages for client
[2025-07-11 09:46:47] [ZRJE0ISA13RmnFcasOlw68BVsNY=] [F4funder] No offline messages found
[2025-07-11 10:06:03] [xBMJD2Y2SpzPtIEf1cFbTuruz8Q=] [TeamSpeakUser1] Checking offline messages for client
[2025-07-11 10:06:03] [xBMJD2Y2SpzPtIEf1cFbTuruz8Q=] [TeamSpeakUser1] No offline messages found
[2025-07-11 10:09:13] [yrWpM4ZZxc3YhyNXbhk3qfKG9V4=] [Damer] Checking offline messages for client
[2025-07-11 10:09:13] [yrWpM4ZZxc3YhyNXbhk3qfKG9V4=] [Damer] No offline messages found
[2025-07-11 10:11:04] [P9UFbDoCfFIMjmOtm1p0FyoG/08=] [Fafaddd] Checking offline messages for client
[2025-07-11 10:11:04] [P9UFbDoCfFIMjmOtm1p0FyoG/08=] [Fafaddd] No offline messages found
[2025-07-11 10:11:06] [8IavFO1c981dBS9jD+FK4qqCzno=] [jinger] Checking offline messages for client
[2025-07-11 10:11:06] [8IavFO1c981dBS9jD+FK4qqCzno=] [jinger] No offline messages found
[2025-07-11 10:11:07] [8IavFO1c981dBS9jD+FK4qqCzno=] [jinger] Checking offline messages for client
[2025-07-11 10:11:07] [8IavFO1c981dBS9jD+FK4qqCzno=] [jinger] No offline messages found
[2025-07-11 10:12:43] [rTpPYmEoaIZhNH6oKY6QihUledY=] [Elnur] Checking offline messages for client
[2025-07-11 10:12:43] [rTpPYmEoaIZhNH6oKY6QihUledY=] [Elnur] No offline messages found
[2025-07-11 10:22:13] [ArDdG6a86sTE9vzN8IIzLOiOEQs=] [Sunrise0754] Checking offline messages for client
[2025-07-11 10:22:13] [ArDdG6a86sTE9vzN8IIzLOiOEQs=] [Sunrise0754] No offline messages found
[2025-07-11 10:23:18] [1AbnbGgxnGmT+1ucLIy1LFbCSCU=] [theslayercroute] Checking offline messages for client
[2025-07-11 10:23:18] [1AbnbGgxnGmT+1ucLIy1LFbCSCU=] [theslayercroute] No offline messages found
[2025-07-11 10:27:18] [sC96QZMY/yY8Fc9QjquVCkLiW2c=] [Amirali] Checking offline messages for client
[2025-07-11 10:27:18] [sC96QZMY/yY8Fc9QjquVCkLiW2c=] [Amirali] No offline messages found
[2025-07-11 10:34:18] [eScCpd5W2pL/jK3JfnxDzKsJdg4=] [morty] Checking offline messages for client
[2025-07-11 10:34:18] [eScCpd5W2pL/jK3JfnxDzKsJdg4=] [morty] No offline messages found
[2025-07-11 10:34:47] [eScCpd5W2pL/jK3JfnxDzKsJdg4=] [morty] Checking offline messages for client
[2025-07-11 10:34:47] [eScCpd5W2pL/jK3JfnxDzKsJdg4=] [morty] No offline messages found
[2025-07-11 10:38:37] [UJQSMUnQbDqCQA/Ap94PriCZpmM=] [1.6fsidertpaket] Checking offline messages for client
[2025-07-11 10:38:37] [UJQSMUnQbDqCQA/Ap94PriCZpmM=] [1.6fsidertpaket] No offline messages found
[2025-07-11 10:46:29] [8IavFO1c981dBS9jD+FK4qqCzno=] [jinger] Checking offline messages for client
[2025-07-11 10:46:29] [8IavFO1c981dBS9jD+FK4qqCzno=] [jinger] No offline messages found
[2025-07-11 10:56:03] [ilO9JAl5glx+WikZA6SZqmic0Iw=] [kaiizenn] Checking offline messages for client
[2025-07-11 10:56:03] [ilO9JAl5glx+WikZA6SZqmic0Iw=] [kaiizenn] No offline messages found
[2025-07-11 11:06:08] [4lgk8AIxD24nO55TvFlly6KF/C4=] [e6lan] Checking offline messages for client
[2025-07-11 11:06:08] [4lgk8AIxD24nO55TvFlly6KF/C4=] [e6lan] No offline messages found
[2025-07-11 11:30:25] [+/H5L4+T/OinfvHjYROCPVsvobU=] [-rbf_js-] Checking offline messages for client
[2025-07-11 11:30:25] [+/H5L4+T/OinfvHjYROCPVsvobU=] [-rbf_js-] No offline messages found
[2025-07-11 11:30:28] [R+KW1QSqbZRuZk4pN2SGLrk8szQ=] [namja] Checking offline messages for client
[2025-07-11 11:30:28] [R+KW1QSqbZRuZk4pN2SGLrk8szQ=] [namja] No offline messages found
[2025-07-11 11:30:58] [3Mq3EB+EEk14kwWNxOyGIgo45U8=] [MATAN] Checking offline messages for client
[2025-07-11 11:30:58] [3Mq3EB+EEk14kwWNxOyGIgo45U8=] [MATAN] No offline messages found
[2025-07-11 11:31:27] [Xr7+2PsRiV2ztYAfnePZrHTdsfo=] [1213] Checking offline messages for client
[2025-07-11 11:31:27] [Xr7+2PsRiV2ztYAfnePZrHTdsfo=] [1213] No offline messages found
[2025-07-11 11:32:36] [+QTfzoCOcfpc5pNJ24WBX/EfRAU=] [Уебище] Checking offline messages for client
[2025-07-11 11:32:36] [+QTfzoCOcfpc5pNJ24WBX/EfRAU=] [Уебище] No offline messages found
[2025-07-11 11:40:54] [kfn1jFosIGdE1yOz/lIfEBXQj4A=] [Rix] Checking offline messages for client
[2025-07-11 11:40:54] [kfn1jFosIGdE1yOz/lIfEBXQj4A=] [Rix] No offline messages found
[2025-07-11 11:42:46] [gQ5C6+V5CuxoWVdapQ4LurehHGY=] [ph0x] Checking offline messages for client
[2025-07-11 11:42:46] [gQ5C6+V5CuxoWVdapQ4LurehHGY=] [ph0x] No offline messages found
[2025-07-11 11:47:18] [ow+Zi/O4SnJIvwHosoZ7zIvOOK8=] [shinigami] Checking offline messages for client
[2025-07-11 11:47:18] [ow+Zi/O4SnJIvwHosoZ7zIvOOK8=] [shinigami] No offline messages found
[2025-07-11 11:54:53] [SrSDfFH0+zTwieZHCd7F/4MgxOM=] [AlirezaFd95] Checking offline messages for client
[2025-07-11 11:54:53] [SrSDfFH0+zTwieZHCd7F/4MgxOM=] [AlirezaFd95] No offline messages found
[2025-07-11 11:57:01] [wGsU1RPAXVCIlbaMzW98u80ko30=] [sobhan] Checking offline messages for client
[2025-07-11 11:57:01] [wGsU1RPAXVCIlbaMzW98u80ko30=] [sobhan] No offline messages found
[2025-07-11 11:57:31] [SrSDfFH0+zTwieZHCd7F/4MgxOM=] [AlirezaFd95] Checking offline messages for client
[2025-07-11 11:57:31] [SrSDfFH0+zTwieZHCd7F/4MgxOM=] [AlirezaFd95] No offline messages found
[2025-07-11 12:05:55] [P9UFbDoCfFIMjmOtm1p0FyoG/08=] [Fafaddd] Checking offline messages for client
[2025-07-11 12:05:55] [P9UFbDoCfFIMjmOtm1p0FyoG/08=] [Fafaddd] No offline messages found
[2025-07-11 12:06:12] [wGsU1RPAXVCIlbaMzW98u80ko30=] [sobhan] Checking offline messages for client
[2025-07-11 12:06:12] [wGsU1RPAXVCIlbaMzW98u80ko30=] [sobhan] No offline messages found
[2025-07-11 12:06:25] [g95LkcovmlDSBBJIdmdv0zN6QBs=] [baysikimdeğil] Checking offline messages for client
[2025-07-11 12:06:25] [g95LkcovmlDSBBJIdmdv0zN6QBs=] [baysikimdeğil] No offline messages found
[2025-07-11 12:07:25] [rTpPYmEoaIZhNH6oKY6QihUledY=] [Elnur] Checking offline messages for client
[2025-07-11 12:07:25] [rTpPYmEoaIZhNH6oKY6QihUledY=] [Elnur] No offline messages found
[2025-07-11 12:09:05] [KKakWCNNDyxUyhC4KpkSU2PHuVM=] [yusufppks] Checking offline messages for client
[2025-07-11 12:09:05] [KKakWCNNDyxUyhC4KpkSU2PHuVM=] [yusufppks] No offline messages found
[2025-07-11 12:10:08] [wGsU1RPAXVCIlbaMzW98u80ko30=] [sobhan] Checking offline messages for client
[2025-07-11 12:10:08] [wGsU1RPAXVCIlbaMzW98u80ko30=] [sobhan] No offline messages found
[2025-07-11 12:11:52] [DlBQSv+ccYTp5SrssTpqL5b2mfg=] [TeamSpeakUser2] Checking offline messages for client
[2025-07-11 12:11:52] [DlBQSv+ccYTp5SrssTpqL5b2mfg=] [TeamSpeakUser2] No offline messages found
[2025-07-11 12:14:18] [SrSDfFH0+zTwieZHCd7F/4MgxOM=] [AlirezaFd95] Checking offline messages for client
[2025-07-11 12:14:18] [SrSDfFH0+zTwieZHCd7F/4MgxOM=] [AlirezaFd95] No offline messages found
[2025-07-11 12:16:00] [wGsU1RPAXVCIlbaMzW98u80ko30=] [sobhan] Checking offline messages for client
[2025-07-11 12:16:00] [wGsU1RPAXVCIlbaMzW98u80ko30=] [sobhan] No offline messages found
[2025-07-11 12:17:28] [rc6PTp7wE3xERTiJhvZj3aYUd/Y=] [kushi] Checking offline messages for client
[2025-07-11 12:17:28] [rc6PTp7wE3xERTiJhvZj3aYUd/Y=] [kushi] No offline messages found
[2025-07-11 12:24:03] [yNFUjD+LJEqojKPPlPGtCAVEYRU=] [Боцман777] Checking offline messages for client
[2025-07-11 12:24:03] [yNFUjD+LJEqojKPPlPGtCAVEYRU=] [Боцман777] No offline messages found
[2025-07-11 12:35:27] [5tr0bmquCHHSQKHnrvHDA84gg1s=] [DADA] Checking offline messages for client
[2025-07-11 12:35:27] [5tr0bmquCHHSQKHnrvHDA84gg1s=] [DADA] No offline messages found
[2025-07-11 12:36:58] [MarBbTtCOdPsPCcTGPUko7UH7Sk=] [billy nogami] Checking offline messages for client
[2025-07-11 12:36:58] [MarBbTtCOdPsPCcTGPUko7UH7Sk=] [billy nogami] No offline messages found
[2025-07-11 12:48:58] [IvPuoleyuChePKK0GR7sRhVCkJE=] [SYRUSSS] Checking offline messages for client
[2025-07-11 12:48:58] [IvPuoleyuChePKK0GR7sRhVCkJE=] [SYRUSSS] No offline messages found
[2025-07-11 12:52:47] [MDsgMsduTvnPTLZowzu/ZXo2lx0=] [mEL] Checking offline messages for client
[2025-07-11 12:52:47] [MDsgMsduTvnPTLZowzu/ZXo2lx0=] [mEL] No offline messages found
[2025-07-11 12:53:30] [bvLZUQJVDvINjHkpHJL4ELh6mBc=] [Overs_] Checking offline messages for client
[2025-07-11 12:53:30] [bvLZUQJVDvINjHkpHJL4ELh6mBc=] [Overs_] No offline messages found
[2025-07-11 12:54:14] [ZQhSo1tQ5YDSZNLYSj+nKwHZezs=] [hamza] Checking offline messages for client
[2025-07-11 12:54:14] [ZQhSo1tQ5YDSZNLYSj+nKwHZezs=] [hamza] No offline messages found
[2025-07-11 12:54:28] [DlBQSv+ccYTp5SrssTpqL5b2mfg=] [TeamSpeakUser2] Checking offline messages for client
[2025-07-11 12:54:28] [DlBQSv+ccYTp5SrssTpqL5b2mfg=] [TeamSpeakUser2] No offline messages found
[2025-07-11 12:55:31] [kZ/unmG4zdKWyjVQnQXDmG4H5YY=] [TeamSpeakUser2] Checking offline messages for client
[2025-07-11 12:55:31] [kZ/unmG4zdKWyjVQnQXDmG4H5YY=] [TeamSpeakUser2] No offline messages found
[2025-07-11 12:57:07] [kZ/unmG4zdKWyjVQnQXDmG4H5YY=] [TeamSpeakUser2] Checking offline messages for client
[2025-07-11 12:57:07] [kZ/unmG4zdKWyjVQnQXDmG4H5YY=] [TeamSpeakUser2] No offline messages found
[2025-07-11 13:03:53] [syGc3yR+8xBjPN6kLg2zE+r+Bwg=] [Gosh] Checking offline messages for client
[2025-07-11 13:03:53] [syGc3yR+8xBjPN6kLg2zE+r+Bwg=] [Gosh] No offline messages found
[2025-07-11 13:06:17] [Y87CyZ0z4OCWoHrzcXmcfNJGgn8=] [Ghost] Checking offline messages for client
[2025-07-11 13:06:17] [Y87CyZ0z4OCWoHrzcXmcfNJGgn8=] [Ghost] No offline messages found
[2025-07-11 13:06:50] [3ZmvZnl8johLcLHH4g1q9BmtZZo=] [deschka] Checking offline messages for client
[2025-07-11 13:06:50] [3ZmvZnl8johLcLHH4g1q9BmtZZo=] [deschka] No offline messages found
[2025-07-11 13:17:01] [1SpGjW2P8juFy83FmQZ7wlJs2js=] [MATIN] Checking offline messages for client
[2025-07-11 13:17:01] [1SpGjW2P8juFy83FmQZ7wlJs2js=] [MATIN] No offline messages found
[2025-07-11 13:17:30] [1SpGjW2P8juFy83FmQZ7wlJs2js=] [MATIN] Checking offline messages for client
[2025-07-11 13:17:30] [1SpGjW2P8juFy83FmQZ7wlJs2js=] [MATIN] No offline messages found
[2025-07-11 13:19:47] [PQrzOho5LO5DSHMK5ecLXNmQaec=] [Nyozli] Checking offline messages for client
[2025-07-11 13:19:47] [PQrzOho5LO5DSHMK5ecLXNmQaec=] [Nyozli] No offline messages found
[2025-07-11 13:20:28] [+QTfzoCOcfpc5pNJ24WBX/EfRAU=] [Уебище] Checking offline messages for client
[2025-07-11 13:20:28] [+QTfzoCOcfpc5pNJ24WBX/EfRAU=] [Уебище] No offline messages found
[2025-07-11 13:26:20] [VuNFAf3wIFc1IkWzOmahJ2tNnQw=] [v13] Checking offline messages for client
[2025-07-11 13:26:20] [VuNFAf3wIFc1IkWzOmahJ2tNnQw=] [v13] No offline messages found
[2025-07-11 13:28:42] [ys5sSvNr/JRiLFoyVOxM6WuzXgE=] [BOBA] Checking offline messages for client
[2025-07-11 13:28:42] [ys5sSvNr/JRiLFoyVOxM6WuzXgE=] [BOBA] No offline messages found
[2025-07-11 13:31:12] [2bUyvfXA/u6gKEf6lBYHtcUoVa8=] [DanialDelRey] Checking offline messages for client
[2025-07-11 13:31:12] [2bUyvfXA/u6gKEf6lBYHtcUoVa8=] [DanialDelRey] No offline messages found
[2025-07-11 13:32:23] [gM6JURCoeTppFvi+so8Nrj/PdUE=] [KvaKing95] Checking offline messages for client
[2025-07-11 13:32:23] [gM6JURCoeTppFvi+so8Nrj/PdUE=] [KvaKing95] No offline messages found
[2025-07-11 13:35:23] [kZ/unmG4zdKWyjVQnQXDmG4H5YY=] [TeamSpeakUser1] Checking offline messages for client
[2025-07-11 13:35:23] [kZ/unmG4zdKWyjVQnQXDmG4H5YY=] [TeamSpeakUser1] No offline messages found
[2025-07-11 13:39:07] [1SpGjW2P8juFy83FmQZ7wlJs2js=] [MATIN] Checking offline messages for client
[2025-07-11 13:39:07] [1SpGjW2P8juFy83FmQZ7wlJs2js=] [MATIN] No offline messages found
[2025-07-11 13:39:52] [PAPjw5ou1pxtJ/LMEXPWWL4eKGI=] [aeRR] Checking offline messages for client
[2025-07-11 13:39:52] [PAPjw5ou1pxtJ/LMEXPWWL4eKGI=] [aeRR] No offline messages found
[2025-07-11 13:40:18] [UnR1QFMMqCYW7eyxyrGF93hSTxM=] [parzi] Checking offline messages for client
[2025-07-11 13:40:18] [UnR1QFMMqCYW7eyxyrGF93hSTxM=] [parzi] No offline messages found
[2025-07-11 13:40:58] [xBMJD2Y2SpzPtIEf1cFbTuruz8Q=] [TeamSpeakUser11] Checking offline messages for client
[2025-07-11 13:40:58] [xBMJD2Y2SpzPtIEf1cFbTuruz8Q=] [TeamSpeakUser11] No offline messages found
[2025-07-11 13:41:35] [M09LXQM0h1IxzpSiw7t91USRzUA=] [dolv1] Checking offline messages for client
[2025-07-11 13:41:35] [M09LXQM0h1IxzpSiw7t91USRzUA=] [dolv1] No offline messages found
[2025-07-11 13:47:01] [sC96QZMY/yY8Fc9QjquVCkLiW2c=] [Amirali] Checking offline messages for client
[2025-07-11 13:47:01] [sC96QZMY/yY8Fc9QjquVCkLiW2c=] [Amirali] No offline messages found
[2025-07-11 13:49:07] [1gxg4kTixKP+E7U4TFVjyyVaim0=] [mbagod] Checking offline messages for client
[2025-07-11 13:49:07] [1gxg4kTixKP+E7U4TFVjyyVaim0=] [mbagod] No offline messages found
[2025-07-11 13:50:21] [sC96QZMY/yY8Fc9QjquVCkLiW2c=] [Amirali] Checking offline messages for client
[2025-07-11 13:50:21] [sC96QZMY/yY8Fc9QjquVCkLiW2c=] [Amirali] No offline messages found
[2025-07-11 13:50:32] [m3jwrJafD7Z1HcDm7lAZbGqtROY=] [zui] Checking offline messages for client
[2025-07-11 13:50:32] [m3jwrJafD7Z1HcDm7lAZbGqtROY=] [zui] No offline messages found
[2025-07-11 13:50:55] [kZ/unmG4zdKWyjVQnQXDmG4H5YY=] [TeamSpeakUser1] Checking offline messages for client
[2025-07-11 13:50:55] [kZ/unmG4zdKWyjVQnQXDmG4H5YY=] [TeamSpeakUser1] No offline messages found
[2025-07-11 13:51:22] [LotTcopSUlmiCdBbOoyVe7jG9XA=] [draen] Checking offline messages for client
[2025-07-11 13:51:22] [LotTcopSUlmiCdBbOoyVe7jG9XA=] [draen] No offline messages found
[2025-07-11 13:53:25] [3ZmvZnl8johLcLHH4g1q9BmtZZo=] [deschka] Checking offline messages for client
[2025-07-11 13:53:25] [3ZmvZnl8johLcLHH4g1q9BmtZZo=] [deschka] No offline messages found
[2025-07-11 13:53:38] [sC96QZMY/yY8Fc9QjquVCkLiW2c=] [Amirali] Checking offline messages for client
[2025-07-11 13:53:38] [sC96QZMY/yY8Fc9QjquVCkLiW2c=] [Amirali] No offline messages found
[2025-07-11 13:54:48] [vs+7gbTKwu+h+XgDI2qVApOBkfk=] [Viko(ع)] Checking offline messages for client
[2025-07-11 13:54:48] [vs+7gbTKwu+h+XgDI2qVApOBkfk=] [Viko(ع)] No offline messages found
[2025-07-11 13:54:51] [sC96QZMY/yY8Fc9QjquVCkLiW2c=] [Amirali] Checking offline messages for client
[2025-07-11 13:54:51] [sC96QZMY/yY8Fc9QjquVCkLiW2c=] [Amirali] No offline messages found
[2025-07-11 13:56:52] [sC96QZMY/yY8Fc9QjquVCkLiW2c=] [Amirali] Checking offline messages for client
[2025-07-11 13:56:52] [sC96QZMY/yY8Fc9QjquVCkLiW2c=] [Amirali] No offline messages found
[2025-07-11 13:57:25] [DhDqNKJFOzAI9dgJ0qsFAh9W1bM=] [Parsa94] Checking offline messages for client
[2025-07-11 13:57:25] [DhDqNKJFOzAI9dgJ0qsFAh9W1bM=] [Parsa94] No offline messages found
[2025-07-11 13:57:48] [sC96QZMY/yY8Fc9QjquVCkLiW2c=] [Amirali] Checking offline messages for client
[2025-07-11 13:57:48] [sC96QZMY/yY8Fc9QjquVCkLiW2c=] [Amirali] No offline messages found
[2025-07-11 13:59:50] [sC96QZMY/yY8Fc9QjquVCkLiW2c=] [Amirali] Checking offline messages for client
[2025-07-11 13:59:50] [sC96QZMY/yY8Fc9QjquVCkLiW2c=] [Amirali] No offline messages found
[2025-07-11 14:03:25] [sC96QZMY/yY8Fc9QjquVCkLiW2c=] [Amirali] Checking offline messages for client
[2025-07-11 14:03:25] [sC96QZMY/yY8Fc9QjquVCkLiW2c=] [Amirali] No offline messages found
[2025-07-11 14:04:07] [1AbnbGgxnGmT+1ucLIy1LFbCSCU=] [theslayercroute] Checking offline messages for client
[2025-07-11 14:04:07] [1AbnbGgxnGmT+1ucLIy1LFbCSCU=] [theslayercroute] No offline messages found
[2025-07-11 14:05:03] [uVIyLE46ey0eBhM+Z9Az+wuDd2U=] [LisssTzz] Checking offline messages for client
[2025-07-11 14:05:03] [uVIyLE46ey0eBhM+Z9Az+wuDd2U=] [LisssTzz] No offline messages found
[2025-07-11 14:08:46] [0pfL6k6+uhY3YJUK1FucX6agAV8=] [MC durak] Checking offline messages for client
[2025-07-11 14:08:46] [0pfL6k6+uhY3YJUK1FucX6agAV8=] [MC durak] No offline messages found
[2025-07-11 14:10:37] [XUq6lat2sP336FLybn+Od5CLO5Q=] [TeamSpeakUser2] Checking offline messages for client
[2025-07-11 14:10:37] [XUq6lat2sP336FLybn+Od5CLO5Q=] [TeamSpeakUser2] No offline messages found
[2025-07-11 14:18:11] [sC96QZMY/yY8Fc9QjquVCkLiW2c=] [Amirali] Checking offline messages for client
[2025-07-11 14:18:11] [sC96QZMY/yY8Fc9QjquVCkLiW2c=] [Amirali] No offline messages found
[2025-07-11 14:22:57] [sC96QZMY/yY8Fc9QjquVCkLiW2c=] [Amirali] Checking offline messages for client
[2025-07-11 14:22:57] [sC96QZMY/yY8Fc9QjquVCkLiW2c=] [Amirali] No offline messages found
[2025-07-11 14:24:31] [vs+7gbTKwu+h+XgDI2qVApOBkfk=] [Viko(ع)] Checking offline messages for client
[2025-07-11 14:24:31] [vs+7gbTKwu+h+XgDI2qVApOBkfk=] [Viko(ع)] No offline messages found
[2025-07-11 14:30:46] [YKaJKPUcO38+nmswF3rtl+ViIlg=] [TeamSpeakUser3] Checking offline messages for client
[2025-07-11 14:30:46] [YKaJKPUcO38+nmswF3rtl+ViIlg=] [TeamSpeakUser3] No offline messages found
[2025-07-11 14:32:02] [s1cKjvWV/U2hH6YRSl2/TWstSVc=] [TeamSpeakUser4] Checking offline messages for client
[2025-07-11 14:32:02] [s1cKjvWV/U2hH6YRSl2/TWstSVc=] [TeamSpeakUser4] No offline messages found
[2025-07-11 14:35:50] [ktT/SftpCnxHE/8DJjKjzUnQ3AY=] [EJEX] Checking offline messages for client
[2025-07-11 14:35:50] [ktT/SftpCnxHE/8DJjKjzUnQ3AY=] [EJEX] No offline messages found
[2025-07-11 14:37:04] [wBtCYPJphOWdVqCVMzLPotGSjGA=] [tlishev] Checking offline messages for client
[2025-07-11 14:37:04] [wBtCYPJphOWdVqCVMzLPotGSjGA=] [tlishev] No offline messages found
[2025-07-11 14:37:16] [kZ/unmG4zdKWyjVQnQXDmG4H5YY=] [TeamSpeakUser1] Checking offline messages for client
[2025-07-11 14:37:16] [kZ/unmG4zdKWyjVQnQXDmG4H5YY=] [TeamSpeakUser1] No offline messages found
[2025-07-11 14:37:32] [MHmdoAL2tS4k9FBfzlhXVa1GOyY=] [devl1] Checking offline messages for client
[2025-07-11 14:37:32] [MHmdoAL2tS4k9FBfzlhXVa1GOyY=] [devl1] No offline messages found
[2025-07-11 14:41:18] [s5SoU0O6Mp2lEkoeWlMc2247gBk=] [don] Checking offline messages for client
[2025-07-11 14:41:18] [s5SoU0O6Mp2lEkoeWlMc2247gBk=] [don] No offline messages found
[2025-07-11 14:44:26] [s5SoU0O6Mp2lEkoeWlMc2247gBk=] [don] Checking offline messages for client
[2025-07-11 14:44:26] [s5SoU0O6Mp2lEkoeWlMc2247gBk=] [don] No offline messages found
[2025-07-11 14:45:19] [g372sfJKbdXlWEl/MP1y2x1X1Dw=] [fds] Checking offline messages for client
[2025-07-11 14:45:19] [g372sfJKbdXlWEl/MP1y2x1X1Dw=] [fds] No offline messages found
[2025-07-11 14:49:38] [g372sfJKbdXlWEl/MP1y2x1X1Dw=] [fds] Checking offline messages for client
[2025-07-11 14:49:38] [g372sfJKbdXlWEl/MP1y2x1X1Dw=] [fds] No offline messages found
[2025-07-11 14:51:50] [sC96QZMY/yY8Fc9QjquVCkLiW2c=] [Amirali] Checking offline messages for client
[2025-07-11 14:51:50] [sC96QZMY/yY8Fc9QjquVCkLiW2c=] [Amirali] No offline messages found
[2025-07-11 14:51:59] [wBtCYPJphOWdVqCVMzLPotGSjGA=] [tlishev] Checking offline messages for client
[2025-07-11 14:51:59] [wBtCYPJphOWdVqCVMzLPotGSjGA=] [tlishev] No offline messages found
[2025-07-11 14:52:53] [tOoGEdCN9ULy8ULKyELfIWNelvU=] [kayanyildz] Checking offline messages for client
[2025-07-11 14:52:53] [tOoGEdCN9ULy8ULKyELfIWNelvU=] [kayanyildz] No offline messages found
[2025-07-11 14:53:10] [3wfCbZork1r8h4aDgIW1hfWE0YA=] [SNAC-Ahmet] Checking offline messages for client
[2025-07-11 14:53:10] [3wfCbZork1r8h4aDgIW1hfWE0YA=] [SNAC-Ahmet] No offline messages found
[2025-07-11 14:54:05] [kfn1jFosIGdE1yOz/lIfEBXQj4A=] [Rix] Checking offline messages for client
[2025-07-11 14:54:05] [kfn1jFosIGdE1yOz/lIfEBXQj4A=] [Rix] No offline messages found
[2025-07-11 14:56:06] [L8VEN4PeNceeZLHOhRYvEKIZWvk=] [aslan] Checking offline messages for client
[2025-07-11 14:56:06] [L8VEN4PeNceeZLHOhRYvEKIZWvk=] [aslan] No offline messages found
[2025-07-11 14:58:40] [kfn1jFosIGdE1yOz/lIfEBXQj4A=] [Rix] Checking offline messages for client
[2025-07-11 14:58:40] [kfn1jFosIGdE1yOz/lIfEBXQj4A=] [Rix] No offline messages found
[2025-07-11 15:07:10] [otx+oFZHI0+5nWic0kiHwBENnrI=] [Arturito] Checking offline messages for client
[2025-07-11 15:07:10] [otx+oFZHI0+5nWic0kiHwBENnrI=] [Arturito] No offline messages found
[2025-07-11 15:10:07] [wDjYvnAEDV8Ca22jvXeJSwKiCC0=] [Chris] Checking offline messages for client
[2025-07-11 15:10:07] [wDjYvnAEDV8Ca22jvXeJSwKiCC0=] [Chris] No offline messages found
[2025-07-11 15:13:17] [F6oCNbGzjZykoYuypdXGychvXjY=] [Diversant] Checking offline messages for client
[2025-07-11 15:13:17] [F6oCNbGzjZykoYuypdXGychvXjY=] [Diversant] No offline messages found
[2025-07-11 15:14:25] [ys5sSvNr/JRiLFoyVOxM6WuzXgE=] [BOBA] Checking offline messages for client
[2025-07-11 15:14:25] [ys5sSvNr/JRiLFoyVOxM6WuzXgE=] [BOBA] No offline messages found
[2025-07-11 15:15:39] [IUPhK1caCl77lBme36nzjs1usM4=] [TeamSpeakUser5] Checking offline messages for client
[2025-07-11 15:15:39] [IUPhK1caCl77lBme36nzjs1usM4=] [TeamSpeakUser5] No offline messages found
[2025-07-11 15:20:34] [IUPhK1caCl77lBme36nzjs1usM4=] [TeamSpeakUser5] Checking offline messages for client
[2025-07-11 15:20:34] [IUPhK1caCl77lBme36nzjs1usM4=] [TeamSpeakUser5] No offline messages found
[2025-07-11 15:21:10] [vs+7gbTKwu+h+XgDI2qVApOBkfk=] [Viko(ع)] Checking offline messages for client
[2025-07-11 15:21:10] [vs+7gbTKwu+h+XgDI2qVApOBkfk=] [Viko(ع)] No offline messages found
[2025-07-11 15:21:58] [vs+7gbTKwu+h+XgDI2qVApOBkfk=] [Viko(ع)] Checking offline messages for client
[2025-07-11 15:21:58] [vs+7gbTKwu+h+XgDI2qVApOBkfk=] [Viko(ع)] No offline messages found
[2025-07-11 15:22:01] [IUPhK1caCl77lBme36nzjs1usM4=] [TeamSpeakUser5] Checking offline messages for client
[2025-07-11 15:22:01] [IUPhK1caCl77lBme36nzjs1usM4=] [TeamSpeakUser5] No offline messages found
[2025-07-11 15:22:28] [IUPhK1caCl77lBme36nzjs1usM4=] [TeamSpeakUser5] Checking offline messages for client
[2025-07-11 15:22:28] [IUPhK1caCl77lBme36nzjs1usM4=] [TeamSpeakUser5] No offline messages found
[2025-07-11 15:23:47] [IUPhK1caCl77lBme36nzjs1usM4=] [TeamSpeakUser5] Checking offline messages for client
[2025-07-11 15:23:47] [IUPhK1caCl77lBme36nzjs1usM4=] [TeamSpeakUser5] No offline messages found
[2025-07-11 15:24:14] [mbP4nghKzvRW54vnBJ4hB+FVGdw=] [Andy] Checking offline messages for client
[2025-07-11 15:24:14] [mbP4nghKzvRW54vnBJ4hB+FVGdw=] [Andy] No offline messages found
[2025-07-11 15:28:36] [d/2RYNlm5B/Nn3BBGjS8/8tretA=] [LaPt] Checking offline messages for client
[2025-07-11 15:28:36] [d/2RYNlm5B/Nn3BBGjS8/8tretA=] [LaPt] No offline messages found
[2025-07-11 15:29:33] [WBs9EuR9sJkxgnopd34/B46BslQ=] [jajao] Checking offline messages for client
[2025-07-11 15:29:33] [WBs9EuR9sJkxgnopd34/B46BslQ=] [jajao] No offline messages found
[2025-07-11 15:31:15] [8GrL7TtsAwbkPA/fi0CnWV4xJo0=] [ivo] Checking offline messages for client
[2025-07-11 15:31:15] [8GrL7TtsAwbkPA/fi0CnWV4xJo0=] [ivo] No offline messages found
[2025-07-11 15:34:53] [g95LkcovmlDSBBJIdmdv0zN6QBs=] [baysikimdeğil] Checking offline messages for client
[2025-07-11 15:34:53] [g95LkcovmlDSBBJIdmdv0zN6QBs=] [baysikimdeğil] No offline messages found
[2025-07-11 15:43:25] [8oxywdK3Huwr5nuAdvDGK5IDtpU=] [Momoryyy] Checking offline messages for client
[2025-07-11 15:43:25] [8oxywdK3Huwr5nuAdvDGK5IDtpU=] [Momoryyy] No offline messages found
[2025-07-11 15:47:02] [IF9FpR3gAmSxQsnDcZCQBde7iWY=] [pipisin] Checking offline messages for client
[2025-07-11 15:47:02] [IF9FpR3gAmSxQsnDcZCQBde7iWY=] [pipisin] No offline messages found
[2025-07-11 15:47:31] [rc6PTp7wE3xERTiJhvZj3aYUd/Y=] [kushi] Checking offline messages for client
[2025-07-11 15:47:31] [rc6PTp7wE3xERTiJhvZj3aYUd/Y=] [kushi] No offline messages found
[2025-07-11 15:48:38] [yNhVy0CvvrsyB6kr6AtIG25gIt0=] [MMamba] Checking offline messages for client
[2025-07-11 15:48:38] [yNhVy0CvvrsyB6kr6AtIG25gIt0=] [MMamba] No offline messages found
[2025-07-11 15:50:18] [7lkgv1NgBUC4Nbvfz0XxfSTDHSQ=] [Platonuch_UA] Checking offline messages for client
[2025-07-11 15:50:18] [7lkgv1NgBUC4Nbvfz0XxfSTDHSQ=] [Platonuch_UA] No offline messages found
[2025-07-11 15:55:04] [vs+7gbTKwu+h+XgDI2qVApOBkfk=] [Viko(ع)] Checking offline messages for client
[2025-07-11 15:55:04] [vs+7gbTKwu+h+XgDI2qVApOBkfk=] [Viko(ع)] No offline messages found
[2025-07-11 15:56:33] [13FFoKtPcRyM32LpHPUykTg5KM0=] [Kamolkxan] Checking offline messages for client
[2025-07-11 15:56:33] [13FFoKtPcRyM32LpHPUykTg5KM0=] [Kamolkxan] No offline messages found
[2025-07-11 15:59:05] [3wfCbZork1r8h4aDgIW1hfWE0YA=] [SNAC-Ahmet] Checking offline messages for client
[2025-07-11 15:59:05] [3wfCbZork1r8h4aDgIW1hfWE0YA=] [SNAC-Ahmet] No offline messages found
[2025-07-11 16:02:33] [tOoGEdCN9ULy8ULKyELfIWNelvU=] [kayanyildz] Checking offline messages for client
[2025-07-11 16:02:33] [tOoGEdCN9ULy8ULKyELfIWNelvU=] [kayanyildz] No offline messages found
[2025-07-11 16:04:10] [3wfCbZork1r8h4aDgIW1hfWE0YA=] [SNAC-Ahmet] Checking offline messages for client
[2025-07-11 16:04:10] [3wfCbZork1r8h4aDgIW1hfWE0YA=] [SNAC-Ahmet] No offline messages found
[2025-07-11 16:09:39] [8fYztNYS5f8Fc6fjkbCM7rkV5og=] [Doolph] Checking offline messages for client
[2025-07-11 16:09:39] [8fYztNYS5f8Fc6fjkbCM7rkV5og=] [Doolph] No offline messages found
[2025-07-11 16:15:28] [eWTIv7jvKRprvEZE+9gzPgoxRlg=] [Puroguramu] Checking offline messages for client
[2025-07-11 16:15:28] [eWTIv7jvKRprvEZE+9gzPgoxRlg=] [Puroguramu] No offline messages found
[2025-07-11 16:16:39] [yNhVy0CvvrsyB6kr6AtIG25gIt0=] [MMamba] Checking offline messages for client
[2025-07-11 16:16:39] [yNhVy0CvvrsyB6kr6AtIG25gIt0=] [MMamba] No offline messages found
[2025-07-11 16:16:43] [8lpiTrDl9XBAR/n7I1dVT3ttFaY=] [Wabudo] Checking offline messages for client
[2025-07-11 16:16:43] [8lpiTrDl9XBAR/n7I1dVT3ttFaY=] [Wabudo] No offline messages found
[2025-07-11 16:19:36] [eWTIv7jvKRprvEZE+9gzPgoxRlg=] [Puroguramu] Checking offline messages for client
[2025-07-11 16:19:36] [eWTIv7jvKRprvEZE+9gzPgoxRlg=] [Puroguramu] No offline messages found
[2025-07-11 16:22:31] [q7G2/UKjynPGC+8eWqWTGArhN/8=] [Kiko] Checking offline messages for client
[2025-07-11 16:22:31] [q7G2/UKjynPGC+8eWqWTGArhN/8=] [Kiko] No offline messages found
[2025-07-11 16:32:10] [CoM1e5Q/phUTsp2Em7+gQmcEjCY=] [Miki] Checking offline messages for client
[2025-07-11 16:32:10] [CoM1e5Q/phUTsp2Em7+gQmcEjCY=] [Miki] No offline messages found
[2025-07-11 16:32:52] [yNhVy0CvvrsyB6kr6AtIG25gIt0=] [MMamba] Checking offline messages for client
[2025-07-11 16:32:52] [yNhVy0CvvrsyB6kr6AtIG25gIt0=] [MMamba] No offline messages found
[2025-07-11 16:34:43] [3Mq3EB+EEk14kwWNxOyGIgo45U8=] [MATAN] Checking offline messages for client
[2025-07-11 16:34:43] [3Mq3EB+EEk14kwWNxOyGIgo45U8=] [MATAN] No offline messages found
[2025-07-11 16:34:46] [okPB05Yw/R9uqp9oBr7M6RdxhIg=] [nam] Checking offline messages for client
[2025-07-11 16:34:46] [okPB05Yw/R9uqp9oBr7M6RdxhIg=] [nam] No offline messages found
[2025-07-11 16:35:21] [9RYhYLJQuz+5zxOjDqP3tBps2/o=] [EXOPUL] Checking offline messages for client
[2025-07-11 16:35:21] [9RYhYLJQuz+5zxOjDqP3tBps2/o=] [EXOPUL] No offline messages found
[2025-07-11 16:35:59] [0XaSaJTqMDRG53r/L41NHA912Rw=] [pisun] Checking offline messages for client
[2025-07-11 16:35:59] [0XaSaJTqMDRG53r/L41NHA912Rw=] [pisun] No offline messages found
[2025-07-11 16:36:03] [8Q/mFssDJ3+RHTNOMX3dGuE0+Fs=] [aleksa] Checking offline messages for client
[2025-07-11 16:36:03] [8Q/mFssDJ3+RHTNOMX3dGuE0+Fs=] [aleksa] No offline messages found
[2025-07-11 16:36:38] [vBunIuYQQMKMaHgZOqqlKMoIRT8=] [dillinger] Checking offline messages for client
[2025-07-11 16:36:38] [vBunIuYQQMKMaHgZOqqlKMoIRT8=] [dillinger] No offline messages found
[2025-07-11 16:38:26] [ow+Zi/O4SnJIvwHosoZ7zIvOOK8=] [shinigami] Checking offline messages for client
[2025-07-11 16:38:26] [ow+Zi/O4SnJIvwHosoZ7zIvOOK8=] [shinigami] No offline messages found
[2025-07-11 16:38:34] [bRevbiJW/A9S0s2cg5fC1JTRSHo=] [poka] Checking offline messages for client
[2025-07-11 16:38:34] [bRevbiJW/A9S0s2cg5fC1JTRSHo=] [poka] No offline messages found
[2025-07-11 16:39:18] [TduOE1ZX2E3RqrtnRBfKon2MbVI=] [myarz] Checking offline messages for client
[2025-07-11 16:39:18] [TduOE1ZX2E3RqrtnRBfKon2MbVI=] [myarz] No offline messages found
[2025-07-11 16:42:15] [WtWgpfS8UE18SW7yGXm3r1yoO/c=] [Kowismo] Checking offline messages for client
[2025-07-11 16:42:15] [WtWgpfS8UE18SW7yGXm3r1yoO/c=] [Kowismo] No offline messages found
[2025-07-11 16:44:29] [B4Y+ZSqlbjaM+nBDVI2euJqs3XQ=] [r1mmi] Checking offline messages for client
[2025-07-11 16:44:29] [B4Y+ZSqlbjaM+nBDVI2euJqs3XQ=] [r1mmi] No offline messages found
[2025-07-11 16:48:09] [qQE/h4Dj4T5WaAMgAFtXauAusk8=] [fam0us] Checking offline messages for client
[2025-07-11 16:48:09] [qQE/h4Dj4T5WaAMgAFtXauAusk8=] [fam0us] No offline messages found
[2025-07-11 16:50:55] [nrEFrg1QXE05wuZZG3BbdkciSEc=] [Dumina] Checking offline messages for client
[2025-07-11 16:50:55] [nrEFrg1QXE05wuZZG3BbdkciSEc=] [Dumina] No offline messages found
[2025-07-11 16:51:07] [JxcNWEAOyQCP/fdSjATnZXtX/yo=] [k479pul74] Checking offline messages for client
[2025-07-11 16:51:07] [JxcNWEAOyQCP/fdSjATnZXtX/yo=] [k479pul74] No offline messages found
[2025-07-11 16:51:07] [O0LMdLOC4QSuehe69k2UubP4wOM=] [sonofkerlouch] Checking offline messages for client
[2025-07-11 16:51:07] [O0LMdLOC4QSuehe69k2UubP4wOM=] [sonofkerlouch] No offline messages found
[2025-07-11 16:51:09] [39Hn80GzU936S3hLOAjj8iP5kpg=] [Shawaj] Checking offline messages for client
[2025-07-11 16:51:09] [39Hn80GzU936S3hLOAjj8iP5kpg=] [Shawaj] No offline messages found
[2025-07-11 16:53:15] [O0LMdLOC4QSuehe69k2UubP4wOM=] [zobonomouk] Checking offline messages for client
[2025-07-11 16:53:15] [O0LMdLOC4QSuehe69k2UubP4wOM=] [zobonomouk] No offline messages found
[2025-07-11 16:53:42] [odfxE6fT/LSpxOdetFRZpwy46HY=] [wwda] Checking offline messages for client
[2025-07-11 16:53:42] [odfxE6fT/LSpxOdetFRZpwy46HY=] [wwda] No offline messages found
[2025-07-11 16:56:57] [JVYr5bKxL1SW+6/DCG+FQqC2Lyo=] [isekai] Checking offline messages for client
[2025-07-11 16:56:57] [JVYr5bKxL1SW+6/DCG+FQqC2Lyo=] [isekai] No offline messages found
[2025-07-11 16:57:24] [53KygjnZxO+/t+IjHD+6V9yK+0I=] [MajesTyyyyyyyy] Checking offline messages for client
[2025-07-11 16:57:24] [53KygjnZxO+/t+IjHD+6V9yK+0I=] [MajesTyyyyyyyy] No offline messages found
[2025-07-11 16:57:43] [qUaGgIOqFMn0yokDe6DXHroNX88=] [Jimbo Tucker] Checking offline messages for client
[2025-07-11 16:57:43] [qUaGgIOqFMn0yokDe6DXHroNX88=] [Jimbo Tucker] No offline messages found
[2025-07-11 16:58:32] [hkzoy+I/kIeZSjGsbABwxezJp1I=] [TeamSpeakUser2] Checking offline messages for client
[2025-07-11 16:58:32] [hkzoy+I/kIeZSjGsbABwxezJp1I=] [TeamSpeakUser2] No offline messages found
[2025-07-11 17:01:39] [DdTZodlZXHjKOe/rO2QlLuhDRu0=] [_Sanitol_] Checking offline messages for client
[2025-07-11 17:01:39] [DdTZodlZXHjKOe/rO2QlLuhDRu0=] [_Sanitol_] No offline messages found
[2025-07-11 17:08:49] [Xr7+2PsRiV2ztYAfnePZrHTdsfo=] [1213] Checking offline messages for client
[2025-07-11 17:08:49] [Xr7+2PsRiV2ztYAfnePZrHTdsfo=] [1213] No offline messages found
[2025-07-11 17:10:01] [+/H5L4+T/OinfvHjYROCPVsvobU=] [-rbf_js-] Checking offline messages for client
[2025-07-11 17:10:01] [+/H5L4+T/OinfvHjYROCPVsvobU=] [-rbf_js-] No offline messages found
[2025-07-11 17:19:45] [otx+oFZHI0+5nWic0kiHwBENnrI=] [Arturito] Checking offline messages for client
[2025-07-11 17:19:45] [otx+oFZHI0+5nWic0kiHwBENnrI=] [Arturito] No offline messages found
[2025-07-11 17:22:47] [otx+oFZHI0+5nWic0kiHwBENnrI=] [Arturito] Checking offline messages for client
[2025-07-11 17:22:47] [otx+oFZHI0+5nWic0kiHwBENnrI=] [Arturito] No offline messages found
[2025-07-11 17:24:00] [eScCpd5W2pL/jK3JfnxDzKsJdg4=] [morty] Checking offline messages for client
[2025-07-11 17:24:00] [eScCpd5W2pL/jK3JfnxDzKsJdg4=] [morty] No offline messages found
[2025-07-11 17:24:25] [0TS7jt0APSegEgA9K9hIWfin7m0=] [dadaok] Checking offline messages for client
[2025-07-11 17:24:25] [0TS7jt0APSegEgA9K9hIWfin7m0=] [dadaok] No offline messages found
[2025-07-11 17:25:33] [KKakWCNNDyxUyhC4KpkSU2PHuVM=] [yusufppks] Checking offline messages for client
[2025-07-11 17:25:33] [KKakWCNNDyxUyhC4KpkSU2PHuVM=] [yusufppks] No offline messages found
[2025-07-11 17:28:07] [yeCVnas7qGde9ZMbPVVuElCMDmM=] [Dezena] Checking offline messages for client
[2025-07-11 17:28:07] [yeCVnas7qGde9ZMbPVVuElCMDmM=] [Dezena] No offline messages found
[2025-07-11 17:29:31] [q5wdHXdhpr7Oc//EqCvbwn0CVZY=] [Malheiro] Checking offline messages for client
[2025-07-11 17:29:31] [q5wdHXdhpr7Oc//EqCvbwn0CVZY=] [Malheiro] No offline messages found
[2025-07-11 17:33:09] [okPB05Yw/R9uqp9oBr7M6RdxhIg=] [nam] Checking offline messages for client
[2025-07-11 17:33:09] [okPB05Yw/R9uqp9oBr7M6RdxhIg=] [nam] No offline messages found
[2025-07-11 17:33:30] [otx+oFZHI0+5nWic0kiHwBENnrI=] [Arturito] Checking offline messages for client
[2025-07-11 17:33:30] [otx+oFZHI0+5nWic0kiHwBENnrI=] [Arturito] No offline messages found
[2025-07-11 17:33:39] [otx+oFZHI0+5nWic0kiHwBENnrI=] [Arturito] Checking offline messages for client
[2025-07-11 17:33:39] [otx+oFZHI0+5nWic0kiHwBENnrI=] [Arturito] No offline messages found
[2025-07-11 17:33:57] [otx+oFZHI0+5nWic0kiHwBENnrI=] [Arturito] Checking offline messages for client
[2025-07-11 17:33:57] [otx+oFZHI0+5nWic0kiHwBENnrI=] [Arturito] No offline messages found
[2025-07-11 17:36:09] [aKaAG6qoaxhtx8bSnAyKGSwgQvA=] [drxxxP] Checking offline messages for client
[2025-07-11 17:36:09] [aKaAG6qoaxhtx8bSnAyKGSwgQvA=] [drxxxP] No offline messages found
[2025-07-11 17:37:15] [jdsZBBcuEzD3+oBXRBnVPJpGkI4=] [eatmyb8ls] Checking offline messages for client
[2025-07-11 17:37:15] [jdsZBBcuEzD3+oBXRBnVPJpGkI4=] [eatmyb8ls] No offline messages found
[2025-07-11 17:37:42] [syGc3yR+8xBjPN6kLg2zE+r+Bwg=] [Gosh] Checking offline messages for client
[2025-07-11 17:37:42] [syGc3yR+8xBjPN6kLg2zE+r+Bwg=] [Gosh] No offline messages found
[2025-07-11 17:38:20] [ZnU8vaPl8AP2v7ujelAJMkb+r+E=] [TeamSpeakUser1] Checking offline messages for client
[2025-07-11 17:38:20] [ZnU8vaPl8AP2v7ujelAJMkb+r+E=] [TeamSpeakUser1] No offline messages found
[2025-07-11 17:38:41] [MutMI8w80TgxkXwn/z4gZc/vgiU=] [Asshole do not burn] Checking offline messages for client
[2025-07-11 17:38:41] [MutMI8w80TgxkXwn/z4gZc/vgiU=] [Asshole do not burn] No offline messages found
[2025-07-11 17:41:17] [UnR1QFMMqCYW7eyxyrGF93hSTxM=] [parzi] Checking offline messages for client
[2025-07-11 17:41:17] [UnR1QFMMqCYW7eyxyrGF93hSTxM=] [parzi] No offline messages found
[2025-07-11 17:44:51] [V+r2jqsObKVU67cAATQYjyj/oEk=] [Blood.born] Checking offline messages for client
[2025-07-11 17:44:51] [V+r2jqsObKVU67cAATQYjyj/oEk=] [Blood.born] No offline messages found
[2025-07-11 17:46:32] [pCok9sO/9Rb4uUpuaKprfxKJCl4=] [m1Gs] Checking offline messages for client
[2025-07-11 17:46:32] [pCok9sO/9Rb4uUpuaKprfxKJCl4=] [m1Gs] No offline messages found
[2025-07-11 17:47:54] [MmC0G6Fn/8u8/dnmAAQ+nxHv6EM=] [TeamSpeakUser1] Checking offline messages for client
[2025-07-11 17:47:54] [MmC0G6Fn/8u8/dnmAAQ+nxHv6EM=] [TeamSpeakUser1] No offline messages found
[2025-07-11 17:52:05] [zplLYXriSF0hqWw82HYme0Qb6hU=] [BlvckMafia] Checking offline messages for client
[2025-07-11 17:52:05] [zplLYXriSF0hqWw82HYme0Qb6hU=] [BlvckMafia] No offline messages found
[2025-07-11 17:55:48] [yNFUjD+LJEqojKPPlPGtCAVEYRU=] [Боцман777] Checking offline messages for client
[2025-07-11 17:55:48] [yNFUjD+LJEqojKPPlPGtCAVEYRU=] [Боцман777] No offline messages found
[2025-07-11 17:57:53] [RkH91acmxA3cUuqBsMdwRLDQBxM=] [Avrelius33] Checking offline messages for client
[2025-07-11 17:57:53] [RkH91acmxA3cUuqBsMdwRLDQBxM=] [Avrelius33] No offline messages found
[2025-07-11 17:58:06] [eScCpd5W2pL/jK3JfnxDzKsJdg4=] [morty] Checking offline messages for client
[2025-07-11 17:58:06] [eScCpd5W2pL/jK3JfnxDzKsJdg4=] [morty] No offline messages found
[2025-07-11 18:01:50] [gITtVlfHYxsd3mvOfTblKNtJBDU=] [4iff] Checking offline messages for client
[2025-07-11 18:01:50] [gITtVlfHYxsd3mvOfTblKNtJBDU=] [4iff] No offline messages found
[2025-07-11 18:02:13] [GiTlJSWJYeVu3z7SsRre04O6XHg=] [daisho0o] Checking offline messages for client
[2025-07-11 18:02:13] [GiTlJSWJYeVu3z7SsRre04O6XHg=] [daisho0o] No offline messages found
[2025-07-11 18:03:13] [GiTlJSWJYeVu3z7SsRre04O6XHg=] [daisho0o] Checking offline messages for client
[2025-07-11 18:03:13] [GiTlJSWJYeVu3z7SsRre04O6XHg=] [daisho0o] No offline messages found
[2025-07-11 18:06:29] [9RYhYLJQuz+5zxOjDqP3tBps2/o=] [EXOPUL] Checking offline messages for client
[2025-07-11 18:06:29] [9RYhYLJQuz+5zxOjDqP3tBps2/o=] [EXOPUL] No offline messages found
[2025-07-11 18:13:20] [pa4EomUE5xzFSB9tc7CilmX3NTU=] [Imprii] Checking offline messages for client
[2025-07-11 18:13:20] [pa4EomUE5xzFSB9tc7CilmX3NTU=] [Imprii] No offline messages found
[2025-07-11 18:15:45] [/paoPeDO7Sw3DPisftzEeJfXp+Y=] [J4M4L] Checking offline messages for client
[2025-07-11 18:15:45] [/paoPeDO7Sw3DPisftzEeJfXp+Y=] [J4M4L] No offline messages found
[2025-07-11 18:17:52] [KTw+VF6m+gTCBlxPrQOWS+S0KMI=] [ego1str0ma] Checking offline messages for client
[2025-07-11 18:17:52] [KTw+VF6m+gTCBlxPrQOWS+S0KMI=] [ego1str0ma] No offline messages found
[2025-07-11 18:17:58] [+eY62p4z2Yc8MBABvp55HWZZJ18=] [saulov] Checking offline messages for client
[2025-07-11 18:17:58] [+eY62p4z2Yc8MBABvp55HWZZJ18=] [saulov] No offline messages found
[2025-07-11 18:24:39] [/9R4rmkHWbhHqpzsUJFkhW8+kag=] [GONZO] Checking offline messages for client
[2025-07-11 18:24:39] [/9R4rmkHWbhHqpzsUJFkhW8+kag=] [GONZO] No offline messages found
[2025-07-11 18:29:13] [gIv03ZtQuihw+6fOW0VT0H6h6c8=] [chapa] Checking offline messages for client
[2025-07-11 18:29:13] [gIv03ZtQuihw+6fOW0VT0H6h6c8=] [chapa] No offline messages found
[2025-07-11 18:32:02] [qCQuK6Is+deAhN2xl/XspjIz8xY=] [Faith] Checking offline messages for client
[2025-07-11 18:32:02] [qCQuK6Is+deAhN2xl/XspjIz8xY=] [Faith] No offline messages found
[2025-07-11 18:33:38] [J59TlJOyXmeGAsjkHRqeI3rZA/8=] [SysmoUsercid=140] Checking offline messages for client
[2025-07-11 18:33:38] [J59TlJOyXmeGAsjkHRqeI3rZA/8=] [SysmoUsercid=140] No offline messages found
[2025-07-11 18:33:45] [lPq8Y8B1JOHL6QoSGZDwJ6xzT7Q=] [vata] Checking offline messages for client
[2025-07-11 18:33:45] [lPq8Y8B1JOHL6QoSGZDwJ6xzT7Q=] [vata] No offline messages found
[2025-07-11 18:35:04] [Z3dqFL90itQUOdirlz2x1TyvA1s=] [Victuziin] Checking offline messages for client
[2025-07-11 18:35:04] [Z3dqFL90itQUOdirlz2x1TyvA1s=] [Victuziin] No offline messages found
[2025-07-11 18:37:52] [sDGTmykW+tszI+sqWb5sOOLvtdM=] [f.donato] Checking offline messages for client
[2025-07-11 18:37:52] [sDGTmykW+tszI+sqWb5sOOLvtdM=] [f.donato] No offline messages found
[2025-07-11 18:41:07] [e1vImF/pvh7c+66eD1lHGlZ9N08=] [Fornax013] Checking offline messages for client
[2025-07-11 18:41:07] [e1vImF/pvh7c+66eD1lHGlZ9N08=] [Fornax013] No offline messages found
[2025-07-11 18:42:09] [fH55ADpBJR2Pf03gH5EIVyAAuTk=] [W1zard] Checking offline messages for client
[2025-07-11 18:42:09] [fH55ADpBJR2Pf03gH5EIVyAAuTk=] [W1zard] No offline messages found
[2025-07-11 18:42:53] [4NEb8EjvTnrdKIlfd6y4WRD73es=] [klozzer] Checking offline messages for client
[2025-07-11 18:42:53] [4NEb8EjvTnrdKIlfd6y4WRD73es=] [klozzer] No offline messages found
[2025-07-11 18:49:56] [qvf2/IsRm9TsXSmNMeDEuXuIC3s=] [Mood] Checking offline messages for client
[2025-07-11 18:49:56] [qvf2/IsRm9TsXSmNMeDEuXuIC3s=] [Mood] No offline messages found
[2025-07-11 18:51:40] [0Z2wqQcTx0kpb/KIf+NPkyv4b60=] [-W1LLL] Checking offline messages for client
[2025-07-11 18:51:40] [0Z2wqQcTx0kpb/KIf+NPkyv4b60=] [-W1LLL] No offline messages found
[2025-07-11 18:53:03] [L7qRovRf/7UBeW38ly75ngISmrA=] [emirhnxnn] Checking offline messages for client
[2025-07-11 18:53:03] [L7qRovRf/7UBeW38ly75ngISmrA=] [emirhnxnn] No offline messages found
[2025-07-11 18:53:03] [L7qRovRf/7UBeW38ly75ngISmrA=] [emirhnxnn] Checking offline messages for client
[2025-07-11 18:53:03] [L7qRovRf/7UBeW38ly75ngISmrA=] [emirhnxnn] No offline messages found
[2025-07-11 18:53:03] [L7qRovRf/7UBeW38ly75ngISmrA=] [emirhnxnn] Checking offline messages for client
[2025-07-11 18:53:03] [L7qRovRf/7UBeW38ly75ngISmrA=] [emirhnxnn] No offline messages found
[2025-07-11 18:53:03] [L7qRovRf/7UBeW38ly75ngISmrA=] [emirhnxnn] Checking offline messages for client
[2025-07-11 18:53:03] [L7qRovRf/7UBeW38ly75ngISmrA=] [emirhnxnn] No offline messages found
[2025-07-11 18:55:36] [mWSAiqY7b9z9A7QoOP0uSvoVr/A=] [SmaD] Checking offline messages for client
[2025-07-11 18:55:36] [mWSAiqY7b9z9A7QoOP0uSvoVr/A=] [SmaD] No offline messages found
[2025-07-11 18:59:51] [SqDu/8DHoEjtTIA31Af2p7bqBGE=] [xinti] Checking offline messages for client
[2025-07-11 18:59:51] [SqDu/8DHoEjtTIA31Af2p7bqBGE=] [xinti] No offline messages found
[2025-07-11 19:06:39] [gM6JURCoeTppFvi+so8Nrj/PdUE=] [KvaKing95] Checking offline messages for client
[2025-07-11 19:06:39] [gM6JURCoeTppFvi+so8Nrj/PdUE=] [KvaKing95] No offline messages found
[2025-07-11 19:07:36] [iWkGqlzyARZXXdyrR8Wzo8kxklE=] [SysmoUsercid=140] Checking offline messages for client
[2025-07-11 19:07:36] [iWkGqlzyARZXXdyrR8Wzo8kxklE=] [SysmoUsercid=140] No offline messages found
[2025-07-11 19:08:29] [1DnWLRgS2QfI/n3VG10tZCF37DE=] [yuno gasai] Checking offline messages for client
[2025-07-11 19:08:29] [1DnWLRgS2QfI/n3VG10tZCF37DE=] [yuno gasai] No offline messages found
[2025-07-11 19:08:35] [fH55ADpBJR2Pf03gH5EIVyAAuTk=] [W1zard] Checking offline messages for client
[2025-07-11 19:08:35] [fH55ADpBJR2Pf03gH5EIVyAAuTk=] [W1zard] No offline messages found
[2025-07-11 19:09:02] [fH55ADpBJR2Pf03gH5EIVyAAuTk=] [W1zard] Checking offline messages for client
[2025-07-11 19:09:02] [fH55ADpBJR2Pf03gH5EIVyAAuTk=] [W1zard] No offline messages found
[2025-07-11 19:09:02] [fH55ADpBJR2Pf03gH5EIVyAAuTk=] [W1zard] Checking offline messages for client
[2025-07-11 19:09:02] [fH55ADpBJR2Pf03gH5EIVyAAuTk=] [W1zard] No offline messages found
[2025-07-11 19:09:02] [fH55ADpBJR2Pf03gH5EIVyAAuTk=] [W1zard] Checking offline messages for client
[2025-07-11 19:09:02] [fH55ADpBJR2Pf03gH5EIVyAAuTk=] [W1zard] No offline messages found
[2025-07-11 19:09:03] [fH55ADpBJR2Pf03gH5EIVyAAuTk=] [W1zard] Checking offline messages for client
[2025-07-11 19:09:03] [fH55ADpBJR2Pf03gH5EIVyAAuTk=] [W1zard] No offline messages found
[2025-07-11 19:14:58] [s5SoU0O6Mp2lEkoeWlMc2247gBk=] [don] Checking offline messages for client
[2025-07-11 19:14:58] [s5SoU0O6Mp2lEkoeWlMc2247gBk=] [don] No offline messages found
[2025-07-11 19:21:14] [LgwxoONgBBy7WWHipcHbISpJnao=] [Alexander177] Checking offline messages for client
[2025-07-11 19:21:14] [LgwxoONgBBy7WWHipcHbISpJnao=] [Alexander177] No offline messages found
[2025-07-11 19:22:09] [BVFkFCJ/YRVCTWoyoNAzBKKgGNQ=] [Даня] Checking offline messages for client
[2025-07-11 19:22:09] [BVFkFCJ/YRVCTWoyoNAzBKKgGNQ=] [Даня] No offline messages found
[2025-07-11 19:22:43] [g95LkcovmlDSBBJIdmdv0zN6QBs=] [baysikimdeğil] Checking offline messages for client
[2025-07-11 19:22:43] [g95LkcovmlDSBBJIdmdv0zN6QBs=] [baysikimdeğil] No offline messages found
[2025-07-11 19:25:36] [+AEiGDs17OALboyzRweaafavqP0=] [ma1tsev] Checking offline messages for client
[2025-07-11 19:25:36] [+AEiGDs17OALboyzRweaafavqP0=] [ma1tsev] No offline messages found
[2025-07-11 19:26:47] [g95LkcovmlDSBBJIdmdv0zN6QBs=] [baysikimdeğil] Checking offline messages for client
[2025-07-11 19:26:47] [g95LkcovmlDSBBJIdmdv0zN6QBs=] [baysikimdeğil] No offline messages found
[2025-07-11 19:28:51] [KKakWCNNDyxUyhC4KpkSU2PHuVM=] [yusufppks] Checking offline messages for client
[2025-07-11 19:28:51] [KKakWCNNDyxUyhC4KpkSU2PHuVM=] [yusufppks] No offline messages found
[2025-07-11 19:28:57] [Ex0A33pUuuY1I6LEMrCuqZrUCiE=] [onix32rus] Checking offline messages for client
[2025-07-11 19:28:57] [Ex0A33pUuuY1I6LEMrCuqZrUCiE=] [onix32rus] No offline messages found
[2025-07-11 19:30:13] [UrwKSS00kZTGHEYhLYrNCZXw8ao=] [Василий1234] Checking offline messages for client
[2025-07-11 19:30:13] [UrwKSS00kZTGHEYhLYrNCZXw8ao=] [Василий1234] No offline messages found
[2025-07-11 19:37:39] [COLZyKJmrHAbeJuIwxgb3lGZ0d0=] [tikka345] Checking offline messages for client
[2025-07-11 19:37:39] [COLZyKJmrHAbeJuIwxgb3lGZ0d0=] [tikka345] No offline messages found
[2025-07-11 19:38:29] [X5IbyBv3WtlcgFhjUdRkdzckDnA=] [[#]Misc] Client in ignored group, skipping offline messages check
[2025-07-11 19:38:48] [CTJJYp6g0ooZW+p10o4IHQNYVIQ=] [I ❤ 2 Dance] Client in ignored group, skipping offline messages check
[2025-07-11 19:39:07] [8yG40ppumRoJGhu1qR/blqgqttw=] [sanka98] Checking offline messages for client
[2025-07-11 19:39:07] [8yG40ppumRoJGhu1qR/blqgqttw=] [sanka98] No offline messages found
[2025-07-11 19:39:52] [0XIPokUUTEkn00muYiwnSCQJ4wM=] [credolls] Checking offline messages for client
[2025-07-11 19:39:52] [0XIPokUUTEkn00muYiwnSCQJ4wM=] [credolls] No offline messages found
[2025-07-11 19:40:11] [U7n5f9f5UuEO8R3R6uqCVlhuqkM=] [Hisoka] Checking offline messages for client
[2025-07-11 19:40:11] [U7n5f9f5UuEO8R3R6uqCVlhuqkM=] [Hisoka] No offline messages found
[2025-07-11 19:41:04] [0pfL6k6+uhY3YJUK1FucX6agAV8=] [MC durak] Checking offline messages for client
[2025-07-11 19:41:04] [0pfL6k6+uhY3YJUK1FucX6agAV8=] [MC durak] No offline messages found
[2025-07-11 19:42:08] [DV6sggHcGUFuJ8EhR7gcrqpncOs=] [TeamSpeakUser] Checking offline messages for client
[2025-07-11 19:42:08] [DV6sggHcGUFuJ8EhR7gcrqpncOs=] [TeamSpeakUser] No offline messages found
[2025-07-11 19:42:16] [jf0TMxXAWddpHYsm1BG7gAcDX4M=] [Xomentiy45] Checking offline messages for client
[2025-07-11 19:42:16] [jf0TMxXAWddpHYsm1BG7gAcDX4M=] [Xomentiy45] No offline messages found
[2025-07-11 19:45:11] [DV6sggHcGUFuJ8EhR7gcrqpncOs=] [TeamSpeakUser] Checking offline messages for client
[2025-07-11 19:45:11] [DV6sggHcGUFuJ8EhR7gcrqpncOs=] [TeamSpeakUser] No offline messages found
[2025-07-11 19:45:16] [CAXLSUAM56Ig7tLYqBzO8Lrc+lY=] [zulul] Checking offline messages for client
[2025-07-11 19:45:16] [CAXLSUAM56Ig7tLYqBzO8Lrc+lY=] [zulul] No offline messages found
[2025-07-11 19:45:56] [XUq6lat2sP336FLybn+Od5CLO5Q=] [TeamSpeakUser2] Checking offline messages for client
[2025-07-11 19:45:56] [XUq6lat2sP336FLybn+Od5CLO5Q=] [TeamSpeakUser2] No offline messages found
[2025-07-11 19:46:26] [DV6sggHcGUFuJ8EhR7gcrqpncOs=] [TeamSpeakUser] Checking offline messages for client
[2025-07-11 19:46:26] [DV6sggHcGUFuJ8EhR7gcrqpncOs=] [TeamSpeakUser] No offline messages found
[2025-07-11 19:52:52] [IUc73bO0fqTN7Dqmo8LZBwNnhYA=] [WirtzGoldenBoy] Checking offline messages for client
[2025-07-11 19:52:52] [IUc73bO0fqTN7Dqmo8LZBwNnhYA=] [WirtzGoldenBoy] No offline messages found
[2025-07-11 19:53:56] [g95LkcovmlDSBBJIdmdv0zN6QBs=] [baysikimdeğil] Checking offline messages for client
[2025-07-11 19:53:56] [g95LkcovmlDSBBJIdmdv0zN6QBs=] [baysikimdeğil] No offline messages found
[2025-07-11 19:54:40] [UaWg0SMyfAkCvHy5CyiGFneBPYs=] [WirtzGoldenBoy] Checking offline messages for client
[2025-07-11 19:54:40] [UaWg0SMyfAkCvHy5CyiGFneBPYs=] [WirtzGoldenBoy] No offline messages found
[2025-07-11 19:54:46] [sZQPfAhKNyJnHG1VTlCSqp382GY=] [GSavio] Checking offline messages for client
[2025-07-11 19:54:46] [sZQPfAhKNyJnHG1VTlCSqp382GY=] [GSavio] No offline messages found
[2025-07-11 19:55:44] [lqX2Oz/RGh+MQGKjhD9GbFED4OY=] [DarkZX] Checking offline messages for client
[2025-07-11 19:55:44] [lqX2Oz/RGh+MQGKjhD9GbFED4OY=] [DarkZX] No offline messages found
[2025-07-11 19:56:46] [kzuTugeStsHBIcft6KRkMr/lGAg=] [FXjulius] Checking offline messages for client
[2025-07-11 19:56:46] [kzuTugeStsHBIcft6KRkMr/lGAg=] [FXjulius] No offline messages found
[2025-07-11 19:57:17] [kzuTugeStsHBIcft6KRkMr/lGAg=] [FXjulius] Checking offline messages for client
[2025-07-11 19:57:17] [kzuTugeStsHBIcft6KRkMr/lGAg=] [FXjulius] No offline messages found
[2025-07-11 19:57:56] [1DnWLRgS2QfI/n3VG10tZCF37DE=] [yuno gasai] Checking offline messages for client
[2025-07-11 19:57:56] [1DnWLRgS2QfI/n3VG10tZCF37DE=] [yuno gasai] No offline messages found
[2025-07-11 19:59:05] [hkzoy+I/kIeZSjGsbABwxezJp1I=] [TeamSpeakUser3] Checking offline messages for client
[2025-07-11 19:59:05] [hkzoy+I/kIeZSjGsbABwxezJp1I=] [TeamSpeakUser3] No offline messages found
[2025-07-11 19:59:48] [16sukKAFNap1+Cn7UMJ+NAHaa8I=] [нихао] Checking offline messages for client
[2025-07-11 19:59:48] [16sukKAFNap1+Cn7UMJ+NAHaa8I=] [нихао] No offline messages found
[2025-07-11 20:00:55] [GlTSg7N4cUlngIFDboyJkBc+xr4=] [tros] Checking offline messages for client
[2025-07-11 20:00:55] [GlTSg7N4cUlngIFDboyJkBc+xr4=] [tros] No offline messages found
[2025-07-11 20:01:33] [IUc73bO0fqTN7Dqmo8LZBwNnhYA=] [WirtzGoldenBoy] Checking offline messages for client
[2025-07-11 20:01:33] [IUc73bO0fqTN7Dqmo8LZBwNnhYA=] [WirtzGoldenBoy] No offline messages found
[2025-07-11 20:01:57] [db5M5xKUN59pF25L3Ham4b5Ndjw=] [Reddington] Checking offline messages for client
[2025-07-11 20:01:57] [db5M5xKUN59pF25L3Ham4b5Ndjw=] [Reddington] No offline messages found
[2025-07-11 20:02:30] [V/sE7GD+jPAQPdHRhDxgmql0tFI=] [Jabberson] Checking offline messages for client
[2025-07-11 20:02:30] [V/sE7GD+jPAQPdHRhDxgmql0tFI=] [Jabberson] No offline messages found
[2025-07-11 20:02:39] [3El8Af8khtUw3r7evsMzWALuswM=] [montesiao] Checking offline messages for client
[2025-07-11 20:02:39] [3El8Af8khtUw3r7evsMzWALuswM=] [montesiao] No offline messages found
[2025-07-11 20:02:44] [+jY+727ijHZsfVi54xEx3Dfw1Dk=] [awegawg] Checking offline messages for client
[2025-07-11 20:02:44] [+jY+727ijHZsfVi54xEx3Dfw1Dk=] [awegawg] No offline messages found
[2025-07-11 20:04:05] [UaWg0SMyfAkCvHy5CyiGFneBPYs=] [WirtzGoldenBoy] Checking offline messages for client
[2025-07-11 20:04:05] [UaWg0SMyfAkCvHy5CyiGFneBPYs=] [WirtzGoldenBoy] No offline messages found
[2025-07-11 20:04:11] [ayHUOzBuuInw8J/HHBAIDIq0cYY=] [bohun ivan] Checking offline messages for client
[2025-07-11 20:04:11] [ayHUOzBuuInw8J/HHBAIDIq0cYY=] [bohun ivan] No offline messages found
[2025-07-11 20:04:36] [h2yxqDaYBdNiyDlVGOH/YWCactg=] [dydek10master] Checking offline messages for client
[2025-07-11 20:04:36] [h2yxqDaYBdNiyDlVGOH/YWCactg=] [dydek10master] No offline messages found
[2025-07-11 20:05:20] [3ZmvZnl8johLcLHH4g1q9BmtZZo=] [deschka] Checking offline messages for client
[2025-07-11 20:05:20] [3ZmvZnl8johLcLHH4g1q9BmtZZo=] [deschka] No offline messages found
[2025-07-11 20:06:29] [cMFM6WrneTrfcarJY7o5Ksgwgag=] [gokos] Checking offline messages for client
[2025-07-11 20:06:29] [cMFM6WrneTrfcarJY7o5Ksgwgag=] [gokos] No offline messages found
[2025-07-11 20:06:37] [QlS2dC4Cr8kYrMCwMl/pPCEheNI=] [Hero] Checking offline messages for client
[2025-07-11 20:06:37] [QlS2dC4Cr8kYrMCwMl/pPCEheNI=] [Hero] No offline messages found
[2025-07-11 20:06:40] [HWLzM87+yNul7zc6POACMa/NjHo=] [TeamSpeakUser4] Checking offline messages for client
[2025-07-11 20:06:40] [HWLzM87+yNul7zc6POACMa/NjHo=] [TeamSpeakUser4] No offline messages found
[2025-07-11 20:06:47] [3El8Af8khtUw3r7evsMzWALuswM=] [montesiao] Checking offline messages for client
[2025-07-11 20:06:47] [3El8Af8khtUw3r7evsMzWALuswM=] [montesiao] No offline messages found
[2025-07-11 20:07:40] [GRmt7jZLfS3A+SdGDckb2BiZEAk=] [sameqqq] Checking offline messages for client
[2025-07-11 20:07:40] [GRmt7jZLfS3A+SdGDckb2BiZEAk=] [sameqqq] No offline messages found
[2025-07-11 20:08:59] [brJuqjkef+Vmsp/NiU8N+5vxOe8=] [abdullah] Checking offline messages for client
[2025-07-11 20:08:59] [brJuqjkef+Vmsp/NiU8N+5vxOe8=] [abdullah] No offline messages found
[2025-07-11 20:09:17] [iYz6U/UCQtimfI059cxGEFxkb18=] [nafhy] Checking offline messages for client
[2025-07-11 20:09:17] [iYz6U/UCQtimfI059cxGEFxkb18=] [nafhy] No offline messages found
[2025-07-11 20:12:01] [brJuqjkef+Vmsp/NiU8N+5vxOe8=] [abdullah] Checking offline messages for client
[2025-07-11 20:12:01] [brJuqjkef+Vmsp/NiU8N+5vxOe8=] [abdullah] No offline messages found
[2025-07-11 20:14:05] [3mcGJJfpiYLyS9HochmmtFkh1RI=] [TeamSpeakUser5] Checking offline messages for client
[2025-07-11 20:14:05] [3mcGJJfpiYLyS9HochmmtFkh1RI=] [TeamSpeakUser5] No offline messages found
[2025-07-11 20:15:02] [brJuqjkef+Vmsp/NiU8N+5vxOe8=] [abdullah] Checking offline messages for client
[2025-07-11 20:15:02] [brJuqjkef+Vmsp/NiU8N+5vxOe8=] [abdullah] No offline messages found
[2025-07-11 20:16:32] [3mcGJJfpiYLyS9HochmmtFkh1RI=] [TeamSpeakUser5] Checking offline messages for client
[2025-07-11 20:16:32] [3mcGJJfpiYLyS9HochmmtFkh1RI=] [TeamSpeakUser5] No offline messages found
[2025-07-11 20:17:50] [6VFdHJQ2mv0EvTaS5wMdqYvgAp0=] [AmREYZO] Checking offline messages for client
[2025-07-11 20:17:50] [6VFdHJQ2mv0EvTaS5wMdqYvgAp0=] [AmREYZO] No offline messages found
[2025-07-11 20:18:22] [FrWtGxZfiQU+oAje4gRRD6YPLks=] [JAHANGIR] Checking offline messages for client
[2025-07-11 20:18:22] [FrWtGxZfiQU+oAje4gRRD6YPLks=] [JAHANGIR] No offline messages found
[2025-07-11 20:18:40] [tOoGEdCN9ULy8ULKyELfIWNelvU=] [kayanyildz] Checking offline messages for client
[2025-07-11 20:18:40] [tOoGEdCN9ULy8ULKyELfIWNelvU=] [kayanyildz] No offline messages found
[2025-07-11 20:19:40] [PCz5mVdmODgf+BuhB/F8jAcUsWY=] [XandeRMeisteR] Checking offline messages for client
[2025-07-11 20:19:40] [PCz5mVdmODgf+BuhB/F8jAcUsWY=] [XandeRMeisteR] No offline messages found
[2025-07-11 20:22:13] [GdKnDuGa2RpNM8eyII04/GthL5A=] [ван гогг] Checking offline messages for client
[2025-07-11 20:22:13] [GdKnDuGa2RpNM8eyII04/GthL5A=] [ван гогг] No offline messages found
[2025-07-11 20:22:34] [HWLzM87+yNul7zc6POACMa/NjHo=] [TeamSpeakUser4] Checking offline messages for client
[2025-07-11 20:22:34] [HWLzM87+yNul7zc6POACMa/NjHo=] [TeamSpeakUser4] No offline messages found
[2025-07-11 20:22:45] [FrWtGxZfiQU+oAje4gRRD6YPLks=] [JAHANGIR] Checking offline messages for client
[2025-07-11 20:22:45] [FrWtGxZfiQU+oAje4gRRD6YPLks=] [JAHANGIR] No offline messages found
[2025-07-11 20:22:56] [jIYbsjxSlUyQS2VyFG3J0zG0Jcg=] [sashalazar] Checking offline messages for client
[2025-07-11 20:22:56] [jIYbsjxSlUyQS2VyFG3J0zG0Jcg=] [sashalazar] No offline messages found
[2025-07-11 20:24:34] [3wfCbZork1r8h4aDgIW1hfWE0YA=] [SNAC-Ahmet] Checking offline messages for client
[2025-07-11 20:24:34] [3wfCbZork1r8h4aDgIW1hfWE0YA=] [SNAC-Ahmet] No offline messages found
[2025-07-11 20:27:45] [CnsaFLBvFsaEG5TIA7bpH7+nWrU=] [ardoş] Checking offline messages for client
[2025-07-11 20:27:45] [CnsaFLBvFsaEG5TIA7bpH7+nWrU=] [ardoş] No offline messages found
[2025-07-11 20:28:16] [sVrSHwfOWFOloLPnjG6Ub+Fzgrg=] [Jaws] Checking offline messages for client
[2025-07-11 20:28:16] [sVrSHwfOWFOloLPnjG6Ub+Fzgrg=] [Jaws] No offline messages found
[2025-07-11 20:29:06] [yBICHbhgjt9SlHyQu3BZbOYMUQU=] [H0R0Z] Checking offline messages for client
[2025-07-11 20:29:06] [yBICHbhgjt9SlHyQu3BZbOYMUQU=] [H0R0Z] No offline messages found
[2025-07-11 20:32:24] [s5SoU0O6Mp2lEkoeWlMc2247gBk=] [don] Checking offline messages for client
[2025-07-11 20:32:24] [s5SoU0O6Mp2lEkoeWlMc2247gBk=] [don] No offline messages found
[2025-07-11 20:32:27] [v8d0S2VwxhW09HTFPSJZmdATS9s=] [lokmannnnnn] Checking offline messages for client
[2025-07-11 20:32:27] [v8d0S2VwxhW09HTFPSJZmdATS9s=] [lokmannnnnn] No offline messages found
[2025-07-11 20:32:35] [iziowVTbk7mGU95qNZGKt7wZaR8=] [bentuto] Checking offline messages for client
[2025-07-11 20:32:35] [iziowVTbk7mGU95qNZGKt7wZaR8=] [bentuto] No offline messages found
[2025-07-11 20:33:02] [2Lx63FxcyvHlLbs3Khbo5bJe6mY=] [Last] Checking offline messages for client
[2025-07-11 20:33:02] [2Lx63FxcyvHlLbs3Khbo5bJe6mY=] [Last] No offline messages found
[2025-07-11 20:33:02] [2Lx63FxcyvHlLbs3Khbo5bJe6mY=] [Last] Checking offline messages for client
[2025-07-11 20:33:02] [2Lx63FxcyvHlLbs3Khbo5bJe6mY=] [Last] No offline messages found
[2025-07-11 20:33:02] [2Lx63FxcyvHlLbs3Khbo5bJe6mY=] [Last] Checking offline messages for client
[2025-07-11 20:33:02] [2Lx63FxcyvHlLbs3Khbo5bJe6mY=] [Last] No offline messages found
[2025-07-11 20:33:50] [3q/mYOTA7gk6d5AVyjJDqgBfuU4=] [TeamSpeakUser6] Checking offline messages for client
[2025-07-11 20:33:50] [3q/mYOTA7gk6d5AVyjJDqgBfuU4=] [TeamSpeakUser6] No offline messages found
[2025-07-11 20:34:09] [wBtCYPJphOWdVqCVMzLPotGSjGA=] [tlishev] Checking offline messages for client
[2025-07-11 20:34:09] [wBtCYPJphOWdVqCVMzLPotGSjGA=] [tlishev] No offline messages found
[2025-07-11 20:34:56] [iIZr3O7Vrg2GpwLAXFKthhOS8m4=] [whizzB] Checking offline messages for client
[2025-07-11 20:34:56] [iIZr3O7Vrg2GpwLAXFKthhOS8m4=] [whizzB] No offline messages found
[2025-07-11 20:35:08] [czJq8VhqlxMm/zy39XTQ+Np/v1c=] [Manwe] Checking offline messages for client
[2025-07-11 20:35:08] [czJq8VhqlxMm/zy39XTQ+Np/v1c=] [Manwe] No offline messages found
[2025-07-11 20:37:43] [RN5q34hvf046r4qme1+T2IWlORI=] [maksik] Checking offline messages for client
[2025-07-11 20:37:43] [RN5q34hvf046r4qme1+T2IWlORI=] [maksik] No offline messages found
[2025-07-11 20:37:45] [RN5q34hvf046r4qme1+T2IWlORI=] [maksik] Checking offline messages for client
[2025-07-11 20:37:45] [RN5q34hvf046r4qme1+T2IWlORI=] [maksik] No offline messages found
[2025-07-11 20:37:46] [RN5q34hvf046r4qme1+T2IWlORI=] [maksik] Checking offline messages for client
[2025-07-11 20:37:46] [RN5q34hvf046r4qme1+T2IWlORI=] [maksik] No offline messages found
[2025-07-11 20:37:48] [RN5q34hvf046r4qme1+T2IWlORI=] [maksik] Checking offline messages for client
[2025-07-11 20:37:48] [RN5q34hvf046r4qme1+T2IWlORI=] [maksik] No offline messages found
[2025-07-11 20:40:22] [uanmrw3OA9J0DsYU2cxH9V8bx2U=] [NEAJ] Checking offline messages for client
[2025-07-11 20:40:22] [uanmrw3OA9J0DsYU2cxH9V8bx2U=] [NEAJ] No offline messages found
[2025-07-11 20:40:40] [1qdugr9SYLq7k83ONOCZiXmURa0=] [Dima_05417319] Checking offline messages for client
[2025-07-11 20:40:40] [1qdugr9SYLq7k83ONOCZiXmURa0=] [Dima_05417319] No offline messages found
[2025-07-11 20:42:53] [BVFkFCJ/YRVCTWoyoNAzBKKgGNQ=] [Даня] Checking offline messages for client
[2025-07-11 20:42:53] [BVFkFCJ/YRVCTWoyoNAzBKKgGNQ=] [Даня] No offline messages found
[2025-07-11 20:43:31] [7OPNxHcTHSq+znXytBlDRPU74IQ=] [NaiRoD] Checking offline messages for client
[2025-07-11 20:43:31] [7OPNxHcTHSq+znXytBlDRPU74IQ=] [NaiRoD] No offline messages found
[2025-07-11 20:44:13] [o3G9rA/YjPOMWxOUehTn8HZBzto=] [Darkhains] Checking offline messages for client
[2025-07-11 20:44:13] [o3G9rA/YjPOMWxOUehTn8HZBzto=] [Darkhains] No offline messages found
[2025-07-11 20:44:37] [o3G9rA/YjPOMWxOUehTn8HZBzto=] [Darkhains] Checking offline messages for client
[2025-07-11 20:44:37] [o3G9rA/YjPOMWxOUehTn8HZBzto=] [Darkhains] No offline messages found
[2025-07-11 20:46:49] [53WGZq7xh8DWnODjRPPCC8NpiC0=] [v1tqms] Checking offline messages for client
[2025-07-11 20:46:49] [53WGZq7xh8DWnODjRPPCC8NpiC0=] [v1tqms] No offline messages found
[2025-07-11 20:47:15] [vxdfFXt33wnNnlZXoiwbyFr5Y7M=] [buchka] Checking offline messages for client
[2025-07-11 20:47:15] [vxdfFXt33wnNnlZXoiwbyFr5Y7M=] [buchka] No offline messages found
[2025-07-11 20:47:26] [E+nU2jk9KqAg+8R8UYSSZZGBPMw=] [TeamSpeakUser5] Checking offline messages for client
[2025-07-11 20:47:26] [E+nU2jk9KqAg+8R8UYSSZZGBPMw=] [TeamSpeakUser5] No offline messages found
[2025-07-11 20:47:40] [kZ/unmG4zdKWyjVQnQXDmG4H5YY=] [TeamSpeakUser6] Checking offline messages for client
[2025-07-11 20:47:40] [kZ/unmG4zdKWyjVQnQXDmG4H5YY=] [TeamSpeakUser6] No offline messages found
[2025-07-11 20:48:02] [3PUL5t5Jz0KW4hyrBCzi+BArN60=] [tenshin_non] Checking offline messages for client
[2025-07-11 20:48:02] [3PUL5t5Jz0KW4hyrBCzi+BArN60=] [tenshin_non] No offline messages found
[2025-07-11 20:48:32] [+vVe9y7KDRV9mBOqgGxIE3TldlI=] [Fullfunny] Checking offline messages for client
[2025-07-11 20:48:32] [+vVe9y7KDRV9mBOqgGxIE3TldlI=] [Fullfunny] No offline messages found
[2025-07-11 20:48:33] [WJWYcrFKUh5LaB0ZA0SaJqx8I4E=] [treflex] Checking offline messages for client
[2025-07-11 20:48:33] [WJWYcrFKUh5LaB0ZA0SaJqx8I4E=] [treflex] No offline messages found
[2025-07-11 20:49:00] [RkH91acmxA3cUuqBsMdwRLDQBxM=] [Avrelius33] Checking offline messages for client
[2025-07-11 20:49:00] [RkH91acmxA3cUuqBsMdwRLDQBxM=] [Avrelius33] No offline messages found
[2025-07-11 20:49:15] [vAoVADXVgpjfEfuPw77F4fgEIl8=] [Nostalgia 2] Checking offline messages for client
[2025-07-11 20:49:15] [vAoVADXVgpjfEfuPw77F4fgEIl8=] [Nostalgia 2] No offline messages found
[2025-07-11 20:49:45] [Cwezu5ff7qcbVSXLJ+inLPx/7Wc=] [BigProut] Checking offline messages for client
[2025-07-11 20:49:45] [Cwezu5ff7qcbVSXLJ+inLPx/7Wc=] [BigProut] No offline messages found
[2025-07-11 20:50:08] [RkH91acmxA3cUuqBsMdwRLDQBxM=] [Avrelius33] Checking offline messages for client
[2025-07-11 20:50:08] [RkH91acmxA3cUuqBsMdwRLDQBxM=] [Avrelius33] No offline messages found
[2025-07-11 20:50:42] [Sqn0rN0nY32rgpm/fZdT4scb9BM=] [skytooch] Checking offline messages for client
[2025-07-11 20:50:42] [Sqn0rN0nY32rgpm/fZdT4scb9BM=] [skytooch] No offline messages found
[2025-07-11 20:51:10] [jWxbfxhLxs9dPa3t1WUnys7gnbk=] [Richard_TH] Checking offline messages for client
[2025-07-11 20:51:10] [jWxbfxhLxs9dPa3t1WUnys7gnbk=] [Richard_TH] No offline messages found
[2025-07-11 20:52:29] [uanmrw3OA9J0DsYU2cxH9V8bx2U=] [NEAJ] Checking offline messages for client
[2025-07-11 20:52:29] [uanmrw3OA9J0DsYU2cxH9V8bx2U=] [NEAJ] No offline messages found
[2025-07-11 20:52:37] [OAIEbOuAfHgcnQbvdNBKqhLlT6o=] [Andrick246] Checking offline messages for client
[2025-07-11 20:52:37] [OAIEbOuAfHgcnQbvdNBKqhLlT6o=] [Andrick246] No offline messages found
[2025-07-11 20:52:40] [MCH5CUuHw7qLHVegyroS34EN/pQ=] [PastA1] Checking offline messages for client
[2025-07-11 20:52:40] [MCH5CUuHw7qLHVegyroS34EN/pQ=] [PastA1] No offline messages found
[2025-07-11 20:52:51] [PCz5mVdmODgf+BuhB/F8jAcUsWY=] [XandeRMeisteR] Checking offline messages for client
[2025-07-11 20:52:51] [PCz5mVdmODgf+BuhB/F8jAcUsWY=] [XandeRMeisteR] No offline messages found
[2025-07-11 20:55:21] [hnH8Pkux3Af6xG46f+oe81jVdcA=] [-EscA`#] Checking offline messages for client
[2025-07-11 20:55:21] [hnH8Pkux3Af6xG46f+oe81jVdcA=] [-EscA`#] No offline messages found
[2025-07-11 20:57:31] [mqgd3Gc7WmeeLTlwm9TT72tKi9Y=] [Joss] Checking offline messages for client
[2025-07-11 20:57:31] [mqgd3Gc7WmeeLTlwm9TT72tKi9Y=] [Joss] No offline messages found
[2025-07-11 20:58:19] [kBFPc7QWgAlbW0g+Y8ToBmiYtVc=] [ayko] Checking offline messages for client
[2025-07-11 20:58:19] [kBFPc7QWgAlbW0g+Y8ToBmiYtVc=] [ayko] No offline messages found
[2025-07-11 20:58:27] [kZ/unmG4zdKWyjVQnQXDmG4H5YY=] [TeamSpeakUser6] Checking offline messages for client
[2025-07-11 20:58:27] [kZ/unmG4zdKWyjVQnQXDmG4H5YY=] [TeamSpeakUser6] No offline messages found
[2025-07-11 20:58:37] [RN5q34hvf046r4qme1+T2IWlORI=] [maksik] Checking offline messages for client
[2025-07-11 20:58:37] [RN5q34hvf046r4qme1+T2IWlORI=] [maksik] No offline messages found
[2025-07-11 21:00:15] [oifqugt/iQrqLTccr970rRBsDj8=] [artembill] Checking offline messages for client
[2025-07-11 21:00:15] [oifqugt/iQrqLTccr970rRBsDj8=] [artembill] No offline messages found
[2025-07-11 21:00:24] [oifqugt/iQrqLTccr970rRBsDj8=] [artembill] Checking offline messages for client
[2025-07-11 21:00:24] [oifqugt/iQrqLTccr970rRBsDj8=] [artembill] No offline messages found
[2025-07-11 21:00:38] [Di2MaUkDvWG/4yTOmNqIBWAhaIM=] [astraiser] Checking offline messages for client
[2025-07-11 21:00:38] [Di2MaUkDvWG/4yTOmNqIBWAhaIM=] [astraiser] No offline messages found
[2025-07-11 21:02:09] [tccm/cJba3umzkdFGIyHr6pYOjg=] [добрий вечір] Checking offline messages for client
[2025-07-11 21:02:09] [tccm/cJba3umzkdFGIyHr6pYOjg=] [добрий вечір] No offline messages found
[2025-07-11 21:03:30] [0Z2wqQcTx0kpb/KIf+NPkyv4b60=] [-W1LLL] Checking offline messages for client
[2025-07-11 21:03:30] [0Z2wqQcTx0kpb/KIf+NPkyv4b60=] [-W1LLL] No offline messages found
[2025-07-11 21:03:38] [RBwh+hLI7qM/5sBbq4UPaExpE30=] [Druid Сrow 🦅] Checking offline messages for client
[2025-07-11 21:03:38] [RBwh+hLI7qM/5sBbq4UPaExpE30=] [Druid Сrow 🦅] No offline messages found
[2025-07-11 21:04:27] [G88zjUkHJLCbZF/QycvkVmMnPJA=] [ZeyphiZ] Checking offline messages for client
[2025-07-11 21:04:27] [G88zjUkHJLCbZF/QycvkVmMnPJA=] [ZeyphiZ] No offline messages found
[2025-07-11 21:07:14] [g95LkcovmlDSBBJIdmdv0zN6QBs=] [baysikimdeğil] Checking offline messages for client
[2025-07-11 21:07:14] [g95LkcovmlDSBBJIdmdv0zN6QBs=] [baysikimdeğil] No offline messages found
[2025-07-11 21:08:47] [mqgd3Gc7WmeeLTlwm9TT72tKi9Y=] [Joss] Checking offline messages for client
[2025-07-11 21:08:47] [mqgd3Gc7WmeeLTlwm9TT72tKi9Y=] [Joss] No offline messages found
[2025-07-11 21:09:24] [feOILq7xTfQKUz3XLeAaieA6Mwg=] [Brokenamin21212] Checking offline messages for client
[2025-07-11 21:09:24] [feOILq7xTfQKUz3XLeAaieA6Mwg=] [Brokenamin21212] No offline messages found
[2025-07-11 21:11:06] [fH55ADpBJR2Pf03gH5EIVyAAuTk=] [W1zard] Checking offline messages for client
[2025-07-11 21:11:06] [fH55ADpBJR2Pf03gH5EIVyAAuTk=] [W1zard] No offline messages found
[2025-07-11 21:11:41] [GlTSg7N4cUlngIFDboyJkBc+xr4=] [tros] Checking offline messages for client
[2025-07-11 21:11:41] [GlTSg7N4cUlngIFDboyJkBc+xr4=] [tros] No offline messages found
[2025-07-11 21:12:57] [ssUYc5CUOHAYRgKasA9MqHV3gzs=] [KekSs_33rus] Checking offline messages for client
[2025-07-11 21:12:57] [ssUYc5CUOHAYRgKasA9MqHV3gzs=] [KekSs_33rus] No offline messages found
[2025-07-11 21:13:15] [Icu6I8OvxH4Dmdky4bvuhKgFBCQ=] [Sir Walach] Checking offline messages for client
[2025-07-11 21:13:15] [Icu6I8OvxH4Dmdky4bvuhKgFBCQ=] [Sir Walach] Found 10 offline messages
[2025-07-11 21:13:17] [Icu6I8OvxH4Dmdky4bvuhKgFBCQ=] [Sir Walach] Sent poke message: Your private channel has been renumbered from #0 to #53 to maintain sorting order.
[2025-07-11 21:13:17] [Icu6I8OvxH4Dmdky4bvuhKgFBCQ=] [Sir Walach] Sent poke message: Your private channel has been renumbered from #53 to #35 to maintain sorting order.
[2025-07-11 21:13:17] [Icu6I8OvxH4Dmdky4bvuhKgFBCQ=] [Sir Walach] Sent poke message: Your private channel has been renumbered from #35 to #34 to maintain sorting order.
[2025-07-11 21:13:17] [Icu6I8OvxH4Dmdky4bvuhKgFBCQ=] [Sir Walach] Sent poke message: Your private channel has been renumbered from #34 to #33 to maintain sorting order.
[2025-07-11 21:13:17] [Icu6I8OvxH4Dmdky4bvuhKgFBCQ=] [Sir Walach] Sent poke message: Your private channel has been renumbered from #33 to #31 to maintain sorting order.
[2025-07-11 21:13:17] [Icu6I8OvxH4Dmdky4bvuhKgFBCQ=] [Sir Walach] Sent poke message: Your private channel has been renumbered from #31 to #30 to maintain sorting order.
[2025-07-11 21:13:17] [Icu6I8OvxH4Dmdky4bvuhKgFBCQ=] [Sir Walach] Sent poke message: Your private channel has been renumbered from #30 to #29 to maintain sorting order.
[2025-07-11 21:13:17] [Icu6I8OvxH4Dmdky4bvuhKgFBCQ=] [Sir Walach] Sent poke message: Your private channel has been renumbered from #29 to #28 to maintain sorting order.
[2025-07-11 21:13:17] [Icu6I8OvxH4Dmdky4bvuhKgFBCQ=] [Sir Walach] Sent poke message: Your private channel has been renumbered from #28 to #27 to maintain sorting order.
[2025-07-11 21:13:17] [Icu6I8OvxH4Dmdky4bvuhKgFBCQ=] [Sir Walach] Sent poke message: Your private channel has been renumbered from #27 to #26 to maintain sorting order.
[2025-07-11 21:13:17] [Icu6I8OvxH4Dmdky4bvuhKgFBCQ=] [Sir Walach] Deleted 10 delivered messages from database
[2025-07-11 21:13:30] [elC5gU6OxIEB5qZ6vdBRoM0n984=] [purtigoprr] Checking offline messages for client
[2025-07-11 21:13:30] [elC5gU6OxIEB5qZ6vdBRoM0n984=] [purtigoprr] No offline messages found
[2025-07-11 21:13:51] [g95LkcovmlDSBBJIdmdv0zN6QBs=] [baysikimdeğil] Checking offline messages for client
[2025-07-11 21:13:51] [g95LkcovmlDSBBJIdmdv0zN6QBs=] [baysikimdeğil] No offline messages found
[2025-07-11 21:15:55] [SBv8POQ/KbJEokJuPb4wsFePAa4=] [ilan] Checking offline messages for client
[2025-07-11 21:15:55] [SBv8POQ/KbJEokJuPb4wsFePAa4=] [ilan] No offline messages found
[2025-07-11 21:16:58] [SBv8POQ/KbJEokJuPb4wsFePAa4=] [ilan] Checking offline messages for client
[2025-07-11 21:16:58] [SBv8POQ/KbJEokJuPb4wsFePAa4=] [ilan] No offline messages found
[2025-07-11 21:17:38] [F4Rot6aSlWU5OFZBOarP2RTzrYY=] [INSANE] Checking offline messages for client
[2025-07-11 21:17:38] [F4Rot6aSlWU5OFZBOarP2RTzrYY=] [INSANE] No offline messages found
[2025-07-11 21:18:24] [tccm/cJba3umzkdFGIyHr6pYOjg=] [добрий вечір] Checking offline messages for client
[2025-07-11 21:18:24] [tccm/cJba3umzkdFGIyHr6pYOjg=] [добрий вечір] No offline messages found
[2025-07-11 21:26:49] [B3KxpVnVwi2uNmaOkBK1Z/TtXPw=] [TRENER] Checking offline messages for client
[2025-07-11 21:26:49] [B3KxpVnVwi2uNmaOkBK1Z/TtXPw=] [TRENER] No offline messages found
[2025-07-11 21:28:25] [BVFkFCJ/YRVCTWoyoNAzBKKgGNQ=] [Даня] Checking offline messages for client
[2025-07-11 21:28:25] [BVFkFCJ/YRVCTWoyoNAzBKKgGNQ=] [Даня] No offline messages found
[2025-07-11 21:28:28] [/o8pqMqjRWAMMg8cPSsOifVtYg4=] [ALİ] Checking offline messages for client
[2025-07-11 21:28:28] [/o8pqMqjRWAMMg8cPSsOifVtYg4=] [ALİ] No offline messages found
[2025-07-11 21:28:28] [/o8pqMqjRWAMMg8cPSsOifVtYg4=] [ALİ] Checking offline messages for client
[2025-07-11 21:28:28] [/o8pqMqjRWAMMg8cPSsOifVtYg4=] [ALİ] No offline messages found
[2025-07-11 21:28:28] [/o8pqMqjRWAMMg8cPSsOifVtYg4=] [ALİ] Checking offline messages for client
[2025-07-11 21:28:28] [/o8pqMqjRWAMMg8cPSsOifVtYg4=] [ALİ] No offline messages found
[2025-07-11 21:28:31] [+FvbKFpSVhXIdL5vcXUVCMW8OXQ=] [кабачок] Checking offline messages for client
[2025-07-11 21:28:31] [+FvbKFpSVhXIdL5vcXUVCMW8OXQ=] [кабачок] No offline messages found
[2025-07-11 21:29:14] [d/2RYNlm5B/Nn3BBGjS8/8tretA=] [LaPt] Checking offline messages for client
[2025-07-11 21:29:14] [d/2RYNlm5B/Nn3BBGjS8/8tretA=] [LaPt] No offline messages found
[2025-07-11 21:31:34] [VuNFAf3wIFc1IkWzOmahJ2tNnQw=] [v13] Checking offline messages for client
[2025-07-11 21:31:34] [VuNFAf3wIFc1IkWzOmahJ2tNnQw=] [v13] No offline messages found
[2025-07-11 21:32:07] [tccm/cJba3umzkdFGIyHr6pYOjg=] [добрий вечір] Checking offline messages for client
[2025-07-11 21:32:07] [tccm/cJba3umzkdFGIyHr6pYOjg=] [добрий вечір] No offline messages found
[2025-07-11 21:32:30] [wHu8CcJA3lzMnjKWRMwrrvCJbLs=] [PoPoEyE] Checking offline messages for client
[2025-07-11 21:32:30] [wHu8CcJA3lzMnjKWRMwrrvCJbLs=] [PoPoEyE] No offline messages found
[2025-07-11 21:32:40] [GdKnDuGa2RpNM8eyII04/GthL5A=] [ван гогг] Checking offline messages for client
[2025-07-11 21:32:40] [GdKnDuGa2RpNM8eyII04/GthL5A=] [ван гогг] No offline messages found
[2025-07-11 21:33:10] [SC8GWaP/AibJdgcQPdeC3rjOy5w=] [твоямама] Checking offline messages for client
[2025-07-11 21:33:10] [SC8GWaP/AibJdgcQPdeC3rjOy5w=] [твоямама] No offline messages found
[2025-07-11 21:34:53] [rtdUFV+2q6gMB7LIOA5+y8SqhBY=] [mevlutozkara] Checking offline messages for client
[2025-07-11 21:34:53] [rtdUFV+2q6gMB7LIOA5+y8SqhBY=] [mevlutozkara] No offline messages found
[2025-07-11 21:37:18] [pUCIpssKzbEhYAmtB8xcuFXcEsU=] [mostafa] Checking offline messages for client
[2025-07-11 21:37:18] [pUCIpssKzbEhYAmtB8xcuFXcEsU=] [mostafa] No offline messages found
[2025-07-11 21:37:21] [kZ/unmG4zdKWyjVQnQXDmG4H5YY=] [TeamSpeakUser6] Checking offline messages for client
[2025-07-11 21:37:21] [kZ/unmG4zdKWyjVQnQXDmG4H5YY=] [TeamSpeakUser6] No offline messages found
[2025-07-11 21:37:21] [kZ/unmG4zdKWyjVQnQXDmG4H5YY=] [TeamSpeakUser6] Checking offline messages for client
[2025-07-11 21:37:21] [kZ/unmG4zdKWyjVQnQXDmG4H5YY=] [TeamSpeakUser6] No offline messages found
[2025-07-11 21:39:24] [rtdUFV+2q6gMB7LIOA5+y8SqhBY=] [mevlutozkara] Checking offline messages for client
[2025-07-11 21:39:24] [rtdUFV+2q6gMB7LIOA5+y8SqhBY=] [mevlutozkara] No offline messages found
[2025-07-11 21:39:29] [GdKnDuGa2RpNM8eyII04/GthL5A=] [ван гогг] Checking offline messages for client
[2025-07-11 21:39:29] [GdKnDuGa2RpNM8eyII04/GthL5A=] [ван гогг] No offline messages found
[2025-07-11 21:39:57] [WUFbI2wm1TirPkulhTRESNYToW0=] [sajjad] Checking offline messages for client
[2025-07-11 21:39:57] [WUFbI2wm1TirPkulhTRESNYToW0=] [sajjad] No offline messages found
[2025-07-11 21:40:25] [fiWNBIZG2ioqbK7dtheFRsenFVI=] [AlexQc] Checking offline messages for client
[2025-07-11 21:40:25] [fiWNBIZG2ioqbK7dtheFRsenFVI=] [AlexQc] No offline messages found
[2025-07-11 21:41:48] [fokcw89dIfkMp5+BOGCz8UMWNvA=] [1nani1] Checking offline messages for client
[2025-07-11 21:41:48] [fokcw89dIfkMp5+BOGCz8UMWNvA=] [1nani1] No offline messages found
[2025-07-11 21:42:38] [Tpjslushy7iZJEC582eOnJ/2kVQ=] [Tkougy] Checking offline messages for client
[2025-07-11 21:42:38] [Tpjslushy7iZJEC582eOnJ/2kVQ=] [Tkougy] No offline messages found
[2025-07-11 21:43:46] [GdKnDuGa2RpNM8eyII04/GthL5A=] [ван гогг] Checking offline messages for client
[2025-07-11 21:43:46] [GdKnDuGa2RpNM8eyII04/GthL5A=] [ван гогг] No offline messages found
[2025-07-11 21:44:00] [241rUlsm8jDGuxdg64us6CxMNY8=] [SysmoUsercid=140] Checking offline messages for client
[2025-07-11 21:44:00] [241rUlsm8jDGuxdg64us6CxMNY8=] [SysmoUsercid=140] No offline messages found
[2025-07-11 21:45:49] [elC5gU6OxIEB5qZ6vdBRoM0n984=] [purtigoprr] Checking offline messages for client
[2025-07-11 21:45:49] [elC5gU6OxIEB5qZ6vdBRoM0n984=] [purtigoprr] No offline messages found
[2025-07-11 21:47:37] [+eY62p4z2Yc8MBABvp55HWZZJ18=] [saulov] Checking offline messages for client
[2025-07-11 21:47:37] [+eY62p4z2Yc8MBABvp55HWZZJ18=] [saulov] No offline messages found
[2025-07-11 21:47:55] [lPq8Y8B1JOHL6QoSGZDwJ6xzT7Q=] [vata] Checking offline messages for client
[2025-07-11 21:47:55] [lPq8Y8B1JOHL6QoSGZDwJ6xzT7Q=] [vata] No offline messages found
[2025-07-11 21:48:07] [53WGZq7xh8DWnODjRPPCC8NpiC0=] [v1tqms] Checking offline messages for client
[2025-07-11 21:48:07] [53WGZq7xh8DWnODjRPPCC8NpiC0=] [v1tqms] No offline messages found
[2025-07-11 21:49:20] [Hf7Ykpi+nWgDQ6lAP5A9MUo5Mfc=] [Agilex] Checking offline messages for client
[2025-07-11 21:49:20] [Hf7Ykpi+nWgDQ6lAP5A9MUo5Mfc=] [Agilex] No offline messages found
[2025-07-11 21:50:16] [DhDqNKJFOzAI9dgJ0qsFAh9W1bM=] [Parsa94] Checking offline messages for client
[2025-07-11 21:50:16] [DhDqNKJFOzAI9dgJ0qsFAh9W1bM=] [Parsa94] No offline messages found
[2025-07-11 21:50:53] [fH55ADpBJR2Pf03gH5EIVyAAuTk=] [W1zard] Checking offline messages for client
[2025-07-11 21:50:53] [fH55ADpBJR2Pf03gH5EIVyAAuTk=] [W1zard] No offline messages found
[2025-07-11 21:54:39] [fH55ADpBJR2Pf03gH5EIVyAAuTk=] [W1zard] Checking offline messages for client
[2025-07-11 21:54:39] [fH55ADpBJR2Pf03gH5EIVyAAuTk=] [W1zard] No offline messages found
[2025-07-11 21:56:48] [uVIyLE46ey0eBhM+Z9Az+wuDd2U=] [LisssTzz] Checking offline messages for client
[2025-07-11 21:56:48] [uVIyLE46ey0eBhM+Z9Az+wuDd2U=] [LisssTzz] No offline messages found
[2025-07-11 21:56:48] [uVIyLE46ey0eBhM+Z9Az+wuDd2U=] [LisssTzz] Checking offline messages for client
[2025-07-11 21:56:48] [uVIyLE46ey0eBhM+Z9Az+wuDd2U=] [LisssTzz] No offline messages found
[2025-07-11 21:56:48] [uVIyLE46ey0eBhM+Z9Az+wuDd2U=] [LisssTzz] Checking offline messages for client
[2025-07-11 21:56:48] [uVIyLE46ey0eBhM+Z9Az+wuDd2U=] [LisssTzz] No offline messages found
[2025-07-11 21:57:33] [RN5q34hvf046r4qme1+T2IWlORI=] [maksik] Checking offline messages for client
[2025-07-11 21:57:33] [RN5q34hvf046r4qme1+T2IWlORI=] [maksik] No offline messages found
[2025-07-11 21:59:48] [2TZt3MkpJzsoOR8HiExReUwY+Kc=] [Robert] Checking offline messages for client
[2025-07-11 21:59:48] [2TZt3MkpJzsoOR8HiExReUwY+Kc=] [Robert] No offline messages found
[2025-07-11 22:01:23] [fH55ADpBJR2Pf03gH5EIVyAAuTk=] [W1zard] Checking offline messages for client
[2025-07-11 22:01:23] [fH55ADpBJR2Pf03gH5EIVyAAuTk=] [W1zard] No offline messages found
[2025-07-11 22:01:49] [mWSAiqY7b9z9A7QoOP0uSvoVr/A=] [SmaD] Checking offline messages for client
[2025-07-11 22:01:49] [mWSAiqY7b9z9A7QoOP0uSvoVr/A=] [SmaD] No offline messages found
[2025-07-11 22:02:49] [+IdTxeDPU0HaxOmF1Yivm4WLd78=] [chelko] Checking offline messages for client
[2025-07-11 22:02:49] [+IdTxeDPU0HaxOmF1Yivm4WLd78=] [chelko] No offline messages found
[2025-07-11 22:03:51] [fH55ADpBJR2Pf03gH5EIVyAAuTk=] [W1zard] Checking offline messages for client
[2025-07-11 22:03:51] [fH55ADpBJR2Pf03gH5EIVyAAuTk=] [W1zard] No offline messages found
[2025-07-11 22:05:30] [KTw+VF6m+gTCBlxPrQOWS+S0KMI=] [ego1str0ma] Checking offline messages for client
[2025-07-11 22:05:30] [KTw+VF6m+gTCBlxPrQOWS+S0KMI=] [ego1str0ma] No offline messages found
[2025-07-11 22:06:19] [fH55ADpBJR2Pf03gH5EIVyAAuTk=] [W1zard] Checking offline messages for client
[2025-07-11 22:06:19] [fH55ADpBJR2Pf03gH5EIVyAAuTk=] [W1zard] No offline messages found
[2025-07-11 22:06:27] [MZWgndUXO6A0YcVlmWyBE1rQlnY=] [Musto] Checking offline messages for client
[2025-07-11 22:06:27] [MZWgndUXO6A0YcVlmWyBE1rQlnY=] [Musto] No offline messages found
[2025-07-11 22:06:45] [dqmCwOdfR4NU4ym6ofGS17AXqc0=] [mrfai] Checking offline messages for client
[2025-07-11 22:06:45] [dqmCwOdfR4NU4ym6ofGS17AXqc0=] [mrfai] No offline messages found
[2025-07-11 22:07:26] [/paoPeDO7Sw3DPisftzEeJfXp+Y=] [J4M4L] Checking offline messages for client
[2025-07-11 22:07:26] [/paoPeDO7Sw3DPisftzEeJfXp+Y=] [J4M4L] No offline messages found
[2025-07-11 22:08:28] [M09LXQM0h1IxzpSiw7t91USRzUA=] [dolv1] Checking offline messages for client
[2025-07-11 22:08:28] [M09LXQM0h1IxzpSiw7t91USRzUA=] [dolv1] No offline messages found
[2025-07-11 22:09:28] [RN5q34hvf046r4qme1+T2IWlORI=] [maksik] Checking offline messages for client
[2025-07-11 22:09:28] [RN5q34hvf046r4qme1+T2IWlORI=] [maksik] No offline messages found
[2025-07-11 22:12:02] [VuNFAf3wIFc1IkWzOmahJ2tNnQw=] [v13] Checking offline messages for client
[2025-07-11 22:12:02] [VuNFAf3wIFc1IkWzOmahJ2tNnQw=] [v13] No offline messages found
[2025-07-11 22:13:41] [fH55ADpBJR2Pf03gH5EIVyAAuTk=] [W1zard] Checking offline messages for client
[2025-07-11 22:13:41] [fH55ADpBJR2Pf03gH5EIVyAAuTk=] [W1zard] No offline messages found
[2025-07-11 22:14:09] [fH55ADpBJR2Pf03gH5EIVyAAuTk=] [W1zard] Checking offline messages for client
[2025-07-11 22:14:09] [fH55ADpBJR2Pf03gH5EIVyAAuTk=] [W1zard] No offline messages found
[2025-07-11 22:15:27] [2rkwn/jv1FIR6DqtosxYTJMsanY=] [TeamSpeakUser] Checking offline messages for client
[2025-07-11 22:15:27] [2rkwn/jv1FIR6DqtosxYTJMsanY=] [TeamSpeakUser] No offline messages found
[2025-07-11 22:17:32] [pa4EomUE5xzFSB9tc7CilmX3NTU=] [Imprii] Checking offline messages for client
[2025-07-11 22:17:32] [pa4EomUE5xzFSB9tc7CilmX3NTU=] [Imprii] No offline messages found
[2025-07-11 22:18:22] [bY73N1BM8QCmyrmXL2ppUBMWPMc=] [KRGZL] Checking offline messages for client
[2025-07-11 22:18:22] [bY73N1BM8QCmyrmXL2ppUBMWPMc=] [KRGZL] No offline messages found
[2025-07-11 22:20:12] [jyNREbFc1g7kS1FKSohnZyaSx+g=] [ivansultan] Checking offline messages for client
[2025-07-11 22:20:12] [jyNREbFc1g7kS1FKSohnZyaSx+g=] [ivansultan] No offline messages found
[2025-07-11 22:22:27] [EGB+WVGsn8pfv6n3rdpnkmLpN6w=] [lordilaz] Checking offline messages for client
[2025-07-11 22:22:27] [EGB+WVGsn8pfv6n3rdpnkmLpN6w=] [lordilaz] No offline messages found
[2025-07-11 22:23:36] [fA6XKW1+emdvWI0St66i9quWjTk=] [Sezer] Checking offline messages for client
[2025-07-11 22:23:36] [fA6XKW1+emdvWI0St66i9quWjTk=] [Sezer] No offline messages found
[2025-07-11 22:24:30] [V/sE7GD+jPAQPdHRhDxgmql0tFI=] [Jabberson] Checking offline messages for client
[2025-07-11 22:24:30] [V/sE7GD+jPAQPdHRhDxgmql0tFI=] [Jabberson] No offline messages found
[2025-07-11 22:25:47] [raAePR7lHPhNIRleevueRUQgaPg=] [Seyit] Checking offline messages for client
[2025-07-11 22:25:47] [raAePR7lHPhNIRleevueRUQgaPg=] [Seyit] No offline messages found
[2025-07-11 22:27:27] [fH55ADpBJR2Pf03gH5EIVyAAuTk=] [W1zard] Checking offline messages for client
[2025-07-11 22:27:27] [fH55ADpBJR2Pf03gH5EIVyAAuTk=] [W1zard] No offline messages found
[2025-07-11 22:27:43] [RN5q34hvf046r4qme1+T2IWlORI=] [maksik] Checking offline messages for client
[2025-07-11 22:27:43] [RN5q34hvf046r4qme1+T2IWlORI=] [maksik] No offline messages found
[2025-07-11 22:29:45] [+AEiGDs17OALboyzRweaafavqP0=] [ma1tsev] Checking offline messages for client
[2025-07-11 22:29:45] [+AEiGDs17OALboyzRweaafavqP0=] [ma1tsev] No offline messages found
[2025-07-11 22:32:01] [BnZ0YOtDAafl6WN6EeoaM1iBruw=] [al9cs] Checking offline messages for client
[2025-07-11 22:32:01] [BnZ0YOtDAafl6WN6EeoaM1iBruw=] [al9cs] No offline messages found
[2025-07-11 22:33:28] [mWSAiqY7b9z9A7QoOP0uSvoVr/A=] [SmaD] Checking offline messages for client
[2025-07-11 22:33:28] [mWSAiqY7b9z9A7QoOP0uSvoVr/A=] [SmaD] No offline messages found
[2025-07-11 22:33:37] [CivIdqvdtxSJX+mCOeU13yota9Y=] [digitalmix] Checking offline messages for client
[2025-07-11 22:33:37] [CivIdqvdtxSJX+mCOeU13yota9Y=] [digitalmix] No offline messages found
[2025-07-11 22:33:41] [tEYmACfaM0U7Gh86aP4cahzQg5Q=] [MEHMET] Checking offline messages for client
[2025-07-11 22:33:41] [tEYmACfaM0U7Gh86aP4cahzQg5Q=] [MEHMET] No offline messages found
[2025-07-11 22:33:50] [1nHWWpwvoZf+IGl6BaPDK6nG9mg=] [FataL1Day] Checking offline messages for client
[2025-07-11 22:33:50] [1nHWWpwvoZf+IGl6BaPDK6nG9mg=] [FataL1Day] No offline messages found
[2025-07-11 22:35:33] [AIep273t6nj2dnbk2srSrmNX/rU=] [Cipri] Checking offline messages for client
[2025-07-11 22:35:33] [AIep273t6nj2dnbk2srSrmNX/rU=] [Cipri] No offline messages found
[2025-07-11 22:36:52] [AIep273t6nj2dnbk2srSrmNX/rU=] [Cipri] Checking offline messages for client
[2025-07-11 22:36:52] [AIep273t6nj2dnbk2srSrmNX/rU=] [Cipri] No offline messages found
[2025-07-11 22:37:39] [j2TIawnGNehvq+itbVK9ty0G5jo=] [Sfanon] Checking offline messages for client
[2025-07-11 22:37:39] [j2TIawnGNehvq+itbVK9ty0G5jo=] [Sfanon] No offline messages found
[2025-07-11 22:40:00] [zplLYXriSF0hqWw82HYme0Qb6hU=] [BlvckMafia] Checking offline messages for client
[2025-07-11 22:40:00] [zplLYXriSF0hqWw82HYme0Qb6hU=] [BlvckMafia] No offline messages found
[2025-07-11 22:40:06] [MmC0G6Fn/8u8/dnmAAQ+nxHv6EM=] [TeamSpeakUser1] Checking offline messages for client
[2025-07-11 22:40:06] [MmC0G6Fn/8u8/dnmAAQ+nxHv6EM=] [TeamSpeakUser1] No offline messages found
[2025-07-11 22:40:59] [UJQSMUnQbDqCQA/Ap94PriCZpmM=] [1.6fsidertpaket] Checking offline messages for client
[2025-07-11 22:40:59] [UJQSMUnQbDqCQA/Ap94PriCZpmM=] [1.6fsidertpaket] No offline messages found
[2025-07-11 22:41:06] [fH55ADpBJR2Pf03gH5EIVyAAuTk=] [W1zard] Checking offline messages for client
[2025-07-11 22:41:06] [fH55ADpBJR2Pf03gH5EIVyAAuTk=] [W1zard] No offline messages found
[2025-07-11 22:41:57] [GDLMnVZvsy2PmGGBS4hN7CRvOTU=] [phonetik78] Checking offline messages for client
[2025-07-11 22:41:57] [GDLMnVZvsy2PmGGBS4hN7CRvOTU=] [phonetik78] No offline messages found
[2025-07-11 22:44:27] [WBq0RljGUFq+s9W6gano0cJdNBY=] [YRembo] Checking offline messages for client
[2025-07-11 22:44:27] [WBq0RljGUFq+s9W6gano0cJdNBY=] [YRembo] No offline messages found
[2025-07-11 22:44:53] [BpwlEmZ2bAtNoqDTrllE/yrtbZw=] [Prizzrak] Checking offline messages for client
[2025-07-11 22:44:53] [BpwlEmZ2bAtNoqDTrllE/yrtbZw=] [Prizzrak] No offline messages found
[2025-07-11 22:45:58] [1AbnbGgxnGmT+1ucLIy1LFbCSCU=] [theslayercroute] Checking offline messages for client
[2025-07-11 22:45:58] [1AbnbGgxnGmT+1ucLIy1LFbCSCU=] [theslayercroute] No offline messages found
[2025-07-11 22:46:04] [db5M5xKUN59pF25L3Ham4b5Ndjw=] [Reddington] Checking offline messages for client
[2025-07-11 22:46:04] [db5M5xKUN59pF25L3Ham4b5Ndjw=] [Reddington] No offline messages found
[2025-07-11 22:47:56] [YzUgu3CXOY+yhn8UlP+xRN3h09M=] [vekil'] Checking offline messages for client
[2025-07-11 22:47:56] [YzUgu3CXOY+yhn8UlP+xRN3h09M=] [vekil'] No offline messages found
[2025-07-11 22:49:08] [3tTVUlVrAcXStl28dJ97Er3NypE=] [VOLK] Checking offline messages for client
[2025-07-11 22:49:08] [3tTVUlVrAcXStl28dJ97Er3NypE=] [VOLK] No offline messages found
[2025-07-11 22:54:15] [V/sE7GD+jPAQPdHRhDxgmql0tFI=] [Jabberson] Checking offline messages for client
[2025-07-11 22:54:15] [V/sE7GD+jPAQPdHRhDxgmql0tFI=] [Jabberson] No offline messages found
[2025-07-11 23:01:37] [g95LkcovmlDSBBJIdmdv0zN6QBs=] [baysikimdeğil] Checking offline messages for client
[2025-07-11 23:01:37] [g95LkcovmlDSBBJIdmdv0zN6QBs=] [baysikimdeğil] No offline messages found
[2025-07-11 23:05:41] [Di2MaUkDvWG/4yTOmNqIBWAhaIM=] [astraiser] Checking offline messages for client
[2025-07-11 23:05:41] [Di2MaUkDvWG/4yTOmNqIBWAhaIM=] [astraiser] No offline messages found
[2025-07-11 23:07:00] [PZhbTMbM8NFkjMmLpRDR81hHjls=] [xtatic] Checking offline messages for client
[2025-07-11 23:07:00] [PZhbTMbM8NFkjMmLpRDR81hHjls=] [xtatic] No offline messages found
[2025-07-11 23:10:48] [6n/nlxL7CTtf0tVytkRkqsOyzwM=] [Barış] Checking offline messages for client
[2025-07-11 23:10:48] [6n/nlxL7CTtf0tVytkRkqsOyzwM=] [Barış] No offline messages found
[2025-07-11 23:12:42] [UvxzHCQqnYvj+NhJMA8I3x8tbj8=] [purpwater] Checking offline messages for client
[2025-07-11 23:12:42] [UvxzHCQqnYvj+NhJMA8I3x8tbj8=] [purpwater] No offline messages found
[2025-07-11 23:13:59] [7lkgv1NgBUC4Nbvfz0XxfSTDHSQ=] [Platonuch_UA] Checking offline messages for client
[2025-07-11 23:13:59] [7lkgv1NgBUC4Nbvfz0XxfSTDHSQ=] [Platonuch_UA] No offline messages found
[2025-07-11 23:14:01] [V/sE7GD+jPAQPdHRhDxgmql0tFI=] [Jabberson] Checking offline messages for client
[2025-07-11 23:14:01] [V/sE7GD+jPAQPdHRhDxgmql0tFI=] [Jabberson] No offline messages found
[2025-07-11 23:14:03] [V/sE7GD+jPAQPdHRhDxgmql0tFI=] [Jabberson] Checking offline messages for client
[2025-07-11 23:14:03] [V/sE7GD+jPAQPdHRhDxgmql0tFI=] [Jabberson] No offline messages found
[2025-07-11 23:14:37] [GqoQ8F/22rxegz+tHqA6iheyKH4=] [nyguser] Checking offline messages for client
[2025-07-11 23:14:37] [GqoQ8F/22rxegz+tHqA6iheyKH4=] [nyguser] No offline messages found
[2025-07-11 23:14:43] [8xLiwptTc7JyFK8s8wRFlft2PKM=] [guwno w spodnie] Checking offline messages for client
[2025-07-11 23:14:43] [8xLiwptTc7JyFK8s8wRFlft2PKM=] [guwno w spodnie] No offline messages found
[2025-07-11 23:14:45] [y6Dvn19VXbBd0XOSXfMEraqacFI=] [CrypticBlitz96] Checking offline messages for client
[2025-07-11 23:14:45] [y6Dvn19VXbBd0XOSXfMEraqacFI=] [CrypticBlitz96] No offline messages found
[2025-07-11 23:15:13] [PhckJHuRGWp+/oEYJbm3VNrgZkw=] [Br4d117] Checking offline messages for client
[2025-07-11 23:15:13] [PhckJHuRGWp+/oEYJbm3VNrgZkw=] [Br4d117] No offline messages found
[2025-07-11 23:17:18] [g95LkcovmlDSBBJIdmdv0zN6QBs=] [baysikimdeğil] Checking offline messages for client
[2025-07-11 23:17:18] [g95LkcovmlDSBBJIdmdv0zN6QBs=] [baysikimdeğil] No offline messages found
[2025-07-11 23:18:00] [g95LkcovmlDSBBJIdmdv0zN6QBs=] [baysikimdeğil] Checking offline messages for client
[2025-07-11 23:18:00] [g95LkcovmlDSBBJIdmdv0zN6QBs=] [baysikimdeğil] No offline messages found
[2025-07-11 23:18:21] [CTJJYp6g0ooZW+p10o4IHQNYVIQ=] [I ❤ 2 Dance] Client in ignored group, skipping offline messages check
[2025-07-11 23:18:22] [X5IbyBv3WtlcgFhjUdRkdzckDnA=] [[#]Misc1] Client in ignored group, skipping offline messages check
[2025-07-11 23:26:34] [ZecEXT4FfeXYbAgW2C8UIiJcPNQ=] [belali-ZypRus?] Checking offline messages for client
[2025-07-11 23:26:34] [ZecEXT4FfeXYbAgW2C8UIiJcPNQ=] [belali-ZypRus?] No offline messages found
[2025-07-11 23:31:45] [EtYO//IjxE1UrGgiT9ZEhibh8ws=] [pandah98] Checking offline messages for client
[2025-07-11 23:31:45] [EtYO//IjxE1UrGgiT9ZEhibh8ws=] [pandah98] No offline messages found
[2025-07-11 23:31:55] [uanmrw3OA9J0DsYU2cxH9V8bx2U=] [NEAJ] Checking offline messages for client
[2025-07-11 23:31:55] [uanmrw3OA9J0DsYU2cxH9V8bx2U=] [NEAJ] No offline messages found
[2025-07-11 23:35:25] [xcwFhKN0bPn1QJxV7HHekBb2PAs=] [Сика] Checking offline messages for client
[2025-07-11 23:35:25] [xcwFhKN0bPn1QJxV7HHekBb2PAs=] [Сика] No offline messages found
[2025-07-11 23:53:42] [dnD06izVXlp3jUstWLppyYzz/I0=] [-ipq] Checking offline messages for client
[2025-07-11 23:53:42] [dnD06izVXlp3jUstWLppyYzz/I0=] [-ipq] No offline messages found
[2025-07-11 23:54:26] [Wcsr7h3wkvft3/yboVGairukkZw=] [4lenosos] Checking offline messages for client
[2025-07-11 23:54:26] [Wcsr7h3wkvft3/yboVGairukkZw=] [4lenosos] No offline messages found
[2025-07-11 23:56:16] [sDGTmykW+tszI+sqWb5sOOLvtdM=] [f.donato] Checking offline messages for client
[2025-07-11 23:56:16] [sDGTmykW+tszI+sqWb5sOOLvtdM=] [f.donato] No offline messages found
[2025-07-11 23:57:40] [nKM59hxTojEpwTkMTG1uWArmxms=] [rowdy] Checking offline messages for client
[2025-07-11 23:57:40] [nKM59hxTojEpwTkMTG1uWArmxms=] [rowdy] No offline messages found
[2025-07-11 23:58:15] [qnI7tO/BboMdAQFjmSv9/gyQREY=] [batuhnn] Checking offline messages for client
[2025-07-11 23:58:15] [qnI7tO/BboMdAQFjmSv9/gyQREY=] [batuhnn] No offline messages found
