[2025-08-17 18:18:04] [WtWgpfS8UE18SW7yGXm3r1yoO/c=] [Kowismo] Checking offline messages for client
[2025-08-17 18:18:04] [WtWgpfS8UE18SW7yGXm3r1yoO/c=] [Kowismo] No offline messages found
[2025-08-17 18:19:09] [iefEc7IftjNMM5/w71mlW1yAG/s=] [fugue state] Checking offline messages for client
[2025-08-17 18:19:09] [iefEc7IftjNMM5/w71mlW1yAG/s=] [fugue state] No offline messages found
[2025-08-17 18:19:51] [1LGAFwYeh9ftEN0OriluWE0DqDs=] [K0ubek] Checking offline messages for client
[2025-08-17 18:19:51] [1LGAFwYeh9ftEN0OriluWE0DqDs=] [K0ubek] No offline messages found
[2025-08-17 18:24:00] [eR1RjitdHks89A8dgZlineVbxYg=] [mitsuki7] Checking offline messages for client
[2025-08-17 18:24:00] [eR1RjitdHks89A8dgZlineVbxYg=] [mitsuki7] No offline messages found
[2025-08-17 18:24:49] [9RbSPznWk/iq5G+RubmZfegQDS4=] [X1ppt] Checking offline messages for client
[2025-08-17 18:24:49] [9RbSPznWk/iq5G+RubmZfegQDS4=] [X1ppt] No offline messages found
[2025-08-17 18:24:57] [lQpIOjnCQMVOEI595m3Amb0wZpA=] [IDI NAXUI] Checking offline messages for client
[2025-08-17 18:24:57] [lQpIOjnCQMVOEI595m3Amb0wZpA=] [IDI NAXUI] No offline messages found
[2025-08-17 18:26:08] [WtWgpfS8UE18SW7yGXm3r1yoO/c=] [Kowismo] Checking offline messages for client
[2025-08-17 18:26:08] [WtWgpfS8UE18SW7yGXm3r1yoO/c=] [Kowismo] No offline messages found
[2025-08-17 18:28:38] [VJ3kiQhgdGQjTMcQZsjIsQhebgU=] [d3sc] Checking offline messages for client
[2025-08-17 18:28:38] [VJ3kiQhgdGQjTMcQZsjIsQhebgU=] [d3sc] No offline messages found
[2025-08-17 18:29:01] [WtWgpfS8UE18SW7yGXm3r1yoO/c=] [Kowismo] Checking offline messages for client
[2025-08-17 18:29:01] [WtWgpfS8UE18SW7yGXm3r1yoO/c=] [Kowismo] No offline messages found
[2025-08-17 18:31:07] [RsLFTb9VG9OQrC5jmLEaxKjH4bI=] [aswee-] Checking offline messages for client
[2025-08-17 18:31:07] [RsLFTb9VG9OQrC5jmLEaxKjH4bI=] [aswee-] No offline messages found
[2025-08-17 18:37:32] [3CXn5E/iuJVn8MHNceBHpnDIkb0=] [hitler_nien] Checking offline messages for client
[2025-08-17 18:37:32] [3CXn5E/iuJVn8MHNceBHpnDIkb0=] [hitler_nien] No offline messages found
[2025-08-17 18:42:03] [V+r2jqsObKVU67cAATQYjyj/oEk=] [Blood.born] Checking offline messages for client
[2025-08-17 18:42:03] [V+r2jqsObKVU67cAATQYjyj/oEk=] [Blood.born] No offline messages found
[2025-08-17 18:42:03] [V+r2jqsObKVU67cAATQYjyj/oEk=] [Blood.born] Checking offline messages for client
[2025-08-17 18:42:03] [V+r2jqsObKVU67cAATQYjyj/oEk=] [Blood.born] No offline messages found
[2025-08-17 18:42:04] [V+r2jqsObKVU67cAATQYjyj/oEk=] [Blood.born] Checking offline messages for client
[2025-08-17 18:42:04] [V+r2jqsObKVU67cAATQYjyj/oEk=] [Blood.born] No offline messages found
[2025-08-17 18:44:12] [PlotarA/IzD1xOqHXLunwp4hHDs=] [Butch] Checking offline messages for client
[2025-08-17 18:44:12] [PlotarA/IzD1xOqHXLunwp4hHDs=] [Butch] No offline messages found
[2025-08-17 18:45:42] [vs+7gbTKwu+h+XgDI2qVApOBkfk=] [Viko(ع)] Checking offline messages for client
[2025-08-17 18:45:42] [vs+7gbTKwu+h+XgDI2qVApOBkfk=] [Viko(ع)] No offline messages found
[2025-08-17 18:47:27] [26LCykHOi4bOHKgTy0MkodSp0M8=] [Vulex23] Checking offline messages for client
[2025-08-17 18:47:27] [26LCykHOi4bOHKgTy0MkodSp0M8=] [Vulex23] No offline messages found
[2025-08-17 18:48:42] [ilO9JAl5glx+WikZA6SZqmic0Iw=] [kaiizenn] Checking offline messages for client
[2025-08-17 18:48:42] [ilO9JAl5glx+WikZA6SZqmic0Iw=] [kaiizenn] No offline messages found
[2025-08-17 18:48:47] [sC96QZMY/yY8Fc9QjquVCkLiW2c=] [Amirali] Checking offline messages for client
[2025-08-17 18:48:47] [sC96QZMY/yY8Fc9QjquVCkLiW2c=] [Amirali] No offline messages found
[2025-08-17 18:49:07] [vs+7gbTKwu+h+XgDI2qVApOBkfk=] [Viko(ع)] Checking offline messages for client
[2025-08-17 18:49:07] [vs+7gbTKwu+h+XgDI2qVApOBkfk=] [Viko(ع)] No offline messages found
[2025-08-17 18:49:18] [1HI7FfyGvRoy7LsxaMPRjYtN/y8=] [kirill24233] Checking offline messages for client
[2025-08-17 18:49:18] [1HI7FfyGvRoy7LsxaMPRjYtN/y8=] [kirill24233] No offline messages found
[2025-08-17 18:51:19] [vYdB4LqF9oGqrfx8sM2nXqb21o0=] [may1kid] Checking offline messages for client
[2025-08-17 18:51:19] [vYdB4LqF9oGqrfx8sM2nXqb21o0=] [may1kid] No offline messages found
[2025-08-17 18:51:25] [I6jOOSBap0dJfQxxrWEXasWM9n0=] [sharfyusha] Checking offline messages for client
[2025-08-17 18:51:25] [I6jOOSBap0dJfQxxrWEXasWM9n0=] [sharfyusha] No offline messages found
[2025-08-17 18:54:15] [VJ3kiQhgdGQjTMcQZsjIsQhebgU=] [d3sc] Checking offline messages for client
[2025-08-17 18:54:15] [VJ3kiQhgdGQjTMcQZsjIsQhebgU=] [d3sc] No offline messages found
[2025-08-17 18:56:51] [vYdB4LqF9oGqrfx8sM2nXqb21o0=] [may1kid] Checking offline messages for client
[2025-08-17 18:56:51] [vYdB4LqF9oGqrfx8sM2nXqb21o0=] [may1kid] No offline messages found
[2025-08-17 18:57:49] [I6jOOSBap0dJfQxxrWEXasWM9n0=] [sharfyusha] Checking offline messages for client
[2025-08-17 18:57:49] [I6jOOSBap0dJfQxxrWEXasWM9n0=] [sharfyusha] No offline messages found
[2025-08-17 18:57:55] [0Kq1jABR4laahePPvEbxYlB+E7I=] [leanmaradona] Checking offline messages for client
[2025-08-17 18:57:55] [0Kq1jABR4laahePPvEbxYlB+E7I=] [leanmaradona] No offline messages found
[2025-08-17 18:58:22] [j4lQxUVWRUlLgopGIh2SadhECrU=] [lonezzz] Checking offline messages for client
[2025-08-17 18:58:22] [j4lQxUVWRUlLgopGIh2SadhECrU=] [lonezzz] No offline messages found
[2025-08-17 19:01:35] [TLwIP9Vx3bePxB8PgLne8QrHhrw=] [yasha-_] Checking offline messages for client
[2025-08-17 19:01:35] [TLwIP9Vx3bePxB8PgLne8QrHhrw=] [yasha-_] No offline messages found
[2025-08-17 19:01:50] [7IfhiVJqPvgzaT8q6UzCUD1usuI=] [TeamSpeakUser] Checking offline messages for client
[2025-08-17 19:01:50] [7IfhiVJqPvgzaT8q6UzCUD1usuI=] [TeamSpeakUser] No offline messages found
[2025-08-17 19:01:59] [5hddc8haxgTOmC6YnU4i/CaEPsM=] [saadf] Checking offline messages for client
[2025-08-17 19:01:59] [5hddc8haxgTOmC6YnU4i/CaEPsM=] [saadf] No offline messages found
[2025-08-17 19:03:27] [0XIPokUUTEkn00muYiwnSCQJ4wM=] [credolls] Checking offline messages for client
[2025-08-17 19:03:27] [0XIPokUUTEkn00muYiwnSCQJ4wM=] [credolls] No offline messages found
[2025-08-17 19:07:17] [vYdB4LqF9oGqrfx8sM2nXqb21o0=] [may1kid] Checking offline messages for client
[2025-08-17 19:07:17] [vYdB4LqF9oGqrfx8sM2nXqb21o0=] [may1kid] No offline messages found
[2025-08-17 19:08:07] [I6jOOSBap0dJfQxxrWEXasWM9n0=] [sharfyusha] Checking offline messages for client
[2025-08-17 19:08:07] [I6jOOSBap0dJfQxxrWEXasWM9n0=] [sharfyusha] No offline messages found
[2025-08-17 19:10:36] [vUkf2Ea3p2mcfiNRkH6c3ypPuNQ=] [Грацу] Checking offline messages for client
[2025-08-17 19:10:36] [vUkf2Ea3p2mcfiNRkH6c3ypPuNQ=] [Грацу] No offline messages found
[2025-08-17 19:11:14] [62fFDnRsQaiGDdW0aEiMWihQKYc=] [fait] Checking offline messages for client
[2025-08-17 19:11:14] [62fFDnRsQaiGDdW0aEiMWihQKYc=] [fait] No offline messages found
[2025-08-17 19:18:17] [ZmpnK3t6PXblmdnSs8MQKkqsoQQ=] [Habarama] Checking offline messages for client
[2025-08-17 19:18:17] [ZmpnK3t6PXblmdnSs8MQKkqsoQQ=] [Habarama] No offline messages found
[2025-08-17 19:20:01] [otR1BP9Tq/F7C6YBvHXHdE6VbCU=] [AkumaSato] Checking offline messages for client
[2025-08-17 19:20:01] [otR1BP9Tq/F7C6YBvHXHdE6VbCU=] [AkumaSato] No offline messages found
[2025-08-17 19:23:19] [I6jOOSBap0dJfQxxrWEXasWM9n0=] [sharfyusha] Checking offline messages for client
[2025-08-17 19:23:19] [I6jOOSBap0dJfQxxrWEXasWM9n0=] [sharfyusha] No offline messages found
[2025-08-17 19:23:40] [9RbSPznWk/iq5G+RubmZfegQDS4=] [X 1 p'] Checking offline messages for client
[2025-08-17 19:23:40] [9RbSPznWk/iq5G+RubmZfegQDS4=] [X 1 p'] No offline messages found
[2025-08-17 19:24:31] [vYdB4LqF9oGqrfx8sM2nXqb21o0=] [may1kid] Checking offline messages for client
[2025-08-17 19:24:31] [vYdB4LqF9oGqrfx8sM2nXqb21o0=] [may1kid] No offline messages found
[2025-08-17 19:25:11] [9RbSPznWk/iq5G+RubmZfegQDS4=] [X 1 p'] Checking offline messages for client
[2025-08-17 19:25:11] [9RbSPznWk/iq5G+RubmZfegQDS4=] [X 1 p'] No offline messages found
[2025-08-17 19:25:35] [ayHUOzBuuInw8J/HHBAIDIq0cYY=] [bohun ivan] Checking offline messages for client
[2025-08-17 19:25:35] [ayHUOzBuuInw8J/HHBAIDIq0cYY=] [bohun ivan] No offline messages found
[2025-08-17 19:27:11] [61O6lK2EyDZv74k4hwkKKJbwuQg=] [fl4sh] Checking offline messages for client
[2025-08-17 19:27:11] [61O6lK2EyDZv74k4hwkKKJbwuQg=] [fl4sh] No offline messages found
[2025-08-17 19:28:44] [5B+EB94xrwmIjHS7SOs7ZO52NeM=] [dzale] Checking offline messages for client
[2025-08-17 19:28:44] [5B+EB94xrwmIjHS7SOs7ZO52NeM=] [dzale] No offline messages found
[2025-08-17 19:29:47] [sC96QZMY/yY8Fc9QjquVCkLiW2c=] [Amirali] Checking offline messages for client
[2025-08-17 19:29:47] [sC96QZMY/yY8Fc9QjquVCkLiW2c=] [Amirali] No offline messages found
[2025-08-17 19:30:41] [mu8zHBA0U1KZm37ZU8GDo7EnWqM=] [Yusoso] Checking offline messages for client
[2025-08-17 19:30:41] [mu8zHBA0U1KZm37ZU8GDo7EnWqM=] [Yusoso] No offline messages found
[2025-08-17 19:31:05] [fa4VJPZN3YRM6elLc2ub2QkVDKA=] [TeamSpeakUser3] Checking offline messages for client
[2025-08-17 19:31:05] [fa4VJPZN3YRM6elLc2ub2QkVDKA=] [TeamSpeakUser3] No offline messages found
[2025-08-17 19:32:15] [0Z2wqQcTx0kpb/KIf+NPkyv4b60=] [-W1LLL] Checking offline messages for client
[2025-08-17 19:32:15] [0Z2wqQcTx0kpb/KIf+NPkyv4b60=] [-W1LLL] No offline messages found
[2025-08-17 19:32:21] [Yolrk0vLW7Jl+G3XWWoj32wvYHo=] [joy] Checking offline messages for client
[2025-08-17 19:32:21] [Yolrk0vLW7Jl+G3XWWoj32wvYHo=] [joy] Found 1 offline messages
[2025-08-17 19:32:23] [Yolrk0vLW7Jl+G3XWWoj32wvYHo=] [joy] Sent poke message: Your private channel has been renumbered from #29 to #28 to maintain sorting order.
[2025-08-17 19:32:23] [Yolrk0vLW7Jl+G3XWWoj32wvYHo=] [joy] Deleted 1 delivered messages from database
[2025-08-17 19:32:54] [HL1M4htZuC4hSl/P/HyqYlf2rf8=] [CİHO] Checking offline messages for client
[2025-08-17 19:32:54] [HL1M4htZuC4hSl/P/HyqYlf2rf8=] [CİHO] No offline messages found
[2025-08-17 19:35:07] [PiE4CHW/03009qVIB8v4lHUkIMI=] [lalalasha] Checking offline messages for client
[2025-08-17 19:35:07] [PiE4CHW/03009qVIB8v4lHUkIMI=] [lalalasha] No offline messages found
[2025-08-17 19:35:09] [fMyy94Uc4NVBYlK317N59mmcxCg=] [TeamSpeakUser3] Checking offline messages for client
[2025-08-17 19:35:09] [fMyy94Uc4NVBYlK317N59mmcxCg=] [TeamSpeakUser3] No offline messages found
[2025-08-17 19:39:21] [Zn/9+bT2XSO9sc6lE0+QcGA4eu4=] [sanq] Checking offline messages for client
[2025-08-17 19:39:21] [Zn/9+bT2XSO9sc6lE0+QcGA4eu4=] [sanq] No offline messages found
[2025-08-17 19:41:16] [fMyy94Uc4NVBYlK317N59mmcxCg=] [TeamSpeakUser3] Checking offline messages for client
[2025-08-17 19:41:16] [fMyy94Uc4NVBYlK317N59mmcxCg=] [TeamSpeakUser3] No offline messages found
[2025-08-17 19:44:19] [9RbSPznWk/iq5G+RubmZfegQDS4=] [X 1 p'] Checking offline messages for client
[2025-08-17 19:44:19] [9RbSPznWk/iq5G+RubmZfegQDS4=] [X 1 p'] No offline messages found
[2025-08-17 19:45:35] [4MLGGYt6Z3sgx8GHTCEtNvLhFCY=] [salas] Checking offline messages for client
[2025-08-17 19:45:35] [4MLGGYt6Z3sgx8GHTCEtNvLhFCY=] [salas] No offline messages found
[2025-08-17 19:46:42] [BEg2/olv1HHNvUSRHS+tb2VFbnw=] [lilja] Checking offline messages for client
[2025-08-17 19:46:42] [BEg2/olv1HHNvUSRHS+tb2VFbnw=] [lilja] No offline messages found
[2025-08-17 19:46:52] [OtB8/Fi/zTqtCmvCEOm37xd//Ys=] [poo] Checking offline messages for client
[2025-08-17 19:46:52] [OtB8/Fi/zTqtCmvCEOm37xd//Ys=] [poo] No offline messages found
[2025-08-17 19:49:04] [GZPrB3FpiWRRV5XgyF1n9HPJB9A=] [TeamSpeakUser6] Checking offline messages for client
[2025-08-17 19:49:04] [GZPrB3FpiWRRV5XgyF1n9HPJB9A=] [TeamSpeakUser6] No offline messages found
[2025-08-17 19:49:05] [gzgRAaKVLz/5WXc8VfxX3/C8shc=] [TeamSpeakUser7] Checking offline messages for client
[2025-08-17 19:49:05] [gzgRAaKVLz/5WXc8VfxX3/C8shc=] [TeamSpeakUser7] No offline messages found
[2025-08-17 19:49:59] [gzgRAaKVLz/5WXc8VfxX3/C8shc=] [TeamSpeakUser7] Checking offline messages for client
[2025-08-17 19:49:59] [gzgRAaKVLz/5WXc8VfxX3/C8shc=] [TeamSpeakUser7] No offline messages found
[2025-08-17 19:50:48] [GCtHHUBX5hElNzyQqR/Hnxt9Os4=] [Felontheteam] Checking offline messages for client
[2025-08-17 19:50:48] [GCtHHUBX5hElNzyQqR/Hnxt9Os4=] [Felontheteam] No offline messages found
[2025-08-17 19:51:15] [+qJf2aY4yKXhD4XSZ0NW3vIbF6M=] [Margoto] Checking offline messages for client
[2025-08-17 19:51:15] [+qJf2aY4yKXhD4XSZ0NW3vIbF6M=] [Margoto] No offline messages found
[2025-08-17 19:55:03] [kiEdv7zRlPY5vEdchmBe2Mbipfo=] [Sven] Checking offline messages for client
[2025-08-17 19:55:03] [kiEdv7zRlPY5vEdchmBe2Mbipfo=] [Sven] No offline messages found
[2025-08-17 19:55:12] [UrEtXcp8O/VQlpgWLlmu83xsJb4=] [RePeek.me | Willi-Wonka] Checking offline messages for client
[2025-08-17 19:55:12] [UrEtXcp8O/VQlpgWLlmu83xsJb4=] [RePeek.me | Willi-Wonka] No offline messages found
[2025-08-17 19:56:37] [kiEdv7zRlPY5vEdchmBe2Mbipfo=] [Sven] Checking offline messages for client
[2025-08-17 19:56:37] [kiEdv7zRlPY5vEdchmBe2Mbipfo=] [Sven] No offline messages found
[2025-08-17 19:59:12] [dQduHytlYfXayqUKaU5iChZBKUQ=] [zitrvxmode] Checking offline messages for client
[2025-08-17 19:59:12] [dQduHytlYfXayqUKaU5iChZBKUQ=] [zitrvxmode] No offline messages found
[2025-08-17 19:59:15] [ruBTdp0pA5iSR/zKwFt9sBDK+SI=] [alexei_shubin] Checking offline messages for client
[2025-08-17 19:59:15] [ruBTdp0pA5iSR/zKwFt9sBDK+SI=] [alexei_shubin] No offline messages found
[2025-08-17 19:59:45] [rrFteaYAWPrQHu1180PxQxKeozg=] [Gomba] Checking offline messages for client
[2025-08-17 19:59:45] [rrFteaYAWPrQHu1180PxQxKeozg=] [Gomba] No offline messages found
[2025-08-17 20:00:07] [kiEdv7zRlPY5vEdchmBe2Mbipfo=] [Sven] Checking offline messages for client
[2025-08-17 20:00:07] [kiEdv7zRlPY5vEdchmBe2Mbipfo=] [Sven] No offline messages found
[2025-08-17 20:01:57] [A1xfpFQsaf2c9EH0PcH4vxsTE1o=] [GENERAL MOTORS] Checking offline messages for client
[2025-08-17 20:01:57] [A1xfpFQsaf2c9EH0PcH4vxsTE1o=] [GENERAL MOTORS] No offline messages found
[2025-08-17 20:04:11] [fA+/ep3PG6dYkl087gnTA33ONbw=] [Hampino] Checking offline messages for client
[2025-08-17 20:04:11] [fA+/ep3PG6dYkl087gnTA33ONbw=] [Hampino] No offline messages found
[2025-08-17 20:06:00] [+fy5MzugfSiiTGw+OcaOLe/fQQg=] [tobi] Checking offline messages for client
[2025-08-17 20:06:00] [+fy5MzugfSiiTGw+OcaOLe/fQQg=] [tobi] No offline messages found
[2025-08-17 20:09:24] [DdvfOAoep9XKOfimQ/Nit/nevWs=] [-3k] Checking offline messages for client
[2025-08-17 20:09:24] [DdvfOAoep9XKOfimQ/Nit/nevWs=] [-3k] No offline messages found
[2025-08-17 20:10:21] [eR1RjitdHks89A8dgZlineVbxYg=] [mitsuki7] Checking offline messages for client
[2025-08-17 20:10:21] [eR1RjitdHks89A8dgZlineVbxYg=] [mitsuki7] No offline messages found
[2025-08-17 20:10:25] [L7C6RyDj46rJ2KImJAiVMGuWyg8=] [mogulyok] Checking offline messages for client
[2025-08-17 20:10:25] [L7C6RyDj46rJ2KImJAiVMGuWyg8=] [mogulyok] No offline messages found
[2025-08-17 20:10:25] [L7C6RyDj46rJ2KImJAiVMGuWyg8=] [mogulyok] Checking offline messages for client
[2025-08-17 20:10:25] [L7C6RyDj46rJ2KImJAiVMGuWyg8=] [mogulyok] No offline messages found
[2025-08-17 20:10:25] [L7C6RyDj46rJ2KImJAiVMGuWyg8=] [mogulyok] Checking offline messages for client
[2025-08-17 20:10:25] [L7C6RyDj46rJ2KImJAiVMGuWyg8=] [mogulyok] No offline messages found
[2025-08-17 20:13:48] [eNxiZDOeggdj95ZNvuM5yeobkrU=] [Etienne] Checking offline messages for client
[2025-08-17 20:13:48] [eNxiZDOeggdj95ZNvuM5yeobkrU=] [Etienne] No offline messages found
[2025-08-17 20:14:25] [Xc1V+9hgSSUuMOB1iFNE7BbrmwA=] [Jaws] Checking offline messages for client
[2025-08-17 20:14:25] [Xc1V+9hgSSUuMOB1iFNE7BbrmwA=] [Jaws] No offline messages found
[2025-08-17 20:14:29] [VzDfRDmJ7uM/C1TaZb3VAAD1IFw=] [reverz] Checking offline messages for client
[2025-08-17 20:14:29] [VzDfRDmJ7uM/C1TaZb3VAAD1IFw=] [reverz] No offline messages found
[2025-08-17 20:14:45] [tHKwZtfb/srt+Fd0YoD5SiAYdKo=] [Sim0] Checking offline messages for client
[2025-08-17 20:14:45] [tHKwZtfb/srt+Fd0YoD5SiAYdKo=] [Sim0] No offline messages found
[2025-08-17 20:17:25] [fiWNBIZG2ioqbK7dtheFRsenFVI=] [AlexQc] Checking offline messages for client
[2025-08-17 20:17:25] [fiWNBIZG2ioqbK7dtheFRsenFVI=] [AlexQc] No offline messages found
[2025-08-17 20:18:38] [xcwFhKN0bPn1QJxV7HHekBb2PAs=] [Сика] Checking offline messages for client
[2025-08-17 20:18:38] [xcwFhKN0bPn1QJxV7HHekBb2PAs=] [Сика] No offline messages found
[2025-08-17 20:18:55] [c3ZeK0Ao+IacqBbjYwHaQ1Z+viM=] [jjjj] Checking offline messages for client
[2025-08-17 20:18:55] [c3ZeK0Ao+IacqBbjYwHaQ1Z+viM=] [jjjj] No offline messages found
[2025-08-17 20:21:52] [sC96QZMY/yY8Fc9QjquVCkLiW2c=] [Amirali] Checking offline messages for client
[2025-08-17 20:21:52] [sC96QZMY/yY8Fc9QjquVCkLiW2c=] [Amirali] No offline messages found
[2025-08-17 20:21:58] [hUjMcppeZYeQG89H1ehSTqHW6iQ=] [Hydrastarke] Checking offline messages for client
[2025-08-17 20:21:58] [hUjMcppeZYeQG89H1ehSTqHW6iQ=] [Hydrastarke] No offline messages found
[2025-08-17 20:22:20] [gM6JURCoeTppFvi+so8Nrj/PdUE=] [KvaKing95] Checking offline messages for client
[2025-08-17 20:22:20] [gM6JURCoeTppFvi+so8Nrj/PdUE=] [KvaKing95] No offline messages found
[2025-08-17 20:23:13] [CnsaFLBvFsaEG5TIA7bpH7+nWrU=] [ardoş] Checking offline messages for client
[2025-08-17 20:23:13] [CnsaFLBvFsaEG5TIA7bpH7+nWrU=] [ardoş] No offline messages found
[2025-08-17 20:24:18] [j4lQxUVWRUlLgopGIh2SadhECrU=] [lonezzz] Checking offline messages for client
[2025-08-17 20:24:18] [j4lQxUVWRUlLgopGIh2SadhECrU=] [lonezzz] No offline messages found
[2025-08-17 20:25:59] [OaGbqAfO2WfombCP5kMUjmY2SXg=] [Coolest] Checking offline messages for client
[2025-08-17 20:25:59] [OaGbqAfO2WfombCP5kMUjmY2SXg=] [Coolest] No offline messages found
[2025-08-17 20:27:21] [woPhIakFjrg3h0dOaapy5EGfmfo=] [DeiBil (Ярик)] Checking offline messages for client
[2025-08-17 20:27:21] [woPhIakFjrg3h0dOaapy5EGfmfo=] [DeiBil (Ярик)] No offline messages found
[2025-08-17 20:27:40] [yU5AqRzT3plqv4fu7Bc9jGrcdZ0=] [SysmoUsercid=140] Checking offline messages for client
[2025-08-17 20:27:40] [yU5AqRzT3plqv4fu7Bc9jGrcdZ0=] [SysmoUsercid=140] Found 10 offline messages
[2025-08-17 20:27:42] [yU5AqRzT3plqv4fu7Bc9jGrcdZ0=] [SysmoUsercid=140] Sent poke message: Your private channel has been renumbered from #36 to #35 to maintain sorting order.
[2025-08-17 20:27:42] [yU5AqRzT3plqv4fu7Bc9jGrcdZ0=] [SysmoUsercid=140] Sent poke message: Your private channel has been renumbered from #35 to #34 to maintain sorting order.
[2025-08-17 20:27:42] [yU5AqRzT3plqv4fu7Bc9jGrcdZ0=] [SysmoUsercid=140] Sent poke message: Your private channel has been renumbered from #34 to #33 to maintain sorting order.
[2025-08-17 20:27:42] [yU5AqRzT3plqv4fu7Bc9jGrcdZ0=] [SysmoUsercid=140] Sent poke message: Your private channel has been renumbered from #33 to #32 to maintain sorting order.
[2025-08-17 20:27:42] [yU5AqRzT3plqv4fu7Bc9jGrcdZ0=] [SysmoUsercid=140] Sent poke message: Your private channel has been renumbered from #32 to #31 to maintain sorting order.
[2025-08-17 20:27:42] [yU5AqRzT3plqv4fu7Bc9jGrcdZ0=] [SysmoUsercid=140] Sent poke message: Your private channel has been renumbered from #31 to #30 to maintain sorting order.
[2025-08-17 20:27:42] [yU5AqRzT3plqv4fu7Bc9jGrcdZ0=] [SysmoUsercid=140] Sent poke message: Your private channel has been renumbered from #30 to #29 to maintain sorting order.
[2025-08-17 20:27:42] [yU5AqRzT3plqv4fu7Bc9jGrcdZ0=] [SysmoUsercid=140] Sent poke message: Your private channel has been renumbered from #29 to #28 to maintain sorting order.
[2025-08-17 20:27:42] [yU5AqRzT3plqv4fu7Bc9jGrcdZ0=] [SysmoUsercid=140] Sent poke message: Your private channel has been renumbered from #28 to #27 to maintain sorting order.
[2025-08-17 20:27:42] [yU5AqRzT3plqv4fu7Bc9jGrcdZ0=] [SysmoUsercid=140] Sent poke message: Your private channel has been renumbered from #27 to #26 to maintain sorting order.
[2025-08-17 20:27:42] [yU5AqRzT3plqv4fu7Bc9jGrcdZ0=] [SysmoUsercid=140] Deleted 10 delivered messages from database
[2025-08-17 20:27:46] [LChIIpVKSczGXCJcvYW8G7+Rrgk=] [erik] Checking offline messages for client
[2025-08-17 20:27:46] [LChIIpVKSczGXCJcvYW8G7+Rrgk=] [erik] No offline messages found
[2025-08-17 20:29:38] [olLchfzvGHNpn6d47ZpS8OkJojI=] [SGS Calvo] Checking offline messages for client
[2025-08-17 20:29:38] [olLchfzvGHNpn6d47ZpS8OkJojI=] [SGS Calvo] No offline messages found
[2025-08-17 20:32:53] [5c2sa3PhJfKo4TEu5wJxaEqysw8=] [I.am.Atomic] Checking offline messages for client
[2025-08-17 20:32:53] [5c2sa3PhJfKo4TEu5wJxaEqysw8=] [I.am.Atomic] No offline messages found
[2025-08-17 20:34:22] [woPhIakFjrg3h0dOaapy5EGfmfo=] [DeiBil (Ярик)] Checking offline messages for client
[2025-08-17 20:34:22] [woPhIakFjrg3h0dOaapy5EGfmfo=] [DeiBil (Ярик)] No offline messages found
[2025-08-17 20:34:54] [HWLzM87+yNul7zc6POACMa/NjHo=] [TeamSpeakUser] Checking offline messages for client
[2025-08-17 20:34:54] [HWLzM87+yNul7zc6POACMa/NjHo=] [TeamSpeakUser] No offline messages found
[2025-08-17 20:35:12] [woPhIakFjrg3h0dOaapy5EGfmfo=] [DeiBil (Ярик)] Checking offline messages for client
[2025-08-17 20:35:12] [woPhIakFjrg3h0dOaapy5EGfmfo=] [DeiBil (Ярик)] No offline messages found
[2025-08-17 20:35:38] [GRmt7jZLfS3A+SdGDckb2BiZEAk=] [sameqqq] Checking offline messages for client
[2025-08-17 20:35:38] [GRmt7jZLfS3A+SdGDckb2BiZEAk=] [sameqqq] No offline messages found
[2025-08-17 20:36:24] [woPhIakFjrg3h0dOaapy5EGfmfo=] [DeiBil (Ярик)] Checking offline messages for client
[2025-08-17 20:36:24] [woPhIakFjrg3h0dOaapy5EGfmfo=] [DeiBil (Ярик)] No offline messages found
[2025-08-17 20:38:09] [m8cGnTRM3qxRjTwNC0BSS/gHtFk=] [IRA DOWNPAS] Checking offline messages for client
[2025-08-17 20:38:09] [m8cGnTRM3qxRjTwNC0BSS/gHtFk=] [IRA DOWNPAS] No offline messages found
[2025-08-17 20:39:59] [675wO5ssJtQbFw+9qXHexPjHNYM=] [Nevskiiiy] Checking offline messages for client
[2025-08-17 20:39:59] [675wO5ssJtQbFw+9qXHexPjHNYM=] [Nevskiiiy] No offline messages found
[2025-08-17 20:40:00] [675wO5ssJtQbFw+9qXHexPjHNYM=] [Nevskiiiy] Checking offline messages for client
[2025-08-17 20:40:00] [675wO5ssJtQbFw+9qXHexPjHNYM=] [Nevskiiiy] No offline messages found
[2025-08-17 20:40:00] [675wO5ssJtQbFw+9qXHexPjHNYM=] [Nevskiiiy] Checking offline messages for client
[2025-08-17 20:40:00] [675wO5ssJtQbFw+9qXHexPjHNYM=] [Nevskiiiy] No offline messages found
[2025-08-17 20:40:25] [0KtmgWcqmqyqg9a6emCRbxnVfko=] [BAT] Checking offline messages for client
[2025-08-17 20:40:25] [0KtmgWcqmqyqg9a6emCRbxnVfko=] [BAT] No offline messages found
[2025-08-17 20:41:46] [OnyFNlLSRn5WExnVSStquo7sjMA=] [ПожилаяОстановка] Checking offline messages for client
[2025-08-17 20:41:46] [OnyFNlLSRn5WExnVSStquo7sjMA=] [ПожилаяОстановка] No offline messages found
[2025-08-17 20:47:46] [QtZEuMWPGcNLoylWU5/WhA71J3c=] [Snow] Checking offline messages for client
[2025-08-17 20:47:46] [QtZEuMWPGcNLoylWU5/WhA71J3c=] [Snow] No offline messages found
[2025-08-17 20:48:23] [c3ZeK0Ao+IacqBbjYwHaQ1Z+viM=] [jjjj] Checking offline messages for client
[2025-08-17 20:48:23] [c3ZeK0Ao+IacqBbjYwHaQ1Z+viM=] [jjjj] No offline messages found
[2025-08-17 20:49:32] [gzgRAaKVLz/5WXc8VfxX3/C8shc=] [TeamSpeakUser1] Checking offline messages for client
[2025-08-17 20:49:32] [gzgRAaKVLz/5WXc8VfxX3/C8shc=] [TeamSpeakUser1] No offline messages found
[2025-08-17 20:50:07] [GZPrB3FpiWRRV5XgyF1n9HPJB9A=] [TeamSpeakUser2] Checking offline messages for client
[2025-08-17 20:50:07] [GZPrB3FpiWRRV5XgyF1n9HPJB9A=] [TeamSpeakUser2] No offline messages found
[2025-08-17 20:53:15] [olLchfzvGHNpn6d47ZpS8OkJojI=] [lpcastil] Checking offline messages for client
[2025-08-17 20:53:15] [olLchfzvGHNpn6d47ZpS8OkJojI=] [lpcastil] No offline messages found
[2025-08-17 20:53:26] [qKySDB+20NCxnJzVQbUg/kdpOEA=] [GuNmiR_] Checking offline messages for client
[2025-08-17 20:53:26] [qKySDB+20NCxnJzVQbUg/kdpOEA=] [GuNmiR_] No offline messages found
[2025-08-17 20:57:26] [daLZO33ORrjt8kilU/mo70jc7KI=] [makpyn] Checking offline messages for client
[2025-08-17 20:57:26] [daLZO33ORrjt8kilU/mo70jc7KI=] [makpyn] No offline messages found
[2025-08-17 20:57:46] [LlrrkLsrg0tQI2vuLxN2UDOqfpU=] [TeamSpeakUser4] Checking offline messages for client
[2025-08-17 20:57:46] [LlrrkLsrg0tQI2vuLxN2UDOqfpU=] [TeamSpeakUser4] No offline messages found
[2025-08-17 20:58:11] [LlrrkLsrg0tQI2vuLxN2UDOqfpU=] [TeamSpeakUser4] Checking offline messages for client
[2025-08-17 20:58:11] [LlrrkLsrg0tQI2vuLxN2UDOqfpU=] [TeamSpeakUser4] No offline messages found
[2025-08-17 20:58:55] [oqqi6Bit5O+ygzyrhHPsm/VXnKE=] [Pitbulldeluxe.] Checking offline messages for client
[2025-08-17 20:58:55] [oqqi6Bit5O+ygzyrhHPsm/VXnKE=] [Pitbulldeluxe.] No offline messages found
[2025-08-17 21:00:12] [0DF8mv1hH+kKvzurpSilnz/mv7M=] [SPUNKEYMONKEY] Checking offline messages for client
[2025-08-17 21:00:12] [0DF8mv1hH+kKvzurpSilnz/mv7M=] [SPUNKEYMONKEY] No offline messages found
[2025-08-17 21:01:47] [c8FoIr3LvluzREdWq/6oCv0yboo=] [Doomgeonmaster] Checking offline messages for client
[2025-08-17 21:01:47] [c8FoIr3LvluzREdWq/6oCv0yboo=] [Doomgeonmaster] No offline messages found
[2025-08-17 21:01:58] [bfBHMKZBZ+ykgSUwUk0K/ZJFvDw=] [zzzCorleonezzz ( Бислан )] Checking offline messages for client
[2025-08-17 21:01:58] [bfBHMKZBZ+ykgSUwUk0K/ZJFvDw=] [zzzCorleonezzz ( Бислан )] No offline messages found
[2025-08-17 21:04:49] [wjB8Tsap1RPIpRSCGjlArmTYETo=] [Cam] Checking offline messages for client
[2025-08-17 21:04:49] [wjB8Tsap1RPIpRSCGjlArmTYETo=] [Cam] No offline messages found
[2025-08-17 21:05:41] [Di2MaUkDvWG/4yTOmNqIBWAhaIM=] [astraiser] Checking offline messages for client
[2025-08-17 21:05:41] [Di2MaUkDvWG/4yTOmNqIBWAhaIM=] [astraiser] No offline messages found
[2025-08-17 21:05:43] [Di2MaUkDvWG/4yTOmNqIBWAhaIM=] [astraiser] Checking offline messages for client
[2025-08-17 21:05:43] [Di2MaUkDvWG/4yTOmNqIBWAhaIM=] [astraiser] No offline messages found
[2025-08-17 21:05:44] [Di2MaUkDvWG/4yTOmNqIBWAhaIM=] [astraiser] Checking offline messages for client
[2025-08-17 21:05:44] [Di2MaUkDvWG/4yTOmNqIBWAhaIM=] [astraiser] No offline messages found
[2025-08-17 21:06:59] [9+eEcAto/wSTLd5IvNiV/GTupc8=] [Alpha09] Checking offline messages for client
[2025-08-17 21:06:59] [9+eEcAto/wSTLd5IvNiV/GTupc8=] [Alpha09] No offline messages found
[2025-08-17 21:12:22] [4E896wDSmJ8m6QyPTb8WNx7UKxM=] [Groff] Checking offline messages for client
[2025-08-17 21:12:22] [4E896wDSmJ8m6QyPTb8WNx7UKxM=] [Groff] No offline messages found
[2025-08-17 21:14:11] [2E0aQHWA5/SqE+mSnXymc/gM1kI=] [Tasril] Checking offline messages for client
[2025-08-17 21:14:11] [2E0aQHWA5/SqE+mSnXymc/gM1kI=] [Tasril] No offline messages found
[2025-08-17 21:17:15] [4K1JM3gWxWDRwefuj7WYFwSS2W8=] [Cpt.BORODA] Checking offline messages for client
[2025-08-17 21:17:15] [4K1JM3gWxWDRwefuj7WYFwSS2W8=] [Cpt.BORODA] No offline messages found
[2025-08-17 21:19:59] [UOd+Zc3DymKG+8IebhOprUVvfE4=] [dyasa] Checking offline messages for client
[2025-08-17 21:19:59] [UOd+Zc3DymKG+8IebhOprUVvfE4=] [dyasa] No offline messages found
[2025-08-17 21:22:01] [G831RTm365sZm+AZDB791219bVE=] [x7uned] Checking offline messages for client
[2025-08-17 21:22:01] [G831RTm365sZm+AZDB791219bVE=] [x7uned] No offline messages found
[2025-08-17 21:22:25] [4lgk8AIxD24nO55TvFlly6KF/C4=] [e6lan] Checking offline messages for client
[2025-08-17 21:22:25] [4lgk8AIxD24nO55TvFlly6KF/C4=] [e6lan] No offline messages found
[2025-08-17 21:25:55] [L7qRovRf/7UBeW38ly75ngISmrA=] [emirhnxnn] Checking offline messages for client
[2025-08-17 21:25:55] [L7qRovRf/7UBeW38ly75ngISmrA=] [emirhnxnn] No offline messages found
[2025-08-17 21:27:54] [U9IMfSvzj5D6AQ6a6xlapRD7cZ0=] [dayn777] Checking offline messages for client
[2025-08-17 21:27:54] [U9IMfSvzj5D6AQ6a6xlapRD7cZ0=] [dayn777] No offline messages found
[2025-08-17 21:28:35] [2Lx63FxcyvHlLbs3Khbo5bJe6mY=] [Last] Checking offline messages for client
[2025-08-17 21:28:35] [2Lx63FxcyvHlLbs3Khbo5bJe6mY=] [Last] No offline messages found
[2025-08-17 21:28:52] [RsLFTb9VG9OQrC5jmLEaxKjH4bI=] [aswee-] Checking offline messages for client
[2025-08-17 21:28:52] [RsLFTb9VG9OQrC5jmLEaxKjH4bI=] [aswee-] No offline messages found
[2025-08-17 21:29:16] [czJq8VhqlxMm/zy39XTQ+Np/v1c=] [Manwe] Checking offline messages for client
[2025-08-17 21:29:16] [czJq8VhqlxMm/zy39XTQ+Np/v1c=] [Manwe] No offline messages found
[2025-08-17 21:30:52] [KTw+VF6m+gTCBlxPrQOWS+S0KMI=] [ego1str0ma] Checking offline messages for client
[2025-08-17 21:30:52] [KTw+VF6m+gTCBlxPrQOWS+S0KMI=] [ego1str0ma] No offline messages found
[2025-08-17 21:32:59] [Zn/9+bT2XSO9sc6lE0+QcGA4eu4=] [sanq] Checking offline messages for client
[2025-08-17 21:32:59] [Zn/9+bT2XSO9sc6lE0+QcGA4eu4=] [sanq] No offline messages found
[2025-08-17 21:34:29] [WUFbI2wm1TirPkulhTRESNYToW0=] [sajjad] Checking offline messages for client
[2025-08-17 21:34:29] [WUFbI2wm1TirPkulhTRESNYToW0=] [sajjad] No offline messages found
[2025-08-17 21:34:29] [WUFbI2wm1TirPkulhTRESNYToW0=] [sajjad] Checking offline messages for client
[2025-08-17 21:34:29] [WUFbI2wm1TirPkulhTRESNYToW0=] [sajjad] No offline messages found
[2025-08-17 21:34:29] [WUFbI2wm1TirPkulhTRESNYToW0=] [sajjad] Checking offline messages for client
[2025-08-17 21:34:29] [WUFbI2wm1TirPkulhTRESNYToW0=] [sajjad] No offline messages found
[2025-08-17 21:34:33] [raAePR7lHPhNIRleevueRUQgaPg=] [Seyit] Checking offline messages for client
[2025-08-17 21:34:33] [raAePR7lHPhNIRleevueRUQgaPg=] [Seyit] No offline messages found
[2025-08-17 21:35:18] [u37UZKIsHRy8fpvH8qv7OuhDpEw=] [AMINOV] Checking offline messages for client
[2025-08-17 21:35:18] [u37UZKIsHRy8fpvH8qv7OuhDpEw=] [AMINOV] No offline messages found
[2025-08-17 21:35:41] [wHu8CcJA3lzMnjKWRMwrrvCJbLs=] [mmd senator] Checking offline messages for client
[2025-08-17 21:35:41] [wHu8CcJA3lzMnjKWRMwrrvCJbLs=] [mmd senator] No offline messages found
[2025-08-17 21:36:32] [gzgRAaKVLz/5WXc8VfxX3/C8shc=] [TeamSpeakUser1] Checking offline messages for client
[2025-08-17 21:36:32] [gzgRAaKVLz/5WXc8VfxX3/C8shc=] [TeamSpeakUser1] No offline messages found
[2025-08-17 21:36:37] [RBwh+hLI7qM/5sBbq4UPaExpE30=] [Druid Сrow 🦅] Checking offline messages for client
[2025-08-17 21:36:37] [RBwh+hLI7qM/5sBbq4UPaExpE30=] [Druid Сrow 🦅] No offline messages found
[2025-08-17 21:36:42] [L2eQNSlPSLEvzElBvTWjnRjR04U=] [Koniciva] Checking offline messages for client
[2025-08-17 21:36:42] [L2eQNSlPSLEvzElBvTWjnRjR04U=] [Koniciva] No offline messages found
[2025-08-17 21:39:52] [MCH5CUuHw7qLHVegyroS34EN/pQ=] [PastA1] Checking offline messages for client
[2025-08-17 21:39:52] [MCH5CUuHw7qLHVegyroS34EN/pQ=] [PastA1] No offline messages found
[2025-08-17 21:40:27] [HN5pYtlIXELllELcmptWdbT2sGg=] [Ngfhtly] Checking offline messages for client
[2025-08-17 21:40:27] [HN5pYtlIXELllELcmptWdbT2sGg=] [Ngfhtly] No offline messages found
[2025-08-17 21:42:52] [6+AWtm7Dy/22msFL+Vzc//Ih20k=] [rutr13x] Checking offline messages for client
[2025-08-17 21:42:52] [6+AWtm7Dy/22msFL+Vzc//Ih20k=] [rutr13x] No offline messages found
[2025-08-17 21:43:24] [QKXqtUmSXnh7VOSiX4gNUckdrEw=] [Asshol;e] Checking offline messages for client
[2025-08-17 21:43:24] [QKXqtUmSXnh7VOSiX4gNUckdrEw=] [Asshol;e] No offline messages found
[2025-08-17 21:46:11] [A337CRyeHXs4LwAB23shVIw0jeg=] [mishechcaty] Checking offline messages for client
[2025-08-17 21:46:11] [A337CRyeHXs4LwAB23shVIw0jeg=] [mishechcaty] No offline messages found
[2025-08-17 21:46:38] [hFplnszNsVWixGv+jr9PV6siVtc=] [PitcaRNNN``] Checking offline messages for client
[2025-08-17 21:46:38] [hFplnszNsVWixGv+jr9PV6siVtc=] [PitcaRNNN``] No offline messages found
[2025-08-17 21:46:53] [kfn1jFosIGdE1yOz/lIfEBXQj4A=] [Rix] Checking offline messages for client
[2025-08-17 21:46:53] [kfn1jFosIGdE1yOz/lIfEBXQj4A=] [Rix] No offline messages found
[2025-08-17 21:47:14] [iefEc7IftjNMM5/w71mlW1yAG/s=] [fugue state] Checking offline messages for client
[2025-08-17 21:47:14] [iefEc7IftjNMM5/w71mlW1yAG/s=] [fugue state] No offline messages found
[2025-08-17 21:52:18] [pUCIpssKzbEhYAmtB8xcuFXcEsU=] [mostafa] Checking offline messages for client
[2025-08-17 21:52:18] [pUCIpssKzbEhYAmtB8xcuFXcEsU=] [mostafa] No offline messages found
[2025-08-17 21:53:02] [TvTOgNTiqjm7swE0hlAPFfwQ3DU=] [Sculaccia troie] Checking offline messages for client
[2025-08-17 21:53:02] [TvTOgNTiqjm7swE0hlAPFfwQ3DU=] [Sculaccia troie] Found 2 offline messages
[2025-08-17 21:53:04] [TvTOgNTiqjm7swE0hlAPFfwQ3DU=] [Sculaccia troie] Sent poke message: Your private channel has been renumbered from #0 to #30 to maintain sorting order.
[2025-08-17 21:53:04] [TvTOgNTiqjm7swE0hlAPFfwQ3DU=] [Sculaccia troie] Sent poke message: Your private channel has been renumbered from #30 to #29 to maintain sorting order.
[2025-08-17 21:53:04] [TvTOgNTiqjm7swE0hlAPFfwQ3DU=] [Sculaccia troie] Deleted 2 delivered messages from database
[2025-08-17 21:53:19] [yPSI9aghhtH6O+mnSQIo84yUZ4c=] [шароёб] Checking offline messages for client
[2025-08-17 21:53:19] [yPSI9aghhtH6O+mnSQIo84yUZ4c=] [шароёб] No offline messages found
[2025-08-17 21:55:23] [XPDToHl5aljFgqQKk+WWlqrfzHY=] [TeamSpeakUser4] Checking offline messages for client
[2025-08-17 21:55:23] [XPDToHl5aljFgqQKk+WWlqrfzHY=] [TeamSpeakUser4] No offline messages found
[2025-08-17 21:55:40] [0WgZKkj6v4iiMp7/eG9vKSWI5qU=] [TeamSpeakUser5] Checking offline messages for client
[2025-08-17 21:55:40] [0WgZKkj6v4iiMp7/eG9vKSWI5qU=] [TeamSpeakUser5] No offline messages found
[2025-08-17 21:55:41] [y8www1vX+Fcxdsy3fifmpFwkYkA=] [KingDriver] Checking offline messages for client
[2025-08-17 21:55:41] [y8www1vX+Fcxdsy3fifmpFwkYkA=] [KingDriver] No offline messages found
[2025-08-17 21:55:44] [y8www1vX+Fcxdsy3fifmpFwkYkA=] [KingDriver] Checking offline messages for client
[2025-08-17 21:55:44] [y8www1vX+Fcxdsy3fifmpFwkYkA=] [KingDriver] No offline messages found
[2025-08-17 21:55:45] [y8www1vX+Fcxdsy3fifmpFwkYkA=] [KingDriver] Checking offline messages for client
[2025-08-17 21:55:45] [y8www1vX+Fcxdsy3fifmpFwkYkA=] [KingDriver] No offline messages found
[2025-08-17 21:59:25] [ow+Zi/O4SnJIvwHosoZ7zIvOOK8=] [shinigami] Checking offline messages for client
[2025-08-17 21:59:25] [ow+Zi/O4SnJIvwHosoZ7zIvOOK8=] [shinigami] No offline messages found
[2025-08-17 22:01:38] [HH9pMWXk+qbWzAZZBN5MjixTURo=] [éclatax] Checking offline messages for client
[2025-08-17 22:01:38] [HH9pMWXk+qbWzAZZBN5MjixTURo=] [éclatax] No offline messages found
[2025-08-17 22:01:39] [FjvWluljyXAl76fTQUXQDhqEdXg=] [sima] Checking offline messages for client
[2025-08-17 22:01:39] [FjvWluljyXAl76fTQUXQDhqEdXg=] [sima] No offline messages found
[2025-08-17 22:03:09] [MCH5CUuHw7qLHVegyroS34EN/pQ=] [PastA1] Checking offline messages for client
[2025-08-17 22:03:09] [MCH5CUuHw7qLHVegyroS34EN/pQ=] [PastA1] No offline messages found
[2025-08-17 22:03:22] [3IPPzokbYSPH56aq0936DKtH22I=] [Abazachkun] Checking offline messages for client
[2025-08-17 22:03:22] [3IPPzokbYSPH56aq0936DKtH22I=] [Abazachkun] No offline messages found
[2025-08-17 22:08:04] [tTra3qIpwTX0g0ATBnyX75pZHaQ=] [Berry] Checking offline messages for client
[2025-08-17 22:08:04] [tTra3qIpwTX0g0ATBnyX75pZHaQ=] [Berry] No offline messages found
[2025-08-17 22:08:08] [tTra3qIpwTX0g0ATBnyX75pZHaQ=] [Berry] Checking offline messages for client
[2025-08-17 22:08:08] [tTra3qIpwTX0g0ATBnyX75pZHaQ=] [Berry] No offline messages found
[2025-08-17 22:08:27] [DxNi4BD7UAq0vlX3PZbYCobMhWc=] [Berry1] Checking offline messages for client
[2025-08-17 22:08:27] [DxNi4BD7UAq0vlX3PZbYCobMhWc=] [Berry1] No offline messages found
[2025-08-17 22:17:00] [c3ZeK0Ao+IacqBbjYwHaQ1Z+viM=] [jjjj] Checking offline messages for client
[2025-08-17 22:17:00] [c3ZeK0Ao+IacqBbjYwHaQ1Z+viM=] [jjjj] No offline messages found
[2025-08-17 22:19:17] [eR1RjitdHks89A8dgZlineVbxYg=] [mitsuki7] Checking offline messages for client
[2025-08-17 22:19:17] [eR1RjitdHks89A8dgZlineVbxYg=] [mitsuki7] No offline messages found
[2025-08-17 22:19:20] [lQpIOjnCQMVOEI595m3Amb0wZpA=] [IDI NAXUI] Checking offline messages for client
[2025-08-17 22:19:20] [lQpIOjnCQMVOEI595m3Amb0wZpA=] [IDI NAXUI] No offline messages found
[2025-08-17 22:19:21] [lQpIOjnCQMVOEI595m3Amb0wZpA=] [IDI NAXUI] Checking offline messages for client
[2025-08-17 22:19:21] [lQpIOjnCQMVOEI595m3Amb0wZpA=] [IDI NAXUI] No offline messages found
[2025-08-17 22:19:45] [TLwIP9Vx3bePxB8PgLne8QrHhrw=] [yasha-_] Checking offline messages for client
[2025-08-17 22:19:45] [TLwIP9Vx3bePxB8PgLne8QrHhrw=] [yasha-_] No offline messages found
[2025-08-17 22:20:52] [e/9oYyrhhc1IP+S6iQ1nWm9Q3x8=] [-REVA-] Checking offline messages for client
[2025-08-17 22:20:52] [e/9oYyrhhc1IP+S6iQ1nWm9Q3x8=] [-REVA-] No offline messages found
[2025-08-17 22:21:35] [ALJbKmQfUmbz6g/F8tfpkljRY/0=] [Mari] Checking offline messages for client
[2025-08-17 22:21:35] [ALJbKmQfUmbz6g/F8tfpkljRY/0=] [Mari] No offline messages found
[2025-08-17 22:21:44] [kfn1jFosIGdE1yOz/lIfEBXQj4A=] [Rix] Checking offline messages for client
[2025-08-17 22:21:44] [kfn1jFosIGdE1yOz/lIfEBXQj4A=] [Rix] No offline messages found
[2025-08-17 22:21:45] [Chs2gds0q5c5sHk5GQqGy9JmwQg=] [teaman11] Checking offline messages for client
[2025-08-17 22:21:45] [Chs2gds0q5c5sHk5GQqGy9JmwQg=] [teaman11] No offline messages found
[2025-08-17 22:26:01] [UkMRdPWzSLSbVYspP0RZwp4rLXU=] [Adam Boroda] Checking offline messages for client
[2025-08-17 22:26:01] [UkMRdPWzSLSbVYspP0RZwp4rLXU=] [Adam Boroda] No offline messages found
[2025-08-17 22:27:35] [4Trzz2r9looYqjT6W05btyo3lzs=] [ridzazz] Checking offline messages for client
[2025-08-17 22:27:35] [4Trzz2r9looYqjT6W05btyo3lzs=] [ridzazz] No offline messages found
[2025-08-17 22:30:30] [hkBhnMOTE8soDHFmBL7JMnzKXrU=] [TeamSpeakUser1] Checking offline messages for client
[2025-08-17 22:30:30] [hkBhnMOTE8soDHFmBL7JMnzKXrU=] [TeamSpeakUser1] No offline messages found
[2025-08-17 22:31:37] [t31curkqcBIW+Mm1lFuXP/STLZo=] [1nemanjaves] Checking offline messages for client
[2025-08-17 22:31:37] [t31curkqcBIW+Mm1lFuXP/STLZo=] [1nemanjaves] No offline messages found
[2025-08-17 22:31:44] [6EwxQw7oRt1YOQbzeeEOWW6iyEY=] [TeamSpeakUser2] Checking offline messages for client
[2025-08-17 22:31:44] [6EwxQw7oRt1YOQbzeeEOWW6iyEY=] [TeamSpeakUser2] No offline messages found
[2025-08-17 22:31:52] [j4lQxUVWRUlLgopGIh2SadhECrU=] [lonezzz] Checking offline messages for client
[2025-08-17 22:31:52] [j4lQxUVWRUlLgopGIh2SadhECrU=] [lonezzz] No offline messages found
[2025-08-17 22:31:57] [6EwxQw7oRt1YOQbzeeEOWW6iyEY=] [TeamSpeakUser2] Checking offline messages for client
[2025-08-17 22:31:57] [6EwxQw7oRt1YOQbzeeEOWW6iyEY=] [TeamSpeakUser2] No offline messages found
[2025-08-17 22:32:23] [xa6D8FIW6ei0ShkOhBhw00Tmpcc=] [PipkaOtca] Checking offline messages for client
[2025-08-17 22:32:23] [xa6D8FIW6ei0ShkOhBhw00Tmpcc=] [PipkaOtca] No offline messages found
[2025-08-17 22:35:32] [6EwxQw7oRt1YOQbzeeEOWW6iyEY=] [TeamSpeakUser1] Checking offline messages for client
[2025-08-17 22:35:32] [6EwxQw7oRt1YOQbzeeEOWW6iyEY=] [TeamSpeakUser1] No offline messages found
[2025-08-17 22:35:49] [MCH5CUuHw7qLHVegyroS34EN/pQ=] [PastA1] Checking offline messages for client
[2025-08-17 22:35:49] [MCH5CUuHw7qLHVegyroS34EN/pQ=] [PastA1] No offline messages found
[2025-08-17 22:37:17] [D2IJTm1XTkyh+/GoxsjvTPj1ymE=] [Knups] Checking offline messages for client
[2025-08-17 22:37:17] [D2IJTm1XTkyh+/GoxsjvTPj1ymE=] [Knups] No offline messages found
[2025-08-17 22:37:33] [AJimp0Wwxt3LJm5dPIyisfwXR6U=] [N3rvezz] Checking offline messages for client
[2025-08-17 22:37:33] [AJimp0Wwxt3LJm5dPIyisfwXR6U=] [N3rvezz] No offline messages found
[2025-08-17 22:38:25] [HWG+ATHFYYOXM1l3iDtc4v9gUsM=] [Baldiez] Checking offline messages for client
[2025-08-17 22:38:25] [HWG+ATHFYYOXM1l3iDtc4v9gUsM=] [Baldiez] No offline messages found
[2025-08-17 22:40:25] [X5IbyBv3WtlcgFhjUdRkdzckDnA=] [[#]Misc] Client in ignored group, skipping offline messages check
[2025-08-17 22:40:26] [XdfBPIFBI3AGf0ZCZTbFFDB3TjU=] [I ❤ Greatest Hits] Client in ignored group, skipping offline messages check
[2025-08-17 22:40:26] [CTJJYp6g0ooZW+p10o4IHQNYVIQ=] [I ❤ 2 Dance] Client in ignored group, skipping offline messages check
[2025-08-17 22:40:26] [CTJJYp6g0ooZW+p10o4IHQNYVIQ=] [I ❤ 2 Dance] Client in ignored group, skipping offline messages check
[2025-08-17 22:40:26] [CTJJYp6g0ooZW+p10o4IHQNYVIQ=] [I ❤ 2 Dance] Client in ignored group, skipping offline messages check
[2025-08-17 22:41:25] [24EkewZtTa85lPq6oDSYYo9p6Yg=] [beytula] Checking offline messages for client
[2025-08-17 22:41:25] [24EkewZtTa85lPq6oDSYYo9p6Yg=] [beytula] No offline messages found
[2025-08-17 22:42:22] [XdfBPIFBI3AGf0ZCZTbFFDB3TjU=] [I ❤ Greatest Hits] Client in ignored group, skipping offline messages check
[2025-08-17 22:42:23] [X5IbyBv3WtlcgFhjUdRkdzckDnA=] [[#]Misc] Client in ignored group, skipping offline messages check
[2025-08-17 22:42:24] [CTJJYp6g0ooZW+p10o4IHQNYVIQ=] [I ❤ 2 Dance] Client in ignored group, skipping offline messages check
[2025-08-17 22:44:41] [Oov1MfOFFovIa6BxLp/q2bSynIU=] [RauL] Checking offline messages for client
[2025-08-17 22:44:41] [Oov1MfOFFovIa6BxLp/q2bSynIU=] [RauL] No offline messages found
[2025-08-17 22:44:49] [wHu8CcJA3lzMnjKWRMwrrvCJbLs=] [mmd senator] Checking offline messages for client
[2025-08-17 22:44:49] [wHu8CcJA3lzMnjKWRMwrrvCJbLs=] [mmd senator] No offline messages found
[2025-08-17 22:44:54] [9yJoO9YN3GwQ3S10Ixz9nAKhZnk=] [Sethius] Checking offline messages for client
[2025-08-17 22:44:54] [9yJoO9YN3GwQ3S10Ixz9nAKhZnk=] [Sethius] No offline messages found
[2025-08-17 22:46:49] [TWI+XXGLu2pwzCW3cEOZstlE9X4=] [FlavianFCP] Checking offline messages for client
[2025-08-17 22:46:49] [TWI+XXGLu2pwzCW3cEOZstlE9X4=] [FlavianFCP] No offline messages found
[2025-08-17 22:49:39] [0k7iJrGzj7haOvrih6GAxyrXHtM=] [Sebitzuu] Checking offline messages for client
[2025-08-17 22:49:39] [0k7iJrGzj7haOvrih6GAxyrXHtM=] [Sebitzuu] No offline messages found
[2025-08-17 22:51:38] [ofp0lC8aE44wL4Ooasojs98NL70=] [miz-miz] Checking offline messages for client
[2025-08-17 22:51:38] [ofp0lC8aE44wL4Ooasojs98NL70=] [miz-miz] No offline messages found
[2025-08-17 22:53:51] [esphB+mG2+N8I3ntRjK04Tgvv7o=] [Phantor] Checking offline messages for client
[2025-08-17 22:53:51] [esphB+mG2+N8I3ntRjK04Tgvv7o=] [Phantor] No offline messages found
[2025-08-17 22:55:56] [DdvfOAoep9XKOfimQ/Nit/nevWs=] [-3k] Checking offline messages for client
[2025-08-17 22:55:56] [DdvfOAoep9XKOfimQ/Nit/nevWs=] [-3k] No offline messages found
[2025-08-17 22:56:48] [qNsg0b7JeakWdOg/MBVUEfo+t/s=] [Chico] Checking offline messages for client
[2025-08-17 22:56:48] [qNsg0b7JeakWdOg/MBVUEfo+t/s=] [Chico] No offline messages found
[2025-08-17 23:01:26] [Ur4QEkJdoUnTlF/3Qq/fhchir7U=] [Alex0807] Checking offline messages for client
[2025-08-17 23:01:26] [Ur4QEkJdoUnTlF/3Qq/fhchir7U=] [Alex0807] No offline messages found
[2025-08-17 23:01:27] [lYnVEWVma0Kzv/p4bpCgYZ9twnA=] [I ❤ US Rap Only] Client in ignored group, skipping offline messages check
[2025-08-17 23:01:27] [lYnVEWVma0Kzv/p4bpCgYZ9twnA=] [I ❤ US Rap Only] Client in ignored group, skipping offline messages check
[2025-08-17 23:01:27] [lYnVEWVma0Kzv/p4bpCgYZ9twnA=] [I ❤ US Rap Only] Client in ignored group, skipping offline messages check
[2025-08-17 23:06:29] [ZhvWkHfrWLVjrK3fFImU+a6eDAM=] [ratera] Checking offline messages for client
[2025-08-17 23:06:29] [ZhvWkHfrWLVjrK3fFImU+a6eDAM=] [ratera] No offline messages found
[2025-08-17 23:10:05] [hkBhnMOTE8soDHFmBL7JMnzKXrU=] [TeamSpeakUser2] Checking offline messages for client
[2025-08-17 23:10:05] [hkBhnMOTE8soDHFmBL7JMnzKXrU=] [TeamSpeakUser2] No offline messages found
[2025-08-17 23:10:39] [AoNL29Xi2fbL8z1ogPNPD5zGGpY=] [Fenix] Checking offline messages for client
[2025-08-17 23:10:39] [AoNL29Xi2fbL8z1ogPNPD5zGGpY=] [Fenix] No offline messages found
[2025-08-17 23:13:17] [3oWtn5L+6IU6K2KqfHLzLNq4zKM=] [kaetanin] Checking offline messages for client
[2025-08-17 23:13:17] [3oWtn5L+6IU6K2KqfHLzLNq4zKM=] [kaetanin] No offline messages found
[2025-08-17 23:17:03] [ZhvWkHfrWLVjrK3fFImU+a6eDAM=] [ratera] Checking offline messages for client
[2025-08-17 23:17:03] [ZhvWkHfrWLVjrK3fFImU+a6eDAM=] [ratera] No offline messages found
[2025-08-17 23:24:45] [rfSlRu7uzjI8pCmk2erQZXW6+7M=] [2212312] Checking offline messages for client
[2025-08-17 23:24:45] [rfSlRu7uzjI8pCmk2erQZXW6+7M=] [2212312] No offline messages found
[2025-08-17 23:24:47] [rfSlRu7uzjI8pCmk2erQZXW6+7M=] [2212312] Checking offline messages for client
[2025-08-17 23:24:47] [rfSlRu7uzjI8pCmk2erQZXW6+7M=] [2212312] No offline messages found
[2025-08-17 23:24:49] [rfSlRu7uzjI8pCmk2erQZXW6+7M=] [2212312] Checking offline messages for client
[2025-08-17 23:24:49] [rfSlRu7uzjI8pCmk2erQZXW6+7M=] [2212312] No offline messages found
[2025-08-17 23:24:55] [B2fRgglzPVX7d5IDrNsAi94lUY0=] [baia] Checking offline messages for client
[2025-08-17 23:24:55] [B2fRgglzPVX7d5IDrNsAi94lUY0=] [baia] No offline messages found
[2025-08-17 23:24:55] [OtB8/Fi/zTqtCmvCEOm37xd//Ys=] [poo] Checking offline messages for client
[2025-08-17 23:24:55] [OtB8/Fi/zTqtCmvCEOm37xd//Ys=] [poo] No offline messages found
[2025-08-17 23:24:58] [OtB8/Fi/zTqtCmvCEOm37xd//Ys=] [poo] Checking offline messages for client
[2025-08-17 23:24:58] [OtB8/Fi/zTqtCmvCEOm37xd//Ys=] [poo] No offline messages found
[2025-08-17 23:24:59] [OtB8/Fi/zTqtCmvCEOm37xd//Ys=] [poo] Checking offline messages for client
[2025-08-17 23:24:59] [OtB8/Fi/zTqtCmvCEOm37xd//Ys=] [poo] No offline messages found
[2025-08-17 23:25:14] [HWG+ATHFYYOXM1l3iDtc4v9gUsM=] [Baldiez] Checking offline messages for client
[2025-08-17 23:25:14] [HWG+ATHFYYOXM1l3iDtc4v9gUsM=] [Baldiez] No offline messages found
[2025-08-17 23:29:07] [noSIex18mvh9QTqetVsQs+BT+bQ=] [Nico] Checking offline messages for client
[2025-08-17 23:29:07] [noSIex18mvh9QTqetVsQs+BT+bQ=] [Nico] No offline messages found
[2025-08-17 23:31:42] [7lkgv1NgBUC4Nbvfz0XxfSTDHSQ=] [Platonuch_UA] Checking offline messages for client
[2025-08-17 23:31:42] [7lkgv1NgBUC4Nbvfz0XxfSTDHSQ=] [Platonuch_UA] No offline messages found
[2025-08-17 23:33:22] [9RbSPznWk/iq5G+RubmZfegQDS4=] [X 1 p'] Checking offline messages for client
[2025-08-17 23:33:22] [9RbSPznWk/iq5G+RubmZfegQDS4=] [X 1 p'] No offline messages found
[2025-08-17 23:34:22] [9s59R1R1a1eZoQNYdXaHdO8F/IM=] [awegawg] Checking offline messages for client
[2025-08-17 23:34:22] [9s59R1R1a1eZoQNYdXaHdO8F/IM=] [awegawg] No offline messages found
[2025-08-17 23:34:59] [OtB8/Fi/zTqtCmvCEOm37xd//Ys=] [poo] Checking offline messages for client
[2025-08-17 23:34:59] [OtB8/Fi/zTqtCmvCEOm37xd//Ys=] [poo] No offline messages found
[2025-08-17 23:35:50] [6loDKB5pFq9h9EZ8lWJAl1sRiNA=] [kagixxx] Checking offline messages for client
[2025-08-17 23:35:50] [6loDKB5pFq9h9EZ8lWJAl1sRiNA=] [kagixxx] No offline messages found
[2025-08-17 23:36:56] [zQBV+zr0os6YT3ktHjBJZW0cRd8=] [Tufix] Checking offline messages for client
[2025-08-17 23:36:56] [zQBV+zr0os6YT3ktHjBJZW0cRd8=] [Tufix] No offline messages found
[2025-08-17 23:37:10] [rfSlRu7uzjI8pCmk2erQZXW6+7M=] [2212312] Checking offline messages for client
[2025-08-17 23:37:10] [rfSlRu7uzjI8pCmk2erQZXW6+7M=] [2212312] No offline messages found
[2025-08-17 23:39:00] [ZguRZ8geM8sz5Z+CaLG91UaChCg=] [kaan1] Checking offline messages for client
[2025-08-17 23:39:00] [ZguRZ8geM8sz5Z+CaLG91UaChCg=] [kaan1] No offline messages found
[2025-08-17 23:41:13] [vs+7gbTKwu+h+XgDI2qVApOBkfk=] [Viko(ع)] Checking offline messages for client
[2025-08-17 23:41:13] [vs+7gbTKwu+h+XgDI2qVApOBkfk=] [Viko(ع)] No offline messages found
[2025-08-17 23:41:25] [xCHs6lSxDe3edoQot4ntfOLveSI=] [SEFA] Checking offline messages for client
[2025-08-17 23:41:25] [xCHs6lSxDe3edoQot4ntfOLveSI=] [SEFA] No offline messages found
[2025-08-17 23:42:04] [vs+7gbTKwu+h+XgDI2qVApOBkfk=] [Viko(ع)] Checking offline messages for client
[2025-08-17 23:42:04] [vs+7gbTKwu+h+XgDI2qVApOBkfk=] [Viko(ع)] No offline messages found
[2025-08-17 23:45:25] [VjATdbHI2oEDj5aNEmxg7HiSZ6c=] [kingg2412] Checking offline messages for client
[2025-08-17 23:45:25] [VjATdbHI2oEDj5aNEmxg7HiSZ6c=] [kingg2412] No offline messages found
[2025-08-17 23:46:29] [OtB8/Fi/zTqtCmvCEOm37xd//Ys=] [poo] Checking offline messages for client
[2025-08-17 23:46:29] [OtB8/Fi/zTqtCmvCEOm37xd//Ys=] [poo] No offline messages found
[2025-08-17 23:53:51] [VzDfRDmJ7uM/C1TaZb3VAAD1IFw=] [reverz] Checking offline messages for client
[2025-08-17 23:53:51] [VzDfRDmJ7uM/C1TaZb3VAAD1IFw=] [reverz] No offline messages found
[2025-08-17 23:54:59] [dgMfDF4u6fUyjWssTcQI+3qeKR0=] [Halilclml42] Checking offline messages for client
[2025-08-17 23:54:59] [dgMfDF4u6fUyjWssTcQI+3qeKR0=] [Halilclml42] No offline messages found
[2025-08-17 23:59:10] [zTc6FGGgz9/Z/UmhCALpJkFxj9g=] [Zeratool72] Checking offline messages for client
[2025-08-17 23:59:10] [zTc6FGGgz9/Z/UmhCALpJkFxj9g=] [Zeratool72] No offline messages found
