[2025-06-04 00:01:36] [I44Ri7IU/lqmUELo28nPjd9Bnek=] [youyou] Checking offline messages for client
[2025-06-04 00:01:36] [I44Ri7IU/lqmUELo28nPjd9Bnek=] [youyou] No offline messages found
[2025-06-04 00:01:40] [RYUvozu9YD3MDRA32U+iT0lGsNE=] [Ace] Checking offline messages for client
[2025-06-04 00:01:40] [RYUvozu9YD3MDRA32U+iT0lGsNE=] [Ace] No offline messages found
[2025-06-04 00:09:56] [1D/VZokKQLBP7eOeCdZ48YdxN54=] [wasshi] Checking offline messages for client
[2025-06-04 00:09:56] [1D/VZokKQLBP7eOeCdZ48YdxN54=] [wasshi] No offline messages found
[2025-06-04 00:12:56] [6rj5DTnaQlm09dZPuzItSz6sKSQ=] [MR12] Checking offline messages for client
[2025-06-04 00:12:56] [6rj5DTnaQlm09dZPuzItSz6sKSQ=] [MR12] No offline messages found
[2025-06-04 00:12:59] [m3jwrJafD7Z1HcDm7lAZbGqtROY=] [zui] Checking offline messages for client
[2025-06-04 00:12:59] [m3jwrJafD7Z1HcDm7lAZbGqtROY=] [zui] No offline messages found
[2025-06-04 00:13:24] [e/4+5EJTg+lWWWSQlD5BZkvtxDI=] [Уиннер] Checking offline messages for client
[2025-06-04 00:13:24] [e/4+5EJTg+lWWWSQlD5BZkvtxDI=] [Уиннер] No offline messages found
[2025-06-04 00:21:18] [fQ8ET9c/gDogOXZwSI5SeeWFE8M=] [xDimitryxEc] Checking offline messages for client
[2025-06-04 00:21:18] [fQ8ET9c/gDogOXZwSI5SeeWFE8M=] [xDimitryxEc] No offline messages found
[2025-06-04 00:21:32] [fQ8ET9c/gDogOXZwSI5SeeWFE8M=] [xDimitryxEc] Checking offline messages for client
[2025-06-04 00:21:32] [fQ8ET9c/gDogOXZwSI5SeeWFE8M=] [xDimitryxEc] No offline messages found
[2025-06-04 00:26:32] [Vj5aMI+/BIpYTt8nh1hHOyNpVIg=] [imREY] Checking offline messages for client
[2025-06-04 00:26:32] [Vj5aMI+/BIpYTt8nh1hHOyNpVIg=] [imREY] No offline messages found
[2025-06-04 00:27:49] [JQjkbXWg2IZZb/L8yEMNhCkXVDo=] [Ali_heydari*9] Checking offline messages for client
[2025-06-04 00:27:49] [JQjkbXWg2IZZb/L8yEMNhCkXVDo=] [Ali_heydari*9] No offline messages found
[2025-06-04 00:28:42] [BDNfm97VPHac+sKgNv9Oj4ZMEAs=] [sperman31] Checking offline messages for client
[2025-06-04 00:28:42] [BDNfm97VPHac+sKgNv9Oj4ZMEAs=] [sperman31] No offline messages found
[2025-06-04 00:30:18] [JQjkbXWg2IZZb/L8yEMNhCkXVDo=] [Ali_heydari*9] Checking offline messages for client
[2025-06-04 00:30:18] [JQjkbXWg2IZZb/L8yEMNhCkXVDo=] [Ali_heydari*9] No offline messages found
[2025-06-04 00:30:18] [JQjkbXWg2IZZb/L8yEMNhCkXVDo=] [Ali_heydari*9] Checking offline messages for client
[2025-06-04 00:30:18] [JQjkbXWg2IZZb/L8yEMNhCkXVDo=] [Ali_heydari*9] No offline messages found
[2025-06-04 00:30:18] [JQjkbXWg2IZZb/L8yEMNhCkXVDo=] [Ali_heydari*9] Checking offline messages for client
[2025-06-04 00:30:18] [JQjkbXWg2IZZb/L8yEMNhCkXVDo=] [Ali_heydari*9] No offline messages found
[2025-06-04 00:30:47] [KgtWKCUgHe+YIFq4EEIuJUQeydU=] [Mehdi_km81] Checking offline messages for client
[2025-06-04 00:30:47] [KgtWKCUgHe+YIFq4EEIuJUQeydU=] [Mehdi_km81] No offline messages found
[2025-06-04 00:32:06] [RYUvozu9YD3MDRA32U+iT0lGsNE=] [Ace] Checking offline messages for client
[2025-06-04 00:32:06] [RYUvozu9YD3MDRA32U+iT0lGsNE=] [Ace] No offline messages found
[2025-06-04 00:39:29] [JQjkbXWg2IZZb/L8yEMNhCkXVDo=] [Ali_heydari*9] Checking offline messages for client
[2025-06-04 00:39:29] [JQjkbXWg2IZZb/L8yEMNhCkXVDo=] [Ali_heydari*9] No offline messages found
[2025-06-04 00:42:11] [JQjkbXWg2IZZb/L8yEMNhCkXVDo=] [Ali_heydari*9] Checking offline messages for client
[2025-06-04 00:42:11] [JQjkbXWg2IZZb/L8yEMNhCkXVDo=] [Ali_heydari*9] No offline messages found
[2025-06-04 00:43:12] [KHLo/lsdjLJROGhgOoJJLtvAQ74=] [Neo] Checking offline messages for client
[2025-06-04 00:43:12] [KHLo/lsdjLJROGhgOoJJLtvAQ74=] [Neo] No offline messages found
[2025-06-04 00:44:46] [KHLo/lsdjLJROGhgOoJJLtvAQ74=] [Neo] Checking offline messages for client
[2025-06-04 00:44:46] [KHLo/lsdjLJROGhgOoJJLtvAQ74=] [Neo] No offline messages found
[2025-06-04 00:47:27] [7OPNxHcTHSq+znXytBlDRPU74IQ=] [NaiRoD] Checking offline messages for client
[2025-06-04 00:47:27] [7OPNxHcTHSq+znXytBlDRPU74IQ=] [NaiRoD] No offline messages found
[2025-06-04 01:31:46] [WGzvrTjhvX+LUyaS4uEMm3GhPAA=] [Kubalke1337] Checking offline messages for client
[2025-06-04 01:31:46] [WGzvrTjhvX+LUyaS4uEMm3GhPAA=] [Kubalke1337] No offline messages found
[2025-06-04 01:31:54] [GEU37E0d0h/O3TZPYkwezxe9Y9I=] [Szmedi] Checking offline messages for client
[2025-06-04 01:31:54] [GEU37E0d0h/O3TZPYkwezxe9Y9I=] [Szmedi] No offline messages found
[2025-06-04 01:53:16] [Vj5aMI+/BIpYTt8nh1hHOyNpVIg=] [imREY] Checking offline messages for client
[2025-06-04 01:53:16] [Vj5aMI+/BIpYTt8nh1hHOyNpVIg=] [imREY] No offline messages found
[2025-06-04 02:34:47] [rShY/1ZC2w9lkwgM2GcewWZlxrw=] [LokyJR16] Checking offline messages for client
[2025-06-04 02:34:47] [rShY/1ZC2w9lkwgM2GcewWZlxrw=] [LokyJR16] No offline messages found
[2025-06-04 02:37:11] [BqE6TuIfxrXjs9uKFUyjsQ2LoCM=] [Ameeeeeeeeer] Checking offline messages for client
[2025-06-04 02:37:11] [BqE6TuIfxrXjs9uKFUyjsQ2LoCM=] [Ameeeeeeeeer] No offline messages found
[2025-06-04 02:52:51] [WtWgpfS8UE18SW7yGXm3r1yoO/c=] [Kowismo] Checking offline messages for client
[2025-06-04 02:52:51] [WtWgpfS8UE18SW7yGXm3r1yoO/c=] [Kowismo] No offline messages found
[2025-06-04 03:51:06] [BqE6TuIfxrXjs9uKFUyjsQ2LoCM=] [Ameeeeeeeeer] Checking offline messages for client
[2025-06-04 03:51:06] [BqE6TuIfxrXjs9uKFUyjsQ2LoCM=] [Ameeeeeeeeer] No offline messages found
[2025-06-04 04:42:46] [fQ8ET9c/gDogOXZwSI5SeeWFE8M=] [xDimitryxEc] Checking offline messages for client
[2025-06-04 04:42:46] [fQ8ET9c/gDogOXZwSI5SeeWFE8M=] [xDimitryxEc] No offline messages found
[2025-06-04 05:01:14] [0TS7jt0APSegEgA9K9hIWfin7m0=] [dadaok] Checking offline messages for client
[2025-06-04 05:01:14] [0TS7jt0APSegEgA9K9hIWfin7m0=] [dadaok] No offline messages found
[2025-06-04 05:03:13] [gITtVlfHYxsd3mvOfTblKNtJBDU=] [4iff] Checking offline messages for client
[2025-06-04 05:03:13] [gITtVlfHYxsd3mvOfTblKNtJBDU=] [4iff] No offline messages found
[2025-06-04 06:35:02] [qCQuK6Is+deAhN2xl/XspjIz8xY=] [Faith] Checking offline messages for client
[2025-06-04 06:35:02] [qCQuK6Is+deAhN2xl/XspjIz8xY=] [Faith] No offline messages found
[2025-06-04 06:35:02] [qCQuK6Is+deAhN2xl/XspjIz8xY=] [Faith] Checking offline messages for client
[2025-06-04 06:35:02] [qCQuK6Is+deAhN2xl/XspjIz8xY=] [Faith] No offline messages found
[2025-06-04 06:35:03] [qCQuK6Is+deAhN2xl/XspjIz8xY=] [Faith] Checking offline messages for client
[2025-06-04 06:35:03] [qCQuK6Is+deAhN2xl/XspjIz8xY=] [Faith] No offline messages found
[2025-06-04 06:36:33] [sDGTmykW+tszI+sqWb5sOOLvtdM=] [f.donato] Checking offline messages for client
[2025-06-04 06:36:33] [sDGTmykW+tszI+sqWb5sOOLvtdM=] [f.donato] No offline messages found
[2025-06-04 06:47:38] [zqqHo9JSEn4xa6PBtwGLJgVfpCQ=] [RapTorK80] Checking offline messages for client
[2025-06-04 06:47:38] [zqqHo9JSEn4xa6PBtwGLJgVfpCQ=] [RapTorK80] No offline messages found
[2025-06-04 07:14:48] [M3Mi568kAD62yEgYe/3Xaxot/tM=] [FRAGGER] Checking offline messages for client
[2025-06-04 07:14:48] [M3Mi568kAD62yEgYe/3Xaxot/tM=] [FRAGGER] No offline messages found
[2025-06-04 07:16:00] [SWMvq068L1WZDp3CgeYVDRuVq7U=] [multiframe] Checking offline messages for client
[2025-06-04 07:16:00] [SWMvq068L1WZDp3CgeYVDRuVq7U=] [multiframe] No offline messages found
[2025-06-04 07:19:13] [WtWgpfS8UE18SW7yGXm3r1yoO/c=] [Kowismo] Checking offline messages for client
[2025-06-04 07:19:13] [WtWgpfS8UE18SW7yGXm3r1yoO/c=] [Kowismo] No offline messages found
[2025-06-04 07:30:46] [EBRMSW+/vFF0QsF1q67QDUDOi0w=] [[#] Misc] Client in ignored group, skipping offline messages check
[2025-06-04 07:30:46] [OpjjlQ6AR62kjCr+S8WpNUFMFbc=] [Lobby] Client in ignored group, skipping offline messages check
[2025-06-04 07:30:59] [etWEd7l/8ww5z66w9CIO2zBH6A4=] [I ❤ US Only Rap Radio] Client in ignored group, skipping offline messages check
[2025-06-04 07:31:00] [x+KajNEDejcoui9WOWi+/XhdDq4=] [I ❤ Greatest Hits] Client in ignored group, skipping offline messages check
[2025-06-04 07:31:00] [LJMnZ7m3xfQl78JRQMDJDS/fllU=] [I ❤ 2 Dance] Client in ignored group, skipping offline messages check
[2025-06-04 08:04:11] [ilO9JAl5glx+WikZA6SZqmic0Iw=] [kaiizenn] Checking offline messages for client
[2025-06-04 08:04:11] [ilO9JAl5glx+WikZA6SZqmic0Iw=] [kaiizenn] No offline messages found
[2025-06-04 08:06:10] [ATqp7GEsF2VumrPFrQ+W8icYfjg=] [gotti] Checking offline messages for client
[2025-06-04 08:06:10] [ATqp7GEsF2VumrPFrQ+W8icYfjg=] [gotti] No offline messages found
[2025-06-04 08:07:57] [jcwPuA5b+3do0YlnUv+tXXj3p9o=] [Zerohi] Checking offline messages for client
[2025-06-04 08:07:57] [jcwPuA5b+3do0YlnUv+tXXj3p9o=] [Zerohi] No offline messages found
[2025-06-04 08:47:23] [BB2PsCNx0X6DIk2Kb73svXn9TXs=] [SIGER] Checking offline messages for client
[2025-06-04 08:47:23] [BB2PsCNx0X6DIk2Kb73svXn9TXs=] [SIGER] Found 1 offline messages
[2025-06-04 08:47:25] [BB2PsCNx0X6DIk2Kb73svXn9TXs=] [SIGER] Sent poke message: Your private channel has been renumbered from #13 to #12 to maintain sorting order.
[2025-06-04 08:47:25] [BB2PsCNx0X6DIk2Kb73svXn9TXs=] [SIGER] Deleted 1 delivered messages from database
[2025-06-04 09:23:20] [PAPjw5ou1pxtJ/LMEXPWWL4eKGI=] [aeRR] Checking offline messages for client
[2025-06-04 09:23:20] [PAPjw5ou1pxtJ/LMEXPWWL4eKGI=] [aeRR] No offline messages found
[2025-06-04 09:23:29] [B1Kal3VDaCvvLYIO1wifSPcczSc=] [yunus] Checking offline messages for client
[2025-06-04 09:23:29] [B1Kal3VDaCvvLYIO1wifSPcczSc=] [yunus] No offline messages found
[2025-06-04 09:53:22] [pM39vwBC404mshweezryIEAS3ZQ=] [Columb] Checking offline messages for client
[2025-06-04 09:53:22] [pM39vwBC404mshweezryIEAS3ZQ=] [Columb] No offline messages found
[2025-06-04 10:03:13] [igLR0Qw88l2utvuPuQTy5TXjVdA=] [AlvaRoniX$] Checking offline messages for client
[2025-06-04 10:03:13] [igLR0Qw88l2utvuPuQTy5TXjVdA=] [AlvaRoniX$] No offline messages found
[2025-06-04 10:06:37] [nIQOawer89tHUDGKaV+eAn1G8N8=] [x7uned 🌊] Checking offline messages for client
[2025-06-04 10:06:37] [nIQOawer89tHUDGKaV+eAn1G8N8=] [x7uned 🌊] No offline messages found
[2025-06-04 10:06:46] [DSvlDMldPSHoEhte/Rkx+TtrQx8=] [rainfalllbtw] Checking offline messages for client
[2025-06-04 10:06:46] [DSvlDMldPSHoEhte/Rkx+TtrQx8=] [rainfalllbtw] No offline messages found
[2025-06-04 10:17:28] [kVQomaFvMz7OXd4lTniOLnFAXeA=] [Z3NyX_.] Checking offline messages for client
[2025-06-04 10:17:28] [kVQomaFvMz7OXd4lTniOLnFAXeA=] [Z3NyX_.] No offline messages found
[2025-06-04 10:21:21] [Y87CyZ0z4OCWoHrzcXmcfNJGgn8=] [Ghost] Checking offline messages for client
[2025-06-04 10:21:21] [Y87CyZ0z4OCWoHrzcXmcfNJGgn8=] [Ghost] No offline messages found
[2025-06-04 10:37:31] [JS7AYDgRfu5aCR6EsyZfSZOd3ug=] [goran] Checking offline messages for client
[2025-06-04 10:37:31] [JS7AYDgRfu5aCR6EsyZfSZOd3ug=] [goran] No offline messages found
[2025-06-04 10:41:32] [TqcQoUJ8RqP+rNV4dpFolffaKKs=] [darac] Checking offline messages for client
[2025-06-04 10:41:32] [TqcQoUJ8RqP+rNV4dpFolffaKKs=] [darac] No offline messages found
[2025-06-04 10:42:35] [nrEFrg1QXE05wuZZG3BbdkciSEc=] [Dumina] Checking offline messages for client
[2025-06-04 10:42:35] [nrEFrg1QXE05wuZZG3BbdkciSEc=] [Dumina] No offline messages found
[2025-06-04 10:44:41] [RBwh+hLI7qM/5sBbq4UPaExpE30=] [Druid Сrow 🦅] Checking offline messages for client
[2025-06-04 10:44:41] [RBwh+hLI7qM/5sBbq4UPaExpE30=] [Druid Сrow 🦅] No offline messages found
[2025-06-04 10:46:13] [yPSI9aghhtH6O+mnSQIo84yUZ4c=] [шароёб] Checking offline messages for client
[2025-06-04 10:46:13] [yPSI9aghhtH6O+mnSQIo84yUZ4c=] [шароёб] No offline messages found
[2025-06-04 10:46:49] [TqcQoUJ8RqP+rNV4dpFolffaKKs=] [darac] Checking offline messages for client
[2025-06-04 10:46:49] [TqcQoUJ8RqP+rNV4dpFolffaKKs=] [darac] No offline messages found
[2025-06-04 10:53:03] [V/sE7GD+jPAQPdHRhDxgmql0tFI=] [Jabberson] Checking offline messages for client
[2025-06-04 10:53:03] [V/sE7GD+jPAQPdHRhDxgmql0tFI=] [Jabberson] No offline messages found
[2025-06-04 10:56:06] [mje2pLB0rrfoBxyjyItHWtEno28=] [genet1ccc] Checking offline messages for client
[2025-06-04 10:56:06] [mje2pLB0rrfoBxyjyItHWtEno28=] [genet1ccc] No offline messages found
[2025-06-04 10:56:24] [SJWLa9LelIOTwfc/cNyEIpMstZk=] [makpyn] Checking offline messages for client
[2025-06-04 10:56:24] [SJWLa9LelIOTwfc/cNyEIpMstZk=] [makpyn] No offline messages found
[2025-06-04 10:59:00] [iefEc7IftjNMM5/w71mlW1yAG/s=] [robbo] Checking offline messages for client
[2025-06-04 10:59:00] [iefEc7IftjNMM5/w71mlW1yAG/s=] [robbo] No offline messages found
[2025-06-04 10:59:50] [mje2pLB0rrfoBxyjyItHWtEno28=] [genet1ccc] Checking offline messages for client
[2025-06-04 10:59:50] [mje2pLB0rrfoBxyjyItHWtEno28=] [genet1ccc] No offline messages found
[2025-06-04 11:01:26] [Tgd5hyEUE1h1eu8z/TBEWqTvsO4=] [verdi] Checking offline messages for client
[2025-06-04 11:01:26] [Tgd5hyEUE1h1eu8z/TBEWqTvsO4=] [verdi] No offline messages found
[2025-06-04 11:04:26] [8Zdbsme26C48AHpMg4zVcDatTnE=] [Kurs] Checking offline messages for client
[2025-06-04 11:04:26] [8Zdbsme26C48AHpMg4zVcDatTnE=] [Kurs] No offline messages found
[2025-06-04 11:05:16] [8Zdbsme26C48AHpMg4zVcDatTnE=] [Kurs] Checking offline messages for client
[2025-06-04 11:05:16] [8Zdbsme26C48AHpMg4zVcDatTnE=] [Kurs] No offline messages found
[2025-06-04 11:11:54] [syGc3yR+8xBjPN6kLg2zE+r+Bwg=] [Gosh] Checking offline messages for client
[2025-06-04 11:11:54] [syGc3yR+8xBjPN6kLg2zE+r+Bwg=] [Gosh] No offline messages found
[2025-06-04 11:13:14] [x5BGOCFQRYcw8Om4Xgot4nkAC7o=] [YURA] Checking offline messages for client
[2025-06-04 11:13:14] [x5BGOCFQRYcw8Om4Xgot4nkAC7o=] [YURA] No offline messages found
[2025-06-04 11:16:48] [ow+Zi/O4SnJIvwHosoZ7zIvOOK8=] [shinigami] Checking offline messages for client
[2025-06-04 11:16:48] [ow+Zi/O4SnJIvwHosoZ7zIvOOK8=] [shinigami] No offline messages found
[2025-06-04 11:28:35] [yH7+WUTO9a0edxQG10YKRSCiFog=] [Angry] Checking offline messages for client
[2025-06-04 11:28:35] [yH7+WUTO9a0edxQG10YKRSCiFog=] [Angry] No offline messages found
[2025-06-04 11:37:20] [dDU+qrUO+E8NJHOmrQsCvli4BEA=] [kyojin] Checking offline messages for client
[2025-06-04 11:37:20] [dDU+qrUO+E8NJHOmrQsCvli4BEA=] [kyojin] No offline messages found
[2025-06-04 11:38:56] [bQ0ddiXfpRmxqk1EglP8K8A9YXw=] [silencer] Checking offline messages for client
[2025-06-04 11:38:56] [bQ0ddiXfpRmxqk1EglP8K8A9YXw=] [silencer] No offline messages found
[2025-06-04 11:41:35] [JT2aI64zeSAE6A553mIp5yKoPaE=] [Sqwer_11] Checking offline messages for client
[2025-06-04 11:41:35] [JT2aI64zeSAE6A553mIp5yKoPaE=] [Sqwer_11] No offline messages found
[2025-06-04 11:41:43] [vIHheui87ynZFCe5yYEDtodQDns=] [Scirena] Checking offline messages for client
[2025-06-04 11:41:43] [vIHheui87ynZFCe5yYEDtodQDns=] [Scirena] No offline messages found
[2025-06-04 11:44:15] [UXM86ETEf75TbB0enB/bNnVgEBg=] [sajoool] Checking offline messages for client
[2025-06-04 11:44:15] [UXM86ETEf75TbB0enB/bNnVgEBg=] [sajoool] No offline messages found
[2025-06-04 11:45:35] [SJWLa9LelIOTwfc/cNyEIpMstZk=] [makpyn] Checking offline messages for client
[2025-06-04 11:45:35] [SJWLa9LelIOTwfc/cNyEIpMstZk=] [makpyn] No offline messages found
[2025-06-04 11:47:17] [VnkaFFk9xJmCZ7yTD4nS27hZJDs=] [karafey] Checking offline messages for client
[2025-06-04 11:47:17] [VnkaFFk9xJmCZ7yTD4nS27hZJDs=] [karafey] No offline messages found
[2025-06-04 11:47:29] [O4DQaVKvzHQhxwj/ooDzqKn3n1o=] [deprix] Checking offline messages for client
[2025-06-04 11:47:29] [O4DQaVKvzHQhxwj/ooDzqKn3n1o=] [deprix] No offline messages found
[2025-06-04 11:48:19] [YzUgu3CXOY+yhn8UlP+xRN3h09M=] [vekil'] Checking offline messages for client
[2025-06-04 11:48:19] [YzUgu3CXOY+yhn8UlP+xRN3h09M=] [vekil'] No offline messages found
[2025-06-04 11:57:20] [SJWLa9LelIOTwfc/cNyEIpMstZk=] [makpyn] Checking offline messages for client
[2025-06-04 11:57:20] [SJWLa9LelIOTwfc/cNyEIpMstZk=] [makpyn] No offline messages found
[2025-06-04 12:14:05] [yNFUjD+LJEqojKPPlPGtCAVEYRU=] [Боцман777] Checking offline messages for client
[2025-06-04 12:14:05] [yNFUjD+LJEqojKPPlPGtCAVEYRU=] [Боцман777] No offline messages found
[2025-06-04 12:18:57] [HA8AwjGjfttaVD2BbXsV3SrC+rA=] [Axtic] Checking offline messages for client
[2025-06-04 12:18:57] [HA8AwjGjfttaVD2BbXsV3SrC+rA=] [Axtic] No offline messages found
[2025-06-04 12:25:28] [mTbPypkwuA/2B5Zl6CXWViczHPo=] [kızlıkbozan33] Checking offline messages for client
[2025-06-04 12:25:28] [mTbPypkwuA/2B5Zl6CXWViczHPo=] [kızlıkbozan33] No offline messages found
[2025-06-04 12:30:05] [5UrStq2VlbylAvQZjKMCKCAmzso=] [asdrubal9] Checking offline messages for client
[2025-06-04 12:30:05] [5UrStq2VlbylAvQZjKMCKCAmzso=] [asdrubal9] No offline messages found
[2025-06-04 12:30:52] [IkgfHSCBtoQ/q/eDPfeY3OCFgJg=] [776] Checking offline messages for client
[2025-06-04 12:30:52] [IkgfHSCBtoQ/q/eDPfeY3OCFgJg=] [776] No offline messages found
[2025-06-04 12:32:56] [6dKWsad8CxMAr6NMaMwmoxOXUgo=] [RAND0M88] Checking offline messages for client
[2025-06-04 12:32:56] [6dKWsad8CxMAr6NMaMwmoxOXUgo=] [RAND0M88] No offline messages found
[2025-06-04 12:38:54] [jcwPuA5b+3do0YlnUv+tXXj3p9o=] [Zerohi] Checking offline messages for client
[2025-06-04 12:38:54] [jcwPuA5b+3do0YlnUv+tXXj3p9o=] [Zerohi] No offline messages found
[2025-06-04 12:45:32] [PAPjw5ou1pxtJ/LMEXPWWL4eKGI=] [aeRR] Checking offline messages for client
[2025-06-04 12:45:32] [PAPjw5ou1pxtJ/LMEXPWWL4eKGI=] [aeRR] No offline messages found
[2025-06-04 13:00:43] [V/sE7GD+jPAQPdHRhDxgmql0tFI=] [Jabberson] Checking offline messages for client
[2025-06-04 13:00:43] [V/sE7GD+jPAQPdHRhDxgmql0tFI=] [Jabberson] No offline messages found
[2025-06-04 13:03:04] [V/sE7GD+jPAQPdHRhDxgmql0tFI=] [Jabberson] Checking offline messages for client
[2025-06-04 13:03:04] [V/sE7GD+jPAQPdHRhDxgmql0tFI=] [Jabberson] No offline messages found
[2025-06-04 13:09:26] [F4Rot6aSlWU5OFZBOarP2RTzrYY=] [INSANE] Checking offline messages for client
[2025-06-04 13:09:26] [F4Rot6aSlWU5OFZBOarP2RTzrYY=] [INSANE] No offline messages found
[2025-06-04 13:10:03] [F+sDoybvvXZVYxLikhNJeZKMmTE=] [playerHIHIHAHA] Checking offline messages for client
[2025-06-04 13:10:03] [F+sDoybvvXZVYxLikhNJeZKMmTE=] [playerHIHIHAHA] No offline messages found
[2025-06-04 13:10:42] [yGyHsE0UXDqQvolpBrmTO+BH7ys=] [creepypastaking] Checking offline messages for client
[2025-06-04 13:10:42] [yGyHsE0UXDqQvolpBrmTO+BH7ys=] [creepypastaking] No offline messages found
[2025-06-04 13:13:11] [WtWgpfS8UE18SW7yGXm3r1yoO/c=] [Kowismo] Checking offline messages for client
[2025-06-04 13:13:11] [WtWgpfS8UE18SW7yGXm3r1yoO/c=] [Kowismo] No offline messages found
[2025-06-04 13:15:55] [Chs2gds0q5c5sHk5GQqGy9JmwQg=] [teaman11] Checking offline messages for client
[2025-06-04 13:15:55] [Chs2gds0q5c5sHk5GQqGy9JmwQg=] [teaman11] No offline messages found
[2025-06-04 13:19:13] [yGyHsE0UXDqQvolpBrmTO+BH7ys=] [creepypastaking] Checking offline messages for client
[2025-06-04 13:19:13] [yGyHsE0UXDqQvolpBrmTO+BH7ys=] [creepypastaking] No offline messages found
[2025-06-04 13:19:43] [SJWLa9LelIOTwfc/cNyEIpMstZk=] [makpyn] Checking offline messages for client
[2025-06-04 13:19:43] [SJWLa9LelIOTwfc/cNyEIpMstZk=] [makpyn] No offline messages found
[2025-06-04 13:22:37] [b+hpUOWDwc2wK9lwzeuAKgvOhQE=] [TeamSpeakUser] Checking offline messages for client
[2025-06-04 13:22:37] [b+hpUOWDwc2wK9lwzeuAKgvOhQE=] [TeamSpeakUser] No offline messages found
[2025-06-04 13:48:35] [6loDKB5pFq9h9EZ8lWJAl1sRiNA=] [kagixxx] Checking offline messages for client
[2025-06-04 13:48:35] [6loDKB5pFq9h9EZ8lWJAl1sRiNA=] [kagixxx] No offline messages found
[2025-06-04 13:49:29] [zQBV+zr0os6YT3ktHjBJZW0cRd8=] [Tufix] Checking offline messages for client
[2025-06-04 13:49:29] [zQBV+zr0os6YT3ktHjBJZW0cRd8=] [Tufix] No offline messages found
[2025-06-04 14:04:47] [Yolrk0vLW7Jl+G3XWWoj32wvYHo=] [joy] Checking offline messages for client
[2025-06-04 14:04:47] [Yolrk0vLW7Jl+G3XWWoj32wvYHo=] [joy] No offline messages found
[2025-06-04 14:09:24] [ktz2dZ1dONgntrNq5d/LFS/S+NU=] [mohsen] Checking offline messages for client
[2025-06-04 14:09:24] [ktz2dZ1dONgntrNq5d/LFS/S+NU=] [mohsen] No offline messages found
[2025-06-04 14:10:45] [0Z2wqQcTx0kpb/KIf+NPkyv4b60=] [-W1LLL] Checking offline messages for client
[2025-06-04 14:10:45] [0Z2wqQcTx0kpb/KIf+NPkyv4b60=] [-W1LLL] No offline messages found
[2025-06-04 14:15:00] [ktz2dZ1dONgntrNq5d/LFS/S+NU=] [mohsen] Checking offline messages for client
[2025-06-04 14:15:00] [ktz2dZ1dONgntrNq5d/LFS/S+NU=] [mohsen] No offline messages found
[2025-06-04 14:22:29] [y3awO0ennatOO9a236JGtByjKuM=] [во хапэн во хапэн] Checking offline messages for client
[2025-06-04 14:22:29] [y3awO0ennatOO9a236JGtByjKuM=] [во хапэн во хапэн] No offline messages found
[2025-06-04 14:23:02] [y3awO0ennatOO9a236JGtByjKuM=] [во хапэн во хапэн] Checking offline messages for client
[2025-06-04 14:23:02] [y3awO0ennatOO9a236JGtByjKuM=] [во хапэн во хапэн] No offline messages found
[2025-06-04 14:25:13] [B46ds6R5bUZ3/s6VJPtYoHei9SI=] [Kutay] Checking offline messages for client
[2025-06-04 14:25:13] [B46ds6R5bUZ3/s6VJPtYoHei9SI=] [Kutay] No offline messages found
[2025-06-04 14:25:25] [68eV4vjB+ftcsyqTQuZ7aRqZ52Y=] [mmo] Checking offline messages for client
[2025-06-04 14:25:25] [68eV4vjB+ftcsyqTQuZ7aRqZ52Y=] [mmo] No offline messages found
[2025-06-04 14:32:49] [gIv03ZtQuihw+6fOW0VT0H6h6c8=] [chapa] Checking offline messages for client
[2025-06-04 14:32:49] [gIv03ZtQuihw+6fOW0VT0H6h6c8=] [chapa] No offline messages found
[2025-06-04 14:37:42] [hnH8Pkux3Af6xG46f+oe81jVdcA=] [-EscA`#] Checking offline messages for client
[2025-06-04 14:37:42] [hnH8Pkux3Af6xG46f+oe81jVdcA=] [-EscA`#] No offline messages found
[2025-06-04 14:37:45] [qvf2/IsRm9TsXSmNMeDEuXuIC3s=] [Mood] Checking offline messages for client
[2025-06-04 14:37:45] [qvf2/IsRm9TsXSmNMeDEuXuIC3s=] [Mood] No offline messages found
[2025-06-04 14:37:52] [aEmjlKBkg2d9gRUFp/PPg/JRL1M=] [hui] Checking offline messages for client
[2025-06-04 14:37:52] [aEmjlKBkg2d9gRUFp/PPg/JRL1M=] [hui] No offline messages found
[2025-06-04 14:38:37] [Fkto/zxeYX7sjkkBIQV53y5hDQs=] [Arenaline] Checking offline messages for client
[2025-06-04 14:38:37] [Fkto/zxeYX7sjkkBIQV53y5hDQs=] [Arenaline] No offline messages found
[2025-06-04 14:39:54] [wzyMDRJrO+ymZI9TrnAeMdoxGTw=] [Хозяин Абатура №4] Checking offline messages for client
[2025-06-04 14:39:54] [wzyMDRJrO+ymZI9TrnAeMdoxGTw=] [Хозяин Абатура №4] No offline messages found
[2025-06-04 14:41:14] [NrinzN9i22mrI5io8FdxB4B1/Os=] [daGGetTt] Checking offline messages for client
[2025-06-04 14:41:14] [NrinzN9i22mrI5io8FdxB4B1/Os=] [daGGetTt] No offline messages found
[2025-06-04 14:41:23] [b+hpUOWDwc2wK9lwzeuAKgvOhQE=] [TeamSpeakUser] Checking offline messages for client
[2025-06-04 14:41:23] [b+hpUOWDwc2wK9lwzeuAKgvOhQE=] [TeamSpeakUser] No offline messages found
[2025-06-04 14:41:24] [b+hpUOWDwc2wK9lwzeuAKgvOhQE=] [TeamSpeakUser] Checking offline messages for client
[2025-06-04 14:41:24] [b+hpUOWDwc2wK9lwzeuAKgvOhQE=] [TeamSpeakUser] No offline messages found
[2025-06-04 14:46:43] [jcwPuA5b+3do0YlnUv+tXXj3p9o=] [Zerohi] Checking offline messages for client
[2025-06-04 14:46:43] [jcwPuA5b+3do0YlnUv+tXXj3p9o=] [Zerohi] No offline messages found
[2025-06-04 14:48:46] [DhDqNKJFOzAI9dgJ0qsFAh9W1bM=] [Parsa94] Checking offline messages for client
[2025-06-04 14:48:46] [DhDqNKJFOzAI9dgJ0qsFAh9W1bM=] [Parsa94] No offline messages found
[2025-06-04 14:50:41] [ATqp7GEsF2VumrPFrQ+W8icYfjg=] [gotti] Checking offline messages for client
[2025-06-04 14:50:41] [ATqp7GEsF2VumrPFrQ+W8icYfjg=] [gotti] No offline messages found
[2025-06-04 14:59:24] [mbP4nghKzvRW54vnBJ4hB+FVGdw=] [Andy] Checking offline messages for client
[2025-06-04 14:59:24] [mbP4nghKzvRW54vnBJ4hB+FVGdw=] [Andy] No offline messages found
[2025-06-04 15:03:22] [ilO9JAl5glx+WikZA6SZqmic0Iw=] [kaiizenn] Checking offline messages for client
[2025-06-04 15:03:22] [ilO9JAl5glx+WikZA6SZqmic0Iw=] [kaiizenn] No offline messages found
[2025-06-04 15:04:02] [hUjMcppeZYeQG89H1ehSTqHW6iQ=] [Hydrastarke] Checking offline messages for client
[2025-06-04 15:04:02] [hUjMcppeZYeQG89H1ehSTqHW6iQ=] [Hydrastarke] No offline messages found
[2025-06-04 15:07:17] [HH9pMWXk+qbWzAZZBN5MjixTURo=] [éclatax] Checking offline messages for client
[2025-06-04 15:07:17] [HH9pMWXk+qbWzAZZBN5MjixTURo=] [éclatax] No offline messages found
[2025-06-04 15:10:49] [wDjYvnAEDV8Ca22jvXeJSwKiCC0=] [Chris] Checking offline messages for client
[2025-06-04 15:10:49] [wDjYvnAEDV8Ca22jvXeJSwKiCC0=] [Chris] No offline messages found
[2025-06-04 15:10:50] [VRm8GUz3nPICuvDEKB4dVnuWbvg=] [Denis;)] Checking offline messages for client
[2025-06-04 15:10:50] [VRm8GUz3nPICuvDEKB4dVnuWbvg=] [Denis;)] No offline messages found
[2025-06-04 15:14:09] [VuNFAf3wIFc1IkWzOmahJ2tNnQw=] [amir-v13] Checking offline messages for client
[2025-06-04 15:14:09] [VuNFAf3wIFc1IkWzOmahJ2tNnQw=] [amir-v13] No offline messages found
[2025-06-04 15:14:09] [VuNFAf3wIFc1IkWzOmahJ2tNnQw=] [amir-v13] Checking offline messages for client
[2025-06-04 15:14:09] [VuNFAf3wIFc1IkWzOmahJ2tNnQw=] [amir-v13] No offline messages found
[2025-06-04 15:14:09] [VuNFAf3wIFc1IkWzOmahJ2tNnQw=] [amir-v13] Checking offline messages for client
[2025-06-04 15:14:09] [VuNFAf3wIFc1IkWzOmahJ2tNnQw=] [amir-v13] No offline messages found
[2025-06-04 15:20:33] [JeRDsn5NNuoif7xSE7UhSMCw9rc=] [TeamSpeakUser2] Checking offline messages for client
[2025-06-04 15:20:33] [JeRDsn5NNuoif7xSE7UhSMCw9rc=] [TeamSpeakUser2] No offline messages found
[2025-06-04 15:22:51] [MYSMWOg1rcy9rUxqNVjO3N+2XOU=] [korobka] Checking offline messages for client
[2025-06-04 15:22:51] [MYSMWOg1rcy9rUxqNVjO3N+2XOU=] [korobka] No offline messages found
[2025-06-04 15:24:17] [LgwxoONgBBy7WWHipcHbISpJnao=] [Alexander177] Checking offline messages for client
[2025-06-04 15:24:17] [LgwxoONgBBy7WWHipcHbISpJnao=] [Alexander177] No offline messages found
[2025-06-04 15:25:42] [hSuNyKwdPMso6fPP5SUFsIkZH/s=] [Yabanashka] Checking offline messages for client
[2025-06-04 15:25:42] [hSuNyKwdPMso6fPP5SUFsIkZH/s=] [Yabanashka] No offline messages found
[2025-06-04 15:28:50] [3qlQ6qWEnLsHTWbGo9FZGpDLk4U=] [2109] Checking offline messages for client
[2025-06-04 15:28:50] [3qlQ6qWEnLsHTWbGo9FZGpDLk4U=] [2109] No offline messages found
[2025-06-04 15:28:57] [xPOPrWPQum4PIXMqKPMGCRW2z7g=] [skbd] Checking offline messages for client
[2025-06-04 15:28:57] [xPOPrWPQum4PIXMqKPMGCRW2z7g=] [skbd] No offline messages found
[2025-06-04 15:29:06] [LgwxoONgBBy7WWHipcHbISpJnao=] [Alexander177] Checking offline messages for client
[2025-06-04 15:29:06] [LgwxoONgBBy7WWHipcHbISpJnao=] [Alexander177] No offline messages found
[2025-06-04 15:32:27] [hUjMcppeZYeQG89H1ehSTqHW6iQ=] [Hydrastarke] Checking offline messages for client
[2025-06-04 15:32:27] [hUjMcppeZYeQG89H1ehSTqHW6iQ=] [Hydrastarke] No offline messages found
[2025-06-04 15:33:39] [u88gTGqnNGQfUIYrLHgg24ksWNY=] [TeamSpeakUser1] Checking offline messages for client
[2025-06-04 15:33:39] [u88gTGqnNGQfUIYrLHgg24ksWNY=] [TeamSpeakUser1] No offline messages found
[2025-06-04 15:34:02] [0J+Iy22axFqqUSD+u1+EJ9Qp8Ew=] [joji] Checking offline messages for client
[2025-06-04 15:34:02] [0J+Iy22axFqqUSD+u1+EJ9Qp8Ew=] [joji] No offline messages found
[2025-06-04 15:46:27] [m3jwrJafD7Z1HcDm7lAZbGqtROY=] [zui] Checking offline messages for client
[2025-06-04 15:46:27] [m3jwrJafD7Z1HcDm7lAZbGqtROY=] [zui] No offline messages found
[2025-06-04 15:50:01] [MYSMWOg1rcy9rUxqNVjO3N+2XOU=] [korobka] Checking offline messages for client
[2025-06-04 15:50:01] [MYSMWOg1rcy9rUxqNVjO3N+2XOU=] [korobka] No offline messages found
[2025-06-04 15:58:38] [j4VaV46XhkmzcjbVPFuyIU0vCLs=] [nox] Checking offline messages for client
[2025-06-04 15:58:38] [j4VaV46XhkmzcjbVPFuyIU0vCLs=] [nox] No offline messages found
[2025-06-04 15:59:45] [fH55ADpBJR2Pf03gH5EIVyAAuTk=] [W1zard] Checking offline messages for client
[2025-06-04 15:59:45] [fH55ADpBJR2Pf03gH5EIVyAAuTk=] [W1zard] No offline messages found
[2025-06-04 16:15:17] [HA8AwjGjfttaVD2BbXsV3SrC+rA=] [Axtic] Checking offline messages for client
[2025-06-04 16:15:17] [HA8AwjGjfttaVD2BbXsV3SrC+rA=] [Axtic] No offline messages found
[2025-06-04 16:15:41] [BVFkFCJ/YRVCTWoyoNAzBKKgGNQ=] [Даня] Checking offline messages for client
[2025-06-04 16:15:41] [BVFkFCJ/YRVCTWoyoNAzBKKgGNQ=] [Даня] No offline messages found
[2025-06-04 16:19:06] [SJWLa9LelIOTwfc/cNyEIpMstZk=] [makpyn] Checking offline messages for client
[2025-06-04 16:19:06] [SJWLa9LelIOTwfc/cNyEIpMstZk=] [makpyn] No offline messages found
[2025-06-04 16:20:03] [7DpT5KYI7X+IKSn7S7bWcyHFoQg=] [TheCoolestPinguin] Checking offline messages for client
[2025-06-04 16:20:03] [7DpT5KYI7X+IKSn7S7bWcyHFoQg=] [TheCoolestPinguin] No offline messages found
[2025-06-04 16:26:05] [OnyFNlLSRn5WExnVSStquo7sjMA=] [ПожилаяОстановка] Checking offline messages for client
[2025-06-04 16:26:05] [OnyFNlLSRn5WExnVSStquo7sjMA=] [ПожилаяОстановка] No offline messages found
[2025-06-04 16:26:17] [vIHheui87ynZFCe5yYEDtodQDns=] [Scirena] Checking offline messages for client
[2025-06-04 16:26:17] [vIHheui87ynZFCe5yYEDtodQDns=] [Scirena] No offline messages found
[2025-06-04 16:26:23] [dDU+qrUO+E8NJHOmrQsCvli4BEA=] [kyojin] Checking offline messages for client
[2025-06-04 16:26:23] [dDU+qrUO+E8NJHOmrQsCvli4BEA=] [kyojin] No offline messages found
[2025-06-04 16:30:07] [JT2aI64zeSAE6A553mIp5yKoPaE=] [Sqwer_11] Checking offline messages for client
[2025-06-04 16:30:07] [JT2aI64zeSAE6A553mIp5yKoPaE=] [Sqwer_11] No offline messages found
[2025-06-04 16:30:39] [MCH5CUuHw7qLHVegyroS34EN/pQ=] [PastA1] Checking offline messages for client
[2025-06-04 16:30:39] [MCH5CUuHw7qLHVegyroS34EN/pQ=] [PastA1] No offline messages found
[2025-06-04 16:43:38] [675wO5ssJtQbFw+9qXHexPjHNYM=] [Nevskiiiy] Checking offline messages for client
[2025-06-04 16:43:38] [675wO5ssJtQbFw+9qXHexPjHNYM=] [Nevskiiiy] No offline messages found
[2025-06-04 16:45:44] [vPIIPZsfxgCBFpXg8zKfvJB+NNQ=] [сосиаыв] Checking offline messages for client
[2025-06-04 16:45:44] [vPIIPZsfxgCBFpXg8zKfvJB+NNQ=] [сосиаыв] No offline messages found
[2025-06-04 16:46:33] [NrLfqmvuq6LG10V4p9MSfEiVrl4=] [ебанний] Checking offline messages for client
[2025-06-04 16:46:33] [NrLfqmvuq6LG10V4p9MSfEiVrl4=] [ебанний] No offline messages found
[2025-06-04 16:48:13] [MYSMWOg1rcy9rUxqNVjO3N+2XOU=] [korobka] Checking offline messages for client
[2025-06-04 16:48:13] [MYSMWOg1rcy9rUxqNVjO3N+2XOU=] [korobka] No offline messages found
[2025-06-04 16:49:59] [+kw+/HBgDpdVmNqdp45vKq7CLpM=] [РУССКИЙ] Checking offline messages for client
[2025-06-04 16:49:59] [+kw+/HBgDpdVmNqdp45vKq7CLpM=] [РУССКИЙ] No offline messages found
[2025-06-04 16:50:34] [9gIU/C4n3kEvCtLeplJXy7iq3dg=] [valeraaa] Checking offline messages for client
[2025-06-04 16:50:34] [9gIU/C4n3kEvCtLeplJXy7iq3dg=] [valeraaa] No offline messages found
[2025-06-04 16:51:31] [xuRMg43iz/Tub+BIn/ERIKPfczM=] [EXOPUL] Checking offline messages for client
[2025-06-04 16:51:31] [xuRMg43iz/Tub+BIn/ERIKPfczM=] [EXOPUL] No offline messages found
[2025-06-04 16:52:32] [xuRMg43iz/Tub+BIn/ERIKPfczM=] [EXOPUL] Checking offline messages for client
[2025-06-04 16:52:32] [xuRMg43iz/Tub+BIn/ERIKPfczM=] [EXOPUL] No offline messages found
[2025-06-04 16:52:52] [yBICHbhgjt9SlHyQu3BZbOYMUQU=] [H0R0Z] Checking offline messages for client
[2025-06-04 16:52:52] [yBICHbhgjt9SlHyQu3BZbOYMUQU=] [H0R0Z] No offline messages found
[2025-06-04 16:53:07] [0XaSaJTqMDRG53r/L41NHA912Rw=] [pisun] Checking offline messages for client
[2025-06-04 16:53:07] [0XaSaJTqMDRG53r/L41NHA912Rw=] [pisun] No offline messages found
[2025-06-04 16:56:05] [FHmAvJvW6N6mPDWTwpRQABw6rAk=] [Хозяин Абатура №2] Checking offline messages for client
[2025-06-04 16:56:05] [FHmAvJvW6N6mPDWTwpRQABw6rAk=] [Хозяин Абатура №2] No offline messages found
[2025-06-04 16:59:52] [WtWgpfS8UE18SW7yGXm3r1yoO/c=] [Kowismo] Checking offline messages for client
[2025-06-04 16:59:52] [WtWgpfS8UE18SW7yGXm3r1yoO/c=] [Kowismo] No offline messages found
[2025-06-04 17:06:12] [5VQn2paiuiABX3QfxcJMoEhAyYQ=] [Almas1k] Checking offline messages for client
[2025-06-04 17:06:12] [5VQn2paiuiABX3QfxcJMoEhAyYQ=] [Almas1k] No offline messages found
[2025-06-04 17:08:15] [yU5AqRzT3plqv4fu7Bc9jGrcdZ0=] [SysmoUsercid=140] Checking offline messages for client
[2025-06-04 17:08:15] [yU5AqRzT3plqv4fu7Bc9jGrcdZ0=] [SysmoUsercid=140] No offline messages found
[2025-06-04 17:09:01] [1QuYdjwegivq8nQQgKS/N+VS/dw=] [TeamSpeakUser1] Checking offline messages for client
[2025-06-04 17:09:01] [1QuYdjwegivq8nQQgKS/N+VS/dw=] [TeamSpeakUser1] No offline messages found
[2025-06-04 17:12:01] [LChIIpVKSczGXCJcvYW8G7+Rrgk=] [erik] Checking offline messages for client
[2025-06-04 17:12:01] [LChIIpVKSczGXCJcvYW8G7+Rrgk=] [erik] No offline messages found
[2025-06-04 17:12:02] [MutMI8w80TgxkXwn/z4gZc/vgiU=] [Asshole do not burn] Checking offline messages for client
[2025-06-04 17:12:02] [MutMI8w80TgxkXwn/z4gZc/vgiU=] [Asshole do not burn] No offline messages found
[2025-06-04 17:12:02] [MutMI8w80TgxkXwn/z4gZc/vgiU=] [Asshole do not burn] Checking offline messages for client
[2025-06-04 17:12:02] [MutMI8w80TgxkXwn/z4gZc/vgiU=] [Asshole do not burn] No offline messages found
[2025-06-04 17:12:02] [MutMI8w80TgxkXwn/z4gZc/vgiU=] [Asshole do not burn] Checking offline messages for client
[2025-06-04 17:12:02] [MutMI8w80TgxkXwn/z4gZc/vgiU=] [Asshole do not burn] No offline messages found
[2025-06-04 17:12:07] [ay8d2GXiisZNZZ2sP88A/RwHo24=] [ViliBom] Checking offline messages for client
[2025-06-04 17:12:07] [ay8d2GXiisZNZZ2sP88A/RwHo24=] [ViliBom] No offline messages found
[2025-06-04 17:12:39] [ZnU8vaPl8AP2v7ujelAJMkb+r+E=] [TeamSpeakUser1] Checking offline messages for client
[2025-06-04 17:12:39] [ZnU8vaPl8AP2v7ujelAJMkb+r+E=] [TeamSpeakUser1] No offline messages found
[2025-06-04 17:12:40] [+kw+/HBgDpdVmNqdp45vKq7CLpM=] [РУССКИЙ] Checking offline messages for client
[2025-06-04 17:12:40] [+kw+/HBgDpdVmNqdp45vKq7CLpM=] [РУССКИЙ] No offline messages found
[2025-06-04 17:12:40] [+kw+/HBgDpdVmNqdp45vKq7CLpM=] [РУССКИЙ] Checking offline messages for client
[2025-06-04 17:12:40] [+kw+/HBgDpdVmNqdp45vKq7CLpM=] [РУССКИЙ] No offline messages found
[2025-06-04 17:12:40] [+kw+/HBgDpdVmNqdp45vKq7CLpM=] [РУССКИЙ] Checking offline messages for client
[2025-06-04 17:12:40] [+kw+/HBgDpdVmNqdp45vKq7CLpM=] [РУССКИЙ] No offline messages found
[2025-06-04 17:12:43] [ay8d2GXiisZNZZ2sP88A/RwHo24=] [ViliBom] Checking offline messages for client
[2025-06-04 17:12:43] [ay8d2GXiisZNZZ2sP88A/RwHo24=] [ViliBom] No offline messages found
[2025-06-04 17:12:45] [LChIIpVKSczGXCJcvYW8G7+Rrgk=] [erik] Checking offline messages for client
[2025-06-04 17:12:45] [LChIIpVKSczGXCJcvYW8G7+Rrgk=] [erik] No offline messages found
[2025-06-04 17:13:04] [LChIIpVKSczGXCJcvYW8G7+Rrgk=] [erik] Checking offline messages for client
[2025-06-04 17:13:04] [LChIIpVKSczGXCJcvYW8G7+Rrgk=] [erik] No offline messages found
[2025-06-04 17:14:01] [KTw+VF6m+gTCBlxPrQOWS+S0KMI=] [ego1str0ma] Checking offline messages for client
[2025-06-04 17:14:01] [KTw+VF6m+gTCBlxPrQOWS+S0KMI=] [ego1str0ma] No offline messages found
[2025-06-04 17:14:02] [JS7AYDgRfu5aCR6EsyZfSZOd3ug=] [goran] Checking offline messages for client
[2025-06-04 17:14:02] [JS7AYDgRfu5aCR6EsyZfSZOd3ug=] [goran] No offline messages found
[2025-06-04 17:14:02] [JS7AYDgRfu5aCR6EsyZfSZOd3ug=] [goran] Checking offline messages for client
[2025-06-04 17:14:02] [JS7AYDgRfu5aCR6EsyZfSZOd3ug=] [goran] No offline messages found
[2025-06-04 17:14:02] [JS7AYDgRfu5aCR6EsyZfSZOd3ug=] [goran] Checking offline messages for client
[2025-06-04 17:14:02] [JS7AYDgRfu5aCR6EsyZfSZOd3ug=] [goran] No offline messages found
[2025-06-04 17:14:20] [+kw+/HBgDpdVmNqdp45vKq7CLpM=] [РУССКИЙ] Checking offline messages for client
[2025-06-04 17:14:20] [+kw+/HBgDpdVmNqdp45vKq7CLpM=] [РУССКИЙ] No offline messages found
[2025-06-04 17:14:53] [0XaSaJTqMDRG53r/L41NHA912Rw=] [pisun] Checking offline messages for client
[2025-06-04 17:14:53] [0XaSaJTqMDRG53r/L41NHA912Rw=] [pisun] No offline messages found
[2025-06-04 17:22:57] [C1akqRwI183e3ll8J1Ziuc2d2jg=] [mrx] Checking offline messages for client
[2025-06-04 17:22:57] [C1akqRwI183e3ll8J1Ziuc2d2jg=] [mrx] No offline messages found
[2025-06-04 17:23:18] [u88gTGqnNGQfUIYrLHgg24ksWNY=] [TeamSpeakUser3] Checking offline messages for client
[2025-06-04 17:23:18] [u88gTGqnNGQfUIYrLHgg24ksWNY=] [TeamSpeakUser3] No offline messages found
[2025-06-04 17:25:07] [hSuNyKwdPMso6fPP5SUFsIkZH/s=] [Yabanashka] Checking offline messages for client
[2025-06-04 17:25:07] [hSuNyKwdPMso6fPP5SUFsIkZH/s=] [Yabanashka] No offline messages found
[2025-06-04 17:27:38] [mqgd3Gc7WmeeLTlwm9TT72tKi9Y=] [Joss] Checking offline messages for client
[2025-06-04 17:27:38] [mqgd3Gc7WmeeLTlwm9TT72tKi9Y=] [Joss] No offline messages found
[2025-06-04 17:29:47] [M09LXQM0h1IxzpSiw7t91USRzUA=] [dolv1] Checking offline messages for client
[2025-06-04 17:29:47] [M09LXQM0h1IxzpSiw7t91USRzUA=] [dolv1] No offline messages found
[2025-06-04 17:30:14] [Uu5KMlrBm4Z5LiLbdfTmVcSDXOU=] [I_XaSkI_I] Checking offline messages for client
[2025-06-04 17:30:14] [Uu5KMlrBm4Z5LiLbdfTmVcSDXOU=] [I_XaSkI_I] No offline messages found
[2025-06-04 17:31:49] [0aA4TFX9DiEfMIQXh3Te1boW3nc=] [shauitan] Checking offline messages for client
[2025-06-04 17:31:49] [0aA4TFX9DiEfMIQXh3Te1boW3nc=] [shauitan] No offline messages found
[2025-06-04 17:32:43] [+kw+/HBgDpdVmNqdp45vKq7CLpM=] [РУССКИЙ] Checking offline messages for client
[2025-06-04 17:32:43] [+kw+/HBgDpdVmNqdp45vKq7CLpM=] [РУССКИЙ] No offline messages found
[2025-06-04 17:34:16] [0J+Iy22axFqqUSD+u1+EJ9Qp8Ew=] [joji] Checking offline messages for client
[2025-06-04 17:34:16] [0J+Iy22axFqqUSD+u1+EJ9Qp8Ew=] [joji] No offline messages found
[2025-06-04 17:38:34] [9gIU/C4n3kEvCtLeplJXy7iq3dg=] [valeraaa] Checking offline messages for client
[2025-06-04 17:38:34] [9gIU/C4n3kEvCtLeplJXy7iq3dg=] [valeraaa] No offline messages found
[2025-06-04 17:39:23] [+kw+/HBgDpdVmNqdp45vKq7CLpM=] [РУССКИЙ] Checking offline messages for client
[2025-06-04 17:39:23] [+kw+/HBgDpdVmNqdp45vKq7CLpM=] [РУССКИЙ] No offline messages found
[2025-06-04 17:41:59] [rUh28k8jzMi0z3Nh/XfbvrczQQg=] [бешеныймедведь] Checking offline messages for client
[2025-06-04 17:41:59] [rUh28k8jzMi0z3Nh/XfbvrczQQg=] [бешеныймедведь] No offline messages found
[2025-06-04 17:44:15] [jdsZBBcuEzD3+oBXRBnVPJpGkI4=] [eatmyb8ls] Checking offline messages for client
[2025-06-04 17:44:15] [jdsZBBcuEzD3+oBXRBnVPJpGkI4=] [eatmyb8ls] No offline messages found
[2025-06-04 17:49:50] [f1n03b36FZPBTTuoz/yrXn8WOTM=] [Nima] Checking offline messages for client
[2025-06-04 17:49:50] [f1n03b36FZPBTTuoz/yrXn8WOTM=] [Nima] No offline messages found
[2025-06-04 17:50:05] [FHmAvJvW6N6mPDWTwpRQABw6rAk=] [Хозяин Абатура №2] Checking offline messages for client
[2025-06-04 17:50:05] [FHmAvJvW6N6mPDWTwpRQABw6rAk=] [Хозяин Абатура №2] No offline messages found
[2025-06-04 17:52:29] [yBICHbhgjt9SlHyQu3BZbOYMUQU=] [H0R0Z] Checking offline messages for client
[2025-06-04 17:52:29] [yBICHbhgjt9SlHyQu3BZbOYMUQU=] [H0R0Z] No offline messages found
[2025-06-04 17:52:52] [E+jMwboltsicqyIrRT0uORmD8yk=] [ashkan] Checking offline messages for client
[2025-06-04 17:52:52] [E+jMwboltsicqyIrRT0uORmD8yk=] [ashkan] No offline messages found
[2025-06-04 17:53:41] [+kw+/HBgDpdVmNqdp45vKq7CLpM=] [ДРОБОВИКТОР] Checking offline messages for client
[2025-06-04 17:53:41] [+kw+/HBgDpdVmNqdp45vKq7CLpM=] [ДРОБОВИКТОР] No offline messages found
[2025-06-04 17:55:25] [aKaAG6qoaxhtx8bSnAyKGSwgQvA=] [drxxxP] Checking offline messages for client
[2025-06-04 17:55:25] [aKaAG6qoaxhtx8bSnAyKGSwgQvA=] [drxxxP] No offline messages found
[2025-06-04 17:57:26] [Tgd5hyEUE1h1eu8z/TBEWqTvsO4=] [verdi] Checking offline messages for client
[2025-06-04 17:57:26] [Tgd5hyEUE1h1eu8z/TBEWqTvsO4=] [verdi] No offline messages found
[2025-06-04 17:59:40] [hSuNyKwdPMso6fPP5SUFsIkZH/s=] [Yabanashka] Checking offline messages for client
[2025-06-04 17:59:40] [hSuNyKwdPMso6fPP5SUFsIkZH/s=] [Yabanashka] No offline messages found
[2025-06-04 18:00:13] [V/sE7GD+jPAQPdHRhDxgmql0tFI=] [Jabberson] Checking offline messages for client
[2025-06-04 18:00:13] [V/sE7GD+jPAQPdHRhDxgmql0tFI=] [Jabberson] No offline messages found
[2025-06-04 18:00:47] [SUT+/nxpKwjoJxdY4PhDm+DXOi4=] [wadas] Checking offline messages for client
[2025-06-04 18:00:47] [SUT+/nxpKwjoJxdY4PhDm+DXOi4=] [wadas] No offline messages found
[2025-06-04 18:00:48] [kHIid8HT2jg9WiVu3tCpryd+esk=] [1133] Checking offline messages for client
[2025-06-04 18:00:48] [kHIid8HT2jg9WiVu3tCpryd+esk=] [1133] No offline messages found
[2025-06-04 18:00:48] [kHIid8HT2jg9WiVu3tCpryd+esk=] [1133] Checking offline messages for client
[2025-06-04 18:00:48] [kHIid8HT2jg9WiVu3tCpryd+esk=] [1133] No offline messages found
[2025-06-04 18:00:48] [kHIid8HT2jg9WiVu3tCpryd+esk=] [1133] Checking offline messages for client
[2025-06-04 18:00:48] [kHIid8HT2jg9WiVu3tCpryd+esk=] [1133] No offline messages found
[2025-06-04 18:00:58] [iqhXyPfP3MC8F+w0pKyVoSLyF/I=] [FailRaik] Checking offline messages for client
[2025-06-04 18:00:58] [iqhXyPfP3MC8F+w0pKyVoSLyF/I=] [FailRaik] No offline messages found
[2025-06-04 18:01:23] [zZrqXjAFZVEwHLvcmnJhT3t6uhk=] [Moriel] Checking offline messages for client
[2025-06-04 18:01:23] [zZrqXjAFZVEwHLvcmnJhT3t6uhk=] [Moriel] No offline messages found
[2025-06-04 18:05:40] [yPSI9aghhtH6O+mnSQIo84yUZ4c=] [шароёб] Checking offline messages for client
[2025-06-04 18:05:40] [yPSI9aghhtH6O+mnSQIo84yUZ4c=] [шароёб] No offline messages found
[2025-06-04 18:07:55] [ML5A6zsLU8O+4axZqoMWBtAJ+4E=] [RoburOO] Checking offline messages for client
[2025-06-04 18:07:55] [ML5A6zsLU8O+4axZqoMWBtAJ+4E=] [RoburOO] No offline messages found
[2025-06-04 18:09:09] [Il2lQ6ZR/oZD94GN6lMDO/QWBzE=] [men4] Checking offline messages for client
[2025-06-04 18:09:09] [Il2lQ6ZR/oZD94GN6lMDO/QWBzE=] [men4] No offline messages found
[2025-06-04 18:12:13] [syGc3yR+8xBjPN6kLg2zE+r+Bwg=] [Gosh] Checking offline messages for client
[2025-06-04 18:12:13] [syGc3yR+8xBjPN6kLg2zE+r+Bwg=] [Gosh] No offline messages found
[2025-06-04 18:13:09] [42lFJzTa/EbFNCxvYxwaTYIYV+A=] [BIGYURI] Checking offline messages for client
[2025-06-04 18:13:09] [42lFJzTa/EbFNCxvYxwaTYIYV+A=] [BIGYURI] No offline messages found
[2025-06-04 18:14:06] [Tgd5hyEUE1h1eu8z/TBEWqTvsO4=] [verdi] Checking offline messages for client
[2025-06-04 18:14:06] [Tgd5hyEUE1h1eu8z/TBEWqTvsO4=] [verdi] No offline messages found
[2025-06-04 18:14:41] [Y87CyZ0z4OCWoHrzcXmcfNJGgn8=] [Ghost] Checking offline messages for client
[2025-06-04 18:14:41] [Y87CyZ0z4OCWoHrzcXmcfNJGgn8=] [Ghost] No offline messages found
[2025-06-04 18:16:44] [dHD7jWi8Q5Lp4lz7I8/axaXFAEA=] [__illlia__] Checking offline messages for client
[2025-06-04 18:16:44] [dHD7jWi8Q5Lp4lz7I8/axaXFAEA=] [__illlia__] No offline messages found
[2025-06-04 18:19:40] [COLZyKJmrHAbeJuIwxgb3lGZ0d0=] [tikka345] Checking offline messages for client
[2025-06-04 18:19:40] [COLZyKJmrHAbeJuIwxgb3lGZ0d0=] [tikka345] No offline messages found
[2025-06-04 18:19:43] [8yG40ppumRoJGhu1qR/blqgqttw=] [sanka98] Checking offline messages for client
[2025-06-04 18:19:43] [8yG40ppumRoJGhu1qR/blqgqttw=] [sanka98] No offline messages found
[2025-06-04 18:20:04] [GSHdFQ1jzSeyLdTWhcSAlf1X2N8=] [FenaiL] Checking offline messages for client
[2025-06-04 18:20:04] [GSHdFQ1jzSeyLdTWhcSAlf1X2N8=] [FenaiL] No offline messages found
[2025-06-04 18:25:56] [EXx2byRKRGptAt/baFXiPGojcHg=] [420] Checking offline messages for client
[2025-06-04 18:25:56] [EXx2byRKRGptAt/baFXiPGojcHg=] [420] No offline messages found
[2025-06-04 18:26:19] [E+jMwboltsicqyIrRT0uORmD8yk=] [ashkan] Checking offline messages for client
[2025-06-04 18:26:19] [E+jMwboltsicqyIrRT0uORmD8yk=] [ashkan] No offline messages found
[2025-06-04 18:28:34] [E+jMwboltsicqyIrRT0uORmD8yk=] [ashkan] Checking offline messages for client
[2025-06-04 18:28:34] [E+jMwboltsicqyIrRT0uORmD8yk=] [ashkan] No offline messages found
[2025-06-04 18:31:00] [3diLoXUDOK2Y6o7LDoR5KVDPWiM=] [valera3211] Checking offline messages for client
[2025-06-04 18:31:00] [3diLoXUDOK2Y6o7LDoR5KVDPWiM=] [valera3211] No offline messages found
[2025-06-04 18:32:21] [xiVTUqjmPR8HsEFkd9qzObroM+Q=] [TeamSpeakUser4] Checking offline messages for client
[2025-06-04 18:32:21] [xiVTUqjmPR8HsEFkd9qzObroM+Q=] [TeamSpeakUser4] No offline messages found
[2025-06-04 18:33:10] [EbDOt1FY+2LU7nvOmbzZt0+Ni+Q=] [A.y] Checking offline messages for client
[2025-06-04 18:33:10] [EbDOt1FY+2LU7nvOmbzZt0+Ni+Q=] [A.y] No offline messages found
[2025-06-04 18:34:33] [JpM7gcOhFIUjOofGESunjTgi2ig=] [mertzinn] Checking offline messages for client
[2025-06-04 18:34:33] [JpM7gcOhFIUjOofGESunjTgi2ig=] [mertzinn] No offline messages found
[2025-06-04 18:36:35] [zQBV+zr0os6YT3ktHjBJZW0cRd8=] [Tufix] Checking offline messages for client
[2025-06-04 18:36:35] [zQBV+zr0os6YT3ktHjBJZW0cRd8=] [Tufix] No offline messages found
[2025-06-04 18:37:11] [aKaAG6qoaxhtx8bSnAyKGSwgQvA=] [drxxxP] Checking offline messages for client
[2025-06-04 18:37:11] [aKaAG6qoaxhtx8bSnAyKGSwgQvA=] [drxxxP] No offline messages found
[2025-06-04 18:37:13] [zS1r6ApCdGTELKoHee5DPSZFoSk=] [Crumblenaldo420] Checking offline messages for client
[2025-06-04 18:37:13] [zS1r6ApCdGTELKoHee5DPSZFoSk=] [Crumblenaldo420] No offline messages found
[2025-06-04 18:37:19] [+kw+/HBgDpdVmNqdp45vKq7CLpM=] [РУССКИЙ] Checking offline messages for client
[2025-06-04 18:37:19] [+kw+/HBgDpdVmNqdp45vKq7CLpM=] [РУССКИЙ] No offline messages found
[2025-06-04 18:38:14] [1bxlkLWE1YEds4euACE9lSAD0Jg=] [Mr..Fury] Checking offline messages for client
[2025-06-04 18:38:14] [1bxlkLWE1YEds4euACE9lSAD0Jg=] [Mr..Fury] No offline messages found
[2025-06-04 18:43:10] [+jY+727ijHZsfVi54xEx3Dfw1Dk=] [awegawg] Checking offline messages for client
[2025-06-04 18:43:10] [+jY+727ijHZsfVi54xEx3Dfw1Dk=] [awegawg] No offline messages found
[2025-06-04 18:43:17] [+jY+727ijHZsfVi54xEx3Dfw1Dk=] [awegawg] Checking offline messages for client
[2025-06-04 18:43:17] [+jY+727ijHZsfVi54xEx3Dfw1Dk=] [awegawg] No offline messages found
[2025-06-04 18:44:10] [DreaOmWvEP6uAZBVpzt62kT6RXg=] [Holy_SpIrIt*] Checking offline messages for client
[2025-06-04 18:44:10] [DreaOmWvEP6uAZBVpzt62kT6RXg=] [Holy_SpIrIt*] No offline messages found
[2025-06-04 18:44:19] [iYHINDlWwCatnlKWhy6pZQi0dUI=] [TeaNeedMore] Checking offline messages for client
[2025-06-04 18:44:19] [iYHINDlWwCatnlKWhy6pZQi0dUI=] [TeaNeedMore] No offline messages found
[2025-06-04 18:44:26] [FHmAvJvW6N6mPDWTwpRQABw6rAk=] [Хозяин Абатура №2] Checking offline messages for client
[2025-06-04 18:44:26] [FHmAvJvW6N6mPDWTwpRQABw6rAk=] [Хозяин Абатура №2] No offline messages found
[2025-06-04 18:44:44] [4hvwCfCPtTRCCX/hD0S9PDAjwPY=] [Ander] Checking offline messages for client
[2025-06-04 18:44:44] [4hvwCfCPtTRCCX/hD0S9PDAjwPY=] [Ander] No offline messages found
[2025-06-04 18:44:50] [6loDKB5pFq9h9EZ8lWJAl1sRiNA=] [kagixxx] Checking offline messages for client
[2025-06-04 18:44:50] [6loDKB5pFq9h9EZ8lWJAl1sRiNA=] [kagixxx] No offline messages found
[2025-06-04 18:45:27] [YJ8chm2QQIJyPFrsGN7ctoGAtDM=] [Бурмалда] Checking offline messages for client
[2025-06-04 18:45:27] [YJ8chm2QQIJyPFrsGN7ctoGAtDM=] [Бурмалда] No offline messages found
[2025-06-04 18:49:39] [vpAueP4qknY0MVIuErqCD+zmcZ0=] [pano] Checking offline messages for client
[2025-06-04 18:49:39] [vpAueP4qknY0MVIuErqCD+zmcZ0=] [pano] No offline messages found
[2025-06-04 18:50:09] [Nn8rGrwsE+C9ibHWu3JCoCbmq3A=] [SysmoUsercid=140] Checking offline messages for client
[2025-06-04 18:50:09] [Nn8rGrwsE+C9ibHWu3JCoCbmq3A=] [SysmoUsercid=140] No offline messages found
[2025-06-04 18:50:22] [zS1r6ApCdGTELKoHee5DPSZFoSk=] [Crumblenaldo420] Checking offline messages for client
[2025-06-04 18:50:22] [zS1r6ApCdGTELKoHee5DPSZFoSk=] [Crumblenaldo420] No offline messages found
[2025-06-04 18:51:19] [yBICHbhgjt9SlHyQu3BZbOYMUQU=] [H0R0Z] Checking offline messages for client
[2025-06-04 18:51:19] [yBICHbhgjt9SlHyQu3BZbOYMUQU=] [H0R0Z] No offline messages found
[2025-06-04 18:52:16] [dHD7jWi8Q5Lp4lz7I8/axaXFAEA=] [__illlia__] Checking offline messages for client
[2025-06-04 18:52:16] [dHD7jWi8Q5Lp4lz7I8/axaXFAEA=] [__illlia__] No offline messages found
[2025-06-04 18:55:44] [c0lrXY/8EPsdQ2pBwDBZOawK6Ek=] [berko] Checking offline messages for client
[2025-06-04 18:55:44] [c0lrXY/8EPsdQ2pBwDBZOawK6Ek=] [berko] No offline messages found
[2025-06-04 18:56:33] [YOkJPup3gRfkYdNucL4ldHRwmgY=] [Farzelot] Checking offline messages for client
[2025-06-04 18:56:33] [YOkJPup3gRfkYdNucL4ldHRwmgY=] [Farzelot] No offline messages found
[2025-06-04 18:57:20] [1gxg4kTixKP+E7U4TFVjyyVaim0=] [mbagod] Checking offline messages for client
[2025-06-04 18:57:20] [1gxg4kTixKP+E7U4TFVjyyVaim0=] [mbagod] No offline messages found
[2025-06-04 18:58:15] [rR+2agDaXOblefNaD/E2LfDoCAU=] [hugao] Checking offline messages for client
[2025-06-04 18:58:15] [rR+2agDaXOblefNaD/E2LfDoCAU=] [hugao] No offline messages found
[2025-06-04 18:58:54] [yNFUjD+LJEqojKPPlPGtCAVEYRU=] [Боцман777] Checking offline messages for client
[2025-06-04 18:58:54] [yNFUjD+LJEqojKPPlPGtCAVEYRU=] [Боцман777] No offline messages found
[2025-06-04 18:59:22] [yNFUjD+LJEqojKPPlPGtCAVEYRU=] [Боцман777] Checking offline messages for client
[2025-06-04 18:59:22] [yNFUjD+LJEqojKPPlPGtCAVEYRU=] [Боцман777] No offline messages found
[2025-06-04 19:00:23] [MxGUDgktIyu6InxIn4FNxdgcarc=] [Хозяин Абатура №1] Checking offline messages for client
[2025-06-04 19:00:23] [MxGUDgktIyu6InxIn4FNxdgcarc=] [Хозяин Абатура №1] No offline messages found
[2025-06-04 19:00:56] [yU5AqRzT3plqv4fu7Bc9jGrcdZ0=] [SysmoUsercid=140] Checking offline messages for client
[2025-06-04 19:00:56] [yU5AqRzT3plqv4fu7Bc9jGrcdZ0=] [SysmoUsercid=140] No offline messages found
[2025-06-04 19:02:59] [kULTdQq319JIL8kWV2Yvc5hMdaw=] [TeamSpeakUser5] Checking offline messages for client
[2025-06-04 19:02:59] [kULTdQq319JIL8kWV2Yvc5hMdaw=] [TeamSpeakUser5] No offline messages found
[2025-06-04 19:03:41] [dHD7jWi8Q5Lp4lz7I8/axaXFAEA=] [__illlia__] Checking offline messages for client
[2025-06-04 19:03:41] [dHD7jWi8Q5Lp4lz7I8/axaXFAEA=] [__illlia__] No offline messages found
[2025-06-04 19:05:39] [MqlyPI/U5wjPs6LHaX2Ifl+w4r8=] [timothysamuelx] Checking offline messages for client
[2025-06-04 19:05:39] [MqlyPI/U5wjPs6LHaX2Ifl+w4r8=] [timothysamuelx] No offline messages found
[2025-06-04 19:06:15] [NfnVujvEphIfsiju8kuWFNANTfk=] [noone] Checking offline messages for client
[2025-06-04 19:06:15] [NfnVujvEphIfsiju8kuWFNANTfk=] [noone] No offline messages found
[2025-06-04 19:07:08] [NfnVujvEphIfsiju8kuWFNANTfk=] [noone] Checking offline messages for client
[2025-06-04 19:07:08] [NfnVujvEphIfsiju8kuWFNANTfk=] [noone] No offline messages found
[2025-06-04 19:08:11] [ek14P9LpNtXwSGJQRlUmMlUDXJ0=] [WhyNottttt] Checking offline messages for client
[2025-06-04 19:08:11] [ek14P9LpNtXwSGJQRlUmMlUDXJ0=] [WhyNottttt] No offline messages found
[2025-06-04 19:11:39] [JBT8f5ESgqNibYrHN0Dp0kGBPKU=] [Малиновый Демон] Checking offline messages for client
[2025-06-04 19:11:39] [JBT8f5ESgqNibYrHN0Dp0kGBPKU=] [Малиновый Демон] No offline messages found
[2025-06-04 19:13:22] [A2T1RSmzaeIbUTk0Ce356sAFyiM=] [me arrombaram] Checking offline messages for client
[2025-06-04 19:13:22] [A2T1RSmzaeIbUTk0Ce356sAFyiM=] [me arrombaram] No offline messages found
[2025-06-04 19:13:52] [DW6vdJ5AGABGXpVVRmIgDTix3B8=] [Fominykh454] Checking offline messages for client
[2025-06-04 19:13:52] [DW6vdJ5AGABGXpVVRmIgDTix3B8=] [Fominykh454] No offline messages found
[2025-06-04 19:15:33] [12YLinwKfWKazha/NdgwmBD9LX8=] [69asdasdasd] Checking offline messages for client
[2025-06-04 19:15:33] [12YLinwKfWKazha/NdgwmBD9LX8=] [69asdasdasd] No offline messages found
[2025-06-04 19:17:44] [yYS4d9dXJMILuQw038o8oNXDgmc=] [TaTaRiN] Checking offline messages for client
[2025-06-04 19:17:44] [yYS4d9dXJMILuQw038o8oNXDgmc=] [TaTaRiN] No offline messages found
[2025-06-04 19:18:10] [lc0ylIsdk1wm3mou1HYlyZ87uBQ=] [blinchik] Checking offline messages for client
[2025-06-04 19:18:10] [lc0ylIsdk1wm3mou1HYlyZ87uBQ=] [blinchik] No offline messages found
[2025-06-04 19:18:23] [SJWLa9LelIOTwfc/cNyEIpMstZk=] [makpyn] Checking offline messages for client
[2025-06-04 19:18:23] [SJWLa9LelIOTwfc/cNyEIpMstZk=] [makpyn] No offline messages found
[2025-06-04 19:19:06] [h+S6vTapLiHLu/QXW+Wv622o2KE=] [Bone] Checking offline messages for client
[2025-06-04 19:19:06] [h+S6vTapLiHLu/QXW+Wv622o2KE=] [Bone] No offline messages found
[2025-06-04 19:19:21] [yU5AqRzT3plqv4fu7Bc9jGrcdZ0=] [Leonarg] Checking offline messages for client
[2025-06-04 19:19:21] [yU5AqRzT3plqv4fu7Bc9jGrcdZ0=] [Leonarg] No offline messages found
[2025-06-04 19:22:55] [E+jMwboltsicqyIrRT0uORmD8yk=] [ashkan] Checking offline messages for client
[2025-06-04 19:22:55] [E+jMwboltsicqyIrRT0uORmD8yk=] [ashkan] No offline messages found
[2025-06-04 19:23:15] [8wO5HXvUa0ktX3G69nioUDKZj+A=] [Rioshad] Checking offline messages for client
[2025-06-04 19:23:15] [8wO5HXvUa0ktX3G69nioUDKZj+A=] [Rioshad] No offline messages found
[2025-06-04 19:23:29] [E+jMwboltsicqyIrRT0uORmD8yk=] [ashkan] Checking offline messages for client
[2025-06-04 19:23:29] [E+jMwboltsicqyIrRT0uORmD8yk=] [ashkan] No offline messages found
[2025-06-04 19:24:15] [E+jMwboltsicqyIrRT0uORmD8yk=] [ashkan] Checking offline messages for client
[2025-06-04 19:24:15] [E+jMwboltsicqyIrRT0uORmD8yk=] [ashkan] No offline messages found
[2025-06-04 19:24:47] [N3sdgECOuAq9updYbYKI20ij7vw=] [Tancsii] Checking offline messages for client
[2025-06-04 19:24:47] [N3sdgECOuAq9updYbYKI20ij7vw=] [Tancsii] No offline messages found
[2025-06-04 19:27:29] [s5SoU0O6Mp2lEkoeWlMc2247gBk=] [don] Checking offline messages for client
[2025-06-04 19:27:29] [s5SoU0O6Mp2lEkoeWlMc2247gBk=] [don] No offline messages found
[2025-06-04 19:30:41] [E+jMwboltsicqyIrRT0uORmD8yk=] [ashkan] Checking offline messages for client
[2025-06-04 19:30:41] [E+jMwboltsicqyIrRT0uORmD8yk=] [ashkan] No offline messages found
[2025-06-04 19:30:41] [r0hFhpqNP7oIbEI/g8rfsfRTVS0=] [_Sanitol_] Checking offline messages for client
[2025-06-04 19:30:41] [r0hFhpqNP7oIbEI/g8rfsfRTVS0=] [_Sanitol_] No offline messages found
[2025-06-04 19:30:41] [r0hFhpqNP7oIbEI/g8rfsfRTVS0=] [_Sanitol_] Checking offline messages for client
[2025-06-04 19:30:41] [r0hFhpqNP7oIbEI/g8rfsfRTVS0=] [_Sanitol_] No offline messages found
[2025-06-04 19:30:42] [r0hFhpqNP7oIbEI/g8rfsfRTVS0=] [_Sanitol_] Checking offline messages for client
[2025-06-04 19:30:42] [r0hFhpqNP7oIbEI/g8rfsfRTVS0=] [_Sanitol_] No offline messages found
[2025-06-04 19:31:08] [JVYr5bKxL1SW+6/DCG+FQqC2Lyo=] [isekai] Checking offline messages for client
[2025-06-04 19:31:08] [JVYr5bKxL1SW+6/DCG+FQqC2Lyo=] [isekai] No offline messages found
[2025-06-04 19:35:03] [+AEiGDs17OALboyzRweaafavqP0=] [ma1tsev] Checking offline messages for client
[2025-06-04 19:35:03] [+AEiGDs17OALboyzRweaafavqP0=] [ma1tsev] No offline messages found
[2025-06-04 19:37:18] [mTbPypkwuA/2B5Zl6CXWViczHPo=] [kızlıkbozan33] Checking offline messages for client
[2025-06-04 19:37:18] [mTbPypkwuA/2B5Zl6CXWViczHPo=] [kızlıkbozan33] No offline messages found
[2025-06-04 19:40:06] [HH9pMWXk+qbWzAZZBN5MjixTURo=] [éclatax] Checking offline messages for client
[2025-06-04 19:40:06] [HH9pMWXk+qbWzAZZBN5MjixTURo=] [éclatax] No offline messages found
[2025-06-04 19:41:59] [EBRMSW+/vFF0QsF1q67QDUDOi0w=] [[#] Misc] Client in ignored group, skipping offline messages check
[2025-06-04 19:45:00] [cMkGnTTHFvn5Sz0A9+EoXM1gT2s=] [mishechcat] Checking offline messages for client
[2025-06-04 19:45:00] [cMkGnTTHFvn5Sz0A9+EoXM1gT2s=] [mishechcat] No offline messages found
[2025-06-04 19:45:13] [j4VaV46XhkmzcjbVPFuyIU0vCLs=] [nox] Checking offline messages for client
[2025-06-04 19:45:13] [j4VaV46XhkmzcjbVPFuyIU0vCLs=] [nox] No offline messages found
[2025-06-04 19:47:26] [xFGoC/5qyTdCoAEQ2WadURiNdqI=] [ikhates] Checking offline messages for client
[2025-06-04 19:47:26] [xFGoC/5qyTdCoAEQ2WadURiNdqI=] [ikhates] No offline messages found
[2025-06-04 19:47:31] [uH0L5rxSwv0Wek2igsMre/AGJt4=] [BİLEKKKKS] Checking offline messages for client
[2025-06-04 19:47:31] [uH0L5rxSwv0Wek2igsMre/AGJt4=] [BİLEKKKKS] No offline messages found
[2025-06-04 19:47:52] [Fw1SuHoQp/P+vmaWW8pDOm1TmQE=] [osman] Checking offline messages for client
[2025-06-04 19:47:52] [Fw1SuHoQp/P+vmaWW8pDOm1TmQE=] [osman] No offline messages found
[2025-06-04 19:48:21] [0pkAZAQSH5XwzRp8/UBx5HgWk2s=] [dyrak1337228] Checking offline messages for client
[2025-06-04 19:48:21] [0pkAZAQSH5XwzRp8/UBx5HgWk2s=] [dyrak1337228] No offline messages found
[2025-06-04 19:48:41] [FL+WmVp/PUMnZAd3PROfjjeRLi8=] [Patiencé] Checking offline messages for client
[2025-06-04 19:48:41] [FL+WmVp/PUMnZAd3PROfjjeRLi8=] [Patiencé] No offline messages found
[2025-06-04 19:49:18] [A1xfpFQsaf2c9EH0PcH4vxsTE1o=] [GENERAL MOTORS] Checking offline messages for client
[2025-06-04 19:49:18] [A1xfpFQsaf2c9EH0PcH4vxsTE1o=] [GENERAL MOTORS] No offline messages found
[2025-06-04 19:49:22] [5Oc2+R6eyJKPIKzcp3qWjXWBdBk=] [Tor4am] Checking offline messages for client
[2025-06-04 19:49:22] [5Oc2+R6eyJKPIKzcp3qWjXWBdBk=] [Tor4am] No offline messages found
[2025-06-04 19:50:01] [R/kmoD3fbFiPIhJFscE/IOM3IS0=] [Asaparyn] Checking offline messages for client
[2025-06-04 19:50:01] [R/kmoD3fbFiPIhJFscE/IOM3IS0=] [Asaparyn] No offline messages found
[2025-06-04 19:51:03] [nYYlWUs5YkYKnWWsLhHJIhbnlmA=] [HanS] Checking offline messages for client
[2025-06-04 19:51:03] [nYYlWUs5YkYKnWWsLhHJIhbnlmA=] [HanS] No offline messages found
[2025-06-04 19:53:01] [R/kmoD3fbFiPIhJFscE/IOM3IS0=] [Asaparyn] Checking offline messages for client
[2025-06-04 19:53:01] [R/kmoD3fbFiPIhJFscE/IOM3IS0=] [Asaparyn] No offline messages found
[2025-06-04 19:53:25] [Yolrk0vLW7Jl+G3XWWoj32wvYHo=] [joy] Checking offline messages for client
[2025-06-04 19:53:25] [Yolrk0vLW7Jl+G3XWWoj32wvYHo=] [joy] No offline messages found
[2025-06-04 19:56:16] [CvJ/nwxGQ8pDSvJYvS7ECd9YlR0=] [aaa] Checking offline messages for client
[2025-06-04 19:56:16] [CvJ/nwxGQ8pDSvJYvS7ECd9YlR0=] [aaa] No offline messages found
[2025-06-04 19:57:09] [R/kmoD3fbFiPIhJFscE/IOM3IS0=] [Asaparyn] Checking offline messages for client
[2025-06-04 19:57:09] [R/kmoD3fbFiPIhJFscE/IOM3IS0=] [Asaparyn] No offline messages found
[2025-06-04 19:57:16] [R/kmoD3fbFiPIhJFscE/IOM3IS0=] [Asaparyn] Checking offline messages for client
[2025-06-04 19:57:16] [R/kmoD3fbFiPIhJFscE/IOM3IS0=] [Asaparyn] No offline messages found
[2025-06-04 20:00:01] [p5P8x4Rys/f10P6uEahE31GCckY=] [TeamspeakUser] Checking offline messages for client
[2025-06-04 20:00:01] [p5P8x4Rys/f10P6uEahE31GCckY=] [TeamspeakUser] No offline messages found
[2025-06-04 20:00:46] [A337CRyeHXs4LwAB23shVIw0jeg=] [mishechcaty] Checking offline messages for client
[2025-06-04 20:00:46] [A337CRyeHXs4LwAB23shVIw0jeg=] [mishechcaty] No offline messages found
[2025-06-04 20:01:32] [lqX2Oz/RGh+MQGKjhD9GbFED4OY=] [DarkZX] Checking offline messages for client
[2025-06-04 20:01:32] [lqX2Oz/RGh+MQGKjhD9GbFED4OY=] [DarkZX] No offline messages found
[2025-06-04 20:02:23] [CvJ/nwxGQ8pDSvJYvS7ECd9YlR0=] [aaa] Checking offline messages for client
[2025-06-04 20:02:23] [CvJ/nwxGQ8pDSvJYvS7ECd9YlR0=] [aaa] No offline messages found
[2025-06-04 20:03:04] [b2gICcHq0ahmXd+VKJ3/ZYIofgg=] [Isy] Checking offline messages for client
[2025-06-04 20:03:04] [b2gICcHq0ahmXd+VKJ3/ZYIofgg=] [Isy] No offline messages found
[2025-06-04 20:04:06] [0Z2wqQcTx0kpb/KIf+NPkyv4b60=] [-W1LLL] Checking offline messages for client
[2025-06-04 20:04:06] [0Z2wqQcTx0kpb/KIf+NPkyv4b60=] [-W1LLL] No offline messages found
[2025-06-04 20:04:41] [kfn1jFosIGdE1yOz/lIfEBXQj4A=] [TeamSpeakUser] Checking offline messages for client
[2025-06-04 20:04:41] [kfn1jFosIGdE1yOz/lIfEBXQj4A=] [TeamSpeakUser] No offline messages found
[2025-06-04 20:04:45] [xcwFhKN0bPn1QJxV7HHekBb2PAs=] [Сика] Checking offline messages for client
[2025-06-04 20:04:45] [xcwFhKN0bPn1QJxV7HHekBb2PAs=] [Сика] No offline messages found
[2025-06-04 20:05:29] [4/1y0e4rRmAYpT5SCkAWxz808Ck=] [zejN] Checking offline messages for client
[2025-06-04 20:05:29] [4/1y0e4rRmAYpT5SCkAWxz808Ck=] [zejN] No offline messages found
[2025-06-04 20:05:37] [cm+zDw/4zDuQN120Qa8q1mW/fIQ=] [hudabin] Checking offline messages for client
[2025-06-04 20:05:37] [cm+zDw/4zDuQN120Qa8q1mW/fIQ=] [hudabin] No offline messages found
[2025-06-04 20:05:37] [cm+zDw/4zDuQN120Qa8q1mW/fIQ=] [hudabin] Checking offline messages for client
[2025-06-04 20:05:37] [cm+zDw/4zDuQN120Qa8q1mW/fIQ=] [hudabin] No offline messages found
[2025-06-04 20:05:37] [cm+zDw/4zDuQN120Qa8q1mW/fIQ=] [hudabin] Checking offline messages for client
[2025-06-04 20:05:37] [cm+zDw/4zDuQN120Qa8q1mW/fIQ=] [hudabin] No offline messages found
[2025-06-04 20:06:00] [kfn1jFosIGdE1yOz/lIfEBXQj4A=] [TeamSpeakUser] Checking offline messages for client
[2025-06-04 20:06:00] [kfn1jFosIGdE1yOz/lIfEBXQj4A=] [TeamSpeakUser] No offline messages found
[2025-06-04 20:06:05] [Tl3Bg1zFfrOJ+IRWyJh5UAIJ+5o=] [Efkeyy] Checking offline messages for client
[2025-06-04 20:06:05] [Tl3Bg1zFfrOJ+IRWyJh5UAIJ+5o=] [Efkeyy] No offline messages found
[2025-06-04 20:06:07] [dftZNy1/+j0osJLOs07LtiVT6Pk=] [p-sycho-s] Checking offline messages for client
[2025-06-04 20:06:07] [dftZNy1/+j0osJLOs07LtiVT6Pk=] [p-sycho-s] No offline messages found
[2025-06-04 20:06:19] [H1vER95lTB67jpCHz4YZVFTt51M=] [GamyoncuDayi] Checking offline messages for client
[2025-06-04 20:06:19] [H1vER95lTB67jpCHz4YZVFTt51M=] [GamyoncuDayi] No offline messages found
[2025-06-04 20:07:10] [ZGrMI6bNPSY3bqByYnYHBOr+Dac=] [рэдик] Checking offline messages for client
[2025-06-04 20:07:10] [ZGrMI6bNPSY3bqByYnYHBOr+Dac=] [рэдик] No offline messages found
[2025-06-04 20:08:22] [fiWNBIZG2ioqbK7dtheFRsenFVI=] [AlexQc] Checking offline messages for client
[2025-06-04 20:08:22] [fiWNBIZG2ioqbK7dtheFRsenFVI=] [AlexQc] No offline messages found
[2025-06-04 20:09:14] [jcwPuA5b+3do0YlnUv+tXXj3p9o=] [Zerohi] Checking offline messages for client
[2025-06-04 20:09:14] [jcwPuA5b+3do0YlnUv+tXXj3p9o=] [Zerohi] No offline messages found
[2025-06-04 20:09:28] [olx89Pdjc5M3fEKtvl/uuQb51Rw=] [СИСЯМАСИСЯ] Checking offline messages for client
[2025-06-04 20:09:28] [olx89Pdjc5M3fEKtvl/uuQb51Rw=] [СИСЯМАСИСЯ] No offline messages found
[2025-06-04 20:09:55] [ATqp7GEsF2VumrPFrQ+W8icYfjg=] [gotti] Checking offline messages for client
[2025-06-04 20:09:55] [ATqp7GEsF2VumrPFrQ+W8icYfjg=] [gotti] No offline messages found
[2025-06-04 20:11:10] [0XIPokUUTEkn00muYiwnSCQJ4wM=] [credolls] Checking offline messages for client
[2025-06-04 20:11:10] [0XIPokUUTEkn00muYiwnSCQJ4wM=] [credolls] No offline messages found
[2025-06-04 20:11:49] [ayHUOzBuuInw8J/HHBAIDIq0cYY=] [bohun ivan] Checking offline messages for client
[2025-06-04 20:11:49] [ayHUOzBuuInw8J/HHBAIDIq0cYY=] [bohun ivan] No offline messages found
[2025-06-04 20:12:08] [pjSG7lijxEkCHXK5AeNULuu9cdY=] [HUESOS] Checking offline messages for client
[2025-06-04 20:12:08] [pjSG7lijxEkCHXK5AeNULuu9cdY=] [HUESOS] No offline messages found
[2025-06-04 20:13:15] [RVQmMpiMw9B7rZKQ296p2XNP7fI=] [nkzd] Checking offline messages for client
[2025-06-04 20:13:15] [RVQmMpiMw9B7rZKQ296p2XNP7fI=] [nkzd] No offline messages found
[2025-06-04 20:15:16] [MqlyPI/U5wjPs6LHaX2Ifl+w4r8=] [timothysamuelx] Checking offline messages for client
[2025-06-04 20:15:16] [MqlyPI/U5wjPs6LHaX2Ifl+w4r8=] [timothysamuelx] No offline messages found
[2025-06-04 20:16:10] [FbxOm80nyZCaH/YYFVjWAxY/UGA=] [малышка_Никсик] Checking offline messages for client
[2025-06-04 20:16:10] [FbxOm80nyZCaH/YYFVjWAxY/UGA=] [малышка_Никсик] No offline messages found
[2025-06-04 20:18:17] [ShT1+jAAOFSpcp/TDXTY2dTY0wA=] [nAnu] Checking offline messages for client
[2025-06-04 20:18:17] [ShT1+jAAOFSpcp/TDXTY2dTY0wA=] [nAnu] No offline messages found
[2025-06-04 20:19:49] [KyHsGfKqosHV4Y7MxPl/QPHXGnU=] [oljas] Checking offline messages for client
[2025-06-04 20:19:49] [KyHsGfKqosHV4Y7MxPl/QPHXGnU=] [oljas] No offline messages found
[2025-06-04 20:20:23] [E+jMwboltsicqyIrRT0uORmD8yk=] [ashkan] Checking offline messages for client
[2025-06-04 20:20:23] [E+jMwboltsicqyIrRT0uORmD8yk=] [ashkan] No offline messages found
[2025-06-04 20:23:23] [Nn8rGrwsE+C9ibHWu3JCoCbmq3A=] [SysmoUsercid=140] Checking offline messages for client
[2025-06-04 20:23:23] [Nn8rGrwsE+C9ibHWu3JCoCbmq3A=] [SysmoUsercid=140] No offline messages found
[2025-06-04 20:24:18] [8fYztNYS5f8Fc6fjkbCM7rkV5og=] [Doolph] Checking offline messages for client
[2025-06-04 20:24:18] [8fYztNYS5f8Fc6fjkbCM7rkV5og=] [Doolph] No offline messages found
[2025-06-04 20:24:18] [RJ4ey/bxVJ5eYFnjo7KF14s+i1s=] [Shahram] Checking offline messages for client
[2025-06-04 20:24:18] [RJ4ey/bxVJ5eYFnjo7KF14s+i1s=] [Shahram] No offline messages found
[2025-06-04 20:24:19] [tOoGEdCN9ULy8ULKyELfIWNelvU=] [kayanyildz] Checking offline messages for client
[2025-06-04 20:24:19] [tOoGEdCN9ULy8ULKyELfIWNelvU=] [kayanyildz] No offline messages found
[2025-06-04 20:24:19] [tOoGEdCN9ULy8ULKyELfIWNelvU=] [kayanyildz] Checking offline messages for client
[2025-06-04 20:24:19] [tOoGEdCN9ULy8ULKyELfIWNelvU=] [kayanyildz] No offline messages found
[2025-06-04 20:24:19] [tOoGEdCN9ULy8ULKyELfIWNelvU=] [kayanyildz] Checking offline messages for client
[2025-06-04 20:24:19] [tOoGEdCN9ULy8ULKyELfIWNelvU=] [kayanyildz] No offline messages found
[2025-06-04 20:24:47] [m3jwrJafD7Z1HcDm7lAZbGqtROY=] [zui] Checking offline messages for client
[2025-06-04 20:24:47] [m3jwrJafD7Z1HcDm7lAZbGqtROY=] [zui] No offline messages found
[2025-06-04 20:30:40] [yDjV5/niWrgEHd0wfdT4JdDb0Pg=] [raweheLL] Checking offline messages for client
[2025-06-04 20:30:40] [yDjV5/niWrgEHd0wfdT4JdDb0Pg=] [raweheLL] No offline messages found
[2025-06-04 20:33:29] [JlZZCNcLhLbYABZK+LfUb/EVpa4=] [Mehmet] Checking offline messages for client
[2025-06-04 20:33:29] [JlZZCNcLhLbYABZK+LfUb/EVpa4=] [Mehmet] No offline messages found
[2025-06-04 20:33:30] [/ncNPlReVFMcogQXANbFudn+xRk=] [KC_Agee] Checking offline messages for client
[2025-06-04 20:33:30] [/ncNPlReVFMcogQXANbFudn+xRk=] [KC_Agee] No offline messages found
[2025-06-04 20:34:46] [G88zjUkHJLCbZF/QycvkVmMnPJA=] [ZeyphiZ] Checking offline messages for client
[2025-06-04 20:34:46] [G88zjUkHJLCbZF/QycvkVmMnPJA=] [ZeyphiZ] No offline messages found
[2025-06-04 20:34:53] [fQ8ET9c/gDogOXZwSI5SeeWFE8M=] [xDimitryxEc] Checking offline messages for client
[2025-06-04 20:34:53] [fQ8ET9c/gDogOXZwSI5SeeWFE8M=] [xDimitryxEc] No offline messages found
[2025-06-04 20:35:09] [ssUYc5CUOHAYRgKasA9MqHV3gzs=] [KekSs_33rus] Checking offline messages for client
[2025-06-04 20:35:09] [ssUYc5CUOHAYRgKasA9MqHV3gzs=] [KekSs_33rus] No offline messages found
[2025-06-04 20:35:12] [os5AjpiTRLMiQHYOIK0cDfYEJjg=] [sw1nddd] Checking offline messages for client
[2025-06-04 20:35:12] [os5AjpiTRLMiQHYOIK0cDfYEJjg=] [sw1nddd] No offline messages found
[2025-06-04 20:35:42] [+D/zkkoV8UKL6hQaG0nHxPsOM8Y=] [Leo33russs] Checking offline messages for client
[2025-06-04 20:35:42] [+D/zkkoV8UKL6hQaG0nHxPsOM8Y=] [Leo33russs] No offline messages found
[2025-06-04 20:39:08] [xzexHeipGvx6Ks8JLK8N8Ggi/lk=] [Jupiter One] Checking offline messages for client
[2025-06-04 20:39:08] [xzexHeipGvx6Ks8JLK8N8Ggi/lk=] [Jupiter One] No offline messages found
[2025-06-04 20:39:16] [1fLfTv7a7WCXSiKCcl/56zaOGH4=] [TeamSpeakUser] Checking offline messages for client
[2025-06-04 20:39:16] [1fLfTv7a7WCXSiKCcl/56zaOGH4=] [TeamSpeakUser] No offline messages found
[2025-06-04 20:40:02] [1fLfTv7a7WCXSiKCcl/56zaOGH4=] [TeamSpeakUser] Checking offline messages for client
[2025-06-04 20:40:02] [1fLfTv7a7WCXSiKCcl/56zaOGH4=] [TeamSpeakUser] No offline messages found
[2025-06-04 20:40:02] [1fLfTv7a7WCXSiKCcl/56zaOGH4=] [TeamSpeakUser] Checking offline messages for client
[2025-06-04 20:40:02] [1fLfTv7a7WCXSiKCcl/56zaOGH4=] [TeamSpeakUser] No offline messages found
[2025-06-04 20:40:03] [1fLfTv7a7WCXSiKCcl/56zaOGH4=] [TeamSpeakUser] Checking offline messages for client
[2025-06-04 20:40:03] [1fLfTv7a7WCXSiKCcl/56zaOGH4=] [TeamSpeakUser] No offline messages found
[2025-06-04 20:41:04] [Ilrd3Duh3i9Drhhvw8T5dRQso0I=] [БУРКИНОФАСОСЕЦ] Checking offline messages for client
[2025-06-04 20:41:04] [Ilrd3Duh3i9Drhhvw8T5dRQso0I=] [БУРКИНОФАСОСЕЦ] No offline messages found
[2025-06-04 20:41:16] [Xtq8X4AG4AArrHDKK8O2lDVcqNM=] [APASNOOOOOOOOOO] Checking offline messages for client
[2025-06-04 20:41:16] [Xtq8X4AG4AArrHDKK8O2lDVcqNM=] [APASNOOOOOOOOOO] No offline messages found
[2025-06-04 20:41:24] [guMVhoerlHv+8da+ClSLHUoLLdk=] [TeamSpeakUser] Checking offline messages for client
[2025-06-04 20:41:24] [guMVhoerlHv+8da+ClSLHUoLLdk=] [TeamSpeakUser] No offline messages found
[2025-06-04 20:42:22] [QlS2dC4Cr8kYrMCwMl/pPCEheNI=] [Hero] Checking offline messages for client
[2025-06-04 20:42:22] [QlS2dC4Cr8kYrMCwMl/pPCEheNI=] [Hero] No offline messages found
[2025-06-04 20:42:49] [xuRMg43iz/Tub+BIn/ERIKPfczM=] [EXOPUL] Checking offline messages for client
[2025-06-04 20:42:49] [xuRMg43iz/Tub+BIn/ERIKPfczM=] [EXOPUL] No offline messages found
[2025-06-04 20:43:35] [0XaSaJTqMDRG53r/L41NHA912Rw=] [pisun] Checking offline messages for client
[2025-06-04 20:43:35] [0XaSaJTqMDRG53r/L41NHA912Rw=] [pisun] No offline messages found
[2025-06-04 20:44:09] [3qlQ6qWEnLsHTWbGo9FZGpDLk4U=] [2109] Checking offline messages for client
[2025-06-04 20:44:09] [3qlQ6qWEnLsHTWbGo9FZGpDLk4U=] [2109] No offline messages found
[2025-06-04 20:46:09] [MYSMWOg1rcy9rUxqNVjO3N+2XOU=] [korobka] Checking offline messages for client
[2025-06-04 20:46:09] [MYSMWOg1rcy9rUxqNVjO3N+2XOU=] [korobka] No offline messages found
[2025-06-04 20:46:49] [db5M5xKUN59pF25L3Ham4b5Ndjw=] [Reddington] Checking offline messages for client
[2025-06-04 20:46:49] [db5M5xKUN59pF25L3Ham4b5Ndjw=] [Reddington] No offline messages found
[2025-06-04 20:48:03] [yBICHbhgjt9SlHyQu3BZbOYMUQU=] [H0R0Z] Checking offline messages for client
[2025-06-04 20:48:03] [yBICHbhgjt9SlHyQu3BZbOYMUQU=] [H0R0Z] No offline messages found
[2025-06-04 20:51:32] [ozRWsBWkjw1t4JPS8bHM5qgLPY0=] [frigo camello] Checking offline messages for client
[2025-06-04 20:51:32] [ozRWsBWkjw1t4JPS8bHM5qgLPY0=] [frigo camello] No offline messages found
[2025-06-04 20:53:15] [21GYrZ5LFqh/gapn4zUDZ7mxJFU=] [Chibuike] Checking offline messages for client
[2025-06-04 20:53:15] [21GYrZ5LFqh/gapn4zUDZ7mxJFU=] [Chibuike] No offline messages found
[2025-06-04 20:54:54] [zuVIrAkrcJ27iLMeBqadkQW3yLY=] [babanız] Checking offline messages for client
[2025-06-04 20:54:54] [zuVIrAkrcJ27iLMeBqadkQW3yLY=] [babanız] No offline messages found
[2025-06-04 20:55:05] [IvPuoleyuChePKK0GR7sRhVCkJE=] [SYRUSSS] Checking offline messages for client
[2025-06-04 20:55:05] [IvPuoleyuChePKK0GR7sRhVCkJE=] [SYRUSSS] No offline messages found
[2025-06-04 20:57:09] [kULTdQq319JIL8kWV2Yvc5hMdaw=] [TeamSpeakUser1] Checking offline messages for client
[2025-06-04 20:57:09] [kULTdQq319JIL8kWV2Yvc5hMdaw=] [TeamSpeakUser1] No offline messages found
[2025-06-04 20:59:59] [hSuNyKwdPMso6fPP5SUFsIkZH/s=] [Yabanashka] Checking offline messages for client
[2025-06-04 20:59:59] [hSuNyKwdPMso6fPP5SUFsIkZH/s=] [Yabanashka] No offline messages found
[2025-06-04 21:01:11] [57ukQHd9QfDmWY4ViUqi8inR31o=] [effect233324] Checking offline messages for client
[2025-06-04 21:01:11] [57ukQHd9QfDmWY4ViUqi8inR31o=] [effect233324] No offline messages found
[2025-06-04 21:02:39] [syGc3yR+8xBjPN6kLg2zE+r+Bwg=] [Gosh] Checking offline messages for client
[2025-06-04 21:02:39] [syGc3yR+8xBjPN6kLg2zE+r+Bwg=] [Gosh] No offline messages found
[2025-06-04 21:04:15] [dHD7jWi8Q5Lp4lz7I8/axaXFAEA=] [__illlia__] Checking offline messages for client
[2025-06-04 21:04:15] [dHD7jWi8Q5Lp4lz7I8/axaXFAEA=] [__illlia__] No offline messages found
[2025-06-04 21:08:17] [37H/lttZ8+4bwWOCES4zZFUkIOg=] [crzfrg77] Checking offline messages for client
[2025-06-04 21:08:17] [37H/lttZ8+4bwWOCES4zZFUkIOg=] [crzfrg77] No offline messages found
[2025-06-04 21:08:23] [gOwDhq1CmTN5Qc6OmKIGGqVvKTs=] [zero] Checking offline messages for client
[2025-06-04 21:08:23] [gOwDhq1CmTN5Qc6OmKIGGqVvKTs=] [zero] No offline messages found
[2025-06-04 21:08:34] [eXnqNoMCJDXDe4rramxNO1rEoS0=] [TeamSpeakUser2] Checking offline messages for client
[2025-06-04 21:08:34] [eXnqNoMCJDXDe4rramxNO1rEoS0=] [TeamSpeakUser2] No offline messages found
[2025-06-04 21:08:56] [qnhg6IH/EcPuk0z5hfgKPPF3RcY=] [ichson] Checking offline messages for client
[2025-06-04 21:08:56] [qnhg6IH/EcPuk0z5hfgKPPF3RcY=] [ichson] No offline messages found
[2025-06-04 21:11:29] [syGc3yR+8xBjPN6kLg2zE+r+Bwg=] [Gosh] Checking offline messages for client
[2025-06-04 21:11:29] [syGc3yR+8xBjPN6kLg2zE+r+Bwg=] [Gosh] No offline messages found
[2025-06-04 21:11:39] [dHD7jWi8Q5Lp4lz7I8/axaXFAEA=] [__illlia__] Checking offline messages for client
[2025-06-04 21:11:39] [dHD7jWi8Q5Lp4lz7I8/axaXFAEA=] [__illlia__] No offline messages found
[2025-06-04 21:12:09] [vPIIPZsfxgCBFpXg8zKfvJB+NNQ=] [сосиаыв] Checking offline messages for client
[2025-06-04 21:12:09] [vPIIPZsfxgCBFpXg8zKfvJB+NNQ=] [сосиаыв] No offline messages found
[2025-06-04 21:13:25] [EBRMSW+/vFF0QsF1q67QDUDOi0w=] [[#] Misc] Client in ignored group, skipping offline messages check
[2025-06-04 21:13:37] [OpjjlQ6AR62kjCr+S8WpNUFMFbc=] [Lobby] Client in ignored group, skipping offline messages check
[2025-06-04 21:15:47] [esphB+mG2+N8I3ntRjK04Tgvv7o=] [Phantor] Checking offline messages for client
[2025-06-04 21:15:47] [esphB+mG2+N8I3ntRjK04Tgvv7o=] [Phantor] No offline messages found
[2025-06-04 21:18:40] [EabEuFfJWoidlJHowxz83DhK5uk=] [Rich Lich] Checking offline messages for client
[2025-06-04 21:18:40] [EabEuFfJWoidlJHowxz83DhK5uk=] [Rich Lich] No offline messages found
[2025-06-04 21:22:35] [Di2MaUkDvWG/4yTOmNqIBWAhaIM=] [astraiser] Checking offline messages for client
[2025-06-04 21:22:35] [Di2MaUkDvWG/4yTOmNqIBWAhaIM=] [astraiser] No offline messages found
[2025-06-04 21:22:55] [2+DmQTa9Tjq/AVbcxUpNfvFsgcE=] [Scaryslav] Checking offline messages for client
[2025-06-04 21:22:55] [2+DmQTa9Tjq/AVbcxUpNfvFsgcE=] [Scaryslav] No offline messages found
[2025-06-04 21:24:36] [OeZVlksC9p9M2HnP5IBtS5f5oTM=] [Pushok] Checking offline messages for client
[2025-06-04 21:24:36] [OeZVlksC9p9M2HnP5IBtS5f5oTM=] [Pushok] No offline messages found
[2025-06-04 21:24:45] [Uu5KMlrBm4Z5LiLbdfTmVcSDXOU=] [I_XaSkI_I] Checking offline messages for client
[2025-06-04 21:24:45] [Uu5KMlrBm4Z5LiLbdfTmVcSDXOU=] [I_XaSkI_I] No offline messages found
[2025-06-04 21:25:03] [B2fRgglzPVX7d5IDrNsAi94lUY0=] [baia] Checking offline messages for client
[2025-06-04 21:25:03] [B2fRgglzPVX7d5IDrNsAi94lUY0=] [baia] No offline messages found
[2025-06-04 21:25:14] [3q/mYOTA7gk6d5AVyjJDqgBfuU4=] [TeamSpeakUser3] Checking offline messages for client
[2025-06-04 21:25:14] [3q/mYOTA7gk6d5AVyjJDqgBfuU4=] [TeamSpeakUser3] No offline messages found
[2025-06-04 21:26:01] [EbDOt1FY+2LU7nvOmbzZt0+Ni+Q=] [NIGHTMARE] Checking offline messages for client
[2025-06-04 21:26:01] [EbDOt1FY+2LU7nvOmbzZt0+Ni+Q=] [NIGHTMARE] No offline messages found
[2025-06-04 21:26:14] [oifqugt/iQrqLTccr970rRBsDj8=] [artembill] Checking offline messages for client
[2025-06-04 21:26:14] [oifqugt/iQrqLTccr970rRBsDj8=] [artembill] No offline messages found
[2025-06-04 21:27:50] [SugbFWoGEjTstbkedjT/7/CaoL4=] [ak24aa] Checking offline messages for client
[2025-06-04 21:27:50] [SugbFWoGEjTstbkedjT/7/CaoL4=] [ak24aa] No offline messages found
[2025-06-04 21:30:05] [675wO5ssJtQbFw+9qXHexPjHNYM=] [Nevskiiiy] Checking offline messages for client
[2025-06-04 21:30:05] [675wO5ssJtQbFw+9qXHexPjHNYM=] [Nevskiiiy] No offline messages found
[2025-06-04 21:30:47] [FJgKQXP03s4qt4cA7UpF/yAS1vU=] [Max] Checking offline messages for client
[2025-06-04 21:30:47] [FJgKQXP03s4qt4cA7UpF/yAS1vU=] [Max] No offline messages found
[2025-06-04 21:34:31] [2Wwp3OUfYmW1YS0CcQ4xw15CjCs=] [krsto] Checking offline messages for client
[2025-06-04 21:34:31] [2Wwp3OUfYmW1YS0CcQ4xw15CjCs=] [krsto] No offline messages found
[2025-06-04 21:35:06] [OnyFNlLSRn5WExnVSStquo7sjMA=] [ПожилаяОстановка] Checking offline messages for client
[2025-06-04 21:35:06] [OnyFNlLSRn5WExnVSStquo7sjMA=] [ПожилаяОстановка] No offline messages found
[2025-06-04 21:36:19] [eNxiZDOeggdj95ZNvuM5yeobkrU=] [Etienne] Checking offline messages for client
[2025-06-04 21:36:19] [eNxiZDOeggdj95ZNvuM5yeobkrU=] [Etienne] No offline messages found
[2025-06-04 21:36:38] [E+jMwboltsicqyIrRT0uORmD8yk=] [ashkan] Checking offline messages for client
[2025-06-04 21:36:38] [E+jMwboltsicqyIrRT0uORmD8yk=] [ashkan] No offline messages found
[2025-06-04 21:37:11] [6QTSVZJXFWVj3iE7IzR5O0qjvAA=] [Maprhendil] Checking offline messages for client
[2025-06-04 21:37:11] [6QTSVZJXFWVj3iE7IzR5O0qjvAA=] [Maprhendil] No offline messages found
[2025-06-04 21:37:58] [U03tlpb40T9DiVjXTVQdXprGQkc=] [fdgod35] Checking offline messages for client
[2025-06-04 21:37:58] [U03tlpb40T9DiVjXTVQdXprGQkc=] [fdgod35] No offline messages found
[2025-06-04 21:38:10] [sJb7fITpuNIaF+mNCZPKvSoPxtc=] [volo] Checking offline messages for client
[2025-06-04 21:38:10] [sJb7fITpuNIaF+mNCZPKvSoPxtc=] [volo] No offline messages found
[2025-06-04 21:40:26] [MQ3mzkgPKf3CSM++TDpopXnLpzs=] [clamoris] Checking offline messages for client
[2025-06-04 21:40:26] [MQ3mzkgPKf3CSM++TDpopXnLpzs=] [clamoris] No offline messages found
[2025-06-04 21:42:03] [C6L4VUJ4HuBj9yo1gI1YVUr+6Ns=] [Brzak] Checking offline messages for client
[2025-06-04 21:42:03] [C6L4VUJ4HuBj9yo1gI1YVUr+6Ns=] [Brzak] No offline messages found
[2025-06-04 21:43:47] [gG1oBRi3+8CgJ8uMTW67Gez39O4=] [R6M4IN] Checking offline messages for client
[2025-06-04 21:43:47] [gG1oBRi3+8CgJ8uMTW67Gez39O4=] [R6M4IN] No offline messages found
[2025-06-04 21:45:49] [eAuKs9HPamMWAyQuTn0E2FCkE0g=] [Majkel Jekson] Checking offline messages for client
[2025-06-04 21:45:49] [eAuKs9HPamMWAyQuTn0E2FCkE0g=] [Majkel Jekson] No offline messages found
[2025-06-04 21:48:40] [E+jMwboltsicqyIrRT0uORmD8yk=] [ashkan] Checking offline messages for client
[2025-06-04 21:48:40] [E+jMwboltsicqyIrRT0uORmD8yk=] [ashkan] No offline messages found
[2025-06-04 21:51:27] [/paoPeDO7Sw3DPisftzEeJfXp+Y=] [J4M4L] Checking offline messages for client
[2025-06-04 21:51:27] [/paoPeDO7Sw3DPisftzEeJfXp+Y=] [J4M4L] No offline messages found
[2025-06-04 21:51:29] [eqFmaiR4zuNUT2nlSxICY+6dtYg=] [nike_13] Checking offline messages for client
[2025-06-04 21:51:29] [eqFmaiR4zuNUT2nlSxICY+6dtYg=] [nike_13] No offline messages found
[2025-06-04 21:54:51] [QGvH/QQM/8tcBPgPjENTGwRC0Tc=] [Murchick] Checking offline messages for client
[2025-06-04 21:54:51] [QGvH/QQM/8tcBPgPjENTGwRC0Tc=] [Murchick] No offline messages found
[2025-06-04 21:56:28] [cOOZb1LYFJ9A+51554z/CrDJpE8=] [TeamSpeakUser] Checking offline messages for client
[2025-06-04 21:56:28] [cOOZb1LYFJ9A+51554z/CrDJpE8=] [TeamSpeakUser] No offline messages found
[2025-06-04 21:56:51] [9L00arJzCt1G2LLDRV0HQCJjofM=] [osasderlerbana] Checking offline messages for client
[2025-06-04 21:56:51] [9L00arJzCt1G2LLDRV0HQCJjofM=] [osasderlerbana] No offline messages found
[2025-06-04 21:57:53] [Uu5KMlrBm4Z5LiLbdfTmVcSDXOU=] [I_XaSkI_I] Checking offline messages for client
[2025-06-04 21:57:53] [Uu5KMlrBm4Z5LiLbdfTmVcSDXOU=] [I_XaSkI_I] No offline messages found
[2025-06-04 22:02:33] [7OPNxHcTHSq+znXytBlDRPU74IQ=] [NaiRoD] Checking offline messages for client
[2025-06-04 22:02:33] [7OPNxHcTHSq+znXytBlDRPU74IQ=] [NaiRoD] No offline messages found
[2025-06-04 22:02:35] [vQBpA0VvBo3XlFVJd2yFUhlAD5E=] [whoismert] Checking offline messages for client
[2025-06-04 22:02:35] [vQBpA0VvBo3XlFVJd2yFUhlAD5E=] [whoismert] No offline messages found
[2025-06-04 22:02:35] [vQBpA0VvBo3XlFVJd2yFUhlAD5E=] [whoismert] Checking offline messages for client
[2025-06-04 22:02:35] [vQBpA0VvBo3XlFVJd2yFUhlAD5E=] [whoismert] No offline messages found
[2025-06-04 22:06:41] [pUCIpssKzbEhYAmtB8xcuFXcEsU=] [mostafa] Checking offline messages for client
[2025-06-04 22:06:41] [pUCIpssKzbEhYAmtB8xcuFXcEsU=] [mostafa] No offline messages found
[2025-06-04 22:06:52] [kp8Q3vFQWQnjp3gHVwlsWlVZPUI=] [TeamSpeakUser] Checking offline messages for client
[2025-06-04 22:06:52] [kp8Q3vFQWQnjp3gHVwlsWlVZPUI=] [TeamSpeakUser] No offline messages found
[2025-06-04 22:09:22] [u37UZKIsHRy8fpvH8qv7OuhDpEw=] [AMINOV] Checking offline messages for client
[2025-06-04 22:09:22] [u37UZKIsHRy8fpvH8qv7OuhDpEw=] [AMINOV] No offline messages found
[2025-06-04 22:09:38] [1gxg4kTixKP+E7U4TFVjyyVaim0=] [mbagod] Checking offline messages for client
[2025-06-04 22:09:38] [1gxg4kTixKP+E7U4TFVjyyVaim0=] [mbagod] No offline messages found
[2025-06-04 22:10:00] [2148w6jOcmXVxKbsYUmQaGdRPUU=] [BlackEye-_-] Checking offline messages for client
[2025-06-04 22:10:00] [2148w6jOcmXVxKbsYUmQaGdRPUU=] [BlackEye-_-] No offline messages found
[2025-06-04 22:10:31] [2148w6jOcmXVxKbsYUmQaGdRPUU=] [BlackEye-_-] Checking offline messages for client
[2025-06-04 22:10:31] [2148w6jOcmXVxKbsYUmQaGdRPUU=] [BlackEye-_-] No offline messages found
[2025-06-04 22:11:25] [WUFbI2wm1TirPkulhTRESNYToW0=] [sajjad] Checking offline messages for client
[2025-06-04 22:11:25] [WUFbI2wm1TirPkulhTRESNYToW0=] [sajjad] No offline messages found
[2025-06-04 22:19:12] [lnMFr9CACtNm2N+UU0FlIeT/jhM=] [Agent_vx] Checking offline messages for client
[2025-06-04 22:19:12] [lnMFr9CACtNm2N+UU0FlIeT/jhM=] [Agent_vx] No offline messages found
[2025-06-04 22:19:30] [FM7zTGBZqh8bXgWZXEvzzOT66gc=] [regulator] Checking offline messages for client
[2025-06-04 22:19:30] [FM7zTGBZqh8bXgWZXEvzzOT66gc=] [regulator] No offline messages found
[2025-06-04 22:20:04] [fQ8ET9c/gDogOXZwSI5SeeWFE8M=] [xDimitryxEc] Checking offline messages for client
[2025-06-04 22:20:04] [fQ8ET9c/gDogOXZwSI5SeeWFE8M=] [xDimitryxEc] No offline messages found
[2025-06-04 22:25:32] [dMs00ngE6YI0KHtAGRTqeHdKujU=] [Bigboss420] Checking offline messages for client
[2025-06-04 22:25:32] [dMs00ngE6YI0KHtAGRTqeHdKujU=] [Bigboss420] No offline messages found
[2025-06-04 22:27:40] [RJ4ey/bxVJ5eYFnjo7KF14s+i1s=] [Shahram] Checking offline messages for client
[2025-06-04 22:27:40] [RJ4ey/bxVJ5eYFnjo7KF14s+i1s=] [Shahram] No offline messages found
[2025-06-04 22:29:07] [ow+Zi/O4SnJIvwHosoZ7zIvOOK8=] [shinigami] Checking offline messages for client
[2025-06-04 22:29:07] [ow+Zi/O4SnJIvwHosoZ7zIvOOK8=] [shinigami] No offline messages found
[2025-06-04 22:32:17] [iDUBLfkr+Gjkx66bb508ioAGFmk=] [Alidoctom] Checking offline messages for client
[2025-06-04 22:32:17] [iDUBLfkr+Gjkx66bb508ioAGFmk=] [Alidoctom] No offline messages found
[2025-06-04 22:32:59] [Uu5KMlrBm4Z5LiLbdfTmVcSDXOU=] [I_XaSkI_I] Checking offline messages for client
[2025-06-04 22:32:59] [Uu5KMlrBm4Z5LiLbdfTmVcSDXOU=] [I_XaSkI_I] No offline messages found
[2025-06-04 22:36:28] [/y4xr7EivnvVJ88kCW4SLdMKrr4=] [vvvv] Checking offline messages for client
[2025-06-04 22:36:28] [/y4xr7EivnvVJ88kCW4SLdMKrr4=] [vvvv] No offline messages found
[2025-06-04 22:38:42] [ilO9JAl5glx+WikZA6SZqmic0Iw=] [kaiizenn] Checking offline messages for client
[2025-06-04 22:38:42] [ilO9JAl5glx+WikZA6SZqmic0Iw=] [kaiizenn] No offline messages found
[2025-06-04 22:39:58] [JVOORqKlrS3cJKunLuNlkNFH6ik=] [Edward_G] Checking offline messages for client
[2025-06-04 22:39:58] [JVOORqKlrS3cJKunLuNlkNFH6ik=] [Edward_G] No offline messages found
[2025-06-04 22:41:23] [iazI0nO9O2fnuTRNNJc20+hUNPc=] [w1nd1x] Checking offline messages for client
[2025-06-04 22:41:23] [iazI0nO9O2fnuTRNNJc20+hUNPc=] [w1nd1x] No offline messages found
[2025-06-04 22:41:52] [E+nU2jk9KqAg+8R8UYSSZZGBPMw=] [TeamSpeakUser2] Checking offline messages for client
[2025-06-04 22:41:52] [E+nU2jk9KqAg+8R8UYSSZZGBPMw=] [TeamSpeakUser2] No offline messages found
[2025-06-04 22:43:47] [VNEMZGVfsM3a7FyUkiKK12KnFvw=] [rowdy] Checking offline messages for client
[2025-06-04 22:43:47] [VNEMZGVfsM3a7FyUkiKK12KnFvw=] [rowdy] No offline messages found
[2025-06-04 22:44:51] [kp8Q3vFQWQnjp3gHVwlsWlVZPUI=] [TeamSpeakUser] Checking offline messages for client
[2025-06-04 22:44:51] [kp8Q3vFQWQnjp3gHVwlsWlVZPUI=] [TeamSpeakUser] No offline messages found
[2025-06-04 22:44:59] [EpUZWrjjGrqfKYXVQkV4/zwv73I=] [mr.pablo] Checking offline messages for client
[2025-06-04 22:44:59] [EpUZWrjjGrqfKYXVQkV4/zwv73I=] [mr.pablo] No offline messages found
[2025-06-04 22:46:30] [RJ4ey/bxVJ5eYFnjo7KF14s+i1s=] [Shahram] Checking offline messages for client
[2025-06-04 22:46:30] [RJ4ey/bxVJ5eYFnjo7KF14s+i1s=] [Shahram] No offline messages found
[2025-06-04 22:48:15] [XQUDH4dR5JFRAV8+6Li/lQEpzYU=] [Vitoo] Checking offline messages for client
[2025-06-04 22:48:15] [XQUDH4dR5JFRAV8+6Li/lQEpzYU=] [Vitoo] No offline messages found
[2025-06-04 22:53:07] [f5blCV2SYOa9qeIxhD7mgNKdr10=] [kompot1k] Checking offline messages for client
[2025-06-04 22:53:07] [f5blCV2SYOa9qeIxhD7mgNKdr10=] [kompot1k] No offline messages found
[2025-06-04 22:56:59] [+eY62p4z2Yc8MBABvp55HWZZJ18=] [saulov] Checking offline messages for client
[2025-06-04 22:56:59] [+eY62p4z2Yc8MBABvp55HWZZJ18=] [saulov] No offline messages found
[2025-06-04 22:59:28] [EpUZWrjjGrqfKYXVQkV4/zwv73I=] [mr.pablo] Checking offline messages for client
[2025-06-04 22:59:28] [EpUZWrjjGrqfKYXVQkV4/zwv73I=] [mr.pablo] No offline messages found
[2025-06-04 22:59:49] [iDUBLfkr+Gjkx66bb508ioAGFmk=] [Alidoctom] Checking offline messages for client
[2025-06-04 22:59:49] [iDUBLfkr+Gjkx66bb508ioAGFmk=] [Alidoctom] No offline messages found
[2025-06-04 23:00:18] [lPq8Y8B1JOHL6QoSGZDwJ6xzT7Q=] [vata] Checking offline messages for client
[2025-06-04 23:00:18] [lPq8Y8B1JOHL6QoSGZDwJ6xzT7Q=] [vata] No offline messages found
[2025-06-04 23:00:21] [Ft/RI0bqUoWoLucHmZg4eggu8Jg=] [Alidoctom1] Checking offline messages for client
[2025-06-04 23:00:21] [Ft/RI0bqUoWoLucHmZg4eggu8Jg=] [Alidoctom1] No offline messages found
[2025-06-04 23:00:36] [qnhg6IH/EcPuk0z5hfgKPPF3RcY=] [ichson] Checking offline messages for client
[2025-06-04 23:00:36] [qnhg6IH/EcPuk0z5hfgKPPF3RcY=] [ichson] No offline messages found
[2025-06-04 23:01:28] [eXnqNoMCJDXDe4rramxNO1rEoS0=] [TeamSpeakUser] Checking offline messages for client
[2025-06-04 23:01:28] [eXnqNoMCJDXDe4rramxNO1rEoS0=] [TeamSpeakUser] No offline messages found
[2025-06-04 23:02:05] [qxkb2JPv0oR6UwE1I+TCTDW/H+I=] [sdasdasd] Checking offline messages for client
[2025-06-04 23:02:05] [qxkb2JPv0oR6UwE1I+TCTDW/H+I=] [sdasdasd] No offline messages found
[2025-06-04 23:03:38] [EpUZWrjjGrqfKYXVQkV4/zwv73I=] [mr.pablo] Checking offline messages for client
[2025-06-04 23:03:38] [EpUZWrjjGrqfKYXVQkV4/zwv73I=] [mr.pablo] No offline messages found
[2025-06-04 23:03:43] [Ft/RI0bqUoWoLucHmZg4eggu8Jg=] [Alidoctom] Checking offline messages for client
[2025-06-04 23:03:43] [Ft/RI0bqUoWoLucHmZg4eggu8Jg=] [Alidoctom] No offline messages found
[2025-06-04 23:06:56] [EpUZWrjjGrqfKYXVQkV4/zwv73I=] [mr.pablo] Checking offline messages for client
[2025-06-04 23:06:56] [EpUZWrjjGrqfKYXVQkV4/zwv73I=] [mr.pablo] No offline messages found
[2025-06-04 23:10:06] [ktz2dZ1dONgntrNq5d/LFS/S+NU=] [mohsen] Checking offline messages for client
[2025-06-04 23:10:06] [ktz2dZ1dONgntrNq5d/LFS/S+NU=] [mohsen] No offline messages found
[2025-06-04 23:16:16] [aKaAG6qoaxhtx8bSnAyKGSwgQvA=] [drxxxP] Checking offline messages for client
[2025-06-04 23:16:16] [aKaAG6qoaxhtx8bSnAyKGSwgQvA=] [drxxxP] No offline messages found
[2025-06-04 23:16:17] [jdsZBBcuEzD3+oBXRBnVPJpGkI4=] [eatmyb8ls] Checking offline messages for client
[2025-06-04 23:16:17] [jdsZBBcuEzD3+oBXRBnVPJpGkI4=] [eatmyb8ls] No offline messages found
[2025-06-04 23:20:15] [x5BGOCFQRYcw8Om4Xgot4nkAC7o=] [YURA] Checking offline messages for client
[2025-06-04 23:20:15] [x5BGOCFQRYcw8Om4Xgot4nkAC7o=] [YURA] No offline messages found
[2025-06-04 23:21:39] [q2hG7xSLaZGDA2p0d4bTPVQwGrE=] [motadbicar] Checking offline messages for client
[2025-06-04 23:21:39] [q2hG7xSLaZGDA2p0d4bTPVQwGrE=] [motadbicar] No offline messages found
[2025-06-04 23:25:35] [ACh0uqUnAOJQ5rdcjq1a2g6ytmg=] [pirooz] Checking offline messages for client
[2025-06-04 23:25:35] [ACh0uqUnAOJQ5rdcjq1a2g6ytmg=] [pirooz] No offline messages found
[2025-06-04 23:26:28] [ACh0uqUnAOJQ5rdcjq1a2g6ytmg=] [pirooz] Checking offline messages for client
[2025-06-04 23:26:28] [ACh0uqUnAOJQ5rdcjq1a2g6ytmg=] [pirooz] No offline messages found
[2025-06-04 23:26:28] [ACh0uqUnAOJQ5rdcjq1a2g6ytmg=] [pirooz] Checking offline messages for client
[2025-06-04 23:26:28] [ACh0uqUnAOJQ5rdcjq1a2g6ytmg=] [pirooz] No offline messages found
[2025-06-04 23:26:28] [ACh0uqUnAOJQ5rdcjq1a2g6ytmg=] [pirooz] Checking offline messages for client
[2025-06-04 23:26:28] [ACh0uqUnAOJQ5rdcjq1a2g6ytmg=] [pirooz] No offline messages found
[2025-06-04 23:26:57] [dHD7jWi8Q5Lp4lz7I8/axaXFAEA=] [__illlia__] Checking offline messages for client
[2025-06-04 23:26:57] [dHD7jWi8Q5Lp4lz7I8/axaXFAEA=] [__illlia__] No offline messages found
[2025-06-04 23:28:25] [8Zdbsme26C48AHpMg4zVcDatTnE=] [Kurs] Checking offline messages for client
[2025-06-04 23:28:25] [8Zdbsme26C48AHpMg4zVcDatTnE=] [Kurs] No offline messages found
[2025-06-04 23:34:22] [CNyyej0AvOwnX/nfEMNcI1onbVw=] [fifa] Checking offline messages for client
[2025-06-04 23:34:22] [CNyyej0AvOwnX/nfEMNcI1onbVw=] [fifa] No offline messages found
[2025-06-04 23:37:36] [q2hG7xSLaZGDA2p0d4bTPVQwGrE=] [motadbicar] Checking offline messages for client
[2025-06-04 23:37:36] [q2hG7xSLaZGDA2p0d4bTPVQwGrE=] [motadbicar] No offline messages found
[2025-06-04 23:37:59] [EXx2byRKRGptAt/baFXiPGojcHg=] [420] Checking offline messages for client
[2025-06-04 23:37:59] [EXx2byRKRGptAt/baFXiPGojcHg=] [420] No offline messages found
[2025-06-04 23:40:15] [SugbFWoGEjTstbkedjT/7/CaoL4=] [ak24aa] Checking offline messages for client
[2025-06-04 23:40:15] [SugbFWoGEjTstbkedjT/7/CaoL4=] [ak24aa] No offline messages found
[2025-06-04 23:40:56] [DAbO3Jb3WAZZvCpyIyRW4Fw90Ps=] [TeamSpeakUser1] Checking offline messages for client
[2025-06-04 23:40:56] [DAbO3Jb3WAZZvCpyIyRW4Fw90Ps=] [TeamSpeakUser1] No offline messages found
[2025-06-04 23:41:07] [Vj5aMI+/BIpYTt8nh1hHOyNpVIg=] [imREY] Checking offline messages for client
[2025-06-04 23:41:07] [Vj5aMI+/BIpYTt8nh1hHOyNpVIg=] [imREY] No offline messages found
[2025-06-04 23:42:34] [DAbO3Jb3WAZZvCpyIyRW4Fw90Ps=] [TeamSpeakUser1] Checking offline messages for client
[2025-06-04 23:42:34] [DAbO3Jb3WAZZvCpyIyRW4Fw90Ps=] [TeamSpeakUser1] No offline messages found
[2025-06-04 23:42:43] [Uu5KMlrBm4Z5LiLbdfTmVcSDXOU=] [I_XaSkI_I] Checking offline messages for client
[2025-06-04 23:42:43] [Uu5KMlrBm4Z5LiLbdfTmVcSDXOU=] [I_XaSkI_I] No offline messages found
[2025-06-04 23:45:41] [7lkgv1NgBUC4Nbvfz0XxfSTDHSQ=] [Platonuch_UA] Checking offline messages for client
[2025-06-04 23:45:41] [7lkgv1NgBUC4Nbvfz0XxfSTDHSQ=] [Platonuch_UA] No offline messages found
[2025-06-04 23:48:10] [aKaAG6qoaxhtx8bSnAyKGSwgQvA=] [drxxxP] Checking offline messages for client
[2025-06-04 23:48:10] [aKaAG6qoaxhtx8bSnAyKGSwgQvA=] [drxxxP] No offline messages found
[2025-06-04 23:49:11] [DAbO3Jb3WAZZvCpyIyRW4Fw90Ps=] [TeamSpeakUser1] Checking offline messages for client
[2025-06-04 23:49:11] [DAbO3Jb3WAZZvCpyIyRW4Fw90Ps=] [TeamSpeakUser1] No offline messages found
[2025-06-04 23:53:21] [U03tlpb40T9DiVjXTVQdXprGQkc=] [fdgod35] Checking offline messages for client
[2025-06-04 23:53:21] [U03tlpb40T9DiVjXTVQdXprGQkc=] [fdgod35] No offline messages found
[2025-06-04 23:55:14] [CNyyej0AvOwnX/nfEMNcI1onbVw=] [fifa] Checking offline messages for client
[2025-06-04 23:55:14] [CNyyej0AvOwnX/nfEMNcI1onbVw=] [fifa] No offline messages found
[2025-06-04 23:58:51] [iAyTYfCIfg8tWvnwZ8i4V6HC9hg=] [beyazpiyonG] Checking offline messages for client
[2025-06-04 23:58:51] [iAyTYfCIfg8tWvnwZ8i4V6HC9hg=] [beyazpiyonG] No offline messages found
