[2025-08-07 00:00:30] [xCHs6lSxDe3edoQot4ntfOLveSI=] [SEFA] Checking offline messages for client
[2025-08-07 00:00:30] [xCHs6lSxDe3edoQot4ntfOLveSI=] [SEFA] No offline messages found
[2025-08-07 00:07:13] [ONvfusmFWIClbDX/sdbH1dm7g9A=] [мффмфмфмфмфм] Checking offline messages for client
[2025-08-07 00:07:13] [ONvfusmFWIClbDX/sdbH1dm7g9A=] [мффмфмфмфмфм] No offline messages found
[2025-08-07 00:14:01] [XBs92Q96gNtQuh/gJcemkRhcN3w=] [gothiccg] Checking offline messages for client
[2025-08-07 00:14:01] [XBs92Q96gNtQuh/gJcemkRhcN3w=] [gothiccg] No offline messages found
[2025-08-07 00:14:01] [XBs92Q96gNtQuh/gJcemkRhcN3w=] [gothiccg] Checking offline messages for client
[2025-08-07 00:14:01] [XBs92Q96gNtQuh/gJcemkRhcN3w=] [gothiccg] No offline messages found
[2025-08-07 00:14:02] [XBs92Q96gNtQuh/gJcemkRhcN3w=] [gothiccg] Checking offline messages for client
[2025-08-07 00:14:02] [XBs92Q96gNtQuh/gJcemkRhcN3w=] [gothiccg] No offline messages found
[2025-08-07 00:22:56] [qnI7tO/BboMdAQFjmSv9/gyQREY=] [batuhnn] Checking offline messages for client
[2025-08-07 00:22:56] [qnI7tO/BboMdAQFjmSv9/gyQREY=] [batuhnn] No offline messages found
[2025-08-07 00:28:50] [qnI7tO/BboMdAQFjmSv9/gyQREY=] [batuhnn] Checking offline messages for client
[2025-08-07 00:28:50] [qnI7tO/BboMdAQFjmSv9/gyQREY=] [batuhnn] No offline messages found
[2025-08-07 00:29:02] [UJQSMUnQbDqCQA/Ap94PriCZpmM=] [1.6fsidertpaket] Checking offline messages for client
[2025-08-07 00:29:02] [UJQSMUnQbDqCQA/Ap94PriCZpmM=] [1.6fsidertpaket] No offline messages found
[2025-08-07 00:29:14] [0ExFXh96hbPZO9+i08BvYxcM2Is=] [maruk] Checking offline messages for client
[2025-08-07 00:29:14] [0ExFXh96hbPZO9+i08BvYxcM2Is=] [maruk] No offline messages found
[2025-08-07 00:34:28] [UJQSMUnQbDqCQA/Ap94PriCZpmM=] [1.6fsidertpaket] Checking offline messages for client
[2025-08-07 00:34:28] [UJQSMUnQbDqCQA/Ap94PriCZpmM=] [1.6fsidertpaket] No offline messages found
[2025-08-07 00:34:29] [UJQSMUnQbDqCQA/Ap94PriCZpmM=] [1.6fsidertpaket] Checking offline messages for client
[2025-08-07 00:34:29] [UJQSMUnQbDqCQA/Ap94PriCZpmM=] [1.6fsidertpaket] No offline messages found
[2025-08-07 00:34:29] [UJQSMUnQbDqCQA/Ap94PriCZpmM=] [1.6fsidertpaket] Checking offline messages for client
[2025-08-07 00:34:29] [UJQSMUnQbDqCQA/Ap94PriCZpmM=] [1.6fsidertpaket] No offline messages found
[2025-08-07 00:40:25] [UJQSMUnQbDqCQA/Ap94PriCZpmM=] [1.6fsidertpaket] Checking offline messages for client
[2025-08-07 00:40:25] [UJQSMUnQbDqCQA/Ap94PriCZpmM=] [1.6fsidertpaket] No offline messages found
[2025-08-07 00:40:54] [GvKQC+0wB2vJXrx64sJ8sS41K2w=] [Pol'zovatel'] Checking offline messages for client
[2025-08-07 00:40:54] [GvKQC+0wB2vJXrx64sJ8sS41K2w=] [Pol'zovatel'] Found 1 offline messages
[2025-08-07 00:40:56] [GvKQC+0wB2vJXrx64sJ8sS41K2w=] [Pol'zovatel'] Sent poke message: Your private channel has been renumbered from #3 to #2 to maintain sorting order.
[2025-08-07 00:40:56] [GvKQC+0wB2vJXrx64sJ8sS41K2w=] [Pol'zovatel'] Deleted 1 delivered messages from database
[2025-08-07 00:46:10] [UINiUnQ/eAgNIPOPr4tSfW+qXvo=] [Потужний Фід] Checking offline messages for client
[2025-08-07 00:46:10] [UINiUnQ/eAgNIPOPr4tSfW+qXvo=] [Потужний Фід] No offline messages found
[2025-08-07 00:47:37] [qnI7tO/BboMdAQFjmSv9/gyQREY=] [batuhnn] Checking offline messages for client
[2025-08-07 00:47:37] [qnI7tO/BboMdAQFjmSv9/gyQREY=] [batuhnn] No offline messages found
[2025-08-07 00:49:39] [s1zEdp1gR19eGSiczbe54JgxCVQ=] [que] Checking offline messages for client
[2025-08-07 00:49:39] [s1zEdp1gR19eGSiczbe54JgxCVQ=] [que] No offline messages found
[2025-08-07 00:49:44] [DxUY9WGRy+4NWNGeVQSKXB8JRcs=] [TeamSpeakUser] Checking offline messages for client
[2025-08-07 00:49:44] [DxUY9WGRy+4NWNGeVQSKXB8JRcs=] [TeamSpeakUser] No offline messages found
[2025-08-07 00:51:00] [qnI7tO/BboMdAQFjmSv9/gyQREY=] [batuhnn] Checking offline messages for client
[2025-08-07 00:51:00] [qnI7tO/BboMdAQFjmSv9/gyQREY=] [batuhnn] No offline messages found
[2025-08-07 00:51:38] [s1zEdp1gR19eGSiczbe54JgxCVQ=] [que] Checking offline messages for client
[2025-08-07 00:51:38] [s1zEdp1gR19eGSiczbe54JgxCVQ=] [que] No offline messages found
[2025-08-07 01:11:55] [0ExFXh96hbPZO9+i08BvYxcM2Is=] [maruk] Checking offline messages for client
[2025-08-07 01:11:55] [0ExFXh96hbPZO9+i08BvYxcM2Is=] [maruk] No offline messages found
[2025-08-07 01:31:37] [K6ypBqoCPT9q/P/pnoIXtf9v0d4=] [hamza] Checking offline messages for client
[2025-08-07 01:31:37] [K6ypBqoCPT9q/P/pnoIXtf9v0d4=] [hamza] No offline messages found
[2025-08-07 01:57:45] [UGY8Kcj0WISsPjCfS8KB0k7vMsc=] [Leijonuss] Checking offline messages for client
[2025-08-07 01:57:45] [UGY8Kcj0WISsPjCfS8KB0k7vMsc=] [Leijonuss] No offline messages found
[2025-08-07 01:57:48] [3Qm2uL6TqfNMnRKIjc9HDz+SCwA=] [LLLolly] Checking offline messages for client
[2025-08-07 01:57:48] [3Qm2uL6TqfNMnRKIjc9HDz+SCwA=] [LLLolly] No offline messages found
[2025-08-07 02:11:57] [O6eRYgNrKt4xg5g8w5Hs/E6oWj8=] [carlos] Checking offline messages for client
[2025-08-07 02:11:57] [O6eRYgNrKt4xg5g8w5Hs/E6oWj8=] [carlos] No offline messages found
[2025-08-07 02:14:10] [Lz7+1YG9DyecyDrhR63S1Pt6xEU=] [Hds_08] Checking offline messages for client
[2025-08-07 02:14:10] [Lz7+1YG9DyecyDrhR63S1Pt6xEU=] [Hds_08] No offline messages found
[2025-08-07 02:26:59] [O6eRYgNrKt4xg5g8w5Hs/E6oWj8=] [carlos] Checking offline messages for client
[2025-08-07 02:26:59] [O6eRYgNrKt4xg5g8w5Hs/E6oWj8=] [carlos] No offline messages found
[2025-08-07 02:32:01] [3PUL5t5Jz0KW4hyrBCzi+BArN60=] [tenshin_non] Checking offline messages for client
[2025-08-07 02:32:01] [3PUL5t5Jz0KW4hyrBCzi+BArN60=] [tenshin_non] No offline messages found
[2025-08-07 02:32:18] [jWxbfxhLxs9dPa3t1WUnys7gnbk=] [Richard_TH] Checking offline messages for client
[2025-08-07 02:32:18] [jWxbfxhLxs9dPa3t1WUnys7gnbk=] [Richard_TH] No offline messages found
[2025-08-07 02:58:25] [O6eRYgNrKt4xg5g8w5Hs/E6oWj8=] [carlos] Checking offline messages for client
[2025-08-07 02:58:25] [O6eRYgNrKt4xg5g8w5Hs/E6oWj8=] [carlos] No offline messages found
[2025-08-07 03:21:50] [cEktKacfm+hZxaIs1HymYa9/CXg=] [seaniib] Checking offline messages for client
[2025-08-07 03:21:50] [cEktKacfm+hZxaIs1HymYa9/CXg=] [seaniib] No offline messages found
[2025-08-07 03:23:18] [75skNpao1UYW+2y7Ch+O/j/osAU=] [rafikplz] Checking offline messages for client
[2025-08-07 03:23:18] [75skNpao1UYW+2y7Ch+O/j/osAU=] [rafikplz] No offline messages found
[2025-08-07 03:32:24] [Cji46tp2K393WPeFVB8+qBNs7Sw=] [TeamSpeakUser] Checking offline messages for client
[2025-08-07 03:32:24] [Cji46tp2K393WPeFVB8+qBNs7Sw=] [TeamSpeakUser] No offline messages found
[2025-08-07 03:45:36] [qr29MvAwSbAy/oIGRhN5ZUVqcXs=] [Tyros Janos] Checking offline messages for client
[2025-08-07 03:45:36] [qr29MvAwSbAy/oIGRhN5ZUVqcXs=] [Tyros Janos] No offline messages found
[2025-08-07 04:22:53] [xGIv08F0N6y8i+FYpfsEfbnQkcw=] [JhoNNzTR] Checking offline messages for client
[2025-08-07 04:22:53] [xGIv08F0N6y8i+FYpfsEfbnQkcw=] [JhoNNzTR] No offline messages found
[2025-08-07 04:23:35] [d8wD5rPFmaCON1UNXRiF/o627Yg=] [TeamSpeakUser] Checking offline messages for client
[2025-08-07 04:23:35] [d8wD5rPFmaCON1UNXRiF/o627Yg=] [TeamSpeakUser] No offline messages found
[2025-08-07 04:37:42] [Cji46tp2K393WPeFVB8+qBNs7Sw=] [TeamSpeakUser1] Checking offline messages for client
[2025-08-07 04:37:42] [Cji46tp2K393WPeFVB8+qBNs7Sw=] [TeamSpeakUser1] No offline messages found
[2025-08-07 05:20:15] [MarBbTtCOdPsPCcTGPUko7UH7Sk=] [billy nogami] Checking offline messages for client
[2025-08-07 05:20:15] [MarBbTtCOdPsPCcTGPUko7UH7Sk=] [billy nogami] No offline messages found
[2025-08-07 05:22:33] [U9IMfSvzj5D6AQ6a6xlapRD7cZ0=] [TeamSpeakUser2] Checking offline messages for client
[2025-08-07 05:22:33] [U9IMfSvzj5D6AQ6a6xlapRD7cZ0=] [TeamSpeakUser2] No offline messages found
[2025-08-07 06:07:03] [J3SOjo37jE8m14DKihWjuzFdi2U=] [qck1g] Checking offline messages for client
[2025-08-07 06:07:03] [J3SOjo37jE8m14DKihWjuzFdi2U=] [qck1g] No offline messages found
[2025-08-07 06:25:25] [MarBbTtCOdPsPCcTGPUko7UH7Sk=] [billy nogami] Checking offline messages for client
[2025-08-07 06:25:25] [MarBbTtCOdPsPCcTGPUko7UH7Sk=] [billy nogami] No offline messages found
[2025-08-07 06:39:52] [qCQuK6Is+deAhN2xl/XspjIz8xY=] [Faith] Checking offline messages for client
[2025-08-07 06:39:52] [qCQuK6Is+deAhN2xl/XspjIz8xY=] [Faith] No offline messages found
[2025-08-07 06:52:08] [sDGTmykW+tszI+sqWb5sOOLvtdM=] [f.donato] Checking offline messages for client
[2025-08-07 06:52:08] [sDGTmykW+tszI+sqWb5sOOLvtdM=] [f.donato] No offline messages found
[2025-08-07 07:15:24] [MarBbTtCOdPsPCcTGPUko7UH7Sk=] [billy nogami] Checking offline messages for client
[2025-08-07 07:15:24] [MarBbTtCOdPsPCcTGPUko7UH7Sk=] [billy nogami] No offline messages found
[2025-08-07 07:16:08] [U9IMfSvzj5D6AQ6a6xlapRD7cZ0=] [TeamSpeakUser1] Checking offline messages for client
[2025-08-07 07:16:08] [U9IMfSvzj5D6AQ6a6xlapRD7cZ0=] [TeamSpeakUser1] No offline messages found
[2025-08-07 07:23:24] [vLgVft5e9BARLqqbeBlVX0sMlpk=] [BlackDemoN (Dimon)] Checking offline messages for client
[2025-08-07 07:23:24] [vLgVft5e9BARLqqbeBlVX0sMlpk=] [BlackDemoN (Dimon)] No offline messages found
[2025-08-07 08:03:05] [pM39vwBC404mshweezryIEAS3ZQ=] [Columb] Checking offline messages for client
[2025-08-07 08:03:05] [pM39vwBC404mshweezryIEAS3ZQ=] [Columb] Found 1 offline messages
[2025-08-07 08:03:07] [pM39vwBC404mshweezryIEAS3ZQ=] [Columb] Sent poke message: Your private channel has been renumbered from #11 to #10 to maintain sorting order.
[2025-08-07 08:03:07] [pM39vwBC404mshweezryIEAS3ZQ=] [Columb] Deleted 1 delivered messages from database
[2025-08-07 08:03:38] [VG3m0L29V99iA8HhtF9rA+LOwv4=] [FunkeyMonkie4] Checking offline messages for client
[2025-08-07 08:03:38] [VG3m0L29V99iA8HhtF9rA+LOwv4=] [FunkeyMonkie4] No offline messages found
[2025-08-07 08:05:33] [Cda+BzBsJLjXReUK7oq8JFzDJNk=] [Clearpath] Checking offline messages for client
[2025-08-07 08:05:33] [Cda+BzBsJLjXReUK7oq8JFzDJNk=] [Clearpath] No offline messages found
[2025-08-07 08:10:34] [451ZtxyzFuuhr5c3/VOXH4dy/3o=] [Damon Vos] Checking offline messages for client
[2025-08-07 08:10:34] [451ZtxyzFuuhr5c3/VOXH4dy/3o=] [Damon Vos] No offline messages found
[2025-08-07 08:15:03] [1bxlkLWE1YEds4euACE9lSAD0Jg=] [Mr..Fury] Checking offline messages for client
[2025-08-07 08:15:03] [1bxlkLWE1YEds4euACE9lSAD0Jg=] [Mr..Fury] No offline messages found
[2025-08-07 08:27:01] [t7knCuNn/MK7/7e0w0cHL3uEFk8=] [TeamSpeakUser] Checking offline messages for client
[2025-08-07 08:27:01] [t7knCuNn/MK7/7e0w0cHL3uEFk8=] [TeamSpeakUser] No offline messages found
[2025-08-07 08:53:15] [sC96QZMY/yY8Fc9QjquVCkLiW2c=] [Amirali] Checking offline messages for client
[2025-08-07 08:53:15] [sC96QZMY/yY8Fc9QjquVCkLiW2c=] [Amirali] No offline messages found
[2025-08-07 09:06:13] [hBuNRx7tatLbgdRUYtizU91b9ds=] [Fantaz4] Checking offline messages for client
[2025-08-07 09:06:13] [hBuNRx7tatLbgdRUYtizU91b9ds=] [Fantaz4] No offline messages found
[2025-08-07 09:07:03] [vs+7gbTKwu+h+XgDI2qVApOBkfk=] [Viko(ع)] Checking offline messages for client
[2025-08-07 09:07:03] [vs+7gbTKwu+h+XgDI2qVApOBkfk=] [Viko(ع)] Found 1 offline messages
[2025-08-07 09:07:05] [vs+7gbTKwu+h+XgDI2qVApOBkfk=] [Viko(ع)] Sent poke message: Your private channel has been renumbered from #23 to #22 to maintain sorting order.
[2025-08-07 09:07:05] [vs+7gbTKwu+h+XgDI2qVApOBkfk=] [Viko(ع)] Deleted 1 delivered messages from database
[2025-08-07 09:07:20] [hBuNRx7tatLbgdRUYtizU91b9ds=] [Fantaz4] Checking offline messages for client
[2025-08-07 09:07:20] [hBuNRx7tatLbgdRUYtizU91b9ds=] [Fantaz4] No offline messages found
[2025-08-07 09:14:05] [V5o+wTk6FX7pkcnjykGFujDK02Q=] [TeamSpeakUser] Checking offline messages for client
[2025-08-07 09:14:05] [V5o+wTk6FX7pkcnjykGFujDK02Q=] [TeamSpeakUser] No offline messages found
[2025-08-07 09:18:15] [1FdRRfdDwro5nU/BhYl8c2GAVrM=] [Мьюрт(Дима)] Checking offline messages for client
[2025-08-07 09:18:15] [1FdRRfdDwro5nU/BhYl8c2GAVrM=] [Мьюрт(Дима)] No offline messages found
[2025-08-07 09:18:23] [gIv03ZtQuihw+6fOW0VT0H6h6c8=] [chapa] Checking offline messages for client
[2025-08-07 09:18:23] [gIv03ZtQuihw+6fOW0VT0H6h6c8=] [chapa] No offline messages found
[2025-08-07 09:21:41] [qVldAxT2BuZSKwPYfP5rGmq1glU=] [Sichselber | André] Checking offline messages for client
[2025-08-07 09:21:41] [qVldAxT2BuZSKwPYfP5rGmq1glU=] [Sichselber | André] No offline messages found
[2025-08-07 09:22:30] [X5IbyBv3WtlcgFhjUdRkdzckDnA=] [[#]Misc] Client in ignored group, skipping offline messages check
[2025-08-07 09:22:30] [lYnVEWVma0Kzv/p4bpCgYZ9twnA=] [I ❤ US Rap Only] Client in ignored group, skipping offline messages check
[2025-08-07 09:22:30] [lYnVEWVma0Kzv/p4bpCgYZ9twnA=] [[#]Misc] Client in ignored group, skipping offline messages check
[2025-08-07 09:22:30] [lYnVEWVma0Kzv/p4bpCgYZ9twnA=] [[#]Misc] Client in ignored group, skipping offline messages check
[2025-08-07 09:22:30] [CTJJYp6g0ooZW+p10o4IHQNYVIQ=] [I ❤ 2 Dance] Client in ignored group, skipping offline messages check
[2025-08-07 09:22:30] [lYnVEWVma0Kzv/p4bpCgYZ9twnA=] [I ❤ US Rap Only] Client in ignored group, skipping offline messages check
[2025-08-07 09:22:30] [lYnVEWVma0Kzv/p4bpCgYZ9twnA=] [I ❤ US Rap Only] Client in ignored group, skipping offline messages check
[2025-08-07 09:24:21] [NrinzN9i22mrI5io8FdxB4B1/Os=] [daGGetTt] Checking offline messages for client
[2025-08-07 09:24:21] [NrinzN9i22mrI5io8FdxB4B1/Os=] [daGGetTt] No offline messages found
[2025-08-07 09:24:36] [aEmjlKBkg2d9gRUFp/PPg/JRL1M=] [hui] Checking offline messages for client
[2025-08-07 09:24:36] [aEmjlKBkg2d9gRUFp/PPg/JRL1M=] [hui] No offline messages found
[2025-08-07 09:28:59] [lYnVEWVma0Kzv/p4bpCgYZ9twnA=] [I ❤ US Rap Only] Client in ignored group, skipping offline messages check
[2025-08-07 09:28:59] [X5IbyBv3WtlcgFhjUdRkdzckDnA=] [[#]Misc] Client in ignored group, skipping offline messages check
[2025-08-07 09:28:59] [CTJJYp6g0ooZW+p10o4IHQNYVIQ=] [I ❤ 2 Dance] Client in ignored group, skipping offline messages check
[2025-08-07 09:28:59] [CTJJYp6g0ooZW+p10o4IHQNYVIQ=] [I ❤ 2 Dance] Client in ignored group, skipping offline messages check
[2025-08-07 09:28:59] [CTJJYp6g0ooZW+p10o4IHQNYVIQ=] [I ❤ 2 Dance] Client in ignored group, skipping offline messages check
[2025-08-07 09:38:31] [igLR0Qw88l2utvuPuQTy5TXjVdA=] [AlvaRoniXs] Checking offline messages for client
[2025-08-07 09:38:31] [igLR0Qw88l2utvuPuQTy5TXjVdA=] [AlvaRoniXs] No offline messages found
[2025-08-07 09:43:27] [qvf2/IsRm9TsXSmNMeDEuXuIC3s=] [Mood] Checking offline messages for client
[2025-08-07 09:43:27] [qvf2/IsRm9TsXSmNMeDEuXuIC3s=] [Mood] No offline messages found
[2025-08-07 09:43:29] [qvf2/IsRm9TsXSmNMeDEuXuIC3s=] [Mood] Checking offline messages for client
[2025-08-07 09:43:29] [qvf2/IsRm9TsXSmNMeDEuXuIC3s=] [Mood] No offline messages found
[2025-08-07 09:43:31] [qvf2/IsRm9TsXSmNMeDEuXuIC3s=] [Mood] Checking offline messages for client
[2025-08-07 09:43:31] [qvf2/IsRm9TsXSmNMeDEuXuIC3s=] [Mood] No offline messages found
[2025-08-07 09:52:44] [WtWgpfS8UE18SW7yGXm3r1yoO/c=] [Kowismo] Checking offline messages for client
[2025-08-07 09:52:44] [WtWgpfS8UE18SW7yGXm3r1yoO/c=] [Kowismo] Found 1 offline messages
[2025-08-07 09:52:46] [WtWgpfS8UE18SW7yGXm3r1yoO/c=] [Kowismo] Sent poke message: Your private channel has been renumbered from #18 to #17 to maintain sorting order.
[2025-08-07 09:52:46] [WtWgpfS8UE18SW7yGXm3r1yoO/c=] [Kowismo] Deleted 1 delivered messages from database
[2025-08-07 09:55:52] [XdfBPIFBI3AGf0ZCZTbFFDB3TjU=] [I ❤ Greatest Hits] Client in ignored group, skipping offline messages check
[2025-08-07 10:01:15] [0TS7jt0APSegEgA9K9hIWfin7m0=] [dadaok] Checking offline messages for client
[2025-08-07 10:01:15] [0TS7jt0APSegEgA9K9hIWfin7m0=] [dadaok] No offline messages found
[2025-08-07 10:01:35] [LChIIpVKSczGXCJcvYW8G7+Rrgk=] [erik] Checking offline messages for client
[2025-08-07 10:01:35] [LChIIpVKSczGXCJcvYW8G7+Rrgk=] [erik] No offline messages found
[2025-08-07 10:02:08] [j4VaV46XhkmzcjbVPFuyIU0vCLs=] [nox] Checking offline messages for client
[2025-08-07 10:02:08] [j4VaV46XhkmzcjbVPFuyIU0vCLs=] [nox] No offline messages found
[2025-08-07 10:03:55] [gITtVlfHYxsd3mvOfTblKNtJBDU=] [4iff] Checking offline messages for client
[2025-08-07 10:03:55] [gITtVlfHYxsd3mvOfTblKNtJBDU=] [4iff] No offline messages found
[2025-08-07 10:11:15] [ZecEXT4FfeXYbAgW2C8UIiJcPNQ=] [belali-ZypRus?] Checking offline messages for client
[2025-08-07 10:11:15] [ZecEXT4FfeXYbAgW2C8UIiJcPNQ=] [belali-ZypRus?] No offline messages found
[2025-08-07 10:32:34] [PAPjw5ou1pxtJ/LMEXPWWL4eKGI=] [aeRR] Checking offline messages for client
[2025-08-07 10:32:34] [PAPjw5ou1pxtJ/LMEXPWWL4eKGI=] [aeRR] No offline messages found
[2025-08-07 10:33:43] [yH7+WUTO9a0edxQG10YKRSCiFog=] [Angry] Checking offline messages for client
[2025-08-07 10:33:43] [yH7+WUTO9a0edxQG10YKRSCiFog=] [Angry] No offline messages found
[2025-08-07 10:39:11] [LgwxoONgBBy7WWHipcHbISpJnao=] [Alexander177] Checking offline messages for client
[2025-08-07 10:39:11] [LgwxoONgBBy7WWHipcHbISpJnao=] [Alexander177] No offline messages found
[2025-08-07 10:39:37] [ow+Zi/O4SnJIvwHosoZ7zIvOOK8=] [shinigami] Checking offline messages for client
[2025-08-07 10:39:37] [ow+Zi/O4SnJIvwHosoZ7zIvOOK8=] [shinigami] No offline messages found
[2025-08-07 11:05:02] [ilO9JAl5glx+WikZA6SZqmic0Iw=] [kaiizenn] Checking offline messages for client
[2025-08-07 11:05:02] [ilO9JAl5glx+WikZA6SZqmic0Iw=] [kaiizenn] No offline messages found
[2025-08-07 11:26:29] [8WOVpWo1lyNg0N6GGos0xzT0uz4=] [P0kw3r] Checking offline messages for client
[2025-08-07 11:26:29] [8WOVpWo1lyNg0N6GGos0xzT0uz4=] [P0kw3r] No offline messages found
[2025-08-07 11:26:59] [pujvWPnG2O627Tc3efnzSj/MJII=] [Egor] Checking offline messages for client
[2025-08-07 11:26:59] [pujvWPnG2O627Tc3efnzSj/MJII=] [Egor] No offline messages found
[2025-08-07 11:53:28] [0k7iJrGzj7haOvrih6GAxyrXHtM=] [Sebitzuu] Checking offline messages for client
[2025-08-07 11:53:28] [0k7iJrGzj7haOvrih6GAxyrXHtM=] [Sebitzuu] No offline messages found
[2025-08-07 11:58:50] [igLR0Qw88l2utvuPuQTy5TXjVdA=] [AlvaRoniXs] Checking offline messages for client
[2025-08-07 11:58:50] [igLR0Qw88l2utvuPuQTy5TXjVdA=] [AlvaRoniXs] No offline messages found
[2025-08-07 12:00:40] [igLR0Qw88l2utvuPuQTy5TXjVdA=] [AlvaRoniXs] Checking offline messages for client
[2025-08-07 12:00:40] [igLR0Qw88l2utvuPuQTy5TXjVdA=] [AlvaRoniXs] No offline messages found
[2025-08-07 12:07:53] [TanQ1GE5rtLVVXLoElEC3PbaSQY=] [TeamSpeakUser] Checking offline messages for client
[2025-08-07 12:07:53] [TanQ1GE5rtLVVXLoElEC3PbaSQY=] [TeamSpeakUser] No offline messages found
[2025-08-07 12:08:49] [t7knCuNn/MK7/7e0w0cHL3uEFk8=] [TeamSpeakUser] Checking offline messages for client
[2025-08-07 12:08:49] [t7knCuNn/MK7/7e0w0cHL3uEFk8=] [TeamSpeakUser] No offline messages found
[2025-08-07 12:20:42] [gQ5C6+V5CuxoWVdapQ4LurehHGY=] [ph0x] Checking offline messages for client
[2025-08-07 12:20:42] [gQ5C6+V5CuxoWVdapQ4LurehHGY=] [ph0x] No offline messages found
[2025-08-07 12:22:33] [5JxhFpeFY3HIrgkYh3TeVzOCHWI=] [Dan4ik060211] Checking offline messages for client
[2025-08-07 12:22:33] [5JxhFpeFY3HIrgkYh3TeVzOCHWI=] [Dan4ik060211] No offline messages found
[2025-08-07 12:27:02] [OnyFNlLSRn5WExnVSStquo7sjMA=] [ПожилаяОстановка] Checking offline messages for client
[2025-08-07 12:27:02] [OnyFNlLSRn5WExnVSStquo7sjMA=] [ПожилаяОстановка] No offline messages found
[2025-08-07 12:29:07] [675wO5ssJtQbFw+9qXHexPjHNYM=] [Nevskiiiy] Checking offline messages for client
[2025-08-07 12:29:07] [675wO5ssJtQbFw+9qXHexPjHNYM=] [Nevskiiiy] No offline messages found
[2025-08-07 12:31:28] [3Mq3EB+EEk14kwWNxOyGIgo45U8=] [MATAN] Checking offline messages for client
[2025-08-07 12:31:28] [3Mq3EB+EEk14kwWNxOyGIgo45U8=] [MATAN] No offline messages found
[2025-08-07 12:31:31] [WtWgpfS8UE18SW7yGXm3r1yoO/c=] [Kowismo] Checking offline messages for client
[2025-08-07 12:31:31] [WtWgpfS8UE18SW7yGXm3r1yoO/c=] [Kowismo] No offline messages found
[2025-08-07 12:31:34] [WtWgpfS8UE18SW7yGXm3r1yoO/c=] [Kowismo] Checking offline messages for client
[2025-08-07 12:31:34] [WtWgpfS8UE18SW7yGXm3r1yoO/c=] [Kowismo] No offline messages found
[2025-08-07 12:31:35] [WtWgpfS8UE18SW7yGXm3r1yoO/c=] [Kowismo] Checking offline messages for client
[2025-08-07 12:31:35] [WtWgpfS8UE18SW7yGXm3r1yoO/c=] [Kowismo] No offline messages found
[2025-08-07 12:40:01] [K6ypBqoCPT9q/P/pnoIXtf9v0d4=] [hamza] Checking offline messages for client
[2025-08-07 12:40:01] [K6ypBqoCPT9q/P/pnoIXtf9v0d4=] [hamza] No offline messages found
[2025-08-07 12:47:46] [VJ3kiQhgdGQjTMcQZsjIsQhebgU=] [d3sc] Checking offline messages for client
[2025-08-07 12:47:46] [VJ3kiQhgdGQjTMcQZsjIsQhebgU=] [d3sc] No offline messages found
[2025-08-07 12:48:25] [SD17ArPLxbgW8gNb6ICI1SlcTNs=] [Nghtly] Checking offline messages for client
[2025-08-07 12:48:25] [SD17ArPLxbgW8gNb6ICI1SlcTNs=] [Nghtly] Found 1 offline messages
[2025-08-07 12:48:27] [SD17ArPLxbgW8gNb6ICI1SlcTNs=] [Nghtly] Sent poke message: Your private channel has been renumbered from #33 to #32 to maintain sorting order.
[2025-08-07 12:48:27] [SD17ArPLxbgW8gNb6ICI1SlcTNs=] [Nghtly] Deleted 1 delivered messages from database
[2025-08-07 12:48:59] [yEw2QlD49AsaHiKxr3pm4VLoSMc=] [lowtabsecure] Checking offline messages for client
[2025-08-07 12:48:59] [yEw2QlD49AsaHiKxr3pm4VLoSMc=] [lowtabsecure] No offline messages found
[2025-08-07 12:53:35] [kfn1jFosIGdE1yOz/lIfEBXQj4A=] [Rix] Checking offline messages for client
[2025-08-07 12:53:35] [kfn1jFosIGdE1yOz/lIfEBXQj4A=] [Rix] No offline messages found
[2025-08-07 13:02:07] [LgwxoONgBBy7WWHipcHbISpJnao=] [Alexander177] Checking offline messages for client
[2025-08-07 13:02:07] [LgwxoONgBBy7WWHipcHbISpJnao=] [Alexander177] No offline messages found
[2025-08-07 13:04:51] [1LGAFwYeh9ftEN0OriluWE0DqDs=] [K0ubek] Checking offline messages for client
[2025-08-07 13:04:51] [1LGAFwYeh9ftEN0OriluWE0DqDs=] [K0ubek] No offline messages found
[2025-08-07 13:07:09] [DlBQSv+ccYTp5SrssTpqL5b2mfg=] [TeamSpeakUser] Checking offline messages for client
[2025-08-07 13:07:09] [DlBQSv+ccYTp5SrssTpqL5b2mfg=] [TeamSpeakUser] No offline messages found
[2025-08-07 13:08:41] [yEw2QlD49AsaHiKxr3pm4VLoSMc=] [lowtabsecure] Checking offline messages for client
[2025-08-07 13:08:41] [yEw2QlD49AsaHiKxr3pm4VLoSMc=] [lowtabsecure] No offline messages found
[2025-08-07 13:13:46] [rc6PTp7wE3xERTiJhvZj3aYUd/Y=] [kushi] Checking offline messages for client
[2025-08-07 13:13:46] [rc6PTp7wE3xERTiJhvZj3aYUd/Y=] [kushi] No offline messages found
[2025-08-07 13:21:33] [RBwh+hLI7qM/5sBbq4UPaExpE30=] [Druid Сrow 🦅] Checking offline messages for client
[2025-08-07 13:21:33] [RBwh+hLI7qM/5sBbq4UPaExpE30=] [Druid Сrow 🦅] No offline messages found
[2025-08-07 13:29:48] [daLZO33ORrjt8kilU/mo70jc7KI=] [makpyn] Checking offline messages for client
[2025-08-07 13:29:48] [daLZO33ORrjt8kilU/mo70jc7KI=] [makpyn] No offline messages found
[2025-08-07 13:37:03] [MarBbTtCOdPsPCcTGPUko7UH7Sk=] [billy nogami] Checking offline messages for client
[2025-08-07 13:37:03] [MarBbTtCOdPsPCcTGPUko7UH7Sk=] [billy nogami] No offline messages found
[2025-08-07 13:37:08] [hBuNRx7tatLbgdRUYtizU91b9ds=] [Fantaz4] Checking offline messages for client
[2025-08-07 13:37:08] [hBuNRx7tatLbgdRUYtizU91b9ds=] [Fantaz4] No offline messages found
[2025-08-07 13:43:10] [Q9rTtyRaWJNg0dLOCRET0jXxs2g=] [FckOff1] Checking offline messages for client
[2025-08-07 13:43:10] [Q9rTtyRaWJNg0dLOCRET0jXxs2g=] [FckOff1] No offline messages found
[2025-08-07 13:49:41] [5JxhFpeFY3HIrgkYh3TeVzOCHWI=] [Dan4ik060211] Checking offline messages for client
[2025-08-07 13:49:41] [5JxhFpeFY3HIrgkYh3TeVzOCHWI=] [Dan4ik060211] No offline messages found
[2025-08-07 13:50:59] [U9IMfSvzj5D6AQ6a6xlapRD7cZ0=] [TeamSpeakUser] Checking offline messages for client
[2025-08-07 13:50:59] [U9IMfSvzj5D6AQ6a6xlapRD7cZ0=] [TeamSpeakUser] No offline messages found
[2025-08-07 13:58:52] [PlotarA/IzD1xOqHXLunwp4hHDs=] [Butch] Checking offline messages for client
[2025-08-07 13:58:52] [PlotarA/IzD1xOqHXLunwp4hHDs=] [Butch] No offline messages found
[2025-08-07 14:03:33] [lRJKg8r3Mt2WfdG7eutezSyRRPU=] [TeamSpeakUser1] Checking offline messages for client
[2025-08-07 14:03:33] [lRJKg8r3Mt2WfdG7eutezSyRRPU=] [TeamSpeakUser1] No offline messages found
[2025-08-07 14:04:46] [wuKEsQxON98FaT2rc8uZDlwZ7ps=] [SPZ-23] Checking offline messages for client
[2025-08-07 14:04:46] [wuKEsQxON98FaT2rc8uZDlwZ7ps=] [SPZ-23] No offline messages found
[2025-08-07 14:05:25] [TvTOgNTiqjm7swE0hlAPFfwQ3DU=] [Sculaccia troie] Checking offline messages for client
[2025-08-07 14:05:25] [TvTOgNTiqjm7swE0hlAPFfwQ3DU=] [Sculaccia troie] No offline messages found
[2025-08-07 14:20:18] [X4hKVi7sfvTfJB9YQgAYwR9ZE3I=] [Mnwh] Checking offline messages for client
[2025-08-07 14:20:18] [X4hKVi7sfvTfJB9YQgAYwR9ZE3I=] [Mnwh] No offline messages found
[2025-08-07 14:20:22] [0k7iJrGzj7haOvrih6GAxyrXHtM=] [Sebitzuu] Checking offline messages for client
[2025-08-07 14:20:22] [0k7iJrGzj7haOvrih6GAxyrXHtM=] [Sebitzuu] No offline messages found
[2025-08-07 14:20:23] [o3G9rA/YjPOMWxOUehTn8HZBzto=] [Darkhains] Checking offline messages for client
[2025-08-07 14:20:23] [o3G9rA/YjPOMWxOUehTn8HZBzto=] [Darkhains] No offline messages found
[2025-08-07 14:20:25] [o3G9rA/YjPOMWxOUehTn8HZBzto=] [Darkhains] Checking offline messages for client
[2025-08-07 14:20:25] [o3G9rA/YjPOMWxOUehTn8HZBzto=] [Darkhains] No offline messages found
[2025-08-07 14:20:26] [o3G9rA/YjPOMWxOUehTn8HZBzto=] [Darkhains] Checking offline messages for client
[2025-08-07 14:20:26] [o3G9rA/YjPOMWxOUehTn8HZBzto=] [Darkhains] No offline messages found
[2025-08-07 14:20:48] [DqaAHVINJvoA9wZuPtXvcpP5au4=] [CristiGamy] Checking offline messages for client
[2025-08-07 14:20:48] [DqaAHVINJvoA9wZuPtXvcpP5au4=] [CristiGamy] No offline messages found
[2025-08-07 14:23:07] [AC87pO3YB+wvZ5G27tY2glDTG4M=] [andy76633] Checking offline messages for client
[2025-08-07 14:23:07] [AC87pO3YB+wvZ5G27tY2glDTG4M=] [andy76633] No offline messages found
[2025-08-07 14:28:19] [QwgnAGGp7L0A/0wMoqeRg+IYMpY=] [fl0tty] Checking offline messages for client
[2025-08-07 14:28:19] [QwgnAGGp7L0A/0wMoqeRg+IYMpY=] [fl0tty] No offline messages found
[2025-08-07 14:33:44] [ktT/SftpCnxHE/8DJjKjzUnQ3AY=] [EJEX] Checking offline messages for client
[2025-08-07 14:33:44] [ktT/SftpCnxHE/8DJjKjzUnQ3AY=] [EJEX] No offline messages found
[2025-08-07 14:33:50] [0k7iJrGzj7haOvrih6GAxyrXHtM=] [Sebitzuu] Checking offline messages for client
[2025-08-07 14:33:50] [0k7iJrGzj7haOvrih6GAxyrXHtM=] [Sebitzuu] No offline messages found
[2025-08-07 14:34:17] [0k7iJrGzj7haOvrih6GAxyrXHtM=] [Sebitzuu] Checking offline messages for client
[2025-08-07 14:34:17] [0k7iJrGzj7haOvrih6GAxyrXHtM=] [Sebitzuu] No offline messages found
[2025-08-07 14:34:28] [0k7iJrGzj7haOvrih6GAxyrXHtM=] [Sebitzuu] Checking offline messages for client
[2025-08-07 14:34:28] [0k7iJrGzj7haOvrih6GAxyrXHtM=] [Sebitzuu] No offline messages found
[2025-08-07 14:35:27] [0k7iJrGzj7haOvrih6GAxyrXHtM=] [Sebitzuu] Checking offline messages for client
[2025-08-07 14:35:27] [0k7iJrGzj7haOvrih6GAxyrXHtM=] [Sebitzuu] No offline messages found
[2025-08-07 14:37:49] [MHmdoAL2tS4k9FBfzlhXVa1GOyY=] [devl1] Checking offline messages for client
[2025-08-07 14:37:49] [MHmdoAL2tS4k9FBfzlhXVa1GOyY=] [devl1] No offline messages found
[2025-08-07 14:39:42] [lRJKg8r3Mt2WfdG7eutezSyRRPU=] [TeamSpeakUser1] Checking offline messages for client
[2025-08-07 14:39:42] [lRJKg8r3Mt2WfdG7eutezSyRRPU=] [TeamSpeakUser1] No offline messages found
[2025-08-07 14:40:04] [0k7iJrGzj7haOvrih6GAxyrXHtM=] [Sebitzuu] Checking offline messages for client
[2025-08-07 14:40:04] [0k7iJrGzj7haOvrih6GAxyrXHtM=] [Sebitzuu] No offline messages found
[2025-08-07 14:40:51] [1AbnbGgxnGmT+1ucLIy1LFbCSCU=] [theslayercroute] Checking offline messages for client
[2025-08-07 14:40:51] [1AbnbGgxnGmT+1ucLIy1LFbCSCU=] [theslayercroute] No offline messages found
[2025-08-07 14:43:57] [hBuNRx7tatLbgdRUYtizU91b9ds=] [Fantaz4] Checking offline messages for client
[2025-08-07 14:43:57] [hBuNRx7tatLbgdRUYtizU91b9ds=] [Fantaz4] No offline messages found
[2025-08-07 14:46:14] [ArDdG6a86sTE9vzN8IIzLOiOEQs=] [Sunrise0754] Checking offline messages for client
[2025-08-07 14:46:14] [ArDdG6a86sTE9vzN8IIzLOiOEQs=] [Sunrise0754] No offline messages found
[2025-08-07 14:50:30] [S7KAIZg6lvMYAtc3mv7AirSt31k=] [sadada] Checking offline messages for client
[2025-08-07 14:50:30] [S7KAIZg6lvMYAtc3mv7AirSt31k=] [sadada] No offline messages found
[2025-08-07 14:59:51] [S7KAIZg6lvMYAtc3mv7AirSt31k=] [sadada] Checking offline messages for client
[2025-08-07 14:59:51] [S7KAIZg6lvMYAtc3mv7AirSt31k=] [sadada] No offline messages found
[2025-08-07 15:00:29] [S7KAIZg6lvMYAtc3mv7AirSt31k=] [sadada] Checking offline messages for client
[2025-08-07 15:00:29] [S7KAIZg6lvMYAtc3mv7AirSt31k=] [sadada] No offline messages found
[2025-08-07 15:05:22] [OnyFNlLSRn5WExnVSStquo7sjMA=] [ПожилаяОстановка] Checking offline messages for client
[2025-08-07 15:05:22] [OnyFNlLSRn5WExnVSStquo7sjMA=] [ПожилаяОстановка] No offline messages found
[2025-08-07 15:06:14] [DxUY9WGRy+4NWNGeVQSKXB8JRcs=] [TeamSpeakUser2] Checking offline messages for client
[2025-08-07 15:06:14] [DxUY9WGRy+4NWNGeVQSKXB8JRcs=] [TeamSpeakUser2] No offline messages found
[2025-08-07 15:06:25] [s1zEdp1gR19eGSiczbe54JgxCVQ=] [que] Checking offline messages for client
[2025-08-07 15:06:25] [s1zEdp1gR19eGSiczbe54JgxCVQ=] [que] No offline messages found
[2025-08-07 15:07:32] [0k7iJrGzj7haOvrih6GAxyrXHtM=] [Sebitzuu] Checking offline messages for client
[2025-08-07 15:07:32] [0k7iJrGzj7haOvrih6GAxyrXHtM=] [Sebitzuu] No offline messages found
[2025-08-07 15:08:19] [s1zEdp1gR19eGSiczbe54JgxCVQ=] [que] Checking offline messages for client
[2025-08-07 15:08:19] [s1zEdp1gR19eGSiczbe54JgxCVQ=] [que] No offline messages found
[2025-08-07 15:08:22] [TWI+XXGLu2pwzCW3cEOZstlE9X4=] [FlavianFCP] Checking offline messages for client
[2025-08-07 15:08:22] [TWI+XXGLu2pwzCW3cEOZstlE9X4=] [FlavianFCP] No offline messages found
[2025-08-07 15:11:12] [RsLFTb9VG9OQrC5jmLEaxKjH4bI=] [aswee-] Checking offline messages for client
[2025-08-07 15:11:12] [RsLFTb9VG9OQrC5jmLEaxKjH4bI=] [aswee-] No offline messages found
[2025-08-07 15:19:19] [CivIdqvdtxSJX+mCOeU13yota9Y=] [digitalmix] Checking offline messages for client
[2025-08-07 15:19:19] [CivIdqvdtxSJX+mCOeU13yota9Y=] [digitalmix] No offline messages found
[2025-08-07 15:19:46] [1nHWWpwvoZf+IGl6BaPDK6nG9mg=] [FataL1Day] Checking offline messages for client
[2025-08-07 15:19:46] [1nHWWpwvoZf+IGl6BaPDK6nG9mg=] [FataL1Day] No offline messages found
[2025-08-07 15:26:17] [TWI+XXGLu2pwzCW3cEOZstlE9X4=] [FlavianFCP] Checking offline messages for client
[2025-08-07 15:26:17] [TWI+XXGLu2pwzCW3cEOZstlE9X4=] [FlavianFCP] No offline messages found
[2025-08-07 15:33:02] [gITtVlfHYxsd3mvOfTblKNtJBDU=] [4iff] Checking offline messages for client
[2025-08-07 15:33:02] [gITtVlfHYxsd3mvOfTblKNtJBDU=] [4iff] No offline messages found
[2025-08-07 15:34:45] [t7knCuNn/MK7/7e0w0cHL3uEFk8=] [ZEUS] Checking offline messages for client
[2025-08-07 15:34:45] [t7knCuNn/MK7/7e0w0cHL3uEFk8=] [ZEUS] No offline messages found
[2025-08-07 15:35:22] [gITtVlfHYxsd3mvOfTblKNtJBDU=] [4iff] Checking offline messages for client
[2025-08-07 15:35:22] [gITtVlfHYxsd3mvOfTblKNtJBDU=] [4iff] No offline messages found
[2025-08-07 15:39:15] [gITtVlfHYxsd3mvOfTblKNtJBDU=] [4iff] Checking offline messages for client
[2025-08-07 15:39:15] [gITtVlfHYxsd3mvOfTblKNtJBDU=] [4iff] No offline messages found
[2025-08-07 15:42:53] [AC87pO3YB+wvZ5G27tY2glDTG4M=] [andy76633] Checking offline messages for client
[2025-08-07 15:42:53] [AC87pO3YB+wvZ5G27tY2glDTG4M=] [andy76633] No offline messages found
[2025-08-07 15:44:12] [kfn1jFosIGdE1yOz/lIfEBXQj4A=] [Rix] Checking offline messages for client
[2025-08-07 15:44:12] [kfn1jFosIGdE1yOz/lIfEBXQj4A=] [Rix] No offline messages found
[2025-08-07 15:45:51] [kfn1jFosIGdE1yOz/lIfEBXQj4A=] [Rix] Checking offline messages for client
[2025-08-07 15:45:51] [kfn1jFosIGdE1yOz/lIfEBXQj4A=] [Rix] No offline messages found
[2025-08-07 15:54:48] [gITtVlfHYxsd3mvOfTblKNtJBDU=] [4iff] Checking offline messages for client
[2025-08-07 15:54:48] [gITtVlfHYxsd3mvOfTblKNtJBDU=] [4iff] No offline messages found
[2025-08-07 15:56:18] [ZRaP7ZFk8xMR0aZkTaBGImOaGAM=] [SysmoUsercid=140] Checking offline messages for client
[2025-08-07 15:56:18] [ZRaP7ZFk8xMR0aZkTaBGImOaGAM=] [SysmoUsercid=140] No offline messages found
[2025-08-07 15:56:24] [ZRaP7ZFk8xMR0aZkTaBGImOaGAM=] [SysmoUsercid=140] Checking offline messages for client
[2025-08-07 15:56:24] [ZRaP7ZFk8xMR0aZkTaBGImOaGAM=] [SysmoUsercid=140] No offline messages found
[2025-08-07 15:56:28] [ZRaP7ZFk8xMR0aZkTaBGImOaGAM=] [SysmoUsercid=140] Checking offline messages for client
[2025-08-07 15:56:28] [ZRaP7ZFk8xMR0aZkTaBGImOaGAM=] [SysmoUsercid=140] No offline messages found
[2025-08-07 15:57:51] [HA8AwjGjfttaVD2BbXsV3SrC+rA=] [Axtic] Checking offline messages for client
[2025-08-07 15:57:51] [HA8AwjGjfttaVD2BbXsV3SrC+rA=] [Axtic] No offline messages found
[2025-08-07 15:58:52] [kOTiGdU7Prb6oIvLC/wF8cto8B0=] [Агрессор777] Checking offline messages for client
[2025-08-07 15:58:52] [kOTiGdU7Prb6oIvLC/wF8cto8B0=] [Агрессор777] No offline messages found
[2025-08-07 15:58:57] [kOTiGdU7Prb6oIvLC/wF8cto8B0=] [Агрессор777] Checking offline messages for client
[2025-08-07 15:58:57] [kOTiGdU7Prb6oIvLC/wF8cto8B0=] [Агрессор777] No offline messages found
[2025-08-07 15:59:01] [kOTiGdU7Prb6oIvLC/wF8cto8B0=] [Агрессор777] Checking offline messages for client
[2025-08-07 15:59:01] [kOTiGdU7Prb6oIvLC/wF8cto8B0=] [Агрессор777] No offline messages found
[2025-08-07 15:59:06] [kOTiGdU7Prb6oIvLC/wF8cto8B0=] [Агрессор777] Checking offline messages for client
[2025-08-07 15:59:06] [kOTiGdU7Prb6oIvLC/wF8cto8B0=] [Агрессор777] No offline messages found
[2025-08-07 15:59:10] [kOTiGdU7Prb6oIvLC/wF8cto8B0=] [Агрессор777] Checking offline messages for client
[2025-08-07 15:59:10] [kOTiGdU7Prb6oIvLC/wF8cto8B0=] [Агрессор777] No offline messages found
[2025-08-07 15:59:30] [FjvWluljyXAl76fTQUXQDhqEdXg=] [sima] Checking offline messages for client
[2025-08-07 15:59:30] [FjvWluljyXAl76fTQUXQDhqEdXg=] [sima] No offline messages found
[2025-08-07 15:59:30] [FjvWluljyXAl76fTQUXQDhqEdXg=] [sima] Checking offline messages for client
[2025-08-07 15:59:30] [FjvWluljyXAl76fTQUXQDhqEdXg=] [sima] No offline messages found
[2025-08-07 15:59:30] [FjvWluljyXAl76fTQUXQDhqEdXg=] [sima] Checking offline messages for client
[2025-08-07 15:59:30] [FjvWluljyXAl76fTQUXQDhqEdXg=] [sima] No offline messages found
[2025-08-07 15:59:59] [nrEFrg1QXE05wuZZG3BbdkciSEc=] [Dumina] Checking offline messages for client
[2025-08-07 15:59:59] [nrEFrg1QXE05wuZZG3BbdkciSEc=] [Dumina] No offline messages found
[2025-08-07 16:02:41] [vYdB4LqF9oGqrfx8sM2nXqb21o0=] [may1kid] Checking offline messages for client
[2025-08-07 16:02:41] [vYdB4LqF9oGqrfx8sM2nXqb21o0=] [may1kid] No offline messages found
[2025-08-07 16:02:58] [I6jOOSBap0dJfQxxrWEXasWM9n0=] [sharfyusha] Checking offline messages for client
[2025-08-07 16:02:58] [I6jOOSBap0dJfQxxrWEXasWM9n0=] [sharfyusha] No offline messages found
[2025-08-07 16:04:29] [gITtVlfHYxsd3mvOfTblKNtJBDU=] [4iff] Checking offline messages for client
[2025-08-07 16:04:29] [gITtVlfHYxsd3mvOfTblKNtJBDU=] [4iff] No offline messages found
[2025-08-07 16:21:11] [s5SoU0O6Mp2lEkoeWlMc2247gBk=] [don] Checking offline messages for client
[2025-08-07 16:21:11] [s5SoU0O6Mp2lEkoeWlMc2247gBk=] [don] No offline messages found
[2025-08-07 16:25:15] [VJ3kiQhgdGQjTMcQZsjIsQhebgU=] [d3sc] Checking offline messages for client
[2025-08-07 16:25:15] [VJ3kiQhgdGQjTMcQZsjIsQhebgU=] [d3sc] No offline messages found
[2025-08-07 16:26:28] [K6ypBqoCPT9q/P/pnoIXtf9v0d4=] [hamza] Checking offline messages for client
[2025-08-07 16:26:28] [K6ypBqoCPT9q/P/pnoIXtf9v0d4=] [hamza] No offline messages found
[2025-08-07 16:26:42] [yKqphbixwH5+RKDr2ZDgd6iZR2E=] [vito] Checking offline messages for client
[2025-08-07 16:26:42] [yKqphbixwH5+RKDr2ZDgd6iZR2E=] [vito] No offline messages found
[2025-08-07 16:27:17] [yEw2QlD49AsaHiKxr3pm4VLoSMc=] [lowtabsecure] Checking offline messages for client
[2025-08-07 16:27:17] [yEw2QlD49AsaHiKxr3pm4VLoSMc=] [lowtabsecure] No offline messages found
[2025-08-07 16:32:54] [mTbPypkwuA/2B5Zl6CXWViczHPo=] [kızlıkbozan33] Checking offline messages for client
[2025-08-07 16:32:54] [mTbPypkwuA/2B5Zl6CXWViczHPo=] [kızlıkbozan33] No offline messages found
[2025-08-07 16:38:41] [dDU+qrUO+E8NJHOmrQsCvli4BEA=] [kyojin] Checking offline messages for client
[2025-08-07 16:38:41] [dDU+qrUO+E8NJHOmrQsCvli4BEA=] [kyojin] No offline messages found
[2025-08-07 16:40:12] [acW8L254GwpId72+SZaQ4M311cg=] [BUGER (Славик)] Checking offline messages for client
[2025-08-07 16:40:12] [acW8L254GwpId72+SZaQ4M311cg=] [BUGER (Славик)] No offline messages found
[2025-08-07 16:41:09] [1QuYdjwegivq8nQQgKS/N+VS/dw=] [CMe] Checking offline messages for client
[2025-08-07 16:41:09] [1QuYdjwegivq8nQQgKS/N+VS/dw=] [CMe] No offline messages found
[2025-08-07 16:44:31] [yH7+WUTO9a0edxQG10YKRSCiFog=] [Angry] Checking offline messages for client
[2025-08-07 16:44:31] [yH7+WUTO9a0edxQG10YKRSCiFog=] [Angry] No offline messages found
[2025-08-07 17:00:04] [s5SoU0O6Mp2lEkoeWlMc2247gBk=] [don] Checking offline messages for client
[2025-08-07 17:00:04] [s5SoU0O6Mp2lEkoeWlMc2247gBk=] [don] No offline messages found
[2025-08-07 17:01:07] [IdIi7kB17WXopOMKuVQFyzM8Fhs=] [Kapi] Checking offline messages for client
[2025-08-07 17:01:07] [IdIi7kB17WXopOMKuVQFyzM8Fhs=] [Kapi] No offline messages found
[2025-08-07 17:03:24] [vYdB4LqF9oGqrfx8sM2nXqb21o0=] [may1kid] Checking offline messages for client
[2025-08-07 17:03:24] [vYdB4LqF9oGqrfx8sM2nXqb21o0=] [may1kid] No offline messages found
[2025-08-07 17:06:14] [S0WGJ27wEAckuYOZxVnM/6251MM=] [lastsi] Checking offline messages for client
[2025-08-07 17:06:14] [S0WGJ27wEAckuYOZxVnM/6251MM=] [lastsi] No offline messages found
[2025-08-07 17:08:14] [7Sq7ba6mB9HZvcuepZd8gV5BFXc=] [BUGER (Славон)] Checking offline messages for client
[2025-08-07 17:08:14] [7Sq7ba6mB9HZvcuepZd8gV5BFXc=] [BUGER (Славон)] No offline messages found
[2025-08-07 17:09:40] [x5NWjjSsshVzCfkox/peFi8iwwM=] [pzdcvsenikizanyati] Checking offline messages for client
[2025-08-07 17:09:40] [x5NWjjSsshVzCfkox/peFi8iwwM=] [pzdcvsenikizanyati] No offline messages found
[2025-08-07 17:12:06] [vYdB4LqF9oGqrfx8sM2nXqb21o0=] [may1kid] Checking offline messages for client
[2025-08-07 17:12:06] [vYdB4LqF9oGqrfx8sM2nXqb21o0=] [may1kid] No offline messages found
[2025-08-07 17:12:14] [mg0CEi8kx9uVrgWEX5S2vt1Xexg=] [awegawg] Checking offline messages for client
[2025-08-07 17:12:14] [mg0CEi8kx9uVrgWEX5S2vt1Xexg=] [awegawg] No offline messages found
[2025-08-07 17:12:36] [6loDKB5pFq9h9EZ8lWJAl1sRiNA=] [kagixxx] Checking offline messages for client
[2025-08-07 17:12:36] [6loDKB5pFq9h9EZ8lWJAl1sRiNA=] [kagixxx] No offline messages found
[2025-08-07 17:19:09] [daLZO33ORrjt8kilU/mo70jc7KI=] [makpyn] Checking offline messages for client
[2025-08-07 17:19:09] [daLZO33ORrjt8kilU/mo70jc7KI=] [makpyn] No offline messages found
[2025-08-07 17:24:15] [m3jwrJafD7Z1HcDm7lAZbGqtROY=] [zui] Checking offline messages for client
[2025-08-07 17:24:15] [m3jwrJafD7Z1HcDm7lAZbGqtROY=] [zui] No offline messages found
[2025-08-07 17:26:24] [Ug0wJZTbFiW1dVPcgLClExPPRVg=] [Ne_Vazhn01] Checking offline messages for client
[2025-08-07 17:26:24] [Ug0wJZTbFiW1dVPcgLClExPPRVg=] [Ne_Vazhn01] No offline messages found
[2025-08-07 17:32:30] [39Hn80GzU936S3hLOAjj8iP5kpg=] [Shawaj] Checking offline messages for client
[2025-08-07 17:32:30] [39Hn80GzU936S3hLOAjj8iP5kpg=] [Shawaj] No offline messages found
[2025-08-07 17:37:04] [WqJ7G2qJdQ8kspL597ANASGN6Qc=] [леха] Checking offline messages for client
[2025-08-07 17:37:04] [WqJ7G2qJdQ8kspL597ANASGN6Qc=] [леха] No offline messages found
[2025-08-07 17:39:07] [sC96QZMY/yY8Fc9QjquVCkLiW2c=] [Amirali] Checking offline messages for client
[2025-08-07 17:39:07] [sC96QZMY/yY8Fc9QjquVCkLiW2c=] [Amirali] No offline messages found
[2025-08-07 17:39:10] [yNFUjD+LJEqojKPPlPGtCAVEYRU=] [Боцман777] Checking offline messages for client
[2025-08-07 17:39:10] [yNFUjD+LJEqojKPPlPGtCAVEYRU=] [Боцман777] No offline messages found
[2025-08-07 17:43:14] [Qf9eU8SAgAHD2e/a+4SOA0v73s8=] [Bobbeloppe01] Checking offline messages for client
[2025-08-07 17:43:14] [Qf9eU8SAgAHD2e/a+4SOA0v73s8=] [Bobbeloppe01] No offline messages found
[2025-08-07 17:43:48] [vO0JOtVc2URjykCV2xEe+v89uHQ=] [PPPPPPP] Checking offline messages for client
[2025-08-07 17:43:48] [vO0JOtVc2URjykCV2xEe+v89uHQ=] [PPPPPPP] No offline messages found
[2025-08-07 17:44:57] [vs+7gbTKwu+h+XgDI2qVApOBkfk=] [Viko(ع)] Checking offline messages for client
[2025-08-07 17:44:57] [vs+7gbTKwu+h+XgDI2qVApOBkfk=] [Viko(ع)] No offline messages found
[2025-08-07 17:45:20] [sASk3BeDsSuBuM1Vwy3hyi3kT9U=] [EPİYAY] Checking offline messages for client
[2025-08-07 17:45:20] [sASk3BeDsSuBuM1Vwy3hyi3kT9U=] [EPİYAY] No offline messages found
[2025-08-07 17:45:23] [/BzcuyjmOtbR7iMdGo7mzPlKmj0=] [AKIN] Checking offline messages for client
[2025-08-07 17:45:23] [/BzcuyjmOtbR7iMdGo7mzPlKmj0=] [AKIN] No offline messages found
[2025-08-07 17:48:40] [mTbPypkwuA/2B5Zl6CXWViczHPo=] [kızlıkbozan33] Checking offline messages for client
[2025-08-07 17:48:40] [mTbPypkwuA/2B5Zl6CXWViczHPo=] [kızlıkbozan33] No offline messages found
[2025-08-07 17:57:16] [Iq2aVx/4T/Tkfh8nIojxMinWqo4=] [Seikawa] Checking offline messages for client
[2025-08-07 17:57:16] [Iq2aVx/4T/Tkfh8nIojxMinWqo4=] [Seikawa] No offline messages found
[2025-08-07 17:57:31] [6loDKB5pFq9h9EZ8lWJAl1sRiNA=] [kagixxx] Checking offline messages for client
[2025-08-07 17:57:31] [6loDKB5pFq9h9EZ8lWJAl1sRiNA=] [kagixxx] No offline messages found
[2025-08-07 17:59:43] [k850OzI6ZxrjpzlDqJ4VrEoVreU=] [pendos666] Checking offline messages for client
[2025-08-07 17:59:43] [k850OzI6ZxrjpzlDqJ4VrEoVreU=] [pendos666] No offline messages found
[2025-08-07 18:02:45] [3PUL5t5Jz0KW4hyrBCzi+BArN60=] [tenshin_non] Checking offline messages for client
[2025-08-07 18:02:45] [3PUL5t5Jz0KW4hyrBCzi+BArN60=] [tenshin_non] No offline messages found
[2025-08-07 18:04:22] [zQBV+zr0os6YT3ktHjBJZW0cRd8=] [Tufix] Checking offline messages for client
[2025-08-07 18:04:22] [zQBV+zr0os6YT3ktHjBJZW0cRd8=] [Tufix] No offline messages found
[2025-08-07 18:08:39] [LgwxoONgBBy7WWHipcHbISpJnao=] [Alexander177] Checking offline messages for client
[2025-08-07 18:08:39] [LgwxoONgBBy7WWHipcHbISpJnao=] [Alexander177] No offline messages found
[2025-08-07 18:12:18] [wuKEsQxON98FaT2rc8uZDlwZ7ps=] [SPZ-23] Checking offline messages for client
[2025-08-07 18:12:18] [wuKEsQxON98FaT2rc8uZDlwZ7ps=] [SPZ-23] No offline messages found
[2025-08-07 18:14:04] [TVYDqloG40AolgKZE51r8Arz5Ig=] [TeamSpeakUser] Checking offline messages for client
[2025-08-07 18:14:04] [TVYDqloG40AolgKZE51r8Arz5Ig=] [TeamSpeakUser] No offline messages found
[2025-08-07 18:16:50] [m3jwrJafD7Z1HcDm7lAZbGqtROY=] [zui] Checking offline messages for client
[2025-08-07 18:16:50] [m3jwrJafD7Z1HcDm7lAZbGqtROY=] [zui] No offline messages found
[2025-08-07 18:17:55] [X4hKVi7sfvTfJB9YQgAYwR9ZE3I=] [Mnwh] Checking offline messages for client
[2025-08-07 18:17:55] [X4hKVi7sfvTfJB9YQgAYwR9ZE3I=] [Mnwh] No offline messages found
[2025-08-07 18:19:15] [yEw2QlD49AsaHiKxr3pm4VLoSMc=] [lowtabsecure] Checking offline messages for client
[2025-08-07 18:19:15] [yEw2QlD49AsaHiKxr3pm4VLoSMc=] [lowtabsecure] No offline messages found
[2025-08-07 18:28:05] [F4Rot6aSlWU5OFZBOarP2RTzrYY=] [INSANE] Checking offline messages for client
[2025-08-07 18:28:05] [F4Rot6aSlWU5OFZBOarP2RTzrYY=] [INSANE] No offline messages found
[2025-08-07 18:28:43] [J59TlJOyXmeGAsjkHRqeI3rZA/8=] [SysmoUsercid=140] Checking offline messages for client
[2025-08-07 18:28:43] [J59TlJOyXmeGAsjkHRqeI3rZA/8=] [SysmoUsercid=140] No offline messages found
[2025-08-07 18:28:49] [QwgnAGGp7L0A/0wMoqeRg+IYMpY=] [fl0tty] Checking offline messages for client
[2025-08-07 18:28:49] [QwgnAGGp7L0A/0wMoqeRg+IYMpY=] [fl0tty] No offline messages found
[2025-08-07 18:29:56] [Vs8EKOeGeChef1noyNgJsKO0AH0=] [freakshow322] Checking offline messages for client
[2025-08-07 18:29:56] [Vs8EKOeGeChef1noyNgJsKO0AH0=] [freakshow322] No offline messages found
[2025-08-07 18:31:02] [o3G9rA/YjPOMWxOUehTn8HZBzto=] [Darkhains] Checking offline messages for client
[2025-08-07 18:31:02] [o3G9rA/YjPOMWxOUehTn8HZBzto=] [Darkhains] No offline messages found
[2025-08-07 18:31:05] [MCH5CUuHw7qLHVegyroS34EN/pQ=] [PastA1] Checking offline messages for client
[2025-08-07 18:31:05] [MCH5CUuHw7qLHVegyroS34EN/pQ=] [PastA1] No offline messages found
[2025-08-07 18:31:06] [MCH5CUuHw7qLHVegyroS34EN/pQ=] [PastA1] Checking offline messages for client
[2025-08-07 18:31:06] [MCH5CUuHw7qLHVegyroS34EN/pQ=] [PastA1] No offline messages found
[2025-08-07 18:31:06] [MCH5CUuHw7qLHVegyroS34EN/pQ=] [PastA1] Checking offline messages for client
[2025-08-07 18:31:06] [MCH5CUuHw7qLHVegyroS34EN/pQ=] [PastA1] No offline messages found
[2025-08-07 18:31:09] [sC96QZMY/yY8Fc9QjquVCkLiW2c=] [Amirali] Checking offline messages for client
[2025-08-07 18:31:09] [sC96QZMY/yY8Fc9QjquVCkLiW2c=] [Amirali] No offline messages found
[2025-08-07 18:31:15] [o3G9rA/YjPOMWxOUehTn8HZBzto=] [Darkhains] Checking offline messages for client
[2025-08-07 18:31:15] [o3G9rA/YjPOMWxOUehTn8HZBzto=] [Darkhains] No offline messages found
[2025-08-07 18:33:26] [Di2MaUkDvWG/4yTOmNqIBWAhaIM=] [astraiser] Checking offline messages for client
[2025-08-07 18:33:26] [Di2MaUkDvWG/4yTOmNqIBWAhaIM=] [astraiser] No offline messages found
[2025-08-07 18:33:30] [e1vImF/pvh7c+66eD1lHGlZ9N08=] [Fornax013] Checking offline messages for client
[2025-08-07 18:33:30] [e1vImF/pvh7c+66eD1lHGlZ9N08=] [Fornax013] No offline messages found
[2025-08-07 18:34:25] [6loDKB5pFq9h9EZ8lWJAl1sRiNA=] [kagixxx] Checking offline messages for client
[2025-08-07 18:34:25] [6loDKB5pFq9h9EZ8lWJAl1sRiNA=] [kagixxx] No offline messages found
[2025-08-07 18:37:07] [NqsCVtGvSeP/HNcs0ORlXVYgFC4=] [Rozuu] Checking offline messages for client
[2025-08-07 18:37:07] [NqsCVtGvSeP/HNcs0ORlXVYgFC4=] [Rozuu] No offline messages found
[2025-08-07 18:37:52] [y0tjzT25x6psoW/uGNCGwec/niY=] [amir4k] Checking offline messages for client
[2025-08-07 18:37:52] [y0tjzT25x6psoW/uGNCGwec/niY=] [amir4k] No offline messages found
[2025-08-07 18:38:00] [M0Hv7KK4KqRt51C27D+WMlluJi8=] [TeamSpeakUser2] Checking offline messages for client
[2025-08-07 18:38:00] [M0Hv7KK4KqRt51C27D+WMlluJi8=] [TeamSpeakUser2] No offline messages found
[2025-08-07 18:40:02] [+lAckCPn2UIt7JLSqDVJOI0VMxY=] [roberott] Checking offline messages for client
[2025-08-07 18:40:02] [+lAckCPn2UIt7JLSqDVJOI0VMxY=] [roberott] No offline messages found
[2025-08-07 18:42:15] [8F/wqyUZbzkbJnHcA07nhS4DohU=] [dimafreddyy] Checking offline messages for client
[2025-08-07 18:42:15] [8F/wqyUZbzkbJnHcA07nhS4DohU=] [dimafreddyy] No offline messages found
[2025-08-07 18:42:16] [SD17ArPLxbgW8gNb6ICI1SlcTNs=] [Nghtly] Checking offline messages for client
[2025-08-07 18:42:16] [SD17ArPLxbgW8gNb6ICI1SlcTNs=] [Nghtly] No offline messages found
[2025-08-07 18:42:16] [SD17ArPLxbgW8gNb6ICI1SlcTNs=] [Nghtly] Checking offline messages for client
[2025-08-07 18:42:16] [SD17ArPLxbgW8gNb6ICI1SlcTNs=] [Nghtly] No offline messages found
[2025-08-07 18:42:17] [SD17ArPLxbgW8gNb6ICI1SlcTNs=] [Nghtly] Checking offline messages for client
[2025-08-07 18:42:17] [SD17ArPLxbgW8gNb6ICI1SlcTNs=] [Nghtly] No offline messages found
[2025-08-07 18:42:17] [SD17ArPLxbgW8gNb6ICI1SlcTNs=] [Nghtly] Checking offline messages for client
[2025-08-07 18:42:17] [SD17ArPLxbgW8gNb6ICI1SlcTNs=] [Nghtly] No offline messages found
[2025-08-07 18:42:43] [KyaIcVk8pL7kT250vEgVjvgWjqU=] [Qeensel] Checking offline messages for client
[2025-08-07 18:42:43] [KyaIcVk8pL7kT250vEgVjvgWjqU=] [Qeensel] No offline messages found
[2025-08-07 18:45:18] [cuwvdkO7k8SCDXM9dpo6beJaYCo=] [erremre] Checking offline messages for client
[2025-08-07 18:45:18] [cuwvdkO7k8SCDXM9dpo6beJaYCo=] [erremre] No offline messages found
[2025-08-07 18:45:37] [pr2KTmxhgWlk6sQ6514CzewucfU=] [asdasda] Checking offline messages for client
[2025-08-07 18:45:37] [pr2KTmxhgWlk6sQ6514CzewucfU=] [asdasda] No offline messages found
[2025-08-07 18:50:13] [KyaIcVk8pL7kT250vEgVjvgWjqU=] [Qeensel] Checking offline messages for client
[2025-08-07 18:50:13] [KyaIcVk8pL7kT250vEgVjvgWjqU=] [Qeensel] No offline messages found
[2025-08-07 18:51:42] [pwxd39RdklT+c6j3HlbMzm3yWHo=] [Despaier] Checking offline messages for client
[2025-08-07 18:51:42] [pwxd39RdklT+c6j3HlbMzm3yWHo=] [Despaier] No offline messages found
[2025-08-07 18:53:19] [pwxd39RdklT+c6j3HlbMzm3yWHo=] [Despaier] Checking offline messages for client
[2025-08-07 18:53:19] [pwxd39RdklT+c6j3HlbMzm3yWHo=] [Despaier] No offline messages found
[2025-08-07 18:54:41] [nviRoMNS6K1e+4xZNXdM3Fqx3u8=] [KlausTheGoat] Checking offline messages for client
[2025-08-07 18:54:41] [nviRoMNS6K1e+4xZNXdM3Fqx3u8=] [KlausTheGoat] No offline messages found
[2025-08-07 18:54:44] [3Zuy7HrgD2tckMe6PFvuEKWBSq4=] [pashokey] Checking offline messages for client
[2025-08-07 18:54:44] [3Zuy7HrgD2tckMe6PFvuEKWBSq4=] [pashokey] No offline messages found
[2025-08-07 18:55:06] [0JrXRhsiBXKdOPeWdToXNBrqWMs=] [initale] Checking offline messages for client
[2025-08-07 18:55:06] [0JrXRhsiBXKdOPeWdToXNBrqWMs=] [initale] No offline messages found
[2025-08-07 18:55:44] [pwxd39RdklT+c6j3HlbMzm3yWHo=] [Despaier] Checking offline messages for client
[2025-08-07 18:55:44] [pwxd39RdklT+c6j3HlbMzm3yWHo=] [Despaier] No offline messages found
[2025-08-07 18:56:13] [3Zuy7HrgD2tckMe6PFvuEKWBSq4=] [pashokey] Checking offline messages for client
[2025-08-07 18:56:13] [3Zuy7HrgD2tckMe6PFvuEKWBSq4=] [pashokey] No offline messages found
[2025-08-07 18:57:20] [kfn1jFosIGdE1yOz/lIfEBXQj4A=] [Rix] Checking offline messages for client
[2025-08-07 18:57:20] [kfn1jFosIGdE1yOz/lIfEBXQj4A=] [Rix] No offline messages found
[2025-08-07 19:01:40] [1QuYdjwegivq8nQQgKS/N+VS/dw=] [CMe] Checking offline messages for client
[2025-08-07 19:01:40] [1QuYdjwegivq8nQQgKS/N+VS/dw=] [CMe] No offline messages found
[2025-08-07 19:02:10] [V+r2jqsObKVU67cAATQYjyj/oEk=] [Blood.born] Checking offline messages for client
[2025-08-07 19:02:10] [V+r2jqsObKVU67cAATQYjyj/oEk=] [Blood.born] No offline messages found
[2025-08-07 19:05:02] [vLgVft5e9BARLqqbeBlVX0sMlpk=] [BlackDemoN (Dimon)] Checking offline messages for client
[2025-08-07 19:05:02] [vLgVft5e9BARLqqbeBlVX0sMlpk=] [BlackDemoN (Dimon)] No offline messages found
[2025-08-07 19:06:27] [hBuNRx7tatLbgdRUYtizU91b9ds=] [Fantaz4] Checking offline messages for client
[2025-08-07 19:06:27] [hBuNRx7tatLbgdRUYtizU91b9ds=] [Fantaz4] No offline messages found
[2025-08-07 19:06:29] [157KL6nbvgzKYId8dWYGPfkn2rw=] [SHLYHA] Checking offline messages for client
[2025-08-07 19:06:29] [157KL6nbvgzKYId8dWYGPfkn2rw=] [SHLYHA] No offline messages found
[2025-08-07 19:07:15] [wuKEsQxON98FaT2rc8uZDlwZ7ps=] [SPZ-23] Checking offline messages for client
[2025-08-07 19:07:15] [wuKEsQxON98FaT2rc8uZDlwZ7ps=] [SPZ-23] No offline messages found
[2025-08-07 19:07:44] [hBuNRx7tatLbgdRUYtizU91b9ds=] [Fantaz4] Checking offline messages for client
[2025-08-07 19:07:44] [hBuNRx7tatLbgdRUYtizU91b9ds=] [Fantaz4] No offline messages found
[2025-08-07 19:08:22] [+IdTxeDPU0HaxOmF1Yivm4WLd78=] [chelko] Checking offline messages for client
[2025-08-07 19:08:22] [+IdTxeDPU0HaxOmF1Yivm4WLd78=] [chelko] No offline messages found
[2025-08-07 19:08:35] [+IdTxeDPU0HaxOmF1Yivm4WLd78=] [chelko] Checking offline messages for client
[2025-08-07 19:08:35] [+IdTxeDPU0HaxOmF1Yivm4WLd78=] [chelko] No offline messages found
[2025-08-07 19:08:43] [UGY8Kcj0WISsPjCfS8KB0k7vMsc=] [Leijonuss] Checking offline messages for client
[2025-08-07 19:08:43] [UGY8Kcj0WISsPjCfS8KB0k7vMsc=] [Leijonuss] No offline messages found
[2025-08-07 19:08:47] [7yx4rkr+UQ/H5S8ylZN92oaaouc=] [burak145349] Checking offline messages for client
[2025-08-07 19:08:47] [7yx4rkr+UQ/H5S8ylZN92oaaouc=] [burak145349] No offline messages found
[2025-08-07 19:08:51] [s5SoU0O6Mp2lEkoeWlMc2247gBk=] [don] Checking offline messages for client
[2025-08-07 19:08:51] [s5SoU0O6Mp2lEkoeWlMc2247gBk=] [don] No offline messages found
[2025-08-07 19:11:05] [wuKEsQxON98FaT2rc8uZDlwZ7ps=] [SPZ-23] Checking offline messages for client
[2025-08-07 19:11:05] [wuKEsQxON98FaT2rc8uZDlwZ7ps=] [SPZ-23] No offline messages found
[2025-08-07 19:12:34] [C3ony4dh8njCYB62/cIXXbMG1IA=] [Чех] Checking offline messages for client
[2025-08-07 19:12:34] [C3ony4dh8njCYB62/cIXXbMG1IA=] [Чех] No offline messages found
[2025-08-07 19:13:06] [9RYhYLJQuz+5zxOjDqP3tBps2/o=] [EXOPUL] Checking offline messages for client
[2025-08-07 19:13:06] [9RYhYLJQuz+5zxOjDqP3tBps2/o=] [EXOPUL] No offline messages found
[2025-08-07 19:14:35] [0XaSaJTqMDRG53r/L41NHA912Rw=] [pisun] Checking offline messages for client
[2025-08-07 19:14:35] [0XaSaJTqMDRG53r/L41NHA912Rw=] [pisun] No offline messages found
[2025-08-07 19:15:58] [X5IbyBv3WtlcgFhjUdRkdzckDnA=] [[#]Misc] Client in ignored group, skipping offline messages check
[2025-08-07 19:20:14] [RSgEZeuhSepkPQXiM2taGFYbagc=] [Samet] Checking offline messages for client
[2025-08-07 19:20:14] [RSgEZeuhSepkPQXiM2taGFYbagc=] [Samet] No offline messages found
[2025-08-07 19:26:33] [rc6PTp7wE3xERTiJhvZj3aYUd/Y=] [kushi] Checking offline messages for client
[2025-08-07 19:26:33] [rc6PTp7wE3xERTiJhvZj3aYUd/Y=] [kushi] No offline messages found
[2025-08-07 19:26:55] [R+KW1QSqbZRuZk4pN2SGLrk8szQ=] [namja] Checking offline messages for client
[2025-08-07 19:26:55] [R+KW1QSqbZRuZk4pN2SGLrk8szQ=] [namja] No offline messages found
[2025-08-07 19:29:43] [YJ8chm2QQIJyPFrsGN7ctoGAtDM=] [Грицик] Checking offline messages for client
[2025-08-07 19:29:43] [YJ8chm2QQIJyPFrsGN7ctoGAtDM=] [Грицик] No offline messages found
[2025-08-07 19:29:51] [4hvwCfCPtTRCCX/hD0S9PDAjwPY=] [Ander] Checking offline messages for client
[2025-08-07 19:29:51] [4hvwCfCPtTRCCX/hD0S9PDAjwPY=] [Ander] No offline messages found
[2025-08-07 19:30:38] [3YJK8qO+CeKZ9iSEIS0Ry5bsTcs=] [Leon] Checking offline messages for client
[2025-08-07 19:30:38] [3YJK8qO+CeKZ9iSEIS0Ry5bsTcs=] [Leon] No offline messages found
[2025-08-07 19:53:36] [gxGX91a+FO9ox8ymbTAiTSocxRE=] [Froll1] Checking offline messages for client
[2025-08-07 19:53:36] [gxGX91a+FO9ox8ymbTAiTSocxRE=] [Froll1] No offline messages found
[2025-08-07 19:55:14] [GSHdFQ1jzSeyLdTWhcSAlf1X2N8=] [FenaiL] Checking offline messages for client
[2025-08-07 19:55:14] [GSHdFQ1jzSeyLdTWhcSAlf1X2N8=] [FenaiL] No offline messages found
[2025-08-07 19:56:32] [lr+YyREr6CPHJbcHyqyEPf8cHhk=] [Ваш папочка] Checking offline messages for client
[2025-08-07 19:56:32] [lr+YyREr6CPHJbcHyqyEPf8cHhk=] [Ваш папочка] No offline messages found
[2025-08-07 19:56:53] [TvTOgNTiqjm7swE0hlAPFfwQ3DU=] [Sculaccia troie] Checking offline messages for client
[2025-08-07 19:56:53] [TvTOgNTiqjm7swE0hlAPFfwQ3DU=] [Sculaccia troie] No offline messages found
[2025-08-07 19:57:53] [8wO5HXvUa0ktX3G69nioUDKZj+A=] [Rioshad] Checking offline messages for client
[2025-08-07 19:57:53] [8wO5HXvUa0ktX3G69nioUDKZj+A=] [Rioshad] No offline messages found
[2025-08-07 20:07:17] [IdIi7kB17WXopOMKuVQFyzM8Fhs=] [Kapi] Checking offline messages for client
[2025-08-07 20:07:17] [IdIi7kB17WXopOMKuVQFyzM8Fhs=] [Kapi] No offline messages found
[2025-08-07 20:07:17] [IdIi7kB17WXopOMKuVQFyzM8Fhs=] [Kapi] Checking offline messages for client
[2025-08-07 20:07:17] [IdIi7kB17WXopOMKuVQFyzM8Fhs=] [Kapi] No offline messages found
[2025-08-07 20:07:17] [IdIi7kB17WXopOMKuVQFyzM8Fhs=] [Kapi] Checking offline messages for client
[2025-08-07 20:07:17] [IdIi7kB17WXopOMKuVQFyzM8Fhs=] [Kapi] No offline messages found
[2025-08-07 20:10:53] [k850OzI6ZxrjpzlDqJ4VrEoVreU=] [pendos666] Checking offline messages for client
[2025-08-07 20:10:53] [k850OzI6ZxrjpzlDqJ4VrEoVreU=] [pendos666] No offline messages found
[2025-08-07 20:13:30] [pr2KTmxhgWlk6sQ6514CzewucfU=] [asdasda] Checking offline messages for client
[2025-08-07 20:13:30] [pr2KTmxhgWlk6sQ6514CzewucfU=] [asdasda] No offline messages found
[2025-08-07 20:13:56] [s5SoU0O6Mp2lEkoeWlMc2247gBk=] [don] Checking offline messages for client
[2025-08-07 20:13:56] [s5SoU0O6Mp2lEkoeWlMc2247gBk=] [don] No offline messages found
[2025-08-07 20:15:10] [pr2KTmxhgWlk6sQ6514CzewucfU=] [asdasda] Checking offline messages for client
[2025-08-07 20:15:10] [pr2KTmxhgWlk6sQ6514CzewucfU=] [asdasda] No offline messages found
[2025-08-07 20:18:42] [Chs2gds0q5c5sHk5GQqGy9JmwQg=] [teaman11] Checking offline messages for client
[2025-08-07 20:18:42] [Chs2gds0q5c5sHk5GQqGy9JmwQg=] [teaman11] No offline messages found
[2025-08-07 20:21:47] [Cke3CXqbiZKb3bYd24JWq2hfL80=] [vertig0] Checking offline messages for client
[2025-08-07 20:21:47] [Cke3CXqbiZKb3bYd24JWq2hfL80=] [vertig0] No offline messages found
[2025-08-07 20:22:13] [6JmrNsuNSUHwvpPjKgy9GSRbp+k=] [pez0] Checking offline messages for client
[2025-08-07 20:22:13] [6JmrNsuNSUHwvpPjKgy9GSRbp+k=] [pez0] No offline messages found
[2025-08-07 20:26:33] [lr+YyREr6CPHJbcHyqyEPf8cHhk=] [Ваш папочка] Checking offline messages for client
[2025-08-07 20:26:33] [lr+YyREr6CPHJbcHyqyEPf8cHhk=] [Ваш папочка] No offline messages found
[2025-08-07 20:28:25] [o3G9rA/YjPOMWxOUehTn8HZBzto=] [Darkhains] Checking offline messages for client
[2025-08-07 20:28:25] [o3G9rA/YjPOMWxOUehTn8HZBzto=] [Darkhains] No offline messages found
[2025-08-07 20:28:41] [0XIPokUUTEkn00muYiwnSCQJ4wM=] [credolls] Checking offline messages for client
[2025-08-07 20:28:41] [0XIPokUUTEkn00muYiwnSCQJ4wM=] [credolls] No offline messages found
[2025-08-07 20:28:52] [vAoVADXVgpjfEfuPw77F4fgEIl8=] [Nostalgia 2] Checking offline messages for client
[2025-08-07 20:28:52] [vAoVADXVgpjfEfuPw77F4fgEIl8=] [Nostalgia 2] No offline messages found
[2025-08-07 20:28:52] [vAoVADXVgpjfEfuPw77F4fgEIl8=] [Nostalgia 2] Checking offline messages for client
[2025-08-07 20:28:52] [vAoVADXVgpjfEfuPw77F4fgEIl8=] [Nostalgia 2] No offline messages found
[2025-08-07 20:28:53] [vAoVADXVgpjfEfuPw77F4fgEIl8=] [Nostalgia 2] Checking offline messages for client
[2025-08-07 20:28:53] [vAoVADXVgpjfEfuPw77F4fgEIl8=] [Nostalgia 2] No offline messages found
[2025-08-07 20:29:55] [WPS5WIHXmA7PG/CWgcb0wAr4rwY=] [ionovn_foxy] Checking offline messages for client
[2025-08-07 20:29:55] [WPS5WIHXmA7PG/CWgcb0wAr4rwY=] [ionovn_foxy] No offline messages found
[2025-08-07 20:33:06] [yBICHbhgjt9SlHyQu3BZbOYMUQU=] [H0R0Z] Checking offline messages for client
[2025-08-07 20:33:06] [yBICHbhgjt9SlHyQu3BZbOYMUQU=] [H0R0Z] No offline messages found
[2025-08-07 20:35:19] [PlotarA/IzD1xOqHXLunwp4hHDs=] [Butch] Checking offline messages for client
[2025-08-07 20:35:19] [PlotarA/IzD1xOqHXLunwp4hHDs=] [Butch] No offline messages found
[2025-08-07 20:35:23] [ayHUOzBuuInw8J/HHBAIDIq0cYY=] [bohun ivan] Checking offline messages for client
[2025-08-07 20:35:23] [ayHUOzBuuInw8J/HHBAIDIq0cYY=] [bohun ivan] No offline messages found
[2025-08-07 20:38:56] [4E896wDSmJ8m6QyPTb8WNx7UKxM=] [Groff] Checking offline messages for client
[2025-08-07 20:38:56] [4E896wDSmJ8m6QyPTb8WNx7UKxM=] [Groff] No offline messages found
[2025-08-07 20:43:43] [FaBhOtsX9ZErbpKM31n9Crp8ZVk=] [HammerOfWar(Лёха)] Checking offline messages for client
[2025-08-07 20:43:43] [FaBhOtsX9ZErbpKM31n9Crp8ZVk=] [HammerOfWar(Лёха)] No offline messages found
[2025-08-07 20:43:49] [1LGAFwYeh9ftEN0OriluWE0DqDs=] [K0ubek] Checking offline messages for client
[2025-08-07 20:43:49] [1LGAFwYeh9ftEN0OriluWE0DqDs=] [K0ubek] No offline messages found
[2025-08-07 20:44:03] [h2yxqDaYBdNiyDlVGOH/YWCactg=] [dydek10master] Checking offline messages for client
[2025-08-07 20:44:03] [h2yxqDaYBdNiyDlVGOH/YWCactg=] [dydek10master] No offline messages found
[2025-08-07 20:49:25] [37H/lttZ8+4bwWOCES4zZFUkIOg=] [crzfrg77] Checking offline messages for client
[2025-08-07 20:49:25] [37H/lttZ8+4bwWOCES4zZFUkIOg=] [crzfrg77] No offline messages found
[2025-08-07 20:50:30] [y8www1vX+Fcxdsy3fifmpFwkYkA=] [KingDriver] Checking offline messages for client
[2025-08-07 20:50:30] [y8www1vX+Fcxdsy3fifmpFwkYkA=] [KingDriver] No offline messages found
[2025-08-07 20:50:39] [8wO5HXvUa0ktX3G69nioUDKZj+A=] [Rioshad] Checking offline messages for client
[2025-08-07 20:50:39] [8wO5HXvUa0ktX3G69nioUDKZj+A=] [Rioshad] No offline messages found
[2025-08-07 20:51:46] [FjvWluljyXAl76fTQUXQDhqEdXg=] [sima] Checking offline messages for client
[2025-08-07 20:51:46] [FjvWluljyXAl76fTQUXQDhqEdXg=] [sima] No offline messages found
[2025-08-07 20:52:22] [xcwFhKN0bPn1QJxV7HHekBb2PAs=] [Сика] Checking offline messages for client
[2025-08-07 20:52:22] [xcwFhKN0bPn1QJxV7HHekBb2PAs=] [Сика] No offline messages found
[2025-08-07 20:54:34] [37H/lttZ8+4bwWOCES4zZFUkIOg=] [crzfrg77] Checking offline messages for client
[2025-08-07 20:54:34] [37H/lttZ8+4bwWOCES4zZFUkIOg=] [crzfrg77] No offline messages found
[2025-08-07 20:55:55] [1nHWWpwvoZf+IGl6BaPDK6nG9mg=] [FataL1Day] Checking offline messages for client
[2025-08-07 20:55:55] [1nHWWpwvoZf+IGl6BaPDK6nG9mg=] [FataL1Day] No offline messages found
[2025-08-07 20:56:07] [1nHWWpwvoZf+IGl6BaPDK6nG9mg=] [FataL1Day] Checking offline messages for client
[2025-08-07 20:56:07] [1nHWWpwvoZf+IGl6BaPDK6nG9mg=] [FataL1Day] No offline messages found
[2025-08-07 20:56:14] [woPhIakFjrg3h0dOaapy5EGfmfo=] [DeiBil (Ярик)] Checking offline messages for client
[2025-08-07 20:56:14] [woPhIakFjrg3h0dOaapy5EGfmfo=] [DeiBil (Ярик)] No offline messages found
[2025-08-07 20:56:19] [PCz5mVdmODgf+BuhB/F8jAcUsWY=] [XandeRMeisteR] Checking offline messages for client
[2025-08-07 20:56:19] [PCz5mVdmODgf+BuhB/F8jAcUsWY=] [XandeRMeisteR] No offline messages found
[2025-08-07 20:56:25] [CivIdqvdtxSJX+mCOeU13yota9Y=] [digitalmix] Checking offline messages for client
[2025-08-07 20:56:25] [CivIdqvdtxSJX+mCOeU13yota9Y=] [digitalmix] No offline messages found
[2025-08-07 20:57:01] [PCz5mVdmODgf+BuhB/F8jAcUsWY=] [XandeRMeisteR] Checking offline messages for client
[2025-08-07 20:57:01] [PCz5mVdmODgf+BuhB/F8jAcUsWY=] [XandeRMeisteR] No offline messages found
[2025-08-07 21:00:10] [241rUlsm8jDGuxdg64us6CxMNY8=] [SysmoUsercid=140] Checking offline messages for client
[2025-08-07 21:00:10] [241rUlsm8jDGuxdg64us6CxMNY8=] [SysmoUsercid=140] No offline messages found
[2025-08-07 21:00:25] [241rUlsm8jDGuxdg64us6CxMNY8=] [SysmoUsercid=140] Checking offline messages for client
[2025-08-07 21:00:25] [241rUlsm8jDGuxdg64us6CxMNY8=] [SysmoUsercid=140] No offline messages found
[2025-08-07 21:00:35] [A1xfpFQsaf2c9EH0PcH4vxsTE1o=] [GENERAL MOTORS] Checking offline messages for client
[2025-08-07 21:00:35] [A1xfpFQsaf2c9EH0PcH4vxsTE1o=] [GENERAL MOTORS] No offline messages found
[2025-08-07 21:01:07] [k850OzI6ZxrjpzlDqJ4VrEoVreU=] [pendos666] Checking offline messages for client
[2025-08-07 21:01:07] [k850OzI6ZxrjpzlDqJ4VrEoVreU=] [pendos666] No offline messages found
[2025-08-07 21:02:43] [MZWgndUXO6A0YcVlmWyBE1rQlnY=] [Musto] Checking offline messages for client
[2025-08-07 21:02:43] [MZWgndUXO6A0YcVlmWyBE1rQlnY=] [Musto] No offline messages found
[2025-08-07 21:02:55] [fiWNBIZG2ioqbK7dtheFRsenFVI=] [AlexQc] Checking offline messages for client
[2025-08-07 21:02:55] [fiWNBIZG2ioqbK7dtheFRsenFVI=] [AlexQc] No offline messages found
[2025-08-07 21:04:04] [GDLMnVZvsy2PmGGBS4hN7CRvOTU=] [phonetik78] Checking offline messages for client
[2025-08-07 21:04:04] [GDLMnVZvsy2PmGGBS4hN7CRvOTU=] [phonetik78] No offline messages found
[2025-08-07 21:04:31] [v4HBviZ5MpnDpeG8hecQkotPVk4=] [TeamSpeakUser] Checking offline messages for client
[2025-08-07 21:04:31] [v4HBviZ5MpnDpeG8hecQkotPVk4=] [TeamSpeakUser] No offline messages found
[2025-08-07 21:04:59] [JS7AYDgRfu5aCR6EsyZfSZOd3ug=] [goran] Checking offline messages for client
[2025-08-07 21:04:59] [JS7AYDgRfu5aCR6EsyZfSZOd3ug=] [goran] No offline messages found
[2025-08-07 21:05:37] [0XIPokUUTEkn00muYiwnSCQJ4wM=] [credolls] Checking offline messages for client
[2025-08-07 21:05:37] [0XIPokUUTEkn00muYiwnSCQJ4wM=] [credolls] No offline messages found
[2025-08-07 21:06:14] [5c2sa3PhJfKo4TEu5wJxaEqysw8=] [I.am.Atomic] Checking offline messages for client
[2025-08-07 21:06:14] [5c2sa3PhJfKo4TEu5wJxaEqysw8=] [I.am.Atomic] No offline messages found
[2025-08-07 21:07:41] [xiVTUqjmPR8HsEFkd9qzObroM+Q=] [TeamSpeakUser] Checking offline messages for client
[2025-08-07 21:07:41] [xiVTUqjmPR8HsEFkd9qzObroM+Q=] [TeamSpeakUser] No offline messages found
[2025-08-07 21:08:28] [qXu/YEbz0BqZXHthtOhD7suFGhw=] [noice8] Checking offline messages for client
[2025-08-07 21:08:28] [qXu/YEbz0BqZXHthtOhD7suFGhw=] [noice8] No offline messages found
[2025-08-07 21:09:03] [kULTdQq319JIL8kWV2Yvc5hMdaw=] [TeamSpeakUser2] Checking offline messages for client
[2025-08-07 21:09:03] [kULTdQq319JIL8kWV2Yvc5hMdaw=] [TeamSpeakUser2] No offline messages found
[2025-08-07 21:09:04] [MZWgndUXO6A0YcVlmWyBE1rQlnY=] [Musto] Checking offline messages for client
[2025-08-07 21:09:04] [MZWgndUXO6A0YcVlmWyBE1rQlnY=] [Musto] No offline messages found
[2025-08-07 21:09:04] [MZWgndUXO6A0YcVlmWyBE1rQlnY=] [TeamSpeakUser1] Checking offline messages for client
[2025-08-07 21:09:04] [MZWgndUXO6A0YcVlmWyBE1rQlnY=] [TeamSpeakUser1] No offline messages found
[2025-08-07 21:09:04] [MZWgndUXO6A0YcVlmWyBE1rQlnY=] [TeamSpeakUser1] Checking offline messages for client
[2025-08-07 21:09:04] [MZWgndUXO6A0YcVlmWyBE1rQlnY=] [TeamSpeakUser1] No offline messages found
[2025-08-07 21:10:15] [v4HBviZ5MpnDpeG8hecQkotPVk4=] [TeamSpeakUser3] Checking offline messages for client
[2025-08-07 21:10:15] [v4HBviZ5MpnDpeG8hecQkotPVk4=] [TeamSpeakUser3] No offline messages found
[2025-08-07 21:13:02] [OJ7ovzzJEZfWOoDTnPWqcRESxgA=] [TEANZUS] Checking offline messages for client
[2025-08-07 21:13:02] [OJ7ovzzJEZfWOoDTnPWqcRESxgA=] [TEANZUS] No offline messages found
[2025-08-07 21:13:14] [czJq8VhqlxMm/zy39XTQ+Np/v1c=] [Manwe] Checking offline messages for client
[2025-08-07 21:13:14] [czJq8VhqlxMm/zy39XTQ+Np/v1c=] [Manwe] No offline messages found
[2025-08-07 21:13:14] [czJq8VhqlxMm/zy39XTQ+Np/v1c=] [Manwe] Checking offline messages for client
[2025-08-07 21:13:14] [czJq8VhqlxMm/zy39XTQ+Np/v1c=] [Manwe] No offline messages found
[2025-08-07 21:13:15] [czJq8VhqlxMm/zy39XTQ+Np/v1c=] [Manwe] Checking offline messages for client
[2025-08-07 21:13:15] [czJq8VhqlxMm/zy39XTQ+Np/v1c=] [Manwe] No offline messages found
[2025-08-07 21:14:43] [MZWgndUXO6A0YcVlmWyBE1rQlnY=] [Musto] Checking offline messages for client
[2025-08-07 21:14:43] [MZWgndUXO6A0YcVlmWyBE1rQlnY=] [Musto] No offline messages found
[2025-08-07 21:19:21] [SC8GWaP/AibJdgcQPdeC3rjOy5w=] [твоямама] Checking offline messages for client
[2025-08-07 21:19:21] [SC8GWaP/AibJdgcQPdeC3rjOy5w=] [твоямама] No offline messages found
[2025-08-07 21:22:58] [ilO9JAl5glx+WikZA6SZqmic0Iw=] [kaiizenn] Checking offline messages for client
[2025-08-07 21:22:58] [ilO9JAl5glx+WikZA6SZqmic0Iw=] [kaiizenn] No offline messages found
[2025-08-07 21:23:38] [h+S6vTapLiHLu/QXW+Wv622o2KE=] [Bone] Checking offline messages for client
[2025-08-07 21:23:38] [h+S6vTapLiHLu/QXW+Wv622o2KE=] [Bone] No offline messages found
[2025-08-07 21:28:45] [XUq6lat2sP336FLybn+Od5CLO5Q=] [RABOTES] Checking offline messages for client
[2025-08-07 21:28:45] [XUq6lat2sP336FLybn+Od5CLO5Q=] [RABOTES] No offline messages found
[2025-08-07 21:28:55] [0pfL6k6+uhY3YJUK1FucX6agAV8=] [MC durak] Checking offline messages for client
[2025-08-07 21:28:55] [0pfL6k6+uhY3YJUK1FucX6agAV8=] [MC durak] No offline messages found
[2025-08-07 21:29:03] [pUCIpssKzbEhYAmtB8xcuFXcEsU=] [mostafa] Checking offline messages for client
[2025-08-07 21:29:03] [pUCIpssKzbEhYAmtB8xcuFXcEsU=] [mostafa] No offline messages found
[2025-08-07 21:30:30] [sZQPfAhKNyJnHG1VTlCSqp382GY=] [GSavio] Checking offline messages for client
[2025-08-07 21:30:30] [sZQPfAhKNyJnHG1VTlCSqp382GY=] [GSavio] No offline messages found
[2025-08-07 21:30:46] [KyaIcVk8pL7kT250vEgVjvgWjqU=] [Qeensel] Checking offline messages for client
[2025-08-07 21:30:46] [KyaIcVk8pL7kT250vEgVjvgWjqU=] [Qeensel] No offline messages found
[2025-08-07 21:31:21] [KyaIcVk8pL7kT250vEgVjvgWjqU=] [Qeensel] Checking offline messages for client
[2025-08-07 21:31:21] [KyaIcVk8pL7kT250vEgVjvgWjqU=] [Qeensel] No offline messages found
[2025-08-07 21:31:23] [ny7eEXRuEFEl3+sNFvKiXKJZeqU=] [absho] Checking offline messages for client
[2025-08-07 21:31:23] [ny7eEXRuEFEl3+sNFvKiXKJZeqU=] [absho] No offline messages found
[2025-08-07 21:32:36] [pjEoxsBzsBVJaM8b4oJNT6n4BJY=] [bero05] Checking offline messages for client
[2025-08-07 21:32:36] [pjEoxsBzsBVJaM8b4oJNT6n4BJY=] [bero05] No offline messages found
[2025-08-07 21:34:59] [/paoPeDO7Sw3DPisftzEeJfXp+Y=] [J4M4L] Checking offline messages for client
[2025-08-07 21:34:59] [/paoPeDO7Sw3DPisftzEeJfXp+Y=] [J4M4L] No offline messages found
[2025-08-07 21:35:02] [ny7eEXRuEFEl3+sNFvKiXKJZeqU=] [absho] Checking offline messages for client
[2025-08-07 21:35:02] [ny7eEXRuEFEl3+sNFvKiXKJZeqU=] [absho] No offline messages found
[2025-08-07 21:35:17] [Y/4FnjKvlWLDqmfX3QhuDXG0QOk=] [bego] Checking offline messages for client
[2025-08-07 21:35:17] [Y/4FnjKvlWLDqmfX3QhuDXG0QOk=] [bego] No offline messages found
[2025-08-07 21:36:44] [b2DgAUU9uwW/eEohcCR39YStMwo=] [GuramaAEP] Checking offline messages for client
[2025-08-07 21:36:44] [b2DgAUU9uwW/eEohcCR39YStMwo=] [GuramaAEP] No offline messages found
[2025-08-07 21:36:58] [b2DgAUU9uwW/eEohcCR39YStMwo=] [GuramaAEP] Checking offline messages for client
[2025-08-07 21:36:58] [b2DgAUU9uwW/eEohcCR39YStMwo=] [GuramaAEP] No offline messages found
[2025-08-07 21:37:21] [b2DgAUU9uwW/eEohcCR39YStMwo=] [GuramaAEP] Checking offline messages for client
[2025-08-07 21:37:21] [b2DgAUU9uwW/eEohcCR39YStMwo=] [GuramaAEP] No offline messages found
[2025-08-07 21:39:21] [pa4EomUE5xzFSB9tc7CilmX3NTU=] [Imprii] Checking offline messages for client
[2025-08-07 21:39:21] [pa4EomUE5xzFSB9tc7CilmX3NTU=] [Imprii] No offline messages found
[2025-08-07 21:40:14] [N3sdgECOuAq9updYbYKI20ij7vw=] [Tancsii] Checking offline messages for client
[2025-08-07 21:40:14] [N3sdgECOuAq9updYbYKI20ij7vw=] [Tancsii] No offline messages found
[2025-08-07 21:47:07] [5VHklsNdcbmfyHtwDayYUZ4P9Jg=] [lord] Checking offline messages for client
[2025-08-07 21:47:07] [5VHklsNdcbmfyHtwDayYUZ4P9Jg=] [lord] No offline messages found
[2025-08-07 21:47:18] [z2RU1kqpyPcLPrCBnehoedhPXRM=] [farkoshka] Checking offline messages for client
[2025-08-07 21:47:18] [z2RU1kqpyPcLPrCBnehoedhPXRM=] [farkoshka] No offline messages found
[2025-08-07 21:47:48] [2Lx63FxcyvHlLbs3Khbo5bJe6mY=] [Last] Checking offline messages for client
[2025-08-07 21:47:48] [2Lx63FxcyvHlLbs3Khbo5bJe6mY=] [Last] No offline messages found
[2025-08-07 21:47:56] [GdKnDuGa2RpNM8eyII04/GthL5A=] [ван гогг] Checking offline messages for client
[2025-08-07 21:47:56] [GdKnDuGa2RpNM8eyII04/GthL5A=] [ван гогг] No offline messages found
[2025-08-07 21:49:57] [ByxgeD5C1pEwB1SnnSzEOrDDDM4=] [caeciliae] Checking offline messages for client
[2025-08-07 21:49:57] [ByxgeD5C1pEwB1SnnSzEOrDDDM4=] [caeciliae] No offline messages found
[2025-08-07 21:50:02] [/o8pqMqjRWAMMg8cPSsOifVtYg4=] [ALİ] Checking offline messages for client
[2025-08-07 21:50:02] [/o8pqMqjRWAMMg8cPSsOifVtYg4=] [ALİ] No offline messages found
[2025-08-07 21:50:48] [hGoQYihG/PI5oPn6q6SLEnhZK/w=] [TeamSpeakUser3] Checking offline messages for client
[2025-08-07 21:50:48] [hGoQYihG/PI5oPn6q6SLEnhZK/w=] [TeamSpeakUser3] No offline messages found
[2025-08-07 21:50:48] [hGoQYihG/PI5oPn6q6SLEnhZK/w=] [TeamSpeakUser3] Checking offline messages for client
[2025-08-07 21:50:48] [hGoQYihG/PI5oPn6q6SLEnhZK/w=] [TeamSpeakUser3] No offline messages found
[2025-08-07 21:50:48] [hGoQYihG/PI5oPn6q6SLEnhZK/w=] [TeamSpeakUser3] Checking offline messages for client
[2025-08-07 21:50:48] [hGoQYihG/PI5oPn6q6SLEnhZK/w=] [TeamSpeakUser3] No offline messages found
[2025-08-07 21:52:31] [cMdIIgdsRV92sZsg9pCVGXf5q3E=] [andru] Checking offline messages for client
[2025-08-07 21:52:31] [cMdIIgdsRV92sZsg9pCVGXf5q3E=] [andru] No offline messages found
[2025-08-07 21:53:26] [ONvfusmFWIClbDX/sdbH1dm7g9A=] [мффмфмфмфмфм] Checking offline messages for client
[2025-08-07 21:53:26] [ONvfusmFWIClbDX/sdbH1dm7g9A=] [мффмфмфмфмфм] No offline messages found
[2025-08-07 21:53:53] [ONvfusmFWIClbDX/sdbH1dm7g9A=] [мффмфмфмфмфм] Checking offline messages for client
[2025-08-07 21:53:53] [ONvfusmFWIClbDX/sdbH1dm7g9A=] [мффмфмфмфмфм] No offline messages found
[2025-08-07 21:55:50] [tOoGEdCN9ULy8ULKyELfIWNelvU=] [kayanyildz] Checking offline messages for client
[2025-08-07 21:55:50] [tOoGEdCN9ULy8ULKyELfIWNelvU=] [kayanyildz] Found 1 offline messages
[2025-08-07 21:55:52] [tOoGEdCN9ULy8ULKyELfIWNelvU=] [kayanyildz] Sent poke message: Your private channel has been renumbered from #13 to #12 to maintain sorting order.
[2025-08-07 21:55:52] [tOoGEdCN9ULy8ULKyELfIWNelvU=] [kayanyildz] Deleted 1 delivered messages from database
[2025-08-07 21:56:11] [3wfCbZork1r8h4aDgIW1hfWE0YA=] [SNAC-Ahmet] Checking offline messages for client
[2025-08-07 21:56:11] [3wfCbZork1r8h4aDgIW1hfWE0YA=] [SNAC-Ahmet] No offline messages found
[2025-08-07 21:57:07] [3wfCbZork1r8h4aDgIW1hfWE0YA=] [SNAC-Ahmet] Checking offline messages for client
[2025-08-07 21:57:07] [3wfCbZork1r8h4aDgIW1hfWE0YA=] [SNAC-Ahmet] No offline messages found
[2025-08-07 22:02:01] [3PUL5t5Jz0KW4hyrBCzi+BArN60=] [tenshin_non] Checking offline messages for client
[2025-08-07 22:02:01] [3PUL5t5Jz0KW4hyrBCzi+BArN60=] [tenshin_non] No offline messages found
[2025-08-07 22:02:49] [WUFbI2wm1TirPkulhTRESNYToW0=] [sajjad] Checking offline messages for client
[2025-08-07 22:02:49] [WUFbI2wm1TirPkulhTRESNYToW0=] [sajjad] No offline messages found
[2025-08-07 22:04:16] [0ExFXh96hbPZO9+i08BvYxcM2Is=] [maruk] Checking offline messages for client
[2025-08-07 22:04:16] [0ExFXh96hbPZO9+i08BvYxcM2Is=] [maruk] No offline messages found
[2025-08-07 22:07:40] [kfn1jFosIGdE1yOz/lIfEBXQj4A=] [Rix] Checking offline messages for client
[2025-08-07 22:07:40] [kfn1jFosIGdE1yOz/lIfEBXQj4A=] [Rix] No offline messages found
[2025-08-07 22:08:24] [q2hG7xSLaZGDA2p0d4bTPVQwGrE=] [motadbicar] Checking offline messages for client
[2025-08-07 22:08:24] [q2hG7xSLaZGDA2p0d4bTPVQwGrE=] [motadbicar] No offline messages found
[2025-08-07 22:08:43] [nKM59hxTojEpwTkMTG1uWArmxms=] [rowdy] Checking offline messages for client
[2025-08-07 22:08:43] [nKM59hxTojEpwTkMTG1uWArmxms=] [rowdy] No offline messages found
[2025-08-07 22:09:14] [jWxbfxhLxs9dPa3t1WUnys7gnbk=] [Richard_TH] Checking offline messages for client
[2025-08-07 22:09:14] [jWxbfxhLxs9dPa3t1WUnys7gnbk=] [Richard_TH] No offline messages found
[2025-08-07 22:11:05] [SC8GWaP/AibJdgcQPdeC3rjOy5w=] [твоямама] Checking offline messages for client
[2025-08-07 22:11:05] [SC8GWaP/AibJdgcQPdeC3rjOy5w=] [твоямама] No offline messages found
[2025-08-07 22:17:20] [f5blCV2SYOa9qeIxhD7mgNKdr10=] [kompot1k] Checking offline messages for client
[2025-08-07 22:17:20] [f5blCV2SYOa9qeIxhD7mgNKdr10=] [kompot1k] No offline messages found
[2025-08-07 22:23:05] [tOoGEdCN9ULy8ULKyELfIWNelvU=] [kayanyildz] Checking offline messages for client
[2025-08-07 22:23:05] [tOoGEdCN9ULy8ULKyELfIWNelvU=] [kayanyildz] No offline messages found
[2025-08-07 22:23:13] [K6ypBqoCPT9q/P/pnoIXtf9v0d4=] [hamza] Checking offline messages for client
[2025-08-07 22:23:13] [K6ypBqoCPT9q/P/pnoIXtf9v0d4=] [hamza] No offline messages found
[2025-08-07 22:23:16] [1nHWWpwvoZf+IGl6BaPDK6nG9mg=] [FataL1Day] Checking offline messages for client
[2025-08-07 22:23:16] [1nHWWpwvoZf+IGl6BaPDK6nG9mg=] [FataL1Day] No offline messages found
[2025-08-07 22:23:18] [CivIdqvdtxSJX+mCOeU13yota9Y=] [digitalmix] Checking offline messages for client
[2025-08-07 22:23:18] [CivIdqvdtxSJX+mCOeU13yota9Y=] [digitalmix] No offline messages found
[2025-08-07 22:23:19] [CivIdqvdtxSJX+mCOeU13yota9Y=] [digitalmix] Checking offline messages for client
[2025-08-07 22:23:19] [CivIdqvdtxSJX+mCOeU13yota9Y=] [digitalmix] No offline messages found
[2025-08-07 22:23:19] [CivIdqvdtxSJX+mCOeU13yota9Y=] [digitalmix] Checking offline messages for client
[2025-08-07 22:23:19] [CivIdqvdtxSJX+mCOeU13yota9Y=] [digitalmix] No offline messages found
[2025-08-07 22:26:17] [0pfL6k6+uhY3YJUK1FucX6agAV8=] [MC durak] Checking offline messages for client
[2025-08-07 22:26:17] [0pfL6k6+uhY3YJUK1FucX6agAV8=] [MC durak] No offline messages found
[2025-08-07 22:30:19] [f12EdjHswKyOEFDyewEipDgzQi0=] [BIG FIUT] Checking offline messages for client
[2025-08-07 22:30:19] [f12EdjHswKyOEFDyewEipDgzQi0=] [BIG FIUT] Found 1 offline messages
[2025-08-07 22:30:21] [f12EdjHswKyOEFDyewEipDgzQi0=] [BIG FIUT] Sent poke message: Your private channel has been renumbered from #24 to #23 to maintain sorting order.
[2025-08-07 22:30:21] [f12EdjHswKyOEFDyewEipDgzQi0=] [BIG FIUT] Deleted 1 delivered messages from database
[2025-08-07 22:31:37] [zlhrq9KSrU/P9cim0qz0F02t9pM=] [Ballack] Checking offline messages for client
[2025-08-07 22:31:37] [zlhrq9KSrU/P9cim0qz0F02t9pM=] [Ballack] No offline messages found
[2025-08-07 22:32:01] [GMV7xmPT7GebwwLjoCG8J6ufcNg=] [W1`] Checking offline messages for client
[2025-08-07 22:32:01] [GMV7xmPT7GebwwLjoCG8J6ufcNg=] [W1`] No offline messages found
[2025-08-07 22:32:03] [5v99im2I8UoZfupZo50OnnVZbNY=] [NightStalker] Checking offline messages for client
[2025-08-07 22:32:03] [5v99im2I8UoZfupZo50OnnVZbNY=] [NightStalker] No offline messages found
[2025-08-07 22:35:48] [wqfGqiNbv31+sNlz69pDV4lcSpM=] [m3rxx] Checking offline messages for client
[2025-08-07 22:35:48] [wqfGqiNbv31+sNlz69pDV4lcSpM=] [m3rxx] No offline messages found
[2025-08-07 22:36:47] [z2RU1kqpyPcLPrCBnehoedhPXRM=] [farkoshka] Checking offline messages for client
[2025-08-07 22:36:47] [z2RU1kqpyPcLPrCBnehoedhPXRM=] [farkoshka] No offline messages found
[2025-08-07 22:36:48] [z2RU1kqpyPcLPrCBnehoedhPXRM=] [farkoshka] Checking offline messages for client
[2025-08-07 22:36:48] [z2RU1kqpyPcLPrCBnehoedhPXRM=] [farkoshka] No offline messages found
[2025-08-07 22:36:48] [z2RU1kqpyPcLPrCBnehoedhPXRM=] [farkoshka] Checking offline messages for client
[2025-08-07 22:36:48] [z2RU1kqpyPcLPrCBnehoedhPXRM=] [farkoshka] No offline messages found
[2025-08-07 22:36:51] [GdKnDuGa2RpNM8eyII04/GthL5A=] [ван гогг] Checking offline messages for client
[2025-08-07 22:36:51] [GdKnDuGa2RpNM8eyII04/GthL5A=] [ван гогг] No offline messages found
[2025-08-07 22:39:12] [SqEV5c1g+Zc5ERRZc/G/XJz9IRA=] [p3nnycs_] Checking offline messages for client
[2025-08-07 22:39:12] [SqEV5c1g+Zc5ERRZc/G/XJz9IRA=] [p3nnycs_] No offline messages found
[2025-08-07 22:42:43] [pEOyeueULGnZ9XtbqZPJsEs7MGM=] [forza] Checking offline messages for client
[2025-08-07 22:42:43] [pEOyeueULGnZ9XtbqZPJsEs7MGM=] [forza] No offline messages found
[2025-08-07 22:42:48] [pEOyeueULGnZ9XtbqZPJsEs7MGM=] [forza] Checking offline messages for client
[2025-08-07 22:42:48] [pEOyeueULGnZ9XtbqZPJsEs7MGM=] [forza] No offline messages found
[2025-08-07 22:44:24] [aDL1PjhSV42Bsy4cxOB6COLptIc=] [TeamSpeakUser] Checking offline messages for client
[2025-08-07 22:44:24] [aDL1PjhSV42Bsy4cxOB6COLptIc=] [TeamSpeakUser] No offline messages found
[2025-08-07 22:45:04] [pEOyeueULGnZ9XtbqZPJsEs7MGM=] [forza] Checking offline messages for client
[2025-08-07 22:45:04] [pEOyeueULGnZ9XtbqZPJsEs7MGM=] [forza] No offline messages found
[2025-08-07 22:45:17] [EJAUg1LkK9vCvLadIGqEVIMMPOM=] [cook1ch] Checking offline messages for client
[2025-08-07 22:45:17] [EJAUg1LkK9vCvLadIGqEVIMMPOM=] [cook1ch] No offline messages found
[2025-08-07 22:45:27] [G831RTm365sZm+AZDB791219bVE=] [x7uned] Checking offline messages for client
[2025-08-07 22:45:27] [G831RTm365sZm+AZDB791219bVE=] [x7uned] No offline messages found
[2025-08-07 22:45:29] [U9IMfSvzj5D6AQ6a6xlapRD7cZ0=] [TeamSpeakUser] Checking offline messages for client
[2025-08-07 22:45:29] [U9IMfSvzj5D6AQ6a6xlapRD7cZ0=] [TeamSpeakUser] No offline messages found
[2025-08-07 22:46:21] [70cdtlLw3loOn/Dhu5vpoWXPg5M=] [Плаки плаки лысый] Checking offline messages for client
[2025-08-07 22:46:21] [70cdtlLw3loOn/Dhu5vpoWXPg5M=] [Плаки плаки лысый] No offline messages found
[2025-08-07 22:52:20] [xCHs6lSxDe3edoQot4ntfOLveSI=] [SEFA] Checking offline messages for client
[2025-08-07 22:52:20] [xCHs6lSxDe3edoQot4ntfOLveSI=] [SEFA] No offline messages found
[2025-08-07 22:53:21] [Chs2gds0q5c5sHk5GQqGy9JmwQg=] [teaman11] Checking offline messages for client
[2025-08-07 22:53:21] [Chs2gds0q5c5sHk5GQqGy9JmwQg=] [teaman11] No offline messages found
[2025-08-07 22:53:55] [ZguRZ8geM8sz5Z+CaLG91UaChCg=] [kaan1] Checking offline messages for client
[2025-08-07 22:53:55] [ZguRZ8geM8sz5Z+CaLG91UaChCg=] [kaan1] No offline messages found
[2025-08-07 22:57:09] [qnI7tO/BboMdAQFjmSv9/gyQREY=] [batuhnn] Checking offline messages for client
[2025-08-07 22:57:09] [qnI7tO/BboMdAQFjmSv9/gyQREY=] [batuhnn] No offline messages found
[2025-08-07 23:00:35] [yjPQXRWpjiQvgLPcNsdzIQO34yc=] [Skandynavski] Checking offline messages for client
[2025-08-07 23:00:35] [yjPQXRWpjiQvgLPcNsdzIQO34yc=] [Skandynavski] No offline messages found
[2025-08-07 23:01:38] [t7knCuNn/MK7/7e0w0cHL3uEFk8=] [ZEUS] Checking offline messages for client
[2025-08-07 23:01:38] [t7knCuNn/MK7/7e0w0cHL3uEFk8=] [ZEUS] No offline messages found
[2025-08-07 23:01:46] [CnsaFLBvFsaEG5TIA7bpH7+nWrU=] [ardoş] Checking offline messages for client
[2025-08-07 23:01:46] [CnsaFLBvFsaEG5TIA7bpH7+nWrU=] [ardoş] No offline messages found
[2025-08-07 23:03:10] [avYI7vL0XXD3nIsf8cMXtgdn+/s=] [NowY] Checking offline messages for client
[2025-08-07 23:03:10] [avYI7vL0XXD3nIsf8cMXtgdn+/s=] [NowY] No offline messages found
[2025-08-07 23:03:21] [CivIdqvdtxSJX+mCOeU13yota9Y=] [digitalmix] Checking offline messages for client
[2025-08-07 23:03:21] [CivIdqvdtxSJX+mCOeU13yota9Y=] [digitalmix] No offline messages found
[2025-08-07 23:03:24] [1nHWWpwvoZf+IGl6BaPDK6nG9mg=] [FataL1Day] Checking offline messages for client
[2025-08-07 23:03:24] [1nHWWpwvoZf+IGl6BaPDK6nG9mg=] [FataL1Day] No offline messages found
[2025-08-07 23:03:37] [BVmupdWczvO38UAkYv0Kt02BZVc=] [TeamSpeakUser3] Checking offline messages for client
[2025-08-07 23:03:37] [BVmupdWczvO38UAkYv0Kt02BZVc=] [TeamSpeakUser3] No offline messages found
[2025-08-07 23:04:46] [mEQi3YAa+/QImNhL2wF2QwSR/8E=] [ttub] Checking offline messages for client
[2025-08-07 23:04:46] [mEQi3YAa+/QImNhL2wF2QwSR/8E=] [ttub] No offline messages found
[2025-08-07 23:05:36] [DxUY9WGRy+4NWNGeVQSKXB8JRcs=] [TeamSpeakUser3] Checking offline messages for client
[2025-08-07 23:05:36] [DxUY9WGRy+4NWNGeVQSKXB8JRcs=] [TeamSpeakUser3] No offline messages found
[2025-08-07 23:05:40] [s1zEdp1gR19eGSiczbe54JgxCVQ=] [que] Checking offline messages for client
[2025-08-07 23:05:40] [s1zEdp1gR19eGSiczbe54JgxCVQ=] [que] No offline messages found
[2025-08-07 23:05:52] [K5/IaDGscrQW+qBOe0yWCZ4tht0=] [kappanda01] Checking offline messages for client
[2025-08-07 23:05:52] [K5/IaDGscrQW+qBOe0yWCZ4tht0=] [kappanda01] No offline messages found
[2025-08-07 23:06:38] [DxUY9WGRy+4NWNGeVQSKXB8JRcs=] [TeamSpeakUser3] Checking offline messages for client
[2025-08-07 23:06:38] [DxUY9WGRy+4NWNGeVQSKXB8JRcs=] [TeamSpeakUser3] No offline messages found
[2025-08-07 23:06:48] [qnI7tO/BboMdAQFjmSv9/gyQREY=] [batuhnn] Checking offline messages for client
[2025-08-07 23:06:48] [qnI7tO/BboMdAQFjmSv9/gyQREY=] [batuhnn] No offline messages found
[2025-08-07 23:08:28] [ZguRZ8geM8sz5Z+CaLG91UaChCg=] [kaan1] Checking offline messages for client
[2025-08-07 23:08:28] [ZguRZ8geM8sz5Z+CaLG91UaChCg=] [kaan1] No offline messages found
[2025-08-07 23:08:47] [zAFitloklYrn21hGrolRZ1ILEYg=] [Kaba05011] Checking offline messages for client
[2025-08-07 23:08:47] [zAFitloklYrn21hGrolRZ1ILEYg=] [Kaba05011] No offline messages found
[2025-08-07 23:08:56] [Xc1V+9hgSSUuMOB1iFNE7BbrmwA=] [Jaws] Checking offline messages for client
[2025-08-07 23:08:56] [Xc1V+9hgSSUuMOB1iFNE7BbrmwA=] [Jaws] No offline messages found
[2025-08-07 23:12:05] [CnsaFLBvFsaEG5TIA7bpH7+nWrU=] [ardoş] Checking offline messages for client
[2025-08-07 23:12:05] [CnsaFLBvFsaEG5TIA7bpH7+nWrU=] [ardoş] No offline messages found
[2025-08-07 23:18:29] [ZguRZ8geM8sz5Z+CaLG91UaChCg=] [kaan1] Checking offline messages for client
[2025-08-07 23:18:29] [ZguRZ8geM8sz5Z+CaLG91UaChCg=] [kaan1] No offline messages found
[2025-08-07 23:24:51] [/6fJynxEP4sGM9YCLuNu7mTSOHU=] [SadaydZ] Checking offline messages for client
[2025-08-07 23:24:51] [/6fJynxEP4sGM9YCLuNu7mTSOHU=] [SadaydZ] No offline messages found
[2025-08-07 23:26:28] [tccm/cJba3umzkdFGIyHr6pYOjg=] [добрий вечір] Checking offline messages for client
[2025-08-07 23:26:28] [tccm/cJba3umzkdFGIyHr6pYOjg=] [добрий вечір] No offline messages found
[2025-08-07 23:30:15] [BVmupdWczvO38UAkYv0Kt02BZVc=] [RiiS] Checking offline messages for client
[2025-08-07 23:30:15] [BVmupdWczvO38UAkYv0Kt02BZVc=] [RiiS] No offline messages found
[2025-08-07 23:31:34] [nviRoMNS6K1e+4xZNXdM3Fqx3u8=] [KlausTheGoat] Checking offline messages for client
[2025-08-07 23:31:34] [nviRoMNS6K1e+4xZNXdM3Fqx3u8=] [KlausTheGoat] No offline messages found
[2025-08-07 23:32:43] [VGokn6zuBlbabCFtq3qLG9trJuc=] [cedrikfds2] Checking offline messages for client
[2025-08-07 23:32:43] [VGokn6zuBlbabCFtq3qLG9trJuc=] [cedrikfds2] No offline messages found
[2025-08-07 23:33:23] [KhV+geb7j7vhiCDedrxyoPOyWsA=] [macetadidick] Checking offline messages for client
[2025-08-07 23:33:23] [KhV+geb7j7vhiCDedrxyoPOyWsA=] [macetadidick] No offline messages found
[2025-08-07 23:34:40] [ruBTdp0pA5iSR/zKwFt9sBDK+SI=] [alexei_shubin] Checking offline messages for client
[2025-08-07 23:34:40] [ruBTdp0pA5iSR/zKwFt9sBDK+SI=] [alexei_shubin] No offline messages found
[2025-08-07 23:36:11] [PAPjw5ou1pxtJ/LMEXPWWL4eKGI=] [aeRR] Checking offline messages for client
[2025-08-07 23:36:11] [PAPjw5ou1pxtJ/LMEXPWWL4eKGI=] [aeRR] No offline messages found
[2025-08-07 23:36:46] [ZRJE0ISA13RmnFcasOlw68BVsNY=] [F4funder] Checking offline messages for client
[2025-08-07 23:36:46] [ZRJE0ISA13RmnFcasOlw68BVsNY=] [F4funder] No offline messages found
[2025-08-07 23:36:50] [7lkgv1NgBUC4Nbvfz0XxfSTDHSQ=] [Platonuch_UA] Checking offline messages for client
[2025-08-07 23:36:50] [7lkgv1NgBUC4Nbvfz0XxfSTDHSQ=] [Platonuch_UA] No offline messages found
[2025-08-07 23:38:05] [hFplnszNsVWixGv+jr9PV6siVtc=] [PitcaRNNN``] Checking offline messages for client
[2025-08-07 23:38:05] [hFplnszNsVWixGv+jr9PV6siVtc=] [PitcaRNNN``] No offline messages found
[2025-08-07 23:38:34] [dQduHytlYfXayqUKaU5iChZBKUQ=] [zitrvxmode] Checking offline messages for client
[2025-08-07 23:38:34] [dQduHytlYfXayqUKaU5iChZBKUQ=] [zitrvxmode] No offline messages found
[2025-08-07 23:39:19] [mTbPypkwuA/2B5Zl6CXWViczHPo=] [kızlıkbozan33] Checking offline messages for client
[2025-08-07 23:39:19] [mTbPypkwuA/2B5Zl6CXWViczHPo=] [kızlıkbozan33] No offline messages found
[2025-08-07 23:40:34] [0WgZKkj6v4iiMp7/eG9vKSWI5qU=] [TeamSpeakUser1] Checking offline messages for client
[2025-08-07 23:40:34] [0WgZKkj6v4iiMp7/eG9vKSWI5qU=] [TeamSpeakUser1] No offline messages found
[2025-08-07 23:41:24] [xBMJD2Y2SpzPtIEf1cFbTuruz8Q=] [KAYMAKAM] Checking offline messages for client
[2025-08-07 23:41:24] [xBMJD2Y2SpzPtIEf1cFbTuruz8Q=] [KAYMAKAM] No offline messages found
[2025-08-07 23:42:49] [IvPuoleyuChePKK0GR7sRhVCkJE=] [SYRUSSS] Checking offline messages for client
[2025-08-07 23:42:49] [IvPuoleyuChePKK0GR7sRhVCkJE=] [SYRUSSS] No offline messages found
[2025-08-07 23:47:48] [s1zEdp1gR19eGSiczbe54JgxCVQ=] [que] Checking offline messages for client
[2025-08-07 23:47:48] [s1zEdp1gR19eGSiczbe54JgxCVQ=] [que] No offline messages found
[2025-08-07 23:47:59] [s1zEdp1gR19eGSiczbe54JgxCVQ=] [que] Checking offline messages for client
[2025-08-07 23:47:59] [s1zEdp1gR19eGSiczbe54JgxCVQ=] [que] No offline messages found
[2025-08-07 23:48:09] [s1zEdp1gR19eGSiczbe54JgxCVQ=] [que] Checking offline messages for client
[2025-08-07 23:48:09] [s1zEdp1gR19eGSiczbe54JgxCVQ=] [que] No offline messages found
[2025-08-07 23:49:14] [IvPuoleyuChePKK0GR7sRhVCkJE=] [SYRUSSS] Checking offline messages for client
[2025-08-07 23:49:14] [IvPuoleyuChePKK0GR7sRhVCkJE=] [SYRUSSS] No offline messages found
[2025-08-07 23:50:20] [IvPuoleyuChePKK0GR7sRhVCkJE=] [SYRUSSS] Checking offline messages for client
[2025-08-07 23:50:20] [IvPuoleyuChePKK0GR7sRhVCkJE=] [SYRUSSS] No offline messages found
[2025-08-07 23:53:39] [k850OzI6ZxrjpzlDqJ4VrEoVreU=] [pendos666] Checking offline messages for client
[2025-08-07 23:53:39] [k850OzI6ZxrjpzlDqJ4VrEoVreU=] [pendos666] No offline messages found
[2025-08-07 23:53:51] [xBMJD2Y2SpzPtIEf1cFbTuruz8Q=] [KAYMAKAM] Checking offline messages for client
[2025-08-07 23:53:51] [xBMJD2Y2SpzPtIEf1cFbTuruz8Q=] [KAYMAKAM] No offline messages found
[2025-08-07 23:55:23] [GdKnDuGa2RpNM8eyII04/GthL5A=] [ван гогг] Checking offline messages for client
[2025-08-07 23:55:23] [GdKnDuGa2RpNM8eyII04/GthL5A=] [ван гогг] No offline messages found
[2025-08-07 23:55:49] [q2hG7xSLaZGDA2p0d4bTPVQwGrE=] [motadbicar] Checking offline messages for client
[2025-08-07 23:55:49] [q2hG7xSLaZGDA2p0d4bTPVQwGrE=] [motadbicar] No offline messages found
[2025-08-07 23:59:03] [AC87pO3YB+wvZ5G27tY2glDTG4M=] [andy76633] Checking offline messages for client
[2025-08-07 23:59:03] [AC87pO3YB+wvZ5G27tY2glDTG4M=] [andy76633] No offline messages found
[2025-08-07 23:59:03] [AC87pO3YB+wvZ5G27tY2glDTG4M=] [andy76633] Checking offline messages for client
[2025-08-07 23:59:03] [AC87pO3YB+wvZ5G27tY2glDTG4M=] [andy76633] No offline messages found
[2025-08-07 23:59:04] [AC87pO3YB+wvZ5G27tY2glDTG4M=] [andy76633] Checking offline messages for client
[2025-08-07 23:59:04] [AC87pO3YB+wvZ5G27tY2glDTG4M=] [andy76633] No offline messages found
[2025-08-07 23:59:06] [0k7iJrGzj7haOvrih6GAxyrXHtM=] [Sebitzuu] Checking offline messages for client
[2025-08-07 23:59:06] [0k7iJrGzj7haOvrih6GAxyrXHtM=] [Sebitzuu] No offline messages found
[2025-08-07 23:59:07] [0k7iJrGzj7haOvrih6GAxyrXHtM=] [Sebitzuu] Checking offline messages for client
[2025-08-07 23:59:07] [0k7iJrGzj7haOvrih6GAxyrXHtM=] [Sebitzuu] No offline messages found
[2025-08-07 23:59:07] [0k7iJrGzj7haOvrih6GAxyrXHtM=] [Sebitzuu] Checking offline messages for client
[2025-08-07 23:59:07] [0k7iJrGzj7haOvrih6GAxyrXHtM=] [Sebitzuu] No offline messages found
