[2025-08-23 00:00:01] [G831RTm365sZm+AZDB791219bVE=] [x7uned] Checking offline messages for client
[2025-08-23 00:00:01] [G831RTm365sZm+AZDB791219bVE=] [x7uned] No offline messages found
[2025-08-23 00:03:03] [759S1bx+7GedF1jF7fnNWOPTC6k=] [3412312] Checking offline messages for client
[2025-08-23 00:03:03] [759S1bx+7GedF1jF7fnNWOPTC6k=] [3412312] No offline messages found
[2025-08-23 00:04:41] [OtB8/Fi/zTqtCmvCEOm37xd//Ys=] [poo] Checking offline messages for client
[2025-08-23 00:04:41] [OtB8/Fi/zTqtCmvCEOm37xd//Ys=] [poo] No offline messages found
[2025-08-23 00:07:18] [igLR0Qw88l2utvuPuQTy5TXjVdA=] [AlvaRoniXs] Checking offline messages for client
[2025-08-23 00:07:18] [igLR0Qw88l2utvuPuQTy5TXjVdA=] [AlvaRoniXs] No offline messages found
[2025-08-23 00:12:20] [L2eQNSlPSLEvzElBvTWjnRjR04U=] [Koniciva] Checking offline messages for client
[2025-08-23 00:12:20] [L2eQNSlPSLEvzElBvTWjnRjR04U=] [Koniciva] No offline messages found
[2025-08-23 00:13:43] [Kc++cdn56MdqiamD4Gpov6ukMbU=] [RVvvvv] Checking offline messages for client
[2025-08-23 00:13:43] [Kc++cdn56MdqiamD4Gpov6ukMbU=] [RVvvvv] No offline messages found
[2025-08-23 00:13:53] [Kc++cdn56MdqiamD4Gpov6ukMbU=] [RVvvvv] Checking offline messages for client
[2025-08-23 00:13:53] [Kc++cdn56MdqiamD4Gpov6ukMbU=] [RVvvvv] No offline messages found
[2025-08-23 00:14:25] [H1NXHi0+NSy8JTLOsNYJYHlcB2M=] [TeamSpeakUser1] Checking offline messages for client
[2025-08-23 00:14:25] [H1NXHi0+NSy8JTLOsNYJYHlcB2M=] [TeamSpeakUser1] No offline messages found
[2025-08-23 00:30:43] [ZRJE0ISA13RmnFcasOlw68BVsNY=] [F4funder] Checking offline messages for client
[2025-08-23 00:30:43] [ZRJE0ISA13RmnFcasOlw68BVsNY=] [F4funder] No offline messages found
[2025-08-23 00:33:33] [ZRJE0ISA13RmnFcasOlw68BVsNY=] [F4funder] Checking offline messages for client
[2025-08-23 00:33:33] [ZRJE0ISA13RmnFcasOlw68BVsNY=] [F4funder] No offline messages found
[2025-08-23 00:44:11] [IvPuoleyuChePKK0GR7sRhVCkJE=] [SYRUSSS] Checking offline messages for client
[2025-08-23 00:44:11] [IvPuoleyuChePKK0GR7sRhVCkJE=] [SYRUSSS] No offline messages found
[2025-08-23 00:45:57] [IvPuoleyuChePKK0GR7sRhVCkJE=] [SYRUSSS] Checking offline messages for client
[2025-08-23 00:45:57] [IvPuoleyuChePKK0GR7sRhVCkJE=] [SYRUSSS] No offline messages found
[2025-08-23 00:48:02] [rtdUFV+2q6gMB7LIOA5+y8SqhBY=] [mevlutozkara] Checking offline messages for client
[2025-08-23 00:48:02] [rtdUFV+2q6gMB7LIOA5+y8SqhBY=] [mevlutozkara] No offline messages found
[2025-08-23 00:54:12] [OtB8/Fi/zTqtCmvCEOm37xd//Ys=] [poo] Checking offline messages for client
[2025-08-23 00:54:12] [OtB8/Fi/zTqtCmvCEOm37xd//Ys=] [poo] No offline messages found
[2025-08-23 01:00:33] [g1JU8ul1Jjrjq99plQHb48uB164=] [tasaru] Checking offline messages for client
[2025-08-23 01:00:33] [g1JU8ul1Jjrjq99plQHb48uB164=] [tasaru] No offline messages found
[2025-08-23 01:01:12] [LfDr1oNUlXp5ze20IIFiLIgK5yQ=] [1.6fsi] Checking offline messages for client
[2025-08-23 01:01:12] [LfDr1oNUlXp5ze20IIFiLIgK5yQ=] [1.6fsi] No offline messages found
[2025-08-23 01:03:35] [OtB8/Fi/zTqtCmvCEOm37xd//Ys=] [poo] Checking offline messages for client
[2025-08-23 01:03:35] [OtB8/Fi/zTqtCmvCEOm37xd//Ys=] [poo] No offline messages found
[2025-08-23 01:06:27] [L7qRovRf/7UBeW38ly75ngISmrA=] [emirhnxnn] Checking offline messages for client
[2025-08-23 01:06:27] [L7qRovRf/7UBeW38ly75ngISmrA=] [emirhnxnn] No offline messages found
[2025-08-23 01:08:48] [L7qRovRf/7UBeW38ly75ngISmrA=] [emirhnxnn] Checking offline messages for client
[2025-08-23 01:08:48] [L7qRovRf/7UBeW38ly75ngISmrA=] [emirhnxnn] No offline messages found
[2025-08-23 01:10:14] [rtdUFV+2q6gMB7LIOA5+y8SqhBY=] [mevlutozkara] Checking offline messages for client
[2025-08-23 01:10:14] [rtdUFV+2q6gMB7LIOA5+y8SqhBY=] [mevlutozkara] No offline messages found
[2025-08-23 01:10:49] [O3jgy+4YcNZxt6Kfdzgsu6OGY/w=] [Elcau_sita18] Checking offline messages for client
[2025-08-23 01:10:49] [O3jgy+4YcNZxt6Kfdzgsu6OGY/w=] [Elcau_sita18] No offline messages found
[2025-08-23 01:13:20] [9RbSPznWk/iq5G+RubmZfegQDS4=] [X 1 p'] Checking offline messages for client
[2025-08-23 01:13:20] [9RbSPznWk/iq5G+RubmZfegQDS4=] [X 1 p'] No offline messages found
[2025-08-23 01:19:22] [+yZtC+ewWMiTWYaL+Jjeksz3oFs=] [Luigi2201] Checking offline messages for client
[2025-08-23 01:19:23] [+yZtC+ewWMiTWYaL+Jjeksz3oFs=] [Luigi2201] No offline messages found
[2025-08-23 01:20:03] [gNrc66z5xbjJHu3eCXwSp/Egvg4=] [BubasGungas] Checking offline messages for client
[2025-08-23 01:20:03] [gNrc66z5xbjJHu3eCXwSp/Egvg4=] [BubasGungas] No offline messages found
[2025-08-23 01:23:28] [dDU+qrUO+E8NJHOmrQsCvli4BEA=] [kyojin] Checking offline messages for client
[2025-08-23 01:23:28] [dDU+qrUO+E8NJHOmrQsCvli4BEA=] [kyojin] No offline messages found
[2025-08-23 01:25:04] [4E896wDSmJ8m6QyPTb8WNx7UKxM=] [Groff] Checking offline messages for client
[2025-08-23 01:25:04] [4E896wDSmJ8m6QyPTb8WNx7UKxM=] [Groff] No offline messages found
[2025-08-23 01:46:13] [Kvz2fe1+lqaLMu5JYsDL9dlCP0c=] [-Nano-15] Checking offline messages for client
[2025-08-23 01:46:13] [Kvz2fe1+lqaLMu5JYsDL9dlCP0c=] [-Nano-15] No offline messages found
[2025-08-23 01:49:53] [5e6JhwysX1u2xAY7m0H9boZ2M+k=] [ZZZZDIMA] Checking offline messages for client
[2025-08-23 01:49:53] [5e6JhwysX1u2xAY7m0H9boZ2M+k=] [ZZZZDIMA] No offline messages found
[2025-08-23 01:56:09] [DVkpCSo8puDqdRTfBkUWlqHh1E0=] [Ciko#] Checking offline messages for client
[2025-08-23 01:56:09] [DVkpCSo8puDqdRTfBkUWlqHh1E0=] [Ciko#] No offline messages found
[2025-08-23 02:04:29] [5e6JhwysX1u2xAY7m0H9boZ2M+k=] [ZZZZDIMA] Checking offline messages for client
[2025-08-23 02:04:29] [5e6JhwysX1u2xAY7m0H9boZ2M+k=] [ZZZZDIMA] No offline messages found
[2025-08-23 02:20:38] [OtB8/Fi/zTqtCmvCEOm37xd//Ys=] [poo] Checking offline messages for client
[2025-08-23 02:20:38] [OtB8/Fi/zTqtCmvCEOm37xd//Ys=] [poo] No offline messages found
[2025-08-23 02:28:39] [5e6JhwysX1u2xAY7m0H9boZ2M+k=] [ZZZZDIMA] Checking offline messages for client
[2025-08-23 02:28:39] [5e6JhwysX1u2xAY7m0H9boZ2M+k=] [ZZZZDIMA] No offline messages found
[2025-08-23 03:26:23] [igLR0Qw88l2utvuPuQTy5TXjVdA=] [AlvaRoniXs] Checking offline messages for client
[2025-08-23 03:26:23] [igLR0Qw88l2utvuPuQTy5TXjVdA=] [AlvaRoniXs] No offline messages found
[2025-08-23 03:33:50] [3PUL5t5Jz0KW4hyrBCzi+BArN60=] [tenshin_non] Checking offline messages for client
[2025-08-23 03:33:50] [3PUL5t5Jz0KW4hyrBCzi+BArN60=] [tenshin_non] No offline messages found
[2025-08-23 03:34:49] [jWxbfxhLxs9dPa3t1WUnys7gnbk=] [Richard_TH] Checking offline messages for client
[2025-08-23 03:34:49] [jWxbfxhLxs9dPa3t1WUnys7gnbk=] [Richard_TH] No offline messages found
[2025-08-23 03:38:10] [OtB8/Fi/zTqtCmvCEOm37xd//Ys=] [poo] Checking offline messages for client
[2025-08-23 03:38:10] [OtB8/Fi/zTqtCmvCEOm37xd//Ys=] [poo] No offline messages found
[2025-08-23 04:49:19] [6EwxQw7oRt1YOQbzeeEOWW6iyEY=] [TeamSpeakUser6] Checking offline messages for client
[2025-08-23 04:49:20] [6EwxQw7oRt1YOQbzeeEOWW6iyEY=] [TeamSpeakUser6] No offline messages found
[2025-08-23 04:58:26] [Cji46tp2K393WPeFVB8+qBNs7Sw=] [TeamSpeakUser] Checking offline messages for client
[2025-08-23 04:58:26] [Cji46tp2K393WPeFVB8+qBNs7Sw=] [TeamSpeakUser] No offline messages found
[2025-08-23 05:18:39] [dDU+qrUO+E8NJHOmrQsCvli4BEA=] [kyojin] Checking offline messages for client
[2025-08-23 05:18:39] [dDU+qrUO+E8NJHOmrQsCvli4BEA=] [kyojin] No offline messages found
[2025-08-23 05:21:15] [qNsg0b7JeakWdOg/MBVUEfo+t/s=] [Chico] Checking offline messages for client
[2025-08-23 05:21:15] [qNsg0b7JeakWdOg/MBVUEfo+t/s=] [Chico] No offline messages found
[2025-08-23 05:40:04] [B2fRgglzPVX7d5IDrNsAi94lUY0=] [baia] Checking offline messages for client
[2025-08-23 05:40:04] [B2fRgglzPVX7d5IDrNsAi94lUY0=] [baia] No offline messages found
[2025-08-23 06:05:15] [jWxbfxhLxs9dPa3t1WUnys7gnbk=] [Richard_TH] Checking offline messages for client
[2025-08-23 06:05:15] [jWxbfxhLxs9dPa3t1WUnys7gnbk=] [Richard_TH] No offline messages found
[2025-08-23 06:07:59] [jWxbfxhLxs9dPa3t1WUnys7gnbk=] [Richard_TH] Checking offline messages for client
[2025-08-23 06:07:59] [jWxbfxhLxs9dPa3t1WUnys7gnbk=] [Richard_TH] No offline messages found
[2025-08-23 06:22:32] [B2fRgglzPVX7d5IDrNsAi94lUY0=] [baia] Checking offline messages for client
[2025-08-23 06:22:32] [B2fRgglzPVX7d5IDrNsAi94lUY0=] [baia] No offline messages found
[2025-08-23 06:43:45] [ZhvWkHfrWLVjrK3fFImU+a6eDAM=] [ratera] Checking offline messages for client
[2025-08-23 06:43:45] [ZhvWkHfrWLVjrK3fFImU+a6eDAM=] [ratera] No offline messages found
[2025-08-23 06:45:54] [qNsg0b7JeakWdOg/MBVUEfo+t/s=] [Chico] Checking offline messages for client
[2025-08-23 06:45:54] [qNsg0b7JeakWdOg/MBVUEfo+t/s=] [Chico] No offline messages found
[2025-08-23 06:59:28] [B2fRgglzPVX7d5IDrNsAi94lUY0=] [baia] Checking offline messages for client
[2025-08-23 06:59:28] [B2fRgglzPVX7d5IDrNsAi94lUY0=] [baia] No offline messages found
[2025-08-23 07:01:04] [ZhvWkHfrWLVjrK3fFImU+a6eDAM=] [ratera] Checking offline messages for client
[2025-08-23 07:01:04] [ZhvWkHfrWLVjrK3fFImU+a6eDAM=] [ratera] No offline messages found
[2025-08-23 07:13:04] [J3SOjo37jE8m14DKihWjuzFdi2U=] [qck1g] Checking offline messages for client
[2025-08-23 07:13:04] [J3SOjo37jE8m14DKihWjuzFdi2U=] [qck1g] No offline messages found
[2025-08-23 07:19:13] [J3SOjo37jE8m14DKihWjuzFdi2U=] [qck1g] Checking offline messages for client
[2025-08-23 07:19:13] [J3SOjo37jE8m14DKihWjuzFdi2U=] [qck1g] No offline messages found
[2025-08-23 07:21:44] [1bxlkLWE1YEds4euACE9lSAD0Jg=] [Mr..Fury] Checking offline messages for client
[2025-08-23 07:21:44] [1bxlkLWE1YEds4euACE9lSAD0Jg=] [Mr..Fury] No offline messages found
[2025-08-23 08:04:26] [1bxlkLWE1YEds4euACE9lSAD0Jg=] [Mr..Fury] Checking offline messages for client
[2025-08-23 08:04:26] [1bxlkLWE1YEds4euACE9lSAD0Jg=] [Mr..Fury] No offline messages found
[2025-08-23 08:13:26] [LChIIpVKSczGXCJcvYW8G7+Rrgk=] [erik] Checking offline messages for client
[2025-08-23 08:13:26] [LChIIpVKSczGXCJcvYW8G7+Rrgk=] [erik] No offline messages found
[2025-08-23 08:24:22] [vLgVft5e9BARLqqbeBlVX0sMlpk=] [BlackDemoN (Dimon)] Checking offline messages for client
[2025-08-23 08:24:22] [vLgVft5e9BARLqqbeBlVX0sMlpk=] [BlackDemoN (Dimon)] No offline messages found
[2025-08-23 08:24:41] [hBuNRx7tatLbgdRUYtizU91b9ds=] [Fantaz4] Checking offline messages for client
[2025-08-23 08:24:41] [hBuNRx7tatLbgdRUYtizU91b9ds=] [Fantaz4] No offline messages found
[2025-08-23 08:24:58] [hBuNRx7tatLbgdRUYtizU91b9ds=] [Fantaz4] Checking offline messages for client
[2025-08-23 08:24:58] [hBuNRx7tatLbgdRUYtizU91b9ds=] [Fantaz4] No offline messages found
[2025-08-23 08:39:06] [Y87CyZ0z4OCWoHrzcXmcfNJGgn8=] [Ghost] Checking offline messages for client
[2025-08-23 08:39:06] [Y87CyZ0z4OCWoHrzcXmcfNJGgn8=] [Ghost] No offline messages found
[2025-08-23 08:41:05] [syGc3yR+8xBjPN6kLg2zE+r+Bwg=] [Gosh] Checking offline messages for client
[2025-08-23 08:41:05] [syGc3yR+8xBjPN6kLg2zE+r+Bwg=] [Gosh] No offline messages found
[2025-08-23 08:50:31] [tmC0jxRfCbAbysS+lQf8Azq9p50=] [kolap_13] Checking offline messages for client
[2025-08-23 08:50:31] [tmC0jxRfCbAbysS+lQf8Azq9p50=] [kolap_13] No offline messages found
[2025-08-23 09:01:23] [tykRRTl85hacriDN3/U4/uVK28w=] [Meind (Владимир)] Checking offline messages for client
[2025-08-23 09:01:23] [tykRRTl85hacriDN3/U4/uVK28w=] [Meind (Владимир)] No offline messages found
[2025-08-23 09:01:28] [J3SOjo37jE8m14DKihWjuzFdi2U=] [qck1g] Checking offline messages for client
[2025-08-23 09:01:28] [J3SOjo37jE8m14DKihWjuzFdi2U=] [qck1g] No offline messages found
[2025-08-23 09:13:04] [46Bsg4/OrucouKIdB/SeeoA/stc=] [shekerZZWER-] Checking offline messages for client
[2025-08-23 09:13:04] [46Bsg4/OrucouKIdB/SeeoA/stc=] [shekerZZWER-] No offline messages found
[2025-08-23 09:32:56] [jigm6/bUsOmXMFP8XUKRU6/MFsM=] [king] Checking offline messages for client
[2025-08-23 09:32:56] [jigm6/bUsOmXMFP8XUKRU6/MFsM=] [king] No offline messages found
[2025-08-23 09:36:38] [5hddc8haxgTOmC6YnU4i/CaEPsM=] [saadf] Checking offline messages for client
[2025-08-23 09:36:38] [5hddc8haxgTOmC6YnU4i/CaEPsM=] [saadf] No offline messages found
[2025-08-23 09:50:10] [tmC0jxRfCbAbysS+lQf8Azq9p50=] [kolap_13] Checking offline messages for client
[2025-08-23 09:50:10] [tmC0jxRfCbAbysS+lQf8Azq9p50=] [kolap_13] No offline messages found
[2025-08-23 10:08:28] [RkH91acmxA3cUuqBsMdwRLDQBxM=] [Avrelius33] Checking offline messages for client
[2025-08-23 10:08:28] [RkH91acmxA3cUuqBsMdwRLDQBxM=] [Avrelius33] No offline messages found
[2025-08-23 10:20:49] [nrEFrg1QXE05wuZZG3BbdkciSEc=] [Dumina] Checking offline messages for client
[2025-08-23 10:20:49] [nrEFrg1QXE05wuZZG3BbdkciSEc=] [Dumina] No offline messages found
[2025-08-23 10:29:49] [U7n5f9f5UuEO8R3R6uqCVlhuqkM=] [Hisoka] Checking offline messages for client
[2025-08-23 10:29:49] [U7n5f9f5UuEO8R3R6uqCVlhuqkM=] [Hisoka] No offline messages found
[2025-08-23 10:31:18] [rc6PTp7wE3xERTiJhvZj3aYUd/Y=] [kushi] Checking offline messages for client
[2025-08-23 10:31:18] [rc6PTp7wE3xERTiJhvZj3aYUd/Y=] [kushi] No offline messages found
[2025-08-23 10:35:38] [R+KW1QSqbZRuZk4pN2SGLrk8szQ=] [namja] Checking offline messages for client
[2025-08-23 10:35:38] [R+KW1QSqbZRuZk4pN2SGLrk8szQ=] [namja] No offline messages found
[2025-08-23 10:38:35] [o+NxFv5XxjnviAwm/vCPpMLc+1Y=] [hellboy] Checking offline messages for client
[2025-08-23 10:38:35] [o+NxFv5XxjnviAwm/vCPpMLc+1Y=] [hellboy] No offline messages found
[2025-08-23 10:41:04] [RkH91acmxA3cUuqBsMdwRLDQBxM=] [Avrelius33] Checking offline messages for client
[2025-08-23 10:41:04] [RkH91acmxA3cUuqBsMdwRLDQBxM=] [Avrelius33] No offline messages found
[2025-08-23 10:49:48] [WtWgpfS8UE18SW7yGXm3r1yoO/c=] [Kowismo] Checking offline messages for client
[2025-08-23 10:49:48] [WtWgpfS8UE18SW7yGXm3r1yoO/c=] [Kowismo] No offline messages found
[2025-08-23 10:51:15] [zYawAGZUhiLdeVPemvXKS85dnPs=] [brilpill] Checking offline messages for client
[2025-08-23 10:51:15] [zYawAGZUhiLdeVPemvXKS85dnPs=] [brilpill] No offline messages found
[2025-08-23 10:55:37] [UqJCutUbL62AqzEU641i5PnQkgo=] [SweetGame1] Checking offline messages for client
[2025-08-23 10:55:37] [UqJCutUbL62AqzEU641i5PnQkgo=] [SweetGame1] No offline messages found
[2025-08-23 10:58:17] [wDjYvnAEDV8Ca22jvXeJSwKiCC0=] [Chris] Checking offline messages for client
[2025-08-23 10:58:17] [wDjYvnAEDV8Ca22jvXeJSwKiCC0=] [Chris] No offline messages found
[2025-08-23 11:02:04] [mbP4nghKzvRW54vnBJ4hB+FVGdw=] [Andy] Checking offline messages for client
[2025-08-23 11:02:04] [mbP4nghKzvRW54vnBJ4hB+FVGdw=] [Andy] No offline messages found
[2025-08-23 11:19:39] [yEw2QlD49AsaHiKxr3pm4VLoSMc=] [lowtabsecure] Checking offline messages for client
[2025-08-23 11:19:39] [yEw2QlD49AsaHiKxr3pm4VLoSMc=] [lowtabsecure] No offline messages found
[2025-08-23 11:19:47] [VJ3kiQhgdGQjTMcQZsjIsQhebgU=] [d3sc] Checking offline messages for client
[2025-08-23 11:19:47] [VJ3kiQhgdGQjTMcQZsjIsQhebgU=] [d3sc] No offline messages found
[2025-08-23 11:24:14] [yNFUjD+LJEqojKPPlPGtCAVEYRU=] [Боцман777] Checking offline messages for client
[2025-08-23 11:24:14] [yNFUjD+LJEqojKPPlPGtCAVEYRU=] [Боцман777] No offline messages found
[2025-08-23 11:29:09] [FjvWluljyXAl76fTQUXQDhqEdXg=] [sima] Checking offline messages for client
[2025-08-23 11:29:09] [FjvWluljyXAl76fTQUXQDhqEdXg=] [sima] No offline messages found
[2025-08-23 11:59:52] [DcP7H3vALpV9/Bv2pR46t3bJz8w=] [Inv1zee] Checking offline messages for client
[2025-08-23 11:59:52] [DcP7H3vALpV9/Bv2pR46t3bJz8w=] [Inv1zee] No offline messages found
[2025-08-23 12:00:45] [v/wCgdkyT9voCLbfa7Zk022rqOY=] [Enide] Checking offline messages for client
[2025-08-23 12:00:45] [v/wCgdkyT9voCLbfa7Zk022rqOY=] [Enide] No offline messages found
[2025-08-23 12:01:24] [oXIrYLweExUssDT4ltOuP2qPvVk=] [gleb0673] Checking offline messages for client
[2025-08-23 12:01:24] [oXIrYLweExUssDT4ltOuP2qPvVk=] [gleb0673] No offline messages found
[2025-08-23 12:12:00] [ZRJE0ISA13RmnFcasOlw68BVsNY=] [F4funder] Checking offline messages for client
[2025-08-23 12:12:00] [ZRJE0ISA13RmnFcasOlw68BVsNY=] [F4funder] No offline messages found
[2025-08-23 12:27:10] [iFn8yovHKhEw18zYPaTGKy7NHgM=] [KolbasaDoktorskaya] Checking offline messages for client
[2025-08-23 12:27:10] [iFn8yovHKhEw18zYPaTGKy7NHgM=] [KolbasaDoktorskaya] No offline messages found
[2025-08-23 12:31:10] [UJQSMUnQbDqCQA/Ap94PriCZpmM=] [1.6fsidertpaket] Checking offline messages for client
[2025-08-23 12:31:10] [UJQSMUnQbDqCQA/Ap94PriCZpmM=] [1.6fsidertpaket] No offline messages found
[2025-08-23 12:31:19] [RkH91acmxA3cUuqBsMdwRLDQBxM=] [Avrelius33] Checking offline messages for client
[2025-08-23 12:31:19] [RkH91acmxA3cUuqBsMdwRLDQBxM=] [Avrelius33] No offline messages found
[2025-08-23 12:50:29] [gQ5C6+V5CuxoWVdapQ4LurehHGY=] [ph0x] Checking offline messages for client
[2025-08-23 12:50:29] [gQ5C6+V5CuxoWVdapQ4LurehHGY=] [ph0x] No offline messages found
[2025-08-23 12:50:29] [gQ5C6+V5CuxoWVdapQ4LurehHGY=] [ph0x] Checking offline messages for client
[2025-08-23 12:50:29] [gQ5C6+V5CuxoWVdapQ4LurehHGY=] [ph0x] No offline messages found
[2025-08-23 12:50:29] [gQ5C6+V5CuxoWVdapQ4LurehHGY=] [ph0x] Checking offline messages for client
[2025-08-23 12:50:29] [gQ5C6+V5CuxoWVdapQ4LurehHGY=] [ph0x] No offline messages found
[2025-08-23 12:54:25] [rc6PTp7wE3xERTiJhvZj3aYUd/Y=] [kushi] Checking offline messages for client
[2025-08-23 12:54:25] [rc6PTp7wE3xERTiJhvZj3aYUd/Y=] [kushi] No offline messages found
[2025-08-23 12:57:12] [QrJc7RCtFp32CbQgt/+xheazb5w=] [wilson] Checking offline messages for client
[2025-08-23 12:57:12] [QrJc7RCtFp32CbQgt/+xheazb5w=] [wilson] No offline messages found
[2025-08-23 12:58:50] [jy4j3B25cTWi7MebCrT5JozQQxI=] [MedO] Checking offline messages for client
[2025-08-23 12:58:50] [jy4j3B25cTWi7MebCrT5JozQQxI=] [MedO] No offline messages found
[2025-08-23 12:59:15] [v/wCgdkyT9voCLbfa7Zk022rqOY=] [Enide] Checking offline messages for client
[2025-08-23 12:59:15] [v/wCgdkyT9voCLbfa7Zk022rqOY=] [Enide] No offline messages found
[2025-08-23 13:02:29] [5hddc8haxgTOmC6YnU4i/CaEPsM=] [saadf] Checking offline messages for client
[2025-08-23 13:02:29] [5hddc8haxgTOmC6YnU4i/CaEPsM=] [saadf] No offline messages found
[2025-08-23 13:03:45] [7IfhiVJqPvgzaT8q6UzCUD1usuI=] [TeamSpeakUser] Checking offline messages for client
[2025-08-23 13:03:45] [7IfhiVJqPvgzaT8q6UzCUD1usuI=] [TeamSpeakUser] No offline messages found
[2025-08-23 13:05:53] [K6ypBqoCPT9q/P/pnoIXtf9v0d4=] [hamza] Checking offline messages for client
[2025-08-23 13:05:53] [K6ypBqoCPT9q/P/pnoIXtf9v0d4=] [hamza] No offline messages found
[2025-08-23 13:07:38] [OGR4x0K2kK5M5o6aAMkiUooMFy8=] [TeamSpeakUser1] Checking offline messages for client
[2025-08-23 13:07:38] [OGR4x0K2kK5M5o6aAMkiUooMFy8=] [TeamSpeakUser1] No offline messages found
[2025-08-23 13:08:12] [OGR4x0K2kK5M5o6aAMkiUooMFy8=] [TeamSpeakUser1] Checking offline messages for client
[2025-08-23 13:08:12] [OGR4x0K2kK5M5o6aAMkiUooMFy8=] [TeamSpeakUser1] No offline messages found
[2025-08-23 13:08:18] [QrJc7RCtFp32CbQgt/+xheazb5w=] [wilson] Checking offline messages for client
[2025-08-23 13:08:18] [QrJc7RCtFp32CbQgt/+xheazb5w=] [wilson] No offline messages found
[2025-08-23 13:08:54] [jy4j3B25cTWi7MebCrT5JozQQxI=] [MedO] Checking offline messages for client
[2025-08-23 13:08:54] [jy4j3B25cTWi7MebCrT5JozQQxI=] [MedO] No offline messages found
[2025-08-23 13:18:11] [DcP7H3vALpV9/Bv2pR46t3bJz8w=] [Inv1zee] Checking offline messages for client
[2025-08-23 13:18:11] [DcP7H3vALpV9/Bv2pR46t3bJz8w=] [Inv1zee] No offline messages found
[2025-08-23 13:19:36] [ow+Zi/O4SnJIvwHosoZ7zIvOOK8=] [shinigami] Checking offline messages for client
[2025-08-23 13:19:36] [ow+Zi/O4SnJIvwHosoZ7zIvOOK8=] [shinigami] No offline messages found
[2025-08-23 13:28:21] [RjWvgBcJipBpGb4wcdtHJK9tG+A=] [XP own ger] Checking offline messages for client
[2025-08-23 13:28:21] [RjWvgBcJipBpGb4wcdtHJK9tG+A=] [XP own ger] No offline messages found
[2025-08-23 13:29:02] [RjWvgBcJipBpGb4wcdtHJK9tG+A=] [XP own ger] Checking offline messages for client
[2025-08-23 13:29:02] [RjWvgBcJipBpGb4wcdtHJK9tG+A=] [XP own ger] No offline messages found
[2025-08-23 13:34:06] [QrJc7RCtFp32CbQgt/+xheazb5w=] [wilson] Checking offline messages for client
[2025-08-23 13:34:06] [QrJc7RCtFp32CbQgt/+xheazb5w=] [wilson] No offline messages found
[2025-08-23 13:37:18] [K6ypBqoCPT9q/P/pnoIXtf9v0d4=] [hamza] Checking offline messages for client
[2025-08-23 13:37:18] [K6ypBqoCPT9q/P/pnoIXtf9v0d4=] [hamza] No offline messages found
[2025-08-23 13:39:35] [RjWvgBcJipBpGb4wcdtHJK9tG+A=] [XP own ger] Checking offline messages for client
[2025-08-23 13:39:35] [RjWvgBcJipBpGb4wcdtHJK9tG+A=] [XP own ger] No offline messages found
[2025-08-23 13:40:18] [jy4j3B25cTWi7MebCrT5JozQQxI=] [MedO] Checking offline messages for client
[2025-08-23 13:40:18] [jy4j3B25cTWi7MebCrT5JozQQxI=] [MedO] No offline messages found
[2025-08-23 13:46:57] [jy4j3B25cTWi7MebCrT5JozQQxI=] [MedO] Checking offline messages for client
[2025-08-23 13:46:57] [jy4j3B25cTWi7MebCrT5JozQQxI=] [MedO] No offline messages found
[2025-08-23 13:47:26] [TVYDqloG40AolgKZE51r8Arz5Ig=] [TeamSpeakUser2] Checking offline messages for client
[2025-08-23 13:47:26] [TVYDqloG40AolgKZE51r8Arz5Ig=] [TeamSpeakUser2] No offline messages found
[2025-08-23 13:50:46] [pNGRWt55D6S1FIi0OE8mwpiIugw=] [SGS Calvo] Checking offline messages for client
[2025-08-23 13:50:46] [pNGRWt55D6S1FIi0OE8mwpiIugw=] [SGS Calvo] No offline messages found
[2025-08-23 13:52:51] [IvPuoleyuChePKK0GR7sRhVCkJE=] [SYRUSSS] Checking offline messages for client
[2025-08-23 13:52:51] [IvPuoleyuChePKK0GR7sRhVCkJE=] [SYRUSSS] No offline messages found
[2025-08-23 13:53:55] [LgwxoONgBBy7WWHipcHbISpJnao=] [Alexander177] Checking offline messages for client
[2025-08-23 13:53:55] [LgwxoONgBBy7WWHipcHbISpJnao=] [Alexander177] No offline messages found
[2025-08-23 13:55:35] [RkH91acmxA3cUuqBsMdwRLDQBxM=] [Avrelius33] Checking offline messages for client
[2025-08-23 13:55:35] [RkH91acmxA3cUuqBsMdwRLDQBxM=] [Avrelius33] No offline messages found
[2025-08-23 13:58:09] [LChIIpVKSczGXCJcvYW8G7+Rrgk=] [erik] Checking offline messages for client
[2025-08-23 13:58:09] [LChIIpVKSczGXCJcvYW8G7+Rrgk=] [erik] No offline messages found
[2025-08-23 14:10:27] [OFkWTxSbLyrDSCACNU7XEePBPwg=] [shivska] Checking offline messages for client
[2025-08-23 14:10:27] [OFkWTxSbLyrDSCACNU7XEePBPwg=] [shivska] No offline messages found
[2025-08-23 14:13:36] [jy4j3B25cTWi7MebCrT5JozQQxI=] [MedO] Checking offline messages for client
[2025-08-23 14:13:36] [jy4j3B25cTWi7MebCrT5JozQQxI=] [MedO] No offline messages found
[2025-08-23 14:14:16] [HWLzM87+yNul7zc6POACMa/NjHo=] [TeamSpeakUser] Checking offline messages for client
[2025-08-23 14:14:16] [HWLzM87+yNul7zc6POACMa/NjHo=] [TeamSpeakUser] No offline messages found
[2025-08-23 14:14:49] [HWLzM87+yNul7zc6POACMa/NjHo=] [TeamSpeakUser] Checking offline messages for client
[2025-08-23 14:14:49] [HWLzM87+yNul7zc6POACMa/NjHo=] [TeamSpeakUser] No offline messages found
[2025-08-23 14:16:09] [HWLzM87+yNul7zc6POACMa/NjHo=] [TeamSpeakUser] Checking offline messages for client
[2025-08-23 14:16:09] [HWLzM87+yNul7zc6POACMa/NjHo=] [TeamSpeakUser] No offline messages found
[2025-08-23 14:28:02] [DcP7H3vALpV9/Bv2pR46t3bJz8w=] [Inv1zee] Checking offline messages for client
[2025-08-23 14:28:02] [DcP7H3vALpV9/Bv2pR46t3bJz8w=] [Inv1zee] No offline messages found
[2025-08-23 14:33:38] [HWLzM87+yNul7zc6POACMa/NjHo=] [TeamSpeakUser] Checking offline messages for client
[2025-08-23 14:33:38] [HWLzM87+yNul7zc6POACMa/NjHo=] [TeamSpeakUser] No offline messages found
[2025-08-23 14:42:08] [tmC0jxRfCbAbysS+lQf8Azq9p50=] [kolap_13] Checking offline messages for client
[2025-08-23 14:42:08] [tmC0jxRfCbAbysS+lQf8Azq9p50=] [kolap_13] No offline messages found
[2025-08-23 14:42:19] [tykRRTl85hacriDN3/U4/uVK28w=] [Meind (Владимир)] Checking offline messages for client
[2025-08-23 14:42:19] [tykRRTl85hacriDN3/U4/uVK28w=] [Meind (Владимир)] No offline messages found
[2025-08-23 14:46:42] [jy4j3B25cTWi7MebCrT5JozQQxI=] [MedO] Checking offline messages for client
[2025-08-23 14:46:42] [jy4j3B25cTWi7MebCrT5JozQQxI=] [MedO] No offline messages found
[2025-08-23 14:49:28] [DR3o8POrh+HEVt46IPGsL0gtMoA=] [TeamSpeakUser3] Checking offline messages for client
[2025-08-23 14:49:28] [DR3o8POrh+HEVt46IPGsL0gtMoA=] [TeamSpeakUser3] No offline messages found
[2025-08-23 14:50:18] [eR1RjitdHks89A8dgZlineVbxYg=] [mitsuki7] Checking offline messages for client
[2025-08-23 14:50:18] [eR1RjitdHks89A8dgZlineVbxYg=] [mitsuki7] No offline messages found
[2025-08-23 14:51:19] [bc6/Gz0vy5hbrsgPJYekbhiQ3p0=] [TeamSpeakUser3] Checking offline messages for client
[2025-08-23 14:51:19] [bc6/Gz0vy5hbrsgPJYekbhiQ3p0=] [TeamSpeakUser3] No offline messages found
[2025-08-23 14:51:20] [/RAzcpvI3kkRHrR2/6cu+vbbL7E=] [HELLKEEPER] Checking offline messages for client
[2025-08-23 14:51:20] [/RAzcpvI3kkRHrR2/6cu+vbbL7E=] [HELLKEEPER] No offline messages found
[2025-08-23 14:51:25] [uzZsSyn0LHyyfi/WQUJFZEu3pl4=] [TeamSpeakUser4] Checking offline messages for client
[2025-08-23 14:51:25] [uzZsSyn0LHyyfi/WQUJFZEu3pl4=] [TeamSpeakUser4] No offline messages found
[2025-08-23 14:53:00] [hoJEGIcZ4k52EyDlS/oBdQTor58=] [T-Dány] Checking offline messages for client
[2025-08-23 14:53:00] [hoJEGIcZ4k52EyDlS/oBdQTor58=] [T-Dány] No offline messages found
[2025-08-23 14:53:55] [nZ136WiLZ97XVdP+cTRnE+WRCAk=] [andibandi] Checking offline messages for client
[2025-08-23 14:53:55] [nZ136WiLZ97XVdP+cTRnE+WRCAk=] [andibandi] No offline messages found
[2025-08-23 15:00:05] [TLwIP9Vx3bePxB8PgLne8QrHhrw=] [yasha-_] Checking offline messages for client
[2025-08-23 15:00:05] [TLwIP9Vx3bePxB8PgLne8QrHhrw=] [yasha-_] No offline messages found
[2025-08-23 15:02:37] [675wO5ssJtQbFw+9qXHexPjHNYM=] [Nevskiiiy] Checking offline messages for client
[2025-08-23 15:02:37] [675wO5ssJtQbFw+9qXHexPjHNYM=] [Nevskiiiy] No offline messages found
[2025-08-23 15:03:55] [Nqv8skHKThXJuDP8kehWibXwql8=] [TeamSpeakUser3] Checking offline messages for client
[2025-08-23 15:03:55] [Nqv8skHKThXJuDP8kehWibXwql8=] [TeamSpeakUser3] No offline messages found
[2025-08-23 15:04:27] [OrQVKJp+JzfZtqOKqH2xPAvaQto=] [вапваимс] Checking offline messages for client
[2025-08-23 15:04:27] [OrQVKJp+JzfZtqOKqH2xPAvaQto=] [вапваимс] No offline messages found
[2025-08-23 15:07:35] [z2xC1vtKzHQsTBLpIQiZ8D6kuGs=] [KIYOTA PRIME] Checking offline messages for client
[2025-08-23 15:07:35] [z2xC1vtKzHQsTBLpIQiZ8D6kuGs=] [KIYOTA PRIME] No offline messages found
[2025-08-23 15:08:18] [/X/YscS42PrkRmrqan8JIui/IVI=] [pashokey] Checking offline messages for client
[2025-08-23 15:08:18] [/X/YscS42PrkRmrqan8JIui/IVI=] [pashokey] No offline messages found
[2025-08-23 15:11:23] [g1JU8ul1Jjrjq99plQHb48uB164=] [tasaru] Checking offline messages for client
[2025-08-23 15:11:23] [g1JU8ul1Jjrjq99plQHb48uB164=] [tasaru] No offline messages found
[2025-08-23 15:11:45] [pwxd39RdklT+c6j3HlbMzm3yWHo=] [Despaier] Checking offline messages for client
[2025-08-23 15:11:45] [pwxd39RdklT+c6j3HlbMzm3yWHo=] [Despaier] No offline messages found
[2025-08-23 15:12:05] [CnsaFLBvFsaEG5TIA7bpH7+nWrU=] [ardoş] Checking offline messages for client
[2025-08-23 15:12:05] [CnsaFLBvFsaEG5TIA7bpH7+nWrU=] [ardoş] No offline messages found
[2025-08-23 15:13:45] [gPEwMQsGbjD2XeDaNYoG33CiyWI=] [-SnoxJ] Checking offline messages for client
[2025-08-23 15:13:45] [gPEwMQsGbjD2XeDaNYoG33CiyWI=] [-SnoxJ] No offline messages found
[2025-08-23 15:17:02] [DVkpCSo8puDqdRTfBkUWlqHh1E0=] [Ciko#] Checking offline messages for client
[2025-08-23 15:17:02] [DVkpCSo8puDqdRTfBkUWlqHh1E0=] [Ciko#] No offline messages found
[2025-08-23 15:18:43] [sTMy4Qq5cyC5Ch9EAWdOJ0CD0l4=] [stanleyipkiss] Checking offline messages for client
[2025-08-23 15:18:43] [sTMy4Qq5cyC5Ch9EAWdOJ0CD0l4=] [stanleyipkiss] No offline messages found
[2025-08-23 15:22:02] [EabEuFfJWoidlJHowxz83DhK5uk=] [Rich Lich] Checking offline messages for client
[2025-08-23 15:22:02] [EabEuFfJWoidlJHowxz83DhK5uk=] [Rich Lich] No offline messages found
[2025-08-23 15:26:27] [L7C6RyDj46rJ2KImJAiVMGuWyg8=] [mogulyok] Checking offline messages for client
[2025-08-23 15:26:27] [L7C6RyDj46rJ2KImJAiVMGuWyg8=] [mogulyok] No offline messages found
[2025-08-23 15:26:28] [Xc1V+9hgSSUuMOB1iFNE7BbrmwA=] [Jaws] Checking offline messages for client
[2025-08-23 15:26:28] [Xc1V+9hgSSUuMOB1iFNE7BbrmwA=] [Jaws] No offline messages found
[2025-08-23 15:34:09] [qKySDB+20NCxnJzVQbUg/kdpOEA=] [GuNmiR_] Checking offline messages for client
[2025-08-23 15:34:09] [qKySDB+20NCxnJzVQbUg/kdpOEA=] [GuNmiR_] No offline messages found
[2025-08-23 15:34:13] [ZRJE0ISA13RmnFcasOlw68BVsNY=] [F4funder] Checking offline messages for client
[2025-08-23 15:34:13] [ZRJE0ISA13RmnFcasOlw68BVsNY=] [F4funder] No offline messages found
[2025-08-23 15:34:30] [/zYAQUYwBoelA9sd4JXwJRm3p5g=] [vladd2731] Checking offline messages for client
[2025-08-23 15:34:30] [/zYAQUYwBoelA9sd4JXwJRm3p5g=] [vladd2731] No offline messages found
[2025-08-23 15:35:49] [7racCOlgFtUjVFSP+fuELSON6/A=] [bomb1k04] Checking offline messages for client
[2025-08-23 15:35:49] [7racCOlgFtUjVFSP+fuELSON6/A=] [bomb1k04] No offline messages found
[2025-08-23 15:38:11] [jy4j3B25cTWi7MebCrT5JozQQxI=] [MedO] Checking offline messages for client
[2025-08-23 15:38:11] [jy4j3B25cTWi7MebCrT5JozQQxI=] [MedO] No offline messages found
[2025-08-23 15:38:14] [/zYAQUYwBoelA9sd4JXwJRm3p5g=] [vladd2731] Checking offline messages for client
[2025-08-23 15:38:14] [/zYAQUYwBoelA9sd4JXwJRm3p5g=] [vladd2731] No offline messages found
[2025-08-23 15:41:10] [1bxlkLWE1YEds4euACE9lSAD0Jg=] [Mr..Fury] Checking offline messages for client
[2025-08-23 15:41:10] [1bxlkLWE1YEds4euACE9lSAD0Jg=] [Mr..Fury] No offline messages found
[2025-08-23 15:47:56] [AVTxIqu/DQ320nFRqEutHoYujIc=] [Clappen] Checking offline messages for client
[2025-08-23 15:47:56] [AVTxIqu/DQ320nFRqEutHoYujIc=] [Clappen] No offline messages found
[2025-08-23 15:49:43] [PaRF3U3ZrnXZhkFR2i82tzNZY+Q=] [IHope3] Checking offline messages for client
[2025-08-23 15:49:43] [PaRF3U3ZrnXZhkFR2i82tzNZY+Q=] [IHope3] Found 1 offline messages
[2025-08-23 15:49:45] [PaRF3U3ZrnXZhkFR2i82tzNZY+Q=] [IHope3] Sent poke message: Your private channel has been renumbered from #0 to #2 to maintain sorting order.
[2025-08-23 15:49:45] [PaRF3U3ZrnXZhkFR2i82tzNZY+Q=] [IHope3] Deleted 1 delivered messages from database
[2025-08-23 15:49:47] [CXnQHC+XyTooAudCpjnPJpcuStE=] [clement1ne-] Checking offline messages for client
[2025-08-23 15:49:47] [CXnQHC+XyTooAudCpjnPJpcuStE=] [clement1ne-] No offline messages found
[2025-08-23 15:49:48] [CXnQHC+XyTooAudCpjnPJpcuStE=] [clement1ne-] Checking offline messages for client
[2025-08-23 15:49:48] [CXnQHC+XyTooAudCpjnPJpcuStE=] [clement1ne-] No offline messages found
[2025-08-23 15:49:48] [CXnQHC+XyTooAudCpjnPJpcuStE=] [clement1ne-] Checking offline messages for client
[2025-08-23 15:49:48] [CXnQHC+XyTooAudCpjnPJpcuStE=] [clement1ne-] No offline messages found
[2025-08-23 15:51:37] [hoJEGIcZ4k52EyDlS/oBdQTor58=] [T-Dány] Checking offline messages for client
[2025-08-23 15:51:37] [hoJEGIcZ4k52EyDlS/oBdQTor58=] [T-Dány] No offline messages found
[2025-08-23 15:51:53] [KTw+VF6m+gTCBlxPrQOWS+S0KMI=] [ego1str0ma] Checking offline messages for client
[2025-08-23 15:51:53] [KTw+VF6m+gTCBlxPrQOWS+S0KMI=] [ego1str0ma] No offline messages found
[2025-08-23 15:53:50] [PaRF3U3ZrnXZhkFR2i82tzNZY+Q=] [IHope3] Checking offline messages for client
[2025-08-23 15:53:50] [PaRF3U3ZrnXZhkFR2i82tzNZY+Q=] [IHope3] No offline messages found
[2025-08-23 15:55:27] [M09LXQM0h1IxzpSiw7t91USRzUA=] [dolv1] Checking offline messages for client
[2025-08-23 15:55:27] [M09LXQM0h1IxzpSiw7t91USRzUA=] [dolv1] No offline messages found
[2025-08-23 16:01:25] [CXnQHC+XyTooAudCpjnPJpcuStE=] [clement1ne-] Checking offline messages for client
[2025-08-23 16:01:25] [CXnQHC+XyTooAudCpjnPJpcuStE=] [clement1ne-] No offline messages found
[2025-08-23 16:10:25] [WtWgpfS8UE18SW7yGXm3r1yoO/c=] [Kowismo] Checking offline messages for client
[2025-08-23 16:10:25] [WtWgpfS8UE18SW7yGXm3r1yoO/c=] [Kowismo] Found 1 offline messages
[2025-08-23 16:10:27] [WtWgpfS8UE18SW7yGXm3r1yoO/c=] [Kowismo] Sent poke message: Your private channel has been renumbered from #16 to #15 to maintain sorting order.
[2025-08-23 16:10:27] [WtWgpfS8UE18SW7yGXm3r1yoO/c=] [Kowismo] Deleted 1 delivered messages from database
[2025-08-23 16:15:20] [HN5pYtlIXELllELcmptWdbT2sGg=] [Ngfhtly] Checking offline messages for client
[2025-08-23 16:15:20] [HN5pYtlIXELllELcmptWdbT2sGg=] [Ngfhtly] No offline messages found
[2025-08-23 16:20:04] [HWLzM87+yNul7zc6POACMa/NjHo=] [TeamSpeakUser] Checking offline messages for client
[2025-08-23 16:20:04] [HWLzM87+yNul7zc6POACMa/NjHo=] [TeamSpeakUser] No offline messages found
[2025-08-23 16:28:04] [TvTOgNTiqjm7swE0hlAPFfwQ3DU=] [Sculaccia troie] Checking offline messages for client
[2025-08-23 16:28:04] [TvTOgNTiqjm7swE0hlAPFfwQ3DU=] [Sculaccia troie] Found 1 offline messages
[2025-08-23 16:28:06] [TvTOgNTiqjm7swE0hlAPFfwQ3DU=] [Sculaccia troie] Sent poke message: Your private channel has been renumbered from #26 to #25 to maintain sorting order.
[2025-08-23 16:28:06] [TvTOgNTiqjm7swE0hlAPFfwQ3DU=] [Sculaccia troie] Deleted 1 delivered messages from database
[2025-08-23 16:28:09] [+eY62p4z2Yc8MBABvp55HWZZJ18=] [saulov] Checking offline messages for client
[2025-08-23 16:28:09] [+eY62p4z2Yc8MBABvp55HWZZJ18=] [saulov] Found 1 offline messages
[2025-08-23 16:28:11] [+eY62p4z2Yc8MBABvp55HWZZJ18=] [saulov] Sent poke message: Your private channel has been renumbered from #20 to #19 to maintain sorting order.
[2025-08-23 16:28:11] [+eY62p4z2Yc8MBABvp55HWZZJ18=] [saulov] Deleted 1 delivered messages from database
[2025-08-23 16:29:20] [vjew01mHBtwBPnydIHP5u7SnHLM=] [вата] Checking offline messages for client
[2025-08-23 16:29:20] [vjew01mHBtwBPnydIHP5u7SnHLM=] [вата] No offline messages found
[2025-08-23 16:34:12] [MmvwZxa2mecB13MFopfKTMP0Gb4=] [tcmdrug] Checking offline messages for client
[2025-08-23 16:34:12] [MmvwZxa2mecB13MFopfKTMP0Gb4=] [tcmdrug] No offline messages found
[2025-08-23 16:38:27] [RkH91acmxA3cUuqBsMdwRLDQBxM=] [Avrelius33] Checking offline messages for client
[2025-08-23 16:38:27] [RkH91acmxA3cUuqBsMdwRLDQBxM=] [Avrelius33] No offline messages found
[2025-08-23 16:41:11] [JVOORqKlrS3cJKunLuNlkNFH6ik=] [Edward_G] Checking offline messages for client
[2025-08-23 16:41:11] [JVOORqKlrS3cJKunLuNlkNFH6ik=] [Edward_G] No offline messages found
[2025-08-23 16:50:50] [EJAUg1LkK9vCvLadIGqEVIMMPOM=] [cook1ch] Checking offline messages for client
[2025-08-23 16:50:50] [EJAUg1LkK9vCvLadIGqEVIMMPOM=] [cook1ch] No offline messages found
[2025-08-23 16:51:13] [TVYDqloG40AolgKZE51r8Arz5Ig=] [TeamSpeakUser2] Checking offline messages for client
[2025-08-23 16:51:13] [TVYDqloG40AolgKZE51r8Arz5Ig=] [TeamSpeakUser2] No offline messages found
[2025-08-23 17:02:29] [CXnQHC+XyTooAudCpjnPJpcuStE=] [clement1ne-] Checking offline messages for client
[2025-08-23 17:02:29] [CXnQHC+XyTooAudCpjnPJpcuStE=] [clement1ne-] No offline messages found
[2025-08-23 17:04:34] [j5dWqR3YtdDg+SH0Z4utnl7TppY=] [Claudiu20047] Checking offline messages for client
[2025-08-23 17:04:34] [j5dWqR3YtdDg+SH0Z4utnl7TppY=] [Claudiu20047] No offline messages found
[2025-08-23 17:05:05] [70cdtlLw3loOn/Dhu5vpoWXPg5M=] [Плаки плаки лысый] Checking offline messages for client
[2025-08-23 17:05:05] [70cdtlLw3loOn/Dhu5vpoWXPg5M=] [Плаки плаки лысый] No offline messages found
[2025-08-23 17:07:06] [CXnQHC+XyTooAudCpjnPJpcuStE=] [clement1ne-] Checking offline messages for client
[2025-08-23 17:07:06] [CXnQHC+XyTooAudCpjnPJpcuStE=] [clement1ne-] No offline messages found
[2025-08-23 17:11:12] [OnyFNlLSRn5WExnVSStquo7sjMA=] [ПожилаяОстановка] Checking offline messages for client
[2025-08-23 17:11:12] [OnyFNlLSRn5WExnVSStquo7sjMA=] [ПожилаяОстановка] No offline messages found
[2025-08-23 17:14:05] [1LGAFwYeh9ftEN0OriluWE0DqDs=] [K0ubek] Checking offline messages for client
[2025-08-23 17:14:05] [1LGAFwYeh9ftEN0OriluWE0DqDs=] [K0ubek] No offline messages found
[2025-08-23 17:18:49] [PlotarA/IzD1xOqHXLunwp4hHDs=] [Butch] Checking offline messages for client
[2025-08-23 17:18:49] [PlotarA/IzD1xOqHXLunwp4hHDs=] [Butch] No offline messages found
[2025-08-23 17:28:06] [VJ3kiQhgdGQjTMcQZsjIsQhebgU=] [d3sc] Checking offline messages for client
[2025-08-23 17:28:06] [VJ3kiQhgdGQjTMcQZsjIsQhebgU=] [d3sc] No offline messages found
[2025-08-23 17:28:13] [wfhDmSmJ6J0MSdGsMsWSlYs1HE8=] [693369] Checking offline messages for client
[2025-08-23 17:28:13] [wfhDmSmJ6J0MSdGsMsWSlYs1HE8=] [693369] No offline messages found
[2025-08-23 17:28:29] [yEw2QlD49AsaHiKxr3pm4VLoSMc=] [lowtabsecure] Checking offline messages for client
[2025-08-23 17:28:29] [yEw2QlD49AsaHiKxr3pm4VLoSMc=] [lowtabsecure] No offline messages found
[2025-08-23 17:29:45] [81hFKkBy+P+tXgESbb/c8SkAEJo=] [mehrad] Checking offline messages for client
[2025-08-23 17:29:45] [81hFKkBy+P+tXgESbb/c8SkAEJo=] [mehrad] No offline messages found
[2025-08-23 17:29:58] [wfhDmSmJ6J0MSdGsMsWSlYs1HE8=] [693369] Checking offline messages for client
[2025-08-23 17:29:58] [wfhDmSmJ6J0MSdGsMsWSlYs1HE8=] [693369] No offline messages found
[2025-08-23 17:30:17] [zeMPOBbgWmXWtKy10PAhjDUbZT4=] [ThunderBan] Checking offline messages for client
[2025-08-23 17:30:17] [zeMPOBbgWmXWtKy10PAhjDUbZT4=] [ThunderBan] No offline messages found
[2025-08-23 17:40:01] [AVTxIqu/DQ320nFRqEutHoYujIc=] [Clappen] Checking offline messages for client
[2025-08-23 17:40:01] [AVTxIqu/DQ320nFRqEutHoYujIc=] [Clappen] No offline messages found
[2025-08-23 17:40:03] [AVTxIqu/DQ320nFRqEutHoYujIc=] [Clappen] Checking offline messages for client
[2025-08-23 17:40:03] [AVTxIqu/DQ320nFRqEutHoYujIc=] [Clappen] No offline messages found
[2025-08-23 17:40:05] [AVTxIqu/DQ320nFRqEutHoYujIc=] [Clappen] Checking offline messages for client
[2025-08-23 17:40:05] [AVTxIqu/DQ320nFRqEutHoYujIc=] [Clappen] No offline messages found
[2025-08-23 17:40:07] [tDLqjTL4nwp2xEyMI5as9LKTL8A=] [Ox1codon] Checking offline messages for client
[2025-08-23 17:40:07] [tDLqjTL4nwp2xEyMI5as9LKTL8A=] [Ox1codon] No offline messages found
[2025-08-23 17:40:07] [tDLqjTL4nwp2xEyMI5as9LKTL8A=] [Ox1codon] Checking offline messages for client
[2025-08-23 17:40:07] [tDLqjTL4nwp2xEyMI5as9LKTL8A=] [Ox1codon] No offline messages found
[2025-08-23 17:40:07] [tDLqjTL4nwp2xEyMI5as9LKTL8A=] [Ox1codon] Checking offline messages for client
[2025-08-23 17:40:07] [tDLqjTL4nwp2xEyMI5as9LKTL8A=] [Ox1codon] No offline messages found
[2025-08-23 17:40:07] [PaRF3U3ZrnXZhkFR2i82tzNZY+Q=] [IHope3] Checking offline messages for client
[2025-08-23 17:40:07] [PaRF3U3ZrnXZhkFR2i82tzNZY+Q=] [IHope3] No offline messages found
[2025-08-23 17:40:10] [PaRF3U3ZrnXZhkFR2i82tzNZY+Q=] [IHope3] Checking offline messages for client
[2025-08-23 17:40:10] [PaRF3U3ZrnXZhkFR2i82tzNZY+Q=] [IHope3] No offline messages found
[2025-08-23 17:40:11] [PaRF3U3ZrnXZhkFR2i82tzNZY+Q=] [IHope3] Checking offline messages for client
[2025-08-23 17:40:11] [PaRF3U3ZrnXZhkFR2i82tzNZY+Q=] [IHope3] No offline messages found
[2025-08-23 17:40:12] [PaRF3U3ZrnXZhkFR2i82tzNZY+Q=] [IHope3] Checking offline messages for client
[2025-08-23 17:40:12] [PaRF3U3ZrnXZhkFR2i82tzNZY+Q=] [IHope3] No offline messages found
[2025-08-23 17:43:32] [TqcQoUJ8RqP+rNV4dpFolffaKKs=] [darac] Checking offline messages for client
[2025-08-23 17:43:32] [TqcQoUJ8RqP+rNV4dpFolffaKKs=] [darac] No offline messages found
[2025-08-23 17:43:50] [F+sDoybvvXZVYxLikhNJeZKMmTE=] [playerHIHIHAHA] Checking offline messages for client
[2025-08-23 17:43:50] [F+sDoybvvXZVYxLikhNJeZKMmTE=] [playerHIHIHAHA] No offline messages found
[2025-08-23 17:44:59] [2ZZtgMw+KkXTMZl5vGbsPvk91FY=] [gitlerkaput22222] Checking offline messages for client
[2025-08-23 17:44:59] [2ZZtgMw+KkXTMZl5vGbsPvk91FY=] [gitlerkaput22222] No offline messages found
[2025-08-23 17:46:14] [0TS7jt0APSegEgA9K9hIWfin7m0=] [dadaok] Checking offline messages for client
[2025-08-23 17:46:14] [0TS7jt0APSegEgA9K9hIWfin7m0=] [dadaok] No offline messages found
[2025-08-23 17:48:55] [ittGd+G6KIsA5kWgW6aHZaqT3Z8=] [Quenb] Checking offline messages for client
[2025-08-23 17:48:55] [ittGd+G6KIsA5kWgW6aHZaqT3Z8=] [Quenb] No offline messages found
[2025-08-23 17:49:33] [9s59R1R1a1eZoQNYdXaHdO8F/IM=] [awegawg] Checking offline messages for client
[2025-08-23 17:49:33] [9s59R1R1a1eZoQNYdXaHdO8F/IM=] [awegawg] No offline messages found
[2025-08-23 17:49:56] [OtB8/Fi/zTqtCmvCEOm37xd//Ys=] [poo] Checking offline messages for client
[2025-08-23 17:49:56] [OtB8/Fi/zTqtCmvCEOm37xd//Ys=] [poo] No offline messages found
[2025-08-23 17:51:39] [f12EdjHswKyOEFDyewEipDgzQi0=] [BIG FIUT] Checking offline messages for client
[2025-08-23 17:51:39] [f12EdjHswKyOEFDyewEipDgzQi0=] [BIG FIUT] Found 1 offline messages
[2025-08-23 17:51:41] [f12EdjHswKyOEFDyewEipDgzQi0=] [BIG FIUT] Sent poke message: Your private channel has been renumbered from #22 to #21 to maintain sorting order.
[2025-08-23 17:51:41] [f12EdjHswKyOEFDyewEipDgzQi0=] [BIG FIUT] Deleted 1 delivered messages from database
[2025-08-23 17:53:30] [wkB3487y1xWQOaaRPzkjBGdjHI4=] [b4STARDt] Checking offline messages for client
[2025-08-23 17:53:30] [wkB3487y1xWQOaaRPzkjBGdjHI4=] [b4STARDt] No offline messages found
[2025-08-23 17:54:28] [FjvWluljyXAl76fTQUXQDhqEdXg=] [sima] Checking offline messages for client
[2025-08-23 17:54:28] [FjvWluljyXAl76fTQUXQDhqEdXg=] [sima] No offline messages found
[2025-08-23 17:54:52] [avYI7vL0XXD3nIsf8cMXtgdn+/s=] [NowY] Checking offline messages for client
[2025-08-23 17:54:52] [avYI7vL0XXD3nIsf8cMXtgdn+/s=] [NowY] No offline messages found
[2025-08-23 17:58:33] [DcP7H3vALpV9/Bv2pR46t3bJz8w=] [Inv1zee] Checking offline messages for client
[2025-08-23 17:58:33] [DcP7H3vALpV9/Bv2pR46t3bJz8w=] [Inv1zee] No offline messages found
[2025-08-23 17:58:52] [AVTxIqu/DQ320nFRqEutHoYujIc=] [Clappen] Checking offline messages for client
[2025-08-23 17:58:52] [AVTxIqu/DQ320nFRqEutHoYujIc=] [Clappen] No offline messages found
[2025-08-23 18:00:19] [5B+EB94xrwmIjHS7SOs7ZO52NeM=] [dzale] Checking offline messages for client
[2025-08-23 18:00:19] [5B+EB94xrwmIjHS7SOs7ZO52NeM=] [dzale] No offline messages found
[2025-08-23 18:01:27] [DcP7H3vALpV9/Bv2pR46t3bJz8w=] [Inv1zee] Checking offline messages for client
[2025-08-23 18:01:27] [DcP7H3vALpV9/Bv2pR46t3bJz8w=] [Inv1zee] No offline messages found
[2025-08-23 18:01:39] [t/AMLS78SHaYYRe3S8fhSiN0Kbg=] [poopsi123] Checking offline messages for client
[2025-08-23 18:01:39] [t/AMLS78SHaYYRe3S8fhSiN0Kbg=] [poopsi123] No offline messages found
[2025-08-23 18:01:56] [81hFKkBy+P+tXgESbb/c8SkAEJo=] [mehrad] Checking offline messages for client
[2025-08-23 18:01:56] [81hFKkBy+P+tXgESbb/c8SkAEJo=] [mehrad] No offline messages found
[2025-08-23 18:02:58] [s0jw1gPWDLwhiQnb4kOf3uPktuM=] [lueface] Checking offline messages for client
[2025-08-23 18:02:58] [s0jw1gPWDLwhiQnb4kOf3uPktuM=] [lueface] No offline messages found
[2025-08-23 18:07:29] [TVYDqloG40AolgKZE51r8Arz5Ig=] [TeamSpeakUser2] Checking offline messages for client
[2025-08-23 18:07:29] [TVYDqloG40AolgKZE51r8Arz5Ig=] [TeamSpeakUser2] No offline messages found
[2025-08-23 18:10:50] [DcP7H3vALpV9/Bv2pR46t3bJz8w=] [Inv1zee] Checking offline messages for client
[2025-08-23 18:10:50] [DcP7H3vALpV9/Bv2pR46t3bJz8w=] [Inv1zee] No offline messages found
[2025-08-23 18:11:41] [/rLMBa0Isdx7vPg3xfpGQYA6Hb4=] [Тыква] Checking offline messages for client
[2025-08-23 18:11:41] [/rLMBa0Isdx7vPg3xfpGQYA6Hb4=] [Тыква] No offline messages found
[2025-08-23 18:11:45] [81hFKkBy+P+tXgESbb/c8SkAEJo=] [mehrad] Checking offline messages for client
[2025-08-23 18:11:45] [81hFKkBy+P+tXgESbb/c8SkAEJo=] [mehrad] No offline messages found
[2025-08-23 18:13:38] [9RbSPznWk/iq5G+RubmZfegQDS4=] [X 1 p'] Checking offline messages for client
[2025-08-23 18:13:38] [9RbSPznWk/iq5G+RubmZfegQDS4=] [X 1 p'] No offline messages found
[2025-08-23 18:13:53] [YOkJPup3gRfkYdNucL4ldHRwmgY=] [Farzelot] Checking offline messages for client
[2025-08-23 18:13:53] [YOkJPup3gRfkYdNucL4ldHRwmgY=] [Farzelot] No offline messages found
[2025-08-23 18:15:03] [EabEuFfJWoidlJHowxz83DhK5uk=] [Rich Lich] Checking offline messages for client
[2025-08-23 18:15:03] [EabEuFfJWoidlJHowxz83DhK5uk=] [Rich Lich] No offline messages found
[2025-08-23 18:15:48] [z2xC1vtKzHQsTBLpIQiZ8D6kuGs=] [KIYOTA PRIME] Checking offline messages for client
[2025-08-23 18:15:48] [z2xC1vtKzHQsTBLpIQiZ8D6kuGs=] [KIYOTA PRIME] No offline messages found
[2025-08-23 18:16:25] [6loDKB5pFq9h9EZ8lWJAl1sRiNA=] [kagixxx] Checking offline messages for client
[2025-08-23 18:16:25] [6loDKB5pFq9h9EZ8lWJAl1sRiNA=] [kagixxx] No offline messages found
[2025-08-23 18:18:06] [2ZZtgMw+KkXTMZl5vGbsPvk91FY=] [gitlerkaput22222] Checking offline messages for client
[2025-08-23 18:18:06] [2ZZtgMw+KkXTMZl5vGbsPvk91FY=] [gitlerkaput22222] No offline messages found
[2025-08-23 18:18:40] [F+sDoybvvXZVYxLikhNJeZKMmTE=] [playerHIHIHAHA] Checking offline messages for client
[2025-08-23 18:18:40] [F+sDoybvvXZVYxLikhNJeZKMmTE=] [playerHIHIHAHA] No offline messages found
[2025-08-23 18:19:46] [hoJEGIcZ4k52EyDlS/oBdQTor58=] [T-Dány] Checking offline messages for client
[2025-08-23 18:19:46] [hoJEGIcZ4k52EyDlS/oBdQTor58=] [T-Dány] No offline messages found
[2025-08-23 18:19:53] [GSHdFQ1jzSeyLdTWhcSAlf1X2N8=] [FenaiL] Checking offline messages for client
[2025-08-23 18:19:53] [GSHdFQ1jzSeyLdTWhcSAlf1X2N8=] [FenaiL] No offline messages found
[2025-08-23 18:21:33] [FjvWluljyXAl76fTQUXQDhqEdXg=] [sima] Checking offline messages for client
[2025-08-23 18:21:33] [FjvWluljyXAl76fTQUXQDhqEdXg=] [sima] No offline messages found
[2025-08-23 18:23:41] [DreaOmWvEP6uAZBVpzt62kT6RXg=] [Holy_SpIrIt*] Checking offline messages for client
[2025-08-23 18:23:41] [DreaOmWvEP6uAZBVpzt62kT6RXg=] [Holy_SpIrIt*] No offline messages found
[2025-08-23 18:27:43] [n9bqU03RvP0PncndvvlCl00vqSY=] [Fen] Checking offline messages for client
[2025-08-23 18:27:43] [n9bqU03RvP0PncndvvlCl00vqSY=] [Fen] No offline messages found
[2025-08-23 18:28:24] [n9bqU03RvP0PncndvvlCl00vqSY=] [Fen] Checking offline messages for client
[2025-08-23 18:28:24] [n9bqU03RvP0PncndvvlCl00vqSY=] [Fen] No offline messages found
[2025-08-23 18:28:27] [sTMy4Qq5cyC5Ch9EAWdOJ0CD0l4=] [stanleyipkiss] Checking offline messages for client
[2025-08-23 18:28:27] [sTMy4Qq5cyC5Ch9EAWdOJ0CD0l4=] [stanleyipkiss] No offline messages found
[2025-08-23 18:29:08] [z2xC1vtKzHQsTBLpIQiZ8D6kuGs=] [KIYOTA PRIME] Checking offline messages for client
[2025-08-23 18:29:08] [z2xC1vtKzHQsTBLpIQiZ8D6kuGs=] [KIYOTA PRIME] No offline messages found
[2025-08-23 18:29:08] [n9bqU03RvP0PncndvvlCl00vqSY=] [Rio] Checking offline messages for client
[2025-08-23 18:29:08] [n9bqU03RvP0PncndvvlCl00vqSY=] [Rio] No offline messages found
[2025-08-23 18:29:08] [n9bqU03RvP0PncndvvlCl00vqSY=] [KIYOTA PRIME] Checking offline messages for client
[2025-08-23 18:29:08] [n9bqU03RvP0PncndvvlCl00vqSY=] [KIYOTA PRIME] No offline messages found
[2025-08-23 18:29:08] [n9bqU03RvP0PncndvvlCl00vqSY=] [KIYOTA PRIME] Checking offline messages for client
[2025-08-23 18:29:08] [n9bqU03RvP0PncndvvlCl00vqSY=] [KIYOTA PRIME] No offline messages found
[2025-08-23 18:30:01] [n9bqU03RvP0PncndvvlCl00vqSY=] [Rio] Checking offline messages for client
[2025-08-23 18:30:01] [n9bqU03RvP0PncndvvlCl00vqSY=] [Rio] No offline messages found
[2025-08-23 18:30:18] [NDS3A+LlI61dEKSQgDEsHHIbPK0=] [ZmigmA] Checking offline messages for client
[2025-08-23 18:30:18] [NDS3A+LlI61dEKSQgDEsHHIbPK0=] [ZmigmA] No offline messages found
[2025-08-23 18:30:26] [n9bqU03RvP0PncndvvlCl00vqSY=] [Rio] Checking offline messages for client
[2025-08-23 18:30:26] [n9bqU03RvP0PncndvvlCl00vqSY=] [Rio] No offline messages found
[2025-08-23 18:31:43] [z2xC1vtKzHQsTBLpIQiZ8D6kuGs=] [KIYOTA PRIME] Checking offline messages for client
[2025-08-23 18:31:43] [z2xC1vtKzHQsTBLpIQiZ8D6kuGs=] [KIYOTA PRIME] No offline messages found
[2025-08-23 18:32:58] [vQBpA0VvBo3XlFVJd2yFUhlAD5E=] [whoismert] Checking offline messages for client
[2025-08-23 18:32:58] [vQBpA0VvBo3XlFVJd2yFUhlAD5E=] [whoismert] No offline messages found
[2025-08-23 18:33:32] [9L00arJzCt1G2LLDRV0HQCJjofM=] [osasderlerbana] Checking offline messages for client
[2025-08-23 18:33:32] [9L00arJzCt1G2LLDRV0HQCJjofM=] [osasderlerbana] No offline messages found
[2025-08-23 18:35:21] [ittGd+G6KIsA5kWgW6aHZaqT3Z8=] [Quenb] Checking offline messages for client
[2025-08-23 18:35:21] [ittGd+G6KIsA5kWgW6aHZaqT3Z8=] [Quenb] No offline messages found
[2025-08-23 18:35:56] [h2yxqDaYBdNiyDlVGOH/YWCactg=] [dydek10master] Checking offline messages for client
[2025-08-23 18:35:56] [h2yxqDaYBdNiyDlVGOH/YWCactg=] [dydek10master] No offline messages found
[2025-08-23 18:36:19] [CAXLSUAM56Ig7tLYqBzO8Lrc+lY=] [zulul] Checking offline messages for client
[2025-08-23 18:36:19] [CAXLSUAM56Ig7tLYqBzO8Lrc+lY=] [zulul] No offline messages found
[2025-08-23 18:37:57] [PCz5mVdmODgf+BuhB/F8jAcUsWY=] [XandeRMeisteR] Checking offline messages for client
[2025-08-23 18:37:57] [PCz5mVdmODgf+BuhB/F8jAcUsWY=] [XandeRMeisteR] No offline messages found
[2025-08-23 18:38:33] [VJ3kiQhgdGQjTMcQZsjIsQhebgU=] [d3sc] Checking offline messages for client
[2025-08-23 18:38:33] [VJ3kiQhgdGQjTMcQZsjIsQhebgU=] [d3sc] No offline messages found
[2025-08-23 18:39:32] [zQBV+zr0os6YT3ktHjBJZW0cRd8=] [Tufix] Checking offline messages for client
[2025-08-23 18:39:32] [zQBV+zr0os6YT3ktHjBJZW0cRd8=] [Tufix] No offline messages found
[2025-08-23 18:40:54] [olx89Pdjc5M3fEKtvl/uuQb51Rw=] [СИСЯМАСИСЯ] Checking offline messages for client
[2025-08-23 18:40:54] [olx89Pdjc5M3fEKtvl/uuQb51Rw=] [СИСЯМАСИСЯ] No offline messages found
[2025-08-23 18:49:05] [gP2jkUaH5w6Pb9TwDgi1GArgvj4=] [SGS Rxsso] Checking offline messages for client
[2025-08-23 18:49:05] [gP2jkUaH5w6Pb9TwDgi1GArgvj4=] [SGS Rxsso] No offline messages found
[2025-08-23 18:49:59] [4lgk8AIxD24nO55TvFlly6KF/C4=] [e6lan] Checking offline messages for client
[2025-08-23 18:49:59] [4lgk8AIxD24nO55TvFlly6KF/C4=] [e6lan] No offline messages found
[2025-08-23 18:52:39] [0JrXRhsiBXKdOPeWdToXNBrqWMs=] [initale] Checking offline messages for client
[2025-08-23 18:52:39] [0JrXRhsiBXKdOPeWdToXNBrqWMs=] [initale] No offline messages found
[2025-08-23 18:53:50] [DdvfOAoep9XKOfimQ/Nit/nevWs=] [-3k] Checking offline messages for client
[2025-08-23 18:53:50] [DdvfOAoep9XKOfimQ/Nit/nevWs=] [-3k] No offline messages found
[2025-08-23 18:54:34] [MmvwZxa2mecB13MFopfKTMP0Gb4=] [tcmdrug] Checking offline messages for client
[2025-08-23 18:54:34] [MmvwZxa2mecB13MFopfKTMP0Gb4=] [tcmdrug] No offline messages found
[2025-08-23 18:59:29] [OtB8/Fi/zTqtCmvCEOm37xd//Ys=] [poo] Checking offline messages for client
[2025-08-23 18:59:29] [OtB8/Fi/zTqtCmvCEOm37xd//Ys=] [poo] No offline messages found
[2025-08-23 19:00:55] [ZGrMI6bNPSY3bqByYnYHBOr+Dac=] [рэдик] Checking offline messages for client
[2025-08-23 19:00:55] [ZGrMI6bNPSY3bqByYnYHBOr+Dac=] [рэдик] No offline messages found
[2025-08-23 19:02:36] [rAxvHfzR1LcyWLYDgNpfvmKh3Tc=] [Animepseh] Checking offline messages for client
[2025-08-23 19:02:36] [rAxvHfzR1LcyWLYDgNpfvmKh3Tc=] [Animepseh] No offline messages found
[2025-08-23 19:04:46] [pNGRWt55D6S1FIi0OE8mwpiIugw=] [SGS Calvo] Checking offline messages for client
[2025-08-23 19:04:46] [pNGRWt55D6S1FIi0OE8mwpiIugw=] [SGS Calvo] No offline messages found
[2025-08-23 19:05:53] [DreaOmWvEP6uAZBVpzt62kT6RXg=] [Holy_SpIrIt*] Checking offline messages for client
[2025-08-23 19:05:53] [DreaOmWvEP6uAZBVpzt62kT6RXg=] [Holy_SpIrIt*] No offline messages found
[2025-08-23 19:08:40] [ibltWy4A6sqxkciw9cfLAlz38BY=] [TeamSpeakUser] Checking offline messages for client
[2025-08-23 19:08:40] [ibltWy4A6sqxkciw9cfLAlz38BY=] [TeamSpeakUser] No offline messages found
[2025-08-23 19:08:59] [OtB8/Fi/zTqtCmvCEOm37xd//Ys=] [poo] Checking offline messages for client
[2025-08-23 19:08:59] [OtB8/Fi/zTqtCmvCEOm37xd//Ys=] [poo] No offline messages found
[2025-08-23 19:09:22] [ZGrMI6bNPSY3bqByYnYHBOr+Dac=] [рэдик] Checking offline messages for client
[2025-08-23 19:09:22] [ZGrMI6bNPSY3bqByYnYHBOr+Dac=] [рэдик] No offline messages found
[2025-08-23 19:12:40] [+eY62p4z2Yc8MBABvp55HWZZJ18=] [saulov] Checking offline messages for client
[2025-08-23 19:12:40] [+eY62p4z2Yc8MBABvp55HWZZJ18=] [saulov] No offline messages found
[2025-08-23 19:12:43] [157KL6nbvgzKYId8dWYGPfkn2rw=] [SHLYHA] Checking offline messages for client
[2025-08-23 19:12:43] [157KL6nbvgzKYId8dWYGPfkn2rw=] [SHLYHA] No offline messages found
[2025-08-23 19:12:46] [vjew01mHBtwBPnydIHP5u7SnHLM=] [вата] Checking offline messages for client
[2025-08-23 19:12:46] [vjew01mHBtwBPnydIHP5u7SnHLM=] [вата] No offline messages found
[2025-08-23 19:12:46] [vjew01mHBtwBPnydIHP5u7SnHLM=] [вата] Checking offline messages for client
[2025-08-23 19:12:46] [vjew01mHBtwBPnydIHP5u7SnHLM=] [вата] No offline messages found
[2025-08-23 19:12:47] [vjew01mHBtwBPnydIHP5u7SnHLM=] [вата] Checking offline messages for client
[2025-08-23 19:12:47] [vjew01mHBtwBPnydIHP5u7SnHLM=] [вата] No offline messages found
[2025-08-23 19:15:57] [hoJEGIcZ4k52EyDlS/oBdQTor58=] [T-Dány] Checking offline messages for client
[2025-08-23 19:15:57] [hoJEGIcZ4k52EyDlS/oBdQTor58=] [T-Dány] No offline messages found
[2025-08-23 19:16:41] [nZ136WiLZ97XVdP+cTRnE+WRCAk=] [andibandi] Checking offline messages for client
[2025-08-23 19:16:41] [nZ136WiLZ97XVdP+cTRnE+WRCAk=] [andibandi] No offline messages found
[2025-08-23 19:16:48] [iyVQVtmbSrTKhWTLGWQUmQX+5m4=] [cuffe] Checking offline messages for client
[2025-08-23 19:16:48] [iyVQVtmbSrTKhWTLGWQUmQX+5m4=] [cuffe] No offline messages found
[2025-08-23 19:20:13] [CnsaFLBvFsaEG5TIA7bpH7+nWrU=] [ardoş] Checking offline messages for client
[2025-08-23 19:20:13] [CnsaFLBvFsaEG5TIA7bpH7+nWrU=] [ardoş] No offline messages found
[2025-08-23 19:21:06] [RkH91acmxA3cUuqBsMdwRLDQBxM=] [Avrelius33] Checking offline messages for client
[2025-08-23 19:21:06] [RkH91acmxA3cUuqBsMdwRLDQBxM=] [Avrelius33] No offline messages found
[2025-08-23 19:26:41] [70cdtlLw3loOn/Dhu5vpoWXPg5M=] [Плаки плаки лысый] Checking offline messages for client
[2025-08-23 19:26:41] [70cdtlLw3loOn/Dhu5vpoWXPg5M=] [Плаки плаки лысый] No offline messages found
[2025-08-23 19:29:35] [MCH5CUuHw7qLHVegyroS34EN/pQ=] [PastA1] Checking offline messages for client
[2025-08-23 19:29:35] [MCH5CUuHw7qLHVegyroS34EN/pQ=] [PastA1] No offline messages found
[2025-08-23 19:29:57] [26LCykHOi4bOHKgTy0MkodSp0M8=] [Vulex23] Checking offline messages for client
[2025-08-23 19:29:57] [26LCykHOi4bOHKgTy0MkodSp0M8=] [Vulex23] No offline messages found
[2025-08-23 19:30:07] [0XaSaJTqMDRG53r/L41NHA912Rw=] [pisun] Checking offline messages for client
[2025-08-23 19:30:07] [0XaSaJTqMDRG53r/L41NHA912Rw=] [pisun] No offline messages found
[2025-08-23 19:30:58] [9RYhYLJQuz+5zxOjDqP3tBps2/o=] [EXOPUL] Checking offline messages for client
[2025-08-23 19:30:58] [9RYhYLJQuz+5zxOjDqP3tBps2/o=] [EXOPUL] No offline messages found
[2025-08-23 19:31:13] [Di2MaUkDvWG/4yTOmNqIBWAhaIM=] [astraiser] Checking offline messages for client
[2025-08-23 19:31:13] [Di2MaUkDvWG/4yTOmNqIBWAhaIM=] [astraiser] No offline messages found
[2025-08-23 19:31:34] [1HI7FfyGvRoy7LsxaMPRjYtN/y8=] [kirill24233] Checking offline messages for client
[2025-08-23 19:31:34] [1HI7FfyGvRoy7LsxaMPRjYtN/y8=] [kirill24233] No offline messages found
[2025-08-23 19:35:12] [TVYDqloG40AolgKZE51r8Arz5Ig=] [TeamSpeakUser2] Checking offline messages for client
[2025-08-23 19:35:12] [TVYDqloG40AolgKZE51r8Arz5Ig=] [TeamSpeakUser2] No offline messages found
[2025-08-23 19:40:00] [+QTfzoCOcfpc5pNJ24WBX/EfRAU=] [Уебище] Checking offline messages for client
[2025-08-23 19:40:00] [+QTfzoCOcfpc5pNJ24WBX/EfRAU=] [Уебище] No offline messages found
[2025-08-23 19:43:53] [gPEwMQsGbjD2XeDaNYoG33CiyWI=] [-SnoxJ] Checking offline messages for client
[2025-08-23 19:43:53] [gPEwMQsGbjD2XeDaNYoG33CiyWI=] [-SnoxJ] No offline messages found
[2025-08-23 19:44:37] [U9IMfSvzj5D6AQ6a6xlapRD7cZ0=] [dayn777] Checking offline messages for client
[2025-08-23 19:44:37] [U9IMfSvzj5D6AQ6a6xlapRD7cZ0=] [dayn777] No offline messages found
[2025-08-23 19:45:19] [MarBbTtCOdPsPCcTGPUko7UH7Sk=] [billy nogami] Checking offline messages for client
[2025-08-23 19:45:19] [MarBbTtCOdPsPCcTGPUko7UH7Sk=] [billy nogami] No offline messages found
[2025-08-23 19:45:25] [PVNfw2kZRLLc2OhjqEZMAA6JeB0=] [TeamSpeakUser] Checking offline messages for client
[2025-08-23 19:45:25] [PVNfw2kZRLLc2OhjqEZMAA6JeB0=] [TeamSpeakUser] No offline messages found
[2025-08-23 19:49:18] [pVyKuo6vAY4o81l1MYnx/UDtbDc=] [fun cloud] Checking offline messages for client
[2025-08-23 19:49:18] [pVyKuo6vAY4o81l1MYnx/UDtbDc=] [fun cloud] No offline messages found
[2025-08-23 19:52:28] [OQCeQ18IAEuoURvL5bx576m14Ls=] [Belzevul] Checking offline messages for client
[2025-08-23 19:52:28] [OQCeQ18IAEuoURvL5bx576m14Ls=] [Belzevul] No offline messages found
[2025-08-23 19:52:54] [fCcgSwjCp3lS59hRDgZjAu+wSUk=] [Imperor] Checking offline messages for client
[2025-08-23 19:52:54] [fCcgSwjCp3lS59hRDgZjAu+wSUk=] [Imperor] No offline messages found
[2025-08-23 19:53:05] [qKySDB+20NCxnJzVQbUg/kdpOEA=] [GuNmiR_] Checking offline messages for client
[2025-08-23 19:53:05] [qKySDB+20NCxnJzVQbUg/kdpOEA=] [GuNmiR_] No offline messages found
[2025-08-23 19:54:39] [G831RTm365sZm+AZDB791219bVE=] [x7uned] Checking offline messages for client
[2025-08-23 19:54:39] [G831RTm365sZm+AZDB791219bVE=] [x7uned] No offline messages found
[2025-08-23 19:56:36] [5hddc8haxgTOmC6YnU4i/CaEPsM=] [saadf] Checking offline messages for client
[2025-08-23 19:56:36] [5hddc8haxgTOmC6YnU4i/CaEPsM=] [saadf] No offline messages found
[2025-08-23 19:56:51] [cTD17OIfk/hrp2OpewjFGlpa2mk=] [TeamSpeakUser13] Checking offline messages for client
[2025-08-23 19:56:51] [cTD17OIfk/hrp2OpewjFGlpa2mk=] [TeamSpeakUser13] No offline messages found
[2025-08-23 19:57:15] [DR3o8POrh+HEVt46IPGsL0gtMoA=] [TeamSpeakUser] Checking offline messages for client
[2025-08-23 19:57:15] [DR3o8POrh+HEVt46IPGsL0gtMoA=] [TeamSpeakUser] No offline messages found
[2025-08-23 19:58:27] [gxGX91a+FO9ox8ymbTAiTSocxRE=] [Froll1] Checking offline messages for client
[2025-08-23 19:58:27] [gxGX91a+FO9ox8ymbTAiTSocxRE=] [Froll1] No offline messages found
[2025-08-23 19:59:16] [EG8Onk9X4P6ZrUNa8UIC4sAcsnw=] [N1kit0s@] Checking offline messages for client
[2025-08-23 19:59:16] [EG8Onk9X4P6ZrUNa8UIC4sAcsnw=] [N1kit0s@] No offline messages found
[2025-08-23 20:02:32] [3wg7BCfYXeBM2oQdARkOPE+vHas=] [bleen] Checking offline messages for client
[2025-08-23 20:02:32] [3wg7BCfYXeBM2oQdARkOPE+vHas=] [bleen] No offline messages found
[2025-08-23 20:04:05] [RsLFTb9VG9OQrC5jmLEaxKjH4bI=] [aswee-] Checking offline messages for client
[2025-08-23 20:04:05] [RsLFTb9VG9OQrC5jmLEaxKjH4bI=] [aswee-] No offline messages found
[2025-08-23 20:04:50] [rNuuzETCYHp/ipeNXkMjDacyUEg=] [Haydn_123] Checking offline messages for client
[2025-08-23 20:04:50] [rNuuzETCYHp/ipeNXkMjDacyUEg=] [Haydn_123] No offline messages found
[2025-08-23 20:05:16] [eR1RjitdHks89A8dgZlineVbxYg=] [mitsuki7] Checking offline messages for client
[2025-08-23 20:05:16] [eR1RjitdHks89A8dgZlineVbxYg=] [mitsuki7] No offline messages found
[2025-08-23 20:05:22] [L7C6RyDj46rJ2KImJAiVMGuWyg8=] [mogulyok] Checking offline messages for client
[2025-08-23 20:05:22] [L7C6RyDj46rJ2KImJAiVMGuWyg8=] [mogulyok] No offline messages found
[2025-08-23 20:05:45] [TLwIP9Vx3bePxB8PgLne8QrHhrw=] [yasha-_] Checking offline messages for client
[2025-08-23 20:05:45] [TLwIP9Vx3bePxB8PgLne8QrHhrw=] [yasha-_] No offline messages found
[2025-08-23 20:06:33] [MarBbTtCOdPsPCcTGPUko7UH7Sk=] [billy nogami] Checking offline messages for client
[2025-08-23 20:06:33] [MarBbTtCOdPsPCcTGPUko7UH7Sk=] [billy nogami] No offline messages found
[2025-08-23 20:07:23] [MarBbTtCOdPsPCcTGPUko7UH7Sk=] [billy nogami] Checking offline messages for client
[2025-08-23 20:07:23] [MarBbTtCOdPsPCcTGPUko7UH7Sk=] [billy nogami] No offline messages found
[2025-08-23 20:10:05] [MarBbTtCOdPsPCcTGPUko7UH7Sk=] [billy nogami] Checking offline messages for client
[2025-08-23 20:10:05] [MarBbTtCOdPsPCcTGPUko7UH7Sk=] [billy nogami] No offline messages found
[2025-08-23 20:11:08] [LChIIpVKSczGXCJcvYW8G7+Rrgk=] [erik] Checking offline messages for client
[2025-08-23 20:11:08] [LChIIpVKSczGXCJcvYW8G7+Rrgk=] [erik] No offline messages found
[2025-08-23 20:11:13] [yPSI9aghhtH6O+mnSQIo84yUZ4c=] [шароёб] Checking offline messages for client
[2025-08-23 20:11:13] [yPSI9aghhtH6O+mnSQIo84yUZ4c=] [шароёб] Found 1 offline messages
[2025-08-23 20:11:15] [yPSI9aghhtH6O+mnSQIo84yUZ4c=] [шароёб] Sent poke message: Your private channel has been renumbered from #17 to #16 to maintain sorting order.
[2025-08-23 20:11:15] [yPSI9aghhtH6O+mnSQIo84yUZ4c=] [шароёб] Deleted 1 delivered messages from database
[2025-08-23 20:12:37] [kI4Iq6xXKhsCvHl1H7QZho8zUzY=] [elges] Checking offline messages for client
[2025-08-23 20:12:37] [kI4Iq6xXKhsCvHl1H7QZho8zUzY=] [elges] No offline messages found
[2025-08-23 20:13:54] [A337CRyeHXs4LwAB23shVIw0jeg=] [mishechcaty] Checking offline messages for client
[2025-08-23 20:13:54] [A337CRyeHXs4LwAB23shVIw0jeg=] [mishechcaty] No offline messages found
[2025-08-23 20:14:15] [v4HBviZ5MpnDpeG8hecQkotPVk4=] [TeamSpeakUser1] Checking offline messages for client
[2025-08-23 20:14:15] [v4HBviZ5MpnDpeG8hecQkotPVk4=] [TeamSpeakUser1] No offline messages found
[2025-08-23 20:14:41] [iefEc7IftjNMM5/w71mlW1yAG/s=] [fugue state] Checking offline messages for client
[2025-08-23 20:14:41] [iefEc7IftjNMM5/w71mlW1yAG/s=] [fugue state] No offline messages found
[2025-08-23 20:15:55] [sZQPfAhKNyJnHG1VTlCSqp382GY=] [GSavio] Checking offline messages for client
[2025-08-23 20:15:55] [sZQPfAhKNyJnHG1VTlCSqp382GY=] [GSavio] No offline messages found
[2025-08-23 20:17:05] [HWLzM87+yNul7zc6POACMa/NjHo=] [TeamSpeakUser3] Checking offline messages for client
[2025-08-23 20:17:05] [HWLzM87+yNul7zc6POACMa/NjHo=] [TeamSpeakUser3] No offline messages found
[2025-08-23 20:21:33] [OaGbqAfO2WfombCP5kMUjmY2SXg=] [Coolest] Checking offline messages for client
[2025-08-23 20:21:33] [OaGbqAfO2WfombCP5kMUjmY2SXg=] [Coolest] No offline messages found
[2025-08-23 20:22:13] [Nqv8skHKThXJuDP8kehWibXwql8=] [TeamSpeakUser1] Checking offline messages for client
[2025-08-23 20:22:13] [Nqv8skHKThXJuDP8kehWibXwql8=] [TeamSpeakUser1] No offline messages found
[2025-08-23 20:22:14] [2Lx63FxcyvHlLbs3Khbo5bJe6mY=] [Last] Checking offline messages for client
[2025-08-23 20:22:14] [2Lx63FxcyvHlLbs3Khbo5bJe6mY=] [Last] No offline messages found
[2025-08-23 20:22:50] [TOjjgKZc8++PSteC+WqgE/oZqRE=] [Patron] Checking offline messages for client
[2025-08-23 20:22:50] [TOjjgKZc8++PSteC+WqgE/oZqRE=] [Patron] No offline messages found
[2025-08-23 20:23:18] [DXfYggFZtsJ530GWWJpQlBKQl+M=] [Stoja] Checking offline messages for client
[2025-08-23 20:23:18] [DXfYggFZtsJ530GWWJpQlBKQl+M=] [Stoja] No offline messages found
[2025-08-23 20:23:43] [VJ3kiQhgdGQjTMcQZsjIsQhebgU=] [d3sc] Checking offline messages for client
[2025-08-23 20:23:43] [VJ3kiQhgdGQjTMcQZsjIsQhebgU=] [d3sc] No offline messages found
[2025-08-23 20:24:07] [v4HBviZ5MpnDpeG8hecQkotPVk4=] [TeamSpeakUser11] Checking offline messages for client
[2025-08-23 20:24:07] [v4HBviZ5MpnDpeG8hecQkotPVk4=] [TeamSpeakUser11] No offline messages found
[2025-08-23 20:24:57] [yEw2QlD49AsaHiKxr3pm4VLoSMc=] [lowtabsecure] Checking offline messages for client
[2025-08-23 20:24:57] [yEw2QlD49AsaHiKxr3pm4VLoSMc=] [lowtabsecure] No offline messages found
[2025-08-23 20:25:33] [ZRJE0ISA13RmnFcasOlw68BVsNY=] [F4funder] Checking offline messages for client
[2025-08-23 20:25:33] [ZRJE0ISA13RmnFcasOlw68BVsNY=] [F4funder] No offline messages found
[2025-08-23 20:27:09] [raAePR7lHPhNIRleevueRUQgaPg=] [Seyit] Checking offline messages for client
[2025-08-23 20:27:09] [raAePR7lHPhNIRleevueRUQgaPg=] [Seyit] No offline messages found
[2025-08-23 20:29:12] [xweiIcFZYx5VGQnkKFiqZn1zetU=] [Mix] Checking offline messages for client
[2025-08-23 20:29:12] [xweiIcFZYx5VGQnkKFiqZn1zetU=] [Mix] No offline messages found
[2025-08-23 20:30:20] [B2fRgglzPVX7d5IDrNsAi94lUY0=] [baia] Checking offline messages for client
[2025-08-23 20:30:20] [B2fRgglzPVX7d5IDrNsAi94lUY0=] [baia] No offline messages found
[2025-08-23 20:30:24] [xweiIcFZYx5VGQnkKFiqZn1zetU=] [TeamSpeakUser4] Checking offline messages for client
[2025-08-23 20:30:24] [xweiIcFZYx5VGQnkKFiqZn1zetU=] [TeamSpeakUser4] No offline messages found
[2025-08-23 20:31:01] [evaliPW3xkdyL90ibSN04b7s+4c=] [yaltinets] Checking offline messages for client
[2025-08-23 20:31:01] [evaliPW3xkdyL90ibSN04b7s+4c=] [yaltinets] No offline messages found
[2025-08-23 20:32:51] [AJimp0Wwxt3LJm5dPIyisfwXR6U=] [N3rvezz] Checking offline messages for client
[2025-08-23 20:32:51] [AJimp0Wwxt3LJm5dPIyisfwXR6U=] [N3rvezz] No offline messages found
[2025-08-23 20:34:10] [esphB+mG2+N8I3ntRjK04Tgvv7o=] [Phantor] Checking offline messages for client
[2025-08-23 20:34:10] [esphB+mG2+N8I3ntRjK04Tgvv7o=] [Phantor] No offline messages found
[2025-08-23 20:36:52] [HWG+ATHFYYOXM1l3iDtc4v9gUsM=] [Baldiez] Checking offline messages for client
[2025-08-23 20:36:52] [HWG+ATHFYYOXM1l3iDtc4v9gUsM=] [Baldiez] No offline messages found
[2025-08-23 20:39:21] [z2xC1vtKzHQsTBLpIQiZ8D6kuGs=] [KIYOTA PRIME] Checking offline messages for client
[2025-08-23 20:39:21] [z2xC1vtKzHQsTBLpIQiZ8D6kuGs=] [KIYOTA PRIME] No offline messages found
[2025-08-23 20:40:10] [rHVaTl3X/+c2AGX/xqBOVS8QpIw=] [KurtaBesidaTV] Checking offline messages for client
[2025-08-23 20:40:10] [rHVaTl3X/+c2AGX/xqBOVS8QpIw=] [KurtaBesidaTV] No offline messages found
[2025-08-23 20:40:19] [DXfYggFZtsJ530GWWJpQlBKQl+M=] [Stoja] Checking offline messages for client
[2025-08-23 20:40:19] [DXfYggFZtsJ530GWWJpQlBKQl+M=] [Stoja] No offline messages found
[2025-08-23 20:41:10] [bebLlHmNFiDOULwzFR3g03H4GHg=] [СИСЯ] Checking offline messages for client
[2025-08-23 20:41:10] [bebLlHmNFiDOULwzFR3g03H4GHg=] [СИСЯ] No offline messages found
[2025-08-23 20:43:52] [g1JU8ul1Jjrjq99plQHb48uB164=] [tasaru] Checking offline messages for client
[2025-08-23 20:43:52] [g1JU8ul1Jjrjq99plQHb48uB164=] [tasaru] No offline messages found
[2025-08-23 20:43:53] [z2xC1vtKzHQsTBLpIQiZ8D6kuGs=] [KIYOTA PRIME] Checking offline messages for client
[2025-08-23 20:43:53] [z2xC1vtKzHQsTBLpIQiZ8D6kuGs=] [KIYOTA PRIME] No offline messages found
[2025-08-23 20:44:47] [evaliPW3xkdyL90ibSN04b7s+4c=] [yaltinets] Checking offline messages for client
[2025-08-23 20:44:47] [evaliPW3xkdyL90ibSN04b7s+4c=] [yaltinets] No offline messages found
[2025-08-23 20:44:55] [+y6FUQl27rwMXIB71pIKRb6WS6o=] [borkache] Checking offline messages for client
[2025-08-23 20:44:55] [+y6FUQl27rwMXIB71pIKRb6WS6o=] [borkache] No offline messages found
[2025-08-23 20:45:43] [u791RqE0ZExL+h1JfSYlYNNhk0s=] [FataL1Day] Checking offline messages for client
[2025-08-23 20:45:43] [u791RqE0ZExL+h1JfSYlYNNhk0s=] [FataL1Day] No offline messages found
[2025-08-23 20:48:25] [daLZO33ORrjt8kilU/mo70jc7KI=] [makpyn] Checking offline messages for client
[2025-08-23 20:48:25] [daLZO33ORrjt8kilU/mo70jc7KI=] [makpyn] No offline messages found
[2025-08-23 20:51:13] [IvPuoleyuChePKK0GR7sRhVCkJE=] [SYRUSSS] Checking offline messages for client
[2025-08-23 20:51:13] [IvPuoleyuChePKK0GR7sRhVCkJE=] [SYRUSSS] No offline messages found
[2025-08-23 20:52:24] [CivIdqvdtxSJX+mCOeU13yota9Y=] [digitalmix] Checking offline messages for client
[2025-08-23 20:52:24] [CivIdqvdtxSJX+mCOeU13yota9Y=] [digitalmix] No offline messages found
[2025-08-23 20:53:37] [u/wzYW79e2HUgHcLocth30j5UKg=] [Ax`Lim] Checking offline messages for client
[2025-08-23 20:53:37] [u/wzYW79e2HUgHcLocth30j5UKg=] [Ax`Lim] No offline messages found
[2025-08-23 20:53:40] [/o8pqMqjRWAMMg8cPSsOifVtYg4=] [ALİ] Checking offline messages for client
[2025-08-23 20:53:40] [/o8pqMqjRWAMMg8cPSsOifVtYg4=] [ALİ] No offline messages found
[2025-08-23 20:54:53] [yU5AqRzT3plqv4fu7Bc9jGrcdZ0=] [SysmoUsercid=140] Checking offline messages for client
[2025-08-23 20:54:53] [yU5AqRzT3plqv4fu7Bc9jGrcdZ0=] [SysmoUsercid=140] No offline messages found
[2025-08-23 20:59:08] [OP6ZNYaIpr2jKYVqHALdDPeGuwM=] [Homka090] Checking offline messages for client
[2025-08-23 20:59:08] [OP6ZNYaIpr2jKYVqHALdDPeGuwM=] [Homka090] No offline messages found
[2025-08-23 21:08:29] [HWLzM87+yNul7zc6POACMa/NjHo=] [TeamSpeakUser2] Checking offline messages for client
[2025-08-23 21:08:29] [HWLzM87+yNul7zc6POACMa/NjHo=] [TeamSpeakUser2] No offline messages found
[2025-08-23 21:08:38] [pwxd39RdklT+c6j3HlbMzm3yWHo=] [Despaier] Checking offline messages for client
[2025-08-23 21:08:38] [pwxd39RdklT+c6j3HlbMzm3yWHo=] [Despaier] No offline messages found
[2025-08-23 21:09:27] [z2xC1vtKzHQsTBLpIQiZ8D6kuGs=] [KIYOTA PRIME] Checking offline messages for client
[2025-08-23 21:09:27] [z2xC1vtKzHQsTBLpIQiZ8D6kuGs=] [KIYOTA PRIME] No offline messages found
[2025-08-23 21:13:44] [raAePR7lHPhNIRleevueRUQgaPg=] [Seyit] Checking offline messages for client
[2025-08-23 21:13:44] [raAePR7lHPhNIRleevueRUQgaPg=] [Seyit] No offline messages found
[2025-08-23 21:17:23] [3oWtn5L+6IU6K2KqfHLzLNq4zKM=] [kaetanin] Checking offline messages for client
[2025-08-23 21:17:23] [3oWtn5L+6IU6K2KqfHLzLNq4zKM=] [kaetanin] No offline messages found
[2025-08-23 21:17:25] [8TeEaPqNFvSIfNUjNlFyCRxZegI=] [Florian Bingsbaum] Checking offline messages for client
[2025-08-23 21:17:25] [8TeEaPqNFvSIfNUjNlFyCRxZegI=] [Florian Bingsbaum] No offline messages found
[2025-08-23 21:17:40] [HxDcrjjP7wK8Ltl604CXiNqqV0Y=] [Justin] Checking offline messages for client
[2025-08-23 21:17:40] [HxDcrjjP7wK8Ltl604CXiNqqV0Y=] [Justin] No offline messages found
[2025-08-23 21:22:24] [DXfYggFZtsJ530GWWJpQlBKQl+M=] [Stoja] Checking offline messages for client
[2025-08-23 21:22:24] [DXfYggFZtsJ530GWWJpQlBKQl+M=] [Stoja] No offline messages found
[2025-08-23 21:26:00] [RBwh+hLI7qM/5sBbq4UPaExpE30=] [Druid Сrow 🦅] Checking offline messages for client
[2025-08-23 21:26:00] [RBwh+hLI7qM/5sBbq4UPaExpE30=] [Druid Сrow 🦅] No offline messages found
[2025-08-23 21:26:04] [L7C6RyDj46rJ2KImJAiVMGuWyg8=] [mogulyok] Checking offline messages for client
[2025-08-23 21:26:04] [L7C6RyDj46rJ2KImJAiVMGuWyg8=] [mogulyok] No offline messages found
[2025-08-23 21:26:30] [4bwbG22D2nvFRXrk1hU7lMQBHXs=] [tokir808] Checking offline messages for client
[2025-08-23 21:26:30] [4bwbG22D2nvFRXrk1hU7lMQBHXs=] [tokir808] No offline messages found
[2025-08-23 21:29:43] [4bwbG22D2nvFRXrk1hU7lMQBHXs=] [tokir808] Checking offline messages for client
[2025-08-23 21:29:43] [4bwbG22D2nvFRXrk1hU7lMQBHXs=] [tokir808] No offline messages found
[2025-08-23 21:30:21] [OtB8/Fi/zTqtCmvCEOm37xd//Ys=] [poo] Checking offline messages for client
[2025-08-23 21:30:21] [OtB8/Fi/zTqtCmvCEOm37xd//Ys=] [poo] No offline messages found
[2025-08-23 21:30:39] [yU5AqRzT3plqv4fu7Bc9jGrcdZ0=] [SysmoUsercid=140] Checking offline messages for client
[2025-08-23 21:30:39] [yU5AqRzT3plqv4fu7Bc9jGrcdZ0=] [SysmoUsercid=140] No offline messages found
[2025-08-23 21:33:07] [pUCIpssKzbEhYAmtB8xcuFXcEsU=] [mostafa] Checking offline messages for client
[2025-08-23 21:33:07] [pUCIpssKzbEhYAmtB8xcuFXcEsU=] [mostafa] No offline messages found
[2025-08-23 21:33:08] [pUCIpssKzbEhYAmtB8xcuFXcEsU=] [mostafa] Checking offline messages for client
[2025-08-23 21:33:08] [pUCIpssKzbEhYAmtB8xcuFXcEsU=] [mostafa] No offline messages found
[2025-08-23 21:33:08] [pUCIpssKzbEhYAmtB8xcuFXcEsU=] [mostafa] Checking offline messages for client
[2025-08-23 21:33:08] [pUCIpssKzbEhYAmtB8xcuFXcEsU=] [mostafa] No offline messages found
[2025-08-23 21:34:33] [WUFbI2wm1TirPkulhTRESNYToW0=] [sajjad] Checking offline messages for client
[2025-08-23 21:34:33] [WUFbI2wm1TirPkulhTRESNYToW0=] [sajjad] No offline messages found
[2025-08-23 21:34:52] [fYKPLzAvmRM/eocK63NalrKMgr4=] [Mura1212] Checking offline messages for client
[2025-08-23 21:34:52] [fYKPLzAvmRM/eocK63NalrKMgr4=] [Mura1212] No offline messages found
[2025-08-23 21:38:35] [fYKPLzAvmRM/eocK63NalrKMgr4=] [Mura1212] Checking offline messages for client
[2025-08-23 21:38:35] [fYKPLzAvmRM/eocK63NalrKMgr4=] [Mura1212] No offline messages found
[2025-08-23 21:40:02] [yU5AqRzT3plqv4fu7Bc9jGrcdZ0=] [SysmoUsercid=140] Checking offline messages for client
[2025-08-23 21:40:02] [yU5AqRzT3plqv4fu7Bc9jGrcdZ0=] [SysmoUsercid=140] No offline messages found
[2025-08-23 21:40:57] [zuVIrAkrcJ27iLMeBqadkQW3yLY=] [babanız] Checking offline messages for client
[2025-08-23 21:40:57] [zuVIrAkrcJ27iLMeBqadkQW3yLY=] [babanız] Found 1 offline messages
[2025-08-23 21:40:59] [zuVIrAkrcJ27iLMeBqadkQW3yLY=] [babanız] Sent poke message: Your private channel has been renumbered from #13 to #12 to maintain sorting order.
[2025-08-23 21:40:59] [zuVIrAkrcJ27iLMeBqadkQW3yLY=] [babanız] Deleted 1 delivered messages from database
[2025-08-23 21:41:36] [Tgd5hyEUE1h1eu8z/TBEWqTvsO4=] [verdi] Checking offline messages for client
[2025-08-23 21:41:36] [Tgd5hyEUE1h1eu8z/TBEWqTvsO4=] [verdi] No offline messages found
[2025-08-23 21:42:13] [xweiIcFZYx5VGQnkKFiqZn1zetU=] [Mix] Checking offline messages for client
[2025-08-23 21:42:13] [xweiIcFZYx5VGQnkKFiqZn1zetU=] [Mix] No offline messages found
[2025-08-23 21:42:22] [hjWXkNSCtpNp4pKBwVjj4FoVfnc=] [az_nzt] Checking offline messages for client
[2025-08-23 21:42:22] [hjWXkNSCtpNp4pKBwVjj4FoVfnc=] [az_nzt] No offline messages found
[2025-08-23 21:43:43] [OtB8/Fi/zTqtCmvCEOm37xd//Ys=] [poo] Checking offline messages for client
[2025-08-23 21:43:43] [OtB8/Fi/zTqtCmvCEOm37xd//Ys=] [poo] No offline messages found
[2025-08-23 21:44:03] [+jUkkf7zEhwigCpMOnAB3m97gLU=] [GuitarBot] Checking offline messages for client
[2025-08-23 21:44:03] [+jUkkf7zEhwigCpMOnAB3m97gLU=] [GuitarBot] No offline messages found
[2025-08-23 21:44:12] [Avier1kSEobo0lgcPD4f6RS11uk=] [TeamSpeakUser3] Checking offline messages for client
[2025-08-23 21:44:12] [Avier1kSEobo0lgcPD4f6RS11uk=] [TeamSpeakUser3] No offline messages found
[2025-08-23 21:44:52] [iH6tXA/di667f0B/AN7hh6pJHHw=] [Hampter] Checking offline messages for client
[2025-08-23 21:44:52] [iH6tXA/di667f0B/AN7hh6pJHHw=] [Hampter] No offline messages found
[2025-08-23 21:44:53] [iH6tXA/di667f0B/AN7hh6pJHHw=] [Hampter] Checking offline messages for client
[2025-08-23 21:44:53] [iH6tXA/di667f0B/AN7hh6pJHHw=] [Hampter] No offline messages found
[2025-08-23 21:44:53] [iH6tXA/di667f0B/AN7hh6pJHHw=] [Hampter] Checking offline messages for client
[2025-08-23 21:44:53] [iH6tXA/di667f0B/AN7hh6pJHHw=] [Hampter] No offline messages found
[2025-08-23 21:46:14] [Y3EDpeFsO9lDhDp9nUiaxxnoG/E=] [LADRON] Checking offline messages for client
[2025-08-23 21:46:14] [Y3EDpeFsO9lDhDp9nUiaxxnoG/E=] [LADRON] No offline messages found
[2025-08-23 21:46:28] [AyKvPxLt4QpbMHxnacf6lcFXyxc=] [sss] Checking offline messages for client
[2025-08-23 21:46:28] [AyKvPxLt4QpbMHxnacf6lcFXyxc=] [sss] No offline messages found
[2025-08-23 21:47:53] [0pfL6k6+uhY3YJUK1FucX6agAV8=] [MC durak] Checking offline messages for client
[2025-08-23 21:47:53] [0pfL6k6+uhY3YJUK1FucX6agAV8=] [MC durak] No offline messages found
[2025-08-23 21:48:51] [fiWNBIZG2ioqbK7dtheFRsenFVI=] [AlexQc] Checking offline messages for client
[2025-08-23 21:48:51] [fiWNBIZG2ioqbK7dtheFRsenFVI=] [AlexQc] No offline messages found
[2025-08-23 21:49:02] [rHVaTl3X/+c2AGX/xqBOVS8QpIw=] [KurtaBesidaTV] Checking offline messages for client
[2025-08-23 21:49:02] [rHVaTl3X/+c2AGX/xqBOVS8QpIw=] [KurtaBesidaTV] No offline messages found
[2025-08-23 21:50:11] [Yolrk0vLW7Jl+G3XWWoj32wvYHo=] [joyy] Checking offline messages for client
[2025-08-23 21:50:11] [Yolrk0vLW7Jl+G3XWWoj32wvYHo=] [joyy] Found 1 offline messages
[2025-08-23 21:50:13] [Yolrk0vLW7Jl+G3XWWoj32wvYHo=] [joyy] Sent poke message: Your private channel has been renumbered from #25 to #24 to maintain sorting order.
[2025-08-23 21:50:13] [Yolrk0vLW7Jl+G3XWWoj32wvYHo=] [joyy] Deleted 1 delivered messages from database
[2025-08-23 21:50:22] [yU5AqRzT3plqv4fu7Bc9jGrcdZ0=] [SysmoUsercid=140] Checking offline messages for client
[2025-08-23 21:50:22] [yU5AqRzT3plqv4fu7Bc9jGrcdZ0=] [SysmoUsercid=140] No offline messages found
[2025-08-23 21:51:40] [XUq6lat2sP336FLybn+Od5CLO5Q=] [RABOTES] Checking offline messages for client
[2025-08-23 21:51:40] [XUq6lat2sP336FLybn+Od5CLO5Q=] [RABOTES] No offline messages found
[2025-08-23 21:52:24] [g1JU8ul1Jjrjq99plQHb48uB164=] [tasaru] Checking offline messages for client
[2025-08-23 21:52:24] [g1JU8ul1Jjrjq99plQHb48uB164=] [tasaru] No offline messages found
[2025-08-23 21:52:25] [g1JU8ul1Jjrjq99plQHb48uB164=] [tasaru] Checking offline messages for client
[2025-08-23 21:52:25] [g1JU8ul1Jjrjq99plQHb48uB164=] [tasaru] No offline messages found
[2025-08-23 21:52:25] [g1JU8ul1Jjrjq99plQHb48uB164=] [tasaru] Checking offline messages for client
[2025-08-23 21:52:25] [g1JU8ul1Jjrjq99plQHb48uB164=] [tasaru] No offline messages found
[2025-08-23 21:52:27] [A1xfpFQsaf2c9EH0PcH4vxsTE1o=] [GENERAL MOTORS] Checking offline messages for client
[2025-08-23 21:52:27] [A1xfpFQsaf2c9EH0PcH4vxsTE1o=] [GENERAL MOTORS] No offline messages found
[2025-08-23 21:52:27] [A1xfpFQsaf2c9EH0PcH4vxsTE1o=] [GENERAL MOTORS] Checking offline messages for client
[2025-08-23 21:52:27] [A1xfpFQsaf2c9EH0PcH4vxsTE1o=] [GENERAL MOTORS] No offline messages found
[2025-08-23 21:52:28] [A1xfpFQsaf2c9EH0PcH4vxsTE1o=] [GENERAL MOTORS] Checking offline messages for client
[2025-08-23 21:52:28] [A1xfpFQsaf2c9EH0PcH4vxsTE1o=] [GENERAL MOTORS] No offline messages found
[2025-08-23 21:52:52] [Y3EDpeFsO9lDhDp9nUiaxxnoG/E=] [LADRON] Checking offline messages for client
[2025-08-23 21:52:52] [Y3EDpeFsO9lDhDp9nUiaxxnoG/E=] [LADRON] No offline messages found
[2025-08-23 21:54:27] [AyKvPxLt4QpbMHxnacf6lcFXyxc=] [sss] Checking offline messages for client
[2025-08-23 21:54:27] [AyKvPxLt4QpbMHxnacf6lcFXyxc=] [sss] No offline messages found
[2025-08-23 21:55:33] [xcwFhKN0bPn1QJxV7HHekBb2PAs=] [Сика] Checking offline messages for client
[2025-08-23 21:55:33] [xcwFhKN0bPn1QJxV7HHekBb2PAs=] [Сика] No offline messages found
[2025-08-23 22:02:53] [wApv01GrS3YSc34nSOiaN6Ie8aQ=] [fz1] Checking offline messages for client
[2025-08-23 22:02:53] [wApv01GrS3YSc34nSOiaN6Ie8aQ=] [fz1] No offline messages found
[2025-08-23 22:05:09] [dNRYIZtk71CY8BBDYawxb2cjIk8=] [Cencya1] Checking offline messages for client
[2025-08-23 22:05:09] [dNRYIZtk71CY8BBDYawxb2cjIk8=] [Cencya1] No offline messages found
[2025-08-23 22:07:38] [bfBHMKZBZ+ykgSUwUk0K/ZJFvDw=] [zzzCorleonezzz ( Бислан )] Checking offline messages for client
[2025-08-23 22:07:38] [bfBHMKZBZ+ykgSUwUk0K/ZJFvDw=] [zzzCorleonezzz ( Бислан )] No offline messages found
[2025-08-23 22:10:55] [y8www1vX+Fcxdsy3fifmpFwkYkA=] [KingDriver] Checking offline messages for client
[2025-08-23 22:10:55] [y8www1vX+Fcxdsy3fifmpFwkYkA=] [KingDriver] No offline messages found
[2025-08-23 22:11:28] [OtB8/Fi/zTqtCmvCEOm37xd//Ys=] [poo] Checking offline messages for client
[2025-08-23 22:11:28] [OtB8/Fi/zTqtCmvCEOm37xd//Ys=] [poo] No offline messages found
[2025-08-23 22:11:47] [V/sE7GD+jPAQPdHRhDxgmql0tFI=] [Jabberson] Checking offline messages for client
[2025-08-23 22:11:47] [V/sE7GD+jPAQPdHRhDxgmql0tFI=] [Jabberson] No offline messages found
[2025-08-23 22:12:13] [V/sE7GD+jPAQPdHRhDxgmql0tFI=] [Jabberson] Checking offline messages for client
[2025-08-23 22:12:13] [V/sE7GD+jPAQPdHRhDxgmql0tFI=] [Jabberson] No offline messages found
[2025-08-23 22:13:39] [Y3EDpeFsO9lDhDp9nUiaxxnoG/E=] [LADRON] Checking offline messages for client
[2025-08-23 22:13:39] [Y3EDpeFsO9lDhDp9nUiaxxnoG/E=] [LADRON] No offline messages found
[2025-08-23 22:14:41] [3wfCbZork1r8h4aDgIW1hfWE0YA=] [SNAC-Ahmet] Checking offline messages for client
[2025-08-23 22:14:41] [3wfCbZork1r8h4aDgIW1hfWE0YA=] [SNAC-Ahmet] No offline messages found
[2025-08-23 22:15:46] [tOoGEdCN9ULy8ULKyELfIWNelvU=] [kayanyildz] Checking offline messages for client
[2025-08-23 22:15:46] [tOoGEdCN9ULy8ULKyELfIWNelvU=] [kayanyildz] No offline messages found
[2025-08-23 22:16:08] [8fYztNYS5f8Fc6fjkbCM7rkV5og=] [Doolph] Checking offline messages for client
[2025-08-23 22:16:08] [8fYztNYS5f8Fc6fjkbCM7rkV5og=] [Doolph] No offline messages found
[2025-08-23 22:18:09] [L2eQNSlPSLEvzElBvTWjnRjR04U=] [Koniciva] Checking offline messages for client
[2025-08-23 22:18:09] [L2eQNSlPSLEvzElBvTWjnRjR04U=] [Koniciva] No offline messages found
[2025-08-23 22:24:29] [Yolrk0vLW7Jl+G3XWWoj32wvYHo=] [joyy] Checking offline messages for client
[2025-08-23 22:24:29] [Yolrk0vLW7Jl+G3XWWoj32wvYHo=] [joyy] No offline messages found
[2025-08-23 22:26:39] [OaGbqAfO2WfombCP5kMUjmY2SXg=] [Coolest] Checking offline messages for client
[2025-08-23 22:26:39] [OaGbqAfO2WfombCP5kMUjmY2SXg=] [Coolest] No offline messages found
[2025-08-23 22:28:09] [pb0kvBFjGNGQCwIw3+dxOPKug9E=] [TEANZI] Checking offline messages for client
[2025-08-23 22:28:09] [pb0kvBFjGNGQCwIw3+dxOPKug9E=] [TEANZI] No offline messages found
[2025-08-23 22:28:43] [OaGbqAfO2WfombCP5kMUjmY2SXg=] [Coolest] Checking offline messages for client
[2025-08-23 22:28:43] [OaGbqAfO2WfombCP5kMUjmY2SXg=] [Coolest] No offline messages found
[2025-08-23 22:28:46] [q+Dme7hw+JksFcc5wayDrCFM5bk=] [yngbldd] Checking offline messages for client
[2025-08-23 22:28:46] [q+Dme7hw+JksFcc5wayDrCFM5bk=] [yngbldd] No offline messages found
[2025-08-23 22:30:48] [vFjtC2ZoAetP0THHVaffkNS1cIQ=] [sayonara] Checking offline messages for client
[2025-08-23 22:30:48] [vFjtC2ZoAetP0THHVaffkNS1cIQ=] [sayonara] No offline messages found
[2025-08-23 22:31:29] [exD6uysCqFmgLMPyPjYOaWAzxY4=] [MicchiTR] Checking offline messages for client
[2025-08-23 22:31:29] [exD6uysCqFmgLMPyPjYOaWAzxY4=] [MicchiTR] No offline messages found
[2025-08-23 22:32:26] [9yJoO9YN3GwQ3S10Ixz9nAKhZnk=] [Sethius] Checking offline messages for client
[2025-08-23 22:32:26] [9yJoO9YN3GwQ3S10Ixz9nAKhZnk=] [Sethius] No offline messages found
[2025-08-23 22:33:05] [6EwxQw7oRt1YOQbzeeEOWW6iyEY=] [TeamSpeakUser] Checking offline messages for client
[2025-08-23 22:33:05] [6EwxQw7oRt1YOQbzeeEOWW6iyEY=] [TeamSpeakUser] No offline messages found
[2025-08-23 22:33:15] [Oov1MfOFFovIa6BxLp/q2bSynIU=] [RauL] Checking offline messages for client
[2025-08-23 22:33:15] [Oov1MfOFFovIa6BxLp/q2bSynIU=] [RauL] No offline messages found
[2025-08-23 22:33:20] [xa6D8FIW6ei0ShkOhBhw00Tmpcc=] [PipkaOtca] Checking offline messages for client
[2025-08-23 22:33:20] [xa6D8FIW6ei0ShkOhBhw00Tmpcc=] [PipkaOtca] No offline messages found
[2025-08-23 22:34:15] [vFjtC2ZoAetP0THHVaffkNS1cIQ=] [sayonara] Checking offline messages for client
[2025-08-23 22:34:15] [vFjtC2ZoAetP0THHVaffkNS1cIQ=] [sayonara] No offline messages found
[2025-08-23 22:43:35] [C7NxckscL5/kGQPP6KRbYm7iI+g=] [moco] Checking offline messages for client
[2025-08-23 22:43:35] [C7NxckscL5/kGQPP6KRbYm7iI+g=] [moco] No offline messages found
[2025-08-23 22:50:16] [OaGbqAfO2WfombCP5kMUjmY2SXg=] [Coolest] Checking offline messages for client
[2025-08-23 22:50:16] [OaGbqAfO2WfombCP5kMUjmY2SXg=] [Coolest] No offline messages found
[2025-08-23 22:53:59] [+eY62p4z2Yc8MBABvp55HWZZJ18=] [saulov] Checking offline messages for client
[2025-08-23 22:53:59] [+eY62p4z2Yc8MBABvp55HWZZJ18=] [saulov] No offline messages found
[2025-08-23 22:54:07] [157KL6nbvgzKYId8dWYGPfkn2rw=] [SHLYHA] Checking offline messages for client
[2025-08-23 22:54:07] [157KL6nbvgzKYId8dWYGPfkn2rw=] [SHLYHA] No offline messages found
[2025-08-23 22:54:24] [vjew01mHBtwBPnydIHP5u7SnHLM=] [вата] Checking offline messages for client
[2025-08-23 22:54:24] [vjew01mHBtwBPnydIHP5u7SnHLM=] [вата] No offline messages found
[2025-08-23 22:59:15] [ciQK6CeEwO/c6U5nbN9YKRS1f6I=] [poyraz] Checking offline messages for client
[2025-08-23 22:59:15] [ciQK6CeEwO/c6U5nbN9YKRS1f6I=] [poyraz] No offline messages found
[2025-08-23 23:08:34] [cMkGnTTHFvn5Sz0A9+EoXM1gT2s=] [mishechcat] Checking offline messages for client
[2025-08-23 23:08:34] [cMkGnTTHFvn5Sz0A9+EoXM1gT2s=] [mishechcat] No offline messages found
[2025-08-23 23:11:34] [ofp0lC8aE44wL4Ooasojs98NL70=] [miz-miz] Checking offline messages for client
[2025-08-23 23:11:34] [ofp0lC8aE44wL4Ooasojs98NL70=] [miz-miz] No offline messages found
[2025-08-23 23:12:19] [z2xC1vtKzHQsTBLpIQiZ8D6kuGs=] [KIYOTA PRIME] Checking offline messages for client
[2025-08-23 23:12:19] [z2xC1vtKzHQsTBLpIQiZ8D6kuGs=] [KIYOTA PRIME] No offline messages found
[2025-08-23 23:12:26] [vaVe9/FEOzRhyvw7CafJOhyBI0o=] [Em1roff] Checking offline messages for client
[2025-08-23 23:12:26] [vaVe9/FEOzRhyvw7CafJOhyBI0o=] [Em1roff] No offline messages found
[2025-08-23 23:18:07] [OtB8/Fi/zTqtCmvCEOm37xd//Ys=] [poo] Checking offline messages for client
[2025-08-23 23:18:07] [OtB8/Fi/zTqtCmvCEOm37xd//Ys=] [poo] No offline messages found
[2025-08-23 23:18:31] [sZQPfAhKNyJnHG1VTlCSqp382GY=] [GSavio] Checking offline messages for client
[2025-08-23 23:18:31] [sZQPfAhKNyJnHG1VTlCSqp382GY=] [GSavio] No offline messages found
[2025-08-23 23:18:56] [v4HBviZ5MpnDpeG8hecQkotPVk4=] [TeamSpeakUser1] Checking offline messages for client
[2025-08-23 23:18:56] [v4HBviZ5MpnDpeG8hecQkotPVk4=] [TeamSpeakUser1] No offline messages found
[2025-08-23 23:19:44] [v4HBviZ5MpnDpeG8hecQkotPVk4=] [TeamSpeakUser1] Checking offline messages for client
[2025-08-23 23:19:44] [v4HBviZ5MpnDpeG8hecQkotPVk4=] [TeamSpeakUser1] No offline messages found
[2025-08-23 23:30:10] [S+NHoCwoeBL66A1dOJSNx3a6pnA=] [Skellatic] Checking offline messages for client
[2025-08-23 23:30:10] [S+NHoCwoeBL66A1dOJSNx3a6pnA=] [Skellatic] No offline messages found
[2025-08-23 23:31:43] [ilO9JAl5glx+WikZA6SZqmic0Iw=] [kaiizenn] Checking offline messages for client
[2025-08-23 23:31:43] [ilO9JAl5glx+WikZA6SZqmic0Iw=] [kaiizenn] No offline messages found
[2025-08-23 23:33:53] [ow+Zi/O4SnJIvwHosoZ7zIvOOK8=] [shinigami] Checking offline messages for client
[2025-08-23 23:33:53] [ow+Zi/O4SnJIvwHosoZ7zIvOOK8=] [shinigami] No offline messages found
[2025-08-23 23:34:11] [yMR20fnFAYdUutjOUr82pX8+ecM=] [IIBallisticII] Checking offline messages for client
[2025-08-23 23:34:11] [yMR20fnFAYdUutjOUr82pX8+ecM=] [IIBallisticII] No offline messages found
[2025-08-23 23:40:23] [0WgZKkj6v4iiMp7/eG9vKSWI5qU=] [TeamSpeakUser3] Checking offline messages for client
[2025-08-23 23:40:23] [0WgZKkj6v4iiMp7/eG9vKSWI5qU=] [TeamSpeakUser3] No offline messages found
[2025-08-23 23:42:06] [hFplnszNsVWixGv+jr9PV6siVtc=] [PitcaRNNN``] Checking offline messages for client
[2025-08-23 23:42:06] [hFplnszNsVWixGv+jr9PV6siVtc=] [PitcaRNNN``] No offline messages found
[2025-08-23 23:45:08] [FP8QCzpoPLJ+AZA71SRgmVqlctI=] [OMNI] Checking offline messages for client
[2025-08-23 23:45:08] [FP8QCzpoPLJ+AZA71SRgmVqlctI=] [OMNI] No offline messages found
[2025-08-23 23:46:21] [RieN2lhH3NMTuv2vjCB+y4yXH+I=] [lolo] Checking offline messages for client
[2025-08-23 23:46:21] [RieN2lhH3NMTuv2vjCB+y4yXH+I=] [lolo] No offline messages found
[2025-08-23 23:46:41] [Ts7udWue3g17nu6r1FPkwNmHBrk=] [Nyx] Checking offline messages for client
[2025-08-23 23:46:41] [Ts7udWue3g17nu6r1FPkwNmHBrk=] [Nyx] No offline messages found
[2025-08-23 23:47:44] [s5SoU0O6Mp2lEkoeWlMc2247gBk=] [don] Checking offline messages for client
[2025-08-23 23:47:44] [s5SoU0O6Mp2lEkoeWlMc2247gBk=] [don] No offline messages found
[2025-08-23 23:48:28] [FP8QCzpoPLJ+AZA71SRgmVqlctI=] [S14M4K] Checking offline messages for client
[2025-08-23 23:48:28] [FP8QCzpoPLJ+AZA71SRgmVqlctI=] [S14M4K] No offline messages found
[2025-08-23 23:48:29] [ne+PHsFJnweKS67gfwxEqJXtdwE=] [janik] Checking offline messages for client
[2025-08-23 23:48:29] [ne+PHsFJnweKS67gfwxEqJXtdwE=] [janik] No offline messages found
[2025-08-23 23:48:29] [ne+PHsFJnweKS67gfwxEqJXtdwE=] [janik] Checking offline messages for client
[2025-08-23 23:48:29] [ne+PHsFJnweKS67gfwxEqJXtdwE=] [janik] No offline messages found
[2025-08-23 23:48:30] [ne+PHsFJnweKS67gfwxEqJXtdwE=] [janik] Checking offline messages for client
[2025-08-23 23:48:30] [ne+PHsFJnweKS67gfwxEqJXtdwE=] [janik] No offline messages found
[2025-08-23 23:49:29] [RieN2lhH3NMTuv2vjCB+y4yXH+I=] [lolo] Checking offline messages for client
[2025-08-23 23:49:29] [RieN2lhH3NMTuv2vjCB+y4yXH+I=] [lolo] No offline messages found
[2025-08-23 23:51:11] [RieN2lhH3NMTuv2vjCB+y4yXH+I=] [lolo] Checking offline messages for client
[2025-08-23 23:51:11] [RieN2lhH3NMTuv2vjCB+y4yXH+I=] [lolo] No offline messages found
[2025-08-23 23:51:30] [qnI7tO/BboMdAQFjmSv9/gyQREY=] [batuhnn] Checking offline messages for client
[2025-08-23 23:51:30] [qnI7tO/BboMdAQFjmSv9/gyQREY=] [batuhnn] No offline messages found
[2025-08-23 23:53:15] [y8www1vX+Fcxdsy3fifmpFwkYkA=] [KingDriver] Checking offline messages for client
[2025-08-23 23:53:15] [y8www1vX+Fcxdsy3fifmpFwkYkA=] [KingDriver] No offline messages found
[2025-08-23 23:55:27] [pUCIpssKzbEhYAmtB8xcuFXcEsU=] [mostafa] Checking offline messages for client
[2025-08-23 23:55:27] [pUCIpssKzbEhYAmtB8xcuFXcEsU=] [mostafa] No offline messages found
[2025-08-23 23:56:25] [dgFc8QnrgYh+2Is//RzgHMqIDfk=] [abs] Checking offline messages for client
[2025-08-23 23:56:25] [dgFc8QnrgYh+2Is//RzgHMqIDfk=] [abs] No offline messages found
[2025-08-23 23:56:48] [L8VEN4PeNceeZLHOhRYvEKIZWvk=] [aslan] Checking offline messages for client
[2025-08-23 23:56:48] [L8VEN4PeNceeZLHOhRYvEKIZWvk=] [aslan] No offline messages found
[2025-08-23 23:58:49] [dDU+qrUO+E8NJHOmrQsCvli4BEA=] [kyojin] Checking offline messages for client
[2025-08-23 23:58:49] [dDU+qrUO+E8NJHOmrQsCvli4BEA=] [kyojin] No offline messages found
