[2025-07-18 00:02:20] [SUyYSikzwvWaWCbWBoMk77s4vxs=] [ne_HoPy] Checking offline messages for client
[2025-07-18 00:02:20] [SUyYSikzwvWaWCbWBoMk77s4vxs=] [ne_HoPy] No offline messages found
[2025-07-18 00:03:10] [qnI7tO/BboMdAQFjmSv9/gyQREY=] [batuhnn] Checking offline messages for client
[2025-07-18 00:03:10] [qnI7tO/BboMdAQFjmSv9/gyQREY=] [batuhnn] No offline messages found
[2025-07-18 00:07:25] [qnI7tO/BboMdAQFjmSv9/gyQREY=] [batuhnn] Checking offline messages for client
[2025-07-18 00:07:25] [qnI7tO/BboMdAQFjmSv9/gyQREY=] [batuhnn] No offline messages found
[2025-07-18 00:08:00] [SUyYSikzwvWaWCbWBoMk77s4vxs=] [ne_HoPy] Checking offline messages for client
[2025-07-18 00:08:00] [SUyYSikzwvWaWCbWBoMk77s4vxs=] [ne_HoPy] No offline messages found
[2025-07-18 00:26:25] [GvKQC+0wB2vJXrx64sJ8sS41K2w=] [Pol'zovatel'] Checking offline messages for client
[2025-07-18 00:26:25] [GvKQC+0wB2vJXrx64sJ8sS41K2w=] [Pol'zovatel'] No offline messages found
[2025-07-18 00:31:44] [GvKQC+0wB2vJXrx64sJ8sS41K2w=] [Pol'zovatel'] Checking offline messages for client
[2025-07-18 00:31:44] [GvKQC+0wB2vJXrx64sJ8sS41K2w=] [Pol'zovatel'] No offline messages found
[2025-07-18 00:39:19] [rtdUFV+2q6gMB7LIOA5+y8SqhBY=] [mevlutozkara] Checking offline messages for client
[2025-07-18 00:39:19] [rtdUFV+2q6gMB7LIOA5+y8SqhBY=] [mevlutozkara] No offline messages found
[2025-07-18 00:40:04] [UINiUnQ/eAgNIPOPr4tSfW+qXvo=] [Потужний Фід] Checking offline messages for client
[2025-07-18 00:40:04] [UINiUnQ/eAgNIPOPr4tSfW+qXvo=] [Потужний Фід] No offline messages found
[2025-07-18 00:43:32] [otx+oFZHI0+5nWic0kiHwBENnrI=] [Arturito] Checking offline messages for client
[2025-07-18 00:43:32] [otx+oFZHI0+5nWic0kiHwBENnrI=] [Arturito] No offline messages found
[2025-07-18 01:10:16] [UJQSMUnQbDqCQA/Ap94PriCZpmM=] [1.6fsidertpaket] Checking offline messages for client
[2025-07-18 01:10:16] [UJQSMUnQbDqCQA/Ap94PriCZpmM=] [1.6fsidertpaket] No offline messages found
[2025-07-18 01:11:31] [SUyYSikzwvWaWCbWBoMk77s4vxs=] [ne_HoPy] Checking offline messages for client
[2025-07-18 01:11:31] [SUyYSikzwvWaWCbWBoMk77s4vxs=] [ne_HoPy] No offline messages found
[2025-07-18 01:14:03] [dHD7jWi8Q5Lp4lz7I8/axaXFAEA=] [__illlia__] Checking offline messages for client
[2025-07-18 01:14:03] [dHD7jWi8Q5Lp4lz7I8/axaXFAEA=] [__illlia__] No offline messages found
[2025-07-18 01:14:22] [dHD7jWi8Q5Lp4lz7I8/axaXFAEA=] [__illlia__] Checking offline messages for client
[2025-07-18 01:14:22] [dHD7jWi8Q5Lp4lz7I8/axaXFAEA=] [__illlia__] No offline messages found
[2025-07-18 01:24:05] [wHu8CcJA3lzMnjKWRMwrrvCJbLs=] [PoPoEyE] Checking offline messages for client
[2025-07-18 01:24:05] [wHu8CcJA3lzMnjKWRMwrrvCJbLs=] [PoPoEyE] No offline messages found
[2025-07-18 01:25:56] [g95LkcovmlDSBBJIdmdv0zN6QBs=] [baysikimdeğil] Checking offline messages for client
[2025-07-18 01:25:56] [g95LkcovmlDSBBJIdmdv0zN6QBs=] [baysikimdeğil] No offline messages found
[2025-07-18 01:34:39] [SUyYSikzwvWaWCbWBoMk77s4vxs=] [ne_HoPy] Checking offline messages for client
[2025-07-18 01:34:39] [SUyYSikzwvWaWCbWBoMk77s4vxs=] [ne_HoPy] No offline messages found
[2025-07-18 01:52:42] [3PUL5t5Jz0KW4hyrBCzi+BArN60=] [tenshin_non] Checking offline messages for client
[2025-07-18 01:52:42] [3PUL5t5Jz0KW4hyrBCzi+BArN60=] [tenshin_non] No offline messages found
[2025-07-18 01:54:53] [rTLX4waWG3u3VszoJl+qUEOPyAk=] [ROSSY] Checking offline messages for client
[2025-07-18 01:54:53] [rTLX4waWG3u3VszoJl+qUEOPyAk=] [ROSSY] No offline messages found
[2025-07-18 01:59:16] [jWxbfxhLxs9dPa3t1WUnys7gnbk=] [Richard_TH] Checking offline messages for client
[2025-07-18 01:59:16] [jWxbfxhLxs9dPa3t1WUnys7gnbk=] [Richard_TH] No offline messages found
[2025-07-18 02:01:03] [v2BBJiovfOUESBkhxMYBwBZqyiE=] [ne_HopZy] Checking offline messages for client
[2025-07-18 02:01:03] [v2BBJiovfOUESBkhxMYBwBZqyiE=] [ne_HopZy] No offline messages found
[2025-07-18 02:03:06] [WtWgpfS8UE18SW7yGXm3r1yoO/c=] [Kowismo] Checking offline messages for client
[2025-07-18 02:03:06] [WtWgpfS8UE18SW7yGXm3r1yoO/c=] [Kowismo] No offline messages found
[2025-07-18 02:12:52] [SUyYSikzwvWaWCbWBoMk77s4vxs=] [ne_HoPy] Checking offline messages for client
[2025-07-18 02:12:52] [SUyYSikzwvWaWCbWBoMk77s4vxs=] [ne_HoPy] No offline messages found
[2025-07-18 02:58:53] [O3jgy+4YcNZxt6Kfdzgsu6OGY/w=] [Elcau_sita18] Checking offline messages for client
[2025-07-18 02:58:53] [O3jgy+4YcNZxt6Kfdzgsu6OGY/w=] [Elcau_sita18] No offline messages found
[2025-07-18 03:00:32] [Cji46tp2K393WPeFVB8+qBNs7Sw=] [TeamSpeakUser] Checking offline messages for client
[2025-07-18 03:00:32] [Cji46tp2K393WPeFVB8+qBNs7Sw=] [TeamSpeakUser] No offline messages found
[2025-07-18 03:40:10] [8GrL7TtsAwbkPA/fi0CnWV4xJo0=] [ivo] Checking offline messages for client
[2025-07-18 03:40:10] [8GrL7TtsAwbkPA/fi0CnWV4xJo0=] [ivo] No offline messages found
[2025-07-18 03:40:13] [WBs9EuR9sJkxgnopd34/B46BslQ=] [jajao] Checking offline messages for client
[2025-07-18 03:40:13] [WBs9EuR9sJkxgnopd34/B46BslQ=] [jajao] No offline messages found
[2025-07-18 03:46:14] [UaWg0SMyfAkCvHy5CyiGFneBPYs=] [WirtzGoldenBoy] Checking offline messages for client
[2025-07-18 03:46:14] [UaWg0SMyfAkCvHy5CyiGFneBPYs=] [WirtzGoldenBoy] No offline messages found
[2025-07-18 04:04:10] [3El8Af8khtUw3r7evsMzWALuswM=] [montesiao] Checking offline messages for client
[2025-07-18 04:04:10] [3El8Af8khtUw3r7evsMzWALuswM=] [montesiao] No offline messages found
[2025-07-18 04:17:47] [sDGTmykW+tszI+sqWb5sOOLvtdM=] [f.donato] Checking offline messages for client
[2025-07-18 04:17:47] [sDGTmykW+tszI+sqWb5sOOLvtdM=] [f.donato] No offline messages found
[2025-07-18 05:17:10] [qCQuK6Is+deAhN2xl/XspjIz8xY=] [Faith] Checking offline messages for client
[2025-07-18 05:17:10] [qCQuK6Is+deAhN2xl/XspjIz8xY=] [Faith] No offline messages found
[2025-07-18 05:17:18] [qNsg0b7JeakWdOg/MBVUEfo+t/s=] [Chico] Checking offline messages for client
[2025-07-18 05:17:18] [qNsg0b7JeakWdOg/MBVUEfo+t/s=] [Chico] No offline messages found
[2025-07-18 05:25:51] [sDGTmykW+tszI+sqWb5sOOLvtdM=] [f.donato] Checking offline messages for client
[2025-07-18 05:25:51] [sDGTmykW+tszI+sqWb5sOOLvtdM=] [f.donato] No offline messages found
[2025-07-18 05:27:22] [sDGTmykW+tszI+sqWb5sOOLvtdM=] [f.donato] Checking offline messages for client
[2025-07-18 05:27:22] [sDGTmykW+tszI+sqWb5sOOLvtdM=] [f.donato] No offline messages found
[2025-07-18 05:29:14] [B2fRgglzPVX7d5IDrNsAi94lUY0=] [baia] Checking offline messages for client
[2025-07-18 05:29:14] [B2fRgglzPVX7d5IDrNsAi94lUY0=] [baia] No offline messages found
[2025-07-18 05:30:41] [rfSlRu7uzjI8pCmk2erQZXW6+7M=] [2212312] Checking offline messages for client
[2025-07-18 05:30:41] [rfSlRu7uzjI8pCmk2erQZXW6+7M=] [2212312] No offline messages found
[2025-07-18 05:30:50] [sDGTmykW+tszI+sqWb5sOOLvtdM=] [f.donato] Checking offline messages for client
[2025-07-18 05:30:50] [sDGTmykW+tszI+sqWb5sOOLvtdM=] [f.donato] No offline messages found
[2025-07-18 06:03:03] [SUyYSikzwvWaWCbWBoMk77s4vxs=] [ne_HoPy] Checking offline messages for client
[2025-07-18 06:03:03] [SUyYSikzwvWaWCbWBoMk77s4vxs=] [ne_HoPy] No offline messages found
[2025-07-18 06:13:59] [I6jOOSBap0dJfQxxrWEXasWM9n0=] [sharfyusha] Checking offline messages for client
[2025-07-18 06:13:59] [I6jOOSBap0dJfQxxrWEXasWM9n0=] [sharfyusha] No offline messages found
[2025-07-18 06:17:45] [ZhvWkHfrWLVjrK3fFImU+a6eDAM=] [ratera] Checking offline messages for client
[2025-07-18 06:17:45] [ZhvWkHfrWLVjrK3fFImU+a6eDAM=] [ratera] No offline messages found
[2025-07-18 07:54:04] [SUyYSikzwvWaWCbWBoMk77s4vxs=] [ne_HoPy] Checking offline messages for client
[2025-07-18 07:54:04] [SUyYSikzwvWaWCbWBoMk77s4vxs=] [ne_HoPy] No offline messages found
[2025-07-18 08:44:46] [1bxlkLWE1YEds4euACE9lSAD0Jg=] [Mr..Fury] Checking offline messages for client
[2025-07-18 08:44:46] [1bxlkLWE1YEds4euACE9lSAD0Jg=] [Mr..Fury] No offline messages found
[2025-07-18 09:12:45] [WtWgpfS8UE18SW7yGXm3r1yoO/c=] [Kowismo] Checking offline messages for client
[2025-07-18 09:12:45] [WtWgpfS8UE18SW7yGXm3r1yoO/c=] [Kowismo] No offline messages found
[2025-07-18 09:47:56] [MarBbTtCOdPsPCcTGPUko7UH7Sk=] [billy nogami] Checking offline messages for client
[2025-07-18 09:47:56] [MarBbTtCOdPsPCcTGPUko7UH7Sk=] [billy nogami] No offline messages found
[2025-07-18 09:51:56] [5tr0bmquCHHSQKHnrvHDA84gg1s=] [DADA] Checking offline messages for client
[2025-07-18 09:51:56] [5tr0bmquCHHSQKHnrvHDA84gg1s=] [DADA] No offline messages found
[2025-07-18 09:57:41] [vYdB4LqF9oGqrfx8sM2nXqb21o0=] [may1kid] Checking offline messages for client
[2025-07-18 09:57:41] [vYdB4LqF9oGqrfx8sM2nXqb21o0=] [may1kid] No offline messages found
[2025-07-18 09:59:21] [77kYa+1Ly3q6BAwQWEmA2k41Wz4=] [TeamSpeakUser] Checking offline messages for client
[2025-07-18 09:59:21] [77kYa+1Ly3q6BAwQWEmA2k41Wz4=] [TeamSpeakUser] No offline messages found
[2025-07-18 09:59:54] [I6jOOSBap0dJfQxxrWEXasWM9n0=] [sharfyusha] Checking offline messages for client
[2025-07-18 09:59:54] [I6jOOSBap0dJfQxxrWEXasWM9n0=] [sharfyusha] No offline messages found
[2025-07-18 10:04:38] [IF9FpR3gAmSxQsnDcZCQBde7iWY=] [pipisin] Checking offline messages for client
[2025-07-18 10:04:38] [IF9FpR3gAmSxQsnDcZCQBde7iWY=] [pipisin] No offline messages found
[2025-07-18 10:33:56] [/3h5mE3KglDp3JAEJEu6hO9klXM=] [MSJesk0] Checking offline messages for client
[2025-07-18 10:33:56] [/3h5mE3KglDp3JAEJEu6hO9klXM=] [MSJesk0] No offline messages found
[2025-07-18 10:43:13] [KJ4zqn9pukLO1ChROBmAPzo3JKk=] [Shutn1k] Checking offline messages for client
[2025-07-18 10:43:13] [KJ4zqn9pukLO1ChROBmAPzo3JKk=] [Shutn1k] No offline messages found
[2025-07-18 10:45:32] [Ha0uQdpQLPKNqYm0SrG/U1zfjlg=] [Kodex1703] Checking offline messages for client
[2025-07-18 10:45:32] [Ha0uQdpQLPKNqYm0SrG/U1zfjlg=] [Kodex1703] No offline messages found
[2025-07-18 10:53:19] [g95LkcovmlDSBBJIdmdv0zN6QBs=] [baysikimdeğil] Checking offline messages for client
[2025-07-18 10:53:19] [g95LkcovmlDSBBJIdmdv0zN6QBs=] [baysikimdeğil] No offline messages found
[2025-07-18 10:54:06] [KKakWCNNDyxUyhC4KpkSU2PHuVM=] [yusufppks] Checking offline messages for client
[2025-07-18 10:54:06] [KKakWCNNDyxUyhC4KpkSU2PHuVM=] [yusufppks] No offline messages found
[2025-07-18 10:57:51] [3mcGJJfpiYLyS9HochmmtFkh1RI=] [TeamSpeakUser] Checking offline messages for client
[2025-07-18 10:57:51] [3mcGJJfpiYLyS9HochmmtFkh1RI=] [TeamSpeakUser] No offline messages found
[2025-07-18 11:00:25] [cFXbL3P66efZcqhe96rVSWQyXw4=] [TeamSpeakUser] Checking offline messages for client
[2025-07-18 11:00:25] [cFXbL3P66efZcqhe96rVSWQyXw4=] [TeamSpeakUser] No offline messages found
[2025-07-18 11:00:35] [3mcGJJfpiYLyS9HochmmtFkh1RI=] [TeamSpeakUser1] Checking offline messages for client
[2025-07-18 11:00:35] [3mcGJJfpiYLyS9HochmmtFkh1RI=] [TeamSpeakUser1] No offline messages found
[2025-07-18 11:02:14] [BwlvWTk4X2R/AjiK56jphGEzeDU=] [TeamSpeakUser2] Checking offline messages for client
[2025-07-18 11:02:14] [BwlvWTk4X2R/AjiK56jphGEzeDU=] [TeamSpeakUser2] No offline messages found
[2025-07-18 11:04:20] [5lVyVx5BSqJWrEcKd5UNmlKvluE=] [Neil0001k] Checking offline messages for client
[2025-07-18 11:04:20] [5lVyVx5BSqJWrEcKd5UNmlKvluE=] [Neil0001k] No offline messages found
[2025-07-18 11:05:23] [uVIyLE46ey0eBhM+Z9Az+wuDd2U=] [LisssTzz] Checking offline messages for client
[2025-07-18 11:05:23] [uVIyLE46ey0eBhM+Z9Az+wuDd2U=] [LisssTzz] No offline messages found
[2025-07-18 11:11:24] [Ha0uQdpQLPKNqYm0SrG/U1zfjlg=] [Kodex1703] Checking offline messages for client
[2025-07-18 11:11:24] [Ha0uQdpQLPKNqYm0SrG/U1zfjlg=] [Kodex1703] No offline messages found
[2025-07-18 11:12:40] [g95LkcovmlDSBBJIdmdv0zN6QBs=] [baysikimdeğil] Checking offline messages for client
[2025-07-18 11:12:40] [g95LkcovmlDSBBJIdmdv0zN6QBs=] [baysikimdeğil] No offline messages found
[2025-07-18 11:13:10] [Ha0uQdpQLPKNqYm0SrG/U1zfjlg=] [Kodex1703] Checking offline messages for client
[2025-07-18 11:13:10] [Ha0uQdpQLPKNqYm0SrG/U1zfjlg=] [Kodex1703] No offline messages found
[2025-07-18 11:19:59] [g95LkcovmlDSBBJIdmdv0zN6QBs=] [baysikimdeğil] Checking offline messages for client
[2025-07-18 11:19:59] [g95LkcovmlDSBBJIdmdv0zN6QBs=] [baysikimdeğil] No offline messages found
[2025-07-18 11:20:41] [vYdB4LqF9oGqrfx8sM2nXqb21o0=] [may1kid] Checking offline messages for client
[2025-07-18 11:20:41] [vYdB4LqF9oGqrfx8sM2nXqb21o0=] [may1kid] No offline messages found
[2025-07-18 11:22:23] [g95LkcovmlDSBBJIdmdv0zN6QBs=] [baysikimdeğil] Checking offline messages for client
[2025-07-18 11:22:23] [g95LkcovmlDSBBJIdmdv0zN6QBs=] [baysikimdeğil] No offline messages found
[2025-07-18 11:25:45] [3mcGJJfpiYLyS9HochmmtFkh1RI=] [TeamSpeakUser1] Checking offline messages for client
[2025-07-18 11:25:45] [3mcGJJfpiYLyS9HochmmtFkh1RI=] [TeamSpeakUser1] No offline messages found
[2025-07-18 11:28:50] [g95LkcovmlDSBBJIdmdv0zN6QBs=] [baysikimdeğil] Checking offline messages for client
[2025-07-18 11:28:50] [g95LkcovmlDSBBJIdmdv0zN6QBs=] [baysikimdeğil] No offline messages found
[2025-07-18 11:30:43] [g95LkcovmlDSBBJIdmdv0zN6QBs=] [baysikimdeğil] Checking offline messages for client
[2025-07-18 11:30:43] [g95LkcovmlDSBBJIdmdv0zN6QBs=] [baysikimdeğil] No offline messages found
[2025-07-18 11:34:19] [AC87pO3YB+wvZ5G27tY2glDTG4M=] [andy76633] Checking offline messages for client
[2025-07-18 11:34:19] [AC87pO3YB+wvZ5G27tY2glDTG4M=] [andy76633] No offline messages found
[2025-07-18 11:34:23] [g95LkcovmlDSBBJIdmdv0zN6QBs=] [baysikimdeğil] Checking offline messages for client
[2025-07-18 11:34:23] [g95LkcovmlDSBBJIdmdv0zN6QBs=] [baysikimdeğil] No offline messages found
[2025-07-18 11:34:44] [qMpXP+GV7y9R8c7mzrU8qJvHybo=] [Vicinnnt] Checking offline messages for client
[2025-07-18 11:34:44] [qMpXP+GV7y9R8c7mzrU8qJvHybo=] [Vicinnnt] No offline messages found
[2025-07-18 11:37:14] [bRevbiJW/A9S0s2cg5fC1JTRSHo=] [poka] Checking offline messages for client
[2025-07-18 11:37:14] [bRevbiJW/A9S0s2cg5fC1JTRSHo=] [poka] No offline messages found
[2025-07-18 11:38:56] [M09LXQM0h1IxzpSiw7t91USRzUA=] [dolv1] Checking offline messages for client
[2025-07-18 11:38:56] [M09LXQM0h1IxzpSiw7t91USRzUA=] [dolv1] No offline messages found
[2025-07-18 11:44:48] [R+KW1QSqbZRuZk4pN2SGLrk8szQ=] [namja] Checking offline messages for client
[2025-07-18 11:44:48] [R+KW1QSqbZRuZk4pN2SGLrk8szQ=] [namja] No offline messages found
[2025-07-18 11:45:05] [S4nJnfZbC50B772ngduYc9QqqU0=] [PIADORAZZZ] Checking offline messages for client
[2025-07-18 11:45:05] [S4nJnfZbC50B772ngduYc9QqqU0=] [PIADORAZZZ] No offline messages found
[2025-07-18 11:45:33] [3Mq3EB+EEk14kwWNxOyGIgo45U8=] [MATAN] Checking offline messages for client
[2025-07-18 11:45:33] [3Mq3EB+EEk14kwWNxOyGIgo45U8=] [MATAN] No offline messages found
[2025-07-18 11:51:34] [g95LkcovmlDSBBJIdmdv0zN6QBs=] [baysikimdeğil] Checking offline messages for client
[2025-07-18 11:51:34] [g95LkcovmlDSBBJIdmdv0zN6QBs=] [baysikimdeğil] No offline messages found
[2025-07-18 12:02:33] [g95LkcovmlDSBBJIdmdv0zN6QBs=] [baysikimdeğil] Checking offline messages for client
[2025-07-18 12:02:33] [g95LkcovmlDSBBJIdmdv0zN6QBs=] [baysikimdeğil] No offline messages found
[2025-07-18 12:03:30] [g95LkcovmlDSBBJIdmdv0zN6QBs=] [baysikimdeğil] Checking offline messages for client
[2025-07-18 12:03:30] [g95LkcovmlDSBBJIdmdv0zN6QBs=] [baysikimdeğil] No offline messages found
[2025-07-18 12:20:31] [AC87pO3YB+wvZ5G27tY2glDTG4M=] [andy76633] Checking offline messages for client
[2025-07-18 12:20:31] [AC87pO3YB+wvZ5G27tY2glDTG4M=] [andy76633] No offline messages found
[2025-07-18 12:35:45] [g95LkcovmlDSBBJIdmdv0zN6QBs=] [baysikimdeğil] Checking offline messages for client
[2025-07-18 12:35:45] [g95LkcovmlDSBBJIdmdv0zN6QBs=] [baysikimdeğil] No offline messages found
[2025-07-18 12:38:56] [g95LkcovmlDSBBJIdmdv0zN6QBs=] [baysikimdeğil] Checking offline messages for client
[2025-07-18 12:38:56] [g95LkcovmlDSBBJIdmdv0zN6QBs=] [baysikimdeğil] No offline messages found
[2025-07-18 12:48:24] [g372sfJKbdXlWEl/MP1y2x1X1Dw=] [1000-7ghjcnb] Checking offline messages for client
[2025-07-18 12:48:24] [g372sfJKbdXlWEl/MP1y2x1X1Dw=] [1000-7ghjcnb] No offline messages found
[2025-07-18 12:51:02] [bRevbiJW/A9S0s2cg5fC1JTRSHo=] [poka] Checking offline messages for client
[2025-07-18 12:51:02] [bRevbiJW/A9S0s2cg5fC1JTRSHo=] [poka] No offline messages found
[2025-07-18 12:53:34] [otx+oFZHI0+5nWic0kiHwBENnrI=] [Arturito] Checking offline messages for client
[2025-07-18 12:53:34] [otx+oFZHI0+5nWic0kiHwBENnrI=] [Arturito] No offline messages found
[2025-07-18 12:57:25] [s5SoU0O6Mp2lEkoeWlMc2247gBk=] [don] Checking offline messages for client
[2025-07-18 12:57:25] [s5SoU0O6Mp2lEkoeWlMc2247gBk=] [don] No offline messages found
[2025-07-18 13:02:09] [ZecEXT4FfeXYbAgW2C8UIiJcPNQ=] [belali-ZypRus?] Checking offline messages for client
[2025-07-18 13:02:09] [ZecEXT4FfeXYbAgW2C8UIiJcPNQ=] [belali-ZypRus?] No offline messages found
[2025-07-18 13:06:21] [ZQhSo1tQ5YDSZNLYSj+nKwHZezs=] [hamza] Checking offline messages for client
[2025-07-18 13:06:21] [ZQhSo1tQ5YDSZNLYSj+nKwHZezs=] [hamza] No offline messages found
[2025-07-18 13:06:47] [kfn1jFosIGdE1yOz/lIfEBXQj4A=] [Rix] Checking offline messages for client
[2025-07-18 13:06:47] [kfn1jFosIGdE1yOz/lIfEBXQj4A=] [Rix] No offline messages found
[2025-07-18 13:21:16] [kfn1jFosIGdE1yOz/lIfEBXQj4A=] [Rix] Checking offline messages for client
[2025-07-18 13:21:16] [kfn1jFosIGdE1yOz/lIfEBXQj4A=] [Rix] No offline messages found
[2025-07-18 13:24:34] [1FdRRfdDwro5nU/BhYl8c2GAVrM=] [Мьюрт(Дима)] Checking offline messages for client
[2025-07-18 13:24:34] [1FdRRfdDwro5nU/BhYl8c2GAVrM=] [Мьюрт(Дима)] No offline messages found
[2025-07-18 13:25:12] [39Hn80GzU936S3hLOAjj8iP5kpg=] [Shawaj] Checking offline messages for client
[2025-07-18 13:25:12] [39Hn80GzU936S3hLOAjj8iP5kpg=] [Shawaj] No offline messages found
[2025-07-18 13:25:22] [V5o+wTk6FX7pkcnjykGFujDK02Q=] [TeamSpeakUser] Checking offline messages for client
[2025-07-18 13:25:22] [V5o+wTk6FX7pkcnjykGFujDK02Q=] [TeamSpeakUser] No offline messages found
[2025-07-18 13:25:25] [s5SoU0O6Mp2lEkoeWlMc2247gBk=] [don] Checking offline messages for client
[2025-07-18 13:25:25] [s5SoU0O6Mp2lEkoeWlMc2247gBk=] [don] No offline messages found
[2025-07-18 13:28:57] [WtWgpfS8UE18SW7yGXm3r1yoO/c=] [Kowismo] Checking offline messages for client
[2025-07-18 13:28:57] [WtWgpfS8UE18SW7yGXm3r1yoO/c=] [Kowismo] No offline messages found
[2025-07-18 13:35:19] [vYdB4LqF9oGqrfx8sM2nXqb21o0=] [may1kid] Checking offline messages for client
[2025-07-18 13:35:19] [vYdB4LqF9oGqrfx8sM2nXqb21o0=] [may1kid] No offline messages found
[2025-07-18 13:36:21] [m3jwrJafD7Z1HcDm7lAZbGqtROY=] [zui] Checking offline messages for client
[2025-07-18 13:36:21] [m3jwrJafD7Z1HcDm7lAZbGqtROY=] [zui] No offline messages found
[2025-07-18 13:43:18] [1AbnbGgxnGmT+1ucLIy1LFbCSCU=] [theslayercroute] Checking offline messages for client
[2025-07-18 13:43:18] [1AbnbGgxnGmT+1ucLIy1LFbCSCU=] [theslayercroute] No offline messages found
[2025-07-18 13:45:05] [ArDdG6a86sTE9vzN8IIzLOiOEQs=] [Sunrise0754] Checking offline messages for client
[2025-07-18 13:45:05] [ArDdG6a86sTE9vzN8IIzLOiOEQs=] [Sunrise0754] No offline messages found
[2025-07-18 13:46:04] [kfn1jFosIGdE1yOz/lIfEBXQj4A=] [Rix] Checking offline messages for client
[2025-07-18 13:46:04] [kfn1jFosIGdE1yOz/lIfEBXQj4A=] [Rix] No offline messages found
[2025-07-18 13:46:04] [kfn1jFosIGdE1yOz/lIfEBXQj4A=] [Rix] Checking offline messages for client
[2025-07-18 13:46:04] [kfn1jFosIGdE1yOz/lIfEBXQj4A=] [Rix] No offline messages found
[2025-07-18 13:46:04] [kfn1jFosIGdE1yOz/lIfEBXQj4A=] [Rix] Checking offline messages for client
[2025-07-18 13:46:04] [kfn1jFosIGdE1yOz/lIfEBXQj4A=] [Rix] No offline messages found
[2025-07-18 13:46:05] [kfn1jFosIGdE1yOz/lIfEBXQj4A=] [Rix] Checking offline messages for client
[2025-07-18 13:46:05] [kfn1jFosIGdE1yOz/lIfEBXQj4A=] [Rix] No offline messages found
[2025-07-18 13:46:51] [syGc3yR+8xBjPN6kLg2zE+r+Bwg=] [Gosh] Checking offline messages for client
[2025-07-18 13:46:51] [syGc3yR+8xBjPN6kLg2zE+r+Bwg=] [Gosh] No offline messages found
[2025-07-18 13:50:00] [PAPjw5ou1pxtJ/LMEXPWWL4eKGI=] [aeRR] Checking offline messages for client
[2025-07-18 13:50:00] [PAPjw5ou1pxtJ/LMEXPWWL4eKGI=] [aeRR] No offline messages found
[2025-07-18 13:50:46] [dHD7jWi8Q5Lp4lz7I8/axaXFAEA=] [__illlia__] Checking offline messages for client
[2025-07-18 13:50:46] [dHD7jWi8Q5Lp4lz7I8/axaXFAEA=] [__illlia__] No offline messages found
[2025-07-18 13:53:23] [j4VaV46XhkmzcjbVPFuyIU0vCLs=] [nox] Checking offline messages for client
[2025-07-18 13:53:23] [j4VaV46XhkmzcjbVPFuyIU0vCLs=] [nox] No offline messages found
[2025-07-18 13:56:08] [kfn1jFosIGdE1yOz/lIfEBXQj4A=] [Rix] Checking offline messages for client
[2025-07-18 13:56:08] [kfn1jFosIGdE1yOz/lIfEBXQj4A=] [Rix] No offline messages found
[2025-07-18 13:57:19] [hdjSJL1/X8mA7sWmuv9kVpFpKRk=] [xavii] Checking offline messages for client
[2025-07-18 13:57:19] [hdjSJL1/X8mA7sWmuv9kVpFpKRk=] [xavii] No offline messages found
[2025-07-18 13:59:01] [N2kl4tgWSgXlr5AAP5ogNfESo0Y=] [takesh111] Checking offline messages for client
[2025-07-18 13:59:01] [N2kl4tgWSgXlr5AAP5ogNfESo0Y=] [takesh111] No offline messages found
[2025-07-18 14:01:21] [hdjSJL1/X8mA7sWmuv9kVpFpKRk=] [xavii] Checking offline messages for client
[2025-07-18 14:01:21] [hdjSJL1/X8mA7sWmuv9kVpFpKRk=] [xavii] No offline messages found
[2025-07-18 14:01:22] [hdjSJL1/X8mA7sWmuv9kVpFpKRk=] [xavii] Checking offline messages for client
[2025-07-18 14:01:22] [hdjSJL1/X8mA7sWmuv9kVpFpKRk=] [xavii] No offline messages found
[2025-07-18 14:01:22] [hdjSJL1/X8mA7sWmuv9kVpFpKRk=] [xavii] Checking offline messages for client
[2025-07-18 14:01:22] [hdjSJL1/X8mA7sWmuv9kVpFpKRk=] [xavii] No offline messages found
[2025-07-18 14:09:34] [YKaJKPUcO38+nmswF3rtl+ViIlg=] [TeamSpeakUser1] Checking offline messages for client
[2025-07-18 14:09:34] [YKaJKPUcO38+nmswF3rtl+ViIlg=] [TeamSpeakUser1] No offline messages found
[2025-07-18 14:09:47] [s1cKjvWV/U2hH6YRSl2/TWstSVc=] [TeamSpeakUser2] Checking offline messages for client
[2025-07-18 14:09:47] [s1cKjvWV/U2hH6YRSl2/TWstSVc=] [TeamSpeakUser2] No offline messages found
[2025-07-18 14:15:29] [YKaJKPUcO38+nmswF3rtl+ViIlg=] [TeamSpeakUser1] Checking offline messages for client
[2025-07-18 14:15:29] [YKaJKPUcO38+nmswF3rtl+ViIlg=] [TeamSpeakUser1] No offline messages found
[2025-07-18 14:22:31] [dHD7jWi8Q5Lp4lz7I8/axaXFAEA=] [__illlia__] Checking offline messages for client
[2025-07-18 14:22:31] [dHD7jWi8Q5Lp4lz7I8/axaXFAEA=] [__illlia__] No offline messages found
[2025-07-18 14:23:03] [DyaEd/1IlyAh8pSPfHiamWh2mb0=] [dalel] Checking offline messages for client
[2025-07-18 14:23:03] [DyaEd/1IlyAh8pSPfHiamWh2mb0=] [dalel] No offline messages found
[2025-07-18 14:25:45] [dHD7jWi8Q5Lp4lz7I8/axaXFAEA=] [__illlia__] Checking offline messages for client
[2025-07-18 14:25:45] [dHD7jWi8Q5Lp4lz7I8/axaXFAEA=] [__illlia__] No offline messages found
[2025-07-18 14:39:15] [R+KW1QSqbZRuZk4pN2SGLrk8szQ=] [namja] Checking offline messages for client
[2025-07-18 14:39:15] [R+KW1QSqbZRuZk4pN2SGLrk8szQ=] [namja] No offline messages found
[2025-07-18 14:43:59] [f+aH5hLeWj0ewSa7x8+9XVEMa8A=] [TeamSpeakUser3] Checking offline messages for client
[2025-07-18 14:43:59] [f+aH5hLeWj0ewSa7x8+9XVEMa8A=] [TeamSpeakUser3] No offline messages found
[2025-07-18 14:44:39] [3PUL5t5Jz0KW4hyrBCzi+BArN60=] [tenshin_non] Checking offline messages for client
[2025-07-18 14:44:39] [3PUL5t5Jz0KW4hyrBCzi+BArN60=] [tenshin_non] No offline messages found
[2025-07-18 14:46:34] [vYdB4LqF9oGqrfx8sM2nXqb21o0=] [may1kid] Checking offline messages for client
[2025-07-18 14:46:34] [vYdB4LqF9oGqrfx8sM2nXqb21o0=] [may1kid] No offline messages found
[2025-07-18 14:55:38] [dHD7jWi8Q5Lp4lz7I8/axaXFAEA=] [__illlia__] Checking offline messages for client
[2025-07-18 14:55:38] [dHD7jWi8Q5Lp4lz7I8/axaXFAEA=] [__illlia__] No offline messages found
[2025-07-18 14:56:22] [JeRDsn5NNuoif7xSE7UhSMCw9rc=] [TeamSpeakUser21] Checking offline messages for client
[2025-07-18 14:56:22] [JeRDsn5NNuoif7xSE7UhSMCw9rc=] [TeamSpeakUser21] No offline messages found
[2025-07-18 14:56:33] [xPOPrWPQum4PIXMqKPMGCRW2z7g=] [skbd] Checking offline messages for client
[2025-07-18 14:56:33] [xPOPrWPQum4PIXMqKPMGCRW2z7g=] [skbd] No offline messages found
[2025-07-18 15:00:38] [0XIPokUUTEkn00muYiwnSCQJ4wM=] [credolls] Checking offline messages for client
[2025-07-18 15:00:38] [0XIPokUUTEkn00muYiwnSCQJ4wM=] [credolls] No offline messages found
[2025-07-18 15:00:53] [ZRaP7ZFk8xMR0aZkTaBGImOaGAM=] [SysmoUsercid=140] Checking offline messages for client
[2025-07-18 15:00:53] [ZRaP7ZFk8xMR0aZkTaBGImOaGAM=] [SysmoUsercid=140] No offline messages found
[2025-07-18 15:01:19] [0XIPokUUTEkn00muYiwnSCQJ4wM=] [credolls] Checking offline messages for client
[2025-07-18 15:01:19] [0XIPokUUTEkn00muYiwnSCQJ4wM=] [credolls] No offline messages found
[2025-07-18 15:12:02] [7lkgv1NgBUC4Nbvfz0XxfSTDHSQ=] [Platonuch_UA] Checking offline messages for client
[2025-07-18 15:12:02] [7lkgv1NgBUC4Nbvfz0XxfSTDHSQ=] [Platonuch_UA] No offline messages found
[2025-07-18 15:14:48] [ilO9JAl5glx+WikZA6SZqmic0Iw=] [kaiizenn] Checking offline messages for client
[2025-07-18 15:14:48] [ilO9JAl5glx+WikZA6SZqmic0Iw=] [kaiizenn] No offline messages found
[2025-07-18 15:15:42] [AC87pO3YB+wvZ5G27tY2glDTG4M=] [andy76633] Checking offline messages for client
[2025-07-18 15:15:42] [AC87pO3YB+wvZ5G27tY2glDTG4M=] [andy76633] No offline messages found
[2025-07-18 15:16:16] [kOTiGdU7Prb6oIvLC/wF8cto8B0=] [Агрессор777] Checking offline messages for client
[2025-07-18 15:16:16] [kOTiGdU7Prb6oIvLC/wF8cto8B0=] [Агрессор777] No offline messages found
[2025-07-18 15:24:46] [rJktjMb/Ocsy1SH9iGlPM2seUxk=] [1ongxu] Checking offline messages for client
[2025-07-18 15:24:46] [rJktjMb/Ocsy1SH9iGlPM2seUxk=] [1ongxu] No offline messages found
[2025-07-18 15:24:52] [j4VaV46XhkmzcjbVPFuyIU0vCLs=] [nox] Checking offline messages for client
[2025-07-18 15:24:52] [j4VaV46XhkmzcjbVPFuyIU0vCLs=] [nox] No offline messages found
[2025-07-18 15:25:13] [N2kl4tgWSgXlr5AAP5ogNfESo0Y=] [takesh111] Checking offline messages for client
[2025-07-18 15:25:13] [N2kl4tgWSgXlr5AAP5ogNfESo0Y=] [takesh111] No offline messages found
[2025-07-18 15:25:24] [RiCWeDQFOftnEgN1BBHprH1WWy0=] [kaito] Checking offline messages for client
[2025-07-18 15:25:24] [RiCWeDQFOftnEgN1BBHprH1WWy0=] [kaito] No offline messages found
[2025-07-18 15:26:43] [N2kl4tgWSgXlr5AAP5ogNfESo0Y=] [takesh111] Checking offline messages for client
[2025-07-18 15:26:43] [N2kl4tgWSgXlr5AAP5ogNfESo0Y=] [takesh111] No offline messages found
[2025-07-18 15:29:51] [f+aH5hLeWj0ewSa7x8+9XVEMa8A=] [TeamSpeakUser3] Checking offline messages for client
[2025-07-18 15:29:51] [f+aH5hLeWj0ewSa7x8+9XVEMa8A=] [TeamSpeakUser3] No offline messages found
[2025-07-18 15:29:58] [a2zatR5pBC21FBqjKghzYWuyV2Q=] [raf] Checking offline messages for client
[2025-07-18 15:29:58] [a2zatR5pBC21FBqjKghzYWuyV2Q=] [raf] No offline messages found
[2025-07-18 15:31:13] [daLZO33ORrjt8kilU/mo70jc7KI=] [makpyn] Checking offline messages for client
[2025-07-18 15:31:13] [daLZO33ORrjt8kilU/mo70jc7KI=] [makpyn] No offline messages found
[2025-07-18 15:36:04] [f+aH5hLeWj0ewSa7x8+9XVEMa8A=] [TeamSpeakUser3] Checking offline messages for client
[2025-07-18 15:36:04] [f+aH5hLeWj0ewSa7x8+9XVEMa8A=] [TeamSpeakUser3] No offline messages found
[2025-07-18 15:37:46] [G5rj56bH+dIeDrtCref+BvHuH/c=] [matv495] Checking offline messages for client
[2025-07-18 15:37:46] [G5rj56bH+dIeDrtCref+BvHuH/c=] [matv495] No offline messages found
[2025-07-18 15:42:50] [RN5q34hvf046r4qme1+T2IWlORI=] [maksik] Checking offline messages for client
[2025-07-18 15:42:50] [RN5q34hvf046r4qme1+T2IWlORI=] [maksik] No offline messages found
[2025-07-18 15:43:07] [G5rj56bH+dIeDrtCref+BvHuH/c=] [matv495] Checking offline messages for client
[2025-07-18 15:43:07] [G5rj56bH+dIeDrtCref+BvHuH/c=] [matv495] No offline messages found
[2025-07-18 15:44:30] [wHu8CcJA3lzMnjKWRMwrrvCJbLs=] [PoPoEyE] Checking offline messages for client
[2025-07-18 15:44:30] [wHu8CcJA3lzMnjKWRMwrrvCJbLs=] [PoPoEyE] No offline messages found
[2025-07-18 15:45:02] [ysApwncFrVjzs0iXlJqpQC5ryno=] [alikexie] Checking offline messages for client
[2025-07-18 15:45:02] [ysApwncFrVjzs0iXlJqpQC5ryno=] [alikexie] No offline messages found
[2025-07-18 15:45:04] [ysApwncFrVjzs0iXlJqpQC5ryno=] [alikexie] Checking offline messages for client
[2025-07-18 15:45:04] [ysApwncFrVjzs0iXlJqpQC5ryno=] [alikexie] No offline messages found
[2025-07-18 15:45:05] [ysApwncFrVjzs0iXlJqpQC5ryno=] [alikexie] Checking offline messages for client
[2025-07-18 15:45:05] [ysApwncFrVjzs0iXlJqpQC5ryno=] [alikexie] No offline messages found
[2025-07-18 15:47:03] [vYdB4LqF9oGqrfx8sM2nXqb21o0=] [may1kid] Checking offline messages for client
[2025-07-18 15:47:03] [vYdB4LqF9oGqrfx8sM2nXqb21o0=] [may1kid] No offline messages found
[2025-07-18 15:49:29] [I6jOOSBap0dJfQxxrWEXasWM9n0=] [sharfyusha] Checking offline messages for client
[2025-07-18 15:49:29] [I6jOOSBap0dJfQxxrWEXasWM9n0=] [sharfyusha] No offline messages found
[2025-07-18 15:49:43] [+vVe9y7KDRV9mBOqgGxIE3TldlI=] [Fullfunny] Checking offline messages for client
[2025-07-18 15:49:43] [+vVe9y7KDRV9mBOqgGxIE3TldlI=] [Fullfunny] No offline messages found
[2025-07-18 15:50:49] [okAS4MItxAY57Lxjegg77SGArWs=] [Aura_Kone] Checking offline messages for client
[2025-07-18 15:50:49] [okAS4MItxAY57Lxjegg77SGArWs=] [Aura_Kone] No offline messages found
[2025-07-18 15:51:09] [ayHUOzBuuInw8J/HHBAIDIq0cYY=] [bohun ivan] Checking offline messages for client
[2025-07-18 15:51:09] [ayHUOzBuuInw8J/HHBAIDIq0cYY=] [bohun ivan] No offline messages found
[2025-07-18 15:52:34] [F6oCNbGzjZykoYuypdXGychvXjY=] [Diversant] Checking offline messages for client
[2025-07-18 15:52:34] [F6oCNbGzjZykoYuypdXGychvXjY=] [Diversant] No offline messages found
[2025-07-18 15:56:04] [Tyox9iliANPNZk3OJiSEOSxGKGY=] [germancoxx] Checking offline messages for client
[2025-07-18 15:56:04] [Tyox9iliANPNZk3OJiSEOSxGKGY=] [germancoxx] No offline messages found
[2025-07-18 15:58:34] [xPOPrWPQum4PIXMqKPMGCRW2z7g=] [skbd] Checking offline messages for client
[2025-07-18 15:58:34] [xPOPrWPQum4PIXMqKPMGCRW2z7g=] [skbd] No offline messages found
[2025-07-18 15:59:36] [KKakWCNNDyxUyhC4KpkSU2PHuVM=] [yusufppks] Checking offline messages for client
[2025-07-18 15:59:36] [KKakWCNNDyxUyhC4KpkSU2PHuVM=] [yusufppks] No offline messages found
[2025-07-18 16:24:35] [ys5sSvNr/JRiLFoyVOxM6WuzXgE=] [BOBA] Checking offline messages for client
[2025-07-18 16:24:35] [ys5sSvNr/JRiLFoyVOxM6WuzXgE=] [BOBA] No offline messages found
[2025-07-18 16:27:24] [jWxbfxhLxs9dPa3t1WUnys7gnbk=] [Richard_TH] Checking offline messages for client
[2025-07-18 16:27:24] [jWxbfxhLxs9dPa3t1WUnys7gnbk=] [Richard_TH] No offline messages found
[2025-07-18 16:27:36] [D1JsstfWXaG0L588PeQp8972p6o=] [PhoenixZZ] Checking offline messages for client
[2025-07-18 16:27:36] [D1JsstfWXaG0L588PeQp8972p6o=] [PhoenixZZ] No offline messages found
[2025-07-18 16:28:30] [J59TlJOyXmeGAsjkHRqeI3rZA/8=] [SysmoUsercid=140] Checking offline messages for client
[2025-07-18 16:28:30] [J59TlJOyXmeGAsjkHRqeI3rZA/8=] [SysmoUsercid=140] No offline messages found
[2025-07-18 16:31:04] [igLR0Qw88l2utvuPuQTy5TXjVdA=] [AlvaRoniX$] Checking offline messages for client
[2025-07-18 16:31:04] [igLR0Qw88l2utvuPuQTy5TXjVdA=] [AlvaRoniX$] No offline messages found
[2025-07-18 16:36:01] [H8wIv80SYP/zYHPcbrf62A1MSjc=] [mishkerdon] Checking offline messages for client
[2025-07-18 16:36:01] [H8wIv80SYP/zYHPcbrf62A1MSjc=] [mishkerdon] No offline messages found
[2025-07-18 16:36:08] [LChIIpVKSczGXCJcvYW8G7+Rrgk=] [erik] Checking offline messages for client
[2025-07-18 16:36:08] [LChIIpVKSczGXCJcvYW8G7+Rrgk=] [erik] No offline messages found
[2025-07-18 16:46:49] [FKc/JBDSnmX+FxAtAcOJ7P4tDPQ=] [saltuha991] Checking offline messages for client
[2025-07-18 16:46:49] [FKc/JBDSnmX+FxAtAcOJ7P4tDPQ=] [saltuha991] No offline messages found
[2025-07-18 16:51:45] [e1vImF/pvh7c+66eD1lHGlZ9N08=] [Fornax013] Checking offline messages for client
[2025-07-18 16:51:45] [e1vImF/pvh7c+66eD1lHGlZ9N08=] [Fornax013] No offline messages found
[2025-07-18 16:52:52] [KKakWCNNDyxUyhC4KpkSU2PHuVM=] [yusufppks] Checking offline messages for client
[2025-07-18 16:52:52] [KKakWCNNDyxUyhC4KpkSU2PHuVM=] [yusufppks] No offline messages found
[2025-07-18 16:55:35] [MarBbTtCOdPsPCcTGPUko7UH7Sk=] [billy nogami] Checking offline messages for client
[2025-07-18 16:55:35] [MarBbTtCOdPsPCcTGPUko7UH7Sk=] [billy nogami] No offline messages found
[2025-07-18 16:56:06] [5tr0bmquCHHSQKHnrvHDA84gg1s=] [DADA] Checking offline messages for client
[2025-07-18 16:56:06] [5tr0bmquCHHSQKHnrvHDA84gg1s=] [DADA] No offline messages found
[2025-07-18 16:57:47] [RN5q34hvf046r4qme1+T2IWlORI=] [maksik] Checking offline messages for client
[2025-07-18 16:57:47] [RN5q34hvf046r4qme1+T2IWlORI=] [maksik] No offline messages found
[2025-07-18 16:58:47] [RBwh+hLI7qM/5sBbq4UPaExpE30=] [Druid Сrow 🦅] Checking offline messages for client
[2025-07-18 16:58:47] [RBwh+hLI7qM/5sBbq4UPaExpE30=] [Druid Сrow 🦅] No offline messages found
[2025-07-18 16:59:10] [WtWgpfS8UE18SW7yGXm3r1yoO/c=] [Kowismo] Checking offline messages for client
[2025-07-18 16:59:10] [WtWgpfS8UE18SW7yGXm3r1yoO/c=] [Kowismo] No offline messages found
[2025-07-18 17:00:27] [g95LkcovmlDSBBJIdmdv0zN6QBs=] [baysikimdeğil] Checking offline messages for client
[2025-07-18 17:00:27] [g95LkcovmlDSBBJIdmdv0zN6QBs=] [baysikimdeğil] No offline messages found
[2025-07-18 17:07:03] [103NpgSMbA6VWxysX3UIH+x6Soo=] [kiesik98] Checking offline messages for client
[2025-07-18 17:07:03] [103NpgSMbA6VWxysX3UIH+x6Soo=] [kiesik98] No offline messages found
[2025-07-18 17:07:29] [U7n5f9f5UuEO8R3R6uqCVlhuqkM=] [Hisoka] Checking offline messages for client
[2025-07-18 17:07:29] [U7n5f9f5UuEO8R3R6uqCVlhuqkM=] [Hisoka] No offline messages found
[2025-07-18 17:09:53] [RN5q34hvf046r4qme1+T2IWlORI=] [maksik] Checking offline messages for client
[2025-07-18 17:09:53] [RN5q34hvf046r4qme1+T2IWlORI=] [maksik] No offline messages found
[2025-07-18 17:10:22] [RN5q34hvf046r4qme1+T2IWlORI=] [maksik] Checking offline messages for client
[2025-07-18 17:10:22] [RN5q34hvf046r4qme1+T2IWlORI=] [maksik] No offline messages found
[2025-07-18 17:12:53] [cQnuljBLILs8CHiCBcythkog2Vc=] [Yugik] Checking offline messages for client
[2025-07-18 17:12:53] [cQnuljBLILs8CHiCBcythkog2Vc=] [Yugik] No offline messages found
[2025-07-18 17:13:02] [rtdUFV+2q6gMB7LIOA5+y8SqhBY=] [mevlutozkara] Checking offline messages for client
[2025-07-18 17:13:02] [rtdUFV+2q6gMB7LIOA5+y8SqhBY=] [mevlutozkara] No offline messages found
[2025-07-18 17:15:19] [39Hn80GzU936S3hLOAjj8iP5kpg=] [Shawaj] Checking offline messages for client
[2025-07-18 17:15:19] [39Hn80GzU936S3hLOAjj8iP5kpg=] [Shawaj] No offline messages found
[2025-07-18 17:16:38] [igLR0Qw88l2utvuPuQTy5TXjVdA=] [AlvaRoniX$] Checking offline messages for client
[2025-07-18 17:16:38] [igLR0Qw88l2utvuPuQTy5TXjVdA=] [AlvaRoniX$] No offline messages found
[2025-07-18 17:18:03] [igLR0Qw88l2utvuPuQTy5TXjVdA=] [AlvaRoniX$] Checking offline messages for client
[2025-07-18 17:18:03] [igLR0Qw88l2utvuPuQTy5TXjVdA=] [AlvaRoniX$] No offline messages found
[2025-07-18 17:19:32] [h2yxqDaYBdNiyDlVGOH/YWCactg=] [dydek10master] Checking offline messages for client
[2025-07-18 17:19:32] [h2yxqDaYBdNiyDlVGOH/YWCactg=] [dydek10master] No offline messages found
[2025-07-18 17:19:51] [U7n5f9f5UuEO8R3R6uqCVlhuqkM=] [Hisoka] Checking offline messages for client
[2025-07-18 17:19:51] [U7n5f9f5UuEO8R3R6uqCVlhuqkM=] [Hisoka] No offline messages found
[2025-07-18 17:21:28] [rfSlRu7uzjI8pCmk2erQZXW6+7M=] [2212312] Checking offline messages for client
[2025-07-18 17:21:28] [rfSlRu7uzjI8pCmk2erQZXW6+7M=] [2212312] No offline messages found
[2025-07-18 17:22:04] [q5wdHXdhpr7Oc//EqCvbwn0CVZY=] [Malheiro] Checking offline messages for client
[2025-07-18 17:22:04] [q5wdHXdhpr7Oc//EqCvbwn0CVZY=] [Malheiro] No offline messages found
[2025-07-18 17:22:33] [esphB+mG2+N8I3ntRjK04Tgvv7o=] [Phantor] Checking offline messages for client
[2025-07-18 17:22:33] [esphB+mG2+N8I3ntRjK04Tgvv7o=] [Phantor] No offline messages found
[2025-07-18 17:27:31] [MutMI8w80TgxkXwn/z4gZc/vgiU=] [Asshole do not burn] Checking offline messages for client
[2025-07-18 17:27:31] [MutMI8w80TgxkXwn/z4gZc/vgiU=] [Asshole do not burn] No offline messages found
[2025-07-18 17:28:38] [ay8d2GXiisZNZZ2sP88A/RwHo24=] [ViliBom] Checking offline messages for client
[2025-07-18 17:28:38] [ay8d2GXiisZNZZ2sP88A/RwHo24=] [ViliBom] No offline messages found
[2025-07-18 17:29:05] [ZnU8vaPl8AP2v7ujelAJMkb+r+E=] [TeamSpeakUser] Checking offline messages for client
[2025-07-18 17:29:05] [ZnU8vaPl8AP2v7ujelAJMkb+r+E=] [TeamSpeakUser] No offline messages found
[2025-07-18 17:31:15] [PCz5mVdmODgf+BuhB/F8jAcUsWY=] [XandeRMeisteR] Checking offline messages for client
[2025-07-18 17:31:15] [PCz5mVdmODgf+BuhB/F8jAcUsWY=] [XandeRMeisteR] No offline messages found
[2025-07-18 17:32:42] [ay8d2GXiisZNZZ2sP88A/RwHo24=] [ViliBom] Checking offline messages for client
[2025-07-18 17:32:42] [ay8d2GXiisZNZZ2sP88A/RwHo24=] [ViliBom] No offline messages found
[2025-07-18 17:33:46] [g95LkcovmlDSBBJIdmdv0zN6QBs=] [baysikimdeğil] Checking offline messages for client
[2025-07-18 17:33:46] [g95LkcovmlDSBBJIdmdv0zN6QBs=] [baysikimdeğil] No offline messages found
[2025-07-18 17:34:30] [otx+oFZHI0+5nWic0kiHwBENnrI=] [Arturito] Checking offline messages for client
[2025-07-18 17:34:30] [otx+oFZHI0+5nWic0kiHwBENnrI=] [Arturito] No offline messages found
[2025-07-18 17:36:09] [g95LkcovmlDSBBJIdmdv0zN6QBs=] [baysikimdeğil] Checking offline messages for client
[2025-07-18 17:36:09] [g95LkcovmlDSBBJIdmdv0zN6QBs=] [baysikimdeğil] No offline messages found
[2025-07-18 17:39:55] [sVrSHwfOWFOloLPnjG6Ub+Fzgrg=] [Jaws] Checking offline messages for client
[2025-07-18 17:39:55] [sVrSHwfOWFOloLPnjG6Ub+Fzgrg=] [Jaws] No offline messages found
[2025-07-18 17:43:26] [VEmhn1JCRiIDURmPtS9apET21/g=] [VALFF] Checking offline messages for client
[2025-07-18 17:43:26] [VEmhn1JCRiIDURmPtS9apET21/g=] [VALFF] No offline messages found
[2025-07-18 17:43:53] [0TS7jt0APSegEgA9K9hIWfin7m0=] [dadaok] Checking offline messages for client
[2025-07-18 17:43:53] [0TS7jt0APSegEgA9K9hIWfin7m0=] [dadaok] No offline messages found
[2025-07-18 17:45:03] [j4VaV46XhkmzcjbVPFuyIU0vCLs=] [nox] Checking offline messages for client
[2025-07-18 17:45:03] [j4VaV46XhkmzcjbVPFuyIU0vCLs=] [nox] No offline messages found
[2025-07-18 17:45:03] [j4VaV46XhkmzcjbVPFuyIU0vCLs=] [nox] Checking offline messages for client
[2025-07-18 17:45:03] [j4VaV46XhkmzcjbVPFuyIU0vCLs=] [nox] No offline messages found
[2025-07-18 17:45:03] [j4VaV46XhkmzcjbVPFuyIU0vCLs=] [nox] Checking offline messages for client
[2025-07-18 17:45:03] [j4VaV46XhkmzcjbVPFuyIU0vCLs=] [nox] No offline messages found
[2025-07-18 17:45:04] [j4VaV46XhkmzcjbVPFuyIU0vCLs=] [nox] Checking offline messages for client
[2025-07-18 17:45:04] [j4VaV46XhkmzcjbVPFuyIU0vCLs=] [nox] No offline messages found
[2025-07-18 17:45:13] [igLR0Qw88l2utvuPuQTy5TXjVdA=] [AlvaRoniX$] Checking offline messages for client
[2025-07-18 17:45:13] [igLR0Qw88l2utvuPuQTy5TXjVdA=] [AlvaRoniX$] No offline messages found
[2025-07-18 17:46:23] [m3jwrJafD7Z1HcDm7lAZbGqtROY=] [zui] Checking offline messages for client
[2025-07-18 17:46:23] [m3jwrJafD7Z1HcDm7lAZbGqtROY=] [zui] No offline messages found
[2025-07-18 17:55:02] [igLR0Qw88l2utvuPuQTy5TXjVdA=] [AlvaRoniX$1] Checking offline messages for client
[2025-07-18 17:55:02] [igLR0Qw88l2utvuPuQTy5TXjVdA=] [AlvaRoniX$1] No offline messages found
[2025-07-18 17:55:37] [SqDu/8DHoEjtTIA31Af2p7bqBGE=] [xinti] Checking offline messages for client
[2025-07-18 17:55:37] [SqDu/8DHoEjtTIA31Af2p7bqBGE=] [xinti] No offline messages found
[2025-07-18 17:56:37] [HoUP2KvknC9bmJ/gp8EeCFGHx2A=] [sandwichlord1] Checking offline messages for client
[2025-07-18 17:56:37] [HoUP2KvknC9bmJ/gp8EeCFGHx2A=] [sandwichlord1] No offline messages found
[2025-07-18 17:57:19] [qWPI9jPttKPqk8IFi8hTCq72yzY=] [mi0epro] Checking offline messages for client
[2025-07-18 17:57:19] [qWPI9jPttKPqk8IFi8hTCq72yzY=] [mi0epro] No offline messages found
[2025-07-18 17:57:25] [6EwxQw7oRt1YOQbzeeEOWW6iyEY=] [TeamSpeakUser3] Checking offline messages for client
[2025-07-18 17:57:25] [6EwxQw7oRt1YOQbzeeEOWW6iyEY=] [TeamSpeakUser3] No offline messages found
[2025-07-18 17:57:42] [igLR0Qw88l2utvuPuQTy5TXjVdA=] [AlvaRoniX$1] Checking offline messages for client
[2025-07-18 17:57:42] [igLR0Qw88l2utvuPuQTy5TXjVdA=] [AlvaRoniX$1] No offline messages found
[2025-07-18 17:57:50] [AZ8fjZJwIQmv2IegKTgZH+hMFoE=] [cxpt] Checking offline messages for client
[2025-07-18 17:57:50] [AZ8fjZJwIQmv2IegKTgZH+hMFoE=] [cxpt] No offline messages found
[2025-07-18 17:58:06] [igLR0Qw88l2utvuPuQTy5TXjVdA=] [AlvaRoniX$11] Checking offline messages for client
[2025-07-18 17:58:06] [igLR0Qw88l2utvuPuQTy5TXjVdA=] [AlvaRoniX$11] No offline messages found
[2025-07-18 17:59:25] [AKpjILgA7fb120p7rMX2qJsj2yc=] [TeamSpeakUser4] Checking offline messages for client
[2025-07-18 17:59:25] [AKpjILgA7fb120p7rMX2qJsj2yc=] [TeamSpeakUser4] No offline messages found
[2025-07-18 18:00:17] [g95LkcovmlDSBBJIdmdv0zN6QBs=] [baysikimdeğil] Checking offline messages for client
[2025-07-18 18:00:17] [g95LkcovmlDSBBJIdmdv0zN6QBs=] [baysikimdeğil] No offline messages found
[2025-07-18 18:00:18] [xa6D8FIW6ei0ShkOhBhw00Tmpcc=] [PipkaOtca] Checking offline messages for client
[2025-07-18 18:00:18] [xa6D8FIW6ei0ShkOhBhw00Tmpcc=] [PipkaOtca] No offline messages found
[2025-07-18 18:00:58] [Ew0ym0uFkbpTiMeFF4ozumqqPDo=] [TeamSpeakUser4] Checking offline messages for client
[2025-07-18 18:00:58] [Ew0ym0uFkbpTiMeFF4ozumqqPDo=] [TeamSpeakUser4] No offline messages found
[2025-07-18 18:01:07] [AZ8fjZJwIQmv2IegKTgZH+hMFoE=] [cxpt] Checking offline messages for client
[2025-07-18 18:01:07] [AZ8fjZJwIQmv2IegKTgZH+hMFoE=] [cxpt] No offline messages found
[2025-07-18 18:01:30] [AZ8fjZJwIQmv2IegKTgZH+hMFoE=] [cxpt] Checking offline messages for client
[2025-07-18 18:01:30] [AZ8fjZJwIQmv2IegKTgZH+hMFoE=] [cxpt] No offline messages found
[2025-07-18 18:01:46] [eQ3PkteKwJd83BScDZz6GRZqpFQ=] [TeamSpeakUser4] Checking offline messages for client
[2025-07-18 18:01:46] [eQ3PkteKwJd83BScDZz6GRZqpFQ=] [TeamSpeakUser4] No offline messages found
[2025-07-18 18:01:51] [HoUP2KvknC9bmJ/gp8EeCFGHx2A=] [sandwichlord1] Checking offline messages for client
[2025-07-18 18:01:51] [HoUP2KvknC9bmJ/gp8EeCFGHx2A=] [sandwichlord1] No offline messages found
[2025-07-18 18:01:56] [TJev65lDzbNr0f86nGzdrWKsFdQ=] [eraborate] Checking offline messages for client
[2025-07-18 18:01:56] [TJev65lDzbNr0f86nGzdrWKsFdQ=] [eraborate] No offline messages found
[2025-07-18 18:03:07] [c7oFTcKiq/RBmmRK+zVRyiDwGvs=] [karl_33] Checking offline messages for client
[2025-07-18 18:03:07] [c7oFTcKiq/RBmmRK+zVRyiDwGvs=] [karl_33] No offline messages found
[2025-07-18 18:03:20] [op9aF5gpPEcS0zuoCV0wviHOYmQ=] [Speedbatteur] Checking offline messages for client
[2025-07-18 18:03:20] [op9aF5gpPEcS0zuoCV0wviHOYmQ=] [Speedbatteur] No offline messages found
[2025-07-18 18:05:43] [QnPuvl/LakOS16vWSaXMZlHO3Xg=] [grr] Checking offline messages for client
[2025-07-18 18:05:43] [QnPuvl/LakOS16vWSaXMZlHO3Xg=] [grr] No offline messages found
[2025-07-18 18:06:12] [qnIp+zDceW7pK1jEcOB3TNMwk1Y=] [sirxwtq] Checking offline messages for client
[2025-07-18 18:06:12] [qnIp+zDceW7pK1jEcOB3TNMwk1Y=] [sirxwtq] No offline messages found
[2025-07-18 18:06:30] [LChIIpVKSczGXCJcvYW8G7+Rrgk=] [erik] Checking offline messages for client
[2025-07-18 18:06:30] [LChIIpVKSczGXCJcvYW8G7+Rrgk=] [erik] No offline messages found
[2025-07-18 18:07:10] [ruivG6UHySYlUBnB3pfdf7disso=] [TeamSpeakUser4] Checking offline messages for client
[2025-07-18 18:07:10] [ruivG6UHySYlUBnB3pfdf7disso=] [TeamSpeakUser4] No offline messages found
[2025-07-18 18:08:04] [HoUP2KvknC9bmJ/gp8EeCFGHx2A=] [TeamSpeakUser4] Checking offline messages for client
[2025-07-18 18:08:04] [HoUP2KvknC9bmJ/gp8EeCFGHx2A=] [TeamSpeakUser4] No offline messages found
[2025-07-18 18:08:31] [iGKuZ6afYJWJFq6bperJRi8OlT0=] [TeamSpeakUser5] Checking offline messages for client
[2025-07-18 18:08:31] [iGKuZ6afYJWJFq6bperJRi8OlT0=] [TeamSpeakUser5] No offline messages found
[2025-07-18 18:08:36] [qnIp+zDceW7pK1jEcOB3TNMwk1Y=] [sirxwtq] Checking offline messages for client
[2025-07-18 18:08:36] [qnIp+zDceW7pK1jEcOB3TNMwk1Y=] [sirxwtq] No offline messages found
[2025-07-18 18:08:43] [AZ8fjZJwIQmv2IegKTgZH+hMFoE=] [cxpt] Checking offline messages for client
[2025-07-18 18:08:43] [AZ8fjZJwIQmv2IegKTgZH+hMFoE=] [cxpt] No offline messages found
[2025-07-18 18:09:52] [ruivG6UHySYlUBnB3pfdf7disso=] [TeamSpeakUser6] Checking offline messages for client
[2025-07-18 18:09:52] [ruivG6UHySYlUBnB3pfdf7disso=] [TeamSpeakUser6] No offline messages found
[2025-07-18 18:10:12] [sC96QZMY/yY8Fc9QjquVCkLiW2c=] [Amirali] Checking offline messages for client
[2025-07-18 18:10:12] [sC96QZMY/yY8Fc9QjquVCkLiW2c=] [Amirali] No offline messages found
[2025-07-18 18:10:56] [qnIp+zDceW7pK1jEcOB3TNMwk1Y=] [sirxwtq] Checking offline messages for client
[2025-07-18 18:10:56] [qnIp+zDceW7pK1jEcOB3TNMwk1Y=] [sirxwtq] No offline messages found
[2025-07-18 18:10:59] [0eagmSNen19zsruS92sijDmsqG4=] [Mon1689] Checking offline messages for client
[2025-07-18 18:10:59] [0eagmSNen19zsruS92sijDmsqG4=] [Mon1689] No offline messages found
[2025-07-18 18:12:55] [xa6D8FIW6ei0ShkOhBhw00Tmpcc=] [PipkaOtca] Checking offline messages for client
[2025-07-18 18:12:55] [xa6D8FIW6ei0ShkOhBhw00Tmpcc=] [PipkaOtca] No offline messages found
[2025-07-18 18:13:29] [sC96QZMY/yY8Fc9QjquVCkLiW2c=] [Amirali] Checking offline messages for client
[2025-07-18 18:13:29] [sC96QZMY/yY8Fc9QjquVCkLiW2c=] [Amirali] No offline messages found
[2025-07-18 18:13:30] [sC96QZMY/yY8Fc9QjquVCkLiW2c=] [Amirali] Checking offline messages for client
[2025-07-18 18:13:30] [sC96QZMY/yY8Fc9QjquVCkLiW2c=] [Amirali] No offline messages found
[2025-07-18 18:13:30] [sC96QZMY/yY8Fc9QjquVCkLiW2c=] [Amirali] Checking offline messages for client
[2025-07-18 18:13:30] [sC96QZMY/yY8Fc9QjquVCkLiW2c=] [Amirali] No offline messages found
[2025-07-18 18:13:48] [HoUP2KvknC9bmJ/gp8EeCFGHx2A=] [sandwichlord1] Checking offline messages for client
[2025-07-18 18:13:48] [HoUP2KvknC9bmJ/gp8EeCFGHx2A=] [sandwichlord1] No offline messages found
[2025-07-18 18:17:13] [igLR0Qw88l2utvuPuQTy5TXjVdA=] [AlvaRoniX$] Checking offline messages for client
[2025-07-18 18:17:13] [igLR0Qw88l2utvuPuQTy5TXjVdA=] [AlvaRoniX$] No offline messages found
[2025-07-18 18:17:31] [LChIIpVKSczGXCJcvYW8G7+Rrgk=] [erik] Checking offline messages for client
[2025-07-18 18:17:31] [LChIIpVKSczGXCJcvYW8G7+Rrgk=] [erik] No offline messages found
[2025-07-18 18:19:36] [TJev65lDzbNr0f86nGzdrWKsFdQ=] [eraborate] Checking offline messages for client
[2025-07-18 18:19:36] [TJev65lDzbNr0f86nGzdrWKsFdQ=] [eraborate] No offline messages found
[2025-07-18 18:19:50] [eQ3PkteKwJd83BScDZz6GRZqpFQ=] [Makov] Checking offline messages for client
[2025-07-18 18:19:50] [eQ3PkteKwJd83BScDZz6GRZqpFQ=] [Makov] No offline messages found
[2025-07-18 18:20:59] [igLR0Qw88l2utvuPuQTy5TXjVdA=] [AlvaRoniX$] Checking offline messages for client
[2025-07-18 18:20:59] [igLR0Qw88l2utvuPuQTy5TXjVdA=] [AlvaRoniX$] No offline messages found
[2025-07-18 18:21:46] [otx+oFZHI0+5nWic0kiHwBENnrI=] [Arturito] Checking offline messages for client
[2025-07-18 18:21:46] [otx+oFZHI0+5nWic0kiHwBENnrI=] [Arturito] No offline messages found
[2025-07-18 18:24:55] [dcdQ6JZazQe/98ri1LB8C3qP740=] [Monster_PP] Checking offline messages for client
[2025-07-18 18:24:55] [dcdQ6JZazQe/98ri1LB8C3qP740=] [Monster_PP] No offline messages found
[2025-07-18 18:27:45] [yNhVy0CvvrsyB6kr6AtIG25gIt0=] [MMamba] Checking offline messages for client
[2025-07-18 18:27:45] [yNhVy0CvvrsyB6kr6AtIG25gIt0=] [MMamba] No offline messages found
[2025-07-18 18:27:47] [dcdQ6JZazQe/98ri1LB8C3qP740=] [Monster_PP] Checking offline messages for client
[2025-07-18 18:27:47] [dcdQ6JZazQe/98ri1LB8C3qP740=] [Monster_PP] No offline messages found
[2025-07-18 18:27:47] [dcdQ6JZazQe/98ri1LB8C3qP740=] [Monster_PP] Checking offline messages for client
[2025-07-18 18:27:47] [dcdQ6JZazQe/98ri1LB8C3qP740=] [Monster_PP] No offline messages found
[2025-07-18 18:27:47] [dcdQ6JZazQe/98ri1LB8C3qP740=] [Monster_PP] Checking offline messages for client
[2025-07-18 18:27:47] [dcdQ6JZazQe/98ri1LB8C3qP740=] [Monster_PP] No offline messages found
[2025-07-18 18:30:03] [dcdQ6JZazQe/98ri1LB8C3qP740=] [Monster_PP] Checking offline messages for client
[2025-07-18 18:30:03] [dcdQ6JZazQe/98ri1LB8C3qP740=] [Monster_PP] No offline messages found
[2025-07-18 18:31:40] [vYdB4LqF9oGqrfx8sM2nXqb21o0=] [may1kid] Checking offline messages for client
[2025-07-18 18:31:40] [vYdB4LqF9oGqrfx8sM2nXqb21o0=] [may1kid] No offline messages found
[2025-07-18 18:31:52] [dcdQ6JZazQe/98ri1LB8C3qP740=] [Monster_PP] Checking offline messages for client
[2025-07-18 18:31:52] [dcdQ6JZazQe/98ri1LB8C3qP740=] [Monster_PP] No offline messages found
[2025-07-18 18:35:24] [2Wwp3OUfYmW1YS0CcQ4xw15CjCs=] [krsto] Checking offline messages for client
[2025-07-18 18:35:24] [2Wwp3OUfYmW1YS0CcQ4xw15CjCs=] [krsto] No offline messages found
[2025-07-18 18:36:58] [4NEb8EjvTnrdKIlfd6y4WRD73es=] [klozzer] Checking offline messages for client
[2025-07-18 18:36:58] [4NEb8EjvTnrdKIlfd6y4WRD73es=] [klozzer] No offline messages found
[2025-07-18 18:39:33] [qvf2/IsRm9TsXSmNMeDEuXuIC3s=] [Mood] Checking offline messages for client
[2025-07-18 18:39:33] [qvf2/IsRm9TsXSmNMeDEuXuIC3s=] [Mood] No offline messages found
[2025-07-18 18:42:33] [x5NWjjSsshVzCfkox/peFi8iwwM=] [pzdcvsenikizanyati] Checking offline messages for client
[2025-07-18 18:42:33] [x5NWjjSsshVzCfkox/peFi8iwwM=] [pzdcvsenikizanyati] No offline messages found
[2025-07-18 18:44:35] [gIv03ZtQuihw+6fOW0VT0H6h6c8=] [chapa] Checking offline messages for client
[2025-07-18 18:44:35] [gIv03ZtQuihw+6fOW0VT0H6h6c8=] [chapa] No offline messages found
[2025-07-18 18:44:36] [ocCC+jVvD4KYfRPT+6Gk43hBr1k=] [BobFaruk] Checking offline messages for client
[2025-07-18 18:44:36] [ocCC+jVvD4KYfRPT+6Gk43hBr1k=] [BobFaruk] No offline messages found
[2025-07-18 18:44:51] [eAuKs9HPamMWAyQuTn0E2FCkE0g=] [Majkel Jekson] Checking offline messages for client
[2025-07-18 18:44:51] [eAuKs9HPamMWAyQuTn0E2FCkE0g=] [Majkel Jekson] No offline messages found
[2025-07-18 18:45:13] [faG5alkL6TKdApepthzNinT5uEQ=] [ahmetakzm] Checking offline messages for client
[2025-07-18 18:45:13] [faG5alkL6TKdApepthzNinT5uEQ=] [ahmetakzm] No offline messages found
[2025-07-18 18:47:32] [AZ8fjZJwIQmv2IegKTgZH+hMFoE=] [cxpt] Checking offline messages for client
[2025-07-18 18:47:32] [AZ8fjZJwIQmv2IegKTgZH+hMFoE=] [cxpt] No offline messages found
[2025-07-18 18:48:58] [vYdB4LqF9oGqrfx8sM2nXqb21o0=] [may1kid] Checking offline messages for client
[2025-07-18 18:48:58] [vYdB4LqF9oGqrfx8sM2nXqb21o0=] [may1kid] No offline messages found
[2025-07-18 18:49:26] [I6jOOSBap0dJfQxxrWEXasWM9n0=] [sharfyusha] Checking offline messages for client
[2025-07-18 18:49:26] [I6jOOSBap0dJfQxxrWEXasWM9n0=] [sharfyusha] No offline messages found
[2025-07-18 18:49:31] [MZWgndUXO6A0YcVlmWyBE1rQlnY=] [Musto] Checking offline messages for client
[2025-07-18 18:49:31] [MZWgndUXO6A0YcVlmWyBE1rQlnY=] [Musto] No offline messages found
[2025-07-18 18:53:25] [6n/nlxL7CTtf0tVytkRkqsOyzwM=] [Barış] Checking offline messages for client
[2025-07-18 18:53:25] [6n/nlxL7CTtf0tVytkRkqsOyzwM=] [Barış] No offline messages found
[2025-07-18 18:54:11] [vYdB4LqF9oGqrfx8sM2nXqb21o0=] [may1kid] Checking offline messages for client
[2025-07-18 18:54:11] [vYdB4LqF9oGqrfx8sM2nXqb21o0=] [may1kid] No offline messages found
[2025-07-18 18:54:54] [gITtVlfHYxsd3mvOfTblKNtJBDU=] [4iff] Checking offline messages for client
[2025-07-18 18:54:54] [gITtVlfHYxsd3mvOfTblKNtJBDU=] [4iff] No offline messages found
[2025-07-18 18:57:14] [2bUyvfXA/u6gKEf6lBYHtcUoVa8=] [DanialDelRey] Checking offline messages for client
[2025-07-18 18:57:14] [2bUyvfXA/u6gKEf6lBYHtcUoVa8=] [DanialDelRey] No offline messages found
[2025-07-18 18:59:15] [igLR0Qw88l2utvuPuQTy5TXjVdA=] [AlvaRoniX$] Checking offline messages for client
[2025-07-18 18:59:15] [igLR0Qw88l2utvuPuQTy5TXjVdA=] [AlvaRoniX$] No offline messages found
[2025-07-18 19:01:52] [1BDiRIRS2OfGX61fQP0GgUdFILc=] [ZTEG] Checking offline messages for client
[2025-07-18 19:01:52] [1BDiRIRS2OfGX61fQP0GgUdFILc=] [ZTEG] No offline messages found
[2025-07-18 19:02:21] [igLR0Qw88l2utvuPuQTy5TXjVdA=] [AlvaRoniX$] Checking offline messages for client
[2025-07-18 19:02:21] [igLR0Qw88l2utvuPuQTy5TXjVdA=] [AlvaRoniX$] No offline messages found
[2025-07-18 19:14:59] [F1Saxjs1AfWSqkBNSPm1X6ZiuSA=] [TeamSpeakUser4] Checking offline messages for client
[2025-07-18 19:14:59] [F1Saxjs1AfWSqkBNSPm1X6ZiuSA=] [TeamSpeakUser4] No offline messages found
[2025-07-18 19:15:44] [S7KAIZg6lvMYAtc3mv7AirSt31k=] [sadada] Checking offline messages for client
[2025-07-18 19:15:44] [S7KAIZg6lvMYAtc3mv7AirSt31k=] [sadada] No offline messages found
[2025-07-18 19:16:44] [ixLpNjc83I5LYHua6yWOroTZ+DY=] [amin_gamester] Checking offline messages for client
[2025-07-18 19:16:44] [ixLpNjc83I5LYHua6yWOroTZ+DY=] [amin_gamester] No offline messages found
[2025-07-18 19:16:44] [ixLpNjc83I5LYHua6yWOroTZ+DY=] [amin_gamester] Checking offline messages for client
[2025-07-18 19:16:44] [ixLpNjc83I5LYHua6yWOroTZ+DY=] [amin_gamester] No offline messages found
[2025-07-18 19:16:45] [ixLpNjc83I5LYHua6yWOroTZ+DY=] [amin_gamester] Checking offline messages for client
[2025-07-18 19:16:45] [ixLpNjc83I5LYHua6yWOroTZ+DY=] [amin_gamester] No offline messages found
[2025-07-18 19:16:59] [ixLpNjc83I5LYHua6yWOroTZ+DY=] [amin_gamester] Checking offline messages for client
[2025-07-18 19:16:59] [ixLpNjc83I5LYHua6yWOroTZ+DY=] [amin_gamester] No offline messages found
[2025-07-18 19:17:26] [ixLpNjc83I5LYHua6yWOroTZ+DY=] [amin_gamester] Checking offline messages for client
[2025-07-18 19:17:26] [ixLpNjc83I5LYHua6yWOroTZ+DY=] [amin_gamester] No offline messages found
[2025-07-18 19:18:41] [bTFNXeFn5boDgnnILCVfia9y59k=] [EBUDanila] Checking offline messages for client
[2025-07-18 19:18:41] [bTFNXeFn5boDgnnILCVfia9y59k=] [EBUDanila] No offline messages found
[2025-07-18 19:24:17] [ayHUOzBuuInw8J/HHBAIDIq0cYY=] [bohun ivan] Checking offline messages for client
[2025-07-18 19:24:17] [ayHUOzBuuInw8J/HHBAIDIq0cYY=] [bohun ivan] No offline messages found
[2025-07-18 19:26:00] [tYPVHd7ZlSgv4rxjYjaAB228Jz0=] [Crash] Checking offline messages for client
[2025-07-18 19:26:00] [tYPVHd7ZlSgv4rxjYjaAB228Jz0=] [Crash] No offline messages found
[2025-07-18 19:27:57] [ByxgeD5C1pEwB1SnnSzEOrDDDM4=] [caeciliae] Checking offline messages for client
[2025-07-18 19:27:57] [ByxgeD5C1pEwB1SnnSzEOrDDDM4=] [caeciliae] No offline messages found
[2025-07-18 19:28:24] [MHmdoAL2tS4k9FBfzlhXVa1GOyY=] [devl1] Checking offline messages for client
[2025-07-18 19:28:24] [MHmdoAL2tS4k9FBfzlhXVa1GOyY=] [devl1] No offline messages found
[2025-07-18 19:30:05] [vYdB4LqF9oGqrfx8sM2nXqb21o0=] [may1kid] Checking offline messages for client
[2025-07-18 19:30:05] [vYdB4LqF9oGqrfx8sM2nXqb21o0=] [may1kid] No offline messages found
[2025-07-18 19:30:09] [pA7GqEdqeTaqewoDT7Er8SLOCiE=] [ferno.] Checking offline messages for client
[2025-07-18 19:30:09] [pA7GqEdqeTaqewoDT7Er8SLOCiE=] [ferno.] No offline messages found
[2025-07-18 19:30:28] [5hddc8haxgTOmC6YnU4i/CaEPsM=] [saadf] Checking offline messages for client
[2025-07-18 19:30:28] [5hddc8haxgTOmC6YnU4i/CaEPsM=] [saadf] No offline messages found
[2025-07-18 19:31:23] [ktT/SftpCnxHE/8DJjKjzUnQ3AY=] [EJEX] Checking offline messages for client
[2025-07-18 19:31:23] [ktT/SftpCnxHE/8DJjKjzUnQ3AY=] [EJEX] No offline messages found
[2025-07-18 19:32:41] [6QTSVZJXFWVj3iE7IzR5O0qjvAA=] [Maprhendil] Checking offline messages for client
[2025-07-18 19:32:41] [6QTSVZJXFWVj3iE7IzR5O0qjvAA=] [Maprhendil] No offline messages found
[2025-07-18 19:33:10] [MQ3mzkgPKf3CSM++TDpopXnLpzs=] [clamoris] Checking offline messages for client
[2025-07-18 19:33:10] [MQ3mzkgPKf3CSM++TDpopXnLpzs=] [clamoris] No offline messages found
[2025-07-18 19:33:33] [TPmoeMUpquumc5CPEdm9Gqxrrlw=] [123] Checking offline messages for client
[2025-07-18 19:33:33] [TPmoeMUpquumc5CPEdm9Gqxrrlw=] [123] No offline messages found
[2025-07-18 19:33:54] [LChIIpVKSczGXCJcvYW8G7+Rrgk=] [erik] Checking offline messages for client
[2025-07-18 19:33:54] [LChIIpVKSczGXCJcvYW8G7+Rrgk=] [erik] No offline messages found
[2025-07-18 19:35:40] [ByxgeD5C1pEwB1SnnSzEOrDDDM4=] [caeciliae] Checking offline messages for client
[2025-07-18 19:35:40] [ByxgeD5C1pEwB1SnnSzEOrDDDM4=] [caeciliae] No offline messages found
[2025-07-18 19:36:43] [7IfhiVJqPvgzaT8q6UzCUD1usuI=] [TeamSpeakUser] Checking offline messages for client
[2025-07-18 19:36:43] [7IfhiVJqPvgzaT8q6UzCUD1usuI=] [TeamSpeakUser] No offline messages found
[2025-07-18 19:37:13] [sjqmzYtYpIntGfG0qBsbOPaeLj8=] [HaronPohoron] Checking offline messages for client
[2025-07-18 19:37:13] [sjqmzYtYpIntGfG0qBsbOPaeLj8=] [HaronPohoron] No offline messages found
[2025-07-18 19:38:03] [0XIPokUUTEkn00muYiwnSCQJ4wM=] [credolls] Checking offline messages for client
[2025-07-18 19:38:03] [0XIPokUUTEkn00muYiwnSCQJ4wM=] [credolls] No offline messages found
[2025-07-18 19:38:03] [0XIPokUUTEkn00muYiwnSCQJ4wM=] [credolls] Checking offline messages for client
[2025-07-18 19:38:03] [0XIPokUUTEkn00muYiwnSCQJ4wM=] [credolls] No offline messages found
[2025-07-18 19:38:03] [0XIPokUUTEkn00muYiwnSCQJ4wM=] [credolls] Checking offline messages for client
[2025-07-18 19:38:03] [0XIPokUUTEkn00muYiwnSCQJ4wM=] [credolls] No offline messages found
[2025-07-18 19:38:38] [tYPVHd7ZlSgv4rxjYjaAB228Jz0=] [Crash] Checking offline messages for client
[2025-07-18 19:38:38] [tYPVHd7ZlSgv4rxjYjaAB228Jz0=] [Crash] No offline messages found
[2025-07-18 19:38:41] [YR3cXVTWKY93ABDt22uT4r0tmsY=] [BleXra] Checking offline messages for client
[2025-07-18 19:38:41] [YR3cXVTWKY93ABDt22uT4r0tmsY=] [BleXra] No offline messages found
[2025-07-18 19:38:41] [YR3cXVTWKY93ABDt22uT4r0tmsY=] [BleXra] Checking offline messages for client
[2025-07-18 19:38:41] [YR3cXVTWKY93ABDt22uT4r0tmsY=] [BleXra] No offline messages found
[2025-07-18 19:42:15] [nYYlWUs5YkYKnWWsLhHJIhbnlmA=] [HanS] Checking offline messages for client
[2025-07-18 19:42:15] [nYYlWUs5YkYKnWWsLhHJIhbnlmA=] [HanS] No offline messages found
[2025-07-18 19:45:43] [xiVTUqjmPR8HsEFkd9qzObroM+Q=] [TeamSpeakUser4] Checking offline messages for client
[2025-07-18 19:45:43] [xiVTUqjmPR8HsEFkd9qzObroM+Q=] [TeamSpeakUser4] No offline messages found
[2025-07-18 19:46:04] [ysApwncFrVjzs0iXlJqpQC5ryno=] [alikexie] Checking offline messages for client
[2025-07-18 19:46:04] [ysApwncFrVjzs0iXlJqpQC5ryno=] [alikexie] No offline messages found
[2025-07-18 19:47:28] [ayHUOzBuuInw8J/HHBAIDIq0cYY=] [bohun ivan] Checking offline messages for client
[2025-07-18 19:47:28] [ayHUOzBuuInw8J/HHBAIDIq0cYY=] [bohun ivan] No offline messages found
[2025-07-18 19:51:12] [kI4Iq6xXKhsCvHl1H7QZho8zUzY=] [elges] Checking offline messages for client
[2025-07-18 19:51:12] [kI4Iq6xXKhsCvHl1H7QZho8zUzY=] [elges] No offline messages found
[2025-07-18 19:53:01] [ow+Zi/O4SnJIvwHosoZ7zIvOOK8=] [shinigami] Checking offline messages for client
[2025-07-18 19:53:01] [ow+Zi/O4SnJIvwHosoZ7zIvOOK8=] [shinigami] No offline messages found
[2025-07-18 19:56:15] [ilO9JAl5glx+WikZA6SZqmic0Iw=] [kaiizenn] Checking offline messages for client
[2025-07-18 19:56:15] [ilO9JAl5glx+WikZA6SZqmic0Iw=] [kaiizenn] No offline messages found
[2025-07-18 19:59:09] [3wfCbZork1r8h4aDgIW1hfWE0YA=] [SNAC-Ahmet] Checking offline messages for client
[2025-07-18 19:59:09] [3wfCbZork1r8h4aDgIW1hfWE0YA=] [SNAC-Ahmet] No offline messages found
[2025-07-18 19:59:14] [kULTdQq319JIL8kWV2Yvc5hMdaw=] [TeamSpeakUser5] Checking offline messages for client
[2025-07-18 19:59:14] [kULTdQq319JIL8kWV2Yvc5hMdaw=] [TeamSpeakUser5] No offline messages found
[2025-07-18 20:01:47] [tOoGEdCN9ULy8ULKyELfIWNelvU=] [kayanyildz] Checking offline messages for client
[2025-07-18 20:01:47] [tOoGEdCN9ULy8ULKyELfIWNelvU=] [kayanyildz] No offline messages found
[2025-07-18 20:03:24] [q5wdHXdhpr7Oc//EqCvbwn0CVZY=] [Malheiro] Checking offline messages for client
[2025-07-18 20:03:24] [q5wdHXdhpr7Oc//EqCvbwn0CVZY=] [Malheiro] No offline messages found
[2025-07-18 20:04:00] [8fYztNYS5f8Fc6fjkbCM7rkV5og=] [Doolph] Checking offline messages for client
[2025-07-18 20:04:00] [8fYztNYS5f8Fc6fjkbCM7rkV5og=] [Doolph] No offline messages found
[2025-07-18 20:05:11] [qXu/YEbz0BqZXHthtOhD7suFGhw=] [noice] Checking offline messages for client
[2025-07-18 20:05:11] [qXu/YEbz0BqZXHthtOhD7suFGhw=] [noice] No offline messages found
[2025-07-18 20:05:30] [mWSAiqY7b9z9A7QoOP0uSvoVr/A=] [SmaD] Checking offline messages for client
[2025-07-18 20:05:30] [mWSAiqY7b9z9A7QoOP0uSvoVr/A=] [SmaD] No offline messages found
[2025-07-18 20:06:16] [M09LXQM0h1IxzpSiw7t91USRzUA=] [dolv1] Checking offline messages for client
[2025-07-18 20:06:16] [M09LXQM0h1IxzpSiw7t91USRzUA=] [dolv1] No offline messages found
[2025-07-18 20:08:32] [WqJ7G2qJdQ8kspL597ANASGN6Qc=] [леха] Checking offline messages for client
[2025-07-18 20:08:32] [WqJ7G2qJdQ8kspL597ANASGN6Qc=] [леха] No offline messages found
[2025-07-18 20:09:59] [q5wdHXdhpr7Oc//EqCvbwn0CVZY=] [Malheiro] Checking offline messages for client
[2025-07-18 20:09:59] [q5wdHXdhpr7Oc//EqCvbwn0CVZY=] [Malheiro] No offline messages found
[2025-07-18 20:10:25] [q5wdHXdhpr7Oc//EqCvbwn0CVZY=] [Malheiro] Checking offline messages for client
[2025-07-18 20:10:25] [q5wdHXdhpr7Oc//EqCvbwn0CVZY=] [Malheiro] No offline messages found
[2025-07-18 20:10:35] [Ak+g2T6dsXY09qW3A018jPM4sUk=] [TeamSpeakUser6] Checking offline messages for client
[2025-07-18 20:10:35] [Ak+g2T6dsXY09qW3A018jPM4sUk=] [TeamSpeakUser6] No offline messages found
[2025-07-18 20:14:01] [qTbiuLvuv0AOhjUmVX+VILte18g=] [sadfay] Checking offline messages for client
[2025-07-18 20:14:01] [qTbiuLvuv0AOhjUmVX+VILte18g=] [sadfay] No offline messages found
[2025-07-18 20:14:06] [0VtbEK5GPt+65c4OY/7yGiDgTl4=] [NaCl_] Checking offline messages for client
[2025-07-18 20:14:06] [0VtbEK5GPt+65c4OY/7yGiDgTl4=] [NaCl_] No offline messages found
[2025-07-18 20:15:34] [gxGX91a+FO9ox8ymbTAiTSocxRE=] [Froll1] Checking offline messages for client
[2025-07-18 20:15:34] [gxGX91a+FO9ox8ymbTAiTSocxRE=] [Froll1] No offline messages found
[2025-07-18 20:17:08] [/ncNPlReVFMcogQXANbFudn+xRk=] [KC_Agee] Checking offline messages for client
[2025-07-18 20:17:08] [/ncNPlReVFMcogQXANbFudn+xRk=] [KC_Agee] No offline messages found
[2025-07-18 20:17:48] [dcwpng8/Zm3kYgrIgp0+bk7Zj9w=] [TeamSpeakUser6] Checking offline messages for client
[2025-07-18 20:17:48] [dcwpng8/Zm3kYgrIgp0+bk7Zj9w=] [TeamSpeakUser6] No offline messages found
[2025-07-18 20:18:36] [Ak+g2T6dsXY09qW3A018jPM4sUk=] [TeamSpeakUser7] Checking offline messages for client
[2025-07-18 20:18:36] [Ak+g2T6dsXY09qW3A018jPM4sUk=] [TeamSpeakUser7] No offline messages found
[2025-07-18 20:20:29] [MqlyPI/U5wjPs6LHaX2Ifl+w4r8=] [timothysamuelx] Checking offline messages for client
[2025-07-18 20:20:29] [MqlyPI/U5wjPs6LHaX2Ifl+w4r8=] [timothysamuelx] No offline messages found
[2025-07-18 20:23:46] [KJ4zqn9pukLO1ChROBmAPzo3JKk=] [Shutn1k] Checking offline messages for client
[2025-07-18 20:23:46] [KJ4zqn9pukLO1ChROBmAPzo3JKk=] [Shutn1k] No offline messages found
[2025-07-18 20:23:51] [8yG40ppumRoJGhu1qR/blqgqttw=] [sanka98] Checking offline messages for client
[2025-07-18 20:23:51] [8yG40ppumRoJGhu1qR/blqgqttw=] [sanka98] No offline messages found
[2025-07-18 20:24:38] [uVIyLE46ey0eBhM+Z9Az+wuDd2U=] [LisssTzz] Checking offline messages for client
[2025-07-18 20:24:38] [uVIyLE46ey0eBhM+Z9Az+wuDd2U=] [LisssTzz] No offline messages found
[2025-07-18 20:27:21] [SBv8POQ/KbJEokJuPb4wsFePAa4=] [ilan] Checking offline messages for client
[2025-07-18 20:27:21] [SBv8POQ/KbJEokJuPb4wsFePAa4=] [ilan] No offline messages found
[2025-07-18 20:28:15] [g95LkcovmlDSBBJIdmdv0zN6QBs=] [baysikimdeğil] Checking offline messages for client
[2025-07-18 20:28:15] [g95LkcovmlDSBBJIdmdv0zN6QBs=] [baysikimdeğil] No offline messages found
[2025-07-18 20:28:50] [M09LXQM0h1IxzpSiw7t91USRzUA=] [dolv1] Checking offline messages for client
[2025-07-18 20:28:50] [M09LXQM0h1IxzpSiw7t91USRzUA=] [dolv1] No offline messages found
[2025-07-18 20:30:29] [9aOHE8c0eoRv1QOeeRwzhgrF2KY=] [DrozD] Checking offline messages for client
[2025-07-18 20:30:29] [9aOHE8c0eoRv1QOeeRwzhgrF2KY=] [DrozD] No offline messages found
[2025-07-18 20:36:21] [ZGrMI6bNPSY3bqByYnYHBOr+Dac=] [рэдик] Checking offline messages for client
[2025-07-18 20:36:21] [ZGrMI6bNPSY3bqByYnYHBOr+Dac=] [рэдик] No offline messages found
[2025-07-18 20:36:40] [mgYwRbcyydNZq/21AJsjLsv4lb8=] [Alliansic] Checking offline messages for client
[2025-07-18 20:36:40] [mgYwRbcyydNZq/21AJsjLsv4lb8=] [Alliansic] No offline messages found
[2025-07-18 20:37:30] [ZRJE0ISA13RmnFcasOlw68BVsNY=] [F4funder] Checking offline messages for client
[2025-07-18 20:37:30] [ZRJE0ISA13RmnFcasOlw68BVsNY=] [F4funder] No offline messages found
[2025-07-18 20:40:41] [kTd29/WoY6kTCwFudlNFg7fSHEA=] [ChaRLIE] Checking offline messages for client
[2025-07-18 20:40:41] [kTd29/WoY6kTCwFudlNFg7fSHEA=] [ChaRLIE] No offline messages found
[2025-07-18 20:40:50] [d/2RYNlm5B/Nn3BBGjS8/8tretA=] [LaPt] Checking offline messages for client
[2025-07-18 20:40:50] [d/2RYNlm5B/Nn3BBGjS8/8tretA=] [LaPt] No offline messages found
[2025-07-18 20:42:14] [otx+oFZHI0+5nWic0kiHwBENnrI=] [Arturito] Checking offline messages for client
[2025-07-18 20:42:14] [otx+oFZHI0+5nWic0kiHwBENnrI=] [Arturito] No offline messages found
[2025-07-18 20:43:10] [hUjMcppeZYeQG89H1ehSTqHW6iQ=] [Hydrastarke] Checking offline messages for client
[2025-07-18 20:43:10] [hUjMcppeZYeQG89H1ehSTqHW6iQ=] [Hydrastarke] No offline messages found
[2025-07-18 20:45:33] [CnsaFLBvFsaEG5TIA7bpH7+nWrU=] [ardoş] Checking offline messages for client
[2025-07-18 20:45:33] [CnsaFLBvFsaEG5TIA7bpH7+nWrU=] [ardoş] No offline messages found
[2025-07-18 20:47:27] [kKtSGGopzaQwSKLVoisrOcnsg7M=] [TeamSpeakUser7] Checking offline messages for client
[2025-07-18 20:47:27] [kKtSGGopzaQwSKLVoisrOcnsg7M=] [TeamSpeakUser7] No offline messages found
[2025-07-18 20:47:27] [kKtSGGopzaQwSKLVoisrOcnsg7M=] [TeamSpeakUser7] Checking offline messages for client
[2025-07-18 20:47:27] [kKtSGGopzaQwSKLVoisrOcnsg7M=] [TeamSpeakUser7] No offline messages found
[2025-07-18 20:47:28] [kKtSGGopzaQwSKLVoisrOcnsg7M=] [TeamSpeakUser7] Checking offline messages for client
[2025-07-18 20:47:28] [kKtSGGopzaQwSKLVoisrOcnsg7M=] [TeamSpeakUser7] No offline messages found
[2025-07-18 20:56:18] [A2T1RSmzaeIbUTk0Ce356sAFyiM=] [hugao] Checking offline messages for client
[2025-07-18 20:56:18] [A2T1RSmzaeIbUTk0Ce356sAFyiM=] [hugao] No offline messages found
[2025-07-18 20:56:53] [m3jwrJafD7Z1HcDm7lAZbGqtROY=] [zui] Checking offline messages for client
[2025-07-18 20:56:53] [m3jwrJafD7Z1HcDm7lAZbGqtROY=] [zui] No offline messages found
[2025-07-18 20:57:37] [rfSlRu7uzjI8pCmk2erQZXW6+7M=] [2212312] Checking offline messages for client
[2025-07-18 20:57:37] [rfSlRu7uzjI8pCmk2erQZXW6+7M=] [2212312] No offline messages found
[2025-07-18 21:01:19] [V/sE7GD+jPAQPdHRhDxgmql0tFI=] [Jabberson] Checking offline messages for client
[2025-07-18 21:01:19] [V/sE7GD+jPAQPdHRhDxgmql0tFI=] [Jabberson] No offline messages found
[2025-07-18 21:02:02] [ayHUOzBuuInw8J/HHBAIDIq0cYY=] [bohun ivan] Checking offline messages for client
[2025-07-18 21:02:02] [ayHUOzBuuInw8J/HHBAIDIq0cYY=] [bohun ivan] No offline messages found
[2025-07-18 21:02:03] [ayHUOzBuuInw8J/HHBAIDIq0cYY=] [bohun ivan] Checking offline messages for client
[2025-07-18 21:02:03] [ayHUOzBuuInw8J/HHBAIDIq0cYY=] [bohun ivan] No offline messages found
[2025-07-18 21:02:03] [ayHUOzBuuInw8J/HHBAIDIq0cYY=] [bohun ivan] Checking offline messages for client
[2025-07-18 21:02:03] [ayHUOzBuuInw8J/HHBAIDIq0cYY=] [bohun ivan] No offline messages found
[2025-07-18 21:04:33] [esphB+mG2+N8I3ntRjK04Tgvv7o=] [Phantor] Checking offline messages for client
[2025-07-18 21:04:33] [esphB+mG2+N8I3ntRjK04Tgvv7o=] [Phantor] No offline messages found
[2025-07-18 21:06:16] [ewrPGoLlCCfzZIqr9wC9KuSdmb4=] [Junior] Checking offline messages for client
[2025-07-18 21:06:16] [ewrPGoLlCCfzZIqr9wC9KuSdmb4=] [Junior] No offline messages found
[2025-07-18 21:06:24] [39Hn80GzU936S3hLOAjj8iP5kpg=] [Shawaj] Checking offline messages for client
[2025-07-18 21:06:24] [39Hn80GzU936S3hLOAjj8iP5kpg=] [Shawaj] No offline messages found
[2025-07-18 21:10:54] [0pfL6k6+uhY3YJUK1FucX6agAV8=] [MC durak] Checking offline messages for client
[2025-07-18 21:10:54] [0pfL6k6+uhY3YJUK1FucX6agAV8=] [MC durak] No offline messages found
[2025-07-18 21:10:57] [0pfL6k6+uhY3YJUK1FucX6agAV8=] [MC durak] Checking offline messages for client
[2025-07-18 21:10:57] [0pfL6k6+uhY3YJUK1FucX6agAV8=] [MC durak] No offline messages found
[2025-07-18 21:10:58] [0pfL6k6+uhY3YJUK1FucX6agAV8=] [MC durak] Checking offline messages for client
[2025-07-18 21:10:58] [0pfL6k6+uhY3YJUK1FucX6agAV8=] [MC durak] No offline messages found
[2025-07-18 21:11:09] [pUCIpssKzbEhYAmtB8xcuFXcEsU=] [mostafa] Checking offline messages for client
[2025-07-18 21:11:09] [pUCIpssKzbEhYAmtB8xcuFXcEsU=] [mostafa] No offline messages found
[2025-07-18 21:11:35] [1AbnbGgxnGmT+1ucLIy1LFbCSCU=] [theslayercroute] Checking offline messages for client
[2025-07-18 21:11:35] [1AbnbGgxnGmT+1ucLIy1LFbCSCU=] [theslayercroute] No offline messages found
[2025-07-18 21:12:29] [q5wdHXdhpr7Oc//EqCvbwn0CVZY=] [Malheiro] Checking offline messages for client
[2025-07-18 21:12:29] [q5wdHXdhpr7Oc//EqCvbwn0CVZY=] [Malheiro] No offline messages found
[2025-07-18 21:12:45] [1nHWWpwvoZf+IGl6BaPDK6nG9mg=] [FataL1Day] Checking offline messages for client
[2025-07-18 21:12:45] [1nHWWpwvoZf+IGl6BaPDK6nG9mg=] [FataL1Day] No offline messages found
[2025-07-18 21:13:13] [qQE/h4Dj4T5WaAMgAFtXauAusk8=] [fam0us] Checking offline messages for client
[2025-07-18 21:13:13] [qQE/h4Dj4T5WaAMgAFtXauAusk8=] [fam0us] No offline messages found
[2025-07-18 21:13:29] [IvPuoleyuChePKK0GR7sRhVCkJE=] [SYRUSSS] Checking offline messages for client
[2025-07-18 21:13:29] [IvPuoleyuChePKK0GR7sRhVCkJE=] [SYRUSSS] No offline messages found
[2025-07-18 21:14:09] [B4Y+ZSqlbjaM+nBDVI2euJqs3XQ=] [r1mmi] Checking offline messages for client
[2025-07-18 21:14:09] [B4Y+ZSqlbjaM+nBDVI2euJqs3XQ=] [r1mmi] No offline messages found
[2025-07-18 21:14:53] [G88zjUkHJLCbZF/QycvkVmMnPJA=] [ZeyphiZ] Checking offline messages for client
[2025-07-18 21:14:53] [G88zjUkHJLCbZF/QycvkVmMnPJA=] [ZeyphiZ] No offline messages found
[2025-07-18 21:14:57] [/ncNPlReVFMcogQXANbFudn+xRk=] [KC_Agee] Checking offline messages for client
[2025-07-18 21:14:57] [/ncNPlReVFMcogQXANbFudn+xRk=] [KC_Agee] No offline messages found
[2025-07-18 21:15:19] [CivIdqvdtxSJX+mCOeU13yota9Y=] [digitalmix] Checking offline messages for client
[2025-07-18 21:15:19] [CivIdqvdtxSJX+mCOeU13yota9Y=] [digitalmix] No offline messages found
[2025-07-18 21:15:29] [q5wdHXdhpr7Oc//EqCvbwn0CVZY=] [Malheiro] Checking offline messages for client
[2025-07-18 21:15:29] [q5wdHXdhpr7Oc//EqCvbwn0CVZY=] [Malheiro] No offline messages found
[2025-07-18 21:15:35] [q5wdHXdhpr7Oc//EqCvbwn0CVZY=] [Malheiro] Checking offline messages for client
[2025-07-18 21:15:35] [q5wdHXdhpr7Oc//EqCvbwn0CVZY=] [Malheiro] No offline messages found
[2025-07-18 21:15:45] [q5wdHXdhpr7Oc//EqCvbwn0CVZY=] [Malheiro] Checking offline messages for client
[2025-07-18 21:15:45] [q5wdHXdhpr7Oc//EqCvbwn0CVZY=] [Malheiro] No offline messages found
[2025-07-18 21:16:30] [olx89Pdjc5M3fEKtvl/uuQb51Rw=] [СИСЯМАСИСЯ] Checking offline messages for client
[2025-07-18 21:16:30] [olx89Pdjc5M3fEKtvl/uuQb51Rw=] [СИСЯМАСИСЯ] No offline messages found
[2025-07-18 21:18:55] [C3ony4dh8njCYB62/cIXXbMG1IA=] [Чех] Checking offline messages for client
[2025-07-18 21:18:55] [C3ony4dh8njCYB62/cIXXbMG1IA=] [Чех] No offline messages found
[2025-07-18 21:19:04] [6/d292RHjDEDgBIAnW3zWBlcX+o=] [TeamSpeakUser] Checking offline messages for client
[2025-07-18 21:19:04] [6/d292RHjDEDgBIAnW3zWBlcX+o=] [TeamSpeakUser] No offline messages found
[2025-07-18 21:19:28] [qQE/h4Dj4T5WaAMgAFtXauAusk8=] [fam0us] Checking offline messages for client
[2025-07-18 21:19:28] [qQE/h4Dj4T5WaAMgAFtXauAusk8=] [fam0us] No offline messages found
[2025-07-18 21:20:35] [eNxiZDOeggdj95ZNvuM5yeobkrU=] [Etienne] Checking offline messages for client
[2025-07-18 21:20:35] [eNxiZDOeggdj95ZNvuM5yeobkrU=] [Etienne] No offline messages found
[2025-07-18 21:21:32] [j2TIawnGNehvq+itbVK9ty0G5jo=] [Sfanon] Checking offline messages for client
[2025-07-18 21:21:32] [j2TIawnGNehvq+itbVK9ty0G5jo=] [Sfanon] No offline messages found
[2025-07-18 21:22:44] [F4Rot6aSlWU5OFZBOarP2RTzrYY=] [INSANE] Checking offline messages for client
[2025-07-18 21:22:44] [F4Rot6aSlWU5OFZBOarP2RTzrYY=] [INSANE] No offline messages found
[2025-07-18 21:23:28] [0pfL6k6+uhY3YJUK1FucX6agAV8=] [MC durak] Checking offline messages for client
[2025-07-18 21:23:28] [0pfL6k6+uhY3YJUK1FucX6agAV8=] [MC durak] No offline messages found
[2025-07-18 21:25:55] [8TGy5ZCaVIzFzYDa+1P00MswWe8=] [JustBrainRU] Checking offline messages for client
[2025-07-18 21:25:55] [8TGy5ZCaVIzFzYDa+1P00MswWe8=] [JustBrainRU] No offline messages found
[2025-07-18 21:27:14] [+iN+emdCrwTlem5+zfF1B8qY0To=] [xyecoc] Checking offline messages for client
[2025-07-18 21:27:14] [+iN+emdCrwTlem5+zfF1B8qY0To=] [xyecoc] No offline messages found
[2025-07-18 21:27:15] [+iN+emdCrwTlem5+zfF1B8qY0To=] [xyecoc] Checking offline messages for client
[2025-07-18 21:27:15] [+iN+emdCrwTlem5+zfF1B8qY0To=] [xyecoc] No offline messages found
[2025-07-18 21:27:15] [+iN+emdCrwTlem5+zfF1B8qY0To=] [xyecoc] Checking offline messages for client
[2025-07-18 21:27:15] [+iN+emdCrwTlem5+zfF1B8qY0To=] [xyecoc] No offline messages found
[2025-07-18 21:27:15] [+iN+emdCrwTlem5+zfF1B8qY0To=] [xyecoc] Checking offline messages for client
[2025-07-18 21:27:15] [+iN+emdCrwTlem5+zfF1B8qY0To=] [xyecoc] No offline messages found
[2025-07-18 21:27:16] [+iN+emdCrwTlem5+zfF1B8qY0To=] [xyecoc] Checking offline messages for client
[2025-07-18 21:27:16] [+iN+emdCrwTlem5+zfF1B8qY0To=] [xyecoc] No offline messages found
[2025-07-18 21:27:23] [1fLfTv7a7WCXSiKCcl/56zaOGH4=] [TeamSpeakUser6] Checking offline messages for client
[2025-07-18 21:27:23] [1fLfTv7a7WCXSiKCcl/56zaOGH4=] [TeamSpeakUser6] No offline messages found
[2025-07-18 21:32:29] [XUq6lat2sP336FLybn+Od5CLO5Q=] [RABOTES] Checking offline messages for client
[2025-07-18 21:32:29] [XUq6lat2sP336FLybn+Od5CLO5Q=] [RABOTES] No offline messages found
[2025-07-18 21:32:31] [vUUjsEnptgY+NPTPGEg+nx/f2Co=] [sss] Checking offline messages for client
[2025-07-18 21:32:31] [vUUjsEnptgY+NPTPGEg+nx/f2Co=] [sss] No offline messages found
[2025-07-18 21:32:51] [G6YVcz8juwRxKIcZO5qt0hrppYU=] [carrik___] Checking offline messages for client
[2025-07-18 21:32:51] [G6YVcz8juwRxKIcZO5qt0hrppYU=] [carrik___] No offline messages found
[2025-07-18 21:34:28] [D/POMgySNagEOevUGk3vbEPZApo=] [blyden] Checking offline messages for client
[2025-07-18 21:34:28] [D/POMgySNagEOevUGk3vbEPZApo=] [blyden] No offline messages found
[2025-07-18 21:35:07] [t31curkqcBIW+Mm1lFuXP/STLZo=] [1nemanjaves] Checking offline messages for client
[2025-07-18 21:35:07] [t31curkqcBIW+Mm1lFuXP/STLZo=] [1nemanjaves] No offline messages found
[2025-07-18 21:37:54] [4Trzz2r9looYqjT6W05btyo3lzs=] [ridzazz] Checking offline messages for client
[2025-07-18 21:37:54] [4Trzz2r9looYqjT6W05btyo3lzs=] [ridzazz] No offline messages found
[2025-07-18 21:40:06] [s5SoU0O6Mp2lEkoeWlMc2247gBk=] [don] Checking offline messages for client
[2025-07-18 21:40:06] [s5SoU0O6Mp2lEkoeWlMc2247gBk=] [don] No offline messages found
[2025-07-18 21:40:50] [dNRYIZtk71CY8BBDYawxb2cjIk8=] [Cencya1] Checking offline messages for client
[2025-07-18 21:40:50] [dNRYIZtk71CY8BBDYawxb2cjIk8=] [Cencya1] No offline messages found
[2025-07-18 21:44:23] [hFplnszNsVWixGv+jr9PV6siVtc=] [PitcaRNNN``] Checking offline messages for client
[2025-07-18 21:44:23] [hFplnszNsVWixGv+jr9PV6siVtc=] [PitcaRNNN``] No offline messages found
[2025-07-18 21:45:33] [4Trzz2r9looYqjT6W05btyo3lzs=] [ridzazz] Checking offline messages for client
[2025-07-18 21:45:33] [4Trzz2r9looYqjT6W05btyo3lzs=] [ridzazz] No offline messages found
[2025-07-18 21:49:02] [0WgZKkj6v4iiMp7/eG9vKSWI5qU=] [TeamSpeakUser1] Checking offline messages for client
[2025-07-18 21:49:02] [0WgZKkj6v4iiMp7/eG9vKSWI5qU=] [TeamSpeakUser1] No offline messages found
[2025-07-18 21:50:29] [J6gzRXmdZGt+m2cq8aXEN30dqvM=] [TeamSpeakUser2] Checking offline messages for client
[2025-07-18 21:50:29] [J6gzRXmdZGt+m2cq8aXEN30dqvM=] [TeamSpeakUser2] No offline messages found
[2025-07-18 21:50:39] [5Op8arawPiUBRwKyOXjrFIv9wuM=] [Sakamotoaa] Checking offline messages for client
[2025-07-18 21:50:39] [5Op8arawPiUBRwKyOXjrFIv9wuM=] [Sakamotoaa] No offline messages found
[2025-07-18 21:51:27] [rd+vJiqhGCNFv20ekn5kwsg/F/s=] [ShotJagger] Checking offline messages for client
[2025-07-18 21:51:27] [rd+vJiqhGCNFv20ekn5kwsg/F/s=] [ShotJagger] No offline messages found
[2025-07-18 21:55:36] [2Lx63FxcyvHlLbs3Khbo5bJe6mY=] [Last] Checking offline messages for client
[2025-07-18 21:55:36] [2Lx63FxcyvHlLbs3Khbo5bJe6mY=] [Last] No offline messages found
[2025-07-18 21:57:54] [XMOcdCIQcuHTX/3lsLpmlDh+SKo=] [k1nterro] Checking offline messages for client
[2025-07-18 21:57:54] [XMOcdCIQcuHTX/3lsLpmlDh+SKo=] [k1nterro] No offline messages found
[2025-07-18 22:02:39] [g95LkcovmlDSBBJIdmdv0zN6QBs=] [baysikimdeğil] Checking offline messages for client
[2025-07-18 22:02:39] [g95LkcovmlDSBBJIdmdv0zN6QBs=] [baysikimdeğil] No offline messages found
[2025-07-18 22:04:15] [xa6D8FIW6ei0ShkOhBhw00Tmpcc=] [PipkaOtca] Checking offline messages for client
[2025-07-18 22:04:15] [xa6D8FIW6ei0ShkOhBhw00Tmpcc=] [PipkaOtca] No offline messages found
[2025-07-18 22:04:26] [rd+vJiqhGCNFv20ekn5kwsg/F/s=] [ShotJagger] Checking offline messages for client
[2025-07-18 22:04:26] [rd+vJiqhGCNFv20ekn5kwsg/F/s=] [ShotJagger] No offline messages found
[2025-07-18 22:06:38] [raAePR7lHPhNIRleevueRUQgaPg=] [Seyit] Checking offline messages for client
[2025-07-18 22:06:38] [raAePR7lHPhNIRleevueRUQgaPg=] [Seyit] No offline messages found
[2025-07-18 22:07:53] [IvPuoleyuChePKK0GR7sRhVCkJE=] [SYRUSSS] Checking offline messages for client
[2025-07-18 22:07:53] [IvPuoleyuChePKK0GR7sRhVCkJE=] [SYRUSSS] No offline messages found
[2025-07-18 22:08:07] [L2eQNSlPSLEvzElBvTWjnRjR04U=] [Koniciva] Checking offline messages for client
[2025-07-18 22:08:07] [L2eQNSlPSLEvzElBvTWjnRjR04U=] [Koniciva] No offline messages found
[2025-07-18 22:12:46] [bebLlHmNFiDOULwzFR3g03H4GHg=] [СИСЯ] Checking offline messages for client
[2025-07-18 22:12:46] [bebLlHmNFiDOULwzFR3g03H4GHg=] [СИСЯ] No offline messages found
[2025-07-18 22:14:28] [lPq8Y8B1JOHL6QoSGZDwJ6xzT7Q=] [vata] Checking offline messages for client
[2025-07-18 22:14:28] [lPq8Y8B1JOHL6QoSGZDwJ6xzT7Q=] [vata] No offline messages found
[2025-07-18 22:15:06] [+jjo0m3Dr7mbMggwf0bowUH3Wog=] [ovoquebrado] Checking offline messages for client
[2025-07-18 22:15:06] [+jjo0m3Dr7mbMggwf0bowUH3Wog=] [ovoquebrado] No offline messages found
[2025-07-18 22:15:07] [bsB8B4RAh+ZAN8q5dxFVKCf7yYw=] [WOLVERİNE] Checking offline messages for client
[2025-07-18 22:15:07] [bsB8B4RAh+ZAN8q5dxFVKCf7yYw=] [WOLVERİNE] No offline messages found
[2025-07-18 22:15:35] [u/wzYW79e2HUgHcLocth30j5UKg=] [Ax`Lim] Checking offline messages for client
[2025-07-18 22:15:35] [u/wzYW79e2HUgHcLocth30j5UKg=] [Ax`Lim] No offline messages found
[2025-07-18 22:15:52] [NGd1JdnrA3irzYJDxkgjZkg2euw=] [Whiteflaq] Checking offline messages for client
[2025-07-18 22:15:52] [NGd1JdnrA3irzYJDxkgjZkg2euw=] [Whiteflaq] No offline messages found
[2025-07-18 22:17:09] [4E896wDSmJ8m6QyPTb8WNx7UKxM=] [Groff] Checking offline messages for client
[2025-07-18 22:17:09] [4E896wDSmJ8m6QyPTb8WNx7UKxM=] [Groff] No offline messages found
[2025-07-18 22:22:03] [R3WL4DAKFPttRxrEj7z86Sw0kfY=] [C1klope] Checking offline messages for client
[2025-07-18 22:22:03] [R3WL4DAKFPttRxrEj7z86Sw0kfY=] [C1klope] No offline messages found
[2025-07-18 22:22:06] [N42CSOYMjAC3A+cFTTB137hHpio=] [BALEY44] Checking offline messages for client
[2025-07-18 22:22:06] [N42CSOYMjAC3A+cFTTB137hHpio=] [BALEY44] No offline messages found
[2025-07-18 22:24:15] [+eY62p4z2Yc8MBABvp55HWZZJ18=] [saulov] Checking offline messages for client
[2025-07-18 22:24:15] [+eY62p4z2Yc8MBABvp55HWZZJ18=] [saulov] No offline messages found
[2025-07-18 22:24:48] [wHu8CcJA3lzMnjKWRMwrrvCJbLs=] [PoPoEyE] Checking offline messages for client
[2025-07-18 22:24:48] [wHu8CcJA3lzMnjKWRMwrrvCJbLs=] [PoPoEyE] No offline messages found
[2025-07-18 22:27:29] [V/sE7GD+jPAQPdHRhDxgmql0tFI=] [Jabberson] Checking offline messages for client
[2025-07-18 22:27:29] [V/sE7GD+jPAQPdHRhDxgmql0tFI=] [Jabberson] No offline messages found
[2025-07-18 22:27:35] [otx+oFZHI0+5nWic0kiHwBENnrI=] [Arturito] Checking offline messages for client
[2025-07-18 22:27:35] [otx+oFZHI0+5nWic0kiHwBENnrI=] [Arturito] No offline messages found
[2025-07-18 22:27:50] [A337CRyeHXs4LwAB23shVIw0jeg=] [mishechcaty] Checking offline messages for client
[2025-07-18 22:27:50] [A337CRyeHXs4LwAB23shVIw0jeg=] [mishechcaty] No offline messages found
[2025-07-18 22:28:49] [Tgd5hyEUE1h1eu8z/TBEWqTvsO4=] [verdi] Checking offline messages for client
[2025-07-18 22:28:49] [Tgd5hyEUE1h1eu8z/TBEWqTvsO4=] [verdi] No offline messages found
[2025-07-18 22:30:53] [yPSI9aghhtH6O+mnSQIo84yUZ4c=] [шароёб] Checking offline messages for client
[2025-07-18 22:30:53] [yPSI9aghhtH6O+mnSQIo84yUZ4c=] [шароёб] No offline messages found
[2025-07-18 22:32:37] [3q/mYOTA7gk6d5AVyjJDqgBfuU4=] [TeamSpeakUser2] Checking offline messages for client
[2025-07-18 22:32:37] [3q/mYOTA7gk6d5AVyjJDqgBfuU4=] [TeamSpeakUser2] No offline messages found
[2025-07-18 22:34:25] [g95LkcovmlDSBBJIdmdv0zN6QBs=] [baysikimdeğil] Checking offline messages for client
[2025-07-18 22:34:25] [g95LkcovmlDSBBJIdmdv0zN6QBs=] [baysikimdeğil] No offline messages found
[2025-07-18 22:35:55] [MCH5CUuHw7qLHVegyroS34EN/pQ=] [PastA1] Checking offline messages for client
[2025-07-18 22:35:55] [MCH5CUuHw7qLHVegyroS34EN/pQ=] [PastA1] No offline messages found
[2025-07-18 22:36:57] [pa4EomUE5xzFSB9tc7CilmX3NTU=] [Imprii] Checking offline messages for client
[2025-07-18 22:36:57] [pa4EomUE5xzFSB9tc7CilmX3NTU=] [Imprii] No offline messages found
[2025-07-18 22:38:38] [/paoPeDO7Sw3DPisftzEeJfXp+Y=] [J4M4L] Checking offline messages for client
[2025-07-18 22:38:38] [/paoPeDO7Sw3DPisftzEeJfXp+Y=] [J4M4L] No offline messages found
[2025-07-18 22:39:47] [5Op8arawPiUBRwKyOXjrFIv9wuM=] [Sakamotoaa] Checking offline messages for client
[2025-07-18 22:39:47] [5Op8arawPiUBRwKyOXjrFIv9wuM=] [Sakamotoaa] No offline messages found
[2025-07-18 22:40:17] [Di2MaUkDvWG/4yTOmNqIBWAhaIM=] [astraiser] Checking offline messages for client
[2025-07-18 22:40:17] [Di2MaUkDvWG/4yTOmNqIBWAhaIM=] [astraiser] No offline messages found
[2025-07-18 22:41:23] [oifqugt/iQrqLTccr970rRBsDj8=] [artembill] Checking offline messages for client
[2025-07-18 22:41:23] [oifqugt/iQrqLTccr970rRBsDj8=] [artembill] No offline messages found
[2025-07-18 22:41:29] [oifqugt/iQrqLTccr970rRBsDj8=] [artembill] Checking offline messages for client
[2025-07-18 22:41:29] [oifqugt/iQrqLTccr970rRBsDj8=] [artembill] No offline messages found
[2025-07-18 22:42:34] [PCz5mVdmODgf+BuhB/F8jAcUsWY=] [XandeRMeisteR] Checking offline messages for client
[2025-07-18 22:42:34] [PCz5mVdmODgf+BuhB/F8jAcUsWY=] [XandeRMeisteR] No offline messages found
[2025-07-18 22:44:02] [9nxj1e/LbBNMOHmCFqrsRyQ6MSw=] [_MERS_] Checking offline messages for client
[2025-07-18 22:44:02] [9nxj1e/LbBNMOHmCFqrsRyQ6MSw=] [_MERS_] No offline messages found
[2025-07-18 22:45:19] [okAS4MItxAY57Lxjegg77SGArWs=] [Aura_Kone] Checking offline messages for client
[2025-07-18 22:45:19] [okAS4MItxAY57Lxjegg77SGArWs=] [Aura_Kone] No offline messages found
[2025-07-18 22:45:45] [ZQhSo1tQ5YDSZNLYSj+nKwHZezs=] [hamza] Checking offline messages for client
[2025-07-18 22:45:45] [ZQhSo1tQ5YDSZNLYSj+nKwHZezs=] [hamza] No offline messages found
[2025-07-18 22:47:28] [lqX2Oz/RGh+MQGKjhD9GbFED4OY=] [DarkZX] Checking offline messages for client
[2025-07-18 22:47:28] [lqX2Oz/RGh+MQGKjhD9GbFED4OY=] [DarkZX] No offline messages found
[2025-07-18 22:48:48] [0hMeGpv24E/9oRNVleCNhwxNrkQ=] [__Kharakternik__] Checking offline messages for client
[2025-07-18 22:48:48] [0hMeGpv24E/9oRNVleCNhwxNrkQ=] [__Kharakternik__] No offline messages found
[2025-07-18 22:53:13] [9nxj1e/LbBNMOHmCFqrsRyQ6MSw=] [_MERS_] Checking offline messages for client
[2025-07-18 22:53:13] [9nxj1e/LbBNMOHmCFqrsRyQ6MSw=] [_MERS_] No offline messages found
[2025-07-18 22:54:28] [H+6kh5SDNKEJ8dnKDaQ1r24ddA4=] [TeamSpeakUser] Checking offline messages for client
[2025-07-18 22:54:28] [H+6kh5SDNKEJ8dnKDaQ1r24ddA4=] [TeamSpeakUser] No offline messages found
[2025-07-18 22:55:39] [xBMJD2Y2SpzPtIEf1cFbTuruz8Q=] [KAYMAKAM] Checking offline messages for client
[2025-07-18 22:55:39] [xBMJD2Y2SpzPtIEf1cFbTuruz8Q=] [KAYMAKAM] No offline messages found
[2025-07-18 22:56:25] [xBMJD2Y2SpzPtIEf1cFbTuruz8Q=] [KAYMAKAM] Checking offline messages for client
[2025-07-18 22:56:25] [xBMJD2Y2SpzPtIEf1cFbTuruz8Q=] [KAYMAKAM] No offline messages found
[2025-07-18 22:59:59] [+vVe9y7KDRV9mBOqgGxIE3TldlI=] [Fullfunny] Checking offline messages for client
[2025-07-18 22:59:59] [+vVe9y7KDRV9mBOqgGxIE3TldlI=] [Fullfunny] No offline messages found
[2025-07-18 23:03:26] [gM6JURCoeTppFvi+so8Nrj/PdUE=] [KvaKing95] Checking offline messages for client
[2025-07-18 23:03:26] [gM6JURCoeTppFvi+so8Nrj/PdUE=] [KvaKing95] No offline messages found
[2025-07-18 23:10:47] [dJDOtCzZCCAER8rMkhgixjYkOt0=] [_LUCIFER_] Checking offline messages for client
[2025-07-18 23:10:47] [dJDOtCzZCCAER8rMkhgixjYkOt0=] [_LUCIFER_] No offline messages found
[2025-07-18 23:11:19] [g95LkcovmlDSBBJIdmdv0zN6QBs=] [baysikimdeğil] Checking offline messages for client
[2025-07-18 23:11:19] [g95LkcovmlDSBBJIdmdv0zN6QBs=] [baysikimdeğil] No offline messages found
[2025-07-18 23:12:09] [g95LkcovmlDSBBJIdmdv0zN6QBs=] [baysikimdeğil] Checking offline messages for client
[2025-07-18 23:12:09] [g95LkcovmlDSBBJIdmdv0zN6QBs=] [baysikimdeğil] No offline messages found
[2025-07-18 23:12:22] [RN5q34hvf046r4qme1+T2IWlORI=] [maksik] Checking offline messages for client
[2025-07-18 23:12:22] [RN5q34hvf046r4qme1+T2IWlORI=] [maksik] No offline messages found
[2025-07-18 23:13:33] [ZRJE0ISA13RmnFcasOlw68BVsNY=] [F4funder] Checking offline messages for client
[2025-07-18 23:13:33] [ZRJE0ISA13RmnFcasOlw68BVsNY=] [F4funder] No offline messages found
[2025-07-18 23:15:14] [NcuvStAMbmDIEaCOYGsKDMbFma0=] [Kofaaa231] Checking offline messages for client
[2025-07-18 23:15:14] [NcuvStAMbmDIEaCOYGsKDMbFma0=] [Kofaaa231] No offline messages found
[2025-07-18 23:16:03] [kfn1jFosIGdE1yOz/lIfEBXQj4A=] [Rix] Checking offline messages for client
[2025-07-18 23:16:03] [kfn1jFosIGdE1yOz/lIfEBXQj4A=] [Rix] No offline messages found
[2025-07-18 23:16:29] [DtPnCBNFgS5FslZo4YTl2SzHt9Q=] [Gajic218] Checking offline messages for client
[2025-07-18 23:16:29] [DtPnCBNFgS5FslZo4YTl2SzHt9Q=] [Gajic218] No offline messages found
[2025-07-18 23:18:39] [UJQSMUnQbDqCQA/Ap94PriCZpmM=] [1.6fsidertpaket] Checking offline messages for client
[2025-07-18 23:18:39] [UJQSMUnQbDqCQA/Ap94PriCZpmM=] [1.6fsidertpaket] No offline messages found
[2025-07-18 23:23:04] [ofp0lC8aE44wL4Ooasojs98NL70=] [miz-miz] Checking offline messages for client
[2025-07-18 23:23:04] [ofp0lC8aE44wL4Ooasojs98NL70=] [miz-miz] No offline messages found
[2025-07-18 23:23:50] [+akmOQJCA9SuI55JoAWl8G16SY8=] [devl] Checking offline messages for client
[2025-07-18 23:23:50] [+akmOQJCA9SuI55JoAWl8G16SY8=] [devl] No offline messages found
[2025-07-18 23:24:48] [bxlqJLyhVfh4Ypxwl7iH0re78jk=] [Danu] Checking offline messages for client
[2025-07-18 23:24:48] [bxlqJLyhVfh4Ypxwl7iH0re78jk=] [Danu] No offline messages found
[2025-07-18 23:24:58] [S4C16tnQy9iWtBwvs/NaHEMdLRM=] [Vito] Checking offline messages for client
[2025-07-18 23:24:58] [S4C16tnQy9iWtBwvs/NaHEMdLRM=] [Vito] No offline messages found
[2025-07-18 23:28:39] [WUFbI2wm1TirPkulhTRESNYToW0=] [sajjad] Checking offline messages for client
[2025-07-18 23:28:39] [WUFbI2wm1TirPkulhTRESNYToW0=] [sajjad] No offline messages found
[2025-07-18 23:28:39] [WUFbI2wm1TirPkulhTRESNYToW0=] [sajjad] Checking offline messages for client
[2025-07-18 23:28:39] [WUFbI2wm1TirPkulhTRESNYToW0=] [sajjad] No offline messages found
[2025-07-18 23:28:39] [WUFbI2wm1TirPkulhTRESNYToW0=] [sajjad] Checking offline messages for client
[2025-07-18 23:28:39] [WUFbI2wm1TirPkulhTRESNYToW0=] [sajjad] No offline messages found
[2025-07-18 23:29:14] [uoXLLYRcWuJsilUJwGVcjx58LOo=] [Pocait] Checking offline messages for client
[2025-07-18 23:29:14] [uoXLLYRcWuJsilUJwGVcjx58LOo=] [Pocait] No offline messages found
[2025-07-18 23:29:40] [c7oFTcKiq/RBmmRK+zVRyiDwGvs=] [karl_33] Checking offline messages for client
[2025-07-18 23:29:40] [c7oFTcKiq/RBmmRK+zVRyiDwGvs=] [karl_33] No offline messages found
[2025-07-18 23:29:46] [IeMQKd2zwus2m8gb1RhS34iGGpo=] [aggent 00alone] Checking offline messages for client
[2025-07-18 23:29:46] [IeMQKd2zwus2m8gb1RhS34iGGpo=] [aggent 00alone] No offline messages found
[2025-07-18 23:29:59] [op9aF5gpPEcS0zuoCV0wviHOYmQ=] [Speedbatteur] Checking offline messages for client
[2025-07-18 23:29:59] [op9aF5gpPEcS0zuoCV0wviHOYmQ=] [Speedbatteur] No offline messages found
[2025-07-18 23:30:08] [w6PNozwE3hiJ9vcTIkER64disyw=] [TeamSpeakUser] Checking offline messages for client
[2025-07-18 23:30:08] [w6PNozwE3hiJ9vcTIkER64disyw=] [TeamSpeakUser] No offline messages found
[2025-07-18 23:32:33] [dqmCwOdfR4NU4ym6ofGS17AXqc0=] [mrfai] Checking offline messages for client
[2025-07-18 23:32:33] [dqmCwOdfR4NU4ym6ofGS17AXqc0=] [mrfai] No offline messages found
[2025-07-18 23:32:35] [elC5gU6OxIEB5qZ6vdBRoM0n984=] [purtigoprr] Checking offline messages for client
[2025-07-18 23:32:35] [elC5gU6OxIEB5qZ6vdBRoM0n984=] [purtigoprr] No offline messages found
[2025-07-18 23:33:18] [bFOBp+pXNXS9pR5dwQupRGEi4W4=] [Ramazotti] Checking offline messages for client
[2025-07-18 23:33:18] [bFOBp+pXNXS9pR5dwQupRGEi4W4=] [Ramazotti] No offline messages found
[2025-07-18 23:33:43] [XMOcdCIQcuHTX/3lsLpmlDh+SKo=] [k1nterro] Checking offline messages for client
[2025-07-18 23:33:43] [XMOcdCIQcuHTX/3lsLpmlDh+SKo=] [k1nterro] No offline messages found
[2025-07-18 23:33:52] [vBlEvNiCbFHzE97FxJ1SFqhPHhs=] [middlemd] Checking offline messages for client
[2025-07-18 23:33:52] [vBlEvNiCbFHzE97FxJ1SFqhPHhs=] [middlemd] No offline messages found
[2025-07-18 23:36:03] [OJ7ovzzJEZfWOoDTnPWqcRESxgA=] [TEANZUS] Checking offline messages for client
[2025-07-18 23:36:03] [OJ7ovzzJEZfWOoDTnPWqcRESxgA=] [TEANZUS] No offline messages found
[2025-07-18 23:36:21] [bFOBp+pXNXS9pR5dwQupRGEi4W4=] [Ramazotti] Checking offline messages for client
[2025-07-18 23:36:21] [bFOBp+pXNXS9pR5dwQupRGEi4W4=] [Ramazotti] No offline messages found
[2025-07-18 23:38:13] [bFOBp+pXNXS9pR5dwQupRGEi4W4=] [Ramazotti] Checking offline messages for client
[2025-07-18 23:38:13] [bFOBp+pXNXS9pR5dwQupRGEi4W4=] [Ramazotti] No offline messages found
[2025-07-18 23:38:38] [Icu6I8OvxH4Dmdky4bvuhKgFBCQ=] [Sir Walach] Checking offline messages for client
[2025-07-18 23:38:38] [Icu6I8OvxH4Dmdky4bvuhKgFBCQ=] [Sir Walach] No offline messages found
[2025-07-18 23:39:42] [9VOvuCUTFsxvS66+GQFQcJDlwSc=] [TeamSpeakUser4] Checking offline messages for client
[2025-07-18 23:39:42] [9VOvuCUTFsxvS66+GQFQcJDlwSc=] [TeamSpeakUser4] No offline messages found
[2025-07-18 23:42:54] [TWI+XXGLu2pwzCW3cEOZstlE9X4=] [FlavianFCP] Checking offline messages for client
[2025-07-18 23:42:54] [TWI+XXGLu2pwzCW3cEOZstlE9X4=] [FlavianFCP] No offline messages found
[2025-07-18 23:43:08] [kfn1jFosIGdE1yOz/lIfEBXQj4A=] [Rix] Checking offline messages for client
[2025-07-18 23:43:08] [kfn1jFosIGdE1yOz/lIfEBXQj4A=] [Rix] No offline messages found
[2025-07-18 23:43:37] [IeMQKd2zwus2m8gb1RhS34iGGpo=] [aggent 00alone] Checking offline messages for client
[2025-07-18 23:43:37] [IeMQKd2zwus2m8gb1RhS34iGGpo=] [aggent 00alone] No offline messages found
[2025-07-18 23:44:48] [kfn1jFosIGdE1yOz/lIfEBXQj4A=] [Rix] Checking offline messages for client
[2025-07-18 23:44:48] [kfn1jFosIGdE1yOz/lIfEBXQj4A=] [Rix] No offline messages found
[2025-07-18 23:47:03] [z0AhljpDaXz3BndV1aoypKIEih0=] [nnb0t] Checking offline messages for client
[2025-07-18 23:47:03] [z0AhljpDaXz3BndV1aoypKIEih0=] [nnb0t] No offline messages found
[2025-07-18 23:47:03] [z0AhljpDaXz3BndV1aoypKIEih0=] [nnb0t] Checking offline messages for client
[2025-07-18 23:47:03] [z0AhljpDaXz3BndV1aoypKIEih0=] [nnb0t] No offline messages found
[2025-07-18 23:57:26] [4GnZnhsW8DL7JT4flUPcR6xn9Yc=] [TeamSpeakUser5] Checking offline messages for client
[2025-07-18 23:57:26] [4GnZnhsW8DL7JT4flUPcR6xn9Yc=] [TeamSpeakUser5] No offline messages found
