[2025-07-28 00:00:21] [7K88lTC1r0bjdFoq/jOaMIdabNY=] [Pryanya] Checking offline messages for client
[2025-07-28 00:00:21] [7K88lTC1r0bjdFoq/jOaMIdabNY=] [Pryanya] No offline messages found
[2025-07-28 00:05:04] [7K88lTC1r0bjdFoq/jOaMIdabNY=] [Pryanya] Checking offline messages for client
[2025-07-28 00:05:04] [7K88lTC1r0bjdFoq/jOaMIdabNY=] [Pryanya] No offline messages found
[2025-07-28 00:05:04] [7K88lTC1r0bjdFoq/jOaMIdabNY=] [Pryanya] Checking offline messages for client
[2025-07-28 00:05:04] [7K88lTC1r0bjdFoq/jOaMIdabNY=] [Pryanya] No offline messages found
[2025-07-28 00:05:04] [7K88lTC1r0bjdFoq/jOaMIdabNY=] [Pryanya] Checking offline messages for client
[2025-07-28 00:05:04] [7K88lTC1r0bjdFoq/jOaMIdabNY=] [Pryanya] No offline messages found
[2025-07-28 00:05:21] [ZRJE0ISA13RmnFcasOlw68BVsNY=] [F4funder] Checking offline messages for client
[2025-07-28 00:05:21] [ZRJE0ISA13RmnFcasOlw68BVsNY=] [F4funder] No offline messages found
[2025-07-28 00:07:06] [xBMJD2Y2SpzPtIEf1cFbTuruz8Q=] [KAYMAKAM] Checking offline messages for client
[2025-07-28 00:07:06] [xBMJD2Y2SpzPtIEf1cFbTuruz8Q=] [KAYMAKAM] Found 1 offline messages
[2025-07-28 00:07:08] [xBMJD2Y2SpzPtIEf1cFbTuruz8Q=] [KAYMAKAM] Sent poke message: Your private channel has been renumbered from #36 to #31 to maintain sorting order.
[2025-07-28 00:07:08] [xBMJD2Y2SpzPtIEf1cFbTuruz8Q=] [KAYMAKAM] Deleted 1 delivered messages from database
[2025-07-28 00:08:15] [qnI7tO/BboMdAQFjmSv9/gyQREY=] [batuhnn] Checking offline messages for client
[2025-07-28 00:08:15] [qnI7tO/BboMdAQFjmSv9/gyQREY=] [batuhnn] No offline messages found
[2025-07-28 00:09:30] [IvPuoleyuChePKK0GR7sRhVCkJE=] [SYRUSSS] Checking offline messages for client
[2025-07-28 00:09:30] [IvPuoleyuChePKK0GR7sRhVCkJE=] [SYRUSSS] No offline messages found
[2025-07-28 00:22:13] [UJQSMUnQbDqCQA/Ap94PriCZpmM=] [1.6fsidertpaket] Checking offline messages for client
[2025-07-28 00:22:13] [UJQSMUnQbDqCQA/Ap94PriCZpmM=] [1.6fsidertpaket] No offline messages found
[2025-07-28 00:26:15] [GdKnDuGa2RpNM8eyII04/GthL5A=] [ван гогг] Checking offline messages for client
[2025-07-28 00:26:15] [GdKnDuGa2RpNM8eyII04/GthL5A=] [ван гогг] No offline messages found
[2025-07-28 00:26:27] [SC8GWaP/AibJdgcQPdeC3rjOy5w=] [твоямама] Checking offline messages for client
[2025-07-28 00:26:27] [SC8GWaP/AibJdgcQPdeC3rjOy5w=] [твоямама] No offline messages found
[2025-07-28 00:26:28] [tccm/cJba3umzkdFGIyHr6pYOjg=] [добрий вечір] Checking offline messages for client
[2025-07-28 00:26:28] [tccm/cJba3umzkdFGIyHr6pYOjg=] [добрий вечір] No offline messages found
[2025-07-28 00:26:30] [ByxgeD5C1pEwB1SnnSzEOrDDDM4=] [caeciliae] Checking offline messages for client
[2025-07-28 00:26:30] [ByxgeD5C1pEwB1SnnSzEOrDDDM4=] [caeciliae] No offline messages found
[2025-07-28 00:26:47] [z2RU1kqpyPcLPrCBnehoedhPXRM=] [farkoshka] Checking offline messages for client
[2025-07-28 00:26:47] [z2RU1kqpyPcLPrCBnehoedhPXRM=] [farkoshka] No offline messages found
[2025-07-28 00:29:06] [xBMJD2Y2SpzPtIEf1cFbTuruz8Q=] [KAYMAKAM] Checking offline messages for client
[2025-07-28 00:29:06] [xBMJD2Y2SpzPtIEf1cFbTuruz8Q=] [KAYMAKAM] No offline messages found
[2025-07-28 00:35:44] [sZQPfAhKNyJnHG1VTlCSqp382GY=] [GSavio] Checking offline messages for client
[2025-07-28 00:35:44] [sZQPfAhKNyJnHG1VTlCSqp382GY=] [GSavio] No offline messages found
[2025-07-28 00:35:46] [RN5q34hvf046r4qme1+T2IWlORI=] [maksik] Checking offline messages for client
[2025-07-28 00:35:46] [RN5q34hvf046r4qme1+T2IWlORI=] [maksik] No offline messages found
[2025-07-28 00:36:02] [sZQPfAhKNyJnHG1VTlCSqp382GY=] [GSavio] Checking offline messages for client
[2025-07-28 00:36:02] [sZQPfAhKNyJnHG1VTlCSqp382GY=] [GSavio] No offline messages found
[2025-07-28 00:36:10] [sZQPfAhKNyJnHG1VTlCSqp382GY=] [GSavio] Checking offline messages for client
[2025-07-28 00:36:10] [sZQPfAhKNyJnHG1VTlCSqp382GY=] [GSavio] No offline messages found
[2025-07-28 00:36:37] [sZQPfAhKNyJnHG1VTlCSqp382GY=] [GSavio] Checking offline messages for client
[2025-07-28 00:36:37] [sZQPfAhKNyJnHG1VTlCSqp382GY=] [GSavio] No offline messages found
[2025-07-28 01:10:35] [6w55f4WcwH/hLfUToDMaUm0uZ5k=] [MnDark] Checking offline messages for client
[2025-07-28 01:10:35] [6w55f4WcwH/hLfUToDMaUm0uZ5k=] [MnDark] No offline messages found
[2025-07-28 01:22:26] [xBMJD2Y2SpzPtIEf1cFbTuruz8Q=] [KAYMAKAM] Checking offline messages for client
[2025-07-28 01:22:26] [xBMJD2Y2SpzPtIEf1cFbTuruz8Q=] [KAYMAKAM] No offline messages found
[2025-07-28 01:30:16] [7yx4rkr+UQ/H5S8ylZN92oaaouc=] [burak145349] Checking offline messages for client
[2025-07-28 01:30:16] [7yx4rkr+UQ/H5S8ylZN92oaaouc=] [burak145349] Found 1 offline messages
[2025-07-28 01:30:18] [7yx4rkr+UQ/H5S8ylZN92oaaouc=] [burak145349] Sent poke message: Your private channel has been renumbered from #37 to #32 to maintain sorting order.
[2025-07-28 01:30:18] [7yx4rkr+UQ/H5S8ylZN92oaaouc=] [burak145349] Deleted 1 delivered messages from database
[2025-07-28 01:30:21] [UGY8Kcj0WISsPjCfS8KB0k7vMsc=] [Leijonuss] Checking offline messages for client
[2025-07-28 01:30:21] [UGY8Kcj0WISsPjCfS8KB0k7vMsc=] [Leijonuss] No offline messages found
[2025-07-28 01:32:54] [xBMJD2Y2SpzPtIEf1cFbTuruz8Q=] [KAYMAKAM] Checking offline messages for client
[2025-07-28 01:32:54] [xBMJD2Y2SpzPtIEf1cFbTuruz8Q=] [KAYMAKAM] No offline messages found
[2025-07-28 01:35:16] [ZhvWkHfrWLVjrK3fFImU+a6eDAM=] [ratera] Checking offline messages for client
[2025-07-28 01:35:16] [ZhvWkHfrWLVjrK3fFImU+a6eDAM=] [ratera] No offline messages found
[2025-07-28 01:45:33] [rfSlRu7uzjI8pCmk2erQZXW6+7M=] [2212312] Checking offline messages for client
[2025-07-28 01:45:33] [rfSlRu7uzjI8pCmk2erQZXW6+7M=] [2212312] No offline messages found
[2025-07-28 01:45:50] [jWxbfxhLxs9dPa3t1WUnys7gnbk=] [Richard_TH] Checking offline messages for client
[2025-07-28 01:45:50] [jWxbfxhLxs9dPa3t1WUnys7gnbk=] [Richard_TH] No offline messages found
[2025-07-28 01:46:36] [3PUL5t5Jz0KW4hyrBCzi+BArN60=] [tenshin_non] Checking offline messages for client
[2025-07-28 01:46:36] [3PUL5t5Jz0KW4hyrBCzi+BArN60=] [tenshin_non] No offline messages found
[2025-07-28 01:54:13] [rfSlRu7uzjI8pCmk2erQZXW6+7M=] [2212312] Checking offline messages for client
[2025-07-28 01:54:13] [rfSlRu7uzjI8pCmk2erQZXW6+7M=] [2212312] No offline messages found
[2025-07-28 02:00:54] [O3jgy+4YcNZxt6Kfdzgsu6OGY/w=] [Elcau_sita18] Checking offline messages for client
[2025-07-28 02:00:54] [O3jgy+4YcNZxt6Kfdzgsu6OGY/w=] [Elcau_sita18] No offline messages found
[2025-07-28 02:11:05] [qNsg0b7JeakWdOg/MBVUEfo+t/s=] [Chico] Checking offline messages for client
[2025-07-28 02:11:05] [qNsg0b7JeakWdOg/MBVUEfo+t/s=] [Chico] No offline messages found
[2025-07-28 02:30:02] [qNsg0b7JeakWdOg/MBVUEfo+t/s=] [Chico] Checking offline messages for client
[2025-07-28 02:30:02] [qNsg0b7JeakWdOg/MBVUEfo+t/s=] [Chico] No offline messages found
[2025-07-28 02:38:25] [aDAibG2QJv4mRxG6p4XGTRT+QKM=] [Etesech] Checking offline messages for client
[2025-07-28 02:38:25] [aDAibG2QJv4mRxG6p4XGTRT+QKM=] [Etesech] No offline messages found
[2025-07-28 02:38:26] [7K7YZrrwrENADniLI/n8n6dvCcM=] [DIMAA111] Checking offline messages for client
[2025-07-28 02:38:26] [7K7YZrrwrENADniLI/n8n6dvCcM=] [DIMAA111] No offline messages found
[2025-07-28 02:39:22] [hzc1fj813rl98geQgiXuQSFmcvM=] [TeamSpeakUser] Checking offline messages for client
[2025-07-28 02:39:22] [hzc1fj813rl98geQgiXuQSFmcvM=] [TeamSpeakUser] No offline messages found
[2025-07-28 02:39:53] [hzc1fj813rl98geQgiXuQSFmcvM=] [xxfrancuz] Checking offline messages for client
[2025-07-28 02:39:53] [hzc1fj813rl98geQgiXuQSFmcvM=] [xxfrancuz] No offline messages found
[2025-07-28 02:40:36] [tE5zDWK/YpdYwFqbNTh943GaDFM=] [EL Pepe] Checking offline messages for client
[2025-07-28 02:40:36] [tE5zDWK/YpdYwFqbNTh943GaDFM=] [EL Pepe] No offline messages found
[2025-07-28 02:51:15] [tE5zDWK/YpdYwFqbNTh943GaDFM=] [EL Pepe] Checking offline messages for client
[2025-07-28 02:51:15] [tE5zDWK/YpdYwFqbNTh943GaDFM=] [EL Pepe] No offline messages found
[2025-07-28 03:12:16] [Cji46tp2K393WPeFVB8+qBNs7Sw=] [TeamSpeakUser] Checking offline messages for client
[2025-07-28 03:12:16] [Cji46tp2K393WPeFVB8+qBNs7Sw=] [TeamSpeakUser] No offline messages found
[2025-07-28 03:50:21] [9Pt9/uzi3hl0wB2p2jxNcIK5sgU=] [Deerace] Checking offline messages for client
[2025-07-28 03:50:21] [9Pt9/uzi3hl0wB2p2jxNcIK5sgU=] [Deerace] No offline messages found
[2025-07-28 03:57:03] [uVmbHDjOHHZzF900DHK4mbNPOm8=] [Arfaxat] Checking offline messages for client
[2025-07-28 03:57:03] [uVmbHDjOHHZzF900DHK4mbNPOm8=] [Arfaxat] No offline messages found
[2025-07-28 03:57:58] [ytzrq/0by1qTr3vTnSntok01BvI=] [User1] Checking offline messages for client
[2025-07-28 03:57:58] [ytzrq/0by1qTr3vTnSntok01BvI=] [User1] No offline messages found
[2025-07-28 04:05:03] [2qDXGjycVW1r61gQy8McCuetg2Y=] [Rookie] Checking offline messages for client
[2025-07-28 04:05:03] [2qDXGjycVW1r61gQy8McCuetg2Y=] [Rookie] No offline messages found
[2025-07-28 04:07:00] [2qDXGjycVW1r61gQy8McCuetg2Y=] [Rookie] Checking offline messages for client
[2025-07-28 04:07:00] [2qDXGjycVW1r61gQy8McCuetg2Y=] [Rookie] No offline messages found
[2025-07-28 04:12:44] [Cji46tp2K393WPeFVB8+qBNs7Sw=] [TeamSpeakUser] Checking offline messages for client
[2025-07-28 04:12:44] [Cji46tp2K393WPeFVB8+qBNs7Sw=] [TeamSpeakUser] No offline messages found
[2025-07-28 04:34:34] [qNsg0b7JeakWdOg/MBVUEfo+t/s=] [Chico] Checking offline messages for client
[2025-07-28 04:34:34] [qNsg0b7JeakWdOg/MBVUEfo+t/s=] [Chico] No offline messages found
[2025-07-28 04:46:15] [7K7YZrrwrENADniLI/n8n6dvCcM=] [DIMAA111] Checking offline messages for client
[2025-07-28 04:46:15] [7K7YZrrwrENADniLI/n8n6dvCcM=] [DIMAA111] No offline messages found
[2025-07-28 04:55:09] [/RAzcpvI3kkRHrR2/6cu+vbbL7E=] [HELLKEEPER] Checking offline messages for client
[2025-07-28 04:55:09] [/RAzcpvI3kkRHrR2/6cu+vbbL7E=] [HELLKEEPER] No offline messages found
[2025-07-28 04:55:35] [/RAzcpvI3kkRHrR2/6cu+vbbL7E=] [HELLKEEPER] Checking offline messages for client
[2025-07-28 04:55:35] [/RAzcpvI3kkRHrR2/6cu+vbbL7E=] [HELLKEEPER] No offline messages found
[2025-07-28 04:58:50] [fJ4UCNXf0LPzJyMKid43C7D1jt4=] [INMAXES] Checking offline messages for client
[2025-07-28 04:58:50] [fJ4UCNXf0LPzJyMKid43C7D1jt4=] [INMAXES] No offline messages found
[2025-07-28 05:01:50] [U9IMfSvzj5D6AQ6a6xlapRD7cZ0=] [TeamSpeakUser1] Checking offline messages for client
[2025-07-28 05:01:50] [U9IMfSvzj5D6AQ6a6xlapRD7cZ0=] [TeamSpeakUser1] No offline messages found
[2025-07-28 05:08:39] [sDGTmykW+tszI+sqWb5sOOLvtdM=] [f.donato] Checking offline messages for client
[2025-07-28 05:08:39] [sDGTmykW+tszI+sqWb5sOOLvtdM=] [f.donato] No offline messages found
[2025-07-28 05:19:10] [Z3dqFL90itQUOdirlz2x1TyvA1s=] [Victuziin] Checking offline messages for client
[2025-07-28 05:19:10] [Z3dqFL90itQUOdirlz2x1TyvA1s=] [Victuziin] No offline messages found
[2025-07-28 05:19:28] [qCQuK6Is+deAhN2xl/XspjIz8xY=] [Faith] Checking offline messages for client
[2025-07-28 05:19:28] [qCQuK6Is+deAhN2xl/XspjIz8xY=] [Faith] No offline messages found
[2025-07-28 05:29:18] [sDGTmykW+tszI+sqWb5sOOLvtdM=] [f.donato] Checking offline messages for client
[2025-07-28 05:29:18] [sDGTmykW+tszI+sqWb5sOOLvtdM=] [f.donato] No offline messages found
[2025-07-28 05:30:56] [Z3dqFL90itQUOdirlz2x1TyvA1s=] [Victuziin] Checking offline messages for client
[2025-07-28 05:30:56] [Z3dqFL90itQUOdirlz2x1TyvA1s=] [Victuziin] No offline messages found
[2025-07-28 06:48:36] [0TS7jt0APSegEgA9K9hIWfin7m0=] [dadaok] Checking offline messages for client
[2025-07-28 06:48:36] [0TS7jt0APSegEgA9K9hIWfin7m0=] [dadaok] No offline messages found
[2025-07-28 06:53:11] [sDGTmykW+tszI+sqWb5sOOLvtdM=] [f.donato] Checking offline messages for client
[2025-07-28 06:53:11] [sDGTmykW+tszI+sqWb5sOOLvtdM=] [f.donato] No offline messages found
[2025-07-28 08:22:54] [gIv03ZtQuihw+6fOW0VT0H6h6c8=] [chapa] Checking offline messages for client
[2025-07-28 08:22:54] [gIv03ZtQuihw+6fOW0VT0H6h6c8=] [chapa] No offline messages found
[2025-07-28 08:23:56] [HjgkiYx80vAjXk0IfiKIZiVtfpg=] [TeamSpeakUser1] Checking offline messages for client
[2025-07-28 08:23:56] [HjgkiYx80vAjXk0IfiKIZiVtfpg=] [TeamSpeakUser1] No offline messages found
[2025-07-28 08:24:52] [qvf2/IsRm9TsXSmNMeDEuXuIC3s=] [Mood] Checking offline messages for client
[2025-07-28 08:24:52] [qvf2/IsRm9TsXSmNMeDEuXuIC3s=] [Mood] No offline messages found
[2025-07-28 08:56:12] [qVldAxT2BuZSKwPYfP5rGmq1glU=] [Sichselber | André] Checking offline messages for client
[2025-07-28 08:56:12] [qVldAxT2BuZSKwPYfP5rGmq1glU=] [Sichselber | André] No offline messages found
[2025-07-28 09:00:38] [Y87CyZ0z4OCWoHrzcXmcfNJGgn8=] [Ghost] Checking offline messages for client
[2025-07-28 09:00:38] [Y87CyZ0z4OCWoHrzcXmcfNJGgn8=] [Ghost] No offline messages found
[2025-07-28 09:22:46] [j4VaV46XhkmzcjbVPFuyIU0vCLs=] [nox] Checking offline messages for client
[2025-07-28 09:22:46] [j4VaV46XhkmzcjbVPFuyIU0vCLs=] [nox] No offline messages found
[2025-07-28 09:27:01] [pM39vwBC404mshweezryIEAS3ZQ=] [Columb] Checking offline messages for client
[2025-07-28 09:27:01] [pM39vwBC404mshweezryIEAS3ZQ=] [Columb] No offline messages found
[2025-07-28 09:39:40] [4pxqcXPFIvehTcYkt1gNOsP8Sc0=] [AmasHa] Checking offline messages for client
[2025-07-28 09:39:40] [4pxqcXPFIvehTcYkt1gNOsP8Sc0=] [AmasHa] No offline messages found
[2025-07-28 09:40:21] [ixLpNjc83I5LYHua6yWOroTZ+DY=] [amin_gamester] Checking offline messages for client
[2025-07-28 09:40:21] [ixLpNjc83I5LYHua6yWOroTZ+DY=] [amin_gamester] No offline messages found
[2025-07-28 09:40:21] [ixLpNjc83I5LYHua6yWOroTZ+DY=] [amin_gamester] Checking offline messages for client
[2025-07-28 09:40:21] [ixLpNjc83I5LYHua6yWOroTZ+DY=] [amin_gamester] No offline messages found
[2025-07-28 09:40:22] [ixLpNjc83I5LYHua6yWOroTZ+DY=] [amin_gamester] Checking offline messages for client
[2025-07-28 09:40:22] [ixLpNjc83I5LYHua6yWOroTZ+DY=] [amin_gamester] No offline messages found
[2025-07-28 09:40:53] [ixLpNjc83I5LYHua6yWOroTZ+DY=] [amin_gamester] Checking offline messages for client
[2025-07-28 09:40:53] [ixLpNjc83I5LYHua6yWOroTZ+DY=] [amin_gamester] No offline messages found
[2025-07-28 09:44:55] [tikcRovpdcooM2U+yNbqRLHgNq0=] [sithmina] Checking offline messages for client
[2025-07-28 09:44:55] [tikcRovpdcooM2U+yNbqRLHgNq0=] [sithmina] No offline messages found
[2025-07-28 10:16:17] [5PLzOWJC4hebzJXQxnDUnsGWWhQ=] [ZRUBAVEL] Checking offline messages for client
[2025-07-28 10:16:17] [5PLzOWJC4hebzJXQxnDUnsGWWhQ=] [ZRUBAVEL] No offline messages found
[2025-07-28 10:30:14] [3Mq3EB+EEk14kwWNxOyGIgo45U8=] [MATAN] Checking offline messages for client
[2025-07-28 10:30:14] [3Mq3EB+EEk14kwWNxOyGIgo45U8=] [MATAN] No offline messages found
[2025-07-28 10:41:18] [DXRzSAimI26gjoLqecpe8V+emeE=] [TeamSpeakUser] Checking offline messages for client
[2025-07-28 10:41:18] [DXRzSAimI26gjoLqecpe8V+emeE=] [TeamSpeakUser] No offline messages found
[2025-07-28 11:13:07] [tikcRovpdcooM2U+yNbqRLHgNq0=] [sithmina] Checking offline messages for client
[2025-07-28 11:13:07] [tikcRovpdcooM2U+yNbqRLHgNq0=] [sithmina] No offline messages found
[2025-07-28 11:14:41] [gITtVlfHYxsd3mvOfTblKNtJBDU=] [4iff] Checking offline messages for client
[2025-07-28 11:14:41] [gITtVlfHYxsd3mvOfTblKNtJBDU=] [4iff] No offline messages found
[2025-07-28 11:14:50] [ilO9JAl5glx+WikZA6SZqmic0Iw=] [kaiizenn] Checking offline messages for client
[2025-07-28 11:14:50] [ilO9JAl5glx+WikZA6SZqmic0Iw=] [kaiizenn] No offline messages found
[2025-07-28 11:18:11] [gITtVlfHYxsd3mvOfTblKNtJBDU=] [4iff] Checking offline messages for client
[2025-07-28 11:18:11] [gITtVlfHYxsd3mvOfTblKNtJBDU=] [4iff] No offline messages found
[2025-07-28 11:21:45] [gITtVlfHYxsd3mvOfTblKNtJBDU=] [4iff] Checking offline messages for client
[2025-07-28 11:21:45] [gITtVlfHYxsd3mvOfTblKNtJBDU=] [4iff] No offline messages found
[2025-07-28 11:38:52] [ACuDqWB+fjeZDK8c1j8T2xyDdgM=] [Helix] Checking offline messages for client
[2025-07-28 11:38:52] [ACuDqWB+fjeZDK8c1j8T2xyDdgM=] [Helix] No offline messages found
[2025-07-28 11:54:38] [FsnnS0JH6Vsr0oud0hOuZZLuYio=] [TeamSpeakUser] Checking offline messages for client
[2025-07-28 11:54:38] [FsnnS0JH6Vsr0oud0hOuZZLuYio=] [TeamSpeakUser] No offline messages found
[2025-07-28 12:02:37] [gITtVlfHYxsd3mvOfTblKNtJBDU=] [4iff] Checking offline messages for client
[2025-07-28 12:02:37] [gITtVlfHYxsd3mvOfTblKNtJBDU=] [4iff] No offline messages found
[2025-07-28 12:10:23] [gITtVlfHYxsd3mvOfTblKNtJBDU=] [4iff] Checking offline messages for client
[2025-07-28 12:10:23] [gITtVlfHYxsd3mvOfTblKNtJBDU=] [4iff] No offline messages found
[2025-07-28 12:14:17] [lYnVEWVma0Kzv/p4bpCgYZ9twnA=] [I ❤ US Rap Only] Client in ignored group, skipping offline messages check
[2025-07-28 12:14:17] [XdfBPIFBI3AGf0ZCZTbFFDB3TjU=] [I ❤ Greatest Hits] Client in ignored group, skipping offline messages check
[2025-07-28 12:14:17] [X5IbyBv3WtlcgFhjUdRkdzckDnA=] [[#]Misc] Client in ignored group, skipping offline messages check
[2025-07-28 12:14:17] [XdfBPIFBI3AGf0ZCZTbFFDB3TjU=] [I ❤ Greatest Hits] Client in ignored group, skipping offline messages check
[2025-07-28 12:14:17] [XdfBPIFBI3AGf0ZCZTbFFDB3TjU=] [I ❤ Greatest Hits] Client in ignored group, skipping offline messages check
[2025-07-28 12:14:49] [ow+Zi/O4SnJIvwHosoZ7zIvOOK8=] [shinigami] Checking offline messages for client
[2025-07-28 12:14:49] [ow+Zi/O4SnJIvwHosoZ7zIvOOK8=] [shinigami] No offline messages found
[2025-07-28 12:14:50] [ow+Zi/O4SnJIvwHosoZ7zIvOOK8=] [shinigami] Checking offline messages for client
[2025-07-28 12:14:50] [ow+Zi/O4SnJIvwHosoZ7zIvOOK8=] [shinigami] No offline messages found
[2025-07-28 12:14:50] [ow+Zi/O4SnJIvwHosoZ7zIvOOK8=] [shinigami] Checking offline messages for client
[2025-07-28 12:14:50] [ow+Zi/O4SnJIvwHosoZ7zIvOOK8=] [shinigami] No offline messages found
[2025-07-28 12:21:20] [FsnnS0JH6Vsr0oud0hOuZZLuYio=] [TeamSpeakUser] Checking offline messages for client
[2025-07-28 12:21:20] [FsnnS0JH6Vsr0oud0hOuZZLuYio=] [TeamSpeakUser] No offline messages found
[2025-07-28 12:22:10] [oygS43aAiKRMTVBqmqelO2GuZoE=] [volya] Checking offline messages for client
[2025-07-28 12:22:10] [oygS43aAiKRMTVBqmqelO2GuZoE=] [volya] No offline messages found
[2025-07-28 12:24:01] [rHVaTl3X/+c2AGX/xqBOVS8QpIw=] [KurtaBesidaTV] Checking offline messages for client
[2025-07-28 12:24:01] [rHVaTl3X/+c2AGX/xqBOVS8QpIw=] [KurtaBesidaTV] No offline messages found
[2025-07-28 12:26:26] [Eq4d/7jYKn2kAAg5zxF1cBzDtR4=] [Guave345] Checking offline messages for client
[2025-07-28 12:26:26] [Eq4d/7jYKn2kAAg5zxF1cBzDtR4=] [Guave345] No offline messages found
[2025-07-28 12:27:45] [IF9FpR3gAmSxQsnDcZCQBde7iWY=] [pipisin] Checking offline messages for client
[2025-07-28 12:27:45] [IF9FpR3gAmSxQsnDcZCQBde7iWY=] [pipisin] No offline messages found
[2025-07-28 12:30:26] [rc6PTp7wE3xERTiJhvZj3aYUd/Y=] [kushi] Checking offline messages for client
[2025-07-28 12:30:26] [rc6PTp7wE3xERTiJhvZj3aYUd/Y=] [kushi] No offline messages found
[2025-07-28 12:31:11] [kfn1jFosIGdE1yOz/lIfEBXQj4A=] [Rix] Checking offline messages for client
[2025-07-28 12:31:11] [kfn1jFosIGdE1yOz/lIfEBXQj4A=] [Rix] No offline messages found
[2025-07-28 12:31:20] [kfn1jFosIGdE1yOz/lIfEBXQj4A=] [Rix] Checking offline messages for client
[2025-07-28 12:31:20] [kfn1jFosIGdE1yOz/lIfEBXQj4A=] [Rix] No offline messages found
[2025-07-28 12:31:27] [syGc3yR+8xBjPN6kLg2zE+r+Bwg=] [Gosh] Checking offline messages for client
[2025-07-28 12:31:27] [syGc3yR+8xBjPN6kLg2zE+r+Bwg=] [Gosh] No offline messages found
[2025-07-28 12:31:32] [kfn1jFosIGdE1yOz/lIfEBXQj4A=] [Rix] Checking offline messages for client
[2025-07-28 12:31:32] [kfn1jFosIGdE1yOz/lIfEBXQj4A=] [Rix] No offline messages found
[2025-07-28 12:37:15] [daLZO33ORrjt8kilU/mo70jc7KI=] [makpyn] Checking offline messages for client
[2025-07-28 12:37:15] [daLZO33ORrjt8kilU/mo70jc7KI=] [makpyn] No offline messages found
[2025-07-28 13:10:33] [3Mq3EB+EEk14kwWNxOyGIgo45U8=] [MATAN] Checking offline messages for client
[2025-07-28 13:10:33] [3Mq3EB+EEk14kwWNxOyGIgo45U8=] [MATAN] No offline messages found
[2025-07-28 13:12:33] [qMpXP+GV7y9R8c7mzrU8qJvHybo=] [Vicinnnt] Checking offline messages for client
[2025-07-28 13:12:33] [qMpXP+GV7y9R8c7mzrU8qJvHybo=] [Vicinnnt] No offline messages found
[2025-07-28 13:12:35] [daLZO33ORrjt8kilU/mo70jc7KI=] [makpyn] Checking offline messages for client
[2025-07-28 13:12:35] [daLZO33ORrjt8kilU/mo70jc7KI=] [makpyn] No offline messages found
[2025-07-28 13:14:42] [5PLzOWJC4hebzJXQxnDUnsGWWhQ=] [ZRUBAVEL] Checking offline messages for client
[2025-07-28 13:14:42] [5PLzOWJC4hebzJXQxnDUnsGWWhQ=] [ZRUBAVEL] No offline messages found
[2025-07-28 13:17:45] [FsnnS0JH6Vsr0oud0hOuZZLuYio=] [TeamSpeakUser] Checking offline messages for client
[2025-07-28 13:17:45] [FsnnS0JH6Vsr0oud0hOuZZLuYio=] [TeamSpeakUser] No offline messages found
[2025-07-28 13:21:58] [Di2MaUkDvWG/4yTOmNqIBWAhaIM=] [astraiser] Checking offline messages for client
[2025-07-28 13:21:58] [Di2MaUkDvWG/4yTOmNqIBWAhaIM=] [astraiser] No offline messages found
[2025-07-28 13:23:40] [MCH5CUuHw7qLHVegyroS34EN/pQ=] [PastA1] Checking offline messages for client
[2025-07-28 13:23:40] [MCH5CUuHw7qLHVegyroS34EN/pQ=] [PastA1] No offline messages found
[2025-07-28 13:25:58] [sDGTmykW+tszI+sqWb5sOOLvtdM=] [f.donato] Checking offline messages for client
[2025-07-28 13:25:58] [sDGTmykW+tszI+sqWb5sOOLvtdM=] [f.donato] No offline messages found
[2025-07-28 13:37:34] [1AbnbGgxnGmT+1ucLIy1LFbCSCU=] [theslayercroute] Checking offline messages for client
[2025-07-28 13:37:34] [1AbnbGgxnGmT+1ucLIy1LFbCSCU=] [theslayercroute] No offline messages found
[2025-07-28 13:38:12] [ArDdG6a86sTE9vzN8IIzLOiOEQs=] [Sunrise0754] Checking offline messages for client
[2025-07-28 13:38:12] [ArDdG6a86sTE9vzN8IIzLOiOEQs=] [Sunrise0754] No offline messages found
[2025-07-28 13:38:17] [NrinzN9i22mrI5io8FdxB4B1/Os=] [daGGetTt] Checking offline messages for client
[2025-07-28 13:38:17] [NrinzN9i22mrI5io8FdxB4B1/Os=] [daGGetTt] No offline messages found
[2025-07-28 13:39:06] [X4hKVi7sfvTfJB9YQgAYwR9ZE3I=] [Mnwh] Checking offline messages for client
[2025-07-28 13:39:06] [X4hKVi7sfvTfJB9YQgAYwR9ZE3I=] [Mnwh] No offline messages found
[2025-07-28 13:41:26] [aEmjlKBkg2d9gRUFp/PPg/JRL1M=] [hui] Checking offline messages for client
[2025-07-28 13:41:26] [aEmjlKBkg2d9gRUFp/PPg/JRL1M=] [hui] No offline messages found
[2025-07-28 13:43:25] [o3G9rA/YjPOMWxOUehTn8HZBzto=] [Darkhains] Checking offline messages for client
[2025-07-28 13:43:25] [o3G9rA/YjPOMWxOUehTn8HZBzto=] [Darkhains] No offline messages found
[2025-07-28 13:49:17] [o3G9rA/YjPOMWxOUehTn8HZBzto=] [Darkhains] Checking offline messages for client
[2025-07-28 13:49:17] [o3G9rA/YjPOMWxOUehTn8HZBzto=] [Darkhains] No offline messages found
[2025-07-28 13:49:34] [I6jOOSBap0dJfQxxrWEXasWM9n0=] [sharfyusha] Checking offline messages for client
[2025-07-28 13:49:34] [I6jOOSBap0dJfQxxrWEXasWM9n0=] [sharfyusha] No offline messages found
[2025-07-28 13:54:20] [e/9oYyrhhc1IP+S6iQ1nWm9Q3x8=] [-REVA-] Checking offline messages for client
[2025-07-28 13:54:20] [e/9oYyrhhc1IP+S6iQ1nWm9Q3x8=] [-REVA-] No offline messages found
[2025-07-28 14:02:35] [RBwh+hLI7qM/5sBbq4UPaExpE30=] [Druid Сrow 🦅] Checking offline messages for client
[2025-07-28 14:02:35] [RBwh+hLI7qM/5sBbq4UPaExpE30=] [Druid Сrow 🦅] No offline messages found
[2025-07-28 14:04:52] [ixLpNjc83I5LYHua6yWOroTZ+DY=] [amin_gamester] Checking offline messages for client
[2025-07-28 14:04:52] [ixLpNjc83I5LYHua6yWOroTZ+DY=] [amin_gamester] No offline messages found
[2025-07-28 14:08:49] [Y87CyZ0z4OCWoHrzcXmcfNJGgn8=] [Ghost] Checking offline messages for client
[2025-07-28 14:08:49] [Y87CyZ0z4OCWoHrzcXmcfNJGgn8=] [Ghost] No offline messages found
[2025-07-28 14:12:57] [KJ4zqn9pukLO1ChROBmAPzo3JKk=] [Shutn1k] Checking offline messages for client
[2025-07-28 14:12:57] [KJ4zqn9pukLO1ChROBmAPzo3JKk=] [Shutn1k] No offline messages found
[2025-07-28 14:14:17] [S4nJnfZbC50B772ngduYc9QqqU0=] [PIADORAZZZ] Checking offline messages for client
[2025-07-28 14:14:17] [S4nJnfZbC50B772ngduYc9QqqU0=] [PIADORAZZZ] No offline messages found
[2025-07-28 14:14:28] [feOILq7xTfQKUz3XLeAaieA6Mwg=] [Lucky13] Checking offline messages for client
[2025-07-28 14:14:28] [feOILq7xTfQKUz3XLeAaieA6Mwg=] [Lucky13] No offline messages found
[2025-07-28 14:17:45] [rhEX4hLL6Far40IMTQuDND3UzM0=] [Vectorial] Checking offline messages for client
[2025-07-28 14:17:45] [rhEX4hLL6Far40IMTQuDND3UzM0=] [Vectorial] No offline messages found
[2025-07-28 14:20:33] [X6E5/N6c4x3DmVvfM1A7J4pIjC0=] [Omar] Checking offline messages for client
[2025-07-28 14:20:33] [X6E5/N6c4x3DmVvfM1A7J4pIjC0=] [Omar] No offline messages found
[2025-07-28 14:39:09] [0k7iJrGzj7haOvrih6GAxyrXHtM=] [Sebitzuu] Checking offline messages for client
[2025-07-28 14:39:09] [0k7iJrGzj7haOvrih6GAxyrXHtM=] [Sebitzuu] No offline messages found
[2025-07-28 14:39:34] [AC87pO3YB+wvZ5G27tY2glDTG4M=] [andy76633] Checking offline messages for client
[2025-07-28 14:39:34] [AC87pO3YB+wvZ5G27tY2glDTG4M=] [andy76633] No offline messages found
[2025-07-28 14:40:04] [Ur4QEkJdoUnTlF/3Qq/fhchir7U=] [Alex0807] Checking offline messages for client
[2025-07-28 14:40:04] [Ur4QEkJdoUnTlF/3Qq/fhchir7U=] [Alex0807] No offline messages found
[2025-07-28 14:41:05] [j5dWqR3YtdDg+SH0Z4utnl7TppY=] [Claudiu20047] Checking offline messages for client
[2025-07-28 14:41:05] [j5dWqR3YtdDg+SH0Z4utnl7TppY=] [Claudiu20047] No offline messages found
[2025-07-28 14:42:21] [m3jwrJafD7Z1HcDm7lAZbGqtROY=] [zui] Checking offline messages for client
[2025-07-28 14:42:21] [m3jwrJafD7Z1HcDm7lAZbGqtROY=] [zui] No offline messages found
[2025-07-28 14:49:23] [ixLpNjc83I5LYHua6yWOroTZ+DY=] [amin_gamester] Checking offline messages for client
[2025-07-28 14:49:23] [ixLpNjc83I5LYHua6yWOroTZ+DY=] [amin_gamester] No offline messages found
[2025-07-28 14:53:04] [feOILq7xTfQKUz3XLeAaieA6Mwg=] [Lucky13] Checking offline messages for client
[2025-07-28 14:53:04] [feOILq7xTfQKUz3XLeAaieA6Mwg=] [Lucky13] No offline messages found
[2025-07-28 14:54:18] [j5dWqR3YtdDg+SH0Z4utnl7TppY=] [Claudiu20047] Checking offline messages for client
[2025-07-28 14:54:18] [j5dWqR3YtdDg+SH0Z4utnl7TppY=] [Claudiu20047] No offline messages found
[2025-07-28 14:55:47] [pe0vF1REw7ytjWSvry3jwC6Ao+8=] [RYAN18] Checking offline messages for client
[2025-07-28 14:55:47] [pe0vF1REw7ytjWSvry3jwC6Ao+8=] [RYAN18] No offline messages found
[2025-07-28 15:03:01] [X6E5/N6c4x3DmVvfM1A7J4pIjC0=] [Omar] Checking offline messages for client
[2025-07-28 15:03:01] [X6E5/N6c4x3DmVvfM1A7J4pIjC0=] [Omar] No offline messages found
[2025-07-28 15:03:04] [+QTfzoCOcfpc5pNJ24WBX/EfRAU=] [Уебище] Checking offline messages for client
[2025-07-28 15:03:04] [+QTfzoCOcfpc5pNJ24WBX/EfRAU=] [Уебище] No offline messages found
[2025-07-28 15:11:00] [syGc3yR+8xBjPN6kLg2zE+r+Bwg=] [Gosh] Checking offline messages for client
[2025-07-28 15:11:00] [syGc3yR+8xBjPN6kLg2zE+r+Bwg=] [Gosh] No offline messages found
[2025-07-28 15:12:36] [ZecEXT4FfeXYbAgW2C8UIiJcPNQ=] [belali-ZypRus?] Checking offline messages for client
[2025-07-28 15:12:36] [ZecEXT4FfeXYbAgW2C8UIiJcPNQ=] [belali-ZypRus?] No offline messages found
[2025-07-28 15:13:25] [PAPjw5ou1pxtJ/LMEXPWWL4eKGI=] [aeRR] Checking offline messages for client
[2025-07-28 15:13:25] [PAPjw5ou1pxtJ/LMEXPWWL4eKGI=] [aeRR] No offline messages found
[2025-07-28 15:24:36] [oygS43aAiKRMTVBqmqelO2GuZoE=] [volya] Checking offline messages for client
[2025-07-28 15:24:36] [oygS43aAiKRMTVBqmqelO2GuZoE=] [volya] No offline messages found
[2025-07-28 15:28:55] [s5SoU0O6Mp2lEkoeWlMc2247gBk=] [don] Checking offline messages for client
[2025-07-28 15:28:55] [s5SoU0O6Mp2lEkoeWlMc2247gBk=] [don] No offline messages found
[2025-07-28 15:37:02] [CAXLSUAM56Ig7tLYqBzO8Lrc+lY=] [zulul] Checking offline messages for client
[2025-07-28 15:37:02] [CAXLSUAM56Ig7tLYqBzO8Lrc+lY=] [zulul] No offline messages found
[2025-07-28 15:37:02] [CAXLSUAM56Ig7tLYqBzO8Lrc+lY=] [zulul] Checking offline messages for client
[2025-07-28 15:37:02] [CAXLSUAM56Ig7tLYqBzO8Lrc+lY=] [zulul] No offline messages found
[2025-07-28 15:37:02] [CAXLSUAM56Ig7tLYqBzO8Lrc+lY=] [zulul] Checking offline messages for client
[2025-07-28 15:37:02] [CAXLSUAM56Ig7tLYqBzO8Lrc+lY=] [zulul] No offline messages found
[2025-07-28 15:39:15] [jWxbfxhLxs9dPa3t1WUnys7gnbk=] [Richard_TH] Checking offline messages for client
[2025-07-28 15:39:15] [jWxbfxhLxs9dPa3t1WUnys7gnbk=] [Richard_TH] No offline messages found
[2025-07-28 15:43:49] [RiCWeDQFOftnEgN1BBHprH1WWy0=] [kudo] Checking offline messages for client
[2025-07-28 15:43:49] [RiCWeDQFOftnEgN1BBHprH1WWy0=] [kudo] No offline messages found
[2025-07-28 15:46:03] [+QTfzoCOcfpc5pNJ24WBX/EfRAU=] [Уебище] Checking offline messages for client
[2025-07-28 15:46:03] [+QTfzoCOcfpc5pNJ24WBX/EfRAU=] [Уебище] No offline messages found
[2025-07-28 15:46:03] [+QTfzoCOcfpc5pNJ24WBX/EfRAU=] [Уебище] Checking offline messages for client
[2025-07-28 15:46:03] [+QTfzoCOcfpc5pNJ24WBX/EfRAU=] [Уебище] No offline messages found
[2025-07-28 15:46:04] [+QTfzoCOcfpc5pNJ24WBX/EfRAU=] [Уебище] Checking offline messages for client
[2025-07-28 15:46:04] [+QTfzoCOcfpc5pNJ24WBX/EfRAU=] [Уебище] No offline messages found
[2025-07-28 15:54:24] [NrinzN9i22mrI5io8FdxB4B1/Os=] [daGGetTt] Checking offline messages for client
[2025-07-28 15:54:24] [NrinzN9i22mrI5io8FdxB4B1/Os=] [daGGetTt] No offline messages found
[2025-07-28 15:59:21] [ytzrq/0by1qTr3vTnSntok01BvI=] [User1] Checking offline messages for client
[2025-07-28 15:59:21] [ytzrq/0by1qTr3vTnSntok01BvI=] [User1] No offline messages found
[2025-07-28 15:59:29] [NrinzN9i22mrI5io8FdxB4B1/Os=] [daGGetTt] Checking offline messages for client
[2025-07-28 15:59:29] [NrinzN9i22mrI5io8FdxB4B1/Os=] [daGGetTt] No offline messages found
[2025-07-28 15:59:31] [NrinzN9i22mrI5io8FdxB4B1/Os=] [daGGetTt] Checking offline messages for client
[2025-07-28 15:59:31] [NrinzN9i22mrI5io8FdxB4B1/Os=] [daGGetTt] No offline messages found
[2025-07-28 15:59:32] [NrinzN9i22mrI5io8FdxB4B1/Os=] [daGGetTt] Checking offline messages for client
[2025-07-28 15:59:32] [NrinzN9i22mrI5io8FdxB4B1/Os=] [daGGetTt] No offline messages found
[2025-07-28 15:59:54] [ytzrq/0by1qTr3vTnSntok01BvI=] [User1] Checking offline messages for client
[2025-07-28 15:59:54] [ytzrq/0by1qTr3vTnSntok01BvI=] [User1] No offline messages found
[2025-07-28 16:02:19] [ZnU8vaPl8AP2v7ujelAJMkb+r+E=] [TeamSpeakUser] Checking offline messages for client
[2025-07-28 16:02:19] [ZnU8vaPl8AP2v7ujelAJMkb+r+E=] [TeamSpeakUser] No offline messages found
[2025-07-28 16:04:14] [HjgkiYx80vAjXk0IfiKIZiVtfpg=] [TeamSpeakUser1] Checking offline messages for client
[2025-07-28 16:04:14] [HjgkiYx80vAjXk0IfiKIZiVtfpg=] [TeamSpeakUser1] No offline messages found
[2025-07-28 16:16:35] [39Hn80GzU936S3hLOAjj8iP5kpg=] [Shawaj] Checking offline messages for client
[2025-07-28 16:16:35] [39Hn80GzU936S3hLOAjj8iP5kpg=] [Shawaj] No offline messages found
[2025-07-28 16:19:47] [ZnU8vaPl8AP2v7ujelAJMkb+r+E=] [TeamSpeakUser] Checking offline messages for client
[2025-07-28 16:19:47] [ZnU8vaPl8AP2v7ujelAJMkb+r+E=] [TeamSpeakUser] No offline messages found
[2025-07-28 16:31:22] [XHkNT/2WnLO7jAbxQXhDIydF250=] [RedragoN] Checking offline messages for client
[2025-07-28 16:31:22] [XHkNT/2WnLO7jAbxQXhDIydF250=] [RedragoN] No offline messages found
[2025-07-28 16:31:35] [3PUL5t5Jz0KW4hyrBCzi+BArN60=] [tenshin_non] Checking offline messages for client
[2025-07-28 16:31:35] [3PUL5t5Jz0KW4hyrBCzi+BArN60=] [tenshin_non] No offline messages found
[2025-07-28 16:33:24] [425Us9+8Vb3MMVt+oWoLiP57Yko=] [Pandemonium] Checking offline messages for client
[2025-07-28 16:33:24] [425Us9+8Vb3MMVt+oWoLiP57Yko=] [Pandemonium] No offline messages found
[2025-07-28 16:34:01] [iZ42pMBQTQIlsEmmlComh4ScWk0=] [Life4Sun] Checking offline messages for client
[2025-07-28 16:34:01] [iZ42pMBQTQIlsEmmlComh4ScWk0=] [Life4Sun] No offline messages found
[2025-07-28 16:37:18] [L8VEN4PeNceeZLHOhRYvEKIZWvk=] [aslan] Checking offline messages for client
[2025-07-28 16:37:18] [L8VEN4PeNceeZLHOhRYvEKIZWvk=] [aslan] No offline messages found
[2025-07-28 16:38:00] [igLR0Qw88l2utvuPuQTy5TXjVdA=] [AlvaRoniXs] Checking offline messages for client
[2025-07-28 16:38:00] [igLR0Qw88l2utvuPuQTy5TXjVdA=] [AlvaRoniXs] No offline messages found
[2025-07-28 16:41:00] [igLR0Qw88l2utvuPuQTy5TXjVdA=] [AlvaRoniXs] Checking offline messages for client
[2025-07-28 16:41:00] [igLR0Qw88l2utvuPuQTy5TXjVdA=] [AlvaRoniXs] No offline messages found
[2025-07-28 16:55:28] [igLR0Qw88l2utvuPuQTy5TXjVdA=] [AlvaRoniXs] Checking offline messages for client
[2025-07-28 16:55:28] [igLR0Qw88l2utvuPuQTy5TXjVdA=] [AlvaRoniXs] No offline messages found
[2025-07-28 16:59:12] [igLR0Qw88l2utvuPuQTy5TXjVdA=] [AlvaRoniXs] Checking offline messages for client
[2025-07-28 16:59:12] [igLR0Qw88l2utvuPuQTy5TXjVdA=] [AlvaRoniXs] No offline messages found
[2025-07-28 17:13:00] [1bxlkLWE1YEds4euACE9lSAD0Jg=] [Mr..Fury] Checking offline messages for client
[2025-07-28 17:13:00] [1bxlkLWE1YEds4euACE9lSAD0Jg=] [Mr..Fury] No offline messages found
[2025-07-28 17:14:08] [1SpGjW2P8juFy83FmQZ7wlJs2js=] [MATIN] Checking offline messages for client
[2025-07-28 17:14:08] [1SpGjW2P8juFy83FmQZ7wlJs2js=] [MATIN] No offline messages found
[2025-07-28 17:23:48] [En2gnfPohUKXeQ2mM9iHU3fzHaQ=] [Siros333] Checking offline messages for client
[2025-07-28 17:23:48] [En2gnfPohUKXeQ2mM9iHU3fzHaQ=] [Siros333] No offline messages found
[2025-07-28 17:24:22] [J6bp6st58H7lXUd4tuSsCYJySXk=] [ARTAhier] Checking offline messages for client
[2025-07-28 17:24:22] [J6bp6st58H7lXUd4tuSsCYJySXk=] [ARTAhier] No offline messages found
[2025-07-28 17:24:43] [CUffzg29SA+Dv+5fpFqndGk/5r8=] [ARTAdort] Checking offline messages for client
[2025-07-28 17:24:43] [CUffzg29SA+Dv+5fpFqndGk/5r8=] [ARTAdort] No offline messages found
[2025-07-28 17:25:25] [mg0CEi8kx9uVrgWEX5S2vt1Xexg=] [awegawg] Checking offline messages for client
[2025-07-28 17:25:25] [mg0CEi8kx9uVrgWEX5S2vt1Xexg=] [awegawg] No offline messages found
[2025-07-28 17:25:35] [rNuuzETCYHp/ipeNXkMjDacyUEg=] [Haydn_123] Checking offline messages for client
[2025-07-28 17:25:35] [rNuuzETCYHp/ipeNXkMjDacyUEg=] [Haydn_123] No offline messages found
[2025-07-28 17:26:40] [wBtCYPJphOWdVqCVMzLPotGSjGA=] [tlishev] Checking offline messages for client
[2025-07-28 17:26:40] [wBtCYPJphOWdVqCVMzLPotGSjGA=] [tlishev] No offline messages found
[2025-07-28 17:29:16] [7lkgv1NgBUC4Nbvfz0XxfSTDHSQ=] [Platonuch_UA] Checking offline messages for client
[2025-07-28 17:29:16] [7lkgv1NgBUC4Nbvfz0XxfSTDHSQ=] [Platonuch_UA] No offline messages found
[2025-07-28 17:33:36] [9RYhYLJQuz+5zxOjDqP3tBps2/o=] [EXOPUL] Checking offline messages for client
[2025-07-28 17:33:36] [9RYhYLJQuz+5zxOjDqP3tBps2/o=] [EXOPUL] No offline messages found
[2025-07-28 17:34:06] [0XaSaJTqMDRG53r/L41NHA912Rw=] [pisun] Checking offline messages for client
[2025-07-28 17:34:06] [0XaSaJTqMDRG53r/L41NHA912Rw=] [pisun] No offline messages found
[2025-07-28 17:36:59] [gIv03ZtQuihw+6fOW0VT0H6h6c8=] [chapa] Checking offline messages for client
[2025-07-28 17:36:59] [gIv03ZtQuihw+6fOW0VT0H6h6c8=] [chapa] No offline messages found
[2025-07-28 17:37:32] [wBtCYPJphOWdVqCVMzLPotGSjGA=] [tlishev] Checking offline messages for client
[2025-07-28 17:37:32] [wBtCYPJphOWdVqCVMzLPotGSjGA=] [tlishev] No offline messages found
[2025-07-28 17:46:05] [HjgkiYx80vAjXk0IfiKIZiVtfpg=] [TeamSpeakUser1] Checking offline messages for client
[2025-07-28 17:46:05] [HjgkiYx80vAjXk0IfiKIZiVtfpg=] [TeamSpeakUser1] No offline messages found
[2025-07-28 17:46:15] [HjgkiYx80vAjXk0IfiKIZiVtfpg=] [TeamSpeakUser1] Checking offline messages for client
[2025-07-28 17:46:15] [HjgkiYx80vAjXk0IfiKIZiVtfpg=] [TeamSpeakUser1] No offline messages found
[2025-07-28 17:46:43] [HjgkiYx80vAjXk0IfiKIZiVtfpg=] [TeamSpeakUser1] Checking offline messages for client
[2025-07-28 17:46:43] [HjgkiYx80vAjXk0IfiKIZiVtfpg=] [TeamSpeakUser1] No offline messages found
[2025-07-28 17:47:19] [8Fn+1qd4DPlk46e1Q9+IKrYC/8A=] [atmaca] Checking offline messages for client
[2025-07-28 17:47:19] [8Fn+1qd4DPlk46e1Q9+IKrYC/8A=] [atmaca] No offline messages found
[2025-07-28 17:48:38] [eW3CXsLjM41/AoFsb/Sbw+HQfBU=] [nbnbn] Checking offline messages for client
[2025-07-28 17:48:38] [eW3CXsLjM41/AoFsb/Sbw+HQfBU=] [nbnbn] No offline messages found
[2025-07-28 17:51:03] [ytzrq/0by1qTr3vTnSntok01BvI=] [User1] Checking offline messages for client
[2025-07-28 17:51:03] [ytzrq/0by1qTr3vTnSntok01BvI=] [User1] No offline messages found
[2025-07-28 17:55:22] [joLnks6yPWRXoX0AF44LukmZOI4=] [pangea] Checking offline messages for client
[2025-07-28 17:55:22] [joLnks6yPWRXoX0AF44LukmZOI4=] [pangea] No offline messages found
[2025-07-28 17:57:10] [vcyn2qSMt2HUw38zEEVs8t2YTdY=] [gert401] Checking offline messages for client
[2025-07-28 17:57:10] [vcyn2qSMt2HUw38zEEVs8t2YTdY=] [gert401] No offline messages found
[2025-07-28 17:59:02] [KJ4zqn9pukLO1ChROBmAPzo3JKk=] [Shutn1k] Checking offline messages for client
[2025-07-28 17:59:02] [KJ4zqn9pukLO1ChROBmAPzo3JKk=] [Shutn1k] No offline messages found
[2025-07-28 18:02:59] [+QTfzoCOcfpc5pNJ24WBX/EfRAU=] [Уебище] Checking offline messages for client
[2025-07-28 18:02:59] [+QTfzoCOcfpc5pNJ24WBX/EfRAU=] [Уебище] No offline messages found
[2025-07-28 18:06:07] [EabEuFfJWoidlJHowxz83DhK5uk=] [Rich Lich] Checking offline messages for client
[2025-07-28 18:06:07] [EabEuFfJWoidlJHowxz83DhK5uk=] [Rich Lich] No offline messages found
[2025-07-28 18:06:18] [CAXLSUAM56Ig7tLYqBzO8Lrc+lY=] [zulul] Checking offline messages for client
[2025-07-28 18:06:18] [CAXLSUAM56Ig7tLYqBzO8Lrc+lY=] [zulul] No offline messages found
[2025-07-28 18:08:57] [g95LkcovmlDSBBJIdmdv0zN6QBs=] [baysikimdeğil] Checking offline messages for client
[2025-07-28 18:08:57] [g95LkcovmlDSBBJIdmdv0zN6QBs=] [baysikimdeğil] No offline messages found
[2025-07-28 18:10:28] [cQnuljBLILs8CHiCBcythkog2Vc=] [Yugik] Checking offline messages for client
[2025-07-28 18:10:28] [cQnuljBLILs8CHiCBcythkog2Vc=] [Yugik] No offline messages found
[2025-07-28 18:10:48] [vYdB4LqF9oGqrfx8sM2nXqb21o0=] [may1kid] Checking offline messages for client
[2025-07-28 18:10:48] [vYdB4LqF9oGqrfx8sM2nXqb21o0=] [may1kid] No offline messages found
[2025-07-28 18:11:02] [M09LXQM0h1IxzpSiw7t91USRzUA=] [dolv1] Checking offline messages for client
[2025-07-28 18:11:02] [M09LXQM0h1IxzpSiw7t91USRzUA=] [dolv1] No offline messages found
[2025-07-28 18:11:03] [M09LXQM0h1IxzpSiw7t91USRzUA=] [dolv1] Checking offline messages for client
[2025-07-28 18:11:03] [M09LXQM0h1IxzpSiw7t91USRzUA=] [dolv1] No offline messages found
[2025-07-28 18:11:03] [M09LXQM0h1IxzpSiw7t91USRzUA=] [dolv1] Checking offline messages for client
[2025-07-28 18:11:03] [M09LXQM0h1IxzpSiw7t91USRzUA=] [dolv1] No offline messages found
[2025-07-28 18:12:38] [4hvwCfCPtTRCCX/hD0S9PDAjwPY=] [Ander] Checking offline messages for client
[2025-07-28 18:12:38] [4hvwCfCPtTRCCX/hD0S9PDAjwPY=] [Ander] No offline messages found
[2025-07-28 18:12:52] [YJ8chm2QQIJyPFrsGN7ctoGAtDM=] [Грицик] Checking offline messages for client
[2025-07-28 18:12:52] [YJ8chm2QQIJyPFrsGN7ctoGAtDM=] [Грицик] No offline messages found
[2025-07-28 18:14:06] [6loDKB5pFq9h9EZ8lWJAl1sRiNA=] [kagixxx] Checking offline messages for client
[2025-07-28 18:14:06] [6loDKB5pFq9h9EZ8lWJAl1sRiNA=] [kagixxx] No offline messages found
[2025-07-28 18:14:09] [39Hn80GzU936S3hLOAjj8iP5kpg=] [Shawaj] Checking offline messages for client
[2025-07-28 18:14:09] [39Hn80GzU936S3hLOAjj8iP5kpg=] [Shawaj] No offline messages found
[2025-07-28 18:16:23] [zQBV+zr0os6YT3ktHjBJZW0cRd8=] [Tufix] Checking offline messages for client
[2025-07-28 18:16:23] [zQBV+zr0os6YT3ktHjBJZW0cRd8=] [Tufix] No offline messages found
[2025-07-28 18:16:23] [zQBV+zr0os6YT3ktHjBJZW0cRd8=] [Tufix] Checking offline messages for client
[2025-07-28 18:16:23] [zQBV+zr0os6YT3ktHjBJZW0cRd8=] [Tufix] No offline messages found
[2025-07-28 18:16:24] [zQBV+zr0os6YT3ktHjBJZW0cRd8=] [Tufix] Checking offline messages for client
[2025-07-28 18:16:24] [zQBV+zr0os6YT3ktHjBJZW0cRd8=] [Tufix] No offline messages found
[2025-07-28 18:16:28] [39Hn80GzU936S3hLOAjj8iP5kpg=] [Shawaj] Checking offline messages for client
[2025-07-28 18:16:28] [39Hn80GzU936S3hLOAjj8iP5kpg=] [Shawaj] No offline messages found
[2025-07-28 18:17:16] [iOgsj/b7+Ver8IGO+Yuc4m9VlWI=] [auvarls] Checking offline messages for client
[2025-07-28 18:17:16] [iOgsj/b7+Ver8IGO+Yuc4m9VlWI=] [auvarls] Found 1 offline messages
[2025-07-28 18:17:18] [iOgsj/b7+Ver8IGO+Yuc4m9VlWI=] [auvarls] Sent poke message: Your private channel has been renumbered from #33 to #28 to maintain sorting order.
[2025-07-28 18:17:18] [iOgsj/b7+Ver8IGO+Yuc4m9VlWI=] [auvarls] Deleted 1 delivered messages from database
[2025-07-28 18:17:22] [TVYDqloG40AolgKZE51r8Arz5Ig=] [TeamSpeakUser2] Checking offline messages for client
[2025-07-28 18:17:22] [TVYDqloG40AolgKZE51r8Arz5Ig=] [TeamSpeakUser2] No offline messages found
[2025-07-28 18:17:22] [TVYDqloG40AolgKZE51r8Arz5Ig=] [TeamSpeakUser2] Checking offline messages for client
[2025-07-28 18:17:22] [TVYDqloG40AolgKZE51r8Arz5Ig=] [TeamSpeakUser2] No offline messages found
[2025-07-28 18:17:22] [TVYDqloG40AolgKZE51r8Arz5Ig=] [TeamSpeakUser2] Checking offline messages for client
[2025-07-28 18:17:22] [TVYDqloG40AolgKZE51r8Arz5Ig=] [TeamSpeakUser2] No offline messages found
[2025-07-28 18:17:55] [3ZyJFxBNJRhkQcvFPWRLLB9FnGg=] [CaliskanMuz] Checking offline messages for client
[2025-07-28 18:17:55] [3ZyJFxBNJRhkQcvFPWRLLB9FnGg=] [CaliskanMuz] No offline messages found
[2025-07-28 18:18:30] [UINiUnQ/eAgNIPOPr4tSfW+qXvo=] [Потужний Фід] Checking offline messages for client
[2025-07-28 18:18:30] [UINiUnQ/eAgNIPOPr4tSfW+qXvo=] [Потужний Фід] No offline messages found
[2025-07-28 18:19:16] [nYYlWUs5YkYKnWWsLhHJIhbnlmA=] [HanS] Checking offline messages for client
[2025-07-28 18:19:16] [nYYlWUs5YkYKnWWsLhHJIhbnlmA=] [HanS] No offline messages found
[2025-07-28 18:19:36] [GvKQC+0wB2vJXrx64sJ8sS41K2w=] [Pol'zovatel'] Checking offline messages for client
[2025-07-28 18:19:36] [GvKQC+0wB2vJXrx64sJ8sS41K2w=] [Pol'zovatel'] No offline messages found
[2025-07-28 18:20:18] [I6jOOSBap0dJfQxxrWEXasWM9n0=] [sharfyusha] Checking offline messages for client
[2025-07-28 18:20:18] [I6jOOSBap0dJfQxxrWEXasWM9n0=] [sharfyusha] No offline messages found
[2025-07-28 18:30:08] [Tyox9iliANPNZk3OJiSEOSxGKGY=] [germancoxx] Checking offline messages for client
[2025-07-28 18:30:08] [Tyox9iliANPNZk3OJiSEOSxGKGY=] [germancoxx] No offline messages found
[2025-07-28 18:31:18] [ysApwncFrVjzs0iXlJqpQC5ryno=] [alikexie] Checking offline messages for client
[2025-07-28 18:31:18] [ysApwncFrVjzs0iXlJqpQC5ryno=] [alikexie] No offline messages found
[2025-07-28 18:31:57] [CWMA2QGMPMGQOdW3hTMRH8nDHFw=] [rabdestroyer] Checking offline messages for client
[2025-07-28 18:31:57] [CWMA2QGMPMGQOdW3hTMRH8nDHFw=] [rabdestroyer] No offline messages found
[2025-07-28 18:32:22] [CWMA2QGMPMGQOdW3hTMRH8nDHFw=] [rabdestroyer] Checking offline messages for client
[2025-07-28 18:32:22] [CWMA2QGMPMGQOdW3hTMRH8nDHFw=] [rabdestroyer] No offline messages found
[2025-07-28 18:33:08] [CWMA2QGMPMGQOdW3hTMRH8nDHFw=] [rabdestroyer] Checking offline messages for client
[2025-07-28 18:33:08] [CWMA2QGMPMGQOdW3hTMRH8nDHFw=] [rabdestroyer] No offline messages found
[2025-07-28 18:33:12] [SPcXEeCOFHwQ5o99/4x773Vgcuc=] [Ashkan-77] Checking offline messages for client
[2025-07-28 18:33:12] [SPcXEeCOFHwQ5o99/4x773Vgcuc=] [Ashkan-77] No offline messages found
[2025-07-28 18:34:06] [V/sE7GD+jPAQPdHRhDxgmql0tFI=] [Jabberson] Checking offline messages for client
[2025-07-28 18:34:06] [V/sE7GD+jPAQPdHRhDxgmql0tFI=] [Jabberson] No offline messages found
[2025-07-28 18:34:22] [WtWgpfS8UE18SW7yGXm3r1yoO/c=] [Kowismo] Checking offline messages for client
[2025-07-28 18:34:22] [WtWgpfS8UE18SW7yGXm3r1yoO/c=] [Kowismo] No offline messages found
[2025-07-28 18:34:58] [e/9oYyrhhc1IP+S6iQ1nWm9Q3x8=] [-REVA-] Checking offline messages for client
[2025-07-28 18:34:58] [e/9oYyrhhc1IP+S6iQ1nWm9Q3x8=] [-REVA-] No offline messages found
[2025-07-28 18:38:26] [AIH+tfVulC8zavzVFibdmhnDrQY=] [kiri] Checking offline messages for client
[2025-07-28 18:38:26] [AIH+tfVulC8zavzVFibdmhnDrQY=] [kiri] No offline messages found
[2025-07-28 18:40:05] [4+uLG/zPSbf20iyE+oBWsHrYVtI=] [ogi] Checking offline messages for client
[2025-07-28 18:40:05] [4+uLG/zPSbf20iyE+oBWsHrYVtI=] [ogi] No offline messages found
[2025-07-28 18:40:09] [qt+fRHNjOkfIv5KA10YckNlFiyk=] [TroubLe(mustafa)] Checking offline messages for client
[2025-07-28 18:40:09] [qt+fRHNjOkfIv5KA10YckNlFiyk=] [TroubLe(mustafa)] No offline messages found
[2025-07-28 18:40:56] [SPcXEeCOFHwQ5o99/4x773Vgcuc=] [Ashkan-77] Checking offline messages for client
[2025-07-28 18:40:56] [SPcXEeCOFHwQ5o99/4x773Vgcuc=] [Ashkan-77] No offline messages found
[2025-07-28 18:41:26] [x5NWjjSsshVzCfkox/peFi8iwwM=] [pzdcvsenikizanyati] Checking offline messages for client
[2025-07-28 18:41:26] [x5NWjjSsshVzCfkox/peFi8iwwM=] [pzdcvsenikizanyati] No offline messages found
[2025-07-28 18:45:25] [CWMA2QGMPMGQOdW3hTMRH8nDHFw=] [Amoranayt] Checking offline messages for client
[2025-07-28 18:45:25] [CWMA2QGMPMGQOdW3hTMRH8nDHFw=] [Amoranayt] No offline messages found
[2025-07-28 18:48:09] [39Hn80GzU936S3hLOAjj8iP5kpg=] [Shawaj] Checking offline messages for client
[2025-07-28 18:48:09] [39Hn80GzU936S3hLOAjj8iP5kpg=] [Shawaj] No offline messages found
[2025-07-28 18:49:06] [j4VaV46XhkmzcjbVPFuyIU0vCLs=] [nox] Checking offline messages for client
[2025-07-28 18:49:06] [j4VaV46XhkmzcjbVPFuyIU0vCLs=] [nox] No offline messages found
[2025-07-28 18:51:11] [X4hKVi7sfvTfJB9YQgAYwR9ZE3I=] [Mnwh] Checking offline messages for client
[2025-07-28 18:51:11] [X4hKVi7sfvTfJB9YQgAYwR9ZE3I=] [Mnwh] No offline messages found
[2025-07-28 18:51:15] [p1juFd+EsIJFziP40fruEeWuWUw=] [Futa] Checking offline messages for client
[2025-07-28 18:51:15] [p1juFd+EsIJFziP40fruEeWuWUw=] [Futa] No offline messages found
[2025-07-28 18:51:33] [o3G9rA/YjPOMWxOUehTn8HZBzto=] [Darkhains] Checking offline messages for client
[2025-07-28 18:51:33] [o3G9rA/YjPOMWxOUehTn8HZBzto=] [Darkhains] No offline messages found
[2025-07-28 18:55:19] [Y3EDpeFsO9lDhDp9nUiaxxnoG/E=] [LADRON] Checking offline messages for client
[2025-07-28 18:55:19] [Y3EDpeFsO9lDhDp9nUiaxxnoG/E=] [LADRON] No offline messages found
[2025-07-28 18:57:59] [CWMA2QGMPMGQOdW3hTMRH8nDHFw=] [rabdestroyer] Checking offline messages for client
[2025-07-28 18:57:59] [CWMA2QGMPMGQOdW3hTMRH8nDHFw=] [rabdestroyer] No offline messages found
[2025-07-28 18:58:24] [c43JdyfwIeWCLmtTqO2Z1u7P1+0=] [REV] Checking offline messages for client
[2025-07-28 18:58:24] [c43JdyfwIeWCLmtTqO2Z1u7P1+0=] [REV] No offline messages found
[2025-07-28 19:00:54] [L7qRovRf/7UBeW38ly75ngISmrA=] [emirhnxnn] Checking offline messages for client
[2025-07-28 19:00:54] [L7qRovRf/7UBeW38ly75ngISmrA=] [emirhnxnn] No offline messages found
[2025-07-28 19:01:10] [Q+Ob7/NvRmg1pMuispkVKL/hj1Y=] [Xeur] Checking offline messages for client
[2025-07-28 19:01:10] [Q+Ob7/NvRmg1pMuispkVKL/hj1Y=] [Xeur] No offline messages found
[2025-07-28 19:02:31] [V/sE7GD+jPAQPdHRhDxgmql0tFI=] [Jabberson] Checking offline messages for client
[2025-07-28 19:02:31] [V/sE7GD+jPAQPdHRhDxgmql0tFI=] [Jabberson] No offline messages found
[2025-07-28 19:09:41] [gITtVlfHYxsd3mvOfTblKNtJBDU=] [4iff] Checking offline messages for client
[2025-07-28 19:09:41] [gITtVlfHYxsd3mvOfTblKNtJBDU=] [4iff] No offline messages found
[2025-07-28 19:12:37] [4hvwCfCPtTRCCX/hD0S9PDAjwPY=] [Ander] Checking offline messages for client
[2025-07-28 19:12:37] [4hvwCfCPtTRCCX/hD0S9PDAjwPY=] [Ander] No offline messages found
[2025-07-28 19:12:39] [YJ8chm2QQIJyPFrsGN7ctoGAtDM=] [Грицик] Checking offline messages for client
[2025-07-28 19:12:39] [YJ8chm2QQIJyPFrsGN7ctoGAtDM=] [Грицик] No offline messages found
[2025-07-28 19:13:24] [0Z2wqQcTx0kpb/KIf+NPkyv4b60=] [-W1LLL] Checking offline messages for client
[2025-07-28 19:13:24] [0Z2wqQcTx0kpb/KIf+NPkyv4b60=] [-W1LLL] No offline messages found
[2025-07-28 19:14:08] [s5SoU0O6Mp2lEkoeWlMc2247gBk=] [don] Checking offline messages for client
[2025-07-28 19:14:08] [s5SoU0O6Mp2lEkoeWlMc2247gBk=] [don] No offline messages found
[2025-07-28 19:17:14] [rhEX4hLL6Far40IMTQuDND3UzM0=] [Vectorial] Checking offline messages for client
[2025-07-28 19:17:14] [rhEX4hLL6Far40IMTQuDND3UzM0=] [Vectorial] No offline messages found
[2025-07-28 19:17:33] [Tgd5hyEUE1h1eu8z/TBEWqTvsO4=] [verdi] Checking offline messages for client
[2025-07-28 19:17:33] [Tgd5hyEUE1h1eu8z/TBEWqTvsO4=] [verdi] No offline messages found
[2025-07-28 19:18:21] [d/2RYNlm5B/Nn3BBGjS8/8tretA=] [LaPt] Checking offline messages for client
[2025-07-28 19:18:21] [d/2RYNlm5B/Nn3BBGjS8/8tretA=] [LaPt] No offline messages found
[2025-07-28 19:18:29] [EG8Onk9X4P6ZrUNa8UIC4sAcsnw=] [N1kit0s@] Checking offline messages for client
[2025-07-28 19:18:29] [EG8Onk9X4P6ZrUNa8UIC4sAcsnw=] [N1kit0s@] No offline messages found
[2025-07-28 19:18:34] [avYI7vL0XXD3nIsf8cMXtgdn+/s=] [NowY] Checking offline messages for client
[2025-07-28 19:18:34] [avYI7vL0XXD3nIsf8cMXtgdn+/s=] [NowY] No offline messages found
[2025-07-28 19:19:24] [uVIyLE46ey0eBhM+Z9Az+wuDd2U=] [LisssTzz] Checking offline messages for client
[2025-07-28 19:19:24] [uVIyLE46ey0eBhM+Z9Az+wuDd2U=] [LisssTzz] No offline messages found
[2025-07-28 19:19:59] [V/sE7GD+jPAQPdHRhDxgmql0tFI=] [Jabberson] Checking offline messages for client
[2025-07-28 19:19:59] [V/sE7GD+jPAQPdHRhDxgmql0tFI=] [Jabberson] No offline messages found
[2025-07-28 19:20:29] [I6jOOSBap0dJfQxxrWEXasWM9n0=] [sharfyusha] Checking offline messages for client
[2025-07-28 19:20:29] [I6jOOSBap0dJfQxxrWEXasWM9n0=] [sharfyusha] No offline messages found
[2025-07-28 19:21:13] [gxGX91a+FO9ox8ymbTAiTSocxRE=] [Froll1] Checking offline messages for client
[2025-07-28 19:21:13] [gxGX91a+FO9ox8ymbTAiTSocxRE=] [Froll1] No offline messages found
[2025-07-28 19:22:36] [kI4Iq6xXKhsCvHl1H7QZho8zUzY=] [elges] Checking offline messages for client
[2025-07-28 19:22:36] [kI4Iq6xXKhsCvHl1H7QZho8zUzY=] [elges] No offline messages found
[2025-07-28 19:23:02] [GlTSg7N4cUlngIFDboyJkBc+xr4=] [tros] Checking offline messages for client
[2025-07-28 19:23:02] [GlTSg7N4cUlngIFDboyJkBc+xr4=] [tros] No offline messages found
[2025-07-28 19:23:22] [u37UZKIsHRy8fpvH8qv7OuhDpEw=] [AMINOV] Checking offline messages for client
[2025-07-28 19:23:22] [u37UZKIsHRy8fpvH8qv7OuhDpEw=] [AMINOV] No offline messages found
[2025-07-28 19:24:36] [LOqceFSovefMvJHSejkci+2zAbY=] [TeamSpeakUser3] Checking offline messages for client
[2025-07-28 19:24:36] [LOqceFSovefMvJHSejkci+2zAbY=] [TeamSpeakUser3] No offline messages found
[2025-07-28 19:26:15] [S4nJnfZbC50B772ngduYc9QqqU0=] [PIADORAZZZ] Checking offline messages for client
[2025-07-28 19:26:15] [S4nJnfZbC50B772ngduYc9QqqU0=] [PIADORAZZZ] No offline messages found
[2025-07-28 19:30:24] [8Fn+1qd4DPlk46e1Q9+IKrYC/8A=] [atmaca] Checking offline messages for client
[2025-07-28 19:30:24] [8Fn+1qd4DPlk46e1Q9+IKrYC/8A=] [atmaca] No offline messages found
[2025-07-28 19:31:21] [103NpgSMbA6VWxysX3UIH+x6Soo=] [kiesik98] Checking offline messages for client
[2025-07-28 19:31:21] [103NpgSMbA6VWxysX3UIH+x6Soo=] [kiesik98] No offline messages found
[2025-07-28 19:32:01] [5hddc8haxgTOmC6YnU4i/CaEPsM=] [saadf] Checking offline messages for client
[2025-07-28 19:32:01] [5hddc8haxgTOmC6YnU4i/CaEPsM=] [saadf] No offline messages found
[2025-07-28 19:32:55] [KCSs+VaLPPzS5wWcsV8pz1UhyZ8=] [dimkos496] Checking offline messages for client
[2025-07-28 19:32:55] [KCSs+VaLPPzS5wWcsV8pz1UhyZ8=] [dimkos496] No offline messages found
[2025-07-28 19:35:32] [ow+Zi/O4SnJIvwHosoZ7zIvOOK8=] [shinigami] Checking offline messages for client
[2025-07-28 19:35:32] [ow+Zi/O4SnJIvwHosoZ7zIvOOK8=] [shinigami] No offline messages found
[2025-07-28 19:36:00] [cMkGnTTHFvn5Sz0A9+EoXM1gT2s=] [mishechcat] Checking offline messages for client
[2025-07-28 19:36:00] [cMkGnTTHFvn5Sz0A9+EoXM1gT2s=] [mishechcat] No offline messages found
[2025-07-28 19:38:41] [F4Rot6aSlWU5OFZBOarP2RTzrYY=] [INSANE] Checking offline messages for client
[2025-07-28 19:38:41] [F4Rot6aSlWU5OFZBOarP2RTzrYY=] [INSANE] No offline messages found
[2025-07-28 19:47:09] [yNFUjD+LJEqojKPPlPGtCAVEYRU=] [Боцман777] Checking offline messages for client
[2025-07-28 19:47:09] [yNFUjD+LJEqojKPPlPGtCAVEYRU=] [Боцман777] No offline messages found
[2025-07-28 19:51:00] [yPSI9aghhtH6O+mnSQIo84yUZ4c=] [шароёб] Checking offline messages for client
[2025-07-28 19:51:00] [yPSI9aghhtH6O+mnSQIo84yUZ4c=] [шароёб] No offline messages found
[2025-07-28 19:53:36] [B1vi3FgmXup//0bA/eh0W10lZiM=] [TeamSpeakUser4] Checking offline messages for client
[2025-07-28 19:53:36] [B1vi3FgmXup//0bA/eh0W10lZiM=] [TeamSpeakUser4] No offline messages found
[2025-07-28 19:54:02] [lPq8Y8B1JOHL6QoSGZDwJ6xzT7Q=] [vata] Checking offline messages for client
[2025-07-28 19:54:02] [lPq8Y8B1JOHL6QoSGZDwJ6xzT7Q=] [vata] No offline messages found
[2025-07-28 19:54:34] [B1vi3FgmXup//0bA/eh0W10lZiM=] [TeamSpeakUser4] Checking offline messages for client
[2025-07-28 19:54:34] [B1vi3FgmXup//0bA/eh0W10lZiM=] [TeamSpeakUser4] No offline messages found
[2025-07-28 19:55:46] [+HSS1nA3Z9O8INV8ar35lASRhf4=] [Nrrrqqq] Checking offline messages for client
[2025-07-28 19:55:46] [+HSS1nA3Z9O8INV8ar35lASRhf4=] [Nrrrqqq] No offline messages found
[2025-07-28 19:56:37] [+eY62p4z2Yc8MBABvp55HWZZJ18=] [saulov] Checking offline messages for client
[2025-07-28 19:56:37] [+eY62p4z2Yc8MBABvp55HWZZJ18=] [saulov] No offline messages found
[2025-07-28 19:57:35] [tHKwZtfb/srt+Fd0YoD5SiAYdKo=] [Sim0] Checking offline messages for client
[2025-07-28 19:57:35] [tHKwZtfb/srt+Fd0YoD5SiAYdKo=] [Sim0] No offline messages found
[2025-07-28 19:57:59] [VzDfRDmJ7uM/C1TaZb3VAAD1IFw=] [reverz] Checking offline messages for client
[2025-07-28 19:57:59] [VzDfRDmJ7uM/C1TaZb3VAAD1IFw=] [reverz] No offline messages found
[2025-07-28 20:05:48] [C3ony4dh8njCYB62/cIXXbMG1IA=] [Чех] Checking offline messages for client
[2025-07-28 20:05:48] [C3ony4dh8njCYB62/cIXXbMG1IA=] [Чех] No offline messages found
[2025-07-28 20:06:17] [C3ony4dh8njCYB62/cIXXbMG1IA=] [Чех] Checking offline messages for client
[2025-07-28 20:06:17] [C3ony4dh8njCYB62/cIXXbMG1IA=] [Чех] No offline messages found
[2025-07-28 20:06:43] [C3ony4dh8njCYB62/cIXXbMG1IA=] [Чех] Checking offline messages for client
[2025-07-28 20:06:43] [C3ony4dh8njCYB62/cIXXbMG1IA=] [Чех] No offline messages found
[2025-07-28 20:06:50] [B1vi3FgmXup//0bA/eh0W10lZiM=] [TeamSpeakUser1] Checking offline messages for client
[2025-07-28 20:06:50] [B1vi3FgmXup//0bA/eh0W10lZiM=] [TeamSpeakUser1] No offline messages found
[2025-07-28 20:07:20] [WqJ7G2qJdQ8kspL597ANASGN6Qc=] [леха] Checking offline messages for client
[2025-07-28 20:07:20] [WqJ7G2qJdQ8kspL597ANASGN6Qc=] [леха] No offline messages found
[2025-07-28 20:09:36] [A337CRyeHXs4LwAB23shVIw0jeg=] [mishechcaty] Checking offline messages for client
[2025-07-28 20:09:36] [A337CRyeHXs4LwAB23shVIw0jeg=] [mishechcaty] No offline messages found
[2025-07-28 20:16:39] [eXCgXHS3wHMdJwbTHi93xadIo7Q=] [MKBlin] Checking offline messages for client
[2025-07-28 20:16:39] [eXCgXHS3wHMdJwbTHi93xadIo7Q=] [MKBlin] No offline messages found
[2025-07-28 20:19:29] [8Zdbsme26C48AHpMg4zVcDatTnE=] [Kurs] Checking offline messages for client
[2025-07-28 20:19:29] [8Zdbsme26C48AHpMg4zVcDatTnE=] [Kurs] No offline messages found
[2025-07-28 20:22:56] [p3y14lookJnxOaey9QPtkzjlnFM=] [JannnNNN] Checking offline messages for client
[2025-07-28 20:22:56] [p3y14lookJnxOaey9QPtkzjlnFM=] [JannnNNN] No offline messages found
[2025-07-28 20:30:38] [pjSG7lijxEkCHXK5AeNULuu9cdY=] [HUESOS] Checking offline messages for client
[2025-07-28 20:30:38] [pjSG7lijxEkCHXK5AeNULuu9cdY=] [HUESOS] No offline messages found
[2025-07-28 20:32:06] [8Zdbsme26C48AHpMg4zVcDatTnE=] [Kurs] Checking offline messages for client
[2025-07-28 20:32:06] [8Zdbsme26C48AHpMg4zVcDatTnE=] [Kurs] No offline messages found
[2025-07-28 20:33:03] [N3i0JuxOQc+NzDJpdz3cD/gAtqQ=] [yondera] Checking offline messages for client
[2025-07-28 20:33:03] [N3i0JuxOQc+NzDJpdz3cD/gAtqQ=] [yondera] No offline messages found
[2025-07-28 20:33:06] [gVBCYC9G+dFCccWN/Wqj75L760M=] [Zaglot_Vandam1] Checking offline messages for client
[2025-07-28 20:33:06] [gVBCYC9G+dFCccWN/Wqj75L760M=] [Zaglot_Vandam1] No offline messages found
[2025-07-28 20:33:07] [4K1JM3gWxWDRwefuj7WYFwSS2W8=] [Cpt.BORODA] Checking offline messages for client
[2025-07-28 20:33:07] [4K1JM3gWxWDRwefuj7WYFwSS2W8=] [Cpt.BORODA] No offline messages found
[2025-07-28 20:34:36] [+jAK4p+Ce6T/fojXfUGu0a+DMsw=] [Lazy_Eagle] Checking offline messages for client
[2025-07-28 20:34:36] [+jAK4p+Ce6T/fojXfUGu0a+DMsw=] [Lazy_Eagle] No offline messages found
[2025-07-28 20:36:14] [nKM59hxTojEpwTkMTG1uWArmxms=] [rowdy] Checking offline messages for client
[2025-07-28 20:36:14] [nKM59hxTojEpwTkMTG1uWArmxms=] [rowdy] No offline messages found
[2025-07-28 20:36:22] [ZRJE0ISA13RmnFcasOlw68BVsNY=] [F4funder] Checking offline messages for client
[2025-07-28 20:36:22] [ZRJE0ISA13RmnFcasOlw68BVsNY=] [F4funder] No offline messages found
[2025-07-28 20:37:10] [raAePR7lHPhNIRleevueRUQgaPg=] [Seyit] Checking offline messages for client
[2025-07-28 20:37:10] [raAePR7lHPhNIRleevueRUQgaPg=] [Seyit] No offline messages found
[2025-07-28 20:37:27] [nrEFrg1QXE05wuZZG3BbdkciSEc=] [Dumina] Checking offline messages for client
[2025-07-28 20:37:27] [nrEFrg1QXE05wuZZG3BbdkciSEc=] [Dumina] No offline messages found
[2025-07-28 20:39:23] [yBICHbhgjt9SlHyQu3BZbOYMUQU=] [H0R0Z] Checking offline messages for client
[2025-07-28 20:39:23] [yBICHbhgjt9SlHyQu3BZbOYMUQU=] [H0R0Z] No offline messages found
[2025-07-28 20:39:26] [f5blCV2SYOa9qeIxhD7mgNKdr10=] [kompot1k] Checking offline messages for client
[2025-07-28 20:39:26] [f5blCV2SYOa9qeIxhD7mgNKdr10=] [kompot1k] No offline messages found
[2025-07-28 20:40:20] [2Lx63FxcyvHlLbs3Khbo5bJe6mY=] [Last] Checking offline messages for client
[2025-07-28 20:40:20] [2Lx63FxcyvHlLbs3Khbo5bJe6mY=] [Last] No offline messages found
[2025-07-28 20:41:36] [sDGTmykW+tszI+sqWb5sOOLvtdM=] [f.donato] Checking offline messages for client
[2025-07-28 20:41:36] [sDGTmykW+tszI+sqWb5sOOLvtdM=] [f.donato] No offline messages found
[2025-07-28 20:44:45] [kZcUh2jo+wq6b2dVS0YlCqCebY0=] [ASLAN] Checking offline messages for client
[2025-07-28 20:44:45] [kZcUh2jo+wq6b2dVS0YlCqCebY0=] [ASLAN] No offline messages found
[2025-07-28 20:47:33] [yBICHbhgjt9SlHyQu3BZbOYMUQU=] [H0R0Z] Checking offline messages for client
[2025-07-28 20:47:33] [yBICHbhgjt9SlHyQu3BZbOYMUQU=] [H0R0Z] No offline messages found
[2025-07-28 20:50:24] [6SrtG4VVHsx9hBu39SyTJEvD7Tc=] [Князь Вандал Новгородский] Checking offline messages for client
[2025-07-28 20:50:24] [6SrtG4VVHsx9hBu39SyTJEvD7Tc=] [Князь Вандал Новгородский] No offline messages found
[2025-07-28 20:51:19] [ZlpkJwb3m8zYvA72WCi1/a5dvdM=] [panda] Checking offline messages for client
[2025-07-28 20:51:19] [ZlpkJwb3m8zYvA72WCi1/a5dvdM=] [panda] No offline messages found
[2025-07-28 20:53:07] [3tTVUlVrAcXStl28dJ97Er3NypE=] [VOLK] Checking offline messages for client
[2025-07-28 20:53:07] [3tTVUlVrAcXStl28dJ97Er3NypE=] [VOLK] No offline messages found
[2025-07-28 20:55:08] [h2yxqDaYBdNiyDlVGOH/YWCactg=] [dydek10master] Checking offline messages for client
[2025-07-28 20:55:08] [h2yxqDaYBdNiyDlVGOH/YWCactg=] [dydek10master] No offline messages found
[2025-07-28 20:56:28] [xBMJD2Y2SpzPtIEf1cFbTuruz8Q=] [KAYMAKAM] Checking offline messages for client
[2025-07-28 20:56:28] [xBMJD2Y2SpzPtIEf1cFbTuruz8Q=] [KAYMAKAM] No offline messages found
[2025-07-28 20:57:07] [nIQOawer89tHUDGKaV+eAn1G8N8=] [x7uned 🌊] Checking offline messages for client
[2025-07-28 20:57:07] [nIQOawer89tHUDGKaV+eAn1G8N8=] [x7uned 🌊] No offline messages found
[2025-07-28 20:57:13] [U9IMfSvzj5D6AQ6a6xlapRD7cZ0=] [TeamSpeakUser] Checking offline messages for client
[2025-07-28 20:57:13] [U9IMfSvzj5D6AQ6a6xlapRD7cZ0=] [TeamSpeakUser] No offline messages found
[2025-07-28 20:57:23] [MarBbTtCOdPsPCcTGPUko7UH7Sk=] [billy nogami] Checking offline messages for client
[2025-07-28 20:57:23] [MarBbTtCOdPsPCcTGPUko7UH7Sk=] [billy nogami] No offline messages found
[2025-07-28 20:58:29] [ow+Zi/O4SnJIvwHosoZ7zIvOOK8=] [shinigami] Checking offline messages for client
[2025-07-28 20:58:29] [ow+Zi/O4SnJIvwHosoZ7zIvOOK8=] [shinigami] No offline messages found
[2025-07-28 20:58:39] [zCm5oaE55YbLbRBdGoA4vH1gUz0=] [siso] Checking offline messages for client
[2025-07-28 20:58:39] [zCm5oaE55YbLbRBdGoA4vH1gUz0=] [siso] No offline messages found
[2025-07-28 20:58:51] [BXAgSmPB/AzDyu299KtUPzeloK0=] [TeamSpeakUser3] Checking offline messages for client
[2025-07-28 20:58:51] [BXAgSmPB/AzDyu299KtUPzeloK0=] [TeamSpeakUser3] No offline messages found
[2025-07-28 21:01:31] [dnD06izVXlp3jUstWLppyYzz/I0=] [-ipq] Checking offline messages for client
[2025-07-28 21:01:31] [dnD06izVXlp3jUstWLppyYzz/I0=] [-ipq] No offline messages found
[2025-07-28 21:02:23] [AKpjILgA7fb120p7rMX2qJsj2yc=] [TeamSpeakUser2] Checking offline messages for client
[2025-07-28 21:02:23] [AKpjILgA7fb120p7rMX2qJsj2yc=] [TeamSpeakUser2] No offline messages found
[2025-07-28 21:04:28] [v8d0S2VwxhW09HTFPSJZmdATS9s=] [lokmannnnnn] Checking offline messages for client
[2025-07-28 21:04:28] [v8d0S2VwxhW09HTFPSJZmdATS9s=] [lokmannnnnn] No offline messages found
[2025-07-28 21:05:39] [Chs2gds0q5c5sHk5GQqGy9JmwQg=] [teaman11] Checking offline messages for client
[2025-07-28 21:05:39] [Chs2gds0q5c5sHk5GQqGy9JmwQg=] [teaman11] No offline messages found
[2025-07-28 21:06:04] [iQQzFoLcJQYPiwF3IBPYqo8L3Iw=] [m4ng3tsu] Checking offline messages for client
[2025-07-28 21:06:04] [iQQzFoLcJQYPiwF3IBPYqo8L3Iw=] [m4ng3tsu] No offline messages found
[2025-07-28 21:06:06] [QnPuvl/LakOS16vWSaXMZlHO3Xg=] [grr] Checking offline messages for client
[2025-07-28 21:06:06] [QnPuvl/LakOS16vWSaXMZlHO3Xg=] [grr] No offline messages found
[2025-07-28 21:08:15] [iQQzFoLcJQYPiwF3IBPYqo8L3Iw=] [m4ng3tsu] Checking offline messages for client
[2025-07-28 21:08:15] [iQQzFoLcJQYPiwF3IBPYqo8L3Iw=] [m4ng3tsu] No offline messages found
[2025-07-28 21:08:33] [iQQzFoLcJQYPiwF3IBPYqo8L3Iw=] [m4ng3tsu] Checking offline messages for client
[2025-07-28 21:08:33] [iQQzFoLcJQYPiwF3IBPYqo8L3Iw=] [m4ng3tsu] No offline messages found
[2025-07-28 21:08:54] [dNRYIZtk71CY8BBDYawxb2cjIk8=] [Cencya1] Checking offline messages for client
[2025-07-28 21:08:54] [dNRYIZtk71CY8BBDYawxb2cjIk8=] [Cencya1] No offline messages found
[2025-07-28 21:10:50] [yBICHbhgjt9SlHyQu3BZbOYMUQU=] [H0R0Z] Checking offline messages for client
[2025-07-28 21:10:50] [yBICHbhgjt9SlHyQu3BZbOYMUQU=] [H0R0Z] No offline messages found
[2025-07-28 21:12:08] [+jAK4p+Ce6T/fojXfUGu0a+DMsw=] [Lazy_Eagle] Checking offline messages for client
[2025-07-28 21:12:08] [+jAK4p+Ce6T/fojXfUGu0a+DMsw=] [Lazy_Eagle] No offline messages found
[2025-07-28 21:12:15] [1nHWWpwvoZf+IGl6BaPDK6nG9mg=] [FataL1Day] Checking offline messages for client
[2025-07-28 21:12:15] [1nHWWpwvoZf+IGl6BaPDK6nG9mg=] [FataL1Day] No offline messages found
[2025-07-28 21:12:25] [AKpjILgA7fb120p7rMX2qJsj2yc=] [13311313] Checking offline messages for client
[2025-07-28 21:12:25] [AKpjILgA7fb120p7rMX2qJsj2yc=] [13311313] No offline messages found
[2025-07-28 21:12:30] [1nHWWpwvoZf+IGl6BaPDK6nG9mg=] [FataL1Day] Checking offline messages for client
[2025-07-28 21:12:30] [1nHWWpwvoZf+IGl6BaPDK6nG9mg=] [FataL1Day] No offline messages found
[2025-07-28 21:12:33] [PCz5mVdmODgf+BuhB/F8jAcUsWY=] [XandeRMeisteR] Checking offline messages for client
[2025-07-28 21:12:33] [PCz5mVdmODgf+BuhB/F8jAcUsWY=] [XandeRMeisteR] No offline messages found
[2025-07-28 21:12:33] [PCz5mVdmODgf+BuhB/F8jAcUsWY=] [XandeRMeisteR] Checking offline messages for client
[2025-07-28 21:12:33] [PCz5mVdmODgf+BuhB/F8jAcUsWY=] [XandeRMeisteR] No offline messages found
[2025-07-28 21:15:26] [hUjMcppeZYeQG89H1ehSTqHW6iQ=] [Hydrastarke] Checking offline messages for client
[2025-07-28 21:15:26] [hUjMcppeZYeQG89H1ehSTqHW6iQ=] [Hydrastarke] No offline messages found
[2025-07-28 21:18:02] [xBMJD2Y2SpzPtIEf1cFbTuruz8Q=] [KAYMAKAM] Checking offline messages for client
[2025-07-28 21:18:02] [xBMJD2Y2SpzPtIEf1cFbTuruz8Q=] [KAYMAKAM] No offline messages found
[2025-07-28 21:19:46] [JS7AYDgRfu5aCR6EsyZfSZOd3ug=] [goran] Checking offline messages for client
[2025-07-28 21:19:46] [JS7AYDgRfu5aCR6EsyZfSZOd3ug=] [goran] No offline messages found
[2025-07-28 21:20:59] [CivIdqvdtxSJX+mCOeU13yota9Y=] [digitalmix] Checking offline messages for client
[2025-07-28 21:20:59] [CivIdqvdtxSJX+mCOeU13yota9Y=] [digitalmix] No offline messages found
[2025-07-28 21:21:41] [pUCIpssKzbEhYAmtB8xcuFXcEsU=] [mostafa] Checking offline messages for client
[2025-07-28 21:21:41] [pUCIpssKzbEhYAmtB8xcuFXcEsU=] [mostafa] No offline messages found
[2025-07-28 21:22:09] [Di2MaUkDvWG/4yTOmNqIBWAhaIM=] [astraiser] Checking offline messages for client
[2025-07-28 21:22:09] [Di2MaUkDvWG/4yTOmNqIBWAhaIM=] [astraiser] No offline messages found
[2025-07-28 21:22:57] [MCH5CUuHw7qLHVegyroS34EN/pQ=] [PastA1] Checking offline messages for client
[2025-07-28 21:22:57] [MCH5CUuHw7qLHVegyroS34EN/pQ=] [PastA1] No offline messages found
[2025-07-28 21:23:21] [WUFbI2wm1TirPkulhTRESNYToW0=] [sajjad] Checking offline messages for client
[2025-07-28 21:23:21] [WUFbI2wm1TirPkulhTRESNYToW0=] [sajjad] No offline messages found
[2025-07-28 21:25:06] [y8www1vX+Fcxdsy3fifmpFwkYkA=] [KingDriver] Checking offline messages for client
[2025-07-28 21:25:06] [y8www1vX+Fcxdsy3fifmpFwkYkA=] [KingDriver] No offline messages found
[2025-07-28 21:28:22] [IvPuoleyuChePKK0GR7sRhVCkJE=] [SYRUSSS] Checking offline messages for client
[2025-07-28 21:28:22] [IvPuoleyuChePKK0GR7sRhVCkJE=] [SYRUSSS] No offline messages found
[2025-07-28 21:33:41] [SBv8POQ/KbJEokJuPb4wsFePAa4=] [ilan] Checking offline messages for client
[2025-07-28 21:33:41] [SBv8POQ/KbJEokJuPb4wsFePAa4=] [ilan] No offline messages found
[2025-07-28 21:36:40] [voHeS+9vDrKsqr51INkaIih9KlI=] [Cyborg1] Checking offline messages for client
[2025-07-28 21:36:40] [voHeS+9vDrKsqr51INkaIih9KlI=] [Cyborg1] No offline messages found
[2025-07-28 21:38:23] [voHeS+9vDrKsqr51INkaIih9KlI=] [Cyborg1] Checking offline messages for client
[2025-07-28 21:38:23] [voHeS+9vDrKsqr51INkaIih9KlI=] [Cyborg1] No offline messages found
[2025-07-28 21:41:26] [ayHUOzBuuInw8J/HHBAIDIq0cYY=] [bohun ivan] Checking offline messages for client
[2025-07-28 21:41:26] [ayHUOzBuuInw8J/HHBAIDIq0cYY=] [bohun ivan] No offline messages found
[2025-07-28 21:41:44] [voHeS+9vDrKsqr51INkaIih9KlI=] [Cyborg1] Checking offline messages for client
[2025-07-28 21:41:44] [voHeS+9vDrKsqr51INkaIih9KlI=] [Cyborg1] No offline messages found
[2025-07-28 21:42:29] [TWI+XXGLu2pwzCW3cEOZstlE9X4=] [FlavianFCP] Checking offline messages for client
[2025-07-28 21:42:29] [TWI+XXGLu2pwzCW3cEOZstlE9X4=] [FlavianFCP] No offline messages found
[2025-07-28 21:42:42] [voHeS+9vDrKsqr51INkaIih9KlI=] [Cyborg1] Checking offline messages for client
[2025-07-28 21:42:42] [voHeS+9vDrKsqr51INkaIih9KlI=] [Cyborg1] No offline messages found
[2025-07-28 21:44:43] [dHD7jWi8Q5Lp4lz7I8/axaXFAEA=] [__illlia__] Checking offline messages for client
[2025-07-28 21:44:43] [dHD7jWi8Q5Lp4lz7I8/axaXFAEA=] [__illlia__] No offline messages found
[2025-07-28 21:45:42] [Ur4QEkJdoUnTlF/3Qq/fhchir7U=] [Alex0807] Checking offline messages for client
[2025-07-28 21:45:42] [Ur4QEkJdoUnTlF/3Qq/fhchir7U=] [Alex0807] No offline messages found
[2025-07-28 21:45:56] [6uS+/30kQ0fWrVnZj7NYIZaknCc=] [Mobin] Checking offline messages for client
[2025-07-28 21:45:56] [6uS+/30kQ0fWrVnZj7NYIZaknCc=] [Mobin] No offline messages found
[2025-07-28 21:49:33] [4E896wDSmJ8m6QyPTb8WNx7UKxM=] [Groff] Checking offline messages for client
[2025-07-28 21:49:33] [4E896wDSmJ8m6QyPTb8WNx7UKxM=] [Groff] No offline messages found
[2025-07-28 21:49:59] [Lm1n0p7fC/1pjKi0sXmBUDhDWNE=] [clamoris] Checking offline messages for client
[2025-07-28 21:49:59] [Lm1n0p7fC/1pjKi0sXmBUDhDWNE=] [clamoris] No offline messages found
[2025-07-28 21:54:17] [Tl3Bg1zFfrOJ+IRWyJh5UAIJ+5o=] [Efkeyy] Checking offline messages for client
[2025-07-28 21:54:17] [Tl3Bg1zFfrOJ+IRWyJh5UAIJ+5o=] [Efkeyy] No offline messages found
[2025-07-28 21:56:09] [IvPuoleyuChePKK0GR7sRhVCkJE=] [SYRUSSS] Checking offline messages for client
[2025-07-28 21:56:09] [IvPuoleyuChePKK0GR7sRhVCkJE=] [SYRUSSS] No offline messages found
[2025-07-28 21:57:53] [c7oFTcKiq/RBmmRK+zVRyiDwGvs=] [karl_33] Checking offline messages for client
[2025-07-28 21:57:53] [c7oFTcKiq/RBmmRK+zVRyiDwGvs=] [karl_33] No offline messages found
[2025-07-28 21:57:54] [c7oFTcKiq/RBmmRK+zVRyiDwGvs=] [karl_33] Checking offline messages for client
[2025-07-28 21:57:54] [c7oFTcKiq/RBmmRK+zVRyiDwGvs=] [karl_33] No offline messages found
[2025-07-28 21:57:54] [c7oFTcKiq/RBmmRK+zVRyiDwGvs=] [karl_33] Checking offline messages for client
[2025-07-28 21:57:54] [c7oFTcKiq/RBmmRK+zVRyiDwGvs=] [karl_33] No offline messages found
[2025-07-28 21:57:57] [op9aF5gpPEcS0zuoCV0wviHOYmQ=] [Speedbatteur] Checking offline messages for client
[2025-07-28 21:57:57] [op9aF5gpPEcS0zuoCV0wviHOYmQ=] [Speedbatteur] No offline messages found
[2025-07-28 21:57:57] [op9aF5gpPEcS0zuoCV0wviHOYmQ=] [Speedbatteur] Checking offline messages for client
[2025-07-28 21:57:57] [op9aF5gpPEcS0zuoCV0wviHOYmQ=] [Speedbatteur] No offline messages found
[2025-07-28 21:57:58] [op9aF5gpPEcS0zuoCV0wviHOYmQ=] [Speedbatteur] Checking offline messages for client
[2025-07-28 21:57:58] [op9aF5gpPEcS0zuoCV0wviHOYmQ=] [Speedbatteur] No offline messages found
[2025-07-28 21:58:08] [CTJJYp6g0ooZW+p10o4IHQNYVIQ=] [I ❤ 2 Dance] Client in ignored group, skipping offline messages check
[2025-07-28 21:58:30] [X5IbyBv3WtlcgFhjUdRkdzckDnA=] [[#]Misc] Client in ignored group, skipping offline messages check
[2025-07-28 21:59:18] [sZQPfAhKNyJnHG1VTlCSqp382GY=] [GSavio] Checking offline messages for client
[2025-07-28 21:59:18] [sZQPfAhKNyJnHG1VTlCSqp382GY=] [GSavio] No offline messages found
[2025-07-28 21:59:25] [CRT/P+0zKkRUQJu1h71y2Be6eSo=] [vasyanutkin] Checking offline messages for client
[2025-07-28 21:59:25] [CRT/P+0zKkRUQJu1h71y2Be6eSo=] [vasyanutkin] No offline messages found
[2025-07-28 21:59:43] [v4HBviZ5MpnDpeG8hecQkotPVk4=] [TeamSpeakUser2] Checking offline messages for client
[2025-07-28 21:59:43] [v4HBviZ5MpnDpeG8hecQkotPVk4=] [TeamSpeakUser2] No offline messages found
[2025-07-28 22:00:04] [v4HBviZ5MpnDpeG8hecQkotPVk4=] [TeamSpeakUser2] Checking offline messages for client
[2025-07-28 22:00:04] [v4HBviZ5MpnDpeG8hecQkotPVk4=] [TeamSpeakUser2] No offline messages found
[2025-07-28 22:02:26] [ktT/SftpCnxHE/8DJjKjzUnQ3AY=] [EJEX] Checking offline messages for client
[2025-07-28 22:02:26] [ktT/SftpCnxHE/8DJjKjzUnQ3AY=] [EJEX] No offline messages found
[2025-07-28 22:03:06] [Afoqb5fqgY15LPQ0jZ/iOzeosLk=] [брочачо] Checking offline messages for client
[2025-07-28 22:03:07] [Afoqb5fqgY15LPQ0jZ/iOzeosLk=] [брочачо] No offline messages found
[2025-07-28 22:07:11] [ZecEXT4FfeXYbAgW2C8UIiJcPNQ=] [belali-ZypRus?] Checking offline messages for client
[2025-07-28 22:07:11] [ZecEXT4FfeXYbAgW2C8UIiJcPNQ=] [belali-ZypRus?] No offline messages found
[2025-07-28 22:09:05] [A/ZMHqfB/Lvi3QcYpjI5mVGjMf8=] [Badis112] Checking offline messages for client
[2025-07-28 22:09:05] [A/ZMHqfB/Lvi3QcYpjI5mVGjMf8=] [Badis112] No offline messages found
[2025-07-28 22:09:06] [OJ7ovzzJEZfWOoDTnPWqcRESxgA=] [TEANZUS] Checking offline messages for client
[2025-07-28 22:09:06] [OJ7ovzzJEZfWOoDTnPWqcRESxgA=] [TEANZUS] No offline messages found
[2025-07-28 22:09:06] [OJ7ovzzJEZfWOoDTnPWqcRESxgA=] [TEANZUS] Checking offline messages for client
[2025-07-28 22:09:06] [OJ7ovzzJEZfWOoDTnPWqcRESxgA=] [TEANZUS] No offline messages found
[2025-07-28 22:09:06] [OJ7ovzzJEZfWOoDTnPWqcRESxgA=] [TEANZUS] Checking offline messages for client
[2025-07-28 22:09:06] [OJ7ovzzJEZfWOoDTnPWqcRESxgA=] [TEANZUS] No offline messages found
[2025-07-28 22:10:32] [TanQ1GE5rtLVVXLoElEC3PbaSQY=] [TeamSpeakUser] Checking offline messages for client
[2025-07-28 22:10:32] [TanQ1GE5rtLVVXLoElEC3PbaSQY=] [TeamSpeakUser] No offline messages found
[2025-07-28 22:17:46] [9L00arJzCt1G2LLDRV0HQCJjofM=] [osasderlerbana] Checking offline messages for client
[2025-07-28 22:17:46] [9L00arJzCt1G2LLDRV0HQCJjofM=] [osasderlerbana] No offline messages found
[2025-07-28 22:18:27] [gIv03ZtQuihw+6fOW0VT0H6h6c8=] [chapa] Checking offline messages for client
[2025-07-28 22:18:27] [gIv03ZtQuihw+6fOW0VT0H6h6c8=] [chapa] No offline messages found
[2025-07-28 22:19:57] [vQBpA0VvBo3XlFVJd2yFUhlAD5E=] [whoismert] Checking offline messages for client
[2025-07-28 22:19:57] [vQBpA0VvBo3XlFVJd2yFUhlAD5E=] [whoismert] No offline messages found
[2025-07-28 22:19:57] [vQBpA0VvBo3XlFVJd2yFUhlAD5E=] [whoismert] Checking offline messages for client
[2025-07-28 22:19:57] [vQBpA0VvBo3XlFVJd2yFUhlAD5E=] [whoismert] No offline messages found
[2025-07-28 22:19:57] [vQBpA0VvBo3XlFVJd2yFUhlAD5E=] [whoismert] Checking offline messages for client
[2025-07-28 22:19:57] [vQBpA0VvBo3XlFVJd2yFUhlAD5E=] [whoismert] No offline messages found
[2025-07-28 22:19:58] [vQBpA0VvBo3XlFVJd2yFUhlAD5E=] [whoismert] Checking offline messages for client
[2025-07-28 22:19:58] [vQBpA0VvBo3XlFVJd2yFUhlAD5E=] [whoismert] No offline messages found
[2025-07-28 22:19:58] [vQBpA0VvBo3XlFVJd2yFUhlAD5E=] [whoismert] Checking offline messages for client
[2025-07-28 22:19:58] [vQBpA0VvBo3XlFVJd2yFUhlAD5E=] [whoismert] No offline messages found
[2025-07-28 22:22:53] [pUCIpssKzbEhYAmtB8xcuFXcEsU=] [mostafa] Checking offline messages for client
[2025-07-28 22:22:53] [pUCIpssKzbEhYAmtB8xcuFXcEsU=] [mostafa] No offline messages found
[2025-07-28 22:24:25] [L2eQNSlPSLEvzElBvTWjnRjR04U=] [Koniciva] Checking offline messages for client
[2025-07-28 22:24:25] [L2eQNSlPSLEvzElBvTWjnRjR04U=] [Koniciva] No offline messages found
[2025-07-28 22:28:49] [PAPjw5ou1pxtJ/LMEXPWWL4eKGI=] [aeRR] Checking offline messages for client
[2025-07-28 22:28:49] [PAPjw5ou1pxtJ/LMEXPWWL4eKGI=] [aeRR] No offline messages found
[2025-07-28 22:33:13] [RN5q34hvf046r4qme1+T2IWlORI=] [maksik] Checking offline messages for client
[2025-07-28 22:33:13] [RN5q34hvf046r4qme1+T2IWlORI=] [maksik] No offline messages found
[2025-07-28 22:34:27] [5Cfz/JcmU+yRI4XMWzlwoW99x0Q=] [qsebassq] Checking offline messages for client
[2025-07-28 22:34:27] [5Cfz/JcmU+yRI4XMWzlwoW99x0Q=] [qsebassq] No offline messages found
[2025-07-28 22:35:27] [TWI+XXGLu2pwzCW3cEOZstlE9X4=] [FlavianFCP] Checking offline messages for client
[2025-07-28 22:35:27] [TWI+XXGLu2pwzCW3cEOZstlE9X4=] [FlavianFCP] No offline messages found
[2025-07-28 22:35:37] [3El8Af8khtUw3r7evsMzWALuswM=] [montesiao] Checking offline messages for client
[2025-07-28 22:35:37] [3El8Af8khtUw3r7evsMzWALuswM=] [montesiao] No offline messages found
[2025-07-28 22:40:26] [Ur4QEkJdoUnTlF/3Qq/fhchir7U=] [Alex0807] Checking offline messages for client
[2025-07-28 22:40:26] [Ur4QEkJdoUnTlF/3Qq/fhchir7U=] [Alex0807] No offline messages found
[2025-07-28 22:48:44] [UaWg0SMyfAkCvHy5CyiGFneBPYs=] [WirtzGoldenBoy] Checking offline messages for client
[2025-07-28 22:48:44] [UaWg0SMyfAkCvHy5CyiGFneBPYs=] [WirtzGoldenBoy] No offline messages found
[2025-07-28 22:50:46] [hUjMcppeZYeQG89H1ehSTqHW6iQ=] [Hydrastarke] Checking offline messages for client
[2025-07-28 22:50:47] [hUjMcppeZYeQG89H1ehSTqHW6iQ=] [Hydrastarke] No offline messages found
[2025-07-28 22:51:00] [1fLfTv7a7WCXSiKCcl/56zaOGH4=] [TeamSpeakUser1] Checking offline messages for client
[2025-07-28 22:51:00] [1fLfTv7a7WCXSiKCcl/56zaOGH4=] [TeamSpeakUser1] No offline messages found
[2025-07-28 22:52:05] [eNxiZDOeggdj95ZNvuM5yeobkrU=] [Etienne] Checking offline messages for client
[2025-07-28 22:52:05] [eNxiZDOeggdj95ZNvuM5yeobkrU=] [Etienne] No offline messages found
[2025-07-28 22:59:10] [CUffzg29SA+Dv+5fpFqndGk/5r8=] [ARTAdort] Checking offline messages for client
[2025-07-28 22:59:10] [CUffzg29SA+Dv+5fpFqndGk/5r8=] [ARTAdort] No offline messages found
[2025-07-28 22:59:12] [J6bp6st58H7lXUd4tuSsCYJySXk=] [ARTAhier] Checking offline messages for client
[2025-07-28 22:59:12] [J6bp6st58H7lXUd4tuSsCYJySXk=] [ARTAhier] No offline messages found
[2025-07-28 23:00:17] [En2gnfPohUKXeQ2mM9iHU3fzHaQ=] [Siros333] Checking offline messages for client
[2025-07-28 23:00:17] [En2gnfPohUKXeQ2mM9iHU3fzHaQ=] [Siros333] No offline messages found
[2025-07-28 23:06:33] [+vVe9y7KDRV9mBOqgGxIE3TldlI=] [Fullfunny] Checking offline messages for client
[2025-07-28 23:06:33] [+vVe9y7KDRV9mBOqgGxIE3TldlI=] [Fullfunny] No offline messages found
[2025-07-28 23:06:40] [+vVe9y7KDRV9mBOqgGxIE3TldlI=] [Fullfunny] Checking offline messages for client
[2025-07-28 23:06:40] [+vVe9y7KDRV9mBOqgGxIE3TldlI=] [Fullfunny] No offline messages found
[2025-07-28 23:06:57] [+vVe9y7KDRV9mBOqgGxIE3TldlI=] [Fullfunny] Checking offline messages for client
[2025-07-28 23:06:57] [+vVe9y7KDRV9mBOqgGxIE3TldlI=] [Fullfunny] No offline messages found
[2025-07-28 23:11:13] [qnI7tO/BboMdAQFjmSv9/gyQREY=] [batuhnn] Checking offline messages for client
[2025-07-28 23:11:13] [qnI7tO/BboMdAQFjmSv9/gyQREY=] [batuhnn] No offline messages found
[2025-07-28 23:21:40] [34icbCYLN3mwyO3VptlrMiPnsVA=] [Ice_Wallow_Come] Checking offline messages for client
[2025-07-28 23:21:40] [34icbCYLN3mwyO3VptlrMiPnsVA=] [Ice_Wallow_Come] No offline messages found
[2025-07-28 23:24:51] [Xc1V+9hgSSUuMOB1iFNE7BbrmwA=] [Jaws] Checking offline messages for client
[2025-07-28 23:24:51] [Xc1V+9hgSSUuMOB1iFNE7BbrmwA=] [Jaws] No offline messages found
[2025-07-28 23:31:34] [IvPuoleyuChePKK0GR7sRhVCkJE=] [SYRUSSS] Checking offline messages for client
[2025-07-28 23:31:34] [IvPuoleyuChePKK0GR7sRhVCkJE=] [SYRUSSS] No offline messages found
[2025-07-28 23:32:29] [CVqmXkHy7vA0K8v1PUk4BzrfVfA=] [Z3Mort013] Checking offline messages for client
[2025-07-28 23:32:29] [CVqmXkHy7vA0K8v1PUk4BzrfVfA=] [Z3Mort013] No offline messages found
[2025-07-28 23:33:27] [xBMJD2Y2SpzPtIEf1cFbTuruz8Q=] [KAYMAKAM] Checking offline messages for client
[2025-07-28 23:33:27] [xBMJD2Y2SpzPtIEf1cFbTuruz8Q=] [KAYMAKAM] No offline messages found
[2025-07-28 23:37:01] [ZRJE0ISA13RmnFcasOlw68BVsNY=] [F4funder] Checking offline messages for client
[2025-07-28 23:37:01] [ZRJE0ISA13RmnFcasOlw68BVsNY=] [F4funder] No offline messages found
