[2025-08-21 00:20:41] [8GrL7TtsAwbkPA/fi0CnWV4xJo0=] [ivo] Checking offline messages for client
[2025-08-21 00:20:41] [8GrL7TtsAwbkPA/fi0CnWV4xJo0=] [ivo] No offline messages found
[2025-08-21 00:25:44] [q5wdHXdhpr7Oc//EqCvbwn0CVZY=] [Malheiro] Checking offline messages for client
[2025-08-21 00:25:44] [q5wdHXdhpr7Oc//EqCvbwn0CVZY=] [Malheiro] No offline messages found
[2025-08-21 00:26:08] [GvKQC+0wB2vJXrx64sJ8sS41K2w=] [Pol'zovatel'] Checking offline messages for client
[2025-08-21 00:26:08] [GvKQC+0wB2vJXrx64sJ8sS41K2w=] [Pol'zovatel'] No offline messages found
[2025-08-21 00:28:55] [jbziqcaRRjMctNaa4m4+c5Q4kME=] [Ersannclk] Checking offline messages for client
[2025-08-21 00:28:55] [jbziqcaRRjMctNaa4m4+c5Q4kME=] [Ersannclk] No offline messages found
[2025-08-21 00:37:36] [UINiUnQ/eAgNIPOPr4tSfW+qXvo=] [Потужний Фід] Checking offline messages for client
[2025-08-21 00:37:36] [UINiUnQ/eAgNIPOPr4tSfW+qXvo=] [Потужний Фід] No offline messages found
[2025-08-21 00:39:37] [OtB8/Fi/zTqtCmvCEOm37xd//Ys=] [poo] Checking offline messages for client
[2025-08-21 00:39:37] [OtB8/Fi/zTqtCmvCEOm37xd//Ys=] [poo] No offline messages found
[2025-08-21 00:43:20] [LfDr1oNUlXp5ze20IIFiLIgK5yQ=] [1.6fsi] Checking offline messages for client
[2025-08-21 00:43:20] [LfDr1oNUlXp5ze20IIFiLIgK5yQ=] [1.6fsi] No offline messages found
[2025-08-21 00:54:30] [jbziqcaRRjMctNaa4m4+c5Q4kME=] [Ersannclk] Checking offline messages for client
[2025-08-21 00:54:30] [jbziqcaRRjMctNaa4m4+c5Q4kME=] [Ersannclk] No offline messages found
[2025-08-21 00:55:43] [ePwa3jQBzlGWGf9yz8d+ogM9uYs=] [ZorbAnka] Checking offline messages for client
[2025-08-21 00:55:43] [ePwa3jQBzlGWGf9yz8d+ogM9uYs=] [ZorbAnka] No offline messages found
[2025-08-21 01:11:25] [AVTxIqu/DQ320nFRqEutHoYujIc=] [Clappen] Checking offline messages for client
[2025-08-21 01:11:25] [AVTxIqu/DQ320nFRqEutHoYujIc=] [Clappen] No offline messages found
[2025-08-21 01:11:58] [0Kq1jABR4laahePPvEbxYlB+E7I=] [leanmaradona] Checking offline messages for client
[2025-08-21 01:11:58] [0Kq1jABR4laahePPvEbxYlB+E7I=] [leanmaradona] No offline messages found
[2025-08-21 01:13:02] [wNBm1roMc+Akapqp93TcT/l/lRI=] [DeNyZz] Checking offline messages for client
[2025-08-21 01:13:02] [wNBm1roMc+Akapqp93TcT/l/lRI=] [DeNyZz] No offline messages found
[2025-08-21 01:17:45] [KKakWCNNDyxUyhC4KpkSU2PHuVM=] [yusufppks] Checking offline messages for client
[2025-08-21 01:17:45] [KKakWCNNDyxUyhC4KpkSU2PHuVM=] [yusufppks] No offline messages found
[2025-08-21 01:20:10] [g95LkcovmlDSBBJIdmdv0zN6QBs=] [baysikimdeğil] Checking offline messages for client
[2025-08-21 01:20:10] [g95LkcovmlDSBBJIdmdv0zN6QBs=] [baysikimdeğil] No offline messages found
[2025-08-21 01:29:14] [VKA6JAP9oGZhwld5GJtU59FL5sY=] [CPL. A. Sama] Checking offline messages for client
[2025-08-21 01:29:14] [VKA6JAP9oGZhwld5GJtU59FL5sY=] [CPL. A. Sama] No offline messages found
[2025-08-21 01:35:28] [mu8zHBA0U1KZm37ZU8GDo7EnWqM=] [Yusoso] Checking offline messages for client
[2025-08-21 01:35:28] [mu8zHBA0U1KZm37ZU8GDo7EnWqM=] [Yusoso] No offline messages found
[2025-08-21 01:56:15] [cqR+UX8zNM2i+9tAzRJowt8s5UU=] [Paulinho] Checking offline messages for client
[2025-08-21 01:56:15] [cqR+UX8zNM2i+9tAzRJowt8s5UU=] [Paulinho] No offline messages found
[2025-08-21 01:58:51] [cqR+UX8zNM2i+9tAzRJowt8s5UU=] [Paulinho] Checking offline messages for client
[2025-08-21 01:58:51] [cqR+UX8zNM2i+9tAzRJowt8s5UU=] [Paulinho] No offline messages found
[2025-08-21 02:12:57] [g95LkcovmlDSBBJIdmdv0zN6QBs=] [baysikimdeğil] Checking offline messages for client
[2025-08-21 02:12:57] [g95LkcovmlDSBBJIdmdv0zN6QBs=] [baysikimdeğil] No offline messages found
[2025-08-21 02:24:07] [DdvfOAoep9XKOfimQ/Nit/nevWs=] [-3k] Checking offline messages for client
[2025-08-21 02:24:07] [DdvfOAoep9XKOfimQ/Nit/nevWs=] [-3k] No offline messages found
[2025-08-21 03:07:32] [ZRJE0ISA13RmnFcasOlw68BVsNY=] [F4funder] Checking offline messages for client
[2025-08-21 03:07:32] [ZRJE0ISA13RmnFcasOlw68BVsNY=] [F4funder] No offline messages found
[2025-08-21 03:10:38] [LfDr1oNUlXp5ze20IIFiLIgK5yQ=] [1.6fsi] Checking offline messages for client
[2025-08-21 03:10:38] [LfDr1oNUlXp5ze20IIFiLIgK5yQ=] [1.6fsi] No offline messages found
[2025-08-21 03:32:31] [3PUL5t5Jz0KW4hyrBCzi+BArN60=] [tenshin_non] Checking offline messages for client
[2025-08-21 03:32:31] [3PUL5t5Jz0KW4hyrBCzi+BArN60=] [tenshin_non] No offline messages found
[2025-08-21 03:34:39] [jWxbfxhLxs9dPa3t1WUnys7gnbk=] [Richard_TH] Checking offline messages for client
[2025-08-21 03:34:39] [jWxbfxhLxs9dPa3t1WUnys7gnbk=] [Richard_TH] No offline messages found
[2025-08-21 03:53:19] [XBs92Q96gNtQuh/gJcemkRhcN3w=] [gothiccg] Checking offline messages for client
[2025-08-21 03:53:19] [XBs92Q96gNtQuh/gJcemkRhcN3w=] [gothiccg] No offline messages found
[2025-08-21 03:53:36] [XBs92Q96gNtQuh/gJcemkRhcN3w=] [gothiccg] Checking offline messages for client
[2025-08-21 03:53:36] [XBs92Q96gNtQuh/gJcemkRhcN3w=] [gothiccg] No offline messages found
[2025-08-21 04:02:00] [dDU+qrUO+E8NJHOmrQsCvli4BEA=] [kyojin] Checking offline messages for client
[2025-08-21 04:02:00] [dDU+qrUO+E8NJHOmrQsCvli4BEA=] [kyojin] No offline messages found
[2025-08-21 04:59:33] [e/9oYyrhhc1IP+S6iQ1nWm9Q3x8=] [-REVA-] Checking offline messages for client
[2025-08-21 04:59:33] [e/9oYyrhhc1IP+S6iQ1nWm9Q3x8=] [-REVA-] No offline messages found
[2025-08-21 07:36:36] [J3SOjo37jE8m14DKihWjuzFdi2U=] [qck1g] Checking offline messages for client
[2025-08-21 07:36:36] [J3SOjo37jE8m14DKihWjuzFdi2U=] [qck1g] No offline messages found
[2025-08-21 07:41:24] [0TS7jt0APSegEgA9K9hIWfin7m0=] [dadaok] Checking offline messages for client
[2025-08-21 07:41:24] [0TS7jt0APSegEgA9K9hIWfin7m0=] [dadaok] No offline messages found
[2025-08-21 08:00:54] [J3SOjo37jE8m14DKihWjuzFdi2U=] [qck1g] Checking offline messages for client
[2025-08-21 08:00:54] [J3SOjo37jE8m14DKihWjuzFdi2U=] [qck1g] No offline messages found
[2025-08-21 08:22:00] [vLgVft5e9BARLqqbeBlVX0sMlpk=] [BlackDemoN (Dimon)] Checking offline messages for client
[2025-08-21 08:22:00] [vLgVft5e9BARLqqbeBlVX0sMlpk=] [BlackDemoN (Dimon)] No offline messages found
[2025-08-21 08:33:32] [hBuNRx7tatLbgdRUYtizU91b9ds=] [Fantaz4] Checking offline messages for client
[2025-08-21 08:33:32] [hBuNRx7tatLbgdRUYtizU91b9ds=] [Fantaz4] No offline messages found
[2025-08-21 08:34:08] [hBuNRx7tatLbgdRUYtizU91b9ds=] [Fantaz4] Checking offline messages for client
[2025-08-21 08:34:08] [hBuNRx7tatLbgdRUYtizU91b9ds=] [Fantaz4] No offline messages found
[2025-08-21 08:37:34] [J3SOjo37jE8m14DKihWjuzFdi2U=] [qck1g] Checking offline messages for client
[2025-08-21 08:37:34] [J3SOjo37jE8m14DKihWjuzFdi2U=] [qck1g] No offline messages found
[2025-08-21 09:24:10] [CXnQHC+XyTooAudCpjnPJpcuStE=] [clement1ne-] Checking offline messages for client
[2025-08-21 09:24:10] [CXnQHC+XyTooAudCpjnPJpcuStE=] [clement1ne-] No offline messages found
[2025-08-21 09:25:49] [H5KNuuKfARLeaZRyNBe7SpeLhIM=] [bebruhi4] Checking offline messages for client
[2025-08-21 09:25:49] [H5KNuuKfARLeaZRyNBe7SpeLhIM=] [bebruhi4] No offline messages found
[2025-08-21 09:28:48] [2/2mcOpMksFEPGXN57d1wqtfG5A=] [GunMag] Checking offline messages for client
[2025-08-21 09:28:48] [2/2mcOpMksFEPGXN57d1wqtfG5A=] [GunMag] No offline messages found
[2025-08-21 09:43:34] [sC96QZMY/yY8Fc9QjquVCkLiW2c=] [Amirali] Checking offline messages for client
[2025-08-21 09:43:34] [sC96QZMY/yY8Fc9QjquVCkLiW2c=] [Amirali] No offline messages found
[2025-08-21 09:44:23] [vs+7gbTKwu+h+XgDI2qVApOBkfk=] [Viko(ع)] Checking offline messages for client
[2025-08-21 09:44:23] [vs+7gbTKwu+h+XgDI2qVApOBkfk=] [Viko(ع)] No offline messages found
[2025-08-21 09:58:37] [WtWgpfS8UE18SW7yGXm3r1yoO/c=] [Kowismo] Checking offline messages for client
[2025-08-21 09:58:37] [WtWgpfS8UE18SW7yGXm3r1yoO/c=] [Kowismo] No offline messages found
[2025-08-21 10:01:42] [EYDEXERh2uKg/fMgjEqk4Z9lvzw=] [Suwoxy] Checking offline messages for client
[2025-08-21 10:01:42] [EYDEXERh2uKg/fMgjEqk4Z9lvzw=] [Suwoxy] No offline messages found
[2025-08-21 10:06:26] [PlotarA/IzD1xOqHXLunwp4hHDs=] [Butch] Checking offline messages for client
[2025-08-21 10:06:26] [PlotarA/IzD1xOqHXLunwp4hHDs=] [Butch] No offline messages found
[2025-08-21 10:13:05] [OrQVKJp+JzfZtqOKqH2xPAvaQto=] [вапваимс] Checking offline messages for client
[2025-08-21 10:13:05] [OrQVKJp+JzfZtqOKqH2xPAvaQto=] [вапваимс] No offline messages found
[2025-08-21 10:17:02] [sC96QZMY/yY8Fc9QjquVCkLiW2c=] [Amirali] Checking offline messages for client
[2025-08-21 10:17:02] [sC96QZMY/yY8Fc9QjquVCkLiW2c=] [Amirali] No offline messages found
[2025-08-21 10:21:14] [EYDEXERh2uKg/fMgjEqk4Z9lvzw=] [Suwoxy] Checking offline messages for client
[2025-08-21 10:21:14] [EYDEXERh2uKg/fMgjEqk4Z9lvzw=] [Suwoxy] No offline messages found
[2025-08-21 10:21:47] [1LGAFwYeh9ftEN0OriluWE0DqDs=] [K0ubek] Checking offline messages for client
[2025-08-21 10:21:47] [1LGAFwYeh9ftEN0OriluWE0DqDs=] [K0ubek] No offline messages found
[2025-08-21 10:25:45] [sC96QZMY/yY8Fc9QjquVCkLiW2c=] [Amirali] Checking offline messages for client
[2025-08-21 10:25:45] [sC96QZMY/yY8Fc9QjquVCkLiW2c=] [Amirali] No offline messages found
[2025-08-21 10:25:56] [EYDEXERh2uKg/fMgjEqk4Z9lvzw=] [Suwoxy] Checking offline messages for client
[2025-08-21 10:25:56] [EYDEXERh2uKg/fMgjEqk4Z9lvzw=] [Suwoxy] No offline messages found
[2025-08-21 10:25:56] [EYDEXERh2uKg/fMgjEqk4Z9lvzw=] [Suwoxy] Checking offline messages for client
[2025-08-21 10:25:56] [EYDEXERh2uKg/fMgjEqk4Z9lvzw=] [Suwoxy] No offline messages found
[2025-08-21 10:25:57] [EYDEXERh2uKg/fMgjEqk4Z9lvzw=] [Suwoxy] Checking offline messages for client
[2025-08-21 10:25:57] [EYDEXERh2uKg/fMgjEqk4Z9lvzw=] [Suwoxy] No offline messages found
[2025-08-21 10:28:24] [nrEFrg1QXE05wuZZG3BbdkciSEc=] [Dumina] Checking offline messages for client
[2025-08-21 10:28:24] [nrEFrg1QXE05wuZZG3BbdkciSEc=] [Dumina] No offline messages found
[2025-08-21 10:29:38] [FjvWluljyXAl76fTQUXQDhqEdXg=] [sima] Checking offline messages for client
[2025-08-21 10:29:38] [FjvWluljyXAl76fTQUXQDhqEdXg=] [sima] No offline messages found
[2025-08-21 10:29:44] [gITtVlfHYxsd3mvOfTblKNtJBDU=] [4iff] Checking offline messages for client
[2025-08-21 10:29:44] [gITtVlfHYxsd3mvOfTblKNtJBDU=] [4iff] No offline messages found
[2025-08-21 10:31:42] [5c2sa3PhJfKo4TEu5wJxaEqysw8=] [I.am.Atomic] Checking offline messages for client
[2025-08-21 10:31:42] [5c2sa3PhJfKo4TEu5wJxaEqysw8=] [I.am.Atomic] No offline messages found
[2025-08-21 11:01:50] [aEmjlKBkg2d9gRUFp/PPg/JRL1M=] [hui] Checking offline messages for client
[2025-08-21 11:01:50] [aEmjlKBkg2d9gRUFp/PPg/JRL1M=] [hui] No offline messages found
[2025-08-21 11:06:22] [daLZO33ORrjt8kilU/mo70jc7KI=] [makpyn] Checking offline messages for client
[2025-08-21 11:06:22] [daLZO33ORrjt8kilU/mo70jc7KI=] [makpyn] No offline messages found
[2025-08-21 11:22:02] [igLR0Qw88l2utvuPuQTy5TXjVdA=] [AlvaRoniXs] Checking offline messages for client
[2025-08-21 11:22:02] [igLR0Qw88l2utvuPuQTy5TXjVdA=] [AlvaRoniXs] No offline messages found
[2025-08-21 11:30:34] [gfwrHqyuIKFdHFNszB9BVWRu7Xc=] [daGGetT] Checking offline messages for client
[2025-08-21 11:30:34] [gfwrHqyuIKFdHFNszB9BVWRu7Xc=] [daGGetT] No offline messages found
[2025-08-21 12:01:03] [gQ5C6+V5CuxoWVdapQ4LurehHGY=] [ph0x] Checking offline messages for client
[2025-08-21 12:01:03] [gQ5C6+V5CuxoWVdapQ4LurehHGY=] [ph0x] No offline messages found
[2025-08-21 12:02:16] [rc6PTp7wE3xERTiJhvZj3aYUd/Y=] [kushi] Checking offline messages for client
[2025-08-21 12:02:16] [rc6PTp7wE3xERTiJhvZj3aYUd/Y=] [kushi] No offline messages found
[2025-08-21 12:04:43] [YKaJKPUcO38+nmswF3rtl+ViIlg=] [TeamSpeakUser] Checking offline messages for client
[2025-08-21 12:04:43] [YKaJKPUcO38+nmswF3rtl+ViIlg=] [TeamSpeakUser] No offline messages found
[2025-08-21 12:06:50] [3Mq3EB+EEk14kwWNxOyGIgo45U8=] [MATAN] Checking offline messages for client
[2025-08-21 12:06:50] [3Mq3EB+EEk14kwWNxOyGIgo45U8=] [MATAN] No offline messages found
[2025-08-21 12:08:02] [XRxlLzCnHAAMEmxaHysOIOme0qo=] [TeamSpeakUser1] Checking offline messages for client
[2025-08-21 12:08:02] [XRxlLzCnHAAMEmxaHysOIOme0qo=] [TeamSpeakUser1] No offline messages found
[2025-08-21 12:13:32] [igLR0Qw88l2utvuPuQTy5TXjVdA=] [AlvaRoniXs] Checking offline messages for client
[2025-08-21 12:13:32] [igLR0Qw88l2utvuPuQTy5TXjVdA=] [AlvaRoniXs] No offline messages found
[2025-08-21 12:15:42] [aEmjlKBkg2d9gRUFp/PPg/JRL1M=] [hui] Checking offline messages for client
[2025-08-21 12:15:42] [aEmjlKBkg2d9gRUFp/PPg/JRL1M=] [hui] No offline messages found
[2025-08-21 12:18:25] [EYDEXERh2uKg/fMgjEqk4Z9lvzw=] [Suwoxy] Checking offline messages for client
[2025-08-21 12:18:25] [EYDEXERh2uKg/fMgjEqk4Z9lvzw=] [Suwoxy] No offline messages found
[2025-08-21 12:18:58] [igLR0Qw88l2utvuPuQTy5TXjVdA=] [AlvaRoniXs] Checking offline messages for client
[2025-08-21 12:18:58] [igLR0Qw88l2utvuPuQTy5TXjVdA=] [AlvaRoniXs] No offline messages found
[2025-08-21 12:20:59] [EYDEXERh2uKg/fMgjEqk4Z9lvzw=] [Suwoxy] Checking offline messages for client
[2025-08-21 12:20:59] [EYDEXERh2uKg/fMgjEqk4Z9lvzw=] [Suwoxy] No offline messages found
[2025-08-21 12:25:02] [DxUY9WGRy+4NWNGeVQSKXB8JRcs=] [TeamSpeakUser2] Checking offline messages for client
[2025-08-21 12:25:02] [DxUY9WGRy+4NWNGeVQSKXB8JRcs=] [TeamSpeakUser2] No offline messages found
[2025-08-21 12:26:55] [ilO9JAl5glx+WikZA6SZqmic0Iw=] [kaiizenn] Checking offline messages for client
[2025-08-21 12:26:55] [ilO9JAl5glx+WikZA6SZqmic0Iw=] [kaiizenn] No offline messages found
[2025-08-21 12:45:23] [x5NWjjSsshVzCfkox/peFi8iwwM=] [pzdcvsenikizanyati] Checking offline messages for client
[2025-08-21 12:45:23] [x5NWjjSsshVzCfkox/peFi8iwwM=] [pzdcvsenikizanyati] No offline messages found
[2025-08-21 12:48:23] [igLR0Qw88l2utvuPuQTy5TXjVdA=] [AlvaRoniXs] Checking offline messages for client
[2025-08-21 12:48:23] [igLR0Qw88l2utvuPuQTy5TXjVdA=] [AlvaRoniXs] No offline messages found
[2025-08-21 12:55:32] [UkMRdPWzSLSbVYspP0RZwp4rLXU=] [Adam Boroda] Checking offline messages for client
[2025-08-21 12:55:32] [UkMRdPWzSLSbVYspP0RZwp4rLXU=] [Adam Boroda] No offline messages found
[2025-08-21 12:55:55] [ofp0lC8aE44wL4Ooasojs98NL70=] [miz-miz] Checking offline messages for client
[2025-08-21 12:55:55] [ofp0lC8aE44wL4Ooasojs98NL70=] [miz-miz] No offline messages found
[2025-08-21 12:58:15] [FIHRd8H6xRTj1jyU280xFtyPXDM=] [liqui_88] Checking offline messages for client
[2025-08-21 12:58:15] [FIHRd8H6xRTj1jyU280xFtyPXDM=] [liqui_88] No offline messages found
[2025-08-21 13:22:49] [igLR0Qw88l2utvuPuQTy5TXjVdA=] [AlvaRoniXs] Checking offline messages for client
[2025-08-21 13:22:49] [igLR0Qw88l2utvuPuQTy5TXjVdA=] [AlvaRoniXs] No offline messages found
[2025-08-21 14:06:57] [hBuNRx7tatLbgdRUYtizU91b9ds=] [Fantaz4] Checking offline messages for client
[2025-08-21 14:06:57] [hBuNRx7tatLbgdRUYtizU91b9ds=] [Fantaz4] No offline messages found
[2025-08-21 14:07:35] [hBuNRx7tatLbgdRUYtizU91b9ds=] [Fantaz4] Checking offline messages for client
[2025-08-21 14:07:35] [hBuNRx7tatLbgdRUYtizU91b9ds=] [Fantaz4] No offline messages found
[2025-08-21 14:09:19] [MXHBHLql++dE06Vn0bNSWIgOHv0=] [TeamSpeakUser] Checking offline messages for client
[2025-08-21 14:09:19] [MXHBHLql++dE06Vn0bNSWIgOHv0=] [TeamSpeakUser] No offline messages found
[2025-08-21 14:10:28] [aiN5B9rHfiErxj93j/0peSijECw=] [TeamSpeakUser1] Checking offline messages for client
[2025-08-21 14:10:28] [aiN5B9rHfiErxj93j/0peSijECw=] [TeamSpeakUser1] No offline messages found
[2025-08-21 14:17:59] [e1vImF/pvh7c+66eD1lHGlZ9N08=] [Fornax013] Checking offline messages for client
[2025-08-21 14:17:59] [e1vImF/pvh7c+66eD1lHGlZ9N08=] [Fornax013] No offline messages found
[2025-08-21 14:18:37] [Vs8EKOeGeChef1noyNgJsKO0AH0=] [freakshow322] Checking offline messages for client
[2025-08-21 14:18:37] [Vs8EKOeGeChef1noyNgJsKO0AH0=] [freakshow322] No offline messages found
[2025-08-21 14:19:14] [2/2mcOpMksFEPGXN57d1wqtfG5A=] [GunMag] Checking offline messages for client
[2025-08-21 14:19:14] [2/2mcOpMksFEPGXN57d1wqtfG5A=] [GunMag] No offline messages found
[2025-08-21 14:19:14] [2/2mcOpMksFEPGXN57d1wqtfG5A=] [GunMag] Checking offline messages for client
[2025-08-21 14:19:14] [2/2mcOpMksFEPGXN57d1wqtfG5A=] [GunMag] No offline messages found
[2025-08-21 14:19:15] [2/2mcOpMksFEPGXN57d1wqtfG5A=] [GunMag] Checking offline messages for client
[2025-08-21 14:19:15] [2/2mcOpMksFEPGXN57d1wqtfG5A=] [GunMag] No offline messages found
[2025-08-21 14:19:49] [vLgVft5e9BARLqqbeBlVX0sMlpk=] [BlackDemoN (Dimon)] Checking offline messages for client
[2025-08-21 14:19:49] [vLgVft5e9BARLqqbeBlVX0sMlpk=] [BlackDemoN (Dimon)] No offline messages found
[2025-08-21 14:25:43] [rrFteaYAWPrQHu1180PxQxKeozg=] [Gomba] Checking offline messages for client
[2025-08-21 14:25:43] [rrFteaYAWPrQHu1180PxQxKeozg=] [Gomba] No offline messages found
[2025-08-21 14:25:47] [x5NWjjSsshVzCfkox/peFi8iwwM=] [pzdcvsenikizanyati] Checking offline messages for client
[2025-08-21 14:25:47] [x5NWjjSsshVzCfkox/peFi8iwwM=] [pzdcvsenikizanyati] No offline messages found
[2025-08-21 14:29:37] [HN5pYtlIXELllELcmptWdbT2sGg=] [Ngfhtly] Checking offline messages for client
[2025-08-21 14:29:37] [HN5pYtlIXELllELcmptWdbT2sGg=] [Ngfhtly] No offline messages found
[2025-08-21 14:31:18] [ojA0oCdDqBgeaZUGP9f5Rup/9Jo=] [jiggly] Checking offline messages for client
[2025-08-21 14:31:18] [ojA0oCdDqBgeaZUGP9f5Rup/9Jo=] [jiggly] No offline messages found
[2025-08-21 14:31:19] [ojA0oCdDqBgeaZUGP9f5Rup/9Jo=] [jiggly] Checking offline messages for client
[2025-08-21 14:31:19] [ojA0oCdDqBgeaZUGP9f5Rup/9Jo=] [jiggly] No offline messages found
[2025-08-21 14:31:19] [ojA0oCdDqBgeaZUGP9f5Rup/9Jo=] [jiggly] Checking offline messages for client
[2025-08-21 14:31:19] [ojA0oCdDqBgeaZUGP9f5Rup/9Jo=] [jiggly] No offline messages found
[2025-08-21 14:31:19] [ojA0oCdDqBgeaZUGP9f5Rup/9Jo=] [jiggly] Checking offline messages for client
[2025-08-21 14:31:19] [ojA0oCdDqBgeaZUGP9f5Rup/9Jo=] [jiggly] No offline messages found
[2025-08-21 14:34:56] [TvTOgNTiqjm7swE0hlAPFfwQ3DU=] [Sculaccia troie] Checking offline messages for client
[2025-08-21 14:34:56] [TvTOgNTiqjm7swE0hlAPFfwQ3DU=] [Sculaccia troie] No offline messages found
[2025-08-21 14:42:47] [TVYDqloG40AolgKZE51r8Arz5Ig=] [TeamSpeakUser2] Checking offline messages for client
[2025-08-21 14:42:47] [TVYDqloG40AolgKZE51r8Arz5Ig=] [TeamSpeakUser2] No offline messages found
[2025-08-21 14:49:22] [gsj6h/KEd/DHKkchUIzFQWgOAHQ=] [malizizi] Checking offline messages for client
[2025-08-21 14:49:22] [gsj6h/KEd/DHKkchUIzFQWgOAHQ=] [malizizi] No offline messages found
[2025-08-21 14:59:02] [hBuNRx7tatLbgdRUYtizU91b9ds=] [Fantaz4] Checking offline messages for client
[2025-08-21 14:59:02] [hBuNRx7tatLbgdRUYtizU91b9ds=] [Fantaz4] No offline messages found
[2025-08-21 15:03:49] [SP3cu3xpQvlFCDDE9AOphl9tpIM=] [haughty66] Checking offline messages for client
[2025-08-21 15:03:49] [SP3cu3xpQvlFCDDE9AOphl9tpIM=] [haughty66] No offline messages found
[2025-08-21 15:06:51] [x5NWjjSsshVzCfkox/peFi8iwwM=] [pzdcvsenikizanyati] Checking offline messages for client
[2025-08-21 15:06:51] [x5NWjjSsshVzCfkox/peFi8iwwM=] [pzdcvsenikizanyati] No offline messages found
[2025-08-21 15:15:24] [TVYDqloG40AolgKZE51r8Arz5Ig=] [TeamSpeakUser1] Checking offline messages for client
[2025-08-21 15:15:24] [TVYDqloG40AolgKZE51r8Arz5Ig=] [TeamSpeakUser1] No offline messages found
[2025-08-21 15:17:55] [U7n5f9f5UuEO8R3R6uqCVlhuqkM=] [Hisoka] Checking offline messages for client
[2025-08-21 15:17:55] [U7n5f9f5UuEO8R3R6uqCVlhuqkM=] [Hisoka] No offline messages found
[2025-08-21 15:20:13] [ZRJE0ISA13RmnFcasOlw68BVsNY=] [F4funder] Checking offline messages for client
[2025-08-21 15:20:13] [ZRJE0ISA13RmnFcasOlw68BVsNY=] [F4funder] No offline messages found
[2025-08-21 15:20:43] [O5m/9n1i86oftudZudBycDiAbAY=] [kaito] Checking offline messages for client
[2025-08-21 15:20:43] [O5m/9n1i86oftudZudBycDiAbAY=] [kaito] No offline messages found
[2025-08-21 15:23:42] [U7n5f9f5UuEO8R3R6uqCVlhuqkM=] [Hisoka] Checking offline messages for client
[2025-08-21 15:23:42] [U7n5f9f5UuEO8R3R6uqCVlhuqkM=] [Hisoka] No offline messages found
[2025-08-21 15:25:50] [8GrL7TtsAwbkPA/fi0CnWV4xJo0=] [ivo] Checking offline messages for client
[2025-08-21 15:25:50] [8GrL7TtsAwbkPA/fi0CnWV4xJo0=] [ivo] No offline messages found
[2025-08-21 15:27:33] [7racCOlgFtUjVFSP+fuELSON6/A=] [bomb1k04] Checking offline messages for client
[2025-08-21 15:27:33] [7racCOlgFtUjVFSP+fuELSON6/A=] [bomb1k04] No offline messages found
[2025-08-21 15:28:07] [O5m/9n1i86oftudZudBycDiAbAY=] [kaito] Checking offline messages for client
[2025-08-21 15:28:07] [O5m/9n1i86oftudZudBycDiAbAY=] [kaito] No offline messages found
[2025-08-21 15:30:03] [AC87pO3YB+wvZ5G27tY2glDTG4M=] [andy76633] Checking offline messages for client
[2025-08-21 15:30:03] [AC87pO3YB+wvZ5G27tY2glDTG4M=] [andy76633] No offline messages found
[2025-08-21 15:30:35] [TWI+XXGLu2pwzCW3cEOZstlE9X4=] [FlavianFCP] Checking offline messages for client
[2025-08-21 15:30:35] [TWI+XXGLu2pwzCW3cEOZstlE9X4=] [FlavianFCP] No offline messages found
[2025-08-21 15:33:54] [5Cfz/JcmU+yRI4XMWzlwoW99x0Q=] [qsebassq] Checking offline messages for client
[2025-08-21 15:33:54] [5Cfz/JcmU+yRI4XMWzlwoW99x0Q=] [qsebassq] No offline messages found
[2025-08-21 15:35:44] [yNFUjD+LJEqojKPPlPGtCAVEYRU=] [Боцман777] Checking offline messages for client
[2025-08-21 15:35:44] [yNFUjD+LJEqojKPPlPGtCAVEYRU=] [Боцман777] No offline messages found
[2025-08-21 15:40:07] [rJktjMb/Ocsy1SH9iGlPM2seUxk=] [1ongxu] Checking offline messages for client
[2025-08-21 15:40:07] [rJktjMb/Ocsy1SH9iGlPM2seUxk=] [1ongxu] No offline messages found
[2025-08-21 15:44:28] [hBuNRx7tatLbgdRUYtizU91b9ds=] [Fantaz4] Checking offline messages for client
[2025-08-21 15:44:28] [hBuNRx7tatLbgdRUYtizU91b9ds=] [Fantaz4] No offline messages found
[2025-08-21 15:48:41] [/RAzcpvI3kkRHrR2/6cu+vbbL7E=] [HELLKEEPER] Checking offline messages for client
[2025-08-21 15:48:41] [/RAzcpvI3kkRHrR2/6cu+vbbL7E=] [HELLKEEPER] No offline messages found
[2025-08-21 15:50:23] [woTiXQ7QPYJfDTRf72dh6a5csUg=] [Kotek] Checking offline messages for client
[2025-08-21 15:50:23] [woTiXQ7QPYJfDTRf72dh6a5csUg=] [Kotek] No offline messages found
[2025-08-21 15:50:45] [pa4EomUE5xzFSB9tc7CilmX3NTU=] [Imprii] Checking offline messages for client
[2025-08-21 15:50:45] [pa4EomUE5xzFSB9tc7CilmX3NTU=] [Imprii] No offline messages found
[2025-08-21 15:56:39] [m3jwrJafD7Z1HcDm7lAZbGqtROY=] [Zi←ِô] Checking offline messages for client
[2025-08-21 15:56:39] [m3jwrJafD7Z1HcDm7lAZbGqtROY=] [Zi←ِô] No offline messages found
[2025-08-21 15:57:04] [Nqv8skHKThXJuDP8kehWibXwql8=] [TeamSpeakUser2] Checking offline messages for client
[2025-08-21 15:57:04] [Nqv8skHKThXJuDP8kehWibXwql8=] [TeamSpeakUser2] No offline messages found
[2025-08-21 16:03:33] [5B+EB94xrwmIjHS7SOs7ZO52NeM=] [dzale] Checking offline messages for client
[2025-08-21 16:03:33] [5B+EB94xrwmIjHS7SOs7ZO52NeM=] [dzale] No offline messages found
[2025-08-21 16:12:17] [ow+Zi/O4SnJIvwHosoZ7zIvOOK8=] [shinigami] Checking offline messages for client
[2025-08-21 16:12:17] [ow+Zi/O4SnJIvwHosoZ7zIvOOK8=] [shinigami] No offline messages found
[2025-08-21 16:28:14] [ByxgeD5C1pEwB1SnnSzEOrDDDM4=] [caeciliae] Checking offline messages for client
[2025-08-21 16:28:14] [ByxgeD5C1pEwB1SnnSzEOrDDDM4=] [caeciliae] No offline messages found
[2025-08-21 16:28:15] [tYPVHd7ZlSgv4rxjYjaAB228Jz0=] [Crash] Checking offline messages for client
[2025-08-21 16:28:15] [tYPVHd7ZlSgv4rxjYjaAB228Jz0=] [Crash] No offline messages found
[2025-08-21 16:49:20] [675wO5ssJtQbFw+9qXHexPjHNYM=] [Nevskiiiy] Checking offline messages for client
[2025-08-21 16:49:20] [675wO5ssJtQbFw+9qXHexPjHNYM=] [Nevskiiiy] No offline messages found
[2025-08-21 16:53:44] [OnyFNlLSRn5WExnVSStquo7sjMA=] [ПожилаяОстановка] Checking offline messages for client
[2025-08-21 16:53:44] [OnyFNlLSRn5WExnVSStquo7sjMA=] [ПожилаяОстановка] No offline messages found
[2025-08-21 17:02:14] [RBwh+hLI7qM/5sBbq4UPaExpE30=] [Druid Сrow 🦅] Checking offline messages for client
[2025-08-21 17:02:14] [RBwh+hLI7qM/5sBbq4UPaExpE30=] [Druid Сrow 🦅] No offline messages found
[2025-08-21 17:08:02] [X6E5/N6c4x3DmVvfM1A7J4pIjC0=] [Omar] Checking offline messages for client
[2025-08-21 17:08:02] [X6E5/N6c4x3DmVvfM1A7J4pIjC0=] [Omar] No offline messages found
[2025-08-21 17:09:40] [58AYVhKU7/69d27oB56ASAeuPo8=] [sem94ko] Checking offline messages for client
[2025-08-21 17:09:40] [58AYVhKU7/69d27oB56ASAeuPo8=] [sem94ko] No offline messages found
[2025-08-21 17:14:27] [yH7+WUTO9a0edxQG10YKRSCiFog=] [Angry] Checking offline messages for client
[2025-08-21 17:14:27] [yH7+WUTO9a0edxQG10YKRSCiFog=] [Angry] No offline messages found
[2025-08-21 17:18:02] [eNxiZDOeggdj95ZNvuM5yeobkrU=] [Etienne] Checking offline messages for client
[2025-08-21 17:18:02] [eNxiZDOeggdj95ZNvuM5yeobkrU=] [Etienne] No offline messages found
[2025-08-21 17:20:52] [WqJ7G2qJdQ8kspL597ANASGN6Qc=] [леха] Checking offline messages for client
[2025-08-21 17:20:52] [WqJ7G2qJdQ8kspL597ANASGN6Qc=] [леха] No offline messages found
[2025-08-21 17:21:00] [WqJ7G2qJdQ8kspL597ANASGN6Qc=] [леха] Checking offline messages for client
[2025-08-21 17:21:00] [WqJ7G2qJdQ8kspL597ANASGN6Qc=] [леха] No offline messages found
[2025-08-21 17:21:12] [WqJ7G2qJdQ8kspL597ANASGN6Qc=] [леха] Checking offline messages for client
[2025-08-21 17:21:12] [WqJ7G2qJdQ8kspL597ANASGN6Qc=] [леха] No offline messages found
[2025-08-21 17:22:34] [1fLfTv7a7WCXSiKCcl/56zaOGH4=] [TeamSpeakUser] Checking offline messages for client
[2025-08-21 17:22:34] [1fLfTv7a7WCXSiKCcl/56zaOGH4=] [TeamSpeakUser] No offline messages found
[2025-08-21 17:27:20] [OtB8/Fi/zTqtCmvCEOm37xd//Ys=] [poo] Checking offline messages for client
[2025-08-21 17:27:20] [OtB8/Fi/zTqtCmvCEOm37xd//Ys=] [poo] No offline messages found
[2025-08-21 17:37:15] [AVTxIqu/DQ320nFRqEutHoYujIc=] [Clappen] Checking offline messages for client
[2025-08-21 17:37:15] [AVTxIqu/DQ320nFRqEutHoYujIc=] [Clappen] No offline messages found
[2025-08-21 17:37:16] [hoJEGIcZ4k52EyDlS/oBdQTor58=] [T-Dány] Checking offline messages for client
[2025-08-21 17:37:16] [hoJEGIcZ4k52EyDlS/oBdQTor58=] [T-Dány] No offline messages found
[2025-08-21 17:37:18] [hoJEGIcZ4k52EyDlS/oBdQTor58=] [T-Dány] Checking offline messages for client
[2025-08-21 17:37:18] [hoJEGIcZ4k52EyDlS/oBdQTor58=] [T-Dány] No offline messages found
[2025-08-21 17:37:19] [hoJEGIcZ4k52EyDlS/oBdQTor58=] [T-Dány] Checking offline messages for client
[2025-08-21 17:37:19] [hoJEGIcZ4k52EyDlS/oBdQTor58=] [T-Dány] No offline messages found
[2025-08-21 17:37:51] [nZ136WiLZ97XVdP+cTRnE+WRCAk=] [andibandi] Checking offline messages for client
[2025-08-21 17:37:51] [nZ136WiLZ97XVdP+cTRnE+WRCAk=] [andibandi] No offline messages found
[2025-08-21 17:40:43] [+vVe9y7KDRV9mBOqgGxIE3TldlI=] [Fullfunny] Checking offline messages for client
[2025-08-21 17:40:43] [+vVe9y7KDRV9mBOqgGxIE3TldlI=] [Fullfunny] No offline messages found
[2025-08-21 17:42:18] [DxUY9WGRy+4NWNGeVQSKXB8JRcs=] [TeamSpeakUser] Checking offline messages for client
[2025-08-21 17:42:18] [DxUY9WGRy+4NWNGeVQSKXB8JRcs=] [TeamSpeakUser] No offline messages found
[2025-08-21 17:48:12] [rrTDly+wbI1ShHT7BKYp/NNA8Hk=] [vladimirrr666] Checking offline messages for client
[2025-08-21 17:48:12] [rrTDly+wbI1ShHT7BKYp/NNA8Hk=] [vladimirrr666] No offline messages found
[2025-08-21 17:48:12] [rrTDly+wbI1ShHT7BKYp/NNA8Hk=] [vladimirrr666] Checking offline messages for client
[2025-08-21 17:48:12] [rrTDly+wbI1ShHT7BKYp/NNA8Hk=] [vladimirrr666] No offline messages found
[2025-08-21 17:48:13] [rrTDly+wbI1ShHT7BKYp/NNA8Hk=] [vladimirrr666] Checking offline messages for client
[2025-08-21 17:48:13] [rrTDly+wbI1ShHT7BKYp/NNA8Hk=] [vladimirrr666] No offline messages found
[2025-08-21 17:48:40] [jaUCj+Uv7L1sajKWU+COZSHb2tk=] [wuMjaso] Checking offline messages for client
[2025-08-21 17:48:40] [jaUCj+Uv7L1sajKWU+COZSHb2tk=] [wuMjaso] No offline messages found
[2025-08-21 17:48:51] [ZAS1Qa3JZmWP+2XDQpEw/wr7fVU=] [TeamSpeakUser] Checking offline messages for client
[2025-08-21 17:48:51] [ZAS1Qa3JZmWP+2XDQpEw/wr7fVU=] [TeamSpeakUser] No offline messages found
[2025-08-21 17:49:29] [nDx9cx4LUAPKCAWQfGGT0ObZmSo=] [TeamSpeakUser2] Checking offline messages for client
[2025-08-21 17:49:29] [nDx9cx4LUAPKCAWQfGGT0ObZmSo=] [TeamSpeakUser2] No offline messages found
[2025-08-21 17:53:38] [E/WzWDbd4b4/yOJBbiQyh+P90Ow=] [papricka22] Checking offline messages for client
[2025-08-21 17:53:38] [E/WzWDbd4b4/yOJBbiQyh+P90Ow=] [papricka22] No offline messages found
[2025-08-21 18:09:15] [4K1JM3gWxWDRwefuj7WYFwSS2W8=] [Cpt.BORODA] Checking offline messages for client
[2025-08-21 18:09:15] [4K1JM3gWxWDRwefuj7WYFwSS2W8=] [Cpt.BORODA] No offline messages found
[2025-08-21 18:09:35] [hUjMcppeZYeQG89H1ehSTqHW6iQ=] [Hydrastarke] Checking offline messages for client
[2025-08-21 18:09:35] [hUjMcppeZYeQG89H1ehSTqHW6iQ=] [Hydrastarke] No offline messages found
[2025-08-21 18:10:46] [N3i0JuxOQc+NzDJpdz3cD/gAtqQ=] [yondera] Checking offline messages for client
[2025-08-21 18:10:46] [N3i0JuxOQc+NzDJpdz3cD/gAtqQ=] [yondera] No offline messages found
[2025-08-21 18:11:45] [WGzvrTjhvX+LUyaS4uEMm3GhPAA=] [Kubalke1337] Checking offline messages for client
[2025-08-21 18:11:45] [WGzvrTjhvX+LUyaS4uEMm3GhPAA=] [Kubalke1337] No offline messages found
[2025-08-21 18:12:06] [+eY62p4z2Yc8MBABvp55HWZZJ18=] [saulov] Checking offline messages for client
[2025-08-21 18:12:06] [+eY62p4z2Yc8MBABvp55HWZZJ18=] [saulov] No offline messages found
[2025-08-21 18:12:12] [GEU37E0d0h/O3TZPYkwezxe9Y9I=] [Szmedi] Checking offline messages for client
[2025-08-21 18:12:12] [GEU37E0d0h/O3TZPYkwezxe9Y9I=] [Szmedi] No offline messages found
[2025-08-21 18:18:04] [lPq8Y8B1JOHL6QoSGZDwJ6xzT7Q=] [vata] Checking offline messages for client
[2025-08-21 18:18:04] [lPq8Y8B1JOHL6QoSGZDwJ6xzT7Q=] [vata] No offline messages found
[2025-08-21 18:19:59] [KFC4p7p3OMaXjE8AoB5PcIP8224=] [Gnomass12] Checking offline messages for client
[2025-08-21 18:19:59] [KFC4p7p3OMaXjE8AoB5PcIP8224=] [Gnomass12] No offline messages found
[2025-08-21 18:24:41] [4m0mDvr/cLcAgFAyZjFVru6dWeY=] [Maks1m_K] Checking offline messages for client
[2025-08-21 18:24:41] [4m0mDvr/cLcAgFAyZjFVru6dWeY=] [Maks1m_K] No offline messages found
[2025-08-21 18:27:19] [5B+EB94xrwmIjHS7SOs7ZO52NeM=] [dzale] Checking offline messages for client
[2025-08-21 18:27:19] [5B+EB94xrwmIjHS7SOs7ZO52NeM=] [dzale] No offline messages found
[2025-08-21 18:28:14] [2+DmQTa9Tjq/AVbcxUpNfvFsgcE=] [Scaryslav] Checking offline messages for client
[2025-08-21 18:28:14] [2+DmQTa9Tjq/AVbcxUpNfvFsgcE=] [Scaryslav] No offline messages found
[2025-08-21 18:33:14] [/X/YscS42PrkRmrqan8JIui/IVI=] [pashokey] Checking offline messages for client
[2025-08-21 18:33:14] [/X/YscS42PrkRmrqan8JIui/IVI=] [pashokey] No offline messages found
[2025-08-21 18:33:16] [/X/YscS42PrkRmrqan8JIui/IVI=] [pashokey] Checking offline messages for client
[2025-08-21 18:33:16] [/X/YscS42PrkRmrqan8JIui/IVI=] [pashokey] No offline messages found
[2025-08-21 18:33:17] [/X/YscS42PrkRmrqan8JIui/IVI=] [pashokey] Checking offline messages for client
[2025-08-21 18:33:17] [/X/YscS42PrkRmrqan8JIui/IVI=] [pashokey] No offline messages found
[2025-08-21 18:37:04] [z2xC1vtKzHQsTBLpIQiZ8D6kuGs=] [GoVVVno] Checking offline messages for client
[2025-08-21 18:37:04] [z2xC1vtKzHQsTBLpIQiZ8D6kuGs=] [GoVVVno] No offline messages found
[2025-08-21 18:41:15] [5+2sKWQlSDhbb9PYSrEocWEifU8=] [hojjat] Checking offline messages for client
[2025-08-21 18:41:15] [5+2sKWQlSDhbb9PYSrEocWEifU8=] [hojjat] No offline messages found
[2025-08-21 18:42:12] [7HELtDi/SPhos2m/eS32yemO0YQ=] [Caeser] Checking offline messages for client
[2025-08-21 18:42:12] [7HELtDi/SPhos2m/eS32yemO0YQ=] [Caeser] No offline messages found
[2025-08-21 18:45:56] [5+2sKWQlSDhbb9PYSrEocWEifU8=] [hojjat] Checking offline messages for client
[2025-08-21 18:45:56] [5+2sKWQlSDhbb9PYSrEocWEifU8=] [hojjat] No offline messages found
[2025-08-21 19:00:56] [uqXYs0NuFNRI93MrarkebvVvGoA=] [PRO_DUMAN] Checking offline messages for client
[2025-08-21 19:00:56] [uqXYs0NuFNRI93MrarkebvVvGoA=] [PRO_DUMAN] No offline messages found
[2025-08-21 19:02:26] [gPEwMQsGbjD2XeDaNYoG33CiyWI=] [-SnoxJ] Checking offline messages for client
[2025-08-21 19:02:26] [gPEwMQsGbjD2XeDaNYoG33CiyWI=] [-SnoxJ] No offline messages found
[2025-08-21 19:11:58] [WBs9EuR9sJkxgnopd34/B46BslQ=] [jajao] Checking offline messages for client
[2025-08-21 19:11:58] [WBs9EuR9sJkxgnopd34/B46BslQ=] [jajao] No offline messages found
[2025-08-21 19:11:59] [8GrL7TtsAwbkPA/fi0CnWV4xJo0=] [ivo] Checking offline messages for client
[2025-08-21 19:11:59] [8GrL7TtsAwbkPA/fi0CnWV4xJo0=] [ivo] No offline messages found
[2025-08-21 19:11:59] [8GrL7TtsAwbkPA/fi0CnWV4xJo0=] [ivo] Checking offline messages for client
[2025-08-21 19:11:59] [8GrL7TtsAwbkPA/fi0CnWV4xJo0=] [ivo] No offline messages found
[2025-08-21 19:12:23] [RkH91acmxA3cUuqBsMdwRLDQBxM=] [Avrelius33] Checking offline messages for client
[2025-08-21 19:12:23] [RkH91acmxA3cUuqBsMdwRLDQBxM=] [Avrelius33] No offline messages found
[2025-08-21 19:13:51] [sSaQZQwoOE4Ic0lLFVA3/PshhVs=] [DAMODARAN | Burak] Checking offline messages for client
[2025-08-21 19:13:51] [sSaQZQwoOE4Ic0lLFVA3/PshhVs=] [DAMODARAN | Burak] No offline messages found
[2025-08-21 19:14:21] [zAUbrBZBxQyqPpVDzr8o5nQHPwo=] [JustıamBamBam:MURAT] Checking offline messages for client
[2025-08-21 19:14:21] [zAUbrBZBxQyqPpVDzr8o5nQHPwo=] [JustıamBamBam:MURAT] No offline messages found
[2025-08-21 19:14:24] [/1c3hnIXOwjsXANFVcRWw1+gjKs=] [DayDreamEscape Mustafa] Checking offline messages for client
[2025-08-21 19:14:24] [/1c3hnIXOwjsXANFVcRWw1+gjKs=] [DayDreamEscape Mustafa] No offline messages found
[2025-08-21 19:15:12] [/1c3hnIXOwjsXANFVcRWw1+gjKs=] [DayDreamEscape Mustafa] Checking offline messages for client
[2025-08-21 19:15:12] [/1c3hnIXOwjsXANFVcRWw1+gjKs=] [DayDreamEscape Mustafa] No offline messages found
[2025-08-21 19:15:15] [zAUbrBZBxQyqPpVDzr8o5nQHPwo=] [JustıamBamBam:MURAT] Checking offline messages for client
[2025-08-21 19:15:15] [zAUbrBZBxQyqPpVDzr8o5nQHPwo=] [JustıamBamBam:MURAT] No offline messages found
[2025-08-21 19:15:32] [rAxvHfzR1LcyWLYDgNpfvmKh3Tc=] [Animepseh] Checking offline messages for client
[2025-08-21 19:15:32] [rAxvHfzR1LcyWLYDgNpfvmKh3Tc=] [Animepseh] No offline messages found
[2025-08-21 19:15:56] [zAUbrBZBxQyqPpVDzr8o5nQHPwo=] [JustıamBamBam:MURAT] Checking offline messages for client
[2025-08-21 19:15:56] [zAUbrBZBxQyqPpVDzr8o5nQHPwo=] [JustıamBamBam:MURAT] No offline messages found
[2025-08-21 19:16:43] [e71MvgnP1uW3mFYwoBWKchoVm+Q=] [TeamSpeakUser2] Checking offline messages for client
[2025-08-21 19:16:43] [e71MvgnP1uW3mFYwoBWKchoVm+Q=] [TeamSpeakUser2] No offline messages found
[2025-08-21 19:16:44] [eWJL3tMOri5CjkzfB9JCshAc1zw=] [Keep] Checking offline messages for client
[2025-08-21 19:16:44] [eWJL3tMOri5CjkzfB9JCshAc1zw=] [Keep] No offline messages found
[2025-08-21 19:16:44] [eWJL3tMOri5CjkzfB9JCshAc1zw=] [Keep] Checking offline messages for client
[2025-08-21 19:16:44] [eWJL3tMOri5CjkzfB9JCshAc1zw=] [Keep] No offline messages found
[2025-08-21 19:16:45] [eWJL3tMOri5CjkzfB9JCshAc1zw=] [Keep] Checking offline messages for client
[2025-08-21 19:16:45] [eWJL3tMOri5CjkzfB9JCshAc1zw=] [Keep] No offline messages found
[2025-08-21 19:17:10] [ZiuQ0IEqR+jgRchG96BmfYbi+Ww=] [Boom-Clash9/Timo] Checking offline messages for client
[2025-08-21 19:17:10] [ZiuQ0IEqR+jgRchG96BmfYbi+Ww=] [Boom-Clash9/Timo] No offline messages found
[2025-08-21 19:17:21] [157KL6nbvgzKYId8dWYGPfkn2rw=] [SHLYHA] Checking offline messages for client
[2025-08-21 19:17:21] [157KL6nbvgzKYId8dWYGPfkn2rw=] [SHLYHA] No offline messages found
[2025-08-21 19:18:39] [/1c3hnIXOwjsXANFVcRWw1+gjKs=] [DayDreamEscape Mustafa] Checking offline messages for client
[2025-08-21 19:18:39] [/1c3hnIXOwjsXANFVcRWw1+gjKs=] [DayDreamEscape Mustafa] No offline messages found
[2025-08-21 19:19:22] [bcSRnD/6oQFJA9yi8cZTsiSWeFQ=] [PalmaLFF] Checking offline messages for client
[2025-08-21 19:19:22] [bcSRnD/6oQFJA9yi8cZTsiSWeFQ=] [PalmaLFF] No offline messages found
[2025-08-21 19:21:54] [ZiuQ0IEqR+jgRchG96BmfYbi+Ww=] [Boom-Clash9/Timo] Checking offline messages for client
[2025-08-21 19:21:54] [ZiuQ0IEqR+jgRchG96BmfYbi+Ww=] [Boom-Clash9/Timo] No offline messages found
[2025-08-21 19:23:15] [AVTxIqu/DQ320nFRqEutHoYujIc=] [Clappen] Checking offline messages for client
[2025-08-21 19:23:15] [AVTxIqu/DQ320nFRqEutHoYujIc=] [Clappen] No offline messages found
[2025-08-21 19:23:23] [157KL6nbvgzKYId8dWYGPfkn2rw=] [SHLYHA] Checking offline messages for client
[2025-08-21 19:23:23] [157KL6nbvgzKYId8dWYGPfkn2rw=] [SHLYHA] No offline messages found
[2025-08-21 19:24:22] [FjvWluljyXAl76fTQUXQDhqEdXg=] [sima] Checking offline messages for client
[2025-08-21 19:24:22] [FjvWluljyXAl76fTQUXQDhqEdXg=] [sima] No offline messages found
[2025-08-21 19:29:09] [J59TlJOyXmeGAsjkHRqeI3rZA/8=] [SysmoUsercid=140] Checking offline messages for client
[2025-08-21 19:29:09] [J59TlJOyXmeGAsjkHRqeI3rZA/8=] [SysmoUsercid=140] No offline messages found
[2025-08-21 19:32:00] [e1vImF/pvh7c+66eD1lHGlZ9N08=] [Fornax013] Checking offline messages for client
[2025-08-21 19:32:00] [e1vImF/pvh7c+66eD1lHGlZ9N08=] [Fornax013] No offline messages found
[2025-08-21 19:32:50] [J59TlJOyXmeGAsjkHRqeI3rZA/8=] [SysmoUsercid=140] Checking offline messages for client
[2025-08-21 19:32:50] [J59TlJOyXmeGAsjkHRqeI3rZA/8=] [SysmoUsercid=140] No offline messages found
[2025-08-21 19:33:56] [UrEtXcp8O/VQlpgWLlmu83xsJb4=] [RePeek.me | Willi-Wonka] Checking offline messages for client
[2025-08-21 19:33:56] [UrEtXcp8O/VQlpgWLlmu83xsJb4=] [RePeek.me | Willi-Wonka] No offline messages found
[2025-08-21 19:34:45] [bc6/Gz0vy5hbrsgPJYekbhiQ3p0=] [TeamSpeakUser3] Checking offline messages for client
[2025-08-21 19:34:45] [bc6/Gz0vy5hbrsgPJYekbhiQ3p0=] [TeamSpeakUser3] No offline messages found
[2025-08-21 19:35:54] [tHKwZtfb/srt+Fd0YoD5SiAYdKo=] [Sim0] Checking offline messages for client
[2025-08-21 19:35:54] [tHKwZtfb/srt+Fd0YoD5SiAYdKo=] [Sim0] No offline messages found
[2025-08-21 19:36:06] [V+r2jqsObKVU67cAATQYjyj/oEk=] [Blood.born] Checking offline messages for client
[2025-08-21 19:36:06] [V+r2jqsObKVU67cAATQYjyj/oEk=] [Blood.born] No offline messages found
[2025-08-21 19:36:29] [DR3o8POrh+HEVt46IPGsL0gtMoA=] [TeamSpeakUser3] Checking offline messages for client
[2025-08-21 19:36:29] [DR3o8POrh+HEVt46IPGsL0gtMoA=] [TeamSpeakUser3] No offline messages found
[2025-08-21 19:43:00] [Vs8EKOeGeChef1noyNgJsKO0AH0=] [freakshow322] Checking offline messages for client
[2025-08-21 19:43:00] [Vs8EKOeGeChef1noyNgJsKO0AH0=] [freakshow322] No offline messages found
[2025-08-21 19:44:57] [+ttlqzKT1KXBjWOxKle28IMkPM4=] [danilass_perdolos] Checking offline messages for client
[2025-08-21 19:44:57] [+ttlqzKT1KXBjWOxKle28IMkPM4=] [danilass_perdolos] No offline messages found
[2025-08-21 19:46:03] [+qJf2aY4yKXhD4XSZ0NW3vIbF6M=] [Margoto] Checking offline messages for client
[2025-08-21 19:46:03] [+qJf2aY4yKXhD4XSZ0NW3vIbF6M=] [Margoto] No offline messages found
[2025-08-21 19:46:28] [GCtHHUBX5hElNzyQqR/Hnxt9Os4=] [Felontheteam] Checking offline messages for client
[2025-08-21 19:46:28] [GCtHHUBX5hElNzyQqR/Hnxt9Os4=] [Felontheteam] No offline messages found
[2025-08-21 19:47:04] [cm+zDw/4zDuQN120Qa8q1mW/fIQ=] [hudabin] Checking offline messages for client
[2025-08-21 19:47:04] [cm+zDw/4zDuQN120Qa8q1mW/fIQ=] [hudabin] No offline messages found
[2025-08-21 19:47:05] [Tl3Bg1zFfrOJ+IRWyJh5UAIJ+5o=] [Efkeyy] Checking offline messages for client
[2025-08-21 19:47:05] [Tl3Bg1zFfrOJ+IRWyJh5UAIJ+5o=] [Efkeyy] No offline messages found
[2025-08-21 19:47:06] [Tl3Bg1zFfrOJ+IRWyJh5UAIJ+5o=] [Efkeyy] Checking offline messages for client
[2025-08-21 19:47:06] [Tl3Bg1zFfrOJ+IRWyJh5UAIJ+5o=] [Efkeyy] No offline messages found
[2025-08-21 19:47:06] [Tl3Bg1zFfrOJ+IRWyJh5UAIJ+5o=] [Efkeyy] Checking offline messages for client
[2025-08-21 19:47:06] [Tl3Bg1zFfrOJ+IRWyJh5UAIJ+5o=] [Efkeyy] No offline messages found
[2025-08-21 19:47:53] [8xLiwptTc7JyFK8s8wRFlft2PKM=] [guwno w spodnie] Checking offline messages for client
[2025-08-21 19:47:53] [8xLiwptTc7JyFK8s8wRFlft2PKM=] [guwno w spodnie] No offline messages found
[2025-08-21 19:48:19] [NOm6Jnhbnx2jMqbXyStDQIyGEcg=] [TeamSpeakUser4] Checking offline messages for client
[2025-08-21 19:48:19] [NOm6Jnhbnx2jMqbXyStDQIyGEcg=] [TeamSpeakUser4] No offline messages found
[2025-08-21 19:49:40] [Yolrk0vLW7Jl+G3XWWoj32wvYHo=] [joyy] Checking offline messages for client
[2025-08-21 19:49:40] [Yolrk0vLW7Jl+G3XWWoj32wvYHo=] [joyy] Found 1 offline messages
[2025-08-21 19:49:42] [Yolrk0vLW7Jl+G3XWWoj32wvYHo=] [joyy] Sent poke message: Your private channel has been renumbered from #0 to #25 to maintain sorting order.
[2025-08-21 19:49:42] [Yolrk0vLW7Jl+G3XWWoj32wvYHo=] [joyy] Deleted 1 delivered messages from database
[2025-08-21 19:51:57] [V+r2jqsObKVU67cAATQYjyj/oEk=] [Blood.born] Checking offline messages for client
[2025-08-21 19:51:57] [V+r2jqsObKVU67cAATQYjyj/oEk=] [Blood.born] No offline messages found
[2025-08-21 19:52:44] [Di2MaUkDvWG/4yTOmNqIBWAhaIM=] [astraiser] Checking offline messages for client
[2025-08-21 19:52:44] [Di2MaUkDvWG/4yTOmNqIBWAhaIM=] [astraiser] No offline messages found
[2025-08-21 19:53:04] [3Qm52uCLUZIc6c98F1URQxZgosw=] [никочка_малышка] Checking offline messages for client
[2025-08-21 19:53:04] [3Qm52uCLUZIc6c98F1URQxZgosw=] [никочка_малышка] No offline messages found
[2025-08-21 19:54:03] [s5SoU0O6Mp2lEkoeWlMc2247gBk=] [don] Checking offline messages for client
[2025-08-21 19:54:03] [s5SoU0O6Mp2lEkoeWlMc2247gBk=] [don] No offline messages found
[2025-08-21 19:54:38] [MCH5CUuHw7qLHVegyroS34EN/pQ=] [PastA1] Checking offline messages for client
[2025-08-21 19:54:38] [MCH5CUuHw7qLHVegyroS34EN/pQ=] [PastA1] No offline messages found
[2025-08-21 19:54:46] [5hddc8haxgTOmC6YnU4i/CaEPsM=] [saadf] Checking offline messages for client
[2025-08-21 19:54:46] [5hddc8haxgTOmC6YnU4i/CaEPsM=] [saadf] No offline messages found
[2025-08-21 19:54:55] [KyHsGfKqosHV4Y7MxPl/QPHXGnU=] [oljas] Checking offline messages for client
[2025-08-21 19:54:55] [KyHsGfKqosHV4Y7MxPl/QPHXGnU=] [oljas] No offline messages found
[2025-08-21 19:55:05] [9RYhYLJQuz+5zxOjDqP3tBps2/o=] [EXOPUL] Checking offline messages for client
[2025-08-21 19:55:05] [9RYhYLJQuz+5zxOjDqP3tBps2/o=] [EXOPUL] No offline messages found
[2025-08-21 19:56:06] [aTU608DqdH6zZWct/ylCRTwxJGA=] [Nouleone] Checking offline messages for client
[2025-08-21 19:56:06] [aTU608DqdH6zZWct/ylCRTwxJGA=] [Nouleone] No offline messages found
[2025-08-21 19:56:06] [aTU608DqdH6zZWct/ylCRTwxJGA=] [Nouleone] Checking offline messages for client
[2025-08-21 19:56:06] [aTU608DqdH6zZWct/ylCRTwxJGA=] [Nouleone] No offline messages found
[2025-08-21 19:56:07] [aTU608DqdH6zZWct/ylCRTwxJGA=] [Nouleone] Checking offline messages for client
[2025-08-21 19:56:07] [aTU608DqdH6zZWct/ylCRTwxJGA=] [Nouleone] No offline messages found
[2025-08-21 19:58:26] [0XaSaJTqMDRG53r/L41NHA912Rw=] [pisun] Checking offline messages for client
[2025-08-21 19:58:26] [0XaSaJTqMDRG53r/L41NHA912Rw=] [pisun] No offline messages found
[2025-08-21 19:58:41] [jigm6/bUsOmXMFP8XUKRU6/MFsM=] [king] Checking offline messages for client
[2025-08-21 19:58:41] [jigm6/bUsOmXMFP8XUKRU6/MFsM=] [king] No offline messages found
[2025-08-21 19:59:00] [tDLqjTL4nwp2xEyMI5as9LKTL8A=] [Ox1codon] Checking offline messages for client
[2025-08-21 19:59:00] [tDLqjTL4nwp2xEyMI5as9LKTL8A=] [Ox1codon] No offline messages found
[2025-08-21 20:03:10] [0XIPokUUTEkn00muYiwnSCQJ4wM=] [credolls] Checking offline messages for client
[2025-08-21 20:03:10] [0XIPokUUTEkn00muYiwnSCQJ4wM=] [credolls] No offline messages found
[2025-08-21 20:04:42] [+vVe9y7KDRV9mBOqgGxIE3TldlI=] [Fullfunny] Checking offline messages for client
[2025-08-21 20:04:42] [+vVe9y7KDRV9mBOqgGxIE3TldlI=] [Fullfunny] No offline messages found
[2025-08-21 20:04:46] [OaGbqAfO2WfombCP5kMUjmY2SXg=] [Coolest] Checking offline messages for client
[2025-08-21 20:04:46] [OaGbqAfO2WfombCP5kMUjmY2SXg=] [Coolest] No offline messages found
[2025-08-21 20:04:46] [OaGbqAfO2WfombCP5kMUjmY2SXg=] [Coolest] Checking offline messages for client
[2025-08-21 20:04:46] [OaGbqAfO2WfombCP5kMUjmY2SXg=] [Coolest] No offline messages found
[2025-08-21 20:04:46] [OaGbqAfO2WfombCP5kMUjmY2SXg=] [Coolest] Checking offline messages for client
[2025-08-21 20:04:46] [OaGbqAfO2WfombCP5kMUjmY2SXg=] [Coolest] No offline messages found
[2025-08-21 20:06:45] [0Z2wqQcTx0kpb/KIf+NPkyv4b60=] [-W1LLL] Checking offline messages for client
[2025-08-21 20:06:45] [0Z2wqQcTx0kpb/KIf+NPkyv4b60=] [-W1LLL] No offline messages found
[2025-08-21 20:10:19] [c3ZeK0Ao+IacqBbjYwHaQ1Z+viM=] [jjjj] Checking offline messages for client
[2025-08-21 20:10:19] [c3ZeK0Ao+IacqBbjYwHaQ1Z+viM=] [jjjj] No offline messages found
[2025-08-21 20:11:05] [v4HBviZ5MpnDpeG8hecQkotPVk4=] [TeamSpeakUser] Checking offline messages for client
[2025-08-21 20:11:05] [v4HBviZ5MpnDpeG8hecQkotPVk4=] [TeamSpeakUser] No offline messages found
[2025-08-21 20:12:22] [sZQPfAhKNyJnHG1VTlCSqp382GY=] [GSavio] Checking offline messages for client
[2025-08-21 20:12:22] [sZQPfAhKNyJnHG1VTlCSqp382GY=] [GSavio] No offline messages found
[2025-08-21 20:12:26] [ayHUOzBuuInw8J/HHBAIDIq0cYY=] [bohun ivan] Checking offline messages for client
[2025-08-21 20:12:26] [ayHUOzBuuInw8J/HHBAIDIq0cYY=] [bohun ivan] No offline messages found
[2025-08-21 20:19:40] [mzyomdFd6dTznPPQfucSGz+tEiM=] [Antonio] Checking offline messages for client
[2025-08-21 20:19:40] [mzyomdFd6dTznPPQfucSGz+tEiM=] [Antonio] No offline messages found
[2025-08-21 20:20:15] [DbDDAQrzPag5dY/8KYh06dmBbvw=] [butcher] Checking offline messages for client
[2025-08-21 20:20:15] [DbDDAQrzPag5dY/8KYh06dmBbvw=] [butcher] No offline messages found
[2025-08-21 20:21:06] [c3ZeK0Ao+IacqBbjYwHaQ1Z+viM=] [jjjj] Checking offline messages for client
[2025-08-21 20:21:06] [c3ZeK0Ao+IacqBbjYwHaQ1Z+viM=] [jjjj] No offline messages found
[2025-08-21 20:21:07] [c3ZeK0Ao+IacqBbjYwHaQ1Z+viM=] [jjjj] Checking offline messages for client
[2025-08-21 20:21:07] [c3ZeK0Ao+IacqBbjYwHaQ1Z+viM=] [jjjj] No offline messages found
[2025-08-21 20:21:07] [c3ZeK0Ao+IacqBbjYwHaQ1Z+viM=] [jjjj] Checking offline messages for client
[2025-08-21 20:21:07] [c3ZeK0Ao+IacqBbjYwHaQ1Z+viM=] [jjjj] No offline messages found
[2025-08-21 20:22:36] [4K1JM3gWxWDRwefuj7WYFwSS2W8=] [Cpt.BORODA] Checking offline messages for client
[2025-08-21 20:22:36] [4K1JM3gWxWDRwefuj7WYFwSS2W8=] [Cpt.BORODA] No offline messages found
[2025-08-21 20:24:12] [4E896wDSmJ8m6QyPTb8WNx7UKxM=] [Groff] Checking offline messages for client
[2025-08-21 20:24:12] [4E896wDSmJ8m6QyPTb8WNx7UKxM=] [Groff] No offline messages found
[2025-08-21 20:24:13] [4E896wDSmJ8m6QyPTb8WNx7UKxM=] [Groff] Checking offline messages for client
[2025-08-21 20:24:13] [4E896wDSmJ8m6QyPTb8WNx7UKxM=] [Groff] No offline messages found
[2025-08-21 20:24:13] [4E896wDSmJ8m6QyPTb8WNx7UKxM=] [Groff] Checking offline messages for client
[2025-08-21 20:24:13] [4E896wDSmJ8m6QyPTb8WNx7UKxM=] [Groff] No offline messages found
[2025-08-21 20:24:13] [4E896wDSmJ8m6QyPTb8WNx7UKxM=] [Groff] Checking offline messages for client
[2025-08-21 20:24:13] [4E896wDSmJ8m6QyPTb8WNx7UKxM=] [Groff] No offline messages found
[2025-08-21 20:26:34] [c1DKptRIgeEdNE4vaOwp+RPxIW0=] [Baboli] Checking offline messages for client
[2025-08-21 20:26:34] [c1DKptRIgeEdNE4vaOwp+RPxIW0=] [Baboli] No offline messages found
[2025-08-21 20:27:18] [tHKwZtfb/srt+Fd0YoD5SiAYdKo=] [Sim0] Checking offline messages for client
[2025-08-21 20:27:18] [tHKwZtfb/srt+Fd0YoD5SiAYdKo=] [Sim0] No offline messages found
[2025-08-21 20:27:21] [QpM/DDuHjr7OlO4/US1/67OWgdA=] [koufix] Checking offline messages for client
[2025-08-21 20:27:21] [QpM/DDuHjr7OlO4/US1/67OWgdA=] [koufix] No offline messages found
[2025-08-21 20:27:21] [QpM/DDuHjr7OlO4/US1/67OWgdA=] [koufix] Checking offline messages for client
[2025-08-21 20:27:21] [QpM/DDuHjr7OlO4/US1/67OWgdA=] [koufix] No offline messages found
[2025-08-21 20:27:25] [6SrtG4VVHsx9hBu39SyTJEvD7Tc=] [Князь Вандал Новгородский] Checking offline messages for client
[2025-08-21 20:27:25] [6SrtG4VVHsx9hBu39SyTJEvD7Tc=] [Князь Вандал Новгородский] No offline messages found
[2025-08-21 20:27:30] [xiNrZG6HSOENN9HT42NqMU0htQc=] [TeamSpeakUser4] Checking offline messages for client
[2025-08-21 20:27:30] [xiNrZG6HSOENN9HT42NqMU0htQc=] [TeamSpeakUser4] No offline messages found
[2025-08-21 20:27:43] [bebLlHmNFiDOULwzFR3g03H4GHg=] [СИСЯ] Checking offline messages for client
[2025-08-21 20:27:43] [bebLlHmNFiDOULwzFR3g03H4GHg=] [СИСЯ] No offline messages found
[2025-08-21 20:27:46] [c1DKptRIgeEdNE4vaOwp+RPxIW0=] [Baboli] Checking offline messages for client
[2025-08-21 20:27:46] [c1DKptRIgeEdNE4vaOwp+RPxIW0=] [Baboli] No offline messages found
[2025-08-21 20:27:47] [c1DKptRIgeEdNE4vaOwp+RPxIW0=] [Baboli] Checking offline messages for client
[2025-08-21 20:27:47] [c1DKptRIgeEdNE4vaOwp+RPxIW0=] [Baboli] No offline messages found
[2025-08-21 20:27:47] [c1DKptRIgeEdNE4vaOwp+RPxIW0=] [Baboli] Checking offline messages for client
[2025-08-21 20:27:47] [c1DKptRIgeEdNE4vaOwp+RPxIW0=] [Baboli] No offline messages found
[2025-08-21 20:27:56] [N3i0JuxOQc+NzDJpdz3cD/gAtqQ=] [yondera] Checking offline messages for client
[2025-08-21 20:27:56] [N3i0JuxOQc+NzDJpdz3cD/gAtqQ=] [yondera] No offline messages found
[2025-08-21 20:29:25] [u/wzYW79e2HUgHcLocth30j5UKg=] [Ax`Lim] Checking offline messages for client
[2025-08-21 20:29:25] [u/wzYW79e2HUgHcLocth30j5UKg=] [Ax`Lim] No offline messages found
[2025-08-21 20:29:46] [9s59R1R1a1eZoQNYdXaHdO8F/IM=] [awegawg] Checking offline messages for client
[2025-08-21 20:29:46] [9s59R1R1a1eZoQNYdXaHdO8F/IM=] [awegawg] No offline messages found
[2025-08-21 20:30:01] [gsj6h/KEd/DHKkchUIzFQWgOAHQ=] [malizizi] Checking offline messages for client
[2025-08-21 20:30:01] [gsj6h/KEd/DHKkchUIzFQWgOAHQ=] [malizizi] No offline messages found
[2025-08-21 20:30:35] [v8d0S2VwxhW09HTFPSJZmdATS9s=] [lokmannnnnn] Checking offline messages for client
[2025-08-21 20:30:35] [v8d0S2VwxhW09HTFPSJZmdATS9s=] [lokmannnnnn] No offline messages found
[2025-08-21 20:32:06] [zQBV+zr0os6YT3ktHjBJZW0cRd8=] [Tufix] Checking offline messages for client
[2025-08-21 20:32:06] [zQBV+zr0os6YT3ktHjBJZW0cRd8=] [Tufix] No offline messages found
[2025-08-21 20:33:45] [2Lx63FxcyvHlLbs3Khbo5bJe6mY=] [Last] Checking offline messages for client
[2025-08-21 20:33:45] [2Lx63FxcyvHlLbs3Khbo5bJe6mY=] [Last] No offline messages found
[2025-08-21 20:34:46] [6loDKB5pFq9h9EZ8lWJAl1sRiNA=] [kagixxx] Checking offline messages for client
[2025-08-21 20:34:46] [6loDKB5pFq9h9EZ8lWJAl1sRiNA=] [kagixxx] No offline messages found
[2025-08-21 20:37:49] [ce+bIEq8ZnLnCl9tT9p/1sxebxI=] [TeamSpeakUser5] Checking offline messages for client
[2025-08-21 20:37:49] [ce+bIEq8ZnLnCl9tT9p/1sxebxI=] [TeamSpeakUser5] No offline messages found
[2025-08-21 20:39:14] [g1JU8ul1Jjrjq99plQHb48uB164=] [tasaru] Checking offline messages for client
[2025-08-21 20:39:14] [g1JU8ul1Jjrjq99plQHb48uB164=] [tasaru] No offline messages found
[2025-08-21 20:39:51] [vaVe9/FEOzRhyvw7CafJOhyBI0o=] [Em1roff] Checking offline messages for client
[2025-08-21 20:39:51] [vaVe9/FEOzRhyvw7CafJOhyBI0o=] [Em1roff] No offline messages found
[2025-08-21 20:40:14] [rrFteaYAWPrQHu1180PxQxKeozg=] [Gomba] Checking offline messages for client
[2025-08-21 20:40:14] [rrFteaYAWPrQHu1180PxQxKeozg=] [Gomba] No offline messages found
[2025-08-21 20:43:11] [ymFdwDlKTCkNO9T00Dc3n9/jeec=] [RedSkull_TR] Checking offline messages for client
[2025-08-21 20:43:11] [ymFdwDlKTCkNO9T00Dc3n9/jeec=] [RedSkull_TR] No offline messages found
[2025-08-21 20:43:32] [sSaQZQwoOE4Ic0lLFVA3/PshhVs=] [DAMODARAN | Burak] Checking offline messages for client
[2025-08-21 20:43:32] [sSaQZQwoOE4Ic0lLFVA3/PshhVs=] [DAMODARAN | Burak] No offline messages found
[2025-08-21 20:44:32] [DdvfOAoep9XKOfimQ/Nit/nevWs=] [-3k] Checking offline messages for client
[2025-08-21 20:44:32] [DdvfOAoep9XKOfimQ/Nit/nevWs=] [-3k] No offline messages found
[2025-08-21 20:44:32] [DdvfOAoep9XKOfimQ/Nit/nevWs=] [-3k] Checking offline messages for client
[2025-08-21 20:44:32] [DdvfOAoep9XKOfimQ/Nit/nevWs=] [-3k] No offline messages found
[2025-08-21 20:44:32] [DdvfOAoep9XKOfimQ/Nit/nevWs=] [-3k] Checking offline messages for client
[2025-08-21 20:44:32] [DdvfOAoep9XKOfimQ/Nit/nevWs=] [-3k] No offline messages found
[2025-08-21 20:46:54] [JS7AYDgRfu5aCR6EsyZfSZOd3ug=] [goran] Checking offline messages for client
[2025-08-21 20:46:54] [JS7AYDgRfu5aCR6EsyZfSZOd3ug=] [goran] No offline messages found
[2025-08-21 20:46:54] [JS7AYDgRfu5aCR6EsyZfSZOd3ug=] [goran] Checking offline messages for client
[2025-08-21 20:46:54] [JS7AYDgRfu5aCR6EsyZfSZOd3ug=] [goran] No offline messages found
[2025-08-21 20:46:55] [JS7AYDgRfu5aCR6EsyZfSZOd3ug=] [goran] Checking offline messages for client
[2025-08-21 20:46:55] [JS7AYDgRfu5aCR6EsyZfSZOd3ug=] [goran] No offline messages found
[2025-08-21 20:50:48] [sZQPfAhKNyJnHG1VTlCSqp382GY=] [GSavio] Checking offline messages for client
[2025-08-21 20:50:48] [sZQPfAhKNyJnHG1VTlCSqp382GY=] [GSavio] No offline messages found
[2025-08-21 20:51:32] [evaliPW3xkdyL90ibSN04b7s+4c=] [yaltinets] Checking offline messages for client
[2025-08-21 20:51:32] [evaliPW3xkdyL90ibSN04b7s+4c=] [yaltinets] No offline messages found
[2025-08-21 20:52:33] [Crsp0EO0U24Gy17GtAvSLRyyIDc=] [sunclausewitz] Checking offline messages for client
[2025-08-21 20:52:33] [Crsp0EO0U24Gy17GtAvSLRyyIDc=] [sunclausewitz] No offline messages found
[2025-08-21 20:53:18] [t31curkqcBIW+Mm1lFuXP/STLZo=] [1nemanjaves] Checking offline messages for client
[2025-08-21 20:53:18] [t31curkqcBIW+Mm1lFuXP/STLZo=] [1nemanjaves] No offline messages found
[2025-08-21 20:53:32] [s9QwfXprOLS0yZ/ODx1OsuBxo4U=] [Kernel] Checking offline messages for client
[2025-08-21 20:53:32] [s9QwfXprOLS0yZ/ODx1OsuBxo4U=] [Kernel] No offline messages found
[2025-08-21 20:53:39] [JVOORqKlrS3cJKunLuNlkNFH6ik=] [Edward_G] Checking offline messages for client
[2025-08-21 20:53:39] [JVOORqKlrS3cJKunLuNlkNFH6ik=] [Edward_G] No offline messages found
[2025-08-21 20:53:42] [fiWNBIZG2ioqbK7dtheFRsenFVI=] [AlexQc] Checking offline messages for client
[2025-08-21 20:53:42] [fiWNBIZG2ioqbK7dtheFRsenFVI=] [AlexQc] No offline messages found
[2025-08-21 20:53:43] [fiWNBIZG2ioqbK7dtheFRsenFVI=] [AlexQc] Checking offline messages for client
[2025-08-21 20:53:43] [fiWNBIZG2ioqbK7dtheFRsenFVI=] [AlexQc] No offline messages found
[2025-08-21 20:54:27] [2+DmQTa9Tjq/AVbcxUpNfvFsgcE=] [Scaryslav] Checking offline messages for client
[2025-08-21 20:54:27] [2+DmQTa9Tjq/AVbcxUpNfvFsgcE=] [Scaryslav] No offline messages found
[2025-08-21 20:54:35] [rrFteaYAWPrQHu1180PxQxKeozg=] [Gomba] Checking offline messages for client
[2025-08-21 20:54:35] [rrFteaYAWPrQHu1180PxQxKeozg=] [Gomba] No offline messages found
[2025-08-21 20:54:45] [Crsp0EO0U24Gy17GtAvSLRyyIDc=] [sunclausewitz] Checking offline messages for client
[2025-08-21 20:54:45] [Crsp0EO0U24Gy17GtAvSLRyyIDc=] [sunclausewitz] No offline messages found
[2025-08-21 20:55:13] [s9QwfXprOLS0yZ/ODx1OsuBxo4U=] [Kernel] Checking offline messages for client
[2025-08-21 20:55:13] [s9QwfXprOLS0yZ/ODx1OsuBxo4U=] [Kernel] No offline messages found
[2025-08-21 20:57:10] [xcwFhKN0bPn1QJxV7HHekBb2PAs=] [Сика] Checking offline messages for client
[2025-08-21 20:57:10] [xcwFhKN0bPn1QJxV7HHekBb2PAs=] [Сика] No offline messages found
[2025-08-21 21:00:57] [0pfL6k6+uhY3YJUK1FucX6agAV8=] [MC durak] Checking offline messages for client
[2025-08-21 21:00:57] [0pfL6k6+uhY3YJUK1FucX6agAV8=] [MC durak] No offline messages found
[2025-08-21 21:02:46] [OeZVlksC9p9M2HnP5IBtS5f5oTM=] [Pushok] Checking offline messages for client
[2025-08-21 21:02:46] [OeZVlksC9p9M2HnP5IBtS5f5oTM=] [Pushok] No offline messages found
[2025-08-21 21:06:08] [XUq6lat2sP336FLybn+Od5CLO5Q=] [RABOTES] Checking offline messages for client
[2025-08-21 21:06:08] [XUq6lat2sP336FLybn+Od5CLO5Q=] [RABOTES] No offline messages found
[2025-08-21 21:09:22] [cTD17OIfk/hrp2OpewjFGlpa2mk=] [TeamSpeakUser13] Checking offline messages for client
[2025-08-21 21:09:22] [cTD17OIfk/hrp2OpewjFGlpa2mk=] [TeamSpeakUser13] No offline messages found
[2025-08-21 21:10:13] [2+DmQTa9Tjq/AVbcxUpNfvFsgcE=] [Scaryslav] Checking offline messages for client
[2025-08-21 21:10:13] [2+DmQTa9Tjq/AVbcxUpNfvFsgcE=] [Scaryslav] No offline messages found
[2025-08-21 21:10:57] [xcwFhKN0bPn1QJxV7HHekBb2PAs=] [Сика] Checking offline messages for client
[2025-08-21 21:10:57] [xcwFhKN0bPn1QJxV7HHekBb2PAs=] [Сика] No offline messages found
[2025-08-21 21:11:44] [4Trzz2r9looYqjT6W05btyo3lzs=] [ridzazz] Checking offline messages for client
[2025-08-21 21:11:44] [4Trzz2r9looYqjT6W05btyo3lzs=] [ridzazz] No offline messages found
[2025-08-21 21:11:49] [M9N5uGat1Y+mLiqwQ55tME9ySy8=] [howerty] Checking offline messages for client
[2025-08-21 21:11:49] [M9N5uGat1Y+mLiqwQ55tME9ySy8=] [howerty] No offline messages found
[2025-08-21 21:12:07] [N3sdgECOuAq9updYbYKI20ij7vw=] [Tancsii] Checking offline messages for client
[2025-08-21 21:12:07] [N3sdgECOuAq9updYbYKI20ij7vw=] [Tancsii] No offline messages found
[2025-08-21 21:12:49] [vg3+0CMqNZWes0lxJIK9IzkazSo=] [BEBETO] Checking offline messages for client
[2025-08-21 21:12:49] [vg3+0CMqNZWes0lxJIK9IzkazSo=] [BEBETO] No offline messages found
[2025-08-21 21:13:13] [WUFbI2wm1TirPkulhTRESNYToW0=] [sajjad] Checking offline messages for client
[2025-08-21 21:13:13] [WUFbI2wm1TirPkulhTRESNYToW0=] [sajjad] No offline messages found
[2025-08-21 21:15:06] [CnsaFLBvFsaEG5TIA7bpH7+nWrU=] [ardoş] Checking offline messages for client
[2025-08-21 21:15:06] [CnsaFLBvFsaEG5TIA7bpH7+nWrU=] [ardoş] No offline messages found
[2025-08-21 21:15:25] [Xc1V+9hgSSUuMOB1iFNE7BbrmwA=] [Jaws] Checking offline messages for client
[2025-08-21 21:15:25] [Xc1V+9hgSSUuMOB1iFNE7BbrmwA=] [Jaws] No offline messages found
[2025-08-21 21:17:29] [FJgKQXP03s4qt4cA7UpF/yAS1vU=] [Max] Checking offline messages for client
[2025-08-21 21:17:29] [FJgKQXP03s4qt4cA7UpF/yAS1vU=] [Max] No offline messages found
[2025-08-21 21:17:44] [nCg3IgBrdpaHDPrGqxP5oMzfjEo=] [побгерпобедитель] Checking offline messages for client
[2025-08-21 21:17:44] [nCg3IgBrdpaHDPrGqxP5oMzfjEo=] [побгерпобедитель] No offline messages found
[2025-08-21 21:19:06] [h+S6vTapLiHLu/QXW+Wv622o2KE=] [Bone] Checking offline messages for client
[2025-08-21 21:19:06] [h+S6vTapLiHLu/QXW+Wv622o2KE=] [Bone] No offline messages found
[2025-08-21 21:25:35] [rGYjkpGucsXtgz22MXCTcmT5zbg=] [Cancer] Checking offline messages for client
[2025-08-21 21:25:35] [rGYjkpGucsXtgz22MXCTcmT5zbg=] [Cancer] No offline messages found
[2025-08-21 21:26:18] [ojA0oCdDqBgeaZUGP9f5Rup/9Jo=] [jiggly] Checking offline messages for client
[2025-08-21 21:26:18] [ojA0oCdDqBgeaZUGP9f5Rup/9Jo=] [jiggly] No offline messages found
[2025-08-21 21:27:01] [Sf5+Phx4Py/NxePyYOrlHzJ0vJw=] [sasha] Checking offline messages for client
[2025-08-21 21:27:01] [Sf5+Phx4Py/NxePyYOrlHzJ0vJw=] [sasha] No offline messages found
[2025-08-21 21:27:20] [GRmt7jZLfS3A+SdGDckb2BiZEAk=] [sameqqq] Checking offline messages for client
[2025-08-21 21:27:20] [GRmt7jZLfS3A+SdGDckb2BiZEAk=] [sameqqq] No offline messages found
[2025-08-21 21:28:43] [HWLzM87+yNul7zc6POACMa/NjHo=] [TeamSpeakUser2] Checking offline messages for client
[2025-08-21 21:28:43] [HWLzM87+yNul7zc6POACMa/NjHo=] [TeamSpeakUser2] No offline messages found
[2025-08-21 21:30:22] [tDLqjTL4nwp2xEyMI5as9LKTL8A=] [Ox1codon] Checking offline messages for client
[2025-08-21 21:30:22] [tDLqjTL4nwp2xEyMI5as9LKTL8A=] [Ox1codon] No offline messages found
[2025-08-21 21:30:49] [AJimp0Wwxt3LJm5dPIyisfwXR6U=] [N3rvezz] Checking offline messages for client
[2025-08-21 21:30:49] [AJimp0Wwxt3LJm5dPIyisfwXR6U=] [N3rvezz] No offline messages found
[2025-08-21 21:30:56] [qXu/YEbz0BqZXHthtOhD7suFGhw=] [noice8] Checking offline messages for client
[2025-08-21 21:30:56] [qXu/YEbz0BqZXHthtOhD7suFGhw=] [noice8] No offline messages found
[2025-08-21 21:32:18] [39Hn80GzU936S3hLOAjj8iP5kpg=] [Shawaj] Checking offline messages for client
[2025-08-21 21:32:18] [39Hn80GzU936S3hLOAjj8iP5kpg=] [Shawaj] No offline messages found
[2025-08-21 21:32:48] [vaVe9/FEOzRhyvw7CafJOhyBI0o=] [Em1roff] Checking offline messages for client
[2025-08-21 21:32:48] [vaVe9/FEOzRhyvw7CafJOhyBI0o=] [Em1roff] No offline messages found
[2025-08-21 21:33:17] [QrJc7RCtFp32CbQgt/+xheazb5w=] [wilson] Checking offline messages for client
[2025-08-21 21:33:17] [QrJc7RCtFp32CbQgt/+xheazb5w=] [wilson] No offline messages found
[2025-08-21 21:34:04] [qXu/YEbz0BqZXHthtOhD7suFGhw=] [noice8] Checking offline messages for client
[2025-08-21 21:34:04] [qXu/YEbz0BqZXHthtOhD7suFGhw=] [noice8] No offline messages found
[2025-08-21 21:34:16] [+akmOQJCA9SuI55JoAWl8G16SY8=] [devl] Checking offline messages for client
[2025-08-21 21:34:16] [+akmOQJCA9SuI55JoAWl8G16SY8=] [devl] No offline messages found
[2025-08-21 21:34:40] [ce+bIEq8ZnLnCl9tT9p/1sxebxI=] [TeamSpeakUser5] Checking offline messages for client
[2025-08-21 21:34:40] [ce+bIEq8ZnLnCl9tT9p/1sxebxI=] [TeamSpeakUser5] No offline messages found
[2025-08-21 21:35:22] [qktw03dlcijDS11w8HKgXXrlJTw=] [Medoe] Checking offline messages for client
[2025-08-21 21:35:22] [qktw03dlcijDS11w8HKgXXrlJTw=] [Medoe] No offline messages found
[2025-08-21 21:36:13] [czJq8VhqlxMm/zy39XTQ+Np/v1c=] [Manwe] Checking offline messages for client
[2025-08-21 21:36:13] [czJq8VhqlxMm/zy39XTQ+Np/v1c=] [Manwe] No offline messages found
[2025-08-21 21:36:39] [9nxj1e/LbBNMOHmCFqrsRyQ6MSw=] [_MERS_] Checking offline messages for client
[2025-08-21 21:36:39] [9nxj1e/LbBNMOHmCFqrsRyQ6MSw=] [_MERS_] No offline messages found
[2025-08-21 21:36:44] [0hMeGpv24E/9oRNVleCNhwxNrkQ=] [__Kharakternik__] Checking offline messages for client
[2025-08-21 21:36:44] [0hMeGpv24E/9oRNVleCNhwxNrkQ=] [__Kharakternik__] No offline messages found
[2025-08-21 21:37:04] [HWG+ATHFYYOXM1l3iDtc4v9gUsM=] [Baldiez] Checking offline messages for client
[2025-08-21 21:37:04] [HWG+ATHFYYOXM1l3iDtc4v9gUsM=] [Baldiez] No offline messages found
[2025-08-21 21:37:58] [s5SoU0O6Mp2lEkoeWlMc2247gBk=] [don] Checking offline messages for client
[2025-08-21 21:37:58] [s5SoU0O6Mp2lEkoeWlMc2247gBk=] [don] No offline messages found
[2025-08-21 21:39:52] [hjWXkNSCtpNp4pKBwVjj4FoVfnc=] [az_nzt] Checking offline messages for client
[2025-08-21 21:39:52] [hjWXkNSCtpNp4pKBwVjj4FoVfnc=] [az_nzt] No offline messages found
[2025-08-21 21:41:29] [AJimp0Wwxt3LJm5dPIyisfwXR6U=] [N3rvezz] Checking offline messages for client
[2025-08-21 21:41:29] [AJimp0Wwxt3LJm5dPIyisfwXR6U=] [N3rvezz] No offline messages found
[2025-08-21 21:41:52] [rrFteaYAWPrQHu1180PxQxKeozg=] [Gomba] Checking offline messages for client
[2025-08-21 21:41:52] [rrFteaYAWPrQHu1180PxQxKeozg=] [Gomba] No offline messages found
[2025-08-21 21:42:29] [G831RTm365sZm+AZDB791219bVE=] [x7uned] Checking offline messages for client
[2025-08-21 21:42:29] [G831RTm365sZm+AZDB791219bVE=] [x7uned] No offline messages found
[2025-08-21 21:42:56] [vg3+0CMqNZWes0lxJIK9IzkazSo=] [BEBETO] Checking offline messages for client
[2025-08-21 21:42:56] [vg3+0CMqNZWes0lxJIK9IzkazSo=] [BEBETO] No offline messages found
[2025-08-21 21:43:14] [pa4EomUE5xzFSB9tc7CilmX3NTU=] [Imprii] Checking offline messages for client
[2025-08-21 21:43:14] [pa4EomUE5xzFSB9tc7CilmX3NTU=] [Imprii] No offline messages found
[2025-08-21 21:43:45] [xiVTUqjmPR8HsEFkd9qzObroM+Q=] [TeamSpeakUser1] Checking offline messages for client
[2025-08-21 21:43:45] [xiVTUqjmPR8HsEFkd9qzObroM+Q=] [TeamSpeakUser1] No offline messages found
[2025-08-21 21:44:16] [U9IMfSvzj5D6AQ6a6xlapRD7cZ0=] [dayn777] Checking offline messages for client
[2025-08-21 21:44:16] [U9IMfSvzj5D6AQ6a6xlapRD7cZ0=] [dayn777] No offline messages found
[2025-08-21 21:44:35] [ow+Zi/O4SnJIvwHosoZ7zIvOOK8=] [shinigami] Checking offline messages for client
[2025-08-21 21:44:35] [ow+Zi/O4SnJIvwHosoZ7zIvOOK8=] [shinigami] No offline messages found
[2025-08-21 21:45:00] [kULTdQq319JIL8kWV2Yvc5hMdaw=] [TeamSpeakUser6] Checking offline messages for client
[2025-08-21 21:45:00] [kULTdQq319JIL8kWV2Yvc5hMdaw=] [TeamSpeakUser6] No offline messages found
[2025-08-21 21:46:14] [QrJc7RCtFp32CbQgt/+xheazb5w=] [wilson] Checking offline messages for client
[2025-08-21 21:46:14] [QrJc7RCtFp32CbQgt/+xheazb5w=] [wilson] No offline messages found
[2025-08-21 21:47:58] [tDLqjTL4nwp2xEyMI5as9LKTL8A=] [Ox1codon] Checking offline messages for client
[2025-08-21 21:47:58] [tDLqjTL4nwp2xEyMI5as9LKTL8A=] [Ox1codon] No offline messages found
[2025-08-21 21:47:59] [PaRF3U3ZrnXZhkFR2i82tzNZY+Q=] [IHope3] Checking offline messages for client
[2025-08-21 21:47:59] [PaRF3U3ZrnXZhkFR2i82tzNZY+Q=] [IHope3] No offline messages found
[2025-08-21 21:47:59] [PaRF3U3ZrnXZhkFR2i82tzNZY+Q=] [IHope3] Checking offline messages for client
[2025-08-21 21:47:59] [PaRF3U3ZrnXZhkFR2i82tzNZY+Q=] [IHope3] No offline messages found
[2025-08-21 21:48:00] [PaRF3U3ZrnXZhkFR2i82tzNZY+Q=] [IHope3] Checking offline messages for client
[2025-08-21 21:48:00] [PaRF3U3ZrnXZhkFR2i82tzNZY+Q=] [IHope3] No offline messages found
[2025-08-21 21:48:24] [AVTxIqu/DQ320nFRqEutHoYujIc=] [Clappen] Checking offline messages for client
[2025-08-21 21:48:24] [AVTxIqu/DQ320nFRqEutHoYujIc=] [Clappen] No offline messages found
[2025-08-21 21:48:43] [759S1bx+7GedF1jF7fnNWOPTC6k=] [3412312] Checking offline messages for client
[2025-08-21 21:48:43] [759S1bx+7GedF1jF7fnNWOPTC6k=] [3412312] No offline messages found
[2025-08-21 21:48:54] [29dSFjsyDAKlk08zoeEQj/kewi4=] [capet 1] Checking offline messages for client
[2025-08-21 21:48:54] [29dSFjsyDAKlk08zoeEQj/kewi4=] [capet 1] No offline messages found
[2025-08-21 21:51:11] [rrFteaYAWPrQHu1180PxQxKeozg=] [Gomba] Checking offline messages for client
[2025-08-21 21:51:11] [rrFteaYAWPrQHu1180PxQxKeozg=] [Gomba] No offline messages found
[2025-08-21 21:52:48] [/paoPeDO7Sw3DPisftzEeJfXp+Y=] [J4M4L] Checking offline messages for client
[2025-08-21 21:52:48] [/paoPeDO7Sw3DPisftzEeJfXp+Y=] [J4M4L] No offline messages found
[2025-08-21 21:57:07] [tOoGEdCN9ULy8ULKyELfIWNelvU=] [kayanyildz] Checking offline messages for client
[2025-08-21 21:57:07] [tOoGEdCN9ULy8ULKyELfIWNelvU=] [kayanyildz] No offline messages found
[2025-08-21 21:58:40] [3wfCbZork1r8h4aDgIW1hfWE0YA=] [SNAC-Ahmet] Checking offline messages for client
[2025-08-21 21:58:40] [3wfCbZork1r8h4aDgIW1hfWE0YA=] [SNAC-Ahmet] No offline messages found
[2025-08-21 22:04:41] [Chs2gds0q5c5sHk5GQqGy9JmwQg=] [teaman11] Checking offline messages for client
[2025-08-21 22:04:41] [Chs2gds0q5c5sHk5GQqGy9JmwQg=] [teaman11] No offline messages found
[2025-08-21 22:10:20] [759S1bx+7GedF1jF7fnNWOPTC6k=] [3412312] Checking offline messages for client
[2025-08-21 22:10:20] [759S1bx+7GedF1jF7fnNWOPTC6k=] [3412312] No offline messages found
[2025-08-21 22:11:18] [pUCIpssKzbEhYAmtB8xcuFXcEsU=] [mostafa] Checking offline messages for client
[2025-08-21 22:11:18] [pUCIpssKzbEhYAmtB8xcuFXcEsU=] [mostafa] No offline messages found
[2025-08-21 22:11:18] [pUCIpssKzbEhYAmtB8xcuFXcEsU=] [mostafa] Checking offline messages for client
[2025-08-21 22:11:18] [pUCIpssKzbEhYAmtB8xcuFXcEsU=] [mostafa] No offline messages found
[2025-08-21 22:11:18] [pUCIpssKzbEhYAmtB8xcuFXcEsU=] [mostafa] Checking offline messages for client
[2025-08-21 22:11:18] [pUCIpssKzbEhYAmtB8xcuFXcEsU=] [mostafa] No offline messages found
[2025-08-21 22:15:14] [GRmt7jZLfS3A+SdGDckb2BiZEAk=] [sameqqq] Checking offline messages for client
[2025-08-21 22:15:14] [GRmt7jZLfS3A+SdGDckb2BiZEAk=] [sameqqq] No offline messages found
[2025-08-21 22:18:35] [QpM/DDuHjr7OlO4/US1/67OWgdA=] [koufix] Checking offline messages for client
[2025-08-21 22:18:35] [QpM/DDuHjr7OlO4/US1/67OWgdA=] [koufix] No offline messages found
[2025-08-21 22:22:15] [ce+bIEq8ZnLnCl9tT9p/1sxebxI=] [TeamSpeakUser5] Checking offline messages for client
[2025-08-21 22:22:15] [ce+bIEq8ZnLnCl9tT9p/1sxebxI=] [TeamSpeakUser5] No offline messages found
[2025-08-21 22:26:58] [bfBHMKZBZ+ykgSUwUk0K/ZJFvDw=] [zzzCorleonezzz ( Бислан )] Checking offline messages for client
[2025-08-21 22:26:58] [bfBHMKZBZ+ykgSUwUk0K/ZJFvDw=] [zzzCorleonezzz ( Бислан )] No offline messages found
[2025-08-21 22:27:59] [V/sE7GD+jPAQPdHRhDxgmql0tFI=] [Jabberson] Checking offline messages for client
[2025-08-21 22:27:59] [V/sE7GD+jPAQPdHRhDxgmql0tFI=] [Jabberson] No offline messages found
[2025-08-21 22:32:14] [faG5alkL6TKdApepthzNinT5uEQ=] [ahmetakzm] Checking offline messages for client
[2025-08-21 22:32:14] [faG5alkL6TKdApepthzNinT5uEQ=] [ahmetakzm] No offline messages found
[2025-08-21 22:33:07] [faG5alkL6TKdApepthzNinT5uEQ=] [ahmetakzm] Checking offline messages for client
[2025-08-21 22:33:07] [faG5alkL6TKdApepthzNinT5uEQ=] [ahmetakzm] No offline messages found
[2025-08-21 22:35:20] [oNXtwtnPIsefujLkQ3841fGuBjE=] [BobFaruk] Checking offline messages for client
[2025-08-21 22:35:20] [oNXtwtnPIsefujLkQ3841fGuBjE=] [BobFaruk] No offline messages found
[2025-08-21 22:35:50] [3IPPzokbYSPH56aq0936DKtH22I=] [Abazachkun] Checking offline messages for client
[2025-08-21 22:35:50] [3IPPzokbYSPH56aq0936DKtH22I=] [Abazachkun] No offline messages found
[2025-08-21 22:40:17] [DxUY9WGRy+4NWNGeVQSKXB8JRcs=] [TeamSpeakUser1] Checking offline messages for client
[2025-08-21 22:40:17] [DxUY9WGRy+4NWNGeVQSKXB8JRcs=] [TeamSpeakUser1] No offline messages found
[2025-08-21 22:43:35] [UkMRdPWzSLSbVYspP0RZwp4rLXU=] [Adam Boroda] Checking offline messages for client
[2025-08-21 22:43:35] [UkMRdPWzSLSbVYspP0RZwp4rLXU=] [Adam Boroda] No offline messages found
[2025-08-21 22:43:37] [DxUY9WGRy+4NWNGeVQSKXB8JRcs=] [TeamSpeakUser1] Checking offline messages for client
[2025-08-21 22:43:37] [DxUY9WGRy+4NWNGeVQSKXB8JRcs=] [TeamSpeakUser1] No offline messages found
[2025-08-21 22:44:38] [hFplnszNsVWixGv+jr9PV6siVtc=] [PitcaRNNN``] Checking offline messages for client
[2025-08-21 22:44:38] [hFplnszNsVWixGv+jr9PV6siVtc=] [PitcaRNNN``] No offline messages found
[2025-08-21 22:45:00] [DxUY9WGRy+4NWNGeVQSKXB8JRcs=] [TeamSpeakUser1] Checking offline messages for client
[2025-08-21 22:45:00] [DxUY9WGRy+4NWNGeVQSKXB8JRcs=] [TeamSpeakUser1] No offline messages found
[2025-08-21 22:45:45] [iziowVTbk7mGU95qNZGKt7wZaR8=] [bentuto] Checking offline messages for client
[2025-08-21 22:45:45] [iziowVTbk7mGU95qNZGKt7wZaR8=] [bentuto] No offline messages found
[2025-08-21 22:46:06] [ZAS1Qa3JZmWP+2XDQpEw/wr7fVU=] [TeamSpeakUser5] Checking offline messages for client
[2025-08-21 22:46:06] [ZAS1Qa3JZmWP+2XDQpEw/wr7fVU=] [TeamSpeakUser5] No offline messages found
[2025-08-21 22:48:09] [ofp0lC8aE44wL4Ooasojs98NL70=] [miz-miz] Checking offline messages for client
[2025-08-21 22:48:09] [ofp0lC8aE44wL4Ooasojs98NL70=] [miz-miz] No offline messages found
[2025-08-21 22:49:06] [e1+ZxiiLghx0Hico+RniQ2LtKyE=] [ASDASDASD] Checking offline messages for client
[2025-08-21 22:49:06] [e1+ZxiiLghx0Hico+RniQ2LtKyE=] [ASDASDASD] No offline messages found
[2025-08-21 22:49:06] [e1+ZxiiLghx0Hico+RniQ2LtKyE=] [ASDASDASD] Checking offline messages for client
[2025-08-21 22:49:06] [e1+ZxiiLghx0Hico+RniQ2LtKyE=] [ASDASDASD] No offline messages found
[2025-08-21 22:49:06] [e1+ZxiiLghx0Hico+RniQ2LtKyE=] [ASDASDASD] Checking offline messages for client
[2025-08-21 22:49:06] [e1+ZxiiLghx0Hico+RniQ2LtKyE=] [ASDASDASD] No offline messages found
[2025-08-21 22:50:18] [5v99im2I8UoZfupZo50OnnVZbNY=] [NightStalker] Checking offline messages for client
[2025-08-21 22:50:18] [5v99im2I8UoZfupZo50OnnVZbNY=] [NightStalker] No offline messages found
[2025-08-21 22:51:54] [zlhrq9KSrU/P9cim0qz0F02t9pM=] [Ballack] Checking offline messages for client
[2025-08-21 22:51:54] [zlhrq9KSrU/P9cim0qz0F02t9pM=] [Ballack] No offline messages found
[2025-08-21 22:52:11] [qktw03dlcijDS11w8HKgXXrlJTw=] [Medoe] Checking offline messages for client
[2025-08-21 22:52:11] [qktw03dlcijDS11w8HKgXXrlJTw=] [Medoe] No offline messages found
[2025-08-21 22:54:21] [tOoGEdCN9ULy8ULKyELfIWNelvU=] [kayanyildz] Checking offline messages for client
[2025-08-21 22:54:21] [tOoGEdCN9ULy8ULKyELfIWNelvU=] [kayanyildz] No offline messages found
[2025-08-21 22:57:26] [0WgZKkj6v4iiMp7/eG9vKSWI5qU=] [TeamSpeakUser3] Checking offline messages for client
[2025-08-21 22:57:26] [0WgZKkj6v4iiMp7/eG9vKSWI5qU=] [TeamSpeakUser3] No offline messages found
[2025-08-21 23:10:20] [+eY62p4z2Yc8MBABvp55HWZZJ18=] [saulov] Checking offline messages for client
[2025-08-21 23:10:20] [+eY62p4z2Yc8MBABvp55HWZZJ18=] [saulov] No offline messages found
[2025-08-21 23:10:56] [vjew01mHBtwBPnydIHP5u7SnHLM=] [вата] Checking offline messages for client
[2025-08-21 23:10:56] [vjew01mHBtwBPnydIHP5u7SnHLM=] [вата] No offline messages found
[2025-08-21 23:13:26] [nLaGS0sw2tvz59aTSEjjbW+7NyE=] [Afbaloglu] Checking offline messages for client
[2025-08-21 23:13:26] [nLaGS0sw2tvz59aTSEjjbW+7NyE=] [Afbaloglu] No offline messages found
[2025-08-21 23:13:43] [AJimp0Wwxt3LJm5dPIyisfwXR6U=] [N3rvezz] Checking offline messages for client
[2025-08-21 23:13:43] [AJimp0Wwxt3LJm5dPIyisfwXR6U=] [N3rvezz] No offline messages found
[2025-08-21 23:14:42] [AJimp0Wwxt3LJm5dPIyisfwXR6U=] [N3rvezz] Checking offline messages for client
[2025-08-21 23:14:42] [AJimp0Wwxt3LJm5dPIyisfwXR6U=] [N3rvezz] No offline messages found
[2025-08-21 23:15:06] [HWG+ATHFYYOXM1l3iDtc4v9gUsM=] [Baldiez] Checking offline messages for client
[2025-08-21 23:15:06] [HWG+ATHFYYOXM1l3iDtc4v9gUsM=] [Baldiez] No offline messages found
[2025-08-21 23:16:07] [CnsaFLBvFsaEG5TIA7bpH7+nWrU=] [ardoş] Checking offline messages for client
[2025-08-21 23:16:07] [CnsaFLBvFsaEG5TIA7bpH7+nWrU=] [ardoş] No offline messages found
[2025-08-21 23:16:10] [rtdUFV+2q6gMB7LIOA5+y8SqhBY=] [mevlutozkara] Checking offline messages for client
[2025-08-21 23:16:10] [rtdUFV+2q6gMB7LIOA5+y8SqhBY=] [mevlutozkara] No offline messages found
[2025-08-21 23:16:11] [rtdUFV+2q6gMB7LIOA5+y8SqhBY=] [mevlutozkara] Checking offline messages for client
[2025-08-21 23:16:11] [rtdUFV+2q6gMB7LIOA5+y8SqhBY=] [mevlutozkara] No offline messages found
[2025-08-21 23:16:11] [rtdUFV+2q6gMB7LIOA5+y8SqhBY=] [mevlutozkara] Checking offline messages for client
[2025-08-21 23:16:11] [rtdUFV+2q6gMB7LIOA5+y8SqhBY=] [mevlutozkara] No offline messages found
[2025-08-21 23:34:08] [0WgZKkj6v4iiMp7/eG9vKSWI5qU=] [TeamSpeakUser2] Checking offline messages for client
[2025-08-21 23:34:08] [0WgZKkj6v4iiMp7/eG9vKSWI5qU=] [TeamSpeakUser2] No offline messages found
[2025-08-21 23:37:29] [C7NxckscL5/kGQPP6KRbYm7iI+g=] [moco] Checking offline messages for client
[2025-08-21 23:37:29] [C7NxckscL5/kGQPP6KRbYm7iI+g=] [moco] No offline messages found
[2025-08-21 23:38:32] [759S1bx+7GedF1jF7fnNWOPTC6k=] [3412312] Checking offline messages for client
[2025-08-21 23:38:32] [759S1bx+7GedF1jF7fnNWOPTC6k=] [3412312] No offline messages found
[2025-08-21 23:38:38] [U9IMfSvzj5D6AQ6a6xlapRD7cZ0=] [dayn777] Checking offline messages for client
[2025-08-21 23:38:38] [U9IMfSvzj5D6AQ6a6xlapRD7cZ0=] [dayn777] No offline messages found
[2025-08-21 23:41:10] [G831RTm365sZm+AZDB791219bVE=] [x7uned] Checking offline messages for client
[2025-08-21 23:41:10] [G831RTm365sZm+AZDB791219bVE=] [x7uned] No offline messages found
[2025-08-21 23:45:49] [UJQSMUnQbDqCQA/Ap94PriCZpmM=] [1.6fsidertpaket] Checking offline messages for client
[2025-08-21 23:45:49] [UJQSMUnQbDqCQA/Ap94PriCZpmM=] [1.6fsidertpaket] No offline messages found
[2025-08-21 23:46:34] [ZRJE0ISA13RmnFcasOlw68BVsNY=] [F4funder] Checking offline messages for client
[2025-08-21 23:46:34] [ZRJE0ISA13RmnFcasOlw68BVsNY=] [F4funder] No offline messages found
[2025-08-21 23:57:50] [IvPuoleyuChePKK0GR7sRhVCkJE=] [SYRUSSS] Checking offline messages for client
[2025-08-21 23:57:50] [IvPuoleyuChePKK0GR7sRhVCkJE=] [SYRUSSS] No offline messages found
