[2025-05-27 00:00:32] [RyNfQ7JaWQA+9q5aAgeiuRaI5Fs=] [ivo] Checking offline messages for client
[2025-05-27 00:00:32] [RyNfQ7JaWQA+9q5aAgeiuRaI5Fs=] [ivo] No offline messages found
[2025-05-27 00:01:15] [w6PNozwE3hiJ9vcTIkER64disyw=] [TeamSpeakUser1] Checking offline messages for client
[2025-05-27 00:01:15] [w6PNozwE3hiJ9vcTIkER64disyw=] [TeamSpeakUser1] No offline messages found
[2025-05-27 00:01:17] [esphB+mG2+N8I3ntRjK04Tgvv7o=] [Phantor] Checking offline messages for client
[2025-05-27 00:01:17] [esphB+mG2+N8I3ntRjK04Tgvv7o=] [Phantor] No offline messages found
[2025-05-27 00:01:25] [w6YqWRN3PvQxnMLA9fqVLTevJ/0=] [m1sspit4boa] Checking offline messages for client
[2025-05-27 00:01:25] [w6YqWRN3PvQxnMLA9fqVLTevJ/0=] [m1sspit4boa] No offline messages found
[2025-05-27 00:02:52] [8GrL7TtsAwbkPA/fi0CnWV4xJo0=] [Pedro] Checking offline messages for client
[2025-05-27 00:02:52] [8GrL7TtsAwbkPA/fi0CnWV4xJo0=] [Pedro] No offline messages found
[2025-05-27 00:03:20] [B2fRgglzPVX7d5IDrNsAi94lUY0=] [baia] Checking offline messages for client
[2025-05-27 00:03:20] [B2fRgglzPVX7d5IDrNsAi94lUY0=] [baia] No offline messages found
[2025-05-27 00:08:52] [pUCIpssKzbEhYAmtB8xcuFXcEsU=] [mostafa] Checking offline messages for client
[2025-05-27 00:08:52] [pUCIpssKzbEhYAmtB8xcuFXcEsU=] [mostafa] No offline messages found
[2025-05-27 00:11:12] [qI2AgL2fCVT+OOYvCkUB1vKBbFE=] [xDimitryxEc] Checking offline messages for client
[2025-05-27 00:11:12] [qI2AgL2fCVT+OOYvCkUB1vKBbFE=] [xDimitryxEc] No offline messages found
[2025-05-27 00:20:57] [qqTwrEbfD5tEifesTvr86drlnsU=] [Argonaft] Checking offline messages for client
[2025-05-27 00:20:57] [qqTwrEbfD5tEifesTvr86drlnsU=] [Argonaft] No offline messages found
[2025-05-27 00:26:26] [Bryko7JuhsSCkoTJitX5syYPrzY=] [elcalenton] Checking offline messages for client
[2025-05-27 00:26:26] [Bryko7JuhsSCkoTJitX5syYPrzY=] [elcalenton] No offline messages found
[2025-05-27 00:28:07] [Bryko7JuhsSCkoTJitX5syYPrzY=] [elcalenton] Checking offline messages for client
[2025-05-27 00:28:07] [Bryko7JuhsSCkoTJitX5syYPrzY=] [elcalenton] No offline messages found
[2025-05-27 00:32:25] [cbVTTju6JnSpBukGx7hTR4US3KY=] [TeamSpeakUser] Checking offline messages for client
[2025-05-27 00:32:25] [cbVTTju6JnSpBukGx7hTR4US3KY=] [TeamSpeakUser] No offline messages found
[2025-05-27 00:41:25] [ykM7Af2V1nqY3kxuo2OqscH35ic=] [TeamSpeakUser1] Checking offline messages for client
[2025-05-27 00:41:25] [ykM7Af2V1nqY3kxuo2OqscH35ic=] [TeamSpeakUser1] No offline messages found
[2025-05-27 00:46:43] [ykM7Af2V1nqY3kxuo2OqscH35ic=] [TeamSpeakUser1] Checking offline messages for client
[2025-05-27 00:46:43] [ykM7Af2V1nqY3kxuo2OqscH35ic=] [TeamSpeakUser1] No offline messages found
[2025-05-27 00:59:10] [QAjfktqWwRBFHgbjGrFM51x6YhA=] [SysmoUsercid=140] Checking offline messages for client
[2025-05-27 00:59:10] [QAjfktqWwRBFHgbjGrFM51x6YhA=] [SysmoUsercid=140] No offline messages found
[2025-05-27 01:13:43] [BGE2mCZp6q9fh9zlisuP5/INU/c=] [TeamSpeakUser1] Checking offline messages for client
[2025-05-27 01:13:43] [BGE2mCZp6q9fh9zlisuP5/INU/c=] [TeamSpeakUser1] No offline messages found
[2025-05-27 01:24:44] [BGE2mCZp6q9fh9zlisuP5/INU/c=] [TeamSpeakUser1] Checking offline messages for client
[2025-05-27 01:24:44] [BGE2mCZp6q9fh9zlisuP5/INU/c=] [TeamSpeakUser1] No offline messages found
[2025-05-27 01:25:12] [rShY/1ZC2w9lkwgM2GcewWZlxrw=] [LokyJR16] Checking offline messages for client
[2025-05-27 01:25:12] [rShY/1ZC2w9lkwgM2GcewWZlxrw=] [LokyJR16] No offline messages found
[2025-05-27 01:31:50] [b7yeVGj+sfUQrqVGU5rlFHIogvU=] [saleh_4] Checking offline messages for client
[2025-05-27 01:31:50] [b7yeVGj+sfUQrqVGU5rlFHIogvU=] [saleh_4] No offline messages found
[2025-05-27 01:38:17] [3mJ1kCzYQnqLNAZXrEXHHqsyWG0=] [Lagrus Sport] Checking offline messages for client
[2025-05-27 01:38:17] [3mJ1kCzYQnqLNAZXrEXHHqsyWG0=] [Lagrus Sport] No offline messages found
[2025-05-27 01:39:29] [UlwdcGSoLYaRZYcUQSj9SNi3hn0=] [LAVADOR DE PRATOS] Checking offline messages for client
[2025-05-27 01:39:29] [UlwdcGSoLYaRZYcUQSj9SNi3hn0=] [LAVADOR DE PRATOS] No offline messages found
[2025-05-27 01:50:20] [F1qmn+J1DjlIW/spQ4TpgTpSWzg=] [moi] Checking offline messages for client
[2025-05-27 01:50:20] [F1qmn+J1DjlIW/spQ4TpgTpSWzg=] [moi] No offline messages found
[2025-05-27 02:03:18] [/1zh5UZByLTdvlsutCxQEUPQ3jg=] [Skr] Checking offline messages for client
[2025-05-27 02:03:18] [/1zh5UZByLTdvlsutCxQEUPQ3jg=] [Skr] No offline messages found
[2025-05-27 02:06:38] [RYUvozu9YD3MDRA32U+iT0lGsNE=] [Ace] Checking offline messages for client
[2025-05-27 02:06:38] [RYUvozu9YD3MDRA32U+iT0lGsNE=] [Ace] No offline messages found
[2025-05-27 02:07:16] [2Euj0o1MpKUm4CF8H6rUzPJKypU=] [TeamSpeakUser2] Checking offline messages for client
[2025-05-27 02:07:16] [2Euj0o1MpKUm4CF8H6rUzPJKypU=] [TeamSpeakUser2] No offline messages found
[2025-05-27 02:18:16] [WtWgpfS8UE18SW7yGXm3r1yoO/c=] [Kowismo] Checking offline messages for client
[2025-05-27 02:18:16] [WtWgpfS8UE18SW7yGXm3r1yoO/c=] [Kowismo] No offline messages found
[2025-05-27 02:46:46] [esphB+mG2+N8I3ntRjK04Tgvv7o=] [Phantor] Checking offline messages for client
[2025-05-27 02:46:46] [esphB+mG2+N8I3ntRjK04Tgvv7o=] [Phantor] No offline messages found
[2025-05-27 02:46:47] [esphB+mG2+N8I3ntRjK04Tgvv7o=] [Phantor] Checking offline messages for client
[2025-05-27 02:46:47] [esphB+mG2+N8I3ntRjK04Tgvv7o=] [Phantor] No offline messages found
[2025-05-27 02:46:47] [esphB+mG2+N8I3ntRjK04Tgvv7o=] [Phantor] Checking offline messages for client
[2025-05-27 02:46:47] [esphB+mG2+N8I3ntRjK04Tgvv7o=] [Phantor] No offline messages found
[2025-05-27 02:48:26] [rfSlRu7uzjI8pCmk2erQZXW6+7M=] [juju] Checking offline messages for client
[2025-05-27 02:48:26] [rfSlRu7uzjI8pCmk2erQZXW6+7M=] [juju] No offline messages found
[2025-05-27 02:52:26] [/1zh5UZByLTdvlsutCxQEUPQ3jg=] [Skr] Checking offline messages for client
[2025-05-27 02:52:26] [/1zh5UZByLTdvlsutCxQEUPQ3jg=] [Skr] No offline messages found
[2025-05-27 02:57:28] [/1zh5UZByLTdvlsutCxQEUPQ3jg=] [Skr] Checking offline messages for client
[2025-05-27 02:57:28] [/1zh5UZByLTdvlsutCxQEUPQ3jg=] [Skr] No offline messages found
[2025-05-27 03:21:59] [7XEhyCyAaBBcTAxl1Rj4VEKsO60=] [Mota] Checking offline messages for client
[2025-05-27 03:21:59] [7XEhyCyAaBBcTAxl1Rj4VEKsO60=] [Mota] No offline messages found
[2025-05-27 03:32:13] [qI2AgL2fCVT+OOYvCkUB1vKBbFE=] [xDimitryxEc] Checking offline messages for client
[2025-05-27 03:32:13] [qI2AgL2fCVT+OOYvCkUB1vKBbFE=] [xDimitryxEc] No offline messages found
[2025-05-27 03:33:21] [fgOeoBk6I+eD6fz/JvW68oJh6ms=] [Ministry of Silly Walks] Checking offline messages for client
[2025-05-27 03:33:21] [fgOeoBk6I+eD6fz/JvW68oJh6ms=] [Ministry of Silly Walks] No offline messages found
[2025-05-27 03:43:34] [/1zh5UZByLTdvlsutCxQEUPQ3jg=] [Skr] Checking offline messages for client
[2025-05-27 03:43:34] [/1zh5UZByLTdvlsutCxQEUPQ3jg=] [Skr] No offline messages found
[2025-05-27 05:06:41] [esphB+mG2+N8I3ntRjK04Tgvv7o=] [Phantor] Checking offline messages for client
[2025-05-27 05:06:41] [esphB+mG2+N8I3ntRjK04Tgvv7o=] [Phantor] No offline messages found
[2025-05-27 05:09:12] [qNsg0b7JeakWdOg/MBVUEfo+t/s=] [Chico] Checking offline messages for client
[2025-05-27 05:09:12] [qNsg0b7JeakWdOg/MBVUEfo+t/s=] [Chico] No offline messages found
[2025-05-27 06:32:39] [BeICdvIiZVCXM27KQGZo0ienVIU=] [ordep] Checking offline messages for client
[2025-05-27 06:32:39] [BeICdvIiZVCXM27KQGZo0ienVIU=] [ordep] No offline messages found
[2025-05-27 08:23:38] [ilO9JAl5glx+WikZA6SZqmic0Iw=] [kaiizenn] Checking offline messages for client
[2025-05-27 08:23:38] [ilO9JAl5glx+WikZA6SZqmic0Iw=] [kaiizenn] No offline messages found
[2025-05-27 09:05:35] [WtWgpfS8UE18SW7yGXm3r1yoO/c=] [Kowismo] Checking offline messages for client
[2025-05-27 09:05:35] [WtWgpfS8UE18SW7yGXm3r1yoO/c=] [Kowismo] No offline messages found
[2025-05-27 09:21:05] [F1qmn+J1DjlIW/spQ4TpgTpSWzg=] [moi] Checking offline messages for client
[2025-05-27 09:21:05] [F1qmn+J1DjlIW/spQ4TpgTpSWzg=] [moi] No offline messages found
[2025-05-27 09:37:14] [RvQCOE641QKD3fODY/YAvxOrNw8=] [Luckyman] Checking offline messages for client
[2025-05-27 09:37:14] [RvQCOE641QKD3fODY/YAvxOrNw8=] [Luckyman] No offline messages found
[2025-05-27 09:39:12] [h0VuCZ2TUXFCJCTTYaDOlIsousY=] [Oleg] Checking offline messages for client
[2025-05-27 09:39:12] [h0VuCZ2TUXFCJCTTYaDOlIsousY=] [Oleg] Found 1 offline messages
[2025-05-27 09:39:14] [h0VuCZ2TUXFCJCTTYaDOlIsousY=] [Oleg] Sent poke message: Your private channel has been renumbered from #47 to #46 to maintain sorting order.
[2025-05-27 09:39:14] [h0VuCZ2TUXFCJCTTYaDOlIsousY=] [Oleg] Deleted 1 delivered messages from database
[2025-05-27 09:46:02] [8Scl5bVgI1QXkVUIDlePsRY6hh4=] [TheKingFish] Checking offline messages for client
[2025-05-27 09:46:02] [8Scl5bVgI1QXkVUIDlePsRY6hh4=] [TheKingFish] No offline messages found
[2025-05-27 09:47:25] [gIv03ZtQuihw+6fOW0VT0H6h6c8=] [chapa] Checking offline messages for client
[2025-05-27 09:47:25] [gIv03ZtQuihw+6fOW0VT0H6h6c8=] [chapa] No offline messages found
[2025-05-27 09:47:28] [ow+Zi/O4SnJIvwHosoZ7zIvOOK8=] [shinigami] Checking offline messages for client
[2025-05-27 09:47:28] [ow+Zi/O4SnJIvwHosoZ7zIvOOK8=] [shinigami] No offline messages found
[2025-05-27 10:01:54] [j4VaV46XhkmzcjbVPFuyIU0vCLs=] [nox] Checking offline messages for client
[2025-05-27 10:01:54] [j4VaV46XhkmzcjbVPFuyIU0vCLs=] [nox] No offline messages found
[2025-05-27 10:15:17] [WtWgpfS8UE18SW7yGXm3r1yoO/c=] [Kowismo] Checking offline messages for client
[2025-05-27 10:15:17] [WtWgpfS8UE18SW7yGXm3r1yoO/c=] [Kowismo] No offline messages found
[2025-05-27 10:15:24] [WtWgpfS8UE18SW7yGXm3r1yoO/c=] [Kowismo] Checking offline messages for client
[2025-05-27 10:15:24] [WtWgpfS8UE18SW7yGXm3r1yoO/c=] [Kowismo] No offline messages found
[2025-05-27 10:16:27] [WtWgpfS8UE18SW7yGXm3r1yoO/c=] [Kowismo] Checking offline messages for client
[2025-05-27 10:16:27] [WtWgpfS8UE18SW7yGXm3r1yoO/c=] [Kowismo] No offline messages found
[2025-05-27 10:16:46] [47RTStfCJF8Op/05hHcrZgp/ULk=] [Hamburger] Checking offline messages for client
[2025-05-27 10:16:46] [47RTStfCJF8Op/05hHcrZgp/ULk=] [Hamburger] No offline messages found
[2025-05-27 10:16:54] [xP+cajxpVG4mMrTOKROM/WsK4pw=] [Hamburger] Checking offline messages for client
[2025-05-27 10:16:54] [xP+cajxpVG4mMrTOKROM/WsK4pw=] [Hamburger] No offline messages found
[2025-05-27 10:19:17] [xP+cajxpVG4mMrTOKROM/WsK4pw=] [Hamburger] Checking offline messages for client
[2025-05-27 10:19:17] [xP+cajxpVG4mMrTOKROM/WsK4pw=] [Hamburger] No offline messages found
[2025-05-27 10:24:43] [aEmjlKBkg2d9gRUFp/PPg/JRL1M=] [hui] Checking offline messages for client
[2025-05-27 10:24:43] [aEmjlKBkg2d9gRUFp/PPg/JRL1M=] [hui] No offline messages found
[2025-05-27 10:36:29] [xP+cajxpVG4mMrTOKROM/WsK4pw=] [Hamburger] Checking offline messages for client
[2025-05-27 10:36:29] [xP+cajxpVG4mMrTOKROM/WsK4pw=] [Hamburger] No offline messages found
[2025-05-27 10:39:23] [xP+cajxpVG4mMrTOKROM/WsK4pw=] [Hamburger] Checking offline messages for client
[2025-05-27 10:39:23] [xP+cajxpVG4mMrTOKROM/WsK4pw=] [Hamburger] No offline messages found
[2025-05-27 10:41:31] [NrinzN9i22mrI5io8FdxB4B1/Os=] [daGGetTt] Checking offline messages for client
[2025-05-27 10:41:31] [NrinzN9i22mrI5io8FdxB4B1/Os=] [daGGetTt] No offline messages found
[2025-05-27 10:45:33] [WtWgpfS8UE18SW7yGXm3r1yoO/c=] [Kowismo1] Checking offline messages for client
[2025-05-27 10:45:33] [WtWgpfS8UE18SW7yGXm3r1yoO/c=] [Kowismo1] No offline messages found
[2025-05-27 10:49:59] [yNFUjD+LJEqojKPPlPGtCAVEYRU=] [Боцман777] Checking offline messages for client
[2025-05-27 10:49:59] [yNFUjD+LJEqojKPPlPGtCAVEYRU=] [Боцман777] No offline messages found
[2025-05-27 10:56:00] [qvf2/IsRm9TsXSmNMeDEuXuIC3s=] [Mood] Checking offline messages for client
[2025-05-27 10:56:00] [qvf2/IsRm9TsXSmNMeDEuXuIC3s=] [Mood] No offline messages found
[2025-05-27 10:58:38] [MCH5CUuHw7qLHVegyroS34EN/pQ=] [PastA1] Checking offline messages for client
[2025-05-27 10:58:38] [MCH5CUuHw7qLHVegyroS34EN/pQ=] [PastA1] No offline messages found
[2025-05-27 11:01:48] [8Scl5bVgI1QXkVUIDlePsRY6hh4=] [TheKingFish] Checking offline messages for client
[2025-05-27 11:01:48] [8Scl5bVgI1QXkVUIDlePsRY6hh4=] [TheKingFish] No offline messages found
[2025-05-27 11:08:15] [xP+cajxpVG4mMrTOKROM/WsK4pw=] [Hamburger] Checking offline messages for client
[2025-05-27 11:08:15] [xP+cajxpVG4mMrTOKROM/WsK4pw=] [Hamburger] No offline messages found
[2025-05-27 11:13:38] [WtWgpfS8UE18SW7yGXm3r1yoO/c=] [Kowismo1] Checking offline messages for client
[2025-05-27 11:13:38] [WtWgpfS8UE18SW7yGXm3r1yoO/c=] [Kowismo1] No offline messages found
[2025-05-27 11:13:56] [xP+cajxpVG4mMrTOKROM/WsK4pw=] [Hamburger] Checking offline messages for client
[2025-05-27 11:13:56] [xP+cajxpVG4mMrTOKROM/WsK4pw=] [Hamburger] No offline messages found
[2025-05-27 11:14:56] [xP+cajxpVG4mMrTOKROM/WsK4pw=] [Hamburger] Checking offline messages for client
[2025-05-27 11:14:56] [xP+cajxpVG4mMrTOKROM/WsK4pw=] [Hamburger] No offline messages found
[2025-05-27 11:15:01] [xP+cajxpVG4mMrTOKROM/WsK4pw=] [Hamburger] Checking offline messages for client
[2025-05-27 11:15:01] [xP+cajxpVG4mMrTOKROM/WsK4pw=] [Hamburger] No offline messages found
[2025-05-27 11:27:26] [xP+cajxpVG4mMrTOKROM/WsK4pw=] [Hamburger] Checking offline messages for client
[2025-05-27 11:27:26] [xP+cajxpVG4mMrTOKROM/WsK4pw=] [Hamburger] No offline messages found
[2025-05-27 11:28:46] [xP+cajxpVG4mMrTOKROM/WsK4pw=] [Hamburger] Checking offline messages for client
[2025-05-27 11:28:46] [xP+cajxpVG4mMrTOKROM/WsK4pw=] [Hamburger] No offline messages found
[2025-05-27 11:30:26] [47RTStfCJF8Op/05hHcrZgp/ULk=] [Hamburger] Checking offline messages for client
[2025-05-27 11:30:26] [47RTStfCJF8Op/05hHcrZgp/ULk=] [Hamburger] No offline messages found
[2025-05-27 11:30:31] [xP+cajxpVG4mMrTOKROM/WsK4pw=] [Hamburger] Checking offline messages for client
[2025-05-27 11:30:31] [xP+cajxpVG4mMrTOKROM/WsK4pw=] [Hamburger] No offline messages found
[2025-05-27 11:37:58] [aEmjlKBkg2d9gRUFp/PPg/JRL1M=] [hui] Checking offline messages for client
[2025-05-27 11:37:58] [aEmjlKBkg2d9gRUFp/PPg/JRL1M=] [hui] No offline messages found
[2025-05-27 11:41:27] [xP+cajxpVG4mMrTOKROM/WsK4pw=] [Hamburger] Checking offline messages for client
[2025-05-27 11:41:27] [xP+cajxpVG4mMrTOKROM/WsK4pw=] [Hamburger] No offline messages found
[2025-05-27 11:42:38] [x8y4sba/WBUZo71Q9fDcqoHniLM=] [Levi] Checking offline messages for client
[2025-05-27 11:42:38] [x8y4sba/WBUZo71Q9fDcqoHniLM=] [Levi] No offline messages found
[2025-05-27 11:43:04] [Chs2gds0q5c5sHk5GQqGy9JmwQg=] [teaman11] Checking offline messages for client
[2025-05-27 11:43:04] [Chs2gds0q5c5sHk5GQqGy9JmwQg=] [teaman11] No offline messages found
[2025-05-27 11:43:18] [Chs2gds0q5c5sHk5GQqGy9JmwQg=] [teaman11] Checking offline messages for client
[2025-05-27 11:43:18] [Chs2gds0q5c5sHk5GQqGy9JmwQg=] [teaman11] No offline messages found
[2025-05-27 11:43:21] [vNR5X++zau0WAsrzix6zPKeAKzE=] [FHJGDJHG] Checking offline messages for client
[2025-05-27 11:43:21] [vNR5X++zau0WAsrzix6zPKeAKzE=] [FHJGDJHG] No offline messages found
[2025-05-27 11:47:04] [FIHRd8H6xRTj1jyU280xFtyPXDM=] [liqui_88] Checking offline messages for client
[2025-05-27 11:47:04] [FIHRd8H6xRTj1jyU280xFtyPXDM=] [liqui_88] No offline messages found
[2025-05-27 11:48:12] [xP+cajxpVG4mMrTOKROM/WsK4pw=] [Hamburger] Checking offline messages for client
[2025-05-27 11:48:12] [xP+cajxpVG4mMrTOKROM/WsK4pw=] [Hamburger] No offline messages found
[2025-05-27 11:49:23] [xP+cajxpVG4mMrTOKROM/WsK4pw=] [Hamburger] Checking offline messages for client
[2025-05-27 11:49:23] [xP+cajxpVG4mMrTOKROM/WsK4pw=] [Hamburger] No offline messages found
[2025-05-27 11:53:56] [WtWgpfS8UE18SW7yGXm3r1yoO/c=] [Kowismo] Checking offline messages for client
[2025-05-27 11:53:56] [WtWgpfS8UE18SW7yGXm3r1yoO/c=] [Kowismo] Found 1 offline messages
[2025-05-27 11:53:58] [WtWgpfS8UE18SW7yGXm3r1yoO/c=] [Kowismo] Sent poke message: Your private channel has been renumbered from #50 to #49 to maintain sorting order.
[2025-05-27 11:53:58] [WtWgpfS8UE18SW7yGXm3r1yoO/c=] [Kowismo] Deleted 1 delivered messages from database
[2025-05-27 11:59:47] [WtWgpfS8UE18SW7yGXm3r1yoO/c=] [Kowismo] Checking offline messages for client
[2025-05-27 11:59:47] [WtWgpfS8UE18SW7yGXm3r1yoO/c=] [Kowismo] Found 1 offline messages
[2025-05-27 11:59:49] [WtWgpfS8UE18SW7yGXm3r1yoO/c=] [Kowismo] Sent poke message: Your private channel has been renumbered from #0 to #49 to maintain sorting order.
[2025-05-27 11:59:49] [WtWgpfS8UE18SW7yGXm3r1yoO/c=] [Kowismo] Deleted 1 delivered messages from database
[2025-05-27 12:00:02] [WtWgpfS8UE18SW7yGXm3r1yoO/c=] [Kowismo] Checking offline messages for client
[2025-05-27 12:00:02] [WtWgpfS8UE18SW7yGXm3r1yoO/c=] [Kowismo] No offline messages found
[2025-05-27 12:00:33] [WtWgpfS8UE18SW7yGXm3r1yoO/c=] [Kowismo] Checking offline messages for client
[2025-05-27 12:00:33] [WtWgpfS8UE18SW7yGXm3r1yoO/c=] [Kowismo] No offline messages found
[2025-05-27 12:09:07] [xPOPrWPQum4PIXMqKPMGCRW2z7g=] [skbd] Checking offline messages for client
[2025-05-27 12:09:07] [xPOPrWPQum4PIXMqKPMGCRW2z7g=] [skbd] No offline messages found
[2025-05-27 12:10:24] [s5SoU0O6Mp2lEkoeWlMc2247gBk=] [don] Checking offline messages for client
[2025-05-27 12:10:24] [s5SoU0O6Mp2lEkoeWlMc2247gBk=] [don] No offline messages found
[2025-05-27 12:11:35] [JeRDsn5NNuoif7xSE7UhSMCw9rc=] [TeamSpeakUser2] Checking offline messages for client
[2025-05-27 12:11:35] [JeRDsn5NNuoif7xSE7UhSMCw9rc=] [TeamSpeakUser2] No offline messages found
[2025-05-27 12:22:55] [KgtWKCUgHe+YIFq4EEIuJUQeydU=] [Mehdi_km81] Checking offline messages for client
[2025-05-27 12:22:55] [KgtWKCUgHe+YIFq4EEIuJUQeydU=] [Mehdi_km81] No offline messages found
[2025-05-27 12:24:49] [JQjkbXWg2IZZb/L8yEMNhCkXVDo=] [Ali_heydari*9] Checking offline messages for client
[2025-05-27 12:24:49] [JQjkbXWg2IZZb/L8yEMNhCkXVDo=] [Ali_heydari*9] No offline messages found
[2025-05-27 12:25:15] [WtWgpfS8UE18SW7yGXm3r1yoO/c=] [Kowismo] Checking offline messages for client
[2025-05-27 12:25:15] [WtWgpfS8UE18SW7yGXm3r1yoO/c=] [Kowismo] No offline messages found
[2025-05-27 12:36:22] [7lkgv1NgBUC4Nbvfz0XxfSTDHSQ=] [Platonuch_UA] Checking offline messages for client
[2025-05-27 12:36:22] [7lkgv1NgBUC4Nbvfz0XxfSTDHSQ=] [Platonuch_UA] No offline messages found
[2025-05-27 12:37:39] [39Hn80GzU936S3hLOAjj8iP5kpg=] [Shawaj] Checking offline messages for client
[2025-05-27 12:37:39] [39Hn80GzU936S3hLOAjj8iP5kpg=] [Shawaj] No offline messages found
[2025-05-27 12:40:28] [h0VuCZ2TUXFCJCTTYaDOlIsousY=] [Oleg] Checking offline messages for client
[2025-05-27 12:40:28] [h0VuCZ2TUXFCJCTTYaDOlIsousY=] [Oleg] No offline messages found
[2025-05-27 12:43:39] [1DnWLRgS2QfI/n3VG10tZCF37DE=] [артур пирожков] Checking offline messages for client
[2025-05-27 12:43:39] [1DnWLRgS2QfI/n3VG10tZCF37DE=] [артур пирожков] No offline messages found
[2025-05-27 12:45:25] [OSuJmyATK35yzJtpMgOmp65oKhE=] [d3d9x] Checking offline messages for client
[2025-05-27 12:45:25] [OSuJmyATK35yzJtpMgOmp65oKhE=] [d3d9x] No offline messages found
[2025-05-27 12:47:12] [FIHRd8H6xRTj1jyU280xFtyPXDM=] [liqui_88] Checking offline messages for client
[2025-05-27 12:47:12] [FIHRd8H6xRTj1jyU280xFtyPXDM=] [liqui_88] No offline messages found
[2025-05-27 12:49:48] [rFsvB6UkgZVz/RJzXSK320XxZjU=] [lissizzy] Checking offline messages for client
[2025-05-27 12:49:48] [rFsvB6UkgZVz/RJzXSK320XxZjU=] [lissizzy] No offline messages found
[2025-05-27 12:57:22] [2rkwn/jv1FIR6DqtosxYTJMsanY=] [TeamSpeakUser] Checking offline messages for client
[2025-05-27 12:57:22] [2rkwn/jv1FIR6DqtosxYTJMsanY=] [TeamSpeakUser] No offline messages found
[2025-05-27 12:57:49] [RvQCOE641QKD3fODY/YAvxOrNw8=] [Luckyman] Checking offline messages for client
[2025-05-27 12:57:49] [RvQCOE641QKD3fODY/YAvxOrNw8=] [Luckyman] No offline messages found
[2025-05-27 12:58:39] [jyNREbFc1g7kS1FKSohnZyaSx+g=] [ivansultan] Checking offline messages for client
[2025-05-27 12:58:39] [jyNREbFc1g7kS1FKSohnZyaSx+g=] [ivansultan] No offline messages found
[2025-05-27 12:59:23] [ATqp7GEsF2VumrPFrQ+W8icYfjg=] [gotti] Checking offline messages for client
[2025-05-27 12:59:23] [ATqp7GEsF2VumrPFrQ+W8icYfjg=] [gotti] No offline messages found
[2025-05-27 13:01:17] [jcwPuA5b+3do0YlnUv+tXXj3p9o=] [Zerohi] Checking offline messages for client
[2025-05-27 13:01:17] [jcwPuA5b+3do0YlnUv+tXXj3p9o=] [Zerohi] No offline messages found
[2025-05-27 13:02:23] [OSuJmyATK35yzJtpMgOmp65oKhE=] [d3d9x] Checking offline messages for client
[2025-05-27 13:02:23] [OSuJmyATK35yzJtpMgOmp65oKhE=] [d3d9x] No offline messages found
[2025-05-27 13:04:01] [0pfL6k6+uhY3YJUK1FucX6agAV8=] [MC durak] Checking offline messages for client
[2025-05-27 13:04:01] [0pfL6k6+uhY3YJUK1FucX6agAV8=] [MC durak] No offline messages found
[2025-05-27 13:06:27] [FIHRd8H6xRTj1jyU280xFtyPXDM=] [liqui_88] Checking offline messages for client
[2025-05-27 13:06:27] [FIHRd8H6xRTj1jyU280xFtyPXDM=] [liqui_88] No offline messages found
[2025-05-27 13:11:21] [jyNREbFc1g7kS1FKSohnZyaSx+g=] [ivansultan] Checking offline messages for client
[2025-05-27 13:11:21] [jyNREbFc1g7kS1FKSohnZyaSx+g=] [ivansultan] No offline messages found
[2025-05-27 13:15:42] [5tr0bmquCHHSQKHnrvHDA84gg1s=] [DADA] Checking offline messages for client
[2025-05-27 13:15:42] [5tr0bmquCHHSQKHnrvHDA84gg1s=] [DADA] No offline messages found
[2025-05-27 13:16:02] [MarBbTtCOdPsPCcTGPUko7UH7Sk=] [billy nogami] Checking offline messages for client
[2025-05-27 13:16:02] [MarBbTtCOdPsPCcTGPUko7UH7Sk=] [billy nogami] No offline messages found
[2025-05-27 13:19:52] [gITtVlfHYxsd3mvOfTblKNtJBDU=] [4iff] Checking offline messages for client
[2025-05-27 13:19:52] [gITtVlfHYxsd3mvOfTblKNtJBDU=] [4iff] No offline messages found
[2025-05-27 13:36:54] [QFOoQ6Mg2dbrrKfVQEqUbdv5Eqg=] [dosma666] Checking offline messages for client
[2025-05-27 13:36:54] [QFOoQ6Mg2dbrrKfVQEqUbdv5Eqg=] [dosma666] No offline messages found
[2025-05-27 13:37:05] [mLx0Hk4TMipqUwGhs4qaQnVuCRc=] [ywyw] Checking offline messages for client
[2025-05-27 13:37:05] [mLx0Hk4TMipqUwGhs4qaQnVuCRc=] [ywyw] No offline messages found
[2025-05-27 14:02:17] [aEmjlKBkg2d9gRUFp/PPg/JRL1M=] [hui] Checking offline messages for client
[2025-05-27 14:02:17] [aEmjlKBkg2d9gRUFp/PPg/JRL1M=] [hui] No offline messages found
[2025-05-27 14:02:18] [NrinzN9i22mrI5io8FdxB4B1/Os=] [daGGetTt] Checking offline messages for client
[2025-05-27 14:02:18] [NrinzN9i22mrI5io8FdxB4B1/Os=] [daGGetTt] No offline messages found
[2025-05-27 14:08:00] [gIv03ZtQuihw+6fOW0VT0H6h6c8=] [chapa] Checking offline messages for client
[2025-05-27 14:08:00] [gIv03ZtQuihw+6fOW0VT0H6h6c8=] [chapa] No offline messages found
[2025-05-27 14:18:41] [b7yeVGj+sfUQrqVGU5rlFHIogvU=] [saleh_4] Checking offline messages for client
[2025-05-27 14:18:41] [b7yeVGj+sfUQrqVGU5rlFHIogvU=] [saleh_4] No offline messages found
[2025-05-27 14:20:22] [FHmAvJvW6N6mPDWTwpRQABw6rAk=] [Алексей] Checking offline messages for client
[2025-05-27 14:20:22] [FHmAvJvW6N6mPDWTwpRQABw6rAk=] [Алексей] No offline messages found
[2025-05-27 14:31:25] [nIQOawer89tHUDGKaV+eAn1G8N8=] [x7uned 🌊] Checking offline messages for client
[2025-05-27 14:31:25] [nIQOawer89tHUDGKaV+eAn1G8N8=] [x7uned 🌊] No offline messages found
[2025-05-27 14:31:26] [nIQOawer89tHUDGKaV+eAn1G8N8=] [x7uned 🌊] Checking offline messages for client
[2025-05-27 14:31:26] [nIQOawer89tHUDGKaV+eAn1G8N8=] [x7uned 🌊] No offline messages found
[2025-05-27 14:31:26] [nIQOawer89tHUDGKaV+eAn1G8N8=] [x7uned 🌊] Checking offline messages for client
[2025-05-27 14:31:26] [nIQOawer89tHUDGKaV+eAn1G8N8=] [x7uned 🌊] No offline messages found
[2025-05-27 14:38:38] [RYUvozu9YD3MDRA32U+iT0lGsNE=] [Ace] Checking offline messages for client
[2025-05-27 14:38:38] [RYUvozu9YD3MDRA32U+iT0lGsNE=] [Ace] No offline messages found
[2025-05-27 14:56:19] [zQBV+zr0os6YT3ktHjBJZW0cRd8=] [Tufix] Checking offline messages for client
[2025-05-27 14:56:19] [zQBV+zr0os6YT3ktHjBJZW0cRd8=] [Tufix] No offline messages found
[2025-05-27 14:58:10] [6loDKB5pFq9h9EZ8lWJAl1sRiNA=] [kagixxx] Checking offline messages for client
[2025-05-27 14:58:10] [6loDKB5pFq9h9EZ8lWJAl1sRiNA=] [kagixxx] No offline messages found
[2025-05-27 14:58:20] [1eHK5RBJO1VYiV6Fja2iiHvAIls=] [d3yk0ne] Checking offline messages for client
[2025-05-27 14:58:20] [1eHK5RBJO1VYiV6Fja2iiHvAIls=] [d3yk0ne] Found 1 offline messages
[2025-05-27 14:58:22] [1eHK5RBJO1VYiV6Fja2iiHvAIls=] [d3yk0ne] Sent poke message: Your private channel has been renumbered from #30 to #29 to maintain sorting order.
[2025-05-27 14:58:22] [1eHK5RBJO1VYiV6Fja2iiHvAIls=] [d3yk0ne] Deleted 1 delivered messages from database
[2025-05-27 15:06:03] [6loDKB5pFq9h9EZ8lWJAl1sRiNA=] [kagixxx] Checking offline messages for client
[2025-05-27 15:06:03] [6loDKB5pFq9h9EZ8lWJAl1sRiNA=] [kagixxx] No offline messages found
[2025-05-27 15:12:08] [luH1vXMNxpB8/TbCuO4vxkXb7FE=] [TeamSpeakUser] Checking offline messages for client
[2025-05-27 15:12:08] [luH1vXMNxpB8/TbCuO4vxkXb7FE=] [TeamSpeakUser] No offline messages found
[2025-05-27 15:16:54] [6loDKB5pFq9h9EZ8lWJAl1sRiNA=] [kagixxx] Checking offline messages for client
[2025-05-27 15:16:54] [6loDKB5pFq9h9EZ8lWJAl1sRiNA=] [kagixxx] No offline messages found
[2025-05-27 15:17:49] [6loDKB5pFq9h9EZ8lWJAl1sRiNA=] [kagixxx] Checking offline messages for client
[2025-05-27 15:17:49] [6loDKB5pFq9h9EZ8lWJAl1sRiNA=] [kagixxx] No offline messages found
[2025-05-27 15:18:34] [6loDKB5pFq9h9EZ8lWJAl1sRiNA=] [kagixxx] Checking offline messages for client
[2025-05-27 15:18:34] [6loDKB5pFq9h9EZ8lWJAl1sRiNA=] [kagixxx] No offline messages found
[2025-05-27 15:19:26] [6loDKB5pFq9h9EZ8lWJAl1sRiNA=] [kagixxx] Checking offline messages for client
[2025-05-27 15:19:26] [6loDKB5pFq9h9EZ8lWJAl1sRiNA=] [kagixxx] No offline messages found
[2025-05-27 15:20:37] [6loDKB5pFq9h9EZ8lWJAl1sRiNA=] [kagixxx] Checking offline messages for client
[2025-05-27 15:20:37] [6loDKB5pFq9h9EZ8lWJAl1sRiNA=] [kagixxx] No offline messages found
[2025-05-27 15:29:35] [6loDKB5pFq9h9EZ8lWJAl1sRiNA=] [kagixxx] Checking offline messages for client
[2025-05-27 15:29:35] [6loDKB5pFq9h9EZ8lWJAl1sRiNA=] [kagixxx] No offline messages found
[2025-05-27 15:32:19] [kZcUh2jo+wq6b2dVS0YlCqCebY0=] [ASLAN] Checking offline messages for client
[2025-05-27 15:32:19] [kZcUh2jo+wq6b2dVS0YlCqCebY0=] [ASLAN] No offline messages found
[2025-05-27 15:32:28] [LhEEQrnMBoE8lBlDfr124WWh/jQ=] [EJEX] Checking offline messages for client
[2025-05-27 15:32:28] [LhEEQrnMBoE8lBlDfr124WWh/jQ=] [EJEX] No offline messages found
[2025-05-27 15:32:44] [ZxPACqCwT8cMRA1nhqpganfzryI=] [fury2138] Checking offline messages for client
[2025-05-27 15:32:44] [ZxPACqCwT8cMRA1nhqpganfzryI=] [fury2138] No offline messages found
[2025-05-27 15:33:36] [X6E5/N6c4x3DmVvfM1A7J4pIjC0=] [Omar] Checking offline messages for client
[2025-05-27 15:33:36] [X6E5/N6c4x3DmVvfM1A7J4pIjC0=] [Omar] No offline messages found
[2025-05-27 15:33:48] [X6E5/N6c4x3DmVvfM1A7J4pIjC0=] [Omar] Checking offline messages for client
[2025-05-27 15:33:48] [X6E5/N6c4x3DmVvfM1A7J4pIjC0=] [Omar] No offline messages found
[2025-05-27 15:33:56] [X6E5/N6c4x3DmVvfM1A7J4pIjC0=] [Omar] Checking offline messages for client
[2025-05-27 15:33:56] [X6E5/N6c4x3DmVvfM1A7J4pIjC0=] [Omar] No offline messages found
[2025-05-27 15:37:44] [6loDKB5pFq9h9EZ8lWJAl1sRiNA=] [kagixxx] Checking offline messages for client
[2025-05-27 15:37:44] [6loDKB5pFq9h9EZ8lWJAl1sRiNA=] [kagixxx] No offline messages found
[2025-05-27 15:39:00] [6loDKB5pFq9h9EZ8lWJAl1sRiNA=] [kagixxx] Checking offline messages for client
[2025-05-27 15:39:00] [6loDKB5pFq9h9EZ8lWJAl1sRiNA=] [kagixxx] No offline messages found
[2025-05-27 15:39:32] [6loDKB5pFq9h9EZ8lWJAl1sRiNA=] [kagixxx] Checking offline messages for client
[2025-05-27 15:39:32] [6loDKB5pFq9h9EZ8lWJAl1sRiNA=] [kagixxx] No offline messages found
[2025-05-27 15:40:37] [WtWgpfS8UE18SW7yGXm3r1yoO/c=] [Kowismo] Checking offline messages for client
[2025-05-27 15:40:37] [WtWgpfS8UE18SW7yGXm3r1yoO/c=] [Kowismo] No offline messages found
[2025-05-27 15:40:53] [kZcUh2jo+wq6b2dVS0YlCqCebY0=] [ASLAN] Checking offline messages for client
[2025-05-27 15:40:53] [kZcUh2jo+wq6b2dVS0YlCqCebY0=] [ASLAN] No offline messages found
[2025-05-27 15:42:16] [6loDKB5pFq9h9EZ8lWJAl1sRiNA=] [kagixxx] Checking offline messages for client
[2025-05-27 15:42:16] [6loDKB5pFq9h9EZ8lWJAl1sRiNA=] [kagixxx] No offline messages found
[2025-05-27 15:42:41] [WtWgpfS8UE18SW7yGXm3r1yoO/c=] [Kowismo] Checking offline messages for client
[2025-05-27 15:42:41] [WtWgpfS8UE18SW7yGXm3r1yoO/c=] [Kowismo] No offline messages found
[2025-05-27 15:42:51] [6loDKB5pFq9h9EZ8lWJAl1sRiNA=] [kagixxx] Checking offline messages for client
[2025-05-27 15:42:51] [6loDKB5pFq9h9EZ8lWJAl1sRiNA=] [kagixxx] No offline messages found
[2025-05-27 15:43:09] [WtWgpfS8UE18SW7yGXm3r1yoO/c=] [Kowismo] Checking offline messages for client
[2025-05-27 15:43:09] [WtWgpfS8UE18SW7yGXm3r1yoO/c=] [Kowismo] No offline messages found
[2025-05-27 15:43:20] [igLR0Qw88l2utvuPuQTy5TXjVdA=] [AlvaRoniX$] Checking offline messages for client
[2025-05-27 15:43:20] [igLR0Qw88l2utvuPuQTy5TXjVdA=] [AlvaRoniX$] No offline messages found
[2025-05-27 15:43:26] [WtWgpfS8UE18SW7yGXm3r1yoO/c=] [Kowismo] Checking offline messages for client
[2025-05-27 15:43:26] [WtWgpfS8UE18SW7yGXm3r1yoO/c=] [Kowismo] No offline messages found
[2025-05-27 15:43:38] [WtWgpfS8UE18SW7yGXm3r1yoO/c=] [Kowismo] Checking offline messages for client
[2025-05-27 15:43:38] [WtWgpfS8UE18SW7yGXm3r1yoO/c=] [Kowismo] No offline messages found
[2025-05-27 15:44:10] [WtWgpfS8UE18SW7yGXm3r1yoO/c=] [Kowismo] Checking offline messages for client
[2025-05-27 15:44:10] [WtWgpfS8UE18SW7yGXm3r1yoO/c=] [Kowismo] No offline messages found
[2025-05-27 15:44:27] [xP+cajxpVG4mMrTOKROM/WsK4pw=] [Hamburger] Checking offline messages for client
[2025-05-27 15:44:27] [xP+cajxpVG4mMrTOKROM/WsK4pw=] [Hamburger] No offline messages found
[2025-05-27 15:44:30] [WtWgpfS8UE18SW7yGXm3r1yoO/c=] [Kowismo] Checking offline messages for client
[2025-05-27 15:44:30] [WtWgpfS8UE18SW7yGXm3r1yoO/c=] [Kowismo] No offline messages found
[2025-05-27 15:44:59] [xP+cajxpVG4mMrTOKROM/WsK4pw=] [Hamburger] Checking offline messages for client
[2025-05-27 15:44:59] [xP+cajxpVG4mMrTOKROM/WsK4pw=] [Hamburger] No offline messages found
[2025-05-27 15:45:07] [xP+cajxpVG4mMrTOKROM/WsK4pw=] [Hamburger] Checking offline messages for client
[2025-05-27 15:45:07] [xP+cajxpVG4mMrTOKROM/WsK4pw=] [Hamburger] No offline messages found
[2025-05-27 15:45:36] [yBICHbhgjt9SlHyQu3BZbOYMUQU=] [H0R0Z] Checking offline messages for client
[2025-05-27 15:45:36] [yBICHbhgjt9SlHyQu3BZbOYMUQU=] [H0R0Z] No offline messages found
[2025-05-27 15:50:42] [6loDKB5pFq9h9EZ8lWJAl1sRiNA=] [kagixxx] Checking offline messages for client
[2025-05-27 15:50:42] [6loDKB5pFq9h9EZ8lWJAl1sRiNA=] [kagixxx] No offline messages found
[2025-05-27 15:51:13] [ATqp7GEsF2VumrPFrQ+W8icYfjg=] [gotti] Checking offline messages for client
[2025-05-27 15:51:13] [ATqp7GEsF2VumrPFrQ+W8icYfjg=] [gotti] No offline messages found
[2025-05-27 15:51:26] [6loDKB5pFq9h9EZ8lWJAl1sRiNA=] [kagixxx] Checking offline messages for client
[2025-05-27 15:51:26] [6loDKB5pFq9h9EZ8lWJAl1sRiNA=] [kagixxx] No offline messages found
[2025-05-27 15:52:01] [6loDKB5pFq9h9EZ8lWJAl1sRiNA=] [kagixxx] Checking offline messages for client
[2025-05-27 15:52:01] [6loDKB5pFq9h9EZ8lWJAl1sRiNA=] [kagixxx] No offline messages found
[2025-05-27 15:52:59] [6loDKB5pFq9h9EZ8lWJAl1sRiNA=] [kagixxx] Checking offline messages for client
[2025-05-27 15:52:59] [6loDKB5pFq9h9EZ8lWJAl1sRiNA=] [kagixxx] No offline messages found
[2025-05-27 15:53:46] [6loDKB5pFq9h9EZ8lWJAl1sRiNA=] [kagixxx] Checking offline messages for client
[2025-05-27 15:53:46] [6loDKB5pFq9h9EZ8lWJAl1sRiNA=] [kagixxx] No offline messages found
[2025-05-27 15:54:20] [yNFUjD+LJEqojKPPlPGtCAVEYRU=] [Боцман777] Checking offline messages for client
[2025-05-27 15:54:20] [yNFUjD+LJEqojKPPlPGtCAVEYRU=] [Боцман777] No offline messages found
[2025-05-27 15:54:38] [6loDKB5pFq9h9EZ8lWJAl1sRiNA=] [kagixxx] Checking offline messages for client
[2025-05-27 15:54:38] [6loDKB5pFq9h9EZ8lWJAl1sRiNA=] [kagixxx] No offline messages found
[2025-05-27 15:56:13] [6loDKB5pFq9h9EZ8lWJAl1sRiNA=] [kagixxx] Checking offline messages for client
[2025-05-27 15:56:13] [6loDKB5pFq9h9EZ8lWJAl1sRiNA=] [kagixxx] No offline messages found
[2025-05-27 15:56:23] [RvQCOE641QKD3fODY/YAvxOrNw8=] [Luckyman] Checking offline messages for client
[2025-05-27 15:56:23] [RvQCOE641QKD3fODY/YAvxOrNw8=] [Luckyman] No offline messages found
[2025-05-27 15:56:42] [6loDKB5pFq9h9EZ8lWJAl1sRiNA=] [kagixxx] Checking offline messages for client
[2025-05-27 15:56:42] [6loDKB5pFq9h9EZ8lWJAl1sRiNA=] [kagixxx] No offline messages found
[2025-05-27 15:58:09] [6loDKB5pFq9h9EZ8lWJAl1sRiNA=] [kagixxx] Checking offline messages for client
[2025-05-27 15:58:09] [6loDKB5pFq9h9EZ8lWJAl1sRiNA=] [kagixxx] No offline messages found
[2025-05-27 15:59:11] [L+TmeIwwlaYGI9jHFXnx3MCMRO8=] [larsenio] Checking offline messages for client
[2025-05-27 15:59:11] [L+TmeIwwlaYGI9jHFXnx3MCMRO8=] [larsenio] No offline messages found
[2025-05-27 15:59:49] [6loDKB5pFq9h9EZ8lWJAl1sRiNA=] [kagixxx] Checking offline messages for client
[2025-05-27 15:59:49] [6loDKB5pFq9h9EZ8lWJAl1sRiNA=] [kagixxx] No offline messages found
[2025-05-27 16:00:22] [6loDKB5pFq9h9EZ8lWJAl1sRiNA=] [kagixxx] Checking offline messages for client
[2025-05-27 16:00:22] [6loDKB5pFq9h9EZ8lWJAl1sRiNA=] [kagixxx] No offline messages found
[2025-05-27 16:01:08] [J59TlJOyXmeGAsjkHRqeI3rZA/8=] [SysmoUsercid=140] Checking offline messages for client
[2025-05-27 16:01:08] [J59TlJOyXmeGAsjkHRqeI3rZA/8=] [SysmoUsercid=140] No offline messages found
[2025-05-27 16:01:43] [L+TmeIwwlaYGI9jHFXnx3MCMRO8=] [larsenio] Checking offline messages for client
[2025-05-27 16:01:43] [L+TmeIwwlaYGI9jHFXnx3MCMRO8=] [larsenio] No offline messages found
[2025-05-27 16:02:17] [6loDKB5pFq9h9EZ8lWJAl1sRiNA=] [kagixxx] Checking offline messages for client
[2025-05-27 16:02:17] [6loDKB5pFq9h9EZ8lWJAl1sRiNA=] [kagixxx] No offline messages found
[2025-05-27 16:02:50] [6loDKB5pFq9h9EZ8lWJAl1sRiNA=] [kagixxx] Checking offline messages for client
[2025-05-27 16:02:50] [6loDKB5pFq9h9EZ8lWJAl1sRiNA=] [kagixxx] No offline messages found
[2025-05-27 16:02:51] [e1vImF/pvh7c+66eD1lHGlZ9N08=] [Fornax013] Checking offline messages for client
[2025-05-27 16:02:51] [e1vImF/pvh7c+66eD1lHGlZ9N08=] [Fornax013] No offline messages found
[2025-05-27 16:08:07] [L+TmeIwwlaYGI9jHFXnx3MCMRO8=] [larsenio] Checking offline messages for client
[2025-05-27 16:08:07] [L+TmeIwwlaYGI9jHFXnx3MCMRO8=] [larsenio] No offline messages found
[2025-05-27 16:08:33] [IdIi7kB17WXopOMKuVQFyzM8Fhs=] [ali] Checking offline messages for client
[2025-05-27 16:08:33] [IdIi7kB17WXopOMKuVQFyzM8Fhs=] [ali] No offline messages found
[2025-05-27 16:08:34] [/RRMs3gG8kLgnFQRIgh0MVnRUJI=] [sadadadasd] Checking offline messages for client
[2025-05-27 16:08:34] [/RRMs3gG8kLgnFQRIgh0MVnRUJI=] [sadadadasd] No offline messages found
[2025-05-27 16:09:20] [/RRMs3gG8kLgnFQRIgh0MVnRUJI=] [sadadadasd] Checking offline messages for client
[2025-05-27 16:09:20] [/RRMs3gG8kLgnFQRIgh0MVnRUJI=] [sadadadasd] No offline messages found
[2025-05-27 16:11:37] [/RRMs3gG8kLgnFQRIgh0MVnRUJI=] [sadadadasd] Checking offline messages for client
[2025-05-27 16:11:37] [/RRMs3gG8kLgnFQRIgh0MVnRUJI=] [sadadadasd] No offline messages found
[2025-05-27 16:14:54] [ow+Zi/O4SnJIvwHosoZ7zIvOOK8=] [shinigami] Checking offline messages for client
[2025-05-27 16:14:54] [ow+Zi/O4SnJIvwHosoZ7zIvOOK8=] [shinigami] No offline messages found
[2025-05-27 16:16:24] [okPB05Yw/R9uqp9oBr7M6RdxhIg=] [nam] Checking offline messages for client
[2025-05-27 16:16:24] [okPB05Yw/R9uqp9oBr7M6RdxhIg=] [nam] No offline messages found
[2025-05-27 16:16:29] [3Mq3EB+EEk14kwWNxOyGIgo45U8=] [HF IN GAME DANNY] Checking offline messages for client
[2025-05-27 16:16:29] [3Mq3EB+EEk14kwWNxOyGIgo45U8=] [HF IN GAME DANNY] No offline messages found
[2025-05-27 16:49:52] [X6E5/N6c4x3DmVvfM1A7J4pIjC0=] [Omar] Checking offline messages for client
[2025-05-27 16:49:52] [X6E5/N6c4x3DmVvfM1A7J4pIjC0=] [Omar] No offline messages found
[2025-05-27 16:50:16] [yBICHbhgjt9SlHyQu3BZbOYMUQU=] [H0R0Z] Checking offline messages for client
[2025-05-27 16:50:16] [yBICHbhgjt9SlHyQu3BZbOYMUQU=] [H0R0Z] No offline messages found
[2025-05-27 17:04:53] [iqhXyPfP3MC8F+w0pKyVoSLyF/I=] [FailRaik] Checking offline messages for client
[2025-05-27 17:04:53] [iqhXyPfP3MC8F+w0pKyVoSLyF/I=] [FailRaik] No offline messages found
[2025-05-27 17:07:41] [b+hpUOWDwc2wK9lwzeuAKgvOhQE=] [TeamSpeakUser] Checking offline messages for client
[2025-05-27 17:07:41] [b+hpUOWDwc2wK9lwzeuAKgvOhQE=] [TeamSpeakUser] No offline messages found
[2025-05-27 17:10:20] [1bxlkLWE1YEds4euACE9lSAD0Jg=] [Mr..Fury] Checking offline messages for client
[2025-05-27 17:10:20] [1bxlkLWE1YEds4euACE9lSAD0Jg=] [Mr..Fury] No offline messages found
[2025-05-27 17:11:29] [wzyMDRJrO+ymZI9TrnAeMdoxGTw=] [Хозяин Абатура №4] Checking offline messages for client
[2025-05-27 17:11:29] [wzyMDRJrO+ymZI9TrnAeMdoxGTw=] [Хозяин Абатура №4] No offline messages found
[2025-05-27 17:14:28] [h0VuCZ2TUXFCJCTTYaDOlIsousY=] [Oleg] Checking offline messages for client
[2025-05-27 17:14:28] [h0VuCZ2TUXFCJCTTYaDOlIsousY=] [Oleg] No offline messages found
[2025-05-27 17:20:00] [LhEEQrnMBoE8lBlDfr124WWh/jQ=] [EJEX] Checking offline messages for client
[2025-05-27 17:20:00] [LhEEQrnMBoE8lBlDfr124WWh/jQ=] [EJEX] No offline messages found
[2025-05-27 17:24:32] [JeRDsn5NNuoif7xSE7UhSMCw9rc=] [TeamSpeakUser2] Checking offline messages for client
[2025-05-27 17:24:32] [JeRDsn5NNuoif7xSE7UhSMCw9rc=] [TeamSpeakUser2] No offline messages found
[2025-05-27 17:25:18] [xPOPrWPQum4PIXMqKPMGCRW2z7g=] [skbd] Checking offline messages for client
[2025-05-27 17:25:18] [xPOPrWPQum4PIXMqKPMGCRW2z7g=] [skbd] No offline messages found
[2025-05-27 17:26:22] [ozRWsBWkjw1t4JPS8bHM5qgLPY0=] [glorbo fruttodrillo] Checking offline messages for client
[2025-05-27 17:26:22] [ozRWsBWkjw1t4JPS8bHM5qgLPY0=] [glorbo fruttodrillo] No offline messages found
[2025-05-27 17:27:16] [0TS7jt0APSegEgA9K9hIWfin7m0=] [dadaok] Checking offline messages for client
[2025-05-27 17:27:16] [0TS7jt0APSegEgA9K9hIWfin7m0=] [dadaok] No offline messages found
[2025-05-27 17:27:16] [0TS7jt0APSegEgA9K9hIWfin7m0=] [dadaok] Checking offline messages for client
[2025-05-27 17:27:16] [0TS7jt0APSegEgA9K9hIWfin7m0=] [dadaok] No offline messages found
[2025-05-27 17:27:17] [0TS7jt0APSegEgA9K9hIWfin7m0=] [dadaok] Checking offline messages for client
[2025-05-27 17:27:17] [0TS7jt0APSegEgA9K9hIWfin7m0=] [dadaok] No offline messages found
[2025-05-27 17:28:18] [5Oc2+R6eyJKPIKzcp3qWjXWBdBk=] [Tor4am] Checking offline messages for client
[2025-05-27 17:28:18] [5Oc2+R6eyJKPIKzcp3qWjXWBdBk=] [Tor4am] No offline messages found
[2025-05-27 17:29:05] [aKaAG6qoaxhtx8bSnAyKGSwgQvA=] [drxxxP] Checking offline messages for client
[2025-05-27 17:29:05] [aKaAG6qoaxhtx8bSnAyKGSwgQvA=] [drxxxP] No offline messages found
[2025-05-27 17:29:42] [ilO9JAl5glx+WikZA6SZqmic0Iw=] [kaiizenn] Checking offline messages for client
[2025-05-27 17:29:42] [ilO9JAl5glx+WikZA6SZqmic0Iw=] [kaiizenn] No offline messages found
[2025-05-27 17:36:50] [jdsZBBcuEzD3+oBXRBnVPJpGkI4=] [eatmyb8ls] Checking offline messages for client
[2025-05-27 17:36:50] [jdsZBBcuEzD3+oBXRBnVPJpGkI4=] [eatmyb8ls] No offline messages found
[2025-05-27 17:36:51] [jdsZBBcuEzD3+oBXRBnVPJpGkI4=] [eatmyb8ls] Checking offline messages for client
[2025-05-27 17:36:51] [jdsZBBcuEzD3+oBXRBnVPJpGkI4=] [eatmyb8ls] No offline messages found
[2025-05-27 17:36:51] [jdsZBBcuEzD3+oBXRBnVPJpGkI4=] [eatmyb8ls] Checking offline messages for client
[2025-05-27 17:36:51] [jdsZBBcuEzD3+oBXRBnVPJpGkI4=] [eatmyb8ls] No offline messages found
[2025-05-27 17:37:39] [0pZqXichHQBwgSoYTsZqTFC0yMM=] [Sector] Checking offline messages for client
[2025-05-27 17:37:39] [0pZqXichHQBwgSoYTsZqTFC0yMM=] [Sector] No offline messages found
[2025-05-27 17:42:32] [nrEFrg1QXE05wuZZG3BbdkciSEc=] [Dumina] Checking offline messages for client
[2025-05-27 17:42:32] [nrEFrg1QXE05wuZZG3BbdkciSEc=] [Dumina] No offline messages found
[2025-05-27 17:42:33] [TqcQoUJ8RqP+rNV4dpFolffaKKs=] [darac] Checking offline messages for client
[2025-05-27 17:42:33] [TqcQoUJ8RqP+rNV4dpFolffaKKs=] [darac] No offline messages found
[2025-05-27 17:43:40] [mjmMZmkF0BV3EE0zLxDPrq93lL8=] [mixaluch0707] Checking offline messages for client
[2025-05-27 17:43:40] [mjmMZmkF0BV3EE0zLxDPrq93lL8=] [mixaluch0707] No offline messages found
[2025-05-27 17:45:13] [WCwHwf3INL2AGiLLOfYjdEZaO2M=] [TeamSpeakUser1] Checking offline messages for client
[2025-05-27 17:45:13] [WCwHwf3INL2AGiLLOfYjdEZaO2M=] [TeamSpeakUser1] No offline messages found
[2025-05-27 17:51:46] [iqhXyPfP3MC8F+w0pKyVoSLyF/I=] [FailRaik] Checking offline messages for client
[2025-05-27 17:51:46] [iqhXyPfP3MC8F+w0pKyVoSLyF/I=] [FailRaik] No offline messages found
[2025-05-27 17:52:10] [gITtVlfHYxsd3mvOfTblKNtJBDU=] [4iff] Checking offline messages for client
[2025-05-27 17:52:10] [gITtVlfHYxsd3mvOfTblKNtJBDU=] [4iff] No offline messages found
[2025-05-27 17:57:05] [NrLfqmvuq6LG10V4p9MSfEiVrl4=] [пиаванпивапва] Checking offline messages for client
[2025-05-27 17:57:05] [NrLfqmvuq6LG10V4p9MSfEiVrl4=] [пиаванпивапва] No offline messages found
[2025-05-27 17:57:07] [SUT+/nxpKwjoJxdY4PhDm+DXOi4=] [wadas] Checking offline messages for client
[2025-05-27 17:57:07] [SUT+/nxpKwjoJxdY4PhDm+DXOi4=] [wadas] No offline messages found
[2025-05-27 17:57:23] [ML5A6zsLU8O+4axZqoMWBtAJ+4E=] [RoburOO] Checking offline messages for client
[2025-05-27 17:57:23] [ML5A6zsLU8O+4axZqoMWBtAJ+4E=] [RoburOO] No offline messages found
[2025-05-27 17:57:40] [VuNFAf3wIFc1IkWzOmahJ2tNnQw=] [amir-v13] Checking offline messages for client
[2025-05-27 17:57:40] [VuNFAf3wIFc1IkWzOmahJ2tNnQw=] [amir-v13] No offline messages found
[2025-05-27 17:59:42] [Yolrk0vLW7Jl+G3XWWoj32wvYHo=] [joy] Checking offline messages for client
[2025-05-27 17:59:42] [Yolrk0vLW7Jl+G3XWWoj32wvYHo=] [joy] No offline messages found
[2025-05-27 18:02:49] [F4Rot6aSlWU5OFZBOarP2RTzrYY=] [INSANE] Checking offline messages for client
[2025-05-27 18:02:49] [F4Rot6aSlWU5OFZBOarP2RTzrYY=] [INSANE] No offline messages found
[2025-05-27 18:03:50] [0Z2wqQcTx0kpb/KIf+NPkyv4b60=] [-W1LLL] Checking offline messages for client
[2025-05-27 18:03:50] [0Z2wqQcTx0kpb/KIf+NPkyv4b60=] [-W1LLL] No offline messages found
[2025-05-27 18:08:06] [KL0QZuz7P/nwwL6XYSCsDg/Yqw0=] [DIMAX] Checking offline messages for client
[2025-05-27 18:08:06] [KL0QZuz7P/nwwL6XYSCsDg/Yqw0=] [DIMAX] No offline messages found
[2025-05-27 18:08:07] [Afoqb5fqgY15LPQ0jZ/iOzeosLk=] [брочачо] Checking offline messages for client
[2025-05-27 18:08:07] [Afoqb5fqgY15LPQ0jZ/iOzeosLk=] [брочачо] No offline messages found
[2025-05-27 18:09:01] [y3awO0ennatOO9a236JGtByjKuM=] [воч ю мин] Checking offline messages for client
[2025-05-27 18:09:01] [y3awO0ennatOO9a236JGtByjKuM=] [воч ю мин] No offline messages found
[2025-05-27 18:09:09] [/RAzcpvI3kkRHrR2/6cu+vbbL7E=] [HELLKEEPER] Checking offline messages for client
[2025-05-27 18:09:09] [/RAzcpvI3kkRHrR2/6cu+vbbL7E=] [HELLKEEPER] No offline messages found
[2025-05-27 18:12:01] [0jiAGdm8wSHsSFe6zADVS9WUirk=] [Vasyanutkin] Checking offline messages for client
[2025-05-27 18:12:01] [0jiAGdm8wSHsSFe6zADVS9WUirk=] [Vasyanutkin] No offline messages found
[2025-05-27 18:23:58] [cbVTTju6JnSpBukGx7hTR4US3KY=] [TeamSpeakUser3] Checking offline messages for client
[2025-05-27 18:23:58] [cbVTTju6JnSpBukGx7hTR4US3KY=] [TeamSpeakUser3] No offline messages found
[2025-05-27 18:26:55] [SUT+/nxpKwjoJxdY4PhDm+DXOi4=] [wadas] Checking offline messages for client
[2025-05-27 18:26:55] [SUT+/nxpKwjoJxdY4PhDm+DXOi4=] [wadas] No offline messages found
[2025-05-27 18:29:49] [zplLYXriSF0hqWw82HYme0Qb6hU=] [BlvckMafia] Checking offline messages for client
[2025-05-27 18:29:49] [zplLYXriSF0hqWw82HYme0Qb6hU=] [BlvckMafia] No offline messages found
[2025-05-27 18:30:44] [Qf9eU8SAgAHD2e/a+4SOA0v73s8=] [Bobbeloppe01] Checking offline messages for client
[2025-05-27 18:30:44] [Qf9eU8SAgAHD2e/a+4SOA0v73s8=] [Bobbeloppe01] No offline messages found
[2025-05-27 18:31:31] [vO0JOtVc2URjykCV2xEe+v89uHQ=] [PPPPPPP] Checking offline messages for client
[2025-05-27 18:31:31] [vO0JOtVc2URjykCV2xEe+v89uHQ=] [PPPPPPP] No offline messages found
[2025-05-27 18:32:03] [Qc85N0LP/ApYtG98o3Iw5qO5aUQ=] [parham] Checking offline messages for client
[2025-05-27 18:32:03] [Qc85N0LP/ApYtG98o3Iw5qO5aUQ=] [parham] No offline messages found
[2025-05-27 18:34:47] [DbDDAQrzPag5dY/8KYh06dmBbvw=] [butcher] Checking offline messages for client
[2025-05-27 18:34:47] [DbDDAQrzPag5dY/8KYh06dmBbvw=] [butcher] No offline messages found
[2025-05-27 18:36:58] [DbDDAQrzPag5dY/8KYh06dmBbvw=] [butcher] Checking offline messages for client
[2025-05-27 18:36:58] [DbDDAQrzPag5dY/8KYh06dmBbvw=] [butcher] No offline messages found
[2025-05-27 18:38:08] [DhDqNKJFOzAI9dgJ0qsFAh9W1bM=] [Parsa94] Checking offline messages for client
[2025-05-27 18:38:08] [DhDqNKJFOzAI9dgJ0qsFAh9W1bM=] [Parsa94] No offline messages found
[2025-05-27 18:39:31] [q7G2/UKjynPGC+8eWqWTGArhN/8=] [Kiko] Checking offline messages for client
[2025-05-27 18:39:31] [q7G2/UKjynPGC+8eWqWTGArhN/8=] [Kiko] No offline messages found
[2025-05-27 18:40:28] [EBXe71Lp4NoWtOX097m16XOL9o8=] [kaya] Checking offline messages for client
[2025-05-27 18:40:28] [EBXe71Lp4NoWtOX097m16XOL9o8=] [kaya] No offline messages found
[2025-05-27 18:41:08] [8yG40ppumRoJGhu1qR/blqgqttw=] [sanka98] Checking offline messages for client
[2025-05-27 18:41:08] [8yG40ppumRoJGhu1qR/blqgqttw=] [sanka98] No offline messages found
[2025-05-27 18:43:42] [MqlyPI/U5wjPs6LHaX2Ifl+w4r8=] [timothysamuelx] Checking offline messages for client
[2025-05-27 18:43:42] [MqlyPI/U5wjPs6LHaX2Ifl+w4r8=] [timothysamuelx] No offline messages found
[2025-05-27 18:45:47] [COLZyKJmrHAbeJuIwxgb3lGZ0d0=] [tikka345] Checking offline messages for client
[2025-05-27 18:45:47] [COLZyKJmrHAbeJuIwxgb3lGZ0d0=] [tikka345] No offline messages found
[2025-05-27 18:51:13] [EG8Onk9X4P6ZrUNa8UIC4sAcsnw=] [N1kit0s@] Checking offline messages for client
[2025-05-27 18:51:13] [EG8Onk9X4P6ZrUNa8UIC4sAcsnw=] [N1kit0s@] No offline messages found
[2025-05-27 18:51:31] [V/sE7GD+jPAQPdHRhDxgmql0tFI=] [Jabberson] Checking offline messages for client
[2025-05-27 18:51:31] [V/sE7GD+jPAQPdHRhDxgmql0tFI=] [Jabberson] No offline messages found
[2025-05-27 18:51:43] [6loDKB5pFq9h9EZ8lWJAl1sRiNA=] [kagixxx] Checking offline messages for client
[2025-05-27 18:51:43] [6loDKB5pFq9h9EZ8lWJAl1sRiNA=] [kagixxx] No offline messages found
[2025-05-27 18:52:17] [RkH91acmxA3cUuqBsMdwRLDQBxM=] [Avrelius33] Checking offline messages for client
[2025-05-27 18:52:17] [RkH91acmxA3cUuqBsMdwRLDQBxM=] [Avrelius33] No offline messages found
[2025-05-27 18:55:26] [j4VaV46XhkmzcjbVPFuyIU0vCLs=] [nox] Checking offline messages for client
[2025-05-27 18:55:26] [j4VaV46XhkmzcjbVPFuyIU0vCLs=] [nox] No offline messages found
[2025-05-27 18:58:26] [7lkgv1NgBUC4Nbvfz0XxfSTDHSQ=] [Platonuch_UA] Checking offline messages for client
[2025-05-27 18:58:26] [7lkgv1NgBUC4Nbvfz0XxfSTDHSQ=] [Platonuch_UA] No offline messages found
[2025-05-27 18:59:11] [JRSJX/gE1q4rIxWGxe0NgwN6Ubk=] [saadf] Checking offline messages for client
[2025-05-27 18:59:11] [JRSJX/gE1q4rIxWGxe0NgwN6Ubk=] [saadf] No offline messages found
[2025-05-27 19:00:10] [kHIid8HT2jg9WiVu3tCpryd+esk=] [1133] Checking offline messages for client
[2025-05-27 19:00:10] [kHIid8HT2jg9WiVu3tCpryd+esk=] [1133] No offline messages found
[2025-05-27 19:00:50] [yBICHbhgjt9SlHyQu3BZbOYMUQU=] [H0R0Z] Checking offline messages for client
[2025-05-27 19:00:50] [yBICHbhgjt9SlHyQu3BZbOYMUQU=] [H0R0Z] No offline messages found
[2025-05-27 19:01:50] [Hf7Ykpi+nWgDQ6lAP5A9MUo5Mfc=] [Agilex] Checking offline messages for client
[2025-05-27 19:01:50] [Hf7Ykpi+nWgDQ6lAP5A9MUo5Mfc=] [Agilex] No offline messages found
[2025-05-27 19:03:09] [4hvwCfCPtTRCCX/hD0S9PDAjwPY=] [Ander] Checking offline messages for client
[2025-05-27 19:03:09] [4hvwCfCPtTRCCX/hD0S9PDAjwPY=] [Ander] No offline messages found
[2025-05-27 19:03:19] [YJ8chm2QQIJyPFrsGN7ctoGAtDM=] [Ripachok] Checking offline messages for client
[2025-05-27 19:03:19] [YJ8chm2QQIJyPFrsGN7ctoGAtDM=] [Ripachok] No offline messages found
[2025-05-27 19:11:02] [ML5A6zsLU8O+4axZqoMWBtAJ+4E=] [RoburOO] Checking offline messages for client
[2025-05-27 19:11:02] [ML5A6zsLU8O+4axZqoMWBtAJ+4E=] [RoburOO] No offline messages found
[2025-05-27 19:12:46] [mqgd3Gc7WmeeLTlwm9TT72tKi9Y=] [Joss] Checking offline messages for client
[2025-05-27 19:12:46] [mqgd3Gc7WmeeLTlwm9TT72tKi9Y=] [Joss] No offline messages found
[2025-05-27 19:13:16] [Sbhc3LPRLkQIPPchQ25h084lpWI=] [sosa] Checking offline messages for client
[2025-05-27 19:13:16] [Sbhc3LPRLkQIPPchQ25h084lpWI=] [sosa] No offline messages found
[2025-05-27 19:13:16] [Sbhc3LPRLkQIPPchQ25h084lpWI=] [sosa] Checking offline messages for client
[2025-05-27 19:13:16] [Sbhc3LPRLkQIPPchQ25h084lpWI=] [sosa] No offline messages found
[2025-05-27 19:13:17] [Sbhc3LPRLkQIPPchQ25h084lpWI=] [sosa] Checking offline messages for client
[2025-05-27 19:13:17] [Sbhc3LPRLkQIPPchQ25h084lpWI=] [sosa] No offline messages found
[2025-05-27 19:15:47] [OGR4x0K2kK5M5o6aAMkiUooMFy8=] [TeamSpeakUser1] Checking offline messages for client
[2025-05-27 19:15:47] [OGR4x0K2kK5M5o6aAMkiUooMFy8=] [TeamSpeakUser1] No offline messages found
[2025-05-27 19:15:54] [JBT8f5ESgqNibYrHN0Dp0kGBPKU=] [Малиновый Демон] Checking offline messages for client
[2025-05-27 19:15:54] [JBT8f5ESgqNibYrHN0Dp0kGBPKU=] [Малиновый Демон] No offline messages found
[2025-05-27 19:17:42] [CNyyej0AvOwnX/nfEMNcI1onbVw=] [fifa] Checking offline messages for client
[2025-05-27 19:17:42] [CNyyej0AvOwnX/nfEMNcI1onbVw=] [fifa] No offline messages found
[2025-05-27 19:18:40] [L+TmeIwwlaYGI9jHFXnx3MCMRO8=] [larsenio] Checking offline messages for client
[2025-05-27 19:18:40] [L+TmeIwwlaYGI9jHFXnx3MCMRO8=] [larsenio] No offline messages found
[2025-05-27 19:19:02] [42lFJzTa/EbFNCxvYxwaTYIYV+A=] [BIGYURI] Checking offline messages for client
[2025-05-27 19:19:02] [42lFJzTa/EbFNCxvYxwaTYIYV+A=] [BIGYURI] No offline messages found
[2025-05-27 19:19:16] [CNyyej0AvOwnX/nfEMNcI1onbVw=] [fifa] Checking offline messages for client
[2025-05-27 19:19:16] [CNyyej0AvOwnX/nfEMNcI1onbVw=] [fifa] No offline messages found
[2025-05-27 19:19:22] [L+TmeIwwlaYGI9jHFXnx3MCMRO8=] [larsenio] Checking offline messages for client
[2025-05-27 19:19:22] [L+TmeIwwlaYGI9jHFXnx3MCMRO8=] [larsenio] No offline messages found
[2025-05-27 19:20:34] [BVFkFCJ/YRVCTWoyoNAzBKKgGNQ=] [Даня] Checking offline messages for client
[2025-05-27 19:20:34] [BVFkFCJ/YRVCTWoyoNAzBKKgGNQ=] [Даня] No offline messages found
[2025-05-27 19:21:19] [lc0ylIsdk1wm3mou1HYlyZ87uBQ=] [blinchik] Checking offline messages for client
[2025-05-27 19:21:19] [lc0ylIsdk1wm3mou1HYlyZ87uBQ=] [blinchik] No offline messages found
[2025-05-27 19:22:17] [yPSI9aghhtH6O+mnSQIo84yUZ4c=] [шароёб] Checking offline messages for client
[2025-05-27 19:22:17] [yPSI9aghhtH6O+mnSQIo84yUZ4c=] [шароёб] No offline messages found
[2025-05-27 19:22:58] [xcwFhKN0bPn1QJxV7HHekBb2PAs=] [Сика] Checking offline messages for client
[2025-05-27 19:22:58] [xcwFhKN0bPn1QJxV7HHekBb2PAs=] [Сика] No offline messages found
[2025-05-27 19:22:59] [xcwFhKN0bPn1QJxV7HHekBb2PAs=] [Сика] Checking offline messages for client
[2025-05-27 19:22:59] [xcwFhKN0bPn1QJxV7HHekBb2PAs=] [Сика] No offline messages found
[2025-05-27 19:22:59] [xcwFhKN0bPn1QJxV7HHekBb2PAs=] [Сика] Checking offline messages for client
[2025-05-27 19:22:59] [xcwFhKN0bPn1QJxV7HHekBb2PAs=] [Сика] No offline messages found
[2025-05-27 19:23:39] [Ops676Lt6XgMPCQGa8NIevUnutU=] [mmd] Checking offline messages for client
[2025-05-27 19:23:39] [Ops676Lt6XgMPCQGa8NIevUnutU=] [mmd] No offline messages found
[2025-05-27 19:23:48] [A1xfpFQsaf2c9EH0PcH4vxsTE1o=] [GENERAL MOTORS] Checking offline messages for client
[2025-05-27 19:23:48] [A1xfpFQsaf2c9EH0PcH4vxsTE1o=] [GENERAL MOTORS] No offline messages found
[2025-05-27 19:25:15] [KL0QZuz7P/nwwL6XYSCsDg/Yqw0=] [DIMAX] Checking offline messages for client
[2025-05-27 19:25:15] [KL0QZuz7P/nwwL6XYSCsDg/Yqw0=] [DIMAX] No offline messages found
[2025-05-27 19:25:29] [RX9guTzzgnRzAGjuPODtryHE49w=] [chubaakaa] Checking offline messages for client
[2025-05-27 19:25:29] [RX9guTzzgnRzAGjuPODtryHE49w=] [chubaakaa] No offline messages found
[2025-05-27 19:26:08] [Ops676Lt6XgMPCQGa8NIevUnutU=] [mmd] Checking offline messages for client
[2025-05-27 19:26:08] [Ops676Lt6XgMPCQGa8NIevUnutU=] [mmd] No offline messages found
[2025-05-27 19:26:43] [0J+Iy22axFqqUSD+u1+EJ9Qp8Ew=] [joji] Checking offline messages for client
[2025-05-27 19:26:43] [0J+Iy22axFqqUSD+u1+EJ9Qp8Ew=] [joji] No offline messages found
[2025-05-27 19:26:53] [Ops676Lt6XgMPCQGa8NIevUnutU=] [mmd] Checking offline messages for client
[2025-05-27 19:26:53] [Ops676Lt6XgMPCQGa8NIevUnutU=] [mmd] No offline messages found
[2025-05-27 19:29:15] [241rUlsm8jDGuxdg64us6CxMNY8=] [SysmoUsercid=140] Checking offline messages for client
[2025-05-27 19:29:15] [241rUlsm8jDGuxdg64us6CxMNY8=] [SysmoUsercid=140] No offline messages found
[2025-05-27 19:29:28] [Qe4PNcuI4cug44cbbrrVTFTlmRs=] [otcoci_u_deda] Checking offline messages for client
[2025-05-27 19:29:28] [Qe4PNcuI4cug44cbbrrVTFTlmRs=] [otcoci_u_deda] No offline messages found
[2025-05-27 19:30:35] [fiWNBIZG2ioqbK7dtheFRsenFVI=] [AlexQc] Checking offline messages for client
[2025-05-27 19:30:35] [fiWNBIZG2ioqbK7dtheFRsenFVI=] [AlexQc] No offline messages found
[2025-05-27 19:30:59] [iqhXyPfP3MC8F+w0pKyVoSLyF/I=] [FailRaik] Checking offline messages for client
[2025-05-27 19:30:59] [iqhXyPfP3MC8F+w0pKyVoSLyF/I=] [FailRaik] No offline messages found
[2025-05-27 19:31:38] [TLyY2HNRhsbngNicBWX5qfpBYXc=] [Sevak601] Checking offline messages for client
[2025-05-27 19:31:38] [TLyY2HNRhsbngNicBWX5qfpBYXc=] [Sevak601] No offline messages found
[2025-05-27 19:31:51] [H2NCI3FZLvlL0DcbEJRACZuex1M=] [Hasanich] Checking offline messages for client
[2025-05-27 19:31:51] [H2NCI3FZLvlL0DcbEJRACZuex1M=] [Hasanich] No offline messages found
[2025-05-27 19:32:18] [8yG40ppumRoJGhu1qR/blqgqttw=] [sanka98] Checking offline messages for client
[2025-05-27 19:32:18] [8yG40ppumRoJGhu1qR/blqgqttw=] [sanka98] No offline messages found
[2025-05-27 19:32:28] [iqhXyPfP3MC8F+w0pKyVoSLyF/I=] [FailRaik] Checking offline messages for client
[2025-05-27 19:32:28] [iqhXyPfP3MC8F+w0pKyVoSLyF/I=] [FailRaik] No offline messages found
[2025-05-27 19:33:32] [DbDDAQrzPag5dY/8KYh06dmBbvw=] [butcher] Checking offline messages for client
[2025-05-27 19:33:32] [DbDDAQrzPag5dY/8KYh06dmBbvw=] [butcher] No offline messages found
[2025-05-27 19:33:38] [qlSKdTD4yWjZTDUIId3QZ7ZZTh4=] [nima] Checking offline messages for client
[2025-05-27 19:33:38] [qlSKdTD4yWjZTDUIId3QZ7ZZTh4=] [nima] No offline messages found
[2025-05-27 19:36:15] [Ops676Lt6XgMPCQGa8NIevUnutU=] [mmd] Checking offline messages for client
[2025-05-27 19:36:15] [Ops676Lt6XgMPCQGa8NIevUnutU=] [mmd] No offline messages found
[2025-05-27 19:37:15] [Qc85N0LP/ApYtG98o3Iw5qO5aUQ=] [parham] Checking offline messages for client
[2025-05-27 19:37:15] [Qc85N0LP/ApYtG98o3Iw5qO5aUQ=] [parham] No offline messages found
[2025-05-27 19:37:50] [hSuNyKwdPMso6fPP5SUFsIkZH/s=] [Yabanashka] Checking offline messages for client
[2025-05-27 19:37:50] [hSuNyKwdPMso6fPP5SUFsIkZH/s=] [Yabanashka] No offline messages found
[2025-05-27 19:38:09] [DbDDAQrzPag5dY/8KYh06dmBbvw=] [butcher] Checking offline messages for client
[2025-05-27 19:38:09] [DbDDAQrzPag5dY/8KYh06dmBbvw=] [butcher] No offline messages found
[2025-05-27 19:38:45] [Chs2gds0q5c5sHk5GQqGy9JmwQg=] [teaman11] Checking offline messages for client
[2025-05-27 19:38:45] [Chs2gds0q5c5sHk5GQqGy9JmwQg=] [teaman11] No offline messages found
[2025-05-27 19:39:07] [0J+Iy22axFqqUSD+u1+EJ9Qp8Ew=] [joji] Checking offline messages for client
[2025-05-27 19:39:07] [0J+Iy22axFqqUSD+u1+EJ9Qp8Ew=] [joji] No offline messages found
[2025-05-27 19:39:52] [LChIIpVKSczGXCJcvYW8G7+Rrgk=] [erik] Checking offline messages for client
[2025-05-27 19:39:52] [LChIIpVKSczGXCJcvYW8G7+Rrgk=] [erik] No offline messages found
[2025-05-27 19:40:02] [COLZyKJmrHAbeJuIwxgb3lGZ0d0=] [tikka345] Checking offline messages for client
[2025-05-27 19:40:02] [COLZyKJmrHAbeJuIwxgb3lGZ0d0=] [tikka345] No offline messages found
[2025-05-27 19:40:17] [KNwIsBtm4keUGSjaZsh/h3TEquE=] [Zenon] Checking offline messages for client
[2025-05-27 19:40:17] [KNwIsBtm4keUGSjaZsh/h3TEquE=] [Zenon] No offline messages found
[2025-05-27 19:42:11] [t92qH/xUfWHIFyGP/hiWw3x4kN0=] [JKosrup] Checking offline messages for client
[2025-05-27 19:42:11] [t92qH/xUfWHIFyGP/hiWw3x4kN0=] [JKosrup] No offline messages found
[2025-05-27 19:42:49] [Ops676Lt6XgMPCQGa8NIevUnutU=] [mmd] Checking offline messages for client
[2025-05-27 19:42:49] [Ops676Lt6XgMPCQGa8NIevUnutU=] [mmd] No offline messages found
[2025-05-27 19:44:54] [lqX2Oz/RGh+MQGKjhD9GbFED4OY=] [DarkZX] Checking offline messages for client
[2025-05-27 19:44:54] [lqX2Oz/RGh+MQGKjhD9GbFED4OY=] [DarkZX] No offline messages found
[2025-05-27 19:46:58] [cbVTTju6JnSpBukGx7hTR4US3KY=] [TeamSpeakUser3] Checking offline messages for client
[2025-05-27 19:46:58] [cbVTTju6JnSpBukGx7hTR4US3KY=] [TeamSpeakUser3] No offline messages found
[2025-05-27 19:49:38] [Ops676Lt6XgMPCQGa8NIevUnutU=] [mmd] Checking offline messages for client
[2025-05-27 19:49:38] [Ops676Lt6XgMPCQGa8NIevUnutU=] [mmd] No offline messages found
[2025-05-27 19:50:46] [A337CRyeHXs4LwAB23shVIw0jeg=] [mishechcaty] Checking offline messages for client
[2025-05-27 19:50:46] [A337CRyeHXs4LwAB23shVIw0jeg=] [mishechcaty] No offline messages found
[2025-05-27 19:50:54] [Ops676Lt6XgMPCQGa8NIevUnutU=] [mmd] Checking offline messages for client
[2025-05-27 19:50:54] [Ops676Lt6XgMPCQGa8NIevUnutU=] [mmd] No offline messages found
[2025-05-27 19:51:40] [Ops676Lt6XgMPCQGa8NIevUnutU=] [mmd] Checking offline messages for client
[2025-05-27 19:51:40] [Ops676Lt6XgMPCQGa8NIevUnutU=] [mmd] No offline messages found
[2025-05-27 19:52:27] [Qc85N0LP/ApYtG98o3Iw5qO5aUQ=] [parham] Checking offline messages for client
[2025-05-27 19:52:27] [Qc85N0LP/ApYtG98o3Iw5qO5aUQ=] [parham] No offline messages found
[2025-05-27 19:52:29] [HA8AwjGjfttaVD2BbXsV3SrC+rA=] [Axtic] Checking offline messages for client
[2025-05-27 19:52:29] [HA8AwjGjfttaVD2BbXsV3SrC+rA=] [Axtic] No offline messages found
[2025-05-27 19:52:43] [mTbPypkwuA/2B5Zl6CXWViczHPo=] [kızlıkbozan33] Checking offline messages for client
[2025-05-27 19:52:43] [mTbPypkwuA/2B5Zl6CXWViczHPo=] [kızlıkbozan33] No offline messages found
[2025-05-27 19:52:47] [gOwDhq1CmTN5Qc6OmKIGGqVvKTs=] [zero] Checking offline messages for client
[2025-05-27 19:52:47] [gOwDhq1CmTN5Qc6OmKIGGqVvKTs=] [zero] No offline messages found
[2025-05-27 19:53:48] [AQBmR4z2NKjgim9VKZ5yt6FTmAg=] [BLACK] Checking offline messages for client
[2025-05-27 19:53:48] [AQBmR4z2NKjgim9VKZ5yt6FTmAg=] [BLACK] No offline messages found
[2025-05-27 19:54:04] [Y65rsRH7UKXtXgSPGr80roWjsRI=] [mZn] Checking offline messages for client
[2025-05-27 19:54:04] [Y65rsRH7UKXtXgSPGr80roWjsRI=] [mZn] No offline messages found
[2025-05-27 19:54:57] [RkH91acmxA3cUuqBsMdwRLDQBxM=] [Avrelius33] Checking offline messages for client
[2025-05-27 19:54:57] [RkH91acmxA3cUuqBsMdwRLDQBxM=] [Avrelius33] No offline messages found
[2025-05-27 19:56:10] [ko4Dt1JRAmcTf/p62OztEOLDV7w=] [gOIIIuPAK72] Checking offline messages for client
[2025-05-27 19:56:10] [ko4Dt1JRAmcTf/p62OztEOLDV7w=] [gOIIIuPAK72] No offline messages found
[2025-05-27 19:58:01] [ml/eb736HX3FhqyJIVQcvLIczdA=] [otrov] Checking offline messages for client
[2025-05-27 19:58:01] [ml/eb736HX3FhqyJIVQcvLIczdA=] [otrov] No offline messages found
[2025-05-27 20:00:16] [37H/lttZ8+4bwWOCES4zZFUkIOg=] [crzfrg77] Checking offline messages for client
[2025-05-27 20:00:16] [37H/lttZ8+4bwWOCES4zZFUkIOg=] [crzfrg77] No offline messages found
[2025-05-27 20:01:16] [RX9guTzzgnRzAGjuPODtryHE49w=] [chubaakaa] Checking offline messages for client
[2025-05-27 20:01:16] [RX9guTzzgnRzAGjuPODtryHE49w=] [chubaakaa] No offline messages found
[2025-05-27 20:03:20] [i8nlHefgOgIEamGmi9OCgNPL2Ro=] [✞..¢яıмıиαł..✞] Checking offline messages for client
[2025-05-27 20:03:20] [i8nlHefgOgIEamGmi9OCgNPL2Ro=] [✞..¢яıмıиαł..✞] No offline messages found
[2025-05-27 20:03:36] [i8nlHefgOgIEamGmi9OCgNPL2Ro=] [✞..¢яıмıиαł..✞] Checking offline messages for client
[2025-05-27 20:03:36] [i8nlHefgOgIEamGmi9OCgNPL2Ro=] [✞..¢яıмıиαł..✞] No offline messages found
[2025-05-27 20:07:24] [i8nlHefgOgIEamGmi9OCgNPL2Ro=] [✞..¢яıмıиαł..✞] Checking offline messages for client
[2025-05-27 20:07:24] [i8nlHefgOgIEamGmi9OCgNPL2Ro=] [✞..¢яıмıиαł..✞] No offline messages found
[2025-05-27 20:07:31] [6loDKB5pFq9h9EZ8lWJAl1sRiNA=] [kagixxx] Checking offline messages for client
[2025-05-27 20:07:31] [6loDKB5pFq9h9EZ8lWJAl1sRiNA=] [kagixxx] No offline messages found
[2025-05-27 20:07:32] [Vo2EkpTM0Iknq/TzrwkmyGXoQPo=] [Retegui] Checking offline messages for client
[2025-05-27 20:07:32] [Vo2EkpTM0Iknq/TzrwkmyGXoQPo=] [Retegui] No offline messages found
[2025-05-27 20:07:32] [Vo2EkpTM0Iknq/TzrwkmyGXoQPo=] [Retegui] Checking offline messages for client
[2025-05-27 20:07:32] [Vo2EkpTM0Iknq/TzrwkmyGXoQPo=] [Retegui] No offline messages found
[2025-05-27 20:07:32] [Vo2EkpTM0Iknq/TzrwkmyGXoQPo=] [Retegui] Checking offline messages for client
[2025-05-27 20:07:32] [Vo2EkpTM0Iknq/TzrwkmyGXoQPo=] [Retegui] No offline messages found
[2025-05-27 20:08:16] [ml/eb736HX3FhqyJIVQcvLIczdA=] [otrov] Checking offline messages for client
[2025-05-27 20:08:16] [ml/eb736HX3FhqyJIVQcvLIczdA=] [otrov] No offline messages found
[2025-05-27 20:12:00] [WcrRX8K0CJWuPTK9yTXqp5jPH3g=] [Ömür] Checking offline messages for client
[2025-05-27 20:12:00] [WcrRX8K0CJWuPTK9yTXqp5jPH3g=] [Ömür] No offline messages found
[2025-05-27 20:12:18] [5bc3Ef8kdYBZcw3cDJn7KCMZNMI=] [ÖMÜRÜNKANKİSİ] Checking offline messages for client
[2025-05-27 20:12:18] [5bc3Ef8kdYBZcw3cDJn7KCMZNMI=] [ÖMÜRÜNKANKİSİ] No offline messages found
[2025-05-27 20:13:17] [BVFkFCJ/YRVCTWoyoNAzBKKgGNQ=] [Даня] Checking offline messages for client
[2025-05-27 20:13:17] [BVFkFCJ/YRVCTWoyoNAzBKKgGNQ=] [Даня] No offline messages found
[2025-05-27 20:14:15] [X5vYW3PMU9fn2qIHtRzrYahtZIY=] [Лише] Checking offline messages for client
[2025-05-27 20:14:15] [X5vYW3PMU9fn2qIHtRzrYahtZIY=] [Лише] No offline messages found
[2025-05-27 20:14:26] [ssUYc5CUOHAYRgKasA9MqHV3gzs=] [KekSs_33rus] Checking offline messages for client
[2025-05-27 20:14:26] [ssUYc5CUOHAYRgKasA9MqHV3gzs=] [KekSs_33rus] No offline messages found
[2025-05-27 20:14:45] [+jY+727ijHZsfVi54xEx3Dfw1Dk=] [awegawg] Checking offline messages for client
[2025-05-27 20:14:45] [+jY+727ijHZsfVi54xEx3Dfw1Dk=] [awegawg] No offline messages found
[2025-05-27 20:16:09] [zQBV+zr0os6YT3ktHjBJZW0cRd8=] [Tufix] Checking offline messages for client
[2025-05-27 20:16:09] [zQBV+zr0os6YT3ktHjBJZW0cRd8=] [Tufix] No offline messages found
[2025-05-27 20:18:45] [NfnVujvEphIfsiju8kuWFNANTfk=] [noone] Checking offline messages for client
[2025-05-27 20:18:45] [NfnVujvEphIfsiju8kuWFNANTfk=] [noone] No offline messages found
[2025-05-27 20:19:00] [+D/zkkoV8UKL6hQaG0nHxPsOM8Y=] [Leo33russs] Checking offline messages for client
[2025-05-27 20:19:00] [+D/zkkoV8UKL6hQaG0nHxPsOM8Y=] [Leo33russs] No offline messages found
[2025-05-27 20:21:13] [VRm8GUz3nPICuvDEKB4dVnuWbvg=] [Denis;)] Checking offline messages for client
[2025-05-27 20:21:13] [VRm8GUz3nPICuvDEKB4dVnuWbvg=] [Denis;)] No offline messages found
[2025-05-27 20:21:15] [Ops676Lt6XgMPCQGa8NIevUnutU=] [mmd] Checking offline messages for client
[2025-05-27 20:21:15] [Ops676Lt6XgMPCQGa8NIevUnutU=] [mmd] No offline messages found
[2025-05-27 20:21:57] [ml/eb736HX3FhqyJIVQcvLIczdA=] [otrov] Checking offline messages for client
[2025-05-27 20:21:57] [ml/eb736HX3FhqyJIVQcvLIczdA=] [otrov] No offline messages found
[2025-05-27 20:22:05] [+jAK4p+Ce6T/fojXfUGu0a+DMsw=] [Lazy_Eagle] Checking offline messages for client
[2025-05-27 20:22:05] [+jAK4p+Ce6T/fojXfUGu0a+DMsw=] [Lazy_Eagle] No offline messages found
[2025-05-27 20:22:09] [QRhqU1ePLL89PE0BwMWWwK+X4ks=] [VildasRS] Checking offline messages for client
[2025-05-27 20:22:09] [QRhqU1ePLL89PE0BwMWWwK+X4ks=] [VildasRS] No offline messages found
[2025-05-27 20:23:12] [ozRWsBWkjw1t4JPS8bHM5qgLPY0=] [karakek] Checking offline messages for client
[2025-05-27 20:23:12] [ozRWsBWkjw1t4JPS8bHM5qgLPY0=] [karakek] No offline messages found
[2025-05-27 20:23:12] [Ops676Lt6XgMPCQGa8NIevUnutU=] [mmd] Checking offline messages for client
[2025-05-27 20:23:12] [Ops676Lt6XgMPCQGa8NIevUnutU=] [mmd] No offline messages found
[2025-05-27 20:23:12] [Ops676Lt6XgMPCQGa8NIevUnutU=] [mmd] Checking offline messages for client
[2025-05-27 20:23:12] [Ops676Lt6XgMPCQGa8NIevUnutU=] [mmd] No offline messages found
[2025-05-27 20:23:13] [Ops676Lt6XgMPCQGa8NIevUnutU=] [mmd] Checking offline messages for client
[2025-05-27 20:23:13] [Ops676Lt6XgMPCQGa8NIevUnutU=] [mmd] No offline messages found
[2025-05-27 20:23:15] [UHw115XowT3iu3b/gjBGcvbmNd8=] [MisakRS] Checking offline messages for client
[2025-05-27 20:23:15] [UHw115XowT3iu3b/gjBGcvbmNd8=] [MisakRS] No offline messages found
[2025-05-27 20:25:21] [Yc5nUHSB4B/CeI3ewx3CNASuRLs=] [Trayblll] Checking offline messages for client
[2025-05-27 20:25:21] [Yc5nUHSB4B/CeI3ewx3CNASuRLs=] [Trayblll] No offline messages found
[2025-05-27 20:25:58] [WtWgpfS8UE18SW7yGXm3r1yoO/c=] [Kowismo] Checking offline messages for client
[2025-05-27 20:25:58] [WtWgpfS8UE18SW7yGXm3r1yoO/c=] [Kowismo] No offline messages found
[2025-05-27 20:29:15] [f5nyFvudphDmgsspVfCMqGxH6oc=] [Клэймль] Checking offline messages for client
[2025-05-27 20:29:15] [f5nyFvudphDmgsspVfCMqGxH6oc=] [Клэймль] No offline messages found
[2025-05-27 20:29:16] [8F/wqyUZbzkbJnHcA07nhS4DohU=] [dimafreddyy] Checking offline messages for client
[2025-05-27 20:29:16] [8F/wqyUZbzkbJnHcA07nhS4DohU=] [dimafreddyy] No offline messages found
[2025-05-27 20:30:17] [nwuFFEnpDigmvCBGDLXAhfG3QYo=] [Хьюти] Checking offline messages for client
[2025-05-27 20:30:17] [nwuFFEnpDigmvCBGDLXAhfG3QYo=] [Хьюти] No offline messages found
[2025-05-27 20:31:47] [ktz2dZ1dONgntrNq5d/LFS/S+NU=] [mohsen] Checking offline messages for client
[2025-05-27 20:31:47] [ktz2dZ1dONgntrNq5d/LFS/S+NU=] [mohsen] No offline messages found
[2025-05-27 20:33:11] [EpUZWrjjGrqfKYXVQkV4/zwv73I=] [mehdi ronin] Checking offline messages for client
[2025-05-27 20:33:11] [EpUZWrjjGrqfKYXVQkV4/zwv73I=] [mehdi ronin] No offline messages found
[2025-05-27 20:33:48] [39Hn80GzU936S3hLOAjj8iP5kpg=] [Shawaj] Checking offline messages for client
[2025-05-27 20:33:48] [39Hn80GzU936S3hLOAjj8iP5kpg=] [Shawaj] No offline messages found
[2025-05-27 20:34:18] [ktz2dZ1dONgntrNq5d/LFS/S+NU=] [mohsen] Checking offline messages for client
[2025-05-27 20:34:18] [ktz2dZ1dONgntrNq5d/LFS/S+NU=] [mohsen] No offline messages found
[2025-05-27 20:35:36] [EpUZWrjjGrqfKYXVQkV4/zwv73I=] [mehdi ronin] Checking offline messages for client
[2025-05-27 20:35:36] [EpUZWrjjGrqfKYXVQkV4/zwv73I=] [mehdi ronin] No offline messages found
[2025-05-27 20:35:43] [Ops676Lt6XgMPCQGa8NIevUnutU=] [mmd] Checking offline messages for client
[2025-05-27 20:35:43] [Ops676Lt6XgMPCQGa8NIevUnutU=] [mmd] No offline messages found
[2025-05-27 20:36:37] [h+S6vTapLiHLu/QXW+Wv622o2KE=] [Bone] Checking offline messages for client
[2025-05-27 20:36:37] [h+S6vTapLiHLu/QXW+Wv622o2KE=] [Bone] No offline messages found
[2025-05-27 20:36:44] [N3sdgECOuAq9updYbYKI20ij7vw=] [Tancsii] Checking offline messages for client
[2025-05-27 20:36:44] [N3sdgECOuAq9updYbYKI20ij7vw=] [Tancsii] No offline messages found
[2025-05-27 20:36:45] [cm+zDw/4zDuQN120Qa8q1mW/fIQ=] [hudabin] Checking offline messages for client
[2025-05-27 20:36:45] [cm+zDw/4zDuQN120Qa8q1mW/fIQ=] [hudabin] No offline messages found
[2025-05-27 20:36:45] [cm+zDw/4zDuQN120Qa8q1mW/fIQ=] [hudabin] Checking offline messages for client
[2025-05-27 20:36:45] [cm+zDw/4zDuQN120Qa8q1mW/fIQ=] [hudabin] No offline messages found
[2025-05-27 20:36:45] [cm+zDw/4zDuQN120Qa8q1mW/fIQ=] [hudabin] Checking offline messages for client
[2025-05-27 20:36:45] [cm+zDw/4zDuQN120Qa8q1mW/fIQ=] [hudabin] No offline messages found
[2025-05-27 20:37:44] [0pZqXichHQBwgSoYTsZqTFC0yMM=] [Sector] Checking offline messages for client
[2025-05-27 20:37:44] [0pZqXichHQBwgSoYTsZqTFC0yMM=] [Sector] No offline messages found
[2025-05-27 20:40:25] [+KuqpuwLghRVqe/xaTKhWz+RTys=] [Drăgoșelu'] Checking offline messages for client
[2025-05-27 20:40:25] [+KuqpuwLghRVqe/xaTKhWz+RTys=] [Drăgoșelu'] No offline messages found
[2025-05-27 20:42:32] [+KuqpuwLghRVqe/xaTKhWz+RTys=] [Drăgoșelu'] Checking offline messages for client
[2025-05-27 20:42:32] [+KuqpuwLghRVqe/xaTKhWz+RTys=] [Drăgoșelu'] No offline messages found
[2025-05-27 20:43:48] [Tl3Bg1zFfrOJ+IRWyJh5UAIJ+5o=] [Efkeyy] Checking offline messages for client
[2025-05-27 20:43:48] [Tl3Bg1zFfrOJ+IRWyJh5UAIJ+5o=] [Efkeyy] No offline messages found
[2025-05-27 20:46:43] [+KuqpuwLghRVqe/xaTKhWz+RTys=] [Drăgoșelu'] Checking offline messages for client
[2025-05-27 20:46:43] [+KuqpuwLghRVqe/xaTKhWz+RTys=] [Drăgoșelu'] No offline messages found
[2025-05-27 20:47:47] [mjmMZmkF0BV3EE0zLxDPrq93lL8=] [mixaluch0707] Checking offline messages for client
[2025-05-27 20:47:47] [mjmMZmkF0BV3EE0zLxDPrq93lL8=] [mixaluch0707] No offline messages found
[2025-05-27 20:47:52] [Ops676Lt6XgMPCQGa8NIevUnutU=] [mmd] Checking offline messages for client
[2025-05-27 20:47:52] [Ops676Lt6XgMPCQGa8NIevUnutU=] [mmd] No offline messages found
[2025-05-27 20:51:02] [v8d0S2VwxhW09HTFPSJZmdATS9s=] [lokmannnnnn] Checking offline messages for client
[2025-05-27 20:51:02] [v8d0S2VwxhW09HTFPSJZmdATS9s=] [lokmannnnnn] No offline messages found
[2025-05-27 20:53:13] [2+DmQTa9Tjq/AVbcxUpNfvFsgcE=] [Scaryslav] Checking offline messages for client
[2025-05-27 20:53:13] [2+DmQTa9Tjq/AVbcxUpNfvFsgcE=] [Scaryslav] No offline messages found
[2025-05-27 20:54:07] [RYUvozu9YD3MDRA32U+iT0lGsNE=] [Ace] Checking offline messages for client
[2025-05-27 20:54:07] [RYUvozu9YD3MDRA32U+iT0lGsNE=] [Ace] No offline messages found
[2025-05-27 20:54:53] [FIHRd8H6xRTj1jyU280xFtyPXDM=] [liqui_88] Checking offline messages for client
[2025-05-27 20:54:53] [FIHRd8H6xRTj1jyU280xFtyPXDM=] [liqui_88] No offline messages found
[2025-05-27 20:56:07] [9nxj1e/LbBNMOHmCFqrsRyQ6MSw=] [_MERS_] Checking offline messages for client
[2025-05-27 20:56:07] [9nxj1e/LbBNMOHmCFqrsRyQ6MSw=] [_MERS_] No offline messages found
[2025-05-27 20:56:24] [ntGWSOoFLOs4Q4WEtEtFwvpyXyk=] [LlarsS] Checking offline messages for client
[2025-05-27 20:56:24] [ntGWSOoFLOs4Q4WEtEtFwvpyXyk=] [LlarsS] No offline messages found
[2025-05-27 20:56:46] [b7yeVGj+sfUQrqVGU5rlFHIogvU=] [saleh_4] Checking offline messages for client
[2025-05-27 20:56:46] [b7yeVGj+sfUQrqVGU5rlFHIogvU=] [saleh_4] No offline messages found
[2025-05-27 20:56:47] [xm634klid3HLQY5f+mJ32PpAsBY=] [yaltinets] Checking offline messages for client
[2025-05-27 20:56:47] [xm634klid3HLQY5f+mJ32PpAsBY=] [yaltinets] No offline messages found
[2025-05-27 20:59:35] [rNuuzETCYHp/ipeNXkMjDacyUEg=] [Haydn_123] Checking offline messages for client
[2025-05-27 20:59:35] [rNuuzETCYHp/ipeNXkMjDacyUEg=] [Haydn_123] No offline messages found
[2025-05-27 21:00:50] [FJgKQXP03s4qt4cA7UpF/yAS1vU=] [Max] Checking offline messages for client
[2025-05-27 21:00:50] [FJgKQXP03s4qt4cA7UpF/yAS1vU=] [Max] No offline messages found
[2025-05-27 21:03:35] [OeZVlksC9p9M2HnP5IBtS5f5oTM=] [Pushok] Checking offline messages for client
[2025-05-27 21:03:35] [OeZVlksC9p9M2HnP5IBtS5f5oTM=] [Pushok] No offline messages found
[2025-05-27 21:03:36] [M09LXQM0h1IxzpSiw7t91USRzUA=] [dolv1] Checking offline messages for client
[2025-05-27 21:03:36] [M09LXQM0h1IxzpSiw7t91USRzUA=] [dolv1] No offline messages found
[2025-05-27 21:03:48] [xBfUuUP7EpaZTvMnpI+q96JFY20=] [AliShir] Checking offline messages for client
[2025-05-27 21:03:48] [xBfUuUP7EpaZTvMnpI+q96JFY20=] [AliShir] No offline messages found
[2025-05-27 21:06:55] [0hMeGpv24E/9oRNVleCNhwxNrkQ=] [__Kharakternik__] Checking offline messages for client
[2025-05-27 21:06:55] [0hMeGpv24E/9oRNVleCNhwxNrkQ=] [__Kharakternik__] No offline messages found
[2025-05-27 21:08:16] [JeRDsn5NNuoif7xSE7UhSMCw9rc=] [TeamSpeakUser2] Checking offline messages for client
[2025-05-27 21:08:16] [JeRDsn5NNuoif7xSE7UhSMCw9rc=] [TeamSpeakUser2] No offline messages found
[2025-05-27 21:09:09] [KTw+VF6m+gTCBlxPrQOWS+S0KMI=] [ego1str0ma] Checking offline messages for client
[2025-05-27 21:09:09] [KTw+VF6m+gTCBlxPrQOWS+S0KMI=] [ego1str0ma] No offline messages found
[2025-05-27 21:10:56] [+AEiGDs17OALboyzRweaafavqP0=] [ma1tsev] Checking offline messages for client
[2025-05-27 21:10:56] [+AEiGDs17OALboyzRweaafavqP0=] [ma1tsev] No offline messages found
[2025-05-27 21:12:28] [u88gTGqnNGQfUIYrLHgg24ksWNY=] [TeamSpeakUser] Checking offline messages for client
[2025-05-27 21:12:28] [u88gTGqnNGQfUIYrLHgg24ksWNY=] [TeamSpeakUser] No offline messages found
[2025-05-27 21:12:38] [s5SoU0O6Mp2lEkoeWlMc2247gBk=] [don] Checking offline messages for client
[2025-05-27 21:12:38] [s5SoU0O6Mp2lEkoeWlMc2247gBk=] [don] No offline messages found
[2025-05-27 21:13:12] [WtWgpfS8UE18SW7yGXm3r1yoO/c=] [Kowismo] Checking offline messages for client
[2025-05-27 21:13:12] [WtWgpfS8UE18SW7yGXm3r1yoO/c=] [Kowismo] No offline messages found
[2025-05-27 21:13:30] [WtWgpfS8UE18SW7yGXm3r1yoO/c=] [Kowismo] Checking offline messages for client
[2025-05-27 21:13:30] [WtWgpfS8UE18SW7yGXm3r1yoO/c=] [Kowismo] No offline messages found
[2025-05-27 21:14:46] [QlS2dC4Cr8kYrMCwMl/pPCEheNI=] [Hero] Checking offline messages for client
[2025-05-27 21:14:46] [QlS2dC4Cr8kYrMCwMl/pPCEheNI=] [Hero] No offline messages found
[2025-05-27 21:15:38] [WtWgpfS8UE18SW7yGXm3r1yoO/c=] [Kowismo] Checking offline messages for client
[2025-05-27 21:15:38] [WtWgpfS8UE18SW7yGXm3r1yoO/c=] [Kowismo] No offline messages found
[2025-05-27 21:18:44] [2148w6jOcmXVxKbsYUmQaGdRPUU=] [BlackEye-_-] Checking offline messages for client
[2025-05-27 21:18:44] [2148w6jOcmXVxKbsYUmQaGdRPUU=] [BlackEye-_-] No offline messages found
[2025-05-27 21:18:55] [u741lYX5HAtnGqlTOEq8tCrz34E=] [Werctc] Checking offline messages for client
[2025-05-27 21:18:55] [u741lYX5HAtnGqlTOEq8tCrz34E=] [Werctc] No offline messages found
[2025-05-27 21:20:46] [eNxiZDOeggdj95ZNvuM5yeobkrU=] [Etienne] Checking offline messages for client
[2025-05-27 21:20:46] [eNxiZDOeggdj95ZNvuM5yeobkrU=] [Etienne] No offline messages found
[2025-05-27 21:21:32] [nCbiznT1mZT77YEPXENlbrq3NF0=] [MehmetG35] Checking offline messages for client
[2025-05-27 21:21:32] [nCbiznT1mZT77YEPXENlbrq3NF0=] [MehmetG35] Found 1 offline messages
[2025-05-27 21:21:34] [nCbiznT1mZT77YEPXENlbrq3NF0=] [MehmetG35] Sent poke message: Your private channel has been renumbered from #14 to #13 to maintain sorting order.
[2025-05-27 21:21:34] [nCbiznT1mZT77YEPXENlbrq3NF0=] [MehmetG35] Deleted 1 delivered messages from database
[2025-05-27 21:21:38] [X8GCm5PlrKoW2itF4Nrtfn3Oq7g=] [sunnnetci] Checking offline messages for client
[2025-05-27 21:21:38] [X8GCm5PlrKoW2itF4Nrtfn3Oq7g=] [sunnnetci] No offline messages found
[2025-05-27 21:23:09] [lnMFr9CACtNm2N+UU0FlIeT/jhM=] [Agent_vx] Checking offline messages for client
[2025-05-27 21:23:09] [lnMFr9CACtNm2N+UU0FlIeT/jhM=] [Agent_vx] No offline messages found
[2025-05-27 21:23:10] [j2TIawnGNehvq+itbVK9ty0G5jo=] [Sfanon] Checking offline messages for client
[2025-05-27 21:23:10] [j2TIawnGNehvq+itbVK9ty0G5jo=] [Sfanon] No offline messages found
[2025-05-27 21:24:21] [X6E5/N6c4x3DmVvfM1A7J4pIjC0=] [Omar] Checking offline messages for client
[2025-05-27 21:24:21] [X6E5/N6c4x3DmVvfM1A7J4pIjC0=] [Omar] No offline messages found
[2025-05-27 21:24:36] [0QB97Osw3uXmHXu9QaAed3DrwRQ=] [Myata] Checking offline messages for client
[2025-05-27 21:24:36] [0QB97Osw3uXmHXu9QaAed3DrwRQ=] [Myata] No offline messages found
[2025-05-27 21:24:37] [Tgd5hyEUE1h1eu8z/TBEWqTvsO4=] [verdi] Checking offline messages for client
[2025-05-27 21:24:37] [Tgd5hyEUE1h1eu8z/TBEWqTvsO4=] [verdi] No offline messages found
[2025-05-27 21:26:48] [pUCIpssKzbEhYAmtB8xcuFXcEsU=] [mostafa] Checking offline messages for client
[2025-05-27 21:26:48] [pUCIpssKzbEhYAmtB8xcuFXcEsU=] [mostafa] No offline messages found
[2025-05-27 21:28:00] [grYO+EjG7chnFKeD1iWhZm+se38=] [AntTre] Checking offline messages for client
[2025-05-27 21:28:00] [grYO+EjG7chnFKeD1iWhZm+se38=] [AntTre] No offline messages found
[2025-05-27 21:29:31] [WUFbI2wm1TirPkulhTRESNYToW0=] [sajjad] Checking offline messages for client
[2025-05-27 21:29:31] [WUFbI2wm1TirPkulhTRESNYToW0=] [sajjad] No offline messages found
[2025-05-27 21:30:50] [cYX3SRYFk5dmvRCGUOS7UEL3yjY=] [lnotluck] Checking offline messages for client
[2025-05-27 21:30:50] [cYX3SRYFk5dmvRCGUOS7UEL3yjY=] [lnotluck] No offline messages found
[2025-05-27 21:32:24] [39Hn80GzU936S3hLOAjj8iP5kpg=] [Shawaj] Checking offline messages for client
[2025-05-27 21:32:24] [39Hn80GzU936S3hLOAjj8iP5kpg=] [Shawaj] No offline messages found
[2025-05-27 21:32:53] [ntGWSOoFLOs4Q4WEtEtFwvpyXyk=] [LlarsS] Checking offline messages for client
[2025-05-27 21:32:53] [ntGWSOoFLOs4Q4WEtEtFwvpyXyk=] [LlarsS] No offline messages found
[2025-05-27 21:33:10] [mqgd3Gc7WmeeLTlwm9TT72tKi9Y=] [Joss] Checking offline messages for client
[2025-05-27 21:33:10] [mqgd3Gc7WmeeLTlwm9TT72tKi9Y=] [Joss] No offline messages found
[2025-05-27 21:33:56] [Hf7Ykpi+nWgDQ6lAP5A9MUo5Mfc=] [Agilex] Checking offline messages for client
[2025-05-27 21:33:56] [Hf7Ykpi+nWgDQ6lAP5A9MUo5Mfc=] [Agilex] No offline messages found
[2025-05-27 21:35:08] [5VQn2paiuiABX3QfxcJMoEhAyYQ=] [Almas1k] Checking offline messages for client
[2025-05-27 21:35:08] [5VQn2paiuiABX3QfxcJMoEhAyYQ=] [Almas1k] No offline messages found
[2025-05-27 21:36:02] [S5c9qJAk0+90wjkUa6EauP5Qvfo=] [Skiwii_] Checking offline messages for client
[2025-05-27 21:36:02] [S5c9qJAk0+90wjkUa6EauP5Qvfo=] [Skiwii_] No offline messages found
[2025-05-27 21:36:06] [XUq6lat2sP336FLybn+Od5CLO5Q=] [TeamSpeakUser1] Checking offline messages for client
[2025-05-27 21:36:06] [XUq6lat2sP336FLybn+Od5CLO5Q=] [TeamSpeakUser1] No offline messages found
[2025-05-27 21:36:19] [lyXaZAmIm860hs52AQfNIF+bYQ4=] [kiale.] Checking offline messages for client
[2025-05-27 21:36:19] [lyXaZAmIm860hs52AQfNIF+bYQ4=] [kiale.] No offline messages found
[2025-05-27 21:36:53] [lvbOrAwll8+GyMZ5KkJR8ytlq1g=] [TeamSpeakUser1] Checking offline messages for client
[2025-05-27 21:36:53] [lvbOrAwll8+GyMZ5KkJR8ytlq1g=] [TeamSpeakUser1] No offline messages found
[2025-05-27 21:44:23] [0pfL6k6+uhY3YJUK1FucX6agAV8=] [MC durak] Checking offline messages for client
[2025-05-27 21:44:23] [0pfL6k6+uhY3YJUK1FucX6agAV8=] [MC durak] No offline messages found
[2025-05-27 21:45:39] [ndpI2vLV888x9a2e/efs6t3362o=] [Sobi] Checking offline messages for client
[2025-05-27 21:45:39] [ndpI2vLV888x9a2e/efs6t3362o=] [Sobi] No offline messages found
[2025-05-27 21:45:44] [irFCozqZmx4mk2S9bzd1ExaQZxQ=] [Jahodový Knedl] Checking offline messages for client
[2025-05-27 21:45:44] [irFCozqZmx4mk2S9bzd1ExaQZxQ=] [Jahodový Knedl] No offline messages found
[2025-05-27 21:46:27] [Uu5KMlrBm4Z5LiLbdfTmVcSDXOU=] [I_XaSkI_I] Checking offline messages for client
[2025-05-27 21:46:27] [Uu5KMlrBm4Z5LiLbdfTmVcSDXOU=] [I_XaSkI_I] No offline messages found
[2025-05-27 21:46:43] [0aA4TFX9DiEfMIQXh3Te1boW3nc=] [shauitan] Checking offline messages for client
[2025-05-27 21:46:43] [0aA4TFX9DiEfMIQXh3Te1boW3nc=] [shauitan] No offline messages found
[2025-05-27 21:51:57] [JHSP6uyf1lMe38AcngFu2mmO8R8=] [Hecci] Checking offline messages for client
[2025-05-27 21:51:57] [JHSP6uyf1lMe38AcngFu2mmO8R8=] [Hecci] No offline messages found
[2025-05-27 21:53:53] [2agmpyRklBKqWxdUHvV4ZtWgSmg=] [Ejpíček] Checking offline messages for client
[2025-05-27 21:53:53] [2agmpyRklBKqWxdUHvV4ZtWgSmg=] [Ejpíček] No offline messages found
[2025-05-27 21:57:08] [5lVyVx5BSqJWrEcKd5UNmlKvluE=] [Neil0001k] Checking offline messages for client
[2025-05-27 21:57:08] [5lVyVx5BSqJWrEcKd5UNmlKvluE=] [Neil0001k] No offline messages found
[2025-05-27 21:59:05] [YQws7sa4vXISpnvjCsuNrCVs5fs=] [AresKing09] Checking offline messages for client
[2025-05-27 21:59:05] [YQws7sa4vXISpnvjCsuNrCVs5fs=] [AresKing09] No offline messages found
[2025-05-27 21:59:09] [gMxZ1/ph+Qxvm6mZYISZS9HxTec=] [SomaUltra] Checking offline messages for client
[2025-05-27 21:59:09] [gMxZ1/ph+Qxvm6mZYISZS9HxTec=] [SomaUltra] No offline messages found
[2025-05-27 22:00:04] [37H/lttZ8+4bwWOCES4zZFUkIOg=] [crzfrg77] Checking offline messages for client
[2025-05-27 22:00:04] [37H/lttZ8+4bwWOCES4zZFUkIOg=] [crzfrg77] No offline messages found
[2025-05-27 22:03:53] [2Wwp3OUfYmW1YS0CcQ4xw15CjCs=] [krsto] Checking offline messages for client
[2025-05-27 22:03:53] [2Wwp3OUfYmW1YS0CcQ4xw15CjCs=] [krsto] No offline messages found
[2025-05-27 22:05:42] [EBXe71Lp4NoWtOX097m16XOL9o8=] [kaya] Checking offline messages for client
[2025-05-27 22:05:42] [EBXe71Lp4NoWtOX097m16XOL9o8=] [kaya] No offline messages found
[2025-05-27 22:05:44] [gMxZ1/ph+Qxvm6mZYISZS9HxTec=] [SomaUltra] Checking offline messages for client
[2025-05-27 22:05:44] [gMxZ1/ph+Qxvm6mZYISZS9HxTec=] [SomaUltra] No offline messages found
[2025-05-27 22:07:39] [C6L4VUJ4HuBj9yo1gI1YVUr+6Ns=] [Brzak] Checking offline messages for client
[2025-05-27 22:07:39] [C6L4VUJ4HuBj9yo1gI1YVUr+6Ns=] [Brzak] No offline messages found
[2025-05-27 22:10:21] [69Lk5E9CM3ofYWPS6TUqXtvnhyM=] [TeamSpeakUser3] Checking offline messages for client
[2025-05-27 22:10:21] [69Lk5E9CM3ofYWPS6TUqXtvnhyM=] [TeamSpeakUser3] No offline messages found
[2025-05-27 22:12:27] [ek14P9LpNtXwSGJQRlUmMlUDXJ0=] [WhyNottttt] Checking offline messages for client
[2025-05-27 22:12:27] [ek14P9LpNtXwSGJQRlUmMlUDXJ0=] [WhyNottttt] No offline messages found
[2025-05-27 22:12:35] [Ops676Lt6XgMPCQGa8NIevUnutU=] [mmd] Checking offline messages for client
[2025-05-27 22:12:35] [Ops676Lt6XgMPCQGa8NIevUnutU=] [mmd] No offline messages found
[2025-05-27 22:13:50] [EBXe71Lp4NoWtOX097m16XOL9o8=] [kaya] Checking offline messages for client
[2025-05-27 22:13:50] [EBXe71Lp4NoWtOX097m16XOL9o8=] [kaya] No offline messages found
[2025-05-27 22:15:42] [/y4xr7EivnvVJ88kCW4SLdMKrr4=] [vvvv] Checking offline messages for client
[2025-05-27 22:15:42] [/y4xr7EivnvVJ88kCW4SLdMKrr4=] [vvvv] No offline messages found
[2025-05-27 22:16:03] [qxkb2JPv0oR6UwE1I+TCTDW/H+I=] [sdasdasd] Checking offline messages for client
[2025-05-27 22:16:03] [qxkb2JPv0oR6UwE1I+TCTDW/H+I=] [sdasdasd] No offline messages found
[2025-05-27 22:16:18] [gMxZ1/ph+Qxvm6mZYISZS9HxTec=] [SomaUltra] Checking offline messages for client
[2025-05-27 22:16:18] [gMxZ1/ph+Qxvm6mZYISZS9HxTec=] [SomaUltra] No offline messages found
[2025-05-27 22:18:35] [9GzRbGEyP4IXsmuw4uy/XqtK+Lo=] [30iq] Checking offline messages for client
[2025-05-27 22:18:35] [9GzRbGEyP4IXsmuw4uy/XqtK+Lo=] [30iq] No offline messages found
[2025-05-27 22:19:54] [9GzRbGEyP4IXsmuw4uy/XqtK+Lo=] [30iq] Checking offline messages for client
[2025-05-27 22:19:54] [9GzRbGEyP4IXsmuw4uy/XqtK+Lo=] [30iq] No offline messages found
[2025-05-27 22:21:22] [qI2AgL2fCVT+OOYvCkUB1vKBbFE=] [xDimitryxEc] Checking offline messages for client
[2025-05-27 22:21:22] [qI2AgL2fCVT+OOYvCkUB1vKBbFE=] [xDimitryxEc] No offline messages found
[2025-05-27 22:23:52] [zplLYXriSF0hqWw82HYme0Qb6hU=] [BlvckMafia] Checking offline messages for client
[2025-05-27 22:23:52] [zplLYXriSF0hqWw82HYme0Qb6hU=] [BlvckMafia] No offline messages found
[2025-05-27 22:23:52] [0XIPokUUTEkn00muYiwnSCQJ4wM=] [credolls] Checking offline messages for client
[2025-05-27 22:23:52] [0XIPokUUTEkn00muYiwnSCQJ4wM=] [credolls] No offline messages found
[2025-05-27 22:23:53] [0XIPokUUTEkn00muYiwnSCQJ4wM=] [credolls] Checking offline messages for client
[2025-05-27 22:23:53] [0XIPokUUTEkn00muYiwnSCQJ4wM=] [credolls] No offline messages found
[2025-05-27 22:23:53] [0XIPokUUTEkn00muYiwnSCQJ4wM=] [credolls] Checking offline messages for client
[2025-05-27 22:23:53] [0XIPokUUTEkn00muYiwnSCQJ4wM=] [credolls] No offline messages found
[2025-05-27 22:24:13] [0XIPokUUTEkn00muYiwnSCQJ4wM=] [credolls] Checking offline messages for client
[2025-05-27 22:24:13] [0XIPokUUTEkn00muYiwnSCQJ4wM=] [credolls] No offline messages found
[2025-05-27 22:24:13] [0XIPokUUTEkn00muYiwnSCQJ4wM=] [credolls] Checking offline messages for client
[2025-05-27 22:24:13] [0XIPokUUTEkn00muYiwnSCQJ4wM=] [credolls] No offline messages found
[2025-05-27 22:24:13] [0XIPokUUTEkn00muYiwnSCQJ4wM=] [credolls] Checking offline messages for client
[2025-05-27 22:24:13] [0XIPokUUTEkn00muYiwnSCQJ4wM=] [credolls] No offline messages found
[2025-05-27 22:24:41] [0XIPokUUTEkn00muYiwnSCQJ4wM=] [credolls] Checking offline messages for client
[2025-05-27 22:24:41] [0XIPokUUTEkn00muYiwnSCQJ4wM=] [credolls] No offline messages found
[2025-05-27 22:26:50] [69Lk5E9CM3ofYWPS6TUqXtvnhyM=] [TeamSpeakUser3] Checking offline messages for client
[2025-05-27 22:26:50] [69Lk5E9CM3ofYWPS6TUqXtvnhyM=] [TeamSpeakUser3] No offline messages found
[2025-05-27 22:26:55] [EpUZWrjjGrqfKYXVQkV4/zwv73I=] [mehdi ronin] Checking offline messages for client
[2025-05-27 22:26:55] [EpUZWrjjGrqfKYXVQkV4/zwv73I=] [mehdi ronin] No offline messages found
[2025-05-27 22:27:26] [0WgZKkj6v4iiMp7/eG9vKSWI5qU=] [TeamSpeakUser4] Checking offline messages for client
[2025-05-27 22:27:26] [0WgZKkj6v4iiMp7/eG9vKSWI5qU=] [TeamSpeakUser4] No offline messages found
[2025-05-27 22:27:46] [BwlvWTk4X2R/AjiK56jphGEzeDU=] [TeamSpeakUser5] Checking offline messages for client
[2025-05-27 22:27:46] [BwlvWTk4X2R/AjiK56jphGEzeDU=] [TeamSpeakUser5] No offline messages found
[2025-05-27 22:27:55] [0WgZKkj6v4iiMp7/eG9vKSWI5qU=] [TeamSpeakUser4] Checking offline messages for client
[2025-05-27 22:27:55] [0WgZKkj6v4iiMp7/eG9vKSWI5qU=] [TeamSpeakUser4] No offline messages found
[2025-05-27 22:28:56] [Mb6dR/g4URSfDnUQLHUZn7ZBzJg=] [TeamSpeakUser6] Checking offline messages for client
[2025-05-27 22:28:56] [Mb6dR/g4URSfDnUQLHUZn7ZBzJg=] [TeamSpeakUser6] No offline messages found
[2025-05-27 22:29:18] [ayHUOzBuuInw8J/HHBAIDIq0cYY=] [bohun ivan] Checking offline messages for client
[2025-05-27 22:29:18] [ayHUOzBuuInw8J/HHBAIDIq0cYY=] [bohun ivan] No offline messages found
[2025-05-27 22:32:49] [69Lk5E9CM3ofYWPS6TUqXtvnhyM=] [TeamSpeakUser] Checking offline messages for client
[2025-05-27 22:32:49] [69Lk5E9CM3ofYWPS6TUqXtvnhyM=] [TeamSpeakUser] No offline messages found
[2025-05-27 22:34:03] [YzUgu3CXOY+yhn8UlP+xRN3h09M=] [vekil'] Checking offline messages for client
[2025-05-27 22:34:03] [YzUgu3CXOY+yhn8UlP+xRN3h09M=] [vekil'] No offline messages found
[2025-05-27 22:38:03] [vAoVADXVgpjfEfuPw77F4fgEIl8=] [Nostalgia 2] Checking offline messages for client
[2025-05-27 22:38:03] [vAoVADXVgpjfEfuPw77F4fgEIl8=] [Nostalgia 2] No offline messages found
[2025-05-27 22:39:11] [dMs00ngE6YI0KHtAGRTqeHdKujU=] [Bigboss420] Checking offline messages for client
[2025-05-27 22:39:11] [dMs00ngE6YI0KHtAGRTqeHdKujU=] [Bigboss420] No offline messages found
[2025-05-27 22:39:15] [7OPNxHcTHSq+znXytBlDRPU74IQ=] [NaiRoD] Checking offline messages for client
[2025-05-27 22:39:15] [7OPNxHcTHSq+znXytBlDRPU74IQ=] [NaiRoD] No offline messages found
[2025-05-27 22:41:05] [GDLMnVZvsy2PmGGBS4hN7CRvOTU=] [phonetik78] Checking offline messages for client
[2025-05-27 22:41:05] [GDLMnVZvsy2PmGGBS4hN7CRvOTU=] [phonetik78] No offline messages found
[2025-05-27 22:43:59] [lPq8Y8B1JOHL6QoSGZDwJ6xzT7Q=] [vata] Checking offline messages for client
[2025-05-27 22:43:59] [lPq8Y8B1JOHL6QoSGZDwJ6xzT7Q=] [vata] No offline messages found
[2025-05-27 22:44:11] [+eY62p4z2Yc8MBABvp55HWZZJ18=] [saulov] Checking offline messages for client
[2025-05-27 22:44:11] [+eY62p4z2Yc8MBABvp55HWZZJ18=] [saulov] No offline messages found
[2025-05-27 22:44:13] [olx89Pdjc5M3fEKtvl/uuQb51Rw=] [СИСЯМАСИСЯ] Checking offline messages for client
[2025-05-27 22:44:13] [olx89Pdjc5M3fEKtvl/uuQb51Rw=] [СИСЯМАСИСЯ] No offline messages found
[2025-05-27 22:44:33] [EavBT8NG6JSFl2mI14E3NNtuzVI=] [CClad] Checking offline messages for client
[2025-05-27 22:44:33] [EavBT8NG6JSFl2mI14E3NNtuzVI=] [CClad] No offline messages found
[2025-05-27 22:44:54] [lPq8Y8B1JOHL6QoSGZDwJ6xzT7Q=] [vata] Checking offline messages for client
[2025-05-27 22:44:54] [lPq8Y8B1JOHL6QoSGZDwJ6xzT7Q=] [vata] No offline messages found
[2025-05-27 22:45:49] [X4hKVi7sfvTfJB9YQgAYwR9ZE3I=] [Mnwh] Checking offline messages for client
[2025-05-27 22:45:49] [X4hKVi7sfvTfJB9YQgAYwR9ZE3I=] [Mnwh] No offline messages found
[2025-05-27 22:48:02] [69Lk5E9CM3ofYWPS6TUqXtvnhyM=] [TeamSpeakUser] Checking offline messages for client
[2025-05-27 22:48:02] [69Lk5E9CM3ofYWPS6TUqXtvnhyM=] [TeamSpeakUser] No offline messages found
[2025-05-27 22:49:06] [8Scl5bVgI1QXkVUIDlePsRY6hh4=] [TheKingFish] Checking offline messages for client
[2025-05-27 22:49:06] [8Scl5bVgI1QXkVUIDlePsRY6hh4=] [TheKingFish] No offline messages found
[2025-05-27 22:52:31] [ZGrMI6bNPSY3bqByYnYHBOr+Dac=] [рэдик] Checking offline messages for client
[2025-05-27 22:52:31] [ZGrMI6bNPSY3bqByYnYHBOr+Dac=] [рэдик] No offline messages found
[2025-05-27 22:53:03] [ZGrMI6bNPSY3bqByYnYHBOr+Dac=] [рэдик] Checking offline messages for client
[2025-05-27 22:53:03] [ZGrMI6bNPSY3bqByYnYHBOr+Dac=] [рэдик] No offline messages found
[2025-05-27 22:54:21] [eAuKs9HPamMWAyQuTn0E2FCkE0g=] [Majkel Jekson] Checking offline messages for client
[2025-05-27 22:54:21] [eAuKs9HPamMWAyQuTn0E2FCkE0g=] [Majkel Jekson] No offline messages found
[2025-05-27 22:54:52] [FM7zTGBZqh8bXgWZXEvzzOT66gc=] [regulator] Checking offline messages for client
[2025-05-27 22:54:52] [FM7zTGBZqh8bXgWZXEvzzOT66gc=] [regulator] No offline messages found
[2025-05-27 22:55:32] [u88gTGqnNGQfUIYrLHgg24ksWNY=] [TeamSpeakUser3] Checking offline messages for client
[2025-05-27 22:55:32] [u88gTGqnNGQfUIYrLHgg24ksWNY=] [TeamSpeakUser3] No offline messages found
[2025-05-27 22:56:16] [eqFmaiR4zuNUT2nlSxICY+6dtYg=] [nike_13] Checking offline messages for client
[2025-05-27 22:56:16] [eqFmaiR4zuNUT2nlSxICY+6dtYg=] [nike_13] No offline messages found
[2025-05-27 22:57:06] [HBY+WV6cf6LeM5lvEFlnwwxDWeY=] [TeamSpeakUser7] Checking offline messages for client
[2025-05-27 22:57:06] [HBY+WV6cf6LeM5lvEFlnwwxDWeY=] [TeamSpeakUser7] No offline messages found
[2025-05-27 23:03:24] [U5B6VNOueP3AaJ0CdqHKaKof+tc=] [Loppy] Checking offline messages for client
[2025-05-27 23:03:24] [U5B6VNOueP3AaJ0CdqHKaKof+tc=] [Loppy] No offline messages found
[2025-05-27 23:03:44] [FJgKQXP03s4qt4cA7UpF/yAS1vU=] [Max] Checking offline messages for client
[2025-05-27 23:03:44] [FJgKQXP03s4qt4cA7UpF/yAS1vU=] [Max] No offline messages found
[2025-05-27 23:04:10] [MCH5CUuHw7qLHVegyroS34EN/pQ=] [PastA1] Checking offline messages for client
[2025-05-27 23:04:10] [MCH5CUuHw7qLHVegyroS34EN/pQ=] [PastA1] No offline messages found
[2025-05-27 23:06:32] [uLVUC1jDoXx71qsdY/9tuPQSF0g=] [ProstoMaks] Checking offline messages for client
[2025-05-27 23:06:32] [uLVUC1jDoXx71qsdY/9tuPQSF0g=] [ProstoMaks] No offline messages found
[2025-05-27 23:06:32] [uLVUC1jDoXx71qsdY/9tuPQSF0g=] [ProstoMaks] Checking offline messages for client
[2025-05-27 23:06:32] [uLVUC1jDoXx71qsdY/9tuPQSF0g=] [ProstoMaks] No offline messages found
[2025-05-27 23:06:32] [uLVUC1jDoXx71qsdY/9tuPQSF0g=] [ProstoMaks] Checking offline messages for client
[2025-05-27 23:06:32] [uLVUC1jDoXx71qsdY/9tuPQSF0g=] [ProstoMaks] No offline messages found
[2025-05-27 23:08:45] [f5nyFvudphDmgsspVfCMqGxH6oc=] [Клэймль] Checking offline messages for client
[2025-05-27 23:08:45] [f5nyFvudphDmgsspVfCMqGxH6oc=] [Клэймль] No offline messages found
[2025-05-27 23:09:14] [0TS7jt0APSegEgA9K9hIWfin7m0=] [dadaok] Checking offline messages for client
[2025-05-27 23:09:14] [0TS7jt0APSegEgA9K9hIWfin7m0=] [dadaok] No offline messages found
[2025-05-27 23:11:05] [qI2AgL2fCVT+OOYvCkUB1vKBbFE=] [xDimitryxEc] Checking offline messages for client
[2025-05-27 23:11:05] [qI2AgL2fCVT+OOYvCkUB1vKBbFE=] [xDimitryxEc] No offline messages found
[2025-05-27 23:13:35] [ayHUOzBuuInw8J/HHBAIDIq0cYY=] [bohun ivan] Checking offline messages for client
[2025-05-27 23:13:35] [ayHUOzBuuInw8J/HHBAIDIq0cYY=] [bohun ivan] No offline messages found
[2025-05-27 23:14:05] [JQjkbXWg2IZZb/L8yEMNhCkXVDo=] [Ali_heydari*9] Checking offline messages for client
[2025-05-27 23:14:05] [JQjkbXWg2IZZb/L8yEMNhCkXVDo=] [Ali_heydari*9] No offline messages found
[2025-05-27 23:14:31] [dMs00ngE6YI0KHtAGRTqeHdKujU=] [Bigboss420] Checking offline messages for client
[2025-05-27 23:14:31] [dMs00ngE6YI0KHtAGRTqeHdKujU=] [Bigboss420] No offline messages found
[2025-05-27 23:15:06] [ZGrMI6bNPSY3bqByYnYHBOr+Dac=] [рэдик] Checking offline messages for client
[2025-05-27 23:15:06] [ZGrMI6bNPSY3bqByYnYHBOr+Dac=] [рэдик] No offline messages found
[2025-05-27 23:18:40] [69Lk5E9CM3ofYWPS6TUqXtvnhyM=] [TeamSpeakUser] Checking offline messages for client
[2025-05-27 23:18:40] [69Lk5E9CM3ofYWPS6TUqXtvnhyM=] [TeamSpeakUser] No offline messages found
[2025-05-27 23:19:37] [KpCrnATSI2qO307+bppLreTmcV8=] [gergocsoma51] Checking offline messages for client
[2025-05-27 23:19:37] [KpCrnATSI2qO307+bppLreTmcV8=] [gergocsoma51] No offline messages found
[2025-05-27 23:21:15] [MQ3mzkgPKf3CSM++TDpopXnLpzs=] [clamoris] Checking offline messages for client
[2025-05-27 23:21:15] [MQ3mzkgPKf3CSM++TDpopXnLpzs=] [clamoris] No offline messages found
[2025-05-27 23:21:21] [f5blCV2SYOa9qeIxhD7mgNKdr10=] [kompot1k] Checking offline messages for client
[2025-05-27 23:21:21] [f5blCV2SYOa9qeIxhD7mgNKdr10=] [kompot1k] No offline messages found
[2025-05-27 23:23:24] [hFplnszNsVWixGv+jr9PV6siVtc=] [PitcaRNNN``] Checking offline messages for client
[2025-05-27 23:23:24] [hFplnszNsVWixGv+jr9PV6siVtc=] [PitcaRNNN``] No offline messages found
[2025-05-27 23:23:32] [KgtWKCUgHe+YIFq4EEIuJUQeydU=] [Mehdi_km81] Checking offline messages for client
[2025-05-27 23:23:32] [KgtWKCUgHe+YIFq4EEIuJUQeydU=] [Mehdi_km81] No offline messages found
[2025-05-27 23:25:55] [Uu5KMlrBm4Z5LiLbdfTmVcSDXOU=] [I_XaSkI_I] Checking offline messages for client
[2025-05-27 23:25:55] [Uu5KMlrBm4Z5LiLbdfTmVcSDXOU=] [I_XaSkI_I] No offline messages found
[2025-05-27 23:30:21] [VNEMZGVfsM3a7FyUkiKK12KnFvw=] [rowdy] Checking offline messages for client
[2025-05-27 23:30:21] [VNEMZGVfsM3a7FyUkiKK12KnFvw=] [rowdy] No offline messages found
[2025-05-27 23:33:00] [Sb5/CGVVaqxFJFzlgBB2alqFDUw=] [BRSSSS] Checking offline messages for client
[2025-05-27 23:33:00] [Sb5/CGVVaqxFJFzlgBB2alqFDUw=] [BRSSSS] No offline messages found
[2025-05-27 23:34:00] [7lkgv1NgBUC4Nbvfz0XxfSTDHSQ=] [Platonuch_UA] Checking offline messages for client
[2025-05-27 23:34:00] [7lkgv1NgBUC4Nbvfz0XxfSTDHSQ=] [Platonuch_UA] No offline messages found
[2025-05-27 23:35:15] [iAyTYfCIfg8tWvnwZ8i4V6HC9hg=] [beyazpiyonG] Checking offline messages for client
[2025-05-27 23:35:15] [iAyTYfCIfg8tWvnwZ8i4V6HC9hg=] [beyazpiyonG] No offline messages found
[2025-05-27 23:35:39] [uJnwwqnuPGfoLP0MTPmjLpW1JCI=] [deadly_peak] Checking offline messages for client
[2025-05-27 23:35:39] [uJnwwqnuPGfoLP0MTPmjLpW1JCI=] [deadly_peak] No offline messages found
[2025-05-27 23:36:53] [KgtWKCUgHe+YIFq4EEIuJUQeydU=] [Mehdi_km81] Checking offline messages for client
[2025-05-27 23:36:53] [KgtWKCUgHe+YIFq4EEIuJUQeydU=] [Mehdi_km81] No offline messages found
[2025-05-27 23:37:01] [MpV8eQ7lweL2YSxarhe9a/nQIOk=] [VUL_DROG] Checking offline messages for client
[2025-05-27 23:37:01] [MpV8eQ7lweL2YSxarhe9a/nQIOk=] [VUL_DROG] No offline messages found
[2025-05-27 23:38:17] [69Lk5E9CM3ofYWPS6TUqXtvnhyM=] [TeamSpeakUser] Checking offline messages for client
[2025-05-27 23:38:17] [69Lk5E9CM3ofYWPS6TUqXtvnhyM=] [TeamSpeakUser] No offline messages found
[2025-05-27 23:39:20] [iAyTYfCIfg8tWvnwZ8i4V6HC9hg=] [beyazpiyonG] Checking offline messages for client
[2025-05-27 23:39:20] [iAyTYfCIfg8tWvnwZ8i4V6HC9hg=] [beyazpiyonG] No offline messages found
[2025-05-27 23:40:10] [ayHUOzBuuInw8J/HHBAIDIq0cYY=] [bohun ivan] Checking offline messages for client
[2025-05-27 23:40:10] [ayHUOzBuuInw8J/HHBAIDIq0cYY=] [bohun ivan] No offline messages found
[2025-05-27 23:40:28] [SugbFWoGEjTstbkedjT/7/CaoL4=] [ak24aa] Checking offline messages for client
[2025-05-27 23:40:28] [SugbFWoGEjTstbkedjT/7/CaoL4=] [ak24aa] No offline messages found
[2025-05-27 23:42:04] [jyNREbFc1g7kS1FKSohnZyaSx+g=] [ivansultan] Checking offline messages for client
[2025-05-27 23:42:04] [jyNREbFc1g7kS1FKSohnZyaSx+g=] [ivansultan] No offline messages found
[2025-05-27 23:43:09] [Sb5/CGVVaqxFJFzlgBB2alqFDUw=] [BRSSSS] Checking offline messages for client
[2025-05-27 23:43:09] [Sb5/CGVVaqxFJFzlgBB2alqFDUw=] [BRSSSS] No offline messages found
[2025-05-27 23:43:17] [IGWyaTUI4kkRN9c8SbfKppkqZwU=] [zenk0 -dA beaSt] Checking offline messages for client
[2025-05-27 23:43:17] [IGWyaTUI4kkRN9c8SbfKppkqZwU=] [zenk0 -dA beaSt] No offline messages found
[2025-05-27 23:43:22] [dnD06izVXlp3jUstWLppyYzz/I0=] [-ipq] Checking offline messages for client
[2025-05-27 23:43:22] [dnD06izVXlp3jUstWLppyYzz/I0=] [-ipq] No offline messages found
[2025-05-27 23:43:42] [ZGrMI6bNPSY3bqByYnYHBOr+Dac=] [рэдик] Checking offline messages for client
[2025-05-27 23:43:42] [ZGrMI6bNPSY3bqByYnYHBOr+Dac=] [рэдик] No offline messages found
[2025-05-27 23:44:41] [6QTSVZJXFWVj3iE7IzR5O0qjvAA=] [Maprhendil] Checking offline messages for client
[2025-05-27 23:44:41] [6QTSVZJXFWVj3iE7IzR5O0qjvAA=] [Maprhendil] No offline messages found
[2025-05-27 23:46:14] [0TS7jt0APSegEgA9K9hIWfin7m0=] [dadaok] Checking offline messages for client
[2025-05-27 23:46:14] [0TS7jt0APSegEgA9K9hIWfin7m0=] [dadaok] No offline messages found
[2025-05-27 23:48:47] [ayHUOzBuuInw8J/HHBAIDIq0cYY=] [bohun ivan] Checking offline messages for client
[2025-05-27 23:48:47] [ayHUOzBuuInw8J/HHBAIDIq0cYY=] [bohun ivan] No offline messages found
[2025-05-27 23:51:14] [rShY/1ZC2w9lkwgM2GcewWZlxrw=] [LokyJR16] Checking offline messages for client
[2025-05-27 23:51:14] [rShY/1ZC2w9lkwgM2GcewWZlxrw=] [LokyJR16] No offline messages found
[2025-05-27 23:54:27] [rShY/1ZC2w9lkwgM2GcewWZlxrw=] [LokyJR16] Checking offline messages for client
[2025-05-27 23:54:27] [rShY/1ZC2w9lkwgM2GcewWZlxrw=] [LokyJR16] No offline messages found
