[2025-07-23 00:09:02] [IvPuoleyuChePKK0GR7sRhVCkJE=] [SYRUSSS] Checking offline messages for client
[2025-07-23 00:09:02] [IvPuoleyuChePKK0GR7sRhVCkJE=] [SYRUSSS] No offline messages found
[2025-07-23 00:10:55] [RJGHm/E+Ew4zVFVjpPiIzj2RH1k=] [TeamSpeakUser1] Checking offline messages for client
[2025-07-23 00:10:55] [RJGHm/E+Ew4zVFVjpPiIzj2RH1k=] [TeamSpeakUser1] No offline messages found
[2025-07-23 00:12:16] [1AbnbGgxnGmT+1ucLIy1LFbCSCU=] [theslayercroute] Checking offline messages for client
[2025-07-23 00:12:16] [1AbnbGgxnGmT+1ucLIy1LFbCSCU=] [theslayercroute] No offline messages found
[2025-07-23 00:26:53] [ZRJE0ISA13RmnFcasOlw68BVsNY=] [F4funder] Checking offline messages for client
[2025-07-23 00:26:53] [ZRJE0ISA13RmnFcasOlw68BVsNY=] [F4funder] No offline messages found
[2025-07-23 00:28:10] [dJDOtCzZCCAER8rMkhgixjYkOt0=] [_LUCIFER_] Checking offline messages for client
[2025-07-23 00:28:10] [dJDOtCzZCCAER8rMkhgixjYkOt0=] [_LUCIFER_] No offline messages found
[2025-07-23 00:31:27] [bsB8B4RAh+ZAN8q5dxFVKCf7yYw=] [WOLVERİNE] Checking offline messages for client
[2025-07-23 00:31:27] [bsB8B4RAh+ZAN8q5dxFVKCf7yYw=] [WOLVERİNE] No offline messages found
[2025-07-23 00:31:51] [DkzWFjRCsm+UTvsWYYn492igLoY=] [1.6 fsi dert paket] Checking offline messages for client
[2025-07-23 00:31:51] [DkzWFjRCsm+UTvsWYYn492igLoY=] [1.6 fsi dert paket] No offline messages found
[2025-07-23 00:49:59] [zXTm/+MHoR6U689bH01i/unSjK4=] [Eden] Checking offline messages for client
[2025-07-23 00:49:59] [zXTm/+MHoR6U689bH01i/unSjK4=] [Eden] No offline messages found
[2025-07-23 01:01:09] [5VQn2paiuiABX3QfxcJMoEhAyYQ=] [Almas1k] Checking offline messages for client
[2025-07-23 01:01:09] [5VQn2paiuiABX3QfxcJMoEhAyYQ=] [Almas1k] No offline messages found
[2025-07-23 01:01:20] [Uu5KMlrBm4Z5LiLbdfTmVcSDXOU=] [I_XaSkI_I] Checking offline messages for client
[2025-07-23 01:01:20] [Uu5KMlrBm4Z5LiLbdfTmVcSDXOU=] [I_XaSkI_I] No offline messages found
[2025-07-23 01:04:24] [qCQuK6Is+deAhN2xl/XspjIz8xY=] [Faith] Checking offline messages for client
[2025-07-23 01:04:24] [qCQuK6Is+deAhN2xl/XspjIz8xY=] [Faith] No offline messages found
[2025-07-23 01:06:52] [sDGTmykW+tszI+sqWb5sOOLvtdM=] [f.donato] Checking offline messages for client
[2025-07-23 01:06:52] [sDGTmykW+tszI+sqWb5sOOLvtdM=] [f.donato] No offline messages found
[2025-07-23 01:07:36] [jWxbfxhLxs9dPa3t1WUnys7gnbk=] [Richard_TH] Checking offline messages for client
[2025-07-23 01:07:36] [jWxbfxhLxs9dPa3t1WUnys7gnbk=] [Richard_TH] No offline messages found
[2025-07-23 01:10:00] [Z3dqFL90itQUOdirlz2x1TyvA1s=] [Victuziin] Checking offline messages for client
[2025-07-23 01:10:00] [Z3dqFL90itQUOdirlz2x1TyvA1s=] [Victuziin] No offline messages found
[2025-07-23 01:12:38] [hFplnszNsVWixGv+jr9PV6siVtc=] [PitcaRNNN``] Checking offline messages for client
[2025-07-23 01:12:38] [hFplnszNsVWixGv+jr9PV6siVtc=] [PitcaRNNN``] No offline messages found
[2025-07-23 01:14:46] [CivIdqvdtxSJX+mCOeU13yota9Y=] [digitalmix] Checking offline messages for client
[2025-07-23 01:14:46] [CivIdqvdtxSJX+mCOeU13yota9Y=] [digitalmix] No offline messages found
[2025-07-23 01:29:37] [CivIdqvdtxSJX+mCOeU13yota9Y=] [digitalmix] Checking offline messages for client
[2025-07-23 01:29:37] [CivIdqvdtxSJX+mCOeU13yota9Y=] [digitalmix] No offline messages found
[2025-07-23 01:43:47] [3PUL5t5Jz0KW4hyrBCzi+BArN60=] [tenshin_non] Checking offline messages for client
[2025-07-23 01:43:47] [3PUL5t5Jz0KW4hyrBCzi+BArN60=] [tenshin_non] No offline messages found
[2025-07-23 02:09:01] [qCQuK6Is+deAhN2xl/XspjIz8xY=] [Faith] Checking offline messages for client
[2025-07-23 02:09:01] [qCQuK6Is+deAhN2xl/XspjIz8xY=] [Faith] No offline messages found
[2025-07-23 02:15:33] [1DnWLRgS2QfI/n3VG10tZCF37DE=] [yuno gasai] Checking offline messages for client
[2025-07-23 02:15:33] [1DnWLRgS2QfI/n3VG10tZCF37DE=] [yuno gasai] No offline messages found
[2025-07-23 02:25:13] [O3jgy+4YcNZxt6Kfdzgsu6OGY/w=] [Elcau_sita18] Checking offline messages for client
[2025-07-23 02:25:13] [O3jgy+4YcNZxt6Kfdzgsu6OGY/w=] [Elcau_sita18] No offline messages found
[2025-07-23 02:47:21] [7yx4rkr+UQ/H5S8ylZN92oaaouc=] [burak145349] Checking offline messages for client
[2025-07-23 02:47:21] [7yx4rkr+UQ/H5S8ylZN92oaaouc=] [burak145349] No offline messages found
[2025-07-23 02:54:42] [WtWgpfS8UE18SW7yGXm3r1yoO/c=] [Kowismo] Checking offline messages for client
[2025-07-23 02:54:42] [WtWgpfS8UE18SW7yGXm3r1yoO/c=] [Kowismo] No offline messages found
[2025-07-23 03:10:22] [7yx4rkr+UQ/H5S8ylZN92oaaouc=] [burak145349] Checking offline messages for client
[2025-07-23 03:10:22] [7yx4rkr+UQ/H5S8ylZN92oaaouc=] [burak145349] No offline messages found
[2025-07-23 03:13:31] [7yx4rkr+UQ/H5S8ylZN92oaaouc=] [burak145349] Checking offline messages for client
[2025-07-23 03:13:31] [7yx4rkr+UQ/H5S8ylZN92oaaouc=] [burak145349] No offline messages found
[2025-07-23 03:51:20] [Ha0uQdpQLPKNqYm0SrG/U1zfjlg=] [Kodex1703] Checking offline messages for client
[2025-07-23 03:51:20] [Ha0uQdpQLPKNqYm0SrG/U1zfjlg=] [Kodex1703] No offline messages found
[2025-07-23 03:51:23] [jJ3vygVa0ZNmtWTVE6VcIGw2ZIE=] [s1nat0r] Checking offline messages for client
[2025-07-23 03:51:23] [jJ3vygVa0ZNmtWTVE6VcIGw2ZIE=] [s1nat0r] No offline messages found
[2025-07-23 03:51:24] [jJ3vygVa0ZNmtWTVE6VcIGw2ZIE=] [s1nat0r] Checking offline messages for client
[2025-07-23 03:51:24] [jJ3vygVa0ZNmtWTVE6VcIGw2ZIE=] [s1nat0r] No offline messages found
[2025-07-23 03:51:37] [Ha0uQdpQLPKNqYm0SrG/U1zfjlg=] [Kodex1703] Checking offline messages for client
[2025-07-23 03:51:37] [Ha0uQdpQLPKNqYm0SrG/U1zfjlg=] [Kodex1703] No offline messages found
[2025-07-23 05:29:33] [towLfRNQcO45XOgzoAGrcrQCgK8=] [Kerollanos] Checking offline messages for client
[2025-07-23 05:29:33] [towLfRNQcO45XOgzoAGrcrQCgK8=] [Kerollanos] No offline messages found
[2025-07-23 05:32:32] [3El8Af8khtUw3r7evsMzWALuswM=] [montesiao] Checking offline messages for client
[2025-07-23 05:32:32] [3El8Af8khtUw3r7evsMzWALuswM=] [montesiao] No offline messages found
[2025-07-23 05:37:25] [B2fRgglzPVX7d5IDrNsAi94lUY0=] [baia] Checking offline messages for client
[2025-07-23 05:37:25] [B2fRgglzPVX7d5IDrNsAi94lUY0=] [baia] No offline messages found
[2025-07-23 05:41:10] [V2fvFjMB+bB/cvolRCv2/Dfx0cE=] [matsoares777] Checking offline messages for client
[2025-07-23 05:41:10] [V2fvFjMB+bB/cvolRCv2/Dfx0cE=] [matsoares777] No offline messages found
[2025-07-23 06:16:12] [B2fRgglzPVX7d5IDrNsAi94lUY0=] [baia] Checking offline messages for client
[2025-07-23 06:16:12] [B2fRgglzPVX7d5IDrNsAi94lUY0=] [baia] No offline messages found
[2025-07-23 07:17:07] [qnI7tO/BboMdAQFjmSv9/gyQREY=] [batuhnn] Checking offline messages for client
[2025-07-23 07:17:07] [qnI7tO/BboMdAQFjmSv9/gyQREY=] [batuhnn] No offline messages found
[2025-07-23 08:13:18] [qVldAxT2BuZSKwPYfP5rGmq1glU=] [Sichselber | André] Checking offline messages for client
[2025-07-23 08:13:18] [qVldAxT2BuZSKwPYfP5rGmq1glU=] [Sichselber | André] No offline messages found
[2025-07-23 08:19:56] [0TS7jt0APSegEgA9K9hIWfin7m0=] [dadaok] Checking offline messages for client
[2025-07-23 08:19:56] [0TS7jt0APSegEgA9K9hIWfin7m0=] [dadaok] No offline messages found
[2025-07-23 09:10:41] [nrEFrg1QXE05wuZZG3BbdkciSEc=] [Dumina] Checking offline messages for client
[2025-07-23 09:10:41] [nrEFrg1QXE05wuZZG3BbdkciSEc=] [Dumina] No offline messages found
[2025-07-23 09:19:05] [5tr0bmquCHHSQKHnrvHDA84gg1s=] [DADA] Checking offline messages for client
[2025-07-23 09:19:05] [5tr0bmquCHHSQKHnrvHDA84gg1s=] [DADA] No offline messages found
[2025-07-23 09:19:49] [HjgkiYx80vAjXk0IfiKIZiVtfpg=] [TeamSpeakUser1] Checking offline messages for client
[2025-07-23 09:19:49] [HjgkiYx80vAjXk0IfiKIZiVtfpg=] [TeamSpeakUser1] No offline messages found
[2025-07-23 09:27:52] [daLZO33ORrjt8kilU/mo70jc7KI=] [makpyn] Checking offline messages for client
[2025-07-23 09:27:52] [daLZO33ORrjt8kilU/mo70jc7KI=] [makpyn] No offline messages found
[2025-07-23 09:29:09] [gITtVlfHYxsd3mvOfTblKNtJBDU=] [4iff] Checking offline messages for client
[2025-07-23 09:29:09] [gITtVlfHYxsd3mvOfTblKNtJBDU=] [4iff] No offline messages found
[2025-07-23 09:31:39] [MarBbTtCOdPsPCcTGPUko7UH7Sk=] [billy nogami] Checking offline messages for client
[2025-07-23 09:31:39] [MarBbTtCOdPsPCcTGPUko7UH7Sk=] [billy nogami] No offline messages found
[2025-07-23 09:33:29] [1J9/ZPnHxEL704aM8z0q1FXAbwA=] [redan_22] Checking offline messages for client
[2025-07-23 09:33:29] [1J9/ZPnHxEL704aM8z0q1FXAbwA=] [redan_22] No offline messages found
[2025-07-23 09:38:14] [JS7AYDgRfu5aCR6EsyZfSZOd3ug=] [goran] Checking offline messages for client
[2025-07-23 09:38:14] [JS7AYDgRfu5aCR6EsyZfSZOd3ug=] [goran] No offline messages found
[2025-07-23 09:42:38] [5tr0bmquCHHSQKHnrvHDA84gg1s=] [DADA] Checking offline messages for client
[2025-07-23 09:42:38] [5tr0bmquCHHSQKHnrvHDA84gg1s=] [DADA] No offline messages found
[2025-07-23 09:47:37] [ArDdG6a86sTE9vzN8IIzLOiOEQs=] [Sunrise0754] Checking offline messages for client
[2025-07-23 09:47:37] [ArDdG6a86sTE9vzN8IIzLOiOEQs=] [Sunrise0754] No offline messages found
[2025-07-23 09:58:16] [HjgkiYx80vAjXk0IfiKIZiVtfpg=] [TeamSpeakUser1] Checking offline messages for client
[2025-07-23 09:58:16] [HjgkiYx80vAjXk0IfiKIZiVtfpg=] [TeamSpeakUser1] No offline messages found
[2025-07-23 10:16:04] [ArDdG6a86sTE9vzN8IIzLOiOEQs=] [Sunrise0754] Checking offline messages for client
[2025-07-23 10:16:04] [ArDdG6a86sTE9vzN8IIzLOiOEQs=] [Sunrise0754] No offline messages found
[2025-07-23 10:17:24] [1AbnbGgxnGmT+1ucLIy1LFbCSCU=] [theslayercroute] Checking offline messages for client
[2025-07-23 10:17:24] [1AbnbGgxnGmT+1ucLIy1LFbCSCU=] [theslayercroute] No offline messages found
[2025-07-23 10:37:03] [rc6PTp7wE3xERTiJhvZj3aYUd/Y=] [kushi] Checking offline messages for client
[2025-07-23 10:37:03] [rc6PTp7wE3xERTiJhvZj3aYUd/Y=] [kushi] No offline messages found
[2025-07-23 10:39:05] [3Mq3EB+EEk14kwWNxOyGIgo45U8=] [MATAN] Checking offline messages for client
[2025-07-23 10:39:05] [3Mq3EB+EEk14kwWNxOyGIgo45U8=] [MATAN] No offline messages found
[2025-07-23 10:56:40] [yH7+WUTO9a0edxQG10YKRSCiFog=] [Angry] Checking offline messages for client
[2025-07-23 10:56:40] [yH7+WUTO9a0edxQG10YKRSCiFog=] [Angry] No offline messages found
[2025-07-23 11:16:45] [2agmpyRklBKqWxdUHvV4ZtWgSmg=] [Ejpíček] Checking offline messages for client
[2025-07-23 11:16:45] [2agmpyRklBKqWxdUHvV4ZtWgSmg=] [Ejpíček] No offline messages found
[2025-07-23 11:17:15] [Eq4d/7jYKn2kAAg5zxF1cBzDtR4=] [Guave345] Checking offline messages for client
[2025-07-23 11:17:15] [Eq4d/7jYKn2kAAg5zxF1cBzDtR4=] [Guave345] No offline messages found
[2025-07-23 11:20:33] [Eq4d/7jYKn2kAAg5zxF1cBzDtR4=] [Guave345] Checking offline messages for client
[2025-07-23 11:20:33] [Eq4d/7jYKn2kAAg5zxF1cBzDtR4=] [Guave345] No offline messages found
[2025-07-23 11:31:37] [3yPU6pc5me+dq1BtUSf7ojnIVhM=] [MaveRick] Checking offline messages for client
[2025-07-23 11:31:37] [3yPU6pc5me+dq1BtUSf7ojnIVhM=] [MaveRick] No offline messages found
[2025-07-23 11:32:53] [pM39vwBC404mshweezryIEAS3ZQ=] [Columb] Checking offline messages for client
[2025-07-23 11:32:53] [pM39vwBC404mshweezryIEAS3ZQ=] [Columb] No offline messages found
[2025-07-23 11:36:53] [IF9FpR3gAmSxQsnDcZCQBde7iWY=] [pipisin] Checking offline messages for client
[2025-07-23 11:36:53] [IF9FpR3gAmSxQsnDcZCQBde7iWY=] [pipisin] No offline messages found
[2025-07-23 12:00:43] [j0/Zia4HlCvfGKId4VqTeyzEj7E=] [TeamSpeakUser] Checking offline messages for client
[2025-07-23 12:00:43] [j0/Zia4HlCvfGKId4VqTeyzEj7E=] [TeamSpeakUser] No offline messages found
[2025-07-23 12:02:06] [1J9/ZPnHxEL704aM8z0q1FXAbwA=] [redan_22] Checking offline messages for client
[2025-07-23 12:02:06] [1J9/ZPnHxEL704aM8z0q1FXAbwA=] [redan_22] No offline messages found
[2025-07-23 12:03:11] [beKMJERGRJzOXTIKiYG/e19acSc=] [TeamSpeakUser1] Checking offline messages for client
[2025-07-23 12:03:11] [beKMJERGRJzOXTIKiYG/e19acSc=] [TeamSpeakUser1] No offline messages found
[2025-07-23 12:03:51] [Y87CyZ0z4OCWoHrzcXmcfNJGgn8=] [Ghost] Checking offline messages for client
[2025-07-23 12:03:51] [Y87CyZ0z4OCWoHrzcXmcfNJGgn8=] [Ghost] No offline messages found
[2025-07-23 12:05:49] [beKMJERGRJzOXTIKiYG/e19acSc=] [TeamSpeakUser1] Checking offline messages for client
[2025-07-23 12:05:49] [beKMJERGRJzOXTIKiYG/e19acSc=] [TeamSpeakUser1] No offline messages found
[2025-07-23 12:07:02] [RBwh+hLI7qM/5sBbq4UPaExpE30=] [Druid Сrow 🦅] Checking offline messages for client
[2025-07-23 12:07:02] [RBwh+hLI7qM/5sBbq4UPaExpE30=] [Druid Сrow 🦅] No offline messages found
[2025-07-23 12:10:52] [ilO9JAl5glx+WikZA6SZqmic0Iw=] [kaiizenn] Checking offline messages for client
[2025-07-23 12:10:52] [ilO9JAl5glx+WikZA6SZqmic0Iw=] [kaiizenn] No offline messages found
[2025-07-23 12:16:03] [ow+Zi/O4SnJIvwHosoZ7zIvOOK8=] [shinigami] Checking offline messages for client
[2025-07-23 12:16:03] [ow+Zi/O4SnJIvwHosoZ7zIvOOK8=] [shinigami] No offline messages found
[2025-07-23 12:19:56] [feOILq7xTfQKUz3XLeAaieA6Mwg=] [Lucky13] Checking offline messages for client
[2025-07-23 12:19:56] [feOILq7xTfQKUz3XLeAaieA6Mwg=] [Lucky13] No offline messages found
[2025-07-23 12:20:08] [yJ/YczB0shHI2XAnK+sYnMastDA=] [4ebupelbka] Checking offline messages for client
[2025-07-23 12:20:08] [yJ/YczB0shHI2XAnK+sYnMastDA=] [4ebupelbka] No offline messages found
[2025-07-23 12:20:39] [DdTZodlZXHjKOe/rO2QlLuhDRu0=] [_Sanitol_] Checking offline messages for client
[2025-07-23 12:20:39] [DdTZodlZXHjKOe/rO2QlLuhDRu0=] [_Sanitol_] No offline messages found
[2025-07-23 12:20:48] [NsLPAZ+qG2dqsyNlrwJ4pQkTL3c=] [andreyJ42] Checking offline messages for client
[2025-07-23 12:20:48] [NsLPAZ+qG2dqsyNlrwJ4pQkTL3c=] [andreyJ42] No offline messages found
[2025-07-23 12:21:50] [JVYr5bKxL1SW+6/DCG+FQqC2Lyo=] [isekai] Checking offline messages for client
[2025-07-23 12:21:50] [JVYr5bKxL1SW+6/DCG+FQqC2Lyo=] [isekai] No offline messages found
[2025-07-23 12:36:59] [syGc3yR+8xBjPN6kLg2zE+r+Bwg=] [Gosh] Checking offline messages for client
[2025-07-23 12:36:59] [syGc3yR+8xBjPN6kLg2zE+r+Bwg=] [Gosh] No offline messages found
[2025-07-23 12:37:04] [3Mq3EB+EEk14kwWNxOyGIgo45U8=] [MATAN] Checking offline messages for client
[2025-07-23 12:37:04] [3Mq3EB+EEk14kwWNxOyGIgo45U8=] [MATAN] No offline messages found
[2025-07-23 12:37:18] [5PLzOWJC4hebzJXQxnDUnsGWWhQ=] [ZRUBAVEL] Checking offline messages for client
[2025-07-23 12:37:18] [5PLzOWJC4hebzJXQxnDUnsGWWhQ=] [ZRUBAVEL] No offline messages found
[2025-07-23 12:37:22] [5PLzOWJC4hebzJXQxnDUnsGWWhQ=] [ZRUBAVEL] Checking offline messages for client
[2025-07-23 12:37:22] [5PLzOWJC4hebzJXQxnDUnsGWWhQ=] [ZRUBAVEL] No offline messages found
[2025-07-23 12:37:50] [5PLzOWJC4hebzJXQxnDUnsGWWhQ=] [ZRUBAVEL] Checking offline messages for client
[2025-07-23 12:37:50] [5PLzOWJC4hebzJXQxnDUnsGWWhQ=] [ZRUBAVEL] No offline messages found
[2025-07-23 12:43:46] [2ocYaJGo84ACCkWmpluMvY9TWAQ=] [tiamo9809] Checking offline messages for client
[2025-07-23 12:43:46] [2ocYaJGo84ACCkWmpluMvY9TWAQ=] [tiamo9809] No offline messages found
[2025-07-23 12:44:17] [4lgk8AIxD24nO55TvFlly6KF/C4=] [e6lan] Checking offline messages for client
[2025-07-23 12:44:17] [4lgk8AIxD24nO55TvFlly6KF/C4=] [e6lan] No offline messages found
[2025-07-23 12:44:25] [s5hDFj4VX7G+xWXewX1kKjAVFTM=] [делу время маткаду хуй] Checking offline messages for client
[2025-07-23 12:44:25] [s5hDFj4VX7G+xWXewX1kKjAVFTM=] [делу время маткаду хуй] No offline messages found
[2025-07-23 12:46:54] [2O1gTu+bHd4HCojvVL69INndp4g=] [MrlagTV] Checking offline messages for client
[2025-07-23 12:46:54] [2O1gTu+bHd4HCojvVL69INndp4g=] [MrlagTV] No offline messages found
[2025-07-23 12:54:20] [bRevbiJW/A9S0s2cg5fC1JTRSHo=] [poka] Checking offline messages for client
[2025-07-23 12:54:20] [bRevbiJW/A9S0s2cg5fC1JTRSHo=] [poka] No offline messages found
[2025-07-23 12:54:30] [Ur4QEkJdoUnTlF/3Qq/fhchir7U=] [Alex0807] Checking offline messages for client
[2025-07-23 12:54:30] [Ur4QEkJdoUnTlF/3Qq/fhchir7U=] [Alex0807] No offline messages found
[2025-07-23 13:10:54] [0k7iJrGzj7haOvrih6GAxyrXHtM=] [Sebitzuu] Checking offline messages for client
[2025-07-23 13:10:54] [0k7iJrGzj7haOvrih6GAxyrXHtM=] [Sebitzuu] No offline messages found
[2025-07-23 13:20:53] [bRevbiJW/A9S0s2cg5fC1JTRSHo=] [poka] Checking offline messages for client
[2025-07-23 13:20:53] [bRevbiJW/A9S0s2cg5fC1JTRSHo=] [poka] No offline messages found
[2025-07-23 13:21:01] [bRevbiJW/A9S0s2cg5fC1JTRSHo=] [poka] Checking offline messages for client
[2025-07-23 13:21:01] [bRevbiJW/A9S0s2cg5fC1JTRSHo=] [poka] No offline messages found
[2025-07-23 13:24:01] [ilO9JAl5glx+WikZA6SZqmic0Iw=] [kaiizenn] Checking offline messages for client
[2025-07-23 13:24:01] [ilO9JAl5glx+WikZA6SZqmic0Iw=] [kaiizenn] No offline messages found
[2025-07-23 13:25:02] [QFOoQ6Mg2dbrrKfVQEqUbdv5Eqg=] [dosma666] Checking offline messages for client
[2025-07-23 13:25:02] [QFOoQ6Mg2dbrrKfVQEqUbdv5Eqg=] [dosma666] No offline messages found
[2025-07-23 13:25:03] [QFOoQ6Mg2dbrrKfVQEqUbdv5Eqg=] [dosma666] Checking offline messages for client
[2025-07-23 13:25:03] [QFOoQ6Mg2dbrrKfVQEqUbdv5Eqg=] [dosma666] No offline messages found
[2025-07-23 13:25:03] [QFOoQ6Mg2dbrrKfVQEqUbdv5Eqg=] [dosma666] Checking offline messages for client
[2025-07-23 13:25:03] [QFOoQ6Mg2dbrrKfVQEqUbdv5Eqg=] [dosma666] No offline messages found
[2025-07-23 13:25:07] [ow+Zi/O4SnJIvwHosoZ7zIvOOK8=] [shinigami] Checking offline messages for client
[2025-07-23 13:25:07] [ow+Zi/O4SnJIvwHosoZ7zIvOOK8=] [shinigami] No offline messages found
[2025-07-23 13:25:32] [mLx0Hk4TMipqUwGhs4qaQnVuCRc=] [ywyw] Checking offline messages for client
[2025-07-23 13:25:32] [mLx0Hk4TMipqUwGhs4qaQnVuCRc=] [ywyw] No offline messages found
[2025-07-23 13:25:55] [JVYr5bKxL1SW+6/DCG+FQqC2Lyo=] [isekai] Checking offline messages for client
[2025-07-23 13:25:55] [JVYr5bKxL1SW+6/DCG+FQqC2Lyo=] [isekai] No offline messages found
[2025-07-23 13:34:22] [Chs2gds0q5c5sHk5GQqGy9JmwQg=] [teaman11] Checking offline messages for client
[2025-07-23 13:34:22] [Chs2gds0q5c5sHk5GQqGy9JmwQg=] [teaman11] No offline messages found
[2025-07-23 13:34:46] [dHD7jWi8Q5Lp4lz7I8/axaXFAEA=] [__illlia__] Checking offline messages for client
[2025-07-23 13:34:46] [dHD7jWi8Q5Lp4lz7I8/axaXFAEA=] [__illlia__] No offline messages found
[2025-07-23 13:49:41] [dHD7jWi8Q5Lp4lz7I8/axaXFAEA=] [__illlia__] Checking offline messages for client
[2025-07-23 13:49:41] [dHD7jWi8Q5Lp4lz7I8/axaXFAEA=] [__illlia__] No offline messages found
[2025-07-23 13:57:55] [ow+Zi/O4SnJIvwHosoZ7zIvOOK8=] [shinigami] Checking offline messages for client
[2025-07-23 13:57:55] [ow+Zi/O4SnJIvwHosoZ7zIvOOK8=] [shinigami] No offline messages found
[2025-07-23 14:05:23] [rc6PTp7wE3xERTiJhvZj3aYUd/Y=] [kushi] Checking offline messages for client
[2025-07-23 14:05:23] [rc6PTp7wE3xERTiJhvZj3aYUd/Y=] [kushi] No offline messages found
[2025-07-23 14:08:09] [ilO9JAl5glx+WikZA6SZqmic0Iw=] [kaiizenn] Checking offline messages for client
[2025-07-23 14:08:09] [ilO9JAl5glx+WikZA6SZqmic0Iw=] [kaiizenn] No offline messages found
[2025-07-23 14:16:01] [z6tgkMNevYcZZbU82dmBswFMfjs=] [Dazer] Checking offline messages for client
[2025-07-23 14:16:01] [z6tgkMNevYcZZbU82dmBswFMfjs=] [Dazer] No offline messages found
[2025-07-23 14:21:59] [M09LXQM0h1IxzpSiw7t91USRzUA=] [dolv1] Checking offline messages for client
[2025-07-23 14:21:59] [M09LXQM0h1IxzpSiw7t91USRzUA=] [dolv1] No offline messages found
[2025-07-23 14:21:59] [M09LXQM0h1IxzpSiw7t91USRzUA=] [dolv1] Checking offline messages for client
[2025-07-23 14:21:59] [M09LXQM0h1IxzpSiw7t91USRzUA=] [dolv1] No offline messages found
[2025-07-23 14:21:59] [M09LXQM0h1IxzpSiw7t91USRzUA=] [dolv1] Checking offline messages for client
[2025-07-23 14:21:59] [M09LXQM0h1IxzpSiw7t91USRzUA=] [dolv1] No offline messages found
[2025-07-23 14:41:28] [z6tgkMNevYcZZbU82dmBswFMfjs=] [Dazer] Checking offline messages for client
[2025-07-23 14:41:28] [z6tgkMNevYcZZbU82dmBswFMfjs=] [Dazer] No offline messages found
[2025-07-23 14:46:09] [s1cKjvWV/U2hH6YRSl2/TWstSVc=] [TeamSpeakUser] Checking offline messages for client
[2025-07-23 14:46:09] [s1cKjvWV/U2hH6YRSl2/TWstSVc=] [TeamSpeakUser] No offline messages found
[2025-07-23 14:47:03] [e1vImF/pvh7c+66eD1lHGlZ9N08=] [Fornax013] Checking offline messages for client
[2025-07-23 14:47:03] [e1vImF/pvh7c+66eD1lHGlZ9N08=] [Fornax013] No offline messages found
[2025-07-23 14:50:27] [J59TlJOyXmeGAsjkHRqeI3rZA/8=] [SysmoUsercid=140] Checking offline messages for client
[2025-07-23 14:50:27] [J59TlJOyXmeGAsjkHRqeI3rZA/8=] [SysmoUsercid=140] No offline messages found
[2025-07-23 14:51:04] [4lgk8AIxD24nO55TvFlly6KF/C4=] [e6lan] Checking offline messages for client
[2025-07-23 14:51:04] [4lgk8AIxD24nO55TvFlly6KF/C4=] [e6lan] No offline messages found
[2025-07-23 14:51:34] [YKaJKPUcO38+nmswF3rtl+ViIlg=] [TeamSpeakUser1] Checking offline messages for client
[2025-07-23 14:51:34] [YKaJKPUcO38+nmswF3rtl+ViIlg=] [TeamSpeakUser1] No offline messages found
[2025-07-23 14:51:50] [YKaJKPUcO38+nmswF3rtl+ViIlg=] [TeamSpeakUser1] Checking offline messages for client
[2025-07-23 14:51:50] [YKaJKPUcO38+nmswF3rtl+ViIlg=] [TeamSpeakUser1] No offline messages found
[2025-07-23 14:53:15] [0k7iJrGzj7haOvrih6GAxyrXHtM=] [Sebitzuu] Checking offline messages for client
[2025-07-23 14:53:15] [0k7iJrGzj7haOvrih6GAxyrXHtM=] [Sebitzuu] No offline messages found
[2025-07-23 14:54:31] [m3jwrJafD7Z1HcDm7lAZbGqtROY=] [zui] Checking offline messages for client
[2025-07-23 14:54:31] [m3jwrJafD7Z1HcDm7lAZbGqtROY=] [zui] No offline messages found
[2025-07-23 14:56:30] [Ur4QEkJdoUnTlF/3Qq/fhchir7U=] [Alex0807] Checking offline messages for client
[2025-07-23 14:56:30] [Ur4QEkJdoUnTlF/3Qq/fhchir7U=] [Alex0807] No offline messages found
[2025-07-23 14:56:47] [bpYy2KHBOaR6J2N4nhZGGnVwzS4=] [vatrushka_maretty] Checking offline messages for client
[2025-07-23 14:56:47] [bpYy2KHBOaR6J2N4nhZGGnVwzS4=] [vatrushka_maretty] No offline messages found
[2025-07-23 14:57:44] [+QTfzoCOcfpc5pNJ24WBX/EfRAU=] [Уебище] Checking offline messages for client
[2025-07-23 14:57:44] [+QTfzoCOcfpc5pNJ24WBX/EfRAU=] [Уебище] No offline messages found
[2025-07-23 15:08:07] [yNFUjD+LJEqojKPPlPGtCAVEYRU=] [Боцман777] Checking offline messages for client
[2025-07-23 15:08:07] [yNFUjD+LJEqojKPPlPGtCAVEYRU=] [Боцман777] No offline messages found
[2025-07-23 15:11:05] [ktT/SftpCnxHE/8DJjKjzUnQ3AY=] [EJEX] Checking offline messages for client
[2025-07-23 15:11:05] [ktT/SftpCnxHE/8DJjKjzUnQ3AY=] [EJEX] No offline messages found
[2025-07-23 15:11:36] [hiPVUrXZ3NXZ4Kgr1frHjzABhqI=] [EdoTama888] Checking offline messages for client
[2025-07-23 15:11:36] [hiPVUrXZ3NXZ4Kgr1frHjzABhqI=] [EdoTama888] No offline messages found
[2025-07-23 15:11:44] [wDjYvnAEDV8Ca22jvXeJSwKiCC0=] [Chris] Checking offline messages for client
[2025-07-23 15:11:44] [wDjYvnAEDV8Ca22jvXeJSwKiCC0=] [Chris] No offline messages found
[2025-07-23 15:12:25] [Ky4Et2mgtJ9j27HGeNl/5qVw840=] [frkn] Checking offline messages for client
[2025-07-23 15:12:25] [Ky4Et2mgtJ9j27HGeNl/5qVw840=] [frkn] No offline messages found
[2025-07-23 15:13:04] [U03tlpb40T9DiVjXTVQdXprGQkc=] [fdgod35] Checking offline messages for client
[2025-07-23 15:13:04] [U03tlpb40T9DiVjXTVQdXprGQkc=] [fdgod35] No offline messages found
[2025-07-23 15:13:39] [d1zvzZVhwuMfcPJdM3oRosvaKUM=] [JackoTama387] Checking offline messages for client
[2025-07-23 15:13:39] [d1zvzZVhwuMfcPJdM3oRosvaKUM=] [JackoTama387] No offline messages found
[2025-07-23 15:14:16] [d1zvzZVhwuMfcPJdM3oRosvaKUM=] [JackoTama387] Checking offline messages for client
[2025-07-23 15:14:16] [d1zvzZVhwuMfcPJdM3oRosvaKUM=] [JackoTama387] No offline messages found
[2025-07-23 15:14:20] [mbP4nghKzvRW54vnBJ4hB+FVGdw=] [Andy] Checking offline messages for client
[2025-07-23 15:14:20] [mbP4nghKzvRW54vnBJ4hB+FVGdw=] [Andy] No offline messages found
[2025-07-23 15:18:05] [Lm1n0p7fC/1pjKi0sXmBUDhDWNE=] [clamoris] Checking offline messages for client
[2025-07-23 15:18:05] [Lm1n0p7fC/1pjKi0sXmBUDhDWNE=] [clamoris] No offline messages found
[2025-07-23 15:18:58] [MHmdoAL2tS4k9FBfzlhXVa1GOyY=] [devl1] Checking offline messages for client
[2025-07-23 15:18:58] [MHmdoAL2tS4k9FBfzlhXVa1GOyY=] [devl1] No offline messages found
[2025-07-23 15:23:07] [Wea4qPdh5ARTol/+1enYw8oKVh0=] [cuma/bobmarley] Checking offline messages for client
[2025-07-23 15:23:07] [Wea4qPdh5ARTol/+1enYw8oKVh0=] [cuma/bobmarley] No offline messages found
[2025-07-23 15:24:07] [Rodj4vW2uC+Kfmrxx/01gWqtX7M=] [SADOMAZOOO-MUHİTTİN] Checking offline messages for client
[2025-07-23 15:24:07] [Rodj4vW2uC+Kfmrxx/01gWqtX7M=] [SADOMAZOOO-MUHİTTİN] No offline messages found
[2025-07-23 15:27:13] [X6E5/N6c4x3DmVvfM1A7J4pIjC0=] [Omar] Checking offline messages for client
[2025-07-23 15:27:13] [X6E5/N6c4x3DmVvfM1A7J4pIjC0=] [Omar] No offline messages found
[2025-07-23 15:34:45] [M09LXQM0h1IxzpSiw7t91USRzUA=] [dolv1] Checking offline messages for client
[2025-07-23 15:34:45] [M09LXQM0h1IxzpSiw7t91USRzUA=] [dolv1] No offline messages found
[2025-07-23 15:36:37] [tBhk9cUC4Ww80DieYR7vYt3MhRM=] [gholab] Checking offline messages for client
[2025-07-23 15:36:37] [tBhk9cUC4Ww80DieYR7vYt3MhRM=] [gholab] No offline messages found
[2025-07-23 15:45:12] [RiCWeDQFOftnEgN1BBHprH1WWy0=] [kudo] Checking offline messages for client
[2025-07-23 15:45:12] [RiCWeDQFOftnEgN1BBHprH1WWy0=] [kudo] No offline messages found
[2025-07-23 15:46:25] [ow+Zi/O4SnJIvwHosoZ7zIvOOK8=] [shinigami] Checking offline messages for client
[2025-07-23 15:46:25] [ow+Zi/O4SnJIvwHosoZ7zIvOOK8=] [shinigami] No offline messages found
[2025-07-23 15:47:35] [5PLzOWJC4hebzJXQxnDUnsGWWhQ=] [ZRUBAVEL] Checking offline messages for client
[2025-07-23 15:47:35] [5PLzOWJC4hebzJXQxnDUnsGWWhQ=] [ZRUBAVEL] No offline messages found
[2025-07-23 15:53:17] [iyVQVtmbSrTKhWTLGWQUmQX+5m4=] [cuffe] Checking offline messages for client
[2025-07-23 15:53:17] [iyVQVtmbSrTKhWTLGWQUmQX+5m4=] [cuffe] No offline messages found
[2025-07-23 15:55:19] [U7n5f9f5UuEO8R3R6uqCVlhuqkM=] [Hisoka] Checking offline messages for client
[2025-07-23 15:55:19] [U7n5f9f5UuEO8R3R6uqCVlhuqkM=] [Hisoka] No offline messages found
[2025-07-23 16:06:18] [1bxlkLWE1YEds4euACE9lSAD0Jg=] [Mr..Fury] Checking offline messages for client
[2025-07-23 16:06:18] [1bxlkLWE1YEds4euACE9lSAD0Jg=] [Mr..Fury] No offline messages found
[2025-07-23 16:10:16] [dHD7jWi8Q5Lp4lz7I8/axaXFAEA=] [__illlia__] Checking offline messages for client
[2025-07-23 16:10:16] [dHD7jWi8Q5Lp4lz7I8/axaXFAEA=] [__illlia__] No offline messages found
[2025-07-23 16:11:19] [syGc3yR+8xBjPN6kLg2zE+r+Bwg=] [Gosh] Checking offline messages for client
[2025-07-23 16:11:19] [syGc3yR+8xBjPN6kLg2zE+r+Bwg=] [Gosh] No offline messages found
[2025-07-23 16:11:41] [ZRaP7ZFk8xMR0aZkTaBGImOaGAM=] [SysmoUsercid=140] Checking offline messages for client
[2025-07-23 16:11:41] [ZRaP7ZFk8xMR0aZkTaBGImOaGAM=] [SysmoUsercid=140] No offline messages found
[2025-07-23 16:14:39] [u37UZKIsHRy8fpvH8qv7OuhDpEw=] [AMINOV] Checking offline messages for client
[2025-07-23 16:14:39] [u37UZKIsHRy8fpvH8qv7OuhDpEw=] [AMINOV] No offline messages found
[2025-07-23 16:15:49] [KJ4zqn9pukLO1ChROBmAPzo3JKk=] [Shutn1k] Checking offline messages for client
[2025-07-23 16:15:49] [KJ4zqn9pukLO1ChROBmAPzo3JKk=] [Shutn1k] No offline messages found
[2025-07-23 16:16:32] [16sukKAFNap1+Cn7UMJ+NAHaa8I=] [нихао] Checking offline messages for client
[2025-07-23 16:16:32] [16sukKAFNap1+Cn7UMJ+NAHaa8I=] [нихао] No offline messages found
[2025-07-23 16:18:11] [nmMsjCsq3llYr3g2A8cfAaD3Fy0=] [arhi23] Checking offline messages for client
[2025-07-23 16:18:11] [nmMsjCsq3llYr3g2A8cfAaD3Fy0=] [arhi23] No offline messages found
[2025-07-23 16:19:14] [SLgF1CXjcyyJuJUIsTJh2Pk2myQ=] [nenesikicininsikicisi35] Checking offline messages for client
[2025-07-23 16:19:14] [SLgF1CXjcyyJuJUIsTJh2Pk2myQ=] [nenesikicininsikicisi35] No offline messages found
[2025-07-23 16:19:19] [UGY8Kcj0WISsPjCfS8KB0k7vMsc=] [Leijonuss] Checking offline messages for client
[2025-07-23 16:19:19] [UGY8Kcj0WISsPjCfS8KB0k7vMsc=] [Leijonuss] No offline messages found
[2025-07-23 16:20:38] [+vVe9y7KDRV9mBOqgGxIE3TldlI=] [Fullfunny] Checking offline messages for client
[2025-07-23 16:20:38] [+vVe9y7KDRV9mBOqgGxIE3TldlI=] [Fullfunny] No offline messages found
[2025-07-23 16:21:23] [XHkNT/2WnLO7jAbxQXhDIydF250=] [RedragoN] Checking offline messages for client
[2025-07-23 16:21:23] [XHkNT/2WnLO7jAbxQXhDIydF250=] [RedragoN] No offline messages found
[2025-07-23 16:21:41] [aNjudHOBewa96mVY0lXhuT8gvLw=] [fosik] Checking offline messages for client
[2025-07-23 16:21:41] [aNjudHOBewa96mVY0lXhuT8gvLw=] [fosik] No offline messages found
[2025-07-23 16:21:50] [XHkNT/2WnLO7jAbxQXhDIydF250=] [RedragoN] Checking offline messages for client
[2025-07-23 16:21:50] [XHkNT/2WnLO7jAbxQXhDIydF250=] [RedragoN] No offline messages found
[2025-07-23 16:23:06] [XHkNT/2WnLO7jAbxQXhDIydF250=] [RedragoN] Checking offline messages for client
[2025-07-23 16:23:06] [XHkNT/2WnLO7jAbxQXhDIydF250=] [RedragoN] No offline messages found
[2025-07-23 16:23:21] [kOTiGdU7Prb6oIvLC/wF8cto8B0=] [Агрессор777] Checking offline messages for client
[2025-07-23 16:23:21] [kOTiGdU7Prb6oIvLC/wF8cto8B0=] [Агрессор777] No offline messages found
[2025-07-23 16:23:41] [d/2RYNlm5B/Nn3BBGjS8/8tretA=] [LaPt] Checking offline messages for client
[2025-07-23 16:23:41] [d/2RYNlm5B/Nn3BBGjS8/8tretA=] [LaPt] No offline messages found
[2025-07-23 16:24:55] [FKc/JBDSnmX+FxAtAcOJ7P4tDPQ=] [saltuha991] Checking offline messages for client
[2025-07-23 16:24:55] [FKc/JBDSnmX+FxAtAcOJ7P4tDPQ=] [saltuha991] No offline messages found
[2025-07-23 16:25:08] [M09LXQM0h1IxzpSiw7t91USRzUA=] [dolv1] Checking offline messages for client
[2025-07-23 16:25:08] [M09LXQM0h1IxzpSiw7t91USRzUA=] [dolv1] No offline messages found
[2025-07-23 16:30:35] [yH7+WUTO9a0edxQG10YKRSCiFog=] [Angry] Checking offline messages for client
[2025-07-23 16:30:35] [yH7+WUTO9a0edxQG10YKRSCiFog=] [Angry] No offline messages found
[2025-07-23 16:30:48] [S4nJnfZbC50B772ngduYc9QqqU0=] [PIADORAZZZ] Checking offline messages for client
[2025-07-23 16:30:48] [S4nJnfZbC50B772ngduYc9QqqU0=] [PIADORAZZZ] No offline messages found
[2025-07-23 16:31:23] [uVIyLE46ey0eBhM+Z9Az+wuDd2U=] [LisssTzz] Checking offline messages for client
[2025-07-23 16:31:23] [uVIyLE46ey0eBhM+Z9Az+wuDd2U=] [LisssTzz] No offline messages found
[2025-07-23 16:31:40] [RN5q34hvf046r4qme1+T2IWlORI=] [maksik] Checking offline messages for client
[2025-07-23 16:31:40] [RN5q34hvf046r4qme1+T2IWlORI=] [maksik] No offline messages found
[2025-07-23 16:31:49] [7yx4rkr+UQ/H5S8ylZN92oaaouc=] [burak145349] Checking offline messages for client
[2025-07-23 16:31:49] [7yx4rkr+UQ/H5S8ylZN92oaaouc=] [burak145349] No offline messages found
[2025-07-23 16:40:31] [WtWgpfS8UE18SW7yGXm3r1yoO/c=] [Kowismo] Checking offline messages for client
[2025-07-23 16:40:31] [WtWgpfS8UE18SW7yGXm3r1yoO/c=] [Kowismo] No offline messages found
[2025-07-23 16:43:07] [DkzWFjRCsm+UTvsWYYn492igLoY=] [1.6 fsi dert paket] Checking offline messages for client
[2025-07-23 16:43:07] [DkzWFjRCsm+UTvsWYYn492igLoY=] [1.6 fsi dert paket] No offline messages found
[2025-07-23 16:45:58] [m3jwrJafD7Z1HcDm7lAZbGqtROY=] [zui] Checking offline messages for client
[2025-07-23 16:45:58] [m3jwrJafD7Z1HcDm7lAZbGqtROY=] [zui] No offline messages found
[2025-07-23 16:47:08] [HjgkiYx80vAjXk0IfiKIZiVtfpg=] [TeamSpeakUser11] Checking offline messages for client
[2025-07-23 16:47:08] [HjgkiYx80vAjXk0IfiKIZiVtfpg=] [TeamSpeakUser11] No offline messages found
[2025-07-23 16:51:28] [Y3EDpeFsO9lDhDp9nUiaxxnoG/E=] [LADRON] Checking offline messages for client
[2025-07-23 16:51:28] [Y3EDpeFsO9lDhDp9nUiaxxnoG/E=] [LADRON] No offline messages found
[2025-07-23 16:55:39] [IvPuoleyuChePKK0GR7sRhVCkJE=] [SYRUSSS] Checking offline messages for client
[2025-07-23 16:55:39] [IvPuoleyuChePKK0GR7sRhVCkJE=] [SYRUSSS] No offline messages found
[2025-07-23 16:56:30] [AC87pO3YB+wvZ5G27tY2glDTG4M=] [andy76633] Checking offline messages for client
[2025-07-23 16:56:30] [AC87pO3YB+wvZ5G27tY2glDTG4M=] [andy76633] No offline messages found
[2025-07-23 16:59:15] [AKpjILgA7fb120p7rMX2qJsj2yc=] [TeamSpeakUser2] Checking offline messages for client
[2025-07-23 16:59:15] [AKpjILgA7fb120p7rMX2qJsj2yc=] [TeamSpeakUser2] No offline messages found
[2025-07-23 16:59:29] [qVldAxT2BuZSKwPYfP5rGmq1glU=] [Sichselber | André] Checking offline messages for client
[2025-07-23 16:59:29] [qVldAxT2BuZSKwPYfP5rGmq1glU=] [Sichselber | André] No offline messages found
[2025-07-23 16:59:43] [0k7iJrGzj7haOvrih6GAxyrXHtM=] [Sebitzuu] Checking offline messages for client
[2025-07-23 16:59:43] [0k7iJrGzj7haOvrih6GAxyrXHtM=] [Sebitzuu] No offline messages found
[2025-07-23 17:04:46] [QnPuvl/LakOS16vWSaXMZlHO3Xg=] [grr] Checking offline messages for client
[2025-07-23 17:04:46] [QnPuvl/LakOS16vWSaXMZlHO3Xg=] [grr] No offline messages found
[2025-07-23 17:09:03] [MutMI8w80TgxkXwn/z4gZc/vgiU=] [Asshole do not burn] Checking offline messages for client
[2025-07-23 17:09:03] [MutMI8w80TgxkXwn/z4gZc/vgiU=] [Asshole do not burn] No offline messages found
[2025-07-23 17:12:12] [0k7iJrGzj7haOvrih6GAxyrXHtM=] [Sebitzuu] Checking offline messages for client
[2025-07-23 17:12:12] [0k7iJrGzj7haOvrih6GAxyrXHtM=] [Sebitzuu] No offline messages found
[2025-07-23 17:14:12] [Chs2gds0q5c5sHk5GQqGy9JmwQg=] [teaman11] Checking offline messages for client
[2025-07-23 17:14:12] [Chs2gds0q5c5sHk5GQqGy9JmwQg=] [teaman11] No offline messages found
[2025-07-23 17:14:39] [Ur4QEkJdoUnTlF/3Qq/fhchir7U=] [Alex0807] Checking offline messages for client
[2025-07-23 17:14:39] [Ur4QEkJdoUnTlF/3Qq/fhchir7U=] [Alex0807] No offline messages found
[2025-07-23 17:21:09] [0k7iJrGzj7haOvrih6GAxyrXHtM=] [Sebitzuu] Checking offline messages for client
[2025-07-23 17:21:09] [0k7iJrGzj7haOvrih6GAxyrXHtM=] [Sebitzuu] No offline messages found
[2025-07-23 17:24:05] [2GEbS2dXEYAS6A4FiWA+bDxcSSg=] [TheMandelol] Checking offline messages for client
[2025-07-23 17:24:05] [2GEbS2dXEYAS6A4FiWA+bDxcSSg=] [TheMandelol] No offline messages found
[2025-07-23 17:30:47] [ZnU8vaPl8AP2v7ujelAJMkb+r+E=] [TeamSpeakUser2] Checking offline messages for client
[2025-07-23 17:30:47] [ZnU8vaPl8AP2v7ujelAJMkb+r+E=] [TeamSpeakUser2] No offline messages found
[2025-07-23 17:31:37] [j5dWqR3YtdDg+SH0Z4utnl7TppY=] [Claudiu20047] Checking offline messages for client
[2025-07-23 17:31:37] [j5dWqR3YtdDg+SH0Z4utnl7TppY=] [Claudiu20047] No offline messages found
[2025-07-23 17:31:53] [54WZu+s0GAGDymrTqfV4cax1rlQ=] [Sumanalatha] Checking offline messages for client
[2025-07-23 17:31:53] [54WZu+s0GAGDymrTqfV4cax1rlQ=] [Sumanalatha] No offline messages found
[2025-07-23 17:34:40] [rNuuzETCYHp/ipeNXkMjDacyUEg=] [Haydn_123] Checking offline messages for client
[2025-07-23 17:34:40] [rNuuzETCYHp/ipeNXkMjDacyUEg=] [Haydn_123] No offline messages found
[2025-07-23 17:35:25] [1bxlkLWE1YEds4euACE9lSAD0Jg=] [Mr..Fury] Checking offline messages for client
[2025-07-23 17:35:25] [1bxlkLWE1YEds4euACE9lSAD0Jg=] [Mr..Fury] No offline messages found
[2025-07-23 17:36:47] [Chs2gds0q5c5sHk5GQqGy9JmwQg=] [teaman11] Checking offline messages for client
[2025-07-23 17:36:47] [Chs2gds0q5c5sHk5GQqGy9JmwQg=] [teaman11] No offline messages found
[2025-07-23 17:53:51] [wHu8CcJA3lzMnjKWRMwrrvCJbLs=] [mmd senator] Checking offline messages for client
[2025-07-23 17:53:51] [wHu8CcJA3lzMnjKWRMwrrvCJbLs=] [mmd senator] No offline messages found
[2025-07-23 17:58:25] [eNxiZDOeggdj95ZNvuM5yeobkrU=] [Etienne] Checking offline messages for client
[2025-07-23 17:58:25] [eNxiZDOeggdj95ZNvuM5yeobkrU=] [Etienne] No offline messages found
[2025-07-23 17:58:49] [eNxiZDOeggdj95ZNvuM5yeobkrU=] [Etienne] Checking offline messages for client
[2025-07-23 17:58:49] [eNxiZDOeggdj95ZNvuM5yeobkrU=] [Etienne] No offline messages found
[2025-07-23 18:01:05] [EabEuFfJWoidlJHowxz83DhK5uk=] [Rich Lich] Checking offline messages for client
[2025-07-23 18:01:05] [EabEuFfJWoidlJHowxz83DhK5uk=] [Rich Lich] No offline messages found
[2025-07-23 18:02:26] [39Hn80GzU936S3hLOAjj8iP5kpg=] [Shawaj] Checking offline messages for client
[2025-07-23 18:02:26] [39Hn80GzU936S3hLOAjj8iP5kpg=] [Shawaj] No offline messages found
[2025-07-23 18:03:14] [1fLfTv7a7WCXSiKCcl/56zaOGH4=] [TeamSpeakUser] Checking offline messages for client
[2025-07-23 18:03:14] [1fLfTv7a7WCXSiKCcl/56zaOGH4=] [TeamSpeakUser] No offline messages found
[2025-07-23 18:06:57] [x5NWjjSsshVzCfkox/peFi8iwwM=] [pzdcvsenikizanyati] Checking offline messages for client
[2025-07-23 18:06:57] [x5NWjjSsshVzCfkox/peFi8iwwM=] [pzdcvsenikizanyati] No offline messages found
[2025-07-23 18:07:08] [nYYlWUs5YkYKnWWsLhHJIhbnlmA=] [HanS] Checking offline messages for client
[2025-07-23 18:07:08] [nYYlWUs5YkYKnWWsLhHJIhbnlmA=] [HanS] No offline messages found
[2025-07-23 18:07:55] [s5SoU0O6Mp2lEkoeWlMc2247gBk=] [don] Checking offline messages for client
[2025-07-23 18:07:55] [s5SoU0O6Mp2lEkoeWlMc2247gBk=] [don] No offline messages found
[2025-07-23 18:07:59] [nYYlWUs5YkYKnWWsLhHJIhbnlmA=] [HanS] Checking offline messages for client
[2025-07-23 18:07:59] [nYYlWUs5YkYKnWWsLhHJIhbnlmA=] [HanS] No offline messages found
[2025-07-23 18:08:22] [g95LkcovmlDSBBJIdmdv0zN6QBs=] [baysikimdeğil] Checking offline messages for client
[2025-07-23 18:08:22] [g95LkcovmlDSBBJIdmdv0zN6QBs=] [baysikimdeğil] No offline messages found
[2025-07-23 18:08:29] [cQnuljBLILs8CHiCBcythkog2Vc=] [Yugik] Checking offline messages for client
[2025-07-23 18:08:29] [cQnuljBLILs8CHiCBcythkog2Vc=] [Yugik] No offline messages found
[2025-07-23 18:09:39] [CAXLSUAM56Ig7tLYqBzO8Lrc+lY=] [zulul] Checking offline messages for client
[2025-07-23 18:09:39] [CAXLSUAM56Ig7tLYqBzO8Lrc+lY=] [zulul] No offline messages found
[2025-07-23 18:09:56] [rtdUFV+2q6gMB7LIOA5+y8SqhBY=] [mevlutozkara] Checking offline messages for client
[2025-07-23 18:09:56] [rtdUFV+2q6gMB7LIOA5+y8SqhBY=] [mevlutozkara] No offline messages found
[2025-07-23 18:12:54] [zplLYXriSF0hqWw82HYme0Qb6hU=] [BlvckMafia] Checking offline messages for client
[2025-07-23 18:12:54] [zplLYXriSF0hqWw82HYme0Qb6hU=] [BlvckMafia] No offline messages found
[2025-07-23 18:12:57] [zplLYXriSF0hqWw82HYme0Qb6hU=] [BlvckMafia] Checking offline messages for client
[2025-07-23 18:12:57] [zplLYXriSF0hqWw82HYme0Qb6hU=] [BlvckMafia] No offline messages found
[2025-07-23 18:12:58] [zplLYXriSF0hqWw82HYme0Qb6hU=] [BlvckMafia] Checking offline messages for client
[2025-07-23 18:12:58] [zplLYXriSF0hqWw82HYme0Qb6hU=] [BlvckMafia] No offline messages found
[2025-07-23 18:14:42] [R6w4zncMqAp7xPym2ZI34QgxVBA=] [ADANALII] Checking offline messages for client
[2025-07-23 18:14:42] [R6w4zncMqAp7xPym2ZI34QgxVBA=] [ADANALII] No offline messages found
[2025-07-23 18:15:28] [0k7iJrGzj7haOvrih6GAxyrXHtM=] [Sebitzuu] Checking offline messages for client
[2025-07-23 18:15:28] [0k7iJrGzj7haOvrih6GAxyrXHtM=] [Sebitzuu] No offline messages found
[2025-07-23 18:18:17] [esphB+mG2+N8I3ntRjK04Tgvv7o=] [Phantor] Checking offline messages for client
[2025-07-23 18:18:17] [esphB+mG2+N8I3ntRjK04Tgvv7o=] [Phantor] No offline messages found
[2025-07-23 18:20:03] [MqlyPI/U5wjPs6LHaX2Ifl+w4r8=] [timothysamuelx] Checking offline messages for client
[2025-07-23 18:20:03] [MqlyPI/U5wjPs6LHaX2Ifl+w4r8=] [timothysamuelx] No offline messages found
[2025-07-23 18:22:06] [uVIyLE46ey0eBhM+Z9Az+wuDd2U=] [LisssTzz] Checking offline messages for client
[2025-07-23 18:22:06] [uVIyLE46ey0eBhM+Z9Az+wuDd2U=] [LisssTzz] No offline messages found
[2025-07-23 18:22:08] [uVIyLE46ey0eBhM+Z9Az+wuDd2U=] [LisssTzz] Checking offline messages for client
[2025-07-23 18:22:08] [uVIyLE46ey0eBhM+Z9Az+wuDd2U=] [LisssTzz] No offline messages found
[2025-07-23 18:22:10] [uVIyLE46ey0eBhM+Z9Az+wuDd2U=] [LisssTzz] Checking offline messages for client
[2025-07-23 18:22:10] [uVIyLE46ey0eBhM+Z9Az+wuDd2U=] [LisssTzz] No offline messages found
[2025-07-23 18:22:14] [rfSlRu7uzjI8pCmk2erQZXW6+7M=] [2212312] Checking offline messages for client
[2025-07-23 18:22:14] [rfSlRu7uzjI8pCmk2erQZXW6+7M=] [2212312] No offline messages found
[2025-07-23 18:24:35] [AIH+tfVulC8zavzVFibdmhnDrQY=] [kiri] Checking offline messages for client
[2025-07-23 18:24:35] [AIH+tfVulC8zavzVFibdmhnDrQY=] [kiri] No offline messages found
[2025-07-23 18:26:49] [WqJ7G2qJdQ8kspL597ANASGN6Qc=] [леха] Checking offline messages for client
[2025-07-23 18:26:49] [WqJ7G2qJdQ8kspL597ANASGN6Qc=] [леха] No offline messages found
[2025-07-23 18:27:34] [voHeS+9vDrKsqr51INkaIih9KlI=] [Cyborg] Checking offline messages for client
[2025-07-23 18:27:34] [voHeS+9vDrKsqr51INkaIih9KlI=] [Cyborg] No offline messages found
[2025-07-23 18:27:53] [vYdB4LqF9oGqrfx8sM2nXqb21o0=] [may1kid] Checking offline messages for client
[2025-07-23 18:27:53] [vYdB4LqF9oGqrfx8sM2nXqb21o0=] [may1kid] No offline messages found
[2025-07-23 18:28:00] [tBhk9cUC4Ww80DieYR7vYt3MhRM=] [gholab] Checking offline messages for client
[2025-07-23 18:28:00] [tBhk9cUC4Ww80DieYR7vYt3MhRM=] [gholab] No offline messages found
[2025-07-23 18:28:39] [/3h5mE3KglDp3JAEJEu6hO9klXM=] [MSJesk0] Checking offline messages for client
[2025-07-23 18:28:39] [/3h5mE3KglDp3JAEJEu6hO9klXM=] [MSJesk0] No offline messages found
[2025-07-23 18:29:11] [lPq8Y8B1JOHL6QoSGZDwJ6xzT7Q=] [vata] Checking offline messages for client
[2025-07-23 18:29:11] [lPq8Y8B1JOHL6QoSGZDwJ6xzT7Q=] [vata] No offline messages found
[2025-07-23 18:29:48] [lPq8Y8B1JOHL6QoSGZDwJ6xzT7Q=] [vata] Checking offline messages for client
[2025-07-23 18:29:48] [lPq8Y8B1JOHL6QoSGZDwJ6xzT7Q=] [vata] No offline messages found
[2025-07-23 18:29:56] [+eY62p4z2Yc8MBABvp55HWZZJ18=] [saulov] Checking offline messages for client
[2025-07-23 18:29:56] [+eY62p4z2Yc8MBABvp55HWZZJ18=] [saulov] No offline messages found
[2025-07-23 18:33:42] [UrEtXcp8O/VQlpgWLlmu83xsJb4=] [RePeek.me | Willi-Wonka] Checking offline messages for client
[2025-07-23 18:33:42] [UrEtXcp8O/VQlpgWLlmu83xsJb4=] [RePeek.me | Willi-Wonka] No offline messages found
[2025-07-23 18:37:49] [F4Rot6aSlWU5OFZBOarP2RTzrYY=] [INSANE] Checking offline messages for client
[2025-07-23 18:37:49] [F4Rot6aSlWU5OFZBOarP2RTzrYY=] [INSANE] No offline messages found
[2025-07-23 18:38:04] [7IfhiVJqPvgzaT8q6UzCUD1usuI=] [TeamSpeakUser] Checking offline messages for client
[2025-07-23 18:38:04] [7IfhiVJqPvgzaT8q6UzCUD1usuI=] [TeamSpeakUser] No offline messages found
[2025-07-23 18:38:46] [nmMsjCsq3llYr3g2A8cfAaD3Fy0=] [arhi23] Checking offline messages for client
[2025-07-23 18:38:46] [nmMsjCsq3llYr3g2A8cfAaD3Fy0=] [arhi23] No offline messages found
[2025-07-23 18:39:43] [5hddc8haxgTOmC6YnU4i/CaEPsM=] [saadf] Checking offline messages for client
[2025-07-23 18:39:43] [5hddc8haxgTOmC6YnU4i/CaEPsM=] [saadf] No offline messages found
[2025-07-23 18:40:13] [JVYr5bKxL1SW+6/DCG+FQqC2Lyo=] [isekai] Checking offline messages for client
[2025-07-23 18:40:13] [JVYr5bKxL1SW+6/DCG+FQqC2Lyo=] [isekai] No offline messages found
[2025-07-23 18:41:16] [IdIi7kB17WXopOMKuVQFyzM8Fhs=] [Kapi] Checking offline messages for client
[2025-07-23 18:41:16] [IdIi7kB17WXopOMKuVQFyzM8Fhs=] [Kapi] No offline messages found
[2025-07-23 18:41:54] [DdTZodlZXHjKOe/rO2QlLuhDRu0=] [_Sanitol_] Checking offline messages for client
[2025-07-23 18:41:54] [DdTZodlZXHjKOe/rO2QlLuhDRu0=] [_Sanitol_] No offline messages found
[2025-07-23 18:42:24] [8yG40ppumRoJGhu1qR/blqgqttw=] [sanka98] Checking offline messages for client
[2025-07-23 18:42:24] [8yG40ppumRoJGhu1qR/blqgqttw=] [sanka98] No offline messages found
[2025-07-23 18:45:12] [s5SoU0O6Mp2lEkoeWlMc2247gBk=] [don] Checking offline messages for client
[2025-07-23 18:45:12] [s5SoU0O6Mp2lEkoeWlMc2247gBk=] [don] No offline messages found
[2025-07-23 18:46:16] [9+eEcAto/wSTLd5IvNiV/GTupc8=] [Alpha09] Checking offline messages for client
[2025-07-23 18:46:16] [9+eEcAto/wSTLd5IvNiV/GTupc8=] [Alpha09] No offline messages found
[2025-07-23 18:48:33] [Lm1n0p7fC/1pjKi0sXmBUDhDWNE=] [clamoris] Checking offline messages for client
[2025-07-23 18:48:33] [Lm1n0p7fC/1pjKi0sXmBUDhDWNE=] [clamoris] No offline messages found
[2025-07-23 18:49:03] [hUjMcppeZYeQG89H1ehSTqHW6iQ=] [Hydrastarke] Checking offline messages for client
[2025-07-23 18:49:03] [hUjMcppeZYeQG89H1ehSTqHW6iQ=] [Hydrastarke] No offline messages found
[2025-07-23 18:55:25] [d1zvzZVhwuMfcPJdM3oRosvaKUM=] [JackoTama387] Checking offline messages for client
[2025-07-23 18:55:25] [d1zvzZVhwuMfcPJdM3oRosvaKUM=] [JackoTama387] No offline messages found
[2025-07-23 18:57:03] [Wgn/eSwsSzq+HBRNgBZU4+1lWxo=] [Nesol] Checking offline messages for client
[2025-07-23 18:57:03] [Wgn/eSwsSzq+HBRNgBZU4+1lWxo=] [Nesol] No offline messages found
[2025-07-23 18:57:21] [C3ony4dh8njCYB62/cIXXbMG1IA=] [Чех] Checking offline messages for client
[2025-07-23 18:57:21] [C3ony4dh8njCYB62/cIXXbMG1IA=] [Чех] No offline messages found
[2025-07-23 18:57:29] [y6wnaY4Ot+WiIS2FWwczXfWuq4s=] [Fefino11] Checking offline messages for client
[2025-07-23 18:57:29] [y6wnaY4Ot+WiIS2FWwczXfWuq4s=] [Fefino11] No offline messages found
[2025-07-23 18:57:45] [i8C04O2vrccv/5WVfPlgNLJ1RGc=] [TurtleWithFists] Checking offline messages for client
[2025-07-23 18:57:45] [i8C04O2vrccv/5WVfPlgNLJ1RGc=] [TurtleWithFists] No offline messages found
[2025-07-23 18:58:22] [8bID0q433UjDcX1ey0foyj/hIq4=] [Digitalsw] Checking offline messages for client
[2025-07-23 18:58:22] [8bID0q433UjDcX1ey0foyj/hIq4=] [Digitalsw] No offline messages found
[2025-07-23 18:58:43] [FKPKa0duJdrnLKHy7DsVseTbavc=] [Krutez] Checking offline messages for client
[2025-07-23 18:58:43] [FKPKa0duJdrnLKHy7DsVseTbavc=] [Krutez] No offline messages found
[2025-07-23 19:00:27] [/9R4rmkHWbhHqpzsUJFkhW8+kag=] [GONZO] Checking offline messages for client
[2025-07-23 19:00:27] [/9R4rmkHWbhHqpzsUJFkhW8+kag=] [GONZO] No offline messages found
[2025-07-23 19:00:48] [Q0WeKod2i1MJ050tcZfEHRfHuXw=] [MoonYonker] Checking offline messages for client
[2025-07-23 19:00:48] [Q0WeKod2i1MJ050tcZfEHRfHuXw=] [MoonYonker] No offline messages found
[2025-07-23 19:00:53] [VuNFAf3wIFc1IkWzOmahJ2tNnQw=] [v13] Checking offline messages for client
[2025-07-23 19:00:53] [VuNFAf3wIFc1IkWzOmahJ2tNnQw=] [v13] No offline messages found
[2025-07-23 19:02:51] [MmC0G6Fn/8u8/dnmAAQ+nxHv6EM=] [TeamSpeakUser1] Checking offline messages for client
[2025-07-23 19:02:51] [MmC0G6Fn/8u8/dnmAAQ+nxHv6EM=] [TeamSpeakUser1] No offline messages found
[2025-07-23 19:02:57] [gVBCYC9G+dFCccWN/Wqj75L760M=] [Zaglot_Vandam1] Checking offline messages for client
[2025-07-23 19:02:57] [gVBCYC9G+dFCccWN/Wqj75L760M=] [Zaglot_Vandam1] No offline messages found
[2025-07-23 19:03:25] [6QTSVZJXFWVj3iE7IzR5O0qjvAA=] [Maprhendil] Checking offline messages for client
[2025-07-23 19:03:25] [6QTSVZJXFWVj3iE7IzR5O0qjvAA=] [Maprhendil] No offline messages found
[2025-07-23 19:04:14] [zplLYXriSF0hqWw82HYme0Qb6hU=] [BlvckMafia] Checking offline messages for client
[2025-07-23 19:04:14] [zplLYXriSF0hqWw82HYme0Qb6hU=] [BlvckMafia] No offline messages found
[2025-07-23 19:09:20] [6QTSVZJXFWVj3iE7IzR5O0qjvAA=] [Maprhendil] Checking offline messages for client
[2025-07-23 19:09:20] [6QTSVZJXFWVj3iE7IzR5O0qjvAA=] [Maprhendil] No offline messages found
[2025-07-23 19:12:36] [RkH91acmxA3cUuqBsMdwRLDQBxM=] [Avrelius33] Checking offline messages for client
[2025-07-23 19:12:36] [RkH91acmxA3cUuqBsMdwRLDQBxM=] [Avrelius33] No offline messages found
[2025-07-23 19:13:42] [pjSG7lijxEkCHXK5AeNULuu9cdY=] [HUESOS] Checking offline messages for client
[2025-07-23 19:13:42] [pjSG7lijxEkCHXK5AeNULuu9cdY=] [HUESOS] No offline messages found
[2025-07-23 19:17:33] [OGR4x0K2kK5M5o6aAMkiUooMFy8=] [TeamSpeakUser2] Checking offline messages for client
[2025-07-23 19:17:33] [OGR4x0K2kK5M5o6aAMkiUooMFy8=] [TeamSpeakUser2] No offline messages found
[2025-07-23 19:20:16] [Lm1n0p7fC/1pjKi0sXmBUDhDWNE=] [clamoris] Checking offline messages for client
[2025-07-23 19:20:16] [Lm1n0p7fC/1pjKi0sXmBUDhDWNE=] [clamoris] No offline messages found
[2025-07-23 19:28:18] [1bxlkLWE1YEds4euACE9lSAD0Jg=] [Mr..Fury] Checking offline messages for client
[2025-07-23 19:28:18] [1bxlkLWE1YEds4euACE9lSAD0Jg=] [Mr..Fury] No offline messages found
[2025-07-23 19:30:05] [Om3x8Xif9J3esmUnYiU6ztQ0OzY=] [BIGYURIII] Checking offline messages for client
[2025-07-23 19:30:05] [Om3x8Xif9J3esmUnYiU6ztQ0OzY=] [BIGYURIII] No offline messages found
[2025-07-23 19:30:55] [gJLn1vQ9mrffkHC6LBfsIXRQV2I=] [Men4] Checking offline messages for client
[2025-07-23 19:30:55] [gJLn1vQ9mrffkHC6LBfsIXRQV2I=] [Men4] No offline messages found
[2025-07-23 19:31:16] [GRmt7jZLfS3A+SdGDckb2BiZEAk=] [sameqqq] Checking offline messages for client
[2025-07-23 19:31:16] [GRmt7jZLfS3A+SdGDckb2BiZEAk=] [sameqqq] No offline messages found
[2025-07-23 19:31:35] [GRmt7jZLfS3A+SdGDckb2BiZEAk=] [sameqqq] Checking offline messages for client
[2025-07-23 19:31:35] [GRmt7jZLfS3A+SdGDckb2BiZEAk=] [sameqqq] No offline messages found
[2025-07-23 19:33:50] [yNFUjD+LJEqojKPPlPGtCAVEYRU=] [Боцман777] Checking offline messages for client
[2025-07-23 19:33:50] [yNFUjD+LJEqojKPPlPGtCAVEYRU=] [Боцман777] No offline messages found
[2025-07-23 19:39:54] [Xtq8X4AG4AArrHDKK8O2lDVcqNM=] [APASNOOOOOOOOOO] Checking offline messages for client
[2025-07-23 19:39:54] [Xtq8X4AG4AArrHDKK8O2lDVcqNM=] [APASNOOOOOOOOOO] No offline messages found
[2025-07-23 19:41:00] [6/d292RHjDEDgBIAnW3zWBlcX+o=] [TeamSpeakUser3] Checking offline messages for client
[2025-07-23 19:41:00] [6/d292RHjDEDgBIAnW3zWBlcX+o=] [TeamSpeakUser3] No offline messages found
[2025-07-23 19:41:34] [Lm1n0p7fC/1pjKi0sXmBUDhDWNE=] [clamoris] Checking offline messages for client
[2025-07-23 19:41:34] [Lm1n0p7fC/1pjKi0sXmBUDhDWNE=] [clamoris] No offline messages found
[2025-07-23 19:49:12] [J0W63GusYHVrskI0fODqFp02yJc=] [киосука] Checking offline messages for client
[2025-07-23 19:49:12] [J0W63GusYHVrskI0fODqFp02yJc=] [киосука] No offline messages found
[2025-07-23 19:51:11] [HWLzM87+yNul7zc6POACMa/NjHo=] [TeamSpeakUser4] Checking offline messages for client
[2025-07-23 19:51:11] [HWLzM87+yNul7zc6POACMa/NjHo=] [TeamSpeakUser4] No offline messages found
[2025-07-23 19:53:31] [9aOHE8c0eoRv1QOeeRwzhgrF2KY=] [DrozD] Checking offline messages for client
[2025-07-23 19:53:31] [9aOHE8c0eoRv1QOeeRwzhgrF2KY=] [DrozD] No offline messages found
[2025-07-23 19:54:30] [J0W63GusYHVrskI0fODqFp02yJc=] [киосука] Checking offline messages for client
[2025-07-23 19:54:30] [J0W63GusYHVrskI0fODqFp02yJc=] [киосука] Found 1 offline messages
[2025-07-23 19:54:32] [J0W63GusYHVrskI0fODqFp02yJc=] [киосука] Sent poke message: Your private channel has been renumbered from #0 to #38 to maintain sorting order.
[2025-07-23 19:54:32] [J0W63GusYHVrskI0fODqFp02yJc=] [киосука] Deleted 1 delivered messages from database
[2025-07-23 19:55:31] [6/d292RHjDEDgBIAnW3zWBlcX+o=] [TeamSpeakUser3] Checking offline messages for client
[2025-07-23 19:55:31] [6/d292RHjDEDgBIAnW3zWBlcX+o=] [TeamSpeakUser3] No offline messages found
[2025-07-23 19:57:34] [4hvwCfCPtTRCCX/hD0S9PDAjwPY=] [Ander] Checking offline messages for client
[2025-07-23 19:57:34] [4hvwCfCPtTRCCX/hD0S9PDAjwPY=] [Ander] No offline messages found
[2025-07-23 19:57:45] [YJ8chm2QQIJyPFrsGN7ctoGAtDM=] [Грицик] Checking offline messages for client
[2025-07-23 19:57:45] [YJ8chm2QQIJyPFrsGN7ctoGAtDM=] [Грицик] No offline messages found
[2025-07-23 19:57:52] [VuNFAf3wIFc1IkWzOmahJ2tNnQw=] [v13] Checking offline messages for client
[2025-07-23 19:57:52] [VuNFAf3wIFc1IkWzOmahJ2tNnQw=] [v13] No offline messages found
[2025-07-23 19:58:18] [fCcgSwjCp3lS59hRDgZjAu+wSUk=] [Imperor] Checking offline messages for client
[2025-07-23 19:58:18] [fCcgSwjCp3lS59hRDgZjAu+wSUk=] [Imperor] No offline messages found
[2025-07-23 19:59:42] [nmMsjCsq3llYr3g2A8cfAaD3Fy0=] [arhi23] Checking offline messages for client
[2025-07-23 19:59:42] [nmMsjCsq3llYr3g2A8cfAaD3Fy0=] [arhi23] No offline messages found
[2025-07-23 20:00:44] [nmMsjCsq3llYr3g2A8cfAaD3Fy0=] [arhi23] Checking offline messages for client
[2025-07-23 20:00:44] [nmMsjCsq3llYr3g2A8cfAaD3Fy0=] [arhi23] No offline messages found
[2025-07-23 20:02:16] [+QTfzoCOcfpc5pNJ24WBX/EfRAU=] [Уебище] Checking offline messages for client
[2025-07-23 20:02:16] [+QTfzoCOcfpc5pNJ24WBX/EfRAU=] [Уебище] No offline messages found
[2025-07-23 20:02:22] [9p0xOREGKerJxTf05V80UTNAtss=] [DrAlios] Checking offline messages for client
[2025-07-23 20:02:22] [9p0xOREGKerJxTf05V80UTNAtss=] [DrAlios] No offline messages found
[2025-07-23 20:03:13] [nLGruLd7y1h+FyxV3x35DtNuYwE=] [Erinof] Checking offline messages for client
[2025-07-23 20:03:13] [nLGruLd7y1h+FyxV3x35DtNuYwE=] [Erinof] No offline messages found
[2025-07-23 20:05:28] [ixLpNjc83I5LYHua6yWOroTZ+DY=] [amin_gamester] Checking offline messages for client
[2025-07-23 20:05:28] [ixLpNjc83I5LYHua6yWOroTZ+DY=] [amin_gamester] No offline messages found
[2025-07-23 20:08:07] [feOILq7xTfQKUz3XLeAaieA6Mwg=] [Lucky13] Checking offline messages for client
[2025-07-23 20:08:07] [feOILq7xTfQKUz3XLeAaieA6Mwg=] [Lucky13] No offline messages found
[2025-07-23 20:08:12] [feOILq7xTfQKUz3XLeAaieA6Mwg=] [Lucky13] Checking offline messages for client
[2025-07-23 20:08:12] [feOILq7xTfQKUz3XLeAaieA6Mwg=] [Lucky13] No offline messages found
[2025-07-23 20:10:45] [sjqmzYtYpIntGfG0qBsbOPaeLj8=] [HaronPohoron] Checking offline messages for client
[2025-07-23 20:10:45] [sjqmzYtYpIntGfG0qBsbOPaeLj8=] [HaronPohoron] No offline messages found
[2025-07-23 20:10:55] [DhDqNKJFOzAI9dgJ0qsFAh9W1bM=] [Parsa94] Checking offline messages for client
[2025-07-23 20:10:55] [DhDqNKJFOzAI9dgJ0qsFAh9W1bM=] [Parsa94] No offline messages found
[2025-07-23 20:12:52] [upYVlWDGLZecg4sjzHoN5ta7dhA=] [Pronex] Checking offline messages for client
[2025-07-23 20:12:52] [upYVlWDGLZecg4sjzHoN5ta7dhA=] [Pronex] No offline messages found
[2025-07-23 20:12:56] [guMVhoerlHv+8da+ClSLHUoLLdk=] [TeamSpeakUser5] Checking offline messages for client
[2025-07-23 20:12:56] [guMVhoerlHv+8da+ClSLHUoLLdk=] [TeamSpeakUser5] No offline messages found
[2025-07-23 20:13:57] [VuNFAf3wIFc1IkWzOmahJ2tNnQw=] [v13] Checking offline messages for client
[2025-07-23 20:13:57] [VuNFAf3wIFc1IkWzOmahJ2tNnQw=] [v13] No offline messages found
[2025-07-23 20:14:33] [1SpGjW2P8juFy83FmQZ7wlJs2js=] [MATIN] Checking offline messages for client
[2025-07-23 20:14:33] [1SpGjW2P8juFy83FmQZ7wlJs2js=] [MATIN] No offline messages found
[2025-07-23 20:15:47] [qVldAxT2BuZSKwPYfP5rGmq1glU=] [Sichselber | André] Checking offline messages for client
[2025-07-23 20:15:47] [qVldAxT2BuZSKwPYfP5rGmq1glU=] [Sichselber | André] No offline messages found
[2025-07-23 20:18:35] [kTd29/WoY6kTCwFudlNFg7fSHEA=] [ChaRLIE] Checking offline messages for client
[2025-07-23 20:18:35] [kTd29/WoY6kTCwFudlNFg7fSHEA=] [ChaRLIE] No offline messages found
[2025-07-23 20:20:14] [gIiFEIVlfd6xCpeH96UhRqBaXQI=] [Globelit] Checking offline messages for client
[2025-07-23 20:20:14] [gIiFEIVlfd6xCpeH96UhRqBaXQI=] [Globelit] No offline messages found
[2025-07-23 20:23:59] [dNRYIZtk71CY8BBDYawxb2cjIk8=] [Cencya1] Checking offline messages for client
[2025-07-23 20:23:59] [dNRYIZtk71CY8BBDYawxb2cjIk8=] [Cencya1] No offline messages found
[2025-07-23 20:26:55] [yczwmwfxQgMWCyptSAX6dPm154w=] [Bordoking] Checking offline messages for client
[2025-07-23 20:26:55] [yczwmwfxQgMWCyptSAX6dPm154w=] [Bordoking] No offline messages found
[2025-07-23 20:28:37] [xGIv08F0N6y8i+FYpfsEfbnQkcw=] [JhoNNzTR] Checking offline messages for client
[2025-07-23 20:28:37] [xGIv08F0N6y8i+FYpfsEfbnQkcw=] [JhoNNzTR] No offline messages found
[2025-07-23 20:30:33] [J0W63GusYHVrskI0fODqFp02yJc=] [киосука] Checking offline messages for client
[2025-07-23 20:30:33] [J0W63GusYHVrskI0fODqFp02yJc=] [киосука] No offline messages found
[2025-07-23 20:32:29] [tO0llHuFxEt/gehSM1Ctuf0CFyE=] [OLEG54678] Checking offline messages for client
[2025-07-23 20:32:29] [tO0llHuFxEt/gehSM1Ctuf0CFyE=] [OLEG54678] No offline messages found
[2025-07-23 20:32:49] [zplLYXriSF0hqWw82HYme0Qb6hU=] [BlvckMafia] Checking offline messages for client
[2025-07-23 20:32:49] [zplLYXriSF0hqWw82HYme0Qb6hU=] [BlvckMafia] No offline messages found
[2025-07-23 20:35:08] [Tl3Bg1zFfrOJ+IRWyJh5UAIJ+5o=] [Efkeyy] Checking offline messages for client
[2025-07-23 20:35:08] [Tl3Bg1zFfrOJ+IRWyJh5UAIJ+5o=] [Efkeyy] No offline messages found
[2025-07-23 20:37:25] [1fLfTv7a7WCXSiKCcl/56zaOGH4=] [TeamSpeakUser] Checking offline messages for client
[2025-07-23 20:37:25] [1fLfTv7a7WCXSiKCcl/56zaOGH4=] [TeamSpeakUser] No offline messages found
[2025-07-23 20:37:42] [raAePR7lHPhNIRleevueRUQgaPg=] [Seyit] Checking offline messages for client
[2025-07-23 20:37:42] [raAePR7lHPhNIRleevueRUQgaPg=] [Seyit] No offline messages found
[2025-07-23 20:38:28] [feOILq7xTfQKUz3XLeAaieA6Mwg=] [Lucky13] Checking offline messages for client
[2025-07-23 20:38:28] [feOILq7xTfQKUz3XLeAaieA6Mwg=] [Lucky13] No offline messages found
[2025-07-23 20:38:56] [RJ4ey/bxVJ5eYFnjo7KF14s+i1s=] [Shahram] Checking offline messages for client
[2025-07-23 20:38:56] [RJ4ey/bxVJ5eYFnjo7KF14s+i1s=] [Shahram] No offline messages found
[2025-07-23 20:39:03] [J0W63GusYHVrskI0fODqFp02yJc=] [киосука] Checking offline messages for client
[2025-07-23 20:39:03] [J0W63GusYHVrskI0fODqFp02yJc=] [киосука] No offline messages found
[2025-07-23 20:39:08] [g95LkcovmlDSBBJIdmdv0zN6QBs=] [baysikimdeğil] Checking offline messages for client
[2025-07-23 20:39:08] [g95LkcovmlDSBBJIdmdv0zN6QBs=] [baysikimdeğil] No offline messages found
[2025-07-23 20:40:26] [gIiFEIVlfd6xCpeH96UhRqBaXQI=] [Globelit] Checking offline messages for client
[2025-07-23 20:40:26] [gIiFEIVlfd6xCpeH96UhRqBaXQI=] [Globelit] No offline messages found
[2025-07-23 20:40:29] [lqX2Oz/RGh+MQGKjhD9GbFED4OY=] [DarkZX] Checking offline messages for client
[2025-07-23 20:40:29] [lqX2Oz/RGh+MQGKjhD9GbFED4OY=] [DarkZX] No offline messages found
[2025-07-23 20:40:31] [lqX2Oz/RGh+MQGKjhD9GbFED4OY=] [DarkZX] Checking offline messages for client
[2025-07-23 20:40:31] [lqX2Oz/RGh+MQGKjhD9GbFED4OY=] [DarkZX] No offline messages found
[2025-07-23 20:40:32] [lqX2Oz/RGh+MQGKjhD9GbFED4OY=] [DarkZX] Checking offline messages for client
[2025-07-23 20:40:32] [lqX2Oz/RGh+MQGKjhD9GbFED4OY=] [DarkZX] No offline messages found
[2025-07-23 20:44:02] [fH55ADpBJR2Pf03gH5EIVyAAuTk=] [W1zard] Checking offline messages for client
[2025-07-23 20:44:02] [fH55ADpBJR2Pf03gH5EIVyAAuTk=] [W1zard] No offline messages found
[2025-07-23 20:44:58] [MmC0G6Fn/8u8/dnmAAQ+nxHv6EM=] [TeamSpeakUser] Checking offline messages for client
[2025-07-23 20:44:58] [MmC0G6Fn/8u8/dnmAAQ+nxHv6EM=] [TeamSpeakUser] No offline messages found
[2025-07-23 20:45:08] [O5FE/gGbywhMLBUju6z/nTENPdU=] [мирорчик] Checking offline messages for client
[2025-07-23 20:45:08] [O5FE/gGbywhMLBUju6z/nTENPdU=] [мирорчик] No offline messages found
[2025-07-23 20:47:30] [HjgkiYx80vAjXk0IfiKIZiVtfpg=] [TeamSpeakUser1] Checking offline messages for client
[2025-07-23 20:47:30] [HjgkiYx80vAjXk0IfiKIZiVtfpg=] [TeamSpeakUser1] No offline messages found
[2025-07-23 20:47:58] [pjSG7lijxEkCHXK5AeNULuu9cdY=] [HUESOS] Checking offline messages for client
[2025-07-23 20:47:58] [pjSG7lijxEkCHXK5AeNULuu9cdY=] [HUESOS] No offline messages found
[2025-07-23 20:49:00] [u37UZKIsHRy8fpvH8qv7OuhDpEw=] [AMINOV] Checking offline messages for client
[2025-07-23 20:49:00] [u37UZKIsHRy8fpvH8qv7OuhDpEw=] [AMINOV] No offline messages found
[2025-07-23 20:49:13] [fH55ADpBJR2Pf03gH5EIVyAAuTk=] [W1zard] Checking offline messages for client
[2025-07-23 20:49:13] [fH55ADpBJR2Pf03gH5EIVyAAuTk=] [W1zard] No offline messages found
[2025-07-23 20:53:14] [beKMJERGRJzOXTIKiYG/e19acSc=] [TeamSpeakUser6] Checking offline messages for client
[2025-07-23 20:53:14] [beKMJERGRJzOXTIKiYG/e19acSc=] [TeamSpeakUser6] No offline messages found
[2025-07-23 20:53:48] [feOILq7xTfQKUz3XLeAaieA6Mwg=] [Lucky13] Checking offline messages for client
[2025-07-23 20:53:48] [feOILq7xTfQKUz3XLeAaieA6Mwg=] [Lucky13] No offline messages found
[2025-07-23 20:53:52] [d/2RYNlm5B/Nn3BBGjS8/8tretA=] [LaPt] Checking offline messages for client
[2025-07-23 20:53:52] [d/2RYNlm5B/Nn3BBGjS8/8tretA=] [LaPt] No offline messages found
[2025-07-23 20:54:13] [ixLpNjc83I5LYHua6yWOroTZ+DY=] [amin_gamester] Checking offline messages for client
[2025-07-23 20:54:13] [ixLpNjc83I5LYHua6yWOroTZ+DY=] [amin_gamester] No offline messages found
[2025-07-23 20:54:14] [feOILq7xTfQKUz3XLeAaieA6Mwg=] [Lucky13] Checking offline messages for client
[2025-07-23 20:54:14] [feOILq7xTfQKUz3XLeAaieA6Mwg=] [Lucky13] No offline messages found
[2025-07-23 20:54:14] [feOILq7xTfQKUz3XLeAaieA6Mwg=] [Lucky13] Checking offline messages for client
[2025-07-23 20:54:14] [feOILq7xTfQKUz3XLeAaieA6Mwg=] [Lucky13] No offline messages found
[2025-07-23 20:54:14] [feOILq7xTfQKUz3XLeAaieA6Mwg=] [Lucky13] Checking offline messages for client
[2025-07-23 20:54:14] [feOILq7xTfQKUz3XLeAaieA6Mwg=] [Lucky13] No offline messages found
[2025-07-23 20:55:40] [mgYwRbcyydNZq/21AJsjLsv4lb8=] [Alliansic] Checking offline messages for client
[2025-07-23 20:55:40] [mgYwRbcyydNZq/21AJsjLsv4lb8=] [Alliansic] No offline messages found
[2025-07-23 20:56:07] [unnn7pn//NhPfNGxBZP3MhmsY1c=] [aryan] Checking offline messages for client
[2025-07-23 20:56:07] [unnn7pn//NhPfNGxBZP3MhmsY1c=] [aryan] No offline messages found
[2025-07-23 20:56:37] [ytzrq/0by1qTr3vTnSntok01BvI=] [User1] Checking offline messages for client
[2025-07-23 20:56:37] [ytzrq/0by1qTr3vTnSntok01BvI=] [User1] No offline messages found
[2025-07-23 20:59:03] [k4yCIUoOn9NyDU8OzkWjED1skEw=] [FenaiL] Checking offline messages for client
[2025-07-23 20:59:03] [k4yCIUoOn9NyDU8OzkWjED1skEw=] [FenaiL] No offline messages found
[2025-07-23 21:00:02] [iYHINDlWwCatnlKWhy6pZQi0dUI=] [TeaNeedMore] Checking offline messages for client
[2025-07-23 21:00:02] [iYHINDlWwCatnlKWhy6pZQi0dUI=] [TeaNeedMore] No offline messages found
[2025-07-23 21:00:30] [nrEFrg1QXE05wuZZG3BbdkciSEc=] [Dumina] Checking offline messages for client
[2025-07-23 21:00:30] [nrEFrg1QXE05wuZZG3BbdkciSEc=] [Dumina] No offline messages found
[2025-07-23 21:00:40] [0VtbEK5GPt+65c4OY/7yGiDgTl4=] [NaCl_] Checking offline messages for client
[2025-07-23 21:00:40] [0VtbEK5GPt+65c4OY/7yGiDgTl4=] [NaCl_] No offline messages found
[2025-07-23 21:01:34] [YOkJPup3gRfkYdNucL4ldHRwmgY=] [Farzelot] Checking offline messages for client
[2025-07-23 21:01:34] [YOkJPup3gRfkYdNucL4ldHRwmgY=] [Farzelot] No offline messages found
[2025-07-23 21:01:46] [DreaOmWvEP6uAZBVpzt62kT6RXg=] [Holy_SpIrIt*] Checking offline messages for client
[2025-07-23 21:01:46] [DreaOmWvEP6uAZBVpzt62kT6RXg=] [Holy_SpIrIt*] No offline messages found
[2025-07-23 21:03:38] [JS7AYDgRfu5aCR6EsyZfSZOd3ug=] [goran] Checking offline messages for client
[2025-07-23 21:03:38] [JS7AYDgRfu5aCR6EsyZfSZOd3ug=] [goran] No offline messages found
[2025-07-23 21:04:04] [eNxiZDOeggdj95ZNvuM5yeobkrU=] [Etienne] Checking offline messages for client
[2025-07-23 21:04:04] [eNxiZDOeggdj95ZNvuM5yeobkrU=] [Etienne] No offline messages found
[2025-07-23 21:05:12] [hUjMcppeZYeQG89H1ehSTqHW6iQ=] [Hydrastarke] Checking offline messages for client
[2025-07-23 21:05:12] [hUjMcppeZYeQG89H1ehSTqHW6iQ=] [Hydrastarke] No offline messages found
[2025-07-23 21:06:09] [SC8GWaP/AibJdgcQPdeC3rjOy5w=] [твоямама] Checking offline messages for client
[2025-07-23 21:06:09] [SC8GWaP/AibJdgcQPdeC3rjOy5w=] [твоямама] No offline messages found
[2025-07-23 21:07:28] [GdKnDuGa2RpNM8eyII04/GthL5A=] [ван гогг] Checking offline messages for client
[2025-07-23 21:07:28] [GdKnDuGa2RpNM8eyII04/GthL5A=] [ван гогг] No offline messages found
[2025-07-23 21:11:07] [675wO5ssJtQbFw+9qXHexPjHNYM=] [Nevskiiiy] Checking offline messages for client
[2025-07-23 21:11:07] [675wO5ssJtQbFw+9qXHexPjHNYM=] [Nevskiiiy] No offline messages found
[2025-07-23 21:13:11] [cm+zDw/4zDuQN120Qa8q1mW/fIQ=] [hudabin] Checking offline messages for client
[2025-07-23 21:13:11] [cm+zDw/4zDuQN120Qa8q1mW/fIQ=] [hudabin] No offline messages found
[2025-07-23 21:15:48] [OnyFNlLSRn5WExnVSStquo7sjMA=] [ПожилаяОстановка] Checking offline messages for client
[2025-07-23 21:15:48] [OnyFNlLSRn5WExnVSStquo7sjMA=] [ПожилаяОстановка] No offline messages found
[2025-07-23 21:15:54] [HWLzM87+yNul7zc6POACMa/NjHo=] [TeamSpeakUser3] Checking offline messages for client
[2025-07-23 21:15:54] [HWLzM87+yNul7zc6POACMa/NjHo=] [TeamSpeakUser3] No offline messages found
[2025-07-23 21:15:54] [HWLzM87+yNul7zc6POACMa/NjHo=] [TeamSpeakUser3] Checking offline messages for client
[2025-07-23 21:15:54] [HWLzM87+yNul7zc6POACMa/NjHo=] [TeamSpeakUser3] No offline messages found
[2025-07-23 21:15:55] [HWLzM87+yNul7zc6POACMa/NjHo=] [TeamSpeakUser3] Checking offline messages for client
[2025-07-23 21:15:55] [HWLzM87+yNul7zc6POACMa/NjHo=] [TeamSpeakUser3] No offline messages found
[2025-07-23 21:16:03] [SC8GWaP/AibJdgcQPdeC3rjOy5w=] [твоямама] Checking offline messages for client
[2025-07-23 21:16:03] [SC8GWaP/AibJdgcQPdeC3rjOy5w=] [твоямама] No offline messages found
[2025-07-23 21:16:20] [feOILq7xTfQKUz3XLeAaieA6Mwg=] [Lucky13] Checking offline messages for client
[2025-07-23 21:16:20] [feOILq7xTfQKUz3XLeAaieA6Mwg=] [Lucky13] No offline messages found
[2025-07-23 21:17:17] [gVBCYC9G+dFCccWN/Wqj75L760M=] [Zaglot_Vandam1] Checking offline messages for client
[2025-07-23 21:17:17] [gVBCYC9G+dFCccWN/Wqj75L760M=] [Zaglot_Vandam1] No offline messages found
[2025-07-23 21:17:22] [unnn7pn//NhPfNGxBZP3MhmsY1c=] [aryan] Checking offline messages for client
[2025-07-23 21:17:22] [unnn7pn//NhPfNGxBZP3MhmsY1c=] [aryan] No offline messages found
[2025-07-23 21:17:23] [SC8GWaP/AibJdgcQPdeC3rjOy5w=] [твоямама] Checking offline messages for client
[2025-07-23 21:17:23] [SC8GWaP/AibJdgcQPdeC3rjOy5w=] [твоямама] No offline messages found
[2025-07-23 21:17:43] [kfn1jFosIGdE1yOz/lIfEBXQj4A=] [Rix] Checking offline messages for client
[2025-07-23 21:17:43] [kfn1jFosIGdE1yOz/lIfEBXQj4A=] [Rix] No offline messages found
[2025-07-23 21:18:08] [ZQhSo1tQ5YDSZNLYSj+nKwHZezs=] [hamza] Checking offline messages for client
[2025-07-23 21:18:08] [ZQhSo1tQ5YDSZNLYSj+nKwHZezs=] [hamza] No offline messages found
[2025-07-23 21:20:37] [nLGruLd7y1h+FyxV3x35DtNuYwE=] [Erinof] Checking offline messages for client
[2025-07-23 21:20:37] [nLGruLd7y1h+FyxV3x35DtNuYwE=] [Erinof] No offline messages found
[2025-07-23 21:21:38] [dnD06izVXlp3jUstWLppyYzz/I0=] [-ipq] Checking offline messages for client
[2025-07-23 21:21:38] [dnD06izVXlp3jUstWLppyYzz/I0=] [-ipq] No offline messages found
[2025-07-23 21:23:16] [sFwJmZS2PQ7vVr/Qf/E7r/fiNTA=] [Jaws] Checking offline messages for client
[2025-07-23 21:23:16] [sFwJmZS2PQ7vVr/Qf/E7r/fiNTA=] [Jaws] No offline messages found
[2025-07-23 21:23:31] [u37UZKIsHRy8fpvH8qv7OuhDpEw=] [AMINOV] Checking offline messages for client
[2025-07-23 21:23:31] [u37UZKIsHRy8fpvH8qv7OuhDpEw=] [AMINOV] No offline messages found
[2025-07-23 21:23:59] [nKM59hxTojEpwTkMTG1uWArmxms=] [rowdy] Checking offline messages for client
[2025-07-23 21:23:59] [nKM59hxTojEpwTkMTG1uWArmxms=] [rowdy] No offline messages found
[2025-07-23 21:25:25] [raAePR7lHPhNIRleevueRUQgaPg=] [Seyit] Checking offline messages for client
[2025-07-23 21:25:25] [raAePR7lHPhNIRleevueRUQgaPg=] [Seyit] No offline messages found
[2025-07-23 21:25:48] [czJq8VhqlxMm/zy39XTQ+Np/v1c=] [Manwe] Checking offline messages for client
[2025-07-23 21:25:48] [czJq8VhqlxMm/zy39XTQ+Np/v1c=] [Manwe] No offline messages found
[2025-07-23 21:26:36] [+FvbKFpSVhXIdL5vcXUVCMW8OXQ=] [кабачок] Checking offline messages for client
[2025-07-23 21:26:36] [+FvbKFpSVhXIdL5vcXUVCMW8OXQ=] [кабачок] No offline messages found
[2025-07-23 21:29:23] [+eY62p4z2Yc8MBABvp55HWZZJ18=] [saulov] Checking offline messages for client
[2025-07-23 21:29:23] [+eY62p4z2Yc8MBABvp55HWZZJ18=] [saulov] No offline messages found
[2025-07-23 21:30:24] [L2eQNSlPSLEvzElBvTWjnRjR04U=] [Koniciva] Checking offline messages for client
[2025-07-23 21:30:24] [L2eQNSlPSLEvzElBvTWjnRjR04U=] [Koniciva] No offline messages found
[2025-07-23 21:30:51] [lPq8Y8B1JOHL6QoSGZDwJ6xzT7Q=] [vata] Checking offline messages for client
[2025-07-23 21:30:51] [lPq8Y8B1JOHL6QoSGZDwJ6xzT7Q=] [vata] No offline messages found
[2025-07-23 21:32:17] [v8d0S2VwxhW09HTFPSJZmdATS9s=] [lokmannnnnn] Checking offline messages for client
[2025-07-23 21:32:17] [v8d0S2VwxhW09HTFPSJZmdATS9s=] [lokmannnnnn] No offline messages found
[2025-07-23 21:33:45] [CnsaFLBvFsaEG5TIA7bpH7+nWrU=] [ardoş] Checking offline messages for client
[2025-07-23 21:33:45] [CnsaFLBvFsaEG5TIA7bpH7+nWrU=] [ardoş] No offline messages found
[2025-07-23 21:33:55] [KJ4zqn9pukLO1ChROBmAPzo3JKk=] [Shutn1k] Checking offline messages for client
[2025-07-23 21:33:55] [KJ4zqn9pukLO1ChROBmAPzo3JKk=] [Shutn1k] No offline messages found
[2025-07-23 21:34:20] [S4nJnfZbC50B772ngduYc9QqqU0=] [PIADORAZZZ] Checking offline messages for client
[2025-07-23 21:34:20] [S4nJnfZbC50B772ngduYc9QqqU0=] [PIADORAZZZ] No offline messages found
[2025-07-23 21:34:20] [S4nJnfZbC50B772ngduYc9QqqU0=] [PIADORAZZZ] Checking offline messages for client
[2025-07-23 21:34:20] [S4nJnfZbC50B772ngduYc9QqqU0=] [PIADORAZZZ] No offline messages found
[2025-07-23 21:34:20] [S4nJnfZbC50B772ngduYc9QqqU0=] [PIADORAZZZ] Checking offline messages for client
[2025-07-23 21:34:20] [S4nJnfZbC50B772ngduYc9QqqU0=] [PIADORAZZZ] No offline messages found
[2025-07-23 21:34:21] [S4nJnfZbC50B772ngduYc9QqqU0=] [PIADORAZZZ] Checking offline messages for client
[2025-07-23 21:34:21] [S4nJnfZbC50B772ngduYc9QqqU0=] [PIADORAZZZ] No offline messages found
[2025-07-23 21:34:21] [S4nJnfZbC50B772ngduYc9QqqU0=] [PIADORAZZZ] Checking offline messages for client
[2025-07-23 21:34:21] [S4nJnfZbC50B772ngduYc9QqqU0=] [PIADORAZZZ] No offline messages found
[2025-07-23 21:35:29] [1nHWWpwvoZf+IGl6BaPDK6nG9mg=] [FataL1Day] Checking offline messages for client
[2025-07-23 21:35:29] [1nHWWpwvoZf+IGl6BaPDK6nG9mg=] [FataL1Day] No offline messages found
[2025-07-23 21:35:36] [S4nJnfZbC50B772ngduYc9QqqU0=] [PIADORAZZZ] Checking offline messages for client
[2025-07-23 21:35:36] [S4nJnfZbC50B772ngduYc9QqqU0=] [PIADORAZZZ] No offline messages found
[2025-07-23 21:37:24] [qTbiuLvuv0AOhjUmVX+VILte18g=] [sadfay] Checking offline messages for client
[2025-07-23 21:37:24] [qTbiuLvuv0AOhjUmVX+VILte18g=] [sadfay] No offline messages found
[2025-07-23 21:37:35] [j0/Zia4HlCvfGKId4VqTeyzEj7E=] [TeamSpeakUser2] Checking offline messages for client
[2025-07-23 21:37:35] [j0/Zia4HlCvfGKId4VqTeyzEj7E=] [TeamSpeakUser2] No offline messages found
[2025-07-23 21:37:49] [CivIdqvdtxSJX+mCOeU13yota9Y=] [digitalmix] Checking offline messages for client
[2025-07-23 21:37:49] [CivIdqvdtxSJX+mCOeU13yota9Y=] [digitalmix] No offline messages found
[2025-07-23 21:39:36] [qTbiuLvuv0AOhjUmVX+VILte18g=] [sadfay] Checking offline messages for client
[2025-07-23 21:39:36] [qTbiuLvuv0AOhjUmVX+VILte18g=] [sadfay] No offline messages found
[2025-07-23 21:39:56] [EfIZgjvdlQHvpbN+6/8l/00EI/A=] [Mihai] Checking offline messages for client
[2025-07-23 21:39:56] [EfIZgjvdlQHvpbN+6/8l/00EI/A=] [Mihai] No offline messages found
[2025-07-23 21:41:42] [pUCIpssKzbEhYAmtB8xcuFXcEsU=] [mostafa] Checking offline messages for client
[2025-07-23 21:41:42] [pUCIpssKzbEhYAmtB8xcuFXcEsU=] [mostafa] No offline messages found
[2025-07-23 21:42:06] [qTbiuLvuv0AOhjUmVX+VILte18g=] [sadfay] Checking offline messages for client
[2025-07-23 21:42:06] [qTbiuLvuv0AOhjUmVX+VILte18g=] [sadfay] No offline messages found
[2025-07-23 21:46:21] [WUFbI2wm1TirPkulhTRESNYToW0=] [sajjad] Checking offline messages for client
[2025-07-23 21:46:21] [WUFbI2wm1TirPkulhTRESNYToW0=] [sajjad] No offline messages found
[2025-07-23 21:46:21] [qXu/YEbz0BqZXHthtOhD7suFGhw=] [noice] Checking offline messages for client
[2025-07-23 21:46:21] [qXu/YEbz0BqZXHthtOhD7suFGhw=] [noice] No offline messages found
[2025-07-23 21:46:22] [qXu/YEbz0BqZXHthtOhD7suFGhw=] [noice] Checking offline messages for client
[2025-07-23 21:46:22] [qXu/YEbz0BqZXHthtOhD7suFGhw=] [noice] No offline messages found
[2025-07-23 21:46:22] [qXu/YEbz0BqZXHthtOhD7suFGhw=] [noice] Checking offline messages for client
[2025-07-23 21:46:22] [qXu/YEbz0BqZXHthtOhD7suFGhw=] [noice] No offline messages found
[2025-07-23 21:48:22] [WtWgpfS8UE18SW7yGXm3r1yoO/c=] [Kowismo] Checking offline messages for client
[2025-07-23 21:48:22] [WtWgpfS8UE18SW7yGXm3r1yoO/c=] [Kowismo] No offline messages found
[2025-07-23 21:48:42] [XdfBPIFBI3AGf0ZCZTbFFDB3TjU=] [I ❤ Greatest Hits] Client in ignored group, skipping offline messages check
[2025-07-23 21:51:29] [2O1gTu+bHd4HCojvVL69INndp4g=] [MrlagTV] Checking offline messages for client
[2025-07-23 21:51:29] [2O1gTu+bHd4HCojvVL69INndp4g=] [MrlagTV] No offline messages found
[2025-07-23 21:52:06] [2Lx63FxcyvHlLbs3Khbo5bJe6mY=] [Last] Checking offline messages for client
[2025-07-23 21:52:06] [2Lx63FxcyvHlLbs3Khbo5bJe6mY=] [Last] No offline messages found
[2025-07-23 21:58:18] [2ocYaJGo84ACCkWmpluMvY9TWAQ=] [tiamo9809] Checking offline messages for client
[2025-07-23 21:58:18] [2ocYaJGo84ACCkWmpluMvY9TWAQ=] [tiamo9809] No offline messages found
[2025-07-23 21:59:18] [DlBQSv+ccYTp5SrssTpqL5b2mfg=] [TeamSpeakUser] Checking offline messages for client
[2025-07-23 21:59:18] [DlBQSv+ccYTp5SrssTpqL5b2mfg=] [TeamSpeakUser] No offline messages found
[2025-07-23 22:01:32] [kULTdQq319JIL8kWV2Yvc5hMdaw=] [TeamSpeakUser4] Checking offline messages for client
[2025-07-23 22:01:32] [kULTdQq319JIL8kWV2Yvc5hMdaw=] [TeamSpeakUser4] No offline messages found
[2025-07-23 22:02:13] [1mocF3xBLS4fhmR1Xhe76uNa60c=] [TeamSpeakUser7] Checking offline messages for client
[2025-07-23 22:02:13] [1mocF3xBLS4fhmR1Xhe76uNa60c=] [TeamSpeakUser7] No offline messages found
[2025-07-23 22:02:15] [8F/wqyUZbzkbJnHcA07nhS4DohU=] [dimafreddyy] Checking offline messages for client
[2025-07-23 22:02:15] [8F/wqyUZbzkbJnHcA07nhS4DohU=] [dimafreddyy] No offline messages found
[2025-07-23 22:02:17] [8F/wqyUZbzkbJnHcA07nhS4DohU=] [dimafreddyy] Checking offline messages for client
[2025-07-23 22:02:17] [8F/wqyUZbzkbJnHcA07nhS4DohU=] [dimafreddyy] No offline messages found
[2025-07-23 22:02:18] [8F/wqyUZbzkbJnHcA07nhS4DohU=] [dimafreddyy] Checking offline messages for client
[2025-07-23 22:02:18] [8F/wqyUZbzkbJnHcA07nhS4DohU=] [dimafreddyy] No offline messages found
[2025-07-23 22:07:33] [u37UZKIsHRy8fpvH8qv7OuhDpEw=] [AMINOV] Checking offline messages for client
[2025-07-23 22:07:33] [u37UZKIsHRy8fpvH8qv7OuhDpEw=] [AMINOV] No offline messages found
[2025-07-23 22:10:07] [kULTdQq319JIL8kWV2Yvc5hMdaw=] [TeamSpeakUser4] Checking offline messages for client
[2025-07-23 22:10:07] [kULTdQq319JIL8kWV2Yvc5hMdaw=] [TeamSpeakUser4] No offline messages found
[2025-07-23 22:10:59] [0hMeGpv24E/9oRNVleCNhwxNrkQ=] [__Kharakternik__] Checking offline messages for client
[2025-07-23 22:10:59] [0hMeGpv24E/9oRNVleCNhwxNrkQ=] [__Kharakternik__] No offline messages found
[2025-07-23 22:11:52] [WGzvrTjhvX+LUyaS4uEMm3GhPAA=] [Kubalke1337] Checking offline messages for client
[2025-07-23 22:11:52] [WGzvrTjhvX+LUyaS4uEMm3GhPAA=] [Kubalke1337] No offline messages found
[2025-07-23 22:12:05] [xGIv08F0N6y8i+FYpfsEfbnQkcw=] [JhoNNzTR] Checking offline messages for client
[2025-07-23 22:12:05] [xGIv08F0N6y8i+FYpfsEfbnQkcw=] [JhoNNzTR] No offline messages found
[2025-07-23 22:12:24] [/o8pqMqjRWAMMg8cPSsOifVtYg4=] [ALİ] Checking offline messages for client
[2025-07-23 22:12:24] [/o8pqMqjRWAMMg8cPSsOifVtYg4=] [ALİ] No offline messages found
[2025-07-23 22:15:05] [37H/lttZ8+4bwWOCES4zZFUkIOg=] [crzfrg77] Checking offline messages for client
[2025-07-23 22:15:05] [37H/lttZ8+4bwWOCES4zZFUkIOg=] [crzfrg77] No offline messages found
[2025-07-23 22:18:11] [fO9bJXwQz8s0AHyTVAhCFbKO7GI=] [EDG3] Checking offline messages for client
[2025-07-23 22:18:11] [fO9bJXwQz8s0AHyTVAhCFbKO7GI=] [EDG3] No offline messages found
[2025-07-23 22:19:05] [ByxgeD5C1pEwB1SnnSzEOrDDDM4=] [caeciliae] Checking offline messages for client
[2025-07-23 22:19:05] [ByxgeD5C1pEwB1SnnSzEOrDDDM4=] [caeciliae] No offline messages found
[2025-07-23 22:21:39] [GEU37E0d0h/O3TZPYkwezxe9Y9I=] [Szmedi] Checking offline messages for client
[2025-07-23 22:21:39] [GEU37E0d0h/O3TZPYkwezxe9Y9I=] [Szmedi] No offline messages found
[2025-07-23 22:21:45] [IdIi7kB17WXopOMKuVQFyzM8Fhs=] [Kapi] Checking offline messages for client
[2025-07-23 22:21:45] [IdIi7kB17WXopOMKuVQFyzM8Fhs=] [Kapi] No offline messages found
[2025-07-23 22:22:51] [9L00arJzCt1G2LLDRV0HQCJjofM=] [osasderlerbana] Checking offline messages for client
[2025-07-23 22:22:51] [9L00arJzCt1G2LLDRV0HQCJjofM=] [osasderlerbana] No offline messages found
[2025-07-23 22:22:54] [gITtVlfHYxsd3mvOfTblKNtJBDU=] [4iff] Checking offline messages for client
[2025-07-23 22:22:54] [gITtVlfHYxsd3mvOfTblKNtJBDU=] [4iff] No offline messages found
[2025-07-23 22:22:54] [gITtVlfHYxsd3mvOfTblKNtJBDU=] [4iff] Checking offline messages for client
[2025-07-23 22:22:54] [gITtVlfHYxsd3mvOfTblKNtJBDU=] [4iff] No offline messages found
[2025-07-23 22:23:45] [xiVTUqjmPR8HsEFkd9qzObroM+Q=] [TeamSpeakUser7] Checking offline messages for client
[2025-07-23 22:23:45] [xiVTUqjmPR8HsEFkd9qzObroM+Q=] [TeamSpeakUser7] No offline messages found
[2025-07-23 22:24:18] [XUq6lat2sP336FLybn+Od5CLO5Q=] [RABOTES] Checking offline messages for client
[2025-07-23 22:24:18] [XUq6lat2sP336FLybn+Od5CLO5Q=] [RABOTES] No offline messages found
[2025-07-23 22:24:42] [0pfL6k6+uhY3YJUK1FucX6agAV8=] [MC durak] Checking offline messages for client
[2025-07-23 22:24:42] [0pfL6k6+uhY3YJUK1FucX6agAV8=] [MC durak] No offline messages found
[2025-07-23 22:25:13] [XUq6lat2sP336FLybn+Od5CLO5Q=] [RABOTES] Checking offline messages for client
[2025-07-23 22:25:13] [XUq6lat2sP336FLybn+Od5CLO5Q=] [RABOTES] No offline messages found
[2025-07-23 22:26:17] [9nxj1e/LbBNMOHmCFqrsRyQ6MSw=] [_MERS_] Checking offline messages for client
[2025-07-23 22:26:17] [9nxj1e/LbBNMOHmCFqrsRyQ6MSw=] [_MERS_] No offline messages found
[2025-07-23 22:28:49] [vQBpA0VvBo3XlFVJd2yFUhlAD5E=] [whoismert] Checking offline messages for client
[2025-07-23 22:28:49] [vQBpA0VvBo3XlFVJd2yFUhlAD5E=] [whoismert] No offline messages found
[2025-07-23 22:30:23] [vQBpA0VvBo3XlFVJd2yFUhlAD5E=] [whoismert] Checking offline messages for client
[2025-07-23 22:30:23] [vQBpA0VvBo3XlFVJd2yFUhlAD5E=] [whoismert] No offline messages found
[2025-07-23 22:33:30] [sZQPfAhKNyJnHG1VTlCSqp382GY=] [GSavio] Checking offline messages for client
[2025-07-23 22:33:30] [sZQPfAhKNyJnHG1VTlCSqp382GY=] [GSavio] No offline messages found
[2025-07-23 22:33:56] [f97XrWOAq8+kYOs/Zca0SfTNRS0=] [Waxiiiiiiiiiiiiiii] Checking offline messages for client
[2025-07-23 22:33:56] [f97XrWOAq8+kYOs/Zca0SfTNRS0=] [Waxiiiiiiiiiiiiiii] No offline messages found
[2025-07-23 22:34:39] [0pfL6k6+uhY3YJUK1FucX6agAV8=] [MC durak] Checking offline messages for client
[2025-07-23 22:34:39] [0pfL6k6+uhY3YJUK1FucX6agAV8=] [MC durak] No offline messages found
[2025-07-23 22:35:02] [bY73N1BM8QCmyrmXL2ppUBMWPMc=] [KRGZL] Checking offline messages for client
[2025-07-23 22:35:02] [bY73N1BM8QCmyrmXL2ppUBMWPMc=] [KRGZL] No offline messages found
[2025-07-23 22:38:31] [uoXLLYRcWuJsilUJwGVcjx58LOo=] [Pocait] Checking offline messages for client
[2025-07-23 22:38:31] [uoXLLYRcWuJsilUJwGVcjx58LOo=] [Pocait] No offline messages found
[2025-07-23 22:38:35] [MCH5CUuHw7qLHVegyroS34EN/pQ=] [PastA1] Checking offline messages for client
[2025-07-23 22:38:35] [MCH5CUuHw7qLHVegyroS34EN/pQ=] [PastA1] No offline messages found
[2025-07-23 22:39:07] [Icu6I8OvxH4Dmdky4bvuhKgFBCQ=] [Sir Walach] Checking offline messages for client
[2025-07-23 22:39:07] [Icu6I8OvxH4Dmdky4bvuhKgFBCQ=] [Sir Walach] No offline messages found
[2025-07-23 22:39:39] [MarBbTtCOdPsPCcTGPUko7UH7Sk=] [billy nogami] Checking offline messages for client
[2025-07-23 22:39:39] [MarBbTtCOdPsPCcTGPUko7UH7Sk=] [billy nogami] No offline messages found
[2025-07-23 22:40:04] [v4HBviZ5MpnDpeG8hecQkotPVk4=] [TeamSpeakUser1] Checking offline messages for client
[2025-07-23 22:40:04] [v4HBviZ5MpnDpeG8hecQkotPVk4=] [TeamSpeakUser1] No offline messages found
[2025-07-23 22:40:40] [elC5gU6OxIEB5qZ6vdBRoM0n984=] [purtigoprr] Checking offline messages for client
[2025-07-23 22:40:40] [elC5gU6OxIEB5qZ6vdBRoM0n984=] [purtigoprr] No offline messages found
[2025-07-23 22:40:47] [5tr0bmquCHHSQKHnrvHDA84gg1s=] [DADA] Checking offline messages for client
[2025-07-23 22:40:47] [5tr0bmquCHHSQKHnrvHDA84gg1s=] [DADA] No offline messages found
[2025-07-23 22:41:17] [5tr0bmquCHHSQKHnrvHDA84gg1s=] [DADA] Checking offline messages for client
[2025-07-23 22:41:17] [5tr0bmquCHHSQKHnrvHDA84gg1s=] [DADA] No offline messages found
[2025-07-23 22:43:52] [Di2MaUkDvWG/4yTOmNqIBWAhaIM=] [astraiser] Checking offline messages for client
[2025-07-23 22:43:52] [Di2MaUkDvWG/4yTOmNqIBWAhaIM=] [astraiser] No offline messages found
[2025-07-23 22:45:11] [7lkgv1NgBUC4Nbvfz0XxfSTDHSQ=] [Platonuch_UA] Checking offline messages for client
[2025-07-23 22:45:11] [7lkgv1NgBUC4Nbvfz0XxfSTDHSQ=] [Platonuch_UA] No offline messages found
[2025-07-23 22:45:33] [0pfL6k6+uhY3YJUK1FucX6agAV8=] [MC durak] Checking offline messages for client
[2025-07-23 22:45:33] [0pfL6k6+uhY3YJUK1FucX6agAV8=] [MC durak] No offline messages found
[2025-07-23 22:46:18] [f97XrWOAq8+kYOs/Zca0SfTNRS0=] [Waxiiii] Checking offline messages for client
[2025-07-23 22:46:18] [f97XrWOAq8+kYOs/Zca0SfTNRS0=] [Waxiiii] No offline messages found
[2025-07-23 22:47:59] [f97XrWOAq8+kYOs/Zca0SfTNRS0=] [Waxiiii] Checking offline messages for client
[2025-07-23 22:47:59] [f97XrWOAq8+kYOs/Zca0SfTNRS0=] [Waxiiii] No offline messages found
[2025-07-23 22:51:48] [7lkgv1NgBUC4Nbvfz0XxfSTDHSQ=] [Platonuch_UA] Checking offline messages for client
[2025-07-23 22:51:48] [7lkgv1NgBUC4Nbvfz0XxfSTDHSQ=] [Platonuch_UA] No offline messages found
[2025-07-23 22:53:09] [Ha0uQdpQLPKNqYm0SrG/U1zfjlg=] [Kodex1703] Checking offline messages for client
[2025-07-23 22:53:09] [Ha0uQdpQLPKNqYm0SrG/U1zfjlg=] [Kodex1703] No offline messages found
[2025-07-23 22:53:15] [4GnZnhsW8DL7JT4flUPcR6xn9Yc=] [TeamSpeakUser5] Checking offline messages for client
[2025-07-23 22:53:15] [4GnZnhsW8DL7JT4flUPcR6xn9Yc=] [TeamSpeakUser5] No offline messages found
[2025-07-23 22:54:00] [dqmCwOdfR4NU4ym6ofGS17AXqc0=] [mrfai] Checking offline messages for client
[2025-07-23 22:54:00] [dqmCwOdfR4NU4ym6ofGS17AXqc0=] [mrfai] No offline messages found
[2025-07-23 22:54:02] [jJ3vygVa0ZNmtWTVE6VcIGw2ZIE=] [s1nat0r] Checking offline messages for client
[2025-07-23 22:54:02] [jJ3vygVa0ZNmtWTVE6VcIGw2ZIE=] [s1nat0r] No offline messages found
[2025-07-23 22:55:23] [hFplnszNsVWixGv+jr9PV6siVtc=] [PitcaRNNN``] Checking offline messages for client
[2025-07-23 22:55:23] [hFplnszNsVWixGv+jr9PV6siVtc=] [PitcaRNNN``] No offline messages found
[2025-07-23 22:55:29] [0XIPokUUTEkn00muYiwnSCQJ4wM=] [credolls] Checking offline messages for client
[2025-07-23 22:55:29] [0XIPokUUTEkn00muYiwnSCQJ4wM=] [credolls] No offline messages found
[2025-07-23 22:56:57] [4GnZnhsW8DL7JT4flUPcR6xn9Yc=] [TeamSpeakUser5] Checking offline messages for client
[2025-07-23 22:56:57] [4GnZnhsW8DL7JT4flUPcR6xn9Yc=] [TeamSpeakUser5] No offline messages found
[2025-07-23 23:04:42] [0WgZKkj6v4iiMp7/eG9vKSWI5qU=] [TeamSpeakUser] Checking offline messages for client
[2025-07-23 23:04:42] [0WgZKkj6v4iiMp7/eG9vKSWI5qU=] [TeamSpeakUser] No offline messages found
[2025-07-23 23:05:11] [DlBQSv+ccYTp5SrssTpqL5b2mfg=] [TeamSpeakUser5] Checking offline messages for client
[2025-07-23 23:05:11] [DlBQSv+ccYTp5SrssTpqL5b2mfg=] [TeamSpeakUser5] No offline messages found
[2025-07-23 23:06:34] [0WgZKkj6v4iiMp7/eG9vKSWI5qU=] [TeamSpeakUser] Checking offline messages for client
[2025-07-23 23:06:34] [0WgZKkj6v4iiMp7/eG9vKSWI5qU=] [TeamSpeakUser] No offline messages found
[2025-07-23 23:06:52] [0WgZKkj6v4iiMp7/eG9vKSWI5qU=] [TeamSpeakUser] Checking offline messages for client
[2025-07-23 23:06:52] [0WgZKkj6v4iiMp7/eG9vKSWI5qU=] [TeamSpeakUser] No offline messages found
[2025-07-23 23:07:52] [EGB+WVGsn8pfv6n3rdpnkmLpN6w=] [lordilaz] Checking offline messages for client
[2025-07-23 23:07:52] [EGB+WVGsn8pfv6n3rdpnkmLpN6w=] [lordilaz] No offline messages found
[2025-07-23 23:08:04] [hFplnszNsVWixGv+jr9PV6siVtc=] [PitcaRNNN``] Checking offline messages for client
[2025-07-23 23:08:04] [hFplnszNsVWixGv+jr9PV6siVtc=] [PitcaRNNN``] No offline messages found
[2025-07-23 23:08:13] [0XIPokUUTEkn00muYiwnSCQJ4wM=] [credolls] Checking offline messages for client
[2025-07-23 23:08:13] [0XIPokUUTEkn00muYiwnSCQJ4wM=] [credolls] No offline messages found
[2025-07-23 23:08:44] [xGIv08F0N6y8i+FYpfsEfbnQkcw=] [JhoNNzTR] Checking offline messages for client
[2025-07-23 23:08:44] [xGIv08F0N6y8i+FYpfsEfbnQkcw=] [JhoNNzTR] No offline messages found
[2025-07-23 23:16:17] [KJ4zqn9pukLO1ChROBmAPzo3JKk=] [Shutn1k] Checking offline messages for client
[2025-07-23 23:16:17] [KJ4zqn9pukLO1ChROBmAPzo3JKk=] [Shutn1k] No offline messages found
[2025-07-23 23:20:25] [IvPuoleyuChePKK0GR7sRhVCkJE=] [SYRUSSS] Checking offline messages for client
[2025-07-23 23:20:25] [IvPuoleyuChePKK0GR7sRhVCkJE=] [SYRUSSS] No offline messages found
[2025-07-23 23:22:01] [tEYmACfaM0U7Gh86aP4cahzQg5Q=] [MEHMET] Checking offline messages for client
[2025-07-23 23:22:01] [tEYmACfaM0U7Gh86aP4cahzQg5Q=] [MEHMET] No offline messages found
[2025-07-23 23:22:04] [+vVe9y7KDRV9mBOqgGxIE3TldlI=] [Fullfunny] Checking offline messages for client
[2025-07-23 23:22:04] [+vVe9y7KDRV9mBOqgGxIE3TldlI=] [Fullfunny] No offline messages found
[2025-07-23 23:25:42] [zVP+RXYWofCOHjnYnY6ViSoSCWw=] [nub8] Checking offline messages for client
[2025-07-23 23:25:42] [zVP+RXYWofCOHjnYnY6ViSoSCWw=] [nub8] No offline messages found
[2025-07-23 23:27:26] [RN5q34hvf046r4qme1+T2IWlORI=] [maksik] Checking offline messages for client
[2025-07-23 23:27:26] [RN5q34hvf046r4qme1+T2IWlORI=] [maksik] No offline messages found
[2025-07-23 23:33:39] [dQduHytlYfXayqUKaU5iChZBKUQ=] [zitrvxmode] Checking offline messages for client
[2025-07-23 23:33:39] [dQduHytlYfXayqUKaU5iChZBKUQ=] [zitrvxmode] No offline messages found
[2025-07-23 23:35:37] [ek14P9LpNtXwSGJQRlUmMlUDXJ0=] [WhyNottttt] Checking offline messages for client
[2025-07-23 23:35:37] [ek14P9LpNtXwSGJQRlUmMlUDXJ0=] [WhyNottttt] No offline messages found
[2025-07-23 23:36:49] [ruBTdp0pA5iSR/zKwFt9sBDK+SI=] [alexei_shubin] Checking offline messages for client
[2025-07-23 23:36:49] [ruBTdp0pA5iSR/zKwFt9sBDK+SI=] [alexei_shubin] No offline messages found
[2025-07-23 23:40:41] [Cji46tp2K393WPeFVB8+qBNs7Sw=] [TeamSpeakUser3] Checking offline messages for client
[2025-07-23 23:40:41] [Cji46tp2K393WPeFVB8+qBNs7Sw=] [TeamSpeakUser3] No offline messages found
[2025-07-23 23:45:20] [TWI+XXGLu2pwzCW3cEOZstlE9X4=] [FlavianFCP] Checking offline messages for client
[2025-07-23 23:45:20] [TWI+XXGLu2pwzCW3cEOZstlE9X4=] [FlavianFCP] No offline messages found
