[2025-07-14 00:01:04] [GdKnDuGa2RpNM8eyII04/GthL5A=] [ван гогг] Checking offline messages for client
[2025-07-14 00:01:04] [GdKnDuGa2RpNM8eyII04/GthL5A=] [ван гогг] No offline messages found
[2025-07-14 00:06:00] [4GnZnhsW8DL7JT4flUPcR6xn9Yc=] [TeamSpeakUser4] Checking offline messages for client
[2025-07-14 00:06:00] [4GnZnhsW8DL7JT4flUPcR6xn9Yc=] [TeamSpeakUser4] No offline messages found
[2025-07-14 00:09:23] [SqDu/8DHoEjtTIA31Af2p7bqBGE=] [xinti] Checking offline messages for client
[2025-07-14 00:09:23] [SqDu/8DHoEjtTIA31Af2p7bqBGE=] [xinti] No offline messages found
[2025-07-14 00:09:43] [+eY62p4z2Yc8MBABvp55HWZZJ18=] [saulov] Checking offline messages for client
[2025-07-14 00:09:43] [+eY62p4z2Yc8MBABvp55HWZZJ18=] [saulov] No offline messages found
[2025-07-14 00:13:36] [lPq8Y8B1JOHL6QoSGZDwJ6xzT7Q=] [vata] Checking offline messages for client
[2025-07-14 00:13:36] [lPq8Y8B1JOHL6QoSGZDwJ6xzT7Q=] [vata] No offline messages found
[2025-07-14 00:15:25] [sVrSHwfOWFOloLPnjG6Ub+Fzgrg=] [Jaws] Checking offline messages for client
[2025-07-14 00:15:25] [sVrSHwfOWFOloLPnjG6Ub+Fzgrg=] [Jaws] No offline messages found
[2025-07-14 00:31:12] [CnsaFLBvFsaEG5TIA7bpH7+nWrU=] [ardoş] Checking offline messages for client
[2025-07-14 00:31:12] [CnsaFLBvFsaEG5TIA7bpH7+nWrU=] [ardoş] No offline messages found
[2025-07-14 00:45:09] [En2gnfPohUKXeQ2mM9iHU3fzHaQ=] [Siros333] Checking offline messages for client
[2025-07-14 00:45:09] [En2gnfPohUKXeQ2mM9iHU3fzHaQ=] [Siros333] No offline messages found
[2025-07-14 00:45:40] [IvPuoleyuChePKK0GR7sRhVCkJE=] [SYRUSSS] Checking offline messages for client
[2025-07-14 00:45:40] [IvPuoleyuChePKK0GR7sRhVCkJE=] [SYRUSSS] No offline messages found
[2025-07-14 00:45:44] [Z3dqFL90itQUOdirlz2x1TyvA1s=] [Victuziin] Checking offline messages for client
[2025-07-14 00:45:44] [Z3dqFL90itQUOdirlz2x1TyvA1s=] [Victuziin] No offline messages found
[2025-07-14 00:46:38] [qCQuK6Is+deAhN2xl/XspjIz8xY=] [Faith] Checking offline messages for client
[2025-07-14 00:46:38] [qCQuK6Is+deAhN2xl/XspjIz8xY=] [Faith] No offline messages found
[2025-07-14 01:05:19] [SC8GWaP/AibJdgcQPdeC3rjOy5w=] [твоямама] Checking offline messages for client
[2025-07-14 01:05:19] [SC8GWaP/AibJdgcQPdeC3rjOy5w=] [твоямама] No offline messages found
[2025-07-14 01:05:19] [SC8GWaP/AibJdgcQPdeC3rjOy5w=] [твоямама] Checking offline messages for client
[2025-07-14 01:05:19] [SC8GWaP/AibJdgcQPdeC3rjOy5w=] [твоямама] No offline messages found
[2025-07-14 01:05:19] [SC8GWaP/AibJdgcQPdeC3rjOy5w=] [твоямама] Checking offline messages for client
[2025-07-14 01:05:19] [SC8GWaP/AibJdgcQPdeC3rjOy5w=] [твоямама] No offline messages found
[2025-07-14 01:16:10] [SC8GWaP/AibJdgcQPdeC3rjOy5w=] [твоямама] Checking offline messages for client
[2025-07-14 01:16:10] [SC8GWaP/AibJdgcQPdeC3rjOy5w=] [твоямама] No offline messages found
[2025-07-14 01:18:28] [Rx4WEolIGYkmCQIYX25ajWiwvw4=] [Name] Checking offline messages for client
[2025-07-14 01:18:28] [Rx4WEolIGYkmCQIYX25ajWiwvw4=] [Name] No offline messages found
[2025-07-14 01:18:52] [qqTwrEbfD5tEifesTvr86drlnsU=] [Argonaft] Checking offline messages for client
[2025-07-14 01:18:52] [qqTwrEbfD5tEifesTvr86drlnsU=] [Argonaft] No offline messages found
[2025-07-14 01:36:35] [Gn+ga70GgFDElThlXWXVM4HUZP4=] [FIFN] Checking offline messages for client
[2025-07-14 01:36:35] [Gn+ga70GgFDElThlXWXVM4HUZP4=] [FIFN] No offline messages found
[2025-07-14 01:37:58] [uanmrw3OA9J0DsYU2cxH9V8bx2U=] [NEAJ] Checking offline messages for client
[2025-07-14 01:37:58] [uanmrw3OA9J0DsYU2cxH9V8bx2U=] [NEAJ] No offline messages found
[2025-07-14 01:44:24] [CudR4egGy4dJ1WN0v9915Px+z9U=] [Yourse1f] Checking offline messages for client
[2025-07-14 01:44:24] [CudR4egGy4dJ1WN0v9915Px+z9U=] [Yourse1f] No offline messages found
[2025-07-14 01:56:16] [SC8GWaP/AibJdgcQPdeC3rjOy5w=] [твоямама] Checking offline messages for client
[2025-07-14 01:56:16] [SC8GWaP/AibJdgcQPdeC3rjOy5w=] [твоямама] No offline messages found
[2025-07-14 01:59:41] [Cji46tp2K393WPeFVB8+qBNs7Sw=] [TeamSpeakUser] Checking offline messages for client
[2025-07-14 01:59:41] [Cji46tp2K393WPeFVB8+qBNs7Sw=] [TeamSpeakUser] No offline messages found
[2025-07-14 02:03:31] [ysenB/LIzMU+DaIPOzWlmzjVtBs=] [Zuuko] Checking offline messages for client
[2025-07-14 02:03:31] [ysenB/LIzMU+DaIPOzWlmzjVtBs=] [Zuuko] No offline messages found
[2025-07-14 02:05:21] [SC8GWaP/AibJdgcQPdeC3rjOy5w=] [твоямама] Checking offline messages for client
[2025-07-14 02:05:21] [SC8GWaP/AibJdgcQPdeC3rjOy5w=] [твоямама] No offline messages found
[2025-07-14 02:07:37] [WtWgpfS8UE18SW7yGXm3r1yoO/c=] [Kowismo] Checking offline messages for client
[2025-07-14 02:07:37] [WtWgpfS8UE18SW7yGXm3r1yoO/c=] [Kowismo] No offline messages found
[2025-07-14 02:13:06] [tE5zDWK/YpdYwFqbNTh943GaDFM=] [EL Pepe] Checking offline messages for client
[2025-07-14 02:13:06] [tE5zDWK/YpdYwFqbNTh943GaDFM=] [EL Pepe] No offline messages found
[2025-07-14 02:13:59] [O3jgy+4YcNZxt6Kfdzgsu6OGY/w=] [Elcau_sita18] Checking offline messages for client
[2025-07-14 02:13:59] [O3jgy+4YcNZxt6Kfdzgsu6OGY/w=] [Elcau_sita18] No offline messages found
[2025-07-14 02:23:37] [aDAibG2QJv4mRxG6p4XGTRT+QKM=] [Etesech] Checking offline messages for client
[2025-07-14 02:23:37] [aDAibG2QJv4mRxG6p4XGTRT+QKM=] [Etesech] No offline messages found
[2025-07-14 02:39:31] [WBs9EuR9sJkxgnopd34/B46BslQ=] [jajao] Checking offline messages for client
[2025-07-14 02:39:31] [WBs9EuR9sJkxgnopd34/B46BslQ=] [jajao] No offline messages found
[2025-07-14 02:39:47] [8GrL7TtsAwbkPA/fi0CnWV4xJo0=] [ivo] Checking offline messages for client
[2025-07-14 02:39:47] [8GrL7TtsAwbkPA/fi0CnWV4xJo0=] [ivo] No offline messages found
[2025-07-14 02:47:28] [dqmCwOdfR4NU4ym6ofGS17AXqc0=] [mrfai] Checking offline messages for client
[2025-07-14 02:47:28] [dqmCwOdfR4NU4ym6ofGS17AXqc0=] [mrfai] No offline messages found
[2025-07-14 02:57:30] [rfSlRu7uzjI8pCmk2erQZXW6+7M=] [2212312] Checking offline messages for client
[2025-07-14 02:57:30] [rfSlRu7uzjI8pCmk2erQZXW6+7M=] [2212312] No offline messages found
[2025-07-14 03:07:23] [jJ3vygVa0ZNmtWTVE6VcIGw2ZIE=] [s1nat0r] Checking offline messages for client
[2025-07-14 03:07:23] [jJ3vygVa0ZNmtWTVE6VcIGw2ZIE=] [s1nat0r] No offline messages found
[2025-07-14 03:12:28] [qNsg0b7JeakWdOg/MBVUEfo+t/s=] [Chico] Checking offline messages for client
[2025-07-14 03:12:28] [qNsg0b7JeakWdOg/MBVUEfo+t/s=] [Chico] No offline messages found
[2025-07-14 03:18:25] [B2fRgglzPVX7d5IDrNsAi94lUY0=] [baia] Checking offline messages for client
[2025-07-14 03:18:25] [B2fRgglzPVX7d5IDrNsAi94lUY0=] [baia] No offline messages found
[2025-07-14 03:27:07] [PO6yZICQXPgPiKLJ0g+Xw4nn0qo=] [ⱧØ3ł₦] Checking offline messages for client
[2025-07-14 03:27:07] [PO6yZICQXPgPiKLJ0g+Xw4nn0qo=] [ⱧØ3ł₦] No offline messages found
[2025-07-14 03:29:50] [esphB+mG2+N8I3ntRjK04Tgvv7o=] [Phantor] Checking offline messages for client
[2025-07-14 03:29:50] [esphB+mG2+N8I3ntRjK04Tgvv7o=] [Phantor] No offline messages found
[2025-07-14 03:31:47] [c7oFTcKiq/RBmmRK+zVRyiDwGvs=] [karl_33] Checking offline messages for client
[2025-07-14 03:31:47] [c7oFTcKiq/RBmmRK+zVRyiDwGvs=] [karl_33] No offline messages found
[2025-07-14 03:31:47] [c7oFTcKiq/RBmmRK+zVRyiDwGvs=] [karl_33] Checking offline messages for client
[2025-07-14 03:31:47] [c7oFTcKiq/RBmmRK+zVRyiDwGvs=] [karl_33] No offline messages found
[2025-07-14 03:31:47] [c7oFTcKiq/RBmmRK+zVRyiDwGvs=] [karl_33] Checking offline messages for client
[2025-07-14 03:31:47] [c7oFTcKiq/RBmmRK+zVRyiDwGvs=] [karl_33] No offline messages found
[2025-07-14 03:32:48] [op9aF5gpPEcS0zuoCV0wviHOYmQ=] [Speedbatteur] Checking offline messages for client
[2025-07-14 03:32:48] [op9aF5gpPEcS0zuoCV0wviHOYmQ=] [Speedbatteur] No offline messages found
[2025-07-14 03:43:09] [7lkgv1NgBUC4Nbvfz0XxfSTDHSQ=] [Platonuch_UA] Checking offline messages for client
[2025-07-14 03:43:09] [7lkgv1NgBUC4Nbvfz0XxfSTDHSQ=] [Platonuch_UA] No offline messages found
[2025-07-14 03:46:04] [KJ8NWahozay8h+1b5KEAQ9f+lDQ=] [sda] Checking offline messages for client
[2025-07-14 03:46:04] [KJ8NWahozay8h+1b5KEAQ9f+lDQ=] [sda] No offline messages found
[2025-07-14 04:05:51] [O3jgy+4YcNZxt6Kfdzgsu6OGY/w=] [Elcau_sita18] Checking offline messages for client
[2025-07-14 04:05:51] [O3jgy+4YcNZxt6Kfdzgsu6OGY/w=] [Elcau_sita18] No offline messages found
[2025-07-14 04:14:22] [ZhvWkHfrWLVjrK3fFImU+a6eDAM=] [ratera] Checking offline messages for client
[2025-07-14 04:14:22] [ZhvWkHfrWLVjrK3fFImU+a6eDAM=] [ratera] No offline messages found
[2025-07-14 04:31:39] [ZhvWkHfrWLVjrK3fFImU+a6eDAM=] [ratera] Checking offline messages for client
[2025-07-14 04:31:39] [ZhvWkHfrWLVjrK3fFImU+a6eDAM=] [ratera] No offline messages found
[2025-07-14 04:44:57] [Cji46tp2K393WPeFVB8+qBNs7Sw=] [TeamSpeakUser] Checking offline messages for client
[2025-07-14 04:44:57] [Cji46tp2K393WPeFVB8+qBNs7Sw=] [TeamSpeakUser] No offline messages found
[2025-07-14 05:10:36] [ZhvWkHfrWLVjrK3fFImU+a6eDAM=] [ratera] Checking offline messages for client
[2025-07-14 05:10:36] [ZhvWkHfrWLVjrK3fFImU+a6eDAM=] [ratera] No offline messages found
[2025-07-14 06:13:59] [qNsg0b7JeakWdOg/MBVUEfo+t/s=] [Chico] Checking offline messages for client
[2025-07-14 06:13:59] [qNsg0b7JeakWdOg/MBVUEfo+t/s=] [Chico] No offline messages found
[2025-07-14 08:27:26] [WtWgpfS8UE18SW7yGXm3r1yoO/c=] [Kowismo] Checking offline messages for client
[2025-07-14 08:27:26] [WtWgpfS8UE18SW7yGXm3r1yoO/c=] [Kowismo] No offline messages found
[2025-07-14 08:44:56] [sC96QZMY/yY8Fc9QjquVCkLiW2c=] [Amirali] Checking offline messages for client
[2025-07-14 08:44:56] [sC96QZMY/yY8Fc9QjquVCkLiW2c=] [Amirali] No offline messages found
[2025-07-14 08:46:18] [MarBbTtCOdPsPCcTGPUko7UH7Sk=] [billy nogami] Checking offline messages for client
[2025-07-14 08:46:18] [MarBbTtCOdPsPCcTGPUko7UH7Sk=] [billy nogami] No offline messages found
[2025-07-14 08:46:19] [5tr0bmquCHHSQKHnrvHDA84gg1s=] [DADA] Checking offline messages for client
[2025-07-14 08:46:19] [5tr0bmquCHHSQKHnrvHDA84gg1s=] [DADA] No offline messages found
[2025-07-14 09:15:17] [WtWgpfS8UE18SW7yGXm3r1yoO/c=] [Kowismo] Checking offline messages for client
[2025-07-14 09:15:17] [WtWgpfS8UE18SW7yGXm3r1yoO/c=] [Kowismo] No offline messages found
[2025-07-14 09:34:29] [U03tlpb40T9DiVjXTVQdXprGQkc=] [fdgod35] Checking offline messages for client
[2025-07-14 09:34:29] [U03tlpb40T9DiVjXTVQdXprGQkc=] [fdgod35] No offline messages found
[2025-07-14 09:38:12] [Ky4Et2mgtJ9j27HGeNl/5qVw840=] [frkn] Checking offline messages for client
[2025-07-14 09:38:12] [Ky4Et2mgtJ9j27HGeNl/5qVw840=] [frkn] No offline messages found
[2025-07-14 09:41:42] [nrEFrg1QXE05wuZZG3BbdkciSEc=] [Dumina] Checking offline messages for client
[2025-07-14 09:41:42] [nrEFrg1QXE05wuZZG3BbdkciSEc=] [Dumina] No offline messages found
[2025-07-14 09:59:41] [yrWpM4ZZxc3YhyNXbhk3qfKG9V4=] [Damer] Checking offline messages for client
[2025-07-14 09:59:41] [yrWpM4ZZxc3YhyNXbhk3qfKG9V4=] [Damer] No offline messages found
[2025-07-14 10:10:15] [8IavFO1c981dBS9jD+FK4qqCzno=] [jinger] Checking offline messages for client
[2025-07-14 10:10:15] [8IavFO1c981dBS9jD+FK4qqCzno=] [jinger] No offline messages found
[2025-07-14 10:11:00] [U03tlpb40T9DiVjXTVQdXprGQkc=] [fdgod35] Checking offline messages for client
[2025-07-14 10:11:00] [U03tlpb40T9DiVjXTVQdXprGQkc=] [fdgod35] No offline messages found
[2025-07-14 10:20:00] [K2HiGZ6DHKr+xxANngHd25Rgwk8=] [Saitama] Checking offline messages for client
[2025-07-14 10:20:00] [K2HiGZ6DHKr+xxANngHd25Rgwk8=] [Saitama] No offline messages found
[2025-07-14 10:20:55] [8jWYwUGg0/+wB5e6DHxegNVrSvg=] [TeamSpeakUser] Checking offline messages for client
[2025-07-14 10:20:55] [8jWYwUGg0/+wB5e6DHxegNVrSvg=] [TeamSpeakUser] No offline messages found
[2025-07-14 10:30:54] [7lkgv1NgBUC4Nbvfz0XxfSTDHSQ=] [Platonuch_UA] Checking offline messages for client
[2025-07-14 10:30:54] [7lkgv1NgBUC4Nbvfz0XxfSTDHSQ=] [Platonuch_UA] No offline messages found
[2025-07-14 10:31:45] [8IavFO1c981dBS9jD+FK4qqCzno=] [jinger] Checking offline messages for client
[2025-07-14 10:31:45] [8IavFO1c981dBS9jD+FK4qqCzno=] [jinger] No offline messages found
[2025-07-14 11:01:51] [P9UFbDoCfFIMjmOtm1p0FyoG/08=] [Fafaddd] Checking offline messages for client
[2025-07-14 11:01:51] [P9UFbDoCfFIMjmOtm1p0FyoG/08=] [Fafaddd] No offline messages found
[2025-07-14 11:12:07] [gITtVlfHYxsd3mvOfTblKNtJBDU=] [4iff] Checking offline messages for client
[2025-07-14 11:12:07] [gITtVlfHYxsd3mvOfTblKNtJBDU=] [4iff] No offline messages found
[2025-07-14 11:12:23] [d/2RYNlm5B/Nn3BBGjS8/8tretA=] [LaPt] Checking offline messages for client
[2025-07-14 11:12:23] [d/2RYNlm5B/Nn3BBGjS8/8tretA=] [LaPt] No offline messages found
[2025-07-14 11:12:27] [0TS7jt0APSegEgA9K9hIWfin7m0=] [dadaok] Checking offline messages for client
[2025-07-14 11:12:27] [0TS7jt0APSegEgA9K9hIWfin7m0=] [dadaok] No offline messages found
[2025-07-14 11:19:48] [gQ5C6+V5CuxoWVdapQ4LurehHGY=] [ph0x] Checking offline messages for client
[2025-07-14 11:19:48] [gQ5C6+V5CuxoWVdapQ4LurehHGY=] [ph0x] No offline messages found
[2025-07-14 11:19:51] [rc6PTp7wE3xERTiJhvZj3aYUd/Y=] [kushi] Checking offline messages for client
[2025-07-14 11:19:51] [rc6PTp7wE3xERTiJhvZj3aYUd/Y=] [kushi] No offline messages found
[2025-07-14 11:24:52] [uVIyLE46ey0eBhM+Z9Az+wuDd2U=] [LisssTzz] Checking offline messages for client
[2025-07-14 11:24:52] [uVIyLE46ey0eBhM+Z9Az+wuDd2U=] [LisssTzz] No offline messages found
[2025-07-14 11:25:28] [3Mq3EB+EEk14kwWNxOyGIgo45U8=] [MATAN] Checking offline messages for client
[2025-07-14 11:25:28] [3Mq3EB+EEk14kwWNxOyGIgo45U8=] [MATAN] No offline messages found
[2025-07-14 11:50:00] [8IavFO1c981dBS9jD+FK4qqCzno=] [jinger] Checking offline messages for client
[2025-07-14 11:50:00] [8IavFO1c981dBS9jD+FK4qqCzno=] [jinger] No offline messages found
[2025-07-14 11:55:59] [M09LXQM0h1IxzpSiw7t91USRzUA=] [dolv1] Checking offline messages for client
[2025-07-14 11:55:59] [M09LXQM0h1IxzpSiw7t91USRzUA=] [dolv1] No offline messages found
[2025-07-14 11:56:51] [gM6JURCoeTppFvi+so8Nrj/PdUE=] [KvaKing95] Checking offline messages for client
[2025-07-14 11:56:51] [gM6JURCoeTppFvi+so8Nrj/PdUE=] [KvaKing95] No offline messages found
[2025-07-14 12:02:29] [g95LkcovmlDSBBJIdmdv0zN6QBs=] [baysikimdeğil] Checking offline messages for client
[2025-07-14 12:02:29] [g95LkcovmlDSBBJIdmdv0zN6QBs=] [baysikimdeğil] No offline messages found
[2025-07-14 12:03:35] [KKakWCNNDyxUyhC4KpkSU2PHuVM=] [yusufppks] Checking offline messages for client
[2025-07-14 12:03:35] [KKakWCNNDyxUyhC4KpkSU2PHuVM=] [yusufppks] No offline messages found
[2025-07-14 12:06:02] [ilO9JAl5glx+WikZA6SZqmic0Iw=] [kaiizenn] Checking offline messages for client
[2025-07-14 12:06:02] [ilO9JAl5glx+WikZA6SZqmic0Iw=] [kaiizenn] No offline messages found
[2025-07-14 12:08:30] [mLx0Hk4TMipqUwGhs4qaQnVuCRc=] [ywyw] Checking offline messages for client
[2025-07-14 12:08:30] [mLx0Hk4TMipqUwGhs4qaQnVuCRc=] [ywyw] Found 1 offline messages
[2025-07-14 12:08:32] [mLx0Hk4TMipqUwGhs4qaQnVuCRc=] [ywyw] Sent poke message: Your private channel has been renumbered from #25 to #24 to maintain sorting order.
[2025-07-14 12:08:32] [mLx0Hk4TMipqUwGhs4qaQnVuCRc=] [ywyw] Deleted 1 delivered messages from database
[2025-07-14 12:10:16] [QFOoQ6Mg2dbrrKfVQEqUbdv5Eqg=] [dosma666] Checking offline messages for client
[2025-07-14 12:10:16] [QFOoQ6Mg2dbrrKfVQEqUbdv5Eqg=] [dosma666] No offline messages found
[2025-07-14 12:14:33] [JS7AYDgRfu5aCR6EsyZfSZOd3ug=] [goran] Checking offline messages for client
[2025-07-14 12:14:33] [JS7AYDgRfu5aCR6EsyZfSZOd3ug=] [goran] No offline messages found
[2025-07-14 12:19:43] [mLx0Hk4TMipqUwGhs4qaQnVuCRc=] [ywyw] Checking offline messages for client
[2025-07-14 12:19:43] [mLx0Hk4TMipqUwGhs4qaQnVuCRc=] [ywyw] No offline messages found
[2025-07-14 12:22:08] [yrWpM4ZZxc3YhyNXbhk3qfKG9V4=] [Damer] Checking offline messages for client
[2025-07-14 12:22:08] [yrWpM4ZZxc3YhyNXbhk3qfKG9V4=] [Damer] No offline messages found
[2025-07-14 12:25:12] [yrWpM4ZZxc3YhyNXbhk3qfKG9V4=] [Damer] Checking offline messages for client
[2025-07-14 12:25:12] [yrWpM4ZZxc3YhyNXbhk3qfKG9V4=] [Damer] No offline messages found
[2025-07-14 12:35:32] [X6E5/N6c4x3DmVvfM1A7J4pIjC0=] [Omar] Checking offline messages for client
[2025-07-14 12:35:32] [X6E5/N6c4x3DmVvfM1A7J4pIjC0=] [Omar] No offline messages found
[2025-07-14 12:41:00] [m3jwrJafD7Z1HcDm7lAZbGqtROY=] [zui] Checking offline messages for client
[2025-07-14 12:41:00] [m3jwrJafD7Z1HcDm7lAZbGqtROY=] [zui] No offline messages found
[2025-07-14 12:44:44] [KTw+VF6m+gTCBlxPrQOWS+S0KMI=] [ego1str0ma] Checking offline messages for client
[2025-07-14 12:44:44] [KTw+VF6m+gTCBlxPrQOWS+S0KMI=] [ego1str0ma] No offline messages found
[2025-07-14 12:57:02] [WAMRwGj2aMlAZhL9ZhE+aSk7KMs=] [------RYAN-------] Checking offline messages for client
[2025-07-14 12:57:02] [WAMRwGj2aMlAZhL9ZhE+aSk7KMs=] [------RYAN-------] No offline messages found
[2025-07-14 12:59:07] [m3jwrJafD7Z1HcDm7lAZbGqtROY=] [zui] Checking offline messages for client
[2025-07-14 12:59:07] [m3jwrJafD7Z1HcDm7lAZbGqtROY=] [zui] No offline messages found
[2025-07-14 13:03:19] [g95LkcovmlDSBBJIdmdv0zN6QBs=] [baysikimdeğil] Checking offline messages for client
[2025-07-14 13:03:19] [g95LkcovmlDSBBJIdmdv0zN6QBs=] [baysikimdeğil] No offline messages found
[2025-07-14 13:08:40] [vs+7gbTKwu+h+XgDI2qVApOBkfk=] [Viko(ع)] Checking offline messages for client
[2025-07-14 13:08:40] [vs+7gbTKwu+h+XgDI2qVApOBkfk=] [Viko(ع)] No offline messages found
[2025-07-14 13:10:30] [1FdRRfdDwro5nU/BhYl8c2GAVrM=] [Мьюрт(Дима)] Checking offline messages for client
[2025-07-14 13:10:30] [1FdRRfdDwro5nU/BhYl8c2GAVrM=] [Мьюрт(Дима)] No offline messages found
[2025-07-14 13:12:39] [vs+7gbTKwu+h+XgDI2qVApOBkfk=] [Viko(ع)] Checking offline messages for client
[2025-07-14 13:12:39] [vs+7gbTKwu+h+XgDI2qVApOBkfk=] [Viko(ع)] No offline messages found
[2025-07-14 13:15:16] [QFOoQ6Mg2dbrrKfVQEqUbdv5Eqg=] [dosma666] Checking offline messages for client
[2025-07-14 13:15:16] [QFOoQ6Mg2dbrrKfVQEqUbdv5Eqg=] [dosma666] No offline messages found
[2025-07-14 13:15:54] [V5o+wTk6FX7pkcnjykGFujDK02Q=] [TeamSpeakUser] Checking offline messages for client
[2025-07-14 13:15:54] [V5o+wTk6FX7pkcnjykGFujDK02Q=] [TeamSpeakUser] No offline messages found
[2025-07-14 13:17:44] [WtWgpfS8UE18SW7yGXm3r1yoO/c=] [Kowismo] Checking offline messages for client
[2025-07-14 13:17:44] [WtWgpfS8UE18SW7yGXm3r1yoO/c=] [Kowismo] No offline messages found
[2025-07-14 13:22:28] [vs+7gbTKwu+h+XgDI2qVApOBkfk=] [Viko(ع)] Checking offline messages for client
[2025-07-14 13:22:28] [vs+7gbTKwu+h+XgDI2qVApOBkfk=] [Viko(ع)] No offline messages found
[2025-07-14 13:23:18] [vs+7gbTKwu+h+XgDI2qVApOBkfk=] [Viko(ع)] Checking offline messages for client
[2025-07-14 13:23:18] [vs+7gbTKwu+h+XgDI2qVApOBkfk=] [Viko(ع)] No offline messages found
[2025-07-14 13:24:18] [vs+7gbTKwu+h+XgDI2qVApOBkfk=] [Viko(ع)] Checking offline messages for client
[2025-07-14 13:24:18] [vs+7gbTKwu+h+XgDI2qVApOBkfk=] [Viko(ع)] No offline messages found
[2025-07-14 13:25:05] [xweiIcFZYx5VGQnkKFiqZn1zetU=] [мяу] Checking offline messages for client
[2025-07-14 13:25:05] [xweiIcFZYx5VGQnkKFiqZn1zetU=] [мяу] No offline messages found
[2025-07-14 13:25:45] [sC96QZMY/yY8Fc9QjquVCkLiW2c=] [Amirali] Checking offline messages for client
[2025-07-14 13:25:45] [sC96QZMY/yY8Fc9QjquVCkLiW2c=] [Amirali] No offline messages found
[2025-07-14 13:26:24] [m3jwrJafD7Z1HcDm7lAZbGqtROY=] [zui] Checking offline messages for client
[2025-07-14 13:26:24] [m3jwrJafD7Z1HcDm7lAZbGqtROY=] [zui] No offline messages found
[2025-07-14 13:26:46] [MarBbTtCOdPsPCcTGPUko7UH7Sk=] [billy nogami] Checking offline messages for client
[2025-07-14 13:26:46] [MarBbTtCOdPsPCcTGPUko7UH7Sk=] [billy nogami] No offline messages found
[2025-07-14 13:26:55] [xweiIcFZYx5VGQnkKFiqZn1zetU=] [Mix] Checking offline messages for client
[2025-07-14 13:26:55] [xweiIcFZYx5VGQnkKFiqZn1zetU=] [Mix] No offline messages found
[2025-07-14 13:34:41] [5tr0bmquCHHSQKHnrvHDA84gg1s=] [DADA] Checking offline messages for client
[2025-07-14 13:34:41] [5tr0bmquCHHSQKHnrvHDA84gg1s=] [DADA] No offline messages found
[2025-07-14 13:37:04] [MarBbTtCOdPsPCcTGPUko7UH7Sk=] [billy nogami] Checking offline messages for client
[2025-07-14 13:37:04] [MarBbTtCOdPsPCcTGPUko7UH7Sk=] [billy nogami] No offline messages found
[2025-07-14 13:37:12] [5tr0bmquCHHSQKHnrvHDA84gg1s=] [DADA] Checking offline messages for client
[2025-07-14 13:37:12] [5tr0bmquCHHSQKHnrvHDA84gg1s=] [DADA] No offline messages found
[2025-07-14 13:43:59] [o3G9rA/YjPOMWxOUehTn8HZBzto=] [Darkhains] Checking offline messages for client
[2025-07-14 13:43:59] [o3G9rA/YjPOMWxOUehTn8HZBzto=] [Darkhains] No offline messages found
[2025-07-14 13:45:50] [GDLMnVZvsy2PmGGBS4hN7CRvOTU=] [phonetik78] Checking offline messages for client
[2025-07-14 13:45:50] [GDLMnVZvsy2PmGGBS4hN7CRvOTU=] [phonetik78] No offline messages found
[2025-07-14 13:48:39] [sC96QZMY/yY8Fc9QjquVCkLiW2c=] [Amirali] Checking offline messages for client
[2025-07-14 13:48:39] [sC96QZMY/yY8Fc9QjquVCkLiW2c=] [Amirali] No offline messages found
[2025-07-14 13:56:34] [g95LkcovmlDSBBJIdmdv0zN6QBs=] [baysikimdeğil] Checking offline messages for client
[2025-07-14 13:56:34] [g95LkcovmlDSBBJIdmdv0zN6QBs=] [baysikimdeğil] No offline messages found
[2025-07-14 13:56:34] [g95LkcovmlDSBBJIdmdv0zN6QBs=] [baysikimdeğil] Checking offline messages for client
[2025-07-14 13:56:34] [g95LkcovmlDSBBJIdmdv0zN6QBs=] [baysikimdeğil] No offline messages found
[2025-07-14 13:56:34] [g95LkcovmlDSBBJIdmdv0zN6QBs=] [baysikimdeğil] Checking offline messages for client
[2025-07-14 13:56:34] [g95LkcovmlDSBBJIdmdv0zN6QBs=] [baysikimdeğil] No offline messages found
[2025-07-14 13:58:08] [g95LkcovmlDSBBJIdmdv0zN6QBs=] [baysikimdeğil] Checking offline messages for client
[2025-07-14 13:58:08] [g95LkcovmlDSBBJIdmdv0zN6QBs=] [baysikimdeğil] No offline messages found
[2025-07-14 14:02:39] [QFOoQ6Mg2dbrrKfVQEqUbdv5Eqg=] [dosma666] Checking offline messages for client
[2025-07-14 14:02:39] [QFOoQ6Mg2dbrrKfVQEqUbdv5Eqg=] [dosma666] No offline messages found
[2025-07-14 14:03:10] [mLx0Hk4TMipqUwGhs4qaQnVuCRc=] [ywyw] Checking offline messages for client
[2025-07-14 14:03:10] [mLx0Hk4TMipqUwGhs4qaQnVuCRc=] [ywyw] No offline messages found
[2025-07-14 14:05:08] [m3jwrJafD7Z1HcDm7lAZbGqtROY=] [zui] Checking offline messages for client
[2025-07-14 14:05:08] [m3jwrJafD7Z1HcDm7lAZbGqtROY=] [zui] No offline messages found
[2025-07-14 14:05:38] [xBMJD2Y2SpzPtIEf1cFbTuruz8Q=] [TeamSpeakUser1] Checking offline messages for client
[2025-07-14 14:05:38] [xBMJD2Y2SpzPtIEf1cFbTuruz8Q=] [TeamSpeakUser1] No offline messages found
[2025-07-14 14:06:59] [+QTfzoCOcfpc5pNJ24WBX/EfRAU=] [Уебище] Checking offline messages for client
[2025-07-14 14:06:59] [+QTfzoCOcfpc5pNJ24WBX/EfRAU=] [Уебище] No offline messages found
[2025-07-14 14:07:13] [4lgk8AIxD24nO55TvFlly6KF/C4=] [e6lan] Checking offline messages for client
[2025-07-14 14:07:13] [4lgk8AIxD24nO55TvFlly6KF/C4=] [e6lan] No offline messages found
[2025-07-14 14:07:47] [ZRJE0ISA13RmnFcasOlw68BVsNY=] [F4funder] Checking offline messages for client
[2025-07-14 14:07:47] [ZRJE0ISA13RmnFcasOlw68BVsNY=] [F4funder] No offline messages found
[2025-07-14 14:10:47] [+QTfzoCOcfpc5pNJ24WBX/EfRAU=] [Уебище] Checking offline messages for client
[2025-07-14 14:10:47] [+QTfzoCOcfpc5pNJ24WBX/EfRAU=] [Уебище] No offline messages found
[2025-07-14 14:11:07] [2rkwn/jv1FIR6DqtosxYTJMsanY=] [TeamSpeakUser2] Checking offline messages for client
[2025-07-14 14:11:07] [2rkwn/jv1FIR6DqtosxYTJMsanY=] [TeamSpeakUser2] No offline messages found
[2025-07-14 14:12:30] [0pfL6k6+uhY3YJUK1FucX6agAV8=] [MC durak] Checking offline messages for client
[2025-07-14 14:12:30] [0pfL6k6+uhY3YJUK1FucX6agAV8=] [MC durak] No offline messages found
[2025-07-14 14:13:54] [ArDdG6a86sTE9vzN8IIzLOiOEQs=] [Sunrise0754] Checking offline messages for client
[2025-07-14 14:13:54] [ArDdG6a86sTE9vzN8IIzLOiOEQs=] [Sunrise0754] No offline messages found
[2025-07-14 14:15:55] [jyNREbFc1g7kS1FKSohnZyaSx+g=] [ivansultan] Checking offline messages for client
[2025-07-14 14:15:55] [jyNREbFc1g7kS1FKSohnZyaSx+g=] [ivansultan] No offline messages found
[2025-07-14 14:17:31] [JS7AYDgRfu5aCR6EsyZfSZOd3ug=] [goran] Checking offline messages for client
[2025-07-14 14:17:31] [JS7AYDgRfu5aCR6EsyZfSZOd3ug=] [goran] No offline messages found
[2025-07-14 14:20:51] [1AbnbGgxnGmT+1ucLIy1LFbCSCU=] [theslayercroute] Checking offline messages for client
[2025-07-14 14:20:51] [1AbnbGgxnGmT+1ucLIy1LFbCSCU=] [theslayercroute] No offline messages found
[2025-07-14 14:33:58] [UJQSMUnQbDqCQA/Ap94PriCZpmM=] [1.6fsidertpaket] Checking offline messages for client
[2025-07-14 14:33:58] [UJQSMUnQbDqCQA/Ap94PriCZpmM=] [1.6fsidertpaket] No offline messages found
[2025-07-14 14:38:07] [Ak+g2T6dsXY09qW3A018jPM4sUk=] [TeamSpeakUser3] Checking offline messages for client
[2025-07-14 14:38:07] [Ak+g2T6dsXY09qW3A018jPM4sUk=] [TeamSpeakUser3] No offline messages found
[2025-07-14 14:38:08] [3ZmvZnl8johLcLHH4g1q9BmtZZo=] [deschka] Checking offline messages for client
[2025-07-14 14:38:08] [3ZmvZnl8johLcLHH4g1q9BmtZZo=] [deschka] No offline messages found
[2025-07-14 14:38:27] [rJktjMb/Ocsy1SH9iGlPM2seUxk=] [1ongxu] Checking offline messages for client
[2025-07-14 14:38:27] [rJktjMb/Ocsy1SH9iGlPM2seUxk=] [1ongxu] No offline messages found
[2025-07-14 14:42:10] [K2HiGZ6DHKr+xxANngHd25Rgwk8=] [Saitama] Checking offline messages for client
[2025-07-14 14:42:10] [K2HiGZ6DHKr+xxANngHd25Rgwk8=] [Saitama] No offline messages found
[2025-07-14 14:42:58] [g372sfJKbdXlWEl/MP1y2x1X1Dw=] [fds] Checking offline messages for client
[2025-07-14 14:42:58] [g372sfJKbdXlWEl/MP1y2x1X1Dw=] [fds] No offline messages found
[2025-07-14 14:49:38] [wDjYvnAEDV8Ca22jvXeJSwKiCC0=] [Chris] Checking offline messages for client
[2025-07-14 14:49:38] [wDjYvnAEDV8Ca22jvXeJSwKiCC0=] [Chris] No offline messages found
[2025-07-14 14:52:23] [8jWYwUGg0/+wB5e6DHxegNVrSvg=] [TeamSpeakUser] Checking offline messages for client
[2025-07-14 14:52:23] [8jWYwUGg0/+wB5e6DHxegNVrSvg=] [TeamSpeakUser] No offline messages found
[2025-07-14 14:57:43] [g372sfJKbdXlWEl/MP1y2x1X1Dw=] [fds] Checking offline messages for client
[2025-07-14 14:57:43] [g372sfJKbdXlWEl/MP1y2x1X1Dw=] [fds] No offline messages found
[2025-07-14 14:58:03] [K2HiGZ6DHKr+xxANngHd25Rgwk8=] [Saitama] Checking offline messages for client
[2025-07-14 14:58:03] [K2HiGZ6DHKr+xxANngHd25Rgwk8=] [Saitama] No offline messages found
[2025-07-14 15:02:05] [+eY62p4z2Yc8MBABvp55HWZZJ18=] [saulov] Checking offline messages for client
[2025-07-14 15:02:05] [+eY62p4z2Yc8MBABvp55HWZZJ18=] [saulov] No offline messages found
[2025-07-14 15:04:37] [lPq8Y8B1JOHL6QoSGZDwJ6xzT7Q=] [vata] Checking offline messages for client
[2025-07-14 15:04:37] [lPq8Y8B1JOHL6QoSGZDwJ6xzT7Q=] [vata] No offline messages found
[2025-07-14 15:06:51] [mbP4nghKzvRW54vnBJ4hB+FVGdw=] [Andy] Checking offline messages for client
[2025-07-14 15:06:51] [mbP4nghKzvRW54vnBJ4hB+FVGdw=] [Andy] No offline messages found
[2025-07-14 15:09:17] [g372sfJKbdXlWEl/MP1y2x1X1Dw=] [fds] Checking offline messages for client
[2025-07-14 15:09:17] [g372sfJKbdXlWEl/MP1y2x1X1Dw=] [fds] No offline messages found
[2025-07-14 15:09:17] [g372sfJKbdXlWEl/MP1y2x1X1Dw=] [fds] Checking offline messages for client
[2025-07-14 15:09:17] [g372sfJKbdXlWEl/MP1y2x1X1Dw=] [fds] No offline messages found
[2025-07-14 15:09:18] [g372sfJKbdXlWEl/MP1y2x1X1Dw=] [fds] Checking offline messages for client
[2025-07-14 15:09:18] [g372sfJKbdXlWEl/MP1y2x1X1Dw=] [fds] No offline messages found
[2025-07-14 15:23:19] [Ak+g2T6dsXY09qW3A018jPM4sUk=] [alwayswannadie] Checking offline messages for client
[2025-07-14 15:23:19] [Ak+g2T6dsXY09qW3A018jPM4sUk=] [alwayswannadie] No offline messages found
[2025-07-14 15:26:40] [3wfCbZork1r8h4aDgIW1hfWE0YA=] [SNAC-Ahmet] Checking offline messages for client
[2025-07-14 15:26:40] [3wfCbZork1r8h4aDgIW1hfWE0YA=] [SNAC-Ahmet] No offline messages found
[2025-07-14 15:26:43] [WBs9EuR9sJkxgnopd34/B46BslQ=] [jajao] Checking offline messages for client
[2025-07-14 15:26:43] [WBs9EuR9sJkxgnopd34/B46BslQ=] [jajao] No offline messages found
[2025-07-14 15:26:45] [WBs9EuR9sJkxgnopd34/B46BslQ=] [jajao] Checking offline messages for client
[2025-07-14 15:26:45] [WBs9EuR9sJkxgnopd34/B46BslQ=] [jajao] No offline messages found
[2025-07-14 15:26:45] [WBs9EuR9sJkxgnopd34/B46BslQ=] [jajao] Checking offline messages for client
[2025-07-14 15:26:45] [WBs9EuR9sJkxgnopd34/B46BslQ=] [jajao] No offline messages found
[2025-07-14 15:27:03] [8GrL7TtsAwbkPA/fi0CnWV4xJo0=] [ivo] Checking offline messages for client
[2025-07-14 15:27:03] [8GrL7TtsAwbkPA/fi0CnWV4xJo0=] [ivo] No offline messages found
[2025-07-14 15:27:59] [w6YqWRN3PvQxnMLA9fqVLTevJ/0=] [m1sspit4boa] Checking offline messages for client
[2025-07-14 15:27:59] [w6YqWRN3PvQxnMLA9fqVLTevJ/0=] [m1sspit4boa] No offline messages found
[2025-07-14 15:28:09] [3ZmvZnl8johLcLHH4g1q9BmtZZo=] [deschka] Checking offline messages for client
[2025-07-14 15:28:09] [3ZmvZnl8johLcLHH4g1q9BmtZZo=] [deschka] No offline messages found
[2025-07-14 15:39:51] [X6E5/N6c4x3DmVvfM1A7J4pIjC0=] [Omar] Checking offline messages for client
[2025-07-14 15:39:51] [X6E5/N6c4x3DmVvfM1A7J4pIjC0=] [Omar] No offline messages found
[2025-07-14 15:43:59] [3ZmvZnl8johLcLHH4g1q9BmtZZo=] [deschka] Checking offline messages for client
[2025-07-14 15:43:59] [3ZmvZnl8johLcLHH4g1q9BmtZZo=] [deschka] No offline messages found
[2025-07-14 15:58:18] [m3jwrJafD7Z1HcDm7lAZbGqtROY=] [zui] Checking offline messages for client
[2025-07-14 15:58:18] [m3jwrJafD7Z1HcDm7lAZbGqtROY=] [zui] No offline messages found
[2025-07-14 16:00:40] [+eY62p4z2Yc8MBABvp55HWZZJ18=] [saulov] Checking offline messages for client
[2025-07-14 16:00:40] [+eY62p4z2Yc8MBABvp55HWZZJ18=] [saulov] No offline messages found
[2025-07-14 16:01:23] [g372sfJKbdXlWEl/MP1y2x1X1Dw=] [fds] Checking offline messages for client
[2025-07-14 16:01:23] [g372sfJKbdXlWEl/MP1y2x1X1Dw=] [fds] No offline messages found
[2025-07-14 16:02:05] [lPq8Y8B1JOHL6QoSGZDwJ6xzT7Q=] [vata] Checking offline messages for client
[2025-07-14 16:02:05] [lPq8Y8B1JOHL6QoSGZDwJ6xzT7Q=] [vata] No offline messages found
[2025-07-14 16:04:23] [sC96QZMY/yY8Fc9QjquVCkLiW2c=] [Amirali] Checking offline messages for client
[2025-07-14 16:04:23] [sC96QZMY/yY8Fc9QjquVCkLiW2c=] [Amirali] No offline messages found
[2025-07-14 16:11:22] [7pjyldKo0H3nqSQvrDZlGjvZLVU=] [depand] Checking offline messages for client
[2025-07-14 16:11:22] [7pjyldKo0H3nqSQvrDZlGjvZLVU=] [depand] No offline messages found
[2025-07-14 16:12:55] [iziowVTbk7mGU95qNZGKt7wZaR8=] [bentuto] Checking offline messages for client
[2025-07-14 16:12:55] [iziowVTbk7mGU95qNZGKt7wZaR8=] [bentuto] No offline messages found
[2025-07-14 16:13:08] [sC96QZMY/yY8Fc9QjquVCkLiW2c=] [Amirali] Checking offline messages for client
[2025-07-14 16:13:08] [sC96QZMY/yY8Fc9QjquVCkLiW2c=] [Amirali] No offline messages found
[2025-07-14 16:18:01] [kzuTugeStsHBIcft6KRkMr/lGAg=] [FXjulius] Checking offline messages for client
[2025-07-14 16:18:01] [kzuTugeStsHBIcft6KRkMr/lGAg=] [FXjulius] No offline messages found
[2025-07-14 16:18:11] [sZQPfAhKNyJnHG1VTlCSqp382GY=] [GSavio] Checking offline messages for client
[2025-07-14 16:18:11] [sZQPfAhKNyJnHG1VTlCSqp382GY=] [GSavio] No offline messages found
[2025-07-14 16:18:11] [sZQPfAhKNyJnHG1VTlCSqp382GY=] [GSavio] Checking offline messages for client
[2025-07-14 16:18:11] [sZQPfAhKNyJnHG1VTlCSqp382GY=] [GSavio] No offline messages found
[2025-07-14 16:18:11] [sZQPfAhKNyJnHG1VTlCSqp382GY=] [GSavio] Checking offline messages for client
[2025-07-14 16:18:11] [sZQPfAhKNyJnHG1VTlCSqp382GY=] [GSavio] No offline messages found
[2025-07-14 16:18:16] [kzuTugeStsHBIcft6KRkMr/lGAg=] [FXjulius] Checking offline messages for client
[2025-07-14 16:18:16] [kzuTugeStsHBIcft6KRkMr/lGAg=] [FXjulius] No offline messages found
[2025-07-14 16:28:33] [ZRJE0ISA13RmnFcasOlw68BVsNY=] [F4funder] Checking offline messages for client
[2025-07-14 16:28:33] [ZRJE0ISA13RmnFcasOlw68BVsNY=] [F4funder] No offline messages found
[2025-07-14 16:29:10] [1SpGjW2P8juFy83FmQZ7wlJs2js=] [MATIN] Checking offline messages for client
[2025-07-14 16:29:10] [1SpGjW2P8juFy83FmQZ7wlJs2js=] [MATIN] No offline messages found
[2025-07-14 16:30:30] [syGc3yR+8xBjPN6kLg2zE+r+Bwg=] [Gosh] Checking offline messages for client
[2025-07-14 16:30:30] [syGc3yR+8xBjPN6kLg2zE+r+Bwg=] [Gosh] No offline messages found
[2025-07-14 16:33:24] [xBMJD2Y2SpzPtIEf1cFbTuruz8Q=] [TeamSpeakUser1] Checking offline messages for client
[2025-07-14 16:33:24] [xBMJD2Y2SpzPtIEf1cFbTuruz8Q=] [TeamSpeakUser1] No offline messages found
[2025-07-14 16:39:38] [2bUyvfXA/u6gKEf6lBYHtcUoVa8=] [DanialDelRey] Checking offline messages for client
[2025-07-14 16:39:38] [2bUyvfXA/u6gKEf6lBYHtcUoVa8=] [DanialDelRey] No offline messages found
[2025-07-14 16:44:00] [46Bsg4/OrucouKIdB/SeeoA/stc=] [shekerZZWER-] Checking offline messages for client
[2025-07-14 16:44:00] [46Bsg4/OrucouKIdB/SeeoA/stc=] [shekerZZWER-] No offline messages found
[2025-07-14 16:44:35] [g372sfJKbdXlWEl/MP1y2x1X1Dw=] [fds] Checking offline messages for client
[2025-07-14 16:44:35] [g372sfJKbdXlWEl/MP1y2x1X1Dw=] [fds] No offline messages found
[2025-07-14 16:45:07] [0XaSaJTqMDRG53r/L41NHA912Rw=] [pisun] Checking offline messages for client
[2025-07-14 16:45:07] [0XaSaJTqMDRG53r/L41NHA912Rw=] [pisun] No offline messages found
[2025-07-14 16:45:32] [9RYhYLJQuz+5zxOjDqP3tBps2/o=] [EXOPUL] Checking offline messages for client
[2025-07-14 16:45:32] [9RYhYLJQuz+5zxOjDqP3tBps2/o=] [EXOPUL] No offline messages found
[2025-07-14 16:46:07] [dHD7jWi8Q5Lp4lz7I8/axaXFAEA=] [__illlia__] Checking offline messages for client
[2025-07-14 16:46:07] [dHD7jWi8Q5Lp4lz7I8/axaXFAEA=] [__illlia__] No offline messages found
[2025-07-14 16:46:58] [nmMsjCsq3llYr3g2A8cfAaD3Fy0=] [arhi23] Checking offline messages for client
[2025-07-14 16:46:58] [nmMsjCsq3llYr3g2A8cfAaD3Fy0=] [arhi23] No offline messages found
[2025-07-14 16:47:18] [PNdeHGWHVnNunL7UpLd42z9zXsQ=] [PueX] Checking offline messages for client
[2025-07-14 16:47:18] [PNdeHGWHVnNunL7UpLd42z9zXsQ=] [PueX] No offline messages found
[2025-07-14 16:47:28] [mfVvR91HkW7Pj9Y9zHVIRHJVgWg=] [batuhannn1] Checking offline messages for client
[2025-07-14 16:47:28] [mfVvR91HkW7Pj9Y9zHVIRHJVgWg=] [batuhannn1] No offline messages found
[2025-07-14 16:48:55] [kOTiGdU7Prb6oIvLC/wF8cto8B0=] [Агрессор777] Checking offline messages for client
[2025-07-14 16:48:55] [kOTiGdU7Prb6oIvLC/wF8cto8B0=] [Агрессор777] No offline messages found
[2025-07-14 17:00:19] [3Mq3EB+EEk14kwWNxOyGIgo45U8=] [MATAN] Checking offline messages for client
[2025-07-14 17:00:19] [3Mq3EB+EEk14kwWNxOyGIgo45U8=] [MATAN] No offline messages found
[2025-07-14 17:00:43] [okPB05Yw/R9uqp9oBr7M6RdxhIg=] [nam] Checking offline messages for client
[2025-07-14 17:00:43] [okPB05Yw/R9uqp9oBr7M6RdxhIg=] [nam] No offline messages found
[2025-07-14 17:08:46] [IvPuoleyuChePKK0GR7sRhVCkJE=] [SYRUSSS] Checking offline messages for client
[2025-07-14 17:08:46] [IvPuoleyuChePKK0GR7sRhVCkJE=] [SYRUSSS] No offline messages found
[2025-07-14 17:17:10] [yNFUjD+LJEqojKPPlPGtCAVEYRU=] [Боцман777] Checking offline messages for client
[2025-07-14 17:17:10] [yNFUjD+LJEqojKPPlPGtCAVEYRU=] [Боцман777] No offline messages found
[2025-07-14 17:22:48] [nYYlWUs5YkYKnWWsLhHJIhbnlmA=] [HanS] Checking offline messages for client
[2025-07-14 17:22:48] [nYYlWUs5YkYKnWWsLhHJIhbnlmA=] [HanS] No offline messages found
[2025-07-14 17:23:17] [+jY+727ijHZsfVi54xEx3Dfw1Dk=] [awegawg] Checking offline messages for client
[2025-07-14 17:23:17] [+jY+727ijHZsfVi54xEx3Dfw1Dk=] [awegawg] No offline messages found
[2025-07-14 17:23:55] [6loDKB5pFq9h9EZ8lWJAl1sRiNA=] [kagixxx] Checking offline messages for client
[2025-07-14 17:23:55] [6loDKB5pFq9h9EZ8lWJAl1sRiNA=] [kagixxx] No offline messages found
[2025-07-14 17:23:55] [F4Rot6aSlWU5OFZBOarP2RTzrYY=] [INSANE] Checking offline messages for client
[2025-07-14 17:23:55] [F4Rot6aSlWU5OFZBOarP2RTzrYY=] [INSANE] No offline messages found
[2025-07-14 17:23:56] [F4Rot6aSlWU5OFZBOarP2RTzrYY=] [INSANE] Checking offline messages for client
[2025-07-14 17:23:56] [F4Rot6aSlWU5OFZBOarP2RTzrYY=] [INSANE] No offline messages found
[2025-07-14 17:23:56] [F4Rot6aSlWU5OFZBOarP2RTzrYY=] [INSANE] Checking offline messages for client
[2025-07-14 17:23:56] [F4Rot6aSlWU5OFZBOarP2RTzrYY=] [INSANE] No offline messages found
[2025-07-14 17:23:56] [F4Rot6aSlWU5OFZBOarP2RTzrYY=] [INSANE] Checking offline messages for client
[2025-07-14 17:23:56] [F4Rot6aSlWU5OFZBOarP2RTzrYY=] [INSANE] No offline messages found
[2025-07-14 17:28:56] [ZnU8vaPl8AP2v7ujelAJMkb+r+E=] [TeamSpeakUser2] Checking offline messages for client
[2025-07-14 17:28:56] [ZnU8vaPl8AP2v7ujelAJMkb+r+E=] [TeamSpeakUser2] No offline messages found
[2025-07-14 17:31:00] [aKaAG6qoaxhtx8bSnAyKGSwgQvA=] [drxxxP] Checking offline messages for client
[2025-07-14 17:31:00] [aKaAG6qoaxhtx8bSnAyKGSwgQvA=] [drxxxP] No offline messages found
[2025-07-14 17:31:06] [jdsZBBcuEzD3+oBXRBnVPJpGkI4=] [eatmyb8ls] Checking offline messages for client
[2025-07-14 17:31:06] [jdsZBBcuEzD3+oBXRBnVPJpGkI4=] [eatmyb8ls] No offline messages found
[2025-07-14 17:32:15] [UINiUnQ/eAgNIPOPr4tSfW+qXvo=] [Потужний Фід] Checking offline messages for client
[2025-07-14 17:32:15] [UINiUnQ/eAgNIPOPr4tSfW+qXvo=] [Потужний Фід] No offline messages found
[2025-07-14 17:32:54] [GvKQC+0wB2vJXrx64sJ8sS41K2w=] [Pol'zovatel'] Checking offline messages for client
[2025-07-14 17:32:54] [GvKQC+0wB2vJXrx64sJ8sS41K2w=] [Pol'zovatel'] No offline messages found
[2025-07-14 17:33:06] [cQnuljBLILs8CHiCBcythkog2Vc=] [Yugik] Checking offline messages for client
[2025-07-14 17:33:06] [cQnuljBLILs8CHiCBcythkog2Vc=] [Yugik] No offline messages found
[2025-07-14 17:33:31] [F4Rot6aSlWU5OFZBOarP2RTzrYY=] [INSANE] Checking offline messages for client
[2025-07-14 17:33:31] [F4Rot6aSlWU5OFZBOarP2RTzrYY=] [INSANE] No offline messages found
[2025-07-14 17:36:30] [F4Rot6aSlWU5OFZBOarP2RTzrYY=] [INSANE] Checking offline messages for client
[2025-07-14 17:36:30] [F4Rot6aSlWU5OFZBOarP2RTzrYY=] [INSANE] No offline messages found
[2025-07-14 17:39:53] [nYYlWUs5YkYKnWWsLhHJIhbnlmA=] [HanS] Checking offline messages for client
[2025-07-14 17:39:53] [nYYlWUs5YkYKnWWsLhHJIhbnlmA=] [HanS] No offline messages found
[2025-07-14 17:41:17] [kzuTugeStsHBIcft6KRkMr/lGAg=] [FXjulius] Checking offline messages for client
[2025-07-14 17:41:17] [kzuTugeStsHBIcft6KRkMr/lGAg=] [FXjulius] No offline messages found
[2025-07-14 17:42:46] [4K1JM3gWxWDRwefuj7WYFwSS2W8=] [Cpt.BORODA] Checking offline messages for client
[2025-07-14 17:42:46] [4K1JM3gWxWDRwefuj7WYFwSS2W8=] [Cpt.BORODA] No offline messages found
[2025-07-14 17:44:48] [N3i0JuxOQc+NzDJpdz3cD/gAtqQ=] [yondera] Checking offline messages for client
[2025-07-14 17:44:48] [N3i0JuxOQc+NzDJpdz3cD/gAtqQ=] [yondera] No offline messages found
[2025-07-14 17:45:55] [g95LkcovmlDSBBJIdmdv0zN6QBs=] [baysikimdeğil] Checking offline messages for client
[2025-07-14 17:45:55] [g95LkcovmlDSBBJIdmdv0zN6QBs=] [baysikimdeğil] No offline messages found
[2025-07-14 17:48:35] [qHM+kRgMWu4NuAHBWy3mz1Q+s/k=] [Mr.Heisen6erg] Checking offline messages for client
[2025-07-14 17:48:35] [qHM+kRgMWu4NuAHBWy3mz1Q+s/k=] [Mr.Heisen6erg] No offline messages found
[2025-07-14 17:55:33] [xBMJD2Y2SpzPtIEf1cFbTuruz8Q=] [TeamSpeakUser1] Checking offline messages for client
[2025-07-14 17:55:33] [xBMJD2Y2SpzPtIEf1cFbTuruz8Q=] [TeamSpeakUser1] No offline messages found
[2025-07-14 17:59:37] [UJQSMUnQbDqCQA/Ap94PriCZpmM=] [1.6fsidertpaket] Checking offline messages for client
[2025-07-14 17:59:37] [UJQSMUnQbDqCQA/Ap94PriCZpmM=] [1.6fsidertpaket] No offline messages found
[2025-07-14 17:59:53] [iOgsj/b7+Ver8IGO+Yuc4m9VlWI=] [auvarls] Checking offline messages for client
[2025-07-14 17:59:53] [iOgsj/b7+Ver8IGO+Yuc4m9VlWI=] [auvarls] Found 7 offline messages
[2025-07-14 17:59:55] [iOgsj/b7+Ver8IGO+Yuc4m9VlWI=] [auvarls] Sent poke message: Your private channel has been renumbered from #33 to #32 to maintain sorting order.
[2025-07-14 17:59:55] [iOgsj/b7+Ver8IGO+Yuc4m9VlWI=] [auvarls] Sent poke message: Your private channel has been renumbered from #32 to #31 to maintain sorting order.
[2025-07-14 17:59:55] [iOgsj/b7+Ver8IGO+Yuc4m9VlWI=] [auvarls] Sent poke message: Your private channel has been renumbered from #31 to #30 to maintain sorting order.
[2025-07-14 17:59:55] [iOgsj/b7+Ver8IGO+Yuc4m9VlWI=] [auvarls] Sent poke message: Your private channel has been renumbered from #30 to #29 to maintain sorting order.
[2025-07-14 17:59:55] [iOgsj/b7+Ver8IGO+Yuc4m9VlWI=] [auvarls] Sent poke message: Your private channel has been renumbered from #29 to #28 to maintain sorting order.
[2025-07-14 17:59:55] [iOgsj/b7+Ver8IGO+Yuc4m9VlWI=] [auvarls] Sent poke message: Your private channel has been renumbered from #28 to #27 to maintain sorting order.
[2025-07-14 17:59:55] [iOgsj/b7+Ver8IGO+Yuc4m9VlWI=] [auvarls] Sent poke message: Your private channel has been renumbered from #27 to #26 to maintain sorting order.
[2025-07-14 17:59:55] [iOgsj/b7+Ver8IGO+Yuc4m9VlWI=] [auvarls] Deleted 7 delivered messages from database
[2025-07-14 18:01:15] [qHM+kRgMWu4NuAHBWy3mz1Q+s/k=] [Mr.Heisen6erg] Checking offline messages for client
[2025-07-14 18:01:15] [qHM+kRgMWu4NuAHBWy3mz1Q+s/k=] [Mr.Heisen6erg] No offline messages found
[2025-07-14 18:02:13] [Tyox9iliANPNZk3OJiSEOSxGKGY=] [germancoxx] Checking offline messages for client
[2025-07-14 18:02:13] [Tyox9iliANPNZk3OJiSEOSxGKGY=] [germancoxx] No offline messages found
[2025-07-14 18:05:08] [103NpgSMbA6VWxysX3UIH+x6Soo=] [kiesik98] Checking offline messages for client
[2025-07-14 18:05:08] [103NpgSMbA6VWxysX3UIH+x6Soo=] [kiesik98] No offline messages found
[2025-07-14 18:05:57] [ysApwncFrVjzs0iXlJqpQC5ryno=] [alikexie] Checking offline messages for client
[2025-07-14 18:05:57] [ysApwncFrVjzs0iXlJqpQC5ryno=] [alikexie] No offline messages found
[2025-07-14 18:06:16] [4hvwCfCPtTRCCX/hD0S9PDAjwPY=] [Ander] Checking offline messages for client
[2025-07-14 18:06:16] [4hvwCfCPtTRCCX/hD0S9PDAjwPY=] [Ander] No offline messages found
[2025-07-14 18:06:36] [YJ8chm2QQIJyPFrsGN7ctoGAtDM=] [TRAMCHIK] Checking offline messages for client
[2025-07-14 18:06:36] [YJ8chm2QQIJyPFrsGN7ctoGAtDM=] [TRAMCHIK] No offline messages found
[2025-07-14 18:07:55] [MutMI8w80TgxkXwn/z4gZc/vgiU=] [Asshole do not burn] Checking offline messages for client
[2025-07-14 18:07:55] [MutMI8w80TgxkXwn/z4gZc/vgiU=] [Asshole do not burn] No offline messages found
[2025-07-14 18:08:52] [f5blCV2SYOa9qeIxhD7mgNKdr10=] [kompot1k] Checking offline messages for client
[2025-07-14 18:08:52] [f5blCV2SYOa9qeIxhD7mgNKdr10=] [kompot1k] No offline messages found
[2025-07-14 18:08:53] [+vVe9y7KDRV9mBOqgGxIE3TldlI=] [Fullfunny] Checking offline messages for client
[2025-07-14 18:08:53] [+vVe9y7KDRV9mBOqgGxIE3TldlI=] [Fullfunny] No offline messages found
[2025-07-14 18:10:38] [u/wzYW79e2HUgHcLocth30j5UKg=] [Ax`Lim] Checking offline messages for client
[2025-07-14 18:10:38] [u/wzYW79e2HUgHcLocth30j5UKg=] [Ax`Lim] No offline messages found
[2025-07-14 18:11:37] [9RYhYLJQuz+5zxOjDqP3tBps2/o=] [EXOPUL] Checking offline messages for client
[2025-07-14 18:11:37] [9RYhYLJQuz+5zxOjDqP3tBps2/o=] [EXOPUL] No offline messages found
[2025-07-14 18:11:53] [MutMI8w80TgxkXwn/z4gZc/vgiU=] [Asshole do not burn] Checking offline messages for client
[2025-07-14 18:11:53] [MutMI8w80TgxkXwn/z4gZc/vgiU=] [Asshole do not burn] No offline messages found
[2025-07-14 18:12:38] [4hvwCfCPtTRCCX/hD0S9PDAjwPY=] [Ander] Checking offline messages for client
[2025-07-14 18:12:38] [4hvwCfCPtTRCCX/hD0S9PDAjwPY=] [Ander] No offline messages found
[2025-07-14 18:14:44] [tOoGEdCN9ULy8ULKyELfIWNelvU=] [kayanyildz] Checking offline messages for client
[2025-07-14 18:14:44] [tOoGEdCN9ULy8ULKyELfIWNelvU=] [kayanyildz] No offline messages found
[2025-07-14 18:15:55] [nKM59hxTojEpwTkMTG1uWArmxms=] [rowdy] Checking offline messages for client
[2025-07-14 18:15:55] [nKM59hxTojEpwTkMTG1uWArmxms=] [rowdy] No offline messages found
[2025-07-14 18:16:03] [RN5q34hvf046r4qme1+T2IWlORI=] [maksik] Checking offline messages for client
[2025-07-14 18:16:03] [RN5q34hvf046r4qme1+T2IWlORI=] [maksik] No offline messages found
[2025-07-14 18:17:08] [nKM59hxTojEpwTkMTG1uWArmxms=] [rowdy] Checking offline messages for client
[2025-07-14 18:17:08] [nKM59hxTojEpwTkMTG1uWArmxms=] [rowdy] No offline messages found
[2025-07-14 18:17:24] [kHIid8HT2jg9WiVu3tCpryd+esk=] [1133] Checking offline messages for client
[2025-07-14 18:17:24] [kHIid8HT2jg9WiVu3tCpryd+esk=] [1133] No offline messages found
[2025-07-14 18:17:29] [kHIid8HT2jg9WiVu3tCpryd+esk=] [1133] Checking offline messages for client
[2025-07-14 18:17:29] [kHIid8HT2jg9WiVu3tCpryd+esk=] [1133] No offline messages found
[2025-07-14 18:17:40] [nKM59hxTojEpwTkMTG1uWArmxms=] [rowdy] Checking offline messages for client
[2025-07-14 18:17:40] [nKM59hxTojEpwTkMTG1uWArmxms=] [rowdy] No offline messages found
[2025-07-14 18:18:48] [dcdQ6JZazQe/98ri1LB8C3qP740=] [Monster_PP] Checking offline messages for client
[2025-07-14 18:18:48] [dcdQ6JZazQe/98ri1LB8C3qP740=] [Monster_PP] No offline messages found
[2025-07-14 18:20:54] [nKM59hxTojEpwTkMTG1uWArmxms=] [rowdy] Checking offline messages for client
[2025-07-14 18:20:54] [nKM59hxTojEpwTkMTG1uWArmxms=] [rowdy] No offline messages found
[2025-07-14 18:25:55] [zQBV+zr0os6YT3ktHjBJZW0cRd8=] [Tufix] Checking offline messages for client
[2025-07-14 18:25:55] [zQBV+zr0os6YT3ktHjBJZW0cRd8=] [Tufix] No offline messages found
[2025-07-14 18:27:03] [4lgk8AIxD24nO55TvFlly6KF/C4=] [e6lan] Checking offline messages for client
[2025-07-14 18:27:03] [4lgk8AIxD24nO55TvFlly6KF/C4=] [e6lan] No offline messages found
[2025-07-14 18:27:39] [x5NWjjSsshVzCfkox/peFi8iwwM=] [pzdcvsenikizanyati] Checking offline messages for client
[2025-07-14 18:27:39] [x5NWjjSsshVzCfkox/peFi8iwwM=] [pzdcvsenikizanyati] No offline messages found
[2025-07-14 18:27:41] [4lgk8AIxD24nO55TvFlly6KF/C4=] [e6lan] Checking offline messages for client
[2025-07-14 18:27:41] [4lgk8AIxD24nO55TvFlly6KF/C4=] [e6lan] No offline messages found
[2025-07-14 18:27:42] [4lgk8AIxD24nO55TvFlly6KF/C4=] [e6lan] Checking offline messages for client
[2025-07-14 18:27:42] [4lgk8AIxD24nO55TvFlly6KF/C4=] [e6lan] No offline messages found
[2025-07-14 18:27:42] [4lgk8AIxD24nO55TvFlly6KF/C4=] [e6lan] Checking offline messages for client
[2025-07-14 18:27:42] [4lgk8AIxD24nO55TvFlly6KF/C4=] [e6lan] No offline messages found
[2025-07-14 18:27:55] [zplLYXriSF0hqWw82HYme0Qb6hU=] [BlvckMafia] Checking offline messages for client
[2025-07-14 18:27:55] [zplLYXriSF0hqWw82HYme0Qb6hU=] [BlvckMafia] No offline messages found
[2025-07-14 18:29:01] [xBMJD2Y2SpzPtIEf1cFbTuruz8Q=] [TeamSpeakUser1] Checking offline messages for client
[2025-07-14 18:29:01] [xBMJD2Y2SpzPtIEf1cFbTuruz8Q=] [TeamSpeakUser1] No offline messages found
[2025-07-14 18:30:38] [4lgk8AIxD24nO55TvFlly6KF/C4=] [e6lan] Checking offline messages for client
[2025-07-14 18:30:38] [4lgk8AIxD24nO55TvFlly6KF/C4=] [e6lan] No offline messages found
[2025-07-14 18:30:48] [MqlyPI/U5wjPs6LHaX2Ifl+w4r8=] [timothysamuelx] Checking offline messages for client
[2025-07-14 18:30:48] [MqlyPI/U5wjPs6LHaX2Ifl+w4r8=] [timothysamuelx] No offline messages found
[2025-07-14 18:31:21] [4lgk8AIxD24nO55TvFlly6KF/C4=] [e6lan] Checking offline messages for client
[2025-07-14 18:31:21] [4lgk8AIxD24nO55TvFlly6KF/C4=] [e6lan] No offline messages found
[2025-07-14 18:32:58] [8yG40ppumRoJGhu1qR/blqgqttw=] [sanka98] Checking offline messages for client
[2025-07-14 18:32:58] [8yG40ppumRoJGhu1qR/blqgqttw=] [sanka98] No offline messages found
[2025-07-14 18:33:00] [4hvwCfCPtTRCCX/hD0S9PDAjwPY=] [Ander] Checking offline messages for client
[2025-07-14 18:33:00] [4hvwCfCPtTRCCX/hD0S9PDAjwPY=] [Ander] No offline messages found
[2025-07-14 18:39:41] [pa4EomUE5xzFSB9tc7CilmX3NTU=] [Imprii] Checking offline messages for client
[2025-07-14 18:39:41] [pa4EomUE5xzFSB9tc7CilmX3NTU=] [Imprii] No offline messages found
[2025-07-14 18:39:51] [/paoPeDO7Sw3DPisftzEeJfXp+Y=] [J4M4L] Checking offline messages for client
[2025-07-14 18:39:51] [/paoPeDO7Sw3DPisftzEeJfXp+Y=] [J4M4L] No offline messages found
[2025-07-14 18:39:53] [i8C04O2vrccv/5WVfPlgNLJ1RGc=] [TurtleWithFists] Checking offline messages for client
[2025-07-14 18:39:53] [i8C04O2vrccv/5WVfPlgNLJ1RGc=] [TurtleWithFists] No offline messages found
[2025-07-14 18:42:29] [pM39vwBC404mshweezryIEAS3ZQ=] [Columb] Checking offline messages for client
[2025-07-14 18:42:29] [pM39vwBC404mshweezryIEAS3ZQ=] [Columb] No offline messages found
[2025-07-14 18:43:55] [lqX2Oz/RGh+MQGKjhD9GbFED4OY=] [DarkZX] Checking offline messages for client
[2025-07-14 18:43:55] [lqX2Oz/RGh+MQGKjhD9GbFED4OY=] [DarkZX] No offline messages found
[2025-07-14 18:44:03] [MutMI8w80TgxkXwn/z4gZc/vgiU=] [Asshole do not burn] Checking offline messages for client
[2025-07-14 18:44:03] [MutMI8w80TgxkXwn/z4gZc/vgiU=] [Asshole do not burn] No offline messages found
[2025-07-14 18:44:05] [ay8d2GXiisZNZZ2sP88A/RwHo24=] [ViliBom] Checking offline messages for client
[2025-07-14 18:44:05] [ay8d2GXiisZNZZ2sP88A/RwHo24=] [ViliBom] No offline messages found
[2025-07-14 18:44:05] [ay8d2GXiisZNZZ2sP88A/RwHo24=] [ViliBom] Checking offline messages for client
[2025-07-14 18:44:05] [ay8d2GXiisZNZZ2sP88A/RwHo24=] [ViliBom] No offline messages found
[2025-07-14 18:44:05] [ay8d2GXiisZNZZ2sP88A/RwHo24=] [ViliBom] Checking offline messages for client
[2025-07-14 18:44:05] [ay8d2GXiisZNZZ2sP88A/RwHo24=] [ViliBom] No offline messages found
[2025-07-14 18:44:06] [ay8d2GXiisZNZZ2sP88A/RwHo24=] [ViliBom] Checking offline messages for client
[2025-07-14 18:44:06] [ay8d2GXiisZNZZ2sP88A/RwHo24=] [ViliBom] No offline messages found
[2025-07-14 18:44:56] [8F/wqyUZbzkbJnHcA07nhS4DohU=] [dimafreddyy] Checking offline messages for client
[2025-07-14 18:44:56] [8F/wqyUZbzkbJnHcA07nhS4DohU=] [dimafreddyy] No offline messages found
[2025-07-14 18:46:26] [rNuuzETCYHp/ipeNXkMjDacyUEg=] [Haydn_123] Checking offline messages for client
[2025-07-14 18:46:26] [rNuuzETCYHp/ipeNXkMjDacyUEg=] [Haydn_123] No offline messages found
[2025-07-14 18:49:35] [VuNFAf3wIFc1IkWzOmahJ2tNnQw=] [v13] Checking offline messages for client
[2025-07-14 18:49:35] [VuNFAf3wIFc1IkWzOmahJ2tNnQw=] [v13] No offline messages found
[2025-07-14 18:49:51] [ilO9JAl5glx+WikZA6SZqmic0Iw=] [kaiizenn] Checking offline messages for client
[2025-07-14 18:49:51] [ilO9JAl5glx+WikZA6SZqmic0Iw=] [kaiizenn] No offline messages found
[2025-07-14 18:49:59] [52vuEIk54LOuJIBcdbhynHsrtM8=] [yamagu] Checking offline messages for client
[2025-07-14 18:49:59] [52vuEIk54LOuJIBcdbhynHsrtM8=] [yamagu] No offline messages found
[2025-07-14 18:50:49] [37H/lttZ8+4bwWOCES4zZFUkIOg=] [crzfrg77] Checking offline messages for client
[2025-07-14 18:50:49] [37H/lttZ8+4bwWOCES4zZFUkIOg=] [crzfrg77] No offline messages found
[2025-07-14 18:50:52] [RkH91acmxA3cUuqBsMdwRLDQBxM=] [Avrelius33] Checking offline messages for client
[2025-07-14 18:50:52] [RkH91acmxA3cUuqBsMdwRLDQBxM=] [Avrelius33] No offline messages found
[2025-07-14 18:51:13] [DhDqNKJFOzAI9dgJ0qsFAh9W1bM=] [Parsa94] Checking offline messages for client
[2025-07-14 18:51:13] [DhDqNKJFOzAI9dgJ0qsFAh9W1bM=] [Parsa94] No offline messages found
[2025-07-14 18:51:49] [ow+Zi/O4SnJIvwHosoZ7zIvOOK8=] [shinigami] Checking offline messages for client
[2025-07-14 18:51:49] [ow+Zi/O4SnJIvwHosoZ7zIvOOK8=] [shinigami] No offline messages found
[2025-07-14 18:52:32] [g70UCqX9DYKy2k9gTsipXh2jHFw=] [oneup47] Checking offline messages for client
[2025-07-14 18:52:32] [g70UCqX9DYKy2k9gTsipXh2jHFw=] [oneup47] No offline messages found
[2025-07-14 18:53:58] [MmC0G6Fn/8u8/dnmAAQ+nxHv6EM=] [TeamSpeakUser3] Checking offline messages for client
[2025-07-14 18:53:58] [MmC0G6Fn/8u8/dnmAAQ+nxHv6EM=] [TeamSpeakUser3] No offline messages found
[2025-07-14 18:54:39] [WAMRwGj2aMlAZhL9ZhE+aSk7KMs=] [------RYAN-------] Checking offline messages for client
[2025-07-14 18:54:39] [WAMRwGj2aMlAZhL9ZhE+aSk7KMs=] [------RYAN-------] No offline messages found
[2025-07-14 18:56:08] [Tl3Bg1zFfrOJ+IRWyJh5UAIJ+5o=] [Efkeyy] Checking offline messages for client
[2025-07-14 18:56:08] [Tl3Bg1zFfrOJ+IRWyJh5UAIJ+5o=] [Efkeyy] No offline messages found
[2025-07-14 18:58:53] [x9SJXhi1EaqDQD/26nA5ppOYE4Q=] [issygoing] Checking offline messages for client
[2025-07-14 18:58:53] [x9SJXhi1EaqDQD/26nA5ppOYE4Q=] [issygoing] No offline messages found
[2025-07-14 18:59:58] [WAMRwGj2aMlAZhL9ZhE+aSk7KMs=] [------RYAN-------] Checking offline messages for client
[2025-07-14 18:59:58] [WAMRwGj2aMlAZhL9ZhE+aSk7KMs=] [------RYAN-------] No offline messages found
[2025-07-14 19:00:17] [jbziqcaRRjMctNaa4m4+c5Q4kME=] [Ersannclk] Checking offline messages for client
[2025-07-14 19:00:17] [jbziqcaRRjMctNaa4m4+c5Q4kME=] [Ersannclk] No offline messages found
[2025-07-14 19:02:30] [d/2RYNlm5B/Nn3BBGjS8/8tretA=] [LaPt] Checking offline messages for client
[2025-07-14 19:02:30] [d/2RYNlm5B/Nn3BBGjS8/8tretA=] [LaPt] No offline messages found
[2025-07-14 19:03:49] [ePwa3jQBzlGWGf9yz8d+ogM9uYs=] [ZorbAnka] Checking offline messages for client
[2025-07-14 19:03:49] [ePwa3jQBzlGWGf9yz8d+ogM9uYs=] [ZorbAnka] No offline messages found
[2025-07-14 19:06:39] [eW3CXsLjM41/AoFsb/Sbw+HQfBU=] [nbnbn] Checking offline messages for client
[2025-07-14 19:06:39] [eW3CXsLjM41/AoFsb/Sbw+HQfBU=] [nbnbn] No offline messages found
[2025-07-14 19:08:41] [1UTkPEDc7YcjULUtzMaGVoy9g6U=] [am1rR6] Checking offline messages for client
[2025-07-14 19:08:41] [1UTkPEDc7YcjULUtzMaGVoy9g6U=] [am1rR6] No offline messages found
[2025-07-14 19:09:27] [0Z2wqQcTx0kpb/KIf+NPkyv4b60=] [-W1LLL] Checking offline messages for client
[2025-07-14 19:09:27] [0Z2wqQcTx0kpb/KIf+NPkyv4b60=] [-W1LLL] No offline messages found
[2025-07-14 19:09:28] [hnH8Pkux3Af6xG46f+oe81jVdcA=] [-EscA`#] Checking offline messages for client
[2025-07-14 19:09:28] [hnH8Pkux3Af6xG46f+oe81jVdcA=] [-EscA`#] No offline messages found
[2025-07-14 19:09:43] [WAMRwGj2aMlAZhL9ZhE+aSk7KMs=] [------RYAN-------] Checking offline messages for client
[2025-07-14 19:09:43] [WAMRwGj2aMlAZhL9ZhE+aSk7KMs=] [------RYAN-------] No offline messages found
[2025-07-14 19:10:53] [1bxlkLWE1YEds4euACE9lSAD0Jg=] [Mr..Fury] Checking offline messages for client
[2025-07-14 19:10:53] [1bxlkLWE1YEds4euACE9lSAD0Jg=] [Mr..Fury] No offline messages found
[2025-07-14 19:13:54] [qTbiuLvuv0AOhjUmVX+VILte18g=] [sadfay] Checking offline messages for client
[2025-07-14 19:13:54] [qTbiuLvuv0AOhjUmVX+VILte18g=] [sadfay] No offline messages found
[2025-07-14 19:14:55] [uVIyLE46ey0eBhM+Z9Az+wuDd2U=] [LisssTzz] Checking offline messages for client
[2025-07-14 19:14:55] [uVIyLE46ey0eBhM+Z9Az+wuDd2U=] [LisssTzz] No offline messages found
[2025-07-14 19:15:54] [8J28yZ1L9coBkk4I/9xQ85FbR8g=] [Kire0N] Checking offline messages for client
[2025-07-14 19:15:54] [8J28yZ1L9coBkk4I/9xQ85FbR8g=] [Kire0N] No offline messages found
[2025-07-14 19:16:00] [qnI7tO/BboMdAQFjmSv9/gyQREY=] [batuhnn] Checking offline messages for client
[2025-07-14 19:16:00] [qnI7tO/BboMdAQFjmSv9/gyQREY=] [batuhnn] No offline messages found
[2025-07-14 19:16:29] [gIChkWFcjptuy7m54ZZJPBSejE8=] [yarrak] Checking offline messages for client
[2025-07-14 19:16:29] [gIChkWFcjptuy7m54ZZJPBSejE8=] [yarrak] No offline messages found
[2025-07-14 19:17:00] [8J28yZ1L9coBkk4I/9xQ85FbR8g=] [Kire0N] Checking offline messages for client
[2025-07-14 19:17:00] [8J28yZ1L9coBkk4I/9xQ85FbR8g=] [Kire0N] No offline messages found
[2025-07-14 19:17:55] [G88zjUkHJLCbZF/QycvkVmMnPJA=] [ZeyphiZ] Checking offline messages for client
[2025-07-14 19:17:55] [G88zjUkHJLCbZF/QycvkVmMnPJA=] [ZeyphiZ] No offline messages found
[2025-07-14 19:18:23] [JPEGd8FmqG2Fb+PIIiJLYMDKni0=] [mayorchik] Checking offline messages for client
[2025-07-14 19:18:23] [JPEGd8FmqG2Fb+PIIiJLYMDKni0=] [mayorchik] No offline messages found
[2025-07-14 19:19:16] [kBFPc7QWgAlbW0g+Y8ToBmiYtVc=] [ayko] Checking offline messages for client
[2025-07-14 19:19:16] [kBFPc7QWgAlbW0g+Y8ToBmiYtVc=] [ayko] No offline messages found
[2025-07-14 19:19:19] [gIChkWFcjptuy7m54ZZJPBSejE8=] [yarrak] Checking offline messages for client
[2025-07-14 19:19:19] [gIChkWFcjptuy7m54ZZJPBSejE8=] [yarrak] No offline messages found
[2025-07-14 19:22:21] [YJ8chm2QQIJyPFrsGN7ctoGAtDM=] [TRAMCHIK] Checking offline messages for client
[2025-07-14 19:22:21] [YJ8chm2QQIJyPFrsGN7ctoGAtDM=] [TRAMCHIK] No offline messages found
[2025-07-14 19:25:25] [WAMRwGj2aMlAZhL9ZhE+aSk7KMs=] [------RYAN-------] Checking offline messages for client
[2025-07-14 19:25:25] [WAMRwGj2aMlAZhL9ZhE+aSk7KMs=] [------RYAN-------] No offline messages found
[2025-07-14 19:33:00] [iOgsj/b7+Ver8IGO+Yuc4m9VlWI=] [auvarls] Checking offline messages for client
[2025-07-14 19:33:00] [iOgsj/b7+Ver8IGO+Yuc4m9VlWI=] [auvarls] No offline messages found
[2025-07-14 19:33:21] [0drESH5pWphCik9DWtpPFNZ/wIs=] [DI0ks1D] Checking offline messages for client
[2025-07-14 19:33:21] [0drESH5pWphCik9DWtpPFNZ/wIs=] [DI0ks1D] No offline messages found
[2025-07-14 19:33:50] [y5mj1zD2sejvswO0Ev17LO/WG8s=] [TeamSpeakUser2] Checking offline messages for client
[2025-07-14 19:33:50] [y5mj1zD2sejvswO0Ev17LO/WG8s=] [TeamSpeakUser2] No offline messages found
[2025-07-14 19:33:52] [0drESH5pWphCik9DWtpPFNZ/wIs=] [DI0ks1D] Checking offline messages for client
[2025-07-14 19:33:52] [0drESH5pWphCik9DWtpPFNZ/wIs=] [DI0ks1D] No offline messages found
[2025-07-14 19:38:51] [K2HiGZ6DHKr+xxANngHd25Rgwk8=] [Saitama] Checking offline messages for client
[2025-07-14 19:38:51] [K2HiGZ6DHKr+xxANngHd25Rgwk8=] [Saitama] No offline messages found
[2025-07-14 19:39:22] [3wfCbZork1r8h4aDgIW1hfWE0YA=] [SNAC-Ahmet] Checking offline messages for client
[2025-07-14 19:39:22] [3wfCbZork1r8h4aDgIW1hfWE0YA=] [SNAC-Ahmet] No offline messages found
[2025-07-14 19:39:36] [tOoGEdCN9ULy8ULKyELfIWNelvU=] [kayanyildz] Checking offline messages for client
[2025-07-14 19:39:36] [tOoGEdCN9ULy8ULKyELfIWNelvU=] [kayanyildz] No offline messages found
[2025-07-14 19:42:15] [mvcb89fhD4toA4avpoWT8bavIs8=] [shottinn] Checking offline messages for client
[2025-07-14 19:42:15] [mvcb89fhD4toA4avpoWT8bavIs8=] [shottinn] No offline messages found
[2025-07-14 19:42:31] [gQ5C6+V5CuxoWVdapQ4LurehHGY=] [ph0x] Checking offline messages for client
[2025-07-14 19:42:31] [gQ5C6+V5CuxoWVdapQ4LurehHGY=] [ph0x] No offline messages found
[2025-07-14 19:42:53] [R+KW1QSqbZRuZk4pN2SGLrk8szQ=] [namja] Checking offline messages for client
[2025-07-14 19:42:53] [R+KW1QSqbZRuZk4pN2SGLrk8szQ=] [namja] No offline messages found
[2025-07-14 19:45:51] [J6bp6st58H7lXUd4tuSsCYJySXk=] [ARTAhier] Checking offline messages for client
[2025-07-14 19:45:51] [J6bp6st58H7lXUd4tuSsCYJySXk=] [ARTAhier] No offline messages found
[2025-07-14 19:46:17] [CUffzg29SA+Dv+5fpFqndGk/5r8=] [ARTAdort] Checking offline messages for client
[2025-07-14 19:46:17] [CUffzg29SA+Dv+5fpFqndGk/5r8=] [ARTAdort] No offline messages found
[2025-07-14 19:47:42] [dNRYIZtk71CY8BBDYawxb2cjIk8=] [Cencya1] Checking offline messages for client
[2025-07-14 19:47:42] [dNRYIZtk71CY8BBDYawxb2cjIk8=] [Cencya1] No offline messages found
[2025-07-14 19:48:41] [1UTkPEDc7YcjULUtzMaGVoy9g6U=] [am1rR6] Checking offline messages for client
[2025-07-14 19:48:41] [1UTkPEDc7YcjULUtzMaGVoy9g6U=] [am1rR6] No offline messages found
[2025-07-14 19:50:54] [iziowVTbk7mGU95qNZGKt7wZaR8=] [bentuto] Checking offline messages for client
[2025-07-14 19:50:54] [iziowVTbk7mGU95qNZGKt7wZaR8=] [bentuto] No offline messages found
[2025-07-14 19:50:57] [QtZEuMWPGcNLoylWU5/WhA71J3c=] [Snow] Checking offline messages for client
[2025-07-14 19:50:57] [QtZEuMWPGcNLoylWU5/WhA71J3c=] [Snow] No offline messages found
[2025-07-14 19:52:57] [En2gnfPohUKXeQ2mM9iHU3fzHaQ=] [Siros333] Checking offline messages for client
[2025-07-14 19:52:57] [En2gnfPohUKXeQ2mM9iHU3fzHaQ=] [Siros333] No offline messages found
[2025-07-14 19:53:41] [L2eQNSlPSLEvzElBvTWjnRjR04U=] [Koniciva] Checking offline messages for client
[2025-07-14 19:53:41] [L2eQNSlPSLEvzElBvTWjnRjR04U=] [Koniciva] No offline messages found
[2025-07-14 19:56:52] [ZnU8vaPl8AP2v7ujelAJMkb+r+E=] [TeamSpeakUser1] Checking offline messages for client
[2025-07-14 19:56:52] [ZnU8vaPl8AP2v7ujelAJMkb+r+E=] [TeamSpeakUser1] No offline messages found
[2025-07-14 19:57:31] [olx89Pdjc5M3fEKtvl/uuQb51Rw=] [СИСЯМАСИСЯ] Checking offline messages for client
[2025-07-14 19:57:31] [olx89Pdjc5M3fEKtvl/uuQb51Rw=] [СИСЯМАСИСЯ] No offline messages found
[2025-07-14 19:57:47] [KKakWCNNDyxUyhC4KpkSU2PHuVM=] [yusufppks] Checking offline messages for client
[2025-07-14 19:57:47] [KKakWCNNDyxUyhC4KpkSU2PHuVM=] [yusufppks] No offline messages found
[2025-07-14 19:58:01] [c8FoIr3LvluzREdWq/6oCv0yboo=] [Doomgeonmaster] Checking offline messages for client
[2025-07-14 19:58:01] [c8FoIr3LvluzREdWq/6oCv0yboo=] [Doomgeonmaster] No offline messages found
[2025-07-14 19:58:58] [Wgn/eSwsSzq+HBRNgBZU4+1lWxo=] [Nesol] Checking offline messages for client
[2025-07-14 19:58:58] [Wgn/eSwsSzq+HBRNgBZU4+1lWxo=] [Nesol] No offline messages found
[2025-07-14 20:00:33] [2E0aQHWA5/SqE+mSnXymc/gM1kI=] [Tasril] Checking offline messages for client
[2025-07-14 20:00:33] [2E0aQHWA5/SqE+mSnXymc/gM1kI=] [Tasril] No offline messages found
[2025-07-14 20:00:39] [g95LkcovmlDSBBJIdmdv0zN6QBs=] [baysikimdeğil] Checking offline messages for client
[2025-07-14 20:00:39] [g95LkcovmlDSBBJIdmdv0zN6QBs=] [baysikimdeğil] No offline messages found
[2025-07-14 20:02:06] [FKPKa0duJdrnLKHy7DsVseTbavc=] [Krutez] Checking offline messages for client
[2025-07-14 20:02:06] [FKPKa0duJdrnLKHy7DsVseTbavc=] [Krutez] No offline messages found
[2025-07-14 20:03:30] [FKPKa0duJdrnLKHy7DsVseTbavc=] [Krutez] Checking offline messages for client
[2025-07-14 20:03:30] [FKPKa0duJdrnLKHy7DsVseTbavc=] [Krutez] No offline messages found
[2025-07-14 20:03:37] [RN5q34hvf046r4qme1+T2IWlORI=] [maksik] Checking offline messages for client
[2025-07-14 20:03:37] [RN5q34hvf046r4qme1+T2IWlORI=] [maksik] No offline messages found
[2025-07-14 20:05:17] [g95LkcovmlDSBBJIdmdv0zN6QBs=] [baysikimdeğil] Checking offline messages for client
[2025-07-14 20:05:17] [g95LkcovmlDSBBJIdmdv0zN6QBs=] [baysikimdeğil] No offline messages found
[2025-07-14 20:05:17] [ZGrMI6bNPSY3bqByYnYHBOr+Dac=] [рэдик] Checking offline messages for client
[2025-07-14 20:05:17] [ZGrMI6bNPSY3bqByYnYHBOr+Dac=] [рэдик] No offline messages found
[2025-07-14 20:05:48] [xBMJD2Y2SpzPtIEf1cFbTuruz8Q=] [TeamSpeakUser11] Checking offline messages for client
[2025-07-14 20:05:48] [xBMJD2Y2SpzPtIEf1cFbTuruz8Q=] [TeamSpeakUser11] No offline messages found
[2025-07-14 20:06:04] [HL1M4htZuC4hSl/P/HyqYlf2rf8=] [CİHO] Checking offline messages for client
[2025-07-14 20:06:04] [HL1M4htZuC4hSl/P/HyqYlf2rf8=] [CİHO] No offline messages found
[2025-07-14 20:06:34] [qt+fRHNjOkfIv5KA10YckNlFiyk=] [TroubLe(mustafa)] Checking offline messages for client
[2025-07-14 20:06:34] [qt+fRHNjOkfIv5KA10YckNlFiyk=] [TroubLe(mustafa)] No offline messages found
[2025-07-14 20:09:46] [ZRJE0ISA13RmnFcasOlw68BVsNY=] [F4funder] Checking offline messages for client
[2025-07-14 20:09:46] [ZRJE0ISA13RmnFcasOlw68BVsNY=] [F4funder] No offline messages found
[2025-07-14 20:10:33] [3wfCbZork1r8h4aDgIW1hfWE0YA=] [SNAC-Ahmet] Checking offline messages for client
[2025-07-14 20:10:33] [3wfCbZork1r8h4aDgIW1hfWE0YA=] [SNAC-Ahmet] No offline messages found
[2025-07-14 20:13:14] [Zn/9+bT2XSO9sc6lE0+QcGA4eu4=] [Sanq] Checking offline messages for client
[2025-07-14 20:13:14] [Zn/9+bT2XSO9sc6lE0+QcGA4eu4=] [Sanq] No offline messages found
[2025-07-14 20:14:17] [UaWg0SMyfAkCvHy5CyiGFneBPYs=] [WirtzGoldenBoy] Checking offline messages for client
[2025-07-14 20:14:17] [UaWg0SMyfAkCvHy5CyiGFneBPYs=] [WirtzGoldenBoy] No offline messages found
[2025-07-14 20:14:49] [UaWg0SMyfAkCvHy5CyiGFneBPYs=] [WirtzGoldenBoy] Checking offline messages for client
[2025-07-14 20:14:49] [UaWg0SMyfAkCvHy5CyiGFneBPYs=] [WirtzGoldenBoy] No offline messages found
[2025-07-14 20:17:40] [bebLlHmNFiDOULwzFR3g03H4GHg=] [СИСЯ] Checking offline messages for client
[2025-07-14 20:17:40] [bebLlHmNFiDOULwzFR3g03H4GHg=] [СИСЯ] No offline messages found
[2025-07-14 20:17:56] [ysW/aQl8iyBVlyF2zuKyR7QwRZU=] [SeniorMrS] Checking offline messages for client
[2025-07-14 20:17:56] [ysW/aQl8iyBVlyF2zuKyR7QwRZU=] [SeniorMrS] No offline messages found
[2025-07-14 20:21:14] [BEg2/olv1HHNvUSRHS+tb2VFbnw=] [lilja] Checking offline messages for client
[2025-07-14 20:21:14] [BEg2/olv1HHNvUSRHS+tb2VFbnw=] [lilja] No offline messages found
[2025-07-14 20:27:30] [K2HiGZ6DHKr+xxANngHd25Rgwk8=] [Saitama] Checking offline messages for client
[2025-07-14 20:27:30] [K2HiGZ6DHKr+xxANngHd25Rgwk8=] [Saitama] No offline messages found
[2025-07-14 20:34:42] [ZHhmDggz3VwfoYkIbpY10+9eA5o=] [zhi est'] Checking offline messages for client
[2025-07-14 20:34:42] [ZHhmDggz3VwfoYkIbpY10+9eA5o=] [zhi est'] No offline messages found
[2025-07-14 20:35:20] [NL9Qv92QsIE2fg4917z1sXZ8eow=] [Wizzi] Checking offline messages for client
[2025-07-14 20:35:20] [NL9Qv92QsIE2fg4917z1sXZ8eow=] [Wizzi] No offline messages found
[2025-07-14 20:35:28] [vs+7gbTKwu+h+XgDI2qVApOBkfk=] [Viko(ع)] Checking offline messages for client
[2025-07-14 20:35:28] [vs+7gbTKwu+h+XgDI2qVApOBkfk=] [Viko(ع)] No offline messages found
[2025-07-14 20:36:52] [3El8Af8khtUw3r7evsMzWALuswM=] [montesiao] Checking offline messages for client
[2025-07-14 20:36:52] [3El8Af8khtUw3r7evsMzWALuswM=] [montesiao] No offline messages found
[2025-07-14 20:37:35] [3wfCbZork1r8h4aDgIW1hfWE0YA=] [SNAC-Ahmet] Checking offline messages for client
[2025-07-14 20:37:35] [3wfCbZork1r8h4aDgIW1hfWE0YA=] [SNAC-Ahmet] No offline messages found
[2025-07-14 20:37:39] [7K88lTC1r0bjdFoq/jOaMIdabNY=] [Pryanya] Checking offline messages for client
[2025-07-14 20:37:39] [7K88lTC1r0bjdFoq/jOaMIdabNY=] [Pryanya] No offline messages found
[2025-07-14 20:38:49] [7OPNxHcTHSq+znXytBlDRPU74IQ=] [NaiRoD] Checking offline messages for client
[2025-07-14 20:38:49] [7OPNxHcTHSq+znXytBlDRPU74IQ=] [NaiRoD] No offline messages found
[2025-07-14 20:41:33] [N3sdgECOuAq9updYbYKI20ij7vw=] [Tancsii] Checking offline messages for client
[2025-07-14 20:41:33] [N3sdgECOuAq9updYbYKI20ij7vw=] [Tancsii] No offline messages found
[2025-07-14 20:42:14] [K2HiGZ6DHKr+xxANngHd25Rgwk8=] [Saitama] Checking offline messages for client
[2025-07-14 20:42:14] [K2HiGZ6DHKr+xxANngHd25Rgwk8=] [Saitama] No offline messages found
[2025-07-14 20:43:10] [3wfCbZork1r8h4aDgIW1hfWE0YA=] [SNAC-Ahmet] Checking offline messages for client
[2025-07-14 20:43:10] [3wfCbZork1r8h4aDgIW1hfWE0YA=] [SNAC-Ahmet] No offline messages found
[2025-07-14 20:44:34] [3wfCbZork1r8h4aDgIW1hfWE0YA=] [SNAC-Ahmet] Checking offline messages for client
[2025-07-14 20:44:34] [3wfCbZork1r8h4aDgIW1hfWE0YA=] [SNAC-Ahmet] No offline messages found
[2025-07-14 20:45:31] [raAePR7lHPhNIRleevueRUQgaPg=] [Seyit] Checking offline messages for client
[2025-07-14 20:45:31] [raAePR7lHPhNIRleevueRUQgaPg=] [Seyit] No offline messages found
[2025-07-14 20:46:16] [ow+Zi/O4SnJIvwHosoZ7zIvOOK8=] [shinigami] Checking offline messages for client
[2025-07-14 20:46:16] [ow+Zi/O4SnJIvwHosoZ7zIvOOK8=] [shinigami] No offline messages found
[2025-07-14 20:47:46] [2Lx63FxcyvHlLbs3Khbo5bJe6mY=] [Last] Checking offline messages for client
[2025-07-14 20:47:46] [2Lx63FxcyvHlLbs3Khbo5bJe6mY=] [Last] No offline messages found
[2025-07-14 20:49:54] [hUjMcppeZYeQG89H1ehSTqHW6iQ=] [Hydrastarke] Checking offline messages for client
[2025-07-14 20:49:54] [hUjMcppeZYeQG89H1ehSTqHW6iQ=] [Hydrastarke] No offline messages found
[2025-07-14 20:50:04] [hnH8Pkux3Af6xG46f+oe81jVdcA=] [-EscA`#] Checking offline messages for client
[2025-07-14 20:50:04] [hnH8Pkux3Af6xG46f+oe81jVdcA=] [-EscA`#] No offline messages found
[2025-07-14 20:51:24] [yNFUjD+LJEqojKPPlPGtCAVEYRU=] [Боцман777] Checking offline messages for client
[2025-07-14 20:51:24] [yNFUjD+LJEqojKPPlPGtCAVEYRU=] [Боцман777] No offline messages found
[2025-07-14 20:51:48] [XUq6lat2sP336FLybn+Od5CLO5Q=] [TeamSpeakUser2] Checking offline messages for client
[2025-07-14 20:51:48] [XUq6lat2sP336FLybn+Od5CLO5Q=] [TeamSpeakUser2] No offline messages found
[2025-07-14 20:52:00] [1jD6BsuNq1nN3foaBQiuVo2Lak0=] [Lucifer] Checking offline messages for client
[2025-07-14 20:52:00] [1jD6BsuNq1nN3foaBQiuVo2Lak0=] [Lucifer] No offline messages found
[2025-07-14 20:52:31] [XUq6lat2sP336FLybn+Od5CLO5Q=] [RABOTES] Checking offline messages for client
[2025-07-14 20:52:31] [XUq6lat2sP336FLybn+Od5CLO5Q=] [RABOTES] No offline messages found
[2025-07-14 20:54:47] [Rx4WEolIGYkmCQIYX25ajWiwvw4=] [Name] Checking offline messages for client
[2025-07-14 20:54:47] [Rx4WEolIGYkmCQIYX25ajWiwvw4=] [Name] No offline messages found
[2025-07-14 20:55:27] [qqTwrEbfD5tEifesTvr86drlnsU=] [Argonaft] Checking offline messages for client
[2025-07-14 20:55:27] [qqTwrEbfD5tEifesTvr86drlnsU=] [Argonaft] No offline messages found
[2025-07-14 20:56:59] [3wfCbZork1r8h4aDgIW1hfWE0YA=] [SNAC-Ahmet] Checking offline messages for client
[2025-07-14 20:56:59] [3wfCbZork1r8h4aDgIW1hfWE0YA=] [SNAC-Ahmet] No offline messages found
[2025-07-14 20:57:18] [7K88lTC1r0bjdFoq/jOaMIdabNY=] [Pryanya] Checking offline messages for client
[2025-07-14 20:57:18] [7K88lTC1r0bjdFoq/jOaMIdabNY=] [Pryanya] No offline messages found
[2025-07-14 21:02:52] [JxcNWEAOyQCP/fdSjATnZXtX/yo=] [k479pul74] Checking offline messages for client
[2025-07-14 21:02:52] [JxcNWEAOyQCP/fdSjATnZXtX/yo=] [k479pul74] No offline messages found
[2025-07-14 21:05:38] [6QTSVZJXFWVj3iE7IzR5O0qjvAA=] [Maprhendil] Checking offline messages for client
[2025-07-14 21:05:38] [6QTSVZJXFWVj3iE7IzR5O0qjvAA=] [Maprhendil] No offline messages found
[2025-07-14 21:06:04] [MQ3mzkgPKf3CSM++TDpopXnLpzs=] [clamoris] Checking offline messages for client
[2025-07-14 21:06:04] [MQ3mzkgPKf3CSM++TDpopXnLpzs=] [clamoris] No offline messages found
[2025-07-14 21:06:31] [gG1oBRi3+8CgJ8uMTW67Gez39O4=] [R6M4IN] Checking offline messages for client
[2025-07-14 21:06:31] [gG1oBRi3+8CgJ8uMTW67Gez39O4=] [R6M4IN] No offline messages found
[2025-07-14 21:08:07] [0pfL6k6+uhY3YJUK1FucX6agAV8=] [MC durak] Checking offline messages for client
[2025-07-14 21:08:07] [0pfL6k6+uhY3YJUK1FucX6agAV8=] [MC durak] No offline messages found
[2025-07-14 21:08:37] [XUq6lat2sP336FLybn+Od5CLO5Q=] [RABOTES] Checking offline messages for client
[2025-07-14 21:08:37] [XUq6lat2sP336FLybn+Od5CLO5Q=] [RABOTES] No offline messages found
[2025-07-14 21:09:08] [raAePR7lHPhNIRleevueRUQgaPg=] [Seyit] Checking offline messages for client
[2025-07-14 21:09:08] [raAePR7lHPhNIRleevueRUQgaPg=] [Seyit] No offline messages found
[2025-07-14 21:11:45] [RBwh+hLI7qM/5sBbq4UPaExpE30=] [Druid Сrow 🦅] Checking offline messages for client
[2025-07-14 21:11:45] [RBwh+hLI7qM/5sBbq4UPaExpE30=] [Druid Сrow 🦅] No offline messages found
[2025-07-14 21:17:58] [czJq8VhqlxMm/zy39XTQ+Np/v1c=] [Manwe] Checking offline messages for client
[2025-07-14 21:17:58] [czJq8VhqlxMm/zy39XTQ+Np/v1c=] [Manwe] No offline messages found
[2025-07-14 21:18:28] [mgYwRbcyydNZq/21AJsjLsv4lb8=] [Alliansic] Checking offline messages for client
[2025-07-14 21:18:28] [mgYwRbcyydNZq/21AJsjLsv4lb8=] [Alliansic] No offline messages found
[2025-07-14 21:21:04] [SBv8POQ/KbJEokJuPb4wsFePAa4=] [ilan] Checking offline messages for client
[2025-07-14 21:21:04] [SBv8POQ/KbJEokJuPb4wsFePAa4=] [ilan] No offline messages found
[2025-07-14 21:21:38] [MZWgndUXO6A0YcVlmWyBE1rQlnY=] [Musto] Checking offline messages for client
[2025-07-14 21:21:38] [MZWgndUXO6A0YcVlmWyBE1rQlnY=] [Musto] No offline messages found
[2025-07-14 21:21:54] [rtdUFV+2q6gMB7LIOA5+y8SqhBY=] [mevlutozkara] Checking offline messages for client
[2025-07-14 21:21:54] [rtdUFV+2q6gMB7LIOA5+y8SqhBY=] [mevlutozkara] No offline messages found
[2025-07-14 21:27:22] [0Z2wqQcTx0kpb/KIf+NPkyv4b60=] [-W1LLL] Checking offline messages for client
[2025-07-14 21:27:22] [0Z2wqQcTx0kpb/KIf+NPkyv4b60=] [-W1LLL] No offline messages found
[2025-07-14 21:28:38] [cm+zDw/4zDuQN120Qa8q1mW/fIQ=] [hudabin] Checking offline messages for client
[2025-07-14 21:28:38] [cm+zDw/4zDuQN120Qa8q1mW/fIQ=] [hudabin] No offline messages found
[2025-07-14 21:28:44] [Tl3Bg1zFfrOJ+IRWyJh5UAIJ+5o=] [Efkeyy] Checking offline messages for client
[2025-07-14 21:28:44] [Tl3Bg1zFfrOJ+IRWyJh5UAIJ+5o=] [Efkeyy] No offline messages found
[2025-07-14 21:32:04] [3tTVUlVrAcXStl28dJ97Er3NypE=] [VOLK] Checking offline messages for client
[2025-07-14 21:32:04] [3tTVUlVrAcXStl28dJ97Er3NypE=] [VOLK] No offline messages found
[2025-07-14 21:32:51] [Z3dqFL90itQUOdirlz2x1TyvA1s=] [Victuziin] Checking offline messages for client
[2025-07-14 21:32:51] [Z3dqFL90itQUOdirlz2x1TyvA1s=] [Victuziin] No offline messages found
[2025-07-14 21:34:19] [pUCIpssKzbEhYAmtB8xcuFXcEsU=] [mostafa] Checking offline messages for client
[2025-07-14 21:34:19] [pUCIpssKzbEhYAmtB8xcuFXcEsU=] [mostafa] No offline messages found
[2025-07-14 21:34:34] [Sf5+Phx4Py/NxePyYOrlHzJ0vJw=] [sasha] Checking offline messages for client
[2025-07-14 21:34:34] [Sf5+Phx4Py/NxePyYOrlHzJ0vJw=] [sasha] No offline messages found
[2025-07-14 21:35:16] [0XIPokUUTEkn00muYiwnSCQJ4wM=] [credolls] Checking offline messages for client
[2025-07-14 21:35:16] [0XIPokUUTEkn00muYiwnSCQJ4wM=] [credolls] No offline messages found
[2025-07-14 21:36:10] [mWSAiqY7b9z9A7QoOP0uSvoVr/A=] [SmaD] Checking offline messages for client
[2025-07-14 21:36:10] [mWSAiqY7b9z9A7QoOP0uSvoVr/A=] [SmaD] No offline messages found
[2025-07-14 21:36:12] [WUFbI2wm1TirPkulhTRESNYToW0=] [sajjad] Checking offline messages for client
[2025-07-14 21:36:12] [WUFbI2wm1TirPkulhTRESNYToW0=] [sajjad] No offline messages found
[2025-07-14 21:37:24] [EtYO//IjxE1UrGgiT9ZEhibh8ws=] [pandah98] Checking offline messages for client
[2025-07-14 21:37:24] [EtYO//IjxE1UrGgiT9ZEhibh8ws=] [pandah98] No offline messages found
[2025-07-14 21:39:33] [pa4EomUE5xzFSB9tc7CilmX3NTU=] [Imprii] Checking offline messages for client
[2025-07-14 21:39:33] [pa4EomUE5xzFSB9tc7CilmX3NTU=] [Imprii] No offline messages found
[2025-07-14 21:40:15] [/paoPeDO7Sw3DPisftzEeJfXp+Y=] [J4M4L] Checking offline messages for client
[2025-07-14 21:40:15] [/paoPeDO7Sw3DPisftzEeJfXp+Y=] [J4M4L] No offline messages found
[2025-07-14 21:40:41] [4Trzz2r9looYqjT6W05btyo3lzs=] [ridzazz] Checking offline messages for client
[2025-07-14 21:40:41] [4Trzz2r9looYqjT6W05btyo3lzs=] [ridzazz] No offline messages found
[2025-07-14 21:41:10] [BCgsZf9rkObhFtBm94XoYuf5F/Y=] [ayz1n] Checking offline messages for client
[2025-07-14 21:41:10] [BCgsZf9rkObhFtBm94XoYuf5F/Y=] [ayz1n] No offline messages found
[2025-07-14 21:41:40] [6n/nlxL7CTtf0tVytkRkqsOyzwM=] [Barış] Checking offline messages for client
[2025-07-14 21:41:40] [6n/nlxL7CTtf0tVytkRkqsOyzwM=] [Barış] No offline messages found
[2025-07-14 21:43:30] [qCQuK6Is+deAhN2xl/XspjIz8xY=] [Faith] Checking offline messages for client
[2025-07-14 21:43:30] [qCQuK6Is+deAhN2xl/XspjIz8xY=] [Faith] No offline messages found
[2025-07-14 21:44:04] [a2zatR5pBC21FBqjKghzYWuyV2Q=] [raf] Checking offline messages for client
[2025-07-14 21:44:04] [a2zatR5pBC21FBqjKghzYWuyV2Q=] [raf] No offline messages found
[2025-07-14 21:44:22] [CivIdqvdtxSJX+mCOeU13yota9Y=] [digitalmix] Checking offline messages for client
[2025-07-14 21:44:22] [CivIdqvdtxSJX+mCOeU13yota9Y=] [digitalmix] No offline messages found
[2025-07-14 21:45:53] [h+S6vTapLiHLu/QXW+Wv622o2KE=] [Bone] Checking offline messages for client
[2025-07-14 21:45:53] [h+S6vTapLiHLu/QXW+Wv622o2KE=] [Bone] No offline messages found
[2025-07-14 21:46:04] [qTbiuLvuv0AOhjUmVX+VILte18g=] [sadfay] Checking offline messages for client
[2025-07-14 21:46:04] [qTbiuLvuv0AOhjUmVX+VILte18g=] [sadfay] No offline messages found
[2025-07-14 21:46:49] [/o8pqMqjRWAMMg8cPSsOifVtYg4=] [ALİ] Checking offline messages for client
[2025-07-14 21:46:49] [/o8pqMqjRWAMMg8cPSsOifVtYg4=] [ALİ] No offline messages found
[2025-07-14 21:46:58] [Di2MaUkDvWG/4yTOmNqIBWAhaIM=] [astraiser] Checking offline messages for client
[2025-07-14 21:46:58] [Di2MaUkDvWG/4yTOmNqIBWAhaIM=] [astraiser] No offline messages found
[2025-07-14 21:47:16] [1nHWWpwvoZf+IGl6BaPDK6nG9mg=] [FataL1Day] Checking offline messages for client
[2025-07-14 21:47:16] [1nHWWpwvoZf+IGl6BaPDK6nG9mg=] [FataL1Day] No offline messages found
[2025-07-14 21:47:40] [MCH5CUuHw7qLHVegyroS34EN/pQ=] [PastA1] Checking offline messages for client
[2025-07-14 21:47:40] [MCH5CUuHw7qLHVegyroS34EN/pQ=] [PastA1] No offline messages found
[2025-07-14 21:48:17] [fammZs0AtZ2Gen/DGp0R9vDBYLY=] [Yanlız Adam] Checking offline messages for client
[2025-07-14 21:48:17] [fammZs0AtZ2Gen/DGp0R9vDBYLY=] [Yanlız Adam] No offline messages found
[2025-07-14 21:49:40] [HH9pMWXk+qbWzAZZBN5MjixTURo=] [éclatax] Checking offline messages for client
[2025-07-14 21:49:40] [HH9pMWXk+qbWzAZZBN5MjixTURo=] [éclatax] No offline messages found
[2025-07-14 21:50:56] [h+S6vTapLiHLu/QXW+Wv622o2KE=] [Bone] Checking offline messages for client
[2025-07-14 21:50:56] [h+S6vTapLiHLu/QXW+Wv622o2KE=] [Bone] No offline messages found
[2025-07-14 21:51:06] [SBv8POQ/KbJEokJuPb4wsFePAa4=] [ilan] Checking offline messages for client
[2025-07-14 21:51:06] [SBv8POQ/KbJEokJuPb4wsFePAa4=] [ilan] No offline messages found
[2025-07-14 21:55:19] [g95LkcovmlDSBBJIdmdv0zN6QBs=] [baysikimdeğil] Checking offline messages for client
[2025-07-14 21:55:19] [g95LkcovmlDSBBJIdmdv0zN6QBs=] [baysikimdeğil] No offline messages found
[2025-07-14 21:56:47] [g95LkcovmlDSBBJIdmdv0zN6QBs=] [baysikimdeğil] Checking offline messages for client
[2025-07-14 21:56:47] [g95LkcovmlDSBBJIdmdv0zN6QBs=] [baysikimdeğil] No offline messages found
[2025-07-14 21:57:29] [g372sfJKbdXlWEl/MP1y2x1X1Dw=] [fds] Checking offline messages for client
[2025-07-14 21:57:29] [g372sfJKbdXlWEl/MP1y2x1X1Dw=] [fds] No offline messages found
[2025-07-14 21:58:41] [g95LkcovmlDSBBJIdmdv0zN6QBs=] [baysikimdeğil] Checking offline messages for client
[2025-07-14 21:58:41] [g95LkcovmlDSBBJIdmdv0zN6QBs=] [baysikimdeğil] No offline messages found
[2025-07-14 22:00:54] [t31curkqcBIW+Mm1lFuXP/STLZo=] [1nemanjaves] Checking offline messages for client
[2025-07-14 22:00:54] [t31curkqcBIW+Mm1lFuXP/STLZo=] [1nemanjaves] No offline messages found
[2025-07-14 22:01:56] [g95LkcovmlDSBBJIdmdv0zN6QBs=] [baysikimdeğil] Checking offline messages for client
[2025-07-14 22:01:56] [g95LkcovmlDSBBJIdmdv0zN6QBs=] [baysikimdeğil] No offline messages found
[2025-07-14 22:01:56] [g95LkcovmlDSBBJIdmdv0zN6QBs=] [baysikimdeğil] Checking offline messages for client
[2025-07-14 22:01:56] [g95LkcovmlDSBBJIdmdv0zN6QBs=] [baysikimdeğil] No offline messages found
[2025-07-14 22:01:56] [g95LkcovmlDSBBJIdmdv0zN6QBs=] [baysikimdeğil] Checking offline messages for client
[2025-07-14 22:01:56] [g95LkcovmlDSBBJIdmdv0zN6QBs=] [baysikimdeğil] No offline messages found
[2025-07-14 22:05:35] [voHeS+9vDrKsqr51INkaIih9KlI=] [Cyborg] Checking offline messages for client
[2025-07-14 22:05:35] [voHeS+9vDrKsqr51INkaIih9KlI=] [Cyborg] No offline messages found
[2025-07-14 22:05:38] [tBhk9cUC4Ww80DieYR7vYt3MhRM=] [gholab] Checking offline messages for client
[2025-07-14 22:05:38] [tBhk9cUC4Ww80DieYR7vYt3MhRM=] [gholab] No offline messages found
[2025-07-14 22:05:39] [g95LkcovmlDSBBJIdmdv0zN6QBs=] [baysikimdeğil] Checking offline messages for client
[2025-07-14 22:05:39] [g95LkcovmlDSBBJIdmdv0zN6QBs=] [baysikimdeğil] No offline messages found
[2025-07-14 22:13:40] [L7qRovRf/7UBeW38ly75ngISmrA=] [emirhnxnn] Checking offline messages for client
[2025-07-14 22:13:40] [L7qRovRf/7UBeW38ly75ngISmrA=] [emirhnxnn] No offline messages found
[2025-07-14 22:14:15] [otx+oFZHI0+5nWic0kiHwBENnrI=] [Arturito] Checking offline messages for client
[2025-07-14 22:14:15] [otx+oFZHI0+5nWic0kiHwBENnrI=] [Arturito] No offline messages found
[2025-07-14 22:15:36] [TduOE1ZX2E3RqrtnRBfKon2MbVI=] [myarz] Checking offline messages for client
[2025-07-14 22:15:36] [TduOE1ZX2E3RqrtnRBfKon2MbVI=] [myarz] No offline messages found
[2025-07-14 22:16:02] [fO9bJXwQz8s0AHyTVAhCFbKO7GI=] [EDG3] Checking offline messages for client
[2025-07-14 22:16:02] [fO9bJXwQz8s0AHyTVAhCFbKO7GI=] [EDG3] No offline messages found
[2025-07-14 22:16:02] [fO9bJXwQz8s0AHyTVAhCFbKO7GI=] [EDG3] Checking offline messages for client
[2025-07-14 22:16:02] [fO9bJXwQz8s0AHyTVAhCFbKO7GI=] [EDG3] No offline messages found
[2025-07-14 22:16:03] [fO9bJXwQz8s0AHyTVAhCFbKO7GI=] [EDG3] Checking offline messages for client
[2025-07-14 22:16:03] [fO9bJXwQz8s0AHyTVAhCFbKO7GI=] [EDG3] No offline messages found
[2025-07-14 22:19:45] [q5wdHXdhpr7Oc//EqCvbwn0CVZY=] [Malheiro] Checking offline messages for client
[2025-07-14 22:19:45] [q5wdHXdhpr7Oc//EqCvbwn0CVZY=] [Malheiro] No offline messages found
[2025-07-14 22:22:06] [d/2RYNlm5B/Nn3BBGjS8/8tretA=] [LaPt] Checking offline messages for client
[2025-07-14 22:22:06] [d/2RYNlm5B/Nn3BBGjS8/8tretA=] [LaPt] No offline messages found
[2025-07-14 22:22:59] [SugbFWoGEjTstbkedjT/7/CaoL4=] [ak24aa] Checking offline messages for client
[2025-07-14 22:22:59] [SugbFWoGEjTstbkedjT/7/CaoL4=] [ak24aa] No offline messages found
[2025-07-14 22:23:24] [AdcKqrulbZVjMWa7uJsFB9cURzw=] [WeedLover] Checking offline messages for client
[2025-07-14 22:23:24] [AdcKqrulbZVjMWa7uJsFB9cURzw=] [WeedLover] No offline messages found
[2025-07-14 22:24:54] [XxdRjIk6IaLuhnA5Ej9/bVAa9yk=] [arshiast] Checking offline messages for client
[2025-07-14 22:24:54] [XxdRjIk6IaLuhnA5Ej9/bVAa9yk=] [arshiast] No offline messages found
[2025-07-14 22:26:10] [103NpgSMbA6VWxysX3UIH+x6Soo=] [kiesik98] Checking offline messages for client
[2025-07-14 22:26:10] [103NpgSMbA6VWxysX3UIH+x6Soo=] [kiesik98] No offline messages found
[2025-07-14 22:26:12] [SugbFWoGEjTstbkedjT/7/CaoL4=] [ak24aa] Checking offline messages for client
[2025-07-14 22:26:12] [SugbFWoGEjTstbkedjT/7/CaoL4=] [ak24aa] No offline messages found
[2025-07-14 22:28:44] [PZhbTMbM8NFkjMmLpRDR81hHjls=] [xtatic] Checking offline messages for client
[2025-07-14 22:28:44] [PZhbTMbM8NFkjMmLpRDR81hHjls=] [xtatic] No offline messages found
[2025-07-14 22:29:09] [qlSKdTD4yWjZTDUIId3QZ7ZZTh4=] [nima] Checking offline messages for client
[2025-07-14 22:29:09] [qlSKdTD4yWjZTDUIId3QZ7ZZTh4=] [nima] No offline messages found
[2025-07-14 22:29:37] [cTD17OIfk/hrp2OpewjFGlpa2mk=] [TeamSpeakUser13] Checking offline messages for client
[2025-07-14 22:29:37] [cTD17OIfk/hrp2OpewjFGlpa2mk=] [TeamSpeakUser13] No offline messages found
[2025-07-14 22:30:26] [SugbFWoGEjTstbkedjT/7/CaoL4=] [ak24aa] Checking offline messages for client
[2025-07-14 22:30:26] [SugbFWoGEjTstbkedjT/7/CaoL4=] [ak24aa] No offline messages found
[2025-07-14 22:30:29] [PAzL0uZNnHLhKzYmOOPOq6SiQZA=] [1nF0s] Checking offline messages for client
[2025-07-14 22:30:29] [PAzL0uZNnHLhKzYmOOPOq6SiQZA=] [1nF0s] No offline messages found
[2025-07-14 22:32:30] [AdcKqrulbZVjMWa7uJsFB9cURzw=] [WeedLover] Checking offline messages for client
[2025-07-14 22:32:30] [AdcKqrulbZVjMWa7uJsFB9cURzw=] [WeedLover] No offline messages found
[2025-07-14 22:33:49] [ks+AEc48KqR7JPZGkTTCxiL5nXs=] [lilam1n] Checking offline messages for client
[2025-07-14 22:33:49] [ks+AEc48KqR7JPZGkTTCxiL5nXs=] [lilam1n] No offline messages found
[2025-07-14 22:34:49] [zCm5oaE55YbLbRBdGoA4vH1gUz0=] [siso] Checking offline messages for client
[2025-07-14 22:34:49] [zCm5oaE55YbLbRBdGoA4vH1gUz0=] [siso] No offline messages found
[2025-07-14 22:39:12] [ks+AEc48KqR7JPZGkTTCxiL5nXs=] [lilam1n] Checking offline messages for client
[2025-07-14 22:39:12] [ks+AEc48KqR7JPZGkTTCxiL5nXs=] [lilam1n] No offline messages found
[2025-07-14 22:41:27] [ysW/aQl8iyBVlyF2zuKyR7QwRZU=] [SeniorMrS] Checking offline messages for client
[2025-07-14 22:41:27] [ysW/aQl8iyBVlyF2zuKyR7QwRZU=] [SeniorMrS] No offline messages found
[2025-07-14 22:42:04] [7K88lTC1r0bjdFoq/jOaMIdabNY=] [Pryanya] Checking offline messages for client
[2025-07-14 22:42:04] [7K88lTC1r0bjdFoq/jOaMIdabNY=] [Pryanya] No offline messages found
[2025-07-14 22:42:05] [zCm5oaE55YbLbRBdGoA4vH1gUz0=] [siso] Checking offline messages for client
[2025-07-14 22:42:05] [zCm5oaE55YbLbRBdGoA4vH1gUz0=] [siso] No offline messages found
[2025-07-14 22:44:42] [Ca1vbbchNomQf16vn8ngPZ9MXVI=] [amir] Checking offline messages for client
[2025-07-14 22:44:42] [Ca1vbbchNomQf16vn8ngPZ9MXVI=] [amir] No offline messages found
[2025-07-14 22:47:49] [vBunIuYQQMKMaHgZOqqlKMoIRT8=] [dillinger] Checking offline messages for client
[2025-07-14 22:47:49] [vBunIuYQQMKMaHgZOqqlKMoIRT8=] [dillinger] No offline messages found
[2025-07-14 22:48:10] [g95LkcovmlDSBBJIdmdv0zN6QBs=] [baysikimdeğil] Checking offline messages for client
[2025-07-14 22:48:10] [g95LkcovmlDSBBJIdmdv0zN6QBs=] [baysikimdeğil] No offline messages found
[2025-07-14 22:49:18] [qQE/h4Dj4T5WaAMgAFtXauAusk8=] [fam0us] Checking offline messages for client
[2025-07-14 22:49:18] [qQE/h4Dj4T5WaAMgAFtXauAusk8=] [fam0us] No offline messages found
[2025-07-14 22:49:51] [voHeS+9vDrKsqr51INkaIih9KlI=] [Cyborg] Checking offline messages for client
[2025-07-14 22:49:51] [voHeS+9vDrKsqr51INkaIih9KlI=] [Cyborg] No offline messages found
[2025-07-14 22:51:09] [qQE/h4Dj4T5WaAMgAFtXauAusk8=] [fam0us] Checking offline messages for client
[2025-07-14 22:51:09] [qQE/h4Dj4T5WaAMgAFtXauAusk8=] [fam0us] No offline messages found
[2025-07-14 22:51:12] [qQE/h4Dj4T5WaAMgAFtXauAusk8=] [fam0us] Checking offline messages for client
[2025-07-14 22:51:12] [qQE/h4Dj4T5WaAMgAFtXauAusk8=] [fam0us] No offline messages found
[2025-07-14 22:51:20] [nYYlWUs5YkYKnWWsLhHJIhbnlmA=] [HanS] Checking offline messages for client
[2025-07-14 22:51:20] [nYYlWUs5YkYKnWWsLhHJIhbnlmA=] [HanS] No offline messages found
[2025-07-14 22:51:26] [GaY291d+ldyp9qRkC0cdDWK9mIg=] [indig0] Checking offline messages for client
[2025-07-14 22:51:26] [GaY291d+ldyp9qRkC0cdDWK9mIg=] [indig0] No offline messages found
[2025-07-14 22:52:15] [8Q/mFssDJ3+RHTNOMX3dGuE0+Fs=] [aleksa] Checking offline messages for client
[2025-07-14 22:52:15] [8Q/mFssDJ3+RHTNOMX3dGuE0+Fs=] [aleksa] No offline messages found
[2025-07-14 22:53:20] [2Wwp3OUfYmW1YS0CcQ4xw15CjCs=] [krsto] Checking offline messages for client
[2025-07-14 22:53:20] [2Wwp3OUfYmW1YS0CcQ4xw15CjCs=] [krsto] No offline messages found
[2025-07-14 22:53:48] [C6L4VUJ4HuBj9yo1gI1YVUr+6Ns=] [Brzak] Checking offline messages for client
[2025-07-14 22:53:48] [C6L4VUJ4HuBj9yo1gI1YVUr+6Ns=] [Brzak] No offline messages found
[2025-07-14 22:53:59] [tBhk9cUC4Ww80DieYR7vYt3MhRM=] [gholab] Checking offline messages for client
[2025-07-14 22:53:59] [tBhk9cUC4Ww80DieYR7vYt3MhRM=] [gholab] No offline messages found
[2025-07-14 22:56:15] [+vVe9y7KDRV9mBOqgGxIE3TldlI=] [Fullfunny] Checking offline messages for client
[2025-07-14 22:56:15] [+vVe9y7KDRV9mBOqgGxIE3TldlI=] [Fullfunny] No offline messages found
[2025-07-14 22:57:41] [RN5q34hvf046r4qme1+T2IWlORI=] [maksik] Checking offline messages for client
[2025-07-14 22:57:41] [RN5q34hvf046r4qme1+T2IWlORI=] [maksik] No offline messages found
[2025-07-14 23:00:22] [Lsr+tsEb+H5M7bKYkwMEXnsLd6w=] [HerŞeyAlınmışAmk] Checking offline messages for client
[2025-07-14 23:00:22] [Lsr+tsEb+H5M7bKYkwMEXnsLd6w=] [HerŞeyAlınmışAmk] No offline messages found
[2025-07-14 23:07:12] [voHeS+9vDrKsqr51INkaIih9KlI=] [Cyborg] Checking offline messages for client
[2025-07-14 23:07:12] [voHeS+9vDrKsqr51INkaIih9KlI=] [Cyborg] No offline messages found
[2025-07-14 23:08:17] [g95LkcovmlDSBBJIdmdv0zN6QBs=] [baysikimdeğil] Checking offline messages for client
[2025-07-14 23:08:17] [g95LkcovmlDSBBJIdmdv0zN6QBs=] [baysikimdeğil] No offline messages found
[2025-07-14 23:08:41] [+akmOQJCA9SuI55JoAWl8G16SY8=] [devl] Checking offline messages for client
[2025-07-14 23:08:41] [+akmOQJCA9SuI55JoAWl8G16SY8=] [devl] No offline messages found
[2025-07-14 23:08:48] [ofp0lC8aE44wL4Ooasojs98NL70=] [miz-miz] Checking offline messages for client
[2025-07-14 23:08:48] [ofp0lC8aE44wL4Ooasojs98NL70=] [miz-miz] No offline messages found
[2025-07-14 23:09:08] [S4C16tnQy9iWtBwvs/NaHEMdLRM=] [Vito] Checking offline messages for client
[2025-07-14 23:09:08] [S4C16tnQy9iWtBwvs/NaHEMdLRM=] [Vito] No offline messages found
[2025-07-14 23:09:19] [g95LkcovmlDSBBJIdmdv0zN6QBs=] [baysikimdeğil] Checking offline messages for client
[2025-07-14 23:09:19] [g95LkcovmlDSBBJIdmdv0zN6QBs=] [baysikimdeğil] No offline messages found
[2025-07-14 23:10:03] [voHeS+9vDrKsqr51INkaIih9KlI=] [Cyborg] Checking offline messages for client
[2025-07-14 23:10:03] [voHeS+9vDrKsqr51INkaIih9KlI=] [Cyborg] No offline messages found
[2025-07-14 23:10:40] [24EkewZtTa85lPq6oDSYYo9p6Yg=] [beytula] Checking offline messages for client
[2025-07-14 23:10:40] [24EkewZtTa85lPq6oDSYYo9p6Yg=] [beytula] No offline messages found
[2025-07-14 23:15:36] [vs+7gbTKwu+h+XgDI2qVApOBkfk=] [Viko(ع)] Checking offline messages for client
[2025-07-14 23:15:36] [vs+7gbTKwu+h+XgDI2qVApOBkfk=] [Viko(ع)] No offline messages found
[2025-07-14 23:16:28] [fammZs0AtZ2Gen/DGp0R9vDBYLY=] [Yanlız Adam] Checking offline messages for client
[2025-07-14 23:16:28] [fammZs0AtZ2Gen/DGp0R9vDBYLY=] [Yanlız Adam] No offline messages found
[2025-07-14 23:16:51] [vs+7gbTKwu+h+XgDI2qVApOBkfk=] [Viko(ع)] Checking offline messages for client
[2025-07-14 23:16:51] [vs+7gbTKwu+h+XgDI2qVApOBkfk=] [Viko(ع)] No offline messages found
[2025-07-14 23:21:15] [RN5q34hvf046r4qme1+T2IWlORI=] [maksik] Checking offline messages for client
[2025-07-14 23:21:15] [RN5q34hvf046r4qme1+T2IWlORI=] [maksik] No offline messages found
[2025-07-14 23:21:28] [voHeS+9vDrKsqr51INkaIih9KlI=] [Cyborg] Checking offline messages for client
[2025-07-14 23:21:28] [voHeS+9vDrKsqr51INkaIih9KlI=] [Cyborg] No offline messages found
[2025-07-14 23:22:35] [g95LkcovmlDSBBJIdmdv0zN6QBs=] [baysikimdeğil] Checking offline messages for client
[2025-07-14 23:22:35] [g95LkcovmlDSBBJIdmdv0zN6QBs=] [baysikimdeğil] No offline messages found
[2025-07-14 23:23:45] [w6PNozwE3hiJ9vcTIkER64disyw=] [TeamSpeakUser1] Checking offline messages for client
[2025-07-14 23:23:45] [w6PNozwE3hiJ9vcTIkER64disyw=] [TeamSpeakUser1] No offline messages found
[2025-07-14 23:24:37] [voHeS+9vDrKsqr51INkaIih9KlI=] [Cyborg] Checking offline messages for client
[2025-07-14 23:24:37] [voHeS+9vDrKsqr51INkaIih9KlI=] [Cyborg] No offline messages found
[2025-07-14 23:25:33] [rtdUFV+2q6gMB7LIOA5+y8SqhBY=] [mevlutozkara] Checking offline messages for client
[2025-07-14 23:25:33] [rtdUFV+2q6gMB7LIOA5+y8SqhBY=] [mevlutozkara] No offline messages found
[2025-07-14 23:25:41] [voHeS+9vDrKsqr51INkaIih9KlI=] [Cyborg] Checking offline messages for client
[2025-07-14 23:25:41] [voHeS+9vDrKsqr51INkaIih9KlI=] [Cyborg] No offline messages found
[2025-07-14 23:25:44] [voHeS+9vDrKsqr51INkaIih9KlI=] [Cyborg] Checking offline messages for client
[2025-07-14 23:25:44] [voHeS+9vDrKsqr51INkaIih9KlI=] [Cyborg] No offline messages found
[2025-07-14 23:25:45] [voHeS+9vDrKsqr51INkaIih9KlI=] [Cyborg] Checking offline messages for client
[2025-07-14 23:25:45] [voHeS+9vDrKsqr51INkaIih9KlI=] [Cyborg] No offline messages found
[2025-07-14 23:25:46] [voHeS+9vDrKsqr51INkaIih9KlI=] [Cyborg] Checking offline messages for client
[2025-07-14 23:25:46] [voHeS+9vDrKsqr51INkaIih9KlI=] [Cyborg] No offline messages found
[2025-07-14 23:25:48] [voHeS+9vDrKsqr51INkaIih9KlI=] [Cyborg] Checking offline messages for client
[2025-07-14 23:25:48] [voHeS+9vDrKsqr51INkaIih9KlI=] [Cyborg] No offline messages found
[2025-07-14 23:26:14] [gLr3F2H3Qdgk/k3k6P1n2PZBlgE=] [eeqw] Checking offline messages for client
[2025-07-14 23:26:14] [gLr3F2H3Qdgk/k3k6P1n2PZBlgE=] [eeqw] No offline messages found
[2025-07-14 23:27:32] [mWSAiqY7b9z9A7QoOP0uSvoVr/A=] [SmaD] Checking offline messages for client
[2025-07-14 23:27:32] [mWSAiqY7b9z9A7QoOP0uSvoVr/A=] [SmaD] No offline messages found
[2025-07-14 23:27:36] [Uu5KMlrBm4Z5LiLbdfTmVcSDXOU=] [I_XaSkI_I] Checking offline messages for client
[2025-07-14 23:27:36] [Uu5KMlrBm4Z5LiLbdfTmVcSDXOU=] [I_XaSkI_I] No offline messages found
[2025-07-14 23:27:55] [g95LkcovmlDSBBJIdmdv0zN6QBs=] [baysikimdeğil] Checking offline messages for client
[2025-07-14 23:27:55] [g95LkcovmlDSBBJIdmdv0zN6QBs=] [baysikimdeğil] No offline messages found
[2025-07-14 23:28:01] [5VQn2paiuiABX3QfxcJMoEhAyYQ=] [Almas1k] Checking offline messages for client
[2025-07-14 23:28:01] [5VQn2paiuiABX3QfxcJMoEhAyYQ=] [Almas1k] No offline messages found
[2025-07-14 23:28:58] [S4C16tnQy9iWtBwvs/NaHEMdLRM=] [Vito] Checking offline messages for client
[2025-07-14 23:28:58] [S4C16tnQy9iWtBwvs/NaHEMdLRM=] [Vito] No offline messages found
[2025-07-14 23:31:21] [S4C16tnQy9iWtBwvs/NaHEMdLRM=] [Vito] Checking offline messages for client
[2025-07-14 23:31:21] [S4C16tnQy9iWtBwvs/NaHEMdLRM=] [Vito] No offline messages found
[2025-07-14 23:33:57] [xBMJD2Y2SpzPtIEf1cFbTuruz8Q=] [TeamSpeakUser2] Checking offline messages for client
[2025-07-14 23:33:57] [xBMJD2Y2SpzPtIEf1cFbTuruz8Q=] [TeamSpeakUser2] No offline messages found
[2025-07-14 23:37:40] [/UDKDkveEivAZ47pGx0oM82xobc=] [dvk-] Checking offline messages for client
[2025-07-14 23:37:40] [/UDKDkveEivAZ47pGx0oM82xobc=] [dvk-] No offline messages found
[2025-07-14 23:37:55] [xBMJD2Y2SpzPtIEf1cFbTuruz8Q=] [TeamSpeakUser2] Checking offline messages for client
[2025-07-14 23:37:55] [xBMJD2Y2SpzPtIEf1cFbTuruz8Q=] [TeamSpeakUser2] No offline messages found
[2025-07-14 23:38:57] [/UDKDkveEivAZ47pGx0oM82xobc=] [dvk-] Checking offline messages for client
[2025-07-14 23:38:57] [/UDKDkveEivAZ47pGx0oM82xobc=] [dvk-] No offline messages found
[2025-07-14 23:45:02] [IvPuoleyuChePKK0GR7sRhVCkJE=] [SYRUSSS] Checking offline messages for client
[2025-07-14 23:45:02] [IvPuoleyuChePKK0GR7sRhVCkJE=] [SYRUSSS] No offline messages found
[2025-07-14 23:53:59] [/UDKDkveEivAZ47pGx0oM82xobc=] [dvk-] Checking offline messages for client
[2025-07-14 23:53:59] [/UDKDkveEivAZ47pGx0oM82xobc=] [dvk-] No offline messages found
[2025-07-14 23:54:10] [BXAgSmPB/AzDyu299KtUPzeloK0=] [TeamSpeakUser2] Checking offline messages for client
[2025-07-14 23:54:10] [BXAgSmPB/AzDyu299KtUPzeloK0=] [TeamSpeakUser2] No offline messages found
[2025-07-14 23:55:28] [7lkgv1NgBUC4Nbvfz0XxfSTDHSQ=] [Platonuch_UA] Checking offline messages for client
[2025-07-14 23:55:28] [7lkgv1NgBUC4Nbvfz0XxfSTDHSQ=] [Platonuch_UA] No offline messages found
[2025-07-14 23:56:50] [lPq8Y8B1JOHL6QoSGZDwJ6xzT7Q=] [vata] Checking offline messages for client
[2025-07-14 23:56:50] [lPq8Y8B1JOHL6QoSGZDwJ6xzT7Q=] [vata] No offline messages found
[2025-07-14 23:57:05] [Uu5KMlrBm4Z5LiLbdfTmVcSDXOU=] [I_XaSkI_I] Checking offline messages for client
[2025-07-14 23:57:05] [Uu5KMlrBm4Z5LiLbdfTmVcSDXOU=] [I_XaSkI_I] No offline messages found
[2025-07-14 23:59:29] [+eY62p4z2Yc8MBABvp55HWZZJ18=] [saulov] Checking offline messages for client
[2025-07-14 23:59:29] [+eY62p4z2Yc8MBABvp55HWZZJ18=] [saulov] No offline messages found
[2025-07-14 23:59:40] [LFKuLrv8/A7/7hMP23jsrc7iq1w=] [mr.Stapelton] Checking offline messages for client
[2025-07-14 23:59:40] [LFKuLrv8/A7/7hMP23jsrc7iq1w=] [mr.Stapelton] No offline messages found
