[2025-07-22 00:08:17] [Di2MaUkDvWG/4yTOmNqIBWAhaIM=] [astraiser] Checking offline messages for client
[2025-07-22 00:08:17] [Di2MaUkDvWG/4yTOmNqIBWAhaIM=] [astraiser] No offline messages found
[2025-07-22 00:09:19] [VDEjqOnPyGqzb2WRAN1xk/Rd9Z4=] [fog] Checking offline messages for client
[2025-07-22 00:09:19] [VDEjqOnPyGqzb2WRAN1xk/Rd9Z4=] [fog] No offline messages found
[2025-07-22 00:12:56] [wHu8CcJA3lzMnjKWRMwrrvCJbLs=] [mmd senator] Checking offline messages for client
[2025-07-22 00:12:56] [wHu8CcJA3lzMnjKWRMwrrvCJbLs=] [mmd senator] No offline messages found
[2025-07-22 00:17:04] [V/sE7GD+jPAQPdHRhDxgmql0tFI=] [Jabberson] Checking offline messages for client
[2025-07-22 00:17:04] [V/sE7GD+jPAQPdHRhDxgmql0tFI=] [Jabberson] No offline messages found
[2025-07-22 00:17:54] [0WgZKkj6v4iiMp7/eG9vKSWI5qU=] [TeamSpeakUser] Checking offline messages for client
[2025-07-22 00:17:54] [0WgZKkj6v4iiMp7/eG9vKSWI5qU=] [TeamSpeakUser] No offline messages found
[2025-07-22 00:18:50] [ZRJE0ISA13RmnFcasOlw68BVsNY=] [F4funder] Checking offline messages for client
[2025-07-22 00:18:50] [ZRJE0ISA13RmnFcasOlw68BVsNY=] [F4funder] No offline messages found
[2025-07-22 00:19:59] [R6w4zncMqAp7xPym2ZI34QgxVBA=] [ADANALII] Checking offline messages for client
[2025-07-22 00:19:59] [R6w4zncMqAp7xPym2ZI34QgxVBA=] [ADANALII] No offline messages found
[2025-07-22 00:22:52] [bY73N1BM8QCmyrmXL2ppUBMWPMc=] [KRGZL] Checking offline messages for client
[2025-07-22 00:22:52] [bY73N1BM8QCmyrmXL2ppUBMWPMc=] [KRGZL] No offline messages found
[2025-07-22 00:33:17] [wHu8CcJA3lzMnjKWRMwrrvCJbLs=] [mmd senator] Checking offline messages for client
[2025-07-22 00:33:17] [wHu8CcJA3lzMnjKWRMwrrvCJbLs=] [mmd senator] No offline messages found
[2025-07-22 00:41:34] [bY73N1BM8QCmyrmXL2ppUBMWPMc=] [KRGZL] Checking offline messages for client
[2025-07-22 00:41:34] [bY73N1BM8QCmyrmXL2ppUBMWPMc=] [KRGZL] No offline messages found
[2025-07-22 00:42:00] [Uu5KMlrBm4Z5LiLbdfTmVcSDXOU=] [I_XaSkI_I] Checking offline messages for client
[2025-07-22 00:42:00] [Uu5KMlrBm4Z5LiLbdfTmVcSDXOU=] [I_XaSkI_I] No offline messages found
[2025-07-22 00:44:06] [UJQSMUnQbDqCQA/Ap94PriCZpmM=] [1.6fsidertpaket] Checking offline messages for client
[2025-07-22 00:44:06] [UJQSMUnQbDqCQA/Ap94PriCZpmM=] [1.6fsidertpaket] No offline messages found
[2025-07-22 00:44:24] [IvPuoleyuChePKK0GR7sRhVCkJE=] [SYRUSSS] Checking offline messages for client
[2025-07-22 00:44:24] [IvPuoleyuChePKK0GR7sRhVCkJE=] [SYRUSSS] No offline messages found
[2025-07-22 00:48:41] [BXAgSmPB/AzDyu299KtUPzeloK0=] [TeamSpeakUser1] Checking offline messages for client
[2025-07-22 00:48:41] [BXAgSmPB/AzDyu299KtUPzeloK0=] [TeamSpeakUser1] No offline messages found
[2025-07-22 00:48:45] [zCm5oaE55YbLbRBdGoA4vH1gUz0=] [siso] Checking offline messages for client
[2025-07-22 00:48:45] [zCm5oaE55YbLbRBdGoA4vH1gUz0=] [siso] No offline messages found
[2025-07-22 00:51:00] [Ca1vbbchNomQf16vn8ngPZ9MXVI=] [amir] Checking offline messages for client
[2025-07-22 00:51:00] [Ca1vbbchNomQf16vn8ngPZ9MXVI=] [amir] No offline messages found
[2025-07-22 01:03:48] [ZQhSo1tQ5YDSZNLYSj+nKwHZezs=] [hamza] Checking offline messages for client
[2025-07-22 01:03:48] [ZQhSo1tQ5YDSZNLYSj+nKwHZezs=] [hamza] No offline messages found
[2025-07-22 01:08:02] [kfn1jFosIGdE1yOz/lIfEBXQj4A=] [Rix] Checking offline messages for client
[2025-07-22 01:08:02] [kfn1jFosIGdE1yOz/lIfEBXQj4A=] [Rix] No offline messages found
[2025-07-22 01:08:03] [kfn1jFosIGdE1yOz/lIfEBXQj4A=] [Rix] Checking offline messages for client
[2025-07-22 01:08:03] [kfn1jFosIGdE1yOz/lIfEBXQj4A=] [Rix] No offline messages found
[2025-07-22 01:08:03] [kfn1jFosIGdE1yOz/lIfEBXQj4A=] [Rix] Checking offline messages for client
[2025-07-22 01:08:03] [kfn1jFosIGdE1yOz/lIfEBXQj4A=] [Rix] No offline messages found
[2025-07-22 01:15:42] [xBMJD2Y2SpzPtIEf1cFbTuruz8Q=] [KAYMAKAM] Checking offline messages for client
[2025-07-22 01:15:42] [xBMJD2Y2SpzPtIEf1cFbTuruz8Q=] [KAYMAKAM] No offline messages found
[2025-07-22 01:58:48] [6PU/Al+9IsEyWbp7RtDMERBfV/Y=] [TeamSpeakUser1] Checking offline messages for client
[2025-07-22 01:58:48] [6PU/Al+9IsEyWbp7RtDMERBfV/Y=] [TeamSpeakUser1] No offline messages found
[2025-07-22 02:00:40] [Ha0uQdpQLPKNqYm0SrG/U1zfjlg=] [Kodex1703] Checking offline messages for client
[2025-07-22 02:00:40] [Ha0uQdpQLPKNqYm0SrG/U1zfjlg=] [Kodex1703] No offline messages found
[2025-07-22 02:10:21] [jJ3vygVa0ZNmtWTVE6VcIGw2ZIE=] [s1nat0r] Checking offline messages for client
[2025-07-22 02:10:21] [jJ3vygVa0ZNmtWTVE6VcIGw2ZIE=] [s1nat0r] No offline messages found
[2025-07-22 02:12:39] [olLchfzvGHNpn6d47ZpS8OkJojI=] [SGS Calvo] Checking offline messages for client
[2025-07-22 02:12:39] [olLchfzvGHNpn6d47ZpS8OkJojI=] [SGS Calvo] No offline messages found
[2025-07-22 02:14:11] [olLchfzvGHNpn6d47ZpS8OkJojI=] [SGS Calvo] Checking offline messages for client
[2025-07-22 02:14:11] [olLchfzvGHNpn6d47ZpS8OkJojI=] [SGS Calvo] No offline messages found
[2025-07-22 02:14:22] [OFkWTxSbLyrDSCACNU7XEePBPwg=] [shivska] Checking offline messages for client
[2025-07-22 02:14:22] [OFkWTxSbLyrDSCACNU7XEePBPwg=] [shivska] No offline messages found
[2025-07-22 02:14:37] [OFkWTxSbLyrDSCACNU7XEePBPwg=] [shivska] Checking offline messages for client
[2025-07-22 02:14:37] [OFkWTxSbLyrDSCACNU7XEePBPwg=] [shivska] No offline messages found
[2025-07-22 02:15:09] [OFkWTxSbLyrDSCACNU7XEePBPwg=] [shivska] Checking offline messages for client
[2025-07-22 02:15:09] [OFkWTxSbLyrDSCACNU7XEePBPwg=] [shivska] No offline messages found
[2025-07-22 02:17:38] [jWxbfxhLxs9dPa3t1WUnys7gnbk=] [Richard_TH] Checking offline messages for client
[2025-07-22 02:17:38] [jWxbfxhLxs9dPa3t1WUnys7gnbk=] [Richard_TH] No offline messages found
[2025-07-22 02:18:48] [3PUL5t5Jz0KW4hyrBCzi+BArN60=] [tenshin_non] Checking offline messages for client
[2025-07-22 02:18:48] [3PUL5t5Jz0KW4hyrBCzi+BArN60=] [tenshin_non] No offline messages found
[2025-07-22 02:28:39] [Ha0uQdpQLPKNqYm0SrG/U1zfjlg=] [Kodex1703] Checking offline messages for client
[2025-07-22 02:28:39] [Ha0uQdpQLPKNqYm0SrG/U1zfjlg=] [Kodex1703] No offline messages found
[2025-07-22 02:29:57] [Ha0uQdpQLPKNqYm0SrG/U1zfjlg=] [Kodex1703] Checking offline messages for client
[2025-07-22 02:29:57] [Ha0uQdpQLPKNqYm0SrG/U1zfjlg=] [Kodex1703] No offline messages found
[2025-07-22 02:39:47] [Ha0uQdpQLPKNqYm0SrG/U1zfjlg=] [Kodex1703] Checking offline messages for client
[2025-07-22 02:39:47] [Ha0uQdpQLPKNqYm0SrG/U1zfjlg=] [Kodex1703] No offline messages found
[2025-07-22 02:40:08] [Ha0uQdpQLPKNqYm0SrG/U1zfjlg=] [Kodex1703] Checking offline messages for client
[2025-07-22 02:40:08] [Ha0uQdpQLPKNqYm0SrG/U1zfjlg=] [Kodex1703] No offline messages found
[2025-07-22 03:24:48] [INLKm/4YRWd73h42lDKEwOeHdcs=] [h7vd$q] Checking offline messages for client
[2025-07-22 03:24:48] [INLKm/4YRWd73h42lDKEwOeHdcs=] [h7vd$q] No offline messages found
[2025-07-22 03:28:10] [xBMJD2Y2SpzPtIEf1cFbTuruz8Q=] [KAYMAKAM] Checking offline messages for client
[2025-07-22 03:28:10] [xBMJD2Y2SpzPtIEf1cFbTuruz8Q=] [KAYMAKAM] No offline messages found
[2025-07-22 03:28:10] [xBMJD2Y2SpzPtIEf1cFbTuruz8Q=] [KAYMAKAM] Checking offline messages for client
[2025-07-22 03:28:10] [xBMJD2Y2SpzPtIEf1cFbTuruz8Q=] [KAYMAKAM] No offline messages found
[2025-07-22 03:28:11] [xBMJD2Y2SpzPtIEf1cFbTuruz8Q=] [KAYMAKAM] Checking offline messages for client
[2025-07-22 03:28:11] [xBMJD2Y2SpzPtIEf1cFbTuruz8Q=] [KAYMAKAM] No offline messages found
[2025-07-22 03:46:23] [xBMJD2Y2SpzPtIEf1cFbTuruz8Q=] [KAYMAKAM] Checking offline messages for client
[2025-07-22 03:46:23] [xBMJD2Y2SpzPtIEf1cFbTuruz8Q=] [KAYMAKAM] No offline messages found
[2025-07-22 03:48:22] [aDAibG2QJv4mRxG6p4XGTRT+QKM=] [Etesech] Checking offline messages for client
[2025-07-22 03:48:22] [aDAibG2QJv4mRxG6p4XGTRT+QKM=] [Etesech] No offline messages found
[2025-07-22 03:49:34] [tE5zDWK/YpdYwFqbNTh943GaDFM=] [EL Pepe] Checking offline messages for client
[2025-07-22 03:49:34] [tE5zDWK/YpdYwFqbNTh943GaDFM=] [EL Pepe] No offline messages found
[2025-07-22 03:55:58] [olLchfzvGHNpn6d47ZpS8OkJojI=] [SGS Calvo] Checking offline messages for client
[2025-07-22 03:55:58] [olLchfzvGHNpn6d47ZpS8OkJojI=] [SGS Calvo] No offline messages found
[2025-07-22 05:07:49] [sDGTmykW+tszI+sqWb5sOOLvtdM=] [f.donato] Checking offline messages for client
[2025-07-22 05:07:49] [sDGTmykW+tszI+sqWb5sOOLvtdM=] [f.donato] No offline messages found
[2025-07-22 05:32:23] [B2fRgglzPVX7d5IDrNsAi94lUY0=] [baia] Checking offline messages for client
[2025-07-22 05:32:23] [B2fRgglzPVX7d5IDrNsAi94lUY0=] [baia] No offline messages found
[2025-07-22 05:32:26] [rfSlRu7uzjI8pCmk2erQZXW6+7M=] [2212312] Checking offline messages for client
[2025-07-22 05:32:26] [rfSlRu7uzjI8pCmk2erQZXW6+7M=] [2212312] No offline messages found
[2025-07-22 06:22:24] [sDGTmykW+tszI+sqWb5sOOLvtdM=] [f.donato] Checking offline messages for client
[2025-07-22 06:22:24] [sDGTmykW+tszI+sqWb5sOOLvtdM=] [f.donato] No offline messages found
[2025-07-22 07:06:10] [SFVSm6aEP054eATiYPgffpNLlCY=] [dav1g] Checking offline messages for client
[2025-07-22 07:06:10] [SFVSm6aEP054eATiYPgffpNLlCY=] [dav1g] No offline messages found
[2025-07-22 07:12:23] [0TS7jt0APSegEgA9K9hIWfin7m0=] [dadaok] Checking offline messages for client
[2025-07-22 07:12:23] [0TS7jt0APSegEgA9K9hIWfin7m0=] [dadaok] No offline messages found
[2025-07-22 07:24:18] [qCQuK6Is+deAhN2xl/XspjIz8xY=] [Faith] Checking offline messages for client
[2025-07-22 07:24:18] [qCQuK6Is+deAhN2xl/XspjIz8xY=] [Faith] No offline messages found
[2025-07-22 07:35:07] [sDGTmykW+tszI+sqWb5sOOLvtdM=] [f.donato] Checking offline messages for client
[2025-07-22 07:35:07] [sDGTmykW+tszI+sqWb5sOOLvtdM=] [f.donato] No offline messages found
[2025-07-22 07:52:35] [Ha0uQdpQLPKNqYm0SrG/U1zfjlg=] [Kodex1703] Checking offline messages for client
[2025-07-22 07:52:35] [Ha0uQdpQLPKNqYm0SrG/U1zfjlg=] [Kodex1703] No offline messages found
[2025-07-22 07:53:00] [Ha0uQdpQLPKNqYm0SrG/U1zfjlg=] [Kodex1703] Checking offline messages for client
[2025-07-22 07:53:00] [Ha0uQdpQLPKNqYm0SrG/U1zfjlg=] [Kodex1703] No offline messages found
[2025-07-22 08:23:23] [ixLpNjc83I5LYHua6yWOroTZ+DY=] [amin_gamester] Checking offline messages for client
[2025-07-22 08:23:23] [ixLpNjc83I5LYHua6yWOroTZ+DY=] [amin_gamester] No offline messages found
[2025-07-22 09:13:15] [JeRDsn5NNuoif7xSE7UhSMCw9rc=] [TeamSpeakUser2] Checking offline messages for client
[2025-07-22 09:13:15] [JeRDsn5NNuoif7xSE7UhSMCw9rc=] [TeamSpeakUser2] No offline messages found
[2025-07-22 09:13:39] [xPOPrWPQum4PIXMqKPMGCRW2z7g=] [skbd] Checking offline messages for client
[2025-07-22 09:13:39] [xPOPrWPQum4PIXMqKPMGCRW2z7g=] [skbd] No offline messages found
[2025-07-22 09:23:34] [v2BBJiovfOUESBkhxMYBwBZqyiE=] [ne_HopZy] Checking offline messages for client
[2025-07-22 09:23:34] [v2BBJiovfOUESBkhxMYBwBZqyiE=] [ne_HopZy] No offline messages found
[2025-07-22 09:26:08] [Ha0uQdpQLPKNqYm0SrG/U1zfjlg=] [Kodex1703] Checking offline messages for client
[2025-07-22 09:26:08] [Ha0uQdpQLPKNqYm0SrG/U1zfjlg=] [Kodex1703] No offline messages found
[2025-07-22 09:27:11] [WtWgpfS8UE18SW7yGXm3r1yoO/c=] [Kowismo] Checking offline messages for client
[2025-07-22 09:27:11] [WtWgpfS8UE18SW7yGXm3r1yoO/c=] [Kowismo] No offline messages found
[2025-07-22 09:33:49] [ArDdG6a86sTE9vzN8IIzLOiOEQs=] [Sunrise0754] Checking offline messages for client
[2025-07-22 09:33:49] [ArDdG6a86sTE9vzN8IIzLOiOEQs=] [Sunrise0754] No offline messages found
[2025-07-22 09:38:17] [1AbnbGgxnGmT+1ucLIy1LFbCSCU=] [theslayercroute] Checking offline messages for client
[2025-07-22 09:38:17] [1AbnbGgxnGmT+1ucLIy1LFbCSCU=] [theslayercroute] No offline messages found
[2025-07-22 09:48:10] [gITtVlfHYxsd3mvOfTblKNtJBDU=] [4iff] Checking offline messages for client
[2025-07-22 09:48:10] [gITtVlfHYxsd3mvOfTblKNtJBDU=] [4iff] No offline messages found
[2025-07-22 10:22:23] [5tr0bmquCHHSQKHnrvHDA84gg1s=] [DADA] Checking offline messages for client
[2025-07-22 10:22:23] [5tr0bmquCHHSQKHnrvHDA84gg1s=] [DADA] No offline messages found
[2025-07-22 10:22:41] [MarBbTtCOdPsPCcTGPUko7UH7Sk=] [billy nogami] Checking offline messages for client
[2025-07-22 10:22:41] [MarBbTtCOdPsPCcTGPUko7UH7Sk=] [billy nogami] No offline messages found
[2025-07-22 10:30:42] [5tr0bmquCHHSQKHnrvHDA84gg1s=] [DADA] Checking offline messages for client
[2025-07-22 10:30:42] [5tr0bmquCHHSQKHnrvHDA84gg1s=] [DADA] No offline messages found
[2025-07-22 10:34:39] [5tr0bmquCHHSQKHnrvHDA84gg1s=] [DADA] Checking offline messages for client
[2025-07-22 10:34:39] [5tr0bmquCHHSQKHnrvHDA84gg1s=] [DADA] No offline messages found
[2025-07-22 10:37:56] [SMzPexbi0haaSlYrCZsmFgLdZcY=] [ali] Checking offline messages for client
[2025-07-22 10:37:56] [SMzPexbi0haaSlYrCZsmFgLdZcY=] [ali] No offline messages found
[2025-07-22 10:57:06] [xPOPrWPQum4PIXMqKPMGCRW2z7g=] [skbd] Checking offline messages for client
[2025-07-22 10:57:06] [xPOPrWPQum4PIXMqKPMGCRW2z7g=] [skbd] No offline messages found
[2025-07-22 11:01:35] [xPOPrWPQum4PIXMqKPMGCRW2z7g=] [skbd] Checking offline messages for client
[2025-07-22 11:01:35] [xPOPrWPQum4PIXMqKPMGCRW2z7g=] [skbd] No offline messages found
[2025-07-22 11:02:03] [xPOPrWPQum4PIXMqKPMGCRW2z7g=] [skbd] Checking offline messages for client
[2025-07-22 11:02:03] [xPOPrWPQum4PIXMqKPMGCRW2z7g=] [skbd] No offline messages found
[2025-07-22 11:03:28] [u37UZKIsHRy8fpvH8qv7OuhDpEw=] [AMINOV] Checking offline messages for client
[2025-07-22 11:03:28] [u37UZKIsHRy8fpvH8qv7OuhDpEw=] [AMINOV] No offline messages found
[2025-07-22 11:12:04] [d1zvzZVhwuMfcPJdM3oRosvaKUM=] [JackoTama387] Checking offline messages for client
[2025-07-22 11:12:04] [d1zvzZVhwuMfcPJdM3oRosvaKUM=] [JackoTama387] No offline messages found
[2025-07-22 11:16:01] [y6wnaY4Ot+WiIS2FWwczXfWuq4s=] [Fefino11] Checking offline messages for client
[2025-07-22 11:16:01] [y6wnaY4Ot+WiIS2FWwczXfWuq4s=] [Fefino11] No offline messages found
[2025-07-22 11:19:28] [2bUyvfXA/u6gKEf6lBYHtcUoVa8=] [DanialDelRey] Checking offline messages for client
[2025-07-22 11:19:28] [2bUyvfXA/u6gKEf6lBYHtcUoVa8=] [DanialDelRey] No offline messages found
[2025-07-22 11:38:04] [v2BBJiovfOUESBkhxMYBwBZqyiE=] [ne_HopZy] Checking offline messages for client
[2025-07-22 11:38:04] [v2BBJiovfOUESBkhxMYBwBZqyiE=] [ne_HopZy] No offline messages found
[2025-07-22 11:50:57] [ow+Zi/O4SnJIvwHosoZ7zIvOOK8=] [shinigami] Checking offline messages for client
[2025-07-22 11:50:57] [ow+Zi/O4SnJIvwHosoZ7zIvOOK8=] [shinigami] No offline messages found
[2025-07-22 11:57:05] [olLchfzvGHNpn6d47ZpS8OkJojI=] [SGS Calvo] Checking offline messages for client
[2025-07-22 11:57:05] [olLchfzvGHNpn6d47ZpS8OkJojI=] [SGS Calvo] No offline messages found
[2025-07-22 11:59:09] [OFkWTxSbLyrDSCACNU7XEePBPwg=] [shivska] Checking offline messages for client
[2025-07-22 11:59:09] [OFkWTxSbLyrDSCACNU7XEePBPwg=] [shivska] No offline messages found
[2025-07-22 12:05:38] [dHD7jWi8Q5Lp4lz7I8/axaXFAEA=] [__illlia__] Checking offline messages for client
[2025-07-22 12:05:38] [dHD7jWi8Q5Lp4lz7I8/axaXFAEA=] [__illlia__] No offline messages found
[2025-07-22 12:09:28] [Y87CyZ0z4OCWoHrzcXmcfNJGgn8=] [Ghost] Checking offline messages for client
[2025-07-22 12:09:28] [Y87CyZ0z4OCWoHrzcXmcfNJGgn8=] [Ghost] No offline messages found
[2025-07-22 12:13:18] [ilO9JAl5glx+WikZA6SZqmic0Iw=] [kaiizenn] Checking offline messages for client
[2025-07-22 12:13:18] [ilO9JAl5glx+WikZA6SZqmic0Iw=] [kaiizenn] No offline messages found
[2025-07-22 12:27:50] [taHAUkyxSnlQs8M9MBf25E37Q8I=] [Yoda] Checking offline messages for client
[2025-07-22 12:27:50] [taHAUkyxSnlQs8M9MBf25E37Q8I=] [Yoda] No offline messages found
[2025-07-22 12:31:27] [2O1gTu+bHd4HCojvVL69INndp4g=] [MrlagTV] Checking offline messages for client
[2025-07-22 12:31:27] [2O1gTu+bHd4HCojvVL69INndp4g=] [MrlagTV] No offline messages found
[2025-07-22 12:32:49] [2ocYaJGo84ACCkWmpluMvY9TWAQ=] [tiamo9809] Checking offline messages for client
[2025-07-22 12:32:49] [2ocYaJGo84ACCkWmpluMvY9TWAQ=] [tiamo9809] No offline messages found
[2025-07-22 12:34:10] [syGc3yR+8xBjPN6kLg2zE+r+Bwg=] [Gosh] Checking offline messages for client
[2025-07-22 12:34:10] [syGc3yR+8xBjPN6kLg2zE+r+Bwg=] [Gosh] No offline messages found
[2025-07-22 12:39:54] [Om3x8Xif9J3esmUnYiU6ztQ0OzY=] [BIGYURIII] Checking offline messages for client
[2025-07-22 12:39:54] [Om3x8Xif9J3esmUnYiU6ztQ0OzY=] [BIGYURIII] No offline messages found
[2025-07-22 12:41:33] [gJLn1vQ9mrffkHC6LBfsIXRQV2I=] [Men4] Checking offline messages for client
[2025-07-22 12:41:33] [gJLn1vQ9mrffkHC6LBfsIXRQV2I=] [Men4] No offline messages found
[2025-07-22 12:46:10] [F4Rot6aSlWU5OFZBOarP2RTzrYY=] [INSANE] Checking offline messages for client
[2025-07-22 12:46:10] [F4Rot6aSlWU5OFZBOarP2RTzrYY=] [INSANE] No offline messages found
[2025-07-22 12:48:52] [pVyKuo6vAY4o81l1MYnx/UDtbDc=] [fun cloud] Checking offline messages for client
[2025-07-22 12:48:52] [pVyKuo6vAY4o81l1MYnx/UDtbDc=] [fun cloud] No offline messages found
[2025-07-22 12:59:14] [iziowVTbk7mGU95qNZGKt7wZaR8=] [bentuto] Checking offline messages for client
[2025-07-22 12:59:14] [iziowVTbk7mGU95qNZGKt7wZaR8=] [bentuto] No offline messages found
[2025-07-22 12:59:17] [3wfCbZork1r8h4aDgIW1hfWE0YA=] [SNAC-Ahmet] Checking offline messages for client
[2025-07-22 12:59:17] [3wfCbZork1r8h4aDgIW1hfWE0YA=] [SNAC-Ahmet] No offline messages found
[2025-07-22 13:01:19] [4lgk8AIxD24nO55TvFlly6KF/C4=] [e6lan] Checking offline messages for client
[2025-07-22 13:01:19] [4lgk8AIxD24nO55TvFlly6KF/C4=] [e6lan] No offline messages found
[2025-07-22 13:03:45] [u37UZKIsHRy8fpvH8qv7OuhDpEw=] [AMINOV] Checking offline messages for client
[2025-07-22 13:03:45] [u37UZKIsHRy8fpvH8qv7OuhDpEw=] [AMINOV] No offline messages found
[2025-07-22 13:06:23] [1J9/ZPnHxEL704aM8z0q1FXAbwA=] [redan_22] Checking offline messages for client
[2025-07-22 13:06:23] [1J9/ZPnHxEL704aM8z0q1FXAbwA=] [redan_22] No offline messages found
[2025-07-22 13:09:03] [Nc/6l8e5m6RLu83iOZESGQ3kvCs=] [edyzul26] Checking offline messages for client
[2025-07-22 13:09:03] [Nc/6l8e5m6RLu83iOZESGQ3kvCs=] [edyzul26] No offline messages found
[2025-07-22 13:15:16] [iyVQVtmbSrTKhWTLGWQUmQX+5m4=] [cuffe] Checking offline messages for client
[2025-07-22 13:15:16] [iyVQVtmbSrTKhWTLGWQUmQX+5m4=] [cuffe] No offline messages found
[2025-07-22 13:19:47] [mbP4nghKzvRW54vnBJ4hB+FVGdw=] [Andy] Checking offline messages for client
[2025-07-22 13:19:47] [mbP4nghKzvRW54vnBJ4hB+FVGdw=] [Andy] No offline messages found
[2025-07-22 13:26:47] [Chs2gds0q5c5sHk5GQqGy9JmwQg=] [teaman11] Checking offline messages for client
[2025-07-22 13:26:47] [Chs2gds0q5c5sHk5GQqGy9JmwQg=] [teaman11] No offline messages found
[2025-07-22 13:27:03] [Chs2gds0q5c5sHk5GQqGy9JmwQg=] [teaman11] Checking offline messages for client
[2025-07-22 13:27:03] [Chs2gds0q5c5sHk5GQqGy9JmwQg=] [teaman11] No offline messages found
[2025-07-22 13:27:04] [rc6PTp7wE3xERTiJhvZj3aYUd/Y=] [kushi] Checking offline messages for client
[2025-07-22 13:27:04] [rc6PTp7wE3xERTiJhvZj3aYUd/Y=] [kushi] No offline messages found
[2025-07-22 13:28:12] [Chs2gds0q5c5sHk5GQqGy9JmwQg=] [teaman11] Checking offline messages for client
[2025-07-22 13:28:12] [Chs2gds0q5c5sHk5GQqGy9JmwQg=] [teaman11] No offline messages found
[2025-07-22 13:29:21] [ZQhSo1tQ5YDSZNLYSj+nKwHZezs=] [hamza] Checking offline messages for client
[2025-07-22 13:29:21] [ZQhSo1tQ5YDSZNLYSj+nKwHZezs=] [hamza] No offline messages found
[2025-07-22 13:30:12] [3Mq3EB+EEk14kwWNxOyGIgo45U8=] [MATAN] Checking offline messages for client
[2025-07-22 13:30:12] [3Mq3EB+EEk14kwWNxOyGIgo45U8=] [MATAN] No offline messages found
[2025-07-22 13:31:12] [KJ4zqn9pukLO1ChROBmAPzo3JKk=] [Shutn1k] Checking offline messages for client
[2025-07-22 13:31:12] [KJ4zqn9pukLO1ChROBmAPzo3JKk=] [Shutn1k] No offline messages found
[2025-07-22 13:35:55] [kfn1jFosIGdE1yOz/lIfEBXQj4A=] [Rix] Checking offline messages for client
[2025-07-22 13:35:55] [kfn1jFosIGdE1yOz/lIfEBXQj4A=] [Rix] No offline messages found
[2025-07-22 13:37:25] [M09LXQM0h1IxzpSiw7t91USRzUA=] [dolv1] Checking offline messages for client
[2025-07-22 13:37:25] [M09LXQM0h1IxzpSiw7t91USRzUA=] [dolv1] No offline messages found
[2025-07-22 13:41:23] [ixLpNjc83I5LYHua6yWOroTZ+DY=] [amin_gamester] Checking offline messages for client
[2025-07-22 13:41:23] [ixLpNjc83I5LYHua6yWOroTZ+DY=] [amin_gamester] No offline messages found
[2025-07-22 13:58:20] [j5dWqR3YtdDg+SH0Z4utnl7TppY=] [Claudiu20047] Checking offline messages for client
[2025-07-22 13:58:20] [j5dWqR3YtdDg+SH0Z4utnl7TppY=] [Claudiu20047] No offline messages found
[2025-07-22 14:00:26] [DlBQSv+ccYTp5SrssTpqL5b2mfg=] [TeamSpeakUser] Checking offline messages for client
[2025-07-22 14:00:26] [DlBQSv+ccYTp5SrssTpqL5b2mfg=] [TeamSpeakUser] No offline messages found
[2025-07-22 14:01:17] [0k7iJrGzj7haOvrih6GAxyrXHtM=] [Sebitzuu] Checking offline messages for client
[2025-07-22 14:01:17] [0k7iJrGzj7haOvrih6GAxyrXHtM=] [Sebitzuu] No offline messages found
[2025-07-22 14:04:47] [dHD7jWi8Q5Lp4lz7I8/axaXFAEA=] [__illlia__] Checking offline messages for client
[2025-07-22 14:04:47] [dHD7jWi8Q5Lp4lz7I8/axaXFAEA=] [__illlia__] No offline messages found
[2025-07-22 14:07:31] [DqaAHVINJvoA9wZuPtXvcpP5au4=] [CristiGamy] Checking offline messages for client
[2025-07-22 14:07:31] [DqaAHVINJvoA9wZuPtXvcpP5au4=] [CristiGamy] No offline messages found
[2025-07-22 14:13:36] [YKaJKPUcO38+nmswF3rtl+ViIlg=] [TeamSpeakUser1] Checking offline messages for client
[2025-07-22 14:13:36] [YKaJKPUcO38+nmswF3rtl+ViIlg=] [TeamSpeakUser1] No offline messages found
[2025-07-22 14:25:24] [s1cKjvWV/U2hH6YRSl2/TWstSVc=] [TeamSpeakUser2] Checking offline messages for client
[2025-07-22 14:25:24] [s1cKjvWV/U2hH6YRSl2/TWstSVc=] [TeamSpeakUser2] No offline messages found
[2025-07-22 14:30:01] [aEmjlKBkg2d9gRUFp/PPg/JRL1M=] [hui] Checking offline messages for client
[2025-07-22 14:30:01] [aEmjlKBkg2d9gRUFp/PPg/JRL1M=] [hui] No offline messages found
[2025-07-22 14:33:10] [AC87pO3YB+wvZ5G27tY2glDTG4M=] [andy76633] Checking offline messages for client
[2025-07-22 14:33:10] [AC87pO3YB+wvZ5G27tY2glDTG4M=] [andy76633] No offline messages found
[2025-07-22 14:37:48] [NrinzN9i22mrI5io8FdxB4B1/Os=] [daGGetTt] Checking offline messages for client
[2025-07-22 14:37:48] [NrinzN9i22mrI5io8FdxB4B1/Os=] [daGGetTt] No offline messages found
[2025-07-22 14:43:21] [e1vImF/pvh7c+66eD1lHGlZ9N08=] [Fornax013] Checking offline messages for client
[2025-07-22 14:43:21] [e1vImF/pvh7c+66eD1lHGlZ9N08=] [Fornax013] No offline messages found
[2025-07-22 14:46:02] [m3jwrJafD7Z1HcDm7lAZbGqtROY=] [zui] Checking offline messages for client
[2025-07-22 14:46:02] [m3jwrJafD7Z1HcDm7lAZbGqtROY=] [zui] No offline messages found
[2025-07-22 14:46:34] [WtWgpfS8UE18SW7yGXm3r1yoO/c=] [Kowismo] Checking offline messages for client
[2025-07-22 14:46:34] [WtWgpfS8UE18SW7yGXm3r1yoO/c=] [Kowismo] No offline messages found
[2025-07-22 14:47:51] [PhckJHuRGWp+/oEYJbm3VNrgZkw=] [Br4d117] Checking offline messages for client
[2025-07-22 14:47:51] [PhckJHuRGWp+/oEYJbm3VNrgZkw=] [Br4d117] No offline messages found
[2025-07-22 14:51:05] [16sukKAFNap1+Cn7UMJ+NAHaa8I=] [нихао] Checking offline messages for client
[2025-07-22 14:51:05] [16sukKAFNap1+Cn7UMJ+NAHaa8I=] [нихао] No offline messages found
[2025-07-22 14:54:02] [ZRJE0ISA13RmnFcasOlw68BVsNY=] [F4funder] Checking offline messages for client
[2025-07-22 14:54:02] [ZRJE0ISA13RmnFcasOlw68BVsNY=] [F4funder] No offline messages found
[2025-07-22 14:54:38] [xBMJD2Y2SpzPtIEf1cFbTuruz8Q=] [KAYMAKAM] Checking offline messages for client
[2025-07-22 14:54:38] [xBMJD2Y2SpzPtIEf1cFbTuruz8Q=] [KAYMAKAM] No offline messages found
[2025-07-22 15:04:17] [675wO5ssJtQbFw+9qXHexPjHNYM=] [Nevskiiiy] Checking offline messages for client
[2025-07-22 15:04:17] [675wO5ssJtQbFw+9qXHexPjHNYM=] [Nevskiiiy] No offline messages found
[2025-07-22 15:08:41] [OnyFNlLSRn5WExnVSStquo7sjMA=] [ПожилаяОстановка] Checking offline messages for client
[2025-07-22 15:08:41] [OnyFNlLSRn5WExnVSStquo7sjMA=] [ПожилаяОстановка] No offline messages found
[2025-07-22 15:11:18] [FKc/JBDSnmX+FxAtAcOJ7P4tDPQ=] [saltuha991] Checking offline messages for client
[2025-07-22 15:11:18] [FKc/JBDSnmX+FxAtAcOJ7P4tDPQ=] [saltuha991] No offline messages found
[2025-07-22 15:12:21] [xBMJD2Y2SpzPtIEf1cFbTuruz8Q=] [KAYMAKAM] Checking offline messages for client
[2025-07-22 15:12:21] [xBMJD2Y2SpzPtIEf1cFbTuruz8Q=] [KAYMAKAM] No offline messages found
[2025-07-22 15:16:31] [aNjudHOBewa96mVY0lXhuT8gvLw=] [fosik] Checking offline messages for client
[2025-07-22 15:16:31] [aNjudHOBewa96mVY0lXhuT8gvLw=] [fosik] No offline messages found
[2025-07-22 15:25:53] [IvPuoleyuChePKK0GR7sRhVCkJE=] [SYRUSSS] Checking offline messages for client
[2025-07-22 15:25:53] [IvPuoleyuChePKK0GR7sRhVCkJE=] [SYRUSSS] No offline messages found
[2025-07-22 15:28:32] [d/2RYNlm5B/Nn3BBGjS8/8tretA=] [LaPt] Checking offline messages for client
[2025-07-22 15:28:32] [d/2RYNlm5B/Nn3BBGjS8/8tretA=] [LaPt] No offline messages found
[2025-07-22 15:30:00] [DkzWFjRCsm+UTvsWYYn492igLoY=] [1.6 fsi dert paket] Checking offline messages for client
[2025-07-22 15:30:00] [DkzWFjRCsm+UTvsWYYn492igLoY=] [1.6 fsi dert paket] No offline messages found
[2025-07-22 15:33:31] [1bxlkLWE1YEds4euACE9lSAD0Jg=] [Mr..Fury] Checking offline messages for client
[2025-07-22 15:33:31] [1bxlkLWE1YEds4euACE9lSAD0Jg=] [Mr..Fury] No offline messages found
[2025-07-22 15:35:15] [hnH8Pkux3Af6xG46f+oe81jVdcA=] [-EscA`#] Checking offline messages for client
[2025-07-22 15:35:15] [hnH8Pkux3Af6xG46f+oe81jVdcA=] [-EscA`#] No offline messages found
[2025-07-22 15:40:42] [z6tgkMNevYcZZbU82dmBswFMfjs=] [Dazer] Checking offline messages for client
[2025-07-22 15:40:42] [z6tgkMNevYcZZbU82dmBswFMfjs=] [Dazer] No offline messages found
[2025-07-22 15:43:51] [0Z2wqQcTx0kpb/KIf+NPkyv4b60=] [-W1LLL] Checking offline messages for client
[2025-07-22 15:43:51] [0Z2wqQcTx0kpb/KIf+NPkyv4b60=] [-W1LLL] No offline messages found
[2025-07-22 15:47:40] [L7qRovRf/7UBeW38ly75ngISmrA=] [emirhnxnn] Checking offline messages for client
[2025-07-22 15:47:40] [L7qRovRf/7UBeW38ly75ngISmrA=] [emirhnxnn] No offline messages found
[2025-07-22 15:49:15] [Y3EDpeFsO9lDhDp9nUiaxxnoG/E=] [LADRON] Checking offline messages for client
[2025-07-22 15:49:15] [Y3EDpeFsO9lDhDp9nUiaxxnoG/E=] [LADRON] No offline messages found
[2025-07-22 15:49:39] [1AbnbGgxnGmT+1ucLIy1LFbCSCU=] [theslayercroute] Checking offline messages for client
[2025-07-22 15:49:39] [1AbnbGgxnGmT+1ucLIy1LFbCSCU=] [theslayercroute] No offline messages found
[2025-07-22 15:51:18] [IdIi7kB17WXopOMKuVQFyzM8Fhs=] [Kapi] Checking offline messages for client
[2025-07-22 15:51:18] [IdIi7kB17WXopOMKuVQFyzM8Fhs=] [Kapi] No offline messages found
[2025-07-22 15:53:05] [ZnU8vaPl8AP2v7ujelAJMkb+r+E=] [TeamSpeakUser3] Checking offline messages for client
[2025-07-22 15:53:05] [ZnU8vaPl8AP2v7ujelAJMkb+r+E=] [TeamSpeakUser3] No offline messages found
[2025-07-22 15:56:01] [X6E5/N6c4x3DmVvfM1A7J4pIjC0=] [Omar] Checking offline messages for client
[2025-07-22 15:56:01] [X6E5/N6c4x3DmVvfM1A7J4pIjC0=] [Omar] No offline messages found
[2025-07-22 16:03:50] [Nc/6l8e5m6RLu83iOZESGQ3kvCs=] [edyzul26] Checking offline messages for client
[2025-07-22 16:03:50] [Nc/6l8e5m6RLu83iOZESGQ3kvCs=] [edyzul26] No offline messages found
[2025-07-22 16:13:24] [qnI7tO/BboMdAQFjmSv9/gyQREY=] [büllük] Checking offline messages for client
[2025-07-22 16:13:24] [qnI7tO/BboMdAQFjmSv9/gyQREY=] [büllük] No offline messages found
[2025-07-22 16:18:31] [mLx0Hk4TMipqUwGhs4qaQnVuCRc=] [ywyw] Checking offline messages for client
[2025-07-22 16:18:31] [mLx0Hk4TMipqUwGhs4qaQnVuCRc=] [ywyw] No offline messages found
[2025-07-22 16:22:58] [OnyFNlLSRn5WExnVSStquo7sjMA=] [ПожилаяОстановка] Checking offline messages for client
[2025-07-22 16:22:58] [OnyFNlLSRn5WExnVSStquo7sjMA=] [ПожилаяОстановка] No offline messages found
[2025-07-22 16:29:46] [+eY62p4z2Yc8MBABvp55HWZZJ18=] [saulov] Checking offline messages for client
[2025-07-22 16:29:46] [+eY62p4z2Yc8MBABvp55HWZZJ18=] [saulov] No offline messages found
[2025-07-22 16:32:58] [lPq8Y8B1JOHL6QoSGZDwJ6xzT7Q=] [vata] Checking offline messages for client
[2025-07-22 16:32:58] [lPq8Y8B1JOHL6QoSGZDwJ6xzT7Q=] [vata] No offline messages found
[2025-07-22 16:42:40] [QFOoQ6Mg2dbrrKfVQEqUbdv5Eqg=] [dosma666] Checking offline messages for client
[2025-07-22 16:42:40] [QFOoQ6Mg2dbrrKfVQEqUbdv5Eqg=] [dosma666] No offline messages found
[2025-07-22 16:44:13] [q5wdHXdhpr7Oc//EqCvbwn0CVZY=] [Malheiro] Checking offline messages for client
[2025-07-22 16:44:13] [q5wdHXdhpr7Oc//EqCvbwn0CVZY=] [Malheiro] No offline messages found
[2025-07-22 16:50:16] [UnR1QFMMqCYW7eyxyrGF93hSTxM=] [parzi] Checking offline messages for client
[2025-07-22 16:50:16] [UnR1QFMMqCYW7eyxyrGF93hSTxM=] [parzi] No offline messages found
[2025-07-22 16:56:46] [yNhVy0CvvrsyB6kr6AtIG25gIt0=] [MMamba] Checking offline messages for client
[2025-07-22 16:56:46] [yNhVy0CvvrsyB6kr6AtIG25gIt0=] [MMamba] No offline messages found
[2025-07-22 16:59:34] [RN5q34hvf046r4qme1+T2IWlORI=] [maksik] Checking offline messages for client
[2025-07-22 16:59:34] [RN5q34hvf046r4qme1+T2IWlORI=] [maksik] No offline messages found
[2025-07-22 17:05:13] [RN5q34hvf046r4qme1+T2IWlORI=] [maksik] Checking offline messages for client
[2025-07-22 17:05:13] [RN5q34hvf046r4qme1+T2IWlORI=] [maksik] No offline messages found
[2025-07-22 17:06:28] [ktT/SftpCnxHE/8DJjKjzUnQ3AY=] [EJEX] Checking offline messages for client
[2025-07-22 17:06:28] [ktT/SftpCnxHE/8DJjKjzUnQ3AY=] [EJEX] No offline messages found
[2025-07-22 17:08:20] [OFkWTxSbLyrDSCACNU7XEePBPwg=] [shivska] Checking offline messages for client
[2025-07-22 17:08:20] [OFkWTxSbLyrDSCACNU7XEePBPwg=] [shivska] No offline messages found
[2025-07-22 17:08:35] [MHmdoAL2tS4k9FBfzlhXVa1GOyY=] [devl1] Checking offline messages for client
[2025-07-22 17:08:35] [MHmdoAL2tS4k9FBfzlhXVa1GOyY=] [devl1] No offline messages found
[2025-07-22 17:12:07] [aKaAG6qoaxhtx8bSnAyKGSwgQvA=] [drxxxP] Checking offline messages for client
[2025-07-22 17:12:07] [aKaAG6qoaxhtx8bSnAyKGSwgQvA=] [drxxxP] No offline messages found
[2025-07-22 17:12:34] [jdsZBBcuEzD3+oBXRBnVPJpGkI4=] [eatmyb8ls] Checking offline messages for client
[2025-07-22 17:12:34] [jdsZBBcuEzD3+oBXRBnVPJpGkI4=] [eatmyb8ls] No offline messages found
[2025-07-22 17:20:54] [OnyFNlLSRn5WExnVSStquo7sjMA=] [ПожилаяОстановка] Checking offline messages for client
[2025-07-22 17:20:54] [OnyFNlLSRn5WExnVSStquo7sjMA=] [ПожилаяОстановка] No offline messages found
[2025-07-22 17:30:36] [vgJ/rZC5aScPCn+llwFvt+tnLL8=] [narutooXX] Checking offline messages for client
[2025-07-22 17:30:36] [vgJ/rZC5aScPCn+llwFvt+tnLL8=] [narutooXX] No offline messages found
[2025-07-22 17:32:03] [vgJ/rZC5aScPCn+llwFvt+tnLL8=] [narutooXX] Checking offline messages for client
[2025-07-22 17:32:03] [vgJ/rZC5aScPCn+llwFvt+tnLL8=] [narutooXX] No offline messages found
[2025-07-22 17:32:50] [TSNEyOo/EXKoeuAvHedgsigYytY=] [david12453] Checking offline messages for client
[2025-07-22 17:32:50] [TSNEyOo/EXKoeuAvHedgsigYytY=] [david12453] No offline messages found
[2025-07-22 17:33:12] [uVIyLE46ey0eBhM+Z9Az+wuDd2U=] [LisssTzz] Checking offline messages for client
[2025-07-22 17:33:12] [uVIyLE46ey0eBhM+Z9Az+wuDd2U=] [LisssTzz] No offline messages found
[2025-07-22 17:34:27] [u37UZKIsHRy8fpvH8qv7OuhDpEw=] [AMINOV] Checking offline messages for client
[2025-07-22 17:34:27] [u37UZKIsHRy8fpvH8qv7OuhDpEw=] [AMINOV] No offline messages found
[2025-07-22 17:40:27] [UINiUnQ/eAgNIPOPr4tSfW+qXvo=] [Потужний Фід] Checking offline messages for client
[2025-07-22 17:40:27] [UINiUnQ/eAgNIPOPr4tSfW+qXvo=] [Потужний Фід] No offline messages found
[2025-07-22 17:40:32] [+vVe9y7KDRV9mBOqgGxIE3TldlI=] [Fullfunny] Checking offline messages for client
[2025-07-22 17:40:32] [+vVe9y7KDRV9mBOqgGxIE3TldlI=] [Fullfunny] No offline messages found
[2025-07-22 17:40:59] [GvKQC+0wB2vJXrx64sJ8sS41K2w=] [Pol'zovatel'] Checking offline messages for client
[2025-07-22 17:40:59] [GvKQC+0wB2vJXrx64sJ8sS41K2w=] [Pol'zovatel'] No offline messages found
[2025-07-22 17:41:02] [GvKQC+0wB2vJXrx64sJ8sS41K2w=] [Pol'zovatel'] Checking offline messages for client
[2025-07-22 17:41:02] [GvKQC+0wB2vJXrx64sJ8sS41K2w=] [Pol'zovatel'] No offline messages found
[2025-07-22 17:41:03] [GvKQC+0wB2vJXrx64sJ8sS41K2w=] [Pol'zovatel'] Checking offline messages for client
[2025-07-22 17:41:03] [GvKQC+0wB2vJXrx64sJ8sS41K2w=] [Pol'zovatel'] No offline messages found
[2025-07-22 17:46:53] [PAPjw5ou1pxtJ/LMEXPWWL4eKGI=] [aeRR] Checking offline messages for client
[2025-07-22 17:46:53] [PAPjw5ou1pxtJ/LMEXPWWL4eKGI=] [aeRR] No offline messages found
[2025-07-22 17:52:15] [x5NWjjSsshVzCfkox/peFi8iwwM=] [pzdcvsenikizanyati] Checking offline messages for client
[2025-07-22 17:52:15] [x5NWjjSsshVzCfkox/peFi8iwwM=] [pzdcvsenikizanyati] No offline messages found
[2025-07-22 17:54:03] [cQnuljBLILs8CHiCBcythkog2Vc=] [Yugik] Checking offline messages for client
[2025-07-22 17:54:03] [cQnuljBLILs8CHiCBcythkog2Vc=] [Yugik] No offline messages found
[2025-07-22 17:56:28] [ktT/SftpCnxHE/8DJjKjzUnQ3AY=] [EJEX] Checking offline messages for client
[2025-07-22 17:56:28] [ktT/SftpCnxHE/8DJjKjzUnQ3AY=] [EJEX] No offline messages found
[2025-07-22 18:00:58] [daLZO33ORrjt8kilU/mo70jc7KI=] [makpyn] Checking offline messages for client
[2025-07-22 18:00:58] [daLZO33ORrjt8kilU/mo70jc7KI=] [makpyn] No offline messages found
[2025-07-22 18:10:11] [Chs2gds0q5c5sHk5GQqGy9JmwQg=] [teaman11] Checking offline messages for client
[2025-07-22 18:10:11] [Chs2gds0q5c5sHk5GQqGy9JmwQg=] [teaman11] No offline messages found
[2025-07-22 18:10:40] [RBwh+hLI7qM/5sBbq4UPaExpE30=] [Druid Сrow 🦅] Checking offline messages for client
[2025-07-22 18:10:40] [RBwh+hLI7qM/5sBbq4UPaExpE30=] [Druid Сrow 🦅] No offline messages found
[2025-07-22 18:12:55] [MHmdoAL2tS4k9FBfzlhXVa1GOyY=] [devl1] Checking offline messages for client
[2025-07-22 18:12:55] [MHmdoAL2tS4k9FBfzlhXVa1GOyY=] [devl1] No offline messages found
[2025-07-22 18:17:19] [MT8oeRkvUuomq+LLwJ/o9h4vTFA=] [TeamSpeakUser] Checking offline messages for client
[2025-07-22 18:17:19] [MT8oeRkvUuomq+LLwJ/o9h4vTFA=] [TeamSpeakUser] No offline messages found
[2025-07-22 18:17:32] [RBwh+hLI7qM/5sBbq4UPaExpE30=] [Druid Сrow 🦅] Checking offline messages for client
[2025-07-22 18:17:32] [RBwh+hLI7qM/5sBbq4UPaExpE30=] [Druid Сrow 🦅] No offline messages found
[2025-07-22 18:17:42] [Chs2gds0q5c5sHk5GQqGy9JmwQg=] [teaman11] Checking offline messages for client
[2025-07-22 18:17:42] [Chs2gds0q5c5sHk5GQqGy9JmwQg=] [teaman11] No offline messages found
[2025-07-22 18:22:41] [QFOoQ6Mg2dbrrKfVQEqUbdv5Eqg=] [dosma666] Checking offline messages for client
[2025-07-22 18:22:41] [QFOoQ6Mg2dbrrKfVQEqUbdv5Eqg=] [dosma666] No offline messages found
[2025-07-22 18:25:43] [CAXLSUAM56Ig7tLYqBzO8Lrc+lY=] [zulul] Checking offline messages for client
[2025-07-22 18:25:43] [CAXLSUAM56Ig7tLYqBzO8Lrc+lY=] [zulul] No offline messages found
[2025-07-22 18:28:02] [1fLfTv7a7WCXSiKCcl/56zaOGH4=] [TeamSpeakUser] Checking offline messages for client
[2025-07-22 18:28:02] [1fLfTv7a7WCXSiKCcl/56zaOGH4=] [TeamSpeakUser] No offline messages found
[2025-07-22 18:28:57] [eNxiZDOeggdj95ZNvuM5yeobkrU=] [Etienne] Checking offline messages for client
[2025-07-22 18:28:57] [eNxiZDOeggdj95ZNvuM5yeobkrU=] [Etienne] No offline messages found
[2025-07-22 18:31:41] [yNFUjD+LJEqojKPPlPGtCAVEYRU=] [Боцман777] Checking offline messages for client
[2025-07-22 18:31:41] [yNFUjD+LJEqojKPPlPGtCAVEYRU=] [Боцман777] No offline messages found
[2025-07-22 18:31:53] [qnI7tO/BboMdAQFjmSv9/gyQREY=] [büllük] Checking offline messages for client
[2025-07-22 18:31:53] [qnI7tO/BboMdAQFjmSv9/gyQREY=] [büllük] No offline messages found
[2025-07-22 18:45:00] [j4VaV46XhkmzcjbVPFuyIU0vCLs=] [nox] Checking offline messages for client
[2025-07-22 18:45:00] [j4VaV46XhkmzcjbVPFuyIU0vCLs=] [nox] No offline messages found
[2025-07-22 18:45:03] [rtdUFV+2q6gMB7LIOA5+y8SqhBY=] [mevlutozkara] Checking offline messages for client
[2025-07-22 18:45:03] [rtdUFV+2q6gMB7LIOA5+y8SqhBY=] [mevlutozkara] No offline messages found
[2025-07-22 18:45:03] [rtdUFV+2q6gMB7LIOA5+y8SqhBY=] [mevlutozkara] Checking offline messages for client
[2025-07-22 18:45:03] [rtdUFV+2q6gMB7LIOA5+y8SqhBY=] [mevlutozkara] No offline messages found
[2025-07-22 18:45:03] [rtdUFV+2q6gMB7LIOA5+y8SqhBY=] [mevlutozkara] Checking offline messages for client
[2025-07-22 18:45:03] [rtdUFV+2q6gMB7LIOA5+y8SqhBY=] [mevlutozkara] No offline messages found
[2025-07-22 19:06:44] [qnI7tO/BboMdAQFjmSv9/gyQREY=] [batu] Checking offline messages for client
[2025-07-22 19:06:44] [qnI7tO/BboMdAQFjmSv9/gyQREY=] [batu] No offline messages found
[2025-07-22 19:12:32] [zQBV+zr0os6YT3ktHjBJZW0cRd8=] [Tufix] Checking offline messages for client
[2025-07-22 19:12:32] [zQBV+zr0os6YT3ktHjBJZW0cRd8=] [Tufix] No offline messages found
[2025-07-22 19:17:11] [9aOHE8c0eoRv1QOeeRwzhgrF2KY=] [DrozD] Checking offline messages for client
[2025-07-22 19:17:11] [9aOHE8c0eoRv1QOeeRwzhgrF2KY=] [DrozD] No offline messages found
[2025-07-22 19:18:17] [xPOPrWPQum4PIXMqKPMGCRW2z7g=] [skbd] Checking offline messages for client
[2025-07-22 19:18:17] [xPOPrWPQum4PIXMqKPMGCRW2z7g=] [skbd] No offline messages found
[2025-07-22 19:18:26] [JeRDsn5NNuoif7xSE7UhSMCw9rc=] [TeamSpeakUser2] Checking offline messages for client
[2025-07-22 19:18:26] [JeRDsn5NNuoif7xSE7UhSMCw9rc=] [TeamSpeakUser2] No offline messages found
[2025-07-22 19:18:58] [xBMJD2Y2SpzPtIEf1cFbTuruz8Q=] [KAYMAKAM] Checking offline messages for client
[2025-07-22 19:18:58] [xBMJD2Y2SpzPtIEf1cFbTuruz8Q=] [KAYMAKAM] No offline messages found
[2025-07-22 19:19:25] [mg0CEi8kx9uVrgWEX5S2vt1Xexg=] [awegawg] Checking offline messages for client
[2025-07-22 19:19:25] [mg0CEi8kx9uVrgWEX5S2vt1Xexg=] [awegawg] No offline messages found
[2025-07-22 19:20:11] [s5SoU0O6Mp2lEkoeWlMc2247gBk=] [don] Checking offline messages for client
[2025-07-22 19:20:11] [s5SoU0O6Mp2lEkoeWlMc2247gBk=] [don] No offline messages found
[2025-07-22 19:21:34] [u37UZKIsHRy8fpvH8qv7OuhDpEw=] [AMINOV] Checking offline messages for client
[2025-07-22 19:21:34] [u37UZKIsHRy8fpvH8qv7OuhDpEw=] [AMINOV] No offline messages found
[2025-07-22 19:22:07] [s5SoU0O6Mp2lEkoeWlMc2247gBk=] [don] Checking offline messages for client
[2025-07-22 19:22:07] [s5SoU0O6Mp2lEkoeWlMc2247gBk=] [don] No offline messages found
[2025-07-22 19:22:37] [sjqmzYtYpIntGfG0qBsbOPaeLj8=] [HaronPohoron] Checking offline messages for client
[2025-07-22 19:22:37] [sjqmzYtYpIntGfG0qBsbOPaeLj8=] [HaronPohoron] No offline messages found
[2025-07-22 19:26:47] [1DnWLRgS2QfI/n3VG10tZCF37DE=] [yuno gasai] Checking offline messages for client
[2025-07-22 19:26:47] [1DnWLRgS2QfI/n3VG10tZCF37DE=] [yuno gasai] No offline messages found
[2025-07-22 19:27:09] [d/2RYNlm5B/Nn3BBGjS8/8tretA=] [LaPt] Checking offline messages for client
[2025-07-22 19:27:09] [d/2RYNlm5B/Nn3BBGjS8/8tretA=] [LaPt] No offline messages found
[2025-07-22 19:28:07] [vYdB4LqF9oGqrfx8sM2nXqb21o0=] [may1kid] Checking offline messages for client
[2025-07-22 19:28:07] [vYdB4LqF9oGqrfx8sM2nXqb21o0=] [may1kid] No offline messages found
[2025-07-22 19:28:07] [vYdB4LqF9oGqrfx8sM2nXqb21o0=] [may1kid] Checking offline messages for client
[2025-07-22 19:28:07] [vYdB4LqF9oGqrfx8sM2nXqb21o0=] [may1kid] No offline messages found
[2025-07-22 19:28:08] [vYdB4LqF9oGqrfx8sM2nXqb21o0=] [may1kid] Checking offline messages for client
[2025-07-22 19:28:08] [vYdB4LqF9oGqrfx8sM2nXqb21o0=] [may1kid] No offline messages found
[2025-07-22 19:28:22] [I6jOOSBap0dJfQxxrWEXasWM9n0=] [sharfyusha] Checking offline messages for client
[2025-07-22 19:28:22] [I6jOOSBap0dJfQxxrWEXasWM9n0=] [sharfyusha] No offline messages found
[2025-07-22 19:28:30] [Uu5KMlrBm4Z5LiLbdfTmVcSDXOU=] [I_XaSkI_I] Checking offline messages for client
[2025-07-22 19:28:30] [Uu5KMlrBm4Z5LiLbdfTmVcSDXOU=] [I_XaSkI_I] No offline messages found
[2025-07-22 19:29:07] [1DnWLRgS2QfI/n3VG10tZCF37DE=] [yuno gasai] Checking offline messages for client
[2025-07-22 19:29:07] [1DnWLRgS2QfI/n3VG10tZCF37DE=] [yuno gasai] No offline messages found
[2025-07-22 19:29:59] [5VQn2paiuiABX3QfxcJMoEhAyYQ=] [Almas1k] Checking offline messages for client
[2025-07-22 19:29:59] [5VQn2paiuiABX3QfxcJMoEhAyYQ=] [Almas1k] No offline messages found
[2025-07-22 19:32:27] [vcf11v3jd/xFa7z1CnYnPaKGg8g=] [Unspre] Checking offline messages for client
[2025-07-22 19:32:27] [vcf11v3jd/xFa7z1CnYnPaKGg8g=] [Unspre] No offline messages found
[2025-07-22 19:32:47] [1DnWLRgS2QfI/n3VG10tZCF37DE=] [yuno gasai] Checking offline messages for client
[2025-07-22 19:32:47] [1DnWLRgS2QfI/n3VG10tZCF37DE=] [yuno gasai] No offline messages found
[2025-07-22 19:33:24] [5hddc8haxgTOmC6YnU4i/CaEPsM=] [saadf] Checking offline messages for client
[2025-07-22 19:33:24] [5hddc8haxgTOmC6YnU4i/CaEPsM=] [saadf] No offline messages found
[2025-07-22 19:33:25] [Uu5KMlrBm4Z5LiLbdfTmVcSDXOU=] [I_XaSkI_I] Checking offline messages for client
[2025-07-22 19:33:25] [Uu5KMlrBm4Z5LiLbdfTmVcSDXOU=] [I_XaSkI_I] No offline messages found
[2025-07-22 19:33:45] [Tl3Bg1zFfrOJ+IRWyJh5UAIJ+5o=] [Efkeyy] Checking offline messages for client
[2025-07-22 19:33:45] [Tl3Bg1zFfrOJ+IRWyJh5UAIJ+5o=] [Efkeyy] No offline messages found
[2025-07-22 19:34:49] [7IfhiVJqPvgzaT8q6UzCUD1usuI=] [TeamSpeakUser] Checking offline messages for client
[2025-07-22 19:34:49] [7IfhiVJqPvgzaT8q6UzCUD1usuI=] [TeamSpeakUser] No offline messages found
[2025-07-22 19:35:59] [d/2RYNlm5B/Nn3BBGjS8/8tretA=] [LaPt] Checking offline messages for client
[2025-07-22 19:35:59] [d/2RYNlm5B/Nn3BBGjS8/8tretA=] [LaPt] No offline messages found
[2025-07-22 19:36:10] [KJ4zqn9pukLO1ChROBmAPzo3JKk=] [Shutn1k] Checking offline messages for client
[2025-07-22 19:36:10] [KJ4zqn9pukLO1ChROBmAPzo3JKk=] [Shutn1k] No offline messages found
[2025-07-22 19:36:41] [9L00arJzCt1G2LLDRV0HQCJjofM=] [osasderlerbana] Checking offline messages for client
[2025-07-22 19:36:41] [9L00arJzCt1G2LLDRV0HQCJjofM=] [osasderlerbana] No offline messages found
[2025-07-22 19:40:04] [nYYlWUs5YkYKnWWsLhHJIhbnlmA=] [HanS] Checking offline messages for client
[2025-07-22 19:40:04] [nYYlWUs5YkYKnWWsLhHJIhbnlmA=] [HanS] No offline messages found
[2025-07-22 19:41:03] [nYYlWUs5YkYKnWWsLhHJIhbnlmA=] [HanS] Checking offline messages for client
[2025-07-22 19:41:03] [nYYlWUs5YkYKnWWsLhHJIhbnlmA=] [HanS] No offline messages found
[2025-07-22 19:46:55] [1J9/ZPnHxEL704aM8z0q1FXAbwA=] [redan_22] Checking offline messages for client
[2025-07-22 19:46:55] [1J9/ZPnHxEL704aM8z0q1FXAbwA=] [redan_22] No offline messages found
[2025-07-22 19:47:45] [vQBpA0VvBo3XlFVJd2yFUhlAD5E=] [whoismert] Checking offline messages for client
[2025-07-22 19:47:45] [vQBpA0VvBo3XlFVJd2yFUhlAD5E=] [whoismert] No offline messages found
[2025-07-22 19:47:48] [I6jOOSBap0dJfQxxrWEXasWM9n0=] [sharfyusha] Checking offline messages for client
[2025-07-22 19:47:48] [I6jOOSBap0dJfQxxrWEXasWM9n0=] [sharfyusha] No offline messages found
[2025-07-22 19:48:36] [iyVQVtmbSrTKhWTLGWQUmQX+5m4=] [cuffe] Checking offline messages for client
[2025-07-22 19:48:36] [iyVQVtmbSrTKhWTLGWQUmQX+5m4=] [cuffe] No offline messages found
[2025-07-22 19:49:20] [iyVQVtmbSrTKhWTLGWQUmQX+5m4=] [cuffe] Checking offline messages for client
[2025-07-22 19:49:20] [iyVQVtmbSrTKhWTLGWQUmQX+5m4=] [cuffe] No offline messages found
[2025-07-22 19:51:56] [S4nJnfZbC50B772ngduYc9QqqU0=] [PIADORAZZZ] Checking offline messages for client
[2025-07-22 19:51:56] [S4nJnfZbC50B772ngduYc9QqqU0=] [PIADORAZZZ] No offline messages found
[2025-07-22 19:52:53] [xBMJD2Y2SpzPtIEf1cFbTuruz8Q=] [KAYMAKAM] Checking offline messages for client
[2025-07-22 19:52:53] [xBMJD2Y2SpzPtIEf1cFbTuruz8Q=] [KAYMAKAM] No offline messages found
[2025-07-22 19:56:14] [S4nJnfZbC50B772ngduYc9QqqU0=] [PIADORAZZZ] Checking offline messages for client
[2025-07-22 19:56:14] [S4nJnfZbC50B772ngduYc9QqqU0=] [PIADORAZZZ] No offline messages found
[2025-07-22 19:56:51] [qnI7tO/BboMdAQFjmSv9/gyQREY=] [batuhnn] Checking offline messages for client
[2025-07-22 19:56:51] [qnI7tO/BboMdAQFjmSv9/gyQREY=] [batuhnn] No offline messages found
[2025-07-22 19:59:24] [vQBpA0VvBo3XlFVJd2yFUhlAD5E=] [whoismert] Checking offline messages for client
[2025-07-22 19:59:24] [vQBpA0VvBo3XlFVJd2yFUhlAD5E=] [whoismert] No offline messages found
[2025-07-22 20:00:04] [yBICHbhgjt9SlHyQu3BZbOYMUQU=] [H0R0Z] Checking offline messages for client
[2025-07-22 20:00:04] [yBICHbhgjt9SlHyQu3BZbOYMUQU=] [H0R0Z] No offline messages found
[2025-07-22 20:00:42] [xPOPrWPQum4PIXMqKPMGCRW2z7g=] [skbd] Checking offline messages for client
[2025-07-22 20:00:42] [xPOPrWPQum4PIXMqKPMGCRW2z7g=] [skbd] No offline messages found
[2025-07-22 20:06:27] [lPq8Y8B1JOHL6QoSGZDwJ6xzT7Q=] [vata] Checking offline messages for client
[2025-07-22 20:06:27] [lPq8Y8B1JOHL6QoSGZDwJ6xzT7Q=] [vata] No offline messages found
[2025-07-22 20:06:50] [+eY62p4z2Yc8MBABvp55HWZZJ18=] [saulov] Checking offline messages for client
[2025-07-22 20:06:50] [+eY62p4z2Yc8MBABvp55HWZZJ18=] [saulov] No offline messages found
[2025-07-22 20:13:59] [lYnVEWVma0Kzv/p4bpCgYZ9twnA=] [I ❤ US Rap Only] Client in ignored group, skipping offline messages check
[2025-07-22 20:13:59] [CTJJYp6g0ooZW+p10o4IHQNYVIQ=] [I ❤ 2 Dance] Client in ignored group, skipping offline messages check
[2025-07-22 20:13:59] [CTJJYp6g0ooZW+p10o4IHQNYVIQ=] [I ❤ US Rap Only] Client in ignored group, skipping offline messages check
[2025-07-22 20:13:59] [CTJJYp6g0ooZW+p10o4IHQNYVIQ=] [I ❤ US Rap Only] Client in ignored group, skipping offline messages check
[2025-07-22 20:14:00] [XdfBPIFBI3AGf0ZCZTbFFDB3TjU=] [I ❤ Greatest Hits] Client in ignored group, skipping offline messages check
[2025-07-22 20:14:00] [X5IbyBv3WtlcgFhjUdRkdzckDnA=] [[#]Misc] Client in ignored group, skipping offline messages check
[2025-07-22 20:14:00] [X5IbyBv3WtlcgFhjUdRkdzckDnA=] [[#]Misc] Client in ignored group, skipping offline messages check
[2025-07-22 20:16:54] [X5IbyBv3WtlcgFhjUdRkdzckDnA=] [[#]Misc] Client in ignored group, skipping offline messages check
[2025-07-22 20:16:54] [CTJJYp6g0ooZW+p10o4IHQNYVIQ=] [I ❤ 2 Dance] Client in ignored group, skipping offline messages check
[2025-07-22 20:16:55] [CTJJYp6g0ooZW+p10o4IHQNYVIQ=] [I ❤ 2 Dance] Client in ignored group, skipping offline messages check
[2025-07-22 20:16:55] [CTJJYp6g0ooZW+p10o4IHQNYVIQ=] [I ❤ 2 Dance] Client in ignored group, skipping offline messages check
[2025-07-22 20:16:55] [lYnVEWVma0Kzv/p4bpCgYZ9twnA=] [I ❤ US Rap Only] Client in ignored group, skipping offline messages check
[2025-07-22 20:16:55] [lYnVEWVma0Kzv/p4bpCgYZ9twnA=] [I ❤ US Rap Only] Client in ignored group, skipping offline messages check
[2025-07-22 20:17:09] [u37UZKIsHRy8fpvH8qv7OuhDpEw=] [AMINOV] Checking offline messages for client
[2025-07-22 20:17:09] [u37UZKIsHRy8fpvH8qv7OuhDpEw=] [AMINOV] No offline messages found
[2025-07-22 20:17:15] [nYYlWUs5YkYKnWWsLhHJIhbnlmA=] [HanS] Checking offline messages for client
[2025-07-22 20:17:15] [nYYlWUs5YkYKnWWsLhHJIhbnlmA=] [HanS] No offline messages found
[2025-07-22 20:19:13] [g95LkcovmlDSBBJIdmdv0zN6QBs=] [baysikimdeğil] Checking offline messages for client
[2025-07-22 20:19:13] [g95LkcovmlDSBBJIdmdv0zN6QBs=] [baysikimdeğil] No offline messages found
[2025-07-22 20:19:26] [BO0uwuoQWJlo9eiY1ZibP+RBzaY=] [haajiton] Checking offline messages for client
[2025-07-22 20:19:26] [BO0uwuoQWJlo9eiY1ZibP+RBzaY=] [haajiton] No offline messages found
[2025-07-22 20:21:07] [syGc3yR+8xBjPN6kLg2zE+r+Bwg=] [Gosh] Checking offline messages for client
[2025-07-22 20:21:07] [syGc3yR+8xBjPN6kLg2zE+r+Bwg=] [Gosh] No offline messages found
[2025-07-22 20:22:37] [8F/wqyUZbzkbJnHcA07nhS4DohU=] [dimafreddyy] Checking offline messages for client
[2025-07-22 20:22:37] [8F/wqyUZbzkbJnHcA07nhS4DohU=] [dimafreddyy] No offline messages found
[2025-07-22 20:22:59] [zplLYXriSF0hqWw82HYme0Qb6hU=] [BlvckMafia] Checking offline messages for client
[2025-07-22 20:22:59] [zplLYXriSF0hqWw82HYme0Qb6hU=] [BlvckMafia] No offline messages found
[2025-07-22 20:23:04] [MmC0G6Fn/8u8/dnmAAQ+nxHv6EM=] [TeamSpeakUser1] Checking offline messages for client
[2025-07-22 20:23:04] [MmC0G6Fn/8u8/dnmAAQ+nxHv6EM=] [TeamSpeakUser1] No offline messages found
[2025-07-22 20:25:13] [37H/lttZ8+4bwWOCES4zZFUkIOg=] [crzfrg77] Checking offline messages for client
[2025-07-22 20:25:13] [37H/lttZ8+4bwWOCES4zZFUkIOg=] [crzfrg77] No offline messages found
[2025-07-22 20:25:47] [WqJ7G2qJdQ8kspL597ANASGN6Qc=] [леха] Checking offline messages for client
[2025-07-22 20:25:47] [WqJ7G2qJdQ8kspL597ANASGN6Qc=] [леха] No offline messages found
[2025-07-22 20:26:55] [C3ony4dh8njCYB62/cIXXbMG1IA=] [Чех] Checking offline messages for client
[2025-07-22 20:26:55] [C3ony4dh8njCYB62/cIXXbMG1IA=] [Чех] No offline messages found
[2025-07-22 20:27:08] [cm+zDw/4zDuQN120Qa8q1mW/fIQ=] [hudabin] Checking offline messages for client
[2025-07-22 20:27:08] [cm+zDw/4zDuQN120Qa8q1mW/fIQ=] [hudabin] No offline messages found
[2025-07-22 20:32:28] [raAePR7lHPhNIRleevueRUQgaPg=] [Seyit] Checking offline messages for client
[2025-07-22 20:32:28] [raAePR7lHPhNIRleevueRUQgaPg=] [Seyit] No offline messages found
[2025-07-22 20:32:44] [kTd29/WoY6kTCwFudlNFg7fSHEA=] [ChaRLIE] Checking offline messages for client
[2025-07-22 20:32:44] [kTd29/WoY6kTCwFudlNFg7fSHEA=] [ChaRLIE] No offline messages found
[2025-07-22 20:33:09] [2Lx63FxcyvHlLbs3Khbo5bJe6mY=] [Last] Checking offline messages for client
[2025-07-22 20:33:09] [2Lx63FxcyvHlLbs3Khbo5bJe6mY=] [Last] No offline messages found
[2025-07-22 20:33:18] [yBICHbhgjt9SlHyQu3BZbOYMUQU=] [H0R0Z] Checking offline messages for client
[2025-07-22 20:33:18] [yBICHbhgjt9SlHyQu3BZbOYMUQU=] [H0R0Z] No offline messages found
[2025-07-22 20:35:47] [Di2MaUkDvWG/4yTOmNqIBWAhaIM=] [astraiser] Checking offline messages for client
[2025-07-22 20:35:47] [Di2MaUkDvWG/4yTOmNqIBWAhaIM=] [astraiser] No offline messages found
[2025-07-22 20:36:39] [pUCIpssKzbEhYAmtB8xcuFXcEsU=] [mostafa] Checking offline messages for client
[2025-07-22 20:36:39] [pUCIpssKzbEhYAmtB8xcuFXcEsU=] [mostafa] No offline messages found
[2025-07-22 20:40:21] [jnDQ5oFGfUiT4j6Wm8eE+z+Bp70=] [radin] Checking offline messages for client
[2025-07-22 20:40:21] [jnDQ5oFGfUiT4j6Wm8eE+z+Bp70=] [radin] No offline messages found
[2025-07-22 20:43:07] [Y87CyZ0z4OCWoHrzcXmcfNJGgn8=] [Ghost] Checking offline messages for client
[2025-07-22 20:43:07] [Y87CyZ0z4OCWoHrzcXmcfNJGgn8=] [Ghost] No offline messages found
[2025-07-22 20:43:35] [RN5q34hvf046r4qme1+T2IWlORI=] [maksik] Checking offline messages for client
[2025-07-22 20:43:35] [RN5q34hvf046r4qme1+T2IWlORI=] [maksik] No offline messages found
[2025-07-22 20:44:27] [GvKQC+0wB2vJXrx64sJ8sS41K2w=] [Pol'zovatel'] Checking offline messages for client
[2025-07-22 20:44:27] [GvKQC+0wB2vJXrx64sJ8sS41K2w=] [Pol'zovatel'] No offline messages found
[2025-07-22 20:44:44] [GvKQC+0wB2vJXrx64sJ8sS41K2w=] [Pol'zovatel'] Checking offline messages for client
[2025-07-22 20:44:44] [GvKQC+0wB2vJXrx64sJ8sS41K2w=] [Pol'zovatel'] No offline messages found
[2025-07-22 20:45:37] [ruBTdp0pA5iSR/zKwFt9sBDK+SI=] [alexei_shubin] Checking offline messages for client
[2025-07-22 20:45:37] [ruBTdp0pA5iSR/zKwFt9sBDK+SI=] [alexei_shubin] No offline messages found
[2025-07-22 20:46:20] [bpYy2KHBOaR6J2N4nhZGGnVwzS4=] [vatrushka_maretty] Checking offline messages for client
[2025-07-22 20:46:20] [bpYy2KHBOaR6J2N4nhZGGnVwzS4=] [vatrushka_maretty] No offline messages found
[2025-07-22 20:50:19] [MCH5CUuHw7qLHVegyroS34EN/pQ=] [PastA1] Checking offline messages for client
[2025-07-22 20:50:19] [MCH5CUuHw7qLHVegyroS34EN/pQ=] [PastA1] No offline messages found
[2025-07-22 20:53:08] [9p0xOREGKerJxTf05V80UTNAtss=] [DrAlios] Checking offline messages for client
[2025-07-22 20:53:08] [9p0xOREGKerJxTf05V80UTNAtss=] [DrAlios] No offline messages found
[2025-07-22 20:53:08] [9p0xOREGKerJxTf05V80UTNAtss=] [DrAlios] Checking offline messages for client
[2025-07-22 20:53:08] [9p0xOREGKerJxTf05V80UTNAtss=] [DrAlios] No offline messages found
[2025-07-22 20:53:08] [9p0xOREGKerJxTf05V80UTNAtss=] [DrAlios] Checking offline messages for client
[2025-07-22 20:53:08] [9p0xOREGKerJxTf05V80UTNAtss=] [DrAlios] No offline messages found
[2025-07-22 20:53:30] [nLGruLd7y1h+FyxV3x35DtNuYwE=] [Erinof] Checking offline messages for client
[2025-07-22 20:53:30] [nLGruLd7y1h+FyxV3x35DtNuYwE=] [Erinof] No offline messages found
[2025-07-22 20:53:38] [WUFbI2wm1TirPkulhTRESNYToW0=] [sajjad] Checking offline messages for client
[2025-07-22 20:53:38] [WUFbI2wm1TirPkulhTRESNYToW0=] [sajjad] No offline messages found
[2025-07-22 20:54:29] [rNfJydvnJkZo5plQNlK7IXEjh0E=] [ssseiko] Checking offline messages for client
[2025-07-22 20:54:29] [rNfJydvnJkZo5plQNlK7IXEjh0E=] [ssseiko] No offline messages found
[2025-07-22 20:57:21] [SBv8POQ/KbJEokJuPb4wsFePAa4=] [ilan] Checking offline messages for client
[2025-07-22 20:57:21] [SBv8POQ/KbJEokJuPb4wsFePAa4=] [ilan] No offline messages found
[2025-07-22 20:57:38] [t31curkqcBIW+Mm1lFuXP/STLZo=] [1nemanjaves] Checking offline messages for client
[2025-07-22 20:57:38] [t31curkqcBIW+Mm1lFuXP/STLZo=] [1nemanjaves] No offline messages found
[2025-07-22 20:57:52] [feOILq7xTfQKUz3XLeAaieA6Mwg=] [Lucky13] Checking offline messages for client
[2025-07-22 20:57:52] [feOILq7xTfQKUz3XLeAaieA6Mwg=] [Lucky13] No offline messages found
[2025-07-22 21:01:14] [fH55ADpBJR2Pf03gH5EIVyAAuTk=] [W1zard] Checking offline messages for client
[2025-07-22 21:01:14] [fH55ADpBJR2Pf03gH5EIVyAAuTk=] [W1zard] No offline messages found
[2025-07-22 21:01:18] [4Trzz2r9looYqjT6W05btyo3lzs=] [ridzazz] Checking offline messages for client
[2025-07-22 21:01:18] [4Trzz2r9looYqjT6W05btyo3lzs=] [ridzazz] No offline messages found
[2025-07-22 21:02:04] [vYdB4LqF9oGqrfx8sM2nXqb21o0=] [may1kid] Checking offline messages for client
[2025-07-22 21:02:04] [vYdB4LqF9oGqrfx8sM2nXqb21o0=] [may1kid] No offline messages found
[2025-07-22 21:02:44] [V/sE7GD+jPAQPdHRhDxgmql0tFI=] [Jabberson] Checking offline messages for client
[2025-07-22 21:02:44] [V/sE7GD+jPAQPdHRhDxgmql0tFI=] [Jabberson] No offline messages found
[2025-07-22 21:06:41] [RBwh+hLI7qM/5sBbq4UPaExpE30=] [Druid Сrow 🦅] Checking offline messages for client
[2025-07-22 21:06:41] [RBwh+hLI7qM/5sBbq4UPaExpE30=] [Druid Сrow 🦅] No offline messages found
[2025-07-22 21:06:43] [eNxiZDOeggdj95ZNvuM5yeobkrU=] [Etienne] Checking offline messages for client
[2025-07-22 21:06:43] [eNxiZDOeggdj95ZNvuM5yeobkrU=] [Etienne] No offline messages found
[2025-07-22 21:06:43] [eNxiZDOeggdj95ZNvuM5yeobkrU=] [Etienne] Checking offline messages for client
[2025-07-22 21:06:43] [eNxiZDOeggdj95ZNvuM5yeobkrU=] [Etienne] No offline messages found
[2025-07-22 21:06:44] [eNxiZDOeggdj95ZNvuM5yeobkrU=] [Etienne] Checking offline messages for client
[2025-07-22 21:06:44] [eNxiZDOeggdj95ZNvuM5yeobkrU=] [Etienne] No offline messages found
[2025-07-22 21:07:47] [vcf11v3jd/xFa7z1CnYnPaKGg8g=] [Unspre] Checking offline messages for client
[2025-07-22 21:07:47] [vcf11v3jd/xFa7z1CnYnPaKGg8g=] [Unspre] No offline messages found
[2025-07-22 21:07:55] [GRmt7jZLfS3A+SdGDckb2BiZEAk=] [sameqqq] Checking offline messages for client
[2025-07-22 21:07:55] [GRmt7jZLfS3A+SdGDckb2BiZEAk=] [sameqqq] No offline messages found
[2025-07-22 21:09:01] [0aA4TFX9DiEfMIQXh3Te1boW3nc=] [shauitan] Checking offline messages for client
[2025-07-22 21:09:01] [0aA4TFX9DiEfMIQXh3Te1boW3nc=] [shauitan] No offline messages found
[2025-07-22 21:09:28] [UdbBcKWf6LkTzduFqP+Z35leL0U=] [Серега] Checking offline messages for client
[2025-07-22 21:09:28] [UdbBcKWf6LkTzduFqP+Z35leL0U=] [Серега] No offline messages found
[2025-07-22 21:10:11] [igLR0Qw88l2utvuPuQTy5TXjVdA=] [AlvaRoniXs] Checking offline messages for client
[2025-07-22 21:10:11] [igLR0Qw88l2utvuPuQTy5TXjVdA=] [AlvaRoniXs] No offline messages found
[2025-07-22 21:10:43] [1fLfTv7a7WCXSiKCcl/56zaOGH4=] [TeamSpeakUser] Checking offline messages for client
[2025-07-22 21:10:43] [1fLfTv7a7WCXSiKCcl/56zaOGH4=] [TeamSpeakUser] No offline messages found
[2025-07-22 21:10:59] [RBwh+hLI7qM/5sBbq4UPaExpE30=] [Druid Сrow 🦅] Checking offline messages for client
[2025-07-22 21:10:59] [RBwh+hLI7qM/5sBbq4UPaExpE30=] [Druid Сrow 🦅] No offline messages found
[2025-07-22 21:15:38] [BEg2/olv1HHNvUSRHS+tb2VFbnw=] [lilja] Checking offline messages for client
[2025-07-22 21:15:38] [BEg2/olv1HHNvUSRHS+tb2VFbnw=] [lilja] No offline messages found
[2025-07-22 21:18:42] [HWLzM87+yNul7zc6POACMa/NjHo=] [TeamSpeakUser] Checking offline messages for client
[2025-07-22 21:18:42] [HWLzM87+yNul7zc6POACMa/NjHo=] [TeamSpeakUser] No offline messages found
[2025-07-22 21:21:29] [sjqmzYtYpIntGfG0qBsbOPaeLj8=] [HaronPohoron] Checking offline messages for client
[2025-07-22 21:21:29] [sjqmzYtYpIntGfG0qBsbOPaeLj8=] [HaronPohoron] No offline messages found
[2025-07-22 21:21:43] [BO0uwuoQWJlo9eiY1ZibP+RBzaY=] [haajiton] Checking offline messages for client
[2025-07-22 21:21:43] [BO0uwuoQWJlo9eiY1ZibP+RBzaY=] [haajiton] No offline messages found
[2025-07-22 21:21:50] [jnDQ5oFGfUiT4j6Wm8eE+z+Bp70=] [radin] Checking offline messages for client
[2025-07-22 21:21:50] [jnDQ5oFGfUiT4j6Wm8eE+z+Bp70=] [radin] No offline messages found
[2025-07-22 21:24:26] [1nHWWpwvoZf+IGl6BaPDK6nG9mg=] [FataL1Day] Checking offline messages for client
[2025-07-22 21:24:26] [1nHWWpwvoZf+IGl6BaPDK6nG9mg=] [FataL1Day] No offline messages found
[2025-07-22 21:24:41] [1nHWWpwvoZf+IGl6BaPDK6nG9mg=] [FataL1Day] Checking offline messages for client
[2025-07-22 21:24:41] [1nHWWpwvoZf+IGl6BaPDK6nG9mg=] [FataL1Day] No offline messages found
[2025-07-22 21:26:28] [CivIdqvdtxSJX+mCOeU13yota9Y=] [digitalmix] Checking offline messages for client
[2025-07-22 21:26:28] [CivIdqvdtxSJX+mCOeU13yota9Y=] [digitalmix] No offline messages found
[2025-07-22 21:27:51] [HL1M4htZuC4hSl/P/HyqYlf2rf8=] [CİHO] Checking offline messages for client
[2025-07-22 21:27:51] [HL1M4htZuC4hSl/P/HyqYlf2rf8=] [CİHO] No offline messages found
[2025-07-22 21:27:51] [HL1M4htZuC4hSl/P/HyqYlf2rf8=] [CİHO] Checking offline messages for client
[2025-07-22 21:27:51] [HL1M4htZuC4hSl/P/HyqYlf2rf8=] [CİHO] No offline messages found
[2025-07-22 21:27:51] [HL1M4htZuC4hSl/P/HyqYlf2rf8=] [CİHO] Checking offline messages for client
[2025-07-22 21:27:51] [HL1M4htZuC4hSl/P/HyqYlf2rf8=] [CİHO] No offline messages found
[2025-07-22 21:28:13] [dnD06izVXlp3jUstWLppyYzz/I0=] [-ipq] Checking offline messages for client
[2025-07-22 21:28:13] [dnD06izVXlp3jUstWLppyYzz/I0=] [-ipq] No offline messages found
[2025-07-22 21:28:29] [nKM59hxTojEpwTkMTG1uWArmxms=] [rowdy] Checking offline messages for client
[2025-07-22 21:28:29] [nKM59hxTojEpwTkMTG1uWArmxms=] [rowdy] No offline messages found
[2025-07-22 21:29:28] [UINiUnQ/eAgNIPOPr4tSfW+qXvo=] [Потужний Фід] Checking offline messages for client
[2025-07-22 21:29:28] [UINiUnQ/eAgNIPOPr4tSfW+qXvo=] [Потужний Фід] No offline messages found
[2025-07-22 21:30:03] [5///RY5O3lWAleQ3nLbAjuCos5k=] [fazerov] Checking offline messages for client
[2025-07-22 21:30:03] [5///RY5O3lWAleQ3nLbAjuCos5k=] [fazerov] No offline messages found
[2025-07-22 21:30:51] [SBv8POQ/KbJEokJuPb4wsFePAa4=] [ilan] Checking offline messages for client
[2025-07-22 21:30:51] [SBv8POQ/KbJEokJuPb4wsFePAa4=] [ilan] No offline messages found
[2025-07-22 21:31:38] [R6w4zncMqAp7xPym2ZI34QgxVBA=] [ADANALII] Checking offline messages for client
[2025-07-22 21:31:38] [R6w4zncMqAp7xPym2ZI34QgxVBA=] [ADANALII] No offline messages found
[2025-07-22 21:31:40] [MsEkzMhCYhGDxkY/zeShou/bpNo=] [langust02] Checking offline messages for client
[2025-07-22 21:31:40] [MsEkzMhCYhGDxkY/zeShou/bpNo=] [langust02] No offline messages found
[2025-07-22 21:31:49] [pM39vwBC404mshweezryIEAS3ZQ=] [Columb] Checking offline messages for client
[2025-07-22 21:31:49] [pM39vwBC404mshweezryIEAS3ZQ=] [Columb] No offline messages found
[2025-07-22 21:32:42] [G88zjUkHJLCbZF/QycvkVmMnPJA=] [ZeyphiZ] Checking offline messages for client
[2025-07-22 21:32:42] [G88zjUkHJLCbZF/QycvkVmMnPJA=] [ZeyphiZ] No offline messages found
[2025-07-22 21:32:59] [0VtbEK5GPt+65c4OY/7yGiDgTl4=] [NaCl_] Checking offline messages for client
[2025-07-22 21:32:59] [0VtbEK5GPt+65c4OY/7yGiDgTl4=] [NaCl_] No offline messages found
[2025-07-22 21:33:24] [qTbiuLvuv0AOhjUmVX+VILte18g=] [sadfay] Checking offline messages for client
[2025-07-22 21:33:24] [qTbiuLvuv0AOhjUmVX+VILte18g=] [sadfay] No offline messages found
[2025-07-22 21:35:20] [MsEkzMhCYhGDxkY/zeShou/bpNo=] [langust02] Checking offline messages for client
[2025-07-22 21:35:20] [MsEkzMhCYhGDxkY/zeShou/bpNo=] [langust02] No offline messages found
[2025-07-22 21:35:35] [Zn/9+bT2XSO9sc6lE0+QcGA4eu4=] [sanq] Checking offline messages for client
[2025-07-22 21:35:35] [Zn/9+bT2XSO9sc6lE0+QcGA4eu4=] [sanq] No offline messages found
[2025-07-22 21:36:41] [1J9/ZPnHxEL704aM8z0q1FXAbwA=] [redan_22] Checking offline messages for client
[2025-07-22 21:36:41] [1J9/ZPnHxEL704aM8z0q1FXAbwA=] [redan_22] No offline messages found
[2025-07-22 21:41:16] [/ncNPlReVFMcogQXANbFudn+xRk=] [KC_Agee] Checking offline messages for client
[2025-07-22 21:41:16] [/ncNPlReVFMcogQXANbFudn+xRk=] [KC_Agee] No offline messages found
[2025-07-22 21:46:25] [MsEkzMhCYhGDxkY/zeShou/bpNo=] [langust02] Checking offline messages for client
[2025-07-22 21:46:25] [MsEkzMhCYhGDxkY/zeShou/bpNo=] [langust02] No offline messages found
[2025-07-22 21:47:52] [HL1M4htZuC4hSl/P/HyqYlf2rf8=] [CİHO] Checking offline messages for client
[2025-07-22 21:47:52] [HL1M4htZuC4hSl/P/HyqYlf2rf8=] [CİHO] No offline messages found
[2025-07-22 21:55:33] [mgYwRbcyydNZq/21AJsjLsv4lb8=] [Alliansic] Checking offline messages for client
[2025-07-22 21:55:33] [mgYwRbcyydNZq/21AJsjLsv4lb8=] [Alliansic] No offline messages found
[2025-07-22 21:56:41] [Ur4QEkJdoUnTlF/3Qq/fhchir7U=] [Alex0807] Checking offline messages for client
[2025-07-22 21:56:41] [Ur4QEkJdoUnTlF/3Qq/fhchir7U=] [Alex0807] No offline messages found
[2025-07-22 21:58:51] [0k7iJrGzj7haOvrih6GAxyrXHtM=] [Sebitzuu] Checking offline messages for client
[2025-07-22 21:58:51] [0k7iJrGzj7haOvrih6GAxyrXHtM=] [Sebitzuu] No offline messages found
[2025-07-22 22:00:28] [y8www1vX+Fcxdsy3fifmpFwkYkA=] [KingDriver] Checking offline messages for client
[2025-07-22 22:00:28] [y8www1vX+Fcxdsy3fifmpFwkYkA=] [KingDriver] No offline messages found
[2025-07-22 22:00:38] [9VOvuCUTFsxvS66+GQFQcJDlwSc=] [TeamSpeakUser3] Checking offline messages for client
[2025-07-22 22:00:38] [9VOvuCUTFsxvS66+GQFQcJDlwSc=] [TeamSpeakUser3] No offline messages found
[2025-07-22 22:01:03] [p3y14lookJnxOaey9QPtkzjlnFM=] [JannnNNN] Checking offline messages for client
[2025-07-22 22:01:03] [p3y14lookJnxOaey9QPtkzjlnFM=] [JannnNNN] No offline messages found
[2025-07-22 22:01:07] [q+Dme7hw+JksFcc5wayDrCFM5bk=] [yngbldd] Checking offline messages for client
[2025-07-22 22:01:07] [q+Dme7hw+JksFcc5wayDrCFM5bk=] [yngbldd] No offline messages found
[2025-07-22 22:01:10] [dNRYIZtk71CY8BBDYawxb2cjIk8=] [Cencya1] Checking offline messages for client
[2025-07-22 22:01:10] [dNRYIZtk71CY8BBDYawxb2cjIk8=] [Cencya1] No offline messages found
[2025-07-22 22:03:00] [OJ7ovzzJEZfWOoDTnPWqcRESxgA=] [TEANZUS] Checking offline messages for client
[2025-07-22 22:03:00] [OJ7ovzzJEZfWOoDTnPWqcRESxgA=] [TEANZUS] No offline messages found
[2025-07-22 22:07:39] [SBv8POQ/KbJEokJuPb4wsFePAa4=] [ilan] Checking offline messages for client
[2025-07-22 22:07:39] [SBv8POQ/KbJEokJuPb4wsFePAa4=] [ilan] No offline messages found
[2025-07-22 22:14:07] [9nxj1e/LbBNMOHmCFqrsRyQ6MSw=] [_MERS_] Checking offline messages for client
[2025-07-22 22:14:07] [9nxj1e/LbBNMOHmCFqrsRyQ6MSw=] [_MERS_] No offline messages found
[2025-07-22 22:15:15] [0hMeGpv24E/9oRNVleCNhwxNrkQ=] [__Kharakternik__] Checking offline messages for client
[2025-07-22 22:15:15] [0hMeGpv24E/9oRNVleCNhwxNrkQ=] [__Kharakternik__] No offline messages found
[2025-07-22 22:19:09] [ZRJE0ISA13RmnFcasOlw68BVsNY=] [F4funder] Checking offline messages for client
[2025-07-22 22:19:09] [ZRJE0ISA13RmnFcasOlw68BVsNY=] [F4funder] No offline messages found
[2025-07-22 22:20:12] [R3WL4DAKFPttRxrEj7z86Sw0kfY=] [C1klope] Checking offline messages for client
[2025-07-22 22:20:12] [R3WL4DAKFPttRxrEj7z86Sw0kfY=] [C1klope] No offline messages found
[2025-07-22 22:20:34] [PZhbTMbM8NFkjMmLpRDR81hHjls=] [xtatic] Checking offline messages for client
[2025-07-22 22:20:34] [PZhbTMbM8NFkjMmLpRDR81hHjls=] [xtatic] No offline messages found
[2025-07-22 22:25:35] [1bxlkLWE1YEds4euACE9lSAD0Jg=] [Mr..Fury] Checking offline messages for client
[2025-07-22 22:25:35] [1bxlkLWE1YEds4euACE9lSAD0Jg=] [Mr..Fury] No offline messages found
[2025-07-22 22:30:02] [rfSlRu7uzjI8pCmk2erQZXW6+7M=] [2212312] Checking offline messages for client
[2025-07-22 22:30:02] [rfSlRu7uzjI8pCmk2erQZXW6+7M=] [2212312] No offline messages found
[2025-07-22 22:32:17] [esphB+mG2+N8I3ntRjK04Tgvv7o=] [Phantor] Checking offline messages for client
[2025-07-22 22:32:17] [esphB+mG2+N8I3ntRjK04Tgvv7o=] [Phantor] No offline messages found
[2025-07-22 22:35:28] [jdsZBBcuEzD3+oBXRBnVPJpGkI4=] [eatmyb8ls] Checking offline messages for client
[2025-07-22 22:35:28] [jdsZBBcuEzD3+oBXRBnVPJpGkI4=] [eatmyb8ls] No offline messages found
[2025-07-22 22:36:33] [bY73N1BM8QCmyrmXL2ppUBMWPMc=] [KRGZL] Checking offline messages for client
[2025-07-22 22:36:33] [bY73N1BM8QCmyrmXL2ppUBMWPMc=] [KRGZL] No offline messages found
[2025-07-22 22:39:04] [EGB+WVGsn8pfv6n3rdpnkmLpN6w=] [lordilaz] Checking offline messages for client
[2025-07-22 22:39:04] [EGB+WVGsn8pfv6n3rdpnkmLpN6w=] [lordilaz] No offline messages found
[2025-07-22 22:41:02] [eNxiZDOeggdj95ZNvuM5yeobkrU=] [Etienne] Checking offline messages for client
[2025-07-22 22:41:02] [eNxiZDOeggdj95ZNvuM5yeobkrU=] [Etienne] No offline messages found
[2025-07-22 22:41:50] [7lkgv1NgBUC4Nbvfz0XxfSTDHSQ=] [Platonuch_UA] Checking offline messages for client
[2025-07-22 22:41:50] [7lkgv1NgBUC4Nbvfz0XxfSTDHSQ=] [Platonuch_UA] No offline messages found
[2025-07-22 22:46:16] [vYdB4LqF9oGqrfx8sM2nXqb21o0=] [may1kid] Checking offline messages for client
[2025-07-22 22:46:16] [vYdB4LqF9oGqrfx8sM2nXqb21o0=] [may1kid] No offline messages found
[2025-07-22 22:46:39] [TWI+XXGLu2pwzCW3cEOZstlE9X4=] [FlavianFCP] Checking offline messages for client
[2025-07-22 22:46:39] [TWI+XXGLu2pwzCW3cEOZstlE9X4=] [FlavianFCP] No offline messages found
[2025-07-22 22:47:25] [MmC0G6Fn/8u8/dnmAAQ+nxHv6EM=] [TeamSpeakUser1] Checking offline messages for client
[2025-07-22 22:47:25] [MmC0G6Fn/8u8/dnmAAQ+nxHv6EM=] [TeamSpeakUser1] No offline messages found
[2025-07-22 22:54:02] [3PUL5t5Jz0KW4hyrBCzi+BArN60=] [tenshin_non] Checking offline messages for client
[2025-07-22 22:54:02] [3PUL5t5Jz0KW4hyrBCzi+BArN60=] [tenshin_non] No offline messages found
[2025-07-22 22:54:16] [rtdUFV+2q6gMB7LIOA5+y8SqhBY=] [mevlutozkara] Checking offline messages for client
[2025-07-22 22:54:16] [rtdUFV+2q6gMB7LIOA5+y8SqhBY=] [mevlutozkara] No offline messages found
[2025-07-22 22:56:43] [jWxbfxhLxs9dPa3t1WUnys7gnbk=] [Richard_TH] Checking offline messages for client
[2025-07-22 22:56:43] [jWxbfxhLxs9dPa3t1WUnys7gnbk=] [Richard_TH] No offline messages found
[2025-07-22 22:57:06] [R6w4zncMqAp7xPym2ZI34QgxVBA=] [ADANALII] Checking offline messages for client
[2025-07-22 22:57:06] [R6w4zncMqAp7xPym2ZI34QgxVBA=] [ADANALII] No offline messages found
[2025-07-22 22:57:06] [R6w4zncMqAp7xPym2ZI34QgxVBA=] [ADANALII] Checking offline messages for client
[2025-07-22 22:57:06] [R6w4zncMqAp7xPym2ZI34QgxVBA=] [ADANALII] No offline messages found
[2025-07-22 22:57:06] [R6w4zncMqAp7xPym2ZI34QgxVBA=] [ADANALII] Checking offline messages for client
[2025-07-22 22:57:06] [R6w4zncMqAp7xPym2ZI34QgxVBA=] [ADANALII] No offline messages found
[2025-07-22 22:58:00] [2O1gTu+bHd4HCojvVL69INndp4g=] [MrlagTV] Checking offline messages for client
[2025-07-22 22:58:00] [2O1gTu+bHd4HCojvVL69INndp4g=] [MrlagTV] No offline messages found
[2025-07-22 22:58:21] [2ocYaJGo84ACCkWmpluMvY9TWAQ=] [tiamo9809] Checking offline messages for client
[2025-07-22 22:58:21] [2ocYaJGo84ACCkWmpluMvY9TWAQ=] [tiamo9809] No offline messages found
[2025-07-22 23:00:32] [RokXpgmlUt3JpA8PJaY8SP3OtWQ=] [eamqk] Checking offline messages for client
[2025-07-22 23:00:32] [RokXpgmlUt3JpA8PJaY8SP3OtWQ=] [eamqk] No offline messages found
[2025-07-22 23:04:47] [RokXpgmlUt3JpA8PJaY8SP3OtWQ=] [eamqk] Checking offline messages for client
[2025-07-22 23:04:47] [RokXpgmlUt3JpA8PJaY8SP3OtWQ=] [eamqk] No offline messages found
[2025-07-22 23:11:03] [o9rsaTcFG7lRIBDVrXDBt0BrL8o=] [ksrrks] Checking offline messages for client
[2025-07-22 23:11:03] [o9rsaTcFG7lRIBDVrXDBt0BrL8o=] [ksrrks] No offline messages found
[2025-07-22 23:11:38] [dQduHytlYfXayqUKaU5iChZBKUQ=] [zitrvxmode] Checking offline messages for client
[2025-07-22 23:11:38] [dQduHytlYfXayqUKaU5iChZBKUQ=] [zitrvxmode] No offline messages found
[2025-07-22 23:21:21] [bY73N1BM8QCmyrmXL2ppUBMWPMc=] [KRGZL] Checking offline messages for client
[2025-07-22 23:21:21] [bY73N1BM8QCmyrmXL2ppUBMWPMc=] [KRGZL] No offline messages found
[2025-07-22 23:23:12] [1nHWWpwvoZf+IGl6BaPDK6nG9mg=] [FataL1Day] Checking offline messages for client
[2025-07-22 23:23:12] [1nHWWpwvoZf+IGl6BaPDK6nG9mg=] [FataL1Day] No offline messages found
[2025-07-22 23:26:31] [tEYmACfaM0U7Gh86aP4cahzQg5Q=] [MEHMET] Checking offline messages for client
[2025-07-22 23:26:31] [tEYmACfaM0U7Gh86aP4cahzQg5Q=] [MEHMET] No offline messages found
[2025-07-22 23:28:47] [lPq8Y8B1JOHL6QoSGZDwJ6xzT7Q=] [vata] Checking offline messages for client
[2025-07-22 23:28:47] [lPq8Y8B1JOHL6QoSGZDwJ6xzT7Q=] [vata] No offline messages found
[2025-07-22 23:29:05] [hFplnszNsVWixGv+jr9PV6siVtc=] [PitcaRNNN``] Checking offline messages for client
[2025-07-22 23:29:05] [hFplnszNsVWixGv+jr9PV6siVtc=] [PitcaRNNN``] No offline messages found
[2025-07-22 23:29:36] [+eY62p4z2Yc8MBABvp55HWZZJ18=] [saulov] Checking offline messages for client
[2025-07-22 23:29:36] [+eY62p4z2Yc8MBABvp55HWZZJ18=] [saulov] No offline messages found
[2025-07-22 23:30:01] [CivIdqvdtxSJX+mCOeU13yota9Y=] [digitalmix] Checking offline messages for client
[2025-07-22 23:30:01] [CivIdqvdtxSJX+mCOeU13yota9Y=] [digitalmix] No offline messages found
[2025-07-22 23:30:17] [tEYmACfaM0U7Gh86aP4cahzQg5Q=] [MEHMET] Checking offline messages for client
[2025-07-22 23:30:17] [tEYmACfaM0U7Gh86aP4cahzQg5Q=] [MEHMET] No offline messages found
[2025-07-22 23:34:32] [1nMHK2zh8rvZpX+qHUrY/0V8kTU=] [TS3] Checking offline messages for client
[2025-07-22 23:34:32] [1nMHK2zh8rvZpX+qHUrY/0V8kTU=] [TS3] No offline messages found
[2025-07-22 23:37:30] [0XIPokUUTEkn00muYiwnSCQJ4wM=] [credolls] Checking offline messages for client
[2025-07-22 23:37:30] [0XIPokUUTEkn00muYiwnSCQJ4wM=] [credolls] No offline messages found
[2025-07-22 23:39:07] [EfIZgjvdlQHvpbN+6/8l/00EI/A=] [Mihai] Checking offline messages for client
[2025-07-22 23:39:07] [EfIZgjvdlQHvpbN+6/8l/00EI/A=] [Mihai] No offline messages found
[2025-07-22 23:47:44] [0WgZKkj6v4iiMp7/eG9vKSWI5qU=] [TeamSpeakUser2] Checking offline messages for client
[2025-07-22 23:47:44] [0WgZKkj6v4iiMp7/eG9vKSWI5qU=] [TeamSpeakUser2] No offline messages found
[2025-07-22 23:51:59] [xBMJD2Y2SpzPtIEf1cFbTuruz8Q=] [KAYMAKAM] Checking offline messages for client
[2025-07-22 23:51:59] [xBMJD2Y2SpzPtIEf1cFbTuruz8Q=] [KAYMAKAM] No offline messages found
