[2025-08-06 00:01:16] [s1zEdp1gR19eGSiczbe54JgxCVQ=] [que] Checking offline messages for client
[2025-08-06 00:01:16] [s1zEdp1gR19eGSiczbe54JgxCVQ=] [que] No offline messages found
[2025-08-06 00:05:46] [5c2sa3PhJfKo4TEu5wJxaEqysw8=] [I.am.Atomic] Checking offline messages for client
[2025-08-06 00:05:46] [5c2sa3PhJfKo4TEu5wJxaEqysw8=] [I.am.Atomic] No offline messages found
[2025-08-06 00:07:18] [fiWNBIZG2ioqbK7dtheFRsenFVI=] [AlexQc] Checking offline messages for client
[2025-08-06 00:07:18] [fiWNBIZG2ioqbK7dtheFRsenFVI=] [AlexQc] No offline messages found
[2025-08-06 00:08:41] [UkMRdPWzSLSbVYspP0RZwp4rLXU=] [Adam Boroda] Checking offline messages for client
[2025-08-06 00:08:41] [UkMRdPWzSLSbVYspP0RZwp4rLXU=] [Adam Boroda] No offline messages found
[2025-08-06 00:12:43] [w6PNozwE3hiJ9vcTIkER64disyw=] [TeamSpeakUser3] Checking offline messages for client
[2025-08-06 00:12:43] [w6PNozwE3hiJ9vcTIkER64disyw=] [TeamSpeakUser3] No offline messages found
[2025-08-06 00:12:56] [s1zEdp1gR19eGSiczbe54JgxCVQ=] [que] Checking offline messages for client
[2025-08-06 00:12:56] [s1zEdp1gR19eGSiczbe54JgxCVQ=] [que] No offline messages found
[2025-08-06 00:13:53] [yKqphbixwH5+RKDr2ZDgd6iZR2E=] [vito] Checking offline messages for client
[2025-08-06 00:13:53] [yKqphbixwH5+RKDr2ZDgd6iZR2E=] [vito] No offline messages found
[2025-08-06 00:14:09] [24EkewZtTa85lPq6oDSYYo9p6Yg=] [beytula] Checking offline messages for client
[2025-08-06 00:14:09] [24EkewZtTa85lPq6oDSYYo9p6Yg=] [beytula] No offline messages found
[2025-08-06 00:20:05] [qnI7tO/BboMdAQFjmSv9/gyQREY=] [batuhnn] Checking offline messages for client
[2025-08-06 00:20:05] [qnI7tO/BboMdAQFjmSv9/gyQREY=] [batuhnn] No offline messages found
[2025-08-06 00:22:45] [UJQSMUnQbDqCQA/Ap94PriCZpmM=] [1.6fsidertpaket] Checking offline messages for client
[2025-08-06 00:22:45] [UJQSMUnQbDqCQA/Ap94PriCZpmM=] [1.6fsidertpaket] No offline messages found
[2025-08-06 00:22:58] [woPhIakFjrg3h0dOaapy5EGfmfo=] [DeiBil (Ярик)] Checking offline messages for client
[2025-08-06 00:22:58] [woPhIakFjrg3h0dOaapy5EGfmfo=] [DeiBil (Ярик)] No offline messages found
[2025-08-06 00:28:18] [qi7A+qxqONuDyAgjPijFKNqxFYU=] [aTo] Checking offline messages for client
[2025-08-06 00:28:18] [qi7A+qxqONuDyAgjPijFKNqxFYU=] [aTo] No offline messages found
[2025-08-06 00:52:59] [hFplnszNsVWixGv+jr9PV6siVtc=] [PitcaRNNN``] Checking offline messages for client
[2025-08-06 00:52:59] [hFplnszNsVWixGv+jr9PV6siVtc=] [PitcaRNNN``] No offline messages found
[2025-08-06 00:53:06] [0WgZKkj6v4iiMp7/eG9vKSWI5qU=] [TeamSpeakUser] Checking offline messages for client
[2025-08-06 00:53:06] [0WgZKkj6v4iiMp7/eG9vKSWI5qU=] [TeamSpeakUser] No offline messages found
[2025-08-06 00:58:44] [5c2sa3PhJfKo4TEu5wJxaEqysw8=] [I.am.Atomic] Checking offline messages for client
[2025-08-06 00:58:44] [5c2sa3PhJfKo4TEu5wJxaEqysw8=] [I.am.Atomic] No offline messages found
[2025-08-06 00:59:59] [UJQSMUnQbDqCQA/Ap94PriCZpmM=] [1.6fsidertpaket] Checking offline messages for client
[2025-08-06 00:59:59] [UJQSMUnQbDqCQA/Ap94PriCZpmM=] [1.6fsidertpaket] No offline messages found
[2025-08-06 01:00:22] [UJQSMUnQbDqCQA/Ap94PriCZpmM=] [1.6fsidertpaket] Checking offline messages for client
[2025-08-06 01:00:22] [UJQSMUnQbDqCQA/Ap94PriCZpmM=] [1.6fsidertpaket] No offline messages found
[2025-08-06 01:20:56] [mTbPypkwuA/2B5Zl6CXWViczHPo=] [kızlıkbozan33] Checking offline messages for client
[2025-08-06 01:20:56] [mTbPypkwuA/2B5Zl6CXWViczHPo=] [kızlıkbozan33] No offline messages found
[2025-08-06 01:21:22] [U9IMfSvzj5D6AQ6a6xlapRD7cZ0=] [TeamSpeakUser1] Checking offline messages for client
[2025-08-06 01:21:22] [U9IMfSvzj5D6AQ6a6xlapRD7cZ0=] [TeamSpeakUser1] No offline messages found
[2025-08-06 01:22:36] [MarBbTtCOdPsPCcTGPUko7UH7Sk=] [billy nogami] Checking offline messages for client
[2025-08-06 01:22:36] [MarBbTtCOdPsPCcTGPUko7UH7Sk=] [billy nogami] No offline messages found
[2025-08-06 01:33:11] [qnI7tO/BboMdAQFjmSv9/gyQREY=] [batuhnn] Checking offline messages for client
[2025-08-06 01:33:11] [qnI7tO/BboMdAQFjmSv9/gyQREY=] [batuhnn] No offline messages found
[2025-08-06 02:17:43] [wGJoR+bA10ED39UCr4qIi/Sl634=] [k1ramo] Checking offline messages for client
[2025-08-06 02:17:43] [wGJoR+bA10ED39UCr4qIi/Sl634=] [k1ramo] No offline messages found
[2025-08-06 02:27:23] [7K7YZrrwrENADniLI/n8n6dvCcM=] [dymomo] Checking offline messages for client
[2025-08-06 02:27:23] [7K7YZrrwrENADniLI/n8n6dvCcM=] [dymomo] No offline messages found
[2025-08-06 02:27:47] [7K7YZrrwrENADniLI/n8n6dvCcM=] [dymomo] Checking offline messages for client
[2025-08-06 02:27:47] [7K7YZrrwrENADniLI/n8n6dvCcM=] [dymomo] No offline messages found
[2025-08-06 02:27:59] [7K7YZrrwrENADniLI/n8n6dvCcM=] [231123213] Checking offline messages for client
[2025-08-06 02:27:59] [7K7YZrrwrENADniLI/n8n6dvCcM=] [231123213] No offline messages found
[2025-08-06 02:33:20] [Qfr5sp2qhkuqvHEkaxRKUug/IPQ=] [ааааа] Checking offline messages for client
[2025-08-06 02:33:20] [Qfr5sp2qhkuqvHEkaxRKUug/IPQ=] [ааааа] No offline messages found
[2025-08-06 02:36:23] [ZhvWkHfrWLVjrK3fFImU+a6eDAM=] [ratera] Checking offline messages for client
[2025-08-06 02:36:23] [ZhvWkHfrWLVjrK3fFImU+a6eDAM=] [ratera] No offline messages found
[2025-08-06 02:39:59] [olLchfzvGHNpn6d47ZpS8OkJojI=] [SGS Calvo] Checking offline messages for client
[2025-08-06 02:39:59] [olLchfzvGHNpn6d47ZpS8OkJojI=] [SGS Calvo] No offline messages found
[2025-08-06 02:42:38] [fgOeoBk6I+eD6fz/JvW68oJh6ms=] [Ministry of Silly Walks] Checking offline messages for client
[2025-08-06 02:42:38] [fgOeoBk6I+eD6fz/JvW68oJh6ms=] [Ministry of Silly Walks] No offline messages found
[2025-08-06 02:47:50] [3PUL5t5Jz0KW4hyrBCzi+BArN60=] [tenshin_non] Checking offline messages for client
[2025-08-06 02:47:50] [3PUL5t5Jz0KW4hyrBCzi+BArN60=] [tenshin_non] No offline messages found
[2025-08-06 02:48:09] [jWxbfxhLxs9dPa3t1WUnys7gnbk=] [Richard_TH] Checking offline messages for client
[2025-08-06 02:48:09] [jWxbfxhLxs9dPa3t1WUnys7gnbk=] [Richard_TH] No offline messages found
[2025-08-06 02:50:42] [s28ueEjX4VV9INT+fuk0o48M6l0=] [M0on_Mo0n] Checking offline messages for client
[2025-08-06 02:50:42] [s28ueEjX4VV9INT+fuk0o48M6l0=] [M0on_Mo0n] No offline messages found
[2025-08-06 03:00:01] [5lgu7nbWivH3G/HNSX3zObElQy8=] [Saul] Checking offline messages for client
[2025-08-06 03:00:01] [5lgu7nbWivH3G/HNSX3zObElQy8=] [Saul] No offline messages found
[2025-08-06 03:01:14] [O6eRYgNrKt4xg5g8w5Hs/E6oWj8=] [carlos] Checking offline messages for client
[2025-08-06 03:01:14] [O6eRYgNrKt4xg5g8w5Hs/E6oWj8=] [carlos] No offline messages found
[2025-08-06 03:02:26] [qr29MvAwSbAy/oIGRhN5ZUVqcXs=] [Tyros Janos] Checking offline messages for client
[2025-08-06 03:02:26] [qr29MvAwSbAy/oIGRhN5ZUVqcXs=] [Tyros Janos] No offline messages found
[2025-08-06 03:04:12] [hA4u8tRBP5p5jjeOhJM8Iu7aFEk=] [Beele] Checking offline messages for client
[2025-08-06 03:04:12] [hA4u8tRBP5p5jjeOhJM8Iu7aFEk=] [Beele] No offline messages found
[2025-08-06 03:09:33] [kL9l5MowTsfUP8gO5F3CezdNpLc=] [Tileks] Checking offline messages for client
[2025-08-06 03:09:33] [kL9l5MowTsfUP8gO5F3CezdNpLc=] [Tileks] No offline messages found
[2025-08-06 03:38:29] [U9IMfSvzj5D6AQ6a6xlapRD7cZ0=] [TeamSpeakUser] Checking offline messages for client
[2025-08-06 03:38:29] [U9IMfSvzj5D6AQ6a6xlapRD7cZ0=] [TeamSpeakUser] No offline messages found
[2025-08-06 03:49:20] [U9IMfSvzj5D6AQ6a6xlapRD7cZ0=] [TeamSpeakUser] Checking offline messages for client
[2025-08-06 03:49:20] [U9IMfSvzj5D6AQ6a6xlapRD7cZ0=] [TeamSpeakUser] No offline messages found
[2025-08-06 04:51:17] [dDU+qrUO+E8NJHOmrQsCvli4BEA=] [kyojin] Checking offline messages for client
[2025-08-06 04:51:17] [dDU+qrUO+E8NJHOmrQsCvli4BEA=] [kyojin] No offline messages found
[2025-08-06 04:55:48] [akF35L/DWaQNGpgBjLeiMizS7EI=] [Kmarci070] Checking offline messages for client
[2025-08-06 04:55:48] [akF35L/DWaQNGpgBjLeiMizS7EI=] [Kmarci070] No offline messages found
[2025-08-06 04:57:17] [JpbzG5ARb37D1TN0Ff0006ife+g=] [daveszkoka] Checking offline messages for client
[2025-08-06 04:57:17] [JpbzG5ARb37D1TN0Ff0006ife+g=] [daveszkoka] No offline messages found
[2025-08-06 05:27:40] [Cji46tp2K393WPeFVB8+qBNs7Sw=] [TeamSpeakUser] Checking offline messages for client
[2025-08-06 05:27:40] [Cji46tp2K393WPeFVB8+qBNs7Sw=] [TeamSpeakUser] No offline messages found
[2025-08-06 06:05:14] [XBs92Q96gNtQuh/gJcemkRhcN3w=] [gothiccg] Checking offline messages for client
[2025-08-06 06:05:14] [XBs92Q96gNtQuh/gJcemkRhcN3w=] [gothiccg] No offline messages found
[2025-08-06 06:07:13] [XBs92Q96gNtQuh/gJcemkRhcN3w=] [gothiccg] Checking offline messages for client
[2025-08-06 06:07:13] [XBs92Q96gNtQuh/gJcemkRhcN3w=] [gothiccg] No offline messages found
[2025-08-06 06:11:37] [XBs92Q96gNtQuh/gJcemkRhcN3w=] [gothiccg] Checking offline messages for client
[2025-08-06 06:11:37] [XBs92Q96gNtQuh/gJcemkRhcN3w=] [gothiccg] No offline messages found
[2025-08-06 06:20:42] [XBs92Q96gNtQuh/gJcemkRhcN3w=] [gothiccg] Checking offline messages for client
[2025-08-06 06:20:42] [XBs92Q96gNtQuh/gJcemkRhcN3w=] [gothiccg] No offline messages found
[2025-08-06 06:22:35] [XBs92Q96gNtQuh/gJcemkRhcN3w=] [gothiccg] Checking offline messages for client
[2025-08-06 06:22:35] [XBs92Q96gNtQuh/gJcemkRhcN3w=] [gothiccg] No offline messages found
[2025-08-06 06:31:15] [vLgVft5e9BARLqqbeBlVX0sMlpk=] [BlackDemoN (Dimon)] Checking offline messages for client
[2025-08-06 06:31:15] [vLgVft5e9BARLqqbeBlVX0sMlpk=] [BlackDemoN (Dimon)] No offline messages found
[2025-08-06 07:01:47] [HjgkiYx80vAjXk0IfiKIZiVtfpg=] [TeamSpeakUser1] Checking offline messages for client
[2025-08-06 07:01:47] [HjgkiYx80vAjXk0IfiKIZiVtfpg=] [TeamSpeakUser1] No offline messages found
[2025-08-06 07:13:18] [qVldAxT2BuZSKwPYfP5rGmq1glU=] [Sichselber | André] Checking offline messages for client
[2025-08-06 07:13:18] [qVldAxT2BuZSKwPYfP5rGmq1glU=] [Sichselber | André] No offline messages found
[2025-08-06 07:22:27] [vLgVft5e9BARLqqbeBlVX0sMlpk=] [BlackDemoN (Dimon)] Checking offline messages for client
[2025-08-06 07:22:27] [vLgVft5e9BARLqqbeBlVX0sMlpk=] [BlackDemoN (Dimon)] No offline messages found
[2025-08-06 08:00:29] [sC96QZMY/yY8Fc9QjquVCkLiW2c=] [Amirali] Checking offline messages for client
[2025-08-06 08:00:29] [sC96QZMY/yY8Fc9QjquVCkLiW2c=] [Amirali] No offline messages found
[2025-08-06 08:10:26] [pM39vwBC404mshweezryIEAS3ZQ=] [Columb] Checking offline messages for client
[2025-08-06 08:10:26] [pM39vwBC404mshweezryIEAS3ZQ=] [Columb] No offline messages found
[2025-08-06 08:14:11] [dDU+qrUO+E8NJHOmrQsCvli4BEA=] [kyojin] Checking offline messages for client
[2025-08-06 08:14:11] [dDU+qrUO+E8NJHOmrQsCvli4BEA=] [kyojin] No offline messages found
[2025-08-06 08:14:22] [Qfr5sp2qhkuqvHEkaxRKUug/IPQ=] [ааааа] Checking offline messages for client
[2025-08-06 08:14:22] [Qfr5sp2qhkuqvHEkaxRKUug/IPQ=] [ааааа] No offline messages found
[2025-08-06 08:28:10] [gIv03ZtQuihw+6fOW0VT0H6h6c8=] [chapa] Checking offline messages for client
[2025-08-06 08:28:10] [gIv03ZtQuihw+6fOW0VT0H6h6c8=] [chapa] No offline messages found
[2025-08-06 08:28:48] [qvf2/IsRm9TsXSmNMeDEuXuIC3s=] [Mood] Checking offline messages for client
[2025-08-06 08:28:48] [qvf2/IsRm9TsXSmNMeDEuXuIC3s=] [Mood] No offline messages found
[2025-08-06 08:29:34] [dDU+qrUO+E8NJHOmrQsCvli4BEA=] [kyojin] Checking offline messages for client
[2025-08-06 08:29:34] [dDU+qrUO+E8NJHOmrQsCvli4BEA=] [kyojin] No offline messages found
[2025-08-06 08:34:25] [dDU+qrUO+E8NJHOmrQsCvli4BEA=] [kyojin] Checking offline messages for client
[2025-08-06 08:34:25] [dDU+qrUO+E8NJHOmrQsCvli4BEA=] [kyojin] No offline messages found
[2025-08-06 08:37:25] [0TS7jt0APSegEgA9K9hIWfin7m0=] [dadaok] Checking offline messages for client
[2025-08-06 08:37:25] [0TS7jt0APSegEgA9K9hIWfin7m0=] [dadaok] No offline messages found
[2025-08-06 08:38:15] [4c/gjYAgkD5ap7v+XLUM1iGf7x0=] [KAKO] Checking offline messages for client
[2025-08-06 08:38:15] [4c/gjYAgkD5ap7v+XLUM1iGf7x0=] [KAKO] No offline messages found
[2025-08-06 08:41:16] [hBuNRx7tatLbgdRUYtizU91b9ds=] [Fantaz4] Checking offline messages for client
[2025-08-06 08:41:16] [hBuNRx7tatLbgdRUYtizU91b9ds=] [Fantaz4] No offline messages found
[2025-08-06 08:41:36] [hBuNRx7tatLbgdRUYtizU91b9ds=] [Fantaz4] Checking offline messages for client
[2025-08-06 08:41:36] [hBuNRx7tatLbgdRUYtizU91b9ds=] [Fantaz4] No offline messages found
[2025-08-06 08:42:42] [4c/gjYAgkD5ap7v+XLUM1iGf7x0=] [KAKO] Checking offline messages for client
[2025-08-06 08:42:42] [4c/gjYAgkD5ap7v+XLUM1iGf7x0=] [KAKO] No offline messages found
[2025-08-06 08:45:29] [J3SOjo37jE8m14DKihWjuzFdi2U=] [qck1g] Checking offline messages for client
[2025-08-06 08:45:29] [J3SOjo37jE8m14DKihWjuzFdi2U=] [qck1g] No offline messages found
[2025-08-06 08:48:03] [4c/gjYAgkD5ap7v+XLUM1iGf7x0=] [KAKO] Checking offline messages for client
[2025-08-06 08:48:03] [4c/gjYAgkD5ap7v+XLUM1iGf7x0=] [KAKO] No offline messages found
[2025-08-06 08:54:02] [1bxlkLWE1YEds4euACE9lSAD0Jg=] [Mr..Fury] Checking offline messages for client
[2025-08-06 08:54:02] [1bxlkLWE1YEds4euACE9lSAD0Jg=] [Mr..Fury] No offline messages found
[2025-08-06 09:03:41] [LChIIpVKSczGXCJcvYW8G7+Rrgk=] [erik] Checking offline messages for client
[2025-08-06 09:03:41] [LChIIpVKSczGXCJcvYW8G7+Rrgk=] [erik] No offline messages found
[2025-08-06 09:03:42] [fKMTvQ1pnubv1sPbIC1hS2e4rjQ=] [А$кет] Checking offline messages for client
[2025-08-06 09:03:42] [fKMTvQ1pnubv1sPbIC1hS2e4rjQ=] [А$кет] No offline messages found
[2025-08-06 09:03:42] [fKMTvQ1pnubv1sPbIC1hS2e4rjQ=] [А$кет] Checking offline messages for client
[2025-08-06 09:03:42] [fKMTvQ1pnubv1sPbIC1hS2e4rjQ=] [А$кет] No offline messages found
[2025-08-06 09:03:42] [fKMTvQ1pnubv1sPbIC1hS2e4rjQ=] [А$кет] Checking offline messages for client
[2025-08-06 09:03:42] [fKMTvQ1pnubv1sPbIC1hS2e4rjQ=] [А$кет] No offline messages found
[2025-08-06 09:04:11] [LChIIpVKSczGXCJcvYW8G7+Rrgk=] [erik] Checking offline messages for client
[2025-08-06 09:04:11] [LChIIpVKSczGXCJcvYW8G7+Rrgk=] [erik] No offline messages found
[2025-08-06 09:04:31] [1xrX0OBgl8/R/GgIg+97WjXI7/Q=] [TeamSpeakUser] Checking offline messages for client
[2025-08-06 09:04:31] [1xrX0OBgl8/R/GgIg+97WjXI7/Q=] [TeamSpeakUser] No offline messages found
[2025-08-06 09:17:57] [vs+7gbTKwu+h+XgDI2qVApOBkfk=] [Viko(ع)] Checking offline messages for client
[2025-08-06 09:17:57] [vs+7gbTKwu+h+XgDI2qVApOBkfk=] [Viko(ع)] No offline messages found
[2025-08-06 09:24:31] [WtWgpfS8UE18SW7yGXm3r1yoO/c=] [Kowismo] Checking offline messages for client
[2025-08-06 09:24:31] [WtWgpfS8UE18SW7yGXm3r1yoO/c=] [Kowismo] No offline messages found
[2025-08-06 09:33:18] [4c/gjYAgkD5ap7v+XLUM1iGf7x0=] [KAKO] Checking offline messages for client
[2025-08-06 09:33:18] [4c/gjYAgkD5ap7v+XLUM1iGf7x0=] [KAKO] No offline messages found
[2025-08-06 09:34:49] [gITtVlfHYxsd3mvOfTblKNtJBDU=] [4iff] Checking offline messages for client
[2025-08-06 09:34:49] [gITtVlfHYxsd3mvOfTblKNtJBDU=] [4iff] No offline messages found
[2025-08-06 09:46:46] [yEw2QlD49AsaHiKxr3pm4VLoSMc=] [lowtabsecure] Checking offline messages for client
[2025-08-06 09:46:46] [yEw2QlD49AsaHiKxr3pm4VLoSMc=] [lowtabsecure] No offline messages found
[2025-08-06 09:46:58] [VJ3kiQhgdGQjTMcQZsjIsQhebgU=] [d3sc] Checking offline messages for client
[2025-08-06 09:46:58] [VJ3kiQhgdGQjTMcQZsjIsQhebgU=] [d3sc] No offline messages found
[2025-08-06 10:08:01] [5JxhFpeFY3HIrgkYh3TeVzOCHWI=] [Dan4ik060211] Checking offline messages for client
[2025-08-06 10:08:01] [5JxhFpeFY3HIrgkYh3TeVzOCHWI=] [Dan4ik060211] No offline messages found
[2025-08-06 10:08:43] [r1qvIOR8Uafv2H5/+PYZVYSzFqg=] [allberon] Checking offline messages for client
[2025-08-06 10:08:43] [r1qvIOR8Uafv2H5/+PYZVYSzFqg=] [allberon] No offline messages found
[2025-08-06 10:11:06] [LChIIpVKSczGXCJcvYW8G7+Rrgk=] [erik] Checking offline messages for client
[2025-08-06 10:11:06] [LChIIpVKSczGXCJcvYW8G7+Rrgk=] [erik] No offline messages found
[2025-08-06 10:12:32] [j4VaV46XhkmzcjbVPFuyIU0vCLs=] [nox] Checking offline messages for client
[2025-08-06 10:12:32] [j4VaV46XhkmzcjbVPFuyIU0vCLs=] [nox] No offline messages found
[2025-08-06 10:13:13] [LChIIpVKSczGXCJcvYW8G7+Rrgk=] [erik] Checking offline messages for client
[2025-08-06 10:13:13] [LChIIpVKSczGXCJcvYW8G7+Rrgk=] [erik] No offline messages found
[2025-08-06 10:18:56] [ilO9JAl5glx+WikZA6SZqmic0Iw=] [kaiizenn] Checking offline messages for client
[2025-08-06 10:18:56] [ilO9JAl5glx+WikZA6SZqmic0Iw=] [kaiizenn] No offline messages found
[2025-08-06 10:29:00] [rc6PTp7wE3xERTiJhvZj3aYUd/Y=] [kushi] Checking offline messages for client
[2025-08-06 10:29:00] [rc6PTp7wE3xERTiJhvZj3aYUd/Y=] [kushi] No offline messages found
[2025-08-06 10:29:00] [rc6PTp7wE3xERTiJhvZj3aYUd/Y=] [kushi] Checking offline messages for client
[2025-08-06 10:29:00] [rc6PTp7wE3xERTiJhvZj3aYUd/Y=] [kushi] No offline messages found
[2025-08-06 10:29:00] [rc6PTp7wE3xERTiJhvZj3aYUd/Y=] [kushi] Checking offline messages for client
[2025-08-06 10:29:00] [rc6PTp7wE3xERTiJhvZj3aYUd/Y=] [kushi] No offline messages found
[2025-08-06 10:33:39] [3Mq3EB+EEk14kwWNxOyGIgo45U8=] [MATAN] Checking offline messages for client
[2025-08-06 10:33:39] [3Mq3EB+EEk14kwWNxOyGIgo45U8=] [MATAN] No offline messages found
[2025-08-06 10:40:22] [tOoGEdCN9ULy8ULKyELfIWNelvU=] [kayanyildz] Checking offline messages for client
[2025-08-06 10:40:22] [tOoGEdCN9ULy8ULKyELfIWNelvU=] [kayanyildz] No offline messages found
[2025-08-06 10:42:28] [ow+Zi/O4SnJIvwHosoZ7zIvOOK8=] [shinigami] Checking offline messages for client
[2025-08-06 10:42:28] [ow+Zi/O4SnJIvwHosoZ7zIvOOK8=] [shinigami] No offline messages found
[2025-08-06 10:43:34] [3wfCbZork1r8h4aDgIW1hfWE0YA=] [SNAC-Ahmet] Checking offline messages for client
[2025-08-06 10:43:34] [3wfCbZork1r8h4aDgIW1hfWE0YA=] [SNAC-Ahmet] No offline messages found
[2025-08-06 10:58:10] [U9IMfSvzj5D6AQ6a6xlapRD7cZ0=] [TeamSpeakUser] Checking offline messages for client
[2025-08-06 10:58:10] [U9IMfSvzj5D6AQ6a6xlapRD7cZ0=] [TeamSpeakUser] No offline messages found
[2025-08-06 11:06:35] [MarBbTtCOdPsPCcTGPUko7UH7Sk=] [billy nogami] Checking offline messages for client
[2025-08-06 11:06:35] [MarBbTtCOdPsPCcTGPUko7UH7Sk=] [billy nogami] No offline messages found
[2025-08-06 11:10:08] [SD17ArPLxbgW8gNb6ICI1SlcTNs=] [Nghtly] Checking offline messages for client
[2025-08-06 11:10:08] [SD17ArPLxbgW8gNb6ICI1SlcTNs=] [Nghtly] No offline messages found
[2025-08-06 11:21:00] [yNFUjD+LJEqojKPPlPGtCAVEYRU=] [Боцман777] Checking offline messages for client
[2025-08-06 11:21:00] [yNFUjD+LJEqojKPPlPGtCAVEYRU=] [Боцман777] No offline messages found
[2025-08-06 11:21:00] [yNFUjD+LJEqojKPPlPGtCAVEYRU=] [Боцман777] Checking offline messages for client
[2025-08-06 11:21:00] [yNFUjD+LJEqojKPPlPGtCAVEYRU=] [Боцман777] No offline messages found
[2025-08-06 11:21:00] [yNFUjD+LJEqojKPPlPGtCAVEYRU=] [Боцман777] Checking offline messages for client
[2025-08-06 11:21:00] [yNFUjD+LJEqojKPPlPGtCAVEYRU=] [Боцман777] No offline messages found
[2025-08-06 11:23:10] [igLR0Qw88l2utvuPuQTy5TXjVdA=] [AlvaRoniXs] Checking offline messages for client
[2025-08-06 11:23:10] [igLR0Qw88l2utvuPuQTy5TXjVdA=] [AlvaRoniXs] No offline messages found
[2025-08-06 11:27:01] [aEmjlKBkg2d9gRUFp/PPg/JRL1M=] [hui] Checking offline messages for client
[2025-08-06 11:27:01] [aEmjlKBkg2d9gRUFp/PPg/JRL1M=] [hui] No offline messages found
[2025-08-06 11:27:24] [igLR0Qw88l2utvuPuQTy5TXjVdA=] [AlvaRoniXs] Checking offline messages for client
[2025-08-06 11:27:24] [igLR0Qw88l2utvuPuQTy5TXjVdA=] [AlvaRoniXs] No offline messages found
[2025-08-06 11:32:03] [NrinzN9i22mrI5io8FdxB4B1/Os=] [daGGetTt] Checking offline messages for client
[2025-08-06 11:32:03] [NrinzN9i22mrI5io8FdxB4B1/Os=] [daGGetTt] No offline messages found
[2025-08-06 11:41:26] [igLR0Qw88l2utvuPuQTy5TXjVdA=] [AlvaRoniXs] Checking offline messages for client
[2025-08-06 11:41:26] [igLR0Qw88l2utvuPuQTy5TXjVdA=] [AlvaRoniXs] No offline messages found
[2025-08-06 11:45:04] [LChIIpVKSczGXCJcvYW8G7+Rrgk=] [erik] Checking offline messages for client
[2025-08-06 11:45:04] [LChIIpVKSczGXCJcvYW8G7+Rrgk=] [erik] No offline messages found
[2025-08-06 11:51:00] [vs+7gbTKwu+h+XgDI2qVApOBkfk=] [Viko(ع)] Checking offline messages for client
[2025-08-06 11:51:00] [vs+7gbTKwu+h+XgDI2qVApOBkfk=] [Viko(ع)] No offline messages found
[2025-08-06 12:02:42] [f12EdjHswKyOEFDyewEipDgzQi0=] [BIG FIUT] Checking offline messages for client
[2025-08-06 12:02:42] [f12EdjHswKyOEFDyewEipDgzQi0=] [BIG FIUT] No offline messages found
[2025-08-06 12:02:44] [TvTOgNTiqjm7swE0hlAPFfwQ3DU=] [Sculaccia troie] Checking offline messages for client
[2025-08-06 12:02:44] [TvTOgNTiqjm7swE0hlAPFfwQ3DU=] [Sculaccia troie] No offline messages found
[2025-08-06 12:02:45] [TvTOgNTiqjm7swE0hlAPFfwQ3DU=] [Sculaccia troie] Checking offline messages for client
[2025-08-06 12:02:45] [TvTOgNTiqjm7swE0hlAPFfwQ3DU=] [Sculaccia troie] No offline messages found
[2025-08-06 12:02:45] [TvTOgNTiqjm7swE0hlAPFfwQ3DU=] [Sculaccia troie] Checking offline messages for client
[2025-08-06 12:02:45] [TvTOgNTiqjm7swE0hlAPFfwQ3DU=] [Sculaccia troie] No offline messages found
[2025-08-06 12:06:23] [avYI7vL0XXD3nIsf8cMXtgdn+/s=] [NowY] Checking offline messages for client
[2025-08-06 12:06:23] [avYI7vL0XXD3nIsf8cMXtgdn+/s=] [NowY] No offline messages found
[2025-08-06 12:07:24] [8WOVpWo1lyNg0N6GGos0xzT0uz4=] [P0kw3r] Checking offline messages for client
[2025-08-06 12:07:24] [8WOVpWo1lyNg0N6GGos0xzT0uz4=] [P0kw3r] No offline messages found
[2025-08-06 12:16:20] [sC96QZMY/yY8Fc9QjquVCkLiW2c=] [Amirali] Checking offline messages for client
[2025-08-06 12:16:20] [sC96QZMY/yY8Fc9QjquVCkLiW2c=] [Amirali] No offline messages found
[2025-08-06 12:18:11] [V3tw2SI5QwwMphIROm/LVXGgEW0=] [I_Kartal] Checking offline messages for client
[2025-08-06 12:18:11] [V3tw2SI5QwwMphIROm/LVXGgEW0=] [I_Kartal] No offline messages found
[2025-08-06 12:22:17] [yJ/YczB0shHI2XAnK+sYnMastDA=] [4ebupelbka] Checking offline messages for client
[2025-08-06 12:22:17] [yJ/YczB0shHI2XAnK+sYnMastDA=] [4ebupelbka] No offline messages found
[2025-08-06 12:22:37] [3wfCbZork1r8h4aDgIW1hfWE0YA=] [SNAC-Ahmet] Checking offline messages for client
[2025-08-06 12:22:37] [3wfCbZork1r8h4aDgIW1hfWE0YA=] [SNAC-Ahmet] No offline messages found
[2025-08-06 12:22:47] [wLnywMJc4bNHswALs3pyXStSTZY=] [PatoStick.] Checking offline messages for client
[2025-08-06 12:22:47] [wLnywMJc4bNHswALs3pyXStSTZY=] [PatoStick.] No offline messages found
[2025-08-06 12:27:55] [sC96QZMY/yY8Fc9QjquVCkLiW2c=] [Amirali] Checking offline messages for client
[2025-08-06 12:27:55] [sC96QZMY/yY8Fc9QjquVCkLiW2c=] [Amirali] No offline messages found
[2025-08-06 12:28:25] [0k7iJrGzj7haOvrih6GAxyrXHtM=] [Sebitzuu] Checking offline messages for client
[2025-08-06 12:28:25] [0k7iJrGzj7haOvrih6GAxyrXHtM=] [Sebitzuu] No offline messages found
[2025-08-06 12:29:33] [j5dWqR3YtdDg+SH0Z4utnl7TppY=] [Claudiu20047] Checking offline messages for client
[2025-08-06 12:29:33] [j5dWqR3YtdDg+SH0Z4utnl7TppY=] [Claudiu20047] No offline messages found
[2025-08-06 12:33:14] [j5dWqR3YtdDg+SH0Z4utnl7TppY=] [Claudiu20047] Checking offline messages for client
[2025-08-06 12:33:14] [j5dWqR3YtdDg+SH0Z4utnl7TppY=] [Claudiu20047] No offline messages found
[2025-08-06 12:34:08] [FjvWluljyXAl76fTQUXQDhqEdXg=] [sima] Checking offline messages for client
[2025-08-06 12:34:08] [FjvWluljyXAl76fTQUXQDhqEdXg=] [sima] No offline messages found
[2025-08-06 12:34:36] [3Mq3EB+EEk14kwWNxOyGIgo45U8=] [MATAN] Checking offline messages for client
[2025-08-06 12:34:36] [3Mq3EB+EEk14kwWNxOyGIgo45U8=] [MATAN] No offline messages found
[2025-08-06 12:35:06] [okPB05Yw/R9uqp9oBr7M6RdxhIg=] [nam] Checking offline messages for client
[2025-08-06 12:35:06] [okPB05Yw/R9uqp9oBr7M6RdxhIg=] [nam] No offline messages found
[2025-08-06 12:35:08] [zzuiZrXKMJZ48c8AcMyk6LKh1Ws=] [choghok] Checking offline messages for client
[2025-08-06 12:35:08] [zzuiZrXKMJZ48c8AcMyk6LKh1Ws=] [choghok] No offline messages found
[2025-08-06 12:39:14] [j5dWqR3YtdDg+SH0Z4utnl7TppY=] [Claudiu20047] Checking offline messages for client
[2025-08-06 12:39:14] [j5dWqR3YtdDg+SH0Z4utnl7TppY=] [Claudiu20047] No offline messages found
[2025-08-06 12:40:00] [LChIIpVKSczGXCJcvYW8G7+Rrgk=] [erik] Checking offline messages for client
[2025-08-06 12:40:00] [LChIIpVKSczGXCJcvYW8G7+Rrgk=] [erik] No offline messages found
[2025-08-06 12:41:21] [j4VaV46XhkmzcjbVPFuyIU0vCLs=] [nox] Checking offline messages for client
[2025-08-06 12:41:21] [j4VaV46XhkmzcjbVPFuyIU0vCLs=] [nox] No offline messages found
[2025-08-06 12:45:21] [LChIIpVKSczGXCJcvYW8G7+Rrgk=] [erik] Checking offline messages for client
[2025-08-06 12:45:21] [LChIIpVKSczGXCJcvYW8G7+Rrgk=] [erik] No offline messages found
[2025-08-06 13:07:01] [5JxhFpeFY3HIrgkYh3TeVzOCHWI=] [Dan4ik060211] Checking offline messages for client
[2025-08-06 13:07:01] [5JxhFpeFY3HIrgkYh3TeVzOCHWI=] [Dan4ik060211] No offline messages found
[2025-08-06 13:09:45] [LgwxoONgBBy7WWHipcHbISpJnao=] [Alexander177] Checking offline messages for client
[2025-08-06 13:09:45] [LgwxoONgBBy7WWHipcHbISpJnao=] [Alexander177] No offline messages found
[2025-08-06 13:13:51] [WtWgpfS8UE18SW7yGXm3r1yoO/c=] [Kowismo] Checking offline messages for client
[2025-08-06 13:13:51] [WtWgpfS8UE18SW7yGXm3r1yoO/c=] [Kowismo] No offline messages found
[2025-08-06 13:14:07] [BcAvmqJ0fSewphmAk3hXVjI+ZM0=] [cherock1] Checking offline messages for client
[2025-08-06 13:14:07] [BcAvmqJ0fSewphmAk3hXVjI+ZM0=] [cherock1] No offline messages found
[2025-08-06 13:20:53] [Vs8EKOeGeChef1noyNgJsKO0AH0=] [freakshow322] Checking offline messages for client
[2025-08-06 13:20:53] [Vs8EKOeGeChef1noyNgJsKO0AH0=] [freakshow322] No offline messages found
[2025-08-06 13:21:33] [nrEFrg1QXE05wuZZG3BbdkciSEc=] [Dumina] Checking offline messages for client
[2025-08-06 13:21:33] [nrEFrg1QXE05wuZZG3BbdkciSEc=] [Dumina] No offline messages found
[2025-08-06 13:22:51] [e1vImF/pvh7c+66eD1lHGlZ9N08=] [Fornax013] Checking offline messages for client
[2025-08-06 13:22:51] [e1vImF/pvh7c+66eD1lHGlZ9N08=] [Fornax013] No offline messages found
[2025-08-06 13:25:45] [SD17ArPLxbgW8gNb6ICI1SlcTNs=] [Nghtly] Checking offline messages for client
[2025-08-06 13:25:45] [SD17ArPLxbgW8gNb6ICI1SlcTNs=] [Nghtly] No offline messages found
[2025-08-06 13:25:59] [EGB+WVGsn8pfv6n3rdpnkmLpN6w=] [lordilaz] Checking offline messages for client
[2025-08-06 13:25:59] [EGB+WVGsn8pfv6n3rdpnkmLpN6w=] [lordilaz] No offline messages found
[2025-08-06 13:26:02] [tEYmACfaM0U7Gh86aP4cahzQg5Q=] [MEHMET] Checking offline messages for client
[2025-08-06 13:26:02] [tEYmACfaM0U7Gh86aP4cahzQg5Q=] [MEHMET] No offline messages found
[2025-08-06 13:26:02] [tEYmACfaM0U7Gh86aP4cahzQg5Q=] [MEHMET] Checking offline messages for client
[2025-08-06 13:26:02] [tEYmACfaM0U7Gh86aP4cahzQg5Q=] [MEHMET] No offline messages found
[2025-08-06 13:28:22] [LChIIpVKSczGXCJcvYW8G7+Rrgk=] [erik] Checking offline messages for client
[2025-08-06 13:28:22] [LChIIpVKSczGXCJcvYW8G7+Rrgk=] [erik] No offline messages found
[2025-08-06 13:28:53] [m3jwrJafD7Z1HcDm7lAZbGqtROY=] [zui] Checking offline messages for client
[2025-08-06 13:28:53] [m3jwrJafD7Z1HcDm7lAZbGqtROY=] [zui] No offline messages found
[2025-08-06 13:32:48] [vs+7gbTKwu+h+XgDI2qVApOBkfk=] [Viko(ع)] Checking offline messages for client
[2025-08-06 13:32:48] [vs+7gbTKwu+h+XgDI2qVApOBkfk=] [Viko(ع)] No offline messages found
[2025-08-06 13:34:06] [V3tw2SI5QwwMphIROm/LVXGgEW0=] [I_Kartal] Checking offline messages for client
[2025-08-06 13:34:06] [V3tw2SI5QwwMphIROm/LVXGgEW0=] [I_Kartal] No offline messages found
[2025-08-06 13:49:50] [yNFUjD+LJEqojKPPlPGtCAVEYRU=] [Боцман777] Checking offline messages for client
[2025-08-06 13:49:50] [yNFUjD+LJEqojKPPlPGtCAVEYRU=] [Боцман777] No offline messages found
[2025-08-06 14:04:42] [olLchfzvGHNpn6d47ZpS8OkJojI=] [SGS Calvo] Checking offline messages for client
[2025-08-06 14:04:42] [olLchfzvGHNpn6d47ZpS8OkJojI=] [SGS Calvo] No offline messages found
[2025-08-06 14:06:08] [hyOcc+vUIeYpDbLt58Zj+k6gW1o=] [TeamSpeakUser] Checking offline messages for client
[2025-08-06 14:06:08] [hyOcc+vUIeYpDbLt58Zj+k6gW1o=] [TeamSpeakUser] No offline messages found
[2025-08-06 14:10:12] [yH7+WUTO9a0edxQG10YKRSCiFog=] [Angry] Checking offline messages for client
[2025-08-06 14:10:12] [yH7+WUTO9a0edxQG10YKRSCiFog=] [Angry] No offline messages found
[2025-08-06 14:17:42] [OFkWTxSbLyrDSCACNU7XEePBPwg=] [shivska] Checking offline messages for client
[2025-08-06 14:17:42] [OFkWTxSbLyrDSCACNU7XEePBPwg=] [shivska] No offline messages found
[2025-08-06 14:25:38] [t7knCuNn/MK7/7e0w0cHL3uEFk8=] [TeamSpeakUser] Checking offline messages for client
[2025-08-06 14:25:38] [t7knCuNn/MK7/7e0w0cHL3uEFk8=] [TeamSpeakUser] No offline messages found
[2025-08-06 14:26:08] [O61sk9MZ6JTJTYLQoDumJVMYwBs=] [phantom] Checking offline messages for client
[2025-08-06 14:26:08] [O61sk9MZ6JTJTYLQoDumJVMYwBs=] [phantom] No offline messages found
[2025-08-06 14:30:04] [WtWgpfS8UE18SW7yGXm3r1yoO/c=] [Kowismo] Checking offline messages for client
[2025-08-06 14:30:04] [WtWgpfS8UE18SW7yGXm3r1yoO/c=] [Kowismo] No offline messages found
[2025-08-06 14:30:40] [wuKEsQxON98FaT2rc8uZDlwZ7ps=] [SPZ-23] Checking offline messages for client
[2025-08-06 14:30:40] [wuKEsQxON98FaT2rc8uZDlwZ7ps=] [SPZ-23] No offline messages found
[2025-08-06 14:30:54] [wuKEsQxON98FaT2rc8uZDlwZ7ps=] [SPZ-23] Checking offline messages for client
[2025-08-06 14:30:54] [wuKEsQxON98FaT2rc8uZDlwZ7ps=] [SPZ-23] No offline messages found
[2025-08-06 14:31:32] [lRJKg8r3Mt2WfdG7eutezSyRRPU=] [TeamSpeakUser] Checking offline messages for client
[2025-08-06 14:31:32] [lRJKg8r3Mt2WfdG7eutezSyRRPU=] [TeamSpeakUser] No offline messages found
[2025-08-06 14:33:05] [ArDdG6a86sTE9vzN8IIzLOiOEQs=] [Sunrise0754] Checking offline messages for client
[2025-08-06 14:33:05] [ArDdG6a86sTE9vzN8IIzLOiOEQs=] [Sunrise0754] No offline messages found
[2025-08-06 14:35:01] [wuKEsQxON98FaT2rc8uZDlwZ7ps=] [SPZ-23] Checking offline messages for client
[2025-08-06 14:35:01] [wuKEsQxON98FaT2rc8uZDlwZ7ps=] [SPZ-23] No offline messages found
[2025-08-06 14:35:50] [Iq2aVx/4T/Tkfh8nIojxMinWqo4=] [Seikawa] Checking offline messages for client
[2025-08-06 14:35:50] [Iq2aVx/4T/Tkfh8nIojxMinWqo4=] [Seikawa] No offline messages found
[2025-08-06 14:36:12] [hyOcc+vUIeYpDbLt58Zj+k6gW1o=] [TeamSpeakUser1] Checking offline messages for client
[2025-08-06 14:36:12] [hyOcc+vUIeYpDbLt58Zj+k6gW1o=] [TeamSpeakUser1] No offline messages found
[2025-08-06 14:41:41] [tOoGEdCN9ULy8ULKyELfIWNelvU=] [kayanyildz] Checking offline messages for client
[2025-08-06 14:41:41] [tOoGEdCN9ULy8ULKyELfIWNelvU=] [kayanyildz] No offline messages found
[2025-08-06 14:45:07] [JpbzG5ARb37D1TN0Ff0006ife+g=] [daveszkoka] Checking offline messages for client
[2025-08-06 14:45:07] [JpbzG5ARb37D1TN0Ff0006ife+g=] [daveszkoka] No offline messages found
[2025-08-06 14:45:07] [JpbzG5ARb37D1TN0Ff0006ife+g=] [daveszkoka] Checking offline messages for client
[2025-08-06 14:45:07] [JpbzG5ARb37D1TN0Ff0006ife+g=] [daveszkoka] No offline messages found
[2025-08-06 14:45:07] [JpbzG5ARb37D1TN0Ff0006ife+g=] [daveszkoka] Checking offline messages for client
[2025-08-06 14:45:07] [JpbzG5ARb37D1TN0Ff0006ife+g=] [daveszkoka] No offline messages found
[2025-08-06 14:50:26] [3PUL5t5Jz0KW4hyrBCzi+BArN60=] [tenshin_non] Checking offline messages for client
[2025-08-06 14:50:26] [3PUL5t5Jz0KW4hyrBCzi+BArN60=] [tenshin_non] No offline messages found
[2025-08-06 14:59:19] [jWxbfxhLxs9dPa3t1WUnys7gnbk=] [Richard_TH] Checking offline messages for client
[2025-08-06 14:59:19] [jWxbfxhLxs9dPa3t1WUnys7gnbk=] [Richard_TH] No offline messages found
[2025-08-06 15:07:50] [OJ7ovzzJEZfWOoDTnPWqcRESxgA=] [TEANZUS] Checking offline messages for client
[2025-08-06 15:07:50] [OJ7ovzzJEZfWOoDTnPWqcRESxgA=] [TEANZUS] No offline messages found
[2025-08-06 15:15:20] [3wfCbZork1r8h4aDgIW1hfWE0YA=] [SNAC-Ahmet] Checking offline messages for client
[2025-08-06 15:15:20] [3wfCbZork1r8h4aDgIW1hfWE0YA=] [SNAC-Ahmet] No offline messages found
[2025-08-06 15:24:33] [VJ3kiQhgdGQjTMcQZsjIsQhebgU=] [d3sc] Checking offline messages for client
[2025-08-06 15:24:33] [VJ3kiQhgdGQjTMcQZsjIsQhebgU=] [d3sc] No offline messages found
[2025-08-06 15:24:49] [yEw2QlD49AsaHiKxr3pm4VLoSMc=] [lowtabsecure] Checking offline messages for client
[2025-08-06 15:24:49] [yEw2QlD49AsaHiKxr3pm4VLoSMc=] [lowtabsecure] No offline messages found
[2025-08-06 15:29:18] [ow+Zi/O4SnJIvwHosoZ7zIvOOK8=] [shinigami] Checking offline messages for client
[2025-08-06 15:29:18] [ow+Zi/O4SnJIvwHosoZ7zIvOOK8=] [shinigami] No offline messages found
[2025-08-06 15:37:38] [yNFUjD+LJEqojKPPlPGtCAVEYRU=] [Боцман777] Checking offline messages for client
[2025-08-06 15:37:38] [yNFUjD+LJEqojKPPlPGtCAVEYRU=] [Боцман777] No offline messages found
[2025-08-06 15:51:43] [SP3cu3xpQvlFCDDE9AOphl9tpIM=] [haughty66] Checking offline messages for client
[2025-08-06 15:51:43] [SP3cu3xpQvlFCDDE9AOphl9tpIM=] [haughty66] No offline messages found
[2025-08-06 16:05:15] [vs+7gbTKwu+h+XgDI2qVApOBkfk=] [Viko(ع)] Checking offline messages for client
[2025-08-06 16:05:15] [vs+7gbTKwu+h+XgDI2qVApOBkfk=] [Viko(ع)] No offline messages found
[2025-08-06 16:08:12] [wuKEsQxON98FaT2rc8uZDlwZ7ps=] [SPZ-23] Checking offline messages for client
[2025-08-06 16:08:12] [wuKEsQxON98FaT2rc8uZDlwZ7ps=] [SPZ-23] No offline messages found
[2025-08-06 16:11:07] [hyhVZlQKYxF20fKmolX7H+RkkoQ=] [qraxx] Checking offline messages for client
[2025-08-06 16:11:07] [hyhVZlQKYxF20fKmolX7H+RkkoQ=] [qraxx] No offline messages found
[2025-08-06 16:13:19] [ZecEXT4FfeXYbAgW2C8UIiJcPNQ=] [belali-ZypRus?] Checking offline messages for client
[2025-08-06 16:13:19] [ZecEXT4FfeXYbAgW2C8UIiJcPNQ=] [belali-ZypRus?] No offline messages found
[2025-08-06 16:15:18] [xBMJD2Y2SpzPtIEf1cFbTuruz8Q=] [KAYMAKAM] Checking offline messages for client
[2025-08-06 16:15:18] [xBMJD2Y2SpzPtIEf1cFbTuruz8Q=] [KAYMAKAM] No offline messages found
[2025-08-06 16:15:51] [cuwvdkO7k8SCDXM9dpo6beJaYCo=] [erremre] Checking offline messages for client
[2025-08-06 16:15:51] [cuwvdkO7k8SCDXM9dpo6beJaYCo=] [erremre] No offline messages found
[2025-08-06 16:16:40] [IvPuoleyuChePKK0GR7sRhVCkJE=] [SYRUSSS] Checking offline messages for client
[2025-08-06 16:16:40] [IvPuoleyuChePKK0GR7sRhVCkJE=] [SYRUSSS] No offline messages found
[2025-08-06 16:17:22] [pr2KTmxhgWlk6sQ6514CzewucfU=] [asdasda] Checking offline messages for client
[2025-08-06 16:17:22] [pr2KTmxhgWlk6sQ6514CzewucfU=] [asdasda] No offline messages found
[2025-08-06 16:18:03] [PAPjw5ou1pxtJ/LMEXPWWL4eKGI=] [aeRR] Checking offline messages for client
[2025-08-06 16:18:03] [PAPjw5ou1pxtJ/LMEXPWWL4eKGI=] [aeRR] No offline messages found
[2025-08-06 16:36:34] [jWxbfxhLxs9dPa3t1WUnys7gnbk=] [Richard_TH] Checking offline messages for client
[2025-08-06 16:36:34] [jWxbfxhLxs9dPa3t1WUnys7gnbk=] [Richard_TH] No offline messages found
[2025-08-06 16:38:38] [jWxbfxhLxs9dPa3t1WUnys7gnbk=] [Richard_TH] Checking offline messages for client
[2025-08-06 16:38:38] [jWxbfxhLxs9dPa3t1WUnys7gnbk=] [Richard_TH] No offline messages found
[2025-08-06 16:41:50] [0XaSaJTqMDRG53r/L41NHA912Rw=] [pisun] Checking offline messages for client
[2025-08-06 16:41:50] [0XaSaJTqMDRG53r/L41NHA912Rw=] [pisun] No offline messages found
[2025-08-06 16:46:56] [Chs2gds0q5c5sHk5GQqGy9JmwQg=] [teaman11] Checking offline messages for client
[2025-08-06 16:46:56] [Chs2gds0q5c5sHk5GQqGy9JmwQg=] [teaman11] No offline messages found
[2025-08-06 16:47:57] [X6E5/N6c4x3DmVvfM1A7J4pIjC0=] [Omar] Checking offline messages for client
[2025-08-06 16:47:57] [X6E5/N6c4x3DmVvfM1A7J4pIjC0=] [Omar] No offline messages found
[2025-08-06 16:48:39] [9RYhYLJQuz+5zxOjDqP3tBps2/o=] [EXOPUL] Checking offline messages for client
[2025-08-06 16:48:39] [9RYhYLJQuz+5zxOjDqP3tBps2/o=] [EXOPUL] No offline messages found
[2025-08-06 16:52:11] [gIv03ZtQuihw+6fOW0VT0H6h6c8=] [chapa] Checking offline messages for client
[2025-08-06 16:52:11] [gIv03ZtQuihw+6fOW0VT0H6h6c8=] [chapa] No offline messages found
[2025-08-06 16:52:37] [0k7iJrGzj7haOvrih6GAxyrXHtM=] [Sebitzuu] Checking offline messages for client
[2025-08-06 16:52:37] [0k7iJrGzj7haOvrih6GAxyrXHtM=] [Sebitzuu] No offline messages found
[2025-08-06 16:57:22] [qvf2/IsRm9TsXSmNMeDEuXuIC3s=] [Mood] Checking offline messages for client
[2025-08-06 16:57:22] [qvf2/IsRm9TsXSmNMeDEuXuIC3s=] [Mood] No offline messages found
[2025-08-06 16:59:20] [gsNq5hMyiu/UvRlyVxm+DFd4FI0=] [Kostyadecompress] Checking offline messages for client
[2025-08-06 16:59:20] [gsNq5hMyiu/UvRlyVxm+DFd4FI0=] [Kostyadecompress] No offline messages found
[2025-08-06 17:09:04] [LgwxoONgBBy7WWHipcHbISpJnao=] [Alexander177] Checking offline messages for client
[2025-08-06 17:09:04] [LgwxoONgBBy7WWHipcHbISpJnao=] [Alexander177] No offline messages found
[2025-08-06 17:09:51] [qvf2/IsRm9TsXSmNMeDEuXuIC3s=] [Mood] Checking offline messages for client
[2025-08-06 17:09:51] [qvf2/IsRm9TsXSmNMeDEuXuIC3s=] [Mood] No offline messages found
[2025-08-06 17:10:19] [DkzWFjRCsm+UTvsWYYn492igLoY=] [1.6 fsi dert paket] Checking offline messages for client
[2025-08-06 17:10:19] [DkzWFjRCsm+UTvsWYYn492igLoY=] [1.6 fsi dert paket] No offline messages found
[2025-08-06 17:11:49] [zaglkhC5RCjALhBCw2qHSpCgys0=] [m1la5t] Checking offline messages for client
[2025-08-06 17:11:49] [zaglkhC5RCjALhBCw2qHSpCgys0=] [m1la5t] No offline messages found
[2025-08-06 17:13:48] [rGYjkpGucsXtgz22MXCTcmT5zbg=] [Cancer] Checking offline messages for client
[2025-08-06 17:13:48] [rGYjkpGucsXtgz22MXCTcmT5zbg=] [Cancer] No offline messages found
[2025-08-06 17:15:07] [nCg3IgBrdpaHDPrGqxP5oMzfjEo=] [побгерпобедитель] Checking offline messages for client
[2025-08-06 17:15:07] [nCg3IgBrdpaHDPrGqxP5oMzfjEo=] [побгерпобедитель] No offline messages found
[2025-08-06 17:15:07] [nCg3IgBrdpaHDPrGqxP5oMzfjEo=] [побгерпобедитель] Checking offline messages for client
[2025-08-06 17:15:07] [nCg3IgBrdpaHDPrGqxP5oMzfjEo=] [побгерпобедитель] No offline messages found
[2025-08-06 17:15:07] [nCg3IgBrdpaHDPrGqxP5oMzfjEo=] [побгерпобедитель] Checking offline messages for client
[2025-08-06 17:15:07] [nCg3IgBrdpaHDPrGqxP5oMzfjEo=] [побгерпобедитель] No offline messages found
[2025-08-06 17:15:28] [qvf2/IsRm9TsXSmNMeDEuXuIC3s=] [Mood] Checking offline messages for client
[2025-08-06 17:15:28] [qvf2/IsRm9TsXSmNMeDEuXuIC3s=] [Mood] No offline messages found
[2025-08-06 17:16:55] [olLchfzvGHNpn6d47ZpS8OkJojI=] [SGS Calvo] Checking offline messages for client
[2025-08-06 17:16:55] [olLchfzvGHNpn6d47ZpS8OkJojI=] [SGS Calvo] No offline messages found
[2025-08-06 17:17:06] [wLnywMJc4bNHswALs3pyXStSTZY=] [PatoStick.] Checking offline messages for client
[2025-08-06 17:17:06] [wLnywMJc4bNHswALs3pyXStSTZY=] [PatoStick.] No offline messages found
[2025-08-06 17:20:26] [olLchfzvGHNpn6d47ZpS8OkJojI=] [SGS Calvo] Checking offline messages for client
[2025-08-06 17:20:26] [olLchfzvGHNpn6d47ZpS8OkJojI=] [SGS Calvo] No offline messages found
[2025-08-06 17:21:14] [4hvwCfCPtTRCCX/hD0S9PDAjwPY=] [Ander] Checking offline messages for client
[2025-08-06 17:21:14] [4hvwCfCPtTRCCX/hD0S9PDAjwPY=] [Ander] No offline messages found
[2025-08-06 17:21:28] [YJ8chm2QQIJyPFrsGN7ctoGAtDM=] [Грицик] Checking offline messages for client
[2025-08-06 17:21:28] [YJ8chm2QQIJyPFrsGN7ctoGAtDM=] [Грицик] No offline messages found
[2025-08-06 17:21:34] [GvKQC+0wB2vJXrx64sJ8sS41K2w=] [Pol'zovatel'] Checking offline messages for client
[2025-08-06 17:21:34] [GvKQC+0wB2vJXrx64sJ8sS41K2w=] [Pol'zovatel'] No offline messages found
[2025-08-06 17:22:04] [UJQSMUnQbDqCQA/Ap94PriCZpmM=] [1.6fsidertpaket] Checking offline messages for client
[2025-08-06 17:22:04] [UJQSMUnQbDqCQA/Ap94PriCZpmM=] [1.6fsidertpaket] No offline messages found
[2025-08-06 17:22:40] [UINiUnQ/eAgNIPOPr4tSfW+qXvo=] [Потужний Фід] Checking offline messages for client
[2025-08-06 17:22:40] [UINiUnQ/eAgNIPOPr4tSfW+qXvo=] [Потужний Фід] No offline messages found
[2025-08-06 17:22:54] [olLchfzvGHNpn6d47ZpS8OkJojI=] [SGS Calvo] Checking offline messages for client
[2025-08-06 17:22:54] [olLchfzvGHNpn6d47ZpS8OkJojI=] [SGS Calvo] No offline messages found
[2025-08-06 17:25:47] [j5dWqR3YtdDg+SH0Z4utnl7TppY=] [Claudiu20047] Checking offline messages for client
[2025-08-06 17:25:47] [j5dWqR3YtdDg+SH0Z4utnl7TppY=] [Claudiu20047] No offline messages found
[2025-08-06 17:27:41] [olLchfzvGHNpn6d47ZpS8OkJojI=] [SGS Calvo] Checking offline messages for client
[2025-08-06 17:27:41] [olLchfzvGHNpn6d47ZpS8OkJojI=] [SGS Calvo] No offline messages found
[2025-08-06 17:32:21] [K6ypBqoCPT9q/P/pnoIXtf9v0d4=] [hamza] Checking offline messages for client
[2025-08-06 17:32:21] [K6ypBqoCPT9q/P/pnoIXtf9v0d4=] [hamza] No offline messages found
[2025-08-06 17:42:53] [FjvWluljyXAl76fTQUXQDhqEdXg=] [sima] Checking offline messages for client
[2025-08-06 17:42:53] [FjvWluljyXAl76fTQUXQDhqEdXg=] [sima] No offline messages found
[2025-08-06 17:45:58] [aEmjlKBkg2d9gRUFp/PPg/JRL1M=] [hui] Checking offline messages for client
[2025-08-06 17:45:58] [aEmjlKBkg2d9gRUFp/PPg/JRL1M=] [hui] No offline messages found
[2025-08-06 17:47:52] [h+S6vTapLiHLu/QXW+Wv622o2KE=] [Bone] Checking offline messages for client
[2025-08-06 17:47:52] [h+S6vTapLiHLu/QXW+Wv622o2KE=] [Bone] No offline messages found
[2025-08-06 17:48:01] [4NEb8EjvTnrdKIlfd6y4WRD73es=] [klozzer] Checking offline messages for client
[2025-08-06 17:48:01] [4NEb8EjvTnrdKIlfd6y4WRD73es=] [klozzer] No offline messages found
[2025-08-06 17:48:06] [0k7iJrGzj7haOvrih6GAxyrXHtM=] [Sebitzuu] Checking offline messages for client
[2025-08-06 17:48:06] [0k7iJrGzj7haOvrih6GAxyrXHtM=] [Sebitzuu] No offline messages found
[2025-08-06 17:49:00] [j5dWqR3YtdDg+SH0Z4utnl7TppY=] [Claudiu20047] Checking offline messages for client
[2025-08-06 17:49:00] [j5dWqR3YtdDg+SH0Z4utnl7TppY=] [Claudiu20047] No offline messages found
[2025-08-06 17:49:10] [0k7iJrGzj7haOvrih6GAxyrXHtM=] [Sebitzuu] Checking offline messages for client
[2025-08-06 17:49:10] [0k7iJrGzj7haOvrih6GAxyrXHtM=] [Sebitzuu] No offline messages found
[2025-08-06 17:49:39] [NrinzN9i22mrI5io8FdxB4B1/Os=] [daGGetTt] Checking offline messages for client
[2025-08-06 17:49:39] [NrinzN9i22mrI5io8FdxB4B1/Os=] [daGGetTt] No offline messages found
[2025-08-06 17:50:09] [pwxd39RdklT+c6j3HlbMzm3yWHo=] [Despaier] Checking offline messages for client
[2025-08-06 17:50:09] [pwxd39RdklT+c6j3HlbMzm3yWHo=] [Despaier] No offline messages found
[2025-08-06 17:50:16] [F4Rot6aSlWU5OFZBOarP2RTzrYY=] [INSANE] Checking offline messages for client
[2025-08-06 17:50:16] [F4Rot6aSlWU5OFZBOarP2RTzrYY=] [INSANE] No offline messages found
[2025-08-06 18:00:06] [R1mk7MnQQxQN6Pot10ShxLDhgw4=] [ТЕМАРАК] Checking offline messages for client
[2025-08-06 18:00:06] [R1mk7MnQQxQN6Pot10ShxLDhgw4=] [ТЕМАРАК] No offline messages found
[2025-08-06 18:00:25] [R1mk7MnQQxQN6Pot10ShxLDhgw4=] [ТЕМАРАК] Checking offline messages for client
[2025-08-06 18:00:25] [R1mk7MnQQxQN6Pot10ShxLDhgw4=] [ТЕМАРАК] No offline messages found
[2025-08-06 18:01:10] [N3sdgECOuAq9updYbYKI20ij7vw=] [Tancsii] Checking offline messages for client
[2025-08-06 18:01:10] [N3sdgECOuAq9updYbYKI20ij7vw=] [Tancsii] No offline messages found
[2025-08-06 18:01:18] [3Zuy7HrgD2tckMe6PFvuEKWBSq4=] [pashokey] Checking offline messages for client
[2025-08-06 18:01:18] [3Zuy7HrgD2tckMe6PFvuEKWBSq4=] [pashokey] No offline messages found
[2025-08-06 18:03:20] [yPSI9aghhtH6O+mnSQIo84yUZ4c=] [шароёб] Checking offline messages for client
[2025-08-06 18:03:20] [yPSI9aghhtH6O+mnSQIo84yUZ4c=] [шароёб] Found 1 offline messages
[2025-08-06 18:03:22] [yPSI9aghhtH6O+mnSQIo84yUZ4c=] [шароёб] Sent poke message: Your private channel has been renumbered from #20 to #19 to maintain sorting order.
[2025-08-06 18:03:22] [yPSI9aghhtH6O+mnSQIo84yUZ4c=] [шароёб] Deleted 1 delivered messages from database
[2025-08-06 18:03:28] [acW8L254GwpId72+SZaQ4M311cg=] [BUGER (Славик)] Checking offline messages for client
[2025-08-06 18:03:28] [acW8L254GwpId72+SZaQ4M311cg=] [BUGER (Славик)] No offline messages found
[2025-08-06 18:06:43] [x5NWjjSsshVzCfkox/peFi8iwwM=] [pzdcvsenikizanyati] Checking offline messages for client
[2025-08-06 18:06:43] [x5NWjjSsshVzCfkox/peFi8iwwM=] [pzdcvsenikizanyati] No offline messages found
[2025-08-06 18:09:25] [B1vi3FgmXup//0bA/eh0W10lZiM=] [TeamSpeakUser1] Checking offline messages for client
[2025-08-06 18:09:25] [B1vi3FgmXup//0bA/eh0W10lZiM=] [TeamSpeakUser1] No offline messages found
[2025-08-06 18:09:31] [C3ony4dh8njCYB62/cIXXbMG1IA=] [Чех] Checking offline messages for client
[2025-08-06 18:09:31] [C3ony4dh8njCYB62/cIXXbMG1IA=] [Чех] No offline messages found
[2025-08-06 18:17:45] [vO0JOtVc2URjykCV2xEe+v89uHQ=] [PPPPPPP] Checking offline messages for client
[2025-08-06 18:17:45] [vO0JOtVc2URjykCV2xEe+v89uHQ=] [PPPPPPP] No offline messages found
[2025-08-06 18:17:54] [Qf9eU8SAgAHD2e/a+4SOA0v73s8=] [Bobbeloppe01] Checking offline messages for client
[2025-08-06 18:17:54] [Qf9eU8SAgAHD2e/a+4SOA0v73s8=] [Bobbeloppe01] No offline messages found
[2025-08-06 18:22:54] [tOoGEdCN9ULy8ULKyELfIWNelvU=] [kayanyildz] Checking offline messages for client
[2025-08-06 18:22:54] [tOoGEdCN9ULy8ULKyELfIWNelvU=] [kayanyildz] No offline messages found
[2025-08-06 18:23:10] [0JrXRhsiBXKdOPeWdToXNBrqWMs=] [initale] Checking offline messages for client
[2025-08-06 18:23:10] [0JrXRhsiBXKdOPeWdToXNBrqWMs=] [initale] No offline messages found
[2025-08-06 18:23:24] [3wfCbZork1r8h4aDgIW1hfWE0YA=] [SNAC-Ahmet] Checking offline messages for client
[2025-08-06 18:23:24] [3wfCbZork1r8h4aDgIW1hfWE0YA=] [SNAC-Ahmet] No offline messages found
[2025-08-06 18:35:14] [ZRJE0ISA13RmnFcasOlw68BVsNY=] [F4funder] Checking offline messages for client
[2025-08-06 18:35:14] [ZRJE0ISA13RmnFcasOlw68BVsNY=] [F4funder] No offline messages found
[2025-08-06 18:37:26] [PlotarA/IzD1xOqHXLunwp4hHDs=] [Butch] Checking offline messages for client
[2025-08-06 18:37:26] [PlotarA/IzD1xOqHXLunwp4hHDs=] [Butch] No offline messages found
[2025-08-06 18:37:46] [Tgd5hyEUE1h1eu8z/TBEWqTvsO4=] [verdi] Checking offline messages for client
[2025-08-06 18:37:46] [Tgd5hyEUE1h1eu8z/TBEWqTvsO4=] [verdi] No offline messages found
[2025-08-06 18:39:15] [gG6x8UpQ4ZtnCfb46Ww0yUj5Ih4=] [potelchesal1] Checking offline messages for client
[2025-08-06 18:39:15] [gG6x8UpQ4ZtnCfb46Ww0yUj5Ih4=] [potelchesal1] No offline messages found
[2025-08-06 18:40:26] [heASFAi6NY2HNLeZZLcXMqjuvT8=] [brownfatnerd1448] Checking offline messages for client
[2025-08-06 18:40:26] [heASFAi6NY2HNLeZZLcXMqjuvT8=] [brownfatnerd1448] No offline messages found
[2025-08-06 18:41:02] [ODZ6uf3JKjx7m8zO/Ep6ReefwDs=] [krasser_millionaer] Checking offline messages for client
[2025-08-06 18:41:02] [ODZ6uf3JKjx7m8zO/Ep6ReefwDs=] [krasser_millionaer] No offline messages found
[2025-08-06 18:42:29] [O7NNL2isvwjTDGLO5PTvMFV6s9A=] [HSV] Checking offline messages for client
[2025-08-06 18:42:29] [O7NNL2isvwjTDGLO5PTvMFV6s9A=] [HSV] No offline messages found
[2025-08-06 18:43:11] [1LGAFwYeh9ftEN0OriluWE0DqDs=] [K0ubek] Checking offline messages for client
[2025-08-06 18:43:11] [1LGAFwYeh9ftEN0OriluWE0DqDs=] [K0ubek] No offline messages found
[2025-08-06 18:50:57] [3wfCbZork1r8h4aDgIW1hfWE0YA=] [SNAC-Ahmet] Checking offline messages for client
[2025-08-06 18:50:57] [3wfCbZork1r8h4aDgIW1hfWE0YA=] [SNAC-Ahmet] No offline messages found
[2025-08-06 18:51:09] [ysApwncFrVjzs0iXlJqpQC5ryno=] [alikexie] Checking offline messages for client
[2025-08-06 18:51:09] [ysApwncFrVjzs0iXlJqpQC5ryno=] [alikexie] No offline messages found
[2025-08-06 18:54:42] [DbDDAQrzPag5dY/8KYh06dmBbvw=] [butcher] Checking offline messages for client
[2025-08-06 18:54:42] [DbDDAQrzPag5dY/8KYh06dmBbvw=] [butcher] No offline messages found
[2025-08-06 18:54:49] [QnPuvl/LakOS16vWSaXMZlHO3Xg=] [grr] Checking offline messages for client
[2025-08-06 18:54:49] [QnPuvl/LakOS16vWSaXMZlHO3Xg=] [grr] No offline messages found
[2025-08-06 18:55:59] [WqJ7G2qJdQ8kspL597ANASGN6Qc=] [леха] Checking offline messages for client
[2025-08-06 18:55:59] [WqJ7G2qJdQ8kspL597ANASGN6Qc=] [леха] No offline messages found
[2025-08-06 18:56:59] [vLgVft5e9BARLqqbeBlVX0sMlpk=] [BlackDemoN (Dimon)] Checking offline messages for client
[2025-08-06 18:56:59] [vLgVft5e9BARLqqbeBlVX0sMlpk=] [BlackDemoN (Dimon)] No offline messages found
[2025-08-06 18:59:22] [d/2RYNlm5B/Nn3BBGjS8/8tretA=] [LaPt] Checking offline messages for client
[2025-08-06 18:59:22] [d/2RYNlm5B/Nn3BBGjS8/8tretA=] [LaPt] No offline messages found
[2025-08-06 18:59:25] [uVIyLE46ey0eBhM+Z9Az+wuDd2U=] [LisssTzz] Checking offline messages for client
[2025-08-06 18:59:25] [uVIyLE46ey0eBhM+Z9Az+wuDd2U=] [LisssTzz] No offline messages found
[2025-08-06 18:59:26] [PhckJHuRGWp+/oEYJbm3VNrgZkw=] [Br4d117] Checking offline messages for client
[2025-08-06 18:59:26] [PhckJHuRGWp+/oEYJbm3VNrgZkw=] [Br4d117] Found 1 offline messages
[2025-08-06 18:59:28] [PhckJHuRGWp+/oEYJbm3VNrgZkw=] [Br4d117] Sent poke message: Your private channel has been renumbered from #11 to #10 to maintain sorting order.
[2025-08-06 18:59:28] [PhckJHuRGWp+/oEYJbm3VNrgZkw=] [Br4d117] Deleted 1 delivered messages from database
[2025-08-06 18:59:53] [Tyox9iliANPNZk3OJiSEOSxGKGY=] [germancoxx] Checking offline messages for client
[2025-08-06 18:59:53] [Tyox9iliANPNZk3OJiSEOSxGKGY=] [germancoxx] No offline messages found
[2025-08-06 19:00:22] [KJ4zqn9pukLO1ChROBmAPzo3JKk=] [Shutn1k] Checking offline messages for client
[2025-08-06 19:00:22] [KJ4zqn9pukLO1ChROBmAPzo3JKk=] [Shutn1k] No offline messages found
[2025-08-06 19:00:31] [xBMJD2Y2SpzPtIEf1cFbTuruz8Q=] [KAYMAKAM] Checking offline messages for client
[2025-08-06 19:00:31] [xBMJD2Y2SpzPtIEf1cFbTuruz8Q=] [KAYMAKAM] No offline messages found
[2025-08-06 19:00:44] [y6Dvn19VXbBd0XOSXfMEraqacFI=] [CrypticBlitz96] Checking offline messages for client
[2025-08-06 19:00:44] [y6Dvn19VXbBd0XOSXfMEraqacFI=] [CrypticBlitz96] No offline messages found
[2025-08-06 19:00:58] [sC96QZMY/yY8Fc9QjquVCkLiW2c=] [Amirali] Checking offline messages for client
[2025-08-06 19:00:58] [sC96QZMY/yY8Fc9QjquVCkLiW2c=] [Amirali] No offline messages found
[2025-08-06 19:01:47] [veisoKySftOvl4Q1Ks67iGgTmI4=] [beee] Checking offline messages for client
[2025-08-06 19:01:47] [veisoKySftOvl4Q1Ks67iGgTmI4=] [beee] No offline messages found
[2025-08-06 19:03:18] [DbDDAQrzPag5dY/8KYh06dmBbvw=] [butcher] Checking offline messages for client
[2025-08-06 19:03:18] [DbDDAQrzPag5dY/8KYh06dmBbvw=] [butcher] No offline messages found
[2025-08-06 19:03:58] [DbDDAQrzPag5dY/8KYh06dmBbvw=] [butcher] Checking offline messages for client
[2025-08-06 19:03:58] [DbDDAQrzPag5dY/8KYh06dmBbvw=] [butcher] No offline messages found
[2025-08-06 19:04:13] [Blwjbu/Ds62rd6eeWiulo9obSxE=] [Mohamawd] Checking offline messages for client
[2025-08-06 19:04:13] [Blwjbu/Ds62rd6eeWiulo9obSxE=] [Mohamawd] No offline messages found
[2025-08-06 19:04:22] [Chs2gds0q5c5sHk5GQqGy9JmwQg=] [teaman11] Checking offline messages for client
[2025-08-06 19:04:22] [Chs2gds0q5c5sHk5GQqGy9JmwQg=] [teaman11] No offline messages found
[2025-08-06 19:04:35] [hBuNRx7tatLbgdRUYtizU91b9ds=] [Fantaz4] Checking offline messages for client
[2025-08-06 19:04:35] [hBuNRx7tatLbgdRUYtizU91b9ds=] [Fantaz4] No offline messages found
[2025-08-06 19:05:00] [hBuNRx7tatLbgdRUYtizU91b9ds=] [Fantaz4] Checking offline messages for client
[2025-08-06 19:05:00] [hBuNRx7tatLbgdRUYtizU91b9ds=] [Fantaz4] No offline messages found
[2025-08-06 19:05:52] [V/sE7GD+jPAQPdHRhDxgmql0tFI=] [Jabberson] Checking offline messages for client
[2025-08-06 19:05:52] [V/sE7GD+jPAQPdHRhDxgmql0tFI=] [Jabberson] No offline messages found
[2025-08-06 19:06:04] [QnPuvl/LakOS16vWSaXMZlHO3Xg=] [grr] Checking offline messages for client
[2025-08-06 19:06:04] [QnPuvl/LakOS16vWSaXMZlHO3Xg=] [grr] No offline messages found
[2025-08-06 19:06:46] [rgjQUOJkuVRQanvGjH9NDcKtNJc=] [arshia(کیر تو نت)] Checking offline messages for client
[2025-08-06 19:06:46] [rgjQUOJkuVRQanvGjH9NDcKtNJc=] [arshia(کیر تو نت)] No offline messages found
[2025-08-06 19:06:51] [V+r2jqsObKVU67cAATQYjyj/oEk=] [Blood.born] Checking offline messages for client
[2025-08-06 19:06:51] [V+r2jqsObKVU67cAATQYjyj/oEk=] [Blood.born] No offline messages found
[2025-08-06 19:07:45] [157KL6nbvgzKYId8dWYGPfkn2rw=] [SHLYHA] Checking offline messages for client
[2025-08-06 19:07:45] [157KL6nbvgzKYId8dWYGPfkn2rw=] [SHLYHA] No offline messages found
[2025-08-06 19:09:03] [ilO9JAl5glx+WikZA6SZqmic0Iw=] [kaiizenn] Checking offline messages for client
[2025-08-06 19:09:03] [ilO9JAl5glx+WikZA6SZqmic0Iw=] [kaiizenn] No offline messages found
[2025-08-06 19:09:24] [V+r2jqsObKVU67cAATQYjyj/oEk=] [Blood.born] Checking offline messages for client
[2025-08-06 19:09:24] [V+r2jqsObKVU67cAATQYjyj/oEk=] [Blood.born] No offline messages found
[2025-08-06 19:09:46] [ow+Zi/O4SnJIvwHosoZ7zIvOOK8=] [shinigami] Checking offline messages for client
[2025-08-06 19:09:46] [ow+Zi/O4SnJIvwHosoZ7zIvOOK8=] [shinigami] No offline messages found
[2025-08-06 19:12:53] [RkH91acmxA3cUuqBsMdwRLDQBxM=] [Avrelius33] Checking offline messages for client
[2025-08-06 19:12:53] [RkH91acmxA3cUuqBsMdwRLDQBxM=] [Avrelius33] No offline messages found
[2025-08-06 19:14:52] [DbDDAQrzPag5dY/8KYh06dmBbvw=] [butcher] Checking offline messages for client
[2025-08-06 19:14:52] [DbDDAQrzPag5dY/8KYh06dmBbvw=] [butcher] No offline messages found
[2025-08-06 19:17:48] [s5SoU0O6Mp2lEkoeWlMc2247gBk=] [don] Checking offline messages for client
[2025-08-06 19:17:48] [s5SoU0O6Mp2lEkoeWlMc2247gBk=] [don] No offline messages found
[2025-08-06 19:18:29] [M09LXQM0h1IxzpSiw7t91USRzUA=] [dolv1] Checking offline messages for client
[2025-08-06 19:18:29] [M09LXQM0h1IxzpSiw7t91USRzUA=] [dolv1] No offline messages found
[2025-08-06 19:18:38] [Om3x8Xif9J3esmUnYiU6ztQ0OzY=] [BIGYURIII] Checking offline messages for client
[2025-08-06 19:18:38] [Om3x8Xif9J3esmUnYiU6ztQ0OzY=] [BIGYURIII] No offline messages found
[2025-08-06 19:18:42] [JeRDsn5NNuoif7xSE7UhSMCw9rc=] [TeamSpeakUser2] Checking offline messages for client
[2025-08-06 19:18:42] [JeRDsn5NNuoif7xSE7UhSMCw9rc=] [TeamSpeakUser2] No offline messages found
[2025-08-06 19:19:10] [DbDDAQrzPag5dY/8KYh06dmBbvw=] [butcher] Checking offline messages for client
[2025-08-06 19:19:10] [DbDDAQrzPag5dY/8KYh06dmBbvw=] [butcher] No offline messages found
[2025-08-06 19:19:19] [xPOPrWPQum4PIXMqKPMGCRW2z7g=] [skbd] Checking offline messages for client
[2025-08-06 19:19:19] [xPOPrWPQum4PIXMqKPMGCRW2z7g=] [skbd] No offline messages found
[2025-08-06 19:20:01] [RBwh+hLI7qM/5sBbq4UPaExpE30=] [Druid Сrow 🦅] Checking offline messages for client
[2025-08-06 19:20:01] [RBwh+hLI7qM/5sBbq4UPaExpE30=] [Druid Сrow 🦅] No offline messages found
[2025-08-06 19:21:24] [rgjQUOJkuVRQanvGjH9NDcKtNJc=] [arshia(کیر تو نت)] Checking offline messages for client
[2025-08-06 19:21:24] [rgjQUOJkuVRQanvGjH9NDcKtNJc=] [arshia(کیر تو نت)] No offline messages found
[2025-08-06 19:22:00] [wLnywMJc4bNHswALs3pyXStSTZY=] [PatoStick.] Checking offline messages for client
[2025-08-06 19:22:00] [wLnywMJc4bNHswALs3pyXStSTZY=] [PatoStick.] No offline messages found
[2025-08-06 19:22:06] [OGR4x0K2kK5M5o6aAMkiUooMFy8=] [TeamSpeakUser] Checking offline messages for client
[2025-08-06 19:22:06] [OGR4x0K2kK5M5o6aAMkiUooMFy8=] [TeamSpeakUser] No offline messages found
[2025-08-06 19:24:09] [DbDDAQrzPag5dY/8KYh06dmBbvw=] [butcher] Checking offline messages for client
[2025-08-06 19:24:09] [DbDDAQrzPag5dY/8KYh06dmBbvw=] [butcher] No offline messages found
[2025-08-06 19:25:04] [39Hn80GzU936S3hLOAjj8iP5kpg=] [Shawaj] Checking offline messages for client
[2025-08-06 19:25:04] [39Hn80GzU936S3hLOAjj8iP5kpg=] [Shawaj] No offline messages found
[2025-08-06 19:27:20] [HA8AwjGjfttaVD2BbXsV3SrC+rA=] [Axtic] Checking offline messages for client
[2025-08-06 19:27:20] [HA8AwjGjfttaVD2BbXsV3SrC+rA=] [Axtic] No offline messages found
[2025-08-06 19:28:14] [vcyn2qSMt2HUw38zEEVs8t2YTdY=] [gert401] Checking offline messages for client
[2025-08-06 19:28:14] [vcyn2qSMt2HUw38zEEVs8t2YTdY=] [gert401] No offline messages found
[2025-08-06 19:28:23] [mg0CEi8kx9uVrgWEX5S2vt1Xexg=] [awegawg] Checking offline messages for client
[2025-08-06 19:28:23] [mg0CEi8kx9uVrgWEX5S2vt1Xexg=] [awegawg] No offline messages found
[2025-08-06 19:29:21] [mTbPypkwuA/2B5Zl6CXWViczHPo=] [kızlıkbozan33] Checking offline messages for client
[2025-08-06 19:29:21] [mTbPypkwuA/2B5Zl6CXWViczHPo=] [kızlıkbozan33] No offline messages found
[2025-08-06 19:29:50] [QnPuvl/LakOS16vWSaXMZlHO3Xg=] [grr] Checking offline messages for client
[2025-08-06 19:29:50] [QnPuvl/LakOS16vWSaXMZlHO3Xg=] [grr] No offline messages found
[2025-08-06 19:30:43] [1QuYdjwegivq8nQQgKS/N+VS/dw=] [TeamSpeakUser3] Checking offline messages for client
[2025-08-06 19:30:43] [1QuYdjwegivq8nQQgKS/N+VS/dw=] [TeamSpeakUser3] No offline messages found
[2025-08-06 19:30:51] [ILH1wc63Ps+AfOjsUs4lnCBRghA=] [Kefirchik] Checking offline messages for client
[2025-08-06 19:30:51] [ILH1wc63Ps+AfOjsUs4lnCBRghA=] [Kefirchik] No offline messages found
[2025-08-06 19:31:39] [DbDDAQrzPag5dY/8KYh06dmBbvw=] [butcher] Checking offline messages for client
[2025-08-06 19:31:39] [DbDDAQrzPag5dY/8KYh06dmBbvw=] [butcher] No offline messages found
[2025-08-06 19:33:57] [8WOVpWo1lyNg0N6GGos0xzT0uz4=] [P0kw3r] Checking offline messages for client
[2025-08-06 19:33:57] [8WOVpWo1lyNg0N6GGos0xzT0uz4=] [P0kw3r] No offline messages found
[2025-08-06 19:35:09] [1QuYdjwegivq8nQQgKS/N+VS/dw=] [CMe] Checking offline messages for client
[2025-08-06 19:35:09] [1QuYdjwegivq8nQQgKS/N+VS/dw=] [CMe] No offline messages found
[2025-08-06 19:40:10] [VzDfRDmJ7uM/C1TaZb3VAAD1IFw=] [reverz] Checking offline messages for client
[2025-08-06 19:40:10] [VzDfRDmJ7uM/C1TaZb3VAAD1IFw=] [reverz] No offline messages found
[2025-08-06 19:40:13] [tHKwZtfb/srt+Fd0YoD5SiAYdKo=] [Sim0] Checking offline messages for client
[2025-08-06 19:40:13] [tHKwZtfb/srt+Fd0YoD5SiAYdKo=] [Sim0] No offline messages found
[2025-08-06 19:40:13] [tHKwZtfb/srt+Fd0YoD5SiAYdKo=] [Sim0] Checking offline messages for client
[2025-08-06 19:40:13] [tHKwZtfb/srt+Fd0YoD5SiAYdKo=] [Sim0] No offline messages found
[2025-08-06 19:41:36] [SD17ArPLxbgW8gNb6ICI1SlcTNs=] [Nghtly] Checking offline messages for client
[2025-08-06 19:41:36] [SD17ArPLxbgW8gNb6ICI1SlcTNs=] [Nghtly] Found 1 offline messages
[2025-08-06 19:41:38] [SD17ArPLxbgW8gNb6ICI1SlcTNs=] [Nghtly] Sent poke message: Your private channel has been renumbered from #34 to #33 to maintain sorting order.
[2025-08-06 19:41:38] [SD17ArPLxbgW8gNb6ICI1SlcTNs=] [Nghtly] Deleted 1 delivered messages from database
[2025-08-06 19:42:11] [GSHdFQ1jzSeyLdTWhcSAlf1X2N8=] [FenaiL] Checking offline messages for client
[2025-08-06 19:42:11] [GSHdFQ1jzSeyLdTWhcSAlf1X2N8=] [FenaiL] No offline messages found
[2025-08-06 19:45:35] [gJLn1vQ9mrffkHC6LBfsIXRQV2I=] [Men4] Checking offline messages for client
[2025-08-06 19:45:35] [gJLn1vQ9mrffkHC6LBfsIXRQV2I=] [Men4] No offline messages found
[2025-08-06 19:49:24] [iyVQVtmbSrTKhWTLGWQUmQX+5m4=] [cuffe] Checking offline messages for client
[2025-08-06 19:49:24] [iyVQVtmbSrTKhWTLGWQUmQX+5m4=] [cuffe] No offline messages found
[2025-08-06 19:49:36] [1J9/ZPnHxEL704aM8z0q1FXAbwA=] [redan_22] Checking offline messages for client
[2025-08-06 19:49:36] [1J9/ZPnHxEL704aM8z0q1FXAbwA=] [redan_22] No offline messages found
[2025-08-06 19:49:48] [M3Mi568kAD62yEgYe/3Xaxot/tM=] [FRAGGER] Checking offline messages for client
[2025-08-06 19:49:48] [M3Mi568kAD62yEgYe/3Xaxot/tM=] [FRAGGER] No offline messages found
[2025-08-06 19:51:40] [ftxrsAvErd0OE1BcPOBxKDMVNvI=] [Puz9ka] Checking offline messages for client
[2025-08-06 19:51:40] [ftxrsAvErd0OE1BcPOBxKDMVNvI=] [Puz9ka] No offline messages found
[2025-08-06 19:54:51] [veisoKySftOvl4Q1Ks67iGgTmI4=] [beee] Checking offline messages for client
[2025-08-06 19:54:51] [veisoKySftOvl4Q1Ks67iGgTmI4=] [beee] No offline messages found
[2025-08-06 19:55:26] [q7G2/UKjynPGC+8eWqWTGArhN/8=] [Kiko] Checking offline messages for client
[2025-08-06 19:55:26] [q7G2/UKjynPGC+8eWqWTGArhN/8=] [Kiko] No offline messages found
[2025-08-06 19:55:31] [675wO5ssJtQbFw+9qXHexPjHNYM=] [Nevskiiiy] Checking offline messages for client
[2025-08-06 19:55:31] [675wO5ssJtQbFw+9qXHexPjHNYM=] [Nevskiiiy] No offline messages found
[2025-08-06 19:57:42] [HWLzM87+yNul7zc6POACMa/NjHo=] [TeamSpeakUser3] Checking offline messages for client
[2025-08-06 19:57:42] [HWLzM87+yNul7zc6POACMa/NjHo=] [TeamSpeakUser3] No offline messages found
[2025-08-06 19:57:51] [6loDKB5pFq9h9EZ8lWJAl1sRiNA=] [kagixxx] Checking offline messages for client
[2025-08-06 19:57:51] [6loDKB5pFq9h9EZ8lWJAl1sRiNA=] [kagixxx] No offline messages found
[2025-08-06 19:58:10] [IvPuoleyuChePKK0GR7sRhVCkJE=] [SYRUSSS] Checking offline messages for client
[2025-08-06 19:58:10] [IvPuoleyuChePKK0GR7sRhVCkJE=] [SYRUSSS] No offline messages found
[2025-08-06 19:59:51] [IvPuoleyuChePKK0GR7sRhVCkJE=] [SYRUSSS] Checking offline messages for client
[2025-08-06 19:59:51] [IvPuoleyuChePKK0GR7sRhVCkJE=] [SYRUSSS] No offline messages found
[2025-08-06 20:01:46] [IC8RQpP04iHUoYUiaQbZe09z+fo=] [miki] Checking offline messages for client
[2025-08-06 20:01:46] [IC8RQpP04iHUoYUiaQbZe09z+fo=] [miki] No offline messages found
[2025-08-06 20:01:47] [IC8RQpP04iHUoYUiaQbZe09z+fo=] [miki] Checking offline messages for client
[2025-08-06 20:01:47] [IC8RQpP04iHUoYUiaQbZe09z+fo=] [miki] No offline messages found
[2025-08-06 20:01:47] [IC8RQpP04iHUoYUiaQbZe09z+fo=] [miki] Checking offline messages for client
[2025-08-06 20:01:47] [IC8RQpP04iHUoYUiaQbZe09z+fo=] [miki] No offline messages found
[2025-08-06 20:01:56] [GRmt7jZLfS3A+SdGDckb2BiZEAk=] [sameqqq] Checking offline messages for client
[2025-08-06 20:01:56] [GRmt7jZLfS3A+SdGDckb2BiZEAk=] [sameqqq] No offline messages found
[2025-08-06 20:03:08] [5JxhFpeFY3HIrgkYh3TeVzOCHWI=] [Dan4ik060211] Checking offline messages for client
[2025-08-06 20:03:08] [5JxhFpeFY3HIrgkYh3TeVzOCHWI=] [Dan4ik060211] No offline messages found
[2025-08-06 20:03:58] [+IdTxeDPU0HaxOmF1Yivm4WLd78=] [chelko] Checking offline messages for client
[2025-08-06 20:03:58] [+IdTxeDPU0HaxOmF1Yivm4WLd78=] [chelko] No offline messages found
[2025-08-06 20:05:07] [MZWgndUXO6A0YcVlmWyBE1rQlnY=] [Musto] Checking offline messages for client
[2025-08-06 20:05:07] [MZWgndUXO6A0YcVlmWyBE1rQlnY=] [Musto] No offline messages found
[2025-08-06 20:06:22] [2Lx63FxcyvHlLbs3Khbo5bJe6mY=] [Last] Checking offline messages for client
[2025-08-06 20:06:22] [2Lx63FxcyvHlLbs3Khbo5bJe6mY=] [Last] No offline messages found
[2025-08-06 20:07:30] [j4VaV46XhkmzcjbVPFuyIU0vCLs=] [nox] Checking offline messages for client
[2025-08-06 20:07:30] [j4VaV46XhkmzcjbVPFuyIU0vCLs=] [nox] No offline messages found
[2025-08-06 20:07:31] [HWLzM87+yNul7zc6POACMa/NjHo=] [TeamSpeakUser3] Checking offline messages for client
[2025-08-06 20:07:31] [HWLzM87+yNul7zc6POACMa/NjHo=] [TeamSpeakUser3] No offline messages found
[2025-08-06 20:07:33] [HWLzM87+yNul7zc6POACMa/NjHo=] [TeamSpeakUser3] Checking offline messages for client
[2025-08-06 20:07:33] [HWLzM87+yNul7zc6POACMa/NjHo=] [TeamSpeakUser3] No offline messages found
[2025-08-06 20:07:34] [HWLzM87+yNul7zc6POACMa/NjHo=] [TeamSpeakUser3] Checking offline messages for client
[2025-08-06 20:07:34] [HWLzM87+yNul7zc6POACMa/NjHo=] [TeamSpeakUser3] No offline messages found
[2025-08-06 20:07:36] [HWLzM87+yNul7zc6POACMa/NjHo=] [TeamSpeakUser3] Checking offline messages for client
[2025-08-06 20:07:36] [HWLzM87+yNul7zc6POACMa/NjHo=] [TeamSpeakUser3] No offline messages found
[2025-08-06 20:08:55] [ow+Zi/O4SnJIvwHosoZ7zIvOOK8=] [shinigami] Checking offline messages for client
[2025-08-06 20:08:55] [ow+Zi/O4SnJIvwHosoZ7zIvOOK8=] [shinigami] No offline messages found
[2025-08-06 20:08:58] [LChIIpVKSczGXCJcvYW8G7+Rrgk=] [erik] Checking offline messages for client
[2025-08-06 20:08:58] [LChIIpVKSczGXCJcvYW8G7+Rrgk=] [erik] No offline messages found
[2025-08-06 20:12:22] [yH7+WUTO9a0edxQG10YKRSCiFog=] [Angry] Checking offline messages for client
[2025-08-06 20:12:22] [yH7+WUTO9a0edxQG10YKRSCiFog=] [Angry] No offline messages found
[2025-08-06 20:12:27] [F0bbrP+mX09dSUm9WihJFXT3qDQ=] [N00BIT0 Саша] Checking offline messages for client
[2025-08-06 20:12:27] [F0bbrP+mX09dSUm9WihJFXT3qDQ=] [N00BIT0 Саша] No offline messages found
[2025-08-06 20:12:56] [F0bbrP+mX09dSUm9WihJFXT3qDQ=] [N00BIT0 Саша] Checking offline messages for client
[2025-08-06 20:12:56] [F0bbrP+mX09dSUm9WihJFXT3qDQ=] [N00BIT0 Саша] No offline messages found
[2025-08-06 20:13:30] [F0bbrP+mX09dSUm9WihJFXT3qDQ=] [N00BIT0 Саша] Checking offline messages for client
[2025-08-06 20:13:30] [F0bbrP+mX09dSUm9WihJFXT3qDQ=] [N00BIT0 Саша] No offline messages found
[2025-08-06 20:13:54] [v8d0S2VwxhW09HTFPSJZmdATS9s=] [lokmannnnnn] Checking offline messages for client
[2025-08-06 20:13:54] [v8d0S2VwxhW09HTFPSJZmdATS9s=] [lokmannnnnn] No offline messages found
[2025-08-06 20:13:57] [OnyFNlLSRn5WExnVSStquo7sjMA=] [ПожилаяОстановка] Checking offline messages for client
[2025-08-06 20:13:58] [OnyFNlLSRn5WExnVSStquo7sjMA=] [ПожилаяОстановка] No offline messages found
[2025-08-06 20:14:19] [cm+zDw/4zDuQN120Qa8q1mW/fIQ=] [hudabin] Checking offline messages for client
[2025-08-06 20:14:19] [cm+zDw/4zDuQN120Qa8q1mW/fIQ=] [hudabin] No offline messages found
[2025-08-06 20:14:48] [gITtVlfHYxsd3mvOfTblKNtJBDU=] [4iff] Checking offline messages for client
[2025-08-06 20:14:48] [gITtVlfHYxsd3mvOfTblKNtJBDU=] [4iff] No offline messages found
[2025-08-06 20:14:48] [G831RTm365sZm+AZDB791219bVE=] [x7uned] Checking offline messages for client
[2025-08-06 20:14:48] [G831RTm365sZm+AZDB791219bVE=] [x7uned] No offline messages found
[2025-08-06 20:14:48] [gITtVlfHYxsd3mvOfTblKNtJBDU=] [4iff] Checking offline messages for client
[2025-08-06 20:14:48] [gITtVlfHYxsd3mvOfTblKNtJBDU=] [4iff] No offline messages found
[2025-08-06 20:14:49] [gITtVlfHYxsd3mvOfTblKNtJBDU=] [4iff] Checking offline messages for client
[2025-08-06 20:14:49] [gITtVlfHYxsd3mvOfTblKNtJBDU=] [4iff] No offline messages found
[2025-08-06 20:14:54] [F0bbrP+mX09dSUm9WihJFXT3qDQ=] [N00BIT0 Саша] Checking offline messages for client
[2025-08-06 20:14:54] [F0bbrP+mX09dSUm9WihJFXT3qDQ=] [N00BIT0 Саша] No offline messages found
[2025-08-06 20:16:42] [F0bbrP+mX09dSUm9WihJFXT3qDQ=] [N00BIT0 Саша] Checking offline messages for client
[2025-08-06 20:16:42] [F0bbrP+mX09dSUm9WihJFXT3qDQ=] [N00BIT0 Саша] No offline messages found
[2025-08-06 20:16:43] [F0bbrP+mX09dSUm9WihJFXT3qDQ=] [N00BIT0 Саша] Checking offline messages for client
[2025-08-06 20:16:43] [F0bbrP+mX09dSUm9WihJFXT3qDQ=] [N00BIT0 Саша] No offline messages found
[2025-08-06 20:16:43] [F0bbrP+mX09dSUm9WihJFXT3qDQ=] [N00BIT0 Саша] Checking offline messages for client
[2025-08-06 20:16:43] [F0bbrP+mX09dSUm9WihJFXT3qDQ=] [N00BIT0 Саша] No offline messages found
[2025-08-06 20:18:24] [U9IMfSvzj5D6AQ6a6xlapRD7cZ0=] [TeamSpeakUser4] Checking offline messages for client
[2025-08-06 20:18:24] [U9IMfSvzj5D6AQ6a6xlapRD7cZ0=] [TeamSpeakUser4] No offline messages found
[2025-08-06 20:18:31] [lRJKg8r3Mt2WfdG7eutezSyRRPU=] [TeamSpeakUser5] Checking offline messages for client
[2025-08-06 20:18:31] [lRJKg8r3Mt2WfdG7eutezSyRRPU=] [TeamSpeakUser5] No offline messages found
[2025-08-06 20:19:00] [LRLgyJCazviWfDUTPvzkB5nJs9E=] [Last_Samurai] Checking offline messages for client
[2025-08-06 20:19:00] [LRLgyJCazviWfDUTPvzkB5nJs9E=] [Last_Samurai] No offline messages found
[2025-08-06 20:19:27] [mu8zHBA0U1KZm37ZU8GDo7EnWqM=] [Yusoso] Checking offline messages for client
[2025-08-06 20:19:27] [mu8zHBA0U1KZm37ZU8GDo7EnWqM=] [Yusoso] No offline messages found
[2025-08-06 20:19:29] [wuKEsQxON98FaT2rc8uZDlwZ7ps=] [SPZ-23] Checking offline messages for client
[2025-08-06 20:19:29] [wuKEsQxON98FaT2rc8uZDlwZ7ps=] [SPZ-23] No offline messages found
[2025-08-06 20:19:46] [VJ3kiQhgdGQjTMcQZsjIsQhebgU=] [d3sc] Checking offline messages for client
[2025-08-06 20:19:46] [VJ3kiQhgdGQjTMcQZsjIsQhebgU=] [d3sc] No offline messages found
[2025-08-06 20:19:46] [VJ3kiQhgdGQjTMcQZsjIsQhebgU=] [d3sc] Checking offline messages for client
[2025-08-06 20:19:46] [VJ3kiQhgdGQjTMcQZsjIsQhebgU=] [d3sc] No offline messages found
[2025-08-06 20:19:47] [VJ3kiQhgdGQjTMcQZsjIsQhebgU=] [d3sc] Checking offline messages for client
[2025-08-06 20:19:47] [VJ3kiQhgdGQjTMcQZsjIsQhebgU=] [d3sc] No offline messages found
[2025-08-06 20:23:11] [olLchfzvGHNpn6d47ZpS8OkJojI=] [SGS Calvo] Checking offline messages for client
[2025-08-06 20:23:11] [olLchfzvGHNpn6d47ZpS8OkJojI=] [SGS Calvo] No offline messages found
[2025-08-06 20:24:13] [xhTn4opclMp+iPempLliRAnKV4I=] [ALPHA] Checking offline messages for client
[2025-08-06 20:24:13] [xhTn4opclMp+iPempLliRAnKV4I=] [ALPHA] No offline messages found
[2025-08-06 20:25:31] [LChIIpVKSczGXCJcvYW8G7+Rrgk=] [erik] Checking offline messages for client
[2025-08-06 20:25:31] [LChIIpVKSczGXCJcvYW8G7+Rrgk=] [erik] No offline messages found
[2025-08-06 20:26:14] [G831RTm365sZm+AZDB791219bVE=] [x7uned] Checking offline messages for client
[2025-08-06 20:26:14] [G831RTm365sZm+AZDB791219bVE=] [x7uned] No offline messages found
[2025-08-06 20:27:19] [LChIIpVKSczGXCJcvYW8G7+Rrgk=] [erik] Checking offline messages for client
[2025-08-06 20:27:19] [LChIIpVKSczGXCJcvYW8G7+Rrgk=] [erik] No offline messages found
[2025-08-06 20:29:21] [HWLzM87+yNul7zc6POACMa/NjHo=] [TeamSpeakUser3] Checking offline messages for client
[2025-08-06 20:29:21] [HWLzM87+yNul7zc6POACMa/NjHo=] [TeamSpeakUser3] No offline messages found
[2025-08-06 20:33:22] [JS7AYDgRfu5aCR6EsyZfSZOd3ug=] [goran] Checking offline messages for client
[2025-08-06 20:33:22] [JS7AYDgRfu5aCR6EsyZfSZOd3ug=] [goran] No offline messages found
[2025-08-06 20:35:16] [jJJEU+7xvmxoWUcW4y8Vxj2Herg=] [shkyshky] Checking offline messages for client
[2025-08-06 20:35:16] [jJJEU+7xvmxoWUcW4y8Vxj2Herg=] [shkyshky] No offline messages found
[2025-08-06 20:35:54] [eG4UMjLmuVndageyqcYzcti5tLY=] [COLDGREEN] Checking offline messages for client
[2025-08-06 20:35:54] [eG4UMjLmuVndageyqcYzcti5tLY=] [COLDGREEN] No offline messages found
[2025-08-06 20:37:31] [FaBhOtsX9ZErbpKM31n9Crp8ZVk=] [HammerOfWar(Лёха)] Checking offline messages for client
[2025-08-06 20:37:31] [FaBhOtsX9ZErbpKM31n9Crp8ZVk=] [HammerOfWar(Лёха)] No offline messages found
[2025-08-06 20:40:36] [fy8DqFHe3q5TlO4nekOYp9jKjUI=] [SOKRALET] Checking offline messages for client
[2025-08-06 20:40:36] [fy8DqFHe3q5TlO4nekOYp9jKjUI=] [SOKRALET] No offline messages found
[2025-08-06 20:41:04] [K5/IaDGscrQW+qBOe0yWCZ4tht0=] [kappanda01] Checking offline messages for client
[2025-08-06 20:41:04] [K5/IaDGscrQW+qBOe0yWCZ4tht0=] [kappanda01] No offline messages found
[2025-08-06 20:41:54] [WtWgpfS8UE18SW7yGXm3r1yoO/c=] [Kowismo] Checking offline messages for client
[2025-08-06 20:41:54] [WtWgpfS8UE18SW7yGXm3r1yoO/c=] [Kowismo] No offline messages found
[2025-08-06 20:42:28] [Tl3Bg1zFfrOJ+IRWyJh5UAIJ+5o=] [Efkeyy] Checking offline messages for client
[2025-08-06 20:42:28] [Tl3Bg1zFfrOJ+IRWyJh5UAIJ+5o=] [Efkeyy] No offline messages found
[2025-08-06 20:44:02] [K6ypBqoCPT9q/P/pnoIXtf9v0d4=] [hamza] Checking offline messages for client
[2025-08-06 20:44:02] [K6ypBqoCPT9q/P/pnoIXtf9v0d4=] [hamza] No offline messages found
[2025-08-06 20:47:20] [+iN+emdCrwTlem5+zfF1B8qY0To=] [xyecoc] Checking offline messages for client
[2025-08-06 20:47:20] [+iN+emdCrwTlem5+zfF1B8qY0To=] [xyecoc] No offline messages found
[2025-08-06 20:47:58] [iziowVTbk7mGU95qNZGKt7wZaR8=] [bentuto] Checking offline messages for client
[2025-08-06 20:47:58] [iziowVTbk7mGU95qNZGKt7wZaR8=] [bentuto] No offline messages found
[2025-08-06 20:48:36] [o3G9rA/YjPOMWxOUehTn8HZBzto=] [Darkhains] Checking offline messages for client
[2025-08-06 20:48:36] [o3G9rA/YjPOMWxOUehTn8HZBzto=] [Darkhains] No offline messages found
[2025-08-06 20:49:20] [dnD06izVXlp3jUstWLppyYzz/I0=] [-ipq] Checking offline messages for client
[2025-08-06 20:49:20] [dnD06izVXlp3jUstWLppyYzz/I0=] [-ipq] No offline messages found
[2025-08-06 20:49:30] [vAoVADXVgpjfEfuPw77F4fgEIl8=] [Nostalgia 2] Checking offline messages for client
[2025-08-06 20:49:30] [vAoVADXVgpjfEfuPw77F4fgEIl8=] [Nostalgia 2] No offline messages found
[2025-08-06 20:53:17] [nKM59hxTojEpwTkMTG1uWArmxms=] [rowdy] Checking offline messages for client
[2025-08-06 20:53:17] [nKM59hxTojEpwTkMTG1uWArmxms=] [rowdy] No offline messages found
[2025-08-06 20:54:05] [U9IMfSvzj5D6AQ6a6xlapRD7cZ0=] [TeamSpeakUser] Checking offline messages for client
[2025-08-06 20:54:05] [U9IMfSvzj5D6AQ6a6xlapRD7cZ0=] [TeamSpeakUser] No offline messages found
[2025-08-06 20:54:22] [f5blCV2SYOa9qeIxhD7mgNKdr10=] [kompot1k] Checking offline messages for client
[2025-08-06 20:54:22] [f5blCV2SYOa9qeIxhD7mgNKdr10=] [kompot1k] No offline messages found
[2025-08-06 20:54:58] [8TGy5ZCaVIzFzYDa+1P00MswWe8=] [JustBrainRU] Checking offline messages for client
[2025-08-06 20:54:58] [8TGy5ZCaVIzFzYDa+1P00MswWe8=] [JustBrainRU] No offline messages found
[2025-08-06 20:56:55] [6JmrNsuNSUHwvpPjKgy9GSRbp+k=] [pez0] Checking offline messages for client
[2025-08-06 20:56:55] [6JmrNsuNSUHwvpPjKgy9GSRbp+k=] [pez0] No offline messages found
[2025-08-06 20:57:33] [Iq2aVx/4T/Tkfh8nIojxMinWqo4=] [Seikawa] Checking offline messages for client
[2025-08-06 20:57:33] [Iq2aVx/4T/Tkfh8nIojxMinWqo4=] [Seikawa] No offline messages found
[2025-08-06 20:58:02] [U9IMfSvzj5D6AQ6a6xlapRD7cZ0=] [TeamSpeakUser] Checking offline messages for client
[2025-08-06 20:58:02] [U9IMfSvzj5D6AQ6a6xlapRD7cZ0=] [TeamSpeakUser] No offline messages found
[2025-08-06 21:00:46] [LChIIpVKSczGXCJcvYW8G7+Rrgk=] [erik] Checking offline messages for client
[2025-08-06 21:00:46] [LChIIpVKSczGXCJcvYW8G7+Rrgk=] [erik] No offline messages found
[2025-08-06 21:01:34] [0TS7jt0APSegEgA9K9hIWfin7m0=] [dadaok] Checking offline messages for client
[2025-08-06 21:01:34] [0TS7jt0APSegEgA9K9hIWfin7m0=] [dadaok] No offline messages found
[2025-08-06 21:06:16] [s1zEdp1gR19eGSiczbe54JgxCVQ=] [que] Checking offline messages for client
[2025-08-06 21:06:16] [s1zEdp1gR19eGSiczbe54JgxCVQ=] [que] No offline messages found
[2025-08-06 21:06:39] [tOoGEdCN9ULy8ULKyELfIWNelvU=] [kayanyildz] Checking offline messages for client
[2025-08-06 21:06:39] [tOoGEdCN9ULy8ULKyELfIWNelvU=] [kayanyildz] No offline messages found
[2025-08-06 21:07:07] [DxUY9WGRy+4NWNGeVQSKXB8JRcs=] [TeamSpeakUser4] Checking offline messages for client
[2025-08-06 21:07:07] [DxUY9WGRy+4NWNGeVQSKXB8JRcs=] [TeamSpeakUser4] No offline messages found
[2025-08-06 21:08:38] [pCok9sO/9Rb4uUpuaKprfxKJCl4=] [m1Gs] Checking offline messages for client
[2025-08-06 21:08:38] [pCok9sO/9Rb4uUpuaKprfxKJCl4=] [m1Gs] No offline messages found
[2025-08-06 21:08:41] [s1zEdp1gR19eGSiczbe54JgxCVQ=] [que] Checking offline messages for client
[2025-08-06 21:08:41] [s1zEdp1gR19eGSiczbe54JgxCVQ=] [que] No offline messages found
[2025-08-06 21:09:23] [RsLFTb9VG9OQrC5jmLEaxKjH4bI=] [aswee-] Checking offline messages for client
[2025-08-06 21:09:23] [RsLFTb9VG9OQrC5jmLEaxKjH4bI=] [aswee-] No offline messages found
[2025-08-06 21:16:33] [OJ7ovzzJEZfWOoDTnPWqcRESxgA=] [TEANZUS] Checking offline messages for client
[2025-08-06 21:16:33] [OJ7ovzzJEZfWOoDTnPWqcRESxgA=] [TEANZUS] No offline messages found
[2025-08-06 21:19:24] [0pfL6k6+uhY3YJUK1FucX6agAV8=] [MC durak] Checking offline messages for client
[2025-08-06 21:19:24] [0pfL6k6+uhY3YJUK1FucX6agAV8=] [MC durak] No offline messages found
[2025-08-06 21:19:37] [0pfL6k6+uhY3YJUK1FucX6agAV8=] [MC durak] Checking offline messages for client
[2025-08-06 21:19:37] [0pfL6k6+uhY3YJUK1FucX6agAV8=] [MC durak] No offline messages found
[2025-08-06 21:23:49] [XUq6lat2sP336FLybn+Od5CLO5Q=] [RABOTES] Checking offline messages for client
[2025-08-06 21:23:49] [XUq6lat2sP336FLybn+Od5CLO5Q=] [RABOTES] No offline messages found
[2025-08-06 21:24:30] [mTbPypkwuA/2B5Zl6CXWViczHPo=] [kızlıkbozan33] Checking offline messages for client
[2025-08-06 21:24:30] [mTbPypkwuA/2B5Zl6CXWViczHPo=] [kızlıkbozan33] No offline messages found
[2025-08-06 21:24:33] [czJq8VhqlxMm/zy39XTQ+Np/v1c=] [Manwe] Checking offline messages for client
[2025-08-06 21:24:33] [czJq8VhqlxMm/zy39XTQ+Np/v1c=] [Manwe] No offline messages found
[2025-08-06 21:31:06] [wuKEsQxON98FaT2rc8uZDlwZ7ps=] [SPZ-23] Checking offline messages for client
[2025-08-06 21:31:06] [wuKEsQxON98FaT2rc8uZDlwZ7ps=] [SPZ-23] No offline messages found
[2025-08-06 21:31:18] [lRJKg8r3Mt2WfdG7eutezSyRRPU=] [TeamSpeakUser5] Checking offline messages for client
[2025-08-06 21:31:18] [lRJKg8r3Mt2WfdG7eutezSyRRPU=] [TeamSpeakUser5] No offline messages found
[2025-08-06 21:36:24] [/o8pqMqjRWAMMg8cPSsOifVtYg4=] [ALİ] Checking offline messages for client
[2025-08-06 21:36:24] [/o8pqMqjRWAMMg8cPSsOifVtYg4=] [ALİ] No offline messages found
[2025-08-06 21:39:11] [V3tw2SI5QwwMphIROm/LVXGgEW0=] [I_Kartal] Checking offline messages for client
[2025-08-06 21:39:11] [V3tw2SI5QwwMphIROm/LVXGgEW0=] [I_Kartal] No offline messages found
[2025-08-06 21:39:20] [DV6sggHcGUFuJ8EhR7gcrqpncOs=] [TeamSpeakUser6] Checking offline messages for client
[2025-08-06 21:39:20] [DV6sggHcGUFuJ8EhR7gcrqpncOs=] [TeamSpeakUser6] No offline messages found
[2025-08-06 21:39:27] [WBq0RljGUFq+s9W6gano0cJdNBY=] [YRembo] Checking offline messages for client
[2025-08-06 21:39:27] [WBq0RljGUFq+s9W6gano0cJdNBY=] [YRembo] No offline messages found
[2025-08-06 21:42:51] [EJAUg1LkK9vCvLadIGqEVIMMPOM=] [cook1ch] Checking offline messages for client
[2025-08-06 21:42:51] [EJAUg1LkK9vCvLadIGqEVIMMPOM=] [cook1ch] No offline messages found
[2025-08-06 21:43:25] [zQBV+zr0os6YT3ktHjBJZW0cRd8=] [Tufix] Checking offline messages for client
[2025-08-06 21:43:25] [zQBV+zr0os6YT3ktHjBJZW0cRd8=] [Tufix] No offline messages found
[2025-08-06 21:45:44] [70cdtlLw3loOn/Dhu5vpoWXPg5M=] [Плаки плаки лысый] Checking offline messages for client
[2025-08-06 21:45:44] [70cdtlLw3loOn/Dhu5vpoWXPg5M=] [Плаки плаки лысый] No offline messages found
[2025-08-06 21:46:02] [sC96QZMY/yY8Fc9QjquVCkLiW2c=] [Amirali] Checking offline messages for client
[2025-08-06 21:46:02] [sC96QZMY/yY8Fc9QjquVCkLiW2c=] [Amirali] No offline messages found
[2025-08-06 21:46:29] [pujvWPnG2O627Tc3efnzSj/MJII=] [Egor] Checking offline messages for client
[2025-08-06 21:46:29] [pujvWPnG2O627Tc3efnzSj/MJII=] [Egor] No offline messages found
[2025-08-06 21:46:34] [8WOVpWo1lyNg0N6GGos0xzT0uz4=] [P0kw3r] Checking offline messages for client
[2025-08-06 21:46:34] [8WOVpWo1lyNg0N6GGos0xzT0uz4=] [P0kw3r] No offline messages found
[2025-08-06 21:47:00] [EJAUg1LkK9vCvLadIGqEVIMMPOM=] [cook1ch] Checking offline messages for client
[2025-08-06 21:47:00] [EJAUg1LkK9vCvLadIGqEVIMMPOM=] [cook1ch] No offline messages found
[2025-08-06 21:47:46] [vs+7gbTKwu+h+XgDI2qVApOBkfk=] [Viko(ع)] Checking offline messages for client
[2025-08-06 21:47:46] [vs+7gbTKwu+h+XgDI2qVApOBkfk=] [Viko(ع)] No offline messages found
[2025-08-06 21:48:32] [xBMJD2Y2SpzPtIEf1cFbTuruz8Q=] [KAYMAKAM] Checking offline messages for client
[2025-08-06 21:48:32] [xBMJD2Y2SpzPtIEf1cFbTuruz8Q=] [KAYMAKAM] No offline messages found
[2025-08-06 21:49:02] [GMV7xmPT7GebwwLjoCG8J6ufcNg=] [W1`] Checking offline messages for client
[2025-08-06 21:49:02] [GMV7xmPT7GebwwLjoCG8J6ufcNg=] [W1`] No offline messages found
[2025-08-06 21:49:53] [kfn1jFosIGdE1yOz/lIfEBXQj4A=] [Rix] Checking offline messages for client
[2025-08-06 21:49:53] [kfn1jFosIGdE1yOz/lIfEBXQj4A=] [Rix] No offline messages found
[2025-08-06 21:51:42] [sC96QZMY/yY8Fc9QjquVCkLiW2c=] [Amirali] Checking offline messages for client
[2025-08-06 21:51:42] [sC96QZMY/yY8Fc9QjquVCkLiW2c=] [Amirali] No offline messages found
[2025-08-06 21:52:57] [ayHUOzBuuInw8J/HHBAIDIq0cYY=] [bohun ivan] Checking offline messages for client
[2025-08-06 21:52:57] [ayHUOzBuuInw8J/HHBAIDIq0cYY=] [bohun ivan] No offline messages found
[2025-08-06 21:54:43] [DbDDAQrzPag5dY/8KYh06dmBbvw=] [butcher] Checking offline messages for client
[2025-08-06 21:54:43] [DbDDAQrzPag5dY/8KYh06dmBbvw=] [butcher] No offline messages found
[2025-08-06 21:54:54] [kfn1jFosIGdE1yOz/lIfEBXQj4A=] [Rix] Checking offline messages for client
[2025-08-06 21:54:54] [kfn1jFosIGdE1yOz/lIfEBXQj4A=] [Rix] No offline messages found
[2025-08-06 21:57:25] [DbDDAQrzPag5dY/8KYh06dmBbvw=] [butcher] Checking offline messages for client
[2025-08-06 21:57:25] [DbDDAQrzPag5dY/8KYh06dmBbvw=] [butcher] No offline messages found
[2025-08-06 21:58:36] [t31curkqcBIW+Mm1lFuXP/STLZo=] [1nemanjaves] Checking offline messages for client
[2025-08-06 21:58:36] [t31curkqcBIW+Mm1lFuXP/STLZo=] [1nemanjaves] No offline messages found
[2025-08-06 22:04:37] [3wfCbZork1r8h4aDgIW1hfWE0YA=] [SNAC-Ahmet] Checking offline messages for client
[2025-08-06 22:04:37] [3wfCbZork1r8h4aDgIW1hfWE0YA=] [SNAC-Ahmet] No offline messages found
[2025-08-06 22:05:20] [DbDDAQrzPag5dY/8KYh06dmBbvw=] [butcher] Checking offline messages for client
[2025-08-06 22:05:20] [DbDDAQrzPag5dY/8KYh06dmBbvw=] [butcher] No offline messages found
[2025-08-06 22:07:09] [sC96QZMY/yY8Fc9QjquVCkLiW2c=] [Amirali] Checking offline messages for client
[2025-08-06 22:07:09] [sC96QZMY/yY8Fc9QjquVCkLiW2c=] [Amirali] No offline messages found
[2025-08-06 22:07:54] [pUCIpssKzbEhYAmtB8xcuFXcEsU=] [mostafa] Checking offline messages for client
[2025-08-06 22:07:54] [pUCIpssKzbEhYAmtB8xcuFXcEsU=] [mostafa] No offline messages found
[2025-08-06 22:08:42] [K5/IaDGscrQW+qBOe0yWCZ4tht0=] [kappanda01] Checking offline messages for client
[2025-08-06 22:08:42] [K5/IaDGscrQW+qBOe0yWCZ4tht0=] [kappanda01] No offline messages found
[2025-08-06 22:09:02] [OJ7ovzzJEZfWOoDTnPWqcRESxgA=] [TEANZUS] Checking offline messages for client
[2025-08-06 22:09:02] [OJ7ovzzJEZfWOoDTnPWqcRESxgA=] [TEANZUS] No offline messages found
[2025-08-06 22:09:45] [WUFbI2wm1TirPkulhTRESNYToW0=] [sajjad] Checking offline messages for client
[2025-08-06 22:09:45] [WUFbI2wm1TirPkulhTRESNYToW0=] [sajjad] No offline messages found
[2025-08-06 22:09:59] [xBMJD2Y2SpzPtIEf1cFbTuruz8Q=] [KAYMAKAM] Checking offline messages for client
[2025-08-06 22:09:59] [xBMJD2Y2SpzPtIEf1cFbTuruz8Q=] [KAYMAKAM] No offline messages found
[2025-08-06 22:11:03] [XBs92Q96gNtQuh/gJcemkRhcN3w=] [gothiccg] Checking offline messages for client
[2025-08-06 22:11:03] [XBs92Q96gNtQuh/gJcemkRhcN3w=] [gothiccg] No offline messages found
[2025-08-06 22:11:22] [mTbPypkwuA/2B5Zl6CXWViczHPo=] [kızlıkbozan33] Checking offline messages for client
[2025-08-06 22:11:22] [mTbPypkwuA/2B5Zl6CXWViczHPo=] [kızlıkbozan33] No offline messages found
[2025-08-06 22:11:26] [KHWJeFyCkKuqRYIlsw/saz+N7AA=] [vocxod666] Checking offline messages for client
[2025-08-06 22:11:26] [KHWJeFyCkKuqRYIlsw/saz+N7AA=] [vocxod666] No offline messages found
[2025-08-06 22:13:21] [KHWJeFyCkKuqRYIlsw/saz+N7AA=] [vocxod666] Checking offline messages for client
[2025-08-06 22:13:21] [KHWJeFyCkKuqRYIlsw/saz+N7AA=] [vocxod666] No offline messages found
[2025-08-06 22:14:51] [IvPuoleyuChePKK0GR7sRhVCkJE=] [SYRUSSS] Checking offline messages for client
[2025-08-06 22:14:51] [IvPuoleyuChePKK0GR7sRhVCkJE=] [SYRUSSS] No offline messages found
[2025-08-06 22:15:31] [pCok9sO/9Rb4uUpuaKprfxKJCl4=] [m1Gs] Checking offline messages for client
[2025-08-06 22:15:31] [pCok9sO/9Rb4uUpuaKprfxKJCl4=] [m1Gs] No offline messages found
[2025-08-06 22:15:31] [pCok9sO/9Rb4uUpuaKprfxKJCl4=] [m1Gs] Checking offline messages for client
[2025-08-06 22:15:31] [pCok9sO/9Rb4uUpuaKprfxKJCl4=] [m1Gs] No offline messages found
[2025-08-06 22:15:32] [pCok9sO/9Rb4uUpuaKprfxKJCl4=] [m1Gs] Checking offline messages for client
[2025-08-06 22:15:32] [pCok9sO/9Rb4uUpuaKprfxKJCl4=] [m1Gs] No offline messages found
[2025-08-06 22:19:17] [4Trzz2r9looYqjT6W05btyo3lzs=] [ridzazz] Checking offline messages for client
[2025-08-06 22:19:17] [4Trzz2r9looYqjT6W05btyo3lzs=] [ridzazz] No offline messages found
[2025-08-06 22:21:33] [EJAUg1LkK9vCvLadIGqEVIMMPOM=] [cook1ch] Checking offline messages for client
[2025-08-06 22:21:33] [EJAUg1LkK9vCvLadIGqEVIMMPOM=] [cook1ch] No offline messages found
[2025-08-06 22:26:24] [pElo8Kqxi9dj0GcqFtpFws3iCFg=] [mhyar] Checking offline messages for client
[2025-08-06 22:26:24] [pElo8Kqxi9dj0GcqFtpFws3iCFg=] [mhyar] No offline messages found
[2025-08-06 22:26:35] [CUffzg29SA+Dv+5fpFqndGk/5r8=] [ARTAdort] Checking offline messages for client
[2025-08-06 22:26:35] [CUffzg29SA+Dv+5fpFqndGk/5r8=] [ARTAdort] No offline messages found
[2025-08-06 22:29:26] [AC87pO3YB+wvZ5G27tY2glDTG4M=] [andy76633] Checking offline messages for client
[2025-08-06 22:29:26] [AC87pO3YB+wvZ5G27tY2glDTG4M=] [andy76633] No offline messages found
[2025-08-06 22:29:43] [1AbnbGgxnGmT+1ucLIy1LFbCSCU=] [theslayercroute] Checking offline messages for client
[2025-08-06 22:29:43] [1AbnbGgxnGmT+1ucLIy1LFbCSCU=] [theslayercroute] No offline messages found
[2025-08-06 22:31:38] [zlhrq9KSrU/P9cim0qz0F02t9pM=] [Ballack] Checking offline messages for client
[2025-08-06 22:31:38] [zlhrq9KSrU/P9cim0qz0F02t9pM=] [Ballack] No offline messages found
[2025-08-06 22:31:39] [79z/kadrIXVkmIxb7rj9VN9R308=] [samui] Checking offline messages for client
[2025-08-06 22:31:39] [79z/kadrIXVkmIxb7rj9VN9R308=] [samui] No offline messages found
[2025-08-06 22:32:29] [5v99im2I8UoZfupZo50OnnVZbNY=] [NightStalker] Checking offline messages for client
[2025-08-06 22:32:29] [5v99im2I8UoZfupZo50OnnVZbNY=] [NightStalker] No offline messages found
[2025-08-06 22:35:36] [0pfL6k6+uhY3YJUK1FucX6agAV8=] [MC durak] Checking offline messages for client
[2025-08-06 22:35:36] [0pfL6k6+uhY3YJUK1FucX6agAV8=] [MC durak] No offline messages found
[2025-08-06 22:36:18] [f97XrWOAq8+kYOs/Zca0SfTNRS0=] [Waxiiii] Checking offline messages for client
[2025-08-06 22:36:18] [f97XrWOAq8+kYOs/Zca0SfTNRS0=] [Waxiiii] No offline messages found
[2025-08-06 22:37:41] [TWI+XXGLu2pwzCW3cEOZstlE9X4=] [FlavianFCP] Checking offline messages for client
[2025-08-06 22:37:41] [TWI+XXGLu2pwzCW3cEOZstlE9X4=] [FlavianFCP] No offline messages found
[2025-08-06 22:42:05] [zYawAGZUhiLdeVPemvXKS85dnPs=] [brilpill] Checking offline messages for client
[2025-08-06 22:42:05] [zYawAGZUhiLdeVPemvXKS85dnPs=] [brilpill] No offline messages found
[2025-08-06 22:42:19] [UqJCutUbL62AqzEU641i5PnQkgo=] [SweetGame1] Checking offline messages for client
[2025-08-06 22:42:19] [UqJCutUbL62AqzEU641i5PnQkgo=] [SweetGame1] No offline messages found
[2025-08-06 22:44:12] [0k7iJrGzj7haOvrih6GAxyrXHtM=] [Sebitzuu] Checking offline messages for client
[2025-08-06 22:44:12] [0k7iJrGzj7haOvrih6GAxyrXHtM=] [Sebitzuu] No offline messages found
[2025-08-06 22:46:02] [ilO9JAl5glx+WikZA6SZqmic0Iw=] [kaiizenn] Checking offline messages for client
[2025-08-06 22:46:02] [ilO9JAl5glx+WikZA6SZqmic0Iw=] [kaiizenn] No offline messages found
[2025-08-06 22:48:35] [dNRYIZtk71CY8BBDYawxb2cjIk8=] [Cencya1] Checking offline messages for client
[2025-08-06 22:48:35] [dNRYIZtk71CY8BBDYawxb2cjIk8=] [Cencya1] No offline messages found
[2025-08-06 22:49:35] [avYI7vL0XXD3nIsf8cMXtgdn+/s=] [NowY] Checking offline messages for client
[2025-08-06 22:49:35] [avYI7vL0XXD3nIsf8cMXtgdn+/s=] [NowY] No offline messages found
[2025-08-06 22:50:37] [dQduHytlYfXayqUKaU5iChZBKUQ=] [zitrvxmode] Checking offline messages for client
[2025-08-06 22:50:37] [dQduHytlYfXayqUKaU5iChZBKUQ=] [zitrvxmode] No offline messages found
[2025-08-06 22:50:39] [ruBTdp0pA5iSR/zKwFt9sBDK+SI=] [alexei_shubin] Checking offline messages for client
[2025-08-06 22:50:39] [ruBTdp0pA5iSR/zKwFt9sBDK+SI=] [alexei_shubin] No offline messages found
[2025-08-06 22:52:27] [pCok9sO/9Rb4uUpuaKprfxKJCl4=] [m1Gs] Checking offline messages for client
[2025-08-06 22:52:27] [pCok9sO/9Rb4uUpuaKprfxKJCl4=] [m1Gs] No offline messages found
[2025-08-06 22:52:35] [OJ7ovzzJEZfWOoDTnPWqcRESxgA=] [TEANZUS] Checking offline messages for client
[2025-08-06 22:52:35] [OJ7ovzzJEZfWOoDTnPWqcRESxgA=] [TEANZUS] No offline messages found
[2025-08-06 23:03:12] [Su2nBfII+LDIUkoLOPyPJwpaXOI=] [TeamSpeakUser1] Checking offline messages for client
[2025-08-06 23:03:12] [Su2nBfII+LDIUkoLOPyPJwpaXOI=] [TeamSpeakUser1] No offline messages found
[2025-08-06 23:04:36] [pCok9sO/9Rb4uUpuaKprfxKJCl4=] [m1Gs] Checking offline messages for client
[2025-08-06 23:04:36] [pCok9sO/9Rb4uUpuaKprfxKJCl4=] [m1Gs] No offline messages found
[2025-08-06 23:04:45] [0k7iJrGzj7haOvrih6GAxyrXHtM=] [Sebitzuu] Checking offline messages for client
[2025-08-06 23:04:45] [0k7iJrGzj7haOvrih6GAxyrXHtM=] [Sebitzuu] No offline messages found
[2025-08-06 23:11:01] [MarBbTtCOdPsPCcTGPUko7UH7Sk=] [billy nogami] Checking offline messages for client
[2025-08-06 23:11:01] [MarBbTtCOdPsPCcTGPUko7UH7Sk=] [billy nogami] No offline messages found
[2025-08-06 23:19:50] [ZRJE0ISA13RmnFcasOlw68BVsNY=] [F4funder] Checking offline messages for client
[2025-08-06 23:19:50] [ZRJE0ISA13RmnFcasOlw68BVsNY=] [F4funder] No offline messages found
[2025-08-06 23:25:21] [VzDfRDmJ7uM/C1TaZb3VAAD1IFw=] [reverz] Checking offline messages for client
[2025-08-06 23:25:21] [VzDfRDmJ7uM/C1TaZb3VAAD1IFw=] [reverz] No offline messages found
[2025-08-06 23:27:30] [tHKwZtfb/srt+Fd0YoD5SiAYdKo=] [Sim0] Checking offline messages for client
[2025-08-06 23:27:30] [tHKwZtfb/srt+Fd0YoD5SiAYdKo=] [Sim0] No offline messages found
[2025-08-06 23:37:30] [BDDkslPD3rUKHRWromtxH9wFB9Y=] [sefa] Checking offline messages for client
[2025-08-06 23:37:30] [BDDkslPD3rUKHRWromtxH9wFB9Y=] [sefa] No offline messages found
[2025-08-06 23:39:09] [mPo4JSnjDx/54Zg5h3CdgiwAqUQ=] [GreenLeaf] Checking offline messages for client
[2025-08-06 23:39:09] [mPo4JSnjDx/54Zg5h3CdgiwAqUQ=] [GreenLeaf] No offline messages found
[2025-08-06 23:39:56] [Chs2gds0q5c5sHk5GQqGy9JmwQg=] [teaman11] Checking offline messages for client
[2025-08-06 23:39:56] [Chs2gds0q5c5sHk5GQqGy9JmwQg=] [teaman11] No offline messages found
[2025-08-06 23:41:05] [70cdtlLw3loOn/Dhu5vpoWXPg5M=] [Плаки плаки лысый] Checking offline messages for client
[2025-08-06 23:41:05] [70cdtlLw3loOn/Dhu5vpoWXPg5M=] [Плаки плаки лысый] No offline messages found
[2025-08-06 23:42:02] [ZguRZ8geM8sz5Z+CaLG91UaChCg=] [kaan1] Checking offline messages for client
[2025-08-06 23:42:02] [ZguRZ8geM8sz5Z+CaLG91UaChCg=] [kaan1] No offline messages found
[2025-08-06 23:42:17] [hFplnszNsVWixGv+jr9PV6siVtc=] [PitcaRNNN``] Checking offline messages for client
[2025-08-06 23:42:17] [hFplnszNsVWixGv+jr9PV6siVtc=] [PitcaRNNN``] No offline messages found
[2025-08-06 23:43:02] [0WgZKkj6v4iiMp7/eG9vKSWI5qU=] [TeamSpeakUser1] Checking offline messages for client
[2025-08-06 23:43:02] [0WgZKkj6v4iiMp7/eG9vKSWI5qU=] [TeamSpeakUser1] No offline messages found
[2025-08-06 23:43:10] [0WgZKkj6v4iiMp7/eG9vKSWI5qU=] [TeamSpeakUser1] Checking offline messages for client
[2025-08-06 23:43:10] [0WgZKkj6v4iiMp7/eG9vKSWI5qU=] [TeamSpeakUser1] No offline messages found
[2025-08-06 23:43:22] [0WgZKkj6v4iiMp7/eG9vKSWI5qU=] [TeamSpeakUser1] Checking offline messages for client
[2025-08-06 23:43:22] [0WgZKkj6v4iiMp7/eG9vKSWI5qU=] [TeamSpeakUser1] No offline messages found
[2025-08-06 23:43:27] [UkMRdPWzSLSbVYspP0RZwp4rLXU=] [Adam Boroda] Checking offline messages for client
[2025-08-06 23:43:27] [UkMRdPWzSLSbVYspP0RZwp4rLXU=] [Adam Boroda] No offline messages found
[2025-08-06 23:43:29] [UkMRdPWzSLSbVYspP0RZwp4rLXU=] [Adam Boroda] Checking offline messages for client
[2025-08-06 23:43:30] [UkMRdPWzSLSbVYspP0RZwp4rLXU=] [Adam Boroda] No offline messages found
[2025-08-06 23:43:31] [UkMRdPWzSLSbVYspP0RZwp4rLXU=] [Adam Boroda] Checking offline messages for client
[2025-08-06 23:43:31] [UkMRdPWzSLSbVYspP0RZwp4rLXU=] [Adam Boroda] No offline messages found
[2025-08-06 23:43:32] [UkMRdPWzSLSbVYspP0RZwp4rLXU=] [Adam Boroda] Checking offline messages for client
[2025-08-06 23:43:32] [UkMRdPWzSLSbVYspP0RZwp4rLXU=] [Adam Boroda] No offline messages found
[2025-08-06 23:43:33] [UkMRdPWzSLSbVYspP0RZwp4rLXU=] [Adam Boroda] Checking offline messages for client
[2025-08-06 23:43:33] [UkMRdPWzSLSbVYspP0RZwp4rLXU=] [Adam Boroda] No offline messages found
[2025-08-06 23:44:24] [24EkewZtTa85lPq6oDSYYo9p6Yg=] [beytula] Checking offline messages for client
[2025-08-06 23:44:24] [24EkewZtTa85lPq6oDSYYo9p6Yg=] [beytula] No offline messages found
[2025-08-06 23:48:33] [R3WL4DAKFPttRxrEj7z86Sw0kfY=] [C1klope] Checking offline messages for client
[2025-08-06 23:48:33] [R3WL4DAKFPttRxrEj7z86Sw0kfY=] [C1klope] No offline messages found
[2025-08-06 23:56:09] [Chs2gds0q5c5sHk5GQqGy9JmwQg=] [teaman11] Checking offline messages for client
[2025-08-06 23:56:09] [Chs2gds0q5c5sHk5GQqGy9JmwQg=] [teaman11] No offline messages found
[2025-08-06 23:59:23] [Q+Ob7/NvRmg1pMuispkVKL/hj1Y=] [Xeur] Checking offline messages for client
[2025-08-06 23:59:23] [Q+Ob7/NvRmg1pMuispkVKL/hj1Y=] [Xeur] No offline messages found
[2025-08-06 23:59:38] [Q+Ob7/NvRmg1pMuispkVKL/hj1Y=] [Xeur] Checking offline messages for client
[2025-08-06 23:59:38] [Q+Ob7/NvRmg1pMuispkVKL/hj1Y=] [Xeur] No offline messages found
[2025-08-06 23:59:56] [Q+Ob7/NvRmg1pMuispkVKL/hj1Y=] [Xeur] Checking offline messages for client
[2025-08-06 23:59:56] [Q+Ob7/NvRmg1pMuispkVKL/hj1Y=] [Xeur] No offline messages found
