[2025-05-19 00:04:02] [YtTC9SFfxoCIyU/vTdzN3MULVwk=] [Anataa] Checking offline messages for client
[2025-05-19 00:04:02] [YtTC9SFfxoCIyU/vTdzN3MULVwk=] [Anataa] No offline messages found
[2025-05-19 00:04:32] [Cji46tp2K393WPeFVB8+qBNs7Sw=] [TeamSpeakUser5] Checking offline messages for client
[2025-05-19 00:04:32] [Cji46tp2K393WPeFVB8+qBNs7Sw=] [TeamSpeakUser5] No offline messages found
[2025-05-19 00:04:35] [O3jgy+4YcNZxt6Kfdzgsu6OGY/w=] [Elcau_sita18] Checking offline messages for client
[2025-05-19 00:04:35] [O3jgy+4YcNZxt6Kfdzgsu6OGY/w=] [Elcau_sita18] No offline messages found
[2025-05-19 00:04:59] [u741lYX5HAtnGqlTOEq8tCrz34E=] [Werctc] Checking offline messages for client
[2025-05-19 00:04:59] [u741lYX5HAtnGqlTOEq8tCrz34E=] [Werctc] No offline messages found
[2025-05-19 00:05:33] [u741lYX5HAtnGqlTOEq8tCrz34E=] [Werctc] Checking offline messages for client
[2025-05-19 00:05:33] [u741lYX5HAtnGqlTOEq8tCrz34E=] [Werctc] No offline messages found
[2025-05-19 00:07:13] [YtTC9SFfxoCIyU/vTdzN3MULVwk=] [Anataa] Checking offline messages for client
[2025-05-19 00:07:13] [YtTC9SFfxoCIyU/vTdzN3MULVwk=] [Anataa] No offline messages found
[2025-05-19 00:07:18] [Cji46tp2K393WPeFVB8+qBNs7Sw=] [TeamSpeakUser5] Checking offline messages for client
[2025-05-19 00:07:18] [Cji46tp2K393WPeFVB8+qBNs7Sw=] [TeamSpeakUser5] No offline messages found
[2025-05-19 00:07:18] [Cji46tp2K393WPeFVB8+qBNs7Sw=] [TeamSpeakUser5] Checking offline messages for client
[2025-05-19 00:07:18] [Cji46tp2K393WPeFVB8+qBNs7Sw=] [TeamSpeakUser5] No offline messages found
[2025-05-19 00:07:18] [Cji46tp2K393WPeFVB8+qBNs7Sw=] [TeamSpeakUser5] Checking offline messages for client
[2025-05-19 00:07:18] [Cji46tp2K393WPeFVB8+qBNs7Sw=] [TeamSpeakUser5] No offline messages found
[2025-05-19 00:07:57] [Cji46tp2K393WPeFVB8+qBNs7Sw=] [TeamSpeakUser5] Checking offline messages for client
[2025-05-19 00:07:57] [Cji46tp2K393WPeFVB8+qBNs7Sw=] [TeamSpeakUser5] No offline messages found
[2025-05-19 00:30:02] [7OPNxHcTHSq+znXytBlDRPU74IQ=] [NaiRoD] Checking offline messages for client
[2025-05-19 00:30:02] [7OPNxHcTHSq+znXytBlDRPU74IQ=] [NaiRoD] No offline messages found
[2025-05-19 00:36:11] [4MLGGYt6Z3sgx8GHTCEtNvLhFCY=] [salas] Checking offline messages for client
[2025-05-19 00:36:11] [4MLGGYt6Z3sgx8GHTCEtNvLhFCY=] [salas] No offline messages found
[2025-05-19 00:40:56] [tnVKLhBV7l0ujurKDSs+MWGNsj8=] [TeamSpeakUser2] Checking offline messages for client
[2025-05-19 00:40:56] [tnVKLhBV7l0ujurKDSs+MWGNsj8=] [TeamSpeakUser2] No offline messages found
[2025-05-19 00:46:30] [Uu5KMlrBm4Z5LiLbdfTmVcSDXOU=] [I_XaSkI_I] Checking offline messages for client
[2025-05-19 00:46:30] [Uu5KMlrBm4Z5LiLbdfTmVcSDXOU=] [I_XaSkI_I] No offline messages found
[2025-05-19 00:47:30] [HA8AwjGjfttaVD2BbXsV3SrC+rA=] [Axtic] Checking offline messages for client
[2025-05-19 00:47:30] [HA8AwjGjfttaVD2BbXsV3SrC+rA=] [Axtic] No offline messages found
[2025-05-19 00:48:02] [5VQn2paiuiABX3QfxcJMoEhAyYQ=] [Almas1k] Checking offline messages for client
[2025-05-19 00:48:02] [5VQn2paiuiABX3QfxcJMoEhAyYQ=] [Almas1k] No offline messages found
[2025-05-19 01:33:26] [mTbPypkwuA/2B5Zl6CXWViczHPo=] [kızlıkbozan33] Checking offline messages for client
[2025-05-19 01:33:26] [mTbPypkwuA/2B5Zl6CXWViczHPo=] [kızlıkbozan33] No offline messages found
[2025-05-19 01:42:04] [KgtWKCUgHe+YIFq4EEIuJUQeydU=] [Mehdi_km81] Checking offline messages for client
[2025-05-19 01:42:04] [KgtWKCUgHe+YIFq4EEIuJUQeydU=] [Mehdi_km81] No offline messages found
[2025-05-19 01:45:28] [Ops676Lt6XgMPCQGa8NIevUnutU=] [mmd] Checking offline messages for client
[2025-05-19 01:45:28] [Ops676Lt6XgMPCQGa8NIevUnutU=] [mmd] No offline messages found
[2025-05-19 01:45:54] [Ops676Lt6XgMPCQGa8NIevUnutU=] [mmd] Checking offline messages for client
[2025-05-19 01:45:54] [Ops676Lt6XgMPCQGa8NIevUnutU=] [mmd] No offline messages found
[2025-05-19 02:11:22] [rShY/1ZC2w9lkwgM2GcewWZlxrw=] [LokyJR16] Checking offline messages for client
[2025-05-19 02:11:22] [rShY/1ZC2w9lkwgM2GcewWZlxrw=] [LokyJR16] No offline messages found
[2025-05-19 02:29:46] [8A5z6GzUcUtZF2IF6F7ehleLwPA=] [Banyan] Checking offline messages for client
[2025-05-19 02:29:46] [8A5z6GzUcUtZF2IF6F7ehleLwPA=] [Banyan] No offline messages found
[2025-05-19 02:35:21] [qI2AgL2fCVT+OOYvCkUB1vKBbFE=] [xDimitryxEc] Checking offline messages for client
[2025-05-19 02:35:21] [qI2AgL2fCVT+OOYvCkUB1vKBbFE=] [xDimitryxEc] No offline messages found
[2025-05-19 02:56:43] [uoJu+4JHVYwKQwh2CgOwrmPeXMc=] [zaRRubi1] Checking offline messages for client
[2025-05-19 02:56:43] [uoJu+4JHVYwKQwh2CgOwrmPeXMc=] [zaRRubi1] No offline messages found
[2025-05-19 03:21:00] [c3NM7ARl100NIH5ZaZEODJkyeXI=] [fbass24] Checking offline messages for client
[2025-05-19 03:21:00] [c3NM7ARl100NIH5ZaZEODJkyeXI=] [fbass24] No offline messages found
[2025-05-19 03:21:15] [qNsg0b7JeakWdOg/MBVUEfo+t/s=] [Chico] Checking offline messages for client
[2025-05-19 03:21:15] [qNsg0b7JeakWdOg/MBVUEfo+t/s=] [Chico] No offline messages found
[2025-05-19 03:22:57] [BeICdvIiZVCXM27KQGZo0ienVIU=] [paga eu xina] Checking offline messages for client
[2025-05-19 03:22:57] [BeICdvIiZVCXM27KQGZo0ienVIU=] [paga eu xina] No offline messages found
[2025-05-19 03:23:22] [lveDpq8tO1v8idts8QJlpyvovhI=] [QWEQSEWSD] Checking offline messages for client
[2025-05-19 03:23:22] [lveDpq8tO1v8idts8QJlpyvovhI=] [QWEQSEWSD] No offline messages found
[2025-05-19 03:37:15] [esphB+mG2+N8I3ntRjK04Tgvv7o=] [Phantor] Checking offline messages for client
[2025-05-19 03:37:15] [esphB+mG2+N8I3ntRjK04Tgvv7o=] [Phantor] No offline messages found
[2025-05-19 03:52:45] [qNsg0b7JeakWdOg/MBVUEfo+t/s=] [Chico] Checking offline messages for client
[2025-05-19 03:52:45] [qNsg0b7JeakWdOg/MBVUEfo+t/s=] [Chico] No offline messages found
[2025-05-19 04:06:46] [7FVhblpW9sJ/kAlfcBdlJm3NQDw=] [zaRRubi1] Checking offline messages for client
[2025-05-19 04:06:46] [7FVhblpW9sJ/kAlfcBdlJm3NQDw=] [zaRRubi1] No offline messages found
[2025-05-19 04:08:58] [Uu5KMlrBm4Z5LiLbdfTmVcSDXOU=] [I_XaSkI_I] Checking offline messages for client
[2025-05-19 04:08:58] [Uu5KMlrBm4Z5LiLbdfTmVcSDXOU=] [I_XaSkI_I] No offline messages found
[2025-05-19 04:55:16] [jWxbfxhLxs9dPa3t1WUnys7gnbk=] [Richard_TH] Checking offline messages for client
[2025-05-19 04:55:16] [jWxbfxhLxs9dPa3t1WUnys7gnbk=] [Richard_TH] No offline messages found
[2025-05-19 04:59:15] [uoJu+4JHVYwKQwh2CgOwrmPeXMc=] [zaRRubi1] Checking offline messages for client
[2025-05-19 04:59:15] [uoJu+4JHVYwKQwh2CgOwrmPeXMc=] [zaRRubi1] No offline messages found
[2025-05-19 05:06:39] [Uu5KMlrBm4Z5LiLbdfTmVcSDXOU=] [I_XaSkI_I] Checking offline messages for client
[2025-05-19 05:06:39] [Uu5KMlrBm4Z5LiLbdfTmVcSDXOU=] [I_XaSkI_I] No offline messages found
[2025-05-19 05:31:12] [7FVhblpW9sJ/kAlfcBdlJm3NQDw=] [zaRRubi1] Checking offline messages for client
[2025-05-19 05:31:12] [7FVhblpW9sJ/kAlfcBdlJm3NQDw=] [zaRRubi1] No offline messages found
[2025-05-19 05:33:25] [Uu5KMlrBm4Z5LiLbdfTmVcSDXOU=] [I_XaSkI_I] Checking offline messages for client
[2025-05-19 05:33:25] [Uu5KMlrBm4Z5LiLbdfTmVcSDXOU=] [I_XaSkI_I] No offline messages found
[2025-05-19 06:38:00] [wg9aVjeg0kYfPsG+cq0/sQ+Jylk=] [TeamSpeakUser] Checking offline messages for client
[2025-05-19 06:38:00] [wg9aVjeg0kYfPsG+cq0/sQ+Jylk=] [TeamSpeakUser] No offline messages found
[2025-05-19 07:03:50] [9ZMDVP5+ZKN+BZGelrrAqyvWFes=] [Juni] Checking offline messages for client
[2025-05-19 07:03:50] [9ZMDVP5+ZKN+BZGelrrAqyvWFes=] [Juni] No offline messages found
[2025-05-19 07:33:28] [gIv03ZtQuihw+6fOW0VT0H6h6c8=] [chapa] Checking offline messages for client
[2025-05-19 07:33:28] [gIv03ZtQuihw+6fOW0VT0H6h6c8=] [chapa] No offline messages found
[2025-05-19 07:55:16] [qxkb2JPv0oR6UwE1I+TCTDW/H+I=] [sdasdasd] Checking offline messages for client
[2025-05-19 07:55:16] [qxkb2JPv0oR6UwE1I+TCTDW/H+I=] [sdasdasd] No offline messages found
[2025-05-19 08:02:55] [0TS7jt0APSegEgA9K9hIWfin7m0=] [dadaok] Checking offline messages for client
[2025-05-19 08:02:55] [0TS7jt0APSegEgA9K9hIWfin7m0=] [dadaok] No offline messages found
[2025-05-19 08:10:16] [ilO9JAl5glx+WikZA6SZqmic0Iw=] [kaiizenn] Checking offline messages for client
[2025-05-19 08:10:16] [ilO9JAl5glx+WikZA6SZqmic0Iw=] [kaiizenn] No offline messages found
[2025-05-19 08:15:29] [WtWgpfS8UE18SW7yGXm3r1yoO/c=] [Kowismo] Checking offline messages for client
[2025-05-19 08:15:29] [WtWgpfS8UE18SW7yGXm3r1yoO/c=] [Kowismo] No offline messages found
[2025-05-19 08:20:11] [h0VuCZ2TUXFCJCTTYaDOlIsousY=] [Oleg] Checking offline messages for client
[2025-05-19 08:20:11] [h0VuCZ2TUXFCJCTTYaDOlIsousY=] [Oleg] No offline messages found
[2025-05-19 08:20:44] [RvQCOE641QKD3fODY/YAvxOrNw8=] [Luckyman] Checking offline messages for client
[2025-05-19 08:20:44] [RvQCOE641QKD3fODY/YAvxOrNw8=] [Luckyman] No offline messages found
[2025-05-19 08:43:08] [qvf2/IsRm9TsXSmNMeDEuXuIC3s=] [Mood] Checking offline messages for client
[2025-05-19 08:43:08] [qvf2/IsRm9TsXSmNMeDEuXuIC3s=] [Mood] No offline messages found
[2025-05-19 09:02:20] [5tr0bmquCHHSQKHnrvHDA84gg1s=] [DADA] Checking offline messages for client
[2025-05-19 09:02:20] [5tr0bmquCHHSQKHnrvHDA84gg1s=] [DADA] No offline messages found
[2025-05-19 09:25:18] [fZ6B4ZaYsWKB59qtOOgtwN1eXQo=] [puki] Checking offline messages for client
[2025-05-19 09:25:18] [fZ6B4ZaYsWKB59qtOOgtwN1eXQo=] [puki] No offline messages found
[2025-05-19 10:27:13] [NpEx4r6k1XWkqklOHE8t0AQ2sNo=] [21Rangers] Checking offline messages for client
[2025-05-19 10:27:13] [NpEx4r6k1XWkqklOHE8t0AQ2sNo=] [21Rangers] No offline messages found
[2025-05-19 10:27:32] [NpEx4r6k1XWkqklOHE8t0AQ2sNo=] [21Rangers] Checking offline messages for client
[2025-05-19 10:27:32] [NpEx4r6k1XWkqklOHE8t0AQ2sNo=] [21Rangers] No offline messages found
[2025-05-19 10:37:12] [ay8d2GXiisZNZZ2sP88A/RwHo24=] [ViliBom] Checking offline messages for client
[2025-05-19 10:37:12] [ay8d2GXiisZNZZ2sP88A/RwHo24=] [ViliBom] No offline messages found
[2025-05-19 10:43:13] [vNR5X++zau0WAsrzix6zPKeAKzE=] [FHJGDJHG] Checking offline messages for client
[2025-05-19 10:43:13] [vNR5X++zau0WAsrzix6zPKeAKzE=] [FHJGDJHG] No offline messages found
[2025-05-19 10:43:29] [x8y4sba/WBUZo71Q9fDcqoHniLM=] [Levi] Checking offline messages for client
[2025-05-19 10:43:29] [x8y4sba/WBUZo71Q9fDcqoHniLM=] [Levi] No offline messages found
[2025-05-19 10:45:08] [X4hKVi7sfvTfJB9YQgAYwR9ZE3I=] [Mnwh] Checking offline messages for client
[2025-05-19 10:45:08] [X4hKVi7sfvTfJB9YQgAYwR9ZE3I=] [Mnwh] No offline messages found
[2025-05-19 10:45:31] [K4NR58gtSYij+BLM0STn2WKjS9U=] [Skylord] Checking offline messages for client
[2025-05-19 10:45:31] [K4NR58gtSYij+BLM0STn2WKjS9U=] [Skylord] No offline messages found
[2025-05-19 10:49:17] [ay8d2GXiisZNZZ2sP88A/RwHo24=] [ViliBom] Checking offline messages for client
[2025-05-19 10:49:17] [ay8d2GXiisZNZZ2sP88A/RwHo24=] [ViliBom] No offline messages found
[2025-05-19 10:49:41] [u741lYX5HAtnGqlTOEq8tCrz34E=] [Werctc] Checking offline messages for client
[2025-05-19 10:49:41] [u741lYX5HAtnGqlTOEq8tCrz34E=] [Werctc] No offline messages found
[2025-05-19 10:51:41] [DSvlDMldPSHoEhte/Rkx+TtrQx8=] [rainfalllbtw] Checking offline messages for client
[2025-05-19 10:51:41] [DSvlDMldPSHoEhte/Rkx+TtrQx8=] [rainfalllbtw] No offline messages found
[2025-05-19 10:52:41] [Yolrk0vLW7Jl+G3XWWoj32wvYHo=] [joy] Checking offline messages for client
[2025-05-19 10:52:41] [Yolrk0vLW7Jl+G3XWWoj32wvYHo=] [joy] No offline messages found
[2025-05-19 10:53:11] [JhlaNw1n1lAjwSi6YGJ30LcOukI=] [Pivopiem] Checking offline messages for client
[2025-05-19 10:53:11] [JhlaNw1n1lAjwSi6YGJ30LcOukI=] [Pivopiem] No offline messages found
[2025-05-19 10:53:34] [0Z2wqQcTx0kpb/KIf+NPkyv4b60=] [-W1LLL] Checking offline messages for client
[2025-05-19 10:53:34] [0Z2wqQcTx0kpb/KIf+NPkyv4b60=] [-W1LLL] No offline messages found
[2025-05-19 10:54:17] [dHD7jWi8Q5Lp4lz7I8/axaXFAEA=] [__illlia__] Checking offline messages for client
[2025-05-19 10:54:17] [dHD7jWi8Q5Lp4lz7I8/axaXFAEA=] [__illlia__] No offline messages found
[2025-05-19 10:56:00] [Y87CyZ0z4OCWoHrzcXmcfNJGgn8=] [Ghost] Checking offline messages for client
[2025-05-19 10:56:00] [Y87CyZ0z4OCWoHrzcXmcfNJGgn8=] [Ghost] No offline messages found
[2025-05-19 10:56:36] [syGc3yR+8xBjPN6kLg2zE+r+Bwg=] [Gosh] Checking offline messages for client
[2025-05-19 10:56:36] [syGc3yR+8xBjPN6kLg2zE+r+Bwg=] [Gosh] No offline messages found
[2025-05-19 10:58:46] [MpV8eQ7lweL2YSxarhe9a/nQIOk=] [VUL_DROG] Checking offline messages for client
[2025-05-19 10:58:46] [MpV8eQ7lweL2YSxarhe9a/nQIOk=] [VUL_DROG] No offline messages found
[2025-05-19 11:02:15] [uJnwwqnuPGfoLP0MTPmjLpW1JCI=] [deadly_peak] Checking offline messages for client
[2025-05-19 11:02:15] [uJnwwqnuPGfoLP0MTPmjLpW1JCI=] [deadly_peak] No offline messages found
[2025-05-19 11:14:03] [1fLfTv7a7WCXSiKCcl/56zaOGH4=] [TeamSpeakUser] Checking offline messages for client
[2025-05-19 11:14:03] [1fLfTv7a7WCXSiKCcl/56zaOGH4=] [TeamSpeakUser] No offline messages found
[2025-05-19 11:15:32] [1fLfTv7a7WCXSiKCcl/56zaOGH4=] [TeamSpeakUser] Checking offline messages for client
[2025-05-19 11:15:32] [1fLfTv7a7WCXSiKCcl/56zaOGH4=] [TeamSpeakUser] No offline messages found
[2025-05-19 11:17:18] [1fLfTv7a7WCXSiKCcl/56zaOGH4=] [TeamSpeakUser] Checking offline messages for client
[2025-05-19 11:17:18] [1fLfTv7a7WCXSiKCcl/56zaOGH4=] [TeamSpeakUser] No offline messages found
[2025-05-19 11:17:22] [eNxiZDOeggdj95ZNvuM5yeobkrU=] [Etienne] Checking offline messages for client
[2025-05-19 11:17:22] [eNxiZDOeggdj95ZNvuM5yeobkrU=] [Etienne] No offline messages found
[2025-05-19 11:22:35] [towLfRNQcO45XOgzoAGrcrQCgK8=] [Kerollanos] Checking offline messages for client
[2025-05-19 11:22:35] [towLfRNQcO45XOgzoAGrcrQCgK8=] [Kerollanos] No offline messages found
[2025-05-19 11:37:29] [uVIyLE46ey0eBhM+Z9Az+wuDd2U=] [LisssTzz] Checking offline messages for client
[2025-05-19 11:37:29] [uVIyLE46ey0eBhM+Z9Az+wuDd2U=] [LisssTzz] No offline messages found
[2025-05-19 11:38:31] [zQBV+zr0os6YT3ktHjBJZW0cRd8=] [Tufix] Checking offline messages for client
[2025-05-19 11:38:31] [zQBV+zr0os6YT3ktHjBJZW0cRd8=] [Tufix] No offline messages found
[2025-05-19 11:38:59] [+jY+727ijHZsfVi54xEx3Dfw1Dk=] [awegawg] Checking offline messages for client
[2025-05-19 11:38:59] [+jY+727ijHZsfVi54xEx3Dfw1Dk=] [awegawg] No offline messages found
[2025-05-19 11:40:10] [6loDKB5pFq9h9EZ8lWJAl1sRiNA=] [kagixxx] Checking offline messages for client
[2025-05-19 11:40:10] [6loDKB5pFq9h9EZ8lWJAl1sRiNA=] [kagixxx] No offline messages found
[2025-05-19 11:43:20] [APvCxYWLJt5FetRtnwrXlJVrRoY=] [zasosa1o] Checking offline messages for client
[2025-05-19 11:43:20] [APvCxYWLJt5FetRtnwrXlJVrRoY=] [zasosa1o] No offline messages found
[2025-05-19 12:19:34] [gITtVlfHYxsd3mvOfTblKNtJBDU=] [4iff] Checking offline messages for client
[2025-05-19 12:19:34] [gITtVlfHYxsd3mvOfTblKNtJBDU=] [4iff] No offline messages found
[2025-05-19 12:38:41] [5tr0bmquCHHSQKHnrvHDA84gg1s=] [DADA] Checking offline messages for client
[2025-05-19 12:38:41] [5tr0bmquCHHSQKHnrvHDA84gg1s=] [DADA] No offline messages found
[2025-05-19 12:46:07] [DSvlDMldPSHoEhte/Rkx+TtrQx8=] [rainfalllbtw] Checking offline messages for client
[2025-05-19 12:46:07] [DSvlDMldPSHoEhte/Rkx+TtrQx8=] [rainfalllbtw] No offline messages found
[2025-05-19 12:48:25] [MarBbTtCOdPsPCcTGPUko7UH7Sk=] [billy nogami] Checking offline messages for client
[2025-05-19 12:48:25] [MarBbTtCOdPsPCcTGPUko7UH7Sk=] [billy nogami] No offline messages found
[2025-05-19 12:48:50] [nIQOawer89tHUDGKaV+eAn1G8N8=] [x7uned 🌊] Checking offline messages for client
[2025-05-19 12:48:50] [nIQOawer89tHUDGKaV+eAn1G8N8=] [x7uned 🌊] No offline messages found
[2025-05-19 12:52:59] [Yolrk0vLW7Jl+G3XWWoj32wvYHo=] [joy] Checking offline messages for client
[2025-05-19 12:52:59] [Yolrk0vLW7Jl+G3XWWoj32wvYHo=] [joy] No offline messages found
[2025-05-19 12:57:38] [ow+Zi/O4SnJIvwHosoZ7zIvOOK8=] [shinigami] Checking offline messages for client
[2025-05-19 12:57:38] [ow+Zi/O4SnJIvwHosoZ7zIvOOK8=] [shinigami] No offline messages found
[2025-05-19 13:00:46] [0Z2wqQcTx0kpb/KIf+NPkyv4b60=] [-W1LLL] Checking offline messages for client
[2025-05-19 13:00:46] [0Z2wqQcTx0kpb/KIf+NPkyv4b60=] [-W1LLL] No offline messages found
[2025-05-19 13:05:30] [6loDKB5pFq9h9EZ8lWJAl1sRiNA=] [kagixxx] Checking offline messages for client
[2025-05-19 13:05:30] [6loDKB5pFq9h9EZ8lWJAl1sRiNA=] [kagixxx] No offline messages found
[2025-05-19 13:07:24] [6loDKB5pFq9h9EZ8lWJAl1sRiNA=] [kagixxx] Checking offline messages for client
[2025-05-19 13:07:24] [6loDKB5pFq9h9EZ8lWJAl1sRiNA=] [kagixxx] No offline messages found
[2025-05-19 13:07:58] [K4NR58gtSYij+BLM0STn2WKjS9U=] [Skylord] Checking offline messages for client
[2025-05-19 13:07:58] [K4NR58gtSYij+BLM0STn2WKjS9U=] [Skylord] No offline messages found
[2025-05-19 13:09:17] [nrEFrg1QXE05wuZZG3BbdkciSEc=] [Dumina] Checking offline messages for client
[2025-05-19 13:09:17] [nrEFrg1QXE05wuZZG3BbdkciSEc=] [Dumina] No offline messages found
[2025-05-19 13:09:28] [vAoVADXVgpjfEfuPw77F4fgEIl8=] [Nostalgia 2] Checking offline messages for client
[2025-05-19 13:09:28] [vAoVADXVgpjfEfuPw77F4fgEIl8=] [Nostalgia 2] No offline messages found
[2025-05-19 13:16:35] [/y4xr7EivnvVJ88kCW4SLdMKrr4=] [vvvv] Checking offline messages for client
[2025-05-19 13:16:35] [/y4xr7EivnvVJ88kCW4SLdMKrr4=] [vvvv] No offline messages found
[2025-05-19 13:24:15] [mTbPypkwuA/2B5Zl6CXWViczHPo=] [kızlıkbozan33] Checking offline messages for client
[2025-05-19 13:24:15] [mTbPypkwuA/2B5Zl6CXWViczHPo=] [kızlıkbozan33] No offline messages found
[2025-05-19 13:24:32] [HA8AwjGjfttaVD2BbXsV3SrC+rA=] [Axtic] Checking offline messages for client
[2025-05-19 13:24:32] [HA8AwjGjfttaVD2BbXsV3SrC+rA=] [Axtic] No offline messages found
[2025-05-19 13:34:52] [TqcQoUJ8RqP+rNV4dpFolffaKKs=] [darac] Checking offline messages for client
[2025-05-19 13:34:52] [TqcQoUJ8RqP+rNV4dpFolffaKKs=] [darac] No offline messages found
[2025-05-19 13:40:25] [Ops676Lt6XgMPCQGa8NIevUnutU=] [mmd] Checking offline messages for client
[2025-05-19 13:40:25] [Ops676Lt6XgMPCQGa8NIevUnutU=] [mmd] No offline messages found
[2025-05-19 13:41:54] [KgtWKCUgHe+YIFq4EEIuJUQeydU=] [Mehdi_km81] Checking offline messages for client
[2025-05-19 13:41:54] [KgtWKCUgHe+YIFq4EEIuJUQeydU=] [Mehdi_km81] No offline messages found
[2025-05-19 13:45:48] [mbP4nghKzvRW54vnBJ4hB+FVGdw=] [Andy] Checking offline messages for client
[2025-05-19 13:45:48] [mbP4nghKzvRW54vnBJ4hB+FVGdw=] [Andy] No offline messages found
[2025-05-19 13:47:23] [wDjYvnAEDV8Ca22jvXeJSwKiCC0=] [Chris] Checking offline messages for client
[2025-05-19 13:47:23] [wDjYvnAEDV8Ca22jvXeJSwKiCC0=] [Chris] No offline messages found
[2025-05-19 13:49:40] [dHD7jWi8Q5Lp4lz7I8/axaXFAEA=] [__illlia__] Checking offline messages for client
[2025-05-19 13:49:40] [dHD7jWi8Q5Lp4lz7I8/axaXFAEA=] [__illlia__] No offline messages found
[2025-05-19 13:49:46] [Y87CyZ0z4OCWoHrzcXmcfNJGgn8=] [Ghost] Checking offline messages for client
[2025-05-19 13:49:46] [Y87CyZ0z4OCWoHrzcXmcfNJGgn8=] [Ghost] No offline messages found
[2025-05-19 13:50:39] [syGc3yR+8xBjPN6kLg2zE+r+Bwg=] [Gosh] Checking offline messages for client
[2025-05-19 13:50:39] [syGc3yR+8xBjPN6kLg2zE+r+Bwg=] [Gosh] No offline messages found
[2025-05-19 13:52:13] [M09LXQM0h1IxzpSiw7t91USRzUA=] [dolv1] Checking offline messages for client
[2025-05-19 13:52:13] [M09LXQM0h1IxzpSiw7t91USRzUA=] [dolv1] No offline messages found
[2025-05-19 13:55:17] [KTw+VF6m+gTCBlxPrQOWS+S0KMI=] [ego1str0ma] Checking offline messages for client
[2025-05-19 13:55:17] [KTw+VF6m+gTCBlxPrQOWS+S0KMI=] [ego1str0ma] No offline messages found
[2025-05-19 13:58:27] [MCH5CUuHw7qLHVegyroS34EN/pQ=] [PastA1] Checking offline messages for client
[2025-05-19 13:58:27] [MCH5CUuHw7qLHVegyroS34EN/pQ=] [PastA1] No offline messages found
[2025-05-19 13:59:11] [+kwhCPDVEacBLrd4I5lqn9JcRSA=] [danbruik] Checking offline messages for client
[2025-05-19 13:59:11] [+kwhCPDVEacBLrd4I5lqn9JcRSA=] [danbruik] No offline messages found
[2025-05-19 14:01:13] [HA8AwjGjfttaVD2BbXsV3SrC+rA=] [Axtic] Checking offline messages for client
[2025-05-19 14:01:13] [HA8AwjGjfttaVD2BbXsV3SrC+rA=] [Axtic] No offline messages found
[2025-05-19 14:04:18] [ASKMEj/XZj0gugZs7ciO6cG9gj8=] [R3d4l] Checking offline messages for client
[2025-05-19 14:04:18] [ASKMEj/XZj0gugZs7ciO6cG9gj8=] [R3d4l] No offline messages found
[2025-05-19 14:06:27] [8Scl5bVgI1QXkVUIDlePsRY6hh4=] [TheKingFish] Checking offline messages for client
[2025-05-19 14:06:27] [8Scl5bVgI1QXkVUIDlePsRY6hh4=] [TheKingFish] No offline messages found
[2025-05-19 14:19:14] [vNR5X++zau0WAsrzix6zPKeAKzE=] [FHJGDJHG] Checking offline messages for client
[2025-05-19 14:19:14] [vNR5X++zau0WAsrzix6zPKeAKzE=] [FHJGDJHG] No offline messages found
[2025-05-19 14:20:34] [pM39vwBC404mshweezryIEAS3ZQ=] [Columb] Checking offline messages for client
[2025-05-19 14:20:34] [pM39vwBC404mshweezryIEAS3ZQ=] [Columb] No offline messages found
[2025-05-19 14:25:03] [ko4Dt1JRAmcTf/p62OztEOLDV7w=] [gOIIIuPAK72] Checking offline messages for client
[2025-05-19 14:25:03] [ko4Dt1JRAmcTf/p62OztEOLDV7w=] [gOIIIuPAK72] No offline messages found
[2025-05-19 14:30:01] [g95LkcovmlDSBBJIdmdv0zN6QBs=] [baysikimdeğil] Checking offline messages for client
[2025-05-19 14:30:01] [g95LkcovmlDSBBJIdmdv0zN6QBs=] [baysikimdeğil] No offline messages found
[2025-05-19 14:30:01] [g95LkcovmlDSBBJIdmdv0zN6QBs=] [baysikimdeğil] Checking offline messages for client
[2025-05-19 14:30:01] [g95LkcovmlDSBBJIdmdv0zN6QBs=] [baysikimdeğil] No offline messages found
[2025-05-19 14:30:02] [g95LkcovmlDSBBJIdmdv0zN6QBs=] [baysikimdeğil] Checking offline messages for client
[2025-05-19 14:30:02] [g95LkcovmlDSBBJIdmdv0zN6QBs=] [baysikimdeğil] No offline messages found
[2025-05-19 14:30:47] [kObq94+KU9+JntO+Npi5RAcrChw=] [Kiselyvich] Checking offline messages for client
[2025-05-19 14:30:47] [kObq94+KU9+JntO+Npi5RAcrChw=] [Kiselyvich] No offline messages found
[2025-05-19 14:32:55] [KKakWCNNDyxUyhC4KpkSU2PHuVM=] [yusufppks] Checking offline messages for client
[2025-05-19 14:32:55] [KKakWCNNDyxUyhC4KpkSU2PHuVM=] [yusufppks] No offline messages found
[2025-05-19 14:41:03] [Yolrk0vLW7Jl+G3XWWoj32wvYHo=] [joy] Checking offline messages for client
[2025-05-19 14:41:03] [Yolrk0vLW7Jl+G3XWWoj32wvYHo=] [joy] No offline messages found
[2025-05-19 14:41:03] [Yolrk0vLW7Jl+G3XWWoj32wvYHo=] [joy] Checking offline messages for client
[2025-05-19 14:41:03] [Yolrk0vLW7Jl+G3XWWoj32wvYHo=] [joy] No offline messages found
[2025-05-19 14:41:03] [Yolrk0vLW7Jl+G3XWWoj32wvYHo=] [joy] Checking offline messages for client
[2025-05-19 14:41:03] [Yolrk0vLW7Jl+G3XWWoj32wvYHo=] [joy] No offline messages found
[2025-05-19 14:43:58] [0Z2wqQcTx0kpb/KIf+NPkyv4b60=] [-W1LLL] Checking offline messages for client
[2025-05-19 14:43:58] [0Z2wqQcTx0kpb/KIf+NPkyv4b60=] [-W1LLL] No offline messages found
[2025-05-19 14:46:24] [fZ6B4ZaYsWKB59qtOOgtwN1eXQo=] [puki] Checking offline messages for client
[2025-05-19 14:46:24] [fZ6B4ZaYsWKB59qtOOgtwN1eXQo=] [puki] No offline messages found
[2025-05-19 14:49:08] [Nn8rGrwsE+C9ibHWu3JCoCbmq3A=] [SysmoUsercid=140] Checking offline messages for client
[2025-05-19 14:49:08] [Nn8rGrwsE+C9ibHWu3JCoCbmq3A=] [SysmoUsercid=140] No offline messages found
[2025-05-19 15:00:22] [KKakWCNNDyxUyhC4KpkSU2PHuVM=] [yusufppks] Checking offline messages for client
[2025-05-19 15:00:22] [KKakWCNNDyxUyhC4KpkSU2PHuVM=] [yusufppks] No offline messages found
[2025-05-19 15:05:12] [0WgZKkj6v4iiMp7/eG9vKSWI5qU=] [TeamSpeakUser] Checking offline messages for client
[2025-05-19 15:05:12] [0WgZKkj6v4iiMp7/eG9vKSWI5qU=] [TeamSpeakUser] No offline messages found
[2025-05-19 15:12:50] [KL0QZuz7P/nwwL6XYSCsDg/Yqw0=] [DIMAX] Checking offline messages for client
[2025-05-19 15:12:50] [KL0QZuz7P/nwwL6XYSCsDg/Yqw0=] [DIMAX] No offline messages found
[2025-05-19 15:14:37] [Bxz6p8/vyiaTIiTuyMoy2up/+zE=] [choppa] Checking offline messages for client
[2025-05-19 15:14:37] [Bxz6p8/vyiaTIiTuyMoy2up/+zE=] [choppa] No offline messages found
[2025-05-19 15:15:53] [4j3CxK0fZkAEGflMpnjvaeiJr88=] [BuHa_CkAu] Checking offline messages for client
[2025-05-19 15:15:53] [4j3CxK0fZkAEGflMpnjvaeiJr88=] [BuHa_CkAu] No offline messages found
[2025-05-19 15:16:10] [4j3CxK0fZkAEGflMpnjvaeiJr88=] [BuHa_CkAu] Checking offline messages for client
[2025-05-19 15:16:10] [4j3CxK0fZkAEGflMpnjvaeiJr88=] [BuHa_CkAu] No offline messages found
[2025-05-19 15:17:46] [QFOoQ6Mg2dbrrKfVQEqUbdv5Eqg=] [dosma666] Checking offline messages for client
[2025-05-19 15:17:46] [QFOoQ6Mg2dbrrKfVQEqUbdv5Eqg=] [dosma666] No offline messages found
[2025-05-19 15:19:42] [mLx0Hk4TMipqUwGhs4qaQnVuCRc=] [ywyw] Checking offline messages for client
[2025-05-19 15:19:42] [mLx0Hk4TMipqUwGhs4qaQnVuCRc=] [ywyw] No offline messages found
[2025-05-19 15:22:43] [jWxbfxhLxs9dPa3t1WUnys7gnbk=] [Richard_TH] Checking offline messages for client
[2025-05-19 15:22:43] [jWxbfxhLxs9dPa3t1WUnys7gnbk=] [Richard_TH] No offline messages found
[2025-05-19 15:27:46] [3YJK8qO+CeKZ9iSEIS0Ry5bsTcs=] [Leon] Checking offline messages for client
[2025-05-19 15:27:46] [3YJK8qO+CeKZ9iSEIS0Ry5bsTcs=] [Leon] No offline messages found
[2025-05-19 15:31:26] [ilO9JAl5glx+WikZA6SZqmic0Iw=] [kaiizenn] Checking offline messages for client
[2025-05-19 15:31:26] [ilO9JAl5glx+WikZA6SZqmic0Iw=] [kaiizenn] No offline messages found
[2025-05-19 15:34:15] [e1vImF/pvh7c+66eD1lHGlZ9N08=] [Fornax013] Checking offline messages for client
[2025-05-19 15:34:15] [e1vImF/pvh7c+66eD1lHGlZ9N08=] [Fornax013] No offline messages found
[2025-05-19 15:37:20] [Q9b6HFpSP63zred3z+UJRqHDSQE=] [M4ODA] Checking offline messages for client
[2025-05-19 15:37:20] [Q9b6HFpSP63zred3z+UJRqHDSQE=] [M4ODA] No offline messages found
[2025-05-19 15:37:48] [8F/wqyUZbzkbJnHcA07nhS4DohU=] [dimafreddyy] Checking offline messages for client
[2025-05-19 15:37:48] [8F/wqyUZbzkbJnHcA07nhS4DohU=] [dimafreddyy] No offline messages found
[2025-05-19 15:37:48] [8F/wqyUZbzkbJnHcA07nhS4DohU=] [dimafreddyy] Checking offline messages for client
[2025-05-19 15:37:48] [8F/wqyUZbzkbJnHcA07nhS4DohU=] [dimafreddyy] No offline messages found
[2025-05-19 15:37:49] [8F/wqyUZbzkbJnHcA07nhS4DohU=] [dimafreddyy] Checking offline messages for client
[2025-05-19 15:37:49] [8F/wqyUZbzkbJnHcA07nhS4DohU=] [dimafreddyy] No offline messages found
[2025-05-19 15:38:49] [FHmAvJvW6N6mPDWTwpRQABw6rAk=] [Алексей] Checking offline messages for client
[2025-05-19 15:38:49] [FHmAvJvW6N6mPDWTwpRQABw6rAk=] [Алексей] No offline messages found
[2025-05-19 15:40:22] [3PUL5t5Jz0KW4hyrBCzi+BArN60=] [tenshin_non] Checking offline messages for client
[2025-05-19 15:40:22] [3PUL5t5Jz0KW4hyrBCzi+BArN60=] [tenshin_non] No offline messages found
[2025-05-19 15:41:38] [b+hpUOWDwc2wK9lwzeuAKgvOhQE=] [TeamSpeakUser1] Checking offline messages for client
[2025-05-19 15:41:38] [b+hpUOWDwc2wK9lwzeuAKgvOhQE=] [TeamSpeakUser1] No offline messages found
[2025-05-19 15:41:49] [6Mml0pjI5pg1Z4NnVevGGKXjX64=] [Aldarick] Checking offline messages for client
[2025-05-19 15:41:49] [6Mml0pjI5pg1Z4NnVevGGKXjX64=] [Aldarick] No offline messages found
[2025-05-19 15:42:24] [d4+NlxlILo90ViiY0WLlIDcSvQs=] [TAXMANTokkMoeny] Checking offline messages for client
[2025-05-19 15:42:24] [d4+NlxlILo90ViiY0WLlIDcSvQs=] [TAXMANTokkMoeny] No offline messages found
[2025-05-19 15:43:40] [hFplnszNsVWixGv+jr9PV6siVtc=] [PitcaRNNN``] Checking offline messages for client
[2025-05-19 15:43:40] [hFplnszNsVWixGv+jr9PV6siVtc=] [PitcaRNNN``] No offline messages found
[2025-05-19 15:43:54] [wqBF0CLy0NQCJfhCMF7w5S24mZA=] [TeamSpeakUser2] Checking offline messages for client
[2025-05-19 15:43:54] [wqBF0CLy0NQCJfhCMF7w5S24mZA=] [TeamSpeakUser2] No offline messages found
[2025-05-19 16:02:19] [pot3cm465Tyk1bzQebnY0dF7ddI=] [art] Checking offline messages for client
[2025-05-19 16:02:19] [pot3cm465Tyk1bzQebnY0dF7ddI=] [art] No offline messages found
[2025-05-19 16:12:26] [esphB+mG2+N8I3ntRjK04Tgvv7o=] [Phantor] Checking offline messages for client
[2025-05-19 16:12:26] [esphB+mG2+N8I3ntRjK04Tgvv7o=] [Phantor] No offline messages found
[2025-05-19 16:13:08] [lveDpq8tO1v8idts8QJlpyvovhI=] [QWEQSEWSD] Checking offline messages for client
[2025-05-19 16:13:08] [lveDpq8tO1v8idts8QJlpyvovhI=] [QWEQSEWSD] No offline messages found
[2025-05-19 16:14:54] [ldCzvjsZhyUOHxQjPMP59HREBcU=] [wigger] Checking offline messages for client
[2025-05-19 16:14:54] [ldCzvjsZhyUOHxQjPMP59HREBcU=] [wigger] No offline messages found
[2025-05-19 16:18:13] [m3jwrJafD7Z1HcDm7lAZbGqtROY=] [zui] Checking offline messages for client
[2025-05-19 16:18:13] [m3jwrJafD7Z1HcDm7lAZbGqtROY=] [zui] No offline messages found
[2025-05-19 16:19:10] [mbP4nghKzvRW54vnBJ4hB+FVGdw=] [Andy] Checking offline messages for client
[2025-05-19 16:19:10] [mbP4nghKzvRW54vnBJ4hB+FVGdw=] [Andy] No offline messages found
[2025-05-19 16:26:18] [V/TExn5X/B26ggQwhHgYNECStj0=] [Reаnimator] Checking offline messages for client
[2025-05-19 16:26:18] [V/TExn5X/B26ggQwhHgYNECStj0=] [Reаnimator] No offline messages found
[2025-05-19 16:26:45] [c43JdyfwIeWCLmtTqO2Z1u7P1+0=] [REV] Checking offline messages for client
[2025-05-19 16:26:45] [c43JdyfwIeWCLmtTqO2Z1u7P1+0=] [REV] No offline messages found
[2025-05-19 16:31:10] [RVQmMpiMw9B7rZKQ296p2XNP7fI=] [nkzd] Checking offline messages for client
[2025-05-19 16:31:10] [RVQmMpiMw9B7rZKQ296p2XNP7fI=] [nkzd] No offline messages found
[2025-05-19 16:36:16] [fmDcGpVa0aBmFlPwH43WBEu4eh4=] [dmi1] Checking offline messages for client
[2025-05-19 16:36:16] [fmDcGpVa0aBmFlPwH43WBEu4eh4=] [dmi1] No offline messages found
[2025-05-19 16:36:55] [GoUNr+hLo97p9W8m27blgF4vQao=] [Call_Me_Z] Checking offline messages for client
[2025-05-19 16:36:55] [GoUNr+hLo97p9W8m27blgF4vQao=] [Call_Me_Z] No offline messages found
[2025-05-19 16:37:16] [y3awO0ennatOO9a236JGtByjKuM=] [воч ю мин] Checking offline messages for client
[2025-05-19 16:37:16] [y3awO0ennatOO9a236JGtByjKuM=] [воч ю мин] No offline messages found
[2025-05-19 16:37:49] [MutMI8w80TgxkXwn/z4gZc/vgiU=] [Asshole do not burn] Checking offline messages for client
[2025-05-19 16:37:49] [MutMI8w80TgxkXwn/z4gZc/vgiU=] [Asshole do not burn] No offline messages found
[2025-05-19 16:38:04] [5eIWTYaj/mM0KWqySiX8XLqxgBQ=] [BigPAPA] Checking offline messages for client
[2025-05-19 16:38:04] [5eIWTYaj/mM0KWqySiX8XLqxgBQ=] [BigPAPA] No offline messages found
[2025-05-19 16:39:08] [ay8d2GXiisZNZZ2sP88A/RwHo24=] [ViliBom] Checking offline messages for client
[2025-05-19 16:39:08] [ay8d2GXiisZNZZ2sP88A/RwHo24=] [ViliBom] No offline messages found
[2025-05-19 16:43:16] [H2NCI3FZLvlL0DcbEJRACZuex1M=] [Hasanich] Checking offline messages for client
[2025-05-19 16:43:16] [H2NCI3FZLvlL0DcbEJRACZuex1M=] [Hasanich] No offline messages found
[2025-05-19 16:44:28] [TLyY2HNRhsbngNicBWX5qfpBYXc=] [Sevak601] Checking offline messages for client
[2025-05-19 16:44:28] [TLyY2HNRhsbngNicBWX5qfpBYXc=] [Sevak601] No offline messages found
[2025-05-19 16:47:17] [f5blCV2SYOa9qeIxhD7mgNKdr10=] [kompot1k] Checking offline messages for client
[2025-05-19 16:47:17] [f5blCV2SYOa9qeIxhD7mgNKdr10=] [kompot1k] No offline messages found
[2025-05-19 16:48:15] [7lkgv1NgBUC4Nbvfz0XxfSTDHSQ=] [Platonuch_UA] Checking offline messages for client
[2025-05-19 16:48:15] [7lkgv1NgBUC4Nbvfz0XxfSTDHSQ=] [Platonuch_UA] No offline messages found
[2025-05-19 16:49:13] [j4VaV46XhkmzcjbVPFuyIU0vCLs=] [nox] Checking offline messages for client
[2025-05-19 16:49:13] [j4VaV46XhkmzcjbVPFuyIU0vCLs=] [nox] No offline messages found
[2025-05-19 16:49:29] [j4VaV46XhkmzcjbVPFuyIU0vCLs=] [nox] Checking offline messages for client
[2025-05-19 16:49:29] [j4VaV46XhkmzcjbVPFuyIU0vCLs=] [nox] No offline messages found
[2025-05-19 16:49:38] [jlQnQkOijQ17dBYQilGFrOHXxrI=] [JannnNNN !] Checking offline messages for client
[2025-05-19 16:49:38] [jlQnQkOijQ17dBYQilGFrOHXxrI=] [JannnNNN !] No offline messages found
[2025-05-19 16:51:36] [uEI2N8oQhBZqNif6BrmmV2HAosc=] [пизда сергею дружкову] Checking offline messages for client
[2025-05-19 16:51:36] [uEI2N8oQhBZqNif6BrmmV2HAosc=] [пизда сергею дружкову] No offline messages found
[2025-05-19 16:51:44] [uEI2N8oQhBZqNif6BrmmV2HAosc=] [пизда сергею дружкову] Checking offline messages for client
[2025-05-19 16:51:44] [uEI2N8oQhBZqNif6BrmmV2HAosc=] [пизда сергею дружкову] No offline messages found
[2025-05-19 17:00:29] [hnH8Pkux3Af6xG46f+oe81jVdcA=] [-EscA`#] Checking offline messages for client
[2025-05-19 17:00:29] [hnH8Pkux3Af6xG46f+oe81jVdcA=] [-EscA`#] No offline messages found
[2025-05-19 17:02:17] [VNEMZGVfsM3a7FyUkiKK12KnFvw=] [rowdy] Checking offline messages for client
[2025-05-19 17:02:17] [VNEMZGVfsM3a7FyUkiKK12KnFvw=] [rowdy] No offline messages found
[2025-05-19 17:07:56] [DhDqNKJFOzAI9dgJ0qsFAh9W1bM=] [Parsa94] Checking offline messages for client
[2025-05-19 17:07:56] [DhDqNKJFOzAI9dgJ0qsFAh9W1bM=] [Parsa94] No offline messages found
[2025-05-19 17:08:13] [DhDqNKJFOzAI9dgJ0qsFAh9W1bM=] [Parsa94] Checking offline messages for client
[2025-05-19 17:08:13] [DhDqNKJFOzAI9dgJ0qsFAh9W1bM=] [Parsa94] No offline messages found
[2025-05-19 17:11:22] [LChIIpVKSczGXCJcvYW8G7+Rrgk=] [erik] Checking offline messages for client
[2025-05-19 17:11:22] [LChIIpVKSczGXCJcvYW8G7+Rrgk=] [erik] No offline messages found
[2025-05-19 17:15:56] [13PPw0udi/G/3KkYXyJjZTQAJE0=] [ахуенно быть рэпером] Checking offline messages for client
[2025-05-19 17:15:56] [13PPw0udi/G/3KkYXyJjZTQAJE0=] [ахуенно быть рэпером] No offline messages found
[2025-05-19 17:16:01] [xZxMaKAovpIdh45ttW5XMOlpqDA=] [berkkilic] Checking offline messages for client
[2025-05-19 17:16:01] [xZxMaKAovpIdh45ttW5XMOlpqDA=] [berkkilic] No offline messages found
[2025-05-19 17:19:19] [lSogL4Wywrn1Is8F7jT3fDe2qDg=] [emreşükrü] Checking offline messages for client
[2025-05-19 17:19:19] [lSogL4Wywrn1Is8F7jT3fDe2qDg=] [emreşükrü] No offline messages found
[2025-05-19 17:27:29] [u37UZKIsHRy8fpvH8qv7OuhDpEw=] [AMINOV] Checking offline messages for client
[2025-05-19 17:27:29] [u37UZKIsHRy8fpvH8qv7OuhDpEw=] [AMINOV] No offline messages found
[2025-05-19 17:29:26] [yPSI9aghhtH6O+mnSQIo84yUZ4c=] [шароёб] Checking offline messages for client
[2025-05-19 17:29:26] [yPSI9aghhtH6O+mnSQIo84yUZ4c=] [шароёб] No offline messages found
[2025-05-19 17:29:39] [ytnlZi1s6g53v1A+8+URlHNGUZg=] [dee] Checking offline messages for client
[2025-05-19 17:29:39] [ytnlZi1s6g53v1A+8+URlHNGUZg=] [dee] No offline messages found
[2025-05-19 17:29:42] [F4Rot6aSlWU5OFZBOarP2RTzrYY=] [INSANE] Checking offline messages for client
[2025-05-19 17:29:42] [F4Rot6aSlWU5OFZBOarP2RTzrYY=] [INSANE] No offline messages found
[2025-05-19 17:32:17] [VuNFAf3wIFc1IkWzOmahJ2tNnQw=] [amir-v13] Checking offline messages for client
[2025-05-19 17:32:17] [VuNFAf3wIFc1IkWzOmahJ2tNnQw=] [amir-v13] No offline messages found
[2025-05-19 17:32:24] [FIHRd8H6xRTj1jyU280xFtyPXDM=] [liqui_88] Checking offline messages for client
[2025-05-19 17:32:24] [FIHRd8H6xRTj1jyU280xFtyPXDM=] [liqui_88] No offline messages found
[2025-05-19 17:34:00] [MpV8eQ7lweL2YSxarhe9a/nQIOk=] [VUL_DROG] Checking offline messages for client
[2025-05-19 17:34:00] [MpV8eQ7lweL2YSxarhe9a/nQIOk=] [VUL_DROG] No offline messages found
[2025-05-19 17:34:19] [AKpjILgA7fb120p7rMX2qJsj2yc=] [TeamSpeakUser] Checking offline messages for client
[2025-05-19 17:34:19] [AKpjILgA7fb120p7rMX2qJsj2yc=] [TeamSpeakUser] No offline messages found
[2025-05-19 17:34:22] [A337CRyeHXs4LwAB23shVIw0jeg=] [mishechcaty] Checking offline messages for client
[2025-05-19 17:34:22] [A337CRyeHXs4LwAB23shVIw0jeg=] [mishechcaty] No offline messages found
[2025-05-19 17:38:53] [yH7+WUTO9a0edxQG10YKRSCiFog=] [Angry] Checking offline messages for client
[2025-05-19 17:38:53] [yH7+WUTO9a0edxQG10YKRSCiFog=] [Angry] No offline messages found
[2025-05-19 17:39:44] [uJnwwqnuPGfoLP0MTPmjLpW1JCI=] [deadly_peak] Checking offline messages for client
[2025-05-19 17:39:44] [uJnwwqnuPGfoLP0MTPmjLpW1JCI=] [deadly_peak] No offline messages found
[2025-05-19 17:40:40] [hUjMcppeZYeQG89H1ehSTqHW6iQ=] [Hydrastarke] Checking offline messages for client
[2025-05-19 17:40:40] [hUjMcppeZYeQG89H1ehSTqHW6iQ=] [Hydrastarke] No offline messages found
[2025-05-19 17:41:58] [yBICHbhgjt9SlHyQu3BZbOYMUQU=] [H0R0Z] Checking offline messages for client
[2025-05-19 17:41:58] [yBICHbhgjt9SlHyQu3BZbOYMUQU=] [H0R0Z] No offline messages found
[2025-05-19 17:43:49] [K4NR58gtSYij+BLM0STn2WKjS9U=] [Skylord] Checking offline messages for client
[2025-05-19 17:43:49] [K4NR58gtSYij+BLM0STn2WKjS9U=] [Skylord] No offline messages found
[2025-05-19 17:44:50] [kHIid8HT2jg9WiVu3tCpryd+esk=] [1133] Checking offline messages for client
[2025-05-19 17:44:50] [kHIid8HT2jg9WiVu3tCpryd+esk=] [1133] No offline messages found
[2025-05-19 17:45:55] [NrLfqmvuq6LG10V4p9MSfEiVrl4=] [890] Checking offline messages for client
[2025-05-19 17:45:55] [NrLfqmvuq6LG10V4p9MSfEiVrl4=] [890] No offline messages found
[2025-05-19 17:45:55] [NrLfqmvuq6LG10V4p9MSfEiVrl4=] [890] Checking offline messages for client
[2025-05-19 17:45:55] [NrLfqmvuq6LG10V4p9MSfEiVrl4=] [890] No offline messages found
[2025-05-19 17:45:56] [NrLfqmvuq6LG10V4p9MSfEiVrl4=] [890] Checking offline messages for client
[2025-05-19 17:45:56] [NrLfqmvuq6LG10V4p9MSfEiVrl4=] [890] No offline messages found
[2025-05-19 17:46:20] [yNFUjD+LJEqojKPPlPGtCAVEYRU=] [Боцман777] Checking offline messages for client
[2025-05-19 17:46:20] [yNFUjD+LJEqojKPPlPGtCAVEYRU=] [Боцман777] No offline messages found
[2025-05-19 17:48:53] [mqgd3Gc7WmeeLTlwm9TT72tKi9Y=] [Joss] Checking offline messages for client
[2025-05-19 17:48:53] [mqgd3Gc7WmeeLTlwm9TT72tKi9Y=] [Joss] No offline messages found
[2025-05-19 17:51:08] [fH55ADpBJR2Pf03gH5EIVyAAuTk=] [W1zard] Checking offline messages for client
[2025-05-19 17:51:08] [fH55ADpBJR2Pf03gH5EIVyAAuTk=] [W1zard] No offline messages found
[2025-05-19 17:52:08] [Hf7Ykpi+nWgDQ6lAP5A9MUo5Mfc=] [Agilex] Checking offline messages for client
[2025-05-19 17:52:08] [Hf7Ykpi+nWgDQ6lAP5A9MUo5Mfc=] [Agilex] No offline messages found
[2025-05-19 17:53:03] [nXwR5Kz7NyBkkfGKn7kySYJEsA4=] [den_strelok_498] Checking offline messages for client
[2025-05-19 17:53:03] [nXwR5Kz7NyBkkfGKn7kySYJEsA4=] [den_strelok_498] No offline messages found
[2025-05-19 17:53:27] [SR/Lkuy0MZhoPP4aojzkew99NLo=] [grr-] Checking offline messages for client
[2025-05-19 17:53:27] [SR/Lkuy0MZhoPP4aojzkew99NLo=] [grr-] No offline messages found
[2025-05-19 17:53:30] [uJnwwqnuPGfoLP0MTPmjLpW1JCI=] [deadly_peak] Checking offline messages for client
[2025-05-19 17:53:30] [uJnwwqnuPGfoLP0MTPmjLpW1JCI=] [deadly_peak] No offline messages found
[2025-05-19 17:53:50] [jdsZBBcuEzD3+oBXRBnVPJpGkI4=] [eatmyb8ls] Checking offline messages for client
[2025-05-19 17:53:50] [jdsZBBcuEzD3+oBXRBnVPJpGkI4=] [eatmyb8ls] No offline messages found
[2025-05-19 17:53:55] [aKaAG6qoaxhtx8bSnAyKGSwgQvA=] [drxxxP] Checking offline messages for client
[2025-05-19 17:53:55] [aKaAG6qoaxhtx8bSnAyKGSwgQvA=] [drxxxP] No offline messages found
[2025-05-19 17:56:39] [guMVhoerlHv+8da+ClSLHUoLLdk=] [TeamSpeakUser] Checking offline messages for client
[2025-05-19 17:56:39] [guMVhoerlHv+8da+ClSLHUoLLdk=] [TeamSpeakUser] No offline messages found
[2025-05-19 18:00:17] [aKaAG6qoaxhtx8bSnAyKGSwgQvA=] [drxxxP] Checking offline messages for client
[2025-05-19 18:00:17] [aKaAG6qoaxhtx8bSnAyKGSwgQvA=] [drxxxP] No offline messages found
[2025-05-19 18:00:51] [lpFJG9qvvSVdTc5f3I/K8oNUUi0=] [zap] Checking offline messages for client
[2025-05-19 18:00:51] [lpFJG9qvvSVdTc5f3I/K8oNUUi0=] [zap] No offline messages found
[2025-05-19 18:02:12] [aKaAG6qoaxhtx8bSnAyKGSwgQvA=] [drxxxP] Checking offline messages for client
[2025-05-19 18:02:12] [aKaAG6qoaxhtx8bSnAyKGSwgQvA=] [drxxxP] No offline messages found
[2025-05-19 18:03:11] [FL+WmVp/PUMnZAd3PROfjjeRLi8=] [Patiencé] Checking offline messages for client
[2025-05-19 18:03:11] [FL+WmVp/PUMnZAd3PROfjjeRLi8=] [Patiencé] No offline messages found
[2025-05-19 18:04:53] [Xtq8X4AG4AArrHDKK8O2lDVcqNM=] [APASNOOOOOOOOOO] Checking offline messages for client
[2025-05-19 18:04:53] [Xtq8X4AG4AArrHDKK8O2lDVcqNM=] [APASNOOOOOOOOOO] No offline messages found
[2025-05-19 18:05:21] [aKaAG6qoaxhtx8bSnAyKGSwgQvA=] [drxxxP] Checking offline messages for client
[2025-05-19 18:05:21] [aKaAG6qoaxhtx8bSnAyKGSwgQvA=] [drxxxP] No offline messages found
[2025-05-19 18:05:41] [F4Rot6aSlWU5OFZBOarP2RTzrYY=] [INSANE] Checking offline messages for client
[2025-05-19 18:05:41] [F4Rot6aSlWU5OFZBOarP2RTzrYY=] [INSANE] No offline messages found
[2025-05-19 18:07:01] [X4hKVi7sfvTfJB9YQgAYwR9ZE3I=] [Mnwh] Checking offline messages for client
[2025-05-19 18:07:01] [X4hKVi7sfvTfJB9YQgAYwR9ZE3I=] [Mnwh] No offline messages found
[2025-05-19 18:11:06] [iqhXyPfP3MC8F+w0pKyVoSLyF/I=] [FailRaik] Checking offline messages for client
[2025-05-19 18:11:06] [iqhXyPfP3MC8F+w0pKyVoSLyF/I=] [FailRaik] No offline messages found
[2025-05-19 18:11:25] [yH7+WUTO9a0edxQG10YKRSCiFog=] [Angry] Checking offline messages for client
[2025-05-19 18:11:25] [yH7+WUTO9a0edxQG10YKRSCiFog=] [Angry] No offline messages found
[2025-05-19 18:12:53] [cbVTTju6JnSpBukGx7hTR4US3KY=] [TeamSpeakUser1] Checking offline messages for client
[2025-05-19 18:12:53] [cbVTTju6JnSpBukGx7hTR4US3KY=] [TeamSpeakUser1] No offline messages found
[2025-05-19 18:13:10] [pot3cm465Tyk1bzQebnY0dF7ddI=] [art] Checking offline messages for client
[2025-05-19 18:13:10] [pot3cm465Tyk1bzQebnY0dF7ddI=] [art] No offline messages found
[2025-05-19 18:13:15] [5Oc2+R6eyJKPIKzcp3qWjXWBdBk=] [Tor4am] Checking offline messages for client
[2025-05-19 18:13:15] [5Oc2+R6eyJKPIKzcp3qWjXWBdBk=] [Tor4am] No offline messages found
[2025-05-19 18:14:42] [uJnwwqnuPGfoLP0MTPmjLpW1JCI=] [deadly_peak] Checking offline messages for client
[2025-05-19 18:14:42] [uJnwwqnuPGfoLP0MTPmjLpW1JCI=] [deadly_peak] No offline messages found
[2025-05-19 18:14:43] [8yG40ppumRoJGhu1qR/blqgqttw=] [sanka98] Checking offline messages for client
[2025-05-19 18:14:43] [8yG40ppumRoJGhu1qR/blqgqttw=] [sanka98] No offline messages found
[2025-05-19 18:14:48] [IEJxWZGON6jgBA8Umd2XqUNUbIA=] [apperhuyapper] Checking offline messages for client
[2025-05-19 18:14:48] [IEJxWZGON6jgBA8Umd2XqUNUbIA=] [apperhuyapper] No offline messages found
[2025-05-19 18:15:03] [MqlyPI/U5wjPs6LHaX2Ifl+w4r8=] [timothysamuelx] Checking offline messages for client
[2025-05-19 18:15:03] [MqlyPI/U5wjPs6LHaX2Ifl+w4r8=] [timothysamuelx] No offline messages found
[2025-05-19 18:15:04] [MqlyPI/U5wjPs6LHaX2Ifl+w4r8=] [timothysamuelx] Checking offline messages for client
[2025-05-19 18:15:04] [MqlyPI/U5wjPs6LHaX2Ifl+w4r8=] [timothysamuelx] No offline messages found
[2025-05-19 18:15:04] [MqlyPI/U5wjPs6LHaX2Ifl+w4r8=] [timothysamuelx] Checking offline messages for client
[2025-05-19 18:15:04] [MqlyPI/U5wjPs6LHaX2Ifl+w4r8=] [timothysamuelx] No offline messages found
[2025-05-19 18:17:37] [TVYDqloG40AolgKZE51r8Arz5Ig=] [TeamSpeakUser2] Checking offline messages for client
[2025-05-19 18:17:37] [TVYDqloG40AolgKZE51r8Arz5Ig=] [TeamSpeakUser2] No offline messages found
[2025-05-19 18:17:58] [8yG40ppumRoJGhu1qR/blqgqttw=] [sanka98] Checking offline messages for client
[2025-05-19 18:17:58] [8yG40ppumRoJGhu1qR/blqgqttw=] [sanka98] No offline messages found
[2025-05-19 18:18:33] [TVYDqloG40AolgKZE51r8Arz5Ig=] [TeamSpeakUser2] Checking offline messages for client
[2025-05-19 18:18:33] [TVYDqloG40AolgKZE51r8Arz5Ig=] [TeamSpeakUser2] No offline messages found
[2025-05-19 18:19:06] [Ops676Lt6XgMPCQGa8NIevUnutU=] [mmd] Checking offline messages for client
[2025-05-19 18:19:06] [Ops676Lt6XgMPCQGa8NIevUnutU=] [mmd] No offline messages found
[2025-05-19 18:19:12] [8yG40ppumRoJGhu1qR/blqgqttw=] [sanka98] Checking offline messages for client
[2025-05-19 18:19:12] [8yG40ppumRoJGhu1qR/blqgqttw=] [sanka98] No offline messages found
[2025-05-19 18:19:18] [vAoVADXVgpjfEfuPw77F4fgEIl8=] [Nostalgia 2] Checking offline messages for client
[2025-05-19 18:19:18] [vAoVADXVgpjfEfuPw77F4fgEIl8=] [Nostalgia 2] No offline messages found
[2025-05-19 18:22:03] [8yG40ppumRoJGhu1qR/blqgqttw=] [sanka98] Checking offline messages for client
[2025-05-19 18:22:03] [8yG40ppumRoJGhu1qR/blqgqttw=] [sanka98] No offline messages found
[2025-05-19 18:22:31] [h0VuCZ2TUXFCJCTTYaDOlIsousY=] [Oleg] Checking offline messages for client
[2025-05-19 18:22:31] [h0VuCZ2TUXFCJCTTYaDOlIsousY=] [Oleg] No offline messages found
[2025-05-19 18:22:55] [lnMFr9CACtNm2N+UU0FlIeT/jhM=] [Agent_vx] Checking offline messages for client
[2025-05-19 18:22:55] [lnMFr9CACtNm2N+UU0FlIeT/jhM=] [Agent_vx] No offline messages found
[2025-05-19 18:23:16] [RkH91acmxA3cUuqBsMdwRLDQBxM=] [Avrelius33] Checking offline messages for client
[2025-05-19 18:23:16] [RkH91acmxA3cUuqBsMdwRLDQBxM=] [Avrelius33] No offline messages found
[2025-05-19 18:25:00] [8yG40ppumRoJGhu1qR/blqgqttw=] [sanka98] Checking offline messages for client
[2025-05-19 18:25:00] [8yG40ppumRoJGhu1qR/blqgqttw=] [sanka98] No offline messages found
[2025-05-19 18:25:05] [NfnVujvEphIfsiju8kuWFNANTfk=] [noone] Checking offline messages for client
[2025-05-19 18:25:05] [NfnVujvEphIfsiju8kuWFNANTfk=] [noone] No offline messages found
[2025-05-19 18:25:39] [RvQCOE641QKD3fODY/YAvxOrNw8=] [Luckyman] Checking offline messages for client
[2025-05-19 18:25:39] [RvQCOE641QKD3fODY/YAvxOrNw8=] [Luckyman] No offline messages found
[2025-05-19 18:26:01] [OGR4x0K2kK5M5o6aAMkiUooMFy8=] [TeamSpeakUser3] Checking offline messages for client
[2025-05-19 18:26:01] [OGR4x0K2kK5M5o6aAMkiUooMFy8=] [TeamSpeakUser3] No offline messages found
[2025-05-19 18:26:09] [NfnVujvEphIfsiju8kuWFNANTfk=] [noone] Checking offline messages for client
[2025-05-19 18:26:09] [NfnVujvEphIfsiju8kuWFNANTfk=] [noone] No offline messages found
[2025-05-19 18:26:40] [COLZyKJmrHAbeJuIwxgb3lGZ0d0=] [tikka345] Checking offline messages for client
[2025-05-19 18:26:40] [COLZyKJmrHAbeJuIwxgb3lGZ0d0=] [tikka345] No offline messages found
[2025-05-19 18:27:07] [cm+zDw/4zDuQN120Qa8q1mW/fIQ=] [hudabin] Checking offline messages for client
[2025-05-19 18:27:07] [cm+zDw/4zDuQN120Qa8q1mW/fIQ=] [hudabin] No offline messages found
[2025-05-19 18:28:09] [+jAK4p+Ce6T/fojXfUGu0a+DMsw=] [Lazy_Eagle] Checking offline messages for client
[2025-05-19 18:28:09] [+jAK4p+Ce6T/fojXfUGu0a+DMsw=] [Lazy_Eagle] No offline messages found
[2025-05-19 18:28:37] [Y87CyZ0z4OCWoHrzcXmcfNJGgn8=] [Ghost] Checking offline messages for client
[2025-05-19 18:28:37] [Y87CyZ0z4OCWoHrzcXmcfNJGgn8=] [Ghost] No offline messages found
[2025-05-19 18:30:33] [syGc3yR+8xBjPN6kLg2zE+r+Bwg=] [Gosh] Checking offline messages for client
[2025-05-19 18:30:33] [syGc3yR+8xBjPN6kLg2zE+r+Bwg=] [Gosh] No offline messages found
[2025-05-19 18:31:07] [nYYlWUs5YkYKnWWsLhHJIhbnlmA=] [HanS] Checking offline messages for client
[2025-05-19 18:31:07] [nYYlWUs5YkYKnWWsLhHJIhbnlmA=] [HanS] No offline messages found
[2025-05-19 18:31:16] [g95LkcovmlDSBBJIdmdv0zN6QBs=] [baysikimdeğil] Checking offline messages for client
[2025-05-19 18:31:16] [g95LkcovmlDSBBJIdmdv0zN6QBs=] [baysikimdeğil] No offline messages found
[2025-05-19 18:31:59] [8yG40ppumRoJGhu1qR/blqgqttw=] [sanka98] Checking offline messages for client
[2025-05-19 18:31:59] [8yG40ppumRoJGhu1qR/blqgqttw=] [sanka98] No offline messages found
[2025-05-19 18:32:00] [v8d0S2VwxhW09HTFPSJZmdATS9s=] [lokmannnnnn] Checking offline messages for client
[2025-05-19 18:32:00] [v8d0S2VwxhW09HTFPSJZmdATS9s=] [lokmannnnnn] No offline messages found
[2025-05-19 18:32:00] [v8d0S2VwxhW09HTFPSJZmdATS9s=] [lokmannnnnn] Checking offline messages for client
[2025-05-19 18:32:00] [v8d0S2VwxhW09HTFPSJZmdATS9s=] [lokmannnnnn] No offline messages found
[2025-05-19 18:32:01] [v8d0S2VwxhW09HTFPSJZmdATS9s=] [lokmannnnnn] Checking offline messages for client
[2025-05-19 18:32:01] [v8d0S2VwxhW09HTFPSJZmdATS9s=] [lokmannnnnn] No offline messages found
[2025-05-19 18:32:01] [v8d0S2VwxhW09HTFPSJZmdATS9s=] [lokmannnnnn] Checking offline messages for client
[2025-05-19 18:32:01] [v8d0S2VwxhW09HTFPSJZmdATS9s=] [lokmannnnnn] No offline messages found
[2025-05-19 18:32:01] [v8d0S2VwxhW09HTFPSJZmdATS9s=] [lokmannnnnn] Checking offline messages for client
[2025-05-19 18:32:01] [v8d0S2VwxhW09HTFPSJZmdATS9s=] [lokmannnnnn] No offline messages found
[2025-05-19 18:32:17] [ZMXxRi+ycXvNNWfp0qxgjJSW298=] [ОКУНЬ] Checking offline messages for client
[2025-05-19 18:32:17] [ZMXxRi+ycXvNNWfp0qxgjJSW298=] [ОКУНЬ] No offline messages found
[2025-05-19 18:33:05] [Wz676Tvbqw37hr6MvMyakT5Z2Tw=] [unrawel] Checking offline messages for client
[2025-05-19 18:33:05] [Wz676Tvbqw37hr6MvMyakT5Z2Tw=] [unrawel] No offline messages found
[2025-05-19 18:35:39] [WtWgpfS8UE18SW7yGXm3r1yoO/c=] [Kowismo] Checking offline messages for client
[2025-05-19 18:35:39] [WtWgpfS8UE18SW7yGXm3r1yoO/c=] [Kowismo] No offline messages found
[2025-05-19 18:37:30] [TqcQoUJ8RqP+rNV4dpFolffaKKs=] [darac] Checking offline messages for client
[2025-05-19 18:37:30] [TqcQoUJ8RqP+rNV4dpFolffaKKs=] [darac] No offline messages found
[2025-05-19 18:37:33] [2148w6jOcmXVxKbsYUmQaGdRPUU=] [BlackEye-_-] Checking offline messages for client
[2025-05-19 18:37:33] [2148w6jOcmXVxKbsYUmQaGdRPUU=] [BlackEye-_-] No offline messages found
[2025-05-19 18:38:51] [9L00arJzCt1G2LLDRV0HQCJjofM=] [osasderlerbana] Checking offline messages for client
[2025-05-19 18:38:51] [9L00arJzCt1G2LLDRV0HQCJjofM=] [osasderlerbana] No offline messages found
[2025-05-19 18:42:33] [3ipKUAi6ZjAHFxUn+Hn2ZxaBha4=] [deezz1re] Checking offline messages for client
[2025-05-19 18:42:33] [3ipKUAi6ZjAHFxUn+Hn2ZxaBha4=] [deezz1re] No offline messages found
[2025-05-19 18:42:41] [vQBpA0VvBo3XlFVJd2yFUhlAD5E=] [whoismert] Checking offline messages for client
[2025-05-19 18:42:41] [vQBpA0VvBo3XlFVJd2yFUhlAD5E=] [whoismert] No offline messages found
[2025-05-19 18:42:52] [kiEdv7zRlPY5vEdchmBe2Mbipfo=] [Sven] Checking offline messages for client
[2025-05-19 18:42:52] [kiEdv7zRlPY5vEdchmBe2Mbipfo=] [Sven] No offline messages found
[2025-05-19 18:43:05] [MpV8eQ7lweL2YSxarhe9a/nQIOk=] [VUL_DROG] Checking offline messages for client
[2025-05-19 18:43:05] [MpV8eQ7lweL2YSxarhe9a/nQIOk=] [VUL_DROG] No offline messages found
[2025-05-19 18:43:06] [zplLYXriSF0hqWw82HYme0Qb6hU=] [BlvckMafia] Checking offline messages for client
[2025-05-19 18:43:06] [zplLYXriSF0hqWw82HYme0Qb6hU=] [BlvckMafia] No offline messages found
[2025-05-19 18:43:30] [rbaofWGWSB2+fWpBlft8JhySd40=] [hi11side] Checking offline messages for client
[2025-05-19 18:43:30] [rbaofWGWSB2+fWpBlft8JhySd40=] [hi11side] No offline messages found
[2025-05-19 18:44:53] [uEI2N8oQhBZqNif6BrmmV2HAosc=] [пизда сергею дружкову] Checking offline messages for client
[2025-05-19 18:44:53] [uEI2N8oQhBZqNif6BrmmV2HAosc=] [пизда сергею дружкову] No offline messages found
[2025-05-19 18:46:37] [8yG40ppumRoJGhu1qR/blqgqttw=] [sanka98] Checking offline messages for client
[2025-05-19 18:46:37] [8yG40ppumRoJGhu1qR/blqgqttw=] [sanka98] No offline messages found
[2025-05-19 18:46:48] [CmwjyMGVbtoyG2xFgl48wNfMV58=] [TeamSpeakUser4] Checking offline messages for client
[2025-05-19 18:46:48] [CmwjyMGVbtoyG2xFgl48wNfMV58=] [TeamSpeakUser4] No offline messages found
[2025-05-19 18:46:49] [+AX4zqHjdmD1p3cu2+WicuRZvZ8=] [k1qoff] Checking offline messages for client
[2025-05-19 18:46:49] [+AX4zqHjdmD1p3cu2+WicuRZvZ8=] [k1qoff] No offline messages found
[2025-05-19 18:53:43] [J62fAK50sjSppwpPF48f3vhxxJc=] [череп161] Checking offline messages for client
[2025-05-19 18:53:43] [J62fAK50sjSppwpPF48f3vhxxJc=] [череп161] No offline messages found
[2025-05-19 18:58:10] [ZnU8vaPl8AP2v7ujelAJMkb+r+E=] [TeamSpeakUser5] Checking offline messages for client
[2025-05-19 18:58:10] [ZnU8vaPl8AP2v7ujelAJMkb+r+E=] [TeamSpeakUser5] No offline messages found
[2025-05-19 19:00:18] [ay8d2GXiisZNZZ2sP88A/RwHo24=] [ViliBom] Checking offline messages for client
[2025-05-19 19:00:18] [ay8d2GXiisZNZZ2sP88A/RwHo24=] [ViliBom] No offline messages found
[2025-05-19 19:00:43] [gQ5C6+V5CuxoWVdapQ4LurehHGY=] [ph0x] Checking offline messages for client
[2025-05-19 19:00:43] [gQ5C6+V5CuxoWVdapQ4LurehHGY=] [ph0x] No offline messages found
[2025-05-19 19:01:51] [oG1nJnFv/9Kzu0Pd3+qsNcEYnBY=] [anata2] Checking offline messages for client
[2025-05-19 19:01:51] [oG1nJnFv/9Kzu0Pd3+qsNcEYnBY=] [anata2] No offline messages found
[2025-05-19 19:03:44] [ow+Zi/O4SnJIvwHosoZ7zIvOOK8=] [shinigami] Checking offline messages for client
[2025-05-19 19:03:44] [ow+Zi/O4SnJIvwHosoZ7zIvOOK8=] [shinigami] No offline messages found
[2025-05-19 19:03:59] [V/sE7GD+jPAQPdHRhDxgmql0tFI=] [Jabberson] Checking offline messages for client
[2025-05-19 19:03:59] [V/sE7GD+jPAQPdHRhDxgmql0tFI=] [Jabberson] No offline messages found
[2025-05-19 19:05:07] [7lkgv1NgBUC4Nbvfz0XxfSTDHSQ=] [Platonuch_UA] Checking offline messages for client
[2025-05-19 19:05:07] [7lkgv1NgBUC4Nbvfz0XxfSTDHSQ=] [Platonuch_UA] No offline messages found
[2025-05-19 19:05:41] [8yG40ppumRoJGhu1qR/blqgqttw=] [sanka98] Checking offline messages for client
[2025-05-19 19:05:41] [8yG40ppumRoJGhu1qR/blqgqttw=] [sanka98] No offline messages found
[2025-05-19 19:06:30] [V/sE7GD+jPAQPdHRhDxgmql0tFI=] [Jabberson] Checking offline messages for client
[2025-05-19 19:06:30] [V/sE7GD+jPAQPdHRhDxgmql0tFI=] [Jabberson] No offline messages found
[2025-05-19 19:07:22] [iqhXyPfP3MC8F+w0pKyVoSLyF/I=] [FailRaik] Checking offline messages for client
[2025-05-19 19:07:22] [iqhXyPfP3MC8F+w0pKyVoSLyF/I=] [FailRaik] No offline messages found
[2025-05-19 19:08:34] [R+KW1QSqbZRuZk4pN2SGLrk8szQ=] [namja] Checking offline messages for client
[2025-05-19 19:08:34] [R+KW1QSqbZRuZk4pN2SGLrk8szQ=] [namja] No offline messages found
[2025-05-19 19:08:35] [AKpjILgA7fb120p7rMX2qJsj2yc=] [TeamSpeakUser6] Checking offline messages for client
[2025-05-19 19:08:35] [AKpjILgA7fb120p7rMX2qJsj2yc=] [TeamSpeakUser6] No offline messages found
[2025-05-19 19:08:35] [AKpjILgA7fb120p7rMX2qJsj2yc=] [TeamSpeakUser6] Checking offline messages for client
[2025-05-19 19:08:35] [AKpjILgA7fb120p7rMX2qJsj2yc=] [TeamSpeakUser6] No offline messages found
[2025-05-19 19:08:35] [AKpjILgA7fb120p7rMX2qJsj2yc=] [TeamSpeakUser6] Checking offline messages for client
[2025-05-19 19:08:35] [AKpjILgA7fb120p7rMX2qJsj2yc=] [TeamSpeakUser6] No offline messages found
[2025-05-19 19:09:44] [QFOoQ6Mg2dbrrKfVQEqUbdv5Eqg=] [dosma666] Checking offline messages for client
[2025-05-19 19:09:44] [QFOoQ6Mg2dbrrKfVQEqUbdv5Eqg=] [dosma666] No offline messages found
[2025-05-19 19:14:12] [LJMnZ7m3xfQl78JRQMDJDS/fllU=] [I ❤ 2 Dance] Client in ignored group, skipping offline messages check
[2025-05-19 19:14:16] [x+KajNEDejcoui9WOWi+/XhdDq4=] [I ❤ Greatest Hits] Client in ignored group, skipping offline messages check
[2025-05-19 19:14:17] [7lkgv1NgBUC4Nbvfz0XxfSTDHSQ=] [Platonuch_UA] Checking offline messages for client
[2025-05-19 19:14:17] [7lkgv1NgBUC4Nbvfz0XxfSTDHSQ=] [Platonuch_UA] No offline messages found
[2025-05-19 19:14:18] [etWEd7l/8ww5z66w9CIO2zBH6A4=] [I ❤ US Only Rap Radio] Client in ignored group, skipping offline messages check
[2025-05-19 19:15:24] [8yG40ppumRoJGhu1qR/blqgqttw=] [sanka98] Checking offline messages for client
[2025-05-19 19:15:24] [8yG40ppumRoJGhu1qR/blqgqttw=] [sanka98] No offline messages found
[2025-05-19 19:15:26] [uEI2N8oQhBZqNif6BrmmV2HAosc=] [пизда сергею дружкову] Checking offline messages for client
[2025-05-19 19:15:26] [uEI2N8oQhBZqNif6BrmmV2HAosc=] [пизда сергею дружкову] No offline messages found
[2025-05-19 19:15:54] [YtTC9SFfxoCIyU/vTdzN3MULVwk=] [Anataa] Checking offline messages for client
[2025-05-19 19:15:54] [YtTC9SFfxoCIyU/vTdzN3MULVwk=] [Anataa] No offline messages found
[2025-05-19 19:15:57] [hSuNyKwdPMso6fPP5SUFsIkZH/s=] [Yabanashka] Checking offline messages for client
[2025-05-19 19:15:57] [hSuNyKwdPMso6fPP5SUFsIkZH/s=] [Yabanashka] No offline messages found
[2025-05-19 19:16:00] [0J+Iy22axFqqUSD+u1+EJ9Qp8Ew=] [joji] Checking offline messages for client
[2025-05-19 19:16:00] [0J+Iy22axFqqUSD+u1+EJ9Qp8Ew=] [joji] No offline messages found
[2025-05-19 19:16:13] [8TGy5ZCaVIzFzYDa+1P00MswWe8=] [JustBrainRU] Checking offline messages for client
[2025-05-19 19:16:13] [8TGy5ZCaVIzFzYDa+1P00MswWe8=] [JustBrainRU] No offline messages found
[2025-05-19 19:16:32] [h0VuCZ2TUXFCJCTTYaDOlIsousY=] [Oleg] Checking offline messages for client
[2025-05-19 19:16:32] [h0VuCZ2TUXFCJCTTYaDOlIsousY=] [Oleg] No offline messages found
[2025-05-19 19:17:57] [h0VuCZ2TUXFCJCTTYaDOlIsousY=] [Oleg] Checking offline messages for client
[2025-05-19 19:17:57] [h0VuCZ2TUXFCJCTTYaDOlIsousY=] [Oleg] No offline messages found
[2025-05-19 19:19:02] [SR/Lkuy0MZhoPP4aojzkew99NLo=] [grr-] Checking offline messages for client
[2025-05-19 19:19:02] [SR/Lkuy0MZhoPP4aojzkew99NLo=] [grr-] No offline messages found
[2025-05-19 19:20:56] [h0VuCZ2TUXFCJCTTYaDOlIsousY=] [Oleg] Checking offline messages for client
[2025-05-19 19:20:56] [h0VuCZ2TUXFCJCTTYaDOlIsousY=] [Oleg] No offline messages found
[2025-05-19 19:21:38] [vUkf2Ea3p2mcfiNRkH6c3ypPuNQ=] [Грацу] Checking offline messages for client
[2025-05-19 19:21:38] [vUkf2Ea3p2mcfiNRkH6c3ypPuNQ=] [Грацу] No offline messages found
[2025-05-19 19:22:03] [62fFDnRsQaiGDdW0aEiMWihQKYc=] [fait] Checking offline messages for client
[2025-05-19 19:22:03] [62fFDnRsQaiGDdW0aEiMWihQKYc=] [fait] No offline messages found
[2025-05-19 19:22:13] [kTd29/WoY6kTCwFudlNFg7fSHEA=] [ChaRLIE] Checking offline messages for client
[2025-05-19 19:22:13] [kTd29/WoY6kTCwFudlNFg7fSHEA=] [ChaRLIE] No offline messages found
[2025-05-19 19:24:26] [21GYrZ5LFqh/gapn4zUDZ7mxJFU=] [Chibuike] Checking offline messages for client
[2025-05-19 19:24:26] [21GYrZ5LFqh/gapn4zUDZ7mxJFU=] [Chibuike] No offline messages found
[2025-05-19 19:24:38] [ZzAW26KqCQqn4W5EMljGBAdyXHk=] [fRagiLe06 aydn] Checking offline messages for client
[2025-05-19 19:24:38] [ZzAW26KqCQqn4W5EMljGBAdyXHk=] [fRagiLe06 aydn] No offline messages found
[2025-05-19 19:25:14] [iqhXyPfP3MC8F+w0pKyVoSLyF/I=] [FailRaik] Checking offline messages for client
[2025-05-19 19:25:14] [iqhXyPfP3MC8F+w0pKyVoSLyF/I=] [FailRaik] No offline messages found
[2025-05-19 19:25:15] [YtTC9SFfxoCIyU/vTdzN3MULVwk=] [Anataa] Checking offline messages for client
[2025-05-19 19:25:15] [YtTC9SFfxoCIyU/vTdzN3MULVwk=] [Anataa] No offline messages found
[2025-05-19 19:25:15] [YtTC9SFfxoCIyU/vTdzN3MULVwk=] [Anataa] Checking offline messages for client
[2025-05-19 19:25:15] [YtTC9SFfxoCIyU/vTdzN3MULVwk=] [Anataa] No offline messages found
[2025-05-19 19:25:15] [YtTC9SFfxoCIyU/vTdzN3MULVwk=] [Anataa] Checking offline messages for client
[2025-05-19 19:25:15] [YtTC9SFfxoCIyU/vTdzN3MULVwk=] [Anataa] No offline messages found
[2025-05-19 19:25:20] [nJpDeYNv3f53/wEC65T6btLLdCA=] [Nattsu] Checking offline messages for client
[2025-05-19 19:25:20] [nJpDeYNv3f53/wEC65T6btLLdCA=] [Nattsu] No offline messages found
[2025-05-19 19:26:59] [nJpDeYNv3f53/wEC65T6btLLdCA=] [Nattsu] Checking offline messages for client
[2025-05-19 19:26:59] [nJpDeYNv3f53/wEC65T6btLLdCA=] [Nattsu] No offline messages found
[2025-05-19 19:28:34] [iqhXyPfP3MC8F+w0pKyVoSLyF/I=] [FailRaik] Checking offline messages for client
[2025-05-19 19:28:34] [iqhXyPfP3MC8F+w0pKyVoSLyF/I=] [FailRaik] No offline messages found
[2025-05-19 19:29:38] [M09LXQM0h1IxzpSiw7t91USRzUA=] [dolv1] Checking offline messages for client
[2025-05-19 19:29:38] [M09LXQM0h1IxzpSiw7t91USRzUA=] [dolv1] No offline messages found
[2025-05-19 19:30:14] [fA+/ep3PG6dYkl087gnTA33ONbw=] [Hampino] Checking offline messages for client
[2025-05-19 19:30:14] [fA+/ep3PG6dYkl087gnTA33ONbw=] [Hampino] No offline messages found
[2025-05-19 19:30:27] [h0VuCZ2TUXFCJCTTYaDOlIsousY=] [Oleg] Checking offline messages for client
[2025-05-19 19:30:27] [h0VuCZ2TUXFCJCTTYaDOlIsousY=] [Oleg] No offline messages found
[2025-05-19 19:31:17] [yDjV5/niWrgEHd0wfdT4JdDb0Pg=] [raweheLL] Checking offline messages for client
[2025-05-19 19:31:17] [yDjV5/niWrgEHd0wfdT4JdDb0Pg=] [raweheLL] No offline messages found
[2025-05-19 19:32:02] [xNzbutCUOLWSZPtnVEimpyST3y8=] [st0L] Checking offline messages for client
[2025-05-19 19:32:02] [xNzbutCUOLWSZPtnVEimpyST3y8=] [st0L] No offline messages found
[2025-05-19 19:32:14] [YXYGeZhsJqLdl3TOsp6LCd9Oqnw=] [TeamSpeakUser6] Checking offline messages for client
[2025-05-19 19:32:14] [YXYGeZhsJqLdl3TOsp6LCd9Oqnw=] [TeamSpeakUser6] No offline messages found
[2025-05-19 19:34:09] [wZ3aaQCZEpobnnqice1Q7j6jEM8=] [AJDEVONN] Checking offline messages for client
[2025-05-19 19:34:09] [wZ3aaQCZEpobnnqice1Q7j6jEM8=] [AJDEVONN] No offline messages found
[2025-05-19 19:34:38] [cm+zDw/4zDuQN120Qa8q1mW/fIQ=] [hudabin] Checking offline messages for client
[2025-05-19 19:34:38] [cm+zDw/4zDuQN120Qa8q1mW/fIQ=] [hudabin] No offline messages found
[2025-05-19 19:34:57] [Xtq8X4AG4AArrHDKK8O2lDVcqNM=] [APASNOOOOOOOOOO] Checking offline messages for client
[2025-05-19 19:34:57] [Xtq8X4AG4AArrHDKK8O2lDVcqNM=] [APASNOOOOOOOOOO] No offline messages found
[2025-05-19 19:36:19] [veY80qe9L9TcrWdk+qh+BALsTRc=] [Alireza] Checking offline messages for client
[2025-05-19 19:36:19] [veY80qe9L9TcrWdk+qh+BALsTRc=] [Alireza] No offline messages found
[2025-05-19 19:36:49] [aUWUh/pA+i6p6wViNJPb4hr0igo=] [tinyt] Checking offline messages for client
[2025-05-19 19:36:49] [aUWUh/pA+i6p6wViNJPb4hr0igo=] [tinyt] No offline messages found
[2025-05-19 19:37:18] [JBT8f5ESgqNibYrHN0Dp0kGBPKU=] [Малиновый Демон] Checking offline messages for client
[2025-05-19 19:37:18] [JBT8f5ESgqNibYrHN0Dp0kGBPKU=] [Малиновый Демон] No offline messages found
[2025-05-19 19:38:58] [hUjMcppeZYeQG89H1ehSTqHW6iQ=] [Hydrastarke] Checking offline messages for client
[2025-05-19 19:38:58] [hUjMcppeZYeQG89H1ehSTqHW6iQ=] [Hydrastarke] No offline messages found
[2025-05-19 19:39:27] [esphB+mG2+N8I3ntRjK04Tgvv7o=] [Phantor] Checking offline messages for client
[2025-05-19 19:39:27] [esphB+mG2+N8I3ntRjK04Tgvv7o=] [Phantor] No offline messages found
[2025-05-19 19:42:10] [1DnWLRgS2QfI/n3VG10tZCF37DE=] [артур пирожков] Checking offline messages for client
[2025-05-19 19:42:10] [1DnWLRgS2QfI/n3VG10tZCF37DE=] [артур пирожков] No offline messages found
[2025-05-19 19:42:11] [RBwh+hLI7qM/5sBbq4UPaExpE30=] [Druid Сrow 🦅] Checking offline messages for client
[2025-05-19 19:42:11] [RBwh+hLI7qM/5sBbq4UPaExpE30=] [Druid Сrow 🦅] No offline messages found
[2025-05-19 19:42:12] [2E0aQHWA5/SqE+mSnXymc/gM1kI=] [Tasril] Checking offline messages for client
[2025-05-19 19:42:12] [2E0aQHWA5/SqE+mSnXymc/gM1kI=] [Tasril] No offline messages found
[2025-05-19 19:42:56] [RkH91acmxA3cUuqBsMdwRLDQBxM=] [Avrelius33] Checking offline messages for client
[2025-05-19 19:42:56] [RkH91acmxA3cUuqBsMdwRLDQBxM=] [Avrelius33] No offline messages found
[2025-05-19 19:43:04] [RBwh+hLI7qM/5sBbq4UPaExpE30=] [Druid Сrow 🦅] Checking offline messages for client
[2025-05-19 19:43:04] [RBwh+hLI7qM/5sBbq4UPaExpE30=] [Druid Сrow 🦅] No offline messages found
[2025-05-19 19:43:11] [f5nyFvudphDmgsspVfCMqGxH6oc=] [Клэймль] Checking offline messages for client
[2025-05-19 19:43:11] [f5nyFvudphDmgsspVfCMqGxH6oc=] [Клэймль] No offline messages found
[2025-05-19 19:43:37] [lc0ylIsdk1wm3mou1HYlyZ87uBQ=] [blinchik] Checking offline messages for client
[2025-05-19 19:43:37] [lc0ylIsdk1wm3mou1HYlyZ87uBQ=] [blinchik] No offline messages found
[2025-05-19 19:44:18] [c8FoIr3LvluzREdWq/6oCv0yboo=] [Doomgeonmaster] Checking offline messages for client
[2025-05-19 19:44:18] [c8FoIr3LvluzREdWq/6oCv0yboo=] [Doomgeonmaster] No offline messages found
[2025-05-19 19:45:52] [mjmMZmkF0BV3EE0zLxDPrq93lL8=] [mixaluch0707] Checking offline messages for client
[2025-05-19 19:45:52] [mjmMZmkF0BV3EE0zLxDPrq93lL8=] [mixaluch0707] No offline messages found
[2025-05-19 19:45:56] [qCQuK6Is+deAhN2xl/XspjIz8xY=] [Faith] Checking offline messages for client
[2025-05-19 19:45:56] [qCQuK6Is+deAhN2xl/XspjIz8xY=] [Faith] No offline messages found
[2025-05-19 19:46:07] [2E0aQHWA5/SqE+mSnXymc/gM1kI=] [Tasril] Checking offline messages for client
[2025-05-19 19:46:07] [2E0aQHWA5/SqE+mSnXymc/gM1kI=] [Tasril] No offline messages found
[2025-05-19 19:46:52] [lyXaZAmIm860hs52AQfNIF+bYQ4=] [kiale.] Checking offline messages for client
[2025-05-19 19:46:52] [lyXaZAmIm860hs52AQfNIF+bYQ4=] [kiale.] No offline messages found
[2025-05-19 19:47:31] [rFsvB6UkgZVz/RJzXSK320XxZjU=] [lissizzy] Checking offline messages for client
[2025-05-19 19:47:31] [rFsvB6UkgZVz/RJzXSK320XxZjU=] [lissizzy] No offline messages found
[2025-05-19 19:47:53] [OMjWvK9n7pg9drMoJKwwZBUd3WY=] [KaCash] Checking offline messages for client
[2025-05-19 19:47:53] [OMjWvK9n7pg9drMoJKwwZBUd3WY=] [KaCash] No offline messages found
[2025-05-19 19:47:58] [S5c9qJAk0+90wjkUa6EauP5Qvfo=] [Skiwii_] Checking offline messages for client
[2025-05-19 19:47:58] [S5c9qJAk0+90wjkUa6EauP5Qvfo=] [Skiwii_] No offline messages found
[2025-05-19 19:49:04] [nwuFFEnpDigmvCBGDLXAhfG3QYo=] [Хьюти] Checking offline messages for client
[2025-05-19 19:49:04] [nwuFFEnpDigmvCBGDLXAhfG3QYo=] [Хьюти] No offline messages found
[2025-05-19 19:50:21] [0pZqXichHQBwgSoYTsZqTFC0yMM=] [Sector] Checking offline messages for client
[2025-05-19 19:50:21] [0pZqXichHQBwgSoYTsZqTFC0yMM=] [Sector] No offline messages found
[2025-05-19 19:50:28] [nwuFFEnpDigmvCBGDLXAhfG3QYo=] [Хьюти] Checking offline messages for client
[2025-05-19 19:50:28] [nwuFFEnpDigmvCBGDLXAhfG3QYo=] [Хьюти] No offline messages found
[2025-05-19 19:50:59] [V/sE7GD+jPAQPdHRhDxgmql0tFI=] [Jabberson] Checking offline messages for client
[2025-05-19 19:50:59] [V/sE7GD+jPAQPdHRhDxgmql0tFI=] [Jabberson] No offline messages found
[2025-05-19 19:52:19] [f3nvQHeyvraWJrUBPQaOMk+TGHg=] [patoRLCSWinner] Checking offline messages for client
[2025-05-19 19:52:19] [f3nvQHeyvraWJrUBPQaOMk+TGHg=] [patoRLCSWinner] No offline messages found
[2025-05-19 19:54:05] [QtZEuMWPGcNLoylWU5/WhA71J3c=] [Snow] Checking offline messages for client
[2025-05-19 19:54:05] [QtZEuMWPGcNLoylWU5/WhA71J3c=] [Snow] No offline messages found
[2025-05-19 19:54:32] [6QTSVZJXFWVj3iE7IzR5O0qjvAA=] [Maprhendil] Checking offline messages for client
[2025-05-19 19:54:32] [6QTSVZJXFWVj3iE7IzR5O0qjvAA=] [Maprhendil] No offline messages found
[2025-05-19 19:55:35] [675wO5ssJtQbFw+9qXHexPjHNYM=] [Nevskiiiy] Checking offline messages for client
[2025-05-19 19:55:35] [675wO5ssJtQbFw+9qXHexPjHNYM=] [Nevskiiiy] No offline messages found
[2025-05-19 19:56:53] [GSHdFQ1jzSeyLdTWhcSAlf1X2N8=] [FenaiL] Checking offline messages for client
[2025-05-19 19:56:53] [GSHdFQ1jzSeyLdTWhcSAlf1X2N8=] [FenaiL] No offline messages found
[2025-05-19 19:57:03] [lqX2Oz/RGh+MQGKjhD9GbFED4OY=] [DarkZX] Checking offline messages for client
[2025-05-19 19:57:03] [lqX2Oz/RGh+MQGKjhD9GbFED4OY=] [DarkZX] No offline messages found
[2025-05-19 19:57:04] [MQ3mzkgPKf3CSM++TDpopXnLpzs=] [clamoris] Checking offline messages for client
[2025-05-19 19:57:04] [MQ3mzkgPKf3CSM++TDpopXnLpzs=] [clamoris] No offline messages found
[2025-05-19 19:57:22] [JhjXCanIqhQ0hpUpUlU2Eabf2K0=] [m99ahm] Checking offline messages for client
[2025-05-19 19:57:22] [JhjXCanIqhQ0hpUpUlU2Eabf2K0=] [m99ahm] No offline messages found
[2025-05-19 19:58:10] [8wO5HXvUa0ktX3G69nioUDKZj+A=] [Rioshad] Checking offline messages for client
[2025-05-19 19:58:10] [8wO5HXvUa0ktX3G69nioUDKZj+A=] [Rioshad] No offline messages found
[2025-05-19 19:58:15] [DreaOmWvEP6uAZBVpzt62kT6RXg=] [Holy_SpIrIt*] Checking offline messages for client
[2025-05-19 19:58:15] [DreaOmWvEP6uAZBVpzt62kT6RXg=] [Holy_SpIrIt*] No offline messages found
[2025-05-19 19:58:37] [/MD4gNpkx8MGlw4nZgfAJvECh0M=] [ПожилаяОстановка] Checking offline messages for client
[2025-05-19 19:58:37] [/MD4gNpkx8MGlw4nZgfAJvECh0M=] [ПожилаяОстановка] No offline messages found
[2025-05-19 19:59:04] [KKakWCNNDyxUyhC4KpkSU2PHuVM=] [yusufppks] Checking offline messages for client
[2025-05-19 19:59:04] [KKakWCNNDyxUyhC4KpkSU2PHuVM=] [yusufppks] No offline messages found
[2025-05-19 19:59:05] [KKakWCNNDyxUyhC4KpkSU2PHuVM=] [yusufppks] Checking offline messages for client
[2025-05-19 19:59:05] [KKakWCNNDyxUyhC4KpkSU2PHuVM=] [yusufppks] No offline messages found
[2025-05-19 19:59:05] [KKakWCNNDyxUyhC4KpkSU2PHuVM=] [yusufppks] Checking offline messages for client
[2025-05-19 19:59:05] [KKakWCNNDyxUyhC4KpkSU2PHuVM=] [yusufppks] No offline messages found
[2025-05-19 19:59:18] [Xtq8X4AG4AArrHDKK8O2lDVcqNM=] [APASNOOOOOOOOOO] Checking offline messages for client
[2025-05-19 19:59:18] [Xtq8X4AG4AArrHDKK8O2lDVcqNM=] [APASNOOOOOOOOOO] No offline messages found
[2025-05-19 19:59:28] [iYHINDlWwCatnlKWhy6pZQi0dUI=] [TeaNeedMore] Checking offline messages for client
[2025-05-19 19:59:28] [iYHINDlWwCatnlKWhy6pZQi0dUI=] [TeaNeedMore] No offline messages found
[2025-05-19 19:59:41] [AecxAJblWMUDwzp9XBwTG954MfQ=] [Kowi$mo] Checking offline messages for client
[2025-05-19 19:59:41] [AecxAJblWMUDwzp9XBwTG954MfQ=] [Kowi$mo] No offline messages found
[2025-05-19 19:59:59] [uH0L5rxSwv0Wek2igsMre/AGJt4=] [BİLEKKKKS] Checking offline messages for client
[2025-05-19 19:59:59] [uH0L5rxSwv0Wek2igsMre/AGJt4=] [BİLEKKKKS] No offline messages found
[2025-05-19 20:00:47] [Ops676Lt6XgMPCQGa8NIevUnutU=] [mmd] Checking offline messages for client
[2025-05-19 20:00:47] [Ops676Lt6XgMPCQGa8NIevUnutU=] [mmd] No offline messages found
[2025-05-19 20:01:13] [SR/Lkuy0MZhoPP4aojzkew99NLo=] [grr-] Checking offline messages for client
[2025-05-19 20:01:13] [SR/Lkuy0MZhoPP4aojzkew99NLo=] [grr-] No offline messages found
[2025-05-19 20:01:19] [SR/Lkuy0MZhoPP4aojzkew99NLo=] [grr-] Checking offline messages for client
[2025-05-19 20:01:19] [SR/Lkuy0MZhoPP4aojzkew99NLo=] [grr-] No offline messages found
[2025-05-19 20:02:44] [Ops676Lt6XgMPCQGa8NIevUnutU=] [mmd] Checking offline messages for client
[2025-05-19 20:02:44] [Ops676Lt6XgMPCQGa8NIevUnutU=] [mmd] No offline messages found
[2025-05-19 20:03:10] [Xtq8X4AG4AArrHDKK8O2lDVcqNM=] [APASNOOOOOOOOOO] Checking offline messages for client
[2025-05-19 20:03:10] [Xtq8X4AG4AArrHDKK8O2lDVcqNM=] [APASNOOOOOOOOOO] No offline messages found
[2025-05-19 20:03:48] [Ops676Lt6XgMPCQGa8NIevUnutU=] [mmd] Checking offline messages for client
[2025-05-19 20:03:48] [Ops676Lt6XgMPCQGa8NIevUnutU=] [mmd] No offline messages found
[2025-05-19 20:05:13] [yPSI9aghhtH6O+mnSQIo84yUZ4c=] [шароёб] Checking offline messages for client
[2025-05-19 20:05:13] [yPSI9aghhtH6O+mnSQIo84yUZ4c=] [шароёб] No offline messages found
[2025-05-19 20:05:13] [yPSI9aghhtH6O+mnSQIo84yUZ4c=] [шароёб] Checking offline messages for client
[2025-05-19 20:05:13] [yPSI9aghhtH6O+mnSQIo84yUZ4c=] [шароёб] No offline messages found
[2025-05-19 20:05:13] [yPSI9aghhtH6O+mnSQIo84yUZ4c=] [шароёб] Checking offline messages for client
[2025-05-19 20:05:13] [yPSI9aghhtH6O+mnSQIo84yUZ4c=] [шароёб] No offline messages found
[2025-05-19 20:05:23] [B2fRgglzPVX7d5IDrNsAi94lUY0=] [baia] Checking offline messages for client
[2025-05-19 20:05:23] [B2fRgglzPVX7d5IDrNsAi94lUY0=] [baia] No offline messages found
[2025-05-19 20:06:30] [Tl3Bg1zFfrOJ+IRWyJh5UAIJ+5o=] [Efkeyy] Checking offline messages for client
[2025-05-19 20:06:30] [Tl3Bg1zFfrOJ+IRWyJh5UAIJ+5o=] [Efkeyy] No offline messages found
[2025-05-19 20:06:54] [YOkJPup3gRfkYdNucL4ldHRwmgY=] [Farzelot] Checking offline messages for client
[2025-05-19 20:06:54] [YOkJPup3gRfkYdNucL4ldHRwmgY=] [Farzelot] No offline messages found
[2025-05-19 20:07:10] [21ldiA4k6Q8mp40UAuQyyM5QH7I=] [ks1] Checking offline messages for client
[2025-05-19 20:07:10] [21ldiA4k6Q8mp40UAuQyyM5QH7I=] [ks1] No offline messages found
[2025-05-19 20:08:05] [+GhUBZ/zcj+AuTFNM+CM11S3jDU=] [Nashw0w] Checking offline messages for client
[2025-05-19 20:08:05] [+GhUBZ/zcj+AuTFNM+CM11S3jDU=] [Nashw0w] No offline messages found
[2025-05-19 20:08:22] [uH0L5rxSwv0Wek2igsMre/AGJt4=] [BİLEKKKKS] Checking offline messages for client
[2025-05-19 20:08:22] [uH0L5rxSwv0Wek2igsMre/AGJt4=] [BİLEKKKKS] No offline messages found
[2025-05-19 20:10:27] [RUQn2EWfv3VbwKeUy++zQA0XRQk=] [Starkall] Checking offline messages for client
[2025-05-19 20:10:27] [RUQn2EWfv3VbwKeUy++zQA0XRQk=] [Starkall] No offline messages found
[2025-05-19 20:12:23] [RUQn2EWfv3VbwKeUy++zQA0XRQk=] [Starkall] Checking offline messages for client
[2025-05-19 20:12:23] [RUQn2EWfv3VbwKeUy++zQA0XRQk=] [Starkall] No offline messages found
[2025-05-19 20:15:51] [iqhXyPfP3MC8F+w0pKyVoSLyF/I=] [FailRaik] Checking offline messages for client
[2025-05-19 20:15:51] [iqhXyPfP3MC8F+w0pKyVoSLyF/I=] [FailRaik] No offline messages found
[2025-05-19 20:18:34] [EavBT8NG6JSFl2mI14E3NNtuzVI=] [CClad] Checking offline messages for client
[2025-05-19 20:18:34] [EavBT8NG6JSFl2mI14E3NNtuzVI=] [CClad] No offline messages found
[2025-05-19 20:19:39] [lveDpq8tO1v8idts8QJlpyvovhI=] [QWEQSEWSD] Checking offline messages for client
[2025-05-19 20:19:39] [lveDpq8tO1v8idts8QJlpyvovhI=] [QWEQSEWSD] No offline messages found
[2025-05-19 20:31:07] [VmAYkNmQVGviC/Wf+Yg95dgkqFY=] [TeamSpeakUser4] Checking offline messages for client
[2025-05-19 20:31:07] [VmAYkNmQVGviC/Wf+Yg95dgkqFY=] [TeamSpeakUser4] No offline messages found
[2025-05-19 20:33:08] [IZFbRdeb4YSaZkfigzJD5FHD7Ec=] [aktsk] Checking offline messages for client
[2025-05-19 20:33:08] [IZFbRdeb4YSaZkfigzJD5FHD7Ec=] [aktsk] No offline messages found
[2025-05-19 20:39:25] [1bxlkLWE1YEds4euACE9lSAD0Jg=] [Mr..Fury] Checking offline messages for client
[2025-05-19 20:39:25] [1bxlkLWE1YEds4euACE9lSAD0Jg=] [Mr..Fury] No offline messages found
[2025-05-19 20:40:02] [f5nyFvudphDmgsspVfCMqGxH6oc=] [Клэймль] Checking offline messages for client
[2025-05-19 20:40:02] [f5nyFvudphDmgsspVfCMqGxH6oc=] [Клэймль] No offline messages found
[2025-05-19 20:41:14] [VmAYkNmQVGviC/Wf+Yg95dgkqFY=] [TeamSpeakUser4] Checking offline messages for client
[2025-05-19 20:41:14] [VmAYkNmQVGviC/Wf+Yg95dgkqFY=] [TeamSpeakUser4] No offline messages found
[2025-05-19 20:42:04] [e5Gr8SoKy8NDjQloy8EdlgYkM20=] [|OWNER| SERVER] Checking offline messages for client
[2025-05-19 20:42:04] [e5Gr8SoKy8NDjQloy8EdlgYkM20=] [|OWNER| SERVER] No offline messages found
[2025-05-19 20:45:24] [VzDfRDmJ7uM/C1TaZb3VAAD1IFw=] [reverz] Checking offline messages for client
[2025-05-19 20:45:24] [VzDfRDmJ7uM/C1TaZb3VAAD1IFw=] [reverz] No offline messages found
[2025-05-19 20:47:24] [EavBT8NG6JSFl2mI14E3NNtuzVI=] [CClad] Checking offline messages for client
[2025-05-19 20:47:24] [EavBT8NG6JSFl2mI14E3NNtuzVI=] [CClad] No offline messages found
[2025-05-19 20:49:25] [WtWgpfS8UE18SW7yGXm3r1yoO/c=] [Kowismo] Checking offline messages for client
[2025-05-19 20:49:25] [WtWgpfS8UE18SW7yGXm3r1yoO/c=] [Kowismo] No offline messages found
[2025-05-19 20:51:52] [tHKwZtfb/srt+Fd0YoD5SiAYdKo=] [Sim0] Checking offline messages for client
[2025-05-19 20:51:52] [tHKwZtfb/srt+Fd0YoD5SiAYdKo=] [Sim0] No offline messages found
[2025-05-19 20:58:40] [ndYNgY0hLdxCSb0J4fJlYMhWIVM=] [s1djeeey] Checking offline messages for client
[2025-05-19 20:58:40] [ndYNgY0hLdxCSb0J4fJlYMhWIVM=] [s1djeeey] No offline messages found
[2025-05-19 20:59:17] [3wg7BCfYXeBM2oQdARkOPE+vHas=] [bleen] Checking offline messages for client
[2025-05-19 20:59:17] [3wg7BCfYXeBM2oQdARkOPE+vHas=] [bleen] No offline messages found
[2025-05-19 20:59:54] [MCH5CUuHw7qLHVegyroS34EN/pQ=] [PastA1] Checking offline messages for client
[2025-05-19 20:59:54] [MCH5CUuHw7qLHVegyroS34EN/pQ=] [PastA1] No offline messages found
[2025-05-19 20:59:58] [hUjMcppeZYeQG89H1ehSTqHW6iQ=] [Hydrastarke] Checking offline messages for client
[2025-05-19 20:59:58] [hUjMcppeZYeQG89H1ehSTqHW6iQ=] [Hydrastarke] No offline messages found
[2025-05-19 21:00:53] [dHD7jWi8Q5Lp4lz7I8/axaXFAEA=] [__illlia__] Checking offline messages for client
[2025-05-19 21:00:53] [dHD7jWi8Q5Lp4lz7I8/axaXFAEA=] [__illlia__] No offline messages found
[2025-05-19 21:02:00] [Chs2gds0q5c5sHk5GQqGy9JmwQg=] [teaman11] Checking offline messages for client
[2025-05-19 21:02:00] [Chs2gds0q5c5sHk5GQqGy9JmwQg=] [teaman11] No offline messages found
[2025-05-19 21:03:58] [3tTVUlVrAcXStl28dJ97Er3NypE=] [VOLK] Checking offline messages for client
[2025-05-19 21:03:58] [3tTVUlVrAcXStl28dJ97Er3NypE=] [VOLK] No offline messages found
[2025-05-19 21:05:01] [3YJK8qO+CeKZ9iSEIS0Ry5bsTcs=] [Leon] Checking offline messages for client
[2025-05-19 21:05:01] [3YJK8qO+CeKZ9iSEIS0Ry5bsTcs=] [Leon] No offline messages found
[2025-05-19 21:06:01] [1fLfTv7a7WCXSiKCcl/56zaOGH4=] [TeamSpeakUser3] Checking offline messages for client
[2025-05-19 21:06:01] [1fLfTv7a7WCXSiKCcl/56zaOGH4=] [TeamSpeakUser3] No offline messages found
[2025-05-19 21:06:24] [yNFUjD+LJEqojKPPlPGtCAVEYRU=] [Боцман777] Checking offline messages for client
[2025-05-19 21:06:24] [yNFUjD+LJEqojKPPlPGtCAVEYRU=] [Боцман777] No offline messages found
[2025-05-19 21:08:08] [0wuv5s/pHcg82tNJ2lODnm3RvMQ=] [Art1kahaha] Checking offline messages for client
[2025-05-19 21:08:08] [0wuv5s/pHcg82tNJ2lODnm3RvMQ=] [Art1kahaha] No offline messages found
[2025-05-19 21:08:26] [YtTC9SFfxoCIyU/vTdzN3MULVwk=] [Anataa] Checking offline messages for client
[2025-05-19 21:08:26] [YtTC9SFfxoCIyU/vTdzN3MULVwk=] [Anataa] No offline messages found
[2025-05-19 21:08:33] [syGc3yR+8xBjPN6kLg2zE+r+Bwg=] [Gosh] Checking offline messages for client
[2025-05-19 21:08:33] [syGc3yR+8xBjPN6kLg2zE+r+Bwg=] [Gosh] No offline messages found
[2025-05-19 21:08:51] [fJJD31azef7aH8Swfp/EwqyKlE4=] [Travis scott] Checking offline messages for client
[2025-05-19 21:08:51] [fJJD31azef7aH8Swfp/EwqyKlE4=] [Travis scott] No offline messages found
[2025-05-19 21:09:20] [Di2MaUkDvWG/4yTOmNqIBWAhaIM=] [astraiser] Checking offline messages for client
[2025-05-19 21:09:20] [Di2MaUkDvWG/4yTOmNqIBWAhaIM=] [astraiser] No offline messages found
[2025-05-19 21:13:14] [RFs39FuDMjcQKQig9J3vc57bZwI=] [TeamSpeakUser3] Checking offline messages for client
[2025-05-19 21:13:14] [RFs39FuDMjcQKQig9J3vc57bZwI=] [TeamSpeakUser3] No offline messages found
[2025-05-19 21:14:18] [gQ5C6+V5CuxoWVdapQ4LurehHGY=] [ph0x] Checking offline messages for client
[2025-05-19 21:14:18] [gQ5C6+V5CuxoWVdapQ4LurehHGY=] [ph0x] No offline messages found
[2025-05-19 21:14:19] [czJq8VhqlxMm/zy39XTQ+Np/v1c=] [Manwe] Checking offline messages for client
[2025-05-19 21:14:19] [czJq8VhqlxMm/zy39XTQ+Np/v1c=] [Manwe] No offline messages found
[2025-05-19 21:14:19] [czJq8VhqlxMm/zy39XTQ+Np/v1c=] [Manwe] Checking offline messages for client
[2025-05-19 21:14:19] [czJq8VhqlxMm/zy39XTQ+Np/v1c=] [Manwe] No offline messages found
[2025-05-19 21:14:19] [czJq8VhqlxMm/zy39XTQ+Np/v1c=] [Manwe] Checking offline messages for client
[2025-05-19 21:14:19] [czJq8VhqlxMm/zy39XTQ+Np/v1c=] [Manwe] No offline messages found
[2025-05-19 21:14:26] [ayHUOzBuuInw8J/HHBAIDIq0cYY=] [bohun ivan] Checking offline messages for client
[2025-05-19 21:14:26] [ayHUOzBuuInw8J/HHBAIDIq0cYY=] [bohun ivan] No offline messages found
[2025-05-19 21:15:40] [2Lx63FxcyvHlLbs3Khbo5bJe6mY=] [Last] Checking offline messages for client
[2025-05-19 21:15:40] [2Lx63FxcyvHlLbs3Khbo5bJe6mY=] [Last] No offline messages found
[2025-05-19 21:16:45] [VuNFAf3wIFc1IkWzOmahJ2tNnQw=] [amir-v13] Checking offline messages for client
[2025-05-19 21:16:45] [VuNFAf3wIFc1IkWzOmahJ2tNnQw=] [amir-v13] No offline messages found
[2025-05-19 21:17:07] [3wfCbZork1r8h4aDgIW1hfWE0YA=] [SNAC-Ahmet] Checking offline messages for client
[2025-05-19 21:17:07] [3wfCbZork1r8h4aDgIW1hfWE0YA=] [SNAC-Ahmet] No offline messages found
[2025-05-19 21:18:18] [raAePR7lHPhNIRleevueRUQgaPg=] [Seyit] Checking offline messages for client
[2025-05-19 21:18:18] [raAePR7lHPhNIRleevueRUQgaPg=] [Seyit] No offline messages found
[2025-05-19 21:18:23] [VNEMZGVfsM3a7FyUkiKK12KnFvw=] [rowdy] Checking offline messages for client
[2025-05-19 21:18:23] [VNEMZGVfsM3a7FyUkiKK12KnFvw=] [rowdy] No offline messages found
[2025-05-19 21:18:24] [BVFkFCJ/YRVCTWoyoNAzBKKgGNQ=] [Даня] Checking offline messages for client
[2025-05-19 21:18:24] [BVFkFCJ/YRVCTWoyoNAzBKKgGNQ=] [Даня] No offline messages found
[2025-05-19 21:19:16] [DhDqNKJFOzAI9dgJ0qsFAh9W1bM=] [Parsa94] Checking offline messages for client
[2025-05-19 21:19:16] [DhDqNKJFOzAI9dgJ0qsFAh9W1bM=] [Parsa94] No offline messages found
[2025-05-19 21:19:18] [U03tlpb40T9DiVjXTVQdXprGQkc=] [fdgod35] Checking offline messages for client
[2025-05-19 21:19:18] [U03tlpb40T9DiVjXTVQdXprGQkc=] [fdgod35] No offline messages found
[2025-05-19 21:20:05] [VuNFAf3wIFc1IkWzOmahJ2tNnQw=] [amir-v13] Checking offline messages for client
[2025-05-19 21:20:05] [VuNFAf3wIFc1IkWzOmahJ2tNnQw=] [amir-v13] No offline messages found
[2025-05-19 21:20:15] [uH0L5rxSwv0Wek2igsMre/AGJt4=] [BİLEKKKKS] Checking offline messages for client
[2025-05-19 21:20:15] [uH0L5rxSwv0Wek2igsMre/AGJt4=] [BİLEKKKKS] No offline messages found
[2025-05-19 21:20:36] [SR/Lkuy0MZhoPP4aojzkew99NLo=] [grr-] Checking offline messages for client
[2025-05-19 21:20:36] [SR/Lkuy0MZhoPP4aojzkew99NLo=] [grr-] No offline messages found
[2025-05-19 21:20:53] [RFs39FuDMjcQKQig9J3vc57bZwI=] [TeamSpeakUser3] Checking offline messages for client
[2025-05-19 21:20:53] [RFs39FuDMjcQKQig9J3vc57bZwI=] [TeamSpeakUser3] No offline messages found
[2025-05-19 21:24:16] [yuJ8mmxhfer8xdlqKC26z9O3umI=] [JustMe.am] Checking offline messages for client
[2025-05-19 21:24:16] [yuJ8mmxhfer8xdlqKC26z9O3umI=] [JustMe.am] No offline messages found
[2025-05-19 21:24:21] [8fYztNYS5f8Fc6fjkbCM7rkV5og=] [Doolph] Checking offline messages for client
[2025-05-19 21:24:21] [8fYztNYS5f8Fc6fjkbCM7rkV5og=] [Doolph] No offline messages found
[2025-05-19 21:24:49] [ayHUOzBuuInw8J/HHBAIDIq0cYY=] [bohun ivan] Checking offline messages for client
[2025-05-19 21:24:49] [ayHUOzBuuInw8J/HHBAIDIq0cYY=] [bohun ivan] No offline messages found
[2025-05-19 21:26:05] [okPB05Yw/R9uqp9oBr7M6RdxhIg=] [nam] Checking offline messages for client
[2025-05-19 21:26:05] [okPB05Yw/R9uqp9oBr7M6RdxhIg=] [nam] No offline messages found
[2025-05-19 21:26:24] [xzexHeipGvx6Ks8JLK8N8Ggi/lk=] [Jupiter One] Checking offline messages for client
[2025-05-19 21:26:24] [xzexHeipGvx6Ks8JLK8N8Ggi/lk=] [Jupiter One] No offline messages found
[2025-05-19 21:26:49] [Ilrd3Duh3i9Drhhvw8T5dRQso0I=] [БУРКИНОФАСОСЕЦ] Checking offline messages for client
[2025-05-19 21:26:49] [Ilrd3Duh3i9Drhhvw8T5dRQso0I=] [БУРКИНОФАСОСЕЦ] No offline messages found
[2025-05-19 21:28:33] [R+KW1QSqbZRuZk4pN2SGLrk8szQ=] [namja] Checking offline messages for client
[2025-05-19 21:28:33] [R+KW1QSqbZRuZk4pN2SGLrk8szQ=] [namja] No offline messages found
[2025-05-19 21:31:53] [eNxiZDOeggdj95ZNvuM5yeobkrU=] [Etienne] Checking offline messages for client
[2025-05-19 21:31:53] [eNxiZDOeggdj95ZNvuM5yeobkrU=] [Etienne] No offline messages found
[2025-05-19 21:32:30] [tOoGEdCN9ULy8ULKyELfIWNelvU=] [kayanyildz] Checking offline messages for client
[2025-05-19 21:32:30] [tOoGEdCN9ULy8ULKyELfIWNelvU=] [kayanyildz] No offline messages found
[2025-05-19 21:35:11] [N3sdgECOuAq9updYbYKI20ij7vw=] [Tancsii] Checking offline messages for client
[2025-05-19 21:35:11] [N3sdgECOuAq9updYbYKI20ij7vw=] [Tancsii] No offline messages found
[2025-05-19 21:36:08] [0XIPokUUTEkn00muYiwnSCQJ4wM=] [credolls] Checking offline messages for client
[2025-05-19 21:36:08] [0XIPokUUTEkn00muYiwnSCQJ4wM=] [credolls] No offline messages found
[2025-05-19 21:38:01] [7OPNxHcTHSq+znXytBlDRPU74IQ=] [NaiRoD] Checking offline messages for client
[2025-05-19 21:38:01] [7OPNxHcTHSq+znXytBlDRPU74IQ=] [NaiRoD] No offline messages found
[2025-05-19 21:41:06] [VuNFAf3wIFc1IkWzOmahJ2tNnQw=] [amir-v13] Checking offline messages for client
[2025-05-19 21:41:06] [VuNFAf3wIFc1IkWzOmahJ2tNnQw=] [amir-v13] No offline messages found
[2025-05-19 21:44:22] [zplLYXriSF0hqWw82HYme0Qb6hU=] [BlvckMafia] Checking offline messages for client
[2025-05-19 21:44:22] [zplLYXriSF0hqWw82HYme0Qb6hU=] [BlvckMafia] No offline messages found
[2025-05-19 21:44:32] [Ops676Lt6XgMPCQGa8NIevUnutU=] [mmd] Checking offline messages for client
[2025-05-19 21:44:32] [Ops676Lt6XgMPCQGa8NIevUnutU=] [mmd] No offline messages found
[2025-05-19 21:45:33] [WUFbI2wm1TirPkulhTRESNYToW0=] [sajjad] Checking offline messages for client
[2025-05-19 21:45:33] [WUFbI2wm1TirPkulhTRESNYToW0=] [sajjad] No offline messages found
[2025-05-19 21:45:41] [0Z2wqQcTx0kpb/KIf+NPkyv4b60=] [-W1LLL] Checking offline messages for client
[2025-05-19 21:45:41] [0Z2wqQcTx0kpb/KIf+NPkyv4b60=] [-W1LLL] No offline messages found
[2025-05-19 21:46:54] [h+S6vTapLiHLu/QXW+Wv622o2KE=] [Bone] Checking offline messages for client
[2025-05-19 21:46:54] [h+S6vTapLiHLu/QXW+Wv622o2KE=] [Bone] No offline messages found
[2025-05-19 21:47:31] [pUCIpssKzbEhYAmtB8xcuFXcEsU=] [mostafa] Checking offline messages for client
[2025-05-19 21:47:31] [pUCIpssKzbEhYAmtB8xcuFXcEsU=] [mostafa] No offline messages found
[2025-05-19 21:50:34] [WUFbI2wm1TirPkulhTRESNYToW0=] [sajjad] Checking offline messages for client
[2025-05-19 21:50:34] [WUFbI2wm1TirPkulhTRESNYToW0=] [sajjad] No offline messages found
[2025-05-19 21:51:20] [BB6mRuLdJKhRgpUFck8UKjyZyYk=] [xanfers] Checking offline messages for client
[2025-05-19 21:51:20] [BB6mRuLdJKhRgpUFck8UKjyZyYk=] [xanfers] No offline messages found
[2025-05-19 21:52:00] [iefEc7IftjNMM5/w71mlW1yAG/s=] [слуга народа] Checking offline messages for client
[2025-05-19 21:52:00] [iefEc7IftjNMM5/w71mlW1yAG/s=] [слуга народа] No offline messages found
[2025-05-19 21:52:20] [Ops676Lt6XgMPCQGa8NIevUnutU=] [mmd] Checking offline messages for client
[2025-05-19 21:52:20] [Ops676Lt6XgMPCQGa8NIevUnutU=] [mmd] No offline messages found
[2025-05-19 21:53:23] [Y0NHD9XVQmj3achus6tI3otDHeQ=] [d3xx] Checking offline messages for client
[2025-05-19 21:53:23] [Y0NHD9XVQmj3achus6tI3otDHeQ=] [d3xx] No offline messages found
[2025-05-19 21:57:54] [Ops676Lt6XgMPCQGa8NIevUnutU=] [mmd] Checking offline messages for client
[2025-05-19 21:57:54] [Ops676Lt6XgMPCQGa8NIevUnutU=] [mmd] No offline messages found
[2025-05-19 21:58:30] [vAoVADXVgpjfEfuPw77F4fgEIl8=] [Nostalgia 2] Checking offline messages for client
[2025-05-19 21:58:30] [vAoVADXVgpjfEfuPw77F4fgEIl8=] [Nostalgia 2] No offline messages found
[2025-05-19 22:01:08] [GDLMnVZvsy2PmGGBS4hN7CRvOTU=] [phonetik78] Checking offline messages for client
[2025-05-19 22:01:08] [GDLMnVZvsy2PmGGBS4hN7CRvOTU=] [phonetik78] No offline messages found
[2025-05-19 22:02:53] [olx89Pdjc5M3fEKtvl/uuQb51Rw=] [СИСЯМАСИСЯ] Checking offline messages for client
[2025-05-19 22:02:53] [olx89Pdjc5M3fEKtvl/uuQb51Rw=] [СИСЯМАСИСЯ] No offline messages found
[2025-05-19 22:04:35] [YzUgu3CXOY+yhn8UlP+xRN3h09M=] [vekil'] Checking offline messages for client
[2025-05-19 22:04:35] [YzUgu3CXOY+yhn8UlP+xRN3h09M=] [vekil'] No offline messages found
[2025-05-19 22:04:46] [eNxiZDOeggdj95ZNvuM5yeobkrU=] [Etienne] Checking offline messages for client
[2025-05-19 22:04:46] [eNxiZDOeggdj95ZNvuM5yeobkrU=] [Etienne] No offline messages found
[2025-05-19 22:05:26] [Ops676Lt6XgMPCQGa8NIevUnutU=] [mmd] Checking offline messages for client
[2025-05-19 22:05:26] [Ops676Lt6XgMPCQGa8NIevUnutU=] [mmd] No offline messages found
[2025-05-19 22:05:36] [7K88lTC1r0bjdFoq/jOaMIdabNY=] [Pryanya] Checking offline messages for client
[2025-05-19 22:05:36] [7K88lTC1r0bjdFoq/jOaMIdabNY=] [Pryanya] No offline messages found
[2025-05-19 22:07:03] [Ops676Lt6XgMPCQGa8NIevUnutU=] [mmd] Checking offline messages for client
[2025-05-19 22:07:03] [Ops676Lt6XgMPCQGa8NIevUnutU=] [mmd] No offline messages found
[2025-05-19 22:09:09] [2Wwp3OUfYmW1YS0CcQ4xw15CjCs=] [krsto] Checking offline messages for client
[2025-05-19 22:09:09] [2Wwp3OUfYmW1YS0CcQ4xw15CjCs=] [krsto] No offline messages found
[2025-05-19 22:09:46] [nJpDeYNv3f53/wEC65T6btLLdCA=] [Nattsu] Checking offline messages for client
[2025-05-19 22:09:46] [nJpDeYNv3f53/wEC65T6btLLdCA=] [Nattsu] No offline messages found
[2025-05-19 22:13:35] [C6L4VUJ4HuBj9yo1gI1YVUr+6Ns=] [Brzak] Checking offline messages for client
[2025-05-19 22:13:35] [C6L4VUJ4HuBj9yo1gI1YVUr+6Ns=] [Brzak] No offline messages found
[2025-05-19 22:13:41] [Tgd5hyEUE1h1eu8z/TBEWqTvsO4=] [verdi] Checking offline messages for client
[2025-05-19 22:13:41] [Tgd5hyEUE1h1eu8z/TBEWqTvsO4=] [verdi] No offline messages found
[2025-05-19 22:18:29] [olx89Pdjc5M3fEKtvl/uuQb51Rw=] [СИСЯМАСИСЯ] Checking offline messages for client
[2025-05-19 22:18:29] [olx89Pdjc5M3fEKtvl/uuQb51Rw=] [СИСЯМАСИСЯ] No offline messages found
[2025-05-19 22:18:38] [WUFbI2wm1TirPkulhTRESNYToW0=] [sajjad] Checking offline messages for client
[2025-05-19 22:18:38] [WUFbI2wm1TirPkulhTRESNYToW0=] [sajjad] No offline messages found
[2025-05-19 22:18:53] [pUCIpssKzbEhYAmtB8xcuFXcEsU=] [mostafa] Checking offline messages for client
[2025-05-19 22:18:53] [pUCIpssKzbEhYAmtB8xcuFXcEsU=] [mostafa] No offline messages found
[2025-05-19 22:18:58] [xSu7Stp84NxnPoLeOUR7qB1NBTg=] [El Profeta] Checking offline messages for client
[2025-05-19 22:18:58] [xSu7Stp84NxnPoLeOUR7qB1NBTg=] [El Profeta] No offline messages found
[2025-05-19 22:19:22] [nJpDeYNv3f53/wEC65T6btLLdCA=] [Nattsu] Checking offline messages for client
[2025-05-19 22:19:22] [nJpDeYNv3f53/wEC65T6btLLdCA=] [Nattsu] No offline messages found
[2025-05-19 22:21:33] [lveDpq8tO1v8idts8QJlpyvovhI=] [QWEQSEWSD] Checking offline messages for client
[2025-05-19 22:21:33] [lveDpq8tO1v8idts8QJlpyvovhI=] [QWEQSEWSD] No offline messages found
[2025-05-19 22:21:50] [xSu7Stp84NxnPoLeOUR7qB1NBTg=] [El Profeta] Checking offline messages for client
[2025-05-19 22:21:50] [xSu7Stp84NxnPoLeOUR7qB1NBTg=] [El Profeta] No offline messages found
[2025-05-19 22:23:04] [lveDpq8tO1v8idts8QJlpyvovhI=] [QWEQSEWSD] Checking offline messages for client
[2025-05-19 22:23:04] [lveDpq8tO1v8idts8QJlpyvovhI=] [QWEQSEWSD] No offline messages found
[2025-05-19 22:23:43] [CNyyej0AvOwnX/nfEMNcI1onbVw=] [fifa] Checking offline messages for client
[2025-05-19 22:23:43] [CNyyej0AvOwnX/nfEMNcI1onbVw=] [fifa] No offline messages found
[2025-05-19 22:25:03] [w7I+4pb532E6jA4kGqZiopj12Zk=] [BuddY] Checking offline messages for client
[2025-05-19 22:25:03] [w7I+4pb532E6jA4kGqZiopj12Zk=] [BuddY] No offline messages found
[2025-05-19 22:25:33] [nJpDeYNv3f53/wEC65T6btLLdCA=] [Nattsu] Checking offline messages for client
[2025-05-19 22:25:33] [nJpDeYNv3f53/wEC65T6btLLdCA=] [Nattsu] No offline messages found
[2025-05-19 22:25:52] [C3GsmkJ3JAzJxf0NJ3b9mnq7q78=] [Yeoni JB] Checking offline messages for client
[2025-05-19 22:25:52] [C3GsmkJ3JAzJxf0NJ3b9mnq7q78=] [Yeoni JB] No offline messages found
[2025-05-19 22:26:10] [nJpDeYNv3f53/wEC65T6btLLdCA=] [Nattsu] Checking offline messages for client
[2025-05-19 22:26:10] [nJpDeYNv3f53/wEC65T6btLLdCA=] [Nattsu] No offline messages found
[2025-05-19 22:26:58] [yuJ8mmxhfer8xdlqKC26z9O3umI=] [JustMe.am] Checking offline messages for client
[2025-05-19 22:26:58] [yuJ8mmxhfer8xdlqKC26z9O3umI=] [JustMe.am] No offline messages found
[2025-05-19 22:27:41] [Xtq8X4AG4AArrHDKK8O2lDVcqNM=] [APASNOOOOOOOOOO] Checking offline messages for client
[2025-05-19 22:27:41] [Xtq8X4AG4AArrHDKK8O2lDVcqNM=] [APASNOOOOOOOOOO] No offline messages found
[2025-05-19 22:28:04] [eNxiZDOeggdj95ZNvuM5yeobkrU=] [Etienne] Checking offline messages for client
[2025-05-19 22:28:04] [eNxiZDOeggdj95ZNvuM5yeobkrU=] [Etienne] No offline messages found
[2025-05-19 22:29:00] [dMs00ngE6YI0KHtAGRTqeHdKujU=] [Bigboss420] Checking offline messages for client
[2025-05-19 22:29:00] [dMs00ngE6YI0KHtAGRTqeHdKujU=] [Bigboss420] No offline messages found
[2025-05-19 22:29:20] [eNxiZDOeggdj95ZNvuM5yeobkrU=] [Etienne] Checking offline messages for client
[2025-05-19 22:29:20] [eNxiZDOeggdj95ZNvuM5yeobkrU=] [Etienne] No offline messages found
[2025-05-19 22:30:16] [ktz2dZ1dONgntrNq5d/LFS/S+NU=] [mohsen] Checking offline messages for client
[2025-05-19 22:30:16] [ktz2dZ1dONgntrNq5d/LFS/S+NU=] [mohsen] No offline messages found
[2025-05-19 22:30:24] [EpUZWrjjGrqfKYXVQkV4/zwv73I=] [mehdi ronin] Checking offline messages for client
[2025-05-19 22:30:24] [EpUZWrjjGrqfKYXVQkV4/zwv73I=] [mehdi ronin] No offline messages found
[2025-05-19 22:30:47] [t31curkqcBIW+Mm1lFuXP/STLZo=] [1nemanjaves] Checking offline messages for client
[2025-05-19 22:30:47] [t31curkqcBIW+Mm1lFuXP/STLZo=] [1nemanjaves] No offline messages found
[2025-05-19 22:30:47] [t31curkqcBIW+Mm1lFuXP/STLZo=] [1nemanjaves] Checking offline messages for client
[2025-05-19 22:30:47] [t31curkqcBIW+Mm1lFuXP/STLZo=] [1nemanjaves] No offline messages found
[2025-05-19 22:30:47] [t31curkqcBIW+Mm1lFuXP/STLZo=] [1nemanjaves] Checking offline messages for client
[2025-05-19 22:30:47] [t31curkqcBIW+Mm1lFuXP/STLZo=] [1nemanjaves] No offline messages found
[2025-05-19 22:31:07] [tykRRTl85hacriDN3/U4/uVK28w=] [Meind (Владимир)] Checking offline messages for client
[2025-05-19 22:31:07] [tykRRTl85hacriDN3/U4/uVK28w=] [Meind (Владимир)] No offline messages found
[2025-05-19 22:31:10] [PAzL0uZNnHLhKzYmOOPOq6SiQZA=] [1nF0s] Checking offline messages for client
[2025-05-19 22:31:10] [PAzL0uZNnHLhKzYmOOPOq6SiQZA=] [1nF0s] No offline messages found
[2025-05-19 22:32:18] [op9aF5gpPEcS0zuoCV0wviHOYmQ=] [Speedbatteur] Checking offline messages for client
[2025-05-19 22:32:18] [op9aF5gpPEcS0zuoCV0wviHOYmQ=] [Speedbatteur] No offline messages found
[2025-05-19 22:32:38] [c7oFTcKiq/RBmmRK+zVRyiDwGvs=] [karl_33] Checking offline messages for client
[2025-05-19 22:32:38] [c7oFTcKiq/RBmmRK+zVRyiDwGvs=] [karl_33] No offline messages found
[2025-05-19 22:32:58] [o+kfOwfBLh7wsG6HbuhPElVM32w=] [Myata] Checking offline messages for client
[2025-05-19 22:32:58] [o+kfOwfBLh7wsG6HbuhPElVM32w=] [Myata] No offline messages found
[2025-05-19 22:33:12] [4Trzz2r9looYqjT6W05btyo3lzs=] [ridzazz] Checking offline messages for client
[2025-05-19 22:33:12] [4Trzz2r9looYqjT6W05btyo3lzs=] [ridzazz] No offline messages found
[2025-05-19 22:35:04] [61O6lK2EyDZv74k4hwkKKJbwuQg=] [fl4sh] Checking offline messages for client
[2025-05-19 22:35:04] [61O6lK2EyDZv74k4hwkKKJbwuQg=] [fl4sh] No offline messages found
[2025-05-19 22:35:25] [lvbOrAwll8+GyMZ5KkJR8ytlq1g=] [TeamSpeakUser2] Checking offline messages for client
[2025-05-19 22:35:25] [lvbOrAwll8+GyMZ5KkJR8ytlq1g=] [TeamSpeakUser2] No offline messages found
[2025-05-19 22:36:01] [LBloFgCqLHp0BRJBNH9kwMkSo+A=] [Silvio Dante] Checking offline messages for client
[2025-05-19 22:36:01] [LBloFgCqLHp0BRJBNH9kwMkSo+A=] [Silvio Dante] No offline messages found
[2025-05-19 22:36:41] [Gvnxd3eruxnJtGqziHCsrWMBH3Y=] [Last|Castle] Checking offline messages for client
[2025-05-19 22:36:41] [Gvnxd3eruxnJtGqziHCsrWMBH3Y=] [Last|Castle] No offline messages found
[2025-05-19 22:37:25] [EpUZWrjjGrqfKYXVQkV4/zwv73I=] [mehdi ronin] Checking offline messages for client
[2025-05-19 22:37:25] [EpUZWrjjGrqfKYXVQkV4/zwv73I=] [mehdi ronin] No offline messages found
[2025-05-19 22:37:32] [nJpDeYNv3f53/wEC65T6btLLdCA=] [Nattsu] Checking offline messages for client
[2025-05-19 22:37:32] [nJpDeYNv3f53/wEC65T6btLLdCA=] [Nattsu] No offline messages found
[2025-05-19 22:40:47] [LBloFgCqLHp0BRJBNH9kwMkSo+A=] [Silvio Dante] Checking offline messages for client
[2025-05-19 22:40:47] [LBloFgCqLHp0BRJBNH9kwMkSo+A=] [Silvio Dante] No offline messages found
[2025-05-19 22:47:05] [EavBT8NG6JSFl2mI14E3NNtuzVI=] [CClad] Checking offline messages for client
[2025-05-19 22:47:05] [EavBT8NG6JSFl2mI14E3NNtuzVI=] [CClad] No offline messages found
[2025-05-19 22:47:43] [WUFbI2wm1TirPkulhTRESNYToW0=] [sajjad] Checking offline messages for client
[2025-05-19 22:47:43] [WUFbI2wm1TirPkulhTRESNYToW0=] [sajjad] No offline messages found
[2025-05-19 22:49:26] [m3jwrJafD7Z1HcDm7lAZbGqtROY=] [zui] Checking offline messages for client
[2025-05-19 22:49:26] [m3jwrJafD7Z1HcDm7lAZbGqtROY=] [zui] No offline messages found
[2025-05-19 22:50:11] [LBloFgCqLHp0BRJBNH9kwMkSo+A=] [Silvio Dante] Checking offline messages for client
[2025-05-19 22:50:11] [LBloFgCqLHp0BRJBNH9kwMkSo+A=] [Silvio Dante] No offline messages found
[2025-05-19 22:51:09] [0pfL6k6+uhY3YJUK1FucX6agAV8=] [MC durak] Checking offline messages for client
[2025-05-19 22:51:09] [0pfL6k6+uhY3YJUK1FucX6agAV8=] [MC durak] No offline messages found
[2025-05-19 22:55:29] [DAbO3Jb3WAZZvCpyIyRW4Fw90Ps=] [TeamSpeakUser4] Checking offline messages for client
[2025-05-19 22:55:29] [DAbO3Jb3WAZZvCpyIyRW4Fw90Ps=] [TeamSpeakUser4] No offline messages found
[2025-05-19 22:56:15] [KgtWKCUgHe+YIFq4EEIuJUQeydU=] [Mehdi_km81] Checking offline messages for client
[2025-05-19 22:56:15] [KgtWKCUgHe+YIFq4EEIuJUQeydU=] [Mehdi_km81] No offline messages found
[2025-05-19 22:59:06] [EBXe71Lp4NoWtOX097m16XOL9o8=] [kaya] Checking offline messages for client
[2025-05-19 22:59:06] [EBXe71Lp4NoWtOX097m16XOL9o8=] [kaya] No offline messages found
[2025-05-19 23:09:11] [BRaWiwrzOtcS/sYHiflYSwLYQeM=] [Kxmyy] Checking offline messages for client
[2025-05-19 23:09:11] [BRaWiwrzOtcS/sYHiflYSwLYQeM=] [Kxmyy] No offline messages found
[2025-05-19 23:09:55] [BRaWiwrzOtcS/sYHiflYSwLYQeM=] [Kxmyy] Checking offline messages for client
[2025-05-19 23:09:55] [BRaWiwrzOtcS/sYHiflYSwLYQeM=] [Kxmyy] No offline messages found
[2025-05-19 23:15:20] [jyNREbFc1g7kS1FKSohnZyaSx+g=] [ivansultan] Checking offline messages for client
[2025-05-19 23:15:20] [jyNREbFc1g7kS1FKSohnZyaSx+g=] [ivansultan] No offline messages found
[2025-05-19 23:26:14] [KCAU+w58VsT0/x5unp+UsX2VCzU=] [Alexope] Checking offline messages for client
[2025-05-19 23:26:14] [KCAU+w58VsT0/x5unp+UsX2VCzU=] [Alexope] No offline messages found
[2025-05-19 23:28:25] [8F/wqyUZbzkbJnHcA07nhS4DohU=] [dimafreddyy] Checking offline messages for client
[2025-05-19 23:28:25] [8F/wqyUZbzkbJnHcA07nhS4DohU=] [dimafreddyy] No offline messages found
[2025-05-19 23:37:01] [2E0aQHWA5/SqE+mSnXymc/gM1kI=] [ymca] Checking offline messages for client
[2025-05-19 23:37:01] [2E0aQHWA5/SqE+mSnXymc/gM1kI=] [ymca] No offline messages found
[2025-05-19 23:44:19] [ExH74l67SIz3nWQyLfTxKPvMsco=] [TheWhite1] Checking offline messages for client
[2025-05-19 23:44:19] [ExH74l67SIz3nWQyLfTxKPvMsco=] [TheWhite1] No offline messages found
[2025-05-19 23:44:52] [fTawuZTUotJXyHzlLWZgSsYlLfg=] [TeamSpeakUser3] Checking offline messages for client
[2025-05-19 23:44:52] [fTawuZTUotJXyHzlLWZgSsYlLfg=] [TeamSpeakUser3] No offline messages found
[2025-05-19 23:44:54] [qqTwrEbfD5tEifesTvr86drlnsU=] [Argonaft] Checking offline messages for client
[2025-05-19 23:44:54] [qqTwrEbfD5tEifesTvr86drlnsU=] [Argonaft] No offline messages found
[2025-05-19 23:45:41] [fCF7qZmfu3+nQ/KucvuuKoT2VHM=] [cabe] Checking offline messages for client
[2025-05-19 23:45:41] [fCF7qZmfu3+nQ/KucvuuKoT2VHM=] [cabe] No offline messages found
