[2025-08-18 00:00:00] [2IU2UfdEXOreArKUBcUIvlWJ3V8=] [airendi] Checking offline messages for client
[2025-08-18 00:00:00] [2IU2UfdEXOreArKUBcUIvlWJ3V8=] [airendi] No offline messages found
[2025-08-18 00:00:59] [2XrYlSfBN9DtRZ+ffO9e7Je9yTA=] [Machine":] Checking offline messages for client
[2025-08-18 00:00:59] [2XrYlSfBN9DtRZ+ffO9e7Je9yTA=] [Machine":] No offline messages found
[2025-08-18 00:04:44] [TviYvAVU+ZIa5n8p3stOuQUS54I=] [NoMed] Checking offline messages for client
[2025-08-18 00:04:44] [TviYvAVU+ZIa5n8p3stOuQUS54I=] [NoMed] No offline messages found
[2025-08-18 00:07:32] [Cji46tp2K393WPeFVB8+qBNs7Sw=] [TeamSpeakUser3] Checking offline messages for client
[2025-08-18 00:07:32] [Cji46tp2K393WPeFVB8+qBNs7Sw=] [TeamSpeakUser3] No offline messages found
[2025-08-18 00:08:23] [vUkf2Ea3p2mcfiNRkH6c3ypPuNQ=] [Грацу] Checking offline messages for client
[2025-08-18 00:08:23] [vUkf2Ea3p2mcfiNRkH6c3ypPuNQ=] [Грацу] No offline messages found
[2025-08-18 00:08:26] [vUkf2Ea3p2mcfiNRkH6c3ypPuNQ=] [Грацу] Checking offline messages for client
[2025-08-18 00:08:26] [vUkf2Ea3p2mcfiNRkH6c3ypPuNQ=] [Грацу] No offline messages found
[2025-08-18 00:08:57] [vUkf2Ea3p2mcfiNRkH6c3ypPuNQ=] [Грацу] Checking offline messages for client
[2025-08-18 00:08:57] [vUkf2Ea3p2mcfiNRkH6c3ypPuNQ=] [Грацу] No offline messages found
[2025-08-18 00:09:13] [vUkf2Ea3p2mcfiNRkH6c3ypPuNQ=] [Грацу] Checking offline messages for client
[2025-08-18 00:09:13] [vUkf2Ea3p2mcfiNRkH6c3ypPuNQ=] [Грацу] No offline messages found
[2025-08-18 00:10:15] [F/k0Rg4hQSWHX4oGyywToCiNchY=] [Tsk] Checking offline messages for client
[2025-08-18 00:10:15] [F/k0Rg4hQSWHX4oGyywToCiNchY=] [Tsk] No offline messages found
[2025-08-18 00:15:42] [IvPuoleyuChePKK0GR7sRhVCkJE=] [SYRUSSS] Checking offline messages for client
[2025-08-18 00:15:42] [IvPuoleyuChePKK0GR7sRhVCkJE=] [SYRUSSS] No offline messages found
[2025-08-18 00:19:55] [IvPuoleyuChePKK0GR7sRhVCkJE=] [SYRUSSS] Checking offline messages for client
[2025-08-18 00:19:55] [IvPuoleyuChePKK0GR7sRhVCkJE=] [SYRUSSS] No offline messages found
[2025-08-18 00:23:58] [X5IbyBv3WtlcgFhjUdRkdzckDnA=] [[#]Misc] Client in ignored group, skipping offline messages check
[2025-08-18 00:24:00] [CTJJYp6g0ooZW+p10o4IHQNYVIQ=] [I ❤ 2 Dance] Client in ignored group, skipping offline messages check
[2025-08-18 00:24:00] [XdfBPIFBI3AGf0ZCZTbFFDB3TjU=] [I ❤ Greatest Hits] Client in ignored group, skipping offline messages check
[2025-08-18 00:24:00] [lYnVEWVma0Kzv/p4bpCgYZ9twnA=] [I ❤ US Rap Only] Client in ignored group, skipping offline messages check
[2025-08-18 00:25:26] [A2T1RSmzaeIbUTk0Ce356sAFyiM=] [hugao] Checking offline messages for client
[2025-08-18 00:25:26] [A2T1RSmzaeIbUTk0Ce356sAFyiM=] [hugao] No offline messages found
[2025-08-18 00:26:45] [OtB8/Fi/zTqtCmvCEOm37xd//Ys=] [poo] Checking offline messages for client
[2025-08-18 00:26:45] [OtB8/Fi/zTqtCmvCEOm37xd//Ys=] [poo] No offline messages found
[2025-08-18 00:29:43] [ewrPGoLlCCfzZIqr9wC9KuSdmb4=] [Junior] Checking offline messages for client
[2025-08-18 00:29:43] [ewrPGoLlCCfzZIqr9wC9KuSdmb4=] [Junior] No offline messages found
[2025-08-18 00:29:55] [olLchfzvGHNpn6d47ZpS8OkJojI=] [lpcastil] Checking offline messages for client
[2025-08-18 00:29:55] [olLchfzvGHNpn6d47ZpS8OkJojI=] [lpcastil] No offline messages found
[2025-08-18 00:30:18] [olLchfzvGHNpn6d47ZpS8OkJojI=] [MMC_Calvo] Checking offline messages for client
[2025-08-18 00:30:18] [olLchfzvGHNpn6d47ZpS8OkJojI=] [MMC_Calvo] No offline messages found
[2025-08-18 00:30:40] [qnI7tO/BboMdAQFjmSv9/gyQREY=] [tanus] Checking offline messages for client
[2025-08-18 00:30:40] [qnI7tO/BboMdAQFjmSv9/gyQREY=] [tanus] No offline messages found
[2025-08-18 00:30:56] [LfDr1oNUlXp5ze20IIFiLIgK5yQ=] [1.6fsi] Checking offline messages for client
[2025-08-18 00:30:56] [LfDr1oNUlXp5ze20IIFiLIgK5yQ=] [1.6fsi] No offline messages found
[2025-08-18 00:31:58] [Cdra9XPOnNsIxtnlJ0WYdRCigew=] [TeamSpeakUser3] Checking offline messages for client
[2025-08-18 00:31:58] [Cdra9XPOnNsIxtnlJ0WYdRCigew=] [TeamSpeakUser3] No offline messages found
[2025-08-18 00:36:07] [ZRJE0ISA13RmnFcasOlw68BVsNY=] [F4funder] Checking offline messages for client
[2025-08-18 00:36:07] [ZRJE0ISA13RmnFcasOlw68BVsNY=] [F4funder] No offline messages found
[2025-08-18 00:38:46] [Ktj7Y248iU69kdWy+zMmub965mM=] [Musto] Checking offline messages for client
[2025-08-18 00:38:46] [Ktj7Y248iU69kdWy+zMmub965mM=] [Musto] No offline messages found
[2025-08-18 00:43:10] [+IdTxeDPU0HaxOmF1Yivm4WLd78=] [chelko] Checking offline messages for client
[2025-08-18 00:43:10] [+IdTxeDPU0HaxOmF1Yivm4WLd78=] [chelko] No offline messages found
[2025-08-18 00:43:12] [qnI7tO/BboMdAQFjmSv9/gyQREY=] [tanus] Checking offline messages for client
[2025-08-18 00:43:12] [qnI7tO/BboMdAQFjmSv9/gyQREY=] [tanus] No offline messages found
[2025-08-18 00:50:28] [rR+2agDaXOblefNaD/E2LfDoCAU=] [hugao1] Checking offline messages for client
[2025-08-18 00:50:28] [rR+2agDaXOblefNaD/E2LfDoCAU=] [hugao1] No offline messages found
[2025-08-18 01:01:34] [HWG+ATHFYYOXM1l3iDtc4v9gUsM=] [Baldiez] Checking offline messages for client
[2025-08-18 01:01:34] [HWG+ATHFYYOXM1l3iDtc4v9gUsM=] [Baldiez] No offline messages found
[2025-08-18 01:02:45] [OtB8/Fi/zTqtCmvCEOm37xd//Ys=] [poo] Checking offline messages for client
[2025-08-18 01:02:45] [OtB8/Fi/zTqtCmvCEOm37xd//Ys=] [poo] No offline messages found
[2025-08-18 01:02:50] [zTc6FGGgz9/Z/UmhCALpJkFxj9g=] [Zeratool72] Checking offline messages for client
[2025-08-18 01:02:50] [zTc6FGGgz9/Z/UmhCALpJkFxj9g=] [Zeratool72] No offline messages found
[2025-08-18 01:06:15] [OtB8/Fi/zTqtCmvCEOm37xd//Ys=] [poo] Checking offline messages for client
[2025-08-18 01:06:15] [OtB8/Fi/zTqtCmvCEOm37xd//Ys=] [poo] No offline messages found
[2025-08-18 01:08:03] [OtB8/Fi/zTqtCmvCEOm37xd//Ys=] [poo] Checking offline messages for client
[2025-08-18 01:08:03] [OtB8/Fi/zTqtCmvCEOm37xd//Ys=] [poo] No offline messages found
[2025-08-18 01:15:29] [OtB8/Fi/zTqtCmvCEOm37xd//Ys=] [poo] Checking offline messages for client
[2025-08-18 01:15:29] [OtB8/Fi/zTqtCmvCEOm37xd//Ys=] [poo] No offline messages found
[2025-08-18 01:33:13] [WBs9EuR9sJkxgnopd34/B46BslQ=] [jajao] Checking offline messages for client
[2025-08-18 01:33:13] [WBs9EuR9sJkxgnopd34/B46BslQ=] [jajao] No offline messages found
[2025-08-18 01:36:53] [Y7CfBiBi/KhqEaD86iGNAOa4YwE=] [zarin] Checking offline messages for client
[2025-08-18 01:36:53] [Y7CfBiBi/KhqEaD86iGNAOa4YwE=] [zarin] No offline messages found
[2025-08-18 01:37:18] [8GrL7TtsAwbkPA/fi0CnWV4xJo0=] [ivo] Checking offline messages for client
[2025-08-18 01:37:18] [8GrL7TtsAwbkPA/fi0CnWV4xJo0=] [ivo] No offline messages found
[2025-08-18 01:37:38] [dDU+qrUO+E8NJHOmrQsCvli4BEA=] [kyojin] Checking offline messages for client
[2025-08-18 01:37:38] [dDU+qrUO+E8NJHOmrQsCvli4BEA=] [kyojin] No offline messages found
[2025-08-18 01:37:55] [FsMp77KHXHlbn6N7tmLYLKRzAG8=] [Hugo] Checking offline messages for client
[2025-08-18 01:37:55] [FsMp77KHXHlbn6N7tmLYLKRzAG8=] [Hugo] No offline messages found
[2025-08-18 01:40:22] [XBs92Q96gNtQuh/gJcemkRhcN3w=] [gothiccg] Checking offline messages for client
[2025-08-18 01:40:22] [XBs92Q96gNtQuh/gJcemkRhcN3w=] [gothiccg] No offline messages found
[2025-08-18 01:56:51] [5mlnexkGaMpHfqp50QKFdVVd+zs=] [Firiko] Checking offline messages for client
[2025-08-18 01:56:51] [5mlnexkGaMpHfqp50QKFdVVd+zs=] [Firiko] No offline messages found
[2025-08-18 02:08:51] [Cji46tp2K393WPeFVB8+qBNs7Sw=] [TeamSpeakUser] Checking offline messages for client
[2025-08-18 02:08:51] [Cji46tp2K393WPeFVB8+qBNs7Sw=] [TeamSpeakUser] No offline messages found
[2025-08-18 02:28:15] [B2fRgglzPVX7d5IDrNsAi94lUY0=] [baia] Checking offline messages for client
[2025-08-18 02:28:15] [B2fRgglzPVX7d5IDrNsAi94lUY0=] [baia] No offline messages found
[2025-08-18 02:41:49] [CnsaFLBvFsaEG5TIA7bpH7+nWrU=] [ardoş] Checking offline messages for client
[2025-08-18 02:41:49] [CnsaFLBvFsaEG5TIA7bpH7+nWrU=] [ardoş] No offline messages found
[2025-08-18 02:47:37] [B2fRgglzPVX7d5IDrNsAi94lUY0=] [baia] Checking offline messages for client
[2025-08-18 02:47:37] [B2fRgglzPVX7d5IDrNsAi94lUY0=] [baia] No offline messages found
[2025-08-18 03:00:29] [8Xs7QQ3LTkoKB0LaC2gqYeW4e6o=] [avasilver] Checking offline messages for client
[2025-08-18 03:00:29] [8Xs7QQ3LTkoKB0LaC2gqYeW4e6o=] [avasilver] No offline messages found
[2025-08-18 03:00:34] [fmT0/s910jET82rnMbeqaRgvDzE=] [TeamSpeakUser] Checking offline messages for client
[2025-08-18 03:00:34] [fmT0/s910jET82rnMbeqaRgvDzE=] [TeamSpeakUser] No offline messages found
[2025-08-18 03:00:44] [rLXIadOnlmXTxpItQhw7DfFCdQI=] [köylününefendisi] Checking offline messages for client
[2025-08-18 03:00:44] [rLXIadOnlmXTxpItQhw7DfFCdQI=] [köylününefendisi] No offline messages found
[2025-08-18 03:42:45] [rfSlRu7uzjI8pCmk2erQZXW6+7M=] [2212312] Checking offline messages for client
[2025-08-18 03:42:45] [rfSlRu7uzjI8pCmk2erQZXW6+7M=] [2212312] No offline messages found
[2025-08-18 03:50:31] [O6eRYgNrKt4xg5g8w5Hs/E6oWj8=] [carlos] Checking offline messages for client
[2025-08-18 03:50:31] [O6eRYgNrKt4xg5g8w5Hs/E6oWj8=] [carlos] No offline messages found
[2025-08-18 04:34:23] [Cji46tp2K393WPeFVB8+qBNs7Sw=] [TeamSpeakUser2] Checking offline messages for client
[2025-08-18 04:34:23] [Cji46tp2K393WPeFVB8+qBNs7Sw=] [TeamSpeakUser2] No offline messages found
[2025-08-18 04:47:46] [Cji46tp2K393WPeFVB8+qBNs7Sw=] [TeamSpeakUser2] Checking offline messages for client
[2025-08-18 04:47:46] [Cji46tp2K393WPeFVB8+qBNs7Sw=] [TeamSpeakUser2] No offline messages found
[2025-08-18 04:48:05] [jWxbfxhLxs9dPa3t1WUnys7gnbk=] [Richard_TH] Checking offline messages for client
[2025-08-18 04:48:05] [jWxbfxhLxs9dPa3t1WUnys7gnbk=] [Richard_TH] No offline messages found
[2025-08-18 04:48:07] [jWxbfxhLxs9dPa3t1WUnys7gnbk=] [Richard_TH] Checking offline messages for client
[2025-08-18 04:48:07] [jWxbfxhLxs9dPa3t1WUnys7gnbk=] [Richard_TH] No offline messages found
[2025-08-18 04:48:08] [jWxbfxhLxs9dPa3t1WUnys7gnbk=] [Richard_TH] Checking offline messages for client
[2025-08-18 04:48:08] [jWxbfxhLxs9dPa3t1WUnys7gnbk=] [Richard_TH] No offline messages found
[2025-08-18 04:48:45] [Cji46tp2K393WPeFVB8+qBNs7Sw=] [TeamSpeakUser2] Checking offline messages for client
[2025-08-18 04:48:45] [Cji46tp2K393WPeFVB8+qBNs7Sw=] [TeamSpeakUser2] No offline messages found
[2025-08-18 04:56:02] [O3jgy+4YcNZxt6Kfdzgsu6OGY/w=] [Elcau_sita18] Checking offline messages for client
[2025-08-18 04:56:02] [O3jgy+4YcNZxt6Kfdzgsu6OGY/w=] [Elcau_sita18] No offline messages found
[2025-08-18 05:01:19] [3PUL5t5Jz0KW4hyrBCzi+BArN60=] [tenshin_non] Checking offline messages for client
[2025-08-18 05:01:19] [3PUL5t5Jz0KW4hyrBCzi+BArN60=] [tenshin_non] No offline messages found
[2025-08-18 05:29:44] [Cji46tp2K393WPeFVB8+qBNs7Sw=] [TeamSpeakUser] Checking offline messages for client
[2025-08-18 05:29:44] [Cji46tp2K393WPeFVB8+qBNs7Sw=] [TeamSpeakUser] No offline messages found
[2025-08-18 05:42:29] [Z3dqFL90itQUOdirlz2x1TyvA1s=] [Victuziin] Checking offline messages for client
[2025-08-18 05:42:29] [Z3dqFL90itQUOdirlz2x1TyvA1s=] [Victuziin] No offline messages found
[2025-08-18 05:42:40] [sDGTmykW+tszI+sqWb5sOOLvtdM=] [f.donato] Checking offline messages for client
[2025-08-18 05:42:40] [sDGTmykW+tszI+sqWb5sOOLvtdM=] [f.donato] No offline messages found
[2025-08-18 05:49:22] [qCQuK6Is+deAhN2xl/XspjIz8xY=] [Faith] Checking offline messages for client
[2025-08-18 05:49:22] [qCQuK6Is+deAhN2xl/XspjIz8xY=] [Faith] No offline messages found
[2025-08-18 06:09:06] [ZO6rE9engh9NOzV+mZUSikSjevI=] [Cream_soda__] Checking offline messages for client
[2025-08-18 06:09:06] [ZO6rE9engh9NOzV+mZUSikSjevI=] [Cream_soda__] No offline messages found
[2025-08-18 06:09:07] [wxCNJetqmYtFwQUu0MnpCyiw7uk=] [im_dry] Checking offline messages for client
[2025-08-18 06:09:07] [wxCNJetqmYtFwQUu0MnpCyiw7uk=] [im_dry] No offline messages found
[2025-08-18 06:11:25] [hBuNRx7tatLbgdRUYtizU91b9ds=] [Fantaz4] Checking offline messages for client
[2025-08-18 06:11:25] [hBuNRx7tatLbgdRUYtizU91b9ds=] [Fantaz4] No offline messages found
[2025-08-18 06:16:08] [hBuNRx7tatLbgdRUYtizU91b9ds=] [Fantaz4] Checking offline messages for client
[2025-08-18 06:16:08] [hBuNRx7tatLbgdRUYtizU91b9ds=] [Fantaz4] No offline messages found
[2025-08-18 06:17:27] [vLgVft5e9BARLqqbeBlVX0sMlpk=] [BlackDemoN (Dimon)] Checking offline messages for client
[2025-08-18 06:17:27] [vLgVft5e9BARLqqbeBlVX0sMlpk=] [BlackDemoN (Dimon)] No offline messages found
[2025-08-18 06:33:26] [TVYDqloG40AolgKZE51r8Arz5Ig=] [TeamSpeakUser2] Checking offline messages for client
[2025-08-18 06:33:26] [TVYDqloG40AolgKZE51r8Arz5Ig=] [TeamSpeakUser2] No offline messages found
[2025-08-18 06:52:04] [h0VuCZ2TUXFCJCTTYaDOlIsousY=] [Oleg] Checking offline messages for client
[2025-08-18 06:52:04] [h0VuCZ2TUXFCJCTTYaDOlIsousY=] [Oleg] No offline messages found
[2025-08-18 06:54:57] [h0VuCZ2TUXFCJCTTYaDOlIsousY=] [Oleg] Checking offline messages for client
[2025-08-18 06:54:57] [h0VuCZ2TUXFCJCTTYaDOlIsousY=] [Oleg] No offline messages found
[2025-08-18 07:03:27] [hBuNRx7tatLbgdRUYtizU91b9ds=] [Fantaz4] Checking offline messages for client
[2025-08-18 07:03:27] [hBuNRx7tatLbgdRUYtizU91b9ds=] [Fantaz4] No offline messages found
[2025-08-18 07:55:35] [0TS7jt0APSegEgA9K9hIWfin7m0=] [dadaok] Checking offline messages for client
[2025-08-18 07:55:35] [0TS7jt0APSegEgA9K9hIWfin7m0=] [dadaok] No offline messages found
[2025-08-18 07:59:26] [qVldAxT2BuZSKwPYfP5rGmq1glU=] [Sichselber | André] Checking offline messages for client
[2025-08-18 07:59:26] [qVldAxT2BuZSKwPYfP5rGmq1glU=] [Sichselber | André] No offline messages found
[2025-08-18 08:10:31] [HjgkiYx80vAjXk0IfiKIZiVtfpg=] [TeamSpeakUser11] Checking offline messages for client
[2025-08-18 08:10:31] [HjgkiYx80vAjXk0IfiKIZiVtfpg=] [TeamSpeakUser11] No offline messages found
[2025-08-18 08:26:52] [J3SOjo37jE8m14DKihWjuzFdi2U=] [qck1g] Checking offline messages for client
[2025-08-18 08:26:52] [J3SOjo37jE8m14DKihWjuzFdi2U=] [qck1g] No offline messages found
[2025-08-18 08:47:04] [WtWgpfS8UE18SW7yGXm3r1yoO/c=] [Kowismo] Checking offline messages for client
[2025-08-18 08:47:04] [WtWgpfS8UE18SW7yGXm3r1yoO/c=] [Kowismo] No offline messages found
[2025-08-18 09:03:30] [j4VaV46XhkmzcjbVPFuyIU0vCLs=] [nox] Checking offline messages for client
[2025-08-18 09:03:30] [j4VaV46XhkmzcjbVPFuyIU0vCLs=] [nox] No offline messages found
[2025-08-18 09:12:54] [J3SOjo37jE8m14DKihWjuzFdi2U=] [qck1g] Checking offline messages for client
[2025-08-18 09:12:54] [J3SOjo37jE8m14DKihWjuzFdi2U=] [qck1g] No offline messages found
[2025-08-18 09:23:10] [vs+7gbTKwu+h+XgDI2qVApOBkfk=] [Viko(ع)] Checking offline messages for client
[2025-08-18 09:23:10] [vs+7gbTKwu+h+XgDI2qVApOBkfk=] [Viko(ع)] No offline messages found
[2025-08-18 09:24:27] [sC96QZMY/yY8Fc9QjquVCkLiW2c=] [Amirali] Checking offline messages for client
[2025-08-18 09:24:27] [sC96QZMY/yY8Fc9QjquVCkLiW2c=] [Amirali] No offline messages found
[2025-08-18 10:22:51] [gITtVlfHYxsd3mvOfTblKNtJBDU=] [4iff] Checking offline messages for client
[2025-08-18 10:22:51] [gITtVlfHYxsd3mvOfTblKNtJBDU=] [4iff] No offline messages found
[2025-08-18 10:45:53] [ilO9JAl5glx+WikZA6SZqmic0Iw=] [kaiizenn] Checking offline messages for client
[2025-08-18 10:45:53] [ilO9JAl5glx+WikZA6SZqmic0Iw=] [kaiizenn] No offline messages found
[2025-08-18 10:49:50] [0pfL6k6+uhY3YJUK1FucX6agAV8=] [MC durak] Checking offline messages for client
[2025-08-18 10:49:50] [0pfL6k6+uhY3YJUK1FucX6agAV8=] [MC durak] No offline messages found
[2025-08-18 10:50:12] [rHVaTl3X/+c2AGX/xqBOVS8QpIw=] [KurtaBesidaTV] Checking offline messages for client
[2025-08-18 10:50:12] [rHVaTl3X/+c2AGX/xqBOVS8QpIw=] [KurtaBesidaTV] No offline messages found
[2025-08-18 10:58:28] [j2TIawnGNehvq+itbVK9ty0G5jo=] [Sfanon] Checking offline messages for client
[2025-08-18 10:58:28] [j2TIawnGNehvq+itbVK9ty0G5jo=] [Sfanon] No offline messages found
[2025-08-18 11:03:34] [daLZO33ORrjt8kilU/mo70jc7KI=] [makpyn] Checking offline messages for client
[2025-08-18 11:03:34] [daLZO33ORrjt8kilU/mo70jc7KI=] [makpyn] No offline messages found
[2025-08-18 11:21:10] [0k7iJrGzj7haOvrih6GAxyrXHtM=] [Sebitzuu] Checking offline messages for client
[2025-08-18 11:21:10] [0k7iJrGzj7haOvrih6GAxyrXHtM=] [Sebitzuu] No offline messages found
[2025-08-18 11:21:48] [j5dWqR3YtdDg+SH0Z4utnl7TppY=] [Claudiu20047] Checking offline messages for client
[2025-08-18 11:21:48] [j5dWqR3YtdDg+SH0Z4utnl7TppY=] [Claudiu20047] No offline messages found
[2025-08-18 11:23:02] [AC87pO3YB+wvZ5G27tY2glDTG4M=] [andy76633] Checking offline messages for client
[2025-08-18 11:23:02] [AC87pO3YB+wvZ5G27tY2glDTG4M=] [andy76633] No offline messages found
[2025-08-18 11:40:50] [ow+Zi/O4SnJIvwHosoZ7zIvOOK8=] [shinigami] Checking offline messages for client
[2025-08-18 11:40:50] [ow+Zi/O4SnJIvwHosoZ7zIvOOK8=] [shinigami] No offline messages found
[2025-08-18 11:43:36] [RBwh+hLI7qM/5sBbq4UPaExpE30=] [Druid Сrow 🦅] Checking offline messages for client
[2025-08-18 11:43:36] [RBwh+hLI7qM/5sBbq4UPaExpE30=] [Druid Сrow 🦅] No offline messages found
[2025-08-18 11:46:11] [1bxlkLWE1YEds4euACE9lSAD0Jg=] [Mr..Fury] Checking offline messages for client
[2025-08-18 11:46:11] [1bxlkLWE1YEds4euACE9lSAD0Jg=] [Mr..Fury] No offline messages found
[2025-08-18 12:02:51] [gP2jkUaH5w6Pb9TwDgi1GArgvj4=] [SGS Rxsso] Checking offline messages for client
[2025-08-18 12:02:51] [gP2jkUaH5w6Pb9TwDgi1GArgvj4=] [SGS Rxsso] No offline messages found
[2025-08-18 12:05:45] [OFkWTxSbLyrDSCACNU7XEePBPwg=] [shivska] Checking offline messages for client
[2025-08-18 12:05:45] [OFkWTxSbLyrDSCACNU7XEePBPwg=] [shivska] No offline messages found
[2025-08-18 12:31:33] [fKMTvQ1pnubv1sPbIC1hS2e4rjQ=] [А$кет] Checking offline messages for client
[2025-08-18 12:31:33] [fKMTvQ1pnubv1sPbIC1hS2e4rjQ=] [А$кет] No offline messages found
[2025-08-18 12:33:12] [1xrX0OBgl8/R/GgIg+97WjXI7/Q=] [TeamSpeakUser] Checking offline messages for client
[2025-08-18 12:33:12] [1xrX0OBgl8/R/GgIg+97WjXI7/Q=] [TeamSpeakUser] No offline messages found
[2025-08-18 12:39:08] [1xrX0OBgl8/R/GgIg+97WjXI7/Q=] [TeamSpeakUser] Checking offline messages for client
[2025-08-18 12:39:08] [1xrX0OBgl8/R/GgIg+97WjXI7/Q=] [TeamSpeakUser] No offline messages found
[2025-08-18 12:47:08] [yNFUjD+LJEqojKPPlPGtCAVEYRU=] [Боцман777] Checking offline messages for client
[2025-08-18 12:47:08] [yNFUjD+LJEqojKPPlPGtCAVEYRU=] [Боцман777] No offline messages found
[2025-08-18 12:51:19] [+nfTZbgslG8veuAe1zUyt8tqMjU=] [Snek] Checking offline messages for client
[2025-08-18 12:51:19] [+nfTZbgslG8veuAe1zUyt8tqMjU=] [Snek] No offline messages found
[2025-08-18 13:01:41] [TvTOgNTiqjm7swE0hlAPFfwQ3DU=] [Sculaccia troie] Checking offline messages for client
[2025-08-18 13:01:41] [TvTOgNTiqjm7swE0hlAPFfwQ3DU=] [Sculaccia troie] No offline messages found
[2025-08-18 13:14:39] [fMyy94Uc4NVBYlK317N59mmcxCg=] [TeamSpeakUser] Checking offline messages for client
[2025-08-18 13:14:39] [fMyy94Uc4NVBYlK317N59mmcxCg=] [TeamSpeakUser] No offline messages found
[2025-08-18 13:16:37] [HN5pYtlIXELllELcmptWdbT2sGg=] [Ngfhtly] Checking offline messages for client
[2025-08-18 13:16:37] [HN5pYtlIXELllELcmptWdbT2sGg=] [Ngfhtly] No offline messages found
[2025-08-18 13:16:53] [/ntLdaP/4t8Wu17R5juzLOn7l3I=] [TeamSpeakUser2] Checking offline messages for client
[2025-08-18 13:16:53] [/ntLdaP/4t8Wu17R5juzLOn7l3I=] [TeamSpeakUser2] No offline messages found
[2025-08-18 13:22:19] [ZAS1Qa3JZmWP+2XDQpEw/wr7fVU=] [TeamSpeakUser] Checking offline messages for client
[2025-08-18 13:22:19] [ZAS1Qa3JZmWP+2XDQpEw/wr7fVU=] [TeamSpeakUser] No offline messages found
[2025-08-18 13:23:32] [ZAS1Qa3JZmWP+2XDQpEw/wr7fVU=] [TeamSpeakUser] Checking offline messages for client
[2025-08-18 13:23:32] [ZAS1Qa3JZmWP+2XDQpEw/wr7fVU=] [TeamSpeakUser] No offline messages found
[2025-08-18 13:23:38] [nDx9cx4LUAPKCAWQfGGT0ObZmSo=] [TeamSpeakUser2] Checking offline messages for client
[2025-08-18 13:23:38] [nDx9cx4LUAPKCAWQfGGT0ObZmSo=] [TeamSpeakUser2] No offline messages found
[2025-08-18 13:30:47] [qVldAxT2BuZSKwPYfP5rGmq1glU=] [Sichselber | André] Checking offline messages for client
[2025-08-18 13:30:47] [qVldAxT2BuZSKwPYfP5rGmq1glU=] [Sichselber | André] No offline messages found
[2025-08-18 13:57:05] [HjgkiYx80vAjXk0IfiKIZiVtfpg=] [TeamSpeakUser11] Checking offline messages for client
[2025-08-18 13:57:05] [HjgkiYx80vAjXk0IfiKIZiVtfpg=] [TeamSpeakUser11] No offline messages found
[2025-08-18 13:57:56] [FjvWluljyXAl76fTQUXQDhqEdXg=] [sima] Checking offline messages for client
[2025-08-18 13:57:56] [FjvWluljyXAl76fTQUXQDhqEdXg=] [sima] No offline messages found
[2025-08-18 13:58:30] [nrEFrg1QXE05wuZZG3BbdkciSEc=] [Dumina] Checking offline messages for client
[2025-08-18 13:58:30] [nrEFrg1QXE05wuZZG3BbdkciSEc=] [Dumina] No offline messages found
[2025-08-18 14:17:26] [VJ3kiQhgdGQjTMcQZsjIsQhebgU=] [d3sc] Checking offline messages for client
[2025-08-18 14:17:26] [VJ3kiQhgdGQjTMcQZsjIsQhebgU=] [d3sc] No offline messages found
[2025-08-18 14:17:34] [yEw2QlD49AsaHiKxr3pm4VLoSMc=] [lowtabsecure] Checking offline messages for client
[2025-08-18 14:17:34] [yEw2QlD49AsaHiKxr3pm4VLoSMc=] [lowtabsecure] No offline messages found
[2025-08-18 14:18:59] [z6tgkMNevYcZZbU82dmBswFMfjs=] [Dazer] Checking offline messages for client
[2025-08-18 14:18:59] [z6tgkMNevYcZZbU82dmBswFMfjs=] [Dazer] No offline messages found
[2025-08-18 14:21:01] [e1vImF/pvh7c+66eD1lHGlZ9N08=] [Fornax013] Checking offline messages for client
[2025-08-18 14:21:01] [e1vImF/pvh7c+66eD1lHGlZ9N08=] [Fornax013] No offline messages found
[2025-08-18 14:40:16] [FKc/JBDSnmX+FxAtAcOJ7P4tDPQ=] [saltuha991] Checking offline messages for client
[2025-08-18 14:40:16] [FKc/JBDSnmX+FxAtAcOJ7P4tDPQ=] [saltuha991] No offline messages found
[2025-08-18 14:46:15] [MXHBHLql++dE06Vn0bNSWIgOHv0=] [TeamSpeakUser3] Checking offline messages for client
[2025-08-18 14:46:15] [MXHBHLql++dE06Vn0bNSWIgOHv0=] [TeamSpeakUser3] No offline messages found
[2025-08-18 14:46:16] [MXHBHLql++dE06Vn0bNSWIgOHv0=] [TeamSpeakUser3] Checking offline messages for client
[2025-08-18 14:46:16] [MXHBHLql++dE06Vn0bNSWIgOHv0=] [TeamSpeakUser3] No offline messages found
[2025-08-18 14:46:16] [MXHBHLql++dE06Vn0bNSWIgOHv0=] [TeamSpeakUser3] Checking offline messages for client
[2025-08-18 14:46:16] [MXHBHLql++dE06Vn0bNSWIgOHv0=] [TeamSpeakUser3] No offline messages found
[2025-08-18 14:46:16] [MXHBHLql++dE06Vn0bNSWIgOHv0=] [TeamSpeakUser3] Checking offline messages for client
[2025-08-18 14:46:16] [MXHBHLql++dE06Vn0bNSWIgOHv0=] [TeamSpeakUser3] No offline messages found
[2025-08-18 14:46:17] [MXHBHLql++dE06Vn0bNSWIgOHv0=] [TeamSpeakUser3] Checking offline messages for client
[2025-08-18 14:46:17] [MXHBHLql++dE06Vn0bNSWIgOHv0=] [TeamSpeakUser3] No offline messages found
[2025-08-18 14:46:57] [vLgVft5e9BARLqqbeBlVX0sMlpk=] [BlackDemoN (Dimon)] Checking offline messages for client
[2025-08-18 14:46:57] [vLgVft5e9BARLqqbeBlVX0sMlpk=] [BlackDemoN (Dimon)] No offline messages found
[2025-08-18 14:47:05] [MXHBHLql++dE06Vn0bNSWIgOHv0=] [TeamSpeakUser3] Checking offline messages for client
[2025-08-18 14:47:05] [MXHBHLql++dE06Vn0bNSWIgOHv0=] [TeamSpeakUser3] No offline messages found
[2025-08-18 14:49:39] [ytzrq/0by1qTr3vTnSntok01BvI=] [<Gullimann000] Checking offline messages for client
[2025-08-18 14:49:39] [ytzrq/0by1qTr3vTnSntok01BvI=] [<Gullimann000] No offline messages found
[2025-08-18 14:49:55] [DxUY9WGRy+4NWNGeVQSKXB8JRcs=] [TeamSpeakUser4] Checking offline messages for client
[2025-08-18 14:49:55] [DxUY9WGRy+4NWNGeVQSKXB8JRcs=] [TeamSpeakUser4] No offline messages found
[2025-08-18 14:49:58] [Vs8EKOeGeChef1noyNgJsKO0AH0=] [freakshow322] Checking offline messages for client
[2025-08-18 14:49:58] [Vs8EKOeGeChef1noyNgJsKO0AH0=] [freakshow322] No offline messages found
[2025-08-18 14:50:33] [FKc/JBDSnmX+FxAtAcOJ7P4tDPQ=] [saltuha991] Checking offline messages for client
[2025-08-18 14:50:33] [FKc/JBDSnmX+FxAtAcOJ7P4tDPQ=] [saltuha991] No offline messages found
[2025-08-18 14:52:46] [aiN5B9rHfiErxj93j/0peSijECw=] [TeamSpeakUser5] Checking offline messages for client
[2025-08-18 14:52:46] [aiN5B9rHfiErxj93j/0peSijECw=] [TeamSpeakUser5] No offline messages found
[2025-08-18 14:53:51] [3Mq3EB+EEk14kwWNxOyGIgo45U8=] [MATAN] Checking offline messages for client
[2025-08-18 14:53:51] [3Mq3EB+EEk14kwWNxOyGIgo45U8=] [MATAN] No offline messages found
[2025-08-18 14:57:36] [J59TlJOyXmeGAsjkHRqeI3rZA/8=] [SysmoUsercid=140] Checking offline messages for client
[2025-08-18 14:57:36] [J59TlJOyXmeGAsjkHRqeI3rZA/8=] [SysmoUsercid=140] No offline messages found
[2025-08-18 14:57:44] [WtWgpfS8UE18SW7yGXm3r1yoO/c=] [Kowismo] Checking offline messages for client
[2025-08-18 14:57:44] [WtWgpfS8UE18SW7yGXm3r1yoO/c=] [Kowismo] No offline messages found
[2025-08-18 15:01:30] [okPB05Yw/R9uqp9oBr7M6RdxhIg=] [nam] Checking offline messages for client
[2025-08-18 15:01:30] [okPB05Yw/R9uqp9oBr7M6RdxhIg=] [nam] No offline messages found
[2025-08-18 15:09:51] [hBuNRx7tatLbgdRUYtizU91b9ds=] [Fantaz4] Checking offline messages for client
[2025-08-18 15:09:51] [hBuNRx7tatLbgdRUYtizU91b9ds=] [Fantaz4] No offline messages found
[2025-08-18 15:12:16] [tykRRTl85hacriDN3/U4/uVK28w=] [Meind (Владимир)] Checking offline messages for client
[2025-08-18 15:12:16] [tykRRTl85hacriDN3/U4/uVK28w=] [Meind (Владимир)] No offline messages found
[2025-08-18 15:12:55] [tmC0jxRfCbAbysS+lQf8Azq9p50=] [kolap_13] Checking offline messages for client
[2025-08-18 15:12:55] [tmC0jxRfCbAbysS+lQf8Azq9p50=] [kolap_13] No offline messages found
[2025-08-18 15:14:21] [hBuNRx7tatLbgdRUYtizU91b9ds=] [Fantaz4] Checking offline messages for client
[2025-08-18 15:14:21] [hBuNRx7tatLbgdRUYtizU91b9ds=] [Fantaz4] No offline messages found
[2025-08-18 15:14:56] [vLgVft5e9BARLqqbeBlVX0sMlpk=] [BlackDemoN (Dimon)] Checking offline messages for client
[2025-08-18 15:14:56] [vLgVft5e9BARLqqbeBlVX0sMlpk=] [BlackDemoN (Dimon)] No offline messages found
[2025-08-18 15:15:42] [igLR0Qw88l2utvuPuQTy5TXjVdA=] [AlvaRoniXs] Checking offline messages for client
[2025-08-18 15:15:42] [igLR0Qw88l2utvuPuQTy5TXjVdA=] [AlvaRoniXs] No offline messages found
[2025-08-18 15:17:07] [m3jwrJafD7Z1HcDm7lAZbGqtROY=] [Zi←ِô] Checking offline messages for client
[2025-08-18 15:17:07] [m3jwrJafD7Z1HcDm7lAZbGqtROY=] [Zi←ِô] No offline messages found
[2025-08-18 15:23:27] [3Mq3EB+EEk14kwWNxOyGIgo45U8=] [MATAN] Checking offline messages for client
[2025-08-18 15:23:27] [3Mq3EB+EEk14kwWNxOyGIgo45U8=] [MATAN] No offline messages found
[2025-08-18 15:24:32] [J3SOjo37jE8m14DKihWjuzFdi2U=] [qck1g] Checking offline messages for client
[2025-08-18 15:24:32] [J3SOjo37jE8m14DKihWjuzFdi2U=] [qck1g] No offline messages found
[2025-08-18 15:42:52] [hBuNRx7tatLbgdRUYtizU91b9ds=] [Fantaz4] Checking offline messages for client
[2025-08-18 15:42:52] [hBuNRx7tatLbgdRUYtizU91b9ds=] [Fantaz4] No offline messages found
[2025-08-18 15:45:18] [hBuNRx7tatLbgdRUYtizU91b9ds=] [Fantaz4] Checking offline messages for client
[2025-08-18 15:45:18] [hBuNRx7tatLbgdRUYtizU91b9ds=] [Fantaz4] No offline messages found
[2025-08-18 15:45:32] [MXHBHLql++dE06Vn0bNSWIgOHv0=] [TeamSpeakUser3] Checking offline messages for client
[2025-08-18 15:45:32] [MXHBHLql++dE06Vn0bNSWIgOHv0=] [TeamSpeakUser3] No offline messages found
[2025-08-18 15:50:41] [ULmHWoqiR2yCkkiipIAuOZRSVmM=] [danil] Checking offline messages for client
[2025-08-18 15:50:41] [ULmHWoqiR2yCkkiipIAuOZRSVmM=] [danil] No offline messages found
[2025-08-18 15:51:05] [Zd6njphJMlyApPzSzPshxpQ+i54=] [-ceme] Checking offline messages for client
[2025-08-18 15:51:05] [Zd6njphJMlyApPzSzPshxpQ+i54=] [-ceme] No offline messages found
[2025-08-18 15:51:11] [4C7UmtlZYp4FJFr8ZXwVNyK/KME=] [w2h] Checking offline messages for client
[2025-08-18 15:51:11] [4C7UmtlZYp4FJFr8ZXwVNyK/KME=] [w2h] No offline messages found
[2025-08-18 15:51:39] [E/WzWDbd4b4/yOJBbiQyh+P90Ow=] [papricka22] Checking offline messages for client
[2025-08-18 15:51:39] [E/WzWDbd4b4/yOJBbiQyh+P90Ow=] [papricka22] No offline messages found
[2025-08-18 15:56:54] [3PUL5t5Jz0KW4hyrBCzi+BArN60=] [tenshin_non] Checking offline messages for client
[2025-08-18 15:56:54] [3PUL5t5Jz0KW4hyrBCzi+BArN60=] [tenshin_non] No offline messages found
[2025-08-18 15:56:57] [0k7iJrGzj7haOvrih6GAxyrXHtM=] [Sebitzuu] Checking offline messages for client
[2025-08-18 15:56:57] [0k7iJrGzj7haOvrih6GAxyrXHtM=] [Sebitzuu] No offline messages found
[2025-08-18 15:56:57] [0k7iJrGzj7haOvrih6GAxyrXHtM=] [Sebitzuu] Checking offline messages for client
[2025-08-18 15:56:57] [0k7iJrGzj7haOvrih6GAxyrXHtM=] [Sebitzuu] No offline messages found
[2025-08-18 15:59:40] [Ur4QEkJdoUnTlF/3Qq/fhchir7U=] [Alex0807] Checking offline messages for client
[2025-08-18 15:59:40] [Ur4QEkJdoUnTlF/3Qq/fhchir7U=] [Alex0807] No offline messages found
[2025-08-18 16:02:04] [QwRFesh1eJ/mQxSKuQvbytyhlF8=] [TeamSpeakUser4] Checking offline messages for client
[2025-08-18 16:02:04] [QwRFesh1eJ/mQxSKuQvbytyhlF8=] [TeamSpeakUser4] No offline messages found
[2025-08-18 16:03:33] [jWxbfxhLxs9dPa3t1WUnys7gnbk=] [Richard_TH] Checking offline messages for client
[2025-08-18 16:03:33] [jWxbfxhLxs9dPa3t1WUnys7gnbk=] [Richard_TH] No offline messages found
[2025-08-18 16:03:43] [AC87pO3YB+wvZ5G27tY2glDTG4M=] [andy76633] Checking offline messages for client
[2025-08-18 16:03:43] [AC87pO3YB+wvZ5G27tY2glDTG4M=] [andy76633] No offline messages found
[2025-08-18 16:04:43] [ALJbKmQfUmbz6g/F8tfpkljRY/0=] [Mari] Checking offline messages for client
[2025-08-18 16:04:43] [ALJbKmQfUmbz6g/F8tfpkljRY/0=] [Mari] No offline messages found
[2025-08-18 16:05:24] [F9Nav0VmFLT2qZzJbaBzYkqJUBA=] [ttmjayy] Checking offline messages for client
[2025-08-18 16:05:24] [F9Nav0VmFLT2qZzJbaBzYkqJUBA=] [ttmjayy] No offline messages found
[2025-08-18 16:06:43] [tOoGEdCN9ULy8ULKyELfIWNelvU=] [kayanyildz] Checking offline messages for client
[2025-08-18 16:06:43] [tOoGEdCN9ULy8ULKyELfIWNelvU=] [kayanyildz] No offline messages found
[2025-08-18 16:08:43] [3wfCbZork1r8h4aDgIW1hfWE0YA=] [SNAC-Ahmet] Checking offline messages for client
[2025-08-18 16:08:43] [3wfCbZork1r8h4aDgIW1hfWE0YA=] [SNAC-Ahmet] No offline messages found
[2025-08-18 16:09:01] [x5NWjjSsshVzCfkox/peFi8iwwM=] [pzdcvsenikizanyati] Checking offline messages for client
[2025-08-18 16:09:01] [x5NWjjSsshVzCfkox/peFi8iwwM=] [pzdcvsenikizanyati] No offline messages found
[2025-08-18 16:11:07] [WqJ7G2qJdQ8kspL597ANASGN6Qc=] [леха] Checking offline messages for client
[2025-08-18 16:11:07] [WqJ7G2qJdQ8kspL597ANASGN6Qc=] [леха] No offline messages found
[2025-08-18 16:13:27] [m3jwrJafD7Z1HcDm7lAZbGqtROY=] [Zi←ِô] Checking offline messages for client
[2025-08-18 16:13:27] [m3jwrJafD7Z1HcDm7lAZbGqtROY=] [Zi←ِô] No offline messages found
[2025-08-18 16:14:51] [VjATdbHI2oEDj5aNEmxg7HiSZ6c=] [kingg2412] Checking offline messages for client
[2025-08-18 16:14:51] [VjATdbHI2oEDj5aNEmxg7HiSZ6c=] [kingg2412] No offline messages found
[2025-08-18 16:21:35] [Zd6njphJMlyApPzSzPshxpQ+i54=] [-ceme] Checking offline messages for client
[2025-08-18 16:21:35] [Zd6njphJMlyApPzSzPshxpQ+i54=] [-ceme] No offline messages found
[2025-08-18 16:24:13] [ktT/SftpCnxHE/8DJjKjzUnQ3AY=] [EJEX] Checking offline messages for client
[2025-08-18 16:24:13] [ktT/SftpCnxHE/8DJjKjzUnQ3AY=] [EJEX] No offline messages found
[2025-08-18 16:24:57] [MHmdoAL2tS4k9FBfzlhXVa1GOyY=] [devl1] Checking offline messages for client
[2025-08-18 16:24:57] [MHmdoAL2tS4k9FBfzlhXVa1GOyY=] [devl1] No offline messages found
[2025-08-18 16:31:38] [WKaM3ZipVE38N1i3NuepKTRPDX4=] [éclatax] Checking offline messages for client
[2025-08-18 16:31:38] [WKaM3ZipVE38N1i3NuepKTRPDX4=] [éclatax] No offline messages found
[2025-08-18 16:36:34] [yH7+WUTO9a0edxQG10YKRSCiFog=] [Angry] Checking offline messages for client
[2025-08-18 16:36:34] [yH7+WUTO9a0edxQG10YKRSCiFog=] [Angry] No offline messages found
[2025-08-18 16:41:52] [Kvz2fe1+lqaLMu5JYsDL9dlCP0c=] [-Nano-15] Checking offline messages for client
[2025-08-18 16:41:52] [Kvz2fe1+lqaLMu5JYsDL9dlCP0c=] [-Nano-15] No offline messages found
[2025-08-18 16:45:41] [TRFl9nsxAecDsmHlkjvIvXOFiBI=] [TeamSpeakUser4] Checking offline messages for client
[2025-08-18 16:45:41] [TRFl9nsxAecDsmHlkjvIvXOFiBI=] [TeamSpeakUser4] No offline messages found
[2025-08-18 16:47:04] [qWZG79RgTXQ771p9joN9On7Q+As=] [tec1de] Checking offline messages for client
[2025-08-18 16:47:04] [qWZG79RgTXQ771p9joN9On7Q+As=] [tec1de] No offline messages found
[2025-08-18 16:48:33] [LfDr1oNUlXp5ze20IIFiLIgK5yQ=] [1.6fsi] Checking offline messages for client
[2025-08-18 16:48:33] [LfDr1oNUlXp5ze20IIFiLIgK5yQ=] [1.6fsi] No offline messages found
[2025-08-18 17:03:14] [1bxlkLWE1YEds4euACE9lSAD0Jg=] [Mr..Fury] Checking offline messages for client
[2025-08-18 17:03:14] [1bxlkLWE1YEds4euACE9lSAD0Jg=] [Mr..Fury] No offline messages found
[2025-08-18 17:09:45] [OnyFNlLSRn5WExnVSStquo7sjMA=] [ПожилаяОстановка] Checking offline messages for client
[2025-08-18 17:09:45] [OnyFNlLSRn5WExnVSStquo7sjMA=] [ПожилаяОстановка] No offline messages found
[2025-08-18 17:10:24] [675wO5ssJtQbFw+9qXHexPjHNYM=] [Nevskiiiy] Checking offline messages for client
[2025-08-18 17:10:24] [675wO5ssJtQbFw+9qXHexPjHNYM=] [Nevskiiiy] No offline messages found
[2025-08-18 17:17:37] [yH7+WUTO9a0edxQG10YKRSCiFog=] [Angry] Checking offline messages for client
[2025-08-18 17:17:37] [yH7+WUTO9a0edxQG10YKRSCiFog=] [Angry] No offline messages found
[2025-08-18 17:17:40] [LgwxoONgBBy7WWHipcHbISpJnao=] [Alexander177] Checking offline messages for client
[2025-08-18 17:17:40] [LgwxoONgBBy7WWHipcHbISpJnao=] [Alexander177] No offline messages found
[2025-08-18 17:18:41] [675wO5ssJtQbFw+9qXHexPjHNYM=] [Nevskiiiy] Checking offline messages for client
[2025-08-18 17:18:41] [675wO5ssJtQbFw+9qXHexPjHNYM=] [Nevskiiiy] No offline messages found
[2025-08-18 17:26:29] [UINiUnQ/eAgNIPOPr4tSfW+qXvo=] [Потужний Фід] Checking offline messages for client
[2025-08-18 17:26:29] [UINiUnQ/eAgNIPOPr4tSfW+qXvo=] [Потужний Фід] No offline messages found
[2025-08-18 17:26:49] [GvKQC+0wB2vJXrx64sJ8sS41K2w=] [Pol'zovatel'] Checking offline messages for client
[2025-08-18 17:26:49] [GvKQC+0wB2vJXrx64sJ8sS41K2w=] [Pol'zovatel'] No offline messages found
[2025-08-18 17:27:14] [DxUY9WGRy+4NWNGeVQSKXB8JRcs=] [TeamSpeakUser3] Checking offline messages for client
[2025-08-18 17:27:14] [DxUY9WGRy+4NWNGeVQSKXB8JRcs=] [TeamSpeakUser3] No offline messages found
[2025-08-18 17:31:30] [675wO5ssJtQbFw+9qXHexPjHNYM=] [Nevskiiiy] Checking offline messages for client
[2025-08-18 17:31:30] [675wO5ssJtQbFw+9qXHexPjHNYM=] [Nevskiiiy] No offline messages found
[2025-08-18 17:31:56] [HH9pMWXk+qbWzAZZBN5MjixTURo=] [éclatax] Checking offline messages for client
[2025-08-18 17:31:56] [HH9pMWXk+qbWzAZZBN5MjixTURo=] [éclatax] No offline messages found
[2025-08-18 17:31:56] [eNxiZDOeggdj95ZNvuM5yeobkrU=] [Etienne] Checking offline messages for client
[2025-08-18 17:31:56] [eNxiZDOeggdj95ZNvuM5yeobkrU=] [Etienne] No offline messages found
[2025-08-18 17:31:57] [eNxiZDOeggdj95ZNvuM5yeobkrU=] [Etienne] Checking offline messages for client
[2025-08-18 17:31:57] [eNxiZDOeggdj95ZNvuM5yeobkrU=] [Etienne] No offline messages found
[2025-08-18 17:31:57] [eNxiZDOeggdj95ZNvuM5yeobkrU=] [Etienne] Checking offline messages for client
[2025-08-18 17:31:57] [eNxiZDOeggdj95ZNvuM5yeobkrU=] [Etienne] No offline messages found
[2025-08-18 17:31:57] [eNxiZDOeggdj95ZNvuM5yeobkrU=] [Etienne] Checking offline messages for client
[2025-08-18 17:31:57] [eNxiZDOeggdj95ZNvuM5yeobkrU=] [Etienne] No offline messages found
[2025-08-18 17:32:55] [675wO5ssJtQbFw+9qXHexPjHNYM=] [Nevskiiiy] Checking offline messages for client
[2025-08-18 17:32:55] [675wO5ssJtQbFw+9qXHexPjHNYM=] [Nevskiiiy] No offline messages found
[2025-08-18 17:36:24] [hUjMcppeZYeQG89H1ehSTqHW6iQ=] [Hydrastarke] Checking offline messages for client
[2025-08-18 17:36:24] [hUjMcppeZYeQG89H1ehSTqHW6iQ=] [Hydrastarke] No offline messages found
[2025-08-18 17:41:30] [gP2jkUaH5w6Pb9TwDgi1GArgvj4=] [SGS Rxsso] Checking offline messages for client
[2025-08-18 17:41:30] [gP2jkUaH5w6Pb9TwDgi1GArgvj4=] [SGS Rxsso] No offline messages found
[2025-08-18 17:42:05] [FjvWluljyXAl76fTQUXQDhqEdXg=] [sima] Checking offline messages for client
[2025-08-18 17:42:05] [FjvWluljyXAl76fTQUXQDhqEdXg=] [sima] No offline messages found
[2025-08-18 17:43:22] [1fLfTv7a7WCXSiKCcl/56zaOGH4=] [TeamSpeakUser3] Checking offline messages for client
[2025-08-18 17:43:22] [1fLfTv7a7WCXSiKCcl/56zaOGH4=] [TeamSpeakUser3] No offline messages found
[2025-08-18 17:46:40] [lqX2Oz/RGh+MQGKjhD9GbFED4OY=] [DarkZX] Checking offline messages for client
[2025-08-18 17:46:40] [lqX2Oz/RGh+MQGKjhD9GbFED4OY=] [DarkZX] No offline messages found
[2025-08-18 17:46:42] [CnsaFLBvFsaEG5TIA7bpH7+nWrU=] [ardoş] Checking offline messages for client
[2025-08-18 17:46:42] [CnsaFLBvFsaEG5TIA7bpH7+nWrU=] [ardoş] No offline messages found
[2025-08-18 17:48:13] [KTw+VF6m+gTCBlxPrQOWS+S0KMI=] [ego1str0ma] Checking offline messages for client
[2025-08-18 17:48:13] [KTw+VF6m+gTCBlxPrQOWS+S0KMI=] [ego1str0ma] No offline messages found
[2025-08-18 17:51:12] [k850OzI6ZxrjpzlDqJ4VrEoVreU=] [pendos666] Checking offline messages for client
[2025-08-18 17:51:12] [k850OzI6ZxrjpzlDqJ4VrEoVreU=] [pendos666] No offline messages found
[2025-08-18 17:51:14] [Iq2aVx/4T/Tkfh8nIojxMinWqo4=] [Seikawa] Checking offline messages for client
[2025-08-18 17:51:14] [Iq2aVx/4T/Tkfh8nIojxMinWqo4=] [Seikawa] No offline messages found
[2025-08-18 17:51:26] [A6PZD1rmqoBWwHXmF2z7w2x9VyY=] [PuPs_RK] Checking offline messages for client
[2025-08-18 17:51:26] [A6PZD1rmqoBWwHXmF2z7w2x9VyY=] [PuPs_RK] No offline messages found
[2025-08-18 17:53:13] [s5SoU0O6Mp2lEkoeWlMc2247gBk=] [don] Checking offline messages for client
[2025-08-18 17:53:13] [s5SoU0O6Mp2lEkoeWlMc2247gBk=] [don] No offline messages found
[2025-08-18 17:53:25] [gsj6h/KEd/DHKkchUIzFQWgOAHQ=] [malizizi] Checking offline messages for client
[2025-08-18 17:53:25] [gsj6h/KEd/DHKkchUIzFQWgOAHQ=] [malizizi] No offline messages found
[2025-08-18 17:54:20] [M09LXQM0h1IxzpSiw7t91USRzUA=] [dolv1] Checking offline messages for client
[2025-08-18 17:54:20] [M09LXQM0h1IxzpSiw7t91USRzUA=] [dolv1] No offline messages found
[2025-08-18 17:55:10] [OtB8/Fi/zTqtCmvCEOm37xd//Ys=] [poo] Checking offline messages for client
[2025-08-18 17:55:10] [OtB8/Fi/zTqtCmvCEOm37xd//Ys=] [poo] No offline messages found
[2025-08-18 17:55:45] [rrFteaYAWPrQHu1180PxQxKeozg=] [Gomba] Checking offline messages for client
[2025-08-18 17:55:45] [rrFteaYAWPrQHu1180PxQxKeozg=] [Gomba] No offline messages found
[2025-08-18 17:56:04] [DdvfOAoep9XKOfimQ/Nit/nevWs=] [-3k] Checking offline messages for client
[2025-08-18 17:56:04] [DdvfOAoep9XKOfimQ/Nit/nevWs=] [-3k] No offline messages found
[2025-08-18 17:56:05] [1bO83Bi1PAm+8+CZF83FfGhY7TA=] [necobeast] Checking offline messages for client
[2025-08-18 17:56:05] [1bO83Bi1PAm+8+CZF83FfGhY7TA=] [necobeast] No offline messages found
[2025-08-18 17:56:57] [8F/wqyUZbzkbJnHcA07nhS4DohU=] [dimafreddyy] Checking offline messages for client
[2025-08-18 17:56:57] [8F/wqyUZbzkbJnHcA07nhS4DohU=] [dimafreddyy] No offline messages found
[2025-08-18 17:57:16] [5B+EB94xrwmIjHS7SOs7ZO52NeM=] [dzale] Checking offline messages for client
[2025-08-18 17:57:16] [5B+EB94xrwmIjHS7SOs7ZO52NeM=] [dzale] No offline messages found
[2025-08-18 17:57:23] [s5SoU0O6Mp2lEkoeWlMc2247gBk=] [don] Checking offline messages for client
[2025-08-18 17:57:23] [s5SoU0O6Mp2lEkoeWlMc2247gBk=] [don] No offline messages found
[2025-08-18 18:01:41] [igLR0Qw88l2utvuPuQTy5TXjVdA=] [AlvaRoniXs] Checking offline messages for client
[2025-08-18 18:01:41] [igLR0Qw88l2utvuPuQTy5TXjVdA=] [AlvaRoniXs] No offline messages found
[2025-08-18 18:02:06] [1bO83Bi1PAm+8+CZF83FfGhY7TA=] [necobeast] Checking offline messages for client
[2025-08-18 18:02:06] [1bO83Bi1PAm+8+CZF83FfGhY7TA=] [necobeast] No offline messages found
[2025-08-18 18:02:53] [3YJK8qO+CeKZ9iSEIS0Ry5bsTcs=] [Leon] Checking offline messages for client
[2025-08-18 18:02:53] [3YJK8qO+CeKZ9iSEIS0Ry5bsTcs=] [Leon] No offline messages found
[2025-08-18 18:03:01] [37H/lttZ8+4bwWOCES4zZFUkIOg=] [crzfrg77] Checking offline messages for client
[2025-08-18 18:03:01] [37H/lttZ8+4bwWOCES4zZFUkIOg=] [crzfrg77] No offline messages found
[2025-08-18 18:05:55] [TVYDqloG40AolgKZE51r8Arz5Ig=] [TeamSpeakUser3] Checking offline messages for client
[2025-08-18 18:05:55] [TVYDqloG40AolgKZE51r8Arz5Ig=] [TeamSpeakUser3] No offline messages found
[2025-08-18 18:06:42] [675wO5ssJtQbFw+9qXHexPjHNYM=] [Nevskiiiy] Checking offline messages for client
[2025-08-18 18:06:42] [675wO5ssJtQbFw+9qXHexPjHNYM=] [Nevskiiiy] No offline messages found
[2025-08-18 18:06:53] [/paoPeDO7Sw3DPisftzEeJfXp+Y=] [J4M4L] Checking offline messages for client
[2025-08-18 18:06:53] [/paoPeDO7Sw3DPisftzEeJfXp+Y=] [J4M4L] No offline messages found
[2025-08-18 18:08:21] [39Hn80GzU936S3hLOAjj8iP5kpg=] [Shawaj] Checking offline messages for client
[2025-08-18 18:08:21] [39Hn80GzU936S3hLOAjj8iP5kpg=] [Shawaj] No offline messages found
[2025-08-18 18:09:11] [s5SoU0O6Mp2lEkoeWlMc2247gBk=] [don] Checking offline messages for client
[2025-08-18 18:09:11] [s5SoU0O6Mp2lEkoeWlMc2247gBk=] [don] No offline messages found
[2025-08-18 18:09:54] [pa4EomUE5xzFSB9tc7CilmX3NTU=] [Imprii] Checking offline messages for client
[2025-08-18 18:09:54] [pa4EomUE5xzFSB9tc7CilmX3NTU=] [Imprii] No offline messages found
[2025-08-18 18:14:06] [k850OzI6ZxrjpzlDqJ4VrEoVreU=] [pendos666] Checking offline messages for client
[2025-08-18 18:14:06] [k850OzI6ZxrjpzlDqJ4VrEoVreU=] [pendos666] No offline messages found
[2025-08-18 18:16:26] [6EwxQw7oRt1YOQbzeeEOWW6iyEY=] [TeamSpeakUser1] Checking offline messages for client
[2025-08-18 18:16:26] [6EwxQw7oRt1YOQbzeeEOWW6iyEY=] [TeamSpeakUser1] No offline messages found
[2025-08-18 18:17:06] [Ug0wJZTbFiW1dVPcgLClExPPRVg=] [Ne_Vazhn01] Checking offline messages for client
[2025-08-18 18:17:06] [Ug0wJZTbFiW1dVPcgLClExPPRVg=] [Ne_Vazhn01] No offline messages found
[2025-08-18 18:18:45] [xa6D8FIW6ei0ShkOhBhw00Tmpcc=] [PipkaOtca] Checking offline messages for client
[2025-08-18 18:18:45] [xa6D8FIW6ei0ShkOhBhw00Tmpcc=] [PipkaOtca] No offline messages found
[2025-08-18 18:19:49] [F4Rot6aSlWU5OFZBOarP2RTzrYY=] [INSANE] Checking offline messages for client
[2025-08-18 18:19:49] [F4Rot6aSlWU5OFZBOarP2RTzrYY=] [INSANE] No offline messages found
[2025-08-18 18:20:20] [m3jwrJafD7Z1HcDm7lAZbGqtROY=] [Zi←ِô] Checking offline messages for client
[2025-08-18 18:20:20] [m3jwrJafD7Z1HcDm7lAZbGqtROY=] [Zi←ِô] No offline messages found
[2025-08-18 18:21:59] [1bxlkLWE1YEds4euACE9lSAD0Jg=] [Mr..Fury] Checking offline messages for client
[2025-08-18 18:21:59] [1bxlkLWE1YEds4euACE9lSAD0Jg=] [Mr..Fury] No offline messages found
[2025-08-18 18:23:05] [yEw2QlD49AsaHiKxr3pm4VLoSMc=] [lowtabsecure] Checking offline messages for client
[2025-08-18 18:23:05] [yEw2QlD49AsaHiKxr3pm4VLoSMc=] [lowtabsecure] No offline messages found
[2025-08-18 18:23:30] [Zd6njphJMlyApPzSzPshxpQ+i54=] [-ceme] Checking offline messages for client
[2025-08-18 18:23:30] [Zd6njphJMlyApPzSzPshxpQ+i54=] [-ceme] No offline messages found
[2025-08-18 18:25:13] [k850OzI6ZxrjpzlDqJ4VrEoVreU=] [pendos666] Checking offline messages for client
[2025-08-18 18:25:13] [k850OzI6ZxrjpzlDqJ4VrEoVreU=] [pendos666] No offline messages found
[2025-08-18 18:28:04] [zQBV+zr0os6YT3ktHjBJZW0cRd8=] [Tufix] Checking offline messages for client
[2025-08-18 18:28:04] [zQBV+zr0os6YT3ktHjBJZW0cRd8=] [Tufix] No offline messages found
[2025-08-18 18:28:53] [MXHBHLql++dE06Vn0bNSWIgOHv0=] [TeamSpeakUser4] Checking offline messages for client
[2025-08-18 18:28:53] [MXHBHLql++dE06Vn0bNSWIgOHv0=] [TeamSpeakUser4] No offline messages found
[2025-08-18 18:29:25] [yNFUjD+LJEqojKPPlPGtCAVEYRU=] [Боцман777] Checking offline messages for client
[2025-08-18 18:29:25] [yNFUjD+LJEqojKPPlPGtCAVEYRU=] [Боцман777] No offline messages found
[2025-08-18 18:29:50] [9s59R1R1a1eZoQNYdXaHdO8F/IM=] [awegawg] Checking offline messages for client
[2025-08-18 18:29:50] [9s59R1R1a1eZoQNYdXaHdO8F/IM=] [awegawg] No offline messages found
[2025-08-18 18:30:13] [VJ3kiQhgdGQjTMcQZsjIsQhebgU=] [d3sc] Checking offline messages for client
[2025-08-18 18:30:13] [VJ3kiQhgdGQjTMcQZsjIsQhebgU=] [d3sc] No offline messages found
[2025-08-18 18:30:18] [aiN5B9rHfiErxj93j/0peSijECw=] [TeamSpeakUser5] Checking offline messages for client
[2025-08-18 18:30:18] [aiN5B9rHfiErxj93j/0peSijECw=] [TeamSpeakUser5] No offline messages found
[2025-08-18 18:30:37] [6loDKB5pFq9h9EZ8lWJAl1sRiNA=] [kagixxx] Checking offline messages for client
[2025-08-18 18:30:37] [6loDKB5pFq9h9EZ8lWJAl1sRiNA=] [kagixxx] No offline messages found
[2025-08-18 18:32:57] [vLgVft5e9BARLqqbeBlVX0sMlpk=] [BlackDemoN (Dimon)] Checking offline messages for client
[2025-08-18 18:32:57] [vLgVft5e9BARLqqbeBlVX0sMlpk=] [BlackDemoN (Dimon)] No offline messages found
[2025-08-18 18:33:02] [5c2sa3PhJfKo4TEu5wJxaEqysw8=] [I.am.Atomic] Checking offline messages for client
[2025-08-18 18:33:02] [5c2sa3PhJfKo4TEu5wJxaEqysw8=] [I.am.Atomic] No offline messages found
[2025-08-18 18:33:10] [y29NmCvKtuEytWMwpNdXxbpA4m0=] [frosh] Checking offline messages for client
[2025-08-18 18:33:10] [y29NmCvKtuEytWMwpNdXxbpA4m0=] [frosh] No offline messages found
[2025-08-18 18:33:36] [y29NmCvKtuEytWMwpNdXxbpA4m0=] [frosh] Checking offline messages for client
[2025-08-18 18:33:36] [y29NmCvKtuEytWMwpNdXxbpA4m0=] [frosh] No offline messages found
[2025-08-18 18:34:42] [ow+Zi/O4SnJIvwHosoZ7zIvOOK8=] [shinigami] Checking offline messages for client
[2025-08-18 18:34:42] [ow+Zi/O4SnJIvwHosoZ7zIvOOK8=] [shinigami] No offline messages found
[2025-08-18 18:44:00] [lqX2Oz/RGh+MQGKjhD9GbFED4OY=] [DarkZX] Checking offline messages for client
[2025-08-18 18:44:00] [lqX2Oz/RGh+MQGKjhD9GbFED4OY=] [DarkZX] No offline messages found
[2025-08-18 18:47:46] [kiEdv7zRlPY5vEdchmBe2Mbipfo=] [Sven] Checking offline messages for client
[2025-08-18 18:47:46] [kiEdv7zRlPY5vEdchmBe2Mbipfo=] [Sven] No offline messages found
[2025-08-18 18:48:10] [157KL6nbvgzKYId8dWYGPfkn2rw=] [SHLYHA] Checking offline messages for client
[2025-08-18 18:48:10] [157KL6nbvgzKYId8dWYGPfkn2rw=] [SHLYHA] No offline messages found
[2025-08-18 18:48:41] [5c2sa3PhJfKo4TEu5wJxaEqysw8=] [I.am.Atomic] Checking offline messages for client
[2025-08-18 18:48:41] [5c2sa3PhJfKo4TEu5wJxaEqysw8=] [I.am.Atomic] No offline messages found
[2025-08-18 18:52:58] [ilO9JAl5glx+WikZA6SZqmic0Iw=] [kaiizenn] Checking offline messages for client
[2025-08-18 18:52:58] [ilO9JAl5glx+WikZA6SZqmic0Iw=] [kaiizenn] No offline messages found
[2025-08-18 18:54:10] [k850OzI6ZxrjpzlDqJ4VrEoVreU=] [pendos666] Checking offline messages for client
[2025-08-18 18:54:10] [k850OzI6ZxrjpzlDqJ4VrEoVreU=] [pendos666] No offline messages found
[2025-08-18 18:54:46] [A337CRyeHXs4LwAB23shVIw0jeg=] [mishechcaty] Checking offline messages for client
[2025-08-18 18:54:46] [A337CRyeHXs4LwAB23shVIw0jeg=] [mishechcaty] No offline messages found
[2025-08-18 18:55:56] [1bxlkLWE1YEds4euACE9lSAD0Jg=] [Mr..Fury] Checking offline messages for client
[2025-08-18 18:55:56] [1bxlkLWE1YEds4euACE9lSAD0Jg=] [Mr..Fury] No offline messages found
[2025-08-18 18:56:11] [rAxvHfzR1LcyWLYDgNpfvmKh3Tc=] [Animepseh] Checking offline messages for client
[2025-08-18 18:56:11] [rAxvHfzR1LcyWLYDgNpfvmKh3Tc=] [Animepseh] No offline messages found
[2025-08-18 18:56:13] [UdbBcKWf6LkTzduFqP+Z35leL0U=] [Серега] Checking offline messages for client
[2025-08-18 18:56:13] [UdbBcKWf6LkTzduFqP+Z35leL0U=] [Серега] No offline messages found
[2025-08-18 18:56:30] [yPSI9aghhtH6O+mnSQIo84yUZ4c=] [шароёб] Checking offline messages for client
[2025-08-18 18:56:30] [yPSI9aghhtH6O+mnSQIo84yUZ4c=] [шароёб] No offline messages found
[2025-08-18 18:56:37] [1J9/ZPnHxEL704aM8z0q1FXAbwA=] [redan_22] Checking offline messages for client
[2025-08-18 18:56:37] [1J9/ZPnHxEL704aM8z0q1FXAbwA=] [redan_22] No offline messages found
[2025-08-18 18:56:48] [0aA4TFX9DiEfMIQXh3Te1boW3nc=] [shauitan] Checking offline messages for client
[2025-08-18 18:56:48] [0aA4TFX9DiEfMIQXh3Te1boW3nc=] [shauitan] No offline messages found
[2025-08-18 18:58:22] [fA+/ep3PG6dYkl087gnTA33ONbw=] [Hampino] Checking offline messages for client
[2025-08-18 18:58:22] [fA+/ep3PG6dYkl087gnTA33ONbw=] [Hampino] No offline messages found
[2025-08-18 18:59:39] [woTiXQ7QPYJfDTRf72dh6a5csUg=] [Kotek] Checking offline messages for client
[2025-08-18 18:59:39] [woTiXQ7QPYJfDTRf72dh6a5csUg=] [Kotek] No offline messages found
[2025-08-18 19:01:57] [l3pe4r4yUPD2aa6KDdLM00obO5I=] [Gessert] Checking offline messages for client
[2025-08-18 19:01:57] [l3pe4r4yUPD2aa6KDdLM00obO5I=] [Gessert] No offline messages found
[2025-08-18 19:02:04] [q7XRwFNFrsuQ6++jR4owyL6N4DI=] [TeamSpeakUser6] Checking offline messages for client
[2025-08-18 19:02:04] [q7XRwFNFrsuQ6++jR4owyL6N4DI=] [TeamSpeakUser6] No offline messages found
[2025-08-18 19:02:31] [UrEtXcp8O/VQlpgWLlmu83xsJb4=] [RePeek.me | Willi-Wonka] Checking offline messages for client
[2025-08-18 19:02:31] [UrEtXcp8O/VQlpgWLlmu83xsJb4=] [RePeek.me | Willi-Wonka] No offline messages found
[2025-08-18 19:03:50] [iyVQVtmbSrTKhWTLGWQUmQX+5m4=] [cuffe] Checking offline messages for client
[2025-08-18 19:03:50] [iyVQVtmbSrTKhWTLGWQUmQX+5m4=] [cuffe] No offline messages found
[2025-08-18 19:05:20] [kiEdv7zRlPY5vEdchmBe2Mbipfo=] [Sven] Checking offline messages for client
[2025-08-18 19:05:20] [kiEdv7zRlPY5vEdchmBe2Mbipfo=] [Sven] No offline messages found
[2025-08-18 19:06:13] [+fy5MzugfSiiTGw+OcaOLe/fQQg=] [tobi] Checking offline messages for client
[2025-08-18 19:06:13] [+fy5MzugfSiiTGw+OcaOLe/fQQg=] [tobi] No offline messages found
[2025-08-18 19:07:17] [V+r2jqsObKVU67cAATQYjyj/oEk=] [Blood.born] Checking offline messages for client
[2025-08-18 19:07:17] [V+r2jqsObKVU67cAATQYjyj/oEk=] [Blood.born] No offline messages found
[2025-08-18 19:09:14] [GSHdFQ1jzSeyLdTWhcSAlf1X2N8=] [FenaiL] Checking offline messages for client
[2025-08-18 19:09:14] [GSHdFQ1jzSeyLdTWhcSAlf1X2N8=] [FenaiL] No offline messages found
[2025-08-18 19:10:08] [j4VaV46XhkmzcjbVPFuyIU0vCLs=] [nox] Checking offline messages for client
[2025-08-18 19:10:08] [j4VaV46XhkmzcjbVPFuyIU0vCLs=] [nox] No offline messages found
[2025-08-18 19:10:17] [2Wwp3OUfYmW1YS0CcQ4xw15CjCs=] [krsto] Checking offline messages for client
[2025-08-18 19:10:17] [2Wwp3OUfYmW1YS0CcQ4xw15CjCs=] [krsto] No offline messages found
[2025-08-18 19:10:20] [iYHINDlWwCatnlKWhy6pZQi0dUI=] [TeaNeedMore] Checking offline messages for client
[2025-08-18 19:10:20] [iYHINDlWwCatnlKWhy6pZQi0dUI=] [TeaNeedMore] No offline messages found
[2025-08-18 19:11:52] [1LGAFwYeh9ftEN0OriluWE0DqDs=] [K0ubek] Checking offline messages for client
[2025-08-18 19:11:52] [1LGAFwYeh9ftEN0OriluWE0DqDs=] [K0ubek] No offline messages found
[2025-08-18 19:12:10] [cBaRr07e5XtRwUbIHiiAnUSHzis=] [Luh'S] Checking offline messages for client
[2025-08-18 19:12:10] [cBaRr07e5XtRwUbIHiiAnUSHzis=] [Luh'S] No offline messages found
[2025-08-18 19:13:03] [dNRYIZtk71CY8BBDYawxb2cjIk8=] [Cencya1] Checking offline messages for client
[2025-08-18 19:13:03] [dNRYIZtk71CY8BBDYawxb2cjIk8=] [Cencya1] No offline messages found
[2025-08-18 19:13:16] [woTiXQ7QPYJfDTRf72dh6a5csUg=] [Kotek] Checking offline messages for client
[2025-08-18 19:13:16] [woTiXQ7QPYJfDTRf72dh6a5csUg=] [Kotek] No offline messages found
[2025-08-18 19:13:23] [LChIIpVKSczGXCJcvYW8G7+Rrgk=] [erik] Checking offline messages for client
[2025-08-18 19:13:23] [LChIIpVKSczGXCJcvYW8G7+Rrgk=] [erik] No offline messages found
[2025-08-18 19:15:01] [F9Nav0VmFLT2qZzJbaBzYkqJUBA=] [ttmjayy] Checking offline messages for client
[2025-08-18 19:15:01] [F9Nav0VmFLT2qZzJbaBzYkqJUBA=] [ttmjayy] No offline messages found
[2025-08-18 19:15:53] [2XrYlSfBN9DtRZ+ffO9e7Je9yTA=] [Machine":] Checking offline messages for client
[2025-08-18 19:15:53] [2XrYlSfBN9DtRZ+ffO9e7Je9yTA=] [Machine":] No offline messages found
[2025-08-18 19:15:55] [2XrYlSfBN9DtRZ+ffO9e7Je9yTA=] [Machine":] Checking offline messages for client
[2025-08-18 19:15:55] [2XrYlSfBN9DtRZ+ffO9e7Je9yTA=] [Machine":] No offline messages found
[2025-08-18 19:15:57] [2XrYlSfBN9DtRZ+ffO9e7Je9yTA=] [Machine":] Checking offline messages for client
[2025-08-18 19:15:57] [2XrYlSfBN9DtRZ+ffO9e7Je9yTA=] [Machine":] No offline messages found
[2025-08-18 19:16:47] [TviYvAVU+ZIa5n8p3stOuQUS54I=] [NoMed] Checking offline messages for client
[2025-08-18 19:16:47] [TviYvAVU+ZIa5n8p3stOuQUS54I=] [NoMed] No offline messages found
[2025-08-18 19:22:29] [k850OzI6ZxrjpzlDqJ4VrEoVreU=] [pendos666] Checking offline messages for client
[2025-08-18 19:22:29] [k850OzI6ZxrjpzlDqJ4VrEoVreU=] [pendos666] No offline messages found
[2025-08-18 19:24:56] [kiEdv7zRlPY5vEdchmBe2Mbipfo=] [Sven] Checking offline messages for client
[2025-08-18 19:24:56] [kiEdv7zRlPY5vEdchmBe2Mbipfo=] [Sven] No offline messages found
[2025-08-18 19:27:04] [C6L4VUJ4HuBj9yo1gI1YVUr+6Ns=] [Brzak] Checking offline messages for client
[2025-08-18 19:27:04] [C6L4VUJ4HuBj9yo1gI1YVUr+6Ns=] [Brzak] No offline messages found
[2025-08-18 19:27:25] [7IfhiVJqPvgzaT8q6UzCUD1usuI=] [TeamSpeakUser7] Checking offline messages for client
[2025-08-18 19:27:25] [7IfhiVJqPvgzaT8q6UzCUD1usuI=] [TeamSpeakUser7] No offline messages found
[2025-08-18 19:30:46] [70cdtlLw3loOn/Dhu5vpoWXPg5M=] [Плаки плаки лысый] Checking offline messages for client
[2025-08-18 19:30:46] [70cdtlLw3loOn/Dhu5vpoWXPg5M=] [Плаки плаки лысый] No offline messages found
[2025-08-18 19:32:20] [LChIIpVKSczGXCJcvYW8G7+Rrgk=] [erik] Checking offline messages for client
[2025-08-18 19:32:20] [LChIIpVKSczGXCJcvYW8G7+Rrgk=] [erik] No offline messages found
[2025-08-18 19:32:30] [PlotarA/IzD1xOqHXLunwp4hHDs=] [Butch] Checking offline messages for client
[2025-08-18 19:32:30] [PlotarA/IzD1xOqHXLunwp4hHDs=] [Butch] No offline messages found
[2025-08-18 19:32:46] [L2eQNSlPSLEvzElBvTWjnRjR04U=] [Koniciva] Checking offline messages for client
[2025-08-18 19:32:46] [L2eQNSlPSLEvzElBvTWjnRjR04U=] [Koniciva] No offline messages found
[2025-08-18 19:35:53] [ramSuq8ckXGAyj/DTXhphXp1oO8=] [TeamSpeakUser4] Checking offline messages for client
[2025-08-18 19:35:53] [ramSuq8ckXGAyj/DTXhphXp1oO8=] [TeamSpeakUser4] No offline messages found
[2025-08-18 19:36:14] [1LGAFwYeh9ftEN0OriluWE0DqDs=] [K0ubek] Checking offline messages for client
[2025-08-18 19:36:14] [1LGAFwYeh9ftEN0OriluWE0DqDs=] [K0ubek] No offline messages found
[2025-08-18 19:37:54] [gJLn1vQ9mrffkHC6LBfsIXRQV2I=] [Men4] Checking offline messages for client
[2025-08-18 19:37:54] [gJLn1vQ9mrffkHC6LBfsIXRQV2I=] [Men4] No offline messages found
[2025-08-18 19:40:25] [4lgk8AIxD24nO55TvFlly6KF/C4=] [e6lan] Checking offline messages for client
[2025-08-18 19:40:25] [4lgk8AIxD24nO55TvFlly6KF/C4=] [e6lan] No offline messages found
[2025-08-18 19:40:49] [pVyKuo6vAY4o81l1MYnx/UDtbDc=] [fun cloud] Checking offline messages for client
[2025-08-18 19:40:49] [pVyKuo6vAY4o81l1MYnx/UDtbDc=] [fun cloud] No offline messages found
[2025-08-18 19:41:37] [JVYr5bKxL1SW+6/DCG+FQqC2Lyo=] [isekai] Checking offline messages for client
[2025-08-18 19:41:37] [JVYr5bKxL1SW+6/DCG+FQqC2Lyo=] [isekai] No offline messages found
[2025-08-18 19:42:04] [BnLle2b4mCrsnkDt7ylLEKPD94c=] [BIGIYURI] Checking offline messages for client
[2025-08-18 19:42:04] [BnLle2b4mCrsnkDt7ylLEKPD94c=] [BIGIYURI] No offline messages found
[2025-08-18 19:43:02] [+CmH7hMIKbRBwPESMc0CJR7OZQQ=] [OLPIII] Checking offline messages for client
[2025-08-18 19:43:02] [+CmH7hMIKbRBwPESMc0CJR7OZQQ=] [OLPIII] No offline messages found
[2025-08-18 19:43:26] [MXHBHLql++dE06Vn0bNSWIgOHv0=] [TeamSpeakUser8] Checking offline messages for client
[2025-08-18 19:43:26] [MXHBHLql++dE06Vn0bNSWIgOHv0=] [TeamSpeakUser8] No offline messages found
[2025-08-18 19:45:01] [TLwIP9Vx3bePxB8PgLne8QrHhrw=] [yasha-_] Checking offline messages for client
[2025-08-18 19:45:01] [TLwIP9Vx3bePxB8PgLne8QrHhrw=] [yasha-_] No offline messages found
[2025-08-18 19:45:54] [DdTZodlZXHjKOe/rO2QlLuhDRu0=] [_Sanitol_] Checking offline messages for client
[2025-08-18 19:45:54] [DdTZodlZXHjKOe/rO2QlLuhDRu0=] [_Sanitol_] No offline messages found
[2025-08-18 19:47:06] [+qJf2aY4yKXhD4XSZ0NW3vIbF6M=] [Margoto] Checking offline messages for client
[2025-08-18 19:47:06] [+qJf2aY4yKXhD4XSZ0NW3vIbF6M=] [Margoto] No offline messages found
[2025-08-18 19:48:18] [GCtHHUBX5hElNzyQqR/Hnxt9Os4=] [Felontheteam] Checking offline messages for client
[2025-08-18 19:48:18] [GCtHHUBX5hElNzyQqR/Hnxt9Os4=] [Felontheteam] No offline messages found
[2025-08-18 19:49:29] [4C7UmtlZYp4FJFr8ZXwVNyK/KME=] [w2h] Checking offline messages for client
[2025-08-18 19:49:29] [4C7UmtlZYp4FJFr8ZXwVNyK/KME=] [w2h] No offline messages found
[2025-08-18 19:49:35] [Zd6njphJMlyApPzSzPshxpQ+i54=] [-ceme] Checking offline messages for client
[2025-08-18 19:49:35] [Zd6njphJMlyApPzSzPshxpQ+i54=] [-ceme] No offline messages found
[2025-08-18 19:49:50] [675wO5ssJtQbFw+9qXHexPjHNYM=] [Nevskiiiy] Checking offline messages for client
[2025-08-18 19:49:50] [675wO5ssJtQbFw+9qXHexPjHNYM=] [Nevskiiiy] No offline messages found
[2025-08-18 19:50:45] [4C7UmtlZYp4FJFr8ZXwVNyK/KME=] [w2h] Checking offline messages for client
[2025-08-18 19:50:45] [4C7UmtlZYp4FJFr8ZXwVNyK/KME=] [w2h] No offline messages found
[2025-08-18 19:51:31] [L7C6RyDj46rJ2KImJAiVMGuWyg8=] [mogulyok] Checking offline messages for client
[2025-08-18 19:51:31] [L7C6RyDj46rJ2KImJAiVMGuWyg8=] [mogulyok] No offline messages found
[2025-08-18 19:52:27] [gP2jkUaH5w6Pb9TwDgi1GArgvj4=] [SGS Rxsso] Checking offline messages for client
[2025-08-18 19:52:27] [gP2jkUaH5w6Pb9TwDgi1GArgvj4=] [SGS Rxsso] No offline messages found
[2025-08-18 19:53:04] [OnyFNlLSRn5WExnVSStquo7sjMA=] [ПожилаяОстановка] Checking offline messages for client
[2025-08-18 19:53:04] [OnyFNlLSRn5WExnVSStquo7sjMA=] [ПожилаяОстановка] No offline messages found
[2025-08-18 20:00:02] [OtB8/Fi/zTqtCmvCEOm37xd//Ys=] [poo] Checking offline messages for client
[2025-08-18 20:00:02] [OtB8/Fi/zTqtCmvCEOm37xd//Ys=] [poo] No offline messages found
[2025-08-18 20:00:07] [T3skCY1b+GQGiN7LE5D5VFszDSw=] [TOLGA] Checking offline messages for client
[2025-08-18 20:00:07] [T3skCY1b+GQGiN7LE5D5VFszDSw=] [TOLGA] No offline messages found
[2025-08-18 20:00:07] [T3skCY1b+GQGiN7LE5D5VFszDSw=] [TOLGA] Checking offline messages for client
[2025-08-18 20:00:07] [T3skCY1b+GQGiN7LE5D5VFszDSw=] [TOLGA] No offline messages found
[2025-08-18 20:00:08] [T3skCY1b+GQGiN7LE5D5VFszDSw=] [TOLGA] Checking offline messages for client
[2025-08-18 20:00:08] [T3skCY1b+GQGiN7LE5D5VFszDSw=] [TOLGA] No offline messages found
[2025-08-18 20:00:14] [y5WQGgJ6tkLOAICf2EbrsIZJyEo=] [TeamSpeakUser6] Checking offline messages for client
[2025-08-18 20:00:14] [y5WQGgJ6tkLOAICf2EbrsIZJyEo=] [TeamSpeakUser6] No offline messages found
[2025-08-18 20:02:16] [ojA0oCdDqBgeaZUGP9f5Rup/9Jo=] [jiggly] Checking offline messages for client
[2025-08-18 20:02:16] [ojA0oCdDqBgeaZUGP9f5Rup/9Jo=] [jiggly] No offline messages found
[2025-08-18 20:03:58] [OFkWTxSbLyrDSCACNU7XEePBPwg=] [shivska] Checking offline messages for client
[2025-08-18 20:03:58] [OFkWTxSbLyrDSCACNU7XEePBPwg=] [shivska] No offline messages found
[2025-08-18 20:04:03] [6EwxQw7oRt1YOQbzeeEOWW6iyEY=] [TeamSpeakUser1] Checking offline messages for client
[2025-08-18 20:04:03] [6EwxQw7oRt1YOQbzeeEOWW6iyEY=] [TeamSpeakUser1] No offline messages found
[2025-08-18 20:04:06] [4C7UmtlZYp4FJFr8ZXwVNyK/KME=] [w2h] Checking offline messages for client
[2025-08-18 20:04:06] [4C7UmtlZYp4FJFr8ZXwVNyK/KME=] [w2h] No offline messages found
[2025-08-18 20:04:08] [4C7UmtlZYp4FJFr8ZXwVNyK/KME=] [w2h] Checking offline messages for client
[2025-08-18 20:04:08] [4C7UmtlZYp4FJFr8ZXwVNyK/KME=] [w2h] No offline messages found
[2025-08-18 20:04:10] [4C7UmtlZYp4FJFr8ZXwVNyK/KME=] [w2h] Checking offline messages for client
[2025-08-18 20:04:10] [4C7UmtlZYp4FJFr8ZXwVNyK/KME=] [w2h] No offline messages found
[2025-08-18 20:04:29] [k850OzI6ZxrjpzlDqJ4VrEoVreU=] [pendos666] Checking offline messages for client
[2025-08-18 20:04:29] [k850OzI6ZxrjpzlDqJ4VrEoVreU=] [pendos666] No offline messages found
[2025-08-18 20:07:59] [2E0aQHWA5/SqE+mSnXymc/gM1kI=] [Tasril] Checking offline messages for client
[2025-08-18 20:07:59] [2E0aQHWA5/SqE+mSnXymc/gM1kI=] [Tasril] No offline messages found
[2025-08-18 20:10:52] [utQqp0ZHj6i+V6JZvMMz3VqPbKU=] [Strix1_] Checking offline messages for client
[2025-08-18 20:10:53] [utQqp0ZHj6i+V6JZvMMz3VqPbKU=] [Strix1_] No offline messages found
[2025-08-18 20:13:51] [ayHUOzBuuInw8J/HHBAIDIq0cYY=] [bohun ivan] Checking offline messages for client
[2025-08-18 20:13:51] [ayHUOzBuuInw8J/HHBAIDIq0cYY=] [bohun ivan] No offline messages found
[2025-08-18 20:15:11] [Tl3Bg1zFfrOJ+IRWyJh5UAIJ+5o=] [Efkeyy] Checking offline messages for client
[2025-08-18 20:15:11] [Tl3Bg1zFfrOJ+IRWyJh5UAIJ+5o=] [Efkeyy] No offline messages found
[2025-08-18 20:15:32] [k850OzI6ZxrjpzlDqJ4VrEoVreU=] [pendos666] Checking offline messages for client
[2025-08-18 20:15:32] [k850OzI6ZxrjpzlDqJ4VrEoVreU=] [pendos666] No offline messages found
[2025-08-18 20:17:10] [OtB8/Fi/zTqtCmvCEOm37xd//Ys=] [poo] Checking offline messages for client
[2025-08-18 20:17:10] [OtB8/Fi/zTqtCmvCEOm37xd//Ys=] [poo] No offline messages found
[2025-08-18 20:18:43] [k850OzI6ZxrjpzlDqJ4VrEoVreU=] [pendos666] Checking offline messages for client
[2025-08-18 20:18:43] [k850OzI6ZxrjpzlDqJ4VrEoVreU=] [pendos666] No offline messages found
[2025-08-18 20:21:41] [+S29fOJFGCDKG7QBJwAdwvJjIio=] [SGS Calvo] Checking offline messages for client
[2025-08-18 20:21:41] [+S29fOJFGCDKG7QBJwAdwvJjIio=] [SGS Calvo] No offline messages found
[2025-08-18 20:22:47] [v8d0S2VwxhW09HTFPSJZmdATS9s=] [lokmannnnnn] Checking offline messages for client
[2025-08-18 20:22:47] [v8d0S2VwxhW09HTFPSJZmdATS9s=] [lokmannnnnn] No offline messages found
[2025-08-18 20:23:52] [cm+zDw/4zDuQN120Qa8q1mW/fIQ=] [hudabin] Checking offline messages for client
[2025-08-18 20:23:52] [cm+zDw/4zDuQN120Qa8q1mW/fIQ=] [hudabin] No offline messages found
[2025-08-18 20:26:16] [Iq2aVx/4T/Tkfh8nIojxMinWqo4=] [Seikawa] Checking offline messages for client
[2025-08-18 20:26:16] [Iq2aVx/4T/Tkfh8nIojxMinWqo4=] [Seikawa] No offline messages found
[2025-08-18 20:31:10] [1fLfTv7a7WCXSiKCcl/56zaOGH4=] [TeamSpeakUser6] Checking offline messages for client
[2025-08-18 20:31:10] [1fLfTv7a7WCXSiKCcl/56zaOGH4=] [TeamSpeakUser6] No offline messages found
[2025-08-18 20:36:08] [Qcqsx1TIVYZhYofaliYuaDzSiL4=] [pokazhi_kishki] Checking offline messages for client
[2025-08-18 20:36:08] [Qcqsx1TIVYZhYofaliYuaDzSiL4=] [pokazhi_kishki] No offline messages found
[2025-08-18 20:36:32] [p3y14lookJnxOaey9QPtkzjlnFM=] [JannnNNN] Checking offline messages for client
[2025-08-18 20:36:32] [p3y14lookJnxOaey9QPtkzjlnFM=] [JannnNNN] No offline messages found
[2025-08-18 20:39:30] [eR1RjitdHks89A8dgZlineVbxYg=] [mitsuki7] Checking offline messages for client
[2025-08-18 20:39:30] [eR1RjitdHks89A8dgZlineVbxYg=] [mitsuki7] No offline messages found
[2025-08-18 20:39:33] [eR1RjitdHks89A8dgZlineVbxYg=] [mitsuki7] Checking offline messages for client
[2025-08-18 20:39:33] [eR1RjitdHks89A8dgZlineVbxYg=] [mitsuki7] No offline messages found
[2025-08-18 20:39:34] [eR1RjitdHks89A8dgZlineVbxYg=] [mitsuki7] Checking offline messages for client
[2025-08-18 20:39:34] [eR1RjitdHks89A8dgZlineVbxYg=] [mitsuki7] No offline messages found
[2025-08-18 20:41:12] [N3i0JuxOQc+NzDJpdz3cD/gAtqQ=] [yondera] Checking offline messages for client
[2025-08-18 20:41:12] [N3i0JuxOQc+NzDJpdz3cD/gAtqQ=] [yondera] No offline messages found
[2025-08-18 20:41:26] [QwRFesh1eJ/mQxSKuQvbytyhlF8=] [TeamSpeakUser6] Checking offline messages for client
[2025-08-18 20:41:26] [QwRFesh1eJ/mQxSKuQvbytyhlF8=] [TeamSpeakUser6] No offline messages found
[2025-08-18 20:41:32] [A1xfpFQsaf2c9EH0PcH4vxsTE1o=] [GENERAL MOTORS] Checking offline messages for client
[2025-08-18 20:41:32] [A1xfpFQsaf2c9EH0PcH4vxsTE1o=] [GENERAL MOTORS] No offline messages found
[2025-08-18 20:41:51] [241rUlsm8jDGuxdg64us6CxMNY8=] [SysmoUsercid=140] Checking offline messages for client
[2025-08-18 20:41:51] [241rUlsm8jDGuxdg64us6CxMNY8=] [SysmoUsercid=140] No offline messages found
[2025-08-18 20:41:52] [xcwFhKN0bPn1QJxV7HHekBb2PAs=] [Сика] Checking offline messages for client
[2025-08-18 20:41:52] [xcwFhKN0bPn1QJxV7HHekBb2PAs=] [Сика] No offline messages found
[2025-08-18 20:41:52] [xcwFhKN0bPn1QJxV7HHekBb2PAs=] [Сика] Checking offline messages for client
[2025-08-18 20:41:52] [xcwFhKN0bPn1QJxV7HHekBb2PAs=] [Сика] No offline messages found
[2025-08-18 20:41:53] [xcwFhKN0bPn1QJxV7HHekBb2PAs=] [Сика] Checking offline messages for client
[2025-08-18 20:41:53] [xcwFhKN0bPn1QJxV7HHekBb2PAs=] [Сика] No offline messages found
[2025-08-18 20:43:15] [eNxiZDOeggdj95ZNvuM5yeobkrU=] [Etienne] Checking offline messages for client
[2025-08-18 20:43:15] [eNxiZDOeggdj95ZNvuM5yeobkrU=] [Etienne] No offline messages found
[2025-08-18 20:43:29] [u791RqE0ZExL+h1JfSYlYNNhk0s=] [FataL1Day] Checking offline messages for client
[2025-08-18 20:43:29] [u791RqE0ZExL+h1JfSYlYNNhk0s=] [FataL1Day] No offline messages found
[2025-08-18 20:43:30] [6SrtG4VVHsx9hBu39SyTJEvD7Tc=] [Князь Вандал Новгородский] Checking offline messages for client
[2025-08-18 20:43:30] [6SrtG4VVHsx9hBu39SyTJEvD7Tc=] [Князь Вандал Новгородский] No offline messages found
[2025-08-18 20:46:09] [QwRFesh1eJ/mQxSKuQvbytyhlF8=] [TeamSpeakUser6] Checking offline messages for client
[2025-08-18 20:46:09] [QwRFesh1eJ/mQxSKuQvbytyhlF8=] [TeamSpeakUser6] No offline messages found
[2025-08-18 20:47:06] [4K1JM3gWxWDRwefuj7WYFwSS2W8=] [Cpt.BORODA] Checking offline messages for client
[2025-08-18 20:47:06] [4K1JM3gWxWDRwefuj7WYFwSS2W8=] [Cpt.BORODA] No offline messages found
[2025-08-18 20:50:23] [0pfL6k6+uhY3YJUK1FucX6agAV8=] [MC durak] Checking offline messages for client
[2025-08-18 20:50:23] [0pfL6k6+uhY3YJUK1FucX6agAV8=] [MC durak] No offline messages found
[2025-08-18 20:50:43] [1J9/ZPnHxEL704aM8z0q1FXAbwA=] [redan_22] Checking offline messages for client
[2025-08-18 20:50:43] [1J9/ZPnHxEL704aM8z0q1FXAbwA=] [redan_22] No offline messages found
[2025-08-18 20:51:03] [vQBpA0VvBo3XlFVJd2yFUhlAD5E=] [whoismert] Checking offline messages for client
[2025-08-18 20:51:03] [vQBpA0VvBo3XlFVJd2yFUhlAD5E=] [whoismert] No offline messages found
[2025-08-18 20:51:07] [9L00arJzCt1G2LLDRV0HQCJjofM=] [osasderlerbana] Checking offline messages for client
[2025-08-18 20:51:07] [9L00arJzCt1G2LLDRV0HQCJjofM=] [osasderlerbana] No offline messages found
[2025-08-18 20:52:26] [fiWNBIZG2ioqbK7dtheFRsenFVI=] [AlexQc] Checking offline messages for client
[2025-08-18 20:52:26] [fiWNBIZG2ioqbK7dtheFRsenFVI=] [AlexQc] No offline messages found
[2025-08-18 21:00:12] [zCm5oaE55YbLbRBdGoA4vH1gUz0=] [drksiso] Checking offline messages for client
[2025-08-18 21:00:12] [zCm5oaE55YbLbRBdGoA4vH1gUz0=] [drksiso] No offline messages found
[2025-08-18 21:02:38] [4E896wDSmJ8m6QyPTb8WNx7UKxM=] [Groff] Checking offline messages for client
[2025-08-18 21:02:38] [4E896wDSmJ8m6QyPTb8WNx7UKxM=] [Groff] No offline messages found
[2025-08-18 21:03:04] [XUq6lat2sP336FLybn+Od5CLO5Q=] [RABOTES] Checking offline messages for client
[2025-08-18 21:03:04] [XUq6lat2sP336FLybn+Od5CLO5Q=] [RABOTES] No offline messages found
[2025-08-18 21:03:55] [iefEc7IftjNMM5/w71mlW1yAG/s=] [fugue state] Checking offline messages for client
[2025-08-18 21:03:55] [iefEc7IftjNMM5/w71mlW1yAG/s=] [fugue state] No offline messages found
[2025-08-18 21:04:21] [hnH8Pkux3Af6xG46f+oe81jVdcA=] [-EscA`#] Checking offline messages for client
[2025-08-18 21:04:21] [hnH8Pkux3Af6xG46f+oe81jVdcA=] [-EscA`#] No offline messages found
[2025-08-18 21:04:26] [0Z2wqQcTx0kpb/KIf+NPkyv4b60=] [-W1LLL] Checking offline messages for client
[2025-08-18 21:04:26] [0Z2wqQcTx0kpb/KIf+NPkyv4b60=] [-W1LLL] No offline messages found
[2025-08-18 21:08:57] [tTra3qIpwTX0g0ATBnyX75pZHaQ=] [Berry] Checking offline messages for client
[2025-08-18 21:08:57] [tTra3qIpwTX0g0ATBnyX75pZHaQ=] [Berry] No offline messages found
[2025-08-18 21:11:12] [CivIdqvdtxSJX+mCOeU13yota9Y=] [digitalmix] Checking offline messages for client
[2025-08-18 21:11:12] [CivIdqvdtxSJX+mCOeU13yota9Y=] [digitalmix] No offline messages found
[2025-08-18 21:16:03] [HWG+ATHFYYOXM1l3iDtc4v9gUsM=] [Baldiez] Checking offline messages for client
[2025-08-18 21:16:03] [HWG+ATHFYYOXM1l3iDtc4v9gUsM=] [Baldiez] No offline messages found
[2025-08-18 21:16:21] [u37UZKIsHRy8fpvH8qv7OuhDpEw=] [AMINOV] Checking offline messages for client
[2025-08-18 21:16:21] [u37UZKIsHRy8fpvH8qv7OuhDpEw=] [AMINOV] No offline messages found
[2025-08-18 21:19:36] [PAPjw5ou1pxtJ/LMEXPWWL4eKGI=] [aeRR] Checking offline messages for client
[2025-08-18 21:19:36] [PAPjw5ou1pxtJ/LMEXPWWL4eKGI=] [aeRR] No offline messages found
[2025-08-18 21:20:23] [hK/9cmOPkW4O8SWeX35dmrJtYYo=] [bada9te] Checking offline messages for client
[2025-08-18 21:20:23] [hK/9cmOPkW4O8SWeX35dmrJtYYo=] [bada9te] No offline messages found
[2025-08-18 21:20:47] [hK/9cmOPkW4O8SWeX35dmrJtYYo=] [bada9te] Checking offline messages for client
[2025-08-18 21:20:47] [hK/9cmOPkW4O8SWeX35dmrJtYYo=] [bada9te] No offline messages found
[2025-08-18 21:24:01] [tOoGEdCN9ULy8ULKyELfIWNelvU=] [kayanyildz] Checking offline messages for client
[2025-08-18 21:24:01] [tOoGEdCN9ULy8ULKyELfIWNelvU=] [kayanyildz] No offline messages found
[2025-08-18 21:24:41] [YmT6hT3+/t2dFhgjxD6351JtOt0=] [b1t1x] Checking offline messages for client
[2025-08-18 21:24:41] [YmT6hT3+/t2dFhgjxD6351JtOt0=] [b1t1x] No offline messages found
[2025-08-18 21:24:44] [k850OzI6ZxrjpzlDqJ4VrEoVreU=] [pendos666] Checking offline messages for client
[2025-08-18 21:24:44] [k850OzI6ZxrjpzlDqJ4VrEoVreU=] [pendos666] No offline messages found
[2025-08-18 21:25:01] [3wfCbZork1r8h4aDgIW1hfWE0YA=] [SNAC-Ahmet] Checking offline messages for client
[2025-08-18 21:25:01] [3wfCbZork1r8h4aDgIW1hfWE0YA=] [SNAC-Ahmet] No offline messages found
[2025-08-18 21:25:01] [3wfCbZork1r8h4aDgIW1hfWE0YA=] [SNAC-Ahmet] Checking offline messages for client
[2025-08-18 21:25:01] [3wfCbZork1r8h4aDgIW1hfWE0YA=] [SNAC-Ahmet] No offline messages found
[2025-08-18 21:25:02] [3wfCbZork1r8h4aDgIW1hfWE0YA=] [SNAC-Ahmet] Checking offline messages for client
[2025-08-18 21:25:02] [3wfCbZork1r8h4aDgIW1hfWE0YA=] [SNAC-Ahmet] No offline messages found
[2025-08-18 21:25:02] [3wfCbZork1r8h4aDgIW1hfWE0YA=] [SNAC-Ahmet] Checking offline messages for client
[2025-08-18 21:25:02] [3wfCbZork1r8h4aDgIW1hfWE0YA=] [SNAC-Ahmet] No offline messages found
[2025-08-18 21:25:02] [3wfCbZork1r8h4aDgIW1hfWE0YA=] [SNAC-Ahmet] Checking offline messages for client
[2025-08-18 21:25:02] [3wfCbZork1r8h4aDgIW1hfWE0YA=] [SNAC-Ahmet] No offline messages found
[2025-08-18 21:26:03] [k850OzI6ZxrjpzlDqJ4VrEoVreU=] [pendos666] Checking offline messages for client
[2025-08-18 21:26:03] [k850OzI6ZxrjpzlDqJ4VrEoVreU=] [pendos666] No offline messages found
[2025-08-18 21:26:04] [k850OzI6ZxrjpzlDqJ4VrEoVreU=] [pendos666] Checking offline messages for client
[2025-08-18 21:26:04] [k850OzI6ZxrjpzlDqJ4VrEoVreU=] [pendos666] No offline messages found
[2025-08-18 21:26:04] [k850OzI6ZxrjpzlDqJ4VrEoVreU=] [pendos666] Checking offline messages for client
[2025-08-18 21:26:04] [k850OzI6ZxrjpzlDqJ4VrEoVreU=] [pendos666] No offline messages found
[2025-08-18 21:26:04] [k850OzI6ZxrjpzlDqJ4VrEoVreU=] [pendos666] Checking offline messages for client
[2025-08-18 21:26:04] [k850OzI6ZxrjpzlDqJ4VrEoVreU=] [pendos666] No offline messages found
[2025-08-18 21:26:05] [k850OzI6ZxrjpzlDqJ4VrEoVreU=] [pendos666] Checking offline messages for client
[2025-08-18 21:26:05] [k850OzI6ZxrjpzlDqJ4VrEoVreU=] [pendos666] No offline messages found
[2025-08-18 21:28:41] [wLnywMJc4bNHswALs3pyXStSTZY=] [PatoStick.] Checking offline messages for client
[2025-08-18 21:28:41] [wLnywMJc4bNHswALs3pyXStSTZY=] [PatoStick.] No offline messages found
[2025-08-18 21:29:03] [V3tw2SI5QwwMphIROm/LVXGgEW0=] [I_Kartal] Checking offline messages for client
[2025-08-18 21:29:03] [V3tw2SI5QwwMphIROm/LVXGgEW0=] [I_Kartal] No offline messages found
[2025-08-18 21:29:29] [pUCIpssKzbEhYAmtB8xcuFXcEsU=] [mostafa] Checking offline messages for client
[2025-08-18 21:29:29] [pUCIpssKzbEhYAmtB8xcuFXcEsU=] [mostafa] No offline messages found
[2025-08-18 21:29:35] [3PUL5t5Jz0KW4hyrBCzi+BArN60=] [tenshin_non] Checking offline messages for client
[2025-08-18 21:29:35] [3PUL5t5Jz0KW4hyrBCzi+BArN60=] [tenshin_non] No offline messages found
[2025-08-18 21:31:59] [jWxbfxhLxs9dPa3t1WUnys7gnbk=] [Richard_TH] Checking offline messages for client
[2025-08-18 21:31:59] [jWxbfxhLxs9dPa3t1WUnys7gnbk=] [Richard_TH] No offline messages found
[2025-08-18 21:32:51] [pUCIpssKzbEhYAmtB8xcuFXcEsU=] [mostafa] Checking offline messages for client
[2025-08-18 21:32:51] [pUCIpssKzbEhYAmtB8xcuFXcEsU=] [mostafa] No offline messages found
[2025-08-18 21:33:41] [WUFbI2wm1TirPkulhTRESNYToW0=] [sajjad] Checking offline messages for client
[2025-08-18 21:33:41] [WUFbI2wm1TirPkulhTRESNYToW0=] [sajjad] No offline messages found
[2025-08-18 21:34:08] [QtZEuMWPGcNLoylWU5/WhA71J3c=] [Snow] Checking offline messages for client
[2025-08-18 21:34:08] [QtZEuMWPGcNLoylWU5/WhA71J3c=] [Snow] No offline messages found
[2025-08-18 21:35:28] [P6d7CM+84udfLxCqpAW79AmG3jY=] [kkayzzer] Checking offline messages for client
[2025-08-18 21:35:28] [P6d7CM+84udfLxCqpAW79AmG3jY=] [kkayzzer] No offline messages found
[2025-08-18 21:38:02] [Xc1V+9hgSSUuMOB1iFNE7BbrmwA=] [Jaws] Checking offline messages for client
[2025-08-18 21:38:03] [Xc1V+9hgSSUuMOB1iFNE7BbrmwA=] [Jaws] No offline messages found
[2025-08-18 21:38:46] [dDU+qrUO+E8NJHOmrQsCvli4BEA=] [kyojin] Checking offline messages for client
[2025-08-18 21:38:46] [dDU+qrUO+E8NJHOmrQsCvli4BEA=] [kyojin] No offline messages found
[2025-08-18 21:38:54] [ZecEXT4FfeXYbAgW2C8UIiJcPNQ=] [belali-ZypRus?] Checking offline messages for client
[2025-08-18 21:38:54] [ZecEXT4FfeXYbAgW2C8UIiJcPNQ=] [belali-ZypRus?] No offline messages found
[2025-08-18 21:39:18] [n5Xa7nETcI2357nvE7k01pEFhxs=] [emoblyadi] Checking offline messages for client
[2025-08-18 21:39:18] [n5Xa7nETcI2357nvE7k01pEFhxs=] [emoblyadi] No offline messages found
[2025-08-18 21:43:15] [WUFbI2wm1TirPkulhTRESNYToW0=] [sajjad] Checking offline messages for client
[2025-08-18 21:43:15] [WUFbI2wm1TirPkulhTRESNYToW0=] [sajjad] No offline messages found
[2025-08-18 21:43:16] [hkBhnMOTE8soDHFmBL7JMnzKXrU=] [TeamSpeakUser2] Checking offline messages for client
[2025-08-18 21:43:16] [hkBhnMOTE8soDHFmBL7JMnzKXrU=] [TeamSpeakUser2] No offline messages found
[2025-08-18 21:44:50] [DxNi4BD7UAq0vlX3PZbYCobMhWc=] [Berry1] Checking offline messages for client
[2025-08-18 21:44:50] [DxNi4BD7UAq0vlX3PZbYCobMhWc=] [Berry1] No offline messages found
[2025-08-18 21:45:29] [6QTSVZJXFWVj3iE7IzR5O0qjvAA=] [Maprhendil] Checking offline messages for client
[2025-08-18 21:45:29] [6QTSVZJXFWVj3iE7IzR5O0qjvAA=] [Maprhendil] No offline messages found
[2025-08-18 21:46:52] [Lm1n0p7fC/1pjKi0sXmBUDhDWNE=] [clamoris] Checking offline messages for client
[2025-08-18 21:46:52] [Lm1n0p7fC/1pjKi0sXmBUDhDWNE=] [clamoris] No offline messages found
[2025-08-18 21:47:57] [4Trzz2r9looYqjT6W05btyo3lzs=] [ridzazz] Checking offline messages for client
[2025-08-18 21:47:57] [4Trzz2r9looYqjT6W05btyo3lzs=] [ridzazz] No offline messages found
[2025-08-18 21:49:17] [t31curkqcBIW+Mm1lFuXP/STLZo=] [1nemanjaves] Checking offline messages for client
[2025-08-18 21:49:17] [t31curkqcBIW+Mm1lFuXP/STLZo=] [1nemanjaves] No offline messages found
[2025-08-18 21:49:43] [j4lQxUVWRUlLgopGIh2SadhECrU=] [lonezzz] Checking offline messages for client
[2025-08-18 21:49:43] [j4lQxUVWRUlLgopGIh2SadhECrU=] [lonezzz] No offline messages found
[2025-08-18 21:50:57] [L7C6RyDj46rJ2KImJAiVMGuWyg8=] [mogulyok] Checking offline messages for client
[2025-08-18 21:50:57] [L7C6RyDj46rJ2KImJAiVMGuWyg8=] [mogulyok] No offline messages found
[2025-08-18 21:51:19] [G88zjUkHJLCbZF/QycvkVmMnPJA=] [ZeyphiZ] Checking offline messages for client
[2025-08-18 21:51:19] [G88zjUkHJLCbZF/QycvkVmMnPJA=] [ZeyphiZ] No offline messages found
[2025-08-18 21:54:15] [kBFPc7QWgAlbW0g+Y8ToBmiYtVc=] [ayko] Checking offline messages for client
[2025-08-18 21:54:15] [kBFPc7QWgAlbW0g+Y8ToBmiYtVc=] [ayko] No offline messages found
[2025-08-18 21:54:28] [gG1oBRi3+8CgJ8uMTW67Gez39O4=] [R6M4IN] Checking offline messages for client
[2025-08-18 21:54:28] [gG1oBRi3+8CgJ8uMTW67Gez39O4=] [R6M4IN] No offline messages found
[2025-08-18 21:58:01] [7OPNxHcTHSq+znXytBlDRPU74IQ=] [NaiRoD] Checking offline messages for client
[2025-08-18 21:58:01] [7OPNxHcTHSq+znXytBlDRPU74IQ=] [NaiRoD] No offline messages found
[2025-08-18 21:58:42] [m3jwrJafD7Z1HcDm7lAZbGqtROY=] [Zi←ِô] Checking offline messages for client
[2025-08-18 21:58:42] [m3jwrJafD7Z1HcDm7lAZbGqtROY=] [Zi←ِô] No offline messages found
[2025-08-18 21:58:52] [m3jwrJafD7Z1HcDm7lAZbGqtROY=] [Zi←ِô] Checking offline messages for client
[2025-08-18 21:58:52] [m3jwrJafD7Z1HcDm7lAZbGqtROY=] [Zi←ِô] No offline messages found
[2025-08-18 21:59:10] [m3jwrJafD7Z1HcDm7lAZbGqtROY=] [Zi←ِô] Checking offline messages for client
[2025-08-18 21:59:10] [m3jwrJafD7Z1HcDm7lAZbGqtROY=] [Zi←ِô] No offline messages found
[2025-08-18 21:59:29] [m3jwrJafD7Z1HcDm7lAZbGqtROY=] [Zi←ِô] Checking offline messages for client
[2025-08-18 21:59:29] [m3jwrJafD7Z1HcDm7lAZbGqtROY=] [Zi←ِô] No offline messages found
[2025-08-18 21:59:32] [HWG+ATHFYYOXM1l3iDtc4v9gUsM=] [Baldiez] Checking offline messages for client
[2025-08-18 21:59:32] [HWG+ATHFYYOXM1l3iDtc4v9gUsM=] [Baldiez] No offline messages found
[2025-08-18 22:01:40] [lqX2Oz/RGh+MQGKjhD9GbFED4OY=] [DarkZX] Checking offline messages for client
[2025-08-18 22:01:40] [lqX2Oz/RGh+MQGKjhD9GbFED4OY=] [DarkZX] Found 1 offline messages
[2025-08-18 22:01:42] [lqX2Oz/RGh+MQGKjhD9GbFED4OY=] [DarkZX] Sent poke message: Your private channel has been renumbered from #29 to #28 to maintain sorting order.
[2025-08-18 22:01:42] [lqX2Oz/RGh+MQGKjhD9GbFED4OY=] [DarkZX] Deleted 1 delivered messages from database
[2025-08-18 22:02:01] [hkBhnMOTE8soDHFmBL7JMnzKXrU=] [TeamSpeakUser2] Checking offline messages for client
[2025-08-18 22:02:01] [hkBhnMOTE8soDHFmBL7JMnzKXrU=] [TeamSpeakUser2] No offline messages found
[2025-08-18 22:02:58] [bOLa+1+Y4DB4U9Cq9ONlhVJ46eo=] [RAflitao] Checking offline messages for client
[2025-08-18 22:02:58] [bOLa+1+Y4DB4U9Cq9ONlhVJ46eo=] [RAflitao] No offline messages found
[2025-08-18 22:03:27] [Chs2gds0q5c5sHk5GQqGy9JmwQg=] [teaman11] Checking offline messages for client
[2025-08-18 22:03:27] [Chs2gds0q5c5sHk5GQqGy9JmwQg=] [teaman11] No offline messages found
[2025-08-18 22:06:10] [pb0kvBFjGNGQCwIw3+dxOPKug9E=] [TEANZI] Checking offline messages for client
[2025-08-18 22:06:10] [pb0kvBFjGNGQCwIw3+dxOPKug9E=] [TEANZI] No offline messages found
[2025-08-18 22:08:55] [bOLa+1+Y4DB4U9Cq9ONlhVJ46eo=] [RAflitao] Checking offline messages for client
[2025-08-18 22:08:55] [bOLa+1+Y4DB4U9Cq9ONlhVJ46eo=] [RAflitao] No offline messages found
[2025-08-18 22:17:24] [61O6lK2EyDZv74k4hwkKKJbwuQg=] [fl4sh] Checking offline messages for client
[2025-08-18 22:17:24] [61O6lK2EyDZv74k4hwkKKJbwuQg=] [fl4sh] No offline messages found
[2025-08-18 22:17:34] [mu8zHBA0U1KZm37ZU8GDo7EnWqM=] [Yusoso] Checking offline messages for client
[2025-08-18 22:17:34] [mu8zHBA0U1KZm37ZU8GDo7EnWqM=] [Yusoso] No offline messages found
[2025-08-18 22:19:59] [j4lQxUVWRUlLgopGIh2SadhECrU=] [lonezzz] Checking offline messages for client
[2025-08-18 22:19:59] [j4lQxUVWRUlLgopGIh2SadhECrU=] [lonezzz] No offline messages found
[2025-08-18 22:20:45] [AJimp0Wwxt3LJm5dPIyisfwXR6U=] [N3rvezz] Checking offline messages for client
[2025-08-18 22:20:45] [AJimp0Wwxt3LJm5dPIyisfwXR6U=] [N3rvezz] No offline messages found
[2025-08-18 22:24:55] [t31curkqcBIW+Mm1lFuXP/STLZo=] [1nemanjaves] Checking offline messages for client
[2025-08-18 22:24:55] [t31curkqcBIW+Mm1lFuXP/STLZo=] [1nemanjaves] No offline messages found
[2025-08-18 22:26:47] [DdvfOAoep9XKOfimQ/Nit/nevWs=] [-3k] Checking offline messages for client
[2025-08-18 22:26:47] [DdvfOAoep9XKOfimQ/Nit/nevWs=] [-3k] No offline messages found
[2025-08-18 22:30:44] [GRmt7jZLfS3A+SdGDckb2BiZEAk=] [sameqqq] Checking offline messages for client
[2025-08-18 22:30:44] [GRmt7jZLfS3A+SdGDckb2BiZEAk=] [sameqqq] No offline messages found
[2025-08-18 22:31:43] [Ur4QEkJdoUnTlF/3Qq/fhchir7U=] [Alex0807] Checking offline messages for client
[2025-08-18 22:31:43] [Ur4QEkJdoUnTlF/3Qq/fhchir7U=] [Alex0807] No offline messages found
[2025-08-18 22:33:56] [HWLzM87+yNul7zc6POACMa/NjHo=] [TeamSpeakUser] Checking offline messages for client
[2025-08-18 22:33:56] [HWLzM87+yNul7zc6POACMa/NjHo=] [TeamSpeakUser] No offline messages found
[2025-08-18 22:34:00] [TWI+XXGLu2pwzCW3cEOZstlE9X4=] [FlavianFCP] Checking offline messages for client
[2025-08-18 22:34:00] [TWI+XXGLu2pwzCW3cEOZstlE9X4=] [FlavianFCP] No offline messages found
[2025-08-18 22:36:24] [bfBHMKZBZ+ykgSUwUk0K/ZJFvDw=] [zzzCorleonezzz ( Бислан )] Checking offline messages for client
[2025-08-18 22:36:24] [bfBHMKZBZ+ykgSUwUk0K/ZJFvDw=] [zzzCorleonezzz ( Бислан )] No offline messages found
[2025-08-18 22:40:07] [BwlvWTk4X2R/AjiK56jphGEzeDU=] [TeamSpeakUser3] Checking offline messages for client
[2025-08-18 22:40:07] [BwlvWTk4X2R/AjiK56jphGEzeDU=] [TeamSpeakUser3] No offline messages found
[2025-08-18 22:41:11] [xiNrZG6HSOENN9HT42NqMU0htQc=] [TeamSpeakUser6] Checking offline messages for client
[2025-08-18 22:41:11] [xiNrZG6HSOENN9HT42NqMU0htQc=] [TeamSpeakUser6] No offline messages found
[2025-08-18 22:41:26] [5lVyVx5BSqJWrEcKd5UNmlKvluE=] [Neil0001k] Checking offline messages for client
[2025-08-18 22:41:26] [5lVyVx5BSqJWrEcKd5UNmlKvluE=] [Neil0001k] No offline messages found
[2025-08-18 22:43:17] [ymFdwDlKTCkNO9T00Dc3n9/jeec=] [RedSkull_TR] Checking offline messages for client
[2025-08-18 22:43:17] [ymFdwDlKTCkNO9T00Dc3n9/jeec=] [RedSkull_TR] No offline messages found
[2025-08-18 22:43:28] [OtB8/Fi/zTqtCmvCEOm37xd//Ys=] [poo] Checking offline messages for client
[2025-08-18 22:43:28] [OtB8/Fi/zTqtCmvCEOm37xd//Ys=] [poo] No offline messages found
[2025-08-18 22:44:16] [DdvfOAoep9XKOfimQ/Nit/nevWs=] [-3k] Checking offline messages for client
[2025-08-18 22:44:16] [DdvfOAoep9XKOfimQ/Nit/nevWs=] [-3k] No offline messages found
[2025-08-18 22:47:01] [C7NxckscL5/kGQPP6KRbYm7iI+g=] [moco] Checking offline messages for client
[2025-08-18 22:47:01] [C7NxckscL5/kGQPP6KRbYm7iI+g=] [moco] No offline messages found
[2025-08-18 22:50:50] [xiNrZG6HSOENN9HT42NqMU0htQc=] [TeamSpeakUser6] Checking offline messages for client
[2025-08-18 22:50:50] [xiNrZG6HSOENN9HT42NqMU0htQc=] [TeamSpeakUser6] No offline messages found
[2025-08-18 22:54:19] [lGDSZyeJL29ONrj2W5pHJxVCs9c=] [TeamSpeakUser7] Checking offline messages for client
[2025-08-18 22:54:19] [lGDSZyeJL29ONrj2W5pHJxVCs9c=] [TeamSpeakUser7] No offline messages found
[2025-08-18 22:57:22] [sC96QZMY/yY8Fc9QjquVCkLiW2c=] [Amirali] Checking offline messages for client
[2025-08-18 22:57:22] [sC96QZMY/yY8Fc9QjquVCkLiW2c=] [Amirali] No offline messages found
[2025-08-18 22:57:59] [vs+7gbTKwu+h+XgDI2qVApOBkfk=] [Viko(ع)] Checking offline messages for client
[2025-08-18 22:57:59] [vs+7gbTKwu+h+XgDI2qVApOBkfk=] [Viko(ع)] Found 1 offline messages
[2025-08-18 22:58:01] [vs+7gbTKwu+h+XgDI2qVApOBkfk=] [Viko(ع)] Sent poke message: Your private channel has been renumbered from #22 to #21 to maintain sorting order.
[2025-08-18 22:58:01] [vs+7gbTKwu+h+XgDI2qVApOBkfk=] [Viko(ع)] Deleted 1 delivered messages from database
[2025-08-18 22:58:29] [olx89Pdjc5M3fEKtvl/uuQb51Rw=] [СИСЯМАСИСЯ] Checking offline messages for client
[2025-08-18 22:58:29] [olx89Pdjc5M3fEKtvl/uuQb51Rw=] [СИСЯМАСИСЯ] No offline messages found
[2025-08-18 23:01:47] [7lkgv1NgBUC4Nbvfz0XxfSTDHSQ=] [Platonuch_UA] Checking offline messages for client
[2025-08-18 23:01:47] [7lkgv1NgBUC4Nbvfz0XxfSTDHSQ=] [Platonuch_UA] No offline messages found
[2025-08-18 23:06:46] [/mzr7m5M1AUqCTcwyiSTJ0GsHrY=] [TeamSpeakUser5] Checking offline messages for client
[2025-08-18 23:06:46] [/mzr7m5M1AUqCTcwyiSTJ0GsHrY=] [TeamSpeakUser5] No offline messages found
[2025-08-18 23:07:16] [IvPuoleyuChePKK0GR7sRhVCkJE=] [SYRUSSS] Checking offline messages for client
[2025-08-18 23:07:16] [IvPuoleyuChePKK0GR7sRhVCkJE=] [SYRUSSS] No offline messages found
[2025-08-18 23:09:06] [Ur4QEkJdoUnTlF/3Qq/fhchir7U=] [Alex0807] Checking offline messages for client
[2025-08-18 23:09:06] [Ur4QEkJdoUnTlF/3Qq/fhchir7U=] [Alex0807] No offline messages found
[2025-08-18 23:09:07] [TWI+XXGLu2pwzCW3cEOZstlE9X4=] [FlavianFCP] Checking offline messages for client
[2025-08-18 23:09:07] [TWI+XXGLu2pwzCW3cEOZstlE9X4=] [FlavianFCP] No offline messages found
[2025-08-18 23:14:52] [P6d7CM+84udfLxCqpAW79AmG3jY=] [kkayzzer] Checking offline messages for client
[2025-08-18 23:14:52] [P6d7CM+84udfLxCqpAW79AmG3jY=] [kkayzzer] No offline messages found
[2025-08-18 23:15:03] [ZRJE0ISA13RmnFcasOlw68BVsNY=] [F4funder] Checking offline messages for client
[2025-08-18 23:15:03] [ZRJE0ISA13RmnFcasOlw68BVsNY=] [F4funder] No offline messages found
[2025-08-18 23:15:14] [dgMfDF4u6fUyjWssTcQI+3qeKR0=] [Halilclml42] Checking offline messages for client
[2025-08-18 23:15:14] [dgMfDF4u6fUyjWssTcQI+3qeKR0=] [Halilclml42] No offline messages found
[2025-08-18 23:23:26] [VzDfRDmJ7uM/C1TaZb3VAAD1IFw=] [reverz] Checking offline messages for client
[2025-08-18 23:23:26] [VzDfRDmJ7uM/C1TaZb3VAAD1IFw=] [reverz] No offline messages found
[2025-08-18 23:23:55] [Ag/FVhWEzsKnA0vVa/vMGbR847A=] [xGhostyLEGIT] Checking offline messages for client
[2025-08-18 23:23:55] [Ag/FVhWEzsKnA0vVa/vMGbR847A=] [xGhostyLEGIT] No offline messages found
[2025-08-18 23:24:45] [lPq8Y8B1JOHL6QoSGZDwJ6xzT7Q=] [vata] Checking offline messages for client
[2025-08-18 23:24:45] [lPq8Y8B1JOHL6QoSGZDwJ6xzT7Q=] [vata] No offline messages found
[2025-08-18 23:25:39] [+eY62p4z2Yc8MBABvp55HWZZJ18=] [saulov] Checking offline messages for client
[2025-08-18 23:25:39] [+eY62p4z2Yc8MBABvp55HWZZJ18=] [saulov] Found 2 offline messages
[2025-08-18 23:25:41] [+eY62p4z2Yc8MBABvp55HWZZJ18=] [saulov] Sent poke message: Your private channel has been renumbered from #22 to #21 to maintain sorting order.
[2025-08-18 23:25:41] [+eY62p4z2Yc8MBABvp55HWZZJ18=] [saulov] Sent poke message: Your private channel has been renumbered from #21 to #20 to maintain sorting order.
[2025-08-18 23:25:41] [+eY62p4z2Yc8MBABvp55HWZZJ18=] [saulov] Deleted 2 delivered messages from database
[2025-08-18 23:31:40] [CnsaFLBvFsaEG5TIA7bpH7+nWrU=] [ardoş] Checking offline messages for client
[2025-08-18 23:31:40] [CnsaFLBvFsaEG5TIA7bpH7+nWrU=] [ardoş] No offline messages found
[2025-08-18 23:34:59] [AC87pO3YB+wvZ5G27tY2glDTG4M=] [andy76633] Checking offline messages for client
[2025-08-18 23:34:59] [AC87pO3YB+wvZ5G27tY2glDTG4M=] [andy76633] No offline messages found
[2025-08-18 23:37:54] [dQduHytlYfXayqUKaU5iChZBKUQ=] [zitrvxmode] Checking offline messages for client
[2025-08-18 23:37:54] [dQduHytlYfXayqUKaU5iChZBKUQ=] [zitrvxmode] No offline messages found
[2025-08-18 23:38:23] [ruBTdp0pA5iSR/zKwFt9sBDK+SI=] [alexei_shubin] Checking offline messages for client
[2025-08-18 23:38:23] [ruBTdp0pA5iSR/zKwFt9sBDK+SI=] [alexei_shubin] No offline messages found
[2025-08-18 23:38:40] [OtB8/Fi/zTqtCmvCEOm37xd//Ys=] [poo] Checking offline messages for client
[2025-08-18 23:38:40] [OtB8/Fi/zTqtCmvCEOm37xd//Ys=] [poo] No offline messages found
[2025-08-18 23:39:26] [/1c3hnIXOwjsXANFVcRWw1+gjKs=] [DayDreamEscape Mustafa] Checking offline messages for client
[2025-08-18 23:39:26] [/1c3hnIXOwjsXANFVcRWw1+gjKs=] [DayDreamEscape Mustafa] No offline messages found
[2025-08-18 23:39:42] [vg3+0CMqNZWes0lxJIK9IzkazSo=] [BEBETO] Checking offline messages for client
[2025-08-18 23:39:42] [vg3+0CMqNZWes0lxJIK9IzkazSo=] [BEBETO] No offline messages found
[2025-08-18 23:42:04] [EJAUg1LkK9vCvLadIGqEVIMMPOM=] [cook1ch] Checking offline messages for client
[2025-08-18 23:42:04] [EJAUg1LkK9vCvLadIGqEVIMMPOM=] [cook1ch] No offline messages found
[2025-08-18 23:45:01] [jSTg9YTztkw2ARVExNYDIoNpcOA=] [Kamil42 Tuco32] Checking offline messages for client
[2025-08-18 23:45:01] [jSTg9YTztkw2ARVExNYDIoNpcOA=] [Kamil42 Tuco32] No offline messages found
[2025-08-18 23:45:18] [LfDr1oNUlXp5ze20IIFiLIgK5yQ=] [1.6fsi] Checking offline messages for client
[2025-08-18 23:45:18] [LfDr1oNUlXp5ze20IIFiLIgK5yQ=] [1.6fsi] No offline messages found
[2025-08-18 23:45:32] [BwlvWTk4X2R/AjiK56jphGEzeDU=] [TeamSpeakUser3] Checking offline messages for client
[2025-08-18 23:45:32] [BwlvWTk4X2R/AjiK56jphGEzeDU=] [TeamSpeakUser3] No offline messages found
[2025-08-18 23:46:46] [jSTg9YTztkw2ARVExNYDIoNpcOA=] [Kamil42 Tuco32] Checking offline messages for client
[2025-08-18 23:46:46] [jSTg9YTztkw2ARVExNYDIoNpcOA=] [Kamil42 Tuco32] No offline messages found
[2025-08-18 23:54:40] [Yolrk0vLW7Jl+G3XWWoj32wvYHo=] [joy] Checking offline messages for client
[2025-08-18 23:54:40] [Yolrk0vLW7Jl+G3XWWoj32wvYHo=] [joy] Found 2 offline messages
[2025-08-18 23:54:42] [Yolrk0vLW7Jl+G3XWWoj32wvYHo=] [joy] Sent poke message: Your private channel has been renumbered from #28 to #27 to maintain sorting order.
[2025-08-18 23:54:42] [Yolrk0vLW7Jl+G3XWWoj32wvYHo=] [joy] Sent poke message: Your private channel has been renumbered from #27 to #26 to maintain sorting order.
[2025-08-18 23:54:42] [Yolrk0vLW7Jl+G3XWWoj32wvYHo=] [joy] Deleted 2 delivered messages from database
[2025-08-18 23:54:56] [0Z2wqQcTx0kpb/KIf+NPkyv4b60=] [-W1LLL] Checking offline messages for client
[2025-08-18 23:54:56] [0Z2wqQcTx0kpb/KIf+NPkyv4b60=] [-W1LLL] No offline messages found
[2025-08-18 23:56:20] [/1c3hnIXOwjsXANFVcRWw1+gjKs=] [DayDreamEscape Mustafa] Checking offline messages for client
[2025-08-18 23:56:20] [/1c3hnIXOwjsXANFVcRWw1+gjKs=] [DayDreamEscape Mustafa] No offline messages found
[2025-08-18 23:56:23] [cTD17OIfk/hrp2OpewjFGlpa2mk=] [TeamSpeakUser13] Checking offline messages for client
[2025-08-18 23:56:23] [cTD17OIfk/hrp2OpewjFGlpa2mk=] [TeamSpeakUser13] No offline messages found
[2025-08-18 23:57:48] [hnH8Pkux3Af6xG46f+oe81jVdcA=] [-EscA`#] Checking offline messages for client
[2025-08-18 23:57:48] [hnH8Pkux3Af6xG46f+oe81jVdcA=] [-EscA`#] No offline messages found
