[2025-05-24 00:00:53] [0WgZKkj6v4iiMp7/eG9vKSWI5qU=] [TeamSpeakUser3] Checking offline messages for client
[2025-05-24 00:00:53] [0WgZKkj6v4iiMp7/eG9vKSWI5qU=] [TeamSpeakUser3] No offline messages found
[2025-05-24 00:01:53] [Ops676Lt6XgMPCQGa8NIevUnutU=] [mmd] Checking offline messages for client
[2025-05-24 00:01:53] [Ops676Lt6XgMPCQGa8NIevUnutU=] [mmd] No offline messages found
[2025-05-24 00:02:08] [HBY+WV6cf6LeM5lvEFlnwwxDWeY=] [TeamSpeakUser4] Checking offline messages for client
[2025-05-24 00:02:08] [HBY+WV6cf6LeM5lvEFlnwwxDWeY=] [TeamSpeakUser4] No offline messages found
[2025-05-24 00:02:55] [qpn40cwzQZRSEulnQM+9ZA4wdZY=] [oxn] Checking offline messages for client
[2025-05-24 00:02:55] [qpn40cwzQZRSEulnQM+9ZA4wdZY=] [oxn] No offline messages found
[2025-05-24 00:05:46] [KgtWKCUgHe+YIFq4EEIuJUQeydU=] [Mehdi_km81] Checking offline messages for client
[2025-05-24 00:05:46] [KgtWKCUgHe+YIFq4EEIuJUQeydU=] [Mehdi_km81] No offline messages found
[2025-05-24 00:06:50] [HA8AwjGjfttaVD2BbXsV3SrC+rA=] [Axtic] Checking offline messages for client
[2025-05-24 00:06:50] [HA8AwjGjfttaVD2BbXsV3SrC+rA=] [Axtic] No offline messages found
[2025-05-24 00:09:57] [Mb6dR/g4URSfDnUQLHUZn7ZBzJg=] [TeamSpeakUser5] Checking offline messages for client
[2025-05-24 00:09:57] [Mb6dR/g4URSfDnUQLHUZn7ZBzJg=] [TeamSpeakUser5] No offline messages found
[2025-05-24 00:14:23] [Dc/Ggyt1DgiMyn/5eWEzCmpXrdI=] [arman] Checking offline messages for client
[2025-05-24 00:14:23] [Dc/Ggyt1DgiMyn/5eWEzCmpXrdI=] [arman] No offline messages found
[2025-05-24 00:14:30] [fNEvOZl2Ze4dVyrcvg7+PCUoBpg=] [Can] Checking offline messages for client
[2025-05-24 00:14:30] [fNEvOZl2Ze4dVyrcvg7+PCUoBpg=] [Can] No offline messages found
[2025-05-24 00:15:51] [qpn40cwzQZRSEulnQM+9ZA4wdZY=] [oxn] Checking offline messages for client
[2025-05-24 00:15:51] [qpn40cwzQZRSEulnQM+9ZA4wdZY=] [oxn] No offline messages found
[2025-05-24 00:16:15] [fNEvOZl2Ze4dVyrcvg7+PCUoBpg=] [Can] Checking offline messages for client
[2025-05-24 00:16:15] [fNEvOZl2Ze4dVyrcvg7+PCUoBpg=] [Can] No offline messages found
[2025-05-24 00:18:52] [6QTSVZJXFWVj3iE7IzR5O0qjvAA=] [Maprhendil] Checking offline messages for client
[2025-05-24 00:18:52] [6QTSVZJXFWVj3iE7IzR5O0qjvAA=] [Maprhendil] No offline messages found
[2025-05-24 00:19:31] [e/4+5EJTg+lWWWSQlD5BZkvtxDI=] [Уиннер] Checking offline messages for client
[2025-05-24 00:19:31] [e/4+5EJTg+lWWWSQlD5BZkvtxDI=] [Уиннер] No offline messages found
[2025-05-24 00:23:04] [5TbrZIDgJ3Q9TbA+znMPtlqMHRE=] [berksesxd13] Checking offline messages for client
[2025-05-24 00:23:04] [5TbrZIDgJ3Q9TbA+znMPtlqMHRE=] [berksesxd13] No offline messages found
[2025-05-24 00:23:29] [jyNREbFc1g7kS1FKSohnZyaSx+g=] [ivansultan] Checking offline messages for client
[2025-05-24 00:23:29] [jyNREbFc1g7kS1FKSohnZyaSx+g=] [ivansultan] No offline messages found
[2025-05-24 00:24:03] [nz/3yfPhEw/HgzikSDgPRJICVcE=] [Bloker] Checking offline messages for client
[2025-05-24 00:24:03] [nz/3yfPhEw/HgzikSDgPRJICVcE=] [Bloker] No offline messages found
[2025-05-24 00:24:08] [fNEvOZl2Ze4dVyrcvg7+PCUoBpg=] [Can] Checking offline messages for client
[2025-05-24 00:24:08] [fNEvOZl2Ze4dVyrcvg7+PCUoBpg=] [Can] No offline messages found
[2025-05-24 00:25:18] [jyNREbFc1g7kS1FKSohnZyaSx+g=] [ivansultan] Checking offline messages for client
[2025-05-24 00:25:18] [jyNREbFc1g7kS1FKSohnZyaSx+g=] [ivansultan] No offline messages found
[2025-05-24 00:29:47] [AGdHkXzCmxr/fBHS1DaP9ZnVpGo=] [alper] Checking offline messages for client
[2025-05-24 00:29:47] [AGdHkXzCmxr/fBHS1DaP9ZnVpGo=] [alper] No offline messages found
[2025-05-24 00:30:35] [hFplnszNsVWixGv+jr9PV6siVtc=] [PitcaRNNN``] Checking offline messages for client
[2025-05-24 00:30:35] [hFplnszNsVWixGv+jr9PV6siVtc=] [PitcaRNNN``] No offline messages found
[2025-05-24 00:32:53] [KgtWKCUgHe+YIFq4EEIuJUQeydU=] [Mehdi_km81] Checking offline messages for client
[2025-05-24 00:32:53] [KgtWKCUgHe+YIFq4EEIuJUQeydU=] [Mehdi_km81] No offline messages found
[2025-05-24 00:40:59] [4n3OJLlDIXqGWgX5mGl2tyk9B5w=] [qRunT] Checking offline messages for client
[2025-05-24 00:40:59] [4n3OJLlDIXqGWgX5mGl2tyk9B5w=] [qRunT] No offline messages found
[2025-05-24 00:42:13] [HA8AwjGjfttaVD2BbXsV3SrC+rA=] [Axtic] Checking offline messages for client
[2025-05-24 00:42:13] [HA8AwjGjfttaVD2BbXsV3SrC+rA=] [Axtic] No offline messages found
[2025-05-24 00:49:01] [KgtWKCUgHe+YIFq4EEIuJUQeydU=] [Mehdi_km81] Checking offline messages for client
[2025-05-24 00:49:01] [KgtWKCUgHe+YIFq4EEIuJUQeydU=] [Mehdi_km81] No offline messages found
[2025-05-24 00:58:21] [vxdfFXt33wnNnlZXoiwbyFr5Y7M=] [buchka] Checking offline messages for client
[2025-05-24 00:58:21] [vxdfFXt33wnNnlZXoiwbyFr5Y7M=] [buchka] No offline messages found
[2025-05-24 01:02:23] [tnVKLhBV7l0ujurKDSs+MWGNsj8=] [TeamSpeakUser] Checking offline messages for client
[2025-05-24 01:02:23] [tnVKLhBV7l0ujurKDSs+MWGNsj8=] [TeamSpeakUser] No offline messages found
[2025-05-24 01:10:06] [kMuIlPE/nEWLNgDyh+Tog3nmjwo=] [Decontes] Checking offline messages for client
[2025-05-24 01:10:06] [kMuIlPE/nEWLNgDyh+Tog3nmjwo=] [Decontes] No offline messages found
[2025-05-24 01:10:49] [viVSQUQnCTQuwxbPhmh+kM6vPNw=] [ЕбанныйСничьБлять] Checking offline messages for client
[2025-05-24 01:10:49] [viVSQUQnCTQuwxbPhmh+kM6vPNw=] [ЕбанныйСничьБлять] No offline messages found
[2025-05-24 01:15:03] [scep5aSYAA2didXgARsEw35ek0c=] [TeamSpeakUser2] Checking offline messages for client
[2025-05-24 01:15:03] [scep5aSYAA2didXgARsEw35ek0c=] [TeamSpeakUser2] No offline messages found
[2025-05-24 01:19:54] [qI2AgL2fCVT+OOYvCkUB1vKBbFE=] [xDimitryxEc] Checking offline messages for client
[2025-05-24 01:19:54] [qI2AgL2fCVT+OOYvCkUB1vKBbFE=] [xDimitryxEc] No offline messages found
[2025-05-24 01:22:56] [5TbrZIDgJ3Q9TbA+znMPtlqMHRE=] [berksesxd13] Checking offline messages for client
[2025-05-24 01:22:56] [5TbrZIDgJ3Q9TbA+znMPtlqMHRE=] [berksesxd13] No offline messages found
[2025-05-24 01:24:07] [GOV5gwJbYlCsi25msLmnfnZypPY=] [TeamSpeakUser7] Checking offline messages for client
[2025-05-24 01:24:07] [GOV5gwJbYlCsi25msLmnfnZypPY=] [TeamSpeakUser7] No offline messages found
[2025-05-24 01:33:11] [5TbrZIDgJ3Q9TbA+znMPtlqMHRE=] [berksesxd13] Checking offline messages for client
[2025-05-24 01:33:11] [5TbrZIDgJ3Q9TbA+znMPtlqMHRE=] [berksesxd13] No offline messages found
[2025-05-24 01:33:59] [5TbrZIDgJ3Q9TbA+znMPtlqMHRE=] [berksesxd13] Checking offline messages for client
[2025-05-24 01:33:59] [5TbrZIDgJ3Q9TbA+znMPtlqMHRE=] [berksesxd13] No offline messages found
[2025-05-24 01:34:28] [5TbrZIDgJ3Q9TbA+znMPtlqMHRE=] [berksesxd13] Checking offline messages for client
[2025-05-24 01:34:28] [5TbrZIDgJ3Q9TbA+znMPtlqMHRE=] [berksesxd13] No offline messages found
[2025-05-24 01:44:01] [/1zh5UZByLTdvlsutCxQEUPQ3jg=] [Skr] Checking offline messages for client
[2025-05-24 01:44:01] [/1zh5UZByLTdvlsutCxQEUPQ3jg=] [Skr] No offline messages found
[2025-05-24 01:49:00] [HA8AwjGjfttaVD2BbXsV3SrC+rA=] [Axtic] Checking offline messages for client
[2025-05-24 01:49:00] [HA8AwjGjfttaVD2BbXsV3SrC+rA=] [Axtic] No offline messages found
[2025-05-24 01:49:13] [2Euj0o1MpKUm4CF8H6rUzPJKypU=] [TeamSpeakUser8] Checking offline messages for client
[2025-05-24 01:49:13] [2Euj0o1MpKUm4CF8H6rUzPJKypU=] [TeamSpeakUser8] No offline messages found
[2025-05-24 01:56:56] [t92qH/xUfWHIFyGP/hiWw3x4kN0=] [JKosrup] Checking offline messages for client
[2025-05-24 01:56:56] [t92qH/xUfWHIFyGP/hiWw3x4kN0=] [JKosrup] No offline messages found
[2025-05-24 02:04:44] [H2NCI3FZLvlL0DcbEJRACZuex1M=] [Hasanich] Checking offline messages for client
[2025-05-24 02:04:44] [H2NCI3FZLvlL0DcbEJRACZuex1M=] [Hasanich] No offline messages found
[2025-05-24 02:16:49] [GOV5gwJbYlCsi25msLmnfnZypPY=] [TeamSpeakUser6] Checking offline messages for client
[2025-05-24 02:16:49] [GOV5gwJbYlCsi25msLmnfnZypPY=] [TeamSpeakUser6] No offline messages found
[2025-05-24 02:18:36] [zS1r6ApCdGTELKoHee5DPSZFoSk=] [Crumblenaldo420] Checking offline messages for client
[2025-05-24 02:18:36] [zS1r6ApCdGTELKoHee5DPSZFoSk=] [Crumblenaldo420] No offline messages found
[2025-05-24 02:53:14] [rShY/1ZC2w9lkwgM2GcewWZlxrw=] [LokyJR16] Checking offline messages for client
[2025-05-24 02:53:14] [rShY/1ZC2w9lkwgM2GcewWZlxrw=] [LokyJR16] No offline messages found
[2025-05-24 02:57:52] [Mb6dR/g4URSfDnUQLHUZn7ZBzJg=] [TeamSpeakUser] Checking offline messages for client
[2025-05-24 02:57:52] [Mb6dR/g4URSfDnUQLHUZn7ZBzJg=] [TeamSpeakUser] No offline messages found
[2025-05-24 03:00:17] [nJpDeYNv3f53/wEC65T6btLLdCA=] [Nattsu] Checking offline messages for client
[2025-05-24 03:00:17] [nJpDeYNv3f53/wEC65T6btLLdCA=] [Nattsu] No offline messages found
[2025-05-24 03:10:15] [nJpDeYNv3f53/wEC65T6btLLdCA=] [Nattsu] Checking offline messages for client
[2025-05-24 03:10:15] [nJpDeYNv3f53/wEC65T6btLLdCA=] [Nattsu] No offline messages found
[2025-05-24 03:13:07] [f+TaUKq7IQ0HeJp/jsC0xW1sPWU=] [Namja] Checking offline messages for client
[2025-05-24 03:13:07] [f+TaUKq7IQ0HeJp/jsC0xW1sPWU=] [Namja] No offline messages found
[2025-05-24 03:24:43] [fTawuZTUotJXyHzlLWZgSsYlLfg=] [TeamSpeakUser] Checking offline messages for client
[2025-05-24 03:24:43] [fTawuZTUotJXyHzlLWZgSsYlLfg=] [TeamSpeakUser] No offline messages found
[2025-05-24 03:36:13] [3PUL5t5Jz0KW4hyrBCzi+BArN60=] [tenshin_non] Checking offline messages for client
[2025-05-24 03:36:13] [3PUL5t5Jz0KW4hyrBCzi+BArN60=] [tenshin_non] No offline messages found
[2025-05-24 03:37:03] [jWxbfxhLxs9dPa3t1WUnys7gnbk=] [Richard_TH] Checking offline messages for client
[2025-05-24 03:37:03] [jWxbfxhLxs9dPa3t1WUnys7gnbk=] [Richard_TH] No offline messages found
[2025-05-24 04:36:45] [EXx2byRKRGptAt/baFXiPGojcHg=] [420] Checking offline messages for client
[2025-05-24 04:36:45] [EXx2byRKRGptAt/baFXiPGojcHg=] [420] No offline messages found
[2025-05-24 04:57:20] [aDAibG2QJv4mRxG6p4XGTRT+QKM=] [Etesech] Checking offline messages for client
[2025-05-24 04:57:20] [aDAibG2QJv4mRxG6p4XGTRT+QKM=] [Etesech] No offline messages found
[2025-05-24 04:58:14] [tE5zDWK/YpdYwFqbNTh943GaDFM=] [EL Pepe] Checking offline messages for client
[2025-05-24 04:58:14] [tE5zDWK/YpdYwFqbNTh943GaDFM=] [EL Pepe] No offline messages found
[2025-05-24 05:16:22] [qNsg0b7JeakWdOg/MBVUEfo+t/s=] [Chico] Checking offline messages for client
[2025-05-24 05:16:22] [qNsg0b7JeakWdOg/MBVUEfo+t/s=] [Chico] No offline messages found
[2025-05-24 05:16:26] [rfSlRu7uzjI8pCmk2erQZXW6+7M=] [juju] Checking offline messages for client
[2025-05-24 05:16:26] [rfSlRu7uzjI8pCmk2erQZXW6+7M=] [juju] No offline messages found
[2025-05-24 05:38:08] [Cju4m/uTGyCNqS7/SIG2IP8ngvw=] [Hokage] Checking offline messages for client
[2025-05-24 05:38:08] [Cju4m/uTGyCNqS7/SIG2IP8ngvw=] [Hokage] No offline messages found
[2025-05-24 05:42:19] [9ZMDVP5+ZKN+BZGelrrAqyvWFes=] [Juni] Checking offline messages for client
[2025-05-24 05:42:19] [9ZMDVP5+ZKN+BZGelrrAqyvWFes=] [Juni] No offline messages found
[2025-05-24 05:53:06] [nJpDeYNv3f53/wEC65T6btLLdCA=] [Nattsu] Checking offline messages for client
[2025-05-24 05:53:06] [nJpDeYNv3f53/wEC65T6btLLdCA=] [Nattsu] No offline messages found
[2025-05-24 05:56:12] [/RAzcpvI3kkRHrR2/6cu+vbbL7E=] [HELLKEEPER] Checking offline messages for client
[2025-05-24 05:56:12] [/RAzcpvI3kkRHrR2/6cu+vbbL7E=] [HELLKEEPER] No offline messages found
[2025-05-24 05:57:55] [DxPf7y65dS4JUyNO5FBQ93S0Ce0=] [El Profeta] Checking offline messages for client
[2025-05-24 05:57:55] [DxPf7y65dS4JUyNO5FBQ93S0Ce0=] [El Profeta] No offline messages found
[2025-05-24 06:00:14] [TRp2hJqsILQx3ntChVo5pb1Rj2Q=] [Frankosh] Checking offline messages for client
[2025-05-24 06:00:14] [TRp2hJqsILQx3ntChVo5pb1Rj2Q=] [Frankosh] No offline messages found
[2025-05-24 06:00:36] [DxPf7y65dS4JUyNO5FBQ93S0Ce0=] [El Profeta] Checking offline messages for client
[2025-05-24 06:00:36] [DxPf7y65dS4JUyNO5FBQ93S0Ce0=] [El Profeta] No offline messages found
[2025-05-24 06:05:28] [KL0QZuz7P/nwwL6XYSCsDg/Yqw0=] [DIMAX] Checking offline messages for client
[2025-05-24 06:05:28] [KL0QZuz7P/nwwL6XYSCsDg/Yqw0=] [DIMAX] No offline messages found
[2025-05-24 06:06:13] [MxNVaOHwPkvp7uK2EpvALsAYX0M=] [Blood] Checking offline messages for client
[2025-05-24 06:06:13] [MxNVaOHwPkvp7uK2EpvALsAYX0M=] [Blood] No offline messages found
[2025-05-24 06:10:10] [wb6hjyPFES1y2OQVEICWPB5jO8g=] [Safarijoe] Checking offline messages for client
[2025-05-24 06:10:10] [wb6hjyPFES1y2OQVEICWPB5jO8g=] [Safarijoe] No offline messages found
[2025-05-24 06:26:51] [BeICdvIiZVCXM27KQGZo0ienVIU=] [paga eu xina] Checking offline messages for client
[2025-05-24 06:26:51] [BeICdvIiZVCXM27KQGZo0ienVIU=] [paga eu xina] No offline messages found
[2025-05-24 06:57:20] [esphB+mG2+N8I3ntRjK04Tgvv7o=] [Phantor] Checking offline messages for client
[2025-05-24 06:57:20] [esphB+mG2+N8I3ntRjK04Tgvv7o=] [Phantor] No offline messages found
[2025-05-24 06:59:17] [esphB+mG2+N8I3ntRjK04Tgvv7o=] [Phantor] Checking offline messages for client
[2025-05-24 06:59:17] [esphB+mG2+N8I3ntRjK04Tgvv7o=] [Phantor] No offline messages found
[2025-05-24 07:23:58] [3oWtn5L+6IU6K2KqfHLzLNq4zKM=] [kaetanin] Checking offline messages for client
[2025-05-24 07:23:58] [3oWtn5L+6IU6K2KqfHLzLNq4zKM=] [kaetanin] No offline messages found
[2025-05-24 07:32:09] [08lWq8COBvwUbmnyd09GyczKWqE=] [xCyBeRx] Checking offline messages for client
[2025-05-24 07:32:09] [08lWq8COBvwUbmnyd09GyczKWqE=] [xCyBeRx] No offline messages found
[2025-05-24 07:43:51] [0TS7jt0APSegEgA9K9hIWfin7m0=] [dadaok] Checking offline messages for client
[2025-05-24 07:43:51] [0TS7jt0APSegEgA9K9hIWfin7m0=] [dadaok] No offline messages found
[2025-05-24 07:53:39] [BRaWiwrzOtcS/sYHiflYSwLYQeM=] [Kxmyy] Checking offline messages for client
[2025-05-24 07:53:39] [BRaWiwrzOtcS/sYHiflYSwLYQeM=] [Kxmyy] No offline messages found
[2025-05-24 07:54:25] [BRaWiwrzOtcS/sYHiflYSwLYQeM=] [Kxmyy] Checking offline messages for client
[2025-05-24 07:54:25] [BRaWiwrzOtcS/sYHiflYSwLYQeM=] [Kxmyy] No offline messages found
[2025-05-24 07:56:20] [WtWgpfS8UE18SW7yGXm3r1yoO/c=] [Kowismo] Checking offline messages for client
[2025-05-24 07:56:20] [WtWgpfS8UE18SW7yGXm3r1yoO/c=] [Kowismo] No offline messages found
[2025-05-24 08:22:50] [d4+NlxlILo90ViiY0WLlIDcSvQs=] [TAXMANTokkMoeny] Checking offline messages for client
[2025-05-24 08:22:50] [d4+NlxlILo90ViiY0WLlIDcSvQs=] [TAXMANTokkMoeny] No offline messages found
[2025-05-24 08:27:38] [APvCxYWLJt5FetRtnwrXlJVrRoY=] [zasosa1o] Checking offline messages for client
[2025-05-24 08:27:38] [APvCxYWLJt5FetRtnwrXlJVrRoY=] [zasosa1o] No offline messages found
[2025-05-24 08:30:08] [Q9b6HFpSP63zred3z+UJRqHDSQE=] [M4ODA] Checking offline messages for client
[2025-05-24 08:30:08] [Q9b6HFpSP63zred3z+UJRqHDSQE=] [M4ODA] No offline messages found
[2025-05-24 08:31:29] [uVIyLE46ey0eBhM+Z9Az+wuDd2U=] [LisssTzz] Checking offline messages for client
[2025-05-24 08:31:29] [uVIyLE46ey0eBhM+Z9Az+wuDd2U=] [LisssTzz] No offline messages found
[2025-05-24 08:46:46] [gITtVlfHYxsd3mvOfTblKNtJBDU=] [4iff] Checking offline messages for client
[2025-05-24 08:46:46] [gITtVlfHYxsd3mvOfTblKNtJBDU=] [4iff] No offline messages found
[2025-05-24 08:53:08] [irFCozqZmx4mk2S9bzd1ExaQZxQ=] [Jahodový Knedl] Checking offline messages for client
[2025-05-24 08:53:08] [irFCozqZmx4mk2S9bzd1ExaQZxQ=] [Jahodový Knedl] No offline messages found
[2025-05-24 08:54:30] [2agmpyRklBKqWxdUHvV4ZtWgSmg=] [Ejpíček] Checking offline messages for client
[2025-05-24 08:54:30] [2agmpyRklBKqWxdUHvV4ZtWgSmg=] [Ejpíček] No offline messages found
[2025-05-24 09:00:31] [6WayegWRAOPXq6371wBHQ06Cxes=] [Mr.X] Checking offline messages for client
[2025-05-24 09:00:31] [6WayegWRAOPXq6371wBHQ06Cxes=] [Mr.X] No offline messages found
[2025-05-24 09:03:47] [TuyAomAQwiKvg0w02eIrHg8JYSM=] [sammet35533] Checking offline messages for client
[2025-05-24 09:03:47] [TuyAomAQwiKvg0w02eIrHg8JYSM=] [sammet35533] No offline messages found
[2025-05-24 09:04:05] [LChIIpVKSczGXCJcvYW8G7+Rrgk=] [erik] Checking offline messages for client
[2025-05-24 09:04:05] [LChIIpVKSczGXCJcvYW8G7+Rrgk=] [erik] No offline messages found
[2025-05-24 09:05:17] [j4VaV46XhkmzcjbVPFuyIU0vCLs=] [nox] Checking offline messages for client
[2025-05-24 09:05:17] [j4VaV46XhkmzcjbVPFuyIU0vCLs=] [nox] No offline messages found
[2025-05-24 09:05:22] [j4VaV46XhkmzcjbVPFuyIU0vCLs=] [nox] Checking offline messages for client
[2025-05-24 09:05:22] [j4VaV46XhkmzcjbVPFuyIU0vCLs=] [nox] No offline messages found
[2025-05-24 09:10:02] [qvf2/IsRm9TsXSmNMeDEuXuIC3s=] [Mood] Checking offline messages for client
[2025-05-24 09:10:02] [qvf2/IsRm9TsXSmNMeDEuXuIC3s=] [Mood] No offline messages found
[2025-05-24 09:17:03] [gIv03ZtQuihw+6fOW0VT0H6h6c8=] [chapa] Checking offline messages for client
[2025-05-24 09:17:03] [gIv03ZtQuihw+6fOW0VT0H6h6c8=] [chapa] No offline messages found
[2025-05-24 09:17:03] [gIv03ZtQuihw+6fOW0VT0H6h6c8=] [chapa] Checking offline messages for client
[2025-05-24 09:17:03] [gIv03ZtQuihw+6fOW0VT0H6h6c8=] [chapa] No offline messages found
[2025-05-24 09:17:03] [gIv03ZtQuihw+6fOW0VT0H6h6c8=] [chapa] Checking offline messages for client
[2025-05-24 09:17:03] [gIv03ZtQuihw+6fOW0VT0H6h6c8=] [chapa] No offline messages found
[2025-05-24 09:17:38] [nrEFrg1QXE05wuZZG3BbdkciSEc=] [Dumina] Checking offline messages for client
[2025-05-24 09:17:38] [nrEFrg1QXE05wuZZG3BbdkciSEc=] [Dumina] No offline messages found
[2025-05-24 09:26:16] [3XNsqUZYZUtyFxwKU2THJWbPMTk=] [Simar] Checking offline messages for client
[2025-05-24 09:26:16] [3XNsqUZYZUtyFxwKU2THJWbPMTk=] [Simar] No offline messages found
[2025-05-24 09:26:37] [ndYNgY0hLdxCSb0J4fJlYMhWIVM=] [s1djeeey] Checking offline messages for client
[2025-05-24 09:26:37] [ndYNgY0hLdxCSb0J4fJlYMhWIVM=] [s1djeeey] No offline messages found
[2025-05-24 09:26:51] [O4DQaVKvzHQhxwj/ooDzqKn3n1o=] [deprix] Checking offline messages for client
[2025-05-24 09:26:51] [O4DQaVKvzHQhxwj/ooDzqKn3n1o=] [deprix] No offline messages found
[2025-05-24 09:32:49] [JRSJX/gE1q4rIxWGxe0NgwN6Ubk=] [saadf] Checking offline messages for client
[2025-05-24 09:32:49] [JRSJX/gE1q4rIxWGxe0NgwN6Ubk=] [saadf] No offline messages found
[2025-05-24 09:37:36] [jigm6/bUsOmXMFP8XUKRU6/MFsM=] [king] Checking offline messages for client
[2025-05-24 09:37:36] [jigm6/bUsOmXMFP8XUKRU6/MFsM=] [king] No offline messages found
[2025-05-24 09:54:19] [wDjYvnAEDV8Ca22jvXeJSwKiCC0=] [Chris] Checking offline messages for client
[2025-05-24 09:54:19] [wDjYvnAEDV8Ca22jvXeJSwKiCC0=] [Chris] No offline messages found
[2025-05-24 10:03:08] [mbP4nghKzvRW54vnBJ4hB+FVGdw=] [Andy] Checking offline messages for client
[2025-05-24 10:03:08] [mbP4nghKzvRW54vnBJ4hB+FVGdw=] [Andy] No offline messages found
[2025-05-24 10:12:21] [J8Jxk4i4zKlmr6pzm0cZGZ79Z+o=] [HalfDevil(Джуд)] Checking offline messages for client
[2025-05-24 10:12:21] [J8Jxk4i4zKlmr6pzm0cZGZ79Z+o=] [HalfDevil(Джуд)] No offline messages found
[2025-05-24 10:17:57] [JeRDsn5NNuoif7xSE7UhSMCw9rc=] [TeamSpeakUser2] Checking offline messages for client
[2025-05-24 10:17:57] [JeRDsn5NNuoif7xSE7UhSMCw9rc=] [TeamSpeakUser2] No offline messages found
[2025-05-24 10:18:09] [xPOPrWPQum4PIXMqKPMGCRW2z7g=] [skbd] Checking offline messages for client
[2025-05-24 10:18:09] [xPOPrWPQum4PIXMqKPMGCRW2z7g=] [skbd] No offline messages found
[2025-05-24 10:20:14] [lHc/6Ir4sA/t1QGm4WDgtt9Lnxw=] [Marsel] Checking offline messages for client
[2025-05-24 10:20:14] [lHc/6Ir4sA/t1QGm4WDgtt9Lnxw=] [Marsel] No offline messages found
[2025-05-24 10:22:20] [3ipKUAi6ZjAHFxUn+Hn2ZxaBha4=] [deezz1re] Checking offline messages for client
[2025-05-24 10:22:20] [3ipKUAi6ZjAHFxUn+Hn2ZxaBha4=] [deezz1re] No offline messages found
[2025-05-24 10:22:29] [FWg4LRg+xcFST3cpt/DLpnLlM8Q=] [rtitouch] Checking offline messages for client
[2025-05-24 10:22:29] [FWg4LRg+xcFST3cpt/DLpnLlM8Q=] [rtitouch] No offline messages found
[2025-05-24 10:22:36] [aiMmcnALIYOigPoHM55dlZTRNu8=] [PENIS1488228] Checking offline messages for client
[2025-05-24 10:22:36] [aiMmcnALIYOigPoHM55dlZTRNu8=] [PENIS1488228] No offline messages found
[2025-05-24 10:22:48] [JVYr5bKxL1SW+6/DCG+FQqC2Lyo=] [isekai] Checking offline messages for client
[2025-05-24 10:22:48] [JVYr5bKxL1SW+6/DCG+FQqC2Lyo=] [isekai] No offline messages found
[2025-05-24 10:23:13] [aiMmcnALIYOigPoHM55dlZTRNu8=] [PENIS1488228] Checking offline messages for client
[2025-05-24 10:23:13] [aiMmcnALIYOigPoHM55dlZTRNu8=] [PENIS1488228] No offline messages found
[2025-05-24 10:24:47] [YS8Drbp5ATBjoMDxDDLHYWJTmCM=] [EliteSniper_192] Checking offline messages for client
[2025-05-24 10:24:47] [YS8Drbp5ATBjoMDxDDLHYWJTmCM=] [EliteSniper_192] No offline messages found
[2025-05-24 10:25:47] [CyuTqVZGodbFI6Dw9MGiV5o4hgs=] [Tokinava] Checking offline messages for client
[2025-05-24 10:25:47] [CyuTqVZGodbFI6Dw9MGiV5o4hgs=] [Tokinava] No offline messages found
[2025-05-24 10:41:59] [xLqSrCyzGqEzjuKoFBagL6sUuzU=] [Mendoza] Checking offline messages for client
[2025-05-24 10:41:59] [xLqSrCyzGqEzjuKoFBagL6sUuzU=] [Mendoza] No offline messages found
[2025-05-24 10:47:03] [r0hFhpqNP7oIbEI/g8rfsfRTVS0=] [_Sanitol_] Checking offline messages for client
[2025-05-24 10:47:03] [r0hFhpqNP7oIbEI/g8rfsfRTVS0=] [_Sanitol_] No offline messages found
[2025-05-24 10:51:43] [ow+Zi/O4SnJIvwHosoZ7zIvOOK8=] [shinigami] Checking offline messages for client
[2025-05-24 10:51:43] [ow+Zi/O4SnJIvwHosoZ7zIvOOK8=] [shinigami] No offline messages found
[2025-05-24 11:09:34] [d4+NlxlILo90ViiY0WLlIDcSvQs=] [TAXMANTokkMoeny] Checking offline messages for client
[2025-05-24 11:09:34] [d4+NlxlILo90ViiY0WLlIDcSvQs=] [TAXMANTokkMoeny] No offline messages found
[2025-05-24 11:09:48] [F6oCNbGzjZykoYuypdXGychvXjY=] [Diversant] Checking offline messages for client
[2025-05-24 11:09:48] [F6oCNbGzjZykoYuypdXGychvXjY=] [Diversant] No offline messages found
[2025-05-24 11:23:25] [zYawAGZUhiLdeVPemvXKS85dnPs=] [brilpill] Checking offline messages for client
[2025-05-24 11:23:25] [zYawAGZUhiLdeVPemvXKS85dnPs=] [brilpill] No offline messages found
[2025-05-24 11:24:45] [4/BbF+eaEIWi/yJvTN88veQPma0=] [Flavie69] Checking offline messages for client
[2025-05-24 11:24:45] [4/BbF+eaEIWi/yJvTN88veQPma0=] [Flavie69] No offline messages found
[2025-05-24 11:30:06] [g95LkcovmlDSBBJIdmdv0zN6QBs=] [baysikimdeğil] Checking offline messages for client
[2025-05-24 11:30:06] [g95LkcovmlDSBBJIdmdv0zN6QBs=] [baysikimdeğil] No offline messages found
[2025-05-24 11:30:06] [vAoVADXVgpjfEfuPw77F4fgEIl8=] [Nostalgia 2] Checking offline messages for client
[2025-05-24 11:30:06] [vAoVADXVgpjfEfuPw77F4fgEIl8=] [Nostalgia 2] No offline messages found
[2025-05-24 11:30:08] [K4NR58gtSYij+BLM0STn2WKjS9U=] [Skylord] Checking offline messages for client
[2025-05-24 11:30:08] [K4NR58gtSYij+BLM0STn2WKjS9U=] [Skylord] No offline messages found
[2025-05-24 11:31:59] [GDLMnVZvsy2PmGGBS4hN7CRvOTU=] [phonetik78] Checking offline messages for client
[2025-05-24 11:31:59] [GDLMnVZvsy2PmGGBS4hN7CRvOTU=] [phonetik78] No offline messages found
[2025-05-24 11:32:17] [iqhXyPfP3MC8F+w0pKyVoSLyF/I=] [FailRaik] Checking offline messages for client
[2025-05-24 11:32:17] [iqhXyPfP3MC8F+w0pKyVoSLyF/I=] [FailRaik] No offline messages found
[2025-05-24 11:34:50] [KKakWCNNDyxUyhC4KpkSU2PHuVM=] [yusufppks] Checking offline messages for client
[2025-05-24 11:34:50] [KKakWCNNDyxUyhC4KpkSU2PHuVM=] [yusufppks] No offline messages found
[2025-05-24 11:39:14] [5tr0bmquCHHSQKHnrvHDA84gg1s=] [DADA] Checking offline messages for client
[2025-05-24 11:39:14] [5tr0bmquCHHSQKHnrvHDA84gg1s=] [DADA] No offline messages found
[2025-05-24 11:39:48] [Nn8rGrwsE+C9ibHWu3JCoCbmq3A=] [SysmoUsercid=140] Checking offline messages for client
[2025-05-24 11:39:48] [Nn8rGrwsE+C9ibHWu3JCoCbmq3A=] [SysmoUsercid=140] No offline messages found
[2025-05-24 11:39:53] [MarBbTtCOdPsPCcTGPUko7UH7Sk=] [billy nogami] Checking offline messages for client
[2025-05-24 11:39:53] [MarBbTtCOdPsPCcTGPUko7UH7Sk=] [billy nogami] No offline messages found
[2025-05-24 11:45:00] [DSvlDMldPSHoEhte/Rkx+TtrQx8=] [rainfalllbtw] Checking offline messages for client
[2025-05-24 11:45:00] [DSvlDMldPSHoEhte/Rkx+TtrQx8=] [rainfalllbtw] No offline messages found
[2025-05-24 11:57:21] [V/TExn5X/B26ggQwhHgYNECStj0=] [Reаnimator] Checking offline messages for client
[2025-05-24 11:57:21] [V/TExn5X/B26ggQwhHgYNECStj0=] [Reаnimator] No offline messages found
[2025-05-24 11:58:07] [yNFUjD+LJEqojKPPlPGtCAVEYRU=] [Боцман777] Checking offline messages for client
[2025-05-24 11:58:07] [yNFUjD+LJEqojKPPlPGtCAVEYRU=] [Боцман777] No offline messages found
[2025-05-24 12:07:58] [0RIDfTB9kGtzgHwJhTrg2Ft3wJM=] [yasser] Checking offline messages for client
[2025-05-24 12:07:58] [0RIDfTB9kGtzgHwJhTrg2Ft3wJM=] [yasser] No offline messages found
[2025-05-24 12:08:57] [scep5aSYAA2didXgARsEw35ek0c=] [TeamSpeakUser] Checking offline messages for client
[2025-05-24 12:08:57] [scep5aSYAA2didXgARsEw35ek0c=] [TeamSpeakUser] No offline messages found
[2025-05-24 12:10:39] [scep5aSYAA2didXgARsEw35ek0c=] [TeamSpeakUser] Checking offline messages for client
[2025-05-24 12:10:39] [scep5aSYAA2didXgARsEw35ek0c=] [TeamSpeakUser] No offline messages found
[2025-05-24 12:12:58] [5tr0bmquCHHSQKHnrvHDA84gg1s=] [DADA] Checking offline messages for client
[2025-05-24 12:12:58] [5tr0bmquCHHSQKHnrvHDA84gg1s=] [DADA] No offline messages found
[2025-05-24 12:14:09] [5tr0bmquCHHSQKHnrvHDA84gg1s=] [DADA] Checking offline messages for client
[2025-05-24 12:14:09] [5tr0bmquCHHSQKHnrvHDA84gg1s=] [DADA] No offline messages found
[2025-05-24 12:16:13] [yBICHbhgjt9SlHyQu3BZbOYMUQU=] [H0R0Z] Checking offline messages for client
[2025-05-24 12:16:13] [yBICHbhgjt9SlHyQu3BZbOYMUQU=] [H0R0Z] No offline messages found
[2025-05-24 12:17:20] [zplLYXriSF0hqWw82HYme0Qb6hU=] [BlvckMafia] Checking offline messages for client
[2025-05-24 12:17:20] [zplLYXriSF0hqWw82HYme0Qb6hU=] [BlvckMafia] No offline messages found
[2025-05-24 12:18:37] [5tr0bmquCHHSQKHnrvHDA84gg1s=] [DADA] Checking offline messages for client
[2025-05-24 12:18:37] [5tr0bmquCHHSQKHnrvHDA84gg1s=] [DADA] No offline messages found
[2025-05-24 12:18:52] [cbVTTju6JnSpBukGx7hTR4US3KY=] [TeamSpeakUser] Checking offline messages for client
[2025-05-24 12:18:52] [cbVTTju6JnSpBukGx7hTR4US3KY=] [TeamSpeakUser] No offline messages found
[2025-05-24 12:28:00] [MarBbTtCOdPsPCcTGPUko7UH7Sk=] [billy nogami] Checking offline messages for client
[2025-05-24 12:28:00] [MarBbTtCOdPsPCcTGPUko7UH7Sk=] [billy nogami] No offline messages found
[2025-05-24 12:29:22] [1gxg4kTixKP+E7U4TFVjyyVaim0=] [mbagod] Checking offline messages for client
[2025-05-24 12:29:22] [1gxg4kTixKP+E7U4TFVjyyVaim0=] [mbagod] No offline messages found
[2025-05-24 12:31:11] [ow+Zi/O4SnJIvwHosoZ7zIvOOK8=] [shinigami] Checking offline messages for client
[2025-05-24 12:31:11] [ow+Zi/O4SnJIvwHosoZ7zIvOOK8=] [shinigami] No offline messages found
[2025-05-24 12:31:33] [BRaWiwrzOtcS/sYHiflYSwLYQeM=] [Kxmyy] Checking offline messages for client
[2025-05-24 12:31:33] [BRaWiwrzOtcS/sYHiflYSwLYQeM=] [Kxmyy] No offline messages found
[2025-05-24 12:35:35] [kp8Q3vFQWQnjp3gHVwlsWlVZPUI=] [TeamSpeakUser1] Checking offline messages for client
[2025-05-24 12:35:35] [kp8Q3vFQWQnjp3gHVwlsWlVZPUI=] [TeamSpeakUser1] No offline messages found
[2025-05-24 12:36:49] [kp8Q3vFQWQnjp3gHVwlsWlVZPUI=] [TeamSpeakUser1] Checking offline messages for client
[2025-05-24 12:36:49] [kp8Q3vFQWQnjp3gHVwlsWlVZPUI=] [TeamSpeakUser1] No offline messages found
[2025-05-24 12:57:25] [y6Dvn19VXbBd0XOSXfMEraqacFI=] [CrypticBlitz96] Checking offline messages for client
[2025-05-24 12:57:25] [y6Dvn19VXbBd0XOSXfMEraqacFI=] [CrypticBlitz96] No offline messages found
[2025-05-24 12:58:09] [PhckJHuRGWp+/oEYJbm3VNrgZkw=] [Br4d117] Checking offline messages for client
[2025-05-24 12:58:09] [PhckJHuRGWp+/oEYJbm3VNrgZkw=] [Br4d117] No offline messages found
[2025-05-24 13:13:10] [39Hn80GzU936S3hLOAjj8iP5kpg=] [Shawaj] Checking offline messages for client
[2025-05-24 13:13:10] [39Hn80GzU936S3hLOAjj8iP5kpg=] [Shawaj] No offline messages found
[2025-05-24 13:15:08] [qZ43EgrPKjttPdwDEfqL6SynkJE=] [Tim] Checking offline messages for client
[2025-05-24 13:15:08] [qZ43EgrPKjttPdwDEfqL6SynkJE=] [Tim] No offline messages found
[2025-05-24 13:16:12] [SRhrxrfLNpoLdzpjxeHYCUWunec=] [PoodFood] Checking offline messages for client
[2025-05-24 13:16:12] [SRhrxrfLNpoLdzpjxeHYCUWunec=] [PoodFood] No offline messages found
[2025-05-24 13:18:58] [n4DNkIBX5ijpB3FfgL7aGWtyhG8=] [ifiler] Checking offline messages for client
[2025-05-24 13:18:58] [n4DNkIBX5ijpB3FfgL7aGWtyhG8=] [ifiler] No offline messages found
[2025-05-24 13:20:36] [g95LkcovmlDSBBJIdmdv0zN6QBs=] [baysikimdeğil] Checking offline messages for client
[2025-05-24 13:20:36] [g95LkcovmlDSBBJIdmdv0zN6QBs=] [baysikimdeğil] No offline messages found
[2025-05-24 13:24:25] [TuyAomAQwiKvg0w02eIrHg8JYSM=] [sammet35533] Checking offline messages for client
[2025-05-24 13:24:25] [TuyAomAQwiKvg0w02eIrHg8JYSM=] [sammet35533] No offline messages found
[2025-05-24 13:29:50] [MCH5CUuHw7qLHVegyroS34EN/pQ=] [PastA1] Checking offline messages for client
[2025-05-24 13:29:50] [MCH5CUuHw7qLHVegyroS34EN/pQ=] [PastA1] No offline messages found
[2025-05-24 13:29:53] [8Scl5bVgI1QXkVUIDlePsRY6hh4=] [TheKingFish] Checking offline messages for client
[2025-05-24 13:29:53] [8Scl5bVgI1QXkVUIDlePsRY6hh4=] [TheKingFish] No offline messages found
[2025-05-24 13:34:46] [4gulxVzZhPVTONLtfOoG8BZVC2Q=] [PACAN RVET] Checking offline messages for client
[2025-05-24 13:34:46] [4gulxVzZhPVTONLtfOoG8BZVC2Q=] [PACAN RVET] No offline messages found
[2025-05-24 13:35:04] [towLfRNQcO45XOgzoAGrcrQCgK8=] [Kerollanos] Checking offline messages for client
[2025-05-24 13:35:04] [towLfRNQcO45XOgzoAGrcrQCgK8=] [Kerollanos] No offline messages found
[2025-05-24 13:35:41] [ApGOvBfHiF4LkCqXC+tl8KqL1+E=] [БАМБЛБИИ] Checking offline messages for client
[2025-05-24 13:35:41] [ApGOvBfHiF4LkCqXC+tl8KqL1+E=] [БАМБЛБИИ] No offline messages found
[2025-05-24 13:35:44] [TuyAomAQwiKvg0w02eIrHg8JYSM=] [sammet35533] Checking offline messages for client
[2025-05-24 13:35:44] [TuyAomAQwiKvg0w02eIrHg8JYSM=] [sammet35533] No offline messages found
[2025-05-24 13:35:55] [+jY+727ijHZsfVi54xEx3Dfw1Dk=] [awegawg] Checking offline messages for client
[2025-05-24 13:35:55] [+jY+727ijHZsfVi54xEx3Dfw1Dk=] [awegawg] No offline messages found
[2025-05-24 13:52:58] [xPOPrWPQum4PIXMqKPMGCRW2z7g=] [skbd] Checking offline messages for client
[2025-05-24 13:52:58] [xPOPrWPQum4PIXMqKPMGCRW2z7g=] [skbd] No offline messages found
[2025-05-24 13:55:22] [Afoqb5fqgY15LPQ0jZ/iOzeosLk=] [брочачо] Checking offline messages for client
[2025-05-24 13:55:22] [Afoqb5fqgY15LPQ0jZ/iOzeosLk=] [брочачо] No offline messages found
[2025-05-24 13:56:01] [MpV8eQ7lweL2YSxarhe9a/nQIOk=] [VUL_DROG] Checking offline messages for client
[2025-05-24 13:56:01] [MpV8eQ7lweL2YSxarhe9a/nQIOk=] [VUL_DROG] No offline messages found
[2025-05-24 13:56:34] [uJnwwqnuPGfoLP0MTPmjLpW1JCI=] [deadly_peak] Checking offline messages for client
[2025-05-24 13:56:34] [uJnwwqnuPGfoLP0MTPmjLpW1JCI=] [deadly_peak] No offline messages found
[2025-05-24 13:56:53] [zQBV+zr0os6YT3ktHjBJZW0cRd8=] [Tufix] Checking offline messages for client
[2025-05-24 13:56:53] [zQBV+zr0os6YT3ktHjBJZW0cRd8=] [Tufix] No offline messages found
[2025-05-24 13:58:18] [yBICHbhgjt9SlHyQu3BZbOYMUQU=] [H0R0Z] Checking offline messages for client
[2025-05-24 13:58:18] [yBICHbhgjt9SlHyQu3BZbOYMUQU=] [H0R0Z] No offline messages found
[2025-05-24 13:58:28] [+jY+727ijHZsfVi54xEx3Dfw1Dk=] [awegawg] Checking offline messages for client
[2025-05-24 13:58:28] [+jY+727ijHZsfVi54xEx3Dfw1Dk=] [awegawg] No offline messages found
[2025-05-24 13:59:22] [gOwDhq1CmTN5Qc6OmKIGGqVvKTs=] [zero] Checking offline messages for client
[2025-05-24 13:59:22] [gOwDhq1CmTN5Qc6OmKIGGqVvKTs=] [zero] No offline messages found
[2025-05-24 14:02:10] [cYX3SRYFk5dmvRCGUOS7UEL3yjY=] [lnotluck] Checking offline messages for client
[2025-05-24 14:02:10] [cYX3SRYFk5dmvRCGUOS7UEL3yjY=] [lnotluck] No offline messages found
[2025-05-24 14:02:10] [cYX3SRYFk5dmvRCGUOS7UEL3yjY=] [lnotluck] Checking offline messages for client
[2025-05-24 14:02:10] [cYX3SRYFk5dmvRCGUOS7UEL3yjY=] [lnotluck] No offline messages found
[2025-05-24 14:02:10] [cYX3SRYFk5dmvRCGUOS7UEL3yjY=] [lnotluck] Checking offline messages for client
[2025-05-24 14:02:10] [cYX3SRYFk5dmvRCGUOS7UEL3yjY=] [lnotluck] No offline messages found
[2025-05-24 14:05:24] [yBICHbhgjt9SlHyQu3BZbOYMUQU=] [H0R0Z] Checking offline messages for client
[2025-05-24 14:05:24] [yBICHbhgjt9SlHyQu3BZbOYMUQU=] [H0R0Z] No offline messages found
[2025-05-24 14:06:26] [yBICHbhgjt9SlHyQu3BZbOYMUQU=] [H0R0Z] Checking offline messages for client
[2025-05-24 14:06:26] [yBICHbhgjt9SlHyQu3BZbOYMUQU=] [H0R0Z] No offline messages found
[2025-05-24 14:10:51] [0jiAGdm8wSHsSFe6zADVS9WUirk=] [Vasyanutkin] Checking offline messages for client
[2025-05-24 14:10:51] [0jiAGdm8wSHsSFe6zADVS9WUirk=] [Vasyanutkin] No offline messages found
[2025-05-24 14:13:20] [JeRDsn5NNuoif7xSE7UhSMCw9rc=] [TeamSpeakUser2] Checking offline messages for client
[2025-05-24 14:13:20] [JeRDsn5NNuoif7xSE7UhSMCw9rc=] [TeamSpeakUser2] No offline messages found
[2025-05-24 14:20:04] [3XNsqUZYZUtyFxwKU2THJWbPMTk=] [Simar] Checking offline messages for client
[2025-05-24 14:20:04] [3XNsqUZYZUtyFxwKU2THJWbPMTk=] [Simar] No offline messages found
[2025-05-24 14:30:10] [Nn8rGrwsE+C9ibHWu3JCoCbmq3A=] [SysmoUsercid=140] Checking offline messages for client
[2025-05-24 14:30:10] [Nn8rGrwsE+C9ibHWu3JCoCbmq3A=] [SysmoUsercid=140] No offline messages found
[2025-05-24 14:31:15] [iqhXyPfP3MC8F+w0pKyVoSLyF/I=] [FailRaik] Checking offline messages for client
[2025-05-24 14:31:15] [iqhXyPfP3MC8F+w0pKyVoSLyF/I=] [FailRaik] No offline messages found
[2025-05-24 14:31:29] [kHIid8HT2jg9WiVu3tCpryd+esk=] [1133] Checking offline messages for client
[2025-05-24 14:31:29] [kHIid8HT2jg9WiVu3tCpryd+esk=] [1133] No offline messages found
[2025-05-24 14:32:04] [vBoWE5wLLJmWYA7DRUupNxE8o10=] [Maximus] Checking offline messages for client
[2025-05-24 14:32:04] [vBoWE5wLLJmWYA7DRUupNxE8o10=] [Maximus] No offline messages found
[2025-05-24 14:34:47] [VNEMZGVfsM3a7FyUkiKK12KnFvw=] [rowdy] Checking offline messages for client
[2025-05-24 14:34:47] [VNEMZGVfsM3a7FyUkiKK12KnFvw=] [rowdy] No offline messages found
[2025-05-24 14:36:45] [f5blCV2SYOa9qeIxhD7mgNKdr10=] [kompot1k] Checking offline messages for client
[2025-05-24 14:36:45] [f5blCV2SYOa9qeIxhD7mgNKdr10=] [kompot1k] No offline messages found
[2025-05-24 14:40:24] [NrLfqmvuq6LG10V4p9MSfEiVrl4=] [пиаванпивапва] Checking offline messages for client
[2025-05-24 14:40:24] [NrLfqmvuq6LG10V4p9MSfEiVrl4=] [пиаванпивапва] No offline messages found
[2025-05-24 14:43:57] [vPIIPZsfxgCBFpXg8zKfvJB+NNQ=] [сосиаыв] Checking offline messages for client
[2025-05-24 14:43:57] [vPIIPZsfxgCBFpXg8zKfvJB+NNQ=] [сосиаыв] No offline messages found
[2025-05-24 14:44:40] [SugbFWoGEjTstbkedjT/7/CaoL4=] [ak24aa] Checking offline messages for client
[2025-05-24 14:44:40] [SugbFWoGEjTstbkedjT/7/CaoL4=] [ak24aa] No offline messages found
[2025-05-24 14:49:50] [8Zdbsme26C48AHpMg4zVcDatTnE=] [Kurs] Checking offline messages for client
[2025-05-24 14:49:50] [8Zdbsme26C48AHpMg4zVcDatTnE=] [Kurs] No offline messages found
[2025-05-24 14:53:26] [x5BGOCFQRYcw8Om4Xgot4nkAC7o=] [YURA] Checking offline messages for client
[2025-05-24 14:53:26] [x5BGOCFQRYcw8Om4Xgot4nkAC7o=] [YURA] No offline messages found
[2025-05-24 14:56:07] [RkH91acmxA3cUuqBsMdwRLDQBxM=] [Avrelius33] Checking offline messages for client
[2025-05-24 14:56:07] [RkH91acmxA3cUuqBsMdwRLDQBxM=] [Avrelius33] No offline messages found
[2025-05-24 14:57:02] [jdsZBBcuEzD3+oBXRBnVPJpGkI4=] [eatmyb8ls] Checking offline messages for client
[2025-05-24 14:57:02] [jdsZBBcuEzD3+oBXRBnVPJpGkI4=] [eatmyb8ls] No offline messages found
[2025-05-24 14:57:14] [aKaAG6qoaxhtx8bSnAyKGSwgQvA=] [drxxxP] Checking offline messages for client
[2025-05-24 14:57:14] [aKaAG6qoaxhtx8bSnAyKGSwgQvA=] [drxxxP] No offline messages found
[2025-05-24 14:57:53] [a0CjAeoKMUgUvdVafQN1GvmnwfU=] [MORBiDDDD] Checking offline messages for client
[2025-05-24 14:57:53] [a0CjAeoKMUgUvdVafQN1GvmnwfU=] [MORBiDDDD] No offline messages found
[2025-05-24 15:01:05] [QRs1+Rccl4taM05aFTPz1nBNnFA=] [1MBOT] Checking offline messages for client
[2025-05-24 15:01:05] [QRs1+Rccl4taM05aFTPz1nBNnFA=] [1MBOT] No offline messages found
[2025-05-24 15:01:38] [AgNZfQIFxkZHnq72Eq8V1Gtvmf8=] [Nandoo_-] Checking offline messages for client
[2025-05-24 15:01:38] [AgNZfQIFxkZHnq72Eq8V1Gtvmf8=] [Nandoo_-] No offline messages found
[2025-05-24 15:02:11] [nI2b8WqoFKM1fy/hppBWiXfvQYs=] [DUA1] Checking offline messages for client
[2025-05-24 15:02:11] [nI2b8WqoFKM1fy/hppBWiXfvQYs=] [DUA1] No offline messages found
[2025-05-24 15:15:42] [8Zdbsme26C48AHpMg4zVcDatTnE=] [Kurs] Checking offline messages for client
[2025-05-24 15:15:42] [8Zdbsme26C48AHpMg4zVcDatTnE=] [Kurs] No offline messages found
[2025-05-24 15:16:51] [JVYr5bKxL1SW+6/DCG+FQqC2Lyo=] [isekai] Checking offline messages for client
[2025-05-24 15:16:51] [JVYr5bKxL1SW+6/DCG+FQqC2Lyo=] [isekai] No offline messages found
[2025-05-24 15:18:25] [seZE+SnpsSe4GD8z7cSg3NZhuRU=] [NIL] Checking offline messages for client
[2025-05-24 15:18:25] [seZE+SnpsSe4GD8z7cSg3NZhuRU=] [NIL] No offline messages found
[2025-05-24 15:20:52] [R+KW1QSqbZRuZk4pN2SGLrk8szQ=] [namja] Checking offline messages for client
[2025-05-24 15:20:52] [R+KW1QSqbZRuZk4pN2SGLrk8szQ=] [namja] No offline messages found
[2025-05-24 15:21:37] [oG1nJnFv/9Kzu0Pd3+qsNcEYnBY=] [anata2] Checking offline messages for client
[2025-05-24 15:21:37] [oG1nJnFv/9Kzu0Pd3+qsNcEYnBY=] [anata2] No offline messages found
[2025-05-24 15:22:09] [pa4EomUE5xzFSB9tc7CilmX3NTU=] [Imprii] Checking offline messages for client
[2025-05-24 15:22:09] [pa4EomUE5xzFSB9tc7CilmX3NTU=] [Imprii] No offline messages found
[2025-05-24 15:28:41] [DSvlDMldPSHoEhte/Rkx+TtrQx8=] [rainfalllbtw] Checking offline messages for client
[2025-05-24 15:28:41] [DSvlDMldPSHoEhte/Rkx+TtrQx8=] [rainfalllbtw] No offline messages found
[2025-05-24 15:32:16] [/paoPeDO7Sw3DPisftzEeJfXp+Y=] [J4M4L] Checking offline messages for client
[2025-05-24 15:32:16] [/paoPeDO7Sw3DPisftzEeJfXp+Y=] [J4M4L] No offline messages found
[2025-05-24 15:33:28] [NrLfqmvuq6LG10V4p9MSfEiVrl4=] [пиаванпивапва] Checking offline messages for client
[2025-05-24 15:33:28] [NrLfqmvuq6LG10V4p9MSfEiVrl4=] [пиаванпивапва] No offline messages found
[2025-05-24 15:34:08] [Ktx9ogASfC4+idmtI9vMk1yg43w=] [SysmoUsercid=1401] Checking offline messages for client
[2025-05-24 15:34:08] [Ktx9ogASfC4+idmtI9vMk1yg43w=] [SysmoUsercid=1401] No offline messages found
[2025-05-24 15:34:35] [1bxlkLWE1YEds4euACE9lSAD0Jg=] [Mr..Fury] Checking offline messages for client
[2025-05-24 15:34:35] [1bxlkLWE1YEds4euACE9lSAD0Jg=] [Mr..Fury] No offline messages found
[2025-05-24 15:35:12] [yNFUjD+LJEqojKPPlPGtCAVEYRU=] [Боцман777] Checking offline messages for client
[2025-05-24 15:35:12] [yNFUjD+LJEqojKPPlPGtCAVEYRU=] [Боцман777] No offline messages found
[2025-05-24 15:41:06] [r0hFhpqNP7oIbEI/g8rfsfRTVS0=] [_Sanitol_] Checking offline messages for client
[2025-05-24 15:41:06] [r0hFhpqNP7oIbEI/g8rfsfRTVS0=] [_Sanitol_] No offline messages found
[2025-05-24 15:41:20] [zplLYXriSF0hqWw82HYme0Qb6hU=] [BlvckMafia] Checking offline messages for client
[2025-05-24 15:41:20] [zplLYXriSF0hqWw82HYme0Qb6hU=] [BlvckMafia] No offline messages found
[2025-05-24 15:56:54] [0aA4TFX9DiEfMIQXh3Te1boW3nc=] [shauitan] Checking offline messages for client
[2025-05-24 15:56:54] [0aA4TFX9DiEfMIQXh3Te1boW3nc=] [shauitan] No offline messages found
[2025-05-24 15:57:04] [5VQn2paiuiABX3QfxcJMoEhAyYQ=] [Almas1k] Checking offline messages for client
[2025-05-24 15:57:04] [5VQn2paiuiABX3QfxcJMoEhAyYQ=] [Almas1k] No offline messages found
[2025-05-24 15:57:33] [mqgd3Gc7WmeeLTlwm9TT72tKi9Y=] [Joss] Checking offline messages for client
[2025-05-24 15:57:33] [mqgd3Gc7WmeeLTlwm9TT72tKi9Y=] [Joss] No offline messages found
[2025-05-24 16:00:28] [3XNsqUZYZUtyFxwKU2THJWbPMTk=] [Simar] Checking offline messages for client
[2025-05-24 16:00:28] [3XNsqUZYZUtyFxwKU2THJWbPMTk=] [Simar] No offline messages found
[2025-05-24 16:02:49] [EG8Onk9X4P6ZrUNa8UIC4sAcsnw=] [N1kit0s@] Checking offline messages for client
[2025-05-24 16:02:49] [EG8Onk9X4P6ZrUNa8UIC4sAcsnw=] [N1kit0s@] No offline messages found
[2025-05-24 16:07:31] [IF9FpR3gAmSxQsnDcZCQBde7iWY=] [pipisin] Checking offline messages for client
[2025-05-24 16:07:31] [IF9FpR3gAmSxQsnDcZCQBde7iWY=] [pipisin] No offline messages found
[2025-05-24 16:08:22] [3tTVUlVrAcXStl28dJ97Er3NypE=] [VOLK] Checking offline messages for client
[2025-05-24 16:08:22] [3tTVUlVrAcXStl28dJ97Er3NypE=] [VOLK] No offline messages found
[2025-05-24 16:09:46] [a20gJJTZtq1+QmdbmJ+fEXz3Y6U=] [Серый] Checking offline messages for client
[2025-05-24 16:09:46] [a20gJJTZtq1+QmdbmJ+fEXz3Y6U=] [Серый] No offline messages found
[2025-05-24 16:10:54] [3tTVUlVrAcXStl28dJ97Er3NypE=] [VOLK] Checking offline messages for client
[2025-05-24 16:10:54] [3tTVUlVrAcXStl28dJ97Er3NypE=] [VOLK] No offline messages found
[2025-05-24 16:11:29] [0Z2wqQcTx0kpb/KIf+NPkyv4b60=] [-W1LLL] Checking offline messages for client
[2025-05-24 16:11:29] [0Z2wqQcTx0kpb/KIf+NPkyv4b60=] [-W1LLL] No offline messages found
[2025-05-24 16:13:39] [qMpXP+GV7y9R8c7mzrU8qJvHybo=] [Vicinnnt] Checking offline messages for client
[2025-05-24 16:13:39] [qMpXP+GV7y9R8c7mzrU8qJvHybo=] [Vicinnnt] No offline messages found
[2025-05-24 16:19:25] [6loDKB5pFq9h9EZ8lWJAl1sRiNA=] [kagixxx] Checking offline messages for client
[2025-05-24 16:19:25] [6loDKB5pFq9h9EZ8lWJAl1sRiNA=] [kagixxx] No offline messages found
[2025-05-24 16:20:16] [1FdRRfdDwro5nU/BhYl8c2GAVrM=] [Мьюрт(Дима)] Checking offline messages for client
[2025-05-24 16:20:16] [1FdRRfdDwro5nU/BhYl8c2GAVrM=] [Мьюрт(Дима)] No offline messages found
[2025-05-24 16:27:13] [uhs0BMgEuW4gz8ldx5KvK0pHP+Q=] [TeamSpeakUser1] Checking offline messages for client
[2025-05-24 16:27:13] [uhs0BMgEuW4gz8ldx5KvK0pHP+Q=] [TeamSpeakUser1] No offline messages found
[2025-05-24 16:28:15] [+AEiGDs17OALboyzRweaafavqP0=] [ma1tsev] Checking offline messages for client
[2025-05-24 16:28:15] [+AEiGDs17OALboyzRweaafavqP0=] [ma1tsev] No offline messages found
[2025-05-24 16:28:36] [BB2PsCNx0X6DIk2Kb73svXn9TXs=] [SIGER] Checking offline messages for client
[2025-05-24 16:28:36] [BB2PsCNx0X6DIk2Kb73svXn9TXs=] [SIGER] No offline messages found
[2025-05-24 16:30:07] [RkH91acmxA3cUuqBsMdwRLDQBxM=] [Avrelius33] Checking offline messages for client
[2025-05-24 16:30:07] [RkH91acmxA3cUuqBsMdwRLDQBxM=] [Avrelius33] No offline messages found
[2025-05-24 16:32:46] [TuyAomAQwiKvg0w02eIrHg8JYSM=] [sammet35533] Checking offline messages for client
[2025-05-24 16:32:46] [TuyAomAQwiKvg0w02eIrHg8JYSM=] [sammet35533] No offline messages found
[2025-05-24 16:34:34] [3XNsqUZYZUtyFxwKU2THJWbPMTk=] [Simar] Checking offline messages for client
[2025-05-24 16:34:34] [3XNsqUZYZUtyFxwKU2THJWbPMTk=] [Simar] No offline messages found
[2025-05-24 16:34:47] [RkH91acmxA3cUuqBsMdwRLDQBxM=] [Avrelius33] Checking offline messages for client
[2025-05-24 16:34:47] [RkH91acmxA3cUuqBsMdwRLDQBxM=] [Avrelius33] No offline messages found
[2025-05-24 16:35:01] [2agmpyRklBKqWxdUHvV4ZtWgSmg=] [Ejpíček] Checking offline messages for client
[2025-05-24 16:35:01] [2agmpyRklBKqWxdUHvV4ZtWgSmg=] [Ejpíček] No offline messages found
[2025-05-24 16:36:06] [KshRrbnIFt6sP3zPEBcqGlvRC54=] [Danoel] Checking offline messages for client
[2025-05-24 16:36:06] [KshRrbnIFt6sP3zPEBcqGlvRC54=] [Danoel] No offline messages found
[2025-05-24 16:36:16] [RkH91acmxA3cUuqBsMdwRLDQBxM=] [Avrelius33] Checking offline messages for client
[2025-05-24 16:36:16] [RkH91acmxA3cUuqBsMdwRLDQBxM=] [Avrelius33] No offline messages found
[2025-05-24 16:36:27] [y3awO0ennatOO9a236JGtByjKuM=] [воч ю мин] Checking offline messages for client
[2025-05-24 16:36:27] [y3awO0ennatOO9a236JGtByjKuM=] [воч ю мин] No offline messages found
[2025-05-24 16:39:59] [MutMI8w80TgxkXwn/z4gZc/vgiU=] [Asshole do not burn] Checking offline messages for client
[2025-05-24 16:39:59] [MutMI8w80TgxkXwn/z4gZc/vgiU=] [Asshole do not burn] No offline messages found
[2025-05-24 16:41:08] [RkH91acmxA3cUuqBsMdwRLDQBxM=] [Avrelius33] Checking offline messages for client
[2025-05-24 16:41:08] [RkH91acmxA3cUuqBsMdwRLDQBxM=] [Avrelius33] No offline messages found
[2025-05-24 16:45:26] [ZnU8vaPl8AP2v7ujelAJMkb+r+E=] [TeamSpeakUser3] Checking offline messages for client
[2025-05-24 16:45:26] [ZnU8vaPl8AP2v7ujelAJMkb+r+E=] [TeamSpeakUser3] No offline messages found
[2025-05-24 16:46:22] [avYI7vL0XXD3nIsf8cMXtgdn+/s=] [NowY] Checking offline messages for client
[2025-05-24 16:46:22] [avYI7vL0XXD3nIsf8cMXtgdn+/s=] [NowY] No offline messages found
[2025-05-24 16:46:31] [RkH91acmxA3cUuqBsMdwRLDQBxM=] [Avrelius33] Checking offline messages for client
[2025-05-24 16:46:31] [RkH91acmxA3cUuqBsMdwRLDQBxM=] [Avrelius33] No offline messages found
[2025-05-24 16:46:33] [uEI2N8oQhBZqNif6BrmmV2HAosc=] [пизда сергею дружкову] Checking offline messages for client
[2025-05-24 16:46:33] [uEI2N8oQhBZqNif6BrmmV2HAosc=] [пизда сергею дружкову] No offline messages found
[2025-05-24 16:46:49] [uEI2N8oQhBZqNif6BrmmV2HAosc=] [пизда заводу] Checking offline messages for client
[2025-05-24 16:46:49] [uEI2N8oQhBZqNif6BrmmV2HAosc=] [пизда заводу] No offline messages found
[2025-05-24 16:49:20] [x5BGOCFQRYcw8Om4Xgot4nkAC7o=] [YURA] Checking offline messages for client
[2025-05-24 16:49:20] [x5BGOCFQRYcw8Om4Xgot4nkAC7o=] [YURA] No offline messages found
[2025-05-24 16:55:42] [8Zdbsme26C48AHpMg4zVcDatTnE=] [Kurs] Checking offline messages for client
[2025-05-24 16:55:42] [8Zdbsme26C48AHpMg4zVcDatTnE=] [Kurs] No offline messages found
[2025-05-24 16:56:06] [RkH91acmxA3cUuqBsMdwRLDQBxM=] [Avrelius33] Checking offline messages for client
[2025-05-24 16:56:06] [RkH91acmxA3cUuqBsMdwRLDQBxM=] [Avrelius33] No offline messages found
[2025-05-24 17:04:02] [VWWeAeEs5ldHVoE4kI04afsKJIc=] [Tatarin] Checking offline messages for client
[2025-05-24 17:04:02] [VWWeAeEs5ldHVoE4kI04afsKJIc=] [Tatarin] No offline messages found
[2025-05-24 17:04:38] [m3jwrJafD7Z1HcDm7lAZbGqtROY=] [zui] Checking offline messages for client
[2025-05-24 17:04:38] [m3jwrJafD7Z1HcDm7lAZbGqtROY=] [zui] No offline messages found
[2025-05-24 17:06:47] [HA8AwjGjfttaVD2BbXsV3SrC+rA=] [Axtic] Checking offline messages for client
[2025-05-24 17:06:47] [HA8AwjGjfttaVD2BbXsV3SrC+rA=] [Axtic] No offline messages found
[2025-05-24 17:08:15] [pNJ0dVhbVyBpQkXuUlqIF5dellQ=] [sergei2517] Checking offline messages for client
[2025-05-24 17:08:15] [pNJ0dVhbVyBpQkXuUlqIF5dellQ=] [sergei2517] No offline messages found
[2025-05-24 17:08:28] [mTbPypkwuA/2B5Zl6CXWViczHPo=] [kızlıkbozan33] Checking offline messages for client
[2025-05-24 17:08:28] [mTbPypkwuA/2B5Zl6CXWViczHPo=] [kızlıkbozan33] No offline messages found
[2025-05-24 17:08:56] [TVYDqloG40AolgKZE51r8Arz5Ig=] [TeamSpeakUser1] Checking offline messages for client
[2025-05-24 17:08:56] [TVYDqloG40AolgKZE51r8Arz5Ig=] [TeamSpeakUser1] No offline messages found
[2025-05-24 17:10:41] [WqJ7G2qJdQ8kspL597ANASGN6Qc=] [леха] Checking offline messages for client
[2025-05-24 17:10:41] [WqJ7G2qJdQ8kspL597ANASGN6Qc=] [леха] No offline messages found
[2025-05-24 17:14:46] [V/TExn5X/B26ggQwhHgYNECStj0=] [Reаnimator] Checking offline messages for client
[2025-05-24 17:14:46] [V/TExn5X/B26ggQwhHgYNECStj0=] [Reаnimator] No offline messages found
[2025-05-24 17:19:52] [RkH91acmxA3cUuqBsMdwRLDQBxM=] [Avrelius33] Checking offline messages for client
[2025-05-24 17:19:52] [RkH91acmxA3cUuqBsMdwRLDQBxM=] [Avrelius33] No offline messages found
[2025-05-24 17:21:48] [vPIIPZsfxgCBFpXg8zKfvJB+NNQ=] [сосиаыв] Checking offline messages for client
[2025-05-24 17:21:48] [vPIIPZsfxgCBFpXg8zKfvJB+NNQ=] [сосиаыв] No offline messages found
[2025-05-24 17:25:24] [F4Rot6aSlWU5OFZBOarP2RTzrYY=] [INSANE] Checking offline messages for client
[2025-05-24 17:25:24] [F4Rot6aSlWU5OFZBOarP2RTzrYY=] [INSANE] No offline messages found
[2025-05-24 17:27:24] [7lkgv1NgBUC4Nbvfz0XxfSTDHSQ=] [Platonuch_UA] Checking offline messages for client
[2025-05-24 17:27:24] [7lkgv1NgBUC4Nbvfz0XxfSTDHSQ=] [Platonuch_UA] No offline messages found
[2025-05-24 17:28:36] [g95LkcovmlDSBBJIdmdv0zN6QBs=] [baysikimdeğil] Checking offline messages for client
[2025-05-24 17:28:36] [g95LkcovmlDSBBJIdmdv0zN6QBs=] [baysikimdeğil] No offline messages found
[2025-05-24 17:31:05] [QFOoQ6Mg2dbrrKfVQEqUbdv5Eqg=] [dosma666] Checking offline messages for client
[2025-05-24 17:31:05] [QFOoQ6Mg2dbrrKfVQEqUbdv5Eqg=] [dosma666] No offline messages found
[2025-05-24 17:31:18] [RkH91acmxA3cUuqBsMdwRLDQBxM=] [Avrelius33] Checking offline messages for client
[2025-05-24 17:31:18] [RkH91acmxA3cUuqBsMdwRLDQBxM=] [Avrelius33] No offline messages found
[2025-05-24 17:36:32] [irFCozqZmx4mk2S9bzd1ExaQZxQ=] [Jahodový Knedl] Checking offline messages for client
[2025-05-24 17:36:32] [irFCozqZmx4mk2S9bzd1ExaQZxQ=] [Jahodový Knedl] No offline messages found
[2025-05-24 17:37:48] [YJ8chm2QQIJyPFrsGN7ctoGAtDM=] [Ripachok] Checking offline messages for client
[2025-05-24 17:37:48] [YJ8chm2QQIJyPFrsGN7ctoGAtDM=] [Ripachok] No offline messages found
[2025-05-24 17:37:58] [4hvwCfCPtTRCCX/hD0S9PDAjwPY=] [Ander] Checking offline messages for client
[2025-05-24 17:37:58] [4hvwCfCPtTRCCX/hD0S9PDAjwPY=] [Ander] No offline messages found
[2025-05-24 17:39:37] [mLx0Hk4TMipqUwGhs4qaQnVuCRc=] [ywyw] Checking offline messages for client
[2025-05-24 17:39:37] [mLx0Hk4TMipqUwGhs4qaQnVuCRc=] [ywyw] No offline messages found
[2025-05-24 17:39:58] [KshRrbnIFt6sP3zPEBcqGlvRC54=] [Danoel] Checking offline messages for client
[2025-05-24 17:39:58] [KshRrbnIFt6sP3zPEBcqGlvRC54=] [Danoel] No offline messages found
[2025-05-24 17:41:38] [Afoqb5fqgY15LPQ0jZ/iOzeosLk=] [брочачо] Checking offline messages for client
[2025-05-24 17:41:38] [Afoqb5fqgY15LPQ0jZ/iOzeosLk=] [брочачо] No offline messages found
[2025-05-24 17:42:07] [XHkNT/2WnLO7jAbxQXhDIydF250=] [RedragoN] Checking offline messages for client
[2025-05-24 17:42:07] [XHkNT/2WnLO7jAbxQXhDIydF250=] [RedragoN] No offline messages found
[2025-05-24 17:43:09] [lnMFr9CACtNm2N+UU0FlIeT/jhM=] [Agent_vx] Checking offline messages for client
[2025-05-24 17:43:09] [lnMFr9CACtNm2N+UU0FlIeT/jhM=] [Agent_vx] No offline messages found
[2025-05-24 17:48:38] [2148w6jOcmXVxKbsYUmQaGdRPUU=] [BlackEye-_-] Checking offline messages for client
[2025-05-24 17:48:38] [2148w6jOcmXVxKbsYUmQaGdRPUU=] [BlackEye-_-] No offline messages found
[2025-05-24 17:49:56] [XHkNT/2WnLO7jAbxQXhDIydF250=] [RedragoN] Checking offline messages for client
[2025-05-24 17:49:56] [XHkNT/2WnLO7jAbxQXhDIydF250=] [RedragoN] No offline messages found
[2025-05-24 17:57:42] [Kg0a4ZelXd4eICZhiGmRywH4RNw=] [aliylmazbruh] Checking offline messages for client
[2025-05-24 17:57:42] [Kg0a4ZelXd4eICZhiGmRywH4RNw=] [aliylmazbruh] No offline messages found
[2025-05-24 18:04:12] [KshRrbnIFt6sP3zPEBcqGlvRC54=] [Danoel] Checking offline messages for client
[2025-05-24 18:04:12] [KshRrbnIFt6sP3zPEBcqGlvRC54=] [Danoel] No offline messages found
[2025-05-24 18:04:44] [avYI7vL0XXD3nIsf8cMXtgdn+/s=] [NowY] Checking offline messages for client
[2025-05-24 18:04:44] [avYI7vL0XXD3nIsf8cMXtgdn+/s=] [NowY] No offline messages found
[2025-05-24 18:06:32] [VuNFAf3wIFc1IkWzOmahJ2tNnQw=] [amir-v13] Checking offline messages for client
[2025-05-24 18:06:32] [VuNFAf3wIFc1IkWzOmahJ2tNnQw=] [amir-v13] No offline messages found
[2025-05-24 18:10:20] [KTw+VF6m+gTCBlxPrQOWS+S0KMI=] [ego1str0ma] Checking offline messages for client
[2025-05-24 18:10:20] [KTw+VF6m+gTCBlxPrQOWS+S0KMI=] [ego1str0ma] No offline messages found
[2025-05-24 18:11:24] [WtWgpfS8UE18SW7yGXm3r1yoO/c=] [Kowismo] Checking offline messages for client
[2025-05-24 18:11:24] [WtWgpfS8UE18SW7yGXm3r1yoO/c=] [Kowismo] No offline messages found
[2025-05-24 18:13:32] [eG4UMjLmuVndageyqcYzcti5tLY=] [COLDGREEN] Checking offline messages for client
[2025-05-24 18:13:32] [eG4UMjLmuVndageyqcYzcti5tLY=] [COLDGREEN] No offline messages found
[2025-05-24 18:13:49] [V/sE7GD+jPAQPdHRhDxgmql0tFI=] [Jabberson] Checking offline messages for client
[2025-05-24 18:13:49] [V/sE7GD+jPAQPdHRhDxgmql0tFI=] [Jabberson] No offline messages found
[2025-05-24 18:14:16] [LRLgyJCazviWfDUTPvzkB5nJs9E=] [Last_Samurai] Checking offline messages for client
[2025-05-24 18:14:16] [LRLgyJCazviWfDUTPvzkB5nJs9E=] [Last_Samurai] No offline messages found
[2025-05-24 18:16:39] [OGR4x0K2kK5M5o6aAMkiUooMFy8=] [TeamSpeakUser4] Checking offline messages for client
[2025-05-24 18:16:39] [OGR4x0K2kK5M5o6aAMkiUooMFy8=] [TeamSpeakUser4] No offline messages found
[2025-05-24 18:18:58] [nYYlWUs5YkYKnWWsLhHJIhbnlmA=] [HanS] Checking offline messages for client
[2025-05-24 18:18:58] [nYYlWUs5YkYKnWWsLhHJIhbnlmA=] [HanS] No offline messages found
[2025-05-24 18:19:02] [yPSI9aghhtH6O+mnSQIo84yUZ4c=] [шароёб] Checking offline messages for client
[2025-05-24 18:19:02] [yPSI9aghhtH6O+mnSQIo84yUZ4c=] [шароёб] No offline messages found
[2025-05-24 18:19:08] [A337CRyeHXs4LwAB23shVIw0jeg=] [mishechcaty] Checking offline messages for client
[2025-05-24 18:19:08] [A337CRyeHXs4LwAB23shVIw0jeg=] [mishechcaty] No offline messages found
[2025-05-24 18:20:36] [DhDqNKJFOzAI9dgJ0qsFAh9W1bM=] [Parsa94] Checking offline messages for client
[2025-05-24 18:20:36] [DhDqNKJFOzAI9dgJ0qsFAh9W1bM=] [Parsa94] No offline messages found
[2025-05-24 18:26:36] [g95LkcovmlDSBBJIdmdv0zN6QBs=] [baysikimdeğil] Checking offline messages for client
[2025-05-24 18:26:36] [g95LkcovmlDSBBJIdmdv0zN6QBs=] [baysikimdeğil] No offline messages found
[2025-05-24 18:27:54] [iefEc7IftjNMM5/w71mlW1yAG/s=] [слуга народа] Checking offline messages for client
[2025-05-24 18:27:54] [iefEc7IftjNMM5/w71mlW1yAG/s=] [слуга народа] No offline messages found
[2025-05-24 18:30:14] [vcf11v3jd/xFa7z1CnYnPaKGg8g=] [Unspre] Checking offline messages for client
[2025-05-24 18:30:14] [vcf11v3jd/xFa7z1CnYnPaKGg8g=] [Unspre] No offline messages found
[2025-05-24 18:37:08] [6loDKB5pFq9h9EZ8lWJAl1sRiNA=] [kagixxx] Checking offline messages for client
[2025-05-24 18:37:08] [6loDKB5pFq9h9EZ8lWJAl1sRiNA=] [kagixxx] No offline messages found
[2025-05-24 18:42:03] [cMFM6WrneTrfcarJY7o5Ksgwgag=] [gokos] Checking offline messages for client
[2025-05-24 18:42:03] [cMFM6WrneTrfcarJY7o5Ksgwgag=] [gokos] No offline messages found
[2025-05-24 18:42:29] [IEJxWZGON6jgBA8Umd2XqUNUbIA=] [apperhuyapper] Checking offline messages for client
[2025-05-24 18:42:29] [IEJxWZGON6jgBA8Umd2XqUNUbIA=] [apperhuyapper] No offline messages found
[2025-05-24 18:42:54] [qTbiuLvuv0AOhjUmVX+VILte18g=] [sadfay] Checking offline messages for client
[2025-05-24 18:42:54] [qTbiuLvuv0AOhjUmVX+VILte18g=] [sadfay] No offline messages found
[2025-05-24 18:46:34] [AXcW3JqcEcpp9wO1xMluNmAYJds=] [Atacaydin] Checking offline messages for client
[2025-05-24 18:46:34] [AXcW3JqcEcpp9wO1xMluNmAYJds=] [Atacaydin] No offline messages found
[2025-05-24 18:47:16] [EHTG2/cMg4zaJPjJ1nl3PGXUlAM=] [smokey.22] Checking offline messages for client
[2025-05-24 18:47:16] [EHTG2/cMg4zaJPjJ1nl3PGXUlAM=] [smokey.22] No offline messages found
[2025-05-24 18:47:36] [vAoVADXVgpjfEfuPw77F4fgEIl8=] [Nostalgia 2] Checking offline messages for client
[2025-05-24 18:47:36] [vAoVADXVgpjfEfuPw77F4fgEIl8=] [Nostalgia 2] No offline messages found
[2025-05-24 18:47:54] [MqlyPI/U5wjPs6LHaX2Ifl+w4r8=] [timothysamuelx] Checking offline messages for client
[2025-05-24 18:47:54] [MqlyPI/U5wjPs6LHaX2Ifl+w4r8=] [timothysamuelx] No offline messages found
[2025-05-24 18:48:15] [GDLMnVZvsy2PmGGBS4hN7CRvOTU=] [phonetik78] Checking offline messages for client
[2025-05-24 18:48:15] [GDLMnVZvsy2PmGGBS4hN7CRvOTU=] [phonetik78] No offline messages found
[2025-05-24 18:49:37] [yGyHsE0UXDqQvolpBrmTO+BH7ys=] [creepypastaking] Checking offline messages for client
[2025-05-24 18:49:37] [yGyHsE0UXDqQvolpBrmTO+BH7ys=] [creepypastaking] No offline messages found
[2025-05-24 18:50:27] [F+sDoybvvXZVYxLikhNJeZKMmTE=] [playerHIHIHAHA] Checking offline messages for client
[2025-05-24 18:50:27] [F+sDoybvvXZVYxLikhNJeZKMmTE=] [playerHIHIHAHA] No offline messages found
[2025-05-24 18:50:27] [IEJxWZGON6jgBA8Umd2XqUNUbIA=] [apperhuyapper] Checking offline messages for client
[2025-05-24 18:50:27] [IEJxWZGON6jgBA8Umd2XqUNUbIA=] [apperhuyapper] No offline messages found
[2025-05-24 18:50:27] [IEJxWZGON6jgBA8Umd2XqUNUbIA=] [apperhuyapper] Checking offline messages for client
[2025-05-24 18:50:27] [IEJxWZGON6jgBA8Umd2XqUNUbIA=] [apperhuyapper] No offline messages found
[2025-05-24 18:50:27] [IEJxWZGON6jgBA8Umd2XqUNUbIA=] [apperhuyapper] Checking offline messages for client
[2025-05-24 18:50:27] [IEJxWZGON6jgBA8Umd2XqUNUbIA=] [apperhuyapper] No offline messages found
[2025-05-24 18:51:02] [K4NR58gtSYij+BLM0STn2WKjS9U=] [Skylord] Checking offline messages for client
[2025-05-24 18:51:02] [K4NR58gtSYij+BLM0STn2WKjS9U=] [Skylord] No offline messages found
[2025-05-24 18:52:36] [FL+WmVp/PUMnZAd3PROfjjeRLi8=] [Patiencé] Checking offline messages for client
[2025-05-24 18:52:36] [FL+WmVp/PUMnZAd3PROfjjeRLi8=] [Patiencé] No offline messages found
[2025-05-24 18:52:50] [WtWgpfS8UE18SW7yGXm3r1yoO/c=] [Kowismo] Checking offline messages for client
[2025-05-24 18:52:50] [WtWgpfS8UE18SW7yGXm3r1yoO/c=] [Kowismo] No offline messages found
[2025-05-24 18:53:24] [Ops676Lt6XgMPCQGa8NIevUnutU=] [mmd] Checking offline messages for client
[2025-05-24 18:53:24] [Ops676Lt6XgMPCQGa8NIevUnutU=] [mmd] No offline messages found
[2025-05-24 18:53:41] [4xDC79pavxCPxGTiFQ91Fn/RIJQ=] [SoWheil] Checking offline messages for client
[2025-05-24 18:53:41] [4xDC79pavxCPxGTiFQ91Fn/RIJQ=] [SoWheil] No offline messages found
[2025-05-24 18:54:59] [APvCxYWLJt5FetRtnwrXlJVrRoY=] [zasosa1o] Checking offline messages for client
[2025-05-24 18:54:59] [APvCxYWLJt5FetRtnwrXlJVrRoY=] [zasosa1o] Found 1 offline messages
[2025-05-24 18:55:01] [APvCxYWLJt5FetRtnwrXlJVrRoY=] [zasosa1o] Sent poke message: Your private channel has been renumbered from #0 to #48 to maintain sorting order.
[2025-05-24 18:55:01] [APvCxYWLJt5FetRtnwrXlJVrRoY=] [zasosa1o] Deleted 1 delivered messages from database
[2025-05-24 18:55:14] [RkH91acmxA3cUuqBsMdwRLDQBxM=] [Avrelius33] Checking offline messages for client
[2025-05-24 18:55:14] [RkH91acmxA3cUuqBsMdwRLDQBxM=] [Avrelius33] No offline messages found
[2025-05-24 18:55:46] [5Oc2+R6eyJKPIKzcp3qWjXWBdBk=] [Tor4am] Checking offline messages for client
[2025-05-24 18:55:46] [5Oc2+R6eyJKPIKzcp3qWjXWBdBk=] [Tor4am] No offline messages found
[2025-05-24 18:56:54] [IEJxWZGON6jgBA8Umd2XqUNUbIA=] [apperhuyapper] Checking offline messages for client
[2025-05-24 18:56:54] [IEJxWZGON6jgBA8Umd2XqUNUbIA=] [apperhuyapper] No offline messages found
[2025-05-24 18:59:19] [uVIyLE46ey0eBhM+Z9Az+wuDd2U=] [LisssTzz] Checking offline messages for client
[2025-05-24 18:59:19] [uVIyLE46ey0eBhM+Z9Az+wuDd2U=] [LisssTzz] No offline messages found
[2025-05-24 19:00:42] [Ops676Lt6XgMPCQGa8NIevUnutU=] [mmd] Checking offline messages for client
[2025-05-24 19:00:42] [Ops676Lt6XgMPCQGa8NIevUnutU=] [mmd] No offline messages found
[2025-05-24 19:01:27] [m3jwrJafD7Z1HcDm7lAZbGqtROY=] [zui] Checking offline messages for client
[2025-05-24 19:01:27] [m3jwrJafD7Z1HcDm7lAZbGqtROY=] [zui] No offline messages found
[2025-05-24 19:03:43] [SUT+/nxpKwjoJxdY4PhDm+DXOi4=] [wadas] Checking offline messages for client
[2025-05-24 19:03:43] [SUT+/nxpKwjoJxdY4PhDm+DXOi4=] [wadas] No offline messages found
[2025-05-24 19:04:07] [157KL6nbvgzKYId8dWYGPfkn2rw=] [всем привет котятки] Checking offline messages for client
[2025-05-24 19:04:07] [157KL6nbvgzKYId8dWYGPfkn2rw=] [всем привет котятки] No offline messages found
[2025-05-24 19:04:35] [Ops676Lt6XgMPCQGa8NIevUnutU=] [mmd] Checking offline messages for client
[2025-05-24 19:04:35] [Ops676Lt6XgMPCQGa8NIevUnutU=] [mmd] No offline messages found
[2025-05-24 19:05:02] [ML5A6zsLU8O+4axZqoMWBtAJ+4E=] [RoburOO] Checking offline messages for client
[2025-05-24 19:05:02] [ML5A6zsLU8O+4axZqoMWBtAJ+4E=] [RoburOO] No offline messages found
[2025-05-24 19:06:44] [Ops676Lt6XgMPCQGa8NIevUnutU=] [mmd] Checking offline messages for client
[2025-05-24 19:06:44] [Ops676Lt6XgMPCQGa8NIevUnutU=] [mmd] No offline messages found
[2025-05-24 19:06:48] [RkH91acmxA3cUuqBsMdwRLDQBxM=] [Avrelius33] Checking offline messages for client
[2025-05-24 19:06:48] [RkH91acmxA3cUuqBsMdwRLDQBxM=] [Avrelius33] No offline messages found
[2025-05-24 19:07:02] [Ops676Lt6XgMPCQGa8NIevUnutU=] [mmd] Checking offline messages for client
[2025-05-24 19:07:02] [Ops676Lt6XgMPCQGa8NIevUnutU=] [mmd] No offline messages found
[2025-05-24 19:07:36] [COLZyKJmrHAbeJuIwxgb3lGZ0d0=] [tikka345] Checking offline messages for client
[2025-05-24 19:07:36] [COLZyKJmrHAbeJuIwxgb3lGZ0d0=] [tikka345] No offline messages found
[2025-05-24 19:07:52] [rD0HYr+Vjg2qE4JigTpXWon8WH0=] [GRADEN] Checking offline messages for client
[2025-05-24 19:07:52] [rD0HYr+Vjg2qE4JigTpXWon8WH0=] [GRADEN] No offline messages found
[2025-05-24 19:11:01] [XHkNT/2WnLO7jAbxQXhDIydF250=] [RedragoN] Checking offline messages for client
[2025-05-24 19:11:01] [XHkNT/2WnLO7jAbxQXhDIydF250=] [RedragoN] No offline messages found
[2025-05-24 19:13:59] [h4I+ClQC9XgFQhyJbHbE8s1n9Kw=] [girgagun] Checking offline messages for client
[2025-05-24 19:13:59] [h4I+ClQC9XgFQhyJbHbE8s1n9Kw=] [girgagun] No offline messages found
[2025-05-24 19:14:20] [J2V5hfOsxnpEQpK13P3P8Hc+/NA=] [Blood] Checking offline messages for client
[2025-05-24 19:14:20] [J2V5hfOsxnpEQpK13P3P8Hc+/NA=] [Blood] No offline messages found
[2025-05-24 19:14:25] [8yG40ppumRoJGhu1qR/blqgqttw=] [sanka98] Checking offline messages for client
[2025-05-24 19:14:25] [8yG40ppumRoJGhu1qR/blqgqttw=] [sanka98] No offline messages found
[2025-05-24 19:17:18] [h4I+ClQC9XgFQhyJbHbE8s1n9Kw=] [girgagun] Checking offline messages for client
[2025-05-24 19:17:18] [h4I+ClQC9XgFQhyJbHbE8s1n9Kw=] [girgagun] No offline messages found
[2025-05-24 19:17:44] [nDwq5hmy4bJPZ2yj0zJAY+TAOjE=] [KROFAR] Checking offline messages for client
[2025-05-24 19:17:44] [nDwq5hmy4bJPZ2yj0zJAY+TAOjE=] [KROFAR] No offline messages found
[2025-05-24 19:20:25] [uVIyLE46ey0eBhM+Z9Az+wuDd2U=] [LisssTzz] Checking offline messages for client
[2025-05-24 19:20:25] [uVIyLE46ey0eBhM+Z9Az+wuDd2U=] [LisssTzz] No offline messages found
[2025-05-24 19:22:23] [WtWgpfS8UE18SW7yGXm3r1yoO/c=] [Kowismo] Checking offline messages for client
[2025-05-24 19:22:23] [WtWgpfS8UE18SW7yGXm3r1yoO/c=] [Kowismo] No offline messages found
[2025-05-24 19:23:11] [3oWtn5L+6IU6K2KqfHLzLNq4zKM=] [kaetanin] Checking offline messages for client
[2025-05-24 19:23:11] [3oWtn5L+6IU6K2KqfHLzLNq4zKM=] [kaetanin] No offline messages found
[2025-05-24 19:24:52] [WtWgpfS8UE18SW7yGXm3r1yoO/c=] [Kowismo] Checking offline messages for client
[2025-05-24 19:24:52] [WtWgpfS8UE18SW7yGXm3r1yoO/c=] [Kowismo] No offline messages found
[2025-05-24 19:28:49] [h4I+ClQC9XgFQhyJbHbE8s1n9Kw=] [girgagun] Checking offline messages for client
[2025-05-24 19:28:49] [h4I+ClQC9XgFQhyJbHbE8s1n9Kw=] [girgagun] No offline messages found
[2025-05-24 19:28:58] [nDwq5hmy4bJPZ2yj0zJAY+TAOjE=] [KROFAR] Checking offline messages for client
[2025-05-24 19:28:58] [nDwq5hmy4bJPZ2yj0zJAY+TAOjE=] [KROFAR] No offline messages found
[2025-05-24 19:31:18] [COLZyKJmrHAbeJuIwxgb3lGZ0d0=] [tikka345] Checking offline messages for client
[2025-05-24 19:31:18] [COLZyKJmrHAbeJuIwxgb3lGZ0d0=] [tikka345] No offline messages found
[2025-05-24 19:33:58] [lnMFr9CACtNm2N+UU0FlIeT/jhM=] [Agent_vx] Checking offline messages for client
[2025-05-24 19:33:58] [lnMFr9CACtNm2N+UU0FlIeT/jhM=] [Agent_vx] No offline messages found
[2025-05-24 19:34:23] [cbVTTju6JnSpBukGx7hTR4US3KY=] [TeamSpeakUser] Checking offline messages for client
[2025-05-24 19:34:23] [cbVTTju6JnSpBukGx7hTR4US3KY=] [TeamSpeakUser] No offline messages found
[2025-05-24 19:35:21] [2148w6jOcmXVxKbsYUmQaGdRPUU=] [BlackEye-_-] Checking offline messages for client
[2025-05-24 19:35:21] [2148w6jOcmXVxKbsYUmQaGdRPUU=] [BlackEye-_-] No offline messages found
[2025-05-24 19:35:49] [6loDKB5pFq9h9EZ8lWJAl1sRiNA=] [kagixxx] Checking offline messages for client
[2025-05-24 19:35:49] [6loDKB5pFq9h9EZ8lWJAl1sRiNA=] [kagixxx] No offline messages found
[2025-05-24 19:39:57] [yBICHbhgjt9SlHyQu3BZbOYMUQU=] [H0R0Z] Checking offline messages for client
[2025-05-24 19:39:57] [yBICHbhgjt9SlHyQu3BZbOYMUQU=] [H0R0Z] No offline messages found
[2025-05-24 19:40:55] [MxGUDgktIyu6InxIn4FNxdgcarc=] [Хозяин Абатура №1] Checking offline messages for client
[2025-05-24 19:40:55] [MxGUDgktIyu6InxIn4FNxdgcarc=] [Хозяин Абатура №1] No offline messages found
[2025-05-24 19:42:13] [Hf7Ykpi+nWgDQ6lAP5A9MUo5Mfc=] [Agilex] Checking offline messages for client
[2025-05-24 19:42:13] [Hf7Ykpi+nWgDQ6lAP5A9MUo5Mfc=] [Agilex] No offline messages found
[2025-05-24 19:42:22] [KKakWCNNDyxUyhC4KpkSU2PHuVM=] [yusufppks] Checking offline messages for client
[2025-05-24 19:42:22] [KKakWCNNDyxUyhC4KpkSU2PHuVM=] [yusufppks] No offline messages found
[2025-05-24 19:46:27] [v8d0S2VwxhW09HTFPSJZmdATS9s=] [lokmannnnnn] Checking offline messages for client
[2025-05-24 19:46:27] [v8d0S2VwxhW09HTFPSJZmdATS9s=] [lokmannnnnn] No offline messages found
[2025-05-24 19:46:53] [lqX2Oz/RGh+MQGKjhD9GbFED4OY=] [DarkZX] Checking offline messages for client
[2025-05-24 19:46:53] [lqX2Oz/RGh+MQGKjhD9GbFED4OY=] [DarkZX] No offline messages found
[2025-05-24 19:47:51] [CUXvOk6y3yIcxZNtgGqhgcA6an4=] [Са1ун] Checking offline messages for client
[2025-05-24 19:47:51] [CUXvOk6y3yIcxZNtgGqhgcA6an4=] [Са1ун] No offline messages found
[2025-05-24 19:48:02] [KNwIsBtm4keUGSjaZsh/h3TEquE=] [Zenon] Checking offline messages for client
[2025-05-24 19:48:02] [KNwIsBtm4keUGSjaZsh/h3TEquE=] [Zenon] No offline messages found
[2025-05-24 19:49:58] [Uu5KMlrBm4Z5LiLbdfTmVcSDXOU=] [I_XaSkI_I] Checking offline messages for client
[2025-05-24 19:49:58] [Uu5KMlrBm4Z5LiLbdfTmVcSDXOU=] [I_XaSkI_I] No offline messages found
[2025-05-24 19:53:46] [RkH91acmxA3cUuqBsMdwRLDQBxM=] [Avrelius33] Checking offline messages for client
[2025-05-24 19:53:46] [RkH91acmxA3cUuqBsMdwRLDQBxM=] [Avrelius33] No offline messages found
[2025-05-24 19:54:17] [mqgd3Gc7WmeeLTlwm9TT72tKi9Y=] [Joss] Checking offline messages for client
[2025-05-24 19:54:17] [mqgd3Gc7WmeeLTlwm9TT72tKi9Y=] [Joss] No offline messages found
[2025-05-24 19:55:11] [+jAK4p+Ce6T/fojXfUGu0a+DMsw=] [Lazy_Eagle] Checking offline messages for client
[2025-05-24 19:55:11] [+jAK4p+Ce6T/fojXfUGu0a+DMsw=] [Lazy_Eagle] No offline messages found
[2025-05-24 19:56:54] [uehAFCMeJJDs0jSQteLGAH1Iab0=] [FF_Hamburger] Checking offline messages for client
[2025-05-24 19:56:54] [uehAFCMeJJDs0jSQteLGAH1Iab0=] [FF_Hamburger] No offline messages found
[2025-05-24 19:57:54] [RVQmMpiMw9B7rZKQ296p2XNP7fI=] [nkzd] Checking offline messages for client
[2025-05-24 19:57:54] [RVQmMpiMw9B7rZKQ296p2XNP7fI=] [nkzd] No offline messages found
[2025-05-24 19:59:58] [qx769vHBk+U9nzcK7mGrYmlgXoQ=] [daviddavid1957] Checking offline messages for client
[2025-05-24 19:59:58] [qx769vHBk+U9nzcK7mGrYmlgXoQ=] [daviddavid1957] No offline messages found
[2025-05-24 20:00:34] [OQCeQ18IAEuoURvL5bx576m14Ls=] [Belzevul] Checking offline messages for client
[2025-05-24 20:00:34] [OQCeQ18IAEuoURvL5bx576m14Ls=] [Belzevul] No offline messages found
[2025-05-24 20:02:01] [JRSJX/gE1q4rIxWGxe0NgwN6Ubk=] [saadf] Checking offline messages for client
[2025-05-24 20:02:01] [JRSJX/gE1q4rIxWGxe0NgwN6Ubk=] [saadf] No offline messages found
[2025-05-24 20:04:56] [Ops676Lt6XgMPCQGa8NIevUnutU=] [mmd] Checking offline messages for client
[2025-05-24 20:04:56] [Ops676Lt6XgMPCQGa8NIevUnutU=] [mmd] No offline messages found
[2025-05-24 20:06:06] [RX9guTzzgnRzAGjuPODtryHE49w=] [chubaakaa] Checking offline messages for client
[2025-05-24 20:06:06] [RX9guTzzgnRzAGjuPODtryHE49w=] [chubaakaa] No offline messages found
[2025-05-24 20:12:53] [cm+zDw/4zDuQN120Qa8q1mW/fIQ=] [hudabin] Checking offline messages for client
[2025-05-24 20:12:53] [cm+zDw/4zDuQN120Qa8q1mW/fIQ=] [hudabin] No offline messages found
[2025-05-24 20:15:40] [Tl3Bg1zFfrOJ+IRWyJh5UAIJ+5o=] [Efkeyy] Checking offline messages for client
[2025-05-24 20:15:40] [Tl3Bg1zFfrOJ+IRWyJh5UAIJ+5o=] [Efkeyy] No offline messages found
[2025-05-24 20:17:45] [BCgsZf9rkObhFtBm94XoYuf5F/Y=] [ayz1n] Checking offline messages for client
[2025-05-24 20:17:45] [BCgsZf9rkObhFtBm94XoYuf5F/Y=] [ayz1n] No offline messages found
[2025-05-24 20:18:10] [92jRH2y3Z4GXrC2r6Gptiuqqy+o=] [YanlızAdam] Checking offline messages for client
[2025-05-24 20:18:10] [92jRH2y3Z4GXrC2r6Gptiuqqy+o=] [YanlızAdam] No offline messages found
[2025-05-24 20:20:02] [iefEc7IftjNMM5/w71mlW1yAG/s=] [слуга народа] Checking offline messages for client
[2025-05-24 20:20:02] [iefEc7IftjNMM5/w71mlW1yAG/s=] [слуга народа] No offline messages found
[2025-05-24 20:21:08] [yPSI9aghhtH6O+mnSQIo84yUZ4c=] [шароёб] Checking offline messages for client
[2025-05-24 20:21:08] [yPSI9aghhtH6O+mnSQIo84yUZ4c=] [шароёб] No offline messages found
[2025-05-24 20:21:08] [yPSI9aghhtH6O+mnSQIo84yUZ4c=] [шароёб] Checking offline messages for client
[2025-05-24 20:21:08] [yPSI9aghhtH6O+mnSQIo84yUZ4c=] [шароёб] No offline messages found
[2025-05-24 20:21:08] [yPSI9aghhtH6O+mnSQIo84yUZ4c=] [шароёб] Checking offline messages for client
[2025-05-24 20:21:08] [yPSI9aghhtH6O+mnSQIo84yUZ4c=] [шароёб] No offline messages found
[2025-05-24 20:22:04] [Vo2EkpTM0Iknq/TzrwkmyGXoQPo=] [Retegui] Checking offline messages for client
[2025-05-24 20:22:04] [Vo2EkpTM0Iknq/TzrwkmyGXoQPo=] [Retegui] No offline messages found
[2025-05-24 20:22:53] [xuRMg43iz/Tub+BIn/ERIKPfczM=] [EXOPUL] Checking offline messages for client
[2025-05-24 20:22:53] [xuRMg43iz/Tub+BIn/ERIKPfczM=] [EXOPUL] No offline messages found
[2025-05-24 20:23:42] [0XaSaJTqMDRG53r/L41NHA912Rw=] [pisun] Checking offline messages for client
[2025-05-24 20:23:42] [0XaSaJTqMDRG53r/L41NHA912Rw=] [pisun] No offline messages found
[2025-05-24 20:23:45] [u741lYX5HAtnGqlTOEq8tCrz34E=] [Werctc] Checking offline messages for client
[2025-05-24 20:23:45] [u741lYX5HAtnGqlTOEq8tCrz34E=] [Werctc] No offline messages found
[2025-05-24 20:24:57] [cbVTTju6JnSpBukGx7hTR4US3KY=] [TeamSpeakUser] Checking offline messages for client
[2025-05-24 20:24:57] [cbVTTju6JnSpBukGx7hTR4US3KY=] [TeamSpeakUser] No offline messages found
[2025-05-24 20:26:00] [zplLYXriSF0hqWw82HYme0Qb6hU=] [BlvckMafia] Checking offline messages for client
[2025-05-24 20:26:00] [zplLYXriSF0hqWw82HYme0Qb6hU=] [BlvckMafia] No offline messages found
[2025-05-24 20:26:00] [zplLYXriSF0hqWw82HYme0Qb6hU=] [BlvckMafia] Checking offline messages for client
[2025-05-24 20:26:00] [zplLYXriSF0hqWw82HYme0Qb6hU=] [BlvckMafia] No offline messages found
[2025-05-24 20:26:00] [zplLYXriSF0hqWw82HYme0Qb6hU=] [BlvckMafia] Checking offline messages for client
[2025-05-24 20:26:00] [zplLYXriSF0hqWw82HYme0Qb6hU=] [BlvckMafia] No offline messages found
[2025-05-24 20:26:41] [N0mJG2qf9rAgHxhBsw1gDLHdOKw=] [ibrahim2402@myteamspeak.com] Checking offline messages for client
[2025-05-24 20:26:41] [N0mJG2qf9rAgHxhBsw1gDLHdOKw=] [ibrahim2402@myteamspeak.com] No offline messages found
[2025-05-24 20:28:02] [9Pt9/uzi3hl0wB2p2jxNcIK5sgU=] [Deerace] Checking offline messages for client
[2025-05-24 20:28:02] [9Pt9/uzi3hl0wB2p2jxNcIK5sgU=] [Deerace] No offline messages found
[2025-05-24 20:28:06] [raAePR7lHPhNIRleevueRUQgaPg=] [Seyit] Checking offline messages for client
[2025-05-24 20:28:06] [raAePR7lHPhNIRleevueRUQgaPg=] [Seyit] No offline messages found
[2025-05-24 20:28:44] [uVmbHDjOHHZzF900DHK4mbNPOm8=] [Arfaxat] Checking offline messages for client
[2025-05-24 20:28:44] [uVmbHDjOHHZzF900DHK4mbNPOm8=] [Arfaxat] No offline messages found
[2025-05-24 20:31:42] [BeICdvIiZVCXM27KQGZo0ienVIU=] [paga eu xina] Checking offline messages for client
[2025-05-24 20:31:42] [BeICdvIiZVCXM27KQGZo0ienVIU=] [paga eu xina] No offline messages found
[2025-05-24 20:32:18] [Di2MaUkDvWG/4yTOmNqIBWAhaIM=] [astraiser] Checking offline messages for client
[2025-05-24 20:32:18] [Di2MaUkDvWG/4yTOmNqIBWAhaIM=] [astraiser] No offline messages found
[2025-05-24 20:32:18] [MCH5CUuHw7qLHVegyroS34EN/pQ=] [PastA1] Checking offline messages for client
[2025-05-24 20:32:18] [MCH5CUuHw7qLHVegyroS34EN/pQ=] [PastA1] No offline messages found
[2025-05-24 20:34:07] [mjmMZmkF0BV3EE0zLxDPrq93lL8=] [mixaluch0707] Checking offline messages for client
[2025-05-24 20:34:07] [mjmMZmkF0BV3EE0zLxDPrq93lL8=] [mixaluch0707] No offline messages found
[2025-05-24 20:34:17] [zplLYXriSF0hqWw82HYme0Qb6hU=] [BlvckMafia] Checking offline messages for client
[2025-05-24 20:34:17] [zplLYXriSF0hqWw82HYme0Qb6hU=] [BlvckMafia] No offline messages found
[2025-05-24 20:34:41] [qNsg0b7JeakWdOg/MBVUEfo+t/s=] [Chico] Checking offline messages for client
[2025-05-24 20:34:41] [qNsg0b7JeakWdOg/MBVUEfo+t/s=] [Chico] No offline messages found
[2025-05-24 20:35:15] [lvbOrAwll8+GyMZ5KkJR8ytlq1g=] [TeamSpeakUser5] Checking offline messages for client
[2025-05-24 20:35:15] [lvbOrAwll8+GyMZ5KkJR8ytlq1g=] [TeamSpeakUser5] No offline messages found
[2025-05-24 20:35:17] [0pZqXichHQBwgSoYTsZqTFC0yMM=] [Sector] Checking offline messages for client
[2025-05-24 20:35:17] [0pZqXichHQBwgSoYTsZqTFC0yMM=] [Sector] No offline messages found
[2025-05-24 20:35:36] [LChIIpVKSczGXCJcvYW8G7+Rrgk=] [erik] Checking offline messages for client
[2025-05-24 20:35:36] [LChIIpVKSczGXCJcvYW8G7+Rrgk=] [erik] No offline messages found
[2025-05-24 20:36:19] [F4Rot6aSlWU5OFZBOarP2RTzrYY=] [INSANE] Checking offline messages for client
[2025-05-24 20:36:19] [F4Rot6aSlWU5OFZBOarP2RTzrYY=] [INSANE] No offline messages found
[2025-05-24 20:36:20] [F4Rot6aSlWU5OFZBOarP2RTzrYY=] [INSANE] Checking offline messages for client
[2025-05-24 20:36:20] [F4Rot6aSlWU5OFZBOarP2RTzrYY=] [INSANE] No offline messages found
[2025-05-24 20:36:20] [F4Rot6aSlWU5OFZBOarP2RTzrYY=] [INSANE] Checking offline messages for client
[2025-05-24 20:36:20] [F4Rot6aSlWU5OFZBOarP2RTzrYY=] [INSANE] No offline messages found
[2025-05-24 20:38:58] [6QTSVZJXFWVj3iE7IzR5O0qjvAA=] [Maprhendil] Checking offline messages for client
[2025-05-24 20:38:58] [6QTSVZJXFWVj3iE7IzR5O0qjvAA=] [Maprhendil] No offline messages found
[2025-05-24 20:41:19] [HA8AwjGjfttaVD2BbXsV3SrC+rA=] [Axtic] Checking offline messages for client
[2025-05-24 20:41:19] [HA8AwjGjfttaVD2BbXsV3SrC+rA=] [Axtic] No offline messages found
[2025-05-24 20:41:50] [MQ3mzkgPKf3CSM++TDpopXnLpzs=] [clamoris] Checking offline messages for client
[2025-05-24 20:41:50] [MQ3mzkgPKf3CSM++TDpopXnLpzs=] [clamoris] No offline messages found
[2025-05-24 20:48:53] [3oWtn5L+6IU6K2KqfHLzLNq4zKM=] [kaetanin] Checking offline messages for client
[2025-05-24 20:48:53] [3oWtn5L+6IU6K2KqfHLzLNq4zKM=] [kaetanin] No offline messages found
[2025-05-24 20:50:03] [2Lx63FxcyvHlLbs3Khbo5bJe6mY=] [Last] Checking offline messages for client
[2025-05-24 20:50:03] [2Lx63FxcyvHlLbs3Khbo5bJe6mY=] [Last] No offline messages found
[2025-05-24 20:50:43] [0QB97Osw3uXmHXu9QaAed3DrwRQ=] [Myata] Checking offline messages for client
[2025-05-24 20:50:43] [0QB97Osw3uXmHXu9QaAed3DrwRQ=] [Myata] No offline messages found
[2025-05-24 20:56:40] [irFCozqZmx4mk2S9bzd1ExaQZxQ=] [Jahodový Knedl] Checking offline messages for client
[2025-05-24 20:56:40] [irFCozqZmx4mk2S9bzd1ExaQZxQ=] [Jahodový Knedl] No offline messages found
[2025-05-24 21:03:00] [37H/lttZ8+4bwWOCES4zZFUkIOg=] [crzfrg77] Checking offline messages for client
[2025-05-24 21:03:00] [37H/lttZ8+4bwWOCES4zZFUkIOg=] [crzfrg77] No offline messages found
[2025-05-24 21:03:03] [YzUgu3CXOY+yhn8UlP+xRN3h09M=] [vekil'] Checking offline messages for client
[2025-05-24 21:03:03] [YzUgu3CXOY+yhn8UlP+xRN3h09M=] [vekil'] No offline messages found
[2025-05-24 21:03:06] [gOwDhq1CmTN5Qc6OmKIGGqVvKTs=] [zero] Checking offline messages for client
[2025-05-24 21:03:06] [gOwDhq1CmTN5Qc6OmKIGGqVvKTs=] [zero] No offline messages found
[2025-05-24 21:08:06] [gITtVlfHYxsd3mvOfTblKNtJBDU=] [4iff] Checking offline messages for client
[2025-05-24 21:08:06] [gITtVlfHYxsd3mvOfTblKNtJBDU=] [4iff] No offline messages found
[2025-05-24 21:08:10] [xweiIcFZYx5VGQnkKFiqZn1zetU=] [Mix] Checking offline messages for client
[2025-05-24 21:08:10] [xweiIcFZYx5VGQnkKFiqZn1zetU=] [Mix] No offline messages found
[2025-05-24 21:09:09] [WtWgpfS8UE18SW7yGXm3r1yoO/c=] [Kowismo] Checking offline messages for client
[2025-05-24 21:09:09] [WtWgpfS8UE18SW7yGXm3r1yoO/c=] [Kowismo] No offline messages found
[2025-05-24 21:15:40] [2mZQHdAs7SMjrtaYieQwOL7jAfA=] [lored1] Checking offline messages for client
[2025-05-24 21:15:40] [2mZQHdAs7SMjrtaYieQwOL7jAfA=] [lored1] No offline messages found
[2025-05-24 21:15:40] [2mZQHdAs7SMjrtaYieQwOL7jAfA=] [lored1] Checking offline messages for client
[2025-05-24 21:15:40] [2mZQHdAs7SMjrtaYieQwOL7jAfA=] [lored1] No offline messages found
[2025-05-24 21:15:41] [2mZQHdAs7SMjrtaYieQwOL7jAfA=] [lored1] Checking offline messages for client
[2025-05-24 21:15:41] [2mZQHdAs7SMjrtaYieQwOL7jAfA=] [lored1] No offline messages found
[2025-05-24 21:20:14] [fH55ADpBJR2Pf03gH5EIVyAAuTk=] [W1zard] Checking offline messages for client
[2025-05-24 21:20:14] [fH55ADpBJR2Pf03gH5EIVyAAuTk=] [W1zard] No offline messages found
[2025-05-24 21:20:59] [fH55ADpBJR2Pf03gH5EIVyAAuTk=] [W1zard] Checking offline messages for client
[2025-05-24 21:20:59] [fH55ADpBJR2Pf03gH5EIVyAAuTk=] [W1zard] No offline messages found
[2025-05-24 21:22:42] [kTd29/WoY6kTCwFudlNFg7fSHEA=] [ChaRLIE] Checking offline messages for client
[2025-05-24 21:22:42] [kTd29/WoY6kTCwFudlNFg7fSHEA=] [ChaRLIE] No offline messages found
[2025-05-24 21:27:12] [R/kmoD3fbFiPIhJFscE/IOM3IS0=] [Asaparyn] Checking offline messages for client
[2025-05-24 21:27:12] [R/kmoD3fbFiPIhJFscE/IOM3IS0=] [Asaparyn] No offline messages found
[2025-05-24 21:27:22] [5VHklsNdcbmfyHtwDayYUZ4P9Jg=] [lord] Checking offline messages for client
[2025-05-24 21:27:22] [5VHklsNdcbmfyHtwDayYUZ4P9Jg=] [lord] No offline messages found
[2025-05-24 21:28:31] [3wfCbZork1r8h4aDgIW1hfWE0YA=] [SNAC-Ahmet] Checking offline messages for client
[2025-05-24 21:28:31] [3wfCbZork1r8h4aDgIW1hfWE0YA=] [SNAC-Ahmet] No offline messages found
[2025-05-24 21:29:31] [J2V5hfOsxnpEQpK13P3P8Hc+/NA=] [Blood] Checking offline messages for client
[2025-05-24 21:29:31] [J2V5hfOsxnpEQpK13P3P8Hc+/NA=] [Blood] No offline messages found
[2025-05-24 21:30:43] [pUCIpssKzbEhYAmtB8xcuFXcEsU=] [mostafa] Checking offline messages for client
[2025-05-24 21:30:43] [pUCIpssKzbEhYAmtB8xcuFXcEsU=] [mostafa] No offline messages found
[2025-05-24 21:31:06] [tOoGEdCN9ULy8ULKyELfIWNelvU=] [kayanyildz] Checking offline messages for client
[2025-05-24 21:31:06] [tOoGEdCN9ULy8ULKyELfIWNelvU=] [kayanyildz] No offline messages found
[2025-05-24 21:32:15] [X5vYW3PMU9fn2qIHtRzrYahtZIY=] [Лише] Checking offline messages for client
[2025-05-24 21:32:15] [X5vYW3PMU9fn2qIHtRzrYahtZIY=] [Лише] No offline messages found
[2025-05-24 21:33:57] [ilO9JAl5glx+WikZA6SZqmic0Iw=] [kaiizenn] Checking offline messages for client
[2025-05-24 21:33:57] [ilO9JAl5glx+WikZA6SZqmic0Iw=] [kaiizenn] No offline messages found
[2025-05-24 21:34:17] [ayHUOzBuuInw8J/HHBAIDIq0cYY=] [bohun ivan] Checking offline messages for client
[2025-05-24 21:34:17] [ayHUOzBuuInw8J/HHBAIDIq0cYY=] [bohun ivan] No offline messages found
[2025-05-24 21:35:20] [K5/IaDGscrQW+qBOe0yWCZ4tht0=] [kappanda01] Checking offline messages for client
[2025-05-24 21:35:20] [K5/IaDGscrQW+qBOe0yWCZ4tht0=] [kappanda01] No offline messages found
[2025-05-24 21:38:54] [9G8PxP7oXSvPzJtJHTkVnlsVP9A=] [lowkeybomba] Checking offline messages for client
[2025-05-24 21:38:54] [9G8PxP7oXSvPzJtJHTkVnlsVP9A=] [lowkeybomba] No offline messages found
[2025-05-24 21:40:59] [DKxpvrss2S2E4aesTQgMl1sNNPE=] [CEVIKUVET] Checking offline messages for client
[2025-05-24 21:40:59] [DKxpvrss2S2E4aesTQgMl1sNNPE=] [CEVIKUVET] No offline messages found
[2025-05-24 21:40:59] [DKxpvrss2S2E4aesTQgMl1sNNPE=] [CEVIKUVET] Checking offline messages for client
[2025-05-24 21:40:59] [DKxpvrss2S2E4aesTQgMl1sNNPE=] [CEVIKUVET] No offline messages found
[2025-05-24 21:40:59] [DKxpvrss2S2E4aesTQgMl1sNNPE=] [CEVIKUVET] Checking offline messages for client
[2025-05-24 21:40:59] [DKxpvrss2S2E4aesTQgMl1sNNPE=] [CEVIKUVET] No offline messages found
[2025-05-24 21:42:50] [yNFUjD+LJEqojKPPlPGtCAVEYRU=] [Боцман777] Checking offline messages for client
[2025-05-24 21:42:50] [yNFUjD+LJEqojKPPlPGtCAVEYRU=] [Боцман777] No offline messages found
[2025-05-24 21:43:10] [HL1M4htZuC4hSl/P/HyqYlf2rf8=] [CİHO] Checking offline messages for client
[2025-05-24 21:43:10] [HL1M4htZuC4hSl/P/HyqYlf2rf8=] [CİHO] No offline messages found
[2025-05-24 21:43:46] [iziowVTbk7mGU95qNZGKt7wZaR8=] [bentuto] Checking offline messages for client
[2025-05-24 21:43:46] [iziowVTbk7mGU95qNZGKt7wZaR8=] [bentuto] No offline messages found
[2025-05-24 21:44:39] [3wfCbZork1r8h4aDgIW1hfWE0YA=] [SNAC-Ahmet] Checking offline messages for client
[2025-05-24 21:44:39] [3wfCbZork1r8h4aDgIW1hfWE0YA=] [SNAC-Ahmet] No offline messages found
[2025-05-24 21:45:33] [ow+Zi/O4SnJIvwHosoZ7zIvOOK8=] [shinigami] Checking offline messages for client
[2025-05-24 21:45:33] [ow+Zi/O4SnJIvwHosoZ7zIvOOK8=] [shinigami] No offline messages found
[2025-05-24 21:48:06] [riMa9ZdVnY0wik3125DhlHBS3AQ=] [TeamSpeakUser1] Checking offline messages for client
[2025-05-24 21:48:06] [riMa9ZdVnY0wik3125DhlHBS3AQ=] [TeamSpeakUser1] No offline messages found
[2025-05-24 21:49:31] [Chs2gds0q5c5sHk5GQqGy9JmwQg=] [teaman11] Checking offline messages for client
[2025-05-24 21:49:31] [Chs2gds0q5c5sHk5GQqGy9JmwQg=] [teaman11] No offline messages found
[2025-05-24 21:49:37] [Zn/9+bT2XSO9sc6lE0+QcGA4eu4=] [SanquaRne#] Checking offline messages for client
[2025-05-24 21:49:37] [Zn/9+bT2XSO9sc6lE0+QcGA4eu4=] [SanquaRne#] No offline messages found
[2025-05-24 21:50:26] [Uu5KMlrBm4Z5LiLbdfTmVcSDXOU=] [I_XaSkI_I] Checking offline messages for client
[2025-05-24 21:50:26] [Uu5KMlrBm4Z5LiLbdfTmVcSDXOU=] [I_XaSkI_I] No offline messages found
[2025-05-24 21:54:10] [B2fRgglzPVX7d5IDrNsAi94lUY0=] [baia] Checking offline messages for client
[2025-05-24 21:54:10] [B2fRgglzPVX7d5IDrNsAi94lUY0=] [baia] No offline messages found
[2025-05-24 21:55:10] [5Oc2+R6eyJKPIKzcp3qWjXWBdBk=] [Tor4am] Checking offline messages for client
[2025-05-24 21:55:10] [5Oc2+R6eyJKPIKzcp3qWjXWBdBk=] [Tor4am] No offline messages found
[2025-05-24 21:55:11] [/q3AUcRksItEWMmvbSnrK/fE5MI=] [weow] Checking offline messages for client
[2025-05-24 21:55:11] [/q3AUcRksItEWMmvbSnrK/fE5MI=] [weow] No offline messages found
[2025-05-24 21:55:12] [/q3AUcRksItEWMmvbSnrK/fE5MI=] [weow] Checking offline messages for client
[2025-05-24 21:55:12] [/q3AUcRksItEWMmvbSnrK/fE5MI=] [weow] No offline messages found
[2025-05-24 21:55:12] [/q3AUcRksItEWMmvbSnrK/fE5MI=] [weow] Checking offline messages for client
[2025-05-24 21:55:12] [/q3AUcRksItEWMmvbSnrK/fE5MI=] [weow] No offline messages found
[2025-05-24 21:55:57] [CLjW9XZRVK/QqCWNNxgkChrH2sw=] [eferc] Checking offline messages for client
[2025-05-24 21:55:57] [CLjW9XZRVK/QqCWNNxgkChrH2sw=] [eferc] No offline messages found
[2025-05-24 21:57:57] [Zn/9+bT2XSO9sc6lE0+QcGA4eu4=] [SanquaRne#] Checking offline messages for client
[2025-05-24 21:57:57] [Zn/9+bT2XSO9sc6lE0+QcGA4eu4=] [SanquaRne#] No offline messages found
[2025-05-24 21:58:42] [BEg2/olv1HHNvUSRHS+tb2VFbnw=] [lilja] Checking offline messages for client
[2025-05-24 21:58:42] [BEg2/olv1HHNvUSRHS+tb2VFbnw=] [lilja] No offline messages found
[2025-05-24 21:58:42] [BEg2/olv1HHNvUSRHS+tb2VFbnw=] [lilja] Checking offline messages for client
[2025-05-24 21:58:42] [BEg2/olv1HHNvUSRHS+tb2VFbnw=] [lilja] No offline messages found
[2025-05-24 21:58:42] [BEg2/olv1HHNvUSRHS+tb2VFbnw=] [lilja] Checking offline messages for client
[2025-05-24 21:58:42] [BEg2/olv1HHNvUSRHS+tb2VFbnw=] [lilja] No offline messages found
[2025-05-24 22:00:20] [cMFM6WrneTrfcarJY7o5Ksgwgag=] [gokos] Checking offline messages for client
[2025-05-24 22:00:20] [cMFM6WrneTrfcarJY7o5Ksgwgag=] [gokos] No offline messages found
[2025-05-24 22:08:36] [aejgc7RaVDF4+lz4weyWHc6HaEQ=] [TeamSpeakUser1] Checking offline messages for client
[2025-05-24 22:08:36] [aejgc7RaVDF4+lz4weyWHc6HaEQ=] [TeamSpeakUser1] No offline messages found
[2025-05-24 22:09:42] [21GYrZ5LFqh/gapn4zUDZ7mxJFU=] [Chibuike] Checking offline messages for client
[2025-05-24 22:09:42] [21GYrZ5LFqh/gapn4zUDZ7mxJFU=] [Chibuike] No offline messages found
[2025-05-24 22:15:45] [czJq8VhqlxMm/zy39XTQ+Np/v1c=] [Manwe] Checking offline messages for client
[2025-05-24 22:15:45] [czJq8VhqlxMm/zy39XTQ+Np/v1c=] [Manwe] No offline messages found
[2025-05-24 22:20:17] [mdNtjCqlWOU4h/c5gSMiKxaq/qE=] [Sartalion(Тварь)] Checking offline messages for client
[2025-05-24 22:20:17] [mdNtjCqlWOU4h/c5gSMiKxaq/qE=] [Sartalion(Тварь)] No offline messages found
[2025-05-24 22:20:39] [y5WQGgJ6tkLOAICf2EbrsIZJyEo=] [TeamSpeakUser2] Checking offline messages for client
[2025-05-24 22:20:39] [y5WQGgJ6tkLOAICf2EbrsIZJyEo=] [TeamSpeakUser2] No offline messages found
[2025-05-24 22:21:12] [T3skCY1b+GQGiN7LE5D5VFszDSw=] [TOLGA] Checking offline messages for client
[2025-05-24 22:21:12] [T3skCY1b+GQGiN7LE5D5VFszDSw=] [TOLGA] No offline messages found
[2025-05-24 22:23:36] [T3skCY1b+GQGiN7LE5D5VFszDSw=] [TOLGA] Checking offline messages for client
[2025-05-24 22:23:36] [T3skCY1b+GQGiN7LE5D5VFszDSw=] [TOLGA] No offline messages found
[2025-05-24 22:28:17] [3wfCbZork1r8h4aDgIW1hfWE0YA=] [SNAC-Ahmet] Checking offline messages for client
[2025-05-24 22:28:17] [3wfCbZork1r8h4aDgIW1hfWE0YA=] [SNAC-Ahmet] No offline messages found
[2025-05-24 22:29:51] [XUq6lat2sP336FLybn+Od5CLO5Q=] [TeamSpeakUser3] Checking offline messages for client
[2025-05-24 22:29:51] [XUq6lat2sP336FLybn+Od5CLO5Q=] [TeamSpeakUser3] No offline messages found
[2025-05-24 22:33:15] [ntGWSOoFLOs4Q4WEtEtFwvpyXyk=] [LlarsS] Checking offline messages for client
[2025-05-24 22:33:15] [ntGWSOoFLOs4Q4WEtEtFwvpyXyk=] [LlarsS] No offline messages found
[2025-05-24 22:33:15] [7OPNxHcTHSq+znXytBlDRPU74IQ=] [NaiRoD] Checking offline messages for client
[2025-05-24 22:33:15] [7OPNxHcTHSq+znXytBlDRPU74IQ=] [NaiRoD] No offline messages found
[2025-05-24 22:33:15] [7OPNxHcTHSq+znXytBlDRPU74IQ=] [NaiRoD] Checking offline messages for client
[2025-05-24 22:33:15] [7OPNxHcTHSq+znXytBlDRPU74IQ=] [NaiRoD] No offline messages found
[2025-05-24 22:33:15] [7OPNxHcTHSq+znXytBlDRPU74IQ=] [NaiRoD] Checking offline messages for client
[2025-05-24 22:33:15] [7OPNxHcTHSq+znXytBlDRPU74IQ=] [NaiRoD] No offline messages found
[2025-05-24 22:34:55] [j2TIawnGNehvq+itbVK9ty0G5jo=] [Sfanon] Checking offline messages for client
[2025-05-24 22:34:55] [j2TIawnGNehvq+itbVK9ty0G5jo=] [Sfanon] No offline messages found
[2025-05-24 22:35:10] [HA8AwjGjfttaVD2BbXsV3SrC+rA=] [Axtic] Checking offline messages for client
[2025-05-24 22:35:10] [HA8AwjGjfttaVD2BbXsV3SrC+rA=] [Axtic] No offline messages found
[2025-05-24 22:41:46] [+AEiGDs17OALboyzRweaafavqP0=] [ma1tsev] Checking offline messages for client
[2025-05-24 22:41:46] [+AEiGDs17OALboyzRweaafavqP0=] [ma1tsev] No offline messages found
[2025-05-24 22:46:05] [esphB+mG2+N8I3ntRjK04Tgvv7o=] [Phantor] Checking offline messages for client
[2025-05-24 22:46:05] [esphB+mG2+N8I3ntRjK04Tgvv7o=] [Phantor] No offline messages found
[2025-05-24 22:46:08] [WtWgpfS8UE18SW7yGXm3r1yoO/c=] [Kowismo] Checking offline messages for client
[2025-05-24 22:46:08] [WtWgpfS8UE18SW7yGXm3r1yoO/c=] [Kowismo] No offline messages found
[2025-05-24 22:51:26] [ntGWSOoFLOs4Q4WEtEtFwvpyXyk=] [LlarsS] Checking offline messages for client
[2025-05-24 22:51:26] [ntGWSOoFLOs4Q4WEtEtFwvpyXyk=] [LlarsS] No offline messages found
[2025-05-24 22:53:25] [VNEMZGVfsM3a7FyUkiKK12KnFvw=] [rowdy] Checking offline messages for client
[2025-05-24 22:53:25] [VNEMZGVfsM3a7FyUkiKK12KnFvw=] [rowdy] No offline messages found
[2025-05-24 22:53:58] [0WgZKkj6v4iiMp7/eG9vKSWI5qU=] [TeamSpeakUser4] Checking offline messages for client
[2025-05-24 22:53:58] [0WgZKkj6v4iiMp7/eG9vKSWI5qU=] [TeamSpeakUser4] No offline messages found
[2025-05-24 22:55:58] [LRLgyJCazviWfDUTPvzkB5nJs9E=] [Last_Samurai] Checking offline messages for client
[2025-05-24 22:55:58] [LRLgyJCazviWfDUTPvzkB5nJs9E=] [Last_Samurai] No offline messages found
[2025-05-24 22:57:25] [dMs00ngE6YI0KHtAGRTqeHdKujU=] [Bigboss420] Checking offline messages for client
[2025-05-24 22:57:25] [dMs00ngE6YI0KHtAGRTqeHdKujU=] [Bigboss420] No offline messages found
[2025-05-24 22:57:56] [ntGWSOoFLOs4Q4WEtEtFwvpyXyk=] [LlarsS] Checking offline messages for client
[2025-05-24 22:57:56] [ntGWSOoFLOs4Q4WEtEtFwvpyXyk=] [LlarsS] No offline messages found
[2025-05-24 22:58:16] [Yc5nUHSB4B/CeI3ewx3CNASuRLs=] [Trayblll] Checking offline messages for client
[2025-05-24 22:58:16] [Yc5nUHSB4B/CeI3ewx3CNASuRLs=] [Trayblll] No offline messages found
[2025-05-24 23:01:01] [gQ5C6+V5CuxoWVdapQ4LurehHGY=] [ph0x] Checking offline messages for client
[2025-05-24 23:01:01] [gQ5C6+V5CuxoWVdapQ4LurehHGY=] [ph0x] No offline messages found
[2025-05-24 23:01:24] [R+KW1QSqbZRuZk4pN2SGLrk8szQ=] [namja] Checking offline messages for client
[2025-05-24 23:01:24] [R+KW1QSqbZRuZk4pN2SGLrk8szQ=] [namja] No offline messages found
[2025-05-24 23:01:30] [seZE+SnpsSe4GD8z7cSg3NZhuRU=] [NIL] Checking offline messages for client
[2025-05-24 23:01:30] [seZE+SnpsSe4GD8z7cSg3NZhuRU=] [NIL] No offline messages found
[2025-05-24 23:01:34] [RJ4ey/bxVJ5eYFnjo7KF14s+i1s=] [Shahram] Checking offline messages for client
[2025-05-24 23:01:34] [RJ4ey/bxVJ5eYFnjo7KF14s+i1s=] [Shahram] No offline messages found
[2025-05-24 23:01:53] [EpUZWrjjGrqfKYXVQkV4/zwv73I=] [mehdi ronin] Checking offline messages for client
[2025-05-24 23:01:53] [EpUZWrjjGrqfKYXVQkV4/zwv73I=] [mehdi ronin] No offline messages found
[2025-05-24 23:04:09] [zplLYXriSF0hqWw82HYme0Qb6hU=] [BlvckMafia] Checking offline messages for client
[2025-05-24 23:04:09] [zplLYXriSF0hqWw82HYme0Qb6hU=] [BlvckMafia] No offline messages found
[2025-05-24 23:04:40] [+GhUBZ/zcj+AuTFNM+CM11S3jDU=] [Nashw0w] Checking offline messages for client
[2025-05-24 23:04:40] [+GhUBZ/zcj+AuTFNM+CM11S3jDU=] [Nashw0w] No offline messages found
[2025-05-24 23:05:07] [21ldiA4k6Q8mp40UAuQyyM5QH7I=] [ks1] Checking offline messages for client
[2025-05-24 23:05:07] [21ldiA4k6Q8mp40UAuQyyM5QH7I=] [ks1] No offline messages found
[2025-05-24 23:05:40] [3TObQhVUfEuWE+nZP3fVpACdaII=] [Джанинг] Checking offline messages for client
[2025-05-24 23:05:40] [3TObQhVUfEuWE+nZP3fVpACdaII=] [Джанинг] No offline messages found
[2025-05-24 23:05:46] [ntGWSOoFLOs4Q4WEtEtFwvpyXyk=] [LlarsS] Checking offline messages for client
[2025-05-24 23:05:46] [ntGWSOoFLOs4Q4WEtEtFwvpyXyk=] [LlarsS] No offline messages found
[2025-05-24 23:05:52] [Yolrk0vLW7Jl+G3XWWoj32wvYHo=] [joy] Checking offline messages for client
[2025-05-24 23:05:52] [Yolrk0vLW7Jl+G3XWWoj32wvYHo=] [joy] No offline messages found
[2025-05-24 23:06:24] [0Z2wqQcTx0kpb/KIf+NPkyv4b60=] [-W1LLL] Checking offline messages for client
[2025-05-24 23:06:24] [0Z2wqQcTx0kpb/KIf+NPkyv4b60=] [-W1LLL] No offline messages found
[2025-05-24 23:07:38] [ntGWSOoFLOs4Q4WEtEtFwvpyXyk=] [LlarsS] Checking offline messages for client
[2025-05-24 23:07:38] [ntGWSOoFLOs4Q4WEtEtFwvpyXyk=] [LlarsS] No offline messages found
[2025-05-24 23:07:58] [ntGWSOoFLOs4Q4WEtEtFwvpyXyk=] [LlarsS] Checking offline messages for client
[2025-05-24 23:07:58] [ntGWSOoFLOs4Q4WEtEtFwvpyXyk=] [LlarsS] No offline messages found
[2025-05-24 23:08:17] [eG4UMjLmuVndageyqcYzcti5tLY=] [COLDGREEN] Checking offline messages for client
[2025-05-24 23:08:17] [eG4UMjLmuVndageyqcYzcti5tLY=] [COLDGREEN] No offline messages found
[2025-05-24 23:09:42] [/1zh5UZByLTdvlsutCxQEUPQ3jg=] [Skr] Checking offline messages for client
[2025-05-24 23:09:42] [/1zh5UZByLTdvlsutCxQEUPQ3jg=] [Skr] No offline messages found
[2025-05-24 23:10:54] [jlQnQkOijQ17dBYQilGFrOHXxrI=] [JannnNNN !] Checking offline messages for client
[2025-05-24 23:10:54] [jlQnQkOijQ17dBYQilGFrOHXxrI=] [JannnNNN !] No offline messages found
[2025-05-24 23:10:59] [9Pt9/uzi3hl0wB2p2jxNcIK5sgU=] [Deerace] Checking offline messages for client
[2025-05-24 23:10:59] [9Pt9/uzi3hl0wB2p2jxNcIK5sgU=] [Deerace] No offline messages found
[2025-05-24 23:13:24] [0QB97Osw3uXmHXu9QaAed3DrwRQ=] [Myata] Checking offline messages for client
[2025-05-24 23:13:24] [0QB97Osw3uXmHXu9QaAed3DrwRQ=] [Myata] No offline messages found
[2025-05-24 23:17:52] [HBY+WV6cf6LeM5lvEFlnwwxDWeY=] [TeamSpeakUser5] Checking offline messages for client
[2025-05-24 23:17:52] [HBY+WV6cf6LeM5lvEFlnwwxDWeY=] [TeamSpeakUser5] No offline messages found
[2025-05-24 23:18:51] [Mb6dR/g4URSfDnUQLHUZn7ZBzJg=] [TeamSpeakUser6] Checking offline messages for client
[2025-05-24 23:18:51] [Mb6dR/g4URSfDnUQLHUZn7ZBzJg=] [TeamSpeakUser6] No offline messages found
[2025-05-24 23:18:52] [Mb6dR/g4URSfDnUQLHUZn7ZBzJg=] [TeamSpeakUser6] Checking offline messages for client
[2025-05-24 23:18:52] [Mb6dR/g4URSfDnUQLHUZn7ZBzJg=] [TeamSpeakUser6] No offline messages found
[2025-05-24 23:18:52] [Mb6dR/g4URSfDnUQLHUZn7ZBzJg=] [TeamSpeakUser6] Checking offline messages for client
[2025-05-24 23:18:52] [Mb6dR/g4URSfDnUQLHUZn7ZBzJg=] [TeamSpeakUser6] No offline messages found
[2025-05-24 23:18:52] [Mb6dR/g4URSfDnUQLHUZn7ZBzJg=] [TeamSpeakUser6] Checking offline messages for client
[2025-05-24 23:18:52] [Mb6dR/g4URSfDnUQLHUZn7ZBzJg=] [TeamSpeakUser6] No offline messages found
[2025-05-24 23:18:52] [Mb6dR/g4URSfDnUQLHUZn7ZBzJg=] [TeamSpeakUser6] Checking offline messages for client
[2025-05-24 23:18:52] [Mb6dR/g4URSfDnUQLHUZn7ZBzJg=] [TeamSpeakUser6] No offline messages found
[2025-05-24 23:19:21] [Mq7m/cTpjBqeKAdK1MpW78h5y4M=] [Angelo] Checking offline messages for client
[2025-05-24 23:19:21] [Mq7m/cTpjBqeKAdK1MpW78h5y4M=] [Angelo] No offline messages found
[2025-05-24 23:21:45] [ntGWSOoFLOs4Q4WEtEtFwvpyXyk=] [LlarsS] Checking offline messages for client
[2025-05-24 23:21:45] [ntGWSOoFLOs4Q4WEtEtFwvpyXyk=] [LlarsS] No offline messages found
[2025-05-24 23:22:24] [BeICdvIiZVCXM27KQGZo0ienVIU=] [ordep] Checking offline messages for client
[2025-05-24 23:22:24] [BeICdvIiZVCXM27KQGZo0ienVIU=] [ordep] No offline messages found
[2025-05-24 23:24:20] [f5blCV2SYOa9qeIxhD7mgNKdr10=] [kompot1k] Checking offline messages for client
[2025-05-24 23:24:20] [f5blCV2SYOa9qeIxhD7mgNKdr10=] [kompot1k] No offline messages found
[2025-05-24 23:27:12] [ntGWSOoFLOs4Q4WEtEtFwvpyXyk=] [LlarsS] Checking offline messages for client
[2025-05-24 23:27:12] [ntGWSOoFLOs4Q4WEtEtFwvpyXyk=] [LlarsS] No offline messages found
[2025-05-24 23:28:11] [IF9FpR3gAmSxQsnDcZCQBde7iWY=] [pipisin] Checking offline messages for client
[2025-05-24 23:28:11] [IF9FpR3gAmSxQsnDcZCQBde7iWY=] [pipisin] No offline messages found
[2025-05-24 23:28:11] [IF9FpR3gAmSxQsnDcZCQBde7iWY=] [pipisin] Checking offline messages for client
[2025-05-24 23:28:11] [IF9FpR3gAmSxQsnDcZCQBde7iWY=] [pipisin] No offline messages found
[2025-05-24 23:28:11] [IF9FpR3gAmSxQsnDcZCQBde7iWY=] [pipisin] Checking offline messages for client
[2025-05-24 23:28:11] [IF9FpR3gAmSxQsnDcZCQBde7iWY=] [pipisin] No offline messages found
[2025-05-24 23:30:22] [R+KW1QSqbZRuZk4pN2SGLrk8szQ=] [namja] Checking offline messages for client
[2025-05-24 23:30:22] [R+KW1QSqbZRuZk4pN2SGLrk8szQ=] [namja] No offline messages found
[2025-05-24 23:30:55] [jlQnQkOijQ17dBYQilGFrOHXxrI=] [JannnNNN !] Checking offline messages for client
[2025-05-24 23:30:55] [jlQnQkOijQ17dBYQilGFrOHXxrI=] [JannnNNN !] No offline messages found
[2025-05-24 23:31:23] [qMpXP+GV7y9R8c7mzrU8qJvHybo=] [Vicinnnt] Checking offline messages for client
[2025-05-24 23:31:23] [qMpXP+GV7y9R8c7mzrU8qJvHybo=] [Vicinnnt] No offline messages found
[2025-05-24 23:36:30] [Uu5KMlrBm4Z5LiLbdfTmVcSDXOU=] [I_XaSkI_I] Checking offline messages for client
[2025-05-24 23:36:30] [Uu5KMlrBm4Z5LiLbdfTmVcSDXOU=] [I_XaSkI_I] No offline messages found
[2025-05-24 23:41:30] [5VQn2paiuiABX3QfxcJMoEhAyYQ=] [Almas1k] Checking offline messages for client
[2025-05-24 23:41:30] [5VQn2paiuiABX3QfxcJMoEhAyYQ=] [Almas1k] No offline messages found
[2025-05-24 23:43:48] [EpUZWrjjGrqfKYXVQkV4/zwv73I=] [mehdi ronin] Checking offline messages for client
[2025-05-24 23:43:48] [EpUZWrjjGrqfKYXVQkV4/zwv73I=] [mehdi ronin] No offline messages found
[2025-05-24 23:48:08] [ktz2dZ1dONgntrNq5d/LFS/S+NU=] [mohsen] Checking offline messages for client
[2025-05-24 23:48:08] [ktz2dZ1dONgntrNq5d/LFS/S+NU=] [mohsen] No offline messages found
[2025-05-24 23:51:51] [SugbFWoGEjTstbkedjT/7/CaoL4=] [ak24aa] Checking offline messages for client
[2025-05-24 23:51:51] [SugbFWoGEjTstbkedjT/7/CaoL4=] [ak24aa] No offline messages found
[2025-05-24 23:53:22] [R+KW1QSqbZRuZk4pN2SGLrk8szQ=] [namja] Checking offline messages for client
[2025-05-24 23:53:22] [R+KW1QSqbZRuZk4pN2SGLrk8szQ=] [namja] No offline messages found
[2025-05-24 23:53:22] [R+KW1QSqbZRuZk4pN2SGLrk8szQ=] [namja] Checking offline messages for client
[2025-05-24 23:53:22] [R+KW1QSqbZRuZk4pN2SGLrk8szQ=] [namja] No offline messages found
[2025-05-24 23:53:24] [3Mq3EB+EEk14kwWNxOyGIgo45U8=] [ГОМИК КОХЕН] Checking offline messages for client
[2025-05-24 23:53:24] [3Mq3EB+EEk14kwWNxOyGIgo45U8=] [ГОМИК КОХЕН] No offline messages found
[2025-05-24 23:53:24] [3Mq3EB+EEk14kwWNxOyGIgo45U8=] [ГОМИК КОХЕН] Checking offline messages for client
[2025-05-24 23:53:24] [3Mq3EB+EEk14kwWNxOyGIgo45U8=] [ГОМИК КОХЕН] No offline messages found
[2025-05-24 23:53:24] [3Mq3EB+EEk14kwWNxOyGIgo45U8=] [ГОМИК КОХЕН] Checking offline messages for client
[2025-05-24 23:53:24] [3Mq3EB+EEk14kwWNxOyGIgo45U8=] [ГОМИК КОХЕН] No offline messages found
[2025-05-24 23:55:36] [2Euj0o1MpKUm4CF8H6rUzPJKypU=] [TeamSpeakUser1] Checking offline messages for client
[2025-05-24 23:55:36] [2Euj0o1MpKUm4CF8H6rUzPJKypU=] [TeamSpeakUser1] No offline messages found
