[2025-08-13 00:00:01] [DkzWFjRCsm+UTvsWYYn492igLoY=] [1.6 fsi dert paket] Checking offline messages for client
[2025-08-13 00:00:01] [DkzWFjRCsm+UTvsWYYn492igLoY=] [1.6 fsi dert paket] No offline messages found
[2025-08-13 00:01:32] [t31curkqcBIW+Mm1lFuXP/STLZo=] [1nemanjaves] Checking offline messages for client
[2025-08-13 00:01:32] [t31curkqcBIW+Mm1lFuXP/STLZo=] [1nemanjaves] No offline messages found
[2025-08-13 00:01:35] [y8www1vX+Fcxdsy3fifmpFwkYkA=] [KingDriver] Checking offline messages for client
[2025-08-13 00:01:35] [y8www1vX+Fcxdsy3fifmpFwkYkA=] [KingDriver] No offline messages found
[2025-08-13 00:01:37] [y8www1vX+Fcxdsy3fifmpFwkYkA=] [KingDriver] Checking offline messages for client
[2025-08-13 00:01:37] [y8www1vX+Fcxdsy3fifmpFwkYkA=] [KingDriver] No offline messages found
[2025-08-13 00:03:01] [m3jwrJafD7Z1HcDm7lAZbGqtROY=] [Zi←ِô] Checking offline messages for client
[2025-08-13 00:03:01] [m3jwrJafD7Z1HcDm7lAZbGqtROY=] [Zi←ِô] No offline messages found
[2025-08-13 00:17:44] [GvKQC+0wB2vJXrx64sJ8sS41K2w=] [Pol'zovatel'] Checking offline messages for client
[2025-08-13 00:17:44] [GvKQC+0wB2vJXrx64sJ8sS41K2w=] [Pol'zovatel'] No offline messages found
[2025-08-13 00:20:07] [QFOoQ6Mg2dbrrKfVQEqUbdv5Eqg=] [dosma666] Checking offline messages for client
[2025-08-13 00:20:07] [QFOoQ6Mg2dbrrKfVQEqUbdv5Eqg=] [dosma666] No offline messages found
[2025-08-13 00:22:13] [xCHs6lSxDe3edoQot4ntfOLveSI=] [SEFA] Checking offline messages for client
[2025-08-13 00:22:13] [xCHs6lSxDe3edoQot4ntfOLveSI=] [SEFA] No offline messages found
[2025-08-13 00:26:56] [BUQCJiAs9Brf0Y+VRo2/QZakVJw=] [wple] Checking offline messages for client
[2025-08-13 00:26:56] [BUQCJiAs9Brf0Y+VRo2/QZakVJw=] [wple] No offline messages found
[2025-08-13 00:27:09] [QFOoQ6Mg2dbrrKfVQEqUbdv5Eqg=] [dosma666] Checking offline messages for client
[2025-08-13 00:27:09] [QFOoQ6Mg2dbrrKfVQEqUbdv5Eqg=] [dosma666] No offline messages found
[2025-08-13 00:29:32] [ZRJE0ISA13RmnFcasOlw68BVsNY=] [F4funder] Checking offline messages for client
[2025-08-13 00:29:32] [ZRJE0ISA13RmnFcasOlw68BVsNY=] [F4funder] No offline messages found
[2025-08-13 00:44:48] [UINiUnQ/eAgNIPOPr4tSfW+qXvo=] [Потужний Фід] Checking offline messages for client
[2025-08-13 00:44:48] [UINiUnQ/eAgNIPOPr4tSfW+qXvo=] [Потужний Фід] No offline messages found
[2025-08-13 00:47:06] [IvPuoleyuChePKK0GR7sRhVCkJE=] [SYRUSSS] Checking offline messages for client
[2025-08-13 00:47:06] [IvPuoleyuChePKK0GR7sRhVCkJE=] [SYRUSSS] No offline messages found
[2025-08-13 00:48:28] [O6eRYgNrKt4xg5g8w5Hs/E6oWj8=] [carlos] Checking offline messages for client
[2025-08-13 00:48:28] [O6eRYgNrKt4xg5g8w5Hs/E6oWj8=] [carlos] No offline messages found
[2025-08-13 00:52:58] [HWG+ATHFYYOXM1l3iDtc4v9gUsM=] [Baldiez] Checking offline messages for client
[2025-08-13 00:52:58] [HWG+ATHFYYOXM1l3iDtc4v9gUsM=] [Baldiez] No offline messages found
[2025-08-13 00:53:19] [TanQ1GE5rtLVVXLoElEC3PbaSQY=] [TeamSpeakUser1] Checking offline messages for client
[2025-08-13 00:53:19] [TanQ1GE5rtLVVXLoElEC3PbaSQY=] [TeamSpeakUser1] No offline messages found
[2025-08-13 00:56:19] [ZAS1Qa3JZmWP+2XDQpEw/wr7fVU=] [TeamSpeakUser1] Checking offline messages for client
[2025-08-13 00:56:19] [ZAS1Qa3JZmWP+2XDQpEw/wr7fVU=] [TeamSpeakUser1] No offline messages found
[2025-08-13 00:56:25] [nDx9cx4LUAPKCAWQfGGT0ObZmSo=] [TeamSpeakUser3] Checking offline messages for client
[2025-08-13 00:56:25] [nDx9cx4LUAPKCAWQfGGT0ObZmSo=] [TeamSpeakUser3] No offline messages found
[2025-08-13 01:03:14] [xBMJD2Y2SpzPtIEf1cFbTuruz8Q=] [KAYMAKAM] Checking offline messages for client
[2025-08-13 01:03:14] [xBMJD2Y2SpzPtIEf1cFbTuruz8Q=] [KAYMAKAM] No offline messages found
[2025-08-13 01:06:19] [0eQApThPP91m+UW5sHdHmUmfJko=] [petro] Checking offline messages for client
[2025-08-13 01:06:19] [0eQApThPP91m+UW5sHdHmUmfJko=] [petro] No offline messages found
[2025-08-13 01:08:01] [WGzvrTjhvX+LUyaS4uEMm3GhPAA=] [Kubalke1337] Checking offline messages for client
[2025-08-13 01:08:01] [WGzvrTjhvX+LUyaS4uEMm3GhPAA=] [Kubalke1337] No offline messages found
[2025-08-13 01:08:01] [WGzvrTjhvX+LUyaS4uEMm3GhPAA=] [Kubalke1337] Checking offline messages for client
[2025-08-13 01:08:01] [WGzvrTjhvX+LUyaS4uEMm3GhPAA=] [Kubalke1337] No offline messages found
[2025-08-13 01:08:02] [WGzvrTjhvX+LUyaS4uEMm3GhPAA=] [Kubalke1337] Checking offline messages for client
[2025-08-13 01:08:02] [WGzvrTjhvX+LUyaS4uEMm3GhPAA=] [Kubalke1337] No offline messages found
[2025-08-13 01:08:44] [GEU37E0d0h/O3TZPYkwezxe9Y9I=] [Szmedi] Checking offline messages for client
[2025-08-13 01:08:44] [GEU37E0d0h/O3TZPYkwezxe9Y9I=] [Szmedi] No offline messages found
[2025-08-13 01:14:41] [PAPjw5ou1pxtJ/LMEXPWWL4eKGI=] [aeRR] Checking offline messages for client
[2025-08-13 01:14:41] [PAPjw5ou1pxtJ/LMEXPWWL4eKGI=] [aeRR] No offline messages found
[2025-08-13 01:17:28] [ZecEXT4FfeXYbAgW2C8UIiJcPNQ=] [belali-ZypRus?] Checking offline messages for client
[2025-08-13 01:17:28] [ZecEXT4FfeXYbAgW2C8UIiJcPNQ=] [belali-ZypRus?] No offline messages found
[2025-08-13 01:40:26] [OUtaAmYcrR7KdXXE4le/7IWrZLk=] [Prime] Checking offline messages for client
[2025-08-13 01:40:26] [OUtaAmYcrR7KdXXE4le/7IWrZLk=] [Prime] No offline messages found
[2025-08-13 01:40:35] [rMXc+t09kUAEUIPa115qtUoAtsw=] [tvoiGospidDima] Checking offline messages for client
[2025-08-13 01:40:35] [rMXc+t09kUAEUIPa115qtUoAtsw=] [tvoiGospidDima] No offline messages found
[2025-08-13 01:40:48] [a2Rbjz58eqg+p7zUYDIy5rsIcuA=] [naipy] Checking offline messages for client
[2025-08-13 01:40:48] [a2Rbjz58eqg+p7zUYDIy5rsIcuA=] [naipy] No offline messages found
[2025-08-13 01:40:49] [ynr+Opvat1rJINicKoh1EnqqdPY=] [TeamSpeakUser2] Checking offline messages for client
[2025-08-13 01:40:49] [ynr+Opvat1rJINicKoh1EnqqdPY=] [TeamSpeakUser2] No offline messages found
[2025-08-13 01:41:05] [iVbQacXvrd1BqAlFsU/015Zkt0E=] [TeamSpeakUser4] Checking offline messages for client
[2025-08-13 01:41:05] [iVbQacXvrd1BqAlFsU/015Zkt0E=] [TeamSpeakUser4] No offline messages found
[2025-08-13 01:42:06] [OUtaAmYcrR7KdXXE4le/7IWrZLk=] [Prime] Checking offline messages for client
[2025-08-13 01:42:06] [OUtaAmYcrR7KdXXE4le/7IWrZLk=] [Prime] No offline messages found
[2025-08-13 01:43:04] [rMXc+t09kUAEUIPa115qtUoAtsw=] [tvoiGospidDima] Checking offline messages for client
[2025-08-13 01:43:04] [rMXc+t09kUAEUIPa115qtUoAtsw=] [tvoiGospidDima] No offline messages found
[2025-08-13 01:43:28] [5lgu7nbWivH3G/HNSX3zObElQy8=] [Saul] Checking offline messages for client
[2025-08-13 01:43:28] [5lgu7nbWivH3G/HNSX3zObElQy8=] [Saul] No offline messages found
[2025-08-13 01:45:21] [qnI7tO/BboMdAQFjmSv9/gyQREY=] [batuhnn] Checking offline messages for client
[2025-08-13 01:45:21] [qnI7tO/BboMdAQFjmSv9/gyQREY=] [batuhnn] No offline messages found
[2025-08-13 01:47:03] [qnI7tO/BboMdAQFjmSv9/gyQREY=] [batuhnn] Checking offline messages for client
[2025-08-13 01:47:03] [qnI7tO/BboMdAQFjmSv9/gyQREY=] [batuhnn] No offline messages found
[2025-08-13 01:49:36] [qr29MvAwSbAy/oIGRhN5ZUVqcXs=] [Tyros Janos] Checking offline messages for client
[2025-08-13 01:49:36] [qr29MvAwSbAy/oIGRhN5ZUVqcXs=] [Tyros Janos] No offline messages found
[2025-08-13 01:51:11] [hA4u8tRBP5p5jjeOhJM8Iu7aFEk=] [Beele] Checking offline messages for client
[2025-08-13 01:51:11] [hA4u8tRBP5p5jjeOhJM8Iu7aFEk=] [Beele] No offline messages found
[2025-08-13 01:51:14] [kL9l5MowTsfUP8gO5F3CezdNpLc=] [Tileks] Checking offline messages for client
[2025-08-13 01:51:14] [kL9l5MowTsfUP8gO5F3CezdNpLc=] [Tileks] No offline messages found
[2025-08-13 01:53:17] [qr29MvAwSbAy/oIGRhN5ZUVqcXs=] [Tyros Janos] Checking offline messages for client
[2025-08-13 01:53:17] [qr29MvAwSbAy/oIGRhN5ZUVqcXs=] [Tyros Janos] No offline messages found
[2025-08-13 02:01:29] [O6eRYgNrKt4xg5g8w5Hs/E6oWj8=] [carlos] Checking offline messages for client
[2025-08-13 02:01:29] [O6eRYgNrKt4xg5g8w5Hs/E6oWj8=] [carlos] No offline messages found
[2025-08-13 02:03:43] [O6eRYgNrKt4xg5g8w5Hs/E6oWj8=] [carlos] Checking offline messages for client
[2025-08-13 02:03:43] [O6eRYgNrKt4xg5g8w5Hs/E6oWj8=] [carlos] No offline messages found
[2025-08-13 02:22:21] [O6eRYgNrKt4xg5g8w5Hs/E6oWj8=] [carlos] Checking offline messages for client
[2025-08-13 02:22:21] [O6eRYgNrKt4xg5g8w5Hs/E6oWj8=] [carlos] No offline messages found
[2025-08-13 02:39:03] [xBMJD2Y2SpzPtIEf1cFbTuruz8Q=] [KAYMAKAM] Checking offline messages for client
[2025-08-13 02:39:03] [xBMJD2Y2SpzPtIEf1cFbTuruz8Q=] [KAYMAKAM] No offline messages found
[2025-08-13 02:47:16] [A8047WIlBpwGsxDm7+GYPSuD7zI=] [nathi] Checking offline messages for client
[2025-08-13 02:47:16] [A8047WIlBpwGsxDm7+GYPSuD7zI=] [nathi] No offline messages found
[2025-08-13 02:51:53] [igLR0Qw88l2utvuPuQTy5TXjVdA=] [AlvaRoniXs] Checking offline messages for client
[2025-08-13 02:51:53] [igLR0Qw88l2utvuPuQTy5TXjVdA=] [AlvaRoniXs] No offline messages found
[2025-08-13 03:10:00] [otR1BP9Tq/F7C6YBvHXHdE6VbCU=] [AkumaSato] Checking offline messages for client
[2025-08-13 03:10:00] [otR1BP9Tq/F7C6YBvHXHdE6VbCU=] [AkumaSato] No offline messages found
[2025-08-13 03:13:10] [piYXpSxHL1ULEm2LvV9wJETIQUg=] [mimarian] Checking offline messages for client
[2025-08-13 03:13:10] [piYXpSxHL1ULEm2LvV9wJETIQUg=] [mimarian] No offline messages found
[2025-08-13 03:19:33] [hA4u8tRBP5p5jjeOhJM8Iu7aFEk=] [Beele] Checking offline messages for client
[2025-08-13 03:19:33] [hA4u8tRBP5p5jjeOhJM8Iu7aFEk=] [Beele] No offline messages found
[2025-08-13 03:35:16] [h+YBfiqdYujil9kIM77u0/d9aiI=] [Ewin] Checking offline messages for client
[2025-08-13 03:35:16] [h+YBfiqdYujil9kIM77u0/d9aiI=] [Ewin] No offline messages found
[2025-08-13 03:43:16] [joTBa9MZ0nbzHhDYEGvJ4v0LyHw=] [Fabi] Checking offline messages for client
[2025-08-13 03:43:16] [joTBa9MZ0nbzHhDYEGvJ4v0LyHw=] [Fabi] No offline messages found
[2025-08-13 03:53:09] [piYXpSxHL1ULEm2LvV9wJETIQUg=] [mimarian] Checking offline messages for client
[2025-08-13 03:53:09] [piYXpSxHL1ULEm2LvV9wJETIQUg=] [mimarian] No offline messages found
[2025-08-13 04:06:14] [OtB8/Fi/zTqtCmvCEOm37xd//Ys=] [poo] Checking offline messages for client
[2025-08-13 04:06:14] [OtB8/Fi/zTqtCmvCEOm37xd//Ys=] [poo] No offline messages found
[2025-08-13 04:15:00] [VjATdbHI2oEDj5aNEmxg7HiSZ6c=] [kingg2412] Checking offline messages for client
[2025-08-13 04:15:00] [VjATdbHI2oEDj5aNEmxg7HiSZ6c=] [kingg2412] No offline messages found
[2025-08-13 04:21:20] [Kvz2fe1+lqaLMu5JYsDL9dlCP0c=] [-Nano-15] Checking offline messages for client
[2025-08-13 04:21:20] [Kvz2fe1+lqaLMu5JYsDL9dlCP0c=] [-Nano-15] No offline messages found
[2025-08-13 04:23:27] [VjATdbHI2oEDj5aNEmxg7HiSZ6c=] [kingg2412] Checking offline messages for client
[2025-08-13 04:23:27] [VjATdbHI2oEDj5aNEmxg7HiSZ6c=] [kingg2412] No offline messages found
[2025-08-13 04:23:33] [Kvz2fe1+lqaLMu5JYsDL9dlCP0c=] [-Nano-15] Checking offline messages for client
[2025-08-13 04:23:33] [Kvz2fe1+lqaLMu5JYsDL9dlCP0c=] [-Nano-15] No offline messages found
[2025-08-13 04:24:14] [VjATdbHI2oEDj5aNEmxg7HiSZ6c=] [kingg2412] Checking offline messages for client
[2025-08-13 04:24:14] [VjATdbHI2oEDj5aNEmxg7HiSZ6c=] [kingg2412] No offline messages found
[2025-08-13 05:39:50] [0eQApThPP91m+UW5sHdHmUmfJko=] [petro] Checking offline messages for client
[2025-08-13 05:39:50] [0eQApThPP91m+UW5sHdHmUmfJko=] [petro] No offline messages found
[2025-08-13 06:07:40] [0TS7jt0APSegEgA9K9hIWfin7m0=] [dadaok] Checking offline messages for client
[2025-08-13 06:07:40] [0TS7jt0APSegEgA9K9hIWfin7m0=] [dadaok] No offline messages found
[2025-08-13 06:25:29] [eIVtJkF4aw0Kdqda+3bXycC0d3c=] [TeamSpeakUser] Checking offline messages for client
[2025-08-13 06:25:29] [eIVtJkF4aw0Kdqda+3bXycC0d3c=] [TeamSpeakUser] No offline messages found
[2025-08-13 08:04:53] [vLgVft5e9BARLqqbeBlVX0sMlpk=] [BlackDemoN (Dimon)] Checking offline messages for client
[2025-08-13 08:04:53] [vLgVft5e9BARLqqbeBlVX0sMlpk=] [BlackDemoN (Dimon)] No offline messages found
[2025-08-13 08:22:16] [qVldAxT2BuZSKwPYfP5rGmq1glU=] [Sichselber | André] Checking offline messages for client
[2025-08-13 08:22:16] [qVldAxT2BuZSKwPYfP5rGmq1glU=] [Sichselber | André] No offline messages found
[2025-08-13 08:30:59] [HjgkiYx80vAjXk0IfiKIZiVtfpg=] [TeamSpeakUser1] Checking offline messages for client
[2025-08-13 08:30:59] [HjgkiYx80vAjXk0IfiKIZiVtfpg=] [TeamSpeakUser1] No offline messages found
[2025-08-13 08:31:39] [hBuNRx7tatLbgdRUYtizU91b9ds=] [Fantaz4] Checking offline messages for client
[2025-08-13 08:31:39] [hBuNRx7tatLbgdRUYtizU91b9ds=] [Fantaz4] No offline messages found
[2025-08-13 08:32:04] [hBuNRx7tatLbgdRUYtizU91b9ds=] [Fantaz4] Checking offline messages for client
[2025-08-13 08:32:04] [hBuNRx7tatLbgdRUYtizU91b9ds=] [Fantaz4] No offline messages found
[2025-08-13 08:35:04] [Y87CyZ0z4OCWoHrzcXmcfNJGgn8=] [Ghost] Checking offline messages for client
[2025-08-13 08:35:04] [Y87CyZ0z4OCWoHrzcXmcfNJGgn8=] [Ghost] No offline messages found
[2025-08-13 08:40:59] [syGc3yR+8xBjPN6kLg2zE+r+Bwg=] [Gosh] Checking offline messages for client
[2025-08-13 08:40:59] [syGc3yR+8xBjPN6kLg2zE+r+Bwg=] [Gosh] No offline messages found
[2025-08-13 08:46:03] [ytzrq/0by1qTr3vTnSntok01BvI=] [<Gullimann000] Checking offline messages for client
[2025-08-13 08:46:03] [ytzrq/0by1qTr3vTnSntok01BvI=] [<Gullimann000] No offline messages found
[2025-08-13 08:46:58] [pM39vwBC404mshweezryIEAS3ZQ=] [Columb] Checking offline messages for client
[2025-08-13 08:46:58] [pM39vwBC404mshweezryIEAS3ZQ=] [Columb] No offline messages found
[2025-08-13 08:49:40] [JS7AYDgRfu5aCR6EsyZfSZOd3ug=] [goran] Checking offline messages for client
[2025-08-13 08:49:40] [JS7AYDgRfu5aCR6EsyZfSZOd3ug=] [goran] No offline messages found
[2025-08-13 09:34:04] [vYdB4LqF9oGqrfx8sM2nXqb21o0=] [may1kid] Checking offline messages for client
[2025-08-13 09:34:04] [vYdB4LqF9oGqrfx8sM2nXqb21o0=] [may1kid] No offline messages found
[2025-08-13 09:34:19] [I6jOOSBap0dJfQxxrWEXasWM9n0=] [sharfyusha] Checking offline messages for client
[2025-08-13 09:34:19] [I6jOOSBap0dJfQxxrWEXasWM9n0=] [sharfyusha] No offline messages found
[2025-08-13 09:35:43] [ilO9JAl5glx+WikZA6SZqmic0Iw=] [kaiizenn] Checking offline messages for client
[2025-08-13 09:35:43] [ilO9JAl5glx+WikZA6SZqmic0Iw=] [kaiizenn] No offline messages found
[2025-08-13 09:40:03] [gITtVlfHYxsd3mvOfTblKNtJBDU=] [4iff] Checking offline messages for client
[2025-08-13 09:40:03] [gITtVlfHYxsd3mvOfTblKNtJBDU=] [4iff] No offline messages found
[2025-08-13 09:41:12] [tykRRTl85hacriDN3/U4/uVK28w=] [Meind (Владимир)] Checking offline messages for client
[2025-08-13 09:41:12] [tykRRTl85hacriDN3/U4/uVK28w=] [Meind (Владимир)] No offline messages found
[2025-08-13 09:43:00] [tmC0jxRfCbAbysS+lQf8Azq9p50=] [kolap_13] Checking offline messages for client
[2025-08-13 09:43:00] [tmC0jxRfCbAbysS+lQf8Azq9p50=] [kolap_13] No offline messages found
[2025-08-13 09:57:11] [daLZO33ORrjt8kilU/mo70jc7KI=] [makpyn] Checking offline messages for client
[2025-08-13 09:57:11] [daLZO33ORrjt8kilU/mo70jc7KI=] [makpyn] No offline messages found
[2025-08-13 10:15:14] [eIVtJkF4aw0Kdqda+3bXycC0d3c=] [TeamSpeakUser] Checking offline messages for client
[2025-08-13 10:15:14] [eIVtJkF4aw0Kdqda+3bXycC0d3c=] [TeamSpeakUser] No offline messages found
[2025-08-13 10:32:51] [5B+EB94xrwmIjHS7SOs7ZO52NeM=] [dzale] Checking offline messages for client
[2025-08-13 10:32:51] [5B+EB94xrwmIjHS7SOs7ZO52NeM=] [dzale] No offline messages found
[2025-08-13 10:46:06] [igLR0Qw88l2utvuPuQTy5TXjVdA=] [AlvaRoniXs] Checking offline messages for client
[2025-08-13 10:46:06] [igLR0Qw88l2utvuPuQTy5TXjVdA=] [AlvaRoniXs] No offline messages found
[2025-08-13 10:48:24] [yEw2QlD49AsaHiKxr3pm4VLoSMc=] [lowtabsecure] Checking offline messages for client
[2025-08-13 10:48:24] [yEw2QlD49AsaHiKxr3pm4VLoSMc=] [lowtabsecure] No offline messages found
[2025-08-13 10:48:50] [VJ3kiQhgdGQjTMcQZsjIsQhebgU=] [d3sc] Checking offline messages for client
[2025-08-13 10:48:50] [VJ3kiQhgdGQjTMcQZsjIsQhebgU=] [d3sc] No offline messages found
[2025-08-13 11:11:11] [JS7AYDgRfu5aCR6EsyZfSZOd3ug=] [goran] Checking offline messages for client
[2025-08-13 11:11:11] [JS7AYDgRfu5aCR6EsyZfSZOd3ug=] [goran] No offline messages found
[2025-08-13 11:27:53] [1bxlkLWE1YEds4euACE9lSAD0Jg=] [Mr..Fury] Checking offline messages for client
[2025-08-13 11:27:53] [1bxlkLWE1YEds4euACE9lSAD0Jg=] [Mr..Fury] No offline messages found
[2025-08-13 11:31:43] [FjvWluljyXAl76fTQUXQDhqEdXg=] [sima] Checking offline messages for client
[2025-08-13 11:31:43] [FjvWluljyXAl76fTQUXQDhqEdXg=] [sima] No offline messages found
[2025-08-13 11:35:08] [k850OzI6ZxrjpzlDqJ4VrEoVreU=] [pendos666] Checking offline messages for client
[2025-08-13 11:35:08] [k850OzI6ZxrjpzlDqJ4VrEoVreU=] [pendos666] No offline messages found
[2025-08-13 11:35:36] [Iq2aVx/4T/Tkfh8nIojxMinWqo4=] [Seikawa] Checking offline messages for client
[2025-08-13 11:35:36] [Iq2aVx/4T/Tkfh8nIojxMinWqo4=] [Seikawa] No offline messages found
[2025-08-13 11:47:08] [tOoGEdCN9ULy8ULKyELfIWNelvU=] [kayanyildz] Checking offline messages for client
[2025-08-13 11:47:08] [tOoGEdCN9ULy8ULKyELfIWNelvU=] [kayanyildz] No offline messages found
[2025-08-13 11:47:10] [3wfCbZork1r8h4aDgIW1hfWE0YA=] [SNAC-Ahmet] Checking offline messages for client
[2025-08-13 11:47:10] [3wfCbZork1r8h4aDgIW1hfWE0YA=] [SNAC-Ahmet] No offline messages found
[2025-08-13 11:54:04] [TILgMM0GXkAOgA/8SNvN356Ns7Q=] [trghostwolf-] Checking offline messages for client
[2025-08-13 11:54:04] [TILgMM0GXkAOgA/8SNvN356Ns7Q=] [trghostwolf-] No offline messages found
[2025-08-13 11:56:53] [4lgk8AIxD24nO55TvFlly6KF/C4=] [e6lan] Checking offline messages for client
[2025-08-13 11:56:53] [4lgk8AIxD24nO55TvFlly6KF/C4=] [e6lan] No offline messages found
[2025-08-13 11:58:38] [+QTfzoCOcfpc5pNJ24WBX/EfRAU=] [Уебище] Checking offline messages for client
[2025-08-13 11:58:38] [+QTfzoCOcfpc5pNJ24WBX/EfRAU=] [Уебище] No offline messages found
[2025-08-13 12:01:45] [igLR0Qw88l2utvuPuQTy5TXjVdA=] [AlvaRoniXs] Checking offline messages for client
[2025-08-13 12:01:45] [igLR0Qw88l2utvuPuQTy5TXjVdA=] [AlvaRoniXs] No offline messages found
[2025-08-13 12:19:43] [3wfCbZork1r8h4aDgIW1hfWE0YA=] [SNAC-Ahmet] Checking offline messages for client
[2025-08-13 12:19:43] [3wfCbZork1r8h4aDgIW1hfWE0YA=] [SNAC-Ahmet] No offline messages found
[2025-08-13 12:23:50] [pb0kvBFjGNGQCwIw3+dxOPKug9E=] [TEANZI] Checking offline messages for client
[2025-08-13 12:23:50] [pb0kvBFjGNGQCwIw3+dxOPKug9E=] [TEANZI] No offline messages found
[2025-08-13 12:25:58] [hkBhnMOTE8soDHFmBL7JMnzKXrU=] [TeamSpeakUser1] Checking offline messages for client
[2025-08-13 12:25:58] [hkBhnMOTE8soDHFmBL7JMnzKXrU=] [TeamSpeakUser1] No offline messages found
[2025-08-13 12:27:01] [m3jwrJafD7Z1HcDm7lAZbGqtROY=] [Zi←ِô] Checking offline messages for client
[2025-08-13 12:27:01] [m3jwrJafD7Z1HcDm7lAZbGqtROY=] [Zi←ِô] No offline messages found
[2025-08-13 12:41:30] [0k7iJrGzj7haOvrih6GAxyrXHtM=] [Sebitzuu] Checking offline messages for client
[2025-08-13 12:41:30] [0k7iJrGzj7haOvrih6GAxyrXHtM=] [Sebitzuu] No offline messages found
[2025-08-13 12:44:20] [8fYztNYS5f8Fc6fjkbCM7rkV5og=] [Doolph] Checking offline messages for client
[2025-08-13 12:44:20] [8fYztNYS5f8Fc6fjkbCM7rkV5og=] [Doolph] No offline messages found
[2025-08-13 12:49:34] [AC87pO3YB+wvZ5G27tY2glDTG4M=] [andy76633] Checking offline messages for client
[2025-08-13 12:49:34] [AC87pO3YB+wvZ5G27tY2glDTG4M=] [andy76633] No offline messages found
[2025-08-13 12:50:53] [DqaAHVINJvoA9wZuPtXvcpP5au4=] [CristiGamy] Checking offline messages for client
[2025-08-13 12:50:53] [DqaAHVINJvoA9wZuPtXvcpP5au4=] [CristiGamy] No offline messages found
[2025-08-13 12:52:42] [AC87pO3YB+wvZ5G27tY2glDTG4M=] [andy76633] Checking offline messages for client
[2025-08-13 12:52:42] [AC87pO3YB+wvZ5G27tY2glDTG4M=] [andy76633] No offline messages found
[2025-08-13 13:20:05] [yNFUjD+LJEqojKPPlPGtCAVEYRU=] [Боцман777] Checking offline messages for client
[2025-08-13 13:20:05] [yNFUjD+LJEqojKPPlPGtCAVEYRU=] [Боцман777] No offline messages found
[2025-08-13 13:32:22] [vLgVft5e9BARLqqbeBlVX0sMlpk=] [BlackDemoN (Dimon)] Checking offline messages for client
[2025-08-13 13:32:22] [vLgVft5e9BARLqqbeBlVX0sMlpk=] [BlackDemoN (Dimon)] No offline messages found
[2025-08-13 13:33:13] [e1vImF/pvh7c+66eD1lHGlZ9N08=] [Fornax013] Checking offline messages for client
[2025-08-13 13:33:13] [e1vImF/pvh7c+66eD1lHGlZ9N08=] [Fornax013] No offline messages found
[2025-08-13 13:34:11] [Vs8EKOeGeChef1noyNgJsKO0AH0=] [freakshow322] Checking offline messages for client
[2025-08-13 13:34:11] [Vs8EKOeGeChef1noyNgJsKO0AH0=] [freakshow322] No offline messages found
[2025-08-13 13:40:24] [fa4VJPZN3YRM6elLc2ub2QkVDKA=] [TeamSpeakUser] Checking offline messages for client
[2025-08-13 13:40:24] [fa4VJPZN3YRM6elLc2ub2QkVDKA=] [TeamSpeakUser] No offline messages found
[2025-08-13 13:40:25] [fMyy94Uc4NVBYlK317N59mmcxCg=] [TeamSpeakUser2] Checking offline messages for client
[2025-08-13 13:40:25] [fMyy94Uc4NVBYlK317N59mmcxCg=] [TeamSpeakUser2] No offline messages found
[2025-08-13 13:40:25] [fMyy94Uc4NVBYlK317N59mmcxCg=] [TeamSpeakUser2] Checking offline messages for client
[2025-08-13 13:40:25] [fMyy94Uc4NVBYlK317N59mmcxCg=] [TeamSpeakUser2] No offline messages found
[2025-08-13 13:40:25] [fMyy94Uc4NVBYlK317N59mmcxCg=] [TeamSpeakUser2] Checking offline messages for client
[2025-08-13 13:40:25] [fMyy94Uc4NVBYlK317N59mmcxCg=] [TeamSpeakUser2] No offline messages found
[2025-08-13 13:40:35] [hBuNRx7tatLbgdRUYtizU91b9ds=] [Fantaz4] Checking offline messages for client
[2025-08-13 13:40:35] [hBuNRx7tatLbgdRUYtizU91b9ds=] [Fantaz4] No offline messages found
[2025-08-13 13:42:29] [0k7iJrGzj7haOvrih6GAxyrXHtM=] [Sebitzuu] Checking offline messages for client
[2025-08-13 13:42:29] [0k7iJrGzj7haOvrih6GAxyrXHtM=] [Sebitzuu] No offline messages found
[2025-08-13 13:44:06] [aEmjlKBkg2d9gRUFp/PPg/JRL1M=] [hui] Checking offline messages for client
[2025-08-13 13:44:06] [aEmjlKBkg2d9gRUFp/PPg/JRL1M=] [hui] No offline messages found
[2025-08-13 13:56:33] [JS7AYDgRfu5aCR6EsyZfSZOd3ug=] [goran] Checking offline messages for client
[2025-08-13 13:56:33] [JS7AYDgRfu5aCR6EsyZfSZOd3ug=] [goran] No offline messages found
[2025-08-13 13:57:17] [u37UZKIsHRy8fpvH8qv7OuhDpEw=] [AMINOV] Checking offline messages for client
[2025-08-13 13:57:17] [u37UZKIsHRy8fpvH8qv7OuhDpEw=] [AMINOV] No offline messages found
[2025-08-13 14:09:34] [1nHWWpwvoZf+IGl6BaPDK6nG9mg=] [FataL1Day] Checking offline messages for client
[2025-08-13 14:09:34] [1nHWWpwvoZf+IGl6BaPDK6nG9mg=] [FataL1Day] No offline messages found
[2025-08-13 14:09:43] [hBuNRx7tatLbgdRUYtizU91b9ds=] [Fantaz4] Checking offline messages for client
[2025-08-13 14:09:43] [hBuNRx7tatLbgdRUYtizU91b9ds=] [Fantaz4] No offline messages found
[2025-08-13 14:11:22] [CivIdqvdtxSJX+mCOeU13yota9Y=] [digitalmix] Checking offline messages for client
[2025-08-13 14:11:22] [CivIdqvdtxSJX+mCOeU13yota9Y=] [digitalmix] No offline messages found
[2025-08-13 14:12:49] [J59TlJOyXmeGAsjkHRqeI3rZA/8=] [SysmoUsercid=140] Checking offline messages for client
[2025-08-13 14:12:49] [J59TlJOyXmeGAsjkHRqeI3rZA/8=] [SysmoUsercid=140] No offline messages found
[2025-08-13 14:13:50] [z6tgkMNevYcZZbU82dmBswFMfjs=] [Dazer] Checking offline messages for client
[2025-08-13 14:13:50] [z6tgkMNevYcZZbU82dmBswFMfjs=] [Dazer] No offline messages found
[2025-08-13 14:18:26] [ow+Zi/O4SnJIvwHosoZ7zIvOOK8=] [shinigami] Checking offline messages for client
[2025-08-13 14:18:26] [ow+Zi/O4SnJIvwHosoZ7zIvOOK8=] [shinigami] No offline messages found
[2025-08-13 14:20:33] [J3SOjo37jE8m14DKihWjuzFdi2U=] [qck1g] Checking offline messages for client
[2025-08-13 14:20:33] [J3SOjo37jE8m14DKihWjuzFdi2U=] [qck1g] No offline messages found
[2025-08-13 14:23:27] [3wfCbZork1r8h4aDgIW1hfWE0YA=] [SNAC-Ahmet] Checking offline messages for client
[2025-08-13 14:23:27] [3wfCbZork1r8h4aDgIW1hfWE0YA=] [SNAC-Ahmet] No offline messages found
[2025-08-13 14:25:29] [SD17ArPLxbgW8gNb6ICI1SlcTNs=] [Nghtly] Checking offline messages for client
[2025-08-13 14:25:29] [SD17ArPLxbgW8gNb6ICI1SlcTNs=] [Nghtly] No offline messages found
[2025-08-13 14:26:56] [TvTOgNTiqjm7swE0hlAPFfwQ3DU=] [Sculaccia troie] Checking offline messages for client
[2025-08-13 14:26:56] [TvTOgNTiqjm7swE0hlAPFfwQ3DU=] [Sculaccia troie] No offline messages found
[2025-08-13 14:31:20] [wLnywMJc4bNHswALs3pyXStSTZY=] [PatoStick.] Checking offline messages for client
[2025-08-13 14:31:20] [wLnywMJc4bNHswALs3pyXStSTZY=] [PatoStick.] No offline messages found
[2025-08-13 14:31:29] [ow+Zi/O4SnJIvwHosoZ7zIvOOK8=] [shinigami] Checking offline messages for client
[2025-08-13 14:31:29] [ow+Zi/O4SnJIvwHosoZ7zIvOOK8=] [shinigami] No offline messages found
[2025-08-13 14:31:44] [okPB05Yw/R9uqp9oBr7M6RdxhIg=] [nam] Checking offline messages for client
[2025-08-13 14:31:44] [okPB05Yw/R9uqp9oBr7M6RdxhIg=] [nam] No offline messages found
[2025-08-13 14:31:59] [3Mq3EB+EEk14kwWNxOyGIgo45U8=] [MATAN] Checking offline messages for client
[2025-08-13 14:31:59] [3Mq3EB+EEk14kwWNxOyGIgo45U8=] [MATAN] No offline messages found
[2025-08-13 14:35:05] [e1vImF/pvh7c+66eD1lHGlZ9N08=] [Fornax013] Checking offline messages for client
[2025-08-13 14:35:05] [e1vImF/pvh7c+66eD1lHGlZ9N08=] [Fornax013] No offline messages found
[2025-08-13 14:36:20] [V3tw2SI5QwwMphIROm/LVXGgEW0=] [I_Kartal] Checking offline messages for client
[2025-08-13 14:36:20] [V3tw2SI5QwwMphIROm/LVXGgEW0=] [I_Kartal] No offline messages found
[2025-08-13 14:39:48] [YKaJKPUcO38+nmswF3rtl+ViIlg=] [TeamSpeakUser] Checking offline messages for client
[2025-08-13 14:39:48] [YKaJKPUcO38+nmswF3rtl+ViIlg=] [TeamSpeakUser] No offline messages found
[2025-08-13 14:47:44] [s1cKjvWV/U2hH6YRSl2/TWstSVc=] [TeamSpeakUser2] Checking offline messages for client
[2025-08-13 14:47:44] [s1cKjvWV/U2hH6YRSl2/TWstSVc=] [TeamSpeakUser2] No offline messages found
[2025-08-13 14:51:15] [/ncNPlReVFMcogQXANbFudn+xRk=] [KC_Agee] Checking offline messages for client
[2025-08-13 14:51:15] [/ncNPlReVFMcogQXANbFudn+xRk=] [KC_Agee] No offline messages found
[2025-08-13 14:51:16] [/ncNPlReVFMcogQXANbFudn+xRk=] [KC_Agee] Checking offline messages for client
[2025-08-13 14:51:16] [/ncNPlReVFMcogQXANbFudn+xRk=] [KC_Agee] No offline messages found
[2025-08-13 14:51:16] [/ncNPlReVFMcogQXANbFudn+xRk=] [KC_Agee] Checking offline messages for client
[2025-08-13 14:51:16] [/ncNPlReVFMcogQXANbFudn+xRk=] [KC_Agee] No offline messages found
[2025-08-13 15:06:21] [wLnywMJc4bNHswALs3pyXStSTZY=] [PatoStick.] Checking offline messages for client
[2025-08-13 15:06:21] [wLnywMJc4bNHswALs3pyXStSTZY=] [PatoStick.] No offline messages found
[2025-08-13 15:09:45] [G88zjUkHJLCbZF/QycvkVmMnPJA=] [ZeyphiZ] Checking offline messages for client
[2025-08-13 15:09:45] [G88zjUkHJLCbZF/QycvkVmMnPJA=] [ZeyphiZ] No offline messages found
[2025-08-13 15:11:30] [8GrL7TtsAwbkPA/fi0CnWV4xJo0=] [ivo] Checking offline messages for client
[2025-08-13 15:11:30] [8GrL7TtsAwbkPA/fi0CnWV4xJo0=] [ivo] No offline messages found
[2025-08-13 15:17:24] [WBs9EuR9sJkxgnopd34/B46BslQ=] [jajao] Checking offline messages for client
[2025-08-13 15:17:24] [WBs9EuR9sJkxgnopd34/B46BslQ=] [jajao] No offline messages found
[2025-08-13 15:17:39] [Pk8Nw3R99br8ABaa90RhDi2D+7M=] [RaS] Checking offline messages for client
[2025-08-13 15:17:39] [Pk8Nw3R99br8ABaa90RhDi2D+7M=] [RaS] No offline messages found
[2025-08-13 15:25:38] [x5NWjjSsshVzCfkox/peFi8iwwM=] [pzdcvsenikizanyati] Checking offline messages for client
[2025-08-13 15:25:38] [x5NWjjSsshVzCfkox/peFi8iwwM=] [pzdcvsenikizanyati] No offline messages found
[2025-08-13 15:29:50] [m3jwrJafD7Z1HcDm7lAZbGqtROY=] [Zi←ِô] Checking offline messages for client
[2025-08-13 15:29:50] [m3jwrJafD7Z1HcDm7lAZbGqtROY=] [Zi←ِô] No offline messages found
[2025-08-13 15:36:21] [RBwh+hLI7qM/5sBbq4UPaExpE30=] [Druid Сrow 🦅] Checking offline messages for client
[2025-08-13 15:36:21] [RBwh+hLI7qM/5sBbq4UPaExpE30=] [Druid Сrow 🦅] No offline messages found
[2025-08-13 15:39:16] [amepzO74NA396+D8c6W58xFzgGQ=] [w1thasm1le] Checking offline messages for client
[2025-08-13 15:39:16] [amepzO74NA396+D8c6W58xFzgGQ=] [w1thasm1le] No offline messages found
[2025-08-13 15:42:38] [c3ZeK0Ao+IacqBbjYwHaQ1Z+viM=] [jjjj] Checking offline messages for client
[2025-08-13 15:42:38] [c3ZeK0Ao+IacqBbjYwHaQ1Z+viM=] [jjjj] No offline messages found
[2025-08-13 15:56:54] [Yolrk0vLW7Jl+G3XWWoj32wvYHo=] [joy] Checking offline messages for client
[2025-08-13 15:56:54] [Yolrk0vLW7Jl+G3XWWoj32wvYHo=] [joy] No offline messages found
[2025-08-13 16:05:41] [0Z2wqQcTx0kpb/KIf+NPkyv4b60=] [-W1LLL] Checking offline messages for client
[2025-08-13 16:05:41] [0Z2wqQcTx0kpb/KIf+NPkyv4b60=] [-W1LLL] No offline messages found
[2025-08-13 16:06:22] [qmr5xFur3ZnSNj8YXWaYS0KwKz8=] [andyN] Checking offline messages for client
[2025-08-13 16:06:22] [qmr5xFur3ZnSNj8YXWaYS0KwKz8=] [andyN] No offline messages found
[2025-08-13 16:07:37] [0XaSaJTqMDRG53r/L41NHA912Rw=] [pisun] Checking offline messages for client
[2025-08-13 16:07:37] [0XaSaJTqMDRG53r/L41NHA912Rw=] [pisun] No offline messages found
[2025-08-13 16:10:50] [0XaSaJTqMDRG53r/L41NHA912Rw=] [pisun] Checking offline messages for client
[2025-08-13 16:10:50] [0XaSaJTqMDRG53r/L41NHA912Rw=] [pisun] No offline messages found
[2025-08-13 16:12:15] [9RYhYLJQuz+5zxOjDqP3tBps2/o=] [EXOPUL] Checking offline messages for client
[2025-08-13 16:12:15] [9RYhYLJQuz+5zxOjDqP3tBps2/o=] [EXOPUL] No offline messages found
[2025-08-13 16:14:14] [IF9FpR3gAmSxQsnDcZCQBde7iWY=] [pipisin] Checking offline messages for client
[2025-08-13 16:14:14] [IF9FpR3gAmSxQsnDcZCQBde7iWY=] [pipisin] No offline messages found
[2025-08-13 16:14:45] [u37UZKIsHRy8fpvH8qv7OuhDpEw=] [AMINOV] Checking offline messages for client
[2025-08-13 16:14:45] [u37UZKIsHRy8fpvH8qv7OuhDpEw=] [AMINOV] No offline messages found
[2025-08-13 16:17:04] [yjhXKF3fDY6dv5hV5gHphPwiH9A=] [нихао мужички] Checking offline messages for client
[2025-08-13 16:17:04] [yjhXKF3fDY6dv5hV5gHphPwiH9A=] [нихао мужички] No offline messages found
[2025-08-13 16:17:49] [gIv03ZtQuihw+6fOW0VT0H6h6c8=] [chapa] Checking offline messages for client
[2025-08-13 16:17:49] [gIv03ZtQuihw+6fOW0VT0H6h6c8=] [chapa] No offline messages found
[2025-08-13 16:19:28] [4hvwCfCPtTRCCX/hD0S9PDAjwPY=] [Ander] Checking offline messages for client
[2025-08-13 16:19:28] [4hvwCfCPtTRCCX/hD0S9PDAjwPY=] [Ander] No offline messages found
[2025-08-13 16:20:15] [FKc/JBDSnmX+FxAtAcOJ7P4tDPQ=] [saltuha991] Checking offline messages for client
[2025-08-13 16:20:15] [FKc/JBDSnmX+FxAtAcOJ7P4tDPQ=] [saltuha991] No offline messages found
[2025-08-13 16:21:31] [4NEb8EjvTnrdKIlfd6y4WRD73es=] [klozzer] Checking offline messages for client
[2025-08-13 16:21:31] [4NEb8EjvTnrdKIlfd6y4WRD73es=] [klozzer] No offline messages found
[2025-08-13 16:23:03] [YJ8chm2QQIJyPFrsGN7ctoGAtDM=] [Грицик] Checking offline messages for client
[2025-08-13 16:23:03] [YJ8chm2QQIJyPFrsGN7ctoGAtDM=] [Грицик] No offline messages found
[2025-08-13 16:23:09] [qvf2/IsRm9TsXSmNMeDEuXuIC3s=] [Mood] Checking offline messages for client
[2025-08-13 16:23:09] [qvf2/IsRm9TsXSmNMeDEuXuIC3s=] [Mood] No offline messages found
[2025-08-13 16:27:55] [fCcgSwjCp3lS59hRDgZjAu+wSUk=] [Imperor] Checking offline messages for client
[2025-08-13 16:27:55] [fCcgSwjCp3lS59hRDgZjAu+wSUk=] [Imperor] No offline messages found
[2025-08-13 16:30:18] [g95LkcovmlDSBBJIdmdv0zN6QBs=] [baysikimdeğil] Checking offline messages for client
[2025-08-13 16:30:18] [g95LkcovmlDSBBJIdmdv0zN6QBs=] [baysikimdeğil] No offline messages found
[2025-08-13 16:30:40] [IF9FpR3gAmSxQsnDcZCQBde7iWY=] [pipisin] Checking offline messages for client
[2025-08-13 16:30:40] [IF9FpR3gAmSxQsnDcZCQBde7iWY=] [pipisin] No offline messages found
[2025-08-13 16:30:52] [KKakWCNNDyxUyhC4KpkSU2PHuVM=] [yusufppks] Checking offline messages for client
[2025-08-13 16:30:52] [KKakWCNNDyxUyhC4KpkSU2PHuVM=] [yusufppks] No offline messages found
[2025-08-13 16:31:25] [bRevbiJW/A9S0s2cg5fC1JTRSHo=] [poka] Checking offline messages for client
[2025-08-13 16:31:25] [bRevbiJW/A9S0s2cg5fC1JTRSHo=] [poka] No offline messages found
[2025-08-13 16:32:57] [1bO83Bi1PAm+8+CZF83FfGhY7TA=] [necobeast] Checking offline messages for client
[2025-08-13 16:32:57] [1bO83Bi1PAm+8+CZF83FfGhY7TA=] [necobeast] No offline messages found
[2025-08-13 16:33:03] [rrFteaYAWPrQHu1180PxQxKeozg=] [Gomba] Checking offline messages for client
[2025-08-13 16:33:03] [rrFteaYAWPrQHu1180PxQxKeozg=] [Gomba] No offline messages found
[2025-08-13 16:33:20] [HL1M4htZuC4hSl/P/HyqYlf2rf8=] [CİHO] Checking offline messages for client
[2025-08-13 16:33:20] [HL1M4htZuC4hSl/P/HyqYlf2rf8=] [CİHO] No offline messages found
[2025-08-13 16:38:05] [c3ZeK0Ao+IacqBbjYwHaQ1Z+viM=] [jjjj] Checking offline messages for client
[2025-08-13 16:38:05] [c3ZeK0Ao+IacqBbjYwHaQ1Z+viM=] [jjjj] No offline messages found
[2025-08-13 16:39:06] [g95LkcovmlDSBBJIdmdv0zN6QBs=] [baysikimdeğil] Checking offline messages for client
[2025-08-13 16:39:06] [g95LkcovmlDSBBJIdmdv0zN6QBs=] [baysikimdeğil] No offline messages found
[2025-08-13 16:40:28] [VKNuVuuQDdO9VLj8BCq1tGrTUQk=] [CEVIKUVVET] Checking offline messages for client
[2025-08-13 16:40:28] [VKNuVuuQDdO9VLj8BCq1tGrTUQk=] [CEVIKUVVET] No offline messages found
[2025-08-13 16:43:00] [vs+7gbTKwu+h+XgDI2qVApOBkfk=] [Viko(ع)] Checking offline messages for client
[2025-08-13 16:43:00] [vs+7gbTKwu+h+XgDI2qVApOBkfk=] [Viko(ع)] No offline messages found
[2025-08-13 16:44:51] [sC96QZMY/yY8Fc9QjquVCkLiW2c=] [Amirali] Checking offline messages for client
[2025-08-13 16:44:51] [sC96QZMY/yY8Fc9QjquVCkLiW2c=] [Amirali] No offline messages found
[2025-08-13 16:48:45] [ymFdwDlKTCkNO9T00Dc3n9/jeec=] [RedSkull_TR] Checking offline messages for client
[2025-08-13 16:48:45] [ymFdwDlKTCkNO9T00Dc3n9/jeec=] [RedSkull_TR] No offline messages found
[2025-08-13 16:48:45] [ymFdwDlKTCkNO9T00Dc3n9/jeec=] [RedSkull_TR] Checking offline messages for client
[2025-08-13 16:48:45] [ymFdwDlKTCkNO9T00Dc3n9/jeec=] [RedSkull_TR] No offline messages found
[2025-08-13 16:48:45] [ymFdwDlKTCkNO9T00Dc3n9/jeec=] [RedSkull_TR] Checking offline messages for client
[2025-08-13 16:48:45] [ymFdwDlKTCkNO9T00Dc3n9/jeec=] [RedSkull_TR] No offline messages found
[2025-08-13 16:51:38] [OrQVKJp+JzfZtqOKqH2xPAvaQto=] [вапваимс] Checking offline messages for client
[2025-08-13 16:51:38] [OrQVKJp+JzfZtqOKqH2xPAvaQto=] [вапваимс] No offline messages found
[2025-08-13 16:51:56] [xiNrZG6HSOENN9HT42NqMU0htQc=] [TeamSpeakUser] Checking offline messages for client
[2025-08-13 16:51:56] [xiNrZG6HSOENN9HT42NqMU0htQc=] [TeamSpeakUser] No offline messages found
[2025-08-13 16:52:34] [4MLGGYt6Z3sgx8GHTCEtNvLhFCY=] [salas] Checking offline messages for client
[2025-08-13 16:52:34] [4MLGGYt6Z3sgx8GHTCEtNvLhFCY=] [salas] No offline messages found
[2025-08-13 16:53:27] [4MLGGYt6Z3sgx8GHTCEtNvLhFCY=] [salas] Checking offline messages for client
[2025-08-13 16:53:27] [4MLGGYt6Z3sgx8GHTCEtNvLhFCY=] [salas] No offline messages found
[2025-08-13 16:55:24] [m3jwrJafD7Z1HcDm7lAZbGqtROY=] [Zi←ِô] Checking offline messages for client
[2025-08-13 16:55:24] [m3jwrJafD7Z1HcDm7lAZbGqtROY=] [Zi←ِô] No offline messages found
[2025-08-13 16:55:40] [pQT7/iIPA88wbPwBccKGdq48f48=] [Term1s] Checking offline messages for client
[2025-08-13 16:55:40] [pQT7/iIPA88wbPwBccKGdq48f48=] [Term1s] No offline messages found
[2025-08-13 16:55:55] [CXnQHC+XyTooAudCpjnPJpcuStE=] [clement1ne-] Checking offline messages for client
[2025-08-13 16:55:55] [CXnQHC+XyTooAudCpjnPJpcuStE=] [clement1ne-] No offline messages found
[2025-08-13 17:08:29] [Yolrk0vLW7Jl+G3XWWoj32wvYHo=] [joy] Checking offline messages for client
[2025-08-13 17:08:29] [Yolrk0vLW7Jl+G3XWWoj32wvYHo=] [joy] No offline messages found
[2025-08-13 17:12:48] [Ag/FVhWEzsKnA0vVa/vMGbR847A=] [xGhostyLEGIT] Checking offline messages for client
[2025-08-13 17:12:48] [Ag/FVhWEzsKnA0vVa/vMGbR847A=] [xGhostyLEGIT] No offline messages found
[2025-08-13 17:15:01] [8WOVpWo1lyNg0N6GGos0xzT0uz4=] [P0kw3r] Checking offline messages for client
[2025-08-13 17:15:01] [8WOVpWo1lyNg0N6GGos0xzT0uz4=] [P0kw3r] No offline messages found
[2025-08-13 17:15:04] [pujvWPnG2O627Tc3efnzSj/MJII=] [Egor] Checking offline messages for client
[2025-08-13 17:15:04] [pujvWPnG2O627Tc3efnzSj/MJII=] [Egor] No offline messages found
[2025-08-13 17:16:19] [1LGAFwYeh9ftEN0OriluWE0DqDs=] [K0ubek] Checking offline messages for client
[2025-08-13 17:16:19] [1LGAFwYeh9ftEN0OriluWE0DqDs=] [K0ubek] No offline messages found
[2025-08-13 17:16:40] [M09LXQM0h1IxzpSiw7t91USRzUA=] [dolv1] Checking offline messages for client
[2025-08-13 17:16:40] [M09LXQM0h1IxzpSiw7t91USRzUA=] [dolv1] No offline messages found
[2025-08-13 17:19:57] [PlotarA/IzD1xOqHXLunwp4hHDs=] [Butch] Checking offline messages for client
[2025-08-13 17:19:57] [PlotarA/IzD1xOqHXLunwp4hHDs=] [Butch] No offline messages found
[2025-08-13 17:21:00] [ktT/SftpCnxHE/8DJjKjzUnQ3AY=] [EJEX] Checking offline messages for client
[2025-08-13 17:21:00] [ktT/SftpCnxHE/8DJjKjzUnQ3AY=] [EJEX] No offline messages found
[2025-08-13 17:21:29] [pujvWPnG2O627Tc3efnzSj/MJII=] [Egor] Checking offline messages for client
[2025-08-13 17:21:29] [pujvWPnG2O627Tc3efnzSj/MJII=] [Egor] No offline messages found
[2025-08-13 17:21:30] [JlxYw42savYt0R8LW3WXeV8+vsI=] [SPY] Checking offline messages for client
[2025-08-13 17:21:30] [JlxYw42savYt0R8LW3WXeV8+vsI=] [SPY] No offline messages found
[2025-08-13 17:24:01] [OnyFNlLSRn5WExnVSStquo7sjMA=] [ПожилаяОстановка] Checking offline messages for client
[2025-08-13 17:24:01] [OnyFNlLSRn5WExnVSStquo7sjMA=] [ПожилаяОстановка] No offline messages found
[2025-08-13 17:27:31] [/KlhImuwnxZYRIR8ixedUB8H6ZU=] [rbd] Checking offline messages for client
[2025-08-13 17:27:31] [/KlhImuwnxZYRIR8ixedUB8H6ZU=] [rbd] No offline messages found
[2025-08-13 17:29:04] [V2fvFjMB+bB/cvolRCv2/Dfx0cE=] [matsoares777] Checking offline messages for client
[2025-08-13 17:29:04] [V2fvFjMB+bB/cvolRCv2/Dfx0cE=] [matsoares777] No offline messages found
[2025-08-13 17:29:58] [GlFoiyR16c+UvQ4XrrrGp8edtrM=] [pistola.maxima] Checking offline messages for client
[2025-08-13 17:29:58] [GlFoiyR16c+UvQ4XrrrGp8edtrM=] [pistola.maxima] No offline messages found
[2025-08-13 17:32:19] [675wO5ssJtQbFw+9qXHexPjHNYM=] [Nevskiiiy] Checking offline messages for client
[2025-08-13 17:32:19] [675wO5ssJtQbFw+9qXHexPjHNYM=] [Nevskiiiy] No offline messages found
[2025-08-13 17:33:25] [JS7AYDgRfu5aCR6EsyZfSZOd3ug=] [goran] Checking offline messages for client
[2025-08-13 17:33:25] [JS7AYDgRfu5aCR6EsyZfSZOd3ug=] [goran] No offline messages found
[2025-08-13 17:34:40] [JS7AYDgRfu5aCR6EsyZfSZOd3ug=] [goran] Checking offline messages for client
[2025-08-13 17:34:40] [JS7AYDgRfu5aCR6EsyZfSZOd3ug=] [goran] No offline messages found
[2025-08-13 17:34:41] [O61sk9MZ6JTJTYLQoDumJVMYwBs=] [phantom] Checking offline messages for client
[2025-08-13 17:34:41] [O61sk9MZ6JTJTYLQoDumJVMYwBs=] [phantom] No offline messages found
[2025-08-13 17:34:42] [O61sk9MZ6JTJTYLQoDumJVMYwBs=] [phantom] Checking offline messages for client
[2025-08-13 17:34:42] [O61sk9MZ6JTJTYLQoDumJVMYwBs=] [phantom] No offline messages found
[2025-08-13 17:35:15] [jWxbfxhLxs9dPa3t1WUnys7gnbk=] [Richard_TH] Checking offline messages for client
[2025-08-13 17:35:15] [jWxbfxhLxs9dPa3t1WUnys7gnbk=] [Richard_TH] No offline messages found
[2025-08-13 17:35:29] [3PUL5t5Jz0KW4hyrBCzi+BArN60=] [tenshin_non] Checking offline messages for client
[2025-08-13 17:35:29] [3PUL5t5Jz0KW4hyrBCzi+BArN60=] [tenshin_non] No offline messages found
[2025-08-13 17:36:19] [hyOcc+vUIeYpDbLt58Zj+k6gW1o=] [TeamSpeakUser2] Checking offline messages for client
[2025-08-13 17:36:19] [hyOcc+vUIeYpDbLt58Zj+k6gW1o=] [TeamSpeakUser2] No offline messages found
[2025-08-13 17:44:08] [DVkpCSo8puDqdRTfBkUWlqHh1E0=] [Ciko#] Checking offline messages for client
[2025-08-13 17:44:08] [DVkpCSo8puDqdRTfBkUWlqHh1E0=] [Ciko#] No offline messages found
[2025-08-13 17:46:07] [sTMy4Qq5cyC5Ch9EAWdOJ0CD0l4=] [stanleyipkiss] Checking offline messages for client
[2025-08-13 17:46:07] [sTMy4Qq5cyC5Ch9EAWdOJ0CD0l4=] [stanleyipkiss] No offline messages found
[2025-08-13 17:46:25] [F4Rot6aSlWU5OFZBOarP2RTzrYY=] [INSANE] Checking offline messages for client
[2025-08-13 17:46:25] [F4Rot6aSlWU5OFZBOarP2RTzrYY=] [INSANE] No offline messages found
[2025-08-13 17:47:52] [9MJhUnGjknrJAklceFu/jM1mwG0=] [Kiki] Checking offline messages for client
[2025-08-13 17:47:52] [9MJhUnGjknrJAklceFu/jM1mwG0=] [Kiki] No offline messages found
[2025-08-13 17:49:24] [FjvWluljyXAl76fTQUXQDhqEdXg=] [sima] Checking offline messages for client
[2025-08-13 17:49:24] [FjvWluljyXAl76fTQUXQDhqEdXg=] [sima] No offline messages found
[2025-08-13 17:50:18] [FjvWluljyXAl76fTQUXQDhqEdXg=] [sima] Checking offline messages for client
[2025-08-13 17:50:18] [FjvWluljyXAl76fTQUXQDhqEdXg=] [sima] No offline messages found
[2025-08-13 17:52:35] [wdel311wDJibJesQMyOg5mNV/1g=] [TeamSpeakUser3] Checking offline messages for client
[2025-08-13 17:52:35] [wdel311wDJibJesQMyOg5mNV/1g=] [TeamSpeakUser3] No offline messages found
[2025-08-13 18:04:00] [1bxlkLWE1YEds4euACE9lSAD0Jg=] [Mr..Fury] Checking offline messages for client
[2025-08-13 18:04:00] [1bxlkLWE1YEds4euACE9lSAD0Jg=] [Mr..Fury] No offline messages found
[2025-08-13 18:08:02] [70cdtlLw3loOn/Dhu5vpoWXPg5M=] [Плаки плаки лысый] Checking offline messages for client
[2025-08-13 18:08:02] [70cdtlLw3loOn/Dhu5vpoWXPg5M=] [Плаки плаки лысый] No offline messages found
[2025-08-13 18:09:47] [EJAUg1LkK9vCvLadIGqEVIMMPOM=] [cook1ch] Checking offline messages for client
[2025-08-13 18:09:47] [EJAUg1LkK9vCvLadIGqEVIMMPOM=] [cook1ch] No offline messages found
[2025-08-13 18:10:09] [EJAUg1LkK9vCvLadIGqEVIMMPOM=] [cook1ch] Checking offline messages for client
[2025-08-13 18:10:09] [EJAUg1LkK9vCvLadIGqEVIMMPOM=] [cook1ch] No offline messages found
[2025-08-13 18:10:55] [yNFUjD+LJEqojKPPlPGtCAVEYRU=] [Боцман777] Checking offline messages for client
[2025-08-13 18:10:55] [yNFUjD+LJEqojKPPlPGtCAVEYRU=] [Боцман777] No offline messages found
[2025-08-13 18:11:39] [PhckJHuRGWp+/oEYJbm3VNrgZkw=] [Br4d117] Checking offline messages for client
[2025-08-13 18:11:39] [PhckJHuRGWp+/oEYJbm3VNrgZkw=] [Br4d117] Found 1 offline messages
[2025-08-13 18:11:41] [PhckJHuRGWp+/oEYJbm3VNrgZkw=] [Br4d117] Sent poke message: Your private channel has been renumbered from #10 to #9 to maintain sorting order.
[2025-08-13 18:11:41] [PhckJHuRGWp+/oEYJbm3VNrgZkw=] [Br4d117] Deleted 1 delivered messages from database
[2025-08-13 18:13:07] [39Hn80GzU936S3hLOAjj8iP5kpg=] [Shawaj] Checking offline messages for client
[2025-08-13 18:13:07] [39Hn80GzU936S3hLOAjj8iP5kpg=] [Shawaj] No offline messages found
[2025-08-13 18:14:16] [2XrYlSfBN9DtRZ+ffO9e7Je9yTA=] [Machine":] Checking offline messages for client
[2025-08-13 18:14:16] [2XrYlSfBN9DtRZ+ffO9e7Je9yTA=] [Machine":] No offline messages found
[2025-08-13 18:18:56] [ilO9JAl5glx+WikZA6SZqmic0Iw=] [kaiizenn] Checking offline messages for client
[2025-08-13 18:18:56] [ilO9JAl5glx+WikZA6SZqmic0Iw=] [kaiizenn] No offline messages found
[2025-08-13 18:19:22] [Tl3Bg1zFfrOJ+IRWyJh5UAIJ+5o=] [Efkeyy] Checking offline messages for client
[2025-08-13 18:19:22] [Tl3Bg1zFfrOJ+IRWyJh5UAIJ+5o=] [Efkeyy] No offline messages found
[2025-08-13 18:19:22] [rR+2agDaXOblefNaD/E2LfDoCAU=] [hugao] Checking offline messages for client
[2025-08-13 18:19:22] [rR+2agDaXOblefNaD/E2LfDoCAU=] [hugao] Found 2 offline messages
[2025-08-13 18:19:24] [rR+2agDaXOblefNaD/E2LfDoCAU=] [hugao] Sent poke message: Your private channel has been renumbered from #18 to #17 to maintain sorting order.
[2025-08-13 18:19:24] [rR+2agDaXOblefNaD/E2LfDoCAU=] [hugao] Sent poke message: Your private channel has been renumbered from #17 to #16 to maintain sorting order.
[2025-08-13 18:19:24] [rR+2agDaXOblefNaD/E2LfDoCAU=] [hugao] Deleted 2 delivered messages from database
[2025-08-13 18:19:24] [rR+2agDaXOblefNaD/E2LfDoCAU=] [hugao] Checking offline messages for client
[2025-08-13 18:19:24] [rR+2agDaXOblefNaD/E2LfDoCAU=] [hugao] No offline messages found
[2025-08-13 18:19:24] [rR+2agDaXOblefNaD/E2LfDoCAU=] [hugao] Checking offline messages for client
[2025-08-13 18:19:24] [rR+2agDaXOblefNaD/E2LfDoCAU=] [hugao] No offline messages found
[2025-08-13 18:19:33] [cm+zDw/4zDuQN120Qa8q1mW/fIQ=] [hudabin] Checking offline messages for client
[2025-08-13 18:19:33] [cm+zDw/4zDuQN120Qa8q1mW/fIQ=] [hudabin] No offline messages found
[2025-08-13 18:21:03] [A2T1RSmzaeIbUTk0Ce356sAFyiM=] [hugao1] Checking offline messages for client
[2025-08-13 18:21:03] [A2T1RSmzaeIbUTk0Ce356sAFyiM=] [hugao1] No offline messages found
[2025-08-13 18:24:27] [pujvWPnG2O627Tc3efnzSj/MJII=] [Egor] Checking offline messages for client
[2025-08-13 18:24:27] [pujvWPnG2O627Tc3efnzSj/MJII=] [Egor] No offline messages found
[2025-08-13 18:26:57] [TVYDqloG40AolgKZE51r8Arz5Ig=] [TeamSpeakUser1] Checking offline messages for client
[2025-08-13 18:26:57] [TVYDqloG40AolgKZE51r8Arz5Ig=] [TeamSpeakUser1] No offline messages found
[2025-08-13 18:28:15] [m3jwrJafD7Z1HcDm7lAZbGqtROY=] [Zi←ِô] Checking offline messages for client
[2025-08-13 18:28:15] [m3jwrJafD7Z1HcDm7lAZbGqtROY=] [Zi←ِô] No offline messages found
[2025-08-13 18:28:56] [gM6JURCoeTppFvi+so8Nrj/PdUE=] [KvaKing95] Checking offline messages for client
[2025-08-13 18:28:56] [gM6JURCoeTppFvi+so8Nrj/PdUE=] [KvaKing95] No offline messages found
[2025-08-13 18:36:50] [s5SoU0O6Mp2lEkoeWlMc2247gBk=] [don] Checking offline messages for client
[2025-08-13 18:36:50] [s5SoU0O6Mp2lEkoeWlMc2247gBk=] [don] No offline messages found
[2025-08-13 18:38:24] [ow+Zi/O4SnJIvwHosoZ7zIvOOK8=] [shinigami] Checking offline messages for client
[2025-08-13 18:38:24] [ow+Zi/O4SnJIvwHosoZ7zIvOOK8=] [shinigami] No offline messages found
[2025-08-13 18:40:12] [bHvUURMn1Zui9DWm21+5Ya3keVw=] [PEET(ON)] Checking offline messages for client
[2025-08-13 18:40:12] [bHvUURMn1Zui9DWm21+5Ya3keVw=] [PEET(ON)] No offline messages found
[2025-08-13 18:40:17] [/ntLdaP/4t8Wu17R5juzLOn7l3I=] [TeamSpeakUser2] Checking offline messages for client
[2025-08-13 18:40:17] [/ntLdaP/4t8Wu17R5juzLOn7l3I=] [TeamSpeakUser2] No offline messages found
[2025-08-13 18:42:46] [YsLIcSdqIhIwQNbRchviQN5m32E=] [sevvalyurdkl] Checking offline messages for client
[2025-08-13 18:42:46] [YsLIcSdqIhIwQNbRchviQN5m32E=] [sevvalyurdkl] No offline messages found
[2025-08-13 18:49:15] [iyVQVtmbSrTKhWTLGWQUmQX+5m4=] [cuffe] Checking offline messages for client
[2025-08-13 18:49:15] [iyVQVtmbSrTKhWTLGWQUmQX+5m4=] [cuffe] No offline messages found
[2025-08-13 18:53:53] [avYI7vL0XXD3nIsf8cMXtgdn+/s=] [NowY] Checking offline messages for client
[2025-08-13 18:53:53] [avYI7vL0XXD3nIsf8cMXtgdn+/s=] [NowY] No offline messages found
[2025-08-13 18:53:56] [f12EdjHswKyOEFDyewEipDgzQi0=] [BIG FIUT] Checking offline messages for client
[2025-08-13 18:53:56] [f12EdjHswKyOEFDyewEipDgzQi0=] [BIG FIUT] No offline messages found
[2025-08-13 18:53:58] [f12EdjHswKyOEFDyewEipDgzQi0=] [BIG FIUT] Checking offline messages for client
[2025-08-13 18:53:58] [f12EdjHswKyOEFDyewEipDgzQi0=] [BIG FIUT] No offline messages found
[2025-08-13 18:54:00] [f12EdjHswKyOEFDyewEipDgzQi0=] [BIG FIUT] Checking offline messages for client
[2025-08-13 18:54:00] [f12EdjHswKyOEFDyewEipDgzQi0=] [BIG FIUT] No offline messages found
[2025-08-13 18:59:39] [u37UZKIsHRy8fpvH8qv7OuhDpEw=] [AMINOV] Checking offline messages for client
[2025-08-13 18:59:39] [u37UZKIsHRy8fpvH8qv7OuhDpEw=] [AMINOV] No offline messages found
[2025-08-13 19:03:44] [GSHdFQ1jzSeyLdTWhcSAlf1X2N8=] [FenaiL] Checking offline messages for client
[2025-08-13 19:03:44] [GSHdFQ1jzSeyLdTWhcSAlf1X2N8=] [FenaiL] No offline messages found
[2025-08-13 19:03:59] [p3y14lookJnxOaey9QPtkzjlnFM=] [JannnNNN] Checking offline messages for client
[2025-08-13 19:03:59] [p3y14lookJnxOaey9QPtkzjlnFM=] [JannnNNN] No offline messages found
[2025-08-13 19:07:02] [Bqn1yHfciMUddS+su57cn0aLZFg=] [TeamSpeakUser2] Checking offline messages for client
[2025-08-13 19:07:02] [Bqn1yHfciMUddS+su57cn0aLZFg=] [TeamSpeakUser2] No offline messages found
[2025-08-13 19:07:05] [iYHINDlWwCatnlKWhy6pZQi0dUI=] [TeaNeedMore] Checking offline messages for client
[2025-08-13 19:07:05] [iYHINDlWwCatnlKWhy6pZQi0dUI=] [TeaNeedMore] No offline messages found
[2025-08-13 19:07:32] [vLgVft5e9BARLqqbeBlVX0sMlpk=] [BlackDemoN (Dimon)] Checking offline messages for client
[2025-08-13 19:07:32] [vLgVft5e9BARLqqbeBlVX0sMlpk=] [BlackDemoN (Dimon)] No offline messages found
[2025-08-13 19:08:07] [2VzT0rDnM3Vx+eXqF17CNDZ79/Y=] [mmdlemon] Checking offline messages for client
[2025-08-13 19:08:07] [2VzT0rDnM3Vx+eXqF17CNDZ79/Y=] [mmdlemon] No offline messages found
[2025-08-13 19:08:30] [hBuNRx7tatLbgdRUYtizU91b9ds=] [Fantaz4] Checking offline messages for client
[2025-08-13 19:08:30] [hBuNRx7tatLbgdRUYtizU91b9ds=] [Fantaz4] No offline messages found
[2025-08-13 19:08:48] [Lm1n0p7fC/1pjKi0sXmBUDhDWNE=] [clamoris] Checking offline messages for client
[2025-08-13 19:08:48] [Lm1n0p7fC/1pjKi0sXmBUDhDWNE=] [clamoris] No offline messages found
[2025-08-13 19:08:54] [hBuNRx7tatLbgdRUYtizU91b9ds=] [Fantaz4] Checking offline messages for client
[2025-08-13 19:08:54] [hBuNRx7tatLbgdRUYtizU91b9ds=] [Fantaz4] No offline messages found
[2025-08-13 19:10:12] [6QTSVZJXFWVj3iE7IzR5O0qjvAA=] [Maprhendil] Checking offline messages for client
[2025-08-13 19:10:12] [6QTSVZJXFWVj3iE7IzR5O0qjvAA=] [Maprhendil] No offline messages found
[2025-08-13 19:11:37] [iyVQVtmbSrTKhWTLGWQUmQX+5m4=] [cuffe] Checking offline messages for client
[2025-08-13 19:11:37] [iyVQVtmbSrTKhWTLGWQUmQX+5m4=] [cuffe] No offline messages found
[2025-08-13 19:14:18] [157KL6nbvgzKYId8dWYGPfkn2rw=] [SHLYHA] Checking offline messages for client
[2025-08-13 19:14:18] [157KL6nbvgzKYId8dWYGPfkn2rw=] [SHLYHA] No offline messages found
[2025-08-13 19:17:53] [rAxvHfzR1LcyWLYDgNpfvmKh3Tc=] [Animepseh] Checking offline messages for client
[2025-08-13 19:17:53] [rAxvHfzR1LcyWLYDgNpfvmKh3Tc=] [Animepseh] No offline messages found
[2025-08-13 19:18:46] [ONvfusmFWIClbDX/sdbH1dm7g9A=] [мффмфмфмфмфм] Checking offline messages for client
[2025-08-13 19:18:46] [ONvfusmFWIClbDX/sdbH1dm7g9A=] [мффмфмфмфмфм] No offline messages found
[2025-08-13 19:19:26] [ONvfusmFWIClbDX/sdbH1dm7g9A=] [мффмфмфмфмфм] Checking offline messages for client
[2025-08-13 19:19:26] [ONvfusmFWIClbDX/sdbH1dm7g9A=] [мффмфмфмфмфм] No offline messages found
[2025-08-13 19:20:15] [0ExFXh96hbPZO9+i08BvYxcM2Is=] [maruk] Checking offline messages for client
[2025-08-13 19:20:15] [0ExFXh96hbPZO9+i08BvYxcM2Is=] [maruk] No offline messages found
[2025-08-13 19:22:07] [V+r2jqsObKVU67cAATQYjyj/oEk=] [Blood.born] Checking offline messages for client
[2025-08-13 19:22:07] [V+r2jqsObKVU67cAATQYjyj/oEk=] [Blood.born] No offline messages found
[2025-08-13 19:25:34] [BnLle2b4mCrsnkDt7ylLEKPD94c=] [BIGIYURI] Checking offline messages for client
[2025-08-13 19:25:34] [BnLle2b4mCrsnkDt7ylLEKPD94c=] [BIGIYURI] No offline messages found
[2025-08-13 19:25:41] [olx89Pdjc5M3fEKtvl/uuQb51Rw=] [СИСЯМАСИСЯ] Checking offline messages for client
[2025-08-13 19:25:41] [olx89Pdjc5M3fEKtvl/uuQb51Rw=] [СИСЯМАСИСЯ] No offline messages found
[2025-08-13 19:27:11] [WqJ7G2qJdQ8kspL597ANASGN6Qc=] [леха] Checking offline messages for client
[2025-08-13 19:27:11] [WqJ7G2qJdQ8kspL597ANASGN6Qc=] [леха] No offline messages found
[2025-08-13 19:27:20] [WqJ7G2qJdQ8kspL597ANASGN6Qc=] [леха] Checking offline messages for client
[2025-08-13 19:27:20] [WqJ7G2qJdQ8kspL597ANASGN6Qc=] [леха] No offline messages found
[2025-08-13 19:27:30] [WqJ7G2qJdQ8kspL597ANASGN6Qc=] [леха] Checking offline messages for client
[2025-08-13 19:27:30] [WqJ7G2qJdQ8kspL597ANASGN6Qc=] [леха] No offline messages found
[2025-08-13 19:27:30] [ZGrMI6bNPSY3bqByYnYHBOr+Dac=] [рэдик] Checking offline messages for client
[2025-08-13 19:27:30] [ZGrMI6bNPSY3bqByYnYHBOr+Dac=] [рэдик] No offline messages found
[2025-08-13 19:27:30] [ZGrMI6bNPSY3bqByYnYHBOr+Dac=] [рэдик] Checking offline messages for client
[2025-08-13 19:27:30] [ZGrMI6bNPSY3bqByYnYHBOr+Dac=] [рэдик] No offline messages found
[2025-08-13 19:27:31] [ZGrMI6bNPSY3bqByYnYHBOr+Dac=] [рэдик] Checking offline messages for client
[2025-08-13 19:27:31] [ZGrMI6bNPSY3bqByYnYHBOr+Dac=] [рэдик] No offline messages found
[2025-08-13 19:30:07] [aTU608DqdH6zZWct/ylCRTwxJGA=] [Nouleone] Checking offline messages for client
[2025-08-13 19:30:07] [aTU608DqdH6zZWct/ylCRTwxJGA=] [Nouleone] No offline messages found
[2025-08-13 19:31:23] [olx89Pdjc5M3fEKtvl/uuQb51Rw=] [СИСЯМАСИСЯ] Checking offline messages for client
[2025-08-13 19:31:23] [olx89Pdjc5M3fEKtvl/uuQb51Rw=] [СИСЯМАСИСЯ] No offline messages found
[2025-08-13 19:31:35] [aTU608DqdH6zZWct/ylCRTwxJGA=] [Nouleone] Checking offline messages for client
[2025-08-13 19:31:35] [aTU608DqdH6zZWct/ylCRTwxJGA=] [Nouleone] No offline messages found
[2025-08-13 19:33:03] [fa4VJPZN3YRM6elLc2ub2QkVDKA=] [TeamSpeakUser2] Checking offline messages for client
[2025-08-13 19:33:03] [fa4VJPZN3YRM6elLc2ub2QkVDKA=] [TeamSpeakUser2] No offline messages found
[2025-08-13 19:33:10] [5hddc8haxgTOmC6YnU4i/CaEPsM=] [saadf] Checking offline messages for client
[2025-08-13 19:33:10] [5hddc8haxgTOmC6YnU4i/CaEPsM=] [saadf] No offline messages found
[2025-08-13 19:33:51] [jigm6/bUsOmXMFP8XUKRU6/MFsM=] [king] Checking offline messages for client
[2025-08-13 19:33:51] [jigm6/bUsOmXMFP8XUKRU6/MFsM=] [king] No offline messages found
[2025-08-13 19:34:43] [/ntLdaP/4t8Wu17R5juzLOn7l3I=] [TeamSpeakUser2] Checking offline messages for client
[2025-08-13 19:34:43] [/ntLdaP/4t8Wu17R5juzLOn7l3I=] [TeamSpeakUser2] No offline messages found
[2025-08-13 19:34:44] [fMyy94Uc4NVBYlK317N59mmcxCg=] [TeamSpeakUser3] Checking offline messages for client
[2025-08-13 19:34:44] [fMyy94Uc4NVBYlK317N59mmcxCg=] [TeamSpeakUser3] No offline messages found
[2025-08-13 19:39:32] [ByxgeD5C1pEwB1SnnSzEOrDDDM4=] [caeciliae] Checking offline messages for client
[2025-08-13 19:39:32] [ByxgeD5C1pEwB1SnnSzEOrDDDM4=] [caeciliae] No offline messages found
[2025-08-13 19:40:58] [p3y14lookJnxOaey9QPtkzjlnFM=] [JannnNNN] Checking offline messages for client
[2025-08-13 19:40:58] [p3y14lookJnxOaey9QPtkzjlnFM=] [JannnNNN] No offline messages found
[2025-08-13 19:42:44] [tYPVHd7ZlSgv4rxjYjaAB228Jz0=] [Crash] Checking offline messages for client
[2025-08-13 19:42:44] [tYPVHd7ZlSgv4rxjYjaAB228Jz0=] [Crash] No offline messages found
[2025-08-13 19:47:07] [gITtVlfHYxsd3mvOfTblKNtJBDU=] [4iff] Checking offline messages for client
[2025-08-13 19:47:07] [gITtVlfHYxsd3mvOfTblKNtJBDU=] [4iff] No offline messages found
[2025-08-13 19:50:45] [pr2KTmxhgWlk6sQ6514CzewucfU=] [macherie] Checking offline messages for client
[2025-08-13 19:50:45] [pr2KTmxhgWlk6sQ6514CzewucfU=] [macherie] No offline messages found
[2025-08-13 19:52:01] [cuwvdkO7k8SCDXM9dpo6beJaYCo=] [erremre] Checking offline messages for client
[2025-08-13 19:52:01] [cuwvdkO7k8SCDXM9dpo6beJaYCo=] [erremre] No offline messages found
[2025-08-13 19:55:57] [e/4+5EJTg+lWWWSQlD5BZkvtxDI=] [Havana] Checking offline messages for client
[2025-08-13 19:55:57] [e/4+5EJTg+lWWWSQlD5BZkvtxDI=] [Havana] No offline messages found
[2025-08-13 19:56:22] [FIHRd8H6xRTj1jyU280xFtyPXDM=] [liqui_88] Checking offline messages for client
[2025-08-13 19:56:22] [FIHRd8H6xRTj1jyU280xFtyPXDM=] [liqui_88] No offline messages found
[2025-08-13 19:57:21] [JS7AYDgRfu5aCR6EsyZfSZOd3ug=] [goran] Checking offline messages for client
[2025-08-13 19:57:21] [JS7AYDgRfu5aCR6EsyZfSZOd3ug=] [goran] No offline messages found
[2025-08-13 19:58:37] [9RYhYLJQuz+5zxOjDqP3tBps2/o=] [EXOPUL] Checking offline messages for client
[2025-08-13 19:58:37] [9RYhYLJQuz+5zxOjDqP3tBps2/o=] [EXOPUL] No offline messages found
[2025-08-13 19:59:08] [0XaSaJTqMDRG53r/L41NHA912Rw=] [pisun] Checking offline messages for client
[2025-08-13 19:59:08] [0XaSaJTqMDRG53r/L41NHA912Rw=] [pisun] No offline messages found
[2025-08-13 19:59:14] [e1vImF/pvh7c+66eD1lHGlZ9N08=] [Fornax013] Checking offline messages for client
[2025-08-13 19:59:14] [e1vImF/pvh7c+66eD1lHGlZ9N08=] [Fornax013] No offline messages found
[2025-08-13 19:59:59] [Vs8EKOeGeChef1noyNgJsKO0AH0=] [freakshow322] Checking offline messages for client
[2025-08-13 19:59:59] [Vs8EKOeGeChef1noyNgJsKO0AH0=] [freakshow322] No offline messages found
[2025-08-13 20:05:01] [2VzT0rDnM3Vx+eXqF17CNDZ79/Y=] [mmdlemon] Checking offline messages for client
[2025-08-13 20:05:01] [2VzT0rDnM3Vx+eXqF17CNDZ79/Y=] [mmdlemon] No offline messages found
[2025-08-13 20:05:50] [OnyFNlLSRn5WExnVSStquo7sjMA=] [ПожилаяОстановка] Checking offline messages for client
[2025-08-13 20:05:50] [OnyFNlLSRn5WExnVSStquo7sjMA=] [ПожилаяОстановка] No offline messages found
[2025-08-13 20:05:52] [675wO5ssJtQbFw+9qXHexPjHNYM=] [Nevskiiiy] Checking offline messages for client
[2025-08-13 20:05:52] [675wO5ssJtQbFw+9qXHexPjHNYM=] [Nevskiiiy] No offline messages found
[2025-08-13 20:06:11] [675wO5ssJtQbFw+9qXHexPjHNYM=] [Nevskiiiy] Checking offline messages for client
[2025-08-13 20:06:11] [675wO5ssJtQbFw+9qXHexPjHNYM=] [Nevskiiiy] No offline messages found
[2025-08-13 20:09:41] [OnyFNlLSRn5WExnVSStquo7sjMA=] [ПожилаяОстановка] Checking offline messages for client
[2025-08-13 20:09:41] [OnyFNlLSRn5WExnVSStquo7sjMA=] [ПожилаяОстановка] No offline messages found
[2025-08-13 20:11:38] [hUjMcppeZYeQG89H1ehSTqHW6iQ=] [Hydrastarke] Checking offline messages for client
[2025-08-13 20:11:38] [hUjMcppeZYeQG89H1ehSTqHW6iQ=] [Hydrastarke] No offline messages found
[2025-08-13 20:12:43] [+IdTxeDPU0HaxOmF1Yivm4WLd78=] [chelko] Checking offline messages for client
[2025-08-13 20:12:43] [+IdTxeDPU0HaxOmF1Yivm4WLd78=] [chelko] No offline messages found
[2025-08-13 20:14:37] [Ktj7Y248iU69kdWy+zMmub965mM=] [Musto] Checking offline messages for client
[2025-08-13 20:14:37] [Ktj7Y248iU69kdWy+zMmub965mM=] [Musto] No offline messages found
[2025-08-13 20:14:42] [ewrPGoLlCCfzZIqr9wC9KuSdmb4=] [Junior] Checking offline messages for client
[2025-08-13 20:14:42] [ewrPGoLlCCfzZIqr9wC9KuSdmb4=] [Junior] No offline messages found
[2025-08-13 20:16:04] [4MLGGYt6Z3sgx8GHTCEtNvLhFCY=] [salas] Checking offline messages for client
[2025-08-13 20:16:04] [4MLGGYt6Z3sgx8GHTCEtNvLhFCY=] [salas] No offline messages found
[2025-08-13 20:16:26] [2VzT0rDnM3Vx+eXqF17CNDZ79/Y=] [mmdlemon] Checking offline messages for client
[2025-08-13 20:16:26] [2VzT0rDnM3Vx+eXqF17CNDZ79/Y=] [mmdlemon] No offline messages found
[2025-08-13 20:16:45] [Bqn1yHfciMUddS+su57cn0aLZFg=] [TeamSpeakUser4] Checking offline messages for client
[2025-08-13 20:16:45] [Bqn1yHfciMUddS+su57cn0aLZFg=] [TeamSpeakUser4] No offline messages found
[2025-08-13 20:18:12] [hNFTAZb3NmE38gfYMj1oSepXbSw=] [oolextonoo] Checking offline messages for client
[2025-08-13 20:18:12] [hNFTAZb3NmE38gfYMj1oSepXbSw=] [oolextonoo] No offline messages found
[2025-08-13 20:18:17] [ayHUOzBuuInw8J/HHBAIDIq0cYY=] [bohun ivan] Checking offline messages for client
[2025-08-13 20:18:17] [ayHUOzBuuInw8J/HHBAIDIq0cYY=] [bohun ivan] No offline messages found
[2025-08-13 20:19:40] [V/sE7GD+jPAQPdHRhDxgmql0tFI=] [Jabberson] Checking offline messages for client
[2025-08-13 20:19:40] [V/sE7GD+jPAQPdHRhDxgmql0tFI=] [Jabberson] No offline messages found
[2025-08-13 20:19:50] [SD17ArPLxbgW8gNb6ICI1SlcTNs=] [Nghtly] Checking offline messages for client
[2025-08-13 20:19:50] [SD17ArPLxbgW8gNb6ICI1SlcTNs=] [Nghtly] No offline messages found
[2025-08-13 20:20:10] [JS7AYDgRfu5aCR6EsyZfSZOd3ug=] [goran] Checking offline messages for client
[2025-08-13 20:20:10] [JS7AYDgRfu5aCR6EsyZfSZOd3ug=] [goran] No offline messages found
[2025-08-13 20:21:24] [L7C6RyDj46rJ2KImJAiVMGuWyg8=] [mogulyok] Checking offline messages for client
[2025-08-13 20:21:24] [L7C6RyDj46rJ2KImJAiVMGuWyg8=] [mogulyok] No offline messages found
[2025-08-13 20:22:42] [U8tke3cPZNi1QTaZFiEke+pW4aU=] [4uls] Checking offline messages for client
[2025-08-13 20:22:42] [U8tke3cPZNi1QTaZFiEke+pW4aU=] [4uls] No offline messages found
[2025-08-13 20:22:57] [j4lQxUVWRUlLgopGIh2SadhECrU=] [lonezzz] Checking offline messages for client
[2025-08-13 20:22:57] [j4lQxUVWRUlLgopGIh2SadhECrU=] [lonezzz] No offline messages found
[2025-08-13 20:23:21] [eR1RjitdHks89A8dgZlineVbxYg=] [mitsuki7] Checking offline messages for client
[2025-08-13 20:23:21] [eR1RjitdHks89A8dgZlineVbxYg=] [mitsuki7] No offline messages found
[2025-08-13 20:23:22] [U8tke3cPZNi1QTaZFiEke+pW4aU=] [4uls] Checking offline messages for client
[2025-08-13 20:23:22] [U8tke3cPZNi1QTaZFiEke+pW4aU=] [4uls] No offline messages found
[2025-08-13 20:23:51] [TLwIP9Vx3bePxB8PgLne8QrHhrw=] [yasha-_] Checking offline messages for client
[2025-08-13 20:23:51] [TLwIP9Vx3bePxB8PgLne8QrHhrw=] [yasha-_] No offline messages found
[2025-08-13 20:24:32] [C7NxckscL5/kGQPP6KRbYm7iI+g=] [moco] Checking offline messages for client
[2025-08-13 20:24:32] [C7NxckscL5/kGQPP6KRbYm7iI+g=] [moco] No offline messages found
[2025-08-13 20:25:28] [jSTg9YTztkw2ARVExNYDIoNpcOA=] [Kamil42 Tuco32] Checking offline messages for client
[2025-08-13 20:25:28] [jSTg9YTztkw2ARVExNYDIoNpcOA=] [Kamil42 Tuco32] No offline messages found
[2025-08-13 20:26:45] [2Lx63FxcyvHlLbs3Khbo5bJe6mY=] [Last] Checking offline messages for client
[2025-08-13 20:26:45] [2Lx63FxcyvHlLbs3Khbo5bJe6mY=] [Last] No offline messages found
[2025-08-13 20:26:52] [yAEOhSUtdBMuxxQ8WG5YX1mqIRY=] [TeamSpeakUser5] Checking offline messages for client
[2025-08-13 20:26:52] [yAEOhSUtdBMuxxQ8WG5YX1mqIRY=] [TeamSpeakUser5] No offline messages found
[2025-08-13 20:27:04] [F/k0Rg4hQSWHX4oGyywToCiNchY=] [Tsk] Checking offline messages for client
[2025-08-13 20:27:04] [F/k0Rg4hQSWHX4oGyywToCiNchY=] [Tsk] No offline messages found
[2025-08-13 20:27:58] [xDryJ/hHNhMJdevlnC0iQHd6/3E=] [RockSize] Checking offline messages for client
[2025-08-13 20:27:58] [xDryJ/hHNhMJdevlnC0iQHd6/3E=] [RockSize] No offline messages found
[2025-08-13 20:32:16] [0Z2wqQcTx0kpb/KIf+NPkyv4b60=] [-W1LLL] Checking offline messages for client
[2025-08-13 20:32:16] [0Z2wqQcTx0kpb/KIf+NPkyv4b60=] [-W1LLL] No offline messages found
[2025-08-13 20:33:23] [tYPVHd7ZlSgv4rxjYjaAB228Jz0=] [Crash] Checking offline messages for client
[2025-08-13 20:33:23] [tYPVHd7ZlSgv4rxjYjaAB228Jz0=] [Crash] No offline messages found
[2025-08-13 20:34:53] [WUFbI2wm1TirPkulhTRESNYToW0=] [sajjad] Checking offline messages for client
[2025-08-13 20:34:53] [WUFbI2wm1TirPkulhTRESNYToW0=] [sajjad] No offline messages found
[2025-08-13 20:35:49] [C3ony4dh8njCYB62/cIXXbMG1IA=] [Чех] Checking offline messages for client
[2025-08-13 20:35:49] [C3ony4dh8njCYB62/cIXXbMG1IA=] [Чех] No offline messages found
[2025-08-13 20:36:05] [WtWgpfS8UE18SW7yGXm3r1yoO/c=] [Kowismo] Checking offline messages for client
[2025-08-13 20:36:05] [WtWgpfS8UE18SW7yGXm3r1yoO/c=] [Kowismo] No offline messages found
[2025-08-13 20:38:08] [C3ony4dh8njCYB62/cIXXbMG1IA=] [Чех] Checking offline messages for client
[2025-08-13 20:38:08] [C3ony4dh8njCYB62/cIXXbMG1IA=] [Чех] No offline messages found
[2025-08-13 20:38:15] [F/k0Rg4hQSWHX4oGyywToCiNchY=] [Tsk] Checking offline messages for client
[2025-08-13 20:38:15] [F/k0Rg4hQSWHX4oGyywToCiNchY=] [Tsk] No offline messages found
[2025-08-13 20:39:36] [1J9/ZPnHxEL704aM8z0q1FXAbwA=] [redan_22] Checking offline messages for client
[2025-08-13 20:39:36] [1J9/ZPnHxEL704aM8z0q1FXAbwA=] [redan_22] No offline messages found
[2025-08-13 20:40:17] [B1vi3FgmXup//0bA/eh0W10lZiM=] [TeamSpeakUser6] Checking offline messages for client
[2025-08-13 20:40:17] [B1vi3FgmXup//0bA/eh0W10lZiM=] [TeamSpeakUser6] No offline messages found
[2025-08-13 20:41:10] [F4Rot6aSlWU5OFZBOarP2RTzrYY=] [INSANE] Checking offline messages for client
[2025-08-13 20:41:10] [F4Rot6aSlWU5OFZBOarP2RTzrYY=] [INSANE] No offline messages found
[2025-08-13 20:44:18] [TILgMM0GXkAOgA/8SNvN356Ns7Q=] [trghostwolf-] Checking offline messages for client
[2025-08-13 20:44:18] [TILgMM0GXkAOgA/8SNvN356Ns7Q=] [trghostwolf-] No offline messages found
[2025-08-13 20:45:00] [8WOVpWo1lyNg0N6GGos0xzT0uz4=] [P0kw3r] Checking offline messages for client
[2025-08-13 20:45:00] [8WOVpWo1lyNg0N6GGos0xzT0uz4=] [P0kw3r] No offline messages found
[2025-08-13 20:46:54] [/9TuSqMFoktMV1qQit8/aB+E8/4=] [alimnnn] Checking offline messages for client
[2025-08-13 20:46:54] [/9TuSqMFoktMV1qQit8/aB+E8/4=] [alimnnn] No offline messages found
[2025-08-13 20:48:36] [0JrXRhsiBXKdOPeWdToXNBrqWMs=] [initale] Checking offline messages for client
[2025-08-13 20:48:36] [0JrXRhsiBXKdOPeWdToXNBrqWMs=] [initale] No offline messages found
[2025-08-13 20:48:39] [3Zuy7HrgD2tckMe6PFvuEKWBSq4=] [pashokey] Checking offline messages for client
[2025-08-13 20:48:39] [3Zuy7HrgD2tckMe6PFvuEKWBSq4=] [pashokey] No offline messages found
[2025-08-13 20:48:39] [3Zuy7HrgD2tckMe6PFvuEKWBSq4=] [pashokey] Checking offline messages for client
[2025-08-13 20:48:39] [3Zuy7HrgD2tckMe6PFvuEKWBSq4=] [pashokey] No offline messages found
[2025-08-13 20:50:14] [JS7AYDgRfu5aCR6EsyZfSZOd3ug=] [goran] Checking offline messages for client
[2025-08-13 20:50:14] [JS7AYDgRfu5aCR6EsyZfSZOd3ug=] [goran] No offline messages found
[2025-08-13 20:50:20] [pwxd39RdklT+c6j3HlbMzm3yWHo=] [Despaier] Checking offline messages for client
[2025-08-13 20:50:20] [pwxd39RdklT+c6j3HlbMzm3yWHo=] [Despaier] No offline messages found
[2025-08-13 20:50:35] [0XIPokUUTEkn00muYiwnSCQJ4wM=] [credolls] Checking offline messages for client
[2025-08-13 20:50:35] [0XIPokUUTEkn00muYiwnSCQJ4wM=] [credolls] No offline messages found
[2025-08-13 20:53:43] [AJimp0Wwxt3LJm5dPIyisfwXR6U=] [N3rvezz] Checking offline messages for client
[2025-08-13 20:53:43] [AJimp0Wwxt3LJm5dPIyisfwXR6U=] [N3rvezz] No offline messages found
[2025-08-13 20:53:44] [ayHUOzBuuInw8J/HHBAIDIq0cYY=] [bohun ivan] Checking offline messages for client
[2025-08-13 20:53:44] [ayHUOzBuuInw8J/HHBAIDIq0cYY=] [bohun ivan] No offline messages found
[2025-08-13 20:54:39] [HWG+ATHFYYOXM1l3iDtc4v9gUsM=] [Baldiez] Checking offline messages for client
[2025-08-13 20:54:39] [HWG+ATHFYYOXM1l3iDtc4v9gUsM=] [Baldiez] No offline messages found
[2025-08-13 20:55:14] [JS7AYDgRfu5aCR6EsyZfSZOd3ug=] [goran] Checking offline messages for client
[2025-08-13 20:55:14] [JS7AYDgRfu5aCR6EsyZfSZOd3ug=] [goran] No offline messages found
[2025-08-13 20:57:44] [4E896wDSmJ8m6QyPTb8WNx7UKxM=] [Groff] Checking offline messages for client
[2025-08-13 20:57:44] [4E896wDSmJ8m6QyPTb8WNx7UKxM=] [Groff] No offline messages found
[2025-08-13 21:02:14] [AJimp0Wwxt3LJm5dPIyisfwXR6U=] [N3rvezz] Checking offline messages for client
[2025-08-13 21:02:14] [AJimp0Wwxt3LJm5dPIyisfwXR6U=] [N3rvezz] No offline messages found
[2025-08-13 21:03:32] [ocCC+jVvD4KYfRPT+6Gk43hBr1k=] [BobFaruk] Checking offline messages for client
[2025-08-13 21:03:32] [ocCC+jVvD4KYfRPT+6Gk43hBr1k=] [BobFaruk] No offline messages found
[2025-08-13 21:04:02] [SD17ArPLxbgW8gNb6ICI1SlcTNs=] [Nghtly] Checking offline messages for client
[2025-08-13 21:04:02] [SD17ArPLxbgW8gNb6ICI1SlcTNs=] [Nghtly] No offline messages found
[2025-08-13 21:04:20] [0pfL6k6+uhY3YJUK1FucX6agAV8=] [MC durak] Checking offline messages for client
[2025-08-13 21:04:20] [0pfL6k6+uhY3YJUK1FucX6agAV8=] [MC durak] No offline messages found
[2025-08-13 21:07:07] [TvTOgNTiqjm7swE0hlAPFfwQ3DU=] [Sculaccia troie] Checking offline messages for client
[2025-08-13 21:07:07] [TvTOgNTiqjm7swE0hlAPFfwQ3DU=] [Sculaccia troie] No offline messages found
[2025-08-13 21:08:42] [1nHWWpwvoZf+IGl6BaPDK6nG9mg=] [FataL1Day] Checking offline messages for client
[2025-08-13 21:08:42] [1nHWWpwvoZf+IGl6BaPDK6nG9mg=] [FataL1Day] No offline messages found
[2025-08-13 21:09:04] [L2eQNSlPSLEvzElBvTWjnRjR04U=] [Koniciva] Checking offline messages for client
[2025-08-13 21:09:04] [L2eQNSlPSLEvzElBvTWjnRjR04U=] [Koniciva] No offline messages found
[2025-08-13 21:13:09] [CivIdqvdtxSJX+mCOeU13yota9Y=] [digitalmix] Checking offline messages for client
[2025-08-13 21:13:09] [CivIdqvdtxSJX+mCOeU13yota9Y=] [digitalmix] No offline messages found
[2025-08-13 21:13:11] [CivIdqvdtxSJX+mCOeU13yota9Y=] [digitalmix] Checking offline messages for client
[2025-08-13 21:13:11] [CivIdqvdtxSJX+mCOeU13yota9Y=] [digitalmix] No offline messages found
[2025-08-13 21:13:12] [CivIdqvdtxSJX+mCOeU13yota9Y=] [digitalmix] Checking offline messages for client
[2025-08-13 21:13:12] [CivIdqvdtxSJX+mCOeU13yota9Y=] [digitalmix] No offline messages found
[2025-08-13 21:16:26] [czJq8VhqlxMm/zy39XTQ+Np/v1c=] [Manwe] Checking offline messages for client
[2025-08-13 21:16:26] [czJq8VhqlxMm/zy39XTQ+Np/v1c=] [Manwe] No offline messages found
[2025-08-13 21:17:03] [XUq6lat2sP336FLybn+Od5CLO5Q=] [RABOTES] Checking offline messages for client
[2025-08-13 21:17:03] [XUq6lat2sP336FLybn+Od5CLO5Q=] [RABOTES] No offline messages found
[2025-08-13 21:25:03] [zuVIrAkrcJ27iLMeBqadkQW3yLY=] [babanız] Checking offline messages for client
[2025-08-13 21:25:03] [zuVIrAkrcJ27iLMeBqadkQW3yLY=] [babanız] No offline messages found
[2025-08-13 21:25:17] [Y3EDpeFsO9lDhDp9nUiaxxnoG/E=] [LADRON] Checking offline messages for client
[2025-08-13 21:25:17] [Y3EDpeFsO9lDhDp9nUiaxxnoG/E=] [LADRON] No offline messages found
[2025-08-13 21:25:58] [1fLfTv7a7WCXSiKCcl/56zaOGH4=] [TeamSpeakUser] Checking offline messages for client
[2025-08-13 21:25:58] [1fLfTv7a7WCXSiKCcl/56zaOGH4=] [TeamSpeakUser] No offline messages found
[2025-08-13 21:26:33] [pM39vwBC404mshweezryIEAS3ZQ=] [Columb] Checking offline messages for client
[2025-08-13 21:26:33] [pM39vwBC404mshweezryIEAS3ZQ=] [Columb] No offline messages found
[2025-08-13 21:28:26] [YZNg1lVmUqoCs+IQNoGQiCyuodY=] [Sakkata] Checking offline messages for client
[2025-08-13 21:28:26] [YZNg1lVmUqoCs+IQNoGQiCyuodY=] [Sakkata] No offline messages found
[2025-08-13 21:28:53] [DdvfOAoep9XKOfimQ/Nit/nevWs=] [-3k] Checking offline messages for client
[2025-08-13 21:28:53] [DdvfOAoep9XKOfimQ/Nit/nevWs=] [-3k] No offline messages found
[2025-08-13 21:29:58] [WUFbI2wm1TirPkulhTRESNYToW0=] [sajjad] Checking offline messages for client
[2025-08-13 21:29:58] [WUFbI2wm1TirPkulhTRESNYToW0=] [sajjad] No offline messages found
[2025-08-13 21:31:58] [QrJc7RCtFp32CbQgt/+xheazb5w=] [wilson] Checking offline messages for client
[2025-08-13 21:31:58] [QrJc7RCtFp32CbQgt/+xheazb5w=] [wilson] No offline messages found
[2025-08-13 21:31:58] [OtB8/Fi/zTqtCmvCEOm37xd//Ys=] [poo] Checking offline messages for client
[2025-08-13 21:31:58] [OtB8/Fi/zTqtCmvCEOm37xd//Ys=] [poo] No offline messages found
[2025-08-13 21:32:00] [OtB8/Fi/zTqtCmvCEOm37xd//Ys=] [wilson] Checking offline messages for client
[2025-08-13 21:32:00] [OtB8/Fi/zTqtCmvCEOm37xd//Ys=] [wilson] No offline messages found
[2025-08-13 21:32:02] [OtB8/Fi/zTqtCmvCEOm37xd//Ys=] [wilson] Checking offline messages for client
[2025-08-13 21:32:02] [OtB8/Fi/zTqtCmvCEOm37xd//Ys=] [wilson] No offline messages found
[2025-08-13 21:34:20] [4Trzz2r9looYqjT6W05btyo3lzs=] [ridzazz] Checking offline messages for client
[2025-08-13 21:34:20] [4Trzz2r9looYqjT6W05btyo3lzs=] [ridzazz] No offline messages found
[2025-08-13 21:34:34] [QrJc7RCtFp32CbQgt/+xheazb5w=] [wilson] Checking offline messages for client
[2025-08-13 21:34:34] [QrJc7RCtFp32CbQgt/+xheazb5w=] [wilson] No offline messages found
[2025-08-13 21:35:01] [t31curkqcBIW+Mm1lFuXP/STLZo=] [1nemanjaves] Checking offline messages for client
[2025-08-13 21:35:01] [t31curkqcBIW+Mm1lFuXP/STLZo=] [1nemanjaves] No offline messages found
[2025-08-13 21:37:27] [FIHRd8H6xRTj1jyU280xFtyPXDM=] [liqui_88] Checking offline messages for client
[2025-08-13 21:37:27] [FIHRd8H6xRTj1jyU280xFtyPXDM=] [liqui_88] No offline messages found
[2025-08-13 21:37:51] [JHSP6uyf1lMe38AcngFu2mmO8R8=] [Hecci] Checking offline messages for client
[2025-08-13 21:37:51] [JHSP6uyf1lMe38AcngFu2mmO8R8=] [Hecci] No offline messages found
[2025-08-13 21:37:52] [FIHRd8H6xRTj1jyU280xFtyPXDM=] [liqui_88] Checking offline messages for client
[2025-08-13 21:37:52] [FIHRd8H6xRTj1jyU280xFtyPXDM=] [liqui_88] No offline messages found
[2025-08-13 21:37:52] [FIHRd8H6xRTj1jyU280xFtyPXDM=] [liqui_88] Checking offline messages for client
[2025-08-13 21:37:52] [FIHRd8H6xRTj1jyU280xFtyPXDM=] [liqui_88] No offline messages found
[2025-08-13 21:37:52] [FIHRd8H6xRTj1jyU280xFtyPXDM=] [liqui_88] Checking offline messages for client
[2025-08-13 21:37:52] [FIHRd8H6xRTj1jyU280xFtyPXDM=] [liqui_88] No offline messages found
[2025-08-13 21:39:04] [sZQPfAhKNyJnHG1VTlCSqp382GY=] [GSavio] Checking offline messages for client
[2025-08-13 21:39:04] [sZQPfAhKNyJnHG1VTlCSqp382GY=] [GSavio] No offline messages found
[2025-08-13 21:39:05] [V/sE7GD+jPAQPdHRhDxgmql0tFI=] [Jabberson] Checking offline messages for client
[2025-08-13 21:39:05] [V/sE7GD+jPAQPdHRhDxgmql0tFI=] [Jabberson] No offline messages found
[2025-08-13 21:39:05] [V/sE7GD+jPAQPdHRhDxgmql0tFI=] [Jabberson] Checking offline messages for client
[2025-08-13 21:39:05] [V/sE7GD+jPAQPdHRhDxgmql0tFI=] [Jabberson] No offline messages found
[2025-08-13 21:39:06] [V/sE7GD+jPAQPdHRhDxgmql0tFI=] [Jabberson] Checking offline messages for client
[2025-08-13 21:39:06] [V/sE7GD+jPAQPdHRhDxgmql0tFI=] [Jabberson] No offline messages found
[2025-08-13 21:39:44] [TvTOgNTiqjm7swE0hlAPFfwQ3DU=] [Sculaccia troie] Checking offline messages for client
[2025-08-13 21:39:44] [TvTOgNTiqjm7swE0hlAPFfwQ3DU=] [Sculaccia troie] No offline messages found
[2025-08-13 21:39:47] [PAPjw5ou1pxtJ/LMEXPWWL4eKGI=] [aeRR] Checking offline messages for client
[2025-08-13 21:39:47] [PAPjw5ou1pxtJ/LMEXPWWL4eKGI=] [aeRR] No offline messages found
[2025-08-13 21:39:54] [v4HBviZ5MpnDpeG8hecQkotPVk4=] [TeamSpeakUser] Checking offline messages for client
[2025-08-13 21:39:54] [v4HBviZ5MpnDpeG8hecQkotPVk4=] [TeamSpeakUser] No offline messages found
[2025-08-13 21:40:02] [ZecEXT4FfeXYbAgW2C8UIiJcPNQ=] [belali-ZypRus?] Checking offline messages for client
[2025-08-13 21:40:02] [ZecEXT4FfeXYbAgW2C8UIiJcPNQ=] [belali-ZypRus?] No offline messages found
[2025-08-13 21:40:03] [SD17ArPLxbgW8gNb6ICI1SlcTNs=] [Nghtly] Checking offline messages for client
[2025-08-13 21:40:03] [SD17ArPLxbgW8gNb6ICI1SlcTNs=] [Nghtly] Found 1 offline messages
[2025-08-13 21:40:05] [SD17ArPLxbgW8gNb6ICI1SlcTNs=] [Nghtly] Sent poke message: Your private channel has been renumbered from #30 to #29 to maintain sorting order.
[2025-08-13 21:40:05] [SD17ArPLxbgW8gNb6ICI1SlcTNs=] [Nghtly] Deleted 1 delivered messages from database
[2025-08-13 21:40:05] [SD17ArPLxbgW8gNb6ICI1SlcTNs=] [Nghtly] Checking offline messages for client
[2025-08-13 21:40:05] [SD17ArPLxbgW8gNb6ICI1SlcTNs=] [Nghtly] No offline messages found
[2025-08-13 21:40:06] [SD17ArPLxbgW8gNb6ICI1SlcTNs=] [Nghtly] Checking offline messages for client
[2025-08-13 21:40:06] [SD17ArPLxbgW8gNb6ICI1SlcTNs=] [Nghtly] No offline messages found
[2025-08-13 21:47:29] [qktw03dlcijDS11w8HKgXXrlJTw=] [Medoe] Checking offline messages for client
[2025-08-13 21:47:29] [qktw03dlcijDS11w8HKgXXrlJTw=] [Medoe] No offline messages found
[2025-08-13 21:48:50] [3wfCbZork1r8h4aDgIW1hfWE0YA=] [SNAC-Ahmet] Checking offline messages for client
[2025-08-13 21:48:50] [3wfCbZork1r8h4aDgIW1hfWE0YA=] [SNAC-Ahmet] No offline messages found
[2025-08-13 21:49:17] [tOoGEdCN9ULy8ULKyELfIWNelvU=] [kayanyildz] Checking offline messages for client
[2025-08-13 21:49:17] [tOoGEdCN9ULy8ULKyELfIWNelvU=] [kayanyildz] No offline messages found
[2025-08-13 21:49:28] [eR1RjitdHks89A8dgZlineVbxYg=] [mitsuki7] Checking offline messages for client
[2025-08-13 21:49:28] [eR1RjitdHks89A8dgZlineVbxYg=] [mitsuki7] No offline messages found
[2025-08-13 21:50:57] [iziowVTbk7mGU95qNZGKt7wZaR8=] [bentuto] Checking offline messages for client
[2025-08-13 21:50:57] [iziowVTbk7mGU95qNZGKt7wZaR8=] [bentuto] No offline messages found
[2025-08-13 21:54:06] [V3tw2SI5QwwMphIROm/LVXGgEW0=] [I_Kartal] Checking offline messages for client
[2025-08-13 21:54:06] [V3tw2SI5QwwMphIROm/LVXGgEW0=] [I_Kartal] No offline messages found
[2025-08-13 21:55:07] [h2yxqDaYBdNiyDlVGOH/YWCactg=] [dydek10master] Checking offline messages for client
[2025-08-13 21:55:07] [h2yxqDaYBdNiyDlVGOH/YWCactg=] [dydek10master] No offline messages found
[2025-08-13 21:56:29] [PCz5mVdmODgf+BuhB/F8jAcUsWY=] [XandeRMeisteR] Checking offline messages for client
[2025-08-13 21:56:29] [PCz5mVdmODgf+BuhB/F8jAcUsWY=] [XandeRMeisteR] No offline messages found
[2025-08-13 21:56:41] [QFOoQ6Mg2dbrrKfVQEqUbdv5Eqg=] [dosma666] Checking offline messages for client
[2025-08-13 21:56:41] [QFOoQ6Mg2dbrrKfVQEqUbdv5Eqg=] [dosma666] No offline messages found
[2025-08-13 21:58:09] [mLx0Hk4TMipqUwGhs4qaQnVuCRc=] [ywyw] Checking offline messages for client
[2025-08-13 21:58:09] [mLx0Hk4TMipqUwGhs4qaQnVuCRc=] [ywyw] No offline messages found
[2025-08-13 22:01:16] [5B+EB94xrwmIjHS7SOs7ZO52NeM=] [dzale] Checking offline messages for client
[2025-08-13 22:01:16] [5B+EB94xrwmIjHS7SOs7ZO52NeM=] [dzale] No offline messages found
[2025-08-13 22:02:56] [HWG+ATHFYYOXM1l3iDtc4v9gUsM=] [Baldiez] Checking offline messages for client
[2025-08-13 22:02:56] [HWG+ATHFYYOXM1l3iDtc4v9gUsM=] [Baldiez] No offline messages found
[2025-08-13 22:04:24] [vYdB4LqF9oGqrfx8sM2nXqb21o0=] [may1kid] Checking offline messages for client
[2025-08-13 22:04:24] [vYdB4LqF9oGqrfx8sM2nXqb21o0=] [may1kid] No offline messages found
[2025-08-13 22:04:28] [I6jOOSBap0dJfQxxrWEXasWM9n0=] [sharfyusha] Checking offline messages for client
[2025-08-13 22:04:28] [I6jOOSBap0dJfQxxrWEXasWM9n0=] [sharfyusha] No offline messages found
[2025-08-13 22:04:59] [fhkl0gpyA7/aKb/JHdMUd19AQpA=] [kaptan-mayer] Checking offline messages for client
[2025-08-13 22:04:59] [fhkl0gpyA7/aKb/JHdMUd19AQpA=] [kaptan-mayer] No offline messages found
[2025-08-13 22:08:17] [pUCIpssKzbEhYAmtB8xcuFXcEsU=] [mostafa] Checking offline messages for client
[2025-08-13 22:08:17] [pUCIpssKzbEhYAmtB8xcuFXcEsU=] [mostafa] No offline messages found
[2025-08-13 22:09:52] [q2hG7xSLaZGDA2p0d4bTPVQwGrE=] [motadbicar] Checking offline messages for client
[2025-08-13 22:09:52] [q2hG7xSLaZGDA2p0d4bTPVQwGrE=] [motadbicar] No offline messages found
[2025-08-13 22:11:06] [aYV8szEPjw7FIpXnhebtRFUMExc=] [kanberhan] Checking offline messages for client
[2025-08-13 22:11:06] [aYV8szEPjw7FIpXnhebtRFUMExc=] [kanberhan] No offline messages found
[2025-08-13 22:14:19] [fa4VJPZN3YRM6elLc2ub2QkVDKA=] [TeamSpeakUser4] Checking offline messages for client
[2025-08-13 22:14:19] [fa4VJPZN3YRM6elLc2ub2QkVDKA=] [TeamSpeakUser4] No offline messages found
[2025-08-13 22:14:28] [PPY8RHO0/RbnFrA+USVXxGDJ+yY=] [elven] Checking offline messages for client
[2025-08-13 22:14:28] [PPY8RHO0/RbnFrA+USVXxGDJ+yY=] [elven] No offline messages found
[2025-08-13 22:16:48] [ce1DEdds1FPI7z+v/I27XpqVBJI=] [gg37] Checking offline messages for client
[2025-08-13 22:16:48] [ce1DEdds1FPI7z+v/I27XpqVBJI=] [gg37] No offline messages found
[2025-08-13 22:18:57] [qktw03dlcijDS11w8HKgXXrlJTw=] [Medoe] Checking offline messages for client
[2025-08-13 22:18:57] [qktw03dlcijDS11w8HKgXXrlJTw=] [Medoe] No offline messages found
[2025-08-13 22:19:06] [/9TuSqMFoktMV1qQit8/aB+E8/4=] [alimnnn] Checking offline messages for client
[2025-08-13 22:19:06] [/9TuSqMFoktMV1qQit8/aB+E8/4=] [alimnnn] No offline messages found
[2025-08-13 22:19:26] [3TObQhVUfEuWE+nZP3fVpACdaII=] [Джанинг] Checking offline messages for client
[2025-08-13 22:19:26] [3TObQhVUfEuWE+nZP3fVpACdaII=] [Джанинг] No offline messages found
[2025-08-13 22:20:30] [2Euj0o1MpKUm4CF8H6rUzPJKypU=] [TeamSpeakUser6] Checking offline messages for client
[2025-08-13 22:20:30] [2Euj0o1MpKUm4CF8H6rUzPJKypU=] [TeamSpeakUser6] No offline messages found
[2025-08-13 22:22:42] [AC87pO3YB+wvZ5G27tY2glDTG4M=] [andy76633] Checking offline messages for client
[2025-08-13 22:22:42] [AC87pO3YB+wvZ5G27tY2glDTG4M=] [andy76633] No offline messages found
[2025-08-13 22:22:46] [F/k0Rg4hQSWHX4oGyywToCiNchY=] [Tsk] Checking offline messages for client
[2025-08-13 22:22:46] [F/k0Rg4hQSWHX4oGyywToCiNchY=] [Tsk] No offline messages found
[2025-08-13 22:23:05] [0pfL6k6+uhY3YJUK1FucX6agAV8=] [MC durak] Checking offline messages for client
[2025-08-13 22:23:05] [0pfL6k6+uhY3YJUK1FucX6agAV8=] [MC durak] No offline messages found
[2025-08-13 22:26:00] [F/k0Rg4hQSWHX4oGyywToCiNchY=] [Tsk] Checking offline messages for client
[2025-08-13 22:26:00] [F/k0Rg4hQSWHX4oGyywToCiNchY=] [Tsk] No offline messages found
[2025-08-13 22:27:05] [0k7iJrGzj7haOvrih6GAxyrXHtM=] [Sebitzuu] Checking offline messages for client
[2025-08-13 22:27:05] [0k7iJrGzj7haOvrih6GAxyrXHtM=] [Sebitzuu] No offline messages found
[2025-08-13 22:28:30] [BwlvWTk4X2R/AjiK56jphGEzeDU=] [TeamSpeakUser1] Checking offline messages for client
[2025-08-13 22:28:30] [BwlvWTk4X2R/AjiK56jphGEzeDU=] [TeamSpeakUser1] No offline messages found
[2025-08-13 22:28:36] [5B+EB94xrwmIjHS7SOs7ZO52NeM=] [dzale] Checking offline messages for client
[2025-08-13 22:28:36] [5B+EB94xrwmIjHS7SOs7ZO52NeM=] [dzale] No offline messages found
[2025-08-13 22:31:04] [5B+EB94xrwmIjHS7SOs7ZO52NeM=] [dzale] Checking offline messages for client
[2025-08-13 22:31:04] [5B+EB94xrwmIjHS7SOs7ZO52NeM=] [dzale] No offline messages found
[2025-08-13 22:32:03] [bfBHMKZBZ+ykgSUwUk0K/ZJFvDw=] [zzzCorleonezzz ( Бислан )] Checking offline messages for client
[2025-08-13 22:32:03] [bfBHMKZBZ+ykgSUwUk0K/ZJFvDw=] [zzzCorleonezzz ( Бислан )] No offline messages found
[2025-08-13 22:32:52] [1J9/ZPnHxEL704aM8z0q1FXAbwA=] [redan_22] Checking offline messages for client
[2025-08-13 22:32:52] [1J9/ZPnHxEL704aM8z0q1FXAbwA=] [redan_22] No offline messages found
[2025-08-13 22:33:19] [5lVyVx5BSqJWrEcKd5UNmlKvluE=] [Neil0001k] Checking offline messages for client
[2025-08-13 22:33:19] [5lVyVx5BSqJWrEcKd5UNmlKvluE=] [Neil0001k] No offline messages found
[2025-08-13 22:34:43] [0k7iJrGzj7haOvrih6GAxyrXHtM=] [Sebitzuu] Checking offline messages for client
[2025-08-13 22:34:43] [0k7iJrGzj7haOvrih6GAxyrXHtM=] [Sebitzuu] No offline messages found
[2025-08-13 22:34:44] [js9eTqL+IOrZSA4DdlGKol0ZUt8=] [mortyshop] Checking offline messages for client
[2025-08-13 22:34:44] [js9eTqL+IOrZSA4DdlGKol0ZUt8=] [mortyshop] No offline messages found
[2025-08-13 22:34:44] [js9eTqL+IOrZSA4DdlGKol0ZUt8=] [mortyshop] Checking offline messages for client
[2025-08-13 22:34:44] [js9eTqL+IOrZSA4DdlGKol0ZUt8=] [mortyshop] No offline messages found
[2025-08-13 22:34:45] [js9eTqL+IOrZSA4DdlGKol0ZUt8=] [mortyshop] Checking offline messages for client
[2025-08-13 22:34:45] [js9eTqL+IOrZSA4DdlGKol0ZUt8=] [mortyshop] No offline messages found
[2025-08-13 22:36:12] [h2yxqDaYBdNiyDlVGOH/YWCactg=] [dydek10master] Checking offline messages for client
[2025-08-13 22:36:12] [h2yxqDaYBdNiyDlVGOH/YWCactg=] [dydek10master] No offline messages found
[2025-08-13 22:43:40] [hkBhnMOTE8soDHFmBL7JMnzKXrU=] [TeamSpeakUser4] Checking offline messages for client
[2025-08-13 22:43:40] [hkBhnMOTE8soDHFmBL7JMnzKXrU=] [TeamSpeakUser4] No offline messages found
[2025-08-13 22:46:19] [pb0kvBFjGNGQCwIw3+dxOPKug9E=] [TEANZI] Checking offline messages for client
[2025-08-13 22:46:19] [pb0kvBFjGNGQCwIw3+dxOPKug9E=] [TEANZI] No offline messages found
[2025-08-13 22:47:23] [fa4VJPZN3YRM6elLc2ub2QkVDKA=] [TeamSpeakUser6] Checking offline messages for client
[2025-08-13 22:47:23] [fa4VJPZN3YRM6elLc2ub2QkVDKA=] [TeamSpeakUser6] No offline messages found
[2025-08-13 22:59:33] [/9TuSqMFoktMV1qQit8/aB+E8/4=] [alimnnn] Checking offline messages for client
[2025-08-13 22:59:33] [/9TuSqMFoktMV1qQit8/aB+E8/4=] [alimnnn] No offline messages found
[2025-08-13 22:59:54] [ONvfusmFWIClbDX/sdbH1dm7g9A=] [мффмфмфмфмфм] Checking offline messages for client
[2025-08-13 22:59:54] [ONvfusmFWIClbDX/sdbH1dm7g9A=] [мффмфмфмфмфм] No offline messages found
[2025-08-13 23:01:02] [0ExFXh96hbPZO9+i08BvYxcM2Is=] [maruk] Checking offline messages for client
[2025-08-13 23:01:02] [0ExFXh96hbPZO9+i08BvYxcM2Is=] [maruk] No offline messages found
[2025-08-13 23:03:21] [AHFjUEkRvoCK3S8H4wAGdUDm/vY=] [kotaro] Checking offline messages for client
[2025-08-13 23:03:21] [AHFjUEkRvoCK3S8H4wAGdUDm/vY=] [kotaro] No offline messages found
[2025-08-13 23:06:13] [0ExFXh96hbPZO9+i08BvYxcM2Is=] [maruk] Checking offline messages for client
[2025-08-13 23:06:13] [0ExFXh96hbPZO9+i08BvYxcM2Is=] [maruk] No offline messages found
[2025-08-13 23:09:05] [bxHBykICBI1QqBDMN1LRYYLdH5k=] [Piccio98] Checking offline messages for client
[2025-08-13 23:09:05] [bxHBykICBI1QqBDMN1LRYYLdH5k=] [Piccio98] No offline messages found
[2025-08-13 23:10:19] [DxUY9WGRy+4NWNGeVQSKXB8JRcs=] [TeamSpeakUser] Checking offline messages for client
[2025-08-13 23:10:19] [DxUY9WGRy+4NWNGeVQSKXB8JRcs=] [TeamSpeakUser] No offline messages found
[2025-08-13 23:12:31] [AC87pO3YB+wvZ5G27tY2glDTG4M=] [andy76633] Checking offline messages for client
[2025-08-13 23:12:31] [AC87pO3YB+wvZ5G27tY2glDTG4M=] [andy76633] No offline messages found
[2025-08-13 23:16:08] [woPhIakFjrg3h0dOaapy5EGfmfo=] [DeiBil (Ярик)] Checking offline messages for client
[2025-08-13 23:16:08] [woPhIakFjrg3h0dOaapy5EGfmfo=] [DeiBil (Ярик)] No offline messages found
[2025-08-13 23:16:08] [woPhIakFjrg3h0dOaapy5EGfmfo=] [DeiBil (Ярик)] Checking offline messages for client
[2025-08-13 23:16:08] [woPhIakFjrg3h0dOaapy5EGfmfo=] [DeiBil (Ярик)] No offline messages found
[2025-08-13 23:16:09] [woPhIakFjrg3h0dOaapy5EGfmfo=] [DeiBil (Ярик)] Checking offline messages for client
[2025-08-13 23:16:09] [woPhIakFjrg3h0dOaapy5EGfmfo=] [DeiBil (Ярик)] No offline messages found
[2025-08-13 23:17:32] [24EkewZtTa85lPq6oDSYYo9p6Yg=] [beytula] Checking offline messages for client
[2025-08-13 23:17:32] [24EkewZtTa85lPq6oDSYYo9p6Yg=] [beytula] No offline messages found
[2025-08-13 23:18:54] [9s59R1R1a1eZoQNYdXaHdO8F/IM=] [awegawg] Checking offline messages for client
[2025-08-13 23:18:54] [9s59R1R1a1eZoQNYdXaHdO8F/IM=] [awegawg] No offline messages found
[2025-08-13 23:18:59] [5c2sa3PhJfKo4TEu5wJxaEqysw8=] [I.am.Atomic] Checking offline messages for client
[2025-08-13 23:18:59] [5c2sa3PhJfKo4TEu5wJxaEqysw8=] [I.am.Atomic] No offline messages found
[2025-08-13 23:20:41] [ZAS1Qa3JZmWP+2XDQpEw/wr7fVU=] [TeamSpeakUser6] Checking offline messages for client
[2025-08-13 23:20:41] [ZAS1Qa3JZmWP+2XDQpEw/wr7fVU=] [TeamSpeakUser6] No offline messages found
[2025-08-13 23:21:44] [4E896wDSmJ8m6QyPTb8WNx7UKxM=] [Groff] Checking offline messages for client
[2025-08-13 23:21:44] [4E896wDSmJ8m6QyPTb8WNx7UKxM=] [Groff] No offline messages found
[2025-08-13 23:22:11] [6loDKB5pFq9h9EZ8lWJAl1sRiNA=] [kagixxx] Checking offline messages for client
[2025-08-13 23:22:11] [6loDKB5pFq9h9EZ8lWJAl1sRiNA=] [kagixxx] No offline messages found
[2025-08-13 23:25:41] [dNRYIZtk71CY8BBDYawxb2cjIk8=] [Cencya1] Checking offline messages for client
[2025-08-13 23:25:41] [dNRYIZtk71CY8BBDYawxb2cjIk8=] [Cencya1] No offline messages found
[2025-08-13 23:32:30] [JHSP6uyf1lMe38AcngFu2mmO8R8=] [Hecci] Checking offline messages for client
[2025-08-13 23:32:30] [JHSP6uyf1lMe38AcngFu2mmO8R8=] [Hecci] No offline messages found
[2025-08-13 23:40:51] [hFplnszNsVWixGv+jr9PV6siVtc=] [PitcaRNNN``] Checking offline messages for client
[2025-08-13 23:40:51] [hFplnszNsVWixGv+jr9PV6siVtc=] [PitcaRNNN``] No offline messages found
[2025-08-13 23:41:27] [UJQSMUnQbDqCQA/Ap94PriCZpmM=] [1.6fsidertpaket] Checking offline messages for client
[2025-08-13 23:41:27] [UJQSMUnQbDqCQA/Ap94PriCZpmM=] [1.6fsidertpaket] No offline messages found
[2025-08-13 23:49:06] [lRJKg8r3Mt2WfdG7eutezSyRRPU=] [TeamSpeakUser7] Checking offline messages for client
[2025-08-13 23:49:06] [lRJKg8r3Mt2WfdG7eutezSyRRPU=] [TeamSpeakUser7] No offline messages found
[2025-08-13 23:50:17] [GMV7xmPT7GebwwLjoCG8J6ufcNg=] [W1`] Checking offline messages for client
[2025-08-13 23:50:17] [GMV7xmPT7GebwwLjoCG8J6ufcNg=] [W1`] No offline messages found
[2025-08-13 23:50:36] [+IdTxeDPU0HaxOmF1Yivm4WLd78=] [chelko] Checking offline messages for client
[2025-08-13 23:50:36] [+IdTxeDPU0HaxOmF1Yivm4WLd78=] [chelko] No offline messages found
[2025-08-13 23:50:39] [IvPuoleyuChePKK0GR7sRhVCkJE=] [SYRUSSS] Checking offline messages for client
[2025-08-13 23:50:39] [IvPuoleyuChePKK0GR7sRhVCkJE=] [SYRUSSS] No offline messages found
[2025-08-13 23:51:00] [Xc1V+9hgSSUuMOB1iFNE7BbrmwA=] [Jaws] Checking offline messages for client
[2025-08-13 23:51:00] [Xc1V+9hgSSUuMOB1iFNE7BbrmwA=] [Jaws] No offline messages found
[2025-08-13 23:53:41] [Ktj7Y248iU69kdWy+zMmub965mM=] [Musto] Checking offline messages for client
[2025-08-13 23:53:41] [Ktj7Y248iU69kdWy+zMmub965mM=] [Musto] No offline messages found
[2025-08-13 23:54:10] [fa4VJPZN3YRM6elLc2ub2QkVDKA=] [TeamSpeakUser7] Checking offline messages for client
[2025-08-13 23:54:10] [fa4VJPZN3YRM6elLc2ub2QkVDKA=] [TeamSpeakUser7] No offline messages found
[2025-08-13 23:54:15] [CnsaFLBvFsaEG5TIA7bpH7+nWrU=] [ardoş] Checking offline messages for client
[2025-08-13 23:54:15] [CnsaFLBvFsaEG5TIA7bpH7+nWrU=] [ardoş] No offline messages found
