[2025-05-30 17:24:08] [APvCxYWLJt5FetRtnwrXlJVrRoY=] [zasosa1o] Channel creation process started
[2025-05-30 17:24:08] [APvCxYWLJt5FetRtnwrXlJVrRoY=] [zasosa1o] User has correct permissions
[2025-05-30 17:24:08] [APvCxYWLJt5FetRtnwrXlJVrRoY=] [zasosa1o] User has a channel in the other system (privateChannels), channel ID: 103345
[2025-05-30 17:24:08] [APvCxYWLJt5FetRtnwrXlJVrRoY=] [zasosa1o] Deleting old channel from other system, ID: 103345
[2025-05-30 17:24:08] [APvCxYWLJt5FetRtnwrXlJVrRoY=] [zasosa1o] Channel switch cooldown set for 24 hours
[2025-05-30 17:24:08] [APvCxYWLJt5FetRtnwrXlJVrRoY=] [zasosa1o] User does not have an existing channel, creating new one
[2025-05-30 17:24:08] [APvCxYWLJt5FetRtnwrXlJVrRoY=] [zasosa1o] Attempting to create channel #2
[2025-05-30 17:24:08] [APvCxYWLJt5FetRtnwrXlJVrRoY=] [zasosa1o] Channel creation result: {"success":true,"errors":[],"data":{"cid":"104444","cpid":"47","channel_name":"2. Private channel: zasosa1o","channel_codec_quality":"10","channel_order":"103497","channel_flag_permanent":"1","channel_flag_password":"1","channel_codec_is_unencrypted":"0","channel_flag_maxclients_unlimited":"1","channel_flag_maxfamilyclients_unlimited":"1","invokerid":"13376","invokername":"[#] Worker","invokeruid":"serveradminnotifychanneldescriptionchanged"}}
[2025-05-30 17:24:08] [APvCxYWLJt5FetRtnwrXlJVrRoY=] [zasosa1o] Channel created successfully with ID: 104444
[2025-05-30 17:24:08] [APvCxYWLJt5FetRtnwrXlJVrRoY=] [zasosa1o] Creating subchannel #1
[2025-05-30 17:24:08] [APvCxYWLJt5FetRtnwrXlJVrRoY=] [zasosa1o] Creating subchannel #2
[2025-05-30 17:24:08] [APvCxYWLJt5FetRtnwrXlJVrRoY=] [zasosa1o] Setting channel group 31 for user
[2025-05-30 17:24:08] [APvCxYWLJt5FetRtnwrXlJVrRoY=] [zasosa1o] Moving client to new channel
[2025-05-30 17:24:08] [APvCxYWLJt5FetRtnwrXlJVrRoY=] [zasosa1o] Sending success messages to client
[2025-05-30 17:24:08] [APvCxYWLJt5FetRtnwrXlJVrRoY=] [zasosa1o] Saving channel to database
[2025-05-30 17:24:08] [APvCxYWLJt5FetRtnwrXlJVrRoY=] [zasosa1o] Successfully created private channel with number 2
[2025-05-30 17:24:50] [APvCxYWLJt5FetRtnwrXlJVrRoY=] [zasosa1o] Channel creation process started
[2025-05-30 17:24:50] [APvCxYWLJt5FetRtnwrXlJVrRoY=] [zasosa1o] User has correct permissions
[2025-05-30 17:24:50] [APvCxYWLJt5FetRtnwrXlJVrRoY=] [zasosa1o] User already has a channel with ID: 104444
[2025-05-30 17:24:50] [APvCxYWLJt5FetRtnwrXlJVrRoY=] [zasosa1o] Moving user to existing channel
