2025-08-06 00:00:08 - Updating voting groups for 4 voters
2025-08-06 00:01:12 - Updating voting groups for 4 voters
2025-08-06 00:02:15 - Updating voting groups for 4 voters
2025-08-06 00:03:19 - Updating voting groups for 4 voters
2025-08-06 00:04:22 - Updating voting groups for 4 voters
2025-08-06 00:05:24 - Updating voting groups for 4 voters
2025-08-06 00:06:29 - Updating voting groups for 4 voters
2025-08-06 00:07:33 - Updating voting groups for 4 voters
2025-08-06 00:08:37 - Updating voting groups for 4 voters
2025-08-06 00:09:41 - Updating voting groups for 4 voters
2025-08-06 00:10:45 - Updating voting groups for 4 voters
2025-08-06 00:11:49 - Updating voting groups for 4 voters
2025-08-06 00:12:52 - Updating voting groups for 4 voters
2025-08-06 00:13:55 - Updating voting groups for 4 voters
2025-08-06 00:14:58 - Updating voting groups for 4 voters
2025-08-06 00:16:03 - Updating voting groups for 4 voters
2025-08-06 00:17:07 - Updating voting groups for 4 voters
2025-08-06 00:18:10 - Updating voting groups for 4 voters
2025-08-06 00:19:13 - Updating voting groups for 4 voters
2025-08-06 00:20:17 - Updating voting groups for 4 voters
2025-08-06 00:21:20 - Updating voting groups for 4 voters
2025-08-06 00:22:23 - Updating voting groups for 4 voters
2025-08-06 00:23:28 - Updating voting groups for 4 voters
2025-08-06 00:24:31 - Updating voting groups for 4 voters
2025-08-06 00:25:35 - Updating voting groups for 4 voters
2025-08-06 00:26:38 - Updating voting groups for 4 voters
2025-08-06 00:27:40 - Updating voting groups for 4 voters
2025-08-06 00:28:43 - Updating voting groups for 4 voters
2025-08-06 00:29:46 - Updating voting groups for 4 voters
2025-08-06 00:30:50 - Updating voting groups for 4 voters
2025-08-06 00:31:51 - Updating voting groups for 4 voters
2025-08-06 00:32:54 - Updating voting groups for 4 voters
2025-08-06 00:33:58 - Updating voting groups for 4 voters
2025-08-06 00:35:00 - Updating voting groups for 4 voters
2025-08-06 00:36:03 - Updating voting groups for 4 voters
2025-08-06 00:37:06 - Updating voting groups for 4 voters
2025-08-06 00:38:09 - Updating voting groups for 4 voters
2025-08-06 00:39:11 - Updating voting groups for 4 voters
2025-08-06 00:40:14 - Updating voting groups for 4 voters
2025-08-06 00:41:17 - Updating voting groups for 4 voters
2025-08-06 00:42:19 - Updating voting groups for 4 voters
2025-08-06 00:43:22 - Updating voting groups for 4 voters
2025-08-06 00:44:24 - Updating voting groups for 4 voters
2025-08-06 00:45:27 - Updating voting groups for 4 voters
2025-08-06 00:46:30 - Updating voting groups for 4 voters
2025-08-06 00:47:33 - Updating voting groups for 4 voters
2025-08-06 00:48:36 - Updating voting groups for 4 voters
2025-08-06 00:49:39 - Updating voting groups for 4 voters
2025-08-06 00:50:42 - Updating voting groups for 4 voters
2025-08-06 00:51:45 - Updating voting groups for 4 voters
2025-08-06 00:52:48 - Updating voting groups for 4 voters
2025-08-06 00:53:51 - Updating voting groups for 4 voters
2025-08-06 00:54:54 - Updating voting groups for 4 voters
2025-08-06 00:55:57 - Updating voting groups for 4 voters
2025-08-06 00:57:00 - Updating voting groups for 4 voters
2025-08-06 00:58:03 - Updating voting groups for 4 voters
2025-08-06 00:59:06 - Updating voting groups for 4 voters
2025-08-06 01:00:09 - Updating voting groups for 4 voters
2025-08-06 01:01:12 - Updating voting groups for 4 voters
2025-08-06 01:02:15 - Updating voting groups for 4 voters
2025-08-06 01:03:17 - Updating voting groups for 4 voters
2025-08-06 01:04:20 - Updating voting groups for 4 voters
2025-08-06 01:05:24 - Updating voting groups for 4 voters
2025-08-06 01:06:27 - Updating voting groups for 4 voters
2025-08-06 01:07:30 - Updating voting groups for 4 voters
2025-08-06 01:08:33 - Updating voting groups for 4 voters
2025-08-06 01:09:36 - Updating voting groups for 4 voters
2025-08-06 01:10:39 - Updating voting groups for 4 voters
2025-08-06 01:11:42 - Updating voting groups for 4 voters
2025-08-06 01:12:45 - Updating voting groups for 4 voters
2025-08-06 01:13:48 - Updating voting groups for 4 voters
2025-08-06 01:14:51 - Updating voting groups for 4 voters
2025-08-06 01:15:54 - Updating voting groups for 4 voters
2025-08-06 01:16:57 - Updating voting groups for 4 voters
2025-08-06 01:17:59 - Updating voting groups for 4 voters
2025-08-06 01:19:01 - Updating voting groups for 4 voters
2025-08-06 01:20:04 - Updating voting groups for 4 voters
2025-08-06 01:21:07 - Updating voting groups for 4 voters
2025-08-06 01:22:10 - Updating voting groups for 4 voters
2025-08-06 01:23:13 - Updating voting groups for 4 voters
2025-08-06 01:24:15 - Updating voting groups for 4 voters
2025-08-06 01:25:16 - Updating voting groups for 4 voters
2025-08-06 01:26:19 - Updating voting groups for 4 voters
2025-08-06 01:27:22 - Updating voting groups for 4 voters
2025-08-06 01:28:25 - Updating voting groups for 4 voters
2025-08-06 01:29:27 - Updating voting groups for 4 voters
2025-08-06 01:30:29 - Updating voting groups for 4 voters
2025-08-06 01:31:32 - Updating voting groups for 4 voters
2025-08-06 01:32:34 - Updating voting groups for 4 voters
2025-08-06 01:33:37 - Updating voting groups for 4 voters
2025-08-06 01:34:39 - Updating voting groups for 4 voters
2025-08-06 01:35:41 - Updating voting groups for 4 voters
2025-08-06 01:36:44 - Updating voting groups for 4 voters
2025-08-06 01:37:47 - Updating voting groups for 4 voters
2025-08-06 01:38:50 - Updating voting groups for 4 voters
2025-08-06 01:39:53 - Updating voting groups for 4 voters
2025-08-06 01:40:56 - Updating voting groups for 4 voters
2025-08-06 01:41:59 - Updating voting groups for 4 voters
2025-08-06 01:43:02 - Updating voting groups for 4 voters
2025-08-06 01:44:05 - Updating voting groups for 4 voters
2025-08-06 01:45:08 - Updating voting groups for 4 voters
2025-08-06 01:46:11 - Updating voting groups for 4 voters
2025-08-06 01:47:14 - Updating voting groups for 4 voters
2025-08-06 01:48:17 - Updating voting groups for 4 voters
2025-08-06 01:49:20 - Updating voting groups for 4 voters
2025-08-06 01:50:23 - Updating voting groups for 4 voters
2025-08-06 01:51:26 - Updating voting groups for 4 voters
2025-08-06 01:52:28 - Updating voting groups for 4 voters
2025-08-06 01:53:31 - Updating voting groups for 4 voters
2025-08-06 01:54:34 - Updating voting groups for 4 voters
2025-08-06 01:55:37 - Updating voting groups for 4 voters
2025-08-06 01:56:39 - Updating voting groups for 4 voters
2025-08-06 01:57:42 - Updating voting groups for 4 voters
2025-08-06 01:58:45 - Updating voting groups for 4 voters
2025-08-06 01:59:47 - Updating voting groups for 4 voters
2025-08-06 02:00:50 - Updating voting groups for 4 voters
2025-08-06 02:01:52 - Updating voting groups for 4 voters
2025-08-06 02:02:55 - Updating voting groups for 4 voters
2025-08-06 02:03:58 - Updating voting groups for 4 voters
2025-08-06 02:05:01 - Updating voting groups for 4 voters
2025-08-06 02:06:04 - Updating voting groups for 4 voters
2025-08-06 02:07:07 - Updating voting groups for 4 voters
2025-08-06 02:08:09 - Updating voting groups for 4 voters
2025-08-06 02:09:12 - Updating voting groups for 4 voters
2025-08-06 02:10:15 - Updating voting groups for 4 voters
2025-08-06 02:11:18 - Updating voting groups for 4 voters
2025-08-06 02:12:21 - Updating voting groups for 4 voters
2025-08-06 02:13:23 - Updating voting groups for 4 voters
2025-08-06 02:14:25 - Updating voting groups for 4 voters
2025-08-06 02:15:27 - Updating voting groups for 4 voters
2025-08-06 02:16:29 - Updating voting groups for 4 voters
2025-08-06 02:17:32 - Updating voting groups for 4 voters
2025-08-06 02:18:35 - Updating voting groups for 4 voters
2025-08-06 02:19:37 - Updating voting groups for 4 voters
2025-08-06 02:20:40 - Updating voting groups for 4 voters
2025-08-06 02:21:42 - Updating voting groups for 4 voters
2025-08-06 02:22:44 - Updating voting groups for 4 voters
2025-08-06 02:23:47 - Updating voting groups for 4 voters
2025-08-06 02:24:49 - Updating voting groups for 4 voters
2025-08-06 02:25:51 - Updating voting groups for 4 voters
2025-08-06 02:26:54 - Updating voting groups for 4 voters
2025-08-06 02:27:56 - Updating voting groups for 4 voters
2025-08-06 02:28:59 - Updating voting groups for 4 voters
2025-08-06 02:30:02 - Updating voting groups for 4 voters
2025-08-06 02:31:04 - Updating voting groups for 4 voters
2025-08-06 02:32:07 - Updating voting groups for 4 voters
2025-08-06 02:33:10 - Updating voting groups for 4 voters
2025-08-06 02:34:13 - Updating voting groups for 4 voters
2025-08-06 02:35:16 - Updating voting groups for 4 voters
2025-08-06 02:36:18 - Updating voting groups for 4 voters
2025-08-06 02:37:21 - Updating voting groups for 4 voters
2025-08-06 02:38:24 - Updating voting groups for 4 voters
2025-08-06 02:39:27 - Updating voting groups for 4 voters
2025-08-06 02:40:30 - Updating voting groups for 4 voters
2025-08-06 02:41:33 - Updating voting groups for 4 voters
2025-08-06 02:42:36 - Updating voting groups for 4 voters
2025-08-06 02:43:39 - Updating voting groups for 4 voters
2025-08-06 02:44:42 - Updating voting groups for 4 voters
2025-08-06 02:45:45 - Updating voting groups for 4 voters
2025-08-06 02:46:48 - Updating voting groups for 4 voters
2025-08-06 02:47:51 - Updating voting groups for 4 voters
2025-08-06 02:48:54 - Updating voting groups for 4 voters
2025-08-06 02:49:57 - Updating voting groups for 4 voters
2025-08-06 02:51:00 - Updating voting groups for 4 voters
2025-08-06 02:52:03 - Updating voting groups for 4 voters
2025-08-06 02:53:06 - Updating voting groups for 4 voters
2025-08-06 02:54:09 - Updating voting groups for 4 voters
2025-08-06 02:55:11 - Updating voting groups for 4 voters
2025-08-06 02:56:14 - Updating voting groups for 4 voters
2025-08-06 02:57:16 - Updating voting groups for 4 voters
2025-08-06 02:58:18 - Updating voting groups for 4 voters
2025-08-06 02:59:21 - Updating voting groups for 4 voters
2025-08-06 03:00:23 - Updating voting groups for 4 voters
2025-08-06 03:01:26 - Updating voting groups for 4 voters
2025-08-06 03:02:28 - Updating voting groups for 4 voters
2025-08-06 03:03:31 - Updating voting groups for 4 voters
2025-08-06 03:04:33 - Updating voting groups for 4 voters
2025-08-06 03:05:36 - Updating voting groups for 4 voters
2025-08-06 03:06:39 - Updating voting groups for 4 voters
2025-08-06 03:07:42 - Updating voting groups for 4 voters
2025-08-06 03:08:44 - Updating voting groups for 4 voters
2025-08-06 03:09:47 - Updating voting groups for 4 voters
2025-08-06 03:10:50 - Updating voting groups for 4 voters
2025-08-06 03:11:52 - Updating voting groups for 4 voters
2025-08-06 03:12:55 - Updating voting groups for 4 voters
2025-08-06 03:13:57 - Updating voting groups for 4 voters
2025-08-06 03:15:00 - Updating voting groups for 4 voters
2025-08-06 03:16:03 - Updating voting groups for 4 voters
2025-08-06 03:17:05 - Updating voting groups for 4 voters
2025-08-06 03:18:08 - Updating voting groups for 4 voters
2025-08-06 03:19:10 - Updating voting groups for 4 voters
2025-08-06 03:20:13 - Updating voting groups for 4 voters
2025-08-06 03:21:16 - Updating voting groups for 4 voters
2025-08-06 03:22:18 - Updating voting groups for 4 voters
2025-08-06 03:23:21 - Updating voting groups for 4 voters
2025-08-06 03:24:23 - Updating voting groups for 4 voters
2025-08-06 03:25:26 - Updating voting groups for 4 voters
2025-08-06 03:26:29 - Updating voting groups for 4 voters
2025-08-06 03:27:31 - Updating voting groups for 4 voters
2025-08-06 03:28:33 - Updating voting groups for 4 voters
2025-08-06 03:29:36 - Updating voting groups for 4 voters
2025-08-06 03:30:38 - Updating voting groups for 4 voters
2025-08-06 03:31:40 - Updating voting groups for 4 voters
2025-08-06 03:32:43 - Updating voting groups for 4 voters
2025-08-06 03:33:46 - Updating voting groups for 4 voters
2025-08-06 03:34:49 - Updating voting groups for 4 voters
2025-08-06 03:35:52 - Updating voting groups for 4 voters
2025-08-06 03:36:55 - Updating voting groups for 4 voters
2025-08-06 03:37:58 - Updating voting groups for 4 voters
2025-08-06 03:39:01 - Updating voting groups for 4 voters
2025-08-06 03:40:04 - Updating voting groups for 4 voters
2025-08-06 03:41:07 - Updating voting groups for 4 voters
2025-08-06 03:42:09 - Updating voting groups for 4 voters
2025-08-06 03:43:12 - Updating voting groups for 4 voters
2025-08-06 03:44:15 - Updating voting groups for 4 voters
2025-08-06 03:45:18 - Updating voting groups for 4 voters
2025-08-06 03:46:21 - Updating voting groups for 4 voters
2025-08-06 03:47:23 - Updating voting groups for 4 voters
2025-08-06 03:48:26 - Updating voting groups for 4 voters
2025-08-06 03:49:29 - Updating voting groups for 4 voters
2025-08-06 03:50:31 - Updating voting groups for 4 voters
2025-08-06 03:51:33 - Updating voting groups for 4 voters
2025-08-06 03:52:36 - Updating voting groups for 4 voters
2025-08-06 03:53:38 - Updating voting groups for 4 voters
2025-08-06 03:54:39 - Updating voting groups for 4 voters
2025-08-06 03:55:42 - Updating voting groups for 4 voters
2025-08-06 03:56:45 - Updating voting groups for 4 voters
2025-08-06 03:57:48 - Updating voting groups for 4 voters
2025-08-06 03:58:50 - Updating voting groups for 4 voters
2025-08-06 03:59:53 - Updating voting groups for 4 voters
2025-08-06 04:00:55 - Updating voting groups for 4 voters
2025-08-06 04:01:58 - Updating voting groups for 4 voters
2025-08-06 04:03:01 - Updating voting groups for 4 voters
2025-08-06 04:04:03 - Updating voting groups for 4 voters
2025-08-06 04:05:06 - Updating voting groups for 4 voters
2025-08-06 04:06:08 - Updating voting groups for 4 voters
2025-08-06 04:07:11 - Updating voting groups for 4 voters
2025-08-06 04:08:13 - Updating voting groups for 4 voters
2025-08-06 04:09:16 - Updating voting groups for 4 voters
2025-08-06 04:10:18 - Updating voting groups for 4 voters
2025-08-06 04:11:21 - Updating voting groups for 4 voters
2025-08-06 04:12:24 - Updating voting groups for 4 voters
2025-08-06 04:13:26 - Updating voting groups for 4 voters
2025-08-06 04:14:29 - Updating voting groups for 4 voters
2025-08-06 04:15:31 - Updating voting groups for 4 voters
2025-08-06 04:16:33 - Updating voting groups for 4 voters
2025-08-06 04:17:36 - Updating voting groups for 4 voters
2025-08-06 04:18:40 - Updating voting groups for 4 voters
2025-08-06 04:19:42 - Updating voting groups for 4 voters
2025-08-06 04:20:44 - Updating voting groups for 4 voters
2025-08-06 04:21:47 - Updating voting groups for 4 voters
2025-08-06 04:22:50 - Updating voting groups for 4 voters
2025-08-06 04:23:52 - Updating voting groups for 4 voters
2025-08-06 04:24:55 - Updating voting groups for 4 voters
2025-08-06 04:25:57 - Updating voting groups for 4 voters
2025-08-06 04:27:00 - Updating voting groups for 4 voters
2025-08-06 04:28:03 - Updating voting groups for 4 voters
2025-08-06 04:29:05 - Updating voting groups for 4 voters
2025-08-06 04:30:08 - Updating voting groups for 4 voters
2025-08-06 04:31:11 - Updating voting groups for 4 voters
2025-08-06 04:32:14 - Updating voting groups for 4 voters
2025-08-06 04:33:16 - Updating voting groups for 4 voters
2025-08-06 04:34:28 - Updating voting groups for 4 voters
2025-08-06 04:35:28 - Updating voting groups for 4 voters
2025-08-06 04:36:28 - Updating voting groups for 4 voters
2025-08-06 04:37:28 - Updating voting groups for 4 voters
2025-08-06 04:38:30 - Updating voting groups for 4 voters
2025-08-06 04:39:33 - Updating voting groups for 4 voters
2025-08-06 04:40:36 - Updating voting groups for 4 voters
2025-08-06 04:41:39 - Updating voting groups for 4 voters
2025-08-06 04:42:42 - Updating voting groups for 4 voters
2025-08-06 04:43:45 - Updating voting groups for 4 voters
2025-08-06 04:44:48 - Updating voting groups for 4 voters
2025-08-06 04:45:51 - Updating voting groups for 4 voters
2025-08-06 04:46:54 - Updating voting groups for 4 voters
2025-08-06 04:47:57 - Updating voting groups for 4 voters
2025-08-06 04:49:00 - Updating voting groups for 4 voters
2025-08-06 04:50:03 - Updating voting groups for 4 voters
2025-08-06 04:51:06 - Updating voting groups for 4 voters
2025-08-06 04:52:09 - Updating voting groups for 4 voters
2025-08-06 04:53:11 - Updating voting groups for 4 voters
2025-08-06 04:54:14 - Updating voting groups for 4 voters
2025-08-06 04:55:17 - Updating voting groups for 4 voters
2025-08-06 04:56:20 - Updating voting groups for 4 voters
2025-08-06 04:57:23 - Updating voting groups for 4 voters
2025-08-06 04:58:26 - Updating voting groups for 4 voters
2025-08-06 04:59:28 - Updating voting groups for 4 voters
2025-08-06 05:00:33 - Updating voting groups for 4 voters
2025-08-06 05:01:33 - Updating voting groups for 4 voters
2025-08-06 05:02:36 - Updating voting groups for 4 voters
2025-08-06 05:03:39 - Updating voting groups for 4 voters
2025-08-06 05:04:41 - Updating voting groups for 4 voters
2025-08-06 05:05:44 - Updating voting groups for 4 voters
2025-08-06 05:06:45 - Updating voting groups for 4 voters
2025-08-06 05:07:47 - Updating voting groups for 4 voters
2025-08-06 05:08:50 - Updating voting groups for 4 voters
2025-08-06 05:09:53 - Updating voting groups for 4 voters
2025-08-06 05:10:57 - Updating voting groups for 4 voters
2025-08-06 05:11:58 - Updating voting groups for 4 voters
2025-08-06 05:13:02 - Updating voting groups for 4 voters
2025-08-06 05:14:03 - Updating voting groups for 4 voters
2025-08-06 05:15:05 - Updating voting groups for 4 voters
2025-08-06 05:16:07 - Updating voting groups for 4 voters
2025-08-06 05:17:09 - Updating voting groups for 4 voters
2025-08-06 05:18:11 - Updating voting groups for 4 voters
2025-08-06 05:19:14 - Updating voting groups for 4 voters
2025-08-06 05:20:17 - Updating voting groups for 4 voters
2025-08-06 05:21:20 - Updating voting groups for 4 voters
2025-08-06 05:22:23 - Updating voting groups for 4 voters
2025-08-06 05:23:25 - Updating voting groups for 4 voters
2025-08-06 05:24:26 - Updating voting groups for 4 voters
2025-08-06 05:25:29 - Updating voting groups for 4 voters
2025-08-06 05:26:32 - Updating voting groups for 4 voters
2025-08-06 05:27:35 - Updating voting groups for 4 voters
2025-08-06 05:28:38 - Updating voting groups for 4 voters
2025-08-06 05:29:41 - Updating voting groups for 4 voters
2025-08-06 05:30:44 - Updating voting groups for 4 voters
2025-08-06 05:31:47 - Updating voting groups for 4 voters
2025-08-06 05:32:50 - Updating voting groups for 4 voters
2025-08-06 05:33:53 - Updating voting groups for 4 voters
2025-08-06 05:34:56 - Updating voting groups for 4 voters
2025-08-06 05:35:59 - Updating voting groups for 4 voters
2025-08-06 05:37:02 - Updating voting groups for 4 voters
2025-08-06 05:38:05 - Updating voting groups for 4 voters
2025-08-06 05:39:08 - Updating voting groups for 4 voters
2025-08-06 05:40:11 - Updating voting groups for 4 voters
2025-08-06 05:41:14 - Updating voting groups for 4 voters
2025-08-06 05:42:17 - Updating voting groups for 4 voters
2025-08-06 05:43:20 - Updating voting groups for 4 voters
2025-08-06 05:44:22 - Updating voting groups for 4 voters
2025-08-06 05:45:25 - Updating voting groups for 4 voters
2025-08-06 05:46:27 - Updating voting groups for 4 voters
2025-08-06 05:47:29 - Updating voting groups for 4 voters
2025-08-06 05:48:31 - Updating voting groups for 4 voters
2025-08-06 05:49:33 - Updating voting groups for 4 voters
2025-08-06 05:50:35 - Updating voting groups for 4 voters
2025-08-06 05:51:37 - Updating voting groups for 4 voters
2025-08-06 05:52:39 - Updating voting groups for 4 voters
2025-08-06 05:53:41 - Updating voting groups for 4 voters
2025-08-06 05:54:43 - Updating voting groups for 4 voters
2025-08-06 05:55:45 - Updating voting groups for 4 voters
2025-08-06 05:56:47 - Updating voting groups for 4 voters
2025-08-06 05:57:49 - Updating voting groups for 4 voters
2025-08-06 05:58:51 - Updating voting groups for 4 voters
2025-08-06 05:59:54 - Updating voting groups for 4 voters
2025-08-06 06:00:56 - Updating voting groups for 4 voters
2025-08-06 06:01:59 - Updating voting groups for 4 voters
2025-08-06 06:03:02 - Updating voting groups for 4 voters
2025-08-06 06:04:05 - Updating voting groups for 4 voters
2025-08-06 06:05:08 - Updating voting groups for 4 voters
2025-08-06 06:06:12 - Updating voting groups for 4 voters
2025-08-06 06:07:13 - Updating voting groups for 4 voters
2025-08-06 06:08:15 - Updating voting groups for 4 voters
2025-08-06 06:09:17 - Updating voting groups for 4 voters
2025-08-06 06:10:19 - Updating voting groups for 4 voters
2025-08-06 06:11:22 - Updating voting groups for 4 voters
2025-08-06 06:12:25 - Updating voting groups for 4 voters
2025-08-06 06:13:28 - Updating voting groups for 4 voters
2025-08-06 06:14:31 - Updating voting groups for 4 voters
2025-08-06 06:15:34 - Updating voting groups for 4 voters
2025-08-06 06:16:37 - Updating voting groups for 4 voters
2025-08-06 06:17:40 - Updating voting groups for 4 voters
2025-08-06 06:18:43 - Updating voting groups for 4 voters
2025-08-06 06:19:46 - Updating voting groups for 4 voters
2025-08-06 06:20:49 - Updating voting groups for 4 voters
2025-08-06 06:21:51 - Updating voting groups for 4 voters
2025-08-06 06:22:53 - Updating voting groups for 4 voters
2025-08-06 06:23:55 - Updating voting groups for 4 voters
2025-08-06 06:24:57 - Updating voting groups for 4 voters
2025-08-06 06:25:59 - Updating voting groups for 4 voters
2025-08-06 06:27:01 - Updating voting groups for 4 voters
2025-08-06 06:28:03 - Updating voting groups for 4 voters
2025-08-06 06:29:05 - Updating voting groups for 4 voters
2025-08-06 06:30:07 - Updating voting groups for 4 voters
2025-08-06 06:31:09 - Updating voting groups for 4 voters
2025-08-06 06:32:11 - Updating voting groups for 4 voters
2025-08-06 06:33:13 - Updating voting groups for 4 voters
2025-08-06 06:34:16 - Updating voting groups for 4 voters
2025-08-06 06:35:18 - Updating voting groups for 4 voters
2025-08-06 06:36:21 - Updating voting groups for 4 voters
2025-08-06 06:37:23 - Updating voting groups for 4 voters
2025-08-06 06:38:25 - Updating voting groups for 4 voters
2025-08-06 06:39:28 - Updating voting groups for 4 voters
2025-08-06 06:40:31 - Updating voting groups for 4 voters
2025-08-06 06:41:33 - Updating voting groups for 4 voters
2025-08-06 06:42:36 - Updating voting groups for 4 voters
2025-08-06 06:43:38 - Updating voting groups for 4 voters
2025-08-06 06:44:40 - Updating voting groups for 4 voters
2025-08-06 06:45:42 - Updating voting groups for 4 voters
2025-08-06 06:46:45 - Updating voting groups for 4 voters
2025-08-06 06:47:47 - Updating voting groups for 4 voters
2025-08-06 06:48:50 - Updating voting groups for 4 voters
2025-08-06 06:49:52 - Updating voting groups for 4 voters
2025-08-06 06:50:55 - Updating voting groups for 4 voters
2025-08-06 06:51:57 - Updating voting groups for 4 voters
2025-08-06 06:52:59 - Updating voting groups for 4 voters
2025-08-06 06:54:02 - Updating voting groups for 4 voters
2025-08-06 06:55:04 - Updating voting groups for 4 voters
2025-08-06 06:56:06 - Updating voting groups for 4 voters
2025-08-06 06:57:09 - Updating voting groups for 4 voters
2025-08-06 06:58:12 - Updating voting groups for 4 voters
2025-08-06 06:59:14 - Updating voting groups for 4 voters
2025-08-06 07:00:17 - Updating voting groups for 4 voters
2025-08-06 07:01:20 - Updating voting groups for 4 voters
2025-08-06 07:02:22 - Updating voting groups for 4 voters
2025-08-06 07:03:23 - Updating voting groups for 4 voters
2025-08-06 07:04:26 - Updating voting groups for 4 voters
2025-08-06 07:05:29 - Updating voting groups for 4 voters
2025-08-06 07:06:32 - Updating voting groups for 4 voters
2025-08-06 07:07:35 - Updating voting groups for 4 voters
2025-08-06 07:08:36 - Updating voting groups for 4 voters
2025-08-06 07:09:38 - Updating voting groups for 4 voters
2025-08-06 07:10:41 - Updating voting groups for 4 voters
2025-08-06 07:11:44 - Updating voting groups for 4 voters
2025-08-06 07:12:47 - Updating voting groups for 4 voters
2025-08-06 07:13:50 - Updating voting groups for 4 voters
2025-08-06 07:14:53 - Updating voting groups for 4 voters
2025-08-06 07:15:56 - Updating voting groups for 4 voters
2025-08-06 07:16:59 - Updating voting groups for 4 voters
2025-08-06 07:18:02 - Updating voting groups for 4 voters
2025-08-06 07:19:05 - Updating voting groups for 4 voters
2025-08-06 07:20:08 - Updating voting groups for 4 voters
2025-08-06 07:21:11 - Updating voting groups for 4 voters
2025-08-06 07:22:13 - Updating voting groups for 4 voters
2025-08-06 07:23:16 - Updating voting groups for 4 voters
2025-08-06 07:24:19 - Updating voting groups for 4 voters
2025-08-06 07:25:22 - Updating voting groups for 4 voters
2025-08-06 07:26:25 - Updating voting groups for 4 voters
2025-08-06 07:27:27 - Updating voting groups for 4 voters
2025-08-06 07:28:28 - Updating voting groups for 4 voters
2025-08-06 07:29:31 - Updating voting groups for 4 voters
2025-08-06 07:30:34 - Updating voting groups for 4 voters
2025-08-06 07:31:37 - Updating voting groups for 4 voters
2025-08-06 07:32:39 - Updating voting groups for 4 voters
2025-08-06 07:33:41 - Updating voting groups for 4 voters
2025-08-06 07:34:44 - Updating voting groups for 4 voters
2025-08-06 07:35:47 - Updating voting groups for 4 voters
2025-08-06 07:36:49 - Updating voting groups for 4 voters
2025-08-06 07:37:52 - Updating voting groups for 4 voters
2025-08-06 07:38:54 - Updating voting groups for 4 voters
2025-08-06 07:39:57 - Updating voting groups for 4 voters
2025-08-06 07:41:00 - Updating voting groups for 4 voters
2025-08-06 07:42:02 - Updating voting groups for 4 voters
2025-08-06 07:43:04 - Updating voting groups for 4 voters
2025-08-06 07:44:07 - Updating voting groups for 4 voters
2025-08-06 07:45:09 - Updating voting groups for 4 voters
2025-08-06 07:46:12 - Updating voting groups for 4 voters
2025-08-06 07:47:14 - Updating voting groups for 4 voters
2025-08-06 07:48:17 - Updating voting groups for 4 voters
2025-08-06 07:49:20 - Updating voting groups for 4 voters
2025-08-06 07:50:22 - Updating voting groups for 4 voters
2025-08-06 07:51:24 - Updating voting groups for 4 voters
2025-08-06 07:52:27 - Updating voting groups for 4 voters
2025-08-06 07:53:30 - Updating voting groups for 4 voters
2025-08-06 07:54:32 - Updating voting groups for 4 voters
2025-08-06 07:55:35 - Updating voting groups for 4 voters
2025-08-06 07:56:37 - Updating voting groups for 4 voters
2025-08-06 07:57:39 - Updating voting groups for 4 voters
2025-08-06 07:58:42 - Updating voting groups for 4 voters
2025-08-06 07:59:44 - Updating voting groups for 4 voters
2025-08-06 08:00:47 - Updating voting groups for 4 voters
2025-08-06 08:01:51 - Updating voting groups for 4 voters
2025-08-06 08:02:52 - Updating voting groups for 4 voters
2025-08-06 08:03:55 - Updating voting groups for 4 voters
2025-08-06 08:04:58 - Updating voting groups for 4 voters
2025-08-06 08:06:00 - Updating voting groups for 4 voters
2025-08-06 08:07:03 - Updating voting groups for 4 voters
2025-08-06 08:08:05 - Updating voting groups for 4 voters
2025-08-06 08:09:08 - Updating voting groups for 4 voters
2025-08-06 08:10:11 - Updating voting groups for 4 voters
2025-08-06 08:11:13 - Updating voting groups for 4 voters
2025-08-06 08:12:15 - Updating voting groups for 4 voters
2025-08-06 08:13:18 - Updating voting groups for 4 voters
2025-08-06 08:14:21 - Updating voting groups for 4 voters
2025-08-06 08:14:21 - Client eoLithick qualifies for level 2 (has 10 votes, needs 10)
2025-08-06 08:14:21 - Removed old vote group 267
2025-08-06 08:14:21 - Added vote group 268 to client dbid 11147
2025-08-06 08:15:23 - Updating voting groups for 4 voters
2025-08-06 08:16:25 - Updating voting groups for 4 voters
2025-08-06 08:17:28 - Updating voting groups for 4 voters
2025-08-06 08:18:31 - Updating voting groups for 4 voters
2025-08-06 08:19:33 - Updating voting groups for 4 voters
2025-08-06 08:20:36 - Updating voting groups for 4 voters
2025-08-06 08:21:39 - Updating voting groups for 4 voters
2025-08-06 08:22:41 - Updating voting groups for 4 voters
2025-08-06 08:23:44 - Updating voting groups for 4 voters
2025-08-06 08:24:47 - Updating voting groups for 4 voters
2025-08-06 08:25:49 - Updating voting groups for 4 voters
2025-08-06 08:26:51 - Updating voting groups for 4 voters
2025-08-06 08:27:54 - Updating voting groups for 4 voters
2025-08-06 08:28:57 - Updating voting groups for 4 voters
2025-08-06 08:30:00 - Updating voting groups for 4 voters
2025-08-06 08:31:02 - Updating voting groups for 4 voters
2025-08-06 08:32:04 - Updating voting groups for 4 voters
2025-08-06 08:33:05 - Updating voting groups for 4 voters
2025-08-06 08:34:08 - Updating voting groups for 4 voters
2025-08-06 08:35:11 - Updating voting groups for 4 voters
2025-08-06 08:36:13 - Updating voting groups for 4 voters
2025-08-06 08:37:14 - Updating voting groups for 4 voters
2025-08-06 08:38:16 - Updating voting groups for 4 voters
2025-08-06 08:39:19 - Updating voting groups for 4 voters
2025-08-06 08:40:22 - Updating voting groups for 4 voters
2025-08-06 08:41:25 - Updating voting groups for 4 voters
2025-08-06 08:42:28 - Updating voting groups for 4 voters
2025-08-06 08:43:30 - Updating voting groups for 4 voters
2025-08-06 08:44:33 - Updating voting groups for 4 voters
2025-08-06 08:45:35 - Updating voting groups for 4 voters
2025-08-06 08:46:37 - Updating voting groups for 4 voters
2025-08-06 08:47:40 - Updating voting groups for 4 voters
2025-08-06 08:48:43 - Updating voting groups for 4 voters
2025-08-06 08:49:45 - Updating voting groups for 4 voters
2025-08-06 08:50:47 - Updating voting groups for 4 voters
2025-08-06 08:51:50 - Updating voting groups for 4 voters
2025-08-06 08:52:52 - Updating voting groups for 4 voters
2025-08-06 08:53:54 - Updating voting groups for 4 voters
2025-08-06 08:54:56 - Updating voting groups for 4 voters
2025-08-06 08:55:59 - Updating voting groups for 4 voters
2025-08-06 08:57:01 - Updating voting groups for 4 voters
2025-08-06 08:58:04 - Updating voting groups for 4 voters
2025-08-06 08:59:06 - Updating voting groups for 4 voters
2025-08-06 09:00:08 - Updating voting groups for 4 voters
2025-08-06 09:01:11 - Updating voting groups for 4 voters
2025-08-06 09:02:13 - Updating voting groups for 4 voters
2025-08-06 09:03:16 - Updating voting groups for 4 voters
2025-08-06 09:04:18 - Updating voting groups for 4 voters
2025-08-06 09:05:20 - Updating voting groups for 4 voters
2025-08-06 09:06:23 - Updating voting groups for 4 voters
2025-08-06 09:07:25 - Updating voting groups for 4 voters
2025-08-06 09:08:27 - Updating voting groups for 4 voters
2025-08-06 09:09:30 - Updating voting groups for 4 voters
2025-08-06 09:10:32 - Updating voting groups for 4 voters
2025-08-06 09:11:34 - Updating voting groups for 4 voters
2025-08-06 09:12:36 - Updating voting groups for 4 voters
2025-08-06 09:13:39 - Updating voting groups for 4 voters
2025-08-06 09:14:41 - Updating voting groups for 4 voters
2025-08-06 09:15:44 - Updating voting groups for 4 voters
2025-08-06 09:16:46 - Updating voting groups for 4 voters
2025-08-06 09:17:48 - Updating voting groups for 4 voters
2025-08-06 09:18:50 - Updating voting groups for 4 voters
2025-08-06 09:19:53 - Updating voting groups for 4 voters
2025-08-06 09:20:55 - Updating voting groups for 4 voters
2025-08-06 09:21:58 - Updating voting groups for 4 voters
2025-08-06 09:23:00 - Updating voting groups for 4 voters
2025-08-06 09:24:02 - Updating voting groups for 4 voters
2025-08-06 09:25:05 - Updating voting groups for 4 voters
2025-08-06 09:26:08 - Updating voting groups for 4 voters
2025-08-06 09:27:10 - Updating voting groups for 4 voters
2025-08-06 09:28:13 - Updating voting groups for 4 voters
2025-08-06 09:29:15 - Updating voting groups for 4 voters
2025-08-06 09:30:18 - Updating voting groups for 4 voters
2025-08-06 09:31:20 - Updating voting groups for 4 voters
2025-08-06 09:32:23 - Updating voting groups for 4 voters
2025-08-06 09:33:25 - Updating voting groups for 4 voters
2025-08-06 09:34:28 - Updating voting groups for 4 voters
2025-08-06 09:35:30 - Updating voting groups for 4 voters
2025-08-06 09:36:32 - Updating voting groups for 4 voters
2025-08-06 09:37:35 - Updating voting groups for 4 voters
2025-08-06 09:38:37 - Updating voting groups for 4 voters
2025-08-06 09:39:40 - Updating voting groups for 4 voters
2025-08-06 09:40:43 - Updating voting groups for 4 voters
2025-08-06 09:41:45 - Updating voting groups for 4 voters
2025-08-06 09:42:48 - Updating voting groups for 4 voters
2025-08-06 09:43:50 - Updating voting groups for 4 voters
2025-08-06 09:44:52 - Updating voting groups for 4 voters
2025-08-06 09:45:55 - Updating voting groups for 4 voters
2025-08-06 09:46:57 - Updating voting groups for 4 voters
2025-08-06 09:47:59 - Updating voting groups for 4 voters
2025-08-06 09:49:02 - Updating voting groups for 4 voters
2025-08-06 09:50:04 - Updating voting groups for 4 voters
2025-08-06 09:51:07 - Updating voting groups for 4 voters
2025-08-06 09:52:10 - Updating voting groups for 4 voters
2025-08-06 09:53:11 - Updating voting groups for 4 voters
2025-08-06 09:54:13 - Updating voting groups for 4 voters
2025-08-06 09:55:15 - Updating voting groups for 4 voters
2025-08-06 09:56:17 - Updating voting groups for 4 voters
2025-08-06 09:57:20 - Updating voting groups for 4 voters
2025-08-06 09:58:23 - Updating voting groups for 4 voters
2025-08-06 09:59:24 - Updating voting groups for 4 voters
2025-08-06 10:00:26 - Updating voting groups for 4 voters
2025-08-06 10:01:29 - Updating voting groups for 4 voters
2025-08-06 10:02:32 - Updating voting groups for 4 voters
2025-08-06 10:03:35 - Updating voting groups for 4 voters
2025-08-06 10:04:36 - Updating voting groups for 4 voters
2025-08-06 10:05:38 - Updating voting groups for 4 voters
2025-08-06 10:06:40 - Updating voting groups for 4 voters
2025-08-06 10:07:42 - Updating voting groups for 4 voters
2025-08-06 10:08:45 - Updating voting groups for 4 voters
2025-08-06 10:09:48 - Updating voting groups for 4 voters
2025-08-06 10:10:50 - Updating voting groups for 4 voters
2025-08-06 10:11:52 - Updating voting groups for 4 voters
2025-08-06 10:12:55 - Updating voting groups for 4 voters
2025-08-06 10:13:56 - Updating voting groups for 4 voters
2025-08-06 10:14:59 - Updating voting groups for 4 voters
2025-08-06 10:16:02 - Updating voting groups for 4 voters
2025-08-06 10:17:05 - Updating voting groups for 4 voters
2025-08-06 10:18:08 - Updating voting groups for 4 voters
2025-08-06 10:19:11 - Updating voting groups for 4 voters
2025-08-06 10:20:14 - Updating voting groups for 4 voters
2025-08-06 10:21:17 - Updating voting groups for 4 voters
2025-08-06 10:22:20 - Updating voting groups for 4 voters
2025-08-06 10:23:23 - Updating voting groups for 4 voters
2025-08-06 10:24:26 - Updating voting groups for 4 voters
2025-08-06 10:25:29 - Updating voting groups for 4 voters
2025-08-06 10:26:32 - Updating voting groups for 4 voters
2025-08-06 10:27:35 - Updating voting groups for 4 voters
2025-08-06 10:28:37 - Updating voting groups for 4 voters
2025-08-06 10:29:40 - Updating voting groups for 4 voters
2025-08-06 10:30:43 - Updating voting groups for 4 voters
2025-08-06 10:31:46 - Updating voting groups for 4 voters
2025-08-06 10:32:49 - Updating voting groups for 4 voters
2025-08-06 10:33:52 - Updating voting groups for 4 voters
2025-08-06 10:34:55 - Updating voting groups for 4 voters
2025-08-06 10:35:57 - Updating voting groups for 4 voters
2025-08-06 10:37:00 - Updating voting groups for 4 voters
2025-08-06 10:38:03 - Updating voting groups for 4 voters
2025-08-06 10:39:06 - Updating voting groups for 4 voters
2025-08-06 10:40:09 - Updating voting groups for 4 voters
2025-08-06 10:41:11 - Updating voting groups for 4 voters
2025-08-06 10:42:14 - Updating voting groups for 4 voters
2025-08-06 10:43:16 - Updating voting groups for 4 voters
2025-08-06 10:44:19 - Updating voting groups for 4 voters
2025-08-06 10:45:21 - Updating voting groups for 4 voters
2025-08-06 10:46:23 - Updating voting groups for 4 voters
2025-08-06 10:47:25 - Updating voting groups for 4 voters
2025-08-06 10:48:28 - Updating voting groups for 4 voters
2025-08-06 10:49:31 - Updating voting groups for 4 voters
2025-08-06 10:50:34 - Updating voting groups for 4 voters
2025-08-06 10:51:36 - Updating voting groups for 4 voters
2025-08-06 10:52:39 - Updating voting groups for 4 voters
2025-08-06 10:53:42 - Updating voting groups for 4 voters
2025-08-06 10:54:45 - Updating voting groups for 4 voters
2025-08-06 10:55:48 - Updating voting groups for 4 voters
2025-08-06 10:56:51 - Updating voting groups for 4 voters
2025-08-06 10:57:54 - Updating voting groups for 4 voters
2025-08-06 10:58:56 - Updating voting groups for 4 voters
2025-08-06 10:59:58 - Updating voting groups for 4 voters
2025-08-06 11:01:00 - Updating voting groups for 4 voters
2025-08-06 11:02:03 - Updating voting groups for 4 voters
2025-08-06 11:03:06 - Updating voting groups for 4 voters
2025-08-06 11:04:08 - Updating voting groups for 4 voters
2025-08-06 11:05:10 - Updating voting groups for 4 voters
2025-08-06 11:06:13 - Updating voting groups for 4 voters
2025-08-06 11:07:15 - Updating voting groups for 4 voters
2025-08-06 11:08:18 - Updating voting groups for 4 voters
2025-08-06 11:09:20 - Updating voting groups for 4 voters
2025-08-06 11:10:23 - Updating voting groups for 4 voters
2025-08-06 11:11:24 - Updating voting groups for 4 voters
2025-08-06 11:12:27 - Updating voting groups for 4 voters
2025-08-06 11:13:29 - Updating voting groups for 4 voters
2025-08-06 11:14:31 - Updating voting groups for 4 voters
2025-08-06 11:15:34 - Updating voting groups for 4 voters
2025-08-06 11:16:36 - Updating voting groups for 4 voters
2025-08-06 11:17:39 - Updating voting groups for 4 voters
2025-08-06 11:18:41 - Updating voting groups for 4 voters
2025-08-06 11:19:44 - Updating voting groups for 4 voters
2025-08-06 11:20:46 - Updating voting groups for 4 voters
2025-08-06 11:21:48 - Updating voting groups for 4 voters
2025-08-06 11:22:50 - Updating voting groups for 4 voters
2025-08-06 11:23:53 - Updating voting groups for 4 voters
2025-08-06 11:24:55 - Updating voting groups for 4 voters
2025-08-06 11:25:57 - Updating voting groups for 4 voters
2025-08-06 11:27:00 - Updating voting groups for 4 voters
2025-08-06 11:28:03 - Updating voting groups for 4 voters
2025-08-06 11:29:05 - Updating voting groups for 4 voters
2025-08-06 11:30:08 - Updating voting groups for 4 voters
2025-08-06 11:31:10 - Updating voting groups for 4 voters
2025-08-06 11:32:13 - Updating voting groups for 4 voters
2025-08-06 11:33:16 - Updating voting groups for 4 voters
2025-08-06 11:34:19 - Updating voting groups for 4 voters
2025-08-06 11:35:21 - Updating voting groups for 4 voters
2025-08-06 11:36:23 - Updating voting groups for 4 voters
2025-08-06 11:37:26 - Updating voting groups for 4 voters
2025-08-06 11:38:28 - Updating voting groups for 4 voters
2025-08-06 11:39:31 - Updating voting groups for 4 voters
2025-08-06 11:40:34 - Updating voting groups for 4 voters
2025-08-06 11:41:36 - Updating voting groups for 4 voters
2025-08-06 11:42:38 - Updating voting groups for 4 voters
2025-08-06 11:43:41 - Updating voting groups for 4 voters
2025-08-06 11:44:44 - Updating voting groups for 4 voters
2025-08-06 11:45:45 - Updating voting groups for 4 voters
2025-08-06 11:46:48 - Updating voting groups for 4 voters
2025-08-06 11:47:49 - Updating voting groups for 4 voters
2025-08-06 11:48:52 - Updating voting groups for 4 voters
2025-08-06 11:49:55 - Updating voting groups for 4 voters
2025-08-06 11:50:56 - Updating voting groups for 4 voters
2025-08-06 11:51:59 - Updating voting groups for 4 voters
2025-08-06 11:53:00 - Updating voting groups for 4 voters
2025-08-06 11:54:02 - Updating voting groups for 4 voters
2025-08-06 11:55:05 - Updating voting groups for 4 voters
2025-08-06 11:56:07 - Updating voting groups for 4 voters
2025-08-06 11:57:09 - Updating voting groups for 4 voters
2025-08-06 11:58:11 - Updating voting groups for 4 voters
2025-08-06 11:59:14 - Updating voting groups for 4 voters
2025-08-06 12:00:16 - Updating voting groups for 4 voters
2025-08-06 12:01:18 - Updating voting groups for 4 voters
2025-08-06 12:02:20 - Updating voting groups for 4 voters
2025-08-06 12:03:23 - Updating voting groups for 4 voters
2025-08-06 12:04:26 - Updating voting groups for 4 voters
2025-08-06 12:05:29 - Updating voting groups for 4 voters
2025-08-06 12:06:32 - Updating voting groups for 4 voters
2025-08-06 12:07:34 - Updating voting groups for 4 voters
2025-08-06 12:08:35 - Updating voting groups for 4 voters
2025-08-06 12:09:37 - Updating voting groups for 4 voters
2025-08-06 12:10:40 - Updating voting groups for 4 voters
2025-08-06 12:11:43 - Updating voting groups for 4 voters
2025-08-06 12:12:46 - Updating voting groups for 4 voters
2025-08-06 12:13:47 - Updating voting groups for 4 voters
2025-08-06 12:14:49 - Updating voting groups for 4 voters
2025-08-06 12:15:52 - Updating voting groups for 4 voters
2025-08-06 12:16:55 - Updating voting groups for 4 voters
2025-08-06 12:17:58 - Updating voting groups for 4 voters
2025-08-06 12:19:01 - Updating voting groups for 4 voters
2025-08-06 12:20:04 - Updating voting groups for 4 voters
2025-08-06 12:21:07 - Updating voting groups for 4 voters
2025-08-06 12:22:10 - Updating voting groups for 4 voters
2025-08-06 12:23:13 - Updating voting groups for 4 voters
2025-08-06 12:24:15 - Updating voting groups for 4 voters
2025-08-06 12:25:17 - Updating voting groups for 4 voters
2025-08-06 12:26:20 - Updating voting groups for 4 voters
2025-08-06 12:27:22 - Updating voting groups for 4 voters
2025-08-06 12:28:24 - Updating voting groups for 4 voters
2025-08-06 12:29:26 - Updating voting groups for 4 voters
2025-08-06 12:30:28 - Updating voting groups for 4 voters
2025-08-06 12:31:31 - Updating voting groups for 4 voters
2025-08-06 12:32:34 - Updating voting groups for 4 voters
2025-08-06 12:33:36 - Updating voting groups for 4 voters
2025-08-06 12:34:39 - Updating voting groups for 4 voters
2025-08-06 12:35:42 - Updating voting groups for 4 voters
2025-08-06 12:36:44 - Updating voting groups for 4 voters
2025-08-06 12:37:47 - Updating voting groups for 4 voters
2025-08-06 12:38:50 - Updating voting groups for 4 voters
2025-08-06 12:39:53 - Updating voting groups for 4 voters
2025-08-06 12:40:54 - Updating voting groups for 4 voters
2025-08-06 12:41:56 - Updating voting groups for 4 voters
2025-08-06 12:42:59 - Updating voting groups for 4 voters
2025-08-06 12:44:01 - Updating voting groups for 4 voters
2025-08-06 12:45:03 - Updating voting groups for 4 voters
2025-08-06 12:46:06 - Updating voting groups for 4 voters
2025-08-06 12:47:09 - Updating voting groups for 4 voters
2025-08-06 12:48:12 - Updating voting groups for 4 voters
2025-08-06 12:49:15 - Updating voting groups for 4 voters
2025-08-06 12:50:17 - Updating voting groups for 4 voters
2025-08-06 12:51:19 - Updating voting groups for 4 voters
2025-08-06 12:52:22 - Updating voting groups for 4 voters
2025-08-06 12:53:24 - Updating voting groups for 4 voters
2025-08-06 12:54:27 - Updating voting groups for 4 voters
2025-08-06 12:55:29 - Updating voting groups for 4 voters
2025-08-06 12:56:30 - Updating voting groups for 4 voters
2025-08-06 12:57:32 - Updating voting groups for 4 voters
2025-08-06 12:58:34 - Updating voting groups for 4 voters
2025-08-06 12:59:36 - Updating voting groups for 4 voters
2025-08-06 13:00:38 - Updating voting groups for 4 voters
2025-08-06 13:01:40 - Updating voting groups for 4 voters
2025-08-06 13:02:43 - Updating voting groups for 4 voters
2025-08-06 13:03:45 - Updating voting groups for 4 voters
2025-08-06 13:04:48 - Updating voting groups for 4 voters
2025-08-06 13:05:50 - Updating voting groups for 4 voters
2025-08-06 13:06:53 - Updating voting groups for 4 voters
2025-08-06 13:07:55 - Updating voting groups for 4 voters
2025-08-06 13:08:57 - Updating voting groups for 4 voters
2025-08-06 13:10:00 - Updating voting groups for 4 voters
2025-08-06 13:11:03 - Updating voting groups for 4 voters
2025-08-06 13:12:06 - Updating voting groups for 4 voters
2025-08-06 13:13:09 - Updating voting groups for 4 voters
2025-08-06 13:14:11 - Updating voting groups for 4 voters
2025-08-06 13:15:14 - Updating voting groups for 4 voters
2025-08-06 13:16:16 - Updating voting groups for 4 voters
2025-08-06 13:17:19 - Updating voting groups for 4 voters
2025-08-06 13:18:22 - Updating voting groups for 4 voters
2025-08-06 13:19:24 - Updating voting groups for 4 voters
2025-08-06 13:20:26 - Updating voting groups for 4 voters
2025-08-06 13:21:29 - Updating voting groups for 4 voters
2025-08-06 13:22:31 - Updating voting groups for 4 voters
2025-08-06 13:23:33 - Updating voting groups for 4 voters
2025-08-06 13:24:36 - Updating voting groups for 4 voters
2025-08-06 13:25:39 - Updating voting groups for 4 voters
2025-08-06 13:26:40 - Updating voting groups for 4 voters
2025-08-06 13:27:42 - Updating voting groups for 4 voters
2025-08-06 13:28:45 - Updating voting groups for 4 voters
2025-08-06 13:29:48 - Updating voting groups for 4 voters
2025-08-06 13:30:50 - Updating voting groups for 4 voters
2025-08-06 13:31:53 - Updating voting groups for 4 voters
2025-08-06 13:32:56 - Updating voting groups for 4 voters
2025-08-06 13:33:59 - Updating voting groups for 4 voters
2025-08-06 13:35:02 - Updating voting groups for 4 voters
2025-08-06 13:36:05 - Updating voting groups for 4 voters
2025-08-06 13:37:08 - Updating voting groups for 4 voters
2025-08-06 13:38:11 - Updating voting groups for 4 voters
2025-08-06 13:39:14 - Updating voting groups for 4 voters
2025-08-06 13:40:17 - Updating voting groups for 4 voters
2025-08-06 13:41:20 - Updating voting groups for 4 voters
2025-08-06 13:42:23 - Updating voting groups for 4 voters
2025-08-06 13:43:24 - Updating voting groups for 4 voters
2025-08-06 13:44:26 - Updating voting groups for 4 voters
2025-08-06 13:45:29 - Updating voting groups for 4 voters
2025-08-06 13:46:31 - Updating voting groups for 4 voters
2025-08-06 13:47:34 - Updating voting groups for 4 voters
2025-08-06 13:48:36 - Updating voting groups for 4 voters
2025-08-06 13:49:39 - Updating voting groups for 4 voters
2025-08-06 13:50:42 - Updating voting groups for 4 voters
2025-08-06 13:51:44 - Updating voting groups for 4 voters
2025-08-06 13:52:45 - Updating voting groups for 4 voters
2025-08-06 13:53:47 - Updating voting groups for 4 voters
2025-08-06 13:54:50 - Updating voting groups for 4 voters
2025-08-06 13:55:53 - Updating voting groups for 4 voters
2025-08-06 13:56:55 - Updating voting groups for 4 voters
2025-08-06 13:57:58 - Updating voting groups for 4 voters
2025-08-06 13:59:00 - Updating voting groups for 4 voters
2025-08-06 14:00:02 - Updating voting groups for 4 voters
2025-08-06 14:01:05 - Updating voting groups for 4 voters
2025-08-06 14:02:06 - Updating voting groups for 4 voters
2025-08-06 14:03:08 - Updating voting groups for 4 voters
2025-08-06 14:04:10 - Updating voting groups for 4 voters
2025-08-06 14:05:12 - Updating voting groups for 4 voters
2025-08-06 14:06:15 - Updating voting groups for 4 voters
2025-08-06 14:07:17 - Updating voting groups for 4 voters
2025-08-06 14:08:20 - Updating voting groups for 4 voters
2025-08-06 14:09:22 - Updating voting groups for 4 voters
2025-08-06 14:10:25 - Updating voting groups for 4 voters
2025-08-06 14:11:27 - Updating voting groups for 4 voters
2025-08-06 14:12:30 - Updating voting groups for 4 voters
2025-08-06 14:13:32 - Updating voting groups for 4 voters
2025-08-06 14:14:35 - Updating voting groups for 4 voters
2025-08-06 14:15:37 - Updating voting groups for 4 voters
2025-08-06 14:16:40 - Updating voting groups for 4 voters
2025-08-06 14:17:42 - Updating voting groups for 4 voters
2025-08-06 14:18:44 - Updating voting groups for 4 voters
2025-08-06 14:19:47 - Updating voting groups for 4 voters
2025-08-06 14:20:49 - Updating voting groups for 4 voters
2025-08-06 14:21:52 - Updating voting groups for 4 voters
2025-08-06 14:22:55 - Updating voting groups for 4 voters
2025-08-06 14:23:58 - Updating voting groups for 4 voters
2025-08-06 14:25:00 - Updating voting groups for 4 voters
2025-08-06 14:26:02 - Updating voting groups for 4 voters
2025-08-06 14:27:05 - Updating voting groups for 4 voters
2025-08-06 14:28:07 - Updating voting groups for 4 voters
2025-08-06 14:29:08 - Updating voting groups for 4 voters
2025-08-06 14:30:10 - Updating voting groups for 4 voters
2025-08-06 14:31:12 - Updating voting groups for 4 voters
2025-08-06 14:32:15 - Updating voting groups for 4 voters
2025-08-06 14:33:16 - Updating voting groups for 4 voters
2025-08-06 14:34:19 - Updating voting groups for 4 voters
2025-08-06 14:35:21 - Updating voting groups for 4 voters
2025-08-06 14:36:23 - Updating voting groups for 4 voters
2025-08-06 14:37:26 - Updating voting groups for 4 voters
2025-08-06 14:38:29 - Updating voting groups for 4 voters
2025-08-06 14:39:32 - Updating voting groups for 4 voters
2025-08-06 14:40:35 - Updating voting groups for 4 voters
2025-08-06 14:41:38 - Updating voting groups for 4 voters
2025-08-06 14:42:41 - Updating voting groups for 4 voters
2025-08-06 14:43:44 - Updating voting groups for 4 voters
2025-08-06 14:44:47 - Updating voting groups for 4 voters
2025-08-06 14:45:49 - Updating voting groups for 4 voters
2025-08-06 14:46:52 - Updating voting groups for 4 voters
2025-08-06 14:47:54 - Updating voting groups for 4 voters
2025-08-06 14:48:56 - Updating voting groups for 4 voters
2025-08-06 14:49:58 - Updating voting groups for 4 voters
2025-08-06 14:51:01 - Updating voting groups for 4 voters
2025-08-06 14:52:02 - Updating voting groups for 4 voters
2025-08-06 14:53:05 - Updating voting groups for 4 voters
2025-08-06 14:54:07 - Updating voting groups for 4 voters
2025-08-06 14:55:10 - Updating voting groups for 4 voters
2025-08-06 14:56:12 - Updating voting groups for 4 voters
2025-08-06 14:57:15 - Updating voting groups for 4 voters
2025-08-06 14:58:17 - Updating voting groups for 4 voters
2025-08-06 14:59:19 - Updating voting groups for 4 voters
2025-08-06 15:00:21 - Updating voting groups for 4 voters
2025-08-06 15:01:23 - Updating voting groups for 4 voters
2025-08-06 15:02:26 - Updating voting groups for 4 voters
2025-08-06 15:03:28 - Updating voting groups for 4 voters
2025-08-06 15:04:30 - Updating voting groups for 4 voters
2025-08-06 15:05:32 - Updating voting groups for 4 voters
2025-08-06 15:06:35 - Updating voting groups for 4 voters
2025-08-06 15:07:37 - Updating voting groups for 4 voters
2025-08-06 15:08:40 - Updating voting groups for 4 voters
2025-08-06 15:09:42 - Updating voting groups for 4 voters
2025-08-06 15:10:45 - Updating voting groups for 4 voters
2025-08-06 15:11:47 - Updating voting groups for 4 voters
2025-08-06 15:12:49 - Updating voting groups for 4 voters
2025-08-06 15:13:51 - Updating voting groups for 4 voters
2025-08-06 15:14:53 - Updating voting groups for 4 voters
2025-08-06 15:15:56 - Updating voting groups for 4 voters
2025-08-06 15:16:58 - Updating voting groups for 4 voters
2025-08-06 15:18:00 - Updating voting groups for 4 voters
2025-08-06 15:19:03 - Updating voting groups for 4 voters
2025-08-06 15:20:05 - Updating voting groups for 4 voters
2025-08-06 15:21:07 - Updating voting groups for 4 voters
2025-08-06 15:22:09 - Updating voting groups for 4 voters
2025-08-06 15:23:12 - Updating voting groups for 4 voters
2025-08-06 15:24:15 - Updating voting groups for 4 voters
2025-08-06 15:25:18 - Updating voting groups for 4 voters
2025-08-06 15:26:20 - Updating voting groups for 4 voters
2025-08-06 15:27:23 - Updating voting groups for 4 voters
2025-08-06 15:28:26 - Updating voting groups for 4 voters
2025-08-06 15:29:28 - Updating voting groups for 4 voters
2025-08-06 15:30:31 - Updating voting groups for 4 voters
2025-08-06 15:31:34 - Updating voting groups for 4 voters
2025-08-06 15:32:37 - Updating voting groups for 4 voters
2025-08-06 15:33:38 - Updating voting groups for 4 voters
2025-08-06 15:34:40 - Updating voting groups for 4 voters
2025-08-06 15:35:43 - Updating voting groups for 4 voters
2025-08-06 15:36:46 - Updating voting groups for 4 voters
2025-08-06 15:37:49 - Updating voting groups for 4 voters
2025-08-06 15:38:52 - Updating voting groups for 4 voters
2025-08-06 15:39:54 - Updating voting groups for 4 voters
2025-08-06 15:40:56 - Updating voting groups for 4 voters
2025-08-06 15:41:58 - Updating voting groups for 4 voters
2025-08-06 15:43:00 - Updating voting groups for 4 voters
2025-08-06 15:44:02 - Updating voting groups for 4 voters
2025-08-06 15:45:03 - Updating voting groups for 4 voters
2025-08-06 15:46:06 - Updating voting groups for 4 voters
2025-08-06 15:47:07 - Updating voting groups for 4 voters
2025-08-06 15:48:09 - Updating voting groups for 4 voters
2025-08-06 15:49:11 - Updating voting groups for 4 voters
2025-08-06 15:50:13 - Updating voting groups for 4 voters
2025-08-06 15:51:15 - Updating voting groups for 4 voters
2025-08-06 15:52:18 - Updating voting groups for 4 voters
2025-08-06 15:53:21 - Updating voting groups for 4 voters
2025-08-06 15:54:24 - Updating voting groups for 4 voters
2025-08-06 15:55:25 - Updating voting groups for 4 voters
2025-08-06 15:56:27 - Updating voting groups for 4 voters
2025-08-06 15:57:30 - Updating voting groups for 4 voters
2025-08-06 15:58:33 - Updating voting groups for 4 voters
2025-08-06 15:59:35 - Updating voting groups for 4 voters
2025-08-06 16:00:38 - Updating voting groups for 4 voters
2025-08-06 16:01:40 - Updating voting groups for 4 voters
2025-08-06 16:02:43 - Updating voting groups for 4 voters
2025-08-06 16:03:45 - Updating voting groups for 4 voters
2025-08-06 16:04:49 - Updating voting groups for 4 voters
2025-08-06 16:05:50 - Updating voting groups for 4 voters
2025-08-06 16:06:53 - Updating voting groups for 4 voters
2025-08-06 16:07:55 - Updating voting groups for 4 voters
2025-08-06 16:08:58 - Updating voting groups for 4 voters
2025-08-06 16:10:00 - Updating voting groups for 4 voters
2025-08-06 16:11:03 - Updating voting groups for 4 voters
2025-08-06 16:12:06 - Updating voting groups for 4 voters
2025-08-06 16:13:08 - Updating voting groups for 4 voters
2025-08-06 16:14:09 - Updating voting groups for 4 voters
2025-08-06 16:15:11 - Updating voting groups for 4 voters
2025-08-06 16:16:14 - Updating voting groups for 4 voters
2025-08-06 16:17:17 - Updating voting groups for 4 voters
2025-08-06 16:18:19 - Updating voting groups for 4 voters
2025-08-06 16:19:21 - Updating voting groups for 4 voters
2025-08-06 16:20:23 - Updating voting groups for 4 voters
2025-08-06 16:21:25 - Updating voting groups for 4 voters
2025-08-06 16:22:27 - Updating voting groups for 4 voters
2025-08-06 16:23:30 - Updating voting groups for 4 voters
2025-08-06 16:24:32 - Updating voting groups for 4 voters
2025-08-06 16:25:35 - Updating voting groups for 4 voters
2025-08-06 16:26:37 - Updating voting groups for 4 voters
2025-08-06 16:27:39 - Updating voting groups for 4 voters
2025-08-06 16:28:42 - Updating voting groups for 4 voters
2025-08-06 16:29:44 - Updating voting groups for 4 voters
2025-08-06 16:30:47 - Updating voting groups for 4 voters
2025-08-06 16:31:48 - Updating voting groups for 4 voters
2025-08-06 16:32:50 - Updating voting groups for 4 voters
2025-08-06 16:33:53 - Updating voting groups for 4 voters
2025-08-06 16:34:55 - Updating voting groups for 4 voters
2025-08-06 16:35:57 - Updating voting groups for 4 voters
2025-08-06 16:36:59 - Updating voting groups for 4 voters
2025-08-06 16:38:01 - Updating voting groups for 4 voters
2025-08-06 16:39:04 - Updating voting groups for 4 voters
2025-08-06 16:40:06 - Updating voting groups for 4 voters
2025-08-06 16:41:08 - Updating voting groups for 4 voters
2025-08-06 16:42:10 - Updating voting groups for 4 voters
2025-08-06 16:43:12 - Updating voting groups for 4 voters
2025-08-06 16:44:14 - Updating voting groups for 4 voters
2025-08-06 16:45:16 - Updating voting groups for 4 voters
2025-08-06 16:46:19 - Updating voting groups for 4 voters
2025-08-06 16:47:22 - Updating voting groups for 4 voters
2025-08-06 16:48:24 - Updating voting groups for 4 voters
2025-08-06 16:49:26 - Updating voting groups for 4 voters
2025-08-06 16:50:28 - Updating voting groups for 4 voters
2025-08-06 16:51:31 - Updating voting groups for 4 voters
2025-08-06 16:52:33 - Updating voting groups for 4 voters
2025-08-06 16:53:35 - Updating voting groups for 4 voters
2025-08-06 16:54:38 - Updating voting groups for 4 voters
2025-08-06 16:55:41 - Updating voting groups for 4 voters
2025-08-06 16:56:42 - Updating voting groups for 4 voters
2025-08-06 16:57:44 - Updating voting groups for 4 voters
2025-08-06 16:58:46 - Updating voting groups for 4 voters
2025-08-06 16:59:48 - Updating voting groups for 4 voters
2025-08-06 17:00:50 - Updating voting groups for 4 voters
2025-08-06 17:01:52 - Updating voting groups for 4 voters
2025-08-06 17:02:54 - Updating voting groups for 4 voters
2025-08-06 17:03:57 - Updating voting groups for 4 voters
2025-08-06 17:05:00 - Updating voting groups for 4 voters
2025-08-06 17:06:03 - Updating voting groups for 4 voters
2025-08-06 17:07:06 - Updating voting groups for 4 voters
2025-08-06 17:08:09 - Updating voting groups for 4 voters
2025-08-06 17:09:12 - Updating voting groups for 4 voters
2025-08-06 17:10:15 - Updating voting groups for 4 voters
2025-08-06 17:11:16 - Updating voting groups for 4 voters
2025-08-06 17:12:19 - Updating voting groups for 4 voters
2025-08-06 17:13:21 - Updating voting groups for 4 voters
2025-08-06 17:14:23 - Updating voting groups for 4 voters
2025-08-06 17:15:26 - Updating voting groups for 4 voters
2025-08-06 17:16:28 - Updating voting groups for 4 voters
2025-08-06 17:17:31 - Updating voting groups for 4 voters
2025-08-06 17:18:33 - Updating voting groups for 4 voters
2025-08-06 17:19:35 - Updating voting groups for 4 voters
2025-08-06 17:20:38 - Updating voting groups for 4 voters
2025-08-06 17:21:40 - Updating voting groups for 4 voters
2025-08-06 17:22:42 - Updating voting groups for 4 voters
2025-08-06 17:23:46 - Updating voting groups for 4 voters
2025-08-06 17:24:48 - Updating voting groups for 4 voters
2025-08-06 17:25:52 - Updating voting groups for 4 voters
2025-08-06 17:26:54 - Updating voting groups for 4 voters
2025-08-06 17:27:57 - Updating voting groups for 4 voters
2025-08-06 17:28:59 - Updating voting groups for 4 voters
2025-08-06 17:30:01 - Updating voting groups for 4 voters
2025-08-06 17:31:04 - Updating voting groups for 4 voters
2025-08-06 17:32:07 - Updating voting groups for 4 voters
2025-08-06 17:33:08 - Updating voting groups for 4 voters
2025-08-06 17:34:10 - Updating voting groups for 4 voters
2025-08-06 17:35:13 - Updating voting groups for 4 voters
2025-08-06 17:36:14 - Updating voting groups for 4 voters
2025-08-06 17:37:16 - Updating voting groups for 4 voters
2025-08-06 17:38:18 - Updating voting groups for 4 voters
2025-08-06 17:39:20 - Updating voting groups for 4 voters
2025-08-06 17:40:23 - Updating voting groups for 4 voters
2025-08-06 17:41:26 - Updating voting groups for 4 voters
2025-08-06 17:42:28 - Updating voting groups for 4 voters
2025-08-06 17:43:31 - Updating voting groups for 4 voters
2025-08-06 17:44:34 - Updating voting groups for 4 voters
2025-08-06 17:45:37 - Updating voting groups for 4 voters
2025-08-06 17:46:40 - Updating voting groups for 4 voters
2025-08-06 17:47:42 - Updating voting groups for 4 voters
2025-08-06 17:48:44 - Updating voting groups for 4 voters
2025-08-06 17:49:48 - Updating voting groups for 4 voters
2025-08-06 17:50:50 - Updating voting groups for 4 voters
2025-08-06 17:51:53 - Updating voting groups for 4 voters
2025-08-06 17:52:55 - Updating voting groups for 4 voters
2025-08-06 17:53:58 - Updating voting groups for 4 voters
2025-08-06 17:55:00 - Updating voting groups for 4 voters
2025-08-06 17:56:02 - Updating voting groups for 4 voters
2025-08-06 17:57:05 - Updating voting groups for 4 voters
2025-08-06 17:58:08 - Updating voting groups for 4 voters
2025-08-06 17:59:11 - Updating voting groups for 4 voters
2025-08-06 18:00:13 - Updating voting groups for 4 voters
2025-08-06 18:01:16 - Updating voting groups for 4 voters
2025-08-06 18:02:18 - Updating voting groups for 4 voters
2025-08-06 18:03:20 - Updating voting groups for 4 voters
2025-08-06 18:04:23 - Updating voting groups for 4 voters
2025-08-06 18:05:26 - Updating voting groups for 4 voters
2025-08-06 18:06:28 - Updating voting groups for 4 voters
2025-08-06 18:07:32 - Updating voting groups for 4 voters
2025-08-06 18:08:33 - Updating voting groups for 4 voters
2025-08-06 18:09:37 - Updating voting groups for 4 voters
2025-08-06 18:10:39 - Updating voting groups for 4 voters
2025-08-06 18:11:40 - Updating voting groups for 4 voters
2025-08-06 18:12:42 - Updating voting groups for 4 voters
2025-08-06 18:13:44 - Updating voting groups for 4 voters
2025-08-06 18:14:47 - Updating voting groups for 4 voters
2025-08-06 18:15:49 - Updating voting groups for 4 voters
2025-08-06 18:16:52 - Updating voting groups for 4 voters
2025-08-06 18:17:54 - Updating voting groups for 4 voters
2025-08-06 18:18:57 - Updating voting groups for 4 voters
2025-08-06 18:20:00 - Updating voting groups for 4 voters
2025-08-06 18:21:01 - Updating voting groups for 4 voters
2025-08-06 18:22:04 - Updating voting groups for 4 voters
2025-08-06 18:23:07 - Updating voting groups for 4 voters
2025-08-06 18:24:09 - Updating voting groups for 4 voters
2025-08-06 18:25:13 - Updating voting groups for 4 voters
2025-08-06 18:26:17 - Updating voting groups for 4 voters
2025-08-06 18:27:20 - Updating voting groups for 4 voters
2025-08-06 18:28:22 - Updating voting groups for 4 voters
2025-08-06 18:29:25 - Updating voting groups for 4 voters
2025-08-06 18:30:27 - Updating voting groups for 4 voters
2025-08-06 18:31:30 - Updating voting groups for 4 voters
2025-08-06 18:32:32 - Updating voting groups for 4 voters
2025-08-06 18:33:34 - Updating voting groups for 4 voters
2025-08-06 18:34:37 - Updating voting groups for 4 voters
2025-08-06 18:35:38 - Updating voting groups for 4 voters
2025-08-06 18:36:41 - Updating voting groups for 4 voters
2025-08-06 18:37:44 - Updating voting groups for 4 voters
2025-08-06 18:38:47 - Updating voting groups for 4 voters
2025-08-06 18:39:50 - Updating voting groups for 4 voters
2025-08-06 18:40:53 - Updating voting groups for 4 voters
2025-08-06 18:41:55 - Updating voting groups for 4 voters
2025-08-06 18:42:57 - Updating voting groups for 4 voters
2025-08-06 18:44:00 - Updating voting groups for 4 voters
2025-08-06 18:45:03 - Updating voting groups for 4 voters
2025-08-06 18:46:06 - Updating voting groups for 4 voters
2025-08-06 18:47:09 - Updating voting groups for 4 voters
2025-08-06 18:48:10 - Updating voting groups for 4 voters
2025-08-06 18:49:12 - Updating voting groups for 4 voters
2025-08-06 18:50:15 - Updating voting groups for 4 voters
2025-08-06 18:51:17 - Updating voting groups for 4 voters
2025-08-06 18:52:20 - Updating voting groups for 4 voters
2025-08-06 18:53:23 - Updating voting groups for 4 voters
2025-08-06 18:54:25 - Updating voting groups for 4 voters
2025-08-06 18:55:28 - Updating voting groups for 4 voters
2025-08-06 18:56:31 - Updating voting groups for 4 voters
2025-08-06 18:57:33 - Updating voting groups for 4 voters
2025-08-06 18:58:35 - Updating voting groups for 4 voters
2025-08-06 18:59:37 - Updating voting groups for 4 voters
2025-08-06 19:00:39 - Updating voting groups for 4 voters
2025-08-06 19:01:43 - Updating voting groups for 4 voters
2025-08-06 19:02:44 - Updating voting groups for 4 voters
2025-08-06 19:03:46 - Updating voting groups for 4 voters
2025-08-06 19:04:50 - Updating voting groups for 4 voters
2025-08-06 19:05:53 - Updating voting groups for 4 voters
2025-08-06 19:06:57 - Updating voting groups for 4 voters
2025-08-06 19:07:58 - Updating voting groups for 4 voters
2025-08-06 19:09:01 - Updating voting groups for 4 voters
2025-08-06 19:10:04 - Updating voting groups for 4 voters
2025-08-06 19:11:07 - Updating voting groups for 4 voters
2025-08-06 19:12:10 - Updating voting groups for 4 voters
2025-08-06 19:13:13 - Updating voting groups for 4 voters
2025-08-06 19:14:15 - Updating voting groups for 4 voters
2025-08-06 19:15:17 - Updating voting groups for 4 voters
2025-08-06 19:16:18 - Updating voting groups for 4 voters
2025-08-06 19:17:21 - Updating voting groups for 4 voters
2025-08-06 19:18:24 - Updating voting groups for 4 voters
2025-08-06 19:19:27 - Updating voting groups for 4 voters
2025-08-06 19:20:29 - Updating voting groups for 4 voters
2025-08-06 19:21:31 - Updating voting groups for 4 voters
2025-08-06 19:22:34 - Updating voting groups for 4 voters
2025-08-06 19:23:36 - Updating voting groups for 4 voters
2025-08-06 19:24:39 - Updating voting groups for 4 voters
2025-08-06 19:25:42 - Updating voting groups for 4 voters
2025-08-06 19:26:44 - Updating voting groups for 4 voters
2025-08-06 19:27:46 - Updating voting groups for 4 voters
2025-08-06 19:28:48 - Updating voting groups for 4 voters
2025-08-06 19:29:51 - Updating voting groups for 4 voters
2025-08-06 19:30:54 - Updating voting groups for 4 voters
2025-08-06 19:31:57 - Updating voting groups for 4 voters
2025-08-06 19:32:59 - Updating voting groups for 4 voters
2025-08-06 19:34:02 - Updating voting groups for 4 voters
2025-08-06 19:35:04 - Updating voting groups for 4 voters
2025-08-06 19:36:07 - Updating voting groups for 4 voters
2025-08-06 19:37:09 - Updating voting groups for 4 voters
2025-08-06 19:38:12 - Updating voting groups for 4 voters
2025-08-06 19:39:15 - Updating voting groups for 4 voters
2025-08-06 19:40:17 - Updating voting groups for 4 voters
2025-08-06 19:41:19 - Updating voting groups for 4 voters
2025-08-06 19:42:22 - Updating voting groups for 4 voters
2025-08-06 19:43:25 - Updating voting groups for 4 voters
2025-08-06 19:44:28 - Updating voting groups for 4 voters
2025-08-06 19:45:32 - Updating voting groups for 4 voters
2025-08-06 19:46:36 - Updating voting groups for 4 voters
2025-08-06 19:47:37 - Updating voting groups for 4 voters
2025-08-06 19:48:40 - Updating voting groups for 4 voters
2025-08-06 19:49:44 - Updating voting groups for 4 voters
2025-08-06 19:50:47 - Updating voting groups for 4 voters
2025-08-06 19:51:49 - Updating voting groups for 4 voters
2025-08-06 19:52:53 - Updating voting groups for 4 voters
2025-08-06 19:53:58 - Updating voting groups for 4 voters
2025-08-06 19:55:02 - Updating voting groups for 4 voters
2025-08-06 19:56:06 - Updating voting groups for 4 voters
2025-08-06 19:57:11 - Updating voting groups for 4 voters
2025-08-06 19:58:15 - Updating voting groups for 4 voters
2025-08-06 19:59:19 - Updating voting groups for 4 voters
2025-08-06 20:00:23 - Updating voting groups for 4 voters
2025-08-06 20:01:27 - Updating voting groups for 4 voters
2025-08-06 20:02:30 - Updating voting groups for 4 voters
2025-08-06 20:03:35 - Updating voting groups for 4 voters
2025-08-06 20:04:39 - Updating voting groups for 4 voters
2025-08-06 20:05:43 - Updating voting groups for 4 voters
2025-08-06 20:06:47 - Updating voting groups for 4 voters
2025-08-06 20:07:51 - Updating voting groups for 4 voters
2025-08-06 20:08:55 - Updating voting groups for 4 voters
2025-08-06 20:10:03 - Updating voting groups for 4 voters
2025-08-06 20:11:07 - Updating voting groups for 4 voters
2025-08-06 20:12:12 - Updating voting groups for 4 voters
2025-08-06 20:13:16 - Updating voting groups for 4 voters
2025-08-06 20:14:20 - Updating voting groups for 4 voters
2025-08-06 20:15:25 - Updating voting groups for 4 voters
2025-08-06 20:16:28 - Updating voting groups for 4 voters
2025-08-06 20:17:33 - Updating voting groups for 4 voters
2025-08-06 20:18:37 - Updating voting groups for 4 voters
2025-08-06 20:19:42 - Updating voting groups for 4 voters
2025-08-06 20:20:48 - Updating voting groups for 4 voters
2025-08-06 20:21:53 - Updating voting groups for 4 voters
2025-08-06 20:22:58 - Updating voting groups for 4 voters
2025-08-06 20:24:03 - Updating voting groups for 4 voters
2025-08-06 20:25:09 - Updating voting groups for 4 voters
2025-08-06 20:26:15 - Updating voting groups for 4 voters
2025-08-06 20:27:19 - Updating voting groups for 4 voters
2025-08-06 20:28:24 - Updating voting groups for 4 voters
2025-08-06 20:29:29 - Updating voting groups for 4 voters
2025-08-06 20:30:34 - Updating voting groups for 4 voters
2025-08-06 20:31:38 - Updating voting groups for 4 voters
2025-08-06 20:32:44 - Updating voting groups for 4 voters
2025-08-06 20:33:49 - Updating voting groups for 4 voters
2025-08-06 20:34:54 - Updating voting groups for 4 voters
2025-08-06 20:35:58 - Updating voting groups for 4 voters
2025-08-06 20:37:02 - Updating voting groups for 4 voters
2025-08-06 20:38:07 - Updating voting groups for 4 voters
2025-08-06 20:39:11 - Updating voting groups for 4 voters
2025-08-06 20:40:16 - Updating voting groups for 4 voters
2025-08-06 20:41:20 - Updating voting groups for 4 voters
2025-08-06 20:42:24 - Updating voting groups for 4 voters
2025-08-06 20:43:28 - Updating voting groups for 4 voters
2025-08-06 20:44:32 - Updating voting groups for 4 voters
2025-08-06 20:45:38 - Updating voting groups for 4 voters
2025-08-06 20:46:42 - Updating voting groups for 4 voters
2025-08-06 20:47:46 - Updating voting groups for 4 voters
2025-08-06 20:48:50 - Updating voting groups for 4 voters
2025-08-06 20:49:54 - Updating voting groups for 4 voters
2025-08-06 20:50:58 - Updating voting groups for 4 voters
2025-08-06 20:52:03 - Updating voting groups for 4 voters
2025-08-06 20:53:07 - Updating voting groups for 4 voters
2025-08-06 20:54:12 - Updating voting groups for 4 voters
2025-08-06 20:55:16 - Updating voting groups for 4 voters
2025-08-06 20:56:20 - Updating voting groups for 4 voters
2025-08-06 20:57:24 - Updating voting groups for 4 voters
2025-08-06 20:58:28 - Updating voting groups for 4 voters
2025-08-06 20:59:34 - Updating voting groups for 4 voters
2025-08-06 21:00:38 - Updating voting groups for 4 voters
2025-08-06 21:01:44 - Updating voting groups for 4 voters
2025-08-06 21:02:48 - Updating voting groups for 4 voters
2025-08-06 21:03:51 - Updating voting groups for 4 voters
2025-08-06 21:04:56 - Updating voting groups for 4 voters
2025-08-06 21:06:01 - Updating voting groups for 4 voters
2025-08-06 21:07:05 - Updating voting groups for 4 voters
2025-08-06 21:08:09 - Updating voting groups for 4 voters
2025-08-06 21:09:13 - Updating voting groups for 4 voters
2025-08-06 21:10:18 - Updating voting groups for 4 voters
2025-08-06 21:11:22 - Updating voting groups for 4 voters
2025-08-06 21:12:26 - Updating voting groups for 4 voters
2025-08-06 21:13:31 - Updating voting groups for 4 voters
2025-08-06 21:14:35 - Updating voting groups for 4 voters
2025-08-06 21:15:39 - Updating voting groups for 4 voters
2025-08-06 21:16:43 - Updating voting groups for 4 voters
2025-08-06 21:17:48 - Updating voting groups for 4 voters
2025-08-06 21:18:52 - Updating voting groups for 4 voters
2025-08-06 21:19:57 - Updating voting groups for 4 voters
2025-08-06 21:21:01 - Updating voting groups for 4 voters
2025-08-06 21:22:05 - Updating voting groups for 4 voters
2025-08-06 21:23:10 - Updating voting groups for 4 voters
2025-08-06 21:24:14 - Updating voting groups for 4 voters
2025-08-06 21:25:18 - Updating voting groups for 4 voters
2025-08-06 21:26:23 - Updating voting groups for 4 voters
2025-08-06 21:27:27 - Updating voting groups for 4 voters
2025-08-06 21:28:30 - Updating voting groups for 4 voters
2025-08-06 21:29:35 - Updating voting groups for 4 voters
2025-08-06 21:30:39 - Updating voting groups for 4 voters
2025-08-06 21:31:44 - Updating voting groups for 4 voters
2025-08-06 21:32:48 - Updating voting groups for 4 voters
2025-08-06 21:33:52 - Updating voting groups for 4 voters
2025-08-06 21:34:56 - Updating voting groups for 4 voters
2025-08-06 21:36:00 - Updating voting groups for 4 voters
2025-08-06 21:37:05 - Updating voting groups for 4 voters
2025-08-06 21:38:09 - Updating voting groups for 4 voters
2025-08-06 21:39:12 - Updating voting groups for 4 voters
2025-08-06 21:40:17 - Updating voting groups for 4 voters
2025-08-06 21:41:20 - Updating voting groups for 4 voters
2025-08-06 21:42:24 - Updating voting groups for 4 voters
2025-08-06 21:43:28 - Updating voting groups for 4 voters
2025-08-06 21:44:31 - Updating voting groups for 4 voters
2025-08-06 21:45:36 - Updating voting groups for 4 voters
2025-08-06 21:46:39 - Updating voting groups for 4 voters
2025-08-06 21:47:43 - Updating voting groups for 4 voters
2025-08-06 21:48:47 - Updating voting groups for 4 voters
2025-08-06 21:49:52 - Updating voting groups for 4 voters
2025-08-06 21:50:56 - Updating voting groups for 4 voters
2025-08-06 21:51:59 - Updating voting groups for 4 voters
2025-08-06 21:53:03 - Updating voting groups for 4 voters
2025-08-06 21:54:08 - Updating voting groups for 4 voters
2025-08-06 21:55:12 - Updating voting groups for 4 voters
2025-08-06 21:56:17 - Updating voting groups for 4 voters
2025-08-06 21:57:21 - Updating voting groups for 4 voters
2025-08-06 21:58:25 - Updating voting groups for 4 voters
2025-08-06 21:59:30 - Updating voting groups for 4 voters
2025-08-06 22:00:34 - Updating voting groups for 4 voters
2025-08-06 22:01:37 - Updating voting groups for 4 voters
2025-08-06 22:02:40 - Updating voting groups for 4 voters
2025-08-06 22:03:44 - Updating voting groups for 4 voters
2025-08-06 22:04:48 - Updating voting groups for 4 voters
2025-08-06 22:05:51 - Updating voting groups for 4 voters
2025-08-06 22:06:55 - Updating voting groups for 4 voters
2025-08-06 22:07:57 - Updating voting groups for 4 voters
2025-08-06 22:09:02 - Updating voting groups for 4 voters
2025-08-06 22:10:05 - Updating voting groups for 4 voters
2025-08-06 22:11:08 - Updating voting groups for 4 voters
2025-08-06 22:12:12 - Updating voting groups for 4 voters
2025-08-06 22:13:15 - Updating voting groups for 4 voters
2025-08-06 22:14:19 - Updating voting groups for 4 voters
2025-08-06 22:15:22 - Updating voting groups for 4 voters
2025-08-06 22:16:25 - Updating voting groups for 4 voters
2025-08-06 22:17:28 - Updating voting groups for 4 voters
2025-08-06 22:18:32 - Updating voting groups for 4 voters
2025-08-06 22:19:34 - Updating voting groups for 4 voters
2025-08-06 22:20:37 - Updating voting groups for 4 voters
2025-08-06 22:21:40 - Updating voting groups for 4 voters
2025-08-06 22:22:44 - Updating voting groups for 4 voters
2025-08-06 22:23:49 - Updating voting groups for 4 voters
2025-08-06 22:24:52 - Updating voting groups for 4 voters
2025-08-06 22:25:55 - Updating voting groups for 4 voters
2025-08-06 22:26:58 - Updating voting groups for 4 voters
2025-08-06 22:28:04 - Updating voting groups for 4 voters
2025-08-06 22:29:08 - Updating voting groups for 4 voters
2025-08-06 22:30:12 - Updating voting groups for 4 voters
2025-08-06 22:31:14 - Updating voting groups for 4 voters
2025-08-06 22:32:19 - Updating voting groups for 4 voters
2025-08-06 22:33:22 - Updating voting groups for 4 voters
2025-08-06 22:34:25 - Updating voting groups for 4 voters
2025-08-06 22:35:28 - Updating voting groups for 4 voters
2025-08-06 22:36:31 - Updating voting groups for 4 voters
2025-08-06 22:37:35 - Updating voting groups for 4 voters
2025-08-06 22:38:39 - Updating voting groups for 4 voters
2025-08-06 22:39:42 - Updating voting groups for 4 voters
2025-08-06 22:40:46 - Updating voting groups for 4 voters
2025-08-06 22:41:48 - Updating voting groups for 4 voters
2025-08-06 22:42:53 - Updating voting groups for 4 voters
2025-08-06 22:43:57 - Updating voting groups for 4 voters
2025-08-06 22:45:00 - Updating voting groups for 4 voters
2025-08-06 22:46:04 - Updating voting groups for 4 voters
2025-08-06 22:47:07 - Updating voting groups for 4 voters
2025-08-06 22:48:10 - Updating voting groups for 4 voters
2025-08-06 22:49:13 - Updating voting groups for 4 voters
2025-08-06 22:50:17 - Updating voting groups for 4 voters
2025-08-06 22:51:21 - Updating voting groups for 4 voters
2025-08-06 22:52:24 - Updating voting groups for 4 voters
2025-08-06 22:53:29 - Updating voting groups for 4 voters
2025-08-06 22:54:34 - Updating voting groups for 4 voters
2025-08-06 22:55:37 - Updating voting groups for 4 voters
2025-08-06 22:56:41 - Updating voting groups for 4 voters
2025-08-06 22:57:45 - Updating voting groups for 4 voters
2025-08-06 22:58:49 - Updating voting groups for 4 voters
2025-08-06 22:59:53 - Updating voting groups for 4 voters
2025-08-06 23:00:56 - Updating voting groups for 4 voters
2025-08-06 23:02:00 - Updating voting groups for 4 voters
2025-08-06 23:03:02 - Updating voting groups for 4 voters
2025-08-06 23:04:07 - Updating voting groups for 4 voters
2025-08-06 23:05:12 - Updating voting groups for 4 voters
2025-08-06 23:06:16 - Updating voting groups for 4 voters
2025-08-06 23:07:19 - Updating voting groups for 4 voters
2025-08-06 23:08:23 - Updating voting groups for 4 voters
2025-08-06 23:09:27 - Updating voting groups for 4 voters
2025-08-06 23:10:31 - Updating voting groups for 4 voters
2025-08-06 23:11:35 - Updating voting groups for 4 voters
2025-08-06 23:12:38 - Updating voting groups for 4 voters
2025-08-06 23:13:41 - Updating voting groups for 4 voters
2025-08-06 23:14:45 - Updating voting groups for 4 voters
2025-08-06 23:15:48 - Updating voting groups for 4 voters
2025-08-06 23:16:52 - Updating voting groups for 4 voters
2025-08-06 23:17:55 - Updating voting groups for 4 voters
2025-08-06 23:18:57 - Updating voting groups for 4 voters
2025-08-06 23:20:00 - Updating voting groups for 4 voters
2025-08-06 23:21:05 - Updating voting groups for 4 voters
2025-08-06 23:22:08 - Updating voting groups for 4 voters
2025-08-06 23:23:13 - Updating voting groups for 4 voters
2025-08-06 23:24:16 - Updating voting groups for 4 voters
2025-08-06 23:25:20 - Updating voting groups for 4 voters
2025-08-06 23:26:23 - Updating voting groups for 4 voters
2025-08-06 23:27:26 - Updating voting groups for 4 voters
2025-08-06 23:28:29 - Updating voting groups for 4 voters
2025-08-06 23:29:32 - Updating voting groups for 4 voters
2025-08-06 23:30:37 - Updating voting groups for 4 voters
2025-08-06 23:31:39 - Updating voting groups for 4 voters
2025-08-06 23:32:42 - Updating voting groups for 4 voters
2025-08-06 23:33:46 - Updating voting groups for 4 voters
2025-08-06 23:34:49 - Updating voting groups for 4 voters
2025-08-06 23:35:51 - Updating voting groups for 4 voters
2025-08-06 23:36:54 - Updating voting groups for 4 voters
2025-08-06 23:37:57 - Updating voting groups for 4 voters
2025-08-06 23:39:01 - Updating voting groups for 4 voters
2025-08-06 23:40:05 - Updating voting groups for 4 voters
2025-08-06 23:41:07 - Updating voting groups for 4 voters
2025-08-06 23:42:10 - Updating voting groups for 4 voters
2025-08-06 23:43:14 - Updating voting groups for 4 voters
2025-08-06 23:44:17 - Updating voting groups for 4 voters
2025-08-06 23:45:20 - Updating voting groups for 4 voters
2025-08-06 23:46:24 - Updating voting groups for 4 voters
2025-08-06 23:47:27 - Updating voting groups for 4 voters
2025-08-06 23:48:30 - Updating voting groups for 4 voters
2025-08-06 23:49:34 - Updating voting groups for 4 voters
2025-08-06 23:50:37 - Updating voting groups for 4 voters
2025-08-06 23:51:41 - Updating voting groups for 4 voters
2025-08-06 23:52:44 - Updating voting groups for 4 voters
2025-08-06 23:53:47 - Updating voting groups for 4 voters
2025-08-06 23:54:51 - Updating voting groups for 4 voters
2025-08-06 23:55:54 - Updating voting groups for 4 voters
2025-08-06 23:56:58 - Updating voting groups for 4 voters
2025-08-06 23:58:01 - Updating voting groups for 4 voters
2025-08-06 23:59:03 - Updating voting groups for 4 voters
