[2025-05-29 00:01:05] [GvKQC+0wB2vJXrx64sJ8sS41K2w=] [Pol'zovatel'] Checking for teleport settings on connect
[2025-05-29 00:01:05] [GvKQC+0wB2vJXrx64sJ8sS41K2w=] [Pol'zovatel'] No teleport entry found for this user
[2025-05-29 00:05:46] [Mb6dR/g4URSfDnUQLHUZn7ZBzJg=] [TeamSpeakUser4] Checking for teleport settings on connect
[2025-05-29 00:05:46] [Mb6dR/g4URSfDnUQLHUZn7ZBzJg=] [TeamSpeakUser4] No teleport entry found for this user
[2025-05-29 00:08:56] [6QTSVZJXFWVj3iE7IzR5O0qjvAA=] [Maprhendil] Checking for teleport settings on connect
[2025-05-29 00:08:56] [6QTSVZJXFWVj3iE7IzR5O0qjvAA=] [Maprhendil] No teleport entry found for this user
[2025-05-29 00:14:24] [759S1bx+7GedF1jF7fnNWOPTC6k=] [134214124] Checking for teleport settings on connect
[2025-05-29 00:14:24] [759S1bx+7GedF1jF7fnNWOPTC6k=] [134214124] No teleport entry found for this user
[2025-05-29 00:14:46] [MarBbTtCOdPsPCcTGPUko7UH7Sk=] [billy nogami] Checking for teleport settings on connect
[2025-05-29 00:14:46] [MarBbTtCOdPsPCcTGPUko7UH7Sk=] [billy nogami] No teleport entry found for this user
[2025-05-29 00:14:57] [5tr0bmquCHHSQKHnrvHDA84gg1s=] [DADA] Checking for teleport settings on connect
[2025-05-29 00:14:57] [5tr0bmquCHHSQKHnrvHDA84gg1s=] [DADA] No teleport entry found for this user
[2025-05-29 00:15:19] [0TS7jt0APSegEgA9K9hIWfin7m0=] [dadaok] Checking for teleport settings on connect
[2025-05-29 00:15:19] [0TS7jt0APSegEgA9K9hIWfin7m0=] [dadaok] No teleport entry found for this user
[2025-05-29 00:35:58] [UINiUnQ/eAgNIPOPr4tSfW+qXvo=] [Потужний Фід] Checking for teleport settings on connect
[2025-05-29 00:35:58] [UINiUnQ/eAgNIPOPr4tSfW+qXvo=] [Потужний Фід] No teleport entry found for this user
[2025-05-29 00:56:31] [fH55ADpBJR2Pf03gH5EIVyAAuTk=] [W1zard] Checking for teleport settings on connect
[2025-05-29 00:56:31] [fH55ADpBJR2Pf03gH5EIVyAAuTk=] [W1zard] No teleport entry found for this user
[2025-05-29 01:00:10] [wHu8CcJA3lzMnjKWRMwrrvCJbLs=] [PoPoEyE] Checking for teleport settings on connect
[2025-05-29 01:00:10] [wHu8CcJA3lzMnjKWRMwrrvCJbLs=] [PoPoEyE] No teleport entry found for this user
[2025-05-29 01:10:55] [qI2AgL2fCVT+OOYvCkUB1vKBbFE=] [xDimitryxEc] Checking for teleport settings on connect
[2025-05-29 01:10:55] [qI2AgL2fCVT+OOYvCkUB1vKBbFE=] [xDimitryxEc] No teleport entry found for this user
[2025-05-29 01:20:11] [rShY/1ZC2w9lkwgM2GcewWZlxrw=] [LokyJR16] Checking for teleport settings on connect
[2025-05-29 01:20:11] [rShY/1ZC2w9lkwgM2GcewWZlxrw=] [LokyJR16] No teleport entry found for this user
[2025-05-29 01:21:49] [VNEMZGVfsM3a7FyUkiKK12KnFvw=] [rowdy] Checking for teleport settings on connect
[2025-05-29 01:21:49] [VNEMZGVfsM3a7FyUkiKK12KnFvw=] [rowdy] No teleport entry found for this user
[2025-05-29 02:04:30] [bZvg3YpLPPLqxb2ddFUZeJYpkN8=] [Rowyn] Checking for teleport settings on connect
[2025-05-29 02:04:30] [bZvg3YpLPPLqxb2ddFUZeJYpkN8=] [Rowyn] No teleport entry found for this user
[2025-05-29 02:37:54] [etWEd7l/8ww5z66w9CIO2zBH6A4=] [I ❤ US Only Rap Radio] User in ignored groups, skipping teleport check
[2025-05-29 03:44:31] [PAPjw5ou1pxtJ/LMEXPWWL4eKGI=] [aeRR] Checking for teleport settings on connect
[2025-05-29 03:44:31] [PAPjw5ou1pxtJ/LMEXPWWL4eKGI=] [aeRR] No teleport entry found for this user
[2025-05-29 03:45:47] [B1Kal3VDaCvvLYIO1wifSPcczSc=] [yunus] Checking for teleport settings on connect
[2025-05-29 03:45:47] [B1Kal3VDaCvvLYIO1wifSPcczSc=] [yunus] No teleport entry found for this user
[2025-05-29 03:46:29] [3l3KspIiO4B08p5SPEi2NFEESEo=] [vitinholindao] Checking for teleport settings on connect
[2025-05-29 03:46:29] [3l3KspIiO4B08p5SPEi2NFEESEo=] [vitinholindao] No teleport entry found for this user
[2025-05-29 03:57:47] [Pb00Wa71sGtzG6divLKKbkmJW5U=] [SysmoUsercid=140] Checking for teleport settings on connect
[2025-05-29 03:57:47] [Pb00Wa71sGtzG6divLKKbkmJW5U=] [SysmoUsercid=140] No teleport entry found for this user
[2025-05-29 04:01:09] [hw150SGC8CbyhHe0NgcS2JnQeaY=] [SysmoUsercid=1401] Checking for teleport settings on connect
[2025-05-29 04:01:09] [hw150SGC8CbyhHe0NgcS2JnQeaY=] [SysmoUsercid=1401] No teleport entry found for this user
[2025-05-29 04:31:16] [qI2AgL2fCVT+OOYvCkUB1vKBbFE=] [xDimitryxEc] Checking for teleport settings on connect
[2025-05-29 04:31:16] [qI2AgL2fCVT+OOYvCkUB1vKBbFE=] [xDimitryxEc] No teleport entry found for this user
[2025-05-29 04:43:00] [rShY/1ZC2w9lkwgM2GcewWZlxrw=] [LokyJR16] Checking for teleport settings on connect
[2025-05-29 04:43:00] [rShY/1ZC2w9lkwgM2GcewWZlxrw=] [LokyJR16] No teleport entry found for this user
[2025-05-29 05:03:18] [rfSlRu7uzjI8pCmk2erQZXW6+7M=] [juju] Checking for teleport settings on connect
[2025-05-29 05:03:18] [rfSlRu7uzjI8pCmk2erQZXW6+7M=] [juju] No teleport entry found for this user
[2025-05-29 05:04:54] [BeICdvIiZVCXM27KQGZo0ienVIU=] [ordep] Checking for teleport settings on connect
[2025-05-29 05:04:54] [BeICdvIiZVCXM27KQGZo0ienVIU=] [ordep] No teleport entry found for this user
[2025-05-29 05:28:58] [jWxbfxhLxs9dPa3t1WUnys7gnbk=] [Richard_TH] Checking for teleport settings on connect
[2025-05-29 05:28:58] [jWxbfxhLxs9dPa3t1WUnys7gnbk=] [Richard_TH] No teleport entry found for this user
[2025-05-29 05:29:20] [3PUL5t5Jz0KW4hyrBCzi+BArN60=] [tenshin_non] Checking for teleport settings on connect
[2025-05-29 05:29:20] [3PUL5t5Jz0KW4hyrBCzi+BArN60=] [tenshin_non] No teleport entry found for this user
[2025-05-29 06:13:32] [RvQCOE641QKD3fODY/YAvxOrNw8=] [Luckyman] Checking for teleport settings on connect
[2025-05-29 06:13:32] [RvQCOE641QKD3fODY/YAvxOrNw8=] [Luckyman] No teleport entry found for this user
[2025-05-29 06:13:34] [h0VuCZ2TUXFCJCTTYaDOlIsousY=] [Oleg] Checking for teleport settings on connect
[2025-05-29 06:13:34] [h0VuCZ2TUXFCJCTTYaDOlIsousY=] [Oleg] No teleport entry found for this user
[2025-05-29 06:13:34] [h0VuCZ2TUXFCJCTTYaDOlIsousY=] [Oleg] Checking for teleport settings on connect
[2025-05-29 06:13:34] [h0VuCZ2TUXFCJCTTYaDOlIsousY=] [Oleg] No teleport entry found for this user
[2025-05-29 06:13:34] [h0VuCZ2TUXFCJCTTYaDOlIsousY=] [Oleg] Checking for teleport settings on connect
[2025-05-29 06:13:34] [h0VuCZ2TUXFCJCTTYaDOlIsousY=] [Oleg] No teleport entry found for this user
[2025-05-29 08:36:02] [vs+7gbTKwu+h+XgDI2qVApOBkfk=] [viko(ع)] Checking for teleport settings on connect
[2025-05-29 08:36:02] [vs+7gbTKwu+h+XgDI2qVApOBkfk=] [viko(ع)] No teleport entry found for this user
[2025-05-29 08:39:23] [vs+7gbTKwu+h+XgDI2qVApOBkfk=] [Viko(ع)] Checking for teleport settings on connect
[2025-05-29 08:39:23] [vs+7gbTKwu+h+XgDI2qVApOBkfk=] [Viko(ع)] No teleport entry found for this user
[2025-05-29 08:39:24] [sC96QZMY/yY8Fc9QjquVCkLiW2c=] [Amirali] Checking for teleport settings on connect
[2025-05-29 08:39:24] [sC96QZMY/yY8Fc9QjquVCkLiW2c=] [Amirali] No teleport entry found for this user
[2025-05-29 08:39:59] [vs+7gbTKwu+h+XgDI2qVApOBkfk=] [Viko(ع)] Checking for teleport settings on connect
[2025-05-29 08:39:59] [vs+7gbTKwu+h+XgDI2qVApOBkfk=] [Viko(ع)] No teleport entry found for this user
[2025-05-29 08:52:49] [39Hn80GzU936S3hLOAjj8iP5kpg=] [Shawaj] Checking for teleport settings on connect
[2025-05-29 08:52:49] [39Hn80GzU936S3hLOAjj8iP5kpg=] [Shawaj] No teleport entry found for this user
[2025-05-29 08:58:56] [IF9FpR3gAmSxQsnDcZCQBde7iWY=] [pipisin] Checking for teleport settings on connect
[2025-05-29 08:58:56] [IF9FpR3gAmSxQsnDcZCQBde7iWY=] [pipisin] No teleport entry found for this user
[2025-05-29 09:06:51] [bRevbiJW/A9S0s2cg5fC1JTRSHo=] [poka] Checking for teleport settings on connect
[2025-05-29 09:06:51] [bRevbiJW/A9S0s2cg5fC1JTRSHo=] [poka] No teleport entry found for this user
[2025-05-29 09:47:14] [s5SoU0O6Mp2lEkoeWlMc2247gBk=] [don] Checking for teleport settings on connect
[2025-05-29 09:47:14] [s5SoU0O6Mp2lEkoeWlMc2247gBk=] [don] No teleport entry found for this user
[2025-05-29 10:19:43] [WtWgpfS8UE18SW7yGXm3r1yoO/c=] [Kowismo] Checking for teleport settings on connect
[2025-05-29 10:19:43] [WtWgpfS8UE18SW7yGXm3r1yoO/c=] [Kowismo] No teleport entry found for this user
[2025-05-29 10:20:39] [aEmjlKBkg2d9gRUFp/PPg/JRL1M=] [hui] Checking for teleport settings on connect
[2025-05-29 10:20:39] [aEmjlKBkg2d9gRUFp/PPg/JRL1M=] [hui] No teleport entry found for this user
[2025-05-29 10:25:13] [NrinzN9i22mrI5io8FdxB4B1/Os=] [daGGetTt] Checking for teleport settings on connect
[2025-05-29 10:25:13] [NrinzN9i22mrI5io8FdxB4B1/Os=] [daGGetTt] No teleport entry found for this user
[2025-05-29 10:34:32] [WtWgpfS8UE18SW7yGXm3r1yoO/c=] [Kowismo] Checking for teleport settings on connect
[2025-05-29 10:34:32] [WtWgpfS8UE18SW7yGXm3r1yoO/c=] [Kowismo] No teleport entry found for this user
[2025-05-29 10:36:32] [ow+Zi/O4SnJIvwHosoZ7zIvOOK8=] [shinigami] Checking for teleport settings on connect
[2025-05-29 10:36:32] [ow+Zi/O4SnJIvwHosoZ7zIvOOK8=] [shinigami] No teleport entry found for this user
[2025-05-29 10:45:14] [RqO0/Dx4SNHKXVIHbKEBsXbdjV4=] [bo0ogeymana] Checking for teleport settings on connect
[2025-05-29 10:45:14] [RqO0/Dx4SNHKXVIHbKEBsXbdjV4=] [bo0ogeymana] No teleport entry found for this user
[2025-05-29 10:45:40] [GgPYbHIrx/l9utWwdfi8ICJAOg0=] [TeamSpeakUser] Checking for teleport settings on connect
[2025-05-29 10:45:40] [GgPYbHIrx/l9utWwdfi8ICJAOg0=] [TeamSpeakUser] No teleport entry found for this user
[2025-05-29 10:50:34] [gITtVlfHYxsd3mvOfTblKNtJBDU=] [4iff] Checking for teleport settings on connect
[2025-05-29 10:50:34] [gITtVlfHYxsd3mvOfTblKNtJBDU=] [4iff] No teleport entry found for this user
[2025-05-29 10:51:13] [0TS7jt0APSegEgA9K9hIWfin7m0=] [dadaok] Checking for teleport settings on connect
[2025-05-29 10:51:13] [0TS7jt0APSegEgA9K9hIWfin7m0=] [dadaok] No teleport entry found for this user
[2025-05-29 10:58:45] [NrinzN9i22mrI5io8FdxB4B1/Os=] [daGGetTt] Checking for teleport settings on connect
[2025-05-29 10:58:45] [NrinzN9i22mrI5io8FdxB4B1/Os=] [daGGetTt] No teleport entry found for this user
[2025-05-29 11:16:05] [2Zv1tQifTits/TglzJHkXZCIFx4=] [r1mmi] Checking for teleport settings on connect
[2025-05-29 11:16:05] [2Zv1tQifTits/TglzJHkXZCIFx4=] [r1mmi] No teleport entry found for this user
[2025-05-29 11:25:03] [qQE/h4Dj4T5WaAMgAFtXauAusk8=] [fam0us] Checking for teleport settings on connect
[2025-05-29 11:25:03] [qQE/h4Dj4T5WaAMgAFtXauAusk8=] [fam0us] No teleport entry found for this user
[2025-05-29 11:33:20] [qvf2/IsRm9TsXSmNMeDEuXuIC3s=] [Mood] Checking for teleport settings on connect
[2025-05-29 11:33:20] [qvf2/IsRm9TsXSmNMeDEuXuIC3s=] [Mood] No teleport entry found for this user
[2025-05-29 11:33:48] [gIv03ZtQuihw+6fOW0VT0H6h6c8=] [chapa] Checking for teleport settings on connect
[2025-05-29 11:33:48] [gIv03ZtQuihw+6fOW0VT0H6h6c8=] [chapa] No teleport entry found for this user
[2025-05-29 11:44:48] [K2HiGZ6DHKr+xxANngHd25Rgwk8=] [Saitama] Checking for teleport settings on connect
[2025-05-29 11:44:48] [K2HiGZ6DHKr+xxANngHd25Rgwk8=] [Saitama] No teleport entry found for this user
[2025-05-29 11:45:59] [8jWYwUGg0/+wB5e6DHxegNVrSvg=] [TeamSpeakUser1] Checking for teleport settings on connect
[2025-05-29 11:45:59] [8jWYwUGg0/+wB5e6DHxegNVrSvg=] [TeamSpeakUser1] No teleport entry found for this user
[2025-05-29 11:47:39] [towLfRNQcO45XOgzoAGrcrQCgK8=] [Kerollanos] Checking for teleport settings on connect
[2025-05-29 11:47:39] [towLfRNQcO45XOgzoAGrcrQCgK8=] [Kerollanos] No teleport entry found for this user
[2025-05-29 11:53:05] [towLfRNQcO45XOgzoAGrcrQCgK8=] [Kerollanos] Checking for teleport settings on connect
[2025-05-29 11:53:05] [towLfRNQcO45XOgzoAGrcrQCgK8=] [Kerollanos] No teleport entry found for this user
[2025-05-29 11:59:55] [6QTSVZJXFWVj3iE7IzR5O0qjvAA=] [Maprhendil] Checking for teleport settings on connect
[2025-05-29 11:59:55] [6QTSVZJXFWVj3iE7IzR5O0qjvAA=] [Maprhendil] No teleport entry found for this user
[2025-05-29 12:01:44] [MQ3mzkgPKf3CSM++TDpopXnLpzs=] [clamoris] Checking for teleport settings on connect
[2025-05-29 12:01:44] [MQ3mzkgPKf3CSM++TDpopXnLpzs=] [clamoris] No teleport entry found for this user
[2025-05-29 12:05:15] [5ZvYFMXJAKGz5wiBzn69OjZSFkQ=] [Xeysull] Checking for teleport settings on connect
[2025-05-29 12:05:15] [5ZvYFMXJAKGz5wiBzn69OjZSFkQ=] [Xeysull] No teleport entry found for this user
[2025-05-29 12:06:58] [JQjkbXWg2IZZb/L8yEMNhCkXVDo=] [Ali_heydari*9] Checking for teleport settings on connect
[2025-05-29 12:06:58] [JQjkbXWg2IZZb/L8yEMNhCkXVDo=] [Ali_heydari*9] No teleport entry found for this user
[2025-05-29 12:10:55] [3l3KspIiO4B08p5SPEi2NFEESEo=] [vitinholindao] Checking for teleport settings on connect
[2025-05-29 12:10:55] [3l3KspIiO4B08p5SPEi2NFEESEo=] [vitinholindao] No teleport entry found for this user
[2025-05-29 12:12:46] [ApGOvBfHiF4LkCqXC+tl8KqL1+E=] [BORZ95] Checking for teleport settings on connect
[2025-05-29 12:12:46] [ApGOvBfHiF4LkCqXC+tl8KqL1+E=] [BORZ95] No teleport entry found for this user
[2025-05-29 12:18:15] [OpjjlQ6AR62kjCr+S8WpNUFMFbc=] [Lobby] User in ignored groups, skipping teleport check
[2025-05-29 12:21:15] [KgtWKCUgHe+YIFq4EEIuJUQeydU=] [Mehdi_km81] Checking for teleport settings on connect
[2025-05-29 12:21:15] [KgtWKCUgHe+YIFq4EEIuJUQeydU=] [Mehdi_km81] No teleport entry found for this user
[2025-05-29 12:26:41] [OSuJmyATK35yzJtpMgOmp65oKhE=] [d3d9x] Checking for teleport settings on connect
[2025-05-29 12:26:41] [OSuJmyATK35yzJtpMgOmp65oKhE=] [d3d9x] No teleport entry found for this user
[2025-05-29 12:27:46] [OpjjlQ6AR62kjCr+S8WpNUFMFbc=] [Lobby] User in ignored groups, skipping teleport check
[2025-05-29 12:28:05] [etWEd7l/8ww5z66w9CIO2zBH6A4=] [I ❤ US Only Rap Radio] User in ignored groups, skipping teleport check
[2025-05-29 12:43:11] [F4Rot6aSlWU5OFZBOarP2RTzrYY=] [INSANE] Checking for teleport settings on connect
[2025-05-29 12:43:11] [F4Rot6aSlWU5OFZBOarP2RTzrYY=] [INSANE] No teleport entry found for this user
[2025-05-29 12:50:03] [KgtWKCUgHe+YIFq4EEIuJUQeydU=] [Mehdi_km81] Checking for teleport settings on connect
[2025-05-29 12:50:03] [KgtWKCUgHe+YIFq4EEIuJUQeydU=] [Mehdi_km81] No teleport entry found for this user
[2025-05-29 12:50:30] [y6Dvn19VXbBd0XOSXfMEraqacFI=] [CrypticBlitz96] Checking for teleport settings on connect
[2025-05-29 12:50:30] [y6Dvn19VXbBd0XOSXfMEraqacFI=] [CrypticBlitz96] No teleport entry found for this user
[2025-05-29 12:51:06] [nIQOawer89tHUDGKaV+eAn1G8N8=] [x7uned 🌊] Checking for teleport settings on connect
[2025-05-29 12:51:06] [nIQOawer89tHUDGKaV+eAn1G8N8=] [x7uned 🌊] No teleport entry found for this user
[2025-05-29 12:51:21] [PhckJHuRGWp+/oEYJbm3VNrgZkw=] [Br4d117] Checking for teleport settings on connect
[2025-05-29 12:51:21] [PhckJHuRGWp+/oEYJbm3VNrgZkw=] [Br4d117] No teleport entry found for this user
[2025-05-29 12:51:28] [39Hn80GzU936S3hLOAjj8iP5kpg=] [Shawaj] Checking for teleport settings on connect
[2025-05-29 12:51:28] [39Hn80GzU936S3hLOAjj8iP5kpg=] [Shawaj] No teleport entry found for this user
[2025-05-29 12:51:50] [s5SoU0O6Mp2lEkoeWlMc2247gBk=] [don] Checking for teleport settings on connect
[2025-05-29 12:51:50] [s5SoU0O6Mp2lEkoeWlMc2247gBk=] [don] No teleport entry found for this user
[2025-05-29 12:52:53] [MarBbTtCOdPsPCcTGPUko7UH7Sk=] [billy nogami] Checking for teleport settings on connect
[2025-05-29 12:52:53] [MarBbTtCOdPsPCcTGPUko7UH7Sk=] [billy nogami] No teleport entry found for this user
[2025-05-29 12:53:01] [DSvlDMldPSHoEhte/Rkx+TtrQx8=] [rainfalllbtw] Checking for teleport settings on connect
[2025-05-29 12:53:01] [DSvlDMldPSHoEhte/Rkx+TtrQx8=] [rainfalllbtw] No teleport entry found for this user
[2025-05-29 12:54:10] [zFBzQekn7RRpFlm42qehhSNPfm0=] [Pyatorochka] Checking for teleport settings on connect
[2025-05-29 12:54:10] [zFBzQekn7RRpFlm42qehhSNPfm0=] [Pyatorochka] No teleport entry found for this user
[2025-05-29 12:55:30] [m3jwrJafD7Z1HcDm7lAZbGqtROY=] [zui] Checking for teleport settings on connect
[2025-05-29 12:55:30] [m3jwrJafD7Z1HcDm7lAZbGqtROY=] [zui] No teleport entry found for this user
[2025-05-29 13:00:32] [5tr0bmquCHHSQKHnrvHDA84gg1s=] [DADA] Checking for teleport settings on connect
[2025-05-29 13:00:32] [5tr0bmquCHHSQKHnrvHDA84gg1s=] [DADA] No teleport entry found for this user
[2025-05-29 13:09:15] [KgtWKCUgHe+YIFq4EEIuJUQeydU=] [Mehdi_km81] Checking for teleport settings on connect
[2025-05-29 13:09:15] [KgtWKCUgHe+YIFq4EEIuJUQeydU=] [Mehdi_km81] No teleport entry found for this user
[2025-05-29 13:42:35] [ilO9JAl5glx+WikZA6SZqmic0Iw=] [kaiizenn] Checking for teleport settings on connect
[2025-05-29 13:42:35] [ilO9JAl5glx+WikZA6SZqmic0Iw=] [kaiizenn] No teleport entry found for this user
[2025-05-29 13:45:38] [bZvg3YpLPPLqxb2ddFUZeJYpkN8=] [Rowyn] Checking for teleport settings on connect
[2025-05-29 13:45:38] [bZvg3YpLPPLqxb2ddFUZeJYpkN8=] [Rowyn] No teleport entry found for this user
[2025-05-29 13:47:21] [6tkIpkyqeLVC7JOUj0tubaPsYKM=] [Ribella] Checking for teleport settings on connect
[2025-05-29 13:47:21] [6tkIpkyqeLVC7JOUj0tubaPsYKM=] [Ribella] No teleport entry found for this user
[2025-05-29 13:47:25] [7OPNxHcTHSq+znXytBlDRPU74IQ=] [NaiRoD] Checking for teleport settings on connect
[2025-05-29 13:47:25] [7OPNxHcTHSq+znXytBlDRPU74IQ=] [NaiRoD] No teleport entry found for this user
[2025-05-29 13:56:35] [0pfL6k6+uhY3YJUK1FucX6agAV8=] [MC durak] Checking for teleport settings on connect
[2025-05-29 13:56:35] [0pfL6k6+uhY3YJUK1FucX6agAV8=] [MC durak] No teleport entry found for this user
[2025-05-29 14:01:42] [ayHUOzBuuInw8J/HHBAIDIq0cYY=] [bohun ivan] Checking for teleport settings on connect
[2025-05-29 14:01:42] [ayHUOzBuuInw8J/HHBAIDIq0cYY=] [bohun ivan] No teleport entry found for this user
[2025-05-29 14:03:12] [jyNREbFc1g7kS1FKSohnZyaSx+g=] [ivansultan] Checking for teleport settings on connect
[2025-05-29 14:03:12] [jyNREbFc1g7kS1FKSohnZyaSx+g=] [ivansultan] No teleport entry found for this user
[2025-05-29 14:06:38] [0XIPokUUTEkn00muYiwnSCQJ4wM=] [credolls] Checking for teleport settings on connect
[2025-05-29 14:06:38] [0XIPokUUTEkn00muYiwnSCQJ4wM=] [credolls] No teleport entry found for this user
[2025-05-29 14:13:11] [5tr0bmquCHHSQKHnrvHDA84gg1s=] [DADA] Checking for teleport settings on connect
[2025-05-29 14:13:11] [5tr0bmquCHHSQKHnrvHDA84gg1s=] [DADA] No teleport entry found for this user
[2025-05-29 14:14:21] [3qlQ6qWEnLsHTWbGo9FZGpDLk4U=] [2109] Checking for teleport settings on connect
[2025-05-29 14:14:21] [3qlQ6qWEnLsHTWbGo9FZGpDLk4U=] [2109] No teleport entry found for this user
[2025-05-29 14:14:24] [MYSMWOg1rcy9rUxqNVjO3N+2XOU=] [korobka] Checking for teleport settings on connect
[2025-05-29 14:14:24] [MYSMWOg1rcy9rUxqNVjO3N+2XOU=] [korobka] No teleport entry found for this user
[2025-05-29 14:21:00] [mbP4nghKzvRW54vnBJ4hB+FVGdw=] [Andy] Checking for teleport settings on connect
[2025-05-29 14:21:00] [mbP4nghKzvRW54vnBJ4hB+FVGdw=] [Andy] No teleport entry found for this user
[2025-05-29 14:22:36] [B1Kal3VDaCvvLYIO1wifSPcczSc=] [yunus] Checking for teleport settings on connect
[2025-05-29 14:22:36] [B1Kal3VDaCvvLYIO1wifSPcczSc=] [yunus] No teleport entry found for this user
[2025-05-29 14:22:42] [PAPjw5ou1pxtJ/LMEXPWWL4eKGI=] [aeRR] Checking for teleport settings on connect
[2025-05-29 14:22:42] [PAPjw5ou1pxtJ/LMEXPWWL4eKGI=] [aeRR] No teleport entry found for this user
[2025-05-29 14:27:03] [tb78J5bG34S4oNjf6ox9G+LBPWs=] [ZakLord2864] Checking for teleport settings on connect
[2025-05-29 14:27:03] [tb78J5bG34S4oNjf6ox9G+LBPWs=] [ZakLord2864] No teleport entry found for this user
[2025-05-29 14:36:13] [Y+y7kViMLNVec4YSuwnPrmjBNzM=] [Mans] Checking for teleport settings on connect
[2025-05-29 14:36:13] [Y+y7kViMLNVec4YSuwnPrmjBNzM=] [Mans] No teleport entry found for this user
[2025-05-29 14:36:31] [ZVtzCC3AGsu7YpNwUjhtf4Bh78Y=] [Eldar] Checking for teleport settings on connect
[2025-05-29 14:36:31] [ZVtzCC3AGsu7YpNwUjhtf4Bh78Y=] [Eldar] No teleport entry found for this user
[2025-05-29 14:36:59] [7lkgv1NgBUC4Nbvfz0XxfSTDHSQ=] [Platonuch_UA] Checking for teleport settings on connect
[2025-05-29 14:36:59] [7lkgv1NgBUC4Nbvfz0XxfSTDHSQ=] [Platonuch_UA] No teleport entry found for this user
[2025-05-29 14:37:09] [tb78J5bG34S4oNjf6ox9G+LBPWs=] [ФимозТВ] Checking for teleport settings on connect
[2025-05-29 14:37:09] [tb78J5bG34S4oNjf6ox9G+LBPWs=] [ФимозТВ] No teleport entry found for this user
[2025-05-29 14:39:15] [tb78J5bG34S4oNjf6ox9G+LBPWs=] [ФимозТВ] Checking for teleport settings on connect
[2025-05-29 14:39:15] [tb78J5bG34S4oNjf6ox9G+LBPWs=] [ФимозТВ] No teleport entry found for this user
[2025-05-29 14:41:51] [A1MXukx1FB+ngdwjMRr5SVtxKAw=] [TEa] Checking for teleport settings on connect
[2025-05-29 14:41:51] [A1MXukx1FB+ngdwjMRr5SVtxKAw=] [TEa] No teleport entry found for this user
[2025-05-29 14:42:00] [DSvlDMldPSHoEhte/Rkx+TtrQx8=] [rainfalllbtw] Checking for teleport settings on connect
[2025-05-29 14:42:00] [DSvlDMldPSHoEhte/Rkx+TtrQx8=] [rainfalllbtw] No teleport entry found for this user
[2025-05-29 14:54:08] [IdIi7kB17WXopOMKuVQFyzM8Fhs=] [ali] Checking for teleport settings on connect
[2025-05-29 14:54:08] [IdIi7kB17WXopOMKuVQFyzM8Fhs=] [ali] No teleport entry found for this user
[2025-05-29 14:54:15] [/RRMs3gG8kLgnFQRIgh0MVnRUJI=] [sadadadasd] Checking for teleport settings on connect
[2025-05-29 14:54:15] [/RRMs3gG8kLgnFQRIgh0MVnRUJI=] [sadadadasd] No teleport entry found for this user
[2025-05-29 14:54:31] [gITtVlfHYxsd3mvOfTblKNtJBDU=] [4iff] Checking for teleport settings on connect
[2025-05-29 14:54:31] [gITtVlfHYxsd3mvOfTblKNtJBDU=] [4iff] No teleport entry found for this user
[2025-05-29 14:56:41] [/RRMs3gG8kLgnFQRIgh0MVnRUJI=] [sadadadasd] Checking for teleport settings on connect
[2025-05-29 14:56:41] [/RRMs3gG8kLgnFQRIgh0MVnRUJI=] [sadadadasd] No teleport entry found for this user
[2025-05-29 15:02:17] [Q9b6HFpSP63zred3z+UJRqHDSQE=] [M4ODA] Checking for teleport settings on connect
[2025-05-29 15:02:17] [Q9b6HFpSP63zred3z+UJRqHDSQE=] [M4ODA] No teleport entry found for this user
[2025-05-29 15:03:20] [Oq+dxgEraOMwIeO5nqrpHIlunds=] [pixy45] Checking for teleport settings on connect
[2025-05-29 15:03:20] [Oq+dxgEraOMwIeO5nqrpHIlunds=] [pixy45] No teleport entry found for this user
[2025-05-29 15:03:44] [EBRMSW+/vFF0QsF1q67QDUDOi0w=] [[#] Misc] User in ignored groups, skipping teleport check
[2025-05-29 15:11:15] [ldCzvjsZhyUOHxQjPMP59HREBcU=] [wigger] Checking for teleport settings on connect
[2025-05-29 15:11:15] [ldCzvjsZhyUOHxQjPMP59HREBcU=] [wigger] No teleport entry found for this user
[2025-05-29 15:11:24] [3PUL5t5Jz0KW4hyrBCzi+BArN60=] [tenshin_non] Checking for teleport settings on connect
[2025-05-29 15:11:24] [3PUL5t5Jz0KW4hyrBCzi+BArN60=] [tenshin_non] No teleport entry found for this user
[2025-05-29 15:12:20] [3PUL5t5Jz0KW4hyrBCzi+BArN60=] [tenshin_non] Checking for teleport settings on connect
[2025-05-29 15:12:20] [3PUL5t5Jz0KW4hyrBCzi+BArN60=] [tenshin_non] No teleport entry found for this user
[2025-05-29 15:17:03] [d4+NlxlILo90ViiY0WLlIDcSvQs=] [TAXMANTokkMoeny] Checking for teleport settings on connect
[2025-05-29 15:17:03] [d4+NlxlILo90ViiY0WLlIDcSvQs=] [TAXMANTokkMoeny] No teleport entry found for this user
[2025-05-29 15:17:14] [MxGUDgktIyu6InxIn4FNxdgcarc=] [Хозяин Абатура №1] Checking for teleport settings on connect
[2025-05-29 15:17:14] [MxGUDgktIyu6InxIn4FNxdgcarc=] [Хозяин Абатура №1] No teleport entry found for this user
[2025-05-29 15:18:28] [jWxbfxhLxs9dPa3t1WUnys7gnbk=] [Richard_TH] Checking for teleport settings on connect
[2025-05-29 15:18:28] [jWxbfxhLxs9dPa3t1WUnys7gnbk=] [Richard_TH] No teleport entry found for this user
[2025-05-29 15:39:05] [jcwPuA5b+3do0YlnUv+tXXj3p9o=] [Zerohi] Checking for teleport settings on connect
[2025-05-29 15:39:05] [jcwPuA5b+3do0YlnUv+tXXj3p9o=] [Zerohi] No teleport entry found for this user
[2025-05-29 15:39:43] [e1vImF/pvh7c+66eD1lHGlZ9N08=] [Fornax013] Checking for teleport settings on connect
[2025-05-29 15:39:43] [e1vImF/pvh7c+66eD1lHGlZ9N08=] [Fornax013] No teleport entry found for this user
[2025-05-29 15:40:42] [ATqp7GEsF2VumrPFrQ+W8icYfjg=] [gotti] Checking for teleport settings on connect
[2025-05-29 15:40:42] [ATqp7GEsF2VumrPFrQ+W8icYfjg=] [gotti] No teleport entry found for this user
[2025-05-29 15:46:53] [J59TlJOyXmeGAsjkHRqeI3rZA/8=] [SysmoUsercid=140] Checking for teleport settings on connect
[2025-05-29 15:46:53] [J59TlJOyXmeGAsjkHRqeI3rZA/8=] [SysmoUsercid=140] No teleport entry found for this user
[2025-05-29 15:51:22] [QRhqU1ePLL89PE0BwMWWwK+X4ks=] [VildasRS] Checking for teleport settings on connect
[2025-05-29 15:51:22] [QRhqU1ePLL89PE0BwMWWwK+X4ks=] [VildasRS] No teleport entry found for this user
[2025-05-29 15:51:50] [UHw115XowT3iu3b/gjBGcvbmNd8=] [MisakRS] Checking for teleport settings on connect
[2025-05-29 15:51:50] [UHw115XowT3iu3b/gjBGcvbmNd8=] [MisakRS] No teleport entry found for this user
[2025-05-29 15:56:56] [ow+Zi/O4SnJIvwHosoZ7zIvOOK8=] [shinigami] Checking for teleport settings on connect
[2025-05-29 15:56:56] [ow+Zi/O4SnJIvwHosoZ7zIvOOK8=] [shinigami] No teleport entry found for this user
[2025-05-29 16:06:44] [FHmAvJvW6N6mPDWTwpRQABw6rAk=] [Хозяин Абатура №2] Checking for teleport settings on connect
[2025-05-29 16:06:44] [FHmAvJvW6N6mPDWTwpRQABw6rAk=] [Хозяин Абатура №2] No teleport entry found for this user
[2025-05-29 16:09:08] [MxGUDgktIyu6InxIn4FNxdgcarc=] [Хозяин Абатура №1] Checking for teleport settings on connect
[2025-05-29 16:09:08] [MxGUDgktIyu6InxIn4FNxdgcarc=] [Хозяин Абатура №1] No teleport entry found for this user
[2025-05-29 16:09:08] [MxGUDgktIyu6InxIn4FNxdgcarc=] [Хозяин Абатура №1] Checking for teleport settings on connect
[2025-05-29 16:09:08] [MxGUDgktIyu6InxIn4FNxdgcarc=] [Хозяин Абатура №1] No teleport entry found for this user
[2025-05-29 16:09:08] [MxGUDgktIyu6InxIn4FNxdgcarc=] [Хозяин Абатура №1] Checking for teleport settings on connect
[2025-05-29 16:09:08] [MxGUDgktIyu6InxIn4FNxdgcarc=] [Хозяин Абатура №1] No teleport entry found for this user
[2025-05-29 16:09:11] [b+hpUOWDwc2wK9lwzeuAKgvOhQE=] [TeamSpeakUser] Checking for teleport settings on connect
[2025-05-29 16:09:11] [b+hpUOWDwc2wK9lwzeuAKgvOhQE=] [TeamSpeakUser] No teleport entry found for this user
[2025-05-29 16:09:20] [pa4EomUE5xzFSB9tc7CilmX3NTU=] [Imprii] Checking for teleport settings on connect
[2025-05-29 16:09:20] [pa4EomUE5xzFSB9tc7CilmX3NTU=] [Imprii] No teleport entry found for this user
[2025-05-29 16:14:03] [x5BGOCFQRYcw8Om4Xgot4nkAC7o=] [YURA] Checking for teleport settings on connect
[2025-05-29 16:14:03] [x5BGOCFQRYcw8Om4Xgot4nkAC7o=] [YURA] No teleport entry found for this user
[2025-05-29 16:15:24] [esGVtujUtqlCfwQuagLOAAWIP3k=] [Dopest] Checking for teleport settings on connect
[2025-05-29 16:15:24] [esGVtujUtqlCfwQuagLOAAWIP3k=] [Dopest] No teleport entry found for this user
[2025-05-29 16:15:57] [esGVtujUtqlCfwQuagLOAAWIP3k=] [Dopest] Checking for teleport settings on connect
[2025-05-29 16:15:57] [esGVtujUtqlCfwQuagLOAAWIP3k=] [Dopest] No teleport entry found for this user
[2025-05-29 16:19:14] [8Zdbsme26C48AHpMg4zVcDatTnE=] [Kurs] Checking for teleport settings on connect
[2025-05-29 16:19:14] [8Zdbsme26C48AHpMg4zVcDatTnE=] [Kurs] No teleport entry found for this user
[2025-05-29 16:19:35] [z6tgkMNevYcZZbU82dmBswFMfjs=] [Dazer] Checking for teleport settings on connect
[2025-05-29 16:19:35] [z6tgkMNevYcZZbU82dmBswFMfjs=] [Dazer] No teleport entry found for this user
[2025-05-29 16:21:21] [uQmpKMqnnT0Yr+bswfjOJYzjV6g=] [TeamSpeakUser1] Checking for teleport settings on connect
[2025-05-29 16:21:21] [uQmpKMqnnT0Yr+bswfjOJYzjV6g=] [TeamSpeakUser1] No teleport entry found for this user
[2025-05-29 16:22:49] [i8nlHefgOgIEamGmi9OCgNPL2Ro=] [✞..¢яıмıиαł..✞] Checking for teleport settings on connect
[2025-05-29 16:22:49] [i8nlHefgOgIEamGmi9OCgNPL2Ro=] [✞..¢яıмıиαł..✞] No teleport entry found for this user
[2025-05-29 16:25:38] [H2NCI3FZLvlL0DcbEJRACZuex1M=] [Hasanich] Checking for teleport settings on connect
[2025-05-29 16:25:38] [H2NCI3FZLvlL0DcbEJRACZuex1M=] [Hasanich] No teleport entry found for this user
[2025-05-29 16:30:33] [OnyFNlLSRn5WExnVSStquo7sjMA=] [ПожилаяОстановка] Checking for teleport settings on connect
[2025-05-29 16:30:33] [OnyFNlLSRn5WExnVSStquo7sjMA=] [ПожилаяОстановка] No teleport entry found for this user
[2025-05-29 16:35:19] [y3awO0ennatOO9a236JGtByjKuM=] [воч ю мин] Checking for teleport settings on connect
[2025-05-29 16:35:19] [y3awO0ennatOO9a236JGtByjKuM=] [воч ю мин] No teleport entry found for this user
[2025-05-29 16:35:36] [uEI2N8oQhBZqNif6BrmmV2HAosc=] [пизда заводу] Checking for teleport settings on connect
[2025-05-29 16:35:36] [uEI2N8oQhBZqNif6BrmmV2HAosc=] [пизда заводу] No teleport entry found for this user
[2025-05-29 16:35:44] [uEI2N8oQhBZqNif6BrmmV2HAosc=] [пизда заводу] Checking for teleport settings on connect
[2025-05-29 16:35:44] [uEI2N8oQhBZqNif6BrmmV2HAosc=] [пизда заводу] No teleport entry found for this user
[2025-05-29 16:38:10] [675wO5ssJtQbFw+9qXHexPjHNYM=] [Nevskiiiy] Checking for teleport settings on connect
[2025-05-29 16:38:10] [675wO5ssJtQbFw+9qXHexPjHNYM=] [Nevskiiiy] No teleport entry found for this user
[2025-05-29 16:48:53] [/paoPeDO7Sw3DPisftzEeJfXp+Y=] [J4M4L] Checking for teleport settings on connect
[2025-05-29 16:48:53] [/paoPeDO7Sw3DPisftzEeJfXp+Y=] [J4M4L] No teleport entry found for this user
[2025-05-29 16:52:50] [D+/Z0pJWhJgwH0SX2Pvik+mYIa8=] [Leopold72rus] Checking for teleport settings on connect
[2025-05-29 16:52:50] [D+/Z0pJWhJgwH0SX2Pvik+mYIa8=] [Leopold72rus] No teleport entry found for this user
[2025-05-29 16:57:40] [uVIyLE46ey0eBhM+Z9Az+wuDd2U=] [LisssTzz] Checking for teleport settings on connect
[2025-05-29 16:57:40] [uVIyLE46ey0eBhM+Z9Az+wuDd2U=] [LisssTzz] No teleport entry found for this user
[2025-05-29 16:58:57] [1eHK5RBJO1VYiV6Fja2iiHvAIls=] [d3yk0ne] Checking for teleport settings on connect
[2025-05-29 16:58:57] [1eHK5RBJO1VYiV6Fja2iiHvAIls=] [d3yk0ne] No teleport entry found for this user
[2025-05-29 17:01:09] [kOTiGdU7Prb6oIvLC/wF8cto8B0=] [Агрессор777] Checking for teleport settings on connect
[2025-05-29 17:01:09] [kOTiGdU7Prb6oIvLC/wF8cto8B0=] [Агрессор777] No teleport entry found for this user
[2025-05-29 17:03:35] [hUjMcppeZYeQG89H1ehSTqHW6iQ=] [Hydrastarke] Checking for teleport settings on connect
[2025-05-29 17:03:35] [hUjMcppeZYeQG89H1ehSTqHW6iQ=] [Hydrastarke] No teleport entry found for this user
[2025-05-29 17:06:47] [NrLfqmvuq6LG10V4p9MSfEiVrl4=] [пиаванпивапва] Checking for teleport settings on connect
[2025-05-29 17:06:47] [NrLfqmvuq6LG10V4p9MSfEiVrl4=] [пиаванпивапва] No teleport entry found for this user
[2025-05-29 17:07:46] [NrLfqmvuq6LG10V4p9MSfEiVrl4=] [yarraBTW] Checking for teleport settings on connect
[2025-05-29 17:07:46] [NrLfqmvuq6LG10V4p9MSfEiVrl4=] [yarraBTW] No teleport entry found for this user
[2025-05-29 17:08:12] [ay8d2GXiisZNZZ2sP88A/RwHo24=] [ViliBom] Checking for teleport settings on connect
[2025-05-29 17:08:12] [ay8d2GXiisZNZZ2sP88A/RwHo24=] [ViliBom] No teleport entry found for this user
[2025-05-29 17:09:38] [ovZ/0LxK0zb/hIrB9rdY8lUwOAo=] [Mateo220] Checking for teleport settings on connect
[2025-05-29 17:09:38] [ovZ/0LxK0zb/hIrB9rdY8lUwOAo=] [Mateo220] No teleport entry found for this user
[2025-05-29 17:13:31] [BVFkFCJ/YRVCTWoyoNAzBKKgGNQ=] [Даня] Checking for teleport settings on connect
[2025-05-29 17:13:31] [BVFkFCJ/YRVCTWoyoNAzBKKgGNQ=] [Даня] No teleport entry found for this user
[2025-05-29 17:14:30] [mqgd3Gc7WmeeLTlwm9TT72tKi9Y=] [Joss] Checking for teleport settings on connect
[2025-05-29 17:14:30] [mqgd3Gc7WmeeLTlwm9TT72tKi9Y=] [Joss] No teleport entry found for this user
[2025-05-29 17:19:06] [MutMI8w80TgxkXwn/z4gZc/vgiU=] [Asshole do not burn] Checking for teleport settings on connect
[2025-05-29 17:19:06] [MutMI8w80TgxkXwn/z4gZc/vgiU=] [Asshole do not burn] No teleport entry found for this user
[2025-05-29 17:19:14] [ZnU8vaPl8AP2v7ujelAJMkb+r+E=] [TeamSpeakUser1] Checking for teleport settings on connect
[2025-05-29 17:19:14] [ZnU8vaPl8AP2v7ujelAJMkb+r+E=] [TeamSpeakUser1] No teleport entry found for this user
[2025-05-29 17:25:51] [ayHUOzBuuInw8J/HHBAIDIq0cYY=] [bohun ivan] Checking for teleport settings on connect
[2025-05-29 17:25:51] [ayHUOzBuuInw8J/HHBAIDIq0cYY=] [bohun ivan] No teleport entry found for this user
[2025-05-29 17:27:05] [91j1ZiENZYFZbBqEELMfOUm5VK8=] [levin] Checking for teleport settings on connect
[2025-05-29 17:27:05] [91j1ZiENZYFZbBqEELMfOUm5VK8=] [levin] No teleport entry found for this user
[2025-05-29 17:27:35] [TOdl4z/cJHXiyrS3UuKnZfgnllk=] [k4xny] Checking for teleport settings on connect
[2025-05-29 17:27:35] [TOdl4z/cJHXiyrS3UuKnZfgnllk=] [k4xny] No teleport entry found for this user
[2025-05-29 17:28:07] [XHkNT/2WnLO7jAbxQXhDIydF250=] [RedragoN] Checking for teleport settings on connect
[2025-05-29 17:28:07] [XHkNT/2WnLO7jAbxQXhDIydF250=] [RedragoN] No teleport entry found for this user
[2025-05-29 17:29:00] [Hf7Ykpi+nWgDQ6lAP5A9MUo5Mfc=] [Agilex] Checking for teleport settings on connect
[2025-05-29 17:29:00] [Hf7Ykpi+nWgDQ6lAP5A9MUo5Mfc=] [Agilex] No teleport entry found for this user
[2025-05-29 17:29:04] [4hvwCfCPtTRCCX/hD0S9PDAjwPY=] [Ander] Checking for teleport settings on connect
[2025-05-29 17:29:04] [4hvwCfCPtTRCCX/hD0S9PDAjwPY=] [Ander] No teleport entry found for this user
[2025-05-29 17:29:14] [YJ8chm2QQIJyPFrsGN7ctoGAtDM=] [Бурмалда] Checking for teleport settings on connect
[2025-05-29 17:29:14] [YJ8chm2QQIJyPFrsGN7ctoGAtDM=] [Бурмалда] No teleport entry found for this user
[2025-05-29 17:29:16] [6ddfN5v01+5Ml+RUCmP27w2dW7Q=] [Mahdyar] Checking for teleport settings on connect
[2025-05-29 17:29:16] [6ddfN5v01+5Ml+RUCmP27w2dW7Q=] [Mahdyar] No teleport entry found for this user
[2025-05-29 17:32:25] [6ddfN5v01+5Ml+RUCmP27w2dW7Q=] [Mahdyar] Checking for teleport settings on connect
[2025-05-29 17:32:25] [6ddfN5v01+5Ml+RUCmP27w2dW7Q=] [Mahdyar] No teleport entry found for this user
[2025-05-29 17:33:06] [avYI7vL0XXD3nIsf8cMXtgdn+/s=] [NowY] Checking for teleport settings on connect
[2025-05-29 17:33:06] [avYI7vL0XXD3nIsf8cMXtgdn+/s=] [NowY] No teleport entry found for this user
[2025-05-29 17:34:03] [XHkNT/2WnLO7jAbxQXhDIydF250=] [RedragoN] Checking for teleport settings on connect
[2025-05-29 17:34:03] [XHkNT/2WnLO7jAbxQXhDIydF250=] [RedragoN] No teleport entry found for this user
[2025-05-29 17:35:01] [0XIPokUUTEkn00muYiwnSCQJ4wM=] [credolls] Checking for teleport settings on connect
[2025-05-29 17:35:01] [0XIPokUUTEkn00muYiwnSCQJ4wM=] [credolls] No teleport entry found for this user
[2025-05-29 17:37:25] [I1DZqtocDgCqwDeob+ksoMUR+mc=] [jekossi4ek] Checking for teleport settings on connect
[2025-05-29 17:37:25] [I1DZqtocDgCqwDeob+ksoMUR+mc=] [jekossi4ek] No teleport entry found for this user
[2025-05-29 17:40:29] [gITtVlfHYxsd3mvOfTblKNtJBDU=] [4iff] Checking for teleport settings on connect
[2025-05-29 17:40:29] [gITtVlfHYxsd3mvOfTblKNtJBDU=] [4iff] No teleport entry found for this user
[2025-05-29 17:46:49] [MLfi2yL9NlUpYn/QF4AkxWYaeoM=] [Ree] Checking for teleport settings on connect
[2025-05-29 17:46:49] [MLfi2yL9NlUpYn/QF4AkxWYaeoM=] [Ree] No teleport entry found for this user
[2025-05-29 17:48:04] [MLfi2yL9NlUpYn/QF4AkxWYaeoM=] [Ree] Checking for teleport settings on connect
[2025-05-29 17:48:04] [MLfi2yL9NlUpYn/QF4AkxWYaeoM=] [Ree] No teleport entry found for this user
[2025-05-29 17:49:05] [vNR5X++zau0WAsrzix6zPKeAKzE=] [FHJGDJHG] Checking for teleport settings on connect
[2025-05-29 17:49:05] [vNR5X++zau0WAsrzix6zPKeAKzE=] [FHJGDJHG] No teleport entry found for this user
[2025-05-29 17:50:55] [vO0JOtVc2URjykCV2xEe+v89uHQ=] [PPPPPPP] Checking for teleport settings on connect
[2025-05-29 17:50:55] [vO0JOtVc2URjykCV2xEe+v89uHQ=] [PPPPPPP] No teleport entry found for this user
[2025-05-29 17:51:36] [Qf9eU8SAgAHD2e/a+4SOA0v73s8=] [Bobbeloppe01] Checking for teleport settings on connect
[2025-05-29 17:51:36] [Qf9eU8SAgAHD2e/a+4SOA0v73s8=] [Bobbeloppe01] No teleport entry found for this user
[2025-05-29 17:52:37] [Qf9eU8SAgAHD2e/a+4SOA0v73s8=] [Bobbeloppe01] Checking for teleport settings on connect
[2025-05-29 17:52:37] [Qf9eU8SAgAHD2e/a+4SOA0v73s8=] [Bobbeloppe01] No teleport entry found for this user
[2025-05-29 17:56:48] [sonk4w/oSPH0CA+lPUh89C7bFaE=] [rozkurwiator2137s] Checking for teleport settings on connect
[2025-05-29 17:56:48] [sonk4w/oSPH0CA+lPUh89C7bFaE=] [rozkurwiator2137s] No teleport entry found for this user
[2025-05-29 17:57:37] [Qf9eU8SAgAHD2e/a+4SOA0v73s8=] [Bobbeloppe01] Checking for teleport settings on connect
[2025-05-29 17:57:37] [Qf9eU8SAgAHD2e/a+4SOA0v73s8=] [Bobbeloppe01] No teleport entry found for this user
[2025-05-29 18:02:07] [lSogL4Wywrn1Is8F7jT3fDe2qDg=] [emreşükrü] Checking for teleport settings on connect
[2025-05-29 18:02:07] [lSogL4Wywrn1Is8F7jT3fDe2qDg=] [emreşükrü] No teleport entry found for this user
[2025-05-29 18:04:04] [xZxMaKAovpIdh45ttW5XMOlpqDA=] [berkkilic] Checking for teleport settings on connect
[2025-05-29 18:04:04] [xZxMaKAovpIdh45ttW5XMOlpqDA=] [berkkilic] No teleport entry found for this user
[2025-05-29 18:11:14] [K2HiGZ6DHKr+xxANngHd25Rgwk8=] [Saitama] Checking for teleport settings on connect
[2025-05-29 18:11:14] [K2HiGZ6DHKr+xxANngHd25Rgwk8=] [Saitama] No teleport entry found for this user
[2025-05-29 18:13:21] [zuVIrAkrcJ27iLMeBqadkQW3yLY=] [cısıcı] Checking for teleport settings on connect
[2025-05-29 18:13:21] [zuVIrAkrcJ27iLMeBqadkQW3yLY=] [cısıcı] No teleport entry found for this user
[2025-05-29 18:13:22] [eNxiZDOeggdj95ZNvuM5yeobkrU=] [Etienne] Checking for teleport settings on connect
[2025-05-29 18:13:22] [eNxiZDOeggdj95ZNvuM5yeobkrU=] [Etienne] No teleport entry found for this user
[2025-05-29 18:13:26] [MpV8eQ7lweL2YSxarhe9a/nQIOk=] [VUL_DROG] Checking for teleport settings on connect
[2025-05-29 18:13:26] [MpV8eQ7lweL2YSxarhe9a/nQIOk=] [VUL_DROG] No teleport entry found for this user
[2025-05-29 18:14:08] [IvPuoleyuChePKK0GR7sRhVCkJE=] [SYRUSSS] Checking for teleport settings on connect
[2025-05-29 18:14:08] [IvPuoleyuChePKK0GR7sRhVCkJE=] [SYRUSSS] No teleport entry found for this user
[2025-05-29 18:16:12] [mTbPypkwuA/2B5Zl6CXWViczHPo=] [kızlıkbozan33] Checking for teleport settings on connect
[2025-05-29 18:16:12] [mTbPypkwuA/2B5Zl6CXWViczHPo=] [kızlıkbozan33] No teleport entry found for this user
[2025-05-29 18:16:52] [HA8AwjGjfttaVD2BbXsV3SrC+rA=] [Axtic] Checking for teleport settings on connect
[2025-05-29 18:16:52] [HA8AwjGjfttaVD2BbXsV3SrC+rA=] [Axtic] No teleport entry found for this user
[2025-05-29 18:21:27] [MCH5CUuHw7qLHVegyroS34EN/pQ=] [PastA1] Checking for teleport settings on connect
[2025-05-29 18:21:27] [MCH5CUuHw7qLHVegyroS34EN/pQ=] [PastA1] No teleport entry found for this user
[2025-05-29 18:21:39] [mjmMZmkF0BV3EE0zLxDPrq93lL8=] [mixaluch0707] Checking for teleport settings on connect
[2025-05-29 18:21:39] [mjmMZmkF0BV3EE0zLxDPrq93lL8=] [mixaluch0707] No teleport entry found for this user
[2025-05-29 18:21:59] [kHIid8HT2jg9WiVu3tCpryd+esk=] [1133] Checking for teleport settings on connect
[2025-05-29 18:21:59] [kHIid8HT2jg9WiVu3tCpryd+esk=] [1133] No teleport entry found for this user
[2025-05-29 18:22:05] [veY80qe9L9TcrWdk+qh+BALsTRc=] [Alireza] Checking for teleport settings on connect
[2025-05-29 18:22:05] [veY80qe9L9TcrWdk+qh+BALsTRc=] [Alireza] No teleport entry found for this user
[2025-05-29 18:24:54] [8yG40ppumRoJGhu1qR/blqgqttw=] [sanka98] Checking for teleport settings on connect
[2025-05-29 18:24:54] [8yG40ppumRoJGhu1qR/blqgqttw=] [sanka98] No teleport entry found for this user
[2025-05-29 18:24:59] [COLZyKJmrHAbeJuIwxgb3lGZ0d0=] [tikka345] Checking for teleport settings on connect
[2025-05-29 18:24:59] [COLZyKJmrHAbeJuIwxgb3lGZ0d0=] [tikka345] No teleport entry found for this user
[2025-05-29 18:29:11] [0pZqXichHQBwgSoYTsZqTFC0yMM=] [Sector] Checking for teleport settings on connect
[2025-05-29 18:29:11] [0pZqXichHQBwgSoYTsZqTFC0yMM=] [Sector] No teleport entry found for this user
[2025-05-29 18:32:29] [7DpT5KYI7X+IKSn7S7bWcyHFoQg=] [TheCoolestPinguin] Checking for teleport settings on connect
[2025-05-29 18:32:29] [7DpT5KYI7X+IKSn7S7bWcyHFoQg=] [TheCoolestPinguin] No teleport entry found for this user
[2025-05-29 18:33:49] [hUjMcppeZYeQG89H1ehSTqHW6iQ=] [Hydrastarke] Checking for teleport settings on connect
[2025-05-29 18:33:49] [hUjMcppeZYeQG89H1ehSTqHW6iQ=] [Hydrastarke] No teleport entry found for this user
[2025-05-29 18:34:59] [iqhXyPfP3MC8F+w0pKyVoSLyF/I=] [FailRaik] Checking for teleport settings on connect
[2025-05-29 18:34:59] [iqhXyPfP3MC8F+w0pKyVoSLyF/I=] [FailRaik] No teleport entry found for this user
[2025-05-29 18:35:45] [1fLfTv7a7WCXSiKCcl/56zaOGH4=] [TeamSpeakUser] Checking for teleport settings on connect
[2025-05-29 18:35:45] [1fLfTv7a7WCXSiKCcl/56zaOGH4=] [TeamSpeakUser] No teleport entry found for this user
[2025-05-29 18:36:36] [K2HiGZ6DHKr+xxANngHd25Rgwk8=] [Saitama] Checking for teleport settings on connect
[2025-05-29 18:36:36] [K2HiGZ6DHKr+xxANngHd25Rgwk8=] [Saitama] No teleport entry found for this user
[2025-05-29 18:38:47] [K2HiGZ6DHKr+xxANngHd25Rgwk8=] [Saitama] Checking for teleport settings on connect
[2025-05-29 18:38:47] [K2HiGZ6DHKr+xxANngHd25Rgwk8=] [Saitama] No teleport entry found for this user
[2025-05-29 18:39:34] [675wO5ssJtQbFw+9qXHexPjHNYM=] [Nevskiiiy] Checking for teleport settings on connect
[2025-05-29 18:39:34] [675wO5ssJtQbFw+9qXHexPjHNYM=] [Nevskiiiy] No teleport entry found for this user
[2025-05-29 18:40:21] [JiZia3EbBcku2/AHkJc8ppSTNu8=] [228] Checking for teleport settings on connect
[2025-05-29 18:40:21] [JiZia3EbBcku2/AHkJc8ppSTNu8=] [228] No teleport entry found for this user
[2025-05-29 18:41:02] [aUWUh/pA+i6p6wViNJPb4hr0igo=] [tinyt] Checking for teleport settings on connect
[2025-05-29 18:41:02] [aUWUh/pA+i6p6wViNJPb4hr0igo=] [tinyt] No teleport entry found for this user
[2025-05-29 18:43:04] [8jWYwUGg0/+wB5e6DHxegNVrSvg=] [TeamSpeakUser] Checking for teleport settings on connect
[2025-05-29 18:43:04] [8jWYwUGg0/+wB5e6DHxegNVrSvg=] [TeamSpeakUser] No teleport entry found for this user
[2025-05-29 18:44:23] [ShT1+jAAOFSpcp/TDXTY2dTY0wA=] [nAnu] Checking for teleport settings on connect
[2025-05-29 18:44:23] [ShT1+jAAOFSpcp/TDXTY2dTY0wA=] [nAnu] No teleport entry found for this user
[2025-05-29 18:44:41] [K2HiGZ6DHKr+xxANngHd25Rgwk8=] [Saitama] Checking for teleport settings on connect
[2025-05-29 18:44:41] [K2HiGZ6DHKr+xxANngHd25Rgwk8=] [Saitama] No teleport entry found for this user
[2025-05-29 18:46:11] [qqTwrEbfD5tEifesTvr86drlnsU=] [Argonaft] Checking for teleport settings on connect
[2025-05-29 18:46:11] [qqTwrEbfD5tEifesTvr86drlnsU=] [Argonaft] No teleport entry found for this user
[2025-05-29 18:46:18] [jVpGguqjG0HhsA4eR4NUZaJZ3Ag=] [K1LL3R] Checking for teleport settings on connect
[2025-05-29 18:46:18] [jVpGguqjG0HhsA4eR4NUZaJZ3Ag=] [K1LL3R] No teleport entry found for this user
[2025-05-29 18:49:29] [MQ3mzkgPKf3CSM++TDpopXnLpzs=] [clamoris] Checking for teleport settings on connect
[2025-05-29 18:49:29] [MQ3mzkgPKf3CSM++TDpopXnLpzs=] [clamoris] No teleport entry found for this user
[2025-05-29 18:51:11] [hwzznuPV9xsX3gtAFW+Monn1Uc0=] [SysmoUsercid=140] Checking for teleport settings on connect
[2025-05-29 18:51:11] [hwzznuPV9xsX3gtAFW+Monn1Uc0=] [SysmoUsercid=140] No teleport entry found for this user
[2025-05-29 18:52:51] [OnyFNlLSRn5WExnVSStquo7sjMA=] [ПожилаяОстановка] Checking for teleport settings on connect
[2025-05-29 18:52:51] [OnyFNlLSRn5WExnVSStquo7sjMA=] [ПожилаяОстановка] No teleport entry found for this user
[2025-05-29 18:53:26] [Rx4WEolIGYkmCQIYX25ajWiwvw4=] [Name] Checking for teleport settings on connect
[2025-05-29 18:53:26] [Rx4WEolIGYkmCQIYX25ajWiwvw4=] [Name] No teleport entry found for this user
[2025-05-29 18:56:12] [6QTSVZJXFWVj3iE7IzR5O0qjvAA=] [Maprhendil] Checking for teleport settings on connect
[2025-05-29 18:56:12] [6QTSVZJXFWVj3iE7IzR5O0qjvAA=] [Maprhendil] No teleport entry found for this user
[2025-05-29 18:57:21] [APvCxYWLJt5FetRtnwrXlJVrRoY=] [zasosa1o] Checking for teleport settings on connect
[2025-05-29 18:57:21] [APvCxYWLJt5FetRtnwrXlJVrRoY=] [zasosa1o] No teleport entry found for this user
[2025-05-29 19:01:39] [ky1w0fQ3XcztCx27iX2exECepcM=] [TeamSpeakUser2] Checking for teleport settings on connect
[2025-05-29 19:01:39] [ky1w0fQ3XcztCx27iX2exECepcM=] [TeamSpeakUser2] No teleport entry found for this user
[2025-05-29 19:05:27] [JBT8f5ESgqNibYrHN0Dp0kGBPKU=] [Малиновый Демон] Checking for teleport settings on connect
[2025-05-29 19:05:27] [JBT8f5ESgqNibYrHN0Dp0kGBPKU=] [Малиновый Демон] No teleport entry found for this user
[2025-05-29 19:07:04] [ZTjf6XDHngdU5LZoLyMjEKa7oT0=] [ArthurKing] Checking for teleport settings on connect
[2025-05-29 19:07:04] [ZTjf6XDHngdU5LZoLyMjEKa7oT0=] [ArthurKing] No teleport entry found for this user
[2025-05-29 19:07:35] [KL0QZuz7P/nwwL6XYSCsDg/Yqw0=] [DIMAX] Checking for teleport settings on connect
[2025-05-29 19:07:35] [KL0QZuz7P/nwwL6XYSCsDg/Yqw0=] [DIMAX] No teleport entry found for this user
[2025-05-29 19:07:50] [+eY62p4z2Yc8MBABvp55HWZZJ18=] [saulov] Checking for teleport settings on connect
[2025-05-29 19:07:50] [+eY62p4z2Yc8MBABvp55HWZZJ18=] [saulov] No teleport entry found for this user
[2025-05-29 19:08:01] [lPq8Y8B1JOHL6QoSGZDwJ6xzT7Q=] [vata] Checking for teleport settings on connect
[2025-05-29 19:08:01] [lPq8Y8B1JOHL6QoSGZDwJ6xzT7Q=] [vata] No teleport entry found for this user
[2025-05-29 19:08:01] [lPq8Y8B1JOHL6QoSGZDwJ6xzT7Q=] [vata] Checking for teleport settings on connect
[2025-05-29 19:08:01] [lPq8Y8B1JOHL6QoSGZDwJ6xzT7Q=] [vata] No teleport entry found for this user
[2025-05-29 19:08:02] [lPq8Y8B1JOHL6QoSGZDwJ6xzT7Q=] [vata] Checking for teleport settings on connect
[2025-05-29 19:08:02] [lPq8Y8B1JOHL6QoSGZDwJ6xzT7Q=] [vata] No teleport entry found for this user
[2025-05-29 19:08:02] [lPq8Y8B1JOHL6QoSGZDwJ6xzT7Q=] [vata] Checking for teleport settings on connect
[2025-05-29 19:08:02] [lPq8Y8B1JOHL6QoSGZDwJ6xzT7Q=] [vata] No teleport entry found for this user
[2025-05-29 19:08:02] [lPq8Y8B1JOHL6QoSGZDwJ6xzT7Q=] [vata] Checking for teleport settings on connect
[2025-05-29 19:08:02] [lPq8Y8B1JOHL6QoSGZDwJ6xzT7Q=] [vata] No teleport entry found for this user
[2025-05-29 19:08:03] [lPq8Y8B1JOHL6QoSGZDwJ6xzT7Q=] [vata] Checking for teleport settings on connect
[2025-05-29 19:08:03] [lPq8Y8B1JOHL6QoSGZDwJ6xzT7Q=] [vata] No teleport entry found for this user
[2025-05-29 19:08:51] [j4VaV46XhkmzcjbVPFuyIU0vCLs=] [nox] Checking for teleport settings on connect
[2025-05-29 19:08:51] [j4VaV46XhkmzcjbVPFuyIU0vCLs=] [nox] No teleport entry found for this user
[2025-05-29 19:09:03] [csNwKDS6R18ee2ixHl3MXSOY8Ng=] [wakhomee] Checking for teleport settings on connect
[2025-05-29 19:09:03] [csNwKDS6R18ee2ixHl3MXSOY8Ng=] [wakhomee] No teleport entry found for this user
[2025-05-29 19:09:04] [j4VaV46XhkmzcjbVPFuyIU0vCLs=] [nox] Checking for teleport settings on connect
[2025-05-29 19:09:04] [j4VaV46XhkmzcjbVPFuyIU0vCLs=] [nox] No teleport entry found for this user
[2025-05-29 19:09:25] [LChIIpVKSczGXCJcvYW8G7+Rrgk=] [erik] Checking for teleport settings on connect
[2025-05-29 19:09:25] [LChIIpVKSczGXCJcvYW8G7+Rrgk=] [erik] No teleport entry found for this user
[2025-05-29 19:09:28] [u741lYX5HAtnGqlTOEq8tCrz34E=] [Werctc] Checking for teleport settings on connect
[2025-05-29 19:09:28] [u741lYX5HAtnGqlTOEq8tCrz34E=] [Werctc] No teleport entry found for this user
[2025-05-29 19:09:35] [Kg0a4ZelXd4eICZhiGmRywH4RNw=] [aliylmazbruh] Checking for teleport settings on connect
[2025-05-29 19:09:35] [Kg0a4ZelXd4eICZhiGmRywH4RNw=] [aliylmazbruh] No teleport entry found for this user
[2025-05-29 19:10:06] [nCbiznT1mZT77YEPXENlbrq3NF0=] [MehmetG35] Checking for teleport settings on connect
[2025-05-29 19:10:06] [nCbiznT1mZT77YEPXENlbrq3NF0=] [MehmetG35] No teleport entry found for this user
[2025-05-29 19:12:36] [D/d6OAqRdca2AQNjLep8zoJVjrk=] [werxtc] Checking for teleport settings on connect
[2025-05-29 19:12:36] [D/d6OAqRdca2AQNjLep8zoJVjrk=] [werxtc] No teleport entry found for this user
[2025-05-29 19:13:22] [5H8MEC0i2uGC9RksnYdKLf+nVxE=] [1mdzz] Checking for teleport settings on connect
[2025-05-29 19:13:22] [5H8MEC0i2uGC9RksnYdKLf+nVxE=] [1mdzz] No teleport entry found for this user
[2025-05-29 19:13:53] [D/d6OAqRdca2AQNjLep8zoJVjrk=] [werxtc] Checking for teleport settings on connect
[2025-05-29 19:13:53] [D/d6OAqRdca2AQNjLep8zoJVjrk=] [werxtc] No teleport entry found for this user
[2025-05-29 19:17:15] [lc0ylIsdk1wm3mou1HYlyZ87uBQ=] [blinchik] Checking for teleport settings on connect
[2025-05-29 19:17:15] [lc0ylIsdk1wm3mou1HYlyZ87uBQ=] [blinchik] No teleport entry found for this user
[2025-05-29 19:18:23] [Nn8rGrwsE+C9ibHWu3JCoCbmq3A=] [SysmoUsercid=1401] Checking for teleport settings on connect
[2025-05-29 19:18:23] [Nn8rGrwsE+C9ibHWu3JCoCbmq3A=] [SysmoUsercid=1401] No teleport entry found for this user
[2025-05-29 19:18:26] [KKakWCNNDyxUyhC4KpkSU2PHuVM=] [yusufppks] Checking for teleport settings on connect
[2025-05-29 19:18:26] [KKakWCNNDyxUyhC4KpkSU2PHuVM=] [yusufppks] No teleport entry found for this user
[2025-05-29 19:18:45] [hwzznuPV9xsX3gtAFW+Monn1Uc0=] [SysmoUsercid=140] Checking for teleport settings on connect
[2025-05-29 19:18:45] [hwzznuPV9xsX3gtAFW+Monn1Uc0=] [SysmoUsercid=140] No teleport entry found for this user
[2025-05-29 19:26:31] [uH0L5rxSwv0Wek2igsMre/AGJt4=] [BİLEKKKKS] Checking for teleport settings on connect
[2025-05-29 19:26:31] [uH0L5rxSwv0Wek2igsMre/AGJt4=] [BİLEKKKKS] No teleport entry found for this user
[2025-05-29 19:26:43] [ZzAW26KqCQqn4W5EMljGBAdyXHk=] [fRagiLe06 aydn] Checking for teleport settings on connect
[2025-05-29 19:26:43] [ZzAW26KqCQqn4W5EMljGBAdyXHk=] [fRagiLe06 aydn] No teleport entry found for this user
[2025-05-29 19:27:26] [yDjV5/niWrgEHd0wfdT4JdDb0Pg=] [raweheLL] Checking for teleport settings on connect
[2025-05-29 19:27:26] [yDjV5/niWrgEHd0wfdT4JdDb0Pg=] [raweheLL] No teleport entry found for this user
[2025-05-29 19:28:30] [fH55ADpBJR2Pf03gH5EIVyAAuTk=] [W1zard] Checking for teleport settings on connect
[2025-05-29 19:28:30] [fH55ADpBJR2Pf03gH5EIVyAAuTk=] [W1zard] No teleport entry found for this user
[2025-05-29 19:28:52] [uH0L5rxSwv0Wek2igsMre/AGJt4=] [BİLEKKKKS] Checking for teleport settings on connect
[2025-05-29 19:28:52] [uH0L5rxSwv0Wek2igsMre/AGJt4=] [BİLEKKKKS] No teleport entry found for this user
[2025-05-29 19:28:54] [Fw1SuHoQp/P+vmaWW8pDOm1TmQE=] [osman] Checking for teleport settings on connect
[2025-05-29 19:28:54] [Fw1SuHoQp/P+vmaWW8pDOm1TmQE=] [osman] No teleport entry found for this user
[2025-05-29 19:29:24] [ZzAW26KqCQqn4W5EMljGBAdyXHk=] [fRagiLe06 aydn] Checking for teleport settings on connect
[2025-05-29 19:29:24] [ZzAW26KqCQqn4W5EMljGBAdyXHk=] [fRagiLe06 aydn] No teleport entry found for this user
[2025-05-29 19:31:52] [yvjJEtsrvNBp/bKPIo2SZLQNYgA=] [Я мужыккк] Checking for teleport settings on connect
[2025-05-29 19:31:52] [yvjJEtsrvNBp/bKPIo2SZLQNYgA=] [Я мужыккк] No teleport entry found for this user
[2025-05-29 19:32:41] [jVpGguqjG0HhsA4eR4NUZaJZ3Ag=] [K1LL3R] Checking for teleport settings on connect
[2025-05-29 19:32:41] [jVpGguqjG0HhsA4eR4NUZaJZ3Ag=] [K1LL3R] No teleport entry found for this user
[2025-05-29 19:33:05] [hwzznuPV9xsX3gtAFW+Monn1Uc0=] [SysmoUsercid=140] Checking for teleport settings on connect
[2025-05-29 19:33:05] [hwzznuPV9xsX3gtAFW+Monn1Uc0=] [SysmoUsercid=140] No teleport entry found for this user
[2025-05-29 19:34:34] [vRC36kd9Y3UZdLbcbeRXOGJmUbY=] [kaifrkhan] Checking for teleport settings on connect
[2025-05-29 19:34:34] [vRC36kd9Y3UZdLbcbeRXOGJmUbY=] [kaifrkhan] No teleport entry found for this user
[2025-05-29 19:35:03] [OQCeQ18IAEuoURvL5bx576m14Ls=] [Belzevul] Checking for teleport settings on connect
[2025-05-29 19:35:03] [OQCeQ18IAEuoURvL5bx576m14Ls=] [Belzevul] No teleport entry found for this user
[2025-05-29 19:35:10] [JRSJX/gE1q4rIxWGxe0NgwN6Ubk=] [saadf] Checking for teleport settings on connect
[2025-05-29 19:35:10] [JRSJX/gE1q4rIxWGxe0NgwN6Ubk=] [saadf] No teleport entry found for this user
[2025-05-29 19:35:48] [jVpGguqjG0HhsA4eR4NUZaJZ3Ag=] [K1LL3R] Checking for teleport settings on connect
[2025-05-29 19:35:48] [jVpGguqjG0HhsA4eR4NUZaJZ3Ag=] [K1LL3R] No teleport entry found for this user
[2025-05-29 19:35:51] [l3IImcM33Gexi4gKpW5K6ySK+5U=] [subhangamer031] Checking for teleport settings on connect
[2025-05-29 19:35:51] [l3IImcM33Gexi4gKpW5K6ySK+5U=] [subhangamer031] No teleport entry found for this user
[2025-05-29 19:37:12] [cclAwHQ5cuEYj3/Zzbsm697rgzM=] [diogo] Checking for teleport settings on connect
[2025-05-29 19:37:12] [cclAwHQ5cuEYj3/Zzbsm697rgzM=] [diogo] No teleport entry found for this user
[2025-05-29 19:38:23] [yBICHbhgjt9SlHyQu3BZbOYMUQU=] [H0R0Z] Checking for teleport settings on connect
[2025-05-29 19:38:23] [yBICHbhgjt9SlHyQu3BZbOYMUQU=] [H0R0Z] No teleport entry found for this user
[2025-05-29 19:40:16] [hwzznuPV9xsX3gtAFW+Monn1Uc0=] [SysmoUsercid=140] Checking for teleport settings on connect
[2025-05-29 19:40:16] [hwzznuPV9xsX3gtAFW+Monn1Uc0=] [SysmoUsercid=140] No teleport entry found for this user
[2025-05-29 19:40:45] [e1vImF/pvh7c+66eD1lHGlZ9N08=] [Fornax013] Checking for teleport settings on connect
[2025-05-29 19:40:45] [e1vImF/pvh7c+66eD1lHGlZ9N08=] [Fornax013] No teleport entry found for this user
[2025-05-29 19:40:50] [rR+2agDaXOblefNaD/E2LfDoCAU=] [hugao] Checking for teleport settings on connect
[2025-05-29 19:40:50] [rR+2agDaXOblefNaD/E2LfDoCAU=] [hugao] No teleport entry found for this user
[2025-05-29 19:41:19] [C3ony4dh8njCYB62/cIXXbMG1IA=] [Чех] Checking for teleport settings on connect
[2025-05-29 19:41:19] [C3ony4dh8njCYB62/cIXXbMG1IA=] [Чех] No teleport entry found for this user
[2025-05-29 19:46:41] [ewrPGoLlCCfzZIqr9wC9KuSdmb4=] [Junior] Checking for teleport settings on connect
[2025-05-29 19:46:41] [ewrPGoLlCCfzZIqr9wC9KuSdmb4=] [Junior] No teleport entry found for this user
[2025-05-29 19:47:27] [hwzznuPV9xsX3gtAFW+Monn1Uc0=] [SysmoUsercid=140] Checking for teleport settings on connect
[2025-05-29 19:47:27] [hwzznuPV9xsX3gtAFW+Monn1Uc0=] [SysmoUsercid=140] No teleport entry found for this user
[2025-05-29 19:48:35] [V/sE7GD+jPAQPdHRhDxgmql0tFI=] [Jabberson] Checking for teleport settings on connect
[2025-05-29 19:48:35] [V/sE7GD+jPAQPdHRhDxgmql0tFI=] [Jabberson] No teleport entry found for this user
[2025-05-29 19:50:25] [Yc5nUHSB4B/CeI3ewx3CNASuRLs=] [Trayblll] Checking for teleport settings on connect
[2025-05-29 19:50:25] [Yc5nUHSB4B/CeI3ewx3CNASuRLs=] [Trayblll] No teleport entry found for this user
[2025-05-29 19:53:18] [yPSI9aghhtH6O+mnSQIo84yUZ4c=] [шароёб] Checking for teleport settings on connect
[2025-05-29 19:53:18] [yPSI9aghhtH6O+mnSQIo84yUZ4c=] [шароёб] No teleport entry found for this user
[2025-05-29 19:55:33] [y6Dvn19VXbBd0XOSXfMEraqacFI=] [CrypticBlitz96] Checking for teleport settings on connect
[2025-05-29 19:55:33] [y6Dvn19VXbBd0XOSXfMEraqacFI=] [CrypticBlitz96] No teleport entry found for this user
[2025-05-29 19:55:59] [EavBT8NG6JSFl2mI14E3NNtuzVI=] [CClad] Checking for teleport settings on connect
[2025-05-29 19:55:59] [EavBT8NG6JSFl2mI14E3NNtuzVI=] [CClad] No teleport entry found for this user
[2025-05-29 19:56:06] [PhckJHuRGWp+/oEYJbm3VNrgZkw=] [Br4d117] Checking for teleport settings on connect
[2025-05-29 19:56:06] [PhckJHuRGWp+/oEYJbm3VNrgZkw=] [Br4d117] No teleport entry found for this user
[2025-05-29 19:56:27] [S5c9qJAk0+90wjkUa6EauP5Qvfo=] [Skiwii_] Checking for teleport settings on connect
[2025-05-29 19:56:27] [S5c9qJAk0+90wjkUa6EauP5Qvfo=] [Skiwii_] No teleport entry found for this user
[2025-05-29 19:57:24] [VuNFAf3wIFc1IkWzOmahJ2tNnQw=] [amir-v13] Checking for teleport settings on connect
[2025-05-29 19:57:24] [VuNFAf3wIFc1IkWzOmahJ2tNnQw=] [amir-v13] No teleport entry found for this user
[2025-05-29 19:57:37] [lyXaZAmIm860hs52AQfNIF+bYQ4=] [kiale.] Checking for teleport settings on connect
[2025-05-29 19:57:37] [lyXaZAmIm860hs52AQfNIF+bYQ4=] [kiale.] No teleport entry found for this user
[2025-05-29 19:59:08] [ssUYc5CUOHAYRgKasA9MqHV3gzs=] [KekSs_33rus] Checking for teleport settings on connect
[2025-05-29 19:59:08] [ssUYc5CUOHAYRgKasA9MqHV3gzs=] [KekSs_33rus] No teleport entry found for this user
[2025-05-29 20:00:19] [f3nvQHeyvraWJrUBPQaOMk+TGHg=] [patoRLCSWinner] Checking for teleport settings on connect
[2025-05-29 20:00:19] [f3nvQHeyvraWJrUBPQaOMk+TGHg=] [patoRLCSWinner] No teleport entry found for this user
[2025-05-29 20:02:18] [+D/zkkoV8UKL6hQaG0nHxPsOM8Y=] [Leo33russs] Checking for teleport settings on connect
[2025-05-29 20:02:18] [+D/zkkoV8UKL6hQaG0nHxPsOM8Y=] [Leo33russs] No teleport entry found for this user
[2025-05-29 20:03:29] [ndYNgY0hLdxCSb0J4fJlYMhWIVM=] [s1djeeey] Checking for teleport settings on connect
[2025-05-29 20:03:29] [ndYNgY0hLdxCSb0J4fJlYMhWIVM=] [s1djeeey] No teleport entry found for this user
[2025-05-29 20:04:35] [O4DQaVKvzHQhxwj/ooDzqKn3n1o=] [deprix] Checking for teleport settings on connect
[2025-05-29 20:04:35] [O4DQaVKvzHQhxwj/ooDzqKn3n1o=] [deprix] No teleport entry found for this user
[2025-05-29 20:07:17] [Chs2gds0q5c5sHk5GQqGy9JmwQg=] [teaman11] Checking for teleport settings on connect
[2025-05-29 20:07:17] [Chs2gds0q5c5sHk5GQqGy9JmwQg=] [teaman11] No teleport entry found for this user
[2025-05-29 20:07:21] [A2T1RSmzaeIbUTk0Ce356sAFyiM=] [btcmaximalist] Checking for teleport settings on connect
[2025-05-29 20:07:21] [A2T1RSmzaeIbUTk0Ce356sAFyiM=] [btcmaximalist] No teleport entry found for this user
[2025-05-29 20:07:49] [3qlQ6qWEnLsHTWbGo9FZGpDLk4U=] [2109] Checking for teleport settings on connect
[2025-05-29 20:07:49] [3qlQ6qWEnLsHTWbGo9FZGpDLk4U=] [2109] No teleport entry found for this user
[2025-05-29 20:09:03] [j4VaV46XhkmzcjbVPFuyIU0vCLs=] [nox] Checking for teleport settings on connect
[2025-05-29 20:09:03] [j4VaV46XhkmzcjbVPFuyIU0vCLs=] [nox] No teleport entry found for this user
[2025-05-29 20:10:01] [hSuNyKwdPMso6fPP5SUFsIkZH/s=] [Yabanashka] Checking for teleport settings on connect
[2025-05-29 20:10:01] [hSuNyKwdPMso6fPP5SUFsIkZH/s=] [Yabanashka] No teleport entry found for this user
[2025-05-29 20:11:10] [QlS2dC4Cr8kYrMCwMl/pPCEheNI=] [Hero] Checking for teleport settings on connect
[2025-05-29 20:11:10] [QlS2dC4Cr8kYrMCwMl/pPCEheNI=] [Hero] No teleport entry found for this user
[2025-05-29 20:12:57] [A1xfpFQsaf2c9EH0PcH4vxsTE1o=] [GENERAL MOTORS] Checking for teleport settings on connect
[2025-05-29 20:12:57] [A1xfpFQsaf2c9EH0PcH4vxsTE1o=] [GENERAL MOTORS] No teleport entry found for this user
[2025-05-29 20:13:43] [0J+Iy22axFqqUSD+u1+EJ9Qp8Ew=] [joji] Checking for teleport settings on connect
[2025-05-29 20:13:43] [0J+Iy22axFqqUSD+u1+EJ9Qp8Ew=] [joji] No teleport entry found for this user
[2025-05-29 20:14:18] [xcwFhKN0bPn1QJxV7HHekBb2PAs=] [Сика] Checking for teleport settings on connect
[2025-05-29 20:14:18] [xcwFhKN0bPn1QJxV7HHekBb2PAs=] [Сика] No teleport entry found for this user
[2025-05-29 20:15:17] [hSuNyKwdPMso6fPP5SUFsIkZH/s=] [Yabanashka] Checking for teleport settings on connect
[2025-05-29 20:15:17] [hSuNyKwdPMso6fPP5SUFsIkZH/s=] [Yabanashka] No teleport entry found for this user
[2025-05-29 20:16:44] [+jAK4p+Ce6T/fojXfUGu0a+DMsw=] [Lazy_Eagle] Checking for teleport settings on connect
[2025-05-29 20:16:44] [+jAK4p+Ce6T/fojXfUGu0a+DMsw=] [Lazy_Eagle] No teleport entry found for this user
[2025-05-29 20:16:44] [+jAK4p+Ce6T/fojXfUGu0a+DMsw=] [Lazy_Eagle] Checking for teleport settings on connect
[2025-05-29 20:16:44] [+jAK4p+Ce6T/fojXfUGu0a+DMsw=] [Lazy_Eagle] No teleport entry found for this user
[2025-05-29 20:16:45] [+jAK4p+Ce6T/fojXfUGu0a+DMsw=] [Lazy_Eagle] Checking for teleport settings on connect
[2025-05-29 20:16:45] [+jAK4p+Ce6T/fojXfUGu0a+DMsw=] [Lazy_Eagle] No teleport entry found for this user
[2025-05-29 20:19:29] [jVpGguqjG0HhsA4eR4NUZaJZ3Ag=] [K1LL3R] Checking for teleport settings on connect
[2025-05-29 20:19:29] [jVpGguqjG0HhsA4eR4NUZaJZ3Ag=] [K1LL3R] No teleport entry found for this user
[2025-05-29 20:19:34] [fiWNBIZG2ioqbK7dtheFRsenFVI=] [AlexQc] Checking for teleport settings on connect
[2025-05-29 20:19:34] [fiWNBIZG2ioqbK7dtheFRsenFVI=] [AlexQc] No teleport entry found for this user
[2025-05-29 20:21:05] [MYSMWOg1rcy9rUxqNVjO3N+2XOU=] [korobka] Checking for teleport settings on connect
[2025-05-29 20:21:05] [MYSMWOg1rcy9rUxqNVjO3N+2XOU=] [korobka] No teleport entry found for this user
[2025-05-29 20:21:09] [db5M5xKUN59pF25L3Ham4b5Ndjw=] [Reddington] Checking for teleport settings on connect
[2025-05-29 20:21:09] [db5M5xKUN59pF25L3Ham4b5Ndjw=] [Reddington] No teleport entry found for this user
[2025-05-29 20:22:28] [VzDfRDmJ7uM/C1TaZb3VAAD1IFw=] [reverz] Checking for teleport settings on connect
[2025-05-29 20:22:28] [VzDfRDmJ7uM/C1TaZb3VAAD1IFw=] [reverz] No teleport entry found for this user
[2025-05-29 20:23:13] [v8d0S2VwxhW09HTFPSJZmdATS9s=] [lokmannnnnn] Checking for teleport settings on connect
[2025-05-29 20:23:13] [v8d0S2VwxhW09HTFPSJZmdATS9s=] [lokmannnnnn] No teleport entry found for this user
[2025-05-29 20:24:43] [hUjMcppeZYeQG89H1ehSTqHW6iQ=] [Hydrastarke] Checking for teleport settings on connect
[2025-05-29 20:24:43] [hUjMcppeZYeQG89H1ehSTqHW6iQ=] [Hydrastarke] No teleport entry found for this user
[2025-05-29 20:25:19] [POypgGJK3GCJLW0hBSxkjskKA68=] [Sisyphian] Checking for teleport settings on connect
[2025-05-29 20:25:19] [POypgGJK3GCJLW0hBSxkjskKA68=] [Sisyphian] No teleport entry found for this user
[2025-05-29 20:25:32] [tHKwZtfb/srt+Fd0YoD5SiAYdKo=] [Sim0] Checking for teleport settings on connect
[2025-05-29 20:25:32] [tHKwZtfb/srt+Fd0YoD5SiAYdKo=] [Sim0] No teleport entry found for this user
[2025-05-29 20:27:29] [6/d292RHjDEDgBIAnW3zWBlcX+o=] [TeamSpeakUser] Checking for teleport settings on connect
[2025-05-29 20:27:29] [6/d292RHjDEDgBIAnW3zWBlcX+o=] [TeamSpeakUser] No teleport entry found for this user
[2025-05-29 20:28:59] [21GYrZ5LFqh/gapn4zUDZ7mxJFU=] [Chibuike] Checking for teleport settings on connect
[2025-05-29 20:28:59] [21GYrZ5LFqh/gapn4zUDZ7mxJFU=] [Chibuike] No teleport entry found for this user
[2025-05-29 20:29:27] [xNzbutCUOLWSZPtnVEimpyST3y8=] [st0L] Checking for teleport settings on connect
[2025-05-29 20:29:27] [xNzbutCUOLWSZPtnVEimpyST3y8=] [st0L] No teleport entry found for this user
[2025-05-29 20:29:43] [Ak5Db+KpSnMrNGyhbyRqGLf5ECg=] [qameshow] Checking for teleport settings on connect
[2025-05-29 20:29:43] [Ak5Db+KpSnMrNGyhbyRqGLf5ECg=] [qameshow] No teleport entry found for this user
[2025-05-29 20:30:30] [eNxiZDOeggdj95ZNvuM5yeobkrU=] [Etienne] Checking for teleport settings on connect
[2025-05-29 20:30:30] [eNxiZDOeggdj95ZNvuM5yeobkrU=] [Etienne] No teleport entry found for this user
[2025-05-29 20:31:32] [ubfCz++l3UiRxygZAvpiycXuJyE=] [zulenpe.] Checking for teleport settings on connect
[2025-05-29 20:31:32] [ubfCz++l3UiRxygZAvpiycXuJyE=] [zulenpe.] No teleport entry found for this user
[2025-05-29 20:39:16] [X4hKVi7sfvTfJB9YQgAYwR9ZE3I=] [Mnwh] Checking for teleport settings on connect
[2025-05-29 20:39:16] [X4hKVi7sfvTfJB9YQgAYwR9ZE3I=] [Mnwh] No teleport entry found for this user
[2025-05-29 20:39:48] [lqX2Oz/RGh+MQGKjhD9GbFED4OY=] [DarkZX] Checking for teleport settings on connect
[2025-05-29 20:39:48] [lqX2Oz/RGh+MQGKjhD9GbFED4OY=] [DarkZX] No teleport entry found for this user
[2025-05-29 20:40:21] [vAoVADXVgpjfEfuPw77F4fgEIl8=] [Nostalgia 2] Checking for teleport settings on connect
[2025-05-29 20:40:21] [vAoVADXVgpjfEfuPw77F4fgEIl8=] [Nostalgia 2] No teleport entry found for this user
[2025-05-29 20:41:04] [HRHPwh5iKRShdbdFDmVjlfiRt9U=] [guizmoetlea] Checking for teleport settings on connect
[2025-05-29 20:41:04] [HRHPwh5iKRShdbdFDmVjlfiRt9U=] [guizmoetlea] No teleport entry found for this user
[2025-05-29 20:45:21] [69Lk5E9CM3ofYWPS6TUqXtvnhyM=] [TeamSpeakUser1] Checking for teleport settings on connect
[2025-05-29 20:45:21] [69Lk5E9CM3ofYWPS6TUqXtvnhyM=] [TeamSpeakUser1] No teleport entry found for this user
[2025-05-29 20:46:32] [zplLYXriSF0hqWw82HYme0Qb6hU=] [BlvckMafia] Checking for teleport settings on connect
[2025-05-29 20:46:32] [zplLYXriSF0hqWw82HYme0Qb6hU=] [BlvckMafia] No teleport entry found for this user
[2025-05-29 20:50:22] [u37UZKIsHRy8fpvH8qv7OuhDpEw=] [AMINOV] Checking for teleport settings on connect
[2025-05-29 20:50:22] [u37UZKIsHRy8fpvH8qv7OuhDpEw=] [AMINOV] No teleport entry found for this user
[2025-05-29 20:54:59] [Tl3Bg1zFfrOJ+IRWyJh5UAIJ+5o=] [Efkeyy] Checking for teleport settings on connect
[2025-05-29 20:54:59] [Tl3Bg1zFfrOJ+IRWyJh5UAIJ+5o=] [Efkeyy] No teleport entry found for this user
[2025-05-29 20:57:44] [/paoPeDO7Sw3DPisftzEeJfXp+Y=] [J4M4L] Checking for teleport settings on connect
[2025-05-29 20:57:44] [/paoPeDO7Sw3DPisftzEeJfXp+Y=] [J4M4L] No teleport entry found for this user
[2025-05-29 20:59:02] [iWkGqlzyARZXXdyrR8Wzo8kxklE=] [SysmoUsercid=1401] Checking for teleport settings on connect
[2025-05-29 20:59:02] [iWkGqlzyARZXXdyrR8Wzo8kxklE=] [SysmoUsercid=1401] No teleport entry found for this user
[2025-05-29 21:01:30] [1DnWLRgS2QfI/n3VG10tZCF37DE=] [артур пирожков] Checking for teleport settings on connect
[2025-05-29 21:01:30] [1DnWLRgS2QfI/n3VG10tZCF37DE=] [артур пирожков] No teleport entry found for this user
[2025-05-29 21:01:35] [m3jwrJafD7Z1HcDm7lAZbGqtROY=] [zui] Checking for teleport settings on connect
[2025-05-29 21:01:35] [m3jwrJafD7Z1HcDm7lAZbGqtROY=] [zui] No teleport entry found for this user
[2025-05-29 21:03:44] [yDjV5/niWrgEHd0wfdT4JdDb0Pg=] [raweheLL] Checking for teleport settings on connect
[2025-05-29 21:03:44] [yDjV5/niWrgEHd0wfdT4JdDb0Pg=] [raweheLL] No teleport entry found for this user
[2025-05-29 21:04:39] [K4NR58gtSYij+BLM0STn2WKjS9U=] [Skylord] Checking for teleport settings on connect
[2025-05-29 21:04:39] [K4NR58gtSYij+BLM0STn2WKjS9U=] [Skylord] No teleport entry found for this user
[2025-05-29 21:05:00] [1fLfTv7a7WCXSiKCcl/56zaOGH4=] [TeamSpeakUser2] Checking for teleport settings on connect
[2025-05-29 21:05:00] [1fLfTv7a7WCXSiKCcl/56zaOGH4=] [TeamSpeakUser2] No teleport entry found for this user
[2025-05-29 21:05:19] [hwzznuPV9xsX3gtAFW+Monn1Uc0=] [SysmoUsercid=140] Checking for teleport settings on connect
[2025-05-29 21:05:19] [hwzznuPV9xsX3gtAFW+Monn1Uc0=] [SysmoUsercid=140] No teleport entry found for this user
[2025-05-29 21:07:36] [pa4EomUE5xzFSB9tc7CilmX3NTU=] [Imprii] Checking for teleport settings on connect
[2025-05-29 21:07:36] [pa4EomUE5xzFSB9tc7CilmX3NTU=] [Imprii] No teleport entry found for this user
[2025-05-29 21:18:29] [RBwh+hLI7qM/5sBbq4UPaExpE30=] [Druid Сrow 🦅] Checking for teleport settings on connect
[2025-05-29 21:18:29] [RBwh+hLI7qM/5sBbq4UPaExpE30=] [Druid Сrow 🦅] No teleport entry found for this user
[2025-05-29 21:18:42] [jyNREbFc1g7kS1FKSohnZyaSx+g=] [ivansultan] Checking for teleport settings on connect
[2025-05-29 21:18:42] [jyNREbFc1g7kS1FKSohnZyaSx+g=] [ivansultan] No teleport entry found for this user
[2025-05-29 21:19:04] [xLqSrCyzGqEzjuKoFBagL6sUuzU=] [Mendoza] Checking for teleport settings on connect
[2025-05-29 21:19:04] [xLqSrCyzGqEzjuKoFBagL6sUuzU=] [Mendoza] No teleport entry found for this user
[2025-05-29 21:19:09] [0pZqXichHQBwgSoYTsZqTFC0yMM=] [Sector] Checking for teleport settings on connect
[2025-05-29 21:19:09] [0pZqXichHQBwgSoYTsZqTFC0yMM=] [Sector] No teleport entry found for this user
[2025-05-29 21:20:31] [X6E5/N6c4x3DmVvfM1A7J4pIjC0=] [Omar] Checking for teleport settings on connect
[2025-05-29 21:20:31] [X6E5/N6c4x3DmVvfM1A7J4pIjC0=] [Omar] No teleport entry found for this user
[2025-05-29 21:22:33] [BSx/baBU/deONGI5eDjA4RBHrtg=] [макрун] Checking for teleport settings on connect
[2025-05-29 21:22:33] [BSx/baBU/deONGI5eDjA4RBHrtg=] [макрун] No teleport entry found for this user
[2025-05-29 21:22:57] [DhDqNKJFOzAI9dgJ0qsFAh9W1bM=] [Parsa94] Checking for teleport settings on connect
[2025-05-29 21:22:57] [DhDqNKJFOzAI9dgJ0qsFAh9W1bM=] [Parsa94] No teleport entry found for this user
[2025-05-29 21:23:14] [ndYNgY0hLdxCSb0J4fJlYMhWIVM=] [s1djeeey] Checking for teleport settings on connect
[2025-05-29 21:23:14] [ndYNgY0hLdxCSb0J4fJlYMhWIVM=] [s1djeeey] No teleport entry found for this user
[2025-05-29 21:23:18] [sonk4w/oSPH0CA+lPUh89C7bFaE=] [rozkurwiator2137s] Checking for teleport settings on connect
[2025-05-29 21:23:18] [sonk4w/oSPH0CA+lPUh89C7bFaE=] [rozkurwiator2137s] No teleport entry found for this user
[2025-05-29 21:27:43] [RyNfQ7JaWQA+9q5aAgeiuRaI5Fs=] [ivo] Checking for teleport settings on connect
[2025-05-29 21:27:43] [RyNfQ7JaWQA+9q5aAgeiuRaI5Fs=] [ivo] No teleport entry found for this user
[2025-05-29 21:29:17] [w6YqWRN3PvQxnMLA9fqVLTevJ/0=] [m1sspit4boa] Checking for teleport settings on connect
[2025-05-29 21:29:17] [w6YqWRN3PvQxnMLA9fqVLTevJ/0=] [m1sspit4boa] No teleport entry found for this user
[2025-05-29 21:30:58] [L194KdPcI1asyxtpLRS8SD5byZs=] [hn_tired] Checking for teleport settings on connect
[2025-05-29 21:30:58] [L194KdPcI1asyxtpLRS8SD5byZs=] [hn_tired] No teleport entry found for this user
[2025-05-29 21:31:30] [JT2aI64zeSAE6A553mIp5yKoPaE=] [Sqwer_11] Checking for teleport settings on connect
[2025-05-29 21:31:30] [JT2aI64zeSAE6A553mIp5yKoPaE=] [Sqwer_11] No teleport entry found for this user
[2025-05-29 21:34:54] [8TGy5ZCaVIzFzYDa+1P00MswWe8=] [JustBrainRU] Checking for teleport settings on connect
[2025-05-29 21:34:54] [8TGy5ZCaVIzFzYDa+1P00MswWe8=] [JustBrainRU] No teleport entry found for this user
[2025-05-29 21:35:09] [YS8Drbp5ATBjoMDxDDLHYWJTmCM=] [EliteSniper_192] Checking for teleport settings on connect
[2025-05-29 21:35:09] [YS8Drbp5ATBjoMDxDDLHYWJTmCM=] [EliteSniper_192] No teleport entry found for this user
[2025-05-29 21:35:33] [YS8Drbp5ATBjoMDxDDLHYWJTmCM=] [EliteSniper_192] Checking for teleport settings on connect
[2025-05-29 21:35:33] [YS8Drbp5ATBjoMDxDDLHYWJTmCM=] [EliteSniper_192] No teleport entry found for this user
[2025-05-29 21:35:43] [+iN+emdCrwTlem5+zfF1B8qY0To=] [xyecoc] Checking for teleport settings on connect
[2025-05-29 21:35:43] [+iN+emdCrwTlem5+zfF1B8qY0To=] [xyecoc] No teleport entry found for this user
[2025-05-29 21:38:01] [eqFmaiR4zuNUT2nlSxICY+6dtYg=] [nike_13] Checking for teleport settings on connect
[2025-05-29 21:38:01] [eqFmaiR4zuNUT2nlSxICY+6dtYg=] [nike_13] No teleport entry found for this user
[2025-05-29 21:38:22] [FM7zTGBZqh8bXgWZXEvzzOT66gc=] [regulator] Checking for teleport settings on connect
[2025-05-29 21:38:22] [FM7zTGBZqh8bXgWZXEvzzOT66gc=] [regulator] No teleport entry found for this user
[2025-05-29 21:39:52] [dDU+qrUO+E8NJHOmrQsCvli4BEA=] [kyojin] Checking for teleport settings on connect
[2025-05-29 21:39:52] [dDU+qrUO+E8NJHOmrQsCvli4BEA=] [kyojin] No teleport entry found for this user
[2025-05-29 21:42:10] [ML5A6zsLU8O+4axZqoMWBtAJ+4E=] [RoburOO] Checking for teleport settings on connect
[2025-05-29 21:42:10] [ML5A6zsLU8O+4axZqoMWBtAJ+4E=] [RoburOO] No teleport entry found for this user
[2025-05-29 21:45:39] [esphB+mG2+N8I3ntRjK04Tgvv7o=] [Phantor] Checking for teleport settings on connect
[2025-05-29 21:45:39] [esphB+mG2+N8I3ntRjK04Tgvv7o=] [Phantor] No teleport entry found for this user
[2025-05-29 21:45:55] [vIHheui87ynZFCe5yYEDtodQDns=] [Scirena] Checking for teleport settings on connect
[2025-05-29 21:45:55] [vIHheui87ynZFCe5yYEDtodQDns=] [Scirena] No teleport entry found for this user
[2025-05-29 21:46:07] [SUT+/nxpKwjoJxdY4PhDm+DXOi4=] [wadas] Checking for teleport settings on connect
[2025-05-29 21:46:07] [SUT+/nxpKwjoJxdY4PhDm+DXOi4=] [wadas] No teleport entry found for this user
[2025-05-29 21:46:56] [XUq6lat2sP336FLybn+Od5CLO5Q=] [TeamSpeakUser2] Checking for teleport settings on connect
[2025-05-29 21:46:56] [XUq6lat2sP336FLybn+Od5CLO5Q=] [TeamSpeakUser2] No teleport entry found for this user
[2025-05-29 21:47:21] [BSx/baBU/deONGI5eDjA4RBHrtg=] [макрун] Checking for teleport settings on connect
[2025-05-29 21:47:21] [BSx/baBU/deONGI5eDjA4RBHrtg=] [макрун] No teleport entry found for this user
[2025-05-29 21:47:39] [RBwh+hLI7qM/5sBbq4UPaExpE30=] [Druid Сrow 🦅] Checking for teleport settings on connect
[2025-05-29 21:47:39] [RBwh+hLI7qM/5sBbq4UPaExpE30=] [Druid Сrow 🦅] No teleport entry found for this user
[2025-05-29 21:47:48] [BSx/baBU/deONGI5eDjA4RBHrtg=] [макрун] Checking for teleport settings on connect
[2025-05-29 21:47:48] [BSx/baBU/deONGI5eDjA4RBHrtg=] [макрун] No teleport entry found for this user
[2025-05-29 21:47:57] [j2TIawnGNehvq+itbVK9ty0G5jo=] [Sfanon] Checking for teleport settings on connect
[2025-05-29 21:47:57] [j2TIawnGNehvq+itbVK9ty0G5jo=] [Sfanon] No teleport entry found for this user
[2025-05-29 21:48:55] [sVrSHwfOWFOloLPnjG6Ub+Fzgrg=] [Jaws] Checking for teleport settings on connect
[2025-05-29 21:48:55] [sVrSHwfOWFOloLPnjG6Ub+Fzgrg=] [Jaws] No teleport entry found for this user
[2025-05-29 21:50:27] [B2fRgglzPVX7d5IDrNsAi94lUY0=] [baia] Checking for teleport settings on connect
[2025-05-29 21:50:27] [B2fRgglzPVX7d5IDrNsAi94lUY0=] [baia] No teleport entry found for this user
[2025-05-29 21:52:23] [VuNFAf3wIFc1IkWzOmahJ2tNnQw=] [amir-v13] Checking for teleport settings on connect
[2025-05-29 21:52:23] [VuNFAf3wIFc1IkWzOmahJ2tNnQw=] [amir-v13] No teleport entry found for this user
[2025-05-29 21:55:21] [lr+YyREr6CPHJbcHyqyEPf8cHhk=] [Ваш папочка] Checking for teleport settings on connect
[2025-05-29 21:55:21] [lr+YyREr6CPHJbcHyqyEPf8cHhk=] [Ваш папочка] No teleport entry found for this user
[2025-05-29 21:55:38] [zplLYXriSF0hqWw82HYme0Qb6hU=] [BlvckMafia] Checking for teleport settings on connect
[2025-05-29 21:55:38] [zplLYXriSF0hqWw82HYme0Qb6hU=] [BlvckMafia] No teleport entry found for this user
[2025-05-29 21:56:35] [gxGX91a+FO9ox8ymbTAiTSocxRE=] [Froll1] Checking for teleport settings on connect
[2025-05-29 21:56:35] [gxGX91a+FO9ox8ymbTAiTSocxRE=] [Froll1] No teleport entry found for this user
[2025-05-29 22:01:23] [IGWyaTUI4kkRN9c8SbfKppkqZwU=] [zenk0 -dA beaSt] Checking for teleport settings on connect
[2025-05-29 22:01:23] [IGWyaTUI4kkRN9c8SbfKppkqZwU=] [zenk0 -dA beaSt] No teleport entry found for this user
[2025-05-29 22:04:07] [Sb5/CGVVaqxFJFzlgBB2alqFDUw=] [BRSSSS] Checking for teleport settings on connect
[2025-05-29 22:04:07] [Sb5/CGVVaqxFJFzlgBB2alqFDUw=] [BRSSSS] No teleport entry found for this user
[2025-05-29 22:08:25] [lPq8Y8B1JOHL6QoSGZDwJ6xzT7Q=] [vata] Checking for teleport settings on connect
[2025-05-29 22:08:25] [lPq8Y8B1JOHL6QoSGZDwJ6xzT7Q=] [vata] No teleport entry found for this user
[2025-05-29 22:09:06] [+eY62p4z2Yc8MBABvp55HWZZJ18=] [saulov] Checking for teleport settings on connect
[2025-05-29 22:09:06] [+eY62p4z2Yc8MBABvp55HWZZJ18=] [saulov] No teleport entry found for this user
[2025-05-29 22:10:19] [fH55ADpBJR2Pf03gH5EIVyAAuTk=] [W1zard] Checking for teleport settings on connect
[2025-05-29 22:10:19] [fH55ADpBJR2Pf03gH5EIVyAAuTk=] [W1zard] No teleport entry found for this user
[2025-05-29 22:10:43] [Ilrd3Duh3i9Drhhvw8T5dRQso0I=] [БУРКИНОФАСОСЕЦ] Checking for teleport settings on connect
[2025-05-29 22:10:43] [Ilrd3Duh3i9Drhhvw8T5dRQso0I=] [БУРКИНОФАСОСЕЦ] No teleport entry found for this user
[2025-05-29 22:10:45] [xzexHeipGvx6Ks8JLK8N8Ggi/lk=] [Jupiter One] Checking for teleport settings on connect
[2025-05-29 22:10:45] [xzexHeipGvx6Ks8JLK8N8Ggi/lk=] [Jupiter One] No teleport entry found for this user
[2025-05-29 22:10:45] [xzexHeipGvx6Ks8JLK8N8Ggi/lk=] [Jupiter One] Checking for teleport settings on connect
[2025-05-29 22:10:45] [xzexHeipGvx6Ks8JLK8N8Ggi/lk=] [Jupiter One] No teleport entry found for this user
[2025-05-29 22:10:45] [xzexHeipGvx6Ks8JLK8N8Ggi/lk=] [Jupiter One] Checking for teleport settings on connect
[2025-05-29 22:10:45] [xzexHeipGvx6Ks8JLK8N8Ggi/lk=] [Jupiter One] No teleport entry found for this user
[2025-05-29 22:11:19] [Ops676Lt6XgMPCQGa8NIevUnutU=] [mmd] Checking for teleport settings on connect
[2025-05-29 22:11:19] [Ops676Lt6XgMPCQGa8NIevUnutU=] [mmd] No teleport entry found for this user
[2025-05-29 22:12:12] [mYN+I6ajbg6TgpoPTc/neW5NXTg=] [Pines] Checking for teleport settings on connect
[2025-05-29 22:12:12] [mYN+I6ajbg6TgpoPTc/neW5NXTg=] [Pines] No teleport entry found for this user
[2025-05-29 22:16:12] [mTbPypkwuA/2B5Zl6CXWViczHPo=] [kızlıkbozan33] Checking for teleport settings on connect
[2025-05-29 22:16:12] [mTbPypkwuA/2B5Zl6CXWViczHPo=] [kızlıkbozan33] No teleport entry found for this user
[2025-05-29 22:16:16] [YS8Drbp5ATBjoMDxDDLHYWJTmCM=] [EliteSniper_192] Checking for teleport settings on connect
[2025-05-29 22:16:16] [YS8Drbp5ATBjoMDxDDLHYWJTmCM=] [EliteSniper_192] No teleport entry found for this user
[2025-05-29 22:21:23] [WUFbI2wm1TirPkulhTRESNYToW0=] [sajjad] Checking for teleport settings on connect
[2025-05-29 22:21:23] [WUFbI2wm1TirPkulhTRESNYToW0=] [sajjad] No teleport entry found for this user
[2025-05-29 22:22:25] [Uu5KMlrBm4Z5LiLbdfTmVcSDXOU=] [I_XaSkI_I] Checking for teleport settings on connect
[2025-05-29 22:22:25] [Uu5KMlrBm4Z5LiLbdfTmVcSDXOU=] [I_XaSkI_I] No teleport entry found for this user
[2025-05-29 22:24:51] [Tgd5hyEUE1h1eu8z/TBEWqTvsO4=] [verdi] Checking for teleport settings on connect
[2025-05-29 22:24:51] [Tgd5hyEUE1h1eu8z/TBEWqTvsO4=] [verdi] No teleport entry found for this user
[2025-05-29 22:26:30] [WUFbI2wm1TirPkulhTRESNYToW0=] [sajjad] Checking for teleport settings on connect
[2025-05-29 22:26:30] [WUFbI2wm1TirPkulhTRESNYToW0=] [sajjad] No teleport entry found for this user
[2025-05-29 22:27:05] [BSx/baBU/deONGI5eDjA4RBHrtg=] [макрун] Checking for teleport settings on connect
[2025-05-29 22:27:05] [BSx/baBU/deONGI5eDjA4RBHrtg=] [макрун] No teleport entry found for this user
[2025-05-29 22:28:31] [pUCIpssKzbEhYAmtB8xcuFXcEsU=] [mostafa] Checking for teleport settings on connect
[2025-05-29 22:28:31] [pUCIpssKzbEhYAmtB8xcuFXcEsU=] [mostafa] No teleport entry found for this user
[2025-05-29 22:30:01] [hFplnszNsVWixGv+jr9PV6siVtc=] [PitcaRNNN``] Checking for teleport settings on connect
[2025-05-29 22:30:01] [hFplnszNsVWixGv+jr9PV6siVtc=] [PitcaRNNN``] No teleport entry found for this user
[2025-05-29 22:30:20] [BSx/baBU/deONGI5eDjA4RBHrtg=] [макрун] Checking for teleport settings on connect
[2025-05-29 22:30:20] [BSx/baBU/deONGI5eDjA4RBHrtg=] [макрун] No teleport entry found for this user
[2025-05-29 22:30:24] [BSx/baBU/deONGI5eDjA4RBHrtg=] [макрун] Checking for teleport settings on connect
[2025-05-29 22:30:24] [BSx/baBU/deONGI5eDjA4RBHrtg=] [макрун] No teleport entry found for this user
[2025-05-29 22:30:34] [BSx/baBU/deONGI5eDjA4RBHrtg=] [макрун] Checking for teleport settings on connect
[2025-05-29 22:30:34] [BSx/baBU/deONGI5eDjA4RBHrtg=] [макрун] No teleport entry found for this user
[2025-05-29 22:31:34] [olx89Pdjc5M3fEKtvl/uuQb51Rw=] [СИСЯМАСИСЯ] Checking for teleport settings on connect
[2025-05-29 22:31:34] [olx89Pdjc5M3fEKtvl/uuQb51Rw=] [СИСЯМАСИСЯ] No teleport entry found for this user
[2025-05-29 22:32:50] [0XaSaJTqMDRG53r/L41NHA912Rw=] [pisun] Checking for teleport settings on connect
[2025-05-29 22:32:50] [0XaSaJTqMDRG53r/L41NHA912Rw=] [pisun] No teleport entry found for this user
[2025-05-29 22:32:54] [s5SoU0O6Mp2lEkoeWlMc2247gBk=] [don] Checking for teleport settings on connect
[2025-05-29 22:32:54] [s5SoU0O6Mp2lEkoeWlMc2247gBk=] [don] No teleport entry found for this user
[2025-05-29 22:33:18] [xuRMg43iz/Tub+BIn/ERIKPfczM=] [EXOPUL] Checking for teleport settings on connect
[2025-05-29 22:33:18] [xuRMg43iz/Tub+BIn/ERIKPfczM=] [EXOPUL] No teleport entry found for this user
[2025-05-29 22:35:10] [U03tlpb40T9DiVjXTVQdXprGQkc=] [fdgod35] Checking for teleport settings on connect
[2025-05-29 22:35:10] [U03tlpb40T9DiVjXTVQdXprGQkc=] [fdgod35] No teleport entry found for this user
[2025-05-29 22:37:00] [0WgZKkj6v4iiMp7/eG9vKSWI5qU=] [TeamSpeakUser] Checking for teleport settings on connect
[2025-05-29 22:37:00] [0WgZKkj6v4iiMp7/eG9vKSWI5qU=] [TeamSpeakUser] No teleport entry found for this user
[2025-05-29 22:37:26] [5VQn2paiuiABX3QfxcJMoEhAyYQ=] [Almas1k] Checking for teleport settings on connect
[2025-05-29 22:37:26] [5VQn2paiuiABX3QfxcJMoEhAyYQ=] [Almas1k] No teleport entry found for this user
[2025-05-29 22:37:57] [L194KdPcI1asyxtpLRS8SD5byZs=] [hn_tired] Checking for teleport settings on connect
[2025-05-29 22:37:57] [L194KdPcI1asyxtpLRS8SD5byZs=] [hn_tired] No teleport entry found for this user
[2025-05-29 22:38:00] [a9iKhuBT2Q4kmpEZwxAkgOMPdB0=] [Fab] Checking for teleport settings on connect
[2025-05-29 22:38:00] [a9iKhuBT2Q4kmpEZwxAkgOMPdB0=] [Fab] No teleport entry found for this user
[2025-05-29 22:39:45] [3wfCbZork1r8h4aDgIW1hfWE0YA=] [SNAC-Ahmet] Checking for teleport settings on connect
[2025-05-29 22:39:45] [3wfCbZork1r8h4aDgIW1hfWE0YA=] [SNAC-Ahmet] No teleport entry found for this user
[2025-05-29 22:40:17] [8fYztNYS5f8Fc6fjkbCM7rkV5og=] [Doolph] Checking for teleport settings on connect
[2025-05-29 22:40:17] [8fYztNYS5f8Fc6fjkbCM7rkV5og=] [Doolph] No teleport entry found for this user
[2025-05-29 22:40:44] [BSx/baBU/deONGI5eDjA4RBHrtg=] [макрун] Checking for teleport settings on connect
[2025-05-29 22:40:44] [BSx/baBU/deONGI5eDjA4RBHrtg=] [макрун] No teleport entry found for this user
[2025-05-29 22:40:54] [S0WGJ27wEAckuYOZxVnM/6251MM=] [lastsi] Checking for teleport settings on connect
[2025-05-29 22:40:54] [S0WGJ27wEAckuYOZxVnM/6251MM=] [lastsi] No teleport entry found for this user
[2025-05-29 22:44:04] [VNEMZGVfsM3a7FyUkiKK12KnFvw=] [rowdy] Checking for teleport settings on connect
[2025-05-29 22:44:04] [VNEMZGVfsM3a7FyUkiKK12KnFvw=] [rowdy] No teleport entry found for this user
[2025-05-29 22:46:45] [f5blCV2SYOa9qeIxhD7mgNKdr10=] [kompot1k] Checking for teleport settings on connect
[2025-05-29 22:46:45] [f5blCV2SYOa9qeIxhD7mgNKdr10=] [kompot1k] No teleport entry found for this user
[2025-05-29 22:47:17] [8fYztNYS5f8Fc6fjkbCM7rkV5og=] [Doolph] Checking for teleport settings on connect
[2025-05-29 22:47:17] [8fYztNYS5f8Fc6fjkbCM7rkV5og=] [Doolph] No teleport entry found for this user
[2025-05-29 22:48:11] [+akmOQJCA9SuI55JoAWl8G16SY8=] [devl] Checking for teleport settings on connect
[2025-05-29 22:48:11] [+akmOQJCA9SuI55JoAWl8G16SY8=] [devl] No teleport entry found for this user
[2025-05-29 22:48:20] [8fYztNYS5f8Fc6fjkbCM7rkV5og=] [Doolph] Checking for teleport settings on connect
[2025-05-29 22:48:20] [8fYztNYS5f8Fc6fjkbCM7rkV5og=] [Doolph] No teleport entry found for this user
[2025-05-29 22:49:20] [XQUDH4dR5JFRAV8+6Li/lQEpzYU=] [Vitoo] Checking for teleport settings on connect
[2025-05-29 22:49:20] [XQUDH4dR5JFRAV8+6Li/lQEpzYU=] [Vitoo] No teleport entry found for this user
[2025-05-29 22:49:29] [8fYztNYS5f8Fc6fjkbCM7rkV5og=] [Doolph] Checking for teleport settings on connect
[2025-05-29 22:49:29] [8fYztNYS5f8Fc6fjkbCM7rkV5og=] [Doolph] No teleport entry found for this user
[2025-05-29 22:51:23] [IeMQKd2zwus2m8gb1RhS34iGGpo=] [aggent 00alone] Checking for teleport settings on connect
[2025-05-29 22:51:23] [IeMQKd2zwus2m8gb1RhS34iGGpo=] [aggent 00alone] No teleport entry found for this user
[2025-05-29 22:52:54] [ofp0lC8aE44wL4Ooasojs98NL70=] [miz-miz] Checking for teleport settings on connect
[2025-05-29 22:52:54] [ofp0lC8aE44wL4Ooasojs98NL70=] [miz-miz] No teleport entry found for this user
[2025-05-29 22:53:55] [w6PNozwE3hiJ9vcTIkER64disyw=] [TeamSpeakUser1] Checking for teleport settings on connect
[2025-05-29 22:53:55] [w6PNozwE3hiJ9vcTIkER64disyw=] [TeamSpeakUser1] No teleport entry found for this user
[2025-05-29 23:00:35] [wHu8CcJA3lzMnjKWRMwrrvCJbLs=] [PoPoEyE] Checking for teleport settings on connect
[2025-05-29 23:00:35] [wHu8CcJA3lzMnjKWRMwrrvCJbLs=] [PoPoEyE] No teleport entry found for this user
[2025-05-29 23:02:15] [/BzcuyjmOtbR7iMdGo7mzPlKmj0=] [AKIN] Checking for teleport settings on connect
[2025-05-29 23:02:15] [/BzcuyjmOtbR7iMdGo7mzPlKmj0=] [AKIN] No teleport entry found for this user
[2025-05-29 23:02:20] [bKv0uiS1v5QaZIhGs4CwPWVj9cs=] [FEVZİ] Checking for teleport settings on connect
[2025-05-29 23:02:20] [bKv0uiS1v5QaZIhGs4CwPWVj9cs=] [FEVZİ] No teleport entry found for this user
[2025-05-29 23:07:23] [iAyTYfCIfg8tWvnwZ8i4V6HC9hg=] [beyazpiyonG] Checking for teleport settings on connect
[2025-05-29 23:07:23] [iAyTYfCIfg8tWvnwZ8i4V6HC9hg=] [beyazpiyonG] No teleport entry found for this user
[2025-05-29 23:08:14] [Mb6dR/g4URSfDnUQLHUZn7ZBzJg=] [TeamSpeakUser2] Checking for teleport settings on connect
[2025-05-29 23:08:14] [Mb6dR/g4URSfDnUQLHUZn7ZBzJg=] [TeamSpeakUser2] No teleport entry found for this user
[2025-05-29 23:11:26] [HBY+WV6cf6LeM5lvEFlnwwxDWeY=] [TeamSpeakUser3] Checking for teleport settings on connect
[2025-05-29 23:11:26] [HBY+WV6cf6LeM5lvEFlnwwxDWeY=] [TeamSpeakUser3] No teleport entry found for this user
[2025-05-29 23:16:58] [eVDza34F3cpnajhYw3ths01qdBo=] [K3ros_] Checking for teleport settings on connect
[2025-05-29 23:16:58] [eVDza34F3cpnajhYw3ths01qdBo=] [K3ros_] No teleport entry found for this user
[2025-05-29 23:33:33] [xBfUuUP7EpaZTvMnpI+q96JFY20=] [AliShir] Checking for teleport settings on connect
[2025-05-29 23:33:33] [xBfUuUP7EpaZTvMnpI+q96JFY20=] [AliShir] No teleport entry found for this user
[2025-05-29 23:34:56] [Di2MaUkDvWG/4yTOmNqIBWAhaIM=] [astraiser] Checking for teleport settings on connect
[2025-05-29 23:34:56] [Di2MaUkDvWG/4yTOmNqIBWAhaIM=] [astraiser] No teleport entry found for this user
[2025-05-29 23:44:12] [Ops676Lt6XgMPCQGa8NIevUnutU=] [mmd] Checking for teleport settings on connect
[2025-05-29 23:44:12] [Ops676Lt6XgMPCQGa8NIevUnutU=] [mmd] No teleport entry found for this user
[2025-05-29 23:51:46] [rcd8NrrOFlJI2L3a7EKAwnhZY1M=] [Meh] Checking for teleport settings on connect
[2025-05-29 23:51:46] [rcd8NrrOFlJI2L3a7EKAwnhZY1M=] [Meh] No teleport entry found for this user
[2025-05-29 23:52:19] [Ops676Lt6XgMPCQGa8NIevUnutU=] [mmd] Checking for teleport settings on connect
[2025-05-29 23:52:19] [Ops676Lt6XgMPCQGa8NIevUnutU=] [mmd] No teleport entry found for this user
[2025-05-29 23:52:36] [rR+2agDaXOblefNaD/E2LfDoCAU=] [hugao] Checking for teleport settings on connect
[2025-05-29 23:52:36] [rR+2agDaXOblefNaD/E2LfDoCAU=] [hugao] No teleport entry found for this user
[2025-05-29 23:53:27] [iCJa/FPeqCC1wYQIm8fhN1ri2ak=] [mehdi] Checking for teleport settings on connect
[2025-05-29 23:53:27] [iCJa/FPeqCC1wYQIm8fhN1ri2ak=] [mehdi] No teleport entry found for this user
[2025-05-29 23:54:04] [0WgZKkj6v4iiMp7/eG9vKSWI5qU=] [TeamSpeakUser] Checking for teleport settings on connect
[2025-05-29 23:54:04] [0WgZKkj6v4iiMp7/eG9vKSWI5qU=] [TeamSpeakUser] No teleport entry found for this user
[2025-05-29 23:55:54] [qI2AgL2fCVT+OOYvCkUB1vKBbFE=] [xDimitryxEc] Checking for teleport settings on connect
[2025-05-29 23:55:54] [qI2AgL2fCVT+OOYvCkUB1vKBbFE=] [xDimitryxEc] No teleport entry found for this user
[2025-05-29 23:56:10] [yuJ8mmxhfer8xdlqKC26z9O3umI=] [JustMe.am] Checking for teleport settings on connect
[2025-05-29 23:56:10] [yuJ8mmxhfer8xdlqKC26z9O3umI=] [JustMe.am] No teleport entry found for this user
