[2025-08-17 18:18:04] [WtWgpfS8UE18SW7yGXm3r1yoO/c=] [Kowismo] Checking for teleport settings on connect
[2025-08-17 18:18:04] [WtWgpfS8UE18SW7yGXm3r1yoO/c=] [Kowismo] Found teleport entry for channel ID: 103924 (17. Verwirrtenverwaltung)
[2025-08-17 18:18:04] [WtWgpfS8UE18SW7yGXm3r1yoO/c=] [Kowismo] Target channel exists, checking availability
[2025-08-17 18:18:04] [WtWgpfS8UE18SW7yGXm3r1yoO/c=] [Kowismo] Channel is password protected, but teleport groups have ignore password permission
[2025-08-17 18:18:04] [WtWgpfS8UE18SW7yGXm3r1yoO/c=] [Kowismo] Attempting to teleport user to channel
[2025-08-17 18:18:05] [WtWgpfS8UE18SW7yGXm3r1yoO/c=] [Kowismo] Successfully teleported user to channel: 17. Verwirrtenverwaltung
[2025-08-17 18:19:09] [iefEc7IftjNMM5/w71mlW1yAG/s=] [fugue state] Checking for teleport settings on connect
[2025-08-17 18:19:09] [iefEc7IftjNMM5/w71mlW1yAG/s=] [fugue state] Found teleport entry for channel ID: 105588 (18. xXxVIPxXxCoKoJI9TAxXxVIPxXx)
[2025-08-17 18:19:09] [iefEc7IftjNMM5/w71mlW1yAG/s=] [fugue state] Target channel exists, checking availability
[2025-08-17 18:19:09] [iefEc7IftjNMM5/w71mlW1yAG/s=] [fugue state] Channel is password protected, but teleport groups have ignore password permission
[2025-08-17 18:19:09] [iefEc7IftjNMM5/w71mlW1yAG/s=] [fugue state] Attempting to teleport user to channel
[2025-08-17 18:19:10] [iefEc7IftjNMM5/w71mlW1yAG/s=] [fugue state] Successfully teleported user to channel: 18. xXxVIPxXxCoKoJI9TAxXxVIPxXx
[2025-08-17 18:19:51] [1LGAFwYeh9ftEN0OriluWE0DqDs=] [K0ubek] Checking for teleport settings on connect
[2025-08-17 18:19:51] [1LGAFwYeh9ftEN0OriluWE0DqDs=] [K0ubek] Found teleport entry for channel ID: 114123 (OSVOBODITELE PLANET)
[2025-08-17 18:19:51] [1LGAFwYeh9ftEN0OriluWE0DqDs=] [K0ubek] Target channel no longer exists, removing teleport entry
[2025-08-17 18:24:00] [eR1RjitdHks89A8dgZlineVbxYg=] [mitsuki7] Checking for teleport settings on connect
[2025-08-17 18:24:00] [eR1RjitdHks89A8dgZlineVbxYg=] [mitsuki7] Found teleport entry for channel ID: 115029 (bogdan123)
[2025-08-17 18:24:00] [eR1RjitdHks89A8dgZlineVbxYg=] [mitsuki7] Target channel exists, checking availability
[2025-08-17 18:24:00] [eR1RjitdHks89A8dgZlineVbxYg=] [mitsuki7] Channel is password protected, but teleport groups have ignore password permission
[2025-08-17 18:24:00] [eR1RjitdHks89A8dgZlineVbxYg=] [mitsuki7] Attempting to teleport user to channel
[2025-08-17 18:24:01] [eR1RjitdHks89A8dgZlineVbxYg=] [mitsuki7] Successfully teleported user to channel: bogdan123
[2025-08-17 18:24:49] [9RbSPznWk/iq5G+RubmZfegQDS4=] [X1ppt] Checking for teleport settings on connect
[2025-08-17 18:24:49] [9RbSPznWk/iq5G+RubmZfegQDS4=] [X1ppt] No teleport entry found for this user
[2025-08-17 18:24:57] [lQpIOjnCQMVOEI595m3Amb0wZpA=] [IDI NAXUI] Checking for teleport settings on connect
[2025-08-17 18:24:57] [lQpIOjnCQMVOEI595m3Amb0wZpA=] [IDI NAXUI] No teleport entry found for this user
[2025-08-17 18:26:08] [WtWgpfS8UE18SW7yGXm3r1yoO/c=] [Kowismo] Checking for teleport settings on connect
[2025-08-17 18:26:08] [WtWgpfS8UE18SW7yGXm3r1yoO/c=] [Kowismo] No teleport entry found for this user
[2025-08-17 18:28:38] [VJ3kiQhgdGQjTMcQZsjIsQhebgU=] [d3sc] Checking for teleport settings on connect
[2025-08-17 18:28:38] [VJ3kiQhgdGQjTMcQZsjIsQhebgU=] [d3sc] Found teleport entry for channel ID: 114210 (skeeeeeeeeeeeeeeeeeeeeeeeeeeeeeeeeeeebob)
[2025-08-17 18:28:38] [VJ3kiQhgdGQjTMcQZsjIsQhebgU=] [d3sc] Target channel exists, checking availability
[2025-08-17 18:28:38] [VJ3kiQhgdGQjTMcQZsjIsQhebgU=] [d3sc] Channel is password protected, but teleport groups have ignore password permission
[2025-08-17 18:28:38] [VJ3kiQhgdGQjTMcQZsjIsQhebgU=] [d3sc] Attempting to teleport user to channel
[2025-08-17 18:28:39] [VJ3kiQhgdGQjTMcQZsjIsQhebgU=] [d3sc] Successfully teleported user to channel: skeeeeeeeeeeeeeeeeeeeeeeeeeeeeeeeeeeebob
[2025-08-17 18:29:01] [WtWgpfS8UE18SW7yGXm3r1yoO/c=] [Kowismo] Checking for teleport settings on connect
[2025-08-17 18:29:01] [WtWgpfS8UE18SW7yGXm3r1yoO/c=] [Kowismo] Found teleport entry for channel ID: 103924 (17. Verwirrtenverwaltung)
[2025-08-17 18:29:01] [WtWgpfS8UE18SW7yGXm3r1yoO/c=] [Kowismo] Target channel exists, checking availability
[2025-08-17 18:29:01] [WtWgpfS8UE18SW7yGXm3r1yoO/c=] [Kowismo] Channel is password protected, but teleport groups have ignore password permission
[2025-08-17 18:29:01] [WtWgpfS8UE18SW7yGXm3r1yoO/c=] [Kowismo] Attempting to teleport user to channel
[2025-08-17 18:29:02] [WtWgpfS8UE18SW7yGXm3r1yoO/c=] [Kowismo] Successfully teleported user to channel: 17. Verwirrtenverwaltung
[2025-08-17 18:31:07] [RsLFTb9VG9OQrC5jmLEaxKjH4bI=] [aswee-] Checking for teleport settings on connect
[2025-08-17 18:31:07] [RsLFTb9VG9OQrC5jmLEaxKjH4bI=] [aswee-] No teleport entry found for this user
[2025-08-17 18:37:32] [3CXn5E/iuJVn8MHNceBHpnDIkb0=] [hitler_nien] Checking for teleport settings on connect
[2025-08-17 18:37:32] [3CXn5E/iuJVn8MHNceBHpnDIkb0=] [hitler_nien] No teleport entry found for this user
[2025-08-17 18:42:03] [V+r2jqsObKVU67cAATQYjyj/oEk=] [Blood.born] Checking for teleport settings on connect
[2025-08-17 18:42:03] [V+r2jqsObKVU67cAATQYjyj/oEk=] [Blood.born] No teleport entry found for this user
[2025-08-17 18:42:03] [V+r2jqsObKVU67cAATQYjyj/oEk=] [Blood.born] Checking for teleport settings on connect
[2025-08-17 18:42:03] [V+r2jqsObKVU67cAATQYjyj/oEk=] [Blood.born] No teleport entry found for this user
[2025-08-17 18:42:04] [V+r2jqsObKVU67cAATQYjyj/oEk=] [Blood.born] Checking for teleport settings on connect
[2025-08-17 18:42:04] [V+r2jqsObKVU67cAATQYjyj/oEk=] [Blood.born] No teleport entry found for this user
[2025-08-17 18:44:12] [PlotarA/IzD1xOqHXLunwp4hHDs=] [Butch] Checking for teleport settings on connect
[2025-08-17 18:44:12] [PlotarA/IzD1xOqHXLunwp4hHDs=] [Butch] No teleport entry found for this user
[2025-08-17 18:45:42] [vs+7gbTKwu+h+XgDI2qVApOBkfk=] [Viko(ع)] Checking for teleport settings on connect
[2025-08-17 18:45:42] [vs+7gbTKwu+h+XgDI2qVApOBkfk=] [Viko(ع)] Found teleport entry for channel ID: 109053 (22. kir to khamenei)
[2025-08-17 18:45:42] [vs+7gbTKwu+h+XgDI2qVApOBkfk=] [Viko(ع)] Target channel exists, checking availability
[2025-08-17 18:45:42] [vs+7gbTKwu+h+XgDI2qVApOBkfk=] [Viko(ع)] Channel is password protected, but teleport groups have ignore password permission
[2025-08-17 18:45:42] [vs+7gbTKwu+h+XgDI2qVApOBkfk=] [Viko(ع)] Attempting to teleport user to channel
[2025-08-17 18:45:43] [vs+7gbTKwu+h+XgDI2qVApOBkfk=] [Viko(ع)] Successfully teleported user to channel: 22. kir to khamenei
[2025-08-17 18:47:27] [26LCykHOi4bOHKgTy0MkodSp0M8=] [Vulex23] Checking for teleport settings on connect
[2025-08-17 18:47:27] [26LCykHOi4bOHKgTy0MkodSp0M8=] [Vulex23] No teleport entry found for this user
[2025-08-17 18:48:42] [ilO9JAl5glx+WikZA6SZqmic0Iw=] [kaiizenn] Checking for teleport settings on connect
[2025-08-17 18:48:42] [ilO9JAl5glx+WikZA6SZqmic0Iw=] [kaiizenn] Found teleport entry for channel ID: 531 (1. мугівара йо-хохохохохо)
[2025-08-17 18:48:42] [ilO9JAl5glx+WikZA6SZqmic0Iw=] [kaiizenn] Target channel exists, checking availability
[2025-08-17 18:48:42] [ilO9JAl5glx+WikZA6SZqmic0Iw=] [kaiizenn] Channel is password protected, but teleport groups have ignore password permission
[2025-08-17 18:48:42] [ilO9JAl5glx+WikZA6SZqmic0Iw=] [kaiizenn] Attempting to teleport user to channel
[2025-08-17 18:48:43] [ilO9JAl5glx+WikZA6SZqmic0Iw=] [kaiizenn] Successfully teleported user to channel: 1. мугівара йо-хохохохохо
[2025-08-17 18:48:47] [sC96QZMY/yY8Fc9QjquVCkLiW2c=] [Amirali] Checking for teleport settings on connect
[2025-08-17 18:48:47] [sC96QZMY/yY8Fc9QjquVCkLiW2c=] [Amirali] No teleport entry found for this user
[2025-08-17 18:49:07] [vs+7gbTKwu+h+XgDI2qVApOBkfk=] [Viko(ع)] Checking for teleport settings on connect
[2025-08-17 18:49:07] [vs+7gbTKwu+h+XgDI2qVApOBkfk=] [Viko(ع)] Found teleport entry for channel ID: 109053 (22. kir to khamenei)
[2025-08-17 18:49:07] [vs+7gbTKwu+h+XgDI2qVApOBkfk=] [Viko(ع)] Target channel exists, checking availability
[2025-08-17 18:49:07] [vs+7gbTKwu+h+XgDI2qVApOBkfk=] [Viko(ع)] Channel is password protected, but teleport groups have ignore password permission
[2025-08-17 18:49:07] [vs+7gbTKwu+h+XgDI2qVApOBkfk=] [Viko(ع)] Attempting to teleport user to channel
[2025-08-17 18:49:08] [vs+7gbTKwu+h+XgDI2qVApOBkfk=] [Viko(ع)] Successfully teleported user to channel: 22. kir to khamenei
[2025-08-17 18:49:18] [1HI7FfyGvRoy7LsxaMPRjYtN/y8=] [kirill24233] Checking for teleport settings on connect
[2025-08-17 18:49:18] [1HI7FfyGvRoy7LsxaMPRjYtN/y8=] [kirill24233] No teleport entry found for this user
[2025-08-17 18:51:19] [vYdB4LqF9oGqrfx8sM2nXqb21o0=] [may1kid] Checking for teleport settings on connect
[2025-08-17 18:51:19] [vYdB4LqF9oGqrfx8sM2nXqb21o0=] [may1kid] Found teleport entry for channel ID: 115075 (EGOOOOOOOOORRR)
[2025-08-17 18:51:19] [vYdB4LqF9oGqrfx8sM2nXqb21o0=] [may1kid] Target channel exists, checking availability
[2025-08-17 18:51:19] [vYdB4LqF9oGqrfx8sM2nXqb21o0=] [may1kid] Channel is password protected, but teleport groups have ignore password permission
[2025-08-17 18:51:19] [vYdB4LqF9oGqrfx8sM2nXqb21o0=] [may1kid] Attempting to teleport user to channel
[2025-08-17 18:51:20] [vYdB4LqF9oGqrfx8sM2nXqb21o0=] [may1kid] Successfully teleported user to channel: EGOOOOOOOOORRR
[2025-08-17 18:51:25] [I6jOOSBap0dJfQxxrWEXasWM9n0=] [sharfyusha] Checking for teleport settings on connect
[2025-08-17 18:51:25] [I6jOOSBap0dJfQxxrWEXasWM9n0=] [sharfyusha] Found teleport entry for channel ID: 115076 (fortnite1212)
[2025-08-17 18:51:25] [I6jOOSBap0dJfQxxrWEXasWM9n0=] [sharfyusha] Target channel exists, checking availability
[2025-08-17 18:51:25] [I6jOOSBap0dJfQxxrWEXasWM9n0=] [sharfyusha] Channel is password protected, but teleport groups have ignore password permission
[2025-08-17 18:51:25] [I6jOOSBap0dJfQxxrWEXasWM9n0=] [sharfyusha] Attempting to teleport user to channel
[2025-08-17 18:51:26] [I6jOOSBap0dJfQxxrWEXasWM9n0=] [sharfyusha] Successfully teleported user to channel: fortnite1212
[2025-08-17 18:54:15] [VJ3kiQhgdGQjTMcQZsjIsQhebgU=] [d3sc] Checking for teleport settings on connect
[2025-08-17 18:54:15] [VJ3kiQhgdGQjTMcQZsjIsQhebgU=] [d3sc] Found teleport entry for channel ID: 114210 (skeeeeeeeeeeeeeeeeeeeeeeeeeeeeeeeeeeebob)
[2025-08-17 18:54:15] [VJ3kiQhgdGQjTMcQZsjIsQhebgU=] [d3sc] Target channel exists, checking availability
[2025-08-17 18:54:15] [VJ3kiQhgdGQjTMcQZsjIsQhebgU=] [d3sc] Channel is password protected, but teleport groups have ignore password permission
[2025-08-17 18:54:15] [VJ3kiQhgdGQjTMcQZsjIsQhebgU=] [d3sc] Attempting to teleport user to channel
[2025-08-17 18:54:16] [VJ3kiQhgdGQjTMcQZsjIsQhebgU=] [d3sc] Successfully teleported user to channel: skeeeeeeeeeeeeeeeeeeeeeeeeeeeeeeeeeeebob
[2025-08-17 18:56:51] [vYdB4LqF9oGqrfx8sM2nXqb21o0=] [may1kid] Checking for teleport settings on connect
[2025-08-17 18:56:51] [vYdB4LqF9oGqrfx8sM2nXqb21o0=] [may1kid] No teleport entry found for this user
[2025-08-17 18:57:49] [I6jOOSBap0dJfQxxrWEXasWM9n0=] [sharfyusha] Checking for teleport settings on connect
[2025-08-17 18:57:49] [I6jOOSBap0dJfQxxrWEXasWM9n0=] [sharfyusha] Found teleport entry for channel ID: 115076 (fortnite1212)
[2025-08-17 18:57:49] [I6jOOSBap0dJfQxxrWEXasWM9n0=] [sharfyusha] Target channel exists, checking availability
[2025-08-17 18:57:49] [I6jOOSBap0dJfQxxrWEXasWM9n0=] [sharfyusha] Channel is password protected, but teleport groups have ignore password permission
[2025-08-17 18:57:49] [I6jOOSBap0dJfQxxrWEXasWM9n0=] [sharfyusha] Attempting to teleport user to channel
[2025-08-17 18:57:50] [I6jOOSBap0dJfQxxrWEXasWM9n0=] [sharfyusha] Successfully teleported user to channel: fortnite1212
[2025-08-17 18:57:55] [0Kq1jABR4laahePPvEbxYlB+E7I=] [leanmaradona] Checking for teleport settings on connect
[2025-08-17 18:57:55] [0Kq1jABR4laahePPvEbxYlB+E7I=] [leanmaradona] No teleport entry found for this user
[2025-08-17 18:58:22] [j4lQxUVWRUlLgopGIh2SadhECrU=] [lonezzz] Checking for teleport settings on connect
[2025-08-17 18:58:22] [j4lQxUVWRUlLgopGIh2SadhECrU=] [lonezzz] No teleport entry found for this user
[2025-08-17 19:01:35] [TLwIP9Vx3bePxB8PgLne8QrHhrw=] [yasha-_] Checking for teleport settings on connect
[2025-08-17 19:01:35] [TLwIP9Vx3bePxB8PgLne8QrHhrw=] [yasha-_] No teleport entry found for this user
[2025-08-17 19:01:50] [7IfhiVJqPvgzaT8q6UzCUD1usuI=] [TeamSpeakUser] Checking for teleport settings on connect
[2025-08-17 19:01:50] [7IfhiVJqPvgzaT8q6UzCUD1usuI=] [TeamSpeakUser] No teleport entry found for this user
[2025-08-17 19:01:59] [5hddc8haxgTOmC6YnU4i/CaEPsM=] [saadf] Checking for teleport settings on connect
[2025-08-17 19:01:59] [5hddc8haxgTOmC6YnU4i/CaEPsM=] [saadf] Found teleport entry for channel ID: 114661 (девайс кингус нуля)
[2025-08-17 19:01:59] [5hddc8haxgTOmC6YnU4i/CaEPsM=] [saadf] Target channel exists, checking availability
[2025-08-17 19:01:59] [5hddc8haxgTOmC6YnU4i/CaEPsM=] [saadf] Channel is password protected, but teleport groups have ignore password permission
[2025-08-17 19:01:59] [5hddc8haxgTOmC6YnU4i/CaEPsM=] [saadf] Attempting to teleport user to channel
[2025-08-17 19:02:00] [5hddc8haxgTOmC6YnU4i/CaEPsM=] [saadf] Successfully teleported user to channel: девайс кингус нуля
[2025-08-17 19:03:27] [0XIPokUUTEkn00muYiwnSCQJ4wM=] [credolls] Checking for teleport settings on connect
[2025-08-17 19:03:27] [0XIPokUUTEkn00muYiwnSCQJ4wM=] [credolls] No teleport entry found for this user
[2025-08-17 19:07:17] [vYdB4LqF9oGqrfx8sM2nXqb21o0=] [may1kid] Checking for teleport settings on connect
[2025-08-17 19:07:17] [vYdB4LqF9oGqrfx8sM2nXqb21o0=] [may1kid] No teleport entry found for this user
[2025-08-17 19:08:07] [I6jOOSBap0dJfQxxrWEXasWM9n0=] [sharfyusha] Checking for teleport settings on connect
[2025-08-17 19:08:07] [I6jOOSBap0dJfQxxrWEXasWM9n0=] [sharfyusha] Found teleport entry for channel ID: 115076 (fortnite1212)
[2025-08-17 19:08:07] [I6jOOSBap0dJfQxxrWEXasWM9n0=] [sharfyusha] Target channel exists, checking availability
[2025-08-17 19:08:07] [I6jOOSBap0dJfQxxrWEXasWM9n0=] [sharfyusha] Channel is password protected, but teleport groups have ignore password permission
[2025-08-17 19:08:07] [I6jOOSBap0dJfQxxrWEXasWM9n0=] [sharfyusha] Attempting to teleport user to channel
[2025-08-17 19:08:08] [I6jOOSBap0dJfQxxrWEXasWM9n0=] [sharfyusha] Successfully teleported user to channel: fortnite1212
[2025-08-17 19:10:36] [vUkf2Ea3p2mcfiNRkH6c3ypPuNQ=] [Грацу] Checking for teleport settings on connect
[2025-08-17 19:10:36] [vUkf2Ea3p2mcfiNRkH6c3ypPuNQ=] [Грацу] Found teleport entry for channel ID: 114205 (вф)
[2025-08-17 19:10:36] [vUkf2Ea3p2mcfiNRkH6c3ypPuNQ=] [Грацу] Target channel no longer exists, removing teleport entry
[2025-08-17 19:11:14] [62fFDnRsQaiGDdW0aEiMWihQKYc=] [fait] Checking for teleport settings on connect
[2025-08-17 19:11:14] [62fFDnRsQaiGDdW0aEiMWihQKYc=] [fait] No teleport entry found for this user
[2025-08-17 19:18:17] [ZmpnK3t6PXblmdnSs8MQKkqsoQQ=] [Habarama] Checking for teleport settings on connect
[2025-08-17 19:18:17] [ZmpnK3t6PXblmdnSs8MQKkqsoQQ=] [Habarama] No teleport entry found for this user
[2025-08-17 19:20:01] [otR1BP9Tq/F7C6YBvHXHdE6VbCU=] [AkumaSato] Checking for teleport settings on connect
[2025-08-17 19:20:01] [otR1BP9Tq/F7C6YBvHXHdE6VbCU=] [AkumaSato] No teleport entry found for this user
[2025-08-17 19:23:19] [I6jOOSBap0dJfQxxrWEXasWM9n0=] [sharfyusha] Checking for teleport settings on connect
[2025-08-17 19:23:19] [I6jOOSBap0dJfQxxrWEXasWM9n0=] [sharfyusha] Found teleport entry for channel ID: 115076 (fortnite1212)
[2025-08-17 19:23:19] [I6jOOSBap0dJfQxxrWEXasWM9n0=] [sharfyusha] Target channel exists, checking availability
[2025-08-17 19:23:19] [I6jOOSBap0dJfQxxrWEXasWM9n0=] [sharfyusha] Channel is password protected, but teleport groups have ignore password permission
[2025-08-17 19:23:19] [I6jOOSBap0dJfQxxrWEXasWM9n0=] [sharfyusha] Attempting to teleport user to channel
[2025-08-17 19:23:20] [I6jOOSBap0dJfQxxrWEXasWM9n0=] [sharfyusha] Successfully teleported user to channel: fortnite1212
[2025-08-17 19:23:40] [9RbSPznWk/iq5G+RubmZfegQDS4=] [X 1 p'] Checking for teleport settings on connect
[2025-08-17 19:23:40] [9RbSPznWk/iq5G+RubmZfegQDS4=] [X 1 p'] No teleport entry found for this user
[2025-08-17 19:24:31] [vYdB4LqF9oGqrfx8sM2nXqb21o0=] [may1kid] Checking for teleport settings on connect
[2025-08-17 19:24:31] [vYdB4LqF9oGqrfx8sM2nXqb21o0=] [may1kid] No teleport entry found for this user
[2025-08-17 19:25:11] [9RbSPznWk/iq5G+RubmZfegQDS4=] [X 1 p'] Checking for teleport settings on connect
[2025-08-17 19:25:11] [9RbSPznWk/iq5G+RubmZfegQDS4=] [X 1 p'] No teleport entry found for this user
[2025-08-17 19:25:35] [ayHUOzBuuInw8J/HHBAIDIq0cYY=] [bohun ivan] Checking for teleport settings on connect
[2025-08-17 19:25:35] [ayHUOzBuuInw8J/HHBAIDIq0cYY=] [bohun ivan] No teleport entry found for this user
[2025-08-17 19:27:11] [61O6lK2EyDZv74k4hwkKKJbwuQg=] [fl4sh] Checking for teleport settings on connect
[2025-08-17 19:27:11] [61O6lK2EyDZv74k4hwkKKJbwuQg=] [fl4sh] Found teleport entry for channel ID: 114982 (flashumut)
[2025-08-17 19:27:11] [61O6lK2EyDZv74k4hwkKKJbwuQg=] [fl4sh] Target channel exists, checking availability
[2025-08-17 19:27:11] [61O6lK2EyDZv74k4hwkKKJbwuQg=] [fl4sh] Channel is password protected, but teleport groups have ignore password permission
[2025-08-17 19:27:11] [61O6lK2EyDZv74k4hwkKKJbwuQg=] [fl4sh] Attempting to teleport user to channel
[2025-08-17 19:27:12] [61O6lK2EyDZv74k4hwkKKJbwuQg=] [fl4sh] Successfully teleported user to channel: flashumut
[2025-08-17 19:28:44] [5B+EB94xrwmIjHS7SOs7ZO52NeM=] [dzale] Checking for teleport settings on connect
[2025-08-17 19:28:44] [5B+EB94xrwmIjHS7SOs7ZO52NeM=] [dzale] No teleport entry found for this user
[2025-08-17 19:29:47] [sC96QZMY/yY8Fc9QjquVCkLiW2c=] [Amirali] Checking for teleport settings on connect
[2025-08-17 19:29:47] [sC96QZMY/yY8Fc9QjquVCkLiW2c=] [Amirali] No teleport entry found for this user
[2025-08-17 19:30:41] [mu8zHBA0U1KZm37ZU8GDo7EnWqM=] [Yusoso] Checking for teleport settings on connect
[2025-08-17 19:30:41] [mu8zHBA0U1KZm37ZU8GDo7EnWqM=] [Yusoso] No teleport entry found for this user
[2025-08-17 19:31:05] [fa4VJPZN3YRM6elLc2ub2QkVDKA=] [TeamSpeakUser3] Checking for teleport settings on connect
[2025-08-17 19:31:05] [fa4VJPZN3YRM6elLc2ub2QkVDKA=] [TeamSpeakUser3] No teleport entry found for this user
[2025-08-17 19:32:15] [0Z2wqQcTx0kpb/KIf+NPkyv4b60=] [-W1LLL] Checking for teleport settings on connect
[2025-08-17 19:32:15] [0Z2wqQcTx0kpb/KIf+NPkyv4b60=] [-W1LLL] Found teleport entry for channel ID: 113981 (W1LLL)
[2025-08-17 19:32:15] [0Z2wqQcTx0kpb/KIf+NPkyv4b60=] [-W1LLL] Target channel exists, checking availability
[2025-08-17 19:32:15] [0Z2wqQcTx0kpb/KIf+NPkyv4b60=] [-W1LLL] Channel is password protected, but teleport groups have ignore password permission
[2025-08-17 19:32:15] [0Z2wqQcTx0kpb/KIf+NPkyv4b60=] [-W1LLL] Attempting to teleport user to channel
[2025-08-17 19:32:16] [0Z2wqQcTx0kpb/KIf+NPkyv4b60=] [-W1LLL] Successfully teleported user to channel: W1LLL
[2025-08-17 19:32:23] [Yolrk0vLW7Jl+G3XWWoj32wvYHo=] [joy] Checking for teleport settings on connect
[2025-08-17 19:32:23] [Yolrk0vLW7Jl+G3XWWoj32wvYHo=] [joy] No teleport entry found for this user
[2025-08-17 19:32:54] [HL1M4htZuC4hSl/P/HyqYlf2rf8=] [CİHO] Checking for teleport settings on connect
[2025-08-17 19:32:54] [HL1M4htZuC4hSl/P/HyqYlf2rf8=] [CİHO] Found teleport entry for channel ID: 115077 (ZZZZZZZZZZZZZZZZZZZZ)
[2025-08-17 19:32:54] [HL1M4htZuC4hSl/P/HyqYlf2rf8=] [CİHO] Target channel exists, checking availability
[2025-08-17 19:32:54] [HL1M4htZuC4hSl/P/HyqYlf2rf8=] [CİHO] Channel is password protected, but teleport groups have ignore password permission
[2025-08-17 19:32:54] [HL1M4htZuC4hSl/P/HyqYlf2rf8=] [CİHO] Attempting to teleport user to channel
[2025-08-17 19:32:55] [HL1M4htZuC4hSl/P/HyqYlf2rf8=] [CİHO] Successfully teleported user to channel: ZZZZZZZZZZZZZZZZZZZZ
[2025-08-17 19:35:07] [PiE4CHW/03009qVIB8v4lHUkIMI=] [lalalasha] Checking for teleport settings on connect
[2025-08-17 19:35:07] [PiE4CHW/03009qVIB8v4lHUkIMI=] [lalalasha] No teleport entry found for this user
[2025-08-17 19:35:09] [fMyy94Uc4NVBYlK317N59mmcxCg=] [TeamSpeakUser3] Checking for teleport settings on connect
[2025-08-17 19:35:09] [fMyy94Uc4NVBYlK317N59mmcxCg=] [TeamSpeakUser3] No teleport entry found for this user
[2025-08-17 19:39:21] [Zn/9+bT2XSO9sc6lE0+QcGA4eu4=] [sanq] Checking for teleport settings on connect
[2025-08-17 19:39:21] [Zn/9+bT2XSO9sc6lE0+QcGA4eu4=] [sanq] No teleport entry found for this user
[2025-08-17 19:41:16] [fMyy94Uc4NVBYlK317N59mmcxCg=] [TeamSpeakUser3] Checking for teleport settings on connect
[2025-08-17 19:41:16] [fMyy94Uc4NVBYlK317N59mmcxCg=] [TeamSpeakUser3] No teleport entry found for this user
[2025-08-17 19:44:19] [9RbSPznWk/iq5G+RubmZfegQDS4=] [X 1 p'] Checking for teleport settings on connect
[2025-08-17 19:44:19] [9RbSPznWk/iq5G+RubmZfegQDS4=] [X 1 p'] No teleport entry found for this user
[2025-08-17 19:45:35] [4MLGGYt6Z3sgx8GHTCEtNvLhFCY=] [salas] Checking for teleport settings on connect
[2025-08-17 19:45:35] [4MLGGYt6Z3sgx8GHTCEtNvLhFCY=] [salas] No teleport entry found for this user
[2025-08-17 19:46:42] [BEg2/olv1HHNvUSRHS+tb2VFbnw=] [lilja] Checking for teleport settings on connect
[2025-08-17 19:46:42] [BEg2/olv1HHNvUSRHS+tb2VFbnw=] [lilja] No teleport entry found for this user
[2025-08-17 19:46:52] [OtB8/Fi/zTqtCmvCEOm37xd//Ys=] [poo] Checking for teleport settings on connect
[2025-08-17 19:46:52] [OtB8/Fi/zTqtCmvCEOm37xd//Ys=] [poo] Found teleport entry for channel ID: 114259 (dayi)
[2025-08-17 19:46:52] [OtB8/Fi/zTqtCmvCEOm37xd//Ys=] [poo] Target channel exists, checking availability
[2025-08-17 19:46:52] [OtB8/Fi/zTqtCmvCEOm37xd//Ys=] [poo] Channel is password protected, but teleport groups have ignore password permission
[2025-08-17 19:46:52] [OtB8/Fi/zTqtCmvCEOm37xd//Ys=] [poo] Attempting to teleport user to channel
[2025-08-17 19:46:53] [OtB8/Fi/zTqtCmvCEOm37xd//Ys=] [poo] Successfully teleported user to channel: dayi
[2025-08-17 19:49:04] [GZPrB3FpiWRRV5XgyF1n9HPJB9A=] [TeamSpeakUser6] Checking for teleport settings on connect
[2025-08-17 19:49:04] [GZPrB3FpiWRRV5XgyF1n9HPJB9A=] [TeamSpeakUser6] No teleport entry found for this user
[2025-08-17 19:49:05] [gzgRAaKVLz/5WXc8VfxX3/C8shc=] [TeamSpeakUser7] Checking for teleport settings on connect
[2025-08-17 19:49:05] [gzgRAaKVLz/5WXc8VfxX3/C8shc=] [TeamSpeakUser7] No teleport entry found for this user
[2025-08-17 19:49:59] [gzgRAaKVLz/5WXc8VfxX3/C8shc=] [TeamSpeakUser7] Checking for teleport settings on connect
[2025-08-17 19:49:59] [gzgRAaKVLz/5WXc8VfxX3/C8shc=] [TeamSpeakUser7] No teleport entry found for this user
[2025-08-17 19:50:48] [GCtHHUBX5hElNzyQqR/Hnxt9Os4=] [Felontheteam] Checking for teleport settings on connect
[2025-08-17 19:50:48] [GCtHHUBX5hElNzyQqR/Hnxt9Os4=] [Felontheteam] No teleport entry found for this user
[2025-08-17 19:51:15] [+qJf2aY4yKXhD4XSZ0NW3vIbF6M=] [Margoto] Checking for teleport settings on connect
[2025-08-17 19:51:15] [+qJf2aY4yKXhD4XSZ0NW3vIbF6M=] [Margoto] No teleport entry found for this user
[2025-08-17 19:55:03] [kiEdv7zRlPY5vEdchmBe2Mbipfo=] [Sven] Checking for teleport settings on connect
[2025-08-17 19:55:03] [kiEdv7zRlPY5vEdchmBe2Mbipfo=] [Sven] Found teleport entry for channel ID: 2055 (4. Vollgas)
[2025-08-17 19:55:03] [kiEdv7zRlPY5vEdchmBe2Mbipfo=] [Sven] Target channel exists, checking availability
[2025-08-17 19:55:03] [kiEdv7zRlPY5vEdchmBe2Mbipfo=] [Sven] Channel is password protected, but teleport groups have ignore password permission
[2025-08-17 19:55:03] [kiEdv7zRlPY5vEdchmBe2Mbipfo=] [Sven] Attempting to teleport user to channel
[2025-08-17 19:55:04] [kiEdv7zRlPY5vEdchmBe2Mbipfo=] [Sven] Failed to move client: {"success":false,"errors":["ErrorID: 770 | Message: already member of channel"],"data":false}
[2025-08-17 19:55:12] [UrEtXcp8O/VQlpgWLlmu83xsJb4=] [RePeek.me | Willi-Wonka] Checking for teleport settings on connect
[2025-08-17 19:55:12] [UrEtXcp8O/VQlpgWLlmu83xsJb4=] [RePeek.me | Willi-Wonka] No teleport entry found for this user
[2025-08-17 19:56:37] [kiEdv7zRlPY5vEdchmBe2Mbipfo=] [Sven] Checking for teleport settings on connect
[2025-08-17 19:56:37] [kiEdv7zRlPY5vEdchmBe2Mbipfo=] [Sven] Found teleport entry for channel ID: 2055 (3. Vollgas)
[2025-08-17 19:56:37] [kiEdv7zRlPY5vEdchmBe2Mbipfo=] [Sven] Target channel exists, checking availability
[2025-08-17 19:56:37] [kiEdv7zRlPY5vEdchmBe2Mbipfo=] [Sven] Channel is password protected, but teleport groups have ignore password permission
[2025-08-17 19:56:37] [kiEdv7zRlPY5vEdchmBe2Mbipfo=] [Sven] Attempting to teleport user to channel
[2025-08-17 19:56:38] [kiEdv7zRlPY5vEdchmBe2Mbipfo=] [Sven] Failed to move client: {"success":false,"errors":["ErrorID: 770 | Message: already member of channel"],"data":false}
[2025-08-17 19:59:12] [dQduHytlYfXayqUKaU5iChZBKUQ=] [zitrvxmode] Checking for teleport settings on connect
[2025-08-17 19:59:12] [dQduHytlYfXayqUKaU5iChZBKUQ=] [zitrvxmode] No teleport entry found for this user
[2025-08-17 19:59:15] [ruBTdp0pA5iSR/zKwFt9sBDK+SI=] [alexei_shubin] Checking for teleport settings on connect
[2025-08-17 19:59:15] [ruBTdp0pA5iSR/zKwFt9sBDK+SI=] [alexei_shubin] No teleport entry found for this user
[2025-08-17 19:59:45] [rrFteaYAWPrQHu1180PxQxKeozg=] [Gomba] Checking for teleport settings on connect
[2025-08-17 19:59:45] [rrFteaYAWPrQHu1180PxQxKeozg=] [Gomba] No teleport entry found for this user
[2025-08-17 20:00:07] [kiEdv7zRlPY5vEdchmBe2Mbipfo=] [Sven] Checking for teleport settings on connect
[2025-08-17 20:00:07] [kiEdv7zRlPY5vEdchmBe2Mbipfo=] [Sven] Found teleport entry for channel ID: 2055 (3. Vollgas)
[2025-08-17 20:00:07] [kiEdv7zRlPY5vEdchmBe2Mbipfo=] [Sven] Target channel exists, checking availability
[2025-08-17 20:00:07] [kiEdv7zRlPY5vEdchmBe2Mbipfo=] [Sven] Channel is password protected, but teleport groups have ignore password permission
[2025-08-17 20:00:07] [kiEdv7zRlPY5vEdchmBe2Mbipfo=] [Sven] Attempting to teleport user to channel
[2025-08-17 20:00:08] [kiEdv7zRlPY5vEdchmBe2Mbipfo=] [Sven] Failed to move client: {"success":false,"errors":["ErrorID: 770 | Message: already member of channel"],"data":false}
[2025-08-17 20:01:57] [A1xfpFQsaf2c9EH0PcH4vxsTE1o=] [GENERAL MOTORS] Checking for teleport settings on connect
[2025-08-17 20:01:57] [A1xfpFQsaf2c9EH0PcH4vxsTE1o=] [GENERAL MOTORS] Found teleport entry for channel ID: 115101 (Ил-2 Штурмовик)
[2025-08-17 20:01:57] [A1xfpFQsaf2c9EH0PcH4vxsTE1o=] [GENERAL MOTORS] Target channel exists, checking availability
[2025-08-17 20:01:57] [A1xfpFQsaf2c9EH0PcH4vxsTE1o=] [GENERAL MOTORS] Channel is password protected, but teleport groups have ignore password permission
[2025-08-17 20:01:57] [A1xfpFQsaf2c9EH0PcH4vxsTE1o=] [GENERAL MOTORS] Attempting to teleport user to channel
[2025-08-17 20:01:58] [A1xfpFQsaf2c9EH0PcH4vxsTE1o=] [GENERAL MOTORS] Successfully teleported user to channel: Ил-2 Штурмовик
[2025-08-17 20:04:11] [fA+/ep3PG6dYkl087gnTA33ONbw=] [Hampino] Checking for teleport settings on connect
[2025-08-17 20:04:11] [fA+/ep3PG6dYkl087gnTA33ONbw=] [Hampino] No teleport entry found for this user
[2025-08-17 20:06:00] [+fy5MzugfSiiTGw+OcaOLe/fQQg=] [tobi] Checking for teleport settings on connect
[2025-08-17 20:06:00] [+fy5MzugfSiiTGw+OcaOLe/fQQg=] [tobi] Found teleport entry for channel ID: 2055 (3. Vollgas)
[2025-08-17 20:06:00] [+fy5MzugfSiiTGw+OcaOLe/fQQg=] [tobi] Target channel exists, checking availability
[2025-08-17 20:06:00] [+fy5MzugfSiiTGw+OcaOLe/fQQg=] [tobi] Channel is password protected, but teleport groups have ignore password permission
[2025-08-17 20:06:00] [+fy5MzugfSiiTGw+OcaOLe/fQQg=] [tobi] Attempting to teleport user to channel
[2025-08-17 20:06:01] [+fy5MzugfSiiTGw+OcaOLe/fQQg=] [tobi] Failed to move client: {"success":false,"errors":["ErrorID: 770 | Message: already member of channel"],"data":false}
[2025-08-17 20:09:24] [DdvfOAoep9XKOfimQ/Nit/nevWs=] [-3k] Checking for teleport settings on connect
[2025-08-17 20:09:24] [DdvfOAoep9XKOfimQ/Nit/nevWs=] [-3k] No teleport entry found for this user
[2025-08-17 20:10:21] [eR1RjitdHks89A8dgZlineVbxYg=] [mitsuki7] Checking for teleport settings on connect
[2025-08-17 20:10:21] [eR1RjitdHks89A8dgZlineVbxYg=] [mitsuki7] Found teleport entry for channel ID: 115152 (ищпвфтддаываы)
[2025-08-17 20:10:21] [eR1RjitdHks89A8dgZlineVbxYg=] [mitsuki7] Target channel exists, checking availability
[2025-08-17 20:10:21] [eR1RjitdHks89A8dgZlineVbxYg=] [mitsuki7] Channel is password protected, but teleport groups have ignore password permission
[2025-08-17 20:10:21] [eR1RjitdHks89A8dgZlineVbxYg=] [mitsuki7] Attempting to teleport user to channel
[2025-08-17 20:10:22] [eR1RjitdHks89A8dgZlineVbxYg=] [mitsuki7] Successfully teleported user to channel: ищпвфтддаываы
[2025-08-17 20:10:25] [L7C6RyDj46rJ2KImJAiVMGuWyg8=] [mogulyok] Checking for teleport settings on connect
[2025-08-17 20:10:25] [L7C6RyDj46rJ2KImJAiVMGuWyg8=] [mogulyok] No teleport entry found for this user
[2025-08-17 20:10:25] [L7C6RyDj46rJ2KImJAiVMGuWyg8=] [mogulyok] Checking for teleport settings on connect
[2025-08-17 20:10:25] [L7C6RyDj46rJ2KImJAiVMGuWyg8=] [mogulyok] No teleport entry found for this user
[2025-08-17 20:10:25] [L7C6RyDj46rJ2KImJAiVMGuWyg8=] [mogulyok] Checking for teleport settings on connect
[2025-08-17 20:10:25] [L7C6RyDj46rJ2KImJAiVMGuWyg8=] [mogulyok] No teleport entry found for this user
[2025-08-17 20:13:48] [eNxiZDOeggdj95ZNvuM5yeobkrU=] [Etienne] Checking for teleport settings on connect
[2025-08-17 20:13:48] [eNxiZDOeggdj95ZNvuM5yeobkrU=] [Etienne] No teleport entry found for this user
[2025-08-17 20:14:25] [Xc1V+9hgSSUuMOB1iFNE7BbrmwA=] [Jaws] Checking for teleport settings on connect
[2025-08-17 20:14:25] [Xc1V+9hgSSUuMOB1iFNE7BbrmwA=] [Jaws] No teleport entry found for this user
[2025-08-17 20:14:29] [VzDfRDmJ7uM/C1TaZb3VAAD1IFw=] [reverz] Checking for teleport settings on connect
[2025-08-17 20:14:29] [VzDfRDmJ7uM/C1TaZb3VAAD1IFw=] [reverz] Found teleport entry for channel ID: 114855 (chellimlix)
[2025-08-17 20:14:29] [VzDfRDmJ7uM/C1TaZb3VAAD1IFw=] [reverz] Target channel no longer exists, removing teleport entry
[2025-08-17 20:14:45] [tHKwZtfb/srt+Fd0YoD5SiAYdKo=] [Sim0] Checking for teleport settings on connect
[2025-08-17 20:14:45] [tHKwZtfb/srt+Fd0YoD5SiAYdKo=] [Sim0] Found teleport entry for channel ID: 114748 (apexpred)
[2025-08-17 20:14:45] [tHKwZtfb/srt+Fd0YoD5SiAYdKo=] [Sim0] Target channel no longer exists, removing teleport entry
[2025-08-17 20:17:25] [fiWNBIZG2ioqbK7dtheFRsenFVI=] [AlexQc] Checking for teleport settings on connect
[2025-08-17 20:17:25] [fiWNBIZG2ioqbK7dtheFRsenFVI=] [AlexQc] No teleport entry found for this user
[2025-08-17 20:18:38] [xcwFhKN0bPn1QJxV7HHekBb2PAs=] [Сика] Checking for teleport settings on connect
[2025-08-17 20:18:38] [xcwFhKN0bPn1QJxV7HHekBb2PAs=] [Сика] No teleport entry found for this user
[2025-08-17 20:18:55] [c3ZeK0Ao+IacqBbjYwHaQ1Z+viM=] [jjjj] Checking for teleport settings on connect
[2025-08-17 20:18:55] [c3ZeK0Ao+IacqBbjYwHaQ1Z+viM=] [jjjj] No teleport entry found for this user
[2025-08-17 20:21:52] [sC96QZMY/yY8Fc9QjquVCkLiW2c=] [Amirali] Checking for teleport settings on connect
[2025-08-17 20:21:52] [sC96QZMY/yY8Fc9QjquVCkLiW2c=] [Amirali] No teleport entry found for this user
[2025-08-17 20:21:58] [hUjMcppeZYeQG89H1ehSTqHW6iQ=] [Hydrastarke] Checking for teleport settings on connect
[2025-08-17 20:21:58] [hUjMcppeZYeQG89H1ehSTqHW6iQ=] [Hydrastarke] No teleport entry found for this user
[2025-08-17 20:22:20] [gM6JURCoeTppFvi+so8Nrj/PdUE=] [KvaKing95] Checking for teleport settings on connect
[2025-08-17 20:22:20] [gM6JURCoeTppFvi+so8Nrj/PdUE=] [KvaKing95] No teleport entry found for this user
[2025-08-17 20:23:13] [CnsaFLBvFsaEG5TIA7bpH7+nWrU=] [ardoş] Checking for teleport settings on connect
[2025-08-17 20:23:13] [CnsaFLBvFsaEG5TIA7bpH7+nWrU=] [ardoş] Found teleport entry for channel ID: 114367 (Gtech)
[2025-08-17 20:23:13] [CnsaFLBvFsaEG5TIA7bpH7+nWrU=] [ardoş] Target channel no longer exists, removing teleport entry
[2025-08-17 20:24:18] [j4lQxUVWRUlLgopGIh2SadhECrU=] [lonezzz] Checking for teleport settings on connect
[2025-08-17 20:24:18] [j4lQxUVWRUlLgopGIh2SadhECrU=] [lonezzz] No teleport entry found for this user
[2025-08-17 20:25:59] [OaGbqAfO2WfombCP5kMUjmY2SXg=] [Coolest] Checking for teleport settings on connect
[2025-08-17 20:25:59] [OaGbqAfO2WfombCP5kMUjmY2SXg=] [Coolest] No teleport entry found for this user
[2025-08-17 20:27:21] [woPhIakFjrg3h0dOaapy5EGfmfo=] [DeiBil (Ярик)] Checking for teleport settings on connect
[2025-08-17 20:27:21] [woPhIakFjrg3h0dOaapy5EGfmfo=] [DeiBil (Ярик)] No teleport entry found for this user
[2025-08-17 20:27:42] [yU5AqRzT3plqv4fu7Bc9jGrcdZ0=] [SysmoUsercid=140] Checking for teleport settings on connect
[2025-08-17 20:27:42] [yU5AqRzT3plqv4fu7Bc9jGrcdZ0=] [SysmoUsercid=140] Found teleport entry for channel ID: 112891 (36. Жижа)
[2025-08-17 20:27:42] [yU5AqRzT3plqv4fu7Bc9jGrcdZ0=] [SysmoUsercid=140] Target channel no longer exists, removing teleport entry
[2025-08-17 20:27:46] [LChIIpVKSczGXCJcvYW8G7+Rrgk=] [erik] Checking for teleport settings on connect
[2025-08-17 20:27:46] [LChIIpVKSczGXCJcvYW8G7+Rrgk=] [erik] No teleport entry found for this user
[2025-08-17 20:29:38] [olLchfzvGHNpn6d47ZpS8OkJojI=] [SGS Calvo] Checking for teleport settings on connect
[2025-08-17 20:29:38] [olLchfzvGHNpn6d47ZpS8OkJojI=] [SGS Calvo] No teleport entry found for this user
[2025-08-17 20:32:53] [5c2sa3PhJfKo4TEu5wJxaEqysw8=] [I.am.Atomic] Checking for teleport settings on connect
[2025-08-17 20:32:53] [5c2sa3PhJfKo4TEu5wJxaEqysw8=] [I.am.Atomic] No teleport entry found for this user
[2025-08-17 20:34:22] [woPhIakFjrg3h0dOaapy5EGfmfo=] [DeiBil (Ярик)] Checking for teleport settings on connect
[2025-08-17 20:34:22] [woPhIakFjrg3h0dOaapy5EGfmfo=] [DeiBil (Ярик)] No teleport entry found for this user
[2025-08-17 20:34:54] [HWLzM87+yNul7zc6POACMa/NjHo=] [TeamSpeakUser] Checking for teleport settings on connect
[2025-08-17 20:34:54] [HWLzM87+yNul7zc6POACMa/NjHo=] [TeamSpeakUser] No teleport entry found for this user
[2025-08-17 20:35:12] [woPhIakFjrg3h0dOaapy5EGfmfo=] [DeiBil (Ярик)] Checking for teleport settings on connect
[2025-08-17 20:35:12] [woPhIakFjrg3h0dOaapy5EGfmfo=] [DeiBil (Ярик)] No teleport entry found for this user
[2025-08-17 20:35:38] [GRmt7jZLfS3A+SdGDckb2BiZEAk=] [sameqqq] Checking for teleport settings on connect
[2025-08-17 20:35:38] [GRmt7jZLfS3A+SdGDckb2BiZEAk=] [sameqqq] Found teleport entry for channel ID: 115093 (зізу)
[2025-08-17 20:35:38] [GRmt7jZLfS3A+SdGDckb2BiZEAk=] [sameqqq] Target channel exists, checking availability
[2025-08-17 20:35:38] [GRmt7jZLfS3A+SdGDckb2BiZEAk=] [sameqqq] Channel is password protected, but teleport groups have ignore password permission
[2025-08-17 20:35:38] [GRmt7jZLfS3A+SdGDckb2BiZEAk=] [sameqqq] Attempting to teleport user to channel
[2025-08-17 20:35:39] [GRmt7jZLfS3A+SdGDckb2BiZEAk=] [sameqqq] Successfully teleported user to channel: зізу
[2025-08-17 20:36:24] [woPhIakFjrg3h0dOaapy5EGfmfo=] [DeiBil (Ярик)] Checking for teleport settings on connect
[2025-08-17 20:36:24] [woPhIakFjrg3h0dOaapy5EGfmfo=] [DeiBil (Ярик)] No teleport entry found for this user
[2025-08-17 20:38:09] [m8cGnTRM3qxRjTwNC0BSS/gHtFk=] [IRA DOWNPAS] Checking for teleport settings on connect
[2025-08-17 20:38:09] [m8cGnTRM3qxRjTwNC0BSS/gHtFk=] [IRA DOWNPAS] No teleport entry found for this user
[2025-08-17 20:39:59] [675wO5ssJtQbFw+9qXHexPjHNYM=] [Nevskiiiy] Checking for teleport settings on connect
[2025-08-17 20:39:59] [675wO5ssJtQbFw+9qXHexPjHNYM=] [Nevskiiiy] No teleport entry found for this user
[2025-08-17 20:40:00] [675wO5ssJtQbFw+9qXHexPjHNYM=] [Nevskiiiy] Checking for teleport settings on connect
[2025-08-17 20:40:00] [675wO5ssJtQbFw+9qXHexPjHNYM=] [Nevskiiiy] No teleport entry found for this user
[2025-08-17 20:40:00] [675wO5ssJtQbFw+9qXHexPjHNYM=] [Nevskiiiy] Checking for teleport settings on connect
[2025-08-17 20:40:00] [675wO5ssJtQbFw+9qXHexPjHNYM=] [Nevskiiiy] No teleport entry found for this user
[2025-08-17 20:40:25] [0KtmgWcqmqyqg9a6emCRbxnVfko=] [BAT] Checking for teleport settings on connect
[2025-08-17 20:40:25] [0KtmgWcqmqyqg9a6emCRbxnVfko=] [BAT] No teleport entry found for this user
[2025-08-17 20:41:46] [OnyFNlLSRn5WExnVSStquo7sjMA=] [ПожилаяОстановка] Checking for teleport settings on connect
[2025-08-17 20:41:46] [OnyFNlLSRn5WExnVSStquo7sjMA=] [ПожилаяОстановка] No teleport entry found for this user
[2025-08-17 20:47:46] [QtZEuMWPGcNLoylWU5/WhA71J3c=] [Snow] Checking for teleport settings on connect
[2025-08-17 20:47:46] [QtZEuMWPGcNLoylWU5/WhA71J3c=] [Snow] No teleport entry found for this user
[2025-08-17 20:48:23] [c3ZeK0Ao+IacqBbjYwHaQ1Z+viM=] [jjjj] Checking for teleport settings on connect
[2025-08-17 20:48:23] [c3ZeK0Ao+IacqBbjYwHaQ1Z+viM=] [jjjj] Found teleport entry for channel ID: 115171 (яяяяяяяяядиван)
[2025-08-17 20:48:23] [c3ZeK0Ao+IacqBbjYwHaQ1Z+viM=] [jjjj] Target channel exists, checking availability
[2025-08-17 20:48:23] [c3ZeK0Ao+IacqBbjYwHaQ1Z+viM=] [jjjj] Channel is password protected, but teleport groups have ignore password permission
[2025-08-17 20:48:23] [c3ZeK0Ao+IacqBbjYwHaQ1Z+viM=] [jjjj] Attempting to teleport user to channel
[2025-08-17 20:48:24] [c3ZeK0Ao+IacqBbjYwHaQ1Z+viM=] [jjjj] Successfully teleported user to channel: яяяяяяяяядиван
[2025-08-17 20:49:32] [gzgRAaKVLz/5WXc8VfxX3/C8shc=] [TeamSpeakUser1] Checking for teleport settings on connect
[2025-08-17 20:49:32] [gzgRAaKVLz/5WXc8VfxX3/C8shc=] [TeamSpeakUser1] No teleport entry found for this user
[2025-08-17 20:50:07] [GZPrB3FpiWRRV5XgyF1n9HPJB9A=] [TeamSpeakUser2] Checking for teleport settings on connect
[2025-08-17 20:50:07] [GZPrB3FpiWRRV5XgyF1n9HPJB9A=] [TeamSpeakUser2] Found teleport entry for channel ID: 115163 (GPT)
[2025-08-17 20:50:07] [GZPrB3FpiWRRV5XgyF1n9HPJB9A=] [TeamSpeakUser2] Target channel exists, checking availability
[2025-08-17 20:50:07] [GZPrB3FpiWRRV5XgyF1n9HPJB9A=] [TeamSpeakUser2] Channel is password protected, but teleport groups have ignore password permission
[2025-08-17 20:50:07] [GZPrB3FpiWRRV5XgyF1n9HPJB9A=] [TeamSpeakUser2] Attempting to teleport user to channel
[2025-08-17 20:50:08] [GZPrB3FpiWRRV5XgyF1n9HPJB9A=] [TeamSpeakUser2] Successfully teleported user to channel: GPT
[2025-08-17 20:53:15] [olLchfzvGHNpn6d47ZpS8OkJojI=] [lpcastil] Checking for teleport settings on connect
[2025-08-17 20:53:15] [olLchfzvGHNpn6d47ZpS8OkJojI=] [lpcastil] No teleport entry found for this user
[2025-08-17 20:53:26] [qKySDB+20NCxnJzVQbUg/kdpOEA=] [GuNmiR_] Checking for teleport settings on connect
[2025-08-17 20:53:26] [qKySDB+20NCxnJzVQbUg/kdpOEA=] [GuNmiR_] No teleport entry found for this user
[2025-08-17 20:57:26] [daLZO33ORrjt8kilU/mo70jc7KI=] [makpyn] Checking for teleport settings on connect
[2025-08-17 20:57:26] [daLZO33ORrjt8kilU/mo70jc7KI=] [makpyn] No teleport entry found for this user
[2025-08-17 20:57:46] [LlrrkLsrg0tQI2vuLxN2UDOqfpU=] [TeamSpeakUser4] Checking for teleport settings on connect
[2025-08-17 20:57:46] [LlrrkLsrg0tQI2vuLxN2UDOqfpU=] [TeamSpeakUser4] No teleport entry found for this user
[2025-08-17 20:58:11] [LlrrkLsrg0tQI2vuLxN2UDOqfpU=] [TeamSpeakUser4] Checking for teleport settings on connect
[2025-08-17 20:58:11] [LlrrkLsrg0tQI2vuLxN2UDOqfpU=] [TeamSpeakUser4] No teleport entry found for this user
[2025-08-17 20:58:55] [oqqi6Bit5O+ygzyrhHPsm/VXnKE=] [Pitbulldeluxe.] Checking for teleport settings on connect
[2025-08-17 20:58:55] [oqqi6Bit5O+ygzyrhHPsm/VXnKE=] [Pitbulldeluxe.] No teleport entry found for this user
[2025-08-17 21:00:12] [0DF8mv1hH+kKvzurpSilnz/mv7M=] [SPUNKEYMONKEY] Checking for teleport settings on connect
[2025-08-17 21:00:12] [0DF8mv1hH+kKvzurpSilnz/mv7M=] [SPUNKEYMONKEY] No teleport entry found for this user
[2025-08-17 21:01:47] [c8FoIr3LvluzREdWq/6oCv0yboo=] [Doomgeonmaster] Checking for teleport settings on connect
[2025-08-17 21:01:47] [c8FoIr3LvluzREdWq/6oCv0yboo=] [Doomgeonmaster] No teleport entry found for this user
[2025-08-17 21:01:58] [bfBHMKZBZ+ykgSUwUk0K/ZJFvDw=] [zzzCorleonezzz ( Бислан )] Checking for teleport settings on connect
[2025-08-17 21:01:58] [bfBHMKZBZ+ykgSUwUk0K/ZJFvDw=] [zzzCorleonezzz ( Бислан )] No teleport entry found for this user
[2025-08-17 21:04:49] [wjB8Tsap1RPIpRSCGjlArmTYETo=] [Cam] Checking for teleport settings on connect
[2025-08-17 21:04:49] [wjB8Tsap1RPIpRSCGjlArmTYETo=] [Cam] No teleport entry found for this user
[2025-08-17 21:05:41] [Di2MaUkDvWG/4yTOmNqIBWAhaIM=] [astraiser] Checking for teleport settings on connect
[2025-08-17 21:05:41] [Di2MaUkDvWG/4yTOmNqIBWAhaIM=] [astraiser] Found teleport entry for channel ID: 114837 (Гриша лох^)
[2025-08-17 21:05:41] [Di2MaUkDvWG/4yTOmNqIBWAhaIM=] [astraiser] Target channel exists, checking availability
[2025-08-17 21:05:41] [Di2MaUkDvWG/4yTOmNqIBWAhaIM=] [astraiser] Channel is password protected, but teleport groups have ignore password permission
[2025-08-17 21:05:41] [Di2MaUkDvWG/4yTOmNqIBWAhaIM=] [astraiser] Attempting to teleport user to channel
[2025-08-17 21:05:42] [Di2MaUkDvWG/4yTOmNqIBWAhaIM=] [astraiser] Successfully teleported user to channel: Гриша лох^
[2025-08-17 21:05:43] [Di2MaUkDvWG/4yTOmNqIBWAhaIM=] [astraiser] Checking for teleport settings on connect
[2025-08-17 21:05:43] [Di2MaUkDvWG/4yTOmNqIBWAhaIM=] [astraiser] Found teleport entry for channel ID: 114837 (Гриша лох^)
[2025-08-17 21:05:43] [Di2MaUkDvWG/4yTOmNqIBWAhaIM=] [astraiser] Target channel exists, checking availability
[2025-08-17 21:05:43] [Di2MaUkDvWG/4yTOmNqIBWAhaIM=] [astraiser] Channel is password protected, but teleport groups have ignore password permission
[2025-08-17 21:05:43] [Di2MaUkDvWG/4yTOmNqIBWAhaIM=] [astraiser] Attempting to teleport user to channel
[2025-08-17 21:05:44] [Di2MaUkDvWG/4yTOmNqIBWAhaIM=] [astraiser] Failed to move client: {"success":false,"errors":["ErrorID: 770 | Message: already member of channel"],"data":false}
[2025-08-17 21:05:44] [Di2MaUkDvWG/4yTOmNqIBWAhaIM=] [astraiser] Checking for teleport settings on connect
[2025-08-17 21:05:44] [Di2MaUkDvWG/4yTOmNqIBWAhaIM=] [astraiser] Found teleport entry for channel ID: 114837 (Гриша лох^)
[2025-08-17 21:05:44] [Di2MaUkDvWG/4yTOmNqIBWAhaIM=] [astraiser] Target channel exists, checking availability
[2025-08-17 21:05:44] [Di2MaUkDvWG/4yTOmNqIBWAhaIM=] [astraiser] Channel is password protected, but teleport groups have ignore password permission
[2025-08-17 21:05:44] [Di2MaUkDvWG/4yTOmNqIBWAhaIM=] [astraiser] Attempting to teleport user to channel
[2025-08-17 21:05:45] [Di2MaUkDvWG/4yTOmNqIBWAhaIM=] [astraiser] Failed to move client: {"success":false,"errors":["ErrorID: 770 | Message: already member of channel"],"data":false}
[2025-08-17 21:06:59] [9+eEcAto/wSTLd5IvNiV/GTupc8=] [Alpha09] Checking for teleport settings on connect
[2025-08-17 21:06:59] [9+eEcAto/wSTLd5IvNiV/GTupc8=] [Alpha09] No teleport entry found for this user
[2025-08-17 21:12:22] [4E896wDSmJ8m6QyPTb8WNx7UKxM=] [Groff] Checking for teleport settings on connect
[2025-08-17 21:12:22] [4E896wDSmJ8m6QyPTb8WNx7UKxM=] [Groff] Found teleport entry for channel ID: 113353 (Cencya)
[2025-08-17 21:12:22] [4E896wDSmJ8m6QyPTb8WNx7UKxM=] [Groff] Target channel exists, checking availability
[2025-08-17 21:12:22] [4E896wDSmJ8m6QyPTb8WNx7UKxM=] [Groff] Channel is password protected, but teleport groups have ignore password permission
[2025-08-17 21:12:22] [4E896wDSmJ8m6QyPTb8WNx7UKxM=] [Groff] Attempting to teleport user to channel
[2025-08-17 21:12:23] [4E896wDSmJ8m6QyPTb8WNx7UKxM=] [Groff] Successfully teleported user to channel: Cencya
[2025-08-17 21:14:11] [2E0aQHWA5/SqE+mSnXymc/gM1kI=] [Tasril] Checking for teleport settings on connect
[2025-08-17 21:14:11] [2E0aQHWA5/SqE+mSnXymc/gM1kI=] [Tasril] No teleport entry found for this user
[2025-08-17 21:17:15] [4K1JM3gWxWDRwefuj7WYFwSS2W8=] [Cpt.BORODA] Checking for teleport settings on connect
[2025-08-17 21:17:15] [4K1JM3gWxWDRwefuj7WYFwSS2W8=] [Cpt.BORODA] No teleport entry found for this user
[2025-08-17 21:19:59] [UOd+Zc3DymKG+8IebhOprUVvfE4=] [dyasa] Checking for teleport settings on connect
[2025-08-17 21:19:59] [UOd+Zc3DymKG+8IebhOprUVvfE4=] [dyasa] No teleport entry found for this user
[2025-08-17 21:22:01] [G831RTm365sZm+AZDB791219bVE=] [x7uned] Checking for teleport settings on connect
[2025-08-17 21:22:01] [G831RTm365sZm+AZDB791219bVE=] [x7uned] No teleport entry found for this user
[2025-08-17 21:22:25] [4lgk8AIxD24nO55TvFlly6KF/C4=] [e6lan] Checking for teleport settings on connect
[2025-08-17 21:22:25] [4lgk8AIxD24nO55TvFlly6KF/C4=] [e6lan] No teleport entry found for this user
[2025-08-17 21:25:55] [L7qRovRf/7UBeW38ly75ngISmrA=] [emirhnxnn] Checking for teleport settings on connect
[2025-08-17 21:25:55] [L7qRovRf/7UBeW38ly75ngISmrA=] [emirhnxnn] No teleport entry found for this user
[2025-08-17 21:27:54] [U9IMfSvzj5D6AQ6a6xlapRD7cZ0=] [dayn777] Checking for teleport settings on connect
[2025-08-17 21:27:54] [U9IMfSvzj5D6AQ6a6xlapRD7cZ0=] [dayn777] No teleport entry found for this user
[2025-08-17 21:28:35] [2Lx63FxcyvHlLbs3Khbo5bJe6mY=] [Last] Checking for teleport settings on connect
[2025-08-17 21:28:35] [2Lx63FxcyvHlLbs3Khbo5bJe6mY=] [Last] Found teleport entry for channel ID: 114985 (pubg)
[2025-08-17 21:28:35] [2Lx63FxcyvHlLbs3Khbo5bJe6mY=] [Last] Target channel exists, checking availability
[2025-08-17 21:28:35] [2Lx63FxcyvHlLbs3Khbo5bJe6mY=] [Last] Channel is password protected, but teleport groups have ignore password permission
[2025-08-17 21:28:35] [2Lx63FxcyvHlLbs3Khbo5bJe6mY=] [Last] Attempting to teleport user to channel
[2025-08-17 21:28:36] [2Lx63FxcyvHlLbs3Khbo5bJe6mY=] [Last] Successfully teleported user to channel: pubg
[2025-08-17 21:28:52] [RsLFTb9VG9OQrC5jmLEaxKjH4bI=] [aswee-] Checking for teleport settings on connect
[2025-08-17 21:28:52] [RsLFTb9VG9OQrC5jmLEaxKjH4bI=] [aswee-] No teleport entry found for this user
[2025-08-17 21:29:16] [czJq8VhqlxMm/zy39XTQ+Np/v1c=] [Manwe] Checking for teleport settings on connect
[2025-08-17 21:29:16] [czJq8VhqlxMm/zy39XTQ+Np/v1c=] [Manwe] No teleport entry found for this user
[2025-08-17 21:30:52] [KTw+VF6m+gTCBlxPrQOWS+S0KMI=] [ego1str0ma] Checking for teleport settings on connect
[2025-08-17 21:30:52] [KTw+VF6m+gTCBlxPrQOWS+S0KMI=] [ego1str0ma] No teleport entry found for this user
[2025-08-17 21:32:59] [Zn/9+bT2XSO9sc6lE0+QcGA4eu4=] [sanq] Checking for teleport settings on connect
[2025-08-17 21:33:00] [Zn/9+bT2XSO9sc6lE0+QcGA4eu4=] [sanq] No teleport entry found for this user
[2025-08-17 21:34:29] [WUFbI2wm1TirPkulhTRESNYToW0=] [sajjad] Checking for teleport settings on connect
[2025-08-17 21:34:29] [WUFbI2wm1TirPkulhTRESNYToW0=] [sajjad] No teleport entry found for this user
[2025-08-17 21:34:29] [WUFbI2wm1TirPkulhTRESNYToW0=] [sajjad] Checking for teleport settings on connect
[2025-08-17 21:34:29] [WUFbI2wm1TirPkulhTRESNYToW0=] [sajjad] No teleport entry found for this user
[2025-08-17 21:34:29] [WUFbI2wm1TirPkulhTRESNYToW0=] [sajjad] Checking for teleport settings on connect
[2025-08-17 21:34:29] [WUFbI2wm1TirPkulhTRESNYToW0=] [sajjad] No teleport entry found for this user
[2025-08-17 21:34:33] [raAePR7lHPhNIRleevueRUQgaPg=] [Seyit] Checking for teleport settings on connect
[2025-08-17 21:34:33] [raAePR7lHPhNIRleevueRUQgaPg=] [Seyit] No teleport entry found for this user
[2025-08-17 21:35:18] [u37UZKIsHRy8fpvH8qv7OuhDpEw=] [AMINOV] Checking for teleport settings on connect
[2025-08-17 21:35:18] [u37UZKIsHRy8fpvH8qv7OuhDpEw=] [AMINOV] No teleport entry found for this user
[2025-08-17 21:35:41] [wHu8CcJA3lzMnjKWRMwrrvCJbLs=] [mmd senator] Checking for teleport settings on connect
[2025-08-17 21:35:41] [wHu8CcJA3lzMnjKWRMwrrvCJbLs=] [mmd senator] No teleport entry found for this user
[2025-08-17 21:36:32] [gzgRAaKVLz/5WXc8VfxX3/C8shc=] [TeamSpeakUser1] Checking for teleport settings on connect
[2025-08-17 21:36:32] [gzgRAaKVLz/5WXc8VfxX3/C8shc=] [TeamSpeakUser1] No teleport entry found for this user
[2025-08-17 21:36:37] [RBwh+hLI7qM/5sBbq4UPaExpE30=] [Druid Сrow 🦅] Checking for teleport settings on connect
[2025-08-17 21:36:37] [RBwh+hLI7qM/5sBbq4UPaExpE30=] [Druid Сrow 🦅] Found teleport entry for channel ID: 110977 (д)
[2025-08-17 21:36:37] [RBwh+hLI7qM/5sBbq4UPaExpE30=] [Druid Сrow 🦅] Target channel exists, checking availability
[2025-08-17 21:36:37] [RBwh+hLI7qM/5sBbq4UPaExpE30=] [Druid Сrow 🦅] Channel is password protected, but teleport groups have ignore password permission
[2025-08-17 21:36:37] [RBwh+hLI7qM/5sBbq4UPaExpE30=] [Druid Сrow 🦅] Attempting to teleport user to channel
[2025-08-17 21:36:38] [RBwh+hLI7qM/5sBbq4UPaExpE30=] [Druid Сrow 🦅] Failed to move client: {"success":false,"errors":["ErrorID: 770 | Message: already member of channel"],"data":false}
[2025-08-17 21:36:42] [L2eQNSlPSLEvzElBvTWjnRjR04U=] [Koniciva] Checking for teleport settings on connect
[2025-08-17 21:36:42] [L2eQNSlPSLEvzElBvTWjnRjR04U=] [Koniciva] No teleport entry found for this user
[2025-08-17 21:39:52] [MCH5CUuHw7qLHVegyroS34EN/pQ=] [PastA1] Checking for teleport settings on connect
[2025-08-17 21:39:52] [MCH5CUuHw7qLHVegyroS34EN/pQ=] [PastA1] No teleport entry found for this user
[2025-08-17 21:40:27] [HN5pYtlIXELllELcmptWdbT2sGg=] [Ngfhtly] Checking for teleport settings on connect
[2025-08-17 21:40:27] [HN5pYtlIXELllELcmptWdbT2sGg=] [Ngfhtly] Found teleport entry for channel ID: 115084 (30. NEGROLAND)
[2025-08-17 21:40:27] [HN5pYtlIXELllELcmptWdbT2sGg=] [Ngfhtly] Target channel exists, checking availability
[2025-08-17 21:40:27] [HN5pYtlIXELllELcmptWdbT2sGg=] [Ngfhtly] Channel is password protected, but teleport groups have ignore password permission
[2025-08-17 21:40:27] [HN5pYtlIXELllELcmptWdbT2sGg=] [Ngfhtly] Attempting to teleport user to channel
[2025-08-17 21:40:28] [HN5pYtlIXELllELcmptWdbT2sGg=] [Ngfhtly] Successfully teleported user to channel: 30. NEGROLAND
[2025-08-17 21:42:52] [6+AWtm7Dy/22msFL+Vzc//Ih20k=] [rutr13x] Checking for teleport settings on connect
[2025-08-17 21:42:52] [6+AWtm7Dy/22msFL+Vzc//Ih20k=] [rutr13x] No teleport entry found for this user
[2025-08-17 21:43:24] [QKXqtUmSXnh7VOSiX4gNUckdrEw=] [Asshol;e] Checking for teleport settings on connect
[2025-08-17 21:43:24] [QKXqtUmSXnh7VOSiX4gNUckdrEw=] [Asshol;e] No teleport entry found for this user
[2025-08-17 21:46:11] [A337CRyeHXs4LwAB23shVIw0jeg=] [mishechcaty] Checking for teleport settings on connect
[2025-08-17 21:46:11] [A337CRyeHXs4LwAB23shVIw0jeg=] [mishechcaty] Found teleport entry for channel ID: 105588 (18. xXxVIPxXxCoKoJI9TAxXxVIPxXx)
[2025-08-17 21:46:11] [A337CRyeHXs4LwAB23shVIw0jeg=] [mishechcaty] Target channel exists, checking availability
[2025-08-17 21:46:11] [A337CRyeHXs4LwAB23shVIw0jeg=] [mishechcaty] Channel is password protected, but teleport groups have ignore password permission
[2025-08-17 21:46:11] [A337CRyeHXs4LwAB23shVIw0jeg=] [mishechcaty] Attempting to teleport user to channel
[2025-08-17 21:46:12] [A337CRyeHXs4LwAB23shVIw0jeg=] [mishechcaty] Successfully teleported user to channel: 18. xXxVIPxXxCoKoJI9TAxXxVIPxXx
[2025-08-17 21:46:38] [hFplnszNsVWixGv+jr9PV6siVtc=] [PitcaRNNN``] Checking for teleport settings on connect
[2025-08-17 21:46:38] [hFplnszNsVWixGv+jr9PV6siVtc=] [PitcaRNNN``] Found teleport entry for channel ID: 114299 (CCCCC)
[2025-08-17 21:46:38] [hFplnszNsVWixGv+jr9PV6siVtc=] [PitcaRNNN``] Target channel no longer exists, removing teleport entry
[2025-08-17 21:46:53] [kfn1jFosIGdE1yOz/lIfEBXQj4A=] [Rix] Checking for teleport settings on connect
[2025-08-17 21:46:53] [kfn1jFosIGdE1yOz/lIfEBXQj4A=] [Rix] No teleport entry found for this user
[2025-08-17 21:47:14] [iefEc7IftjNMM5/w71mlW1yAG/s=] [fugue state] Checking for teleport settings on connect
[2025-08-17 21:47:14] [iefEc7IftjNMM5/w71mlW1yAG/s=] [fugue state] Found teleport entry for channel ID: 105588 (18. xXxVIPxXxCoKoJI9TAxXxVIPxXx)
[2025-08-17 21:47:14] [iefEc7IftjNMM5/w71mlW1yAG/s=] [fugue state] Target channel exists, checking availability
[2025-08-17 21:47:14] [iefEc7IftjNMM5/w71mlW1yAG/s=] [fugue state] Channel is password protected, but teleport groups have ignore password permission
[2025-08-17 21:47:14] [iefEc7IftjNMM5/w71mlW1yAG/s=] [fugue state] Attempting to teleport user to channel
[2025-08-17 21:47:15] [iefEc7IftjNMM5/w71mlW1yAG/s=] [fugue state] Successfully teleported user to channel: 18. xXxVIPxXxCoKoJI9TAxXxVIPxXx
[2025-08-17 21:52:18] [pUCIpssKzbEhYAmtB8xcuFXcEsU=] [mostafa] Checking for teleport settings on connect
[2025-08-17 21:52:18] [pUCIpssKzbEhYAmtB8xcuFXcEsU=] [mostafa] Found teleport entry for channel ID: 115104 (12eh)
[2025-08-17 21:52:18] [pUCIpssKzbEhYAmtB8xcuFXcEsU=] [mostafa] Target channel exists, checking availability
[2025-08-17 21:52:18] [pUCIpssKzbEhYAmtB8xcuFXcEsU=] [mostafa] Channel is password protected, but teleport groups have ignore password permission
[2025-08-17 21:52:18] [pUCIpssKzbEhYAmtB8xcuFXcEsU=] [mostafa] Attempting to teleport user to channel
[2025-08-17 21:52:19] [pUCIpssKzbEhYAmtB8xcuFXcEsU=] [mostafa] Successfully teleported user to channel: 12eh
[2025-08-17 21:53:04] [TvTOgNTiqjm7swE0hlAPFfwQ3DU=] [Sculaccia troie] Checking for teleport settings on connect
[2025-08-17 21:53:04] [TvTOgNTiqjm7swE0hlAPFfwQ3DU=] [Sculaccia troie] Found teleport entry for channel ID: 115084 (30. NEGROLAND)
[2025-08-17 21:53:04] [TvTOgNTiqjm7swE0hlAPFfwQ3DU=] [Sculaccia troie] Target channel exists, checking availability
[2025-08-17 21:53:04] [TvTOgNTiqjm7swE0hlAPFfwQ3DU=] [Sculaccia troie] Channel is password protected, but teleport groups have ignore password permission
[2025-08-17 21:53:04] [TvTOgNTiqjm7swE0hlAPFfwQ3DU=] [Sculaccia troie] Attempting to teleport user to channel
[2025-08-17 21:53:05] [TvTOgNTiqjm7swE0hlAPFfwQ3DU=] [Sculaccia troie] Successfully teleported user to channel: 30. NEGROLAND
[2025-08-17 21:53:19] [yPSI9aghhtH6O+mnSQIo84yUZ4c=] [шароёб] Checking for teleport settings on connect
[2025-08-17 21:53:19] [yPSI9aghhtH6O+mnSQIo84yUZ4c=] [шароёб] Found teleport entry for channel ID: 105588 (18. xXxVIPxXxCoKoJI9TAxXxVIPxXx)
[2025-08-17 21:53:19] [yPSI9aghhtH6O+mnSQIo84yUZ4c=] [шароёб] Target channel exists, checking availability
[2025-08-17 21:53:19] [yPSI9aghhtH6O+mnSQIo84yUZ4c=] [шароёб] Channel is password protected, but teleport groups have ignore password permission
[2025-08-17 21:53:19] [yPSI9aghhtH6O+mnSQIo84yUZ4c=] [шароёб] Attempting to teleport user to channel
[2025-08-17 21:53:20] [yPSI9aghhtH6O+mnSQIo84yUZ4c=] [шароёб] Successfully teleported user to channel: 18. xXxVIPxXxCoKoJI9TAxXxVIPxXx
[2025-08-17 21:55:23] [XPDToHl5aljFgqQKk+WWlqrfzHY=] [TeamSpeakUser4] Checking for teleport settings on connect
[2025-08-17 21:55:23] [XPDToHl5aljFgqQKk+WWlqrfzHY=] [TeamSpeakUser4] No teleport entry found for this user
[2025-08-17 21:55:40] [0WgZKkj6v4iiMp7/eG9vKSWI5qU=] [TeamSpeakUser5] Checking for teleport settings on connect
[2025-08-17 21:55:40] [0WgZKkj6v4iiMp7/eG9vKSWI5qU=] [TeamSpeakUser5] No teleport entry found for this user
[2025-08-17 21:55:41] [y8www1vX+Fcxdsy3fifmpFwkYkA=] [KingDriver] Checking for teleport settings on connect
[2025-08-17 21:55:41] [y8www1vX+Fcxdsy3fifmpFwkYkA=] [KingDriver] Found teleport entry for channel ID: 113353 (Cencya)
[2025-08-17 21:55:41] [y8www1vX+Fcxdsy3fifmpFwkYkA=] [KingDriver] Target channel exists, checking availability
[2025-08-17 21:55:41] [y8www1vX+Fcxdsy3fifmpFwkYkA=] [KingDriver] Channel is password protected, but teleport groups have ignore password permission
[2025-08-17 21:55:41] [y8www1vX+Fcxdsy3fifmpFwkYkA=] [KingDriver] Attempting to teleport user to channel
[2025-08-17 21:55:43] [y8www1vX+Fcxdsy3fifmpFwkYkA=] [KingDriver] Successfully teleported user to channel: Cencya
[2025-08-17 21:55:44] [y8www1vX+Fcxdsy3fifmpFwkYkA=] [KingDriver] Checking for teleport settings on connect
[2025-08-17 21:55:44] [y8www1vX+Fcxdsy3fifmpFwkYkA=] [KingDriver] Found teleport entry for channel ID: 113353 (Cencya)
[2025-08-17 21:55:44] [y8www1vX+Fcxdsy3fifmpFwkYkA=] [KingDriver] Target channel exists, checking availability
[2025-08-17 21:55:44] [y8www1vX+Fcxdsy3fifmpFwkYkA=] [KingDriver] Channel is password protected, but teleport groups have ignore password permission
[2025-08-17 21:55:44] [y8www1vX+Fcxdsy3fifmpFwkYkA=] [KingDriver] Attempting to teleport user to channel
[2025-08-17 21:55:45] [y8www1vX+Fcxdsy3fifmpFwkYkA=] [KingDriver] Failed to move client: {"success":false,"errors":["ErrorID: 770 | Message: already member of channel"],"data":false}
[2025-08-17 21:55:45] [y8www1vX+Fcxdsy3fifmpFwkYkA=] [KingDriver] Checking for teleport settings on connect
[2025-08-17 21:55:45] [y8www1vX+Fcxdsy3fifmpFwkYkA=] [KingDriver] Found teleport entry for channel ID: 113353 (Cencya)
[2025-08-17 21:55:45] [y8www1vX+Fcxdsy3fifmpFwkYkA=] [KingDriver] Target channel exists, checking availability
[2025-08-17 21:55:45] [y8www1vX+Fcxdsy3fifmpFwkYkA=] [KingDriver] Channel is password protected, but teleport groups have ignore password permission
[2025-08-17 21:55:45] [y8www1vX+Fcxdsy3fifmpFwkYkA=] [KingDriver] Attempting to teleport user to channel
[2025-08-17 21:55:46] [y8www1vX+Fcxdsy3fifmpFwkYkA=] [KingDriver] Failed to move client: {"success":false,"errors":["ErrorID: 770 | Message: already member of channel"],"data":false}
[2025-08-17 21:59:25] [ow+Zi/O4SnJIvwHosoZ7zIvOOK8=] [shinigami] Checking for teleport settings on connect
[2025-08-17 21:59:25] [ow+Zi/O4SnJIvwHosoZ7zIvOOK8=] [shinigami] No teleport entry found for this user
[2025-08-17 22:01:38] [HH9pMWXk+qbWzAZZBN5MjixTURo=] [éclatax] Checking for teleport settings on connect
[2025-08-17 22:01:38] [HH9pMWXk+qbWzAZZBN5MjixTURo=] [éclatax] No teleport entry found for this user
[2025-08-17 22:01:39] [FjvWluljyXAl76fTQUXQDhqEdXg=] [sima] Checking for teleport settings on connect
[2025-08-17 22:01:39] [FjvWluljyXAl76fTQUXQDhqEdXg=] [sima] No teleport entry found for this user
[2025-08-17 22:03:09] [MCH5CUuHw7qLHVegyroS34EN/pQ=] [PastA1] Checking for teleport settings on connect
[2025-08-17 22:03:09] [MCH5CUuHw7qLHVegyroS34EN/pQ=] [PastA1] No teleport entry found for this user
[2025-08-17 22:03:22] [3IPPzokbYSPH56aq0936DKtH22I=] [Abazachkun] Checking for teleport settings on connect
[2025-08-17 22:03:22] [3IPPzokbYSPH56aq0936DKtH22I=] [Abazachkun] No teleport entry found for this user
[2025-08-17 22:08:04] [tTra3qIpwTX0g0ATBnyX75pZHaQ=] [Berry] Checking for teleport settings on connect
[2025-08-17 22:08:04] [tTra3qIpwTX0g0ATBnyX75pZHaQ=] [Berry] No teleport entry found for this user
[2025-08-17 22:08:08] [tTra3qIpwTX0g0ATBnyX75pZHaQ=] [Berry] Checking for teleport settings on connect
[2025-08-17 22:08:08] [tTra3qIpwTX0g0ATBnyX75pZHaQ=] [Berry] No teleport entry found for this user
[2025-08-17 22:08:27] [DxNi4BD7UAq0vlX3PZbYCobMhWc=] [Berry1] Checking for teleport settings on connect
[2025-08-17 22:08:27] [DxNi4BD7UAq0vlX3PZbYCobMhWc=] [Berry1] No teleport entry found for this user
[2025-08-17 22:17:00] [c3ZeK0Ao+IacqBbjYwHaQ1Z+viM=] [jjjj] Checking for teleport settings on connect
[2025-08-17 22:17:00] [c3ZeK0Ao+IacqBbjYwHaQ1Z+viM=] [jjjj] Found teleport entry for channel ID: 115171 (яяяяяяяяядиван)
[2025-08-17 22:17:00] [c3ZeK0Ao+IacqBbjYwHaQ1Z+viM=] [jjjj] Target channel exists, checking availability
[2025-08-17 22:17:00] [c3ZeK0Ao+IacqBbjYwHaQ1Z+viM=] [jjjj] Channel is password protected, but teleport groups have ignore password permission
[2025-08-17 22:17:00] [c3ZeK0Ao+IacqBbjYwHaQ1Z+viM=] [jjjj] Attempting to teleport user to channel
[2025-08-17 22:17:01] [c3ZeK0Ao+IacqBbjYwHaQ1Z+viM=] [jjjj] Successfully teleported user to channel: яяяяяяяяядиван
[2025-08-17 22:19:17] [eR1RjitdHks89A8dgZlineVbxYg=] [mitsuki7] Checking for teleport settings on connect
[2025-08-17 22:19:17] [eR1RjitdHks89A8dgZlineVbxYg=] [mitsuki7] Found teleport entry for channel ID: 115152 (ищпвфтддаываы)
[2025-08-17 22:19:17] [eR1RjitdHks89A8dgZlineVbxYg=] [mitsuki7] Target channel exists, checking availability
[2025-08-17 22:19:17] [eR1RjitdHks89A8dgZlineVbxYg=] [mitsuki7] Channel is password protected, but teleport groups have ignore password permission
[2025-08-17 22:19:17] [eR1RjitdHks89A8dgZlineVbxYg=] [mitsuki7] Attempting to teleport user to channel
[2025-08-17 22:19:18] [eR1RjitdHks89A8dgZlineVbxYg=] [mitsuki7] Successfully teleported user to channel: ищпвфтддаываы
[2025-08-17 22:19:20] [lQpIOjnCQMVOEI595m3Amb0wZpA=] [IDI NAXUI] Checking for teleport settings on connect
[2025-08-17 22:19:20] [lQpIOjnCQMVOEI595m3Amb0wZpA=] [IDI NAXUI] No teleport entry found for this user
[2025-08-17 22:19:21] [lQpIOjnCQMVOEI595m3Amb0wZpA=] [IDI NAXUI] Checking for teleport settings on connect
[2025-08-17 22:19:21] [lQpIOjnCQMVOEI595m3Amb0wZpA=] [IDI NAXUI] No teleport entry found for this user
[2025-08-17 22:19:45] [TLwIP9Vx3bePxB8PgLne8QrHhrw=] [yasha-_] Checking for teleport settings on connect
[2025-08-17 22:19:45] [TLwIP9Vx3bePxB8PgLne8QrHhrw=] [yasha-_] No teleport entry found for this user
[2025-08-17 22:20:52] [e/9oYyrhhc1IP+S6iQ1nWm9Q3x8=] [-REVA-] Checking for teleport settings on connect
[2025-08-17 22:20:52] [e/9oYyrhhc1IP+S6iQ1nWm9Q3x8=] [-REVA-] No teleport entry found for this user
[2025-08-17 22:21:35] [ALJbKmQfUmbz6g/F8tfpkljRY/0=] [Mari] Checking for teleport settings on connect
[2025-08-17 22:21:35] [ALJbKmQfUmbz6g/F8tfpkljRY/0=] [Mari] No teleport entry found for this user
[2025-08-17 22:21:44] [kfn1jFosIGdE1yOz/lIfEBXQj4A=] [Rix] Checking for teleport settings on connect
[2025-08-17 22:21:44] [kfn1jFosIGdE1yOz/lIfEBXQj4A=] [Rix] No teleport entry found for this user
[2025-08-17 22:21:45] [Chs2gds0q5c5sHk5GQqGy9JmwQg=] [teaman11] Checking for teleport settings on connect
[2025-08-17 22:21:45] [Chs2gds0q5c5sHk5GQqGy9JmwQg=] [teaman11] No teleport entry found for this user
[2025-08-17 22:26:01] [UkMRdPWzSLSbVYspP0RZwp4rLXU=] [Adam Boroda] Checking for teleport settings on connect
[2025-08-17 22:26:01] [UkMRdPWzSLSbVYspP0RZwp4rLXU=] [Adam Boroda] Found teleport entry for channel ID: 113231 (Simf)
[2025-08-17 22:26:01] [UkMRdPWzSLSbVYspP0RZwp4rLXU=] [Adam Boroda] Target channel no longer exists, removing teleport entry
[2025-08-17 22:27:35] [4Trzz2r9looYqjT6W05btyo3lzs=] [ridzazz] Checking for teleport settings on connect
[2025-08-17 22:27:35] [4Trzz2r9looYqjT6W05btyo3lzs=] [ridzazz] No teleport entry found for this user
[2025-08-17 22:30:30] [hkBhnMOTE8soDHFmBL7JMnzKXrU=] [TeamSpeakUser1] Checking for teleport settings on connect
[2025-08-17 22:30:30] [hkBhnMOTE8soDHFmBL7JMnzKXrU=] [TeamSpeakUser1] No teleport entry found for this user
[2025-08-17 22:31:37] [t31curkqcBIW+Mm1lFuXP/STLZo=] [1nemanjaves] Checking for teleport settings on connect
[2025-08-17 22:31:37] [t31curkqcBIW+Mm1lFuXP/STLZo=] [1nemanjaves] Found teleport entry for channel ID: 114974 (tzone poco x dzazz)
[2025-08-17 22:31:37] [t31curkqcBIW+Mm1lFuXP/STLZo=] [1nemanjaves] Target channel no longer exists, removing teleport entry
[2025-08-17 22:31:44] [6EwxQw7oRt1YOQbzeeEOWW6iyEY=] [TeamSpeakUser2] Checking for teleport settings on connect
[2025-08-17 22:31:44] [6EwxQw7oRt1YOQbzeeEOWW6iyEY=] [TeamSpeakUser2] Found teleport entry for channel ID: 114941 (ясна)
[2025-08-17 22:31:44] [6EwxQw7oRt1YOQbzeeEOWW6iyEY=] [TeamSpeakUser2] Target channel exists, checking availability
[2025-08-17 22:31:44] [6EwxQw7oRt1YOQbzeeEOWW6iyEY=] [TeamSpeakUser2] Channel is password protected, but teleport groups have ignore password permission
[2025-08-17 22:31:44] [6EwxQw7oRt1YOQbzeeEOWW6iyEY=] [TeamSpeakUser2] Attempting to teleport user to channel
[2025-08-17 22:31:45] [6EwxQw7oRt1YOQbzeeEOWW6iyEY=] [TeamSpeakUser2] Successfully teleported user to channel: ясна
[2025-08-17 22:31:52] [j4lQxUVWRUlLgopGIh2SadhECrU=] [lonezzz] Checking for teleport settings on connect
[2025-08-17 22:31:52] [j4lQxUVWRUlLgopGIh2SadhECrU=] [lonezzz] No teleport entry found for this user
[2025-08-17 22:31:57] [6EwxQw7oRt1YOQbzeeEOWW6iyEY=] [TeamSpeakUser2] Checking for teleport settings on connect
[2025-08-17 22:31:57] [6EwxQw7oRt1YOQbzeeEOWW6iyEY=] [TeamSpeakUser2] Found teleport entry for channel ID: 114941 (ясна)
[2025-08-17 22:31:57] [6EwxQw7oRt1YOQbzeeEOWW6iyEY=] [TeamSpeakUser2] Target channel exists, checking availability
[2025-08-17 22:31:57] [6EwxQw7oRt1YOQbzeeEOWW6iyEY=] [TeamSpeakUser2] Channel is password protected, but teleport groups have ignore password permission
[2025-08-17 22:31:57] [6EwxQw7oRt1YOQbzeeEOWW6iyEY=] [TeamSpeakUser2] Attempting to teleport user to channel
[2025-08-17 22:31:58] [6EwxQw7oRt1YOQbzeeEOWW6iyEY=] [TeamSpeakUser2] Successfully teleported user to channel: ясна
[2025-08-17 22:32:23] [xa6D8FIW6ei0ShkOhBhw00Tmpcc=] [PipkaOtca] Checking for teleport settings on connect
[2025-08-17 22:32:23] [xa6D8FIW6ei0ShkOhBhw00Tmpcc=] [PipkaOtca] No teleport entry found for this user
[2025-08-17 22:35:32] [6EwxQw7oRt1YOQbzeeEOWW6iyEY=] [TeamSpeakUser1] Checking for teleport settings on connect
[2025-08-17 22:35:32] [6EwxQw7oRt1YOQbzeeEOWW6iyEY=] [TeamSpeakUser1] Found teleport entry for channel ID: 114941 (ясна)
[2025-08-17 22:35:32] [6EwxQw7oRt1YOQbzeeEOWW6iyEY=] [TeamSpeakUser1] Target channel exists, checking availability
[2025-08-17 22:35:32] [6EwxQw7oRt1YOQbzeeEOWW6iyEY=] [TeamSpeakUser1] Channel is password protected, but teleport groups have ignore password permission
[2025-08-17 22:35:32] [6EwxQw7oRt1YOQbzeeEOWW6iyEY=] [TeamSpeakUser1] Attempting to teleport user to channel
[2025-08-17 22:35:34] [6EwxQw7oRt1YOQbzeeEOWW6iyEY=] [TeamSpeakUser1] Successfully teleported user to channel: ясна
[2025-08-17 22:35:49] [MCH5CUuHw7qLHVegyroS34EN/pQ=] [PastA1] Checking for teleport settings on connect
[2025-08-17 22:35:49] [MCH5CUuHw7qLHVegyroS34EN/pQ=] [PastA1] No teleport entry found for this user
[2025-08-17 22:37:17] [D2IJTm1XTkyh+/GoxsjvTPj1ymE=] [Knups] Checking for teleport settings on connect
[2025-08-17 22:37:17] [D2IJTm1XTkyh+/GoxsjvTPj1ymE=] [Knups] No teleport entry found for this user
[2025-08-17 22:37:33] [AJimp0Wwxt3LJm5dPIyisfwXR6U=] [N3rvezz] Checking for teleport settings on connect
[2025-08-17 22:37:33] [AJimp0Wwxt3LJm5dPIyisfwXR6U=] [N3rvezz] No teleport entry found for this user
[2025-08-17 22:38:25] [HWG+ATHFYYOXM1l3iDtc4v9gUsM=] [Baldiez] Checking for teleport settings on connect
[2025-08-17 22:38:25] [HWG+ATHFYYOXM1l3iDtc4v9gUsM=] [Baldiez] No teleport entry found for this user
[2025-08-17 22:40:25] [X5IbyBv3WtlcgFhjUdRkdzckDnA=] [[#]Misc] User in ignored groups, skipping teleport check
[2025-08-17 22:40:26] [XdfBPIFBI3AGf0ZCZTbFFDB3TjU=] [I ❤ Greatest Hits] User in ignored groups, skipping teleport check
[2025-08-17 22:40:26] [CTJJYp6g0ooZW+p10o4IHQNYVIQ=] [I ❤ 2 Dance] User in ignored groups, skipping teleport check
[2025-08-17 22:40:26] [CTJJYp6g0ooZW+p10o4IHQNYVIQ=] [I ❤ 2 Dance] User in ignored groups, skipping teleport check
[2025-08-17 22:40:26] [CTJJYp6g0ooZW+p10o4IHQNYVIQ=] [I ❤ 2 Dance] User in ignored groups, skipping teleport check
[2025-08-17 22:41:25] [24EkewZtTa85lPq6oDSYYo9p6Yg=] [beytula] Checking for teleport settings on connect
[2025-08-17 22:41:25] [24EkewZtTa85lPq6oDSYYo9p6Yg=] [beytula] No teleport entry found for this user
[2025-08-17 22:42:22] [XdfBPIFBI3AGf0ZCZTbFFDB3TjU=] [I ❤ Greatest Hits] User in ignored groups, skipping teleport check
[2025-08-17 22:42:23] [X5IbyBv3WtlcgFhjUdRkdzckDnA=] [[#]Misc] User in ignored groups, skipping teleport check
[2025-08-17 22:42:24] [CTJJYp6g0ooZW+p10o4IHQNYVIQ=] [I ❤ 2 Dance] User in ignored groups, skipping teleport check
[2025-08-17 22:44:41] [Oov1MfOFFovIa6BxLp/q2bSynIU=] [RauL] Checking for teleport settings on connect
[2025-08-17 22:44:41] [Oov1MfOFFovIa6BxLp/q2bSynIU=] [RauL] Found teleport entry for channel ID: 114084 (Pamf)
[2025-08-17 22:44:41] [Oov1MfOFFovIa6BxLp/q2bSynIU=] [RauL] Target channel no longer exists, removing teleport entry
[2025-08-17 22:44:49] [wHu8CcJA3lzMnjKWRMwrrvCJbLs=] [mmd senator] Checking for teleport settings on connect
[2025-08-17 22:44:49] [wHu8CcJA3lzMnjKWRMwrrvCJbLs=] [mmd senator] No teleport entry found for this user
[2025-08-17 22:44:54] [9yJoO9YN3GwQ3S10Ixz9nAKhZnk=] [Sethius] Checking for teleport settings on connect
[2025-08-17 22:44:54] [9yJoO9YN3GwQ3S10Ixz9nAKhZnk=] [Sethius] No teleport entry found for this user
[2025-08-17 22:46:49] [TWI+XXGLu2pwzCW3cEOZstlE9X4=] [FlavianFCP] Checking for teleport settings on connect
[2025-08-17 22:46:49] [TWI+XXGLu2pwzCW3cEOZstlE9X4=] [FlavianFCP] No teleport entry found for this user
[2025-08-17 22:49:39] [0k7iJrGzj7haOvrih6GAxyrXHtM=] [Sebitzuu] Checking for teleport settings on connect
[2025-08-17 22:49:39] [0k7iJrGzj7haOvrih6GAxyrXHtM=] [Sebitzuu] No teleport entry found for this user
[2025-08-17 22:51:38] [ofp0lC8aE44wL4Ooasojs98NL70=] [miz-miz] Checking for teleport settings on connect
[2025-08-17 22:51:38] [ofp0lC8aE44wL4Ooasojs98NL70=] [miz-miz] No teleport entry found for this user
[2025-08-17 22:53:51] [esphB+mG2+N8I3ntRjK04Tgvv7o=] [Phantor] Checking for teleport settings on connect
[2025-08-17 22:53:51] [esphB+mG2+N8I3ntRjK04Tgvv7o=] [Phantor] No teleport entry found for this user
[2025-08-17 22:55:56] [DdvfOAoep9XKOfimQ/Nit/nevWs=] [-3k] Checking for teleport settings on connect
[2025-08-17 22:55:56] [DdvfOAoep9XKOfimQ/Nit/nevWs=] [-3k] No teleport entry found for this user
[2025-08-17 22:56:48] [qNsg0b7JeakWdOg/MBVUEfo+t/s=] [Chico] Checking for teleport settings on connect
[2025-08-17 22:56:48] [qNsg0b7JeakWdOg/MBVUEfo+t/s=] [Chico] No teleport entry found for this user
[2025-08-17 23:01:26] [Ur4QEkJdoUnTlF/3Qq/fhchir7U=] [Alex0807] Checking for teleport settings on connect
[2025-08-17 23:01:26] [Ur4QEkJdoUnTlF/3Qq/fhchir7U=] [Alex0807] No teleport entry found for this user
[2025-08-17 23:01:27] [lYnVEWVma0Kzv/p4bpCgYZ9twnA=] [I ❤ US Rap Only] User in ignored groups, skipping teleport check
[2025-08-17 23:01:27] [lYnVEWVma0Kzv/p4bpCgYZ9twnA=] [I ❤ US Rap Only] User in ignored groups, skipping teleport check
[2025-08-17 23:01:27] [lYnVEWVma0Kzv/p4bpCgYZ9twnA=] [I ❤ US Rap Only] User in ignored groups, skipping teleport check
[2025-08-17 23:06:29] [ZhvWkHfrWLVjrK3fFImU+a6eDAM=] [ratera] Checking for teleport settings on connect
[2025-08-17 23:06:29] [ZhvWkHfrWLVjrK3fFImU+a6eDAM=] [ratera] No teleport entry found for this user
[2025-08-17 23:10:05] [hkBhnMOTE8soDHFmBL7JMnzKXrU=] [TeamSpeakUser2] Checking for teleport settings on connect
[2025-08-17 23:10:05] [hkBhnMOTE8soDHFmBL7JMnzKXrU=] [TeamSpeakUser2] Found teleport entry for channel ID: 115197 (lada 8)
[2025-08-17 23:10:05] [hkBhnMOTE8soDHFmBL7JMnzKXrU=] [TeamSpeakUser2] Target channel exists, checking availability
[2025-08-17 23:10:05] [hkBhnMOTE8soDHFmBL7JMnzKXrU=] [TeamSpeakUser2] Channel is password protected, but teleport groups have ignore password permission
[2025-08-17 23:10:05] [hkBhnMOTE8soDHFmBL7JMnzKXrU=] [TeamSpeakUser2] Attempting to teleport user to channel
[2025-08-17 23:10:06] [hkBhnMOTE8soDHFmBL7JMnzKXrU=] [TeamSpeakUser2] Successfully teleported user to channel: lada 8
[2025-08-17 23:10:39] [AoNL29Xi2fbL8z1ogPNPD5zGGpY=] [Fenix] Checking for teleport settings on connect
[2025-08-17 23:10:39] [AoNL29Xi2fbL8z1ogPNPD5zGGpY=] [Fenix] Found teleport entry for channel ID: 114043 (чепуха ебаная)
[2025-08-17 23:10:39] [AoNL29Xi2fbL8z1ogPNPD5zGGpY=] [Fenix] Target channel no longer exists, removing teleport entry
[2025-08-17 23:13:17] [3oWtn5L+6IU6K2KqfHLzLNq4zKM=] [kaetanin] Checking for teleport settings on connect
[2025-08-17 23:13:17] [3oWtn5L+6IU6K2KqfHLzLNq4zKM=] [kaetanin] Found teleport entry for channel ID: 115088 (paecas)
[2025-08-17 23:13:17] [3oWtn5L+6IU6K2KqfHLzLNq4zKM=] [kaetanin] Target channel exists, checking availability
[2025-08-17 23:13:17] [3oWtn5L+6IU6K2KqfHLzLNq4zKM=] [kaetanin] Channel is password protected, but teleport groups have ignore password permission
[2025-08-17 23:13:17] [3oWtn5L+6IU6K2KqfHLzLNq4zKM=] [kaetanin] Attempting to teleport user to channel
[2025-08-17 23:13:18] [3oWtn5L+6IU6K2KqfHLzLNq4zKM=] [kaetanin] Successfully teleported user to channel: paecas
[2025-08-17 23:17:03] [ZhvWkHfrWLVjrK3fFImU+a6eDAM=] [ratera] Checking for teleport settings on connect
[2025-08-17 23:17:03] [ZhvWkHfrWLVjrK3fFImU+a6eDAM=] [ratera] No teleport entry found for this user
[2025-08-17 23:24:45] [rfSlRu7uzjI8pCmk2erQZXW6+7M=] [2212312] Checking for teleport settings on connect
[2025-08-17 23:24:45] [rfSlRu7uzjI8pCmk2erQZXW6+7M=] [2212312] Found teleport entry for channel ID: 114935 (pirao)
[2025-08-17 23:24:45] [rfSlRu7uzjI8pCmk2erQZXW6+7M=] [2212312] Target channel exists, checking availability
[2025-08-17 23:24:45] [rfSlRu7uzjI8pCmk2erQZXW6+7M=] [2212312] Attempting to teleport user to channel
[2025-08-17 23:24:46] [rfSlRu7uzjI8pCmk2erQZXW6+7M=] [2212312] Successfully teleported user to channel: pirao
[2025-08-17 23:24:47] [rfSlRu7uzjI8pCmk2erQZXW6+7M=] [2212312] Checking for teleport settings on connect
[2025-08-17 23:24:47] [rfSlRu7uzjI8pCmk2erQZXW6+7M=] [2212312] Found teleport entry for channel ID: 114935 (pirao)
[2025-08-17 23:24:47] [rfSlRu7uzjI8pCmk2erQZXW6+7M=] [2212312] Target channel exists, checking availability
[2025-08-17 23:24:47] [rfSlRu7uzjI8pCmk2erQZXW6+7M=] [2212312] Attempting to teleport user to channel
[2025-08-17 23:24:48] [rfSlRu7uzjI8pCmk2erQZXW6+7M=] [2212312] Failed to move client: {"success":false,"errors":["ErrorID: 770 | Message: already member of channel"],"data":false}
[2025-08-17 23:24:49] [rfSlRu7uzjI8pCmk2erQZXW6+7M=] [2212312] Checking for teleport settings on connect
[2025-08-17 23:24:49] [rfSlRu7uzjI8pCmk2erQZXW6+7M=] [2212312] Found teleport entry for channel ID: 114935 (pirao)
[2025-08-17 23:24:49] [rfSlRu7uzjI8pCmk2erQZXW6+7M=] [2212312] Target channel exists, checking availability
[2025-08-17 23:24:49] [rfSlRu7uzjI8pCmk2erQZXW6+7M=] [2212312] Attempting to teleport user to channel
[2025-08-17 23:24:50] [rfSlRu7uzjI8pCmk2erQZXW6+7M=] [2212312] Failed to move client: {"success":false,"errors":["ErrorID: 770 | Message: already member of channel"],"data":false}
[2025-08-17 23:24:55] [B2fRgglzPVX7d5IDrNsAi94lUY0=] [baia] Checking for teleport settings on connect
[2025-08-17 23:24:55] [B2fRgglzPVX7d5IDrNsAi94lUY0=] [baia] No teleport entry found for this user
[2025-08-17 23:24:55] [OtB8/Fi/zTqtCmvCEOm37xd//Ys=] [poo] Checking for teleport settings on connect
[2025-08-17 23:24:55] [OtB8/Fi/zTqtCmvCEOm37xd//Ys=] [poo] Found teleport entry for channel ID: 114259 (dayi)
[2025-08-17 23:24:55] [OtB8/Fi/zTqtCmvCEOm37xd//Ys=] [poo] Target channel exists, checking availability
[2025-08-17 23:24:55] [OtB8/Fi/zTqtCmvCEOm37xd//Ys=] [poo] Channel is password protected, but teleport groups have ignore password permission
[2025-08-17 23:24:55] [OtB8/Fi/zTqtCmvCEOm37xd//Ys=] [poo] Attempting to teleport user to channel
[2025-08-17 23:24:56] [OtB8/Fi/zTqtCmvCEOm37xd//Ys=] [poo] Successfully teleported user to channel: dayi
[2025-08-17 23:24:58] [OtB8/Fi/zTqtCmvCEOm37xd//Ys=] [poo] Checking for teleport settings on connect
[2025-08-17 23:24:58] [OtB8/Fi/zTqtCmvCEOm37xd//Ys=] [poo] Found teleport entry for channel ID: 114259 (dayi)
[2025-08-17 23:24:58] [OtB8/Fi/zTqtCmvCEOm37xd//Ys=] [poo] Target channel exists, checking availability
[2025-08-17 23:24:58] [OtB8/Fi/zTqtCmvCEOm37xd//Ys=] [poo] Channel is password protected, but teleport groups have ignore password permission
[2025-08-17 23:24:58] [OtB8/Fi/zTqtCmvCEOm37xd//Ys=] [poo] Attempting to teleport user to channel
[2025-08-17 23:24:59] [OtB8/Fi/zTqtCmvCEOm37xd//Ys=] [poo] Failed to move client: {"success":false,"errors":["ErrorID: 770 | Message: already member of channel"],"data":false}
[2025-08-17 23:24:59] [OtB8/Fi/zTqtCmvCEOm37xd//Ys=] [poo] Checking for teleport settings on connect
[2025-08-17 23:24:59] [OtB8/Fi/zTqtCmvCEOm37xd//Ys=] [poo] Found teleport entry for channel ID: 114259 (dayi)
[2025-08-17 23:24:59] [OtB8/Fi/zTqtCmvCEOm37xd//Ys=] [poo] Target channel exists, checking availability
[2025-08-17 23:24:59] [OtB8/Fi/zTqtCmvCEOm37xd//Ys=] [poo] Channel is password protected, but teleport groups have ignore password permission
[2025-08-17 23:24:59] [OtB8/Fi/zTqtCmvCEOm37xd//Ys=] [poo] Attempting to teleport user to channel
[2025-08-17 23:25:00] [OtB8/Fi/zTqtCmvCEOm37xd//Ys=] [poo] Failed to move client: {"success":false,"errors":["ErrorID: 770 | Message: already member of channel"],"data":false}
[2025-08-17 23:25:14] [HWG+ATHFYYOXM1l3iDtc4v9gUsM=] [Baldiez] Checking for teleport settings on connect
[2025-08-17 23:25:14] [HWG+ATHFYYOXM1l3iDtc4v9gUsM=] [Baldiez] No teleport entry found for this user
[2025-08-17 23:29:07] [noSIex18mvh9QTqetVsQs+BT+bQ=] [Nico] Checking for teleport settings on connect
[2025-08-17 23:29:07] [noSIex18mvh9QTqetVsQs+BT+bQ=] [Nico] No teleport entry found for this user
[2025-08-17 23:31:42] [7lkgv1NgBUC4Nbvfz0XxfSTDHSQ=] [Platonuch_UA] Checking for teleport settings on connect
[2025-08-17 23:31:42] [7lkgv1NgBUC4Nbvfz0XxfSTDHSQ=] [Platonuch_UA] Found teleport entry for channel ID: 110695 (Platonuch_UA)
[2025-08-17 23:31:42] [7lkgv1NgBUC4Nbvfz0XxfSTDHSQ=] [Platonuch_UA] Target channel exists, checking availability
[2025-08-17 23:31:42] [7lkgv1NgBUC4Nbvfz0XxfSTDHSQ=] [Platonuch_UA] Channel is password protected, but teleport groups have ignore password permission
[2025-08-17 23:31:42] [7lkgv1NgBUC4Nbvfz0XxfSTDHSQ=] [Platonuch_UA] Attempting to teleport user to channel
[2025-08-17 23:31:43] [7lkgv1NgBUC4Nbvfz0XxfSTDHSQ=] [Platonuch_UA] Failed to move client: {"success":false,"errors":["ErrorID: 770 | Message: already member of channel"],"data":false}
[2025-08-17 23:33:22] [9RbSPznWk/iq5G+RubmZfegQDS4=] [X 1 p'] Checking for teleport settings on connect
[2025-08-17 23:33:22] [9RbSPznWk/iq5G+RubmZfegQDS4=] [X 1 p'] No teleport entry found for this user
[2025-08-17 23:34:22] [9s59R1R1a1eZoQNYdXaHdO8F/IM=] [awegawg] Checking for teleport settings on connect
[2025-08-17 23:34:22] [9s59R1R1a1eZoQNYdXaHdO8F/IM=] [awegawg] No teleport entry found for this user
[2025-08-17 23:34:59] [OtB8/Fi/zTqtCmvCEOm37xd//Ys=] [poo] Checking for teleport settings on connect
[2025-08-17 23:34:59] [OtB8/Fi/zTqtCmvCEOm37xd//Ys=] [poo] Found teleport entry for channel ID: 114259 (dayi)
[2025-08-17 23:34:59] [OtB8/Fi/zTqtCmvCEOm37xd//Ys=] [poo] Target channel exists, checking availability
[2025-08-17 23:34:59] [OtB8/Fi/zTqtCmvCEOm37xd//Ys=] [poo] Channel is password protected, but teleport groups have ignore password permission
[2025-08-17 23:34:59] [OtB8/Fi/zTqtCmvCEOm37xd//Ys=] [poo] Attempting to teleport user to channel
[2025-08-17 23:35:00] [OtB8/Fi/zTqtCmvCEOm37xd//Ys=] [poo] Successfully teleported user to channel: dayi
[2025-08-17 23:35:50] [6loDKB5pFq9h9EZ8lWJAl1sRiNA=] [kagixxx] Checking for teleport settings on connect
[2025-08-17 23:35:50] [6loDKB5pFq9h9EZ8lWJAl1sRiNA=] [kagixxx] Found teleport entry for channel ID: 115130 (sexbomb)
[2025-08-17 23:35:50] [6loDKB5pFq9h9EZ8lWJAl1sRiNA=] [kagixxx] Target channel exists, checking availability
[2025-08-17 23:35:50] [6loDKB5pFq9h9EZ8lWJAl1sRiNA=] [kagixxx] Channel is password protected, but teleport groups have ignore password permission
[2025-08-17 23:35:50] [6loDKB5pFq9h9EZ8lWJAl1sRiNA=] [kagixxx] Attempting to teleport user to channel
[2025-08-17 23:35:51] [6loDKB5pFq9h9EZ8lWJAl1sRiNA=] [kagixxx] Successfully teleported user to channel: sexbomb
[2025-08-17 23:36:56] [zQBV+zr0os6YT3ktHjBJZW0cRd8=] [Tufix] Checking for teleport settings on connect
[2025-08-17 23:36:56] [zQBV+zr0os6YT3ktHjBJZW0cRd8=] [Tufix] No teleport entry found for this user
[2025-08-17 23:37:10] [rfSlRu7uzjI8pCmk2erQZXW6+7M=] [2212312] Checking for teleport settings on connect
[2025-08-17 23:37:10] [rfSlRu7uzjI8pCmk2erQZXW6+7M=] [2212312] No teleport entry found for this user
[2025-08-17 23:39:00] [ZguRZ8geM8sz5Z+CaLG91UaChCg=] [kaan1] Checking for teleport settings on connect
[2025-08-17 23:39:00] [ZguRZ8geM8sz5Z+CaLG91UaChCg=] [kaan1] No teleport entry found for this user
[2025-08-17 23:41:13] [vs+7gbTKwu+h+XgDI2qVApOBkfk=] [Viko(ع)] Checking for teleport settings on connect
[2025-08-17 23:41:13] [vs+7gbTKwu+h+XgDI2qVApOBkfk=] [Viko(ع)] Found teleport entry for channel ID: 109053 (22. kir to khamenei)
[2025-08-17 23:41:13] [vs+7gbTKwu+h+XgDI2qVApOBkfk=] [Viko(ع)] Target channel exists, checking availability
[2025-08-17 23:41:13] [vs+7gbTKwu+h+XgDI2qVApOBkfk=] [Viko(ع)] Channel is password protected, but teleport groups have ignore password permission
[2025-08-17 23:41:13] [vs+7gbTKwu+h+XgDI2qVApOBkfk=] [Viko(ع)] Attempting to teleport user to channel
[2025-08-17 23:41:14] [vs+7gbTKwu+h+XgDI2qVApOBkfk=] [Viko(ع)] Successfully teleported user to channel: 22. kir to khamenei
[2025-08-17 23:41:25] [xCHs6lSxDe3edoQot4ntfOLveSI=] [SEFA] Checking for teleport settings on connect
[2025-08-17 23:41:25] [xCHs6lSxDe3edoQot4ntfOLveSI=] [SEFA] Found teleport entry for channel ID: 114862 (sefa)
[2025-08-17 23:41:25] [xCHs6lSxDe3edoQot4ntfOLveSI=] [SEFA] Target channel no longer exists, removing teleport entry
[2025-08-17 23:42:04] [vs+7gbTKwu+h+XgDI2qVApOBkfk=] [Viko(ع)] Checking for teleport settings on connect
[2025-08-17 23:42:04] [vs+7gbTKwu+h+XgDI2qVApOBkfk=] [Viko(ع)] Found teleport entry for channel ID: 109053 (22. kir to khamenei)
[2025-08-17 23:42:04] [vs+7gbTKwu+h+XgDI2qVApOBkfk=] [Viko(ع)] Target channel exists, checking availability
[2025-08-17 23:42:04] [vs+7gbTKwu+h+XgDI2qVApOBkfk=] [Viko(ع)] Channel is password protected, but teleport groups have ignore password permission
[2025-08-17 23:42:04] [vs+7gbTKwu+h+XgDI2qVApOBkfk=] [Viko(ع)] Attempting to teleport user to channel
[2025-08-17 23:42:05] [vs+7gbTKwu+h+XgDI2qVApOBkfk=] [Viko(ع)] Successfully teleported user to channel: 22. kir to khamenei
[2025-08-17 23:45:25] [VjATdbHI2oEDj5aNEmxg7HiSZ6c=] [kingg2412] Checking for teleport settings on connect
[2025-08-17 23:45:25] [VjATdbHI2oEDj5aNEmxg7HiSZ6c=] [kingg2412] No teleport entry found for this user
[2025-08-17 23:46:29] [OtB8/Fi/zTqtCmvCEOm37xd//Ys=] [poo] Checking for teleport settings on connect
[2025-08-17 23:46:29] [OtB8/Fi/zTqtCmvCEOm37xd//Ys=] [poo] Found teleport entry for channel ID: 114259 (dayi)
[2025-08-17 23:46:29] [OtB8/Fi/zTqtCmvCEOm37xd//Ys=] [poo] Target channel exists, checking availability
[2025-08-17 23:46:29] [OtB8/Fi/zTqtCmvCEOm37xd//Ys=] [poo] Channel is password protected, but teleport groups have ignore password permission
[2025-08-17 23:46:29] [OtB8/Fi/zTqtCmvCEOm37xd//Ys=] [poo] Attempting to teleport user to channel
[2025-08-17 23:46:30] [OtB8/Fi/zTqtCmvCEOm37xd//Ys=] [poo] Successfully teleported user to channel: dayi
[2025-08-17 23:53:51] [VzDfRDmJ7uM/C1TaZb3VAAD1IFw=] [reverz] Checking for teleport settings on connect
[2025-08-17 23:53:51] [VzDfRDmJ7uM/C1TaZb3VAAD1IFw=] [reverz] No teleport entry found for this user
[2025-08-17 23:54:59] [dgMfDF4u6fUyjWssTcQI+3qeKR0=] [Halilclml42] Checking for teleport settings on connect
[2025-08-17 23:54:59] [dgMfDF4u6fUyjWssTcQI+3qeKR0=] [Halilclml42] No teleport entry found for this user
[2025-08-17 23:59:10] [zTc6FGGgz9/Z/UmhCALpJkFxj9g=] [Zeratool72] Checking for teleport settings on connect
[2025-08-17 23:59:10] [zTc6FGGgz9/Z/UmhCALpJkFxj9g=] [Zeratool72] No teleport entry found for this user
