[2025-05-30 00:04:04] [0jiAGdm8wSHsSFe6zADVS9WUirk=] [Vasyanutkin] Checking for teleport settings on connect
[2025-05-30 00:04:04] [0jiAGdm8wSHsSFe6zADVS9WUirk=] [Vasyanutkin] No teleport entry found for this user
[2025-05-30 00:11:49] [rR+2agDaXOblefNaD/E2LfDoCAU=] [hugao] Checking for teleport settings on connect
[2025-05-30 00:11:49] [rR+2agDaXOblefNaD/E2LfDoCAU=] [hugao] No teleport entry found for this user
[2025-05-30 00:17:11] [EGB+WVGsn8pfv6n3rdpnkmLpN6w=] [lordilaz] Checking for teleport settings on connect
[2025-05-30 00:17:11] [EGB+WVGsn8pfv6n3rdpnkmLpN6w=] [lordilaz] No teleport entry found for this user
[2025-05-30 00:18:59] [UlwdcGSoLYaRZYcUQSj9SNi3hn0=] [LAVADOR DE PRATOS] Checking for teleport settings on connect
[2025-05-30 00:18:59] [UlwdcGSoLYaRZYcUQSj9SNi3hn0=] [LAVADOR DE PRATOS] No teleport entry found for this user
[2025-05-30 00:23:49] [iCJa/FPeqCC1wYQIm8fhN1ri2ak=] [mehdi] Checking for teleport settings on connect
[2025-05-30 00:23:49] [iCJa/FPeqCC1wYQIm8fhN1ri2ak=] [mehdi] No teleport entry found for this user
[2025-05-30 00:31:23] [rR+2agDaXOblefNaD/E2LfDoCAU=] [hugao] Checking for teleport settings on connect
[2025-05-30 00:31:23] [rR+2agDaXOblefNaD/E2LfDoCAU=] [hugao] No teleport entry found for this user
[2025-05-30 00:34:11] [UlwdcGSoLYaRZYcUQSj9SNi3hn0=] [JOTARIO] Checking for teleport settings on connect
[2025-05-30 00:34:11] [UlwdcGSoLYaRZYcUQSj9SNi3hn0=] [JOTARIO] No teleport entry found for this user
[2025-05-30 00:34:40] [RyNfQ7JaWQA+9q5aAgeiuRaI5Fs=] [ivo] Checking for teleport settings on connect
[2025-05-30 00:34:40] [RyNfQ7JaWQA+9q5aAgeiuRaI5Fs=] [ivo] No teleport entry found for this user
[2025-05-30 00:35:43] [GvKQC+0wB2vJXrx64sJ8sS41K2w=] [Pol'zovatel'] Checking for teleport settings on connect
[2025-05-30 00:35:43] [GvKQC+0wB2vJXrx64sJ8sS41K2w=] [Pol'zovatel'] No teleport entry found for this user
[2025-05-30 00:37:20] [yuJ8mmxhfer8xdlqKC26z9O3umI=] [JustMe.am] Checking for teleport settings on connect
[2025-05-30 00:37:20] [yuJ8mmxhfer8xdlqKC26z9O3umI=] [JustMe.am] No teleport entry found for this user
[2025-05-30 00:37:21] [yuJ8mmxhfer8xdlqKC26z9O3umI=] [JustMe.am] Checking for teleport settings on connect
[2025-05-30 00:37:21] [yuJ8mmxhfer8xdlqKC26z9O3umI=] [JustMe.am] No teleport entry found for this user
[2025-05-30 00:37:21] [yuJ8mmxhfer8xdlqKC26z9O3umI=] [JustMe.am] Checking for teleport settings on connect
[2025-05-30 00:37:21] [yuJ8mmxhfer8xdlqKC26z9O3umI=] [JustMe.am] No teleport entry found for this user
[2025-05-30 00:37:45] [PuhE2QovQSqHRSZ10kOsmzuOTwo=] [mocas] Checking for teleport settings on connect
[2025-05-30 00:37:45] [PuhE2QovQSqHRSZ10kOsmzuOTwo=] [mocas] No teleport entry found for this user
[2025-05-30 00:37:54] [oBW8vS9W7UZJzlKtSZe6sIHCfo0=] [Venta] Checking for teleport settings on connect
[2025-05-30 00:37:54] [oBW8vS9W7UZJzlKtSZe6sIHCfo0=] [Venta] No teleport entry found for this user
[2025-05-30 00:40:41] [UINiUnQ/eAgNIPOPr4tSfW+qXvo=] [Потужний Фід] Checking for teleport settings on connect
[2025-05-30 00:40:41] [UINiUnQ/eAgNIPOPr4tSfW+qXvo=] [Потужний Фід] No teleport entry found for this user
[2025-05-30 00:42:50] [iCJa/FPeqCC1wYQIm8fhN1ri2ak=] [mehdi] Checking for teleport settings on connect
[2025-05-30 00:42:50] [iCJa/FPeqCC1wYQIm8fhN1ri2ak=] [mehdi] No teleport entry found for this user
[2025-05-30 01:02:59] [sDGTmykW+tszI+sqWb5sOOLvtdM=] [f.donato] Checking for teleport settings on connect
[2025-05-30 01:02:59] [sDGTmykW+tszI+sqWb5sOOLvtdM=] [f.donato] No teleport entry found for this user
[2025-05-30 01:03:17] [ZUzbS7Sz6dFVm9YdM7uHxVuwIvo=] [Victuziin] Checking for teleport settings on connect
[2025-05-30 01:03:17] [ZUzbS7Sz6dFVm9YdM7uHxVuwIvo=] [Victuziin] No teleport entry found for this user
[2025-05-30 01:03:56] [qCQuK6Is+deAhN2xl/XspjIz8xY=] [Faith] Checking for teleport settings on connect
[2025-05-30 01:03:56] [qCQuK6Is+deAhN2xl/XspjIz8xY=] [Faith] No teleport entry found for this user
[2025-05-30 01:07:31] [b7yeVGj+sfUQrqVGU5rlFHIogvU=] [saleh_4] Checking for teleport settings on connect
[2025-05-30 01:07:31] [b7yeVGj+sfUQrqVGU5rlFHIogvU=] [saleh_4] No teleport entry found for this user
[2025-05-30 01:14:59] [qCQuK6Is+deAhN2xl/XspjIz8xY=] [Faith] Checking for teleport settings on connect
[2025-05-30 01:14:59] [qCQuK6Is+deAhN2xl/XspjIz8xY=] [Faith] No teleport entry found for this user
[2025-05-30 01:15:27] [qCQuK6Is+deAhN2xl/XspjIz8xY=] [Faith] Checking for teleport settings on connect
[2025-05-30 01:15:27] [qCQuK6Is+deAhN2xl/XspjIz8xY=] [Faith] No teleport entry found for this user
[2025-05-30 01:28:14] [RYUvozu9YD3MDRA32U+iT0lGsNE=] [Ace] Checking for teleport settings on connect
[2025-05-30 01:28:14] [RYUvozu9YD3MDRA32U+iT0lGsNE=] [Ace] No teleport entry found for this user
[2025-05-30 01:28:22] [w6YqWRN3PvQxnMLA9fqVLTevJ/0=] [m1sspit4boa] Checking for teleport settings on connect
[2025-05-30 01:28:22] [w6YqWRN3PvQxnMLA9fqVLTevJ/0=] [m1sspit4boa] No teleport entry found for this user
[2025-05-30 01:30:26] [xBfUuUP7EpaZTvMnpI+q96JFY20=] [AliShir] Checking for teleport settings on connect
[2025-05-30 01:30:26] [xBfUuUP7EpaZTvMnpI+q96JFY20=] [AliShir] No teleport entry found for this user
[2025-05-30 01:34:59] [rcd8NrrOFlJI2L3a7EKAwnhZY1M=] [Meh] Checking for teleport settings on connect
[2025-05-30 01:34:59] [rcd8NrrOFlJI2L3a7EKAwnhZY1M=] [Meh] No teleport entry found for this user
[2025-05-30 01:35:07] [iCJa/FPeqCC1wYQIm8fhN1ri2ak=] [mehdi] Checking for teleport settings on connect
[2025-05-30 01:35:07] [iCJa/FPeqCC1wYQIm8fhN1ri2ak=] [mehdi] No teleport entry found for this user
[2025-05-30 01:42:49] [8GrL7TtsAwbkPA/fi0CnWV4xJo0=] [Pedro] Checking for teleport settings on connect
[2025-05-30 01:42:49] [8GrL7TtsAwbkPA/fi0CnWV4xJo0=] [Pedro] No teleport entry found for this user
[2025-05-30 01:44:35] [BGE2mCZp6q9fh9zlisuP5/INU/c=] [TeamSpeakUser1] Checking for teleport settings on connect
[2025-05-30 01:44:35] [BGE2mCZp6q9fh9zlisuP5/INU/c=] [TeamSpeakUser1] No teleport entry found for this user
[2025-05-30 01:44:43] [ZDBHyOhPKEQp8MmLm/XtGpWz+yA=] [Sanioc Das Babes] Checking for teleport settings on connect
[2025-05-30 01:44:43] [ZDBHyOhPKEQp8MmLm/XtGpWz+yA=] [Sanioc Das Babes] No teleport entry found for this user
[2025-05-30 01:44:44] [a0sg6pJGi5S1D/mHtCK0A7jnN+Q=] [TeamSpeakUser4] Checking for teleport settings on connect
[2025-05-30 01:44:44] [a0sg6pJGi5S1D/mHtCK0A7jnN+Q=] [TeamSpeakUser4] No teleport entry found for this user
[2025-05-30 01:44:44] [a0sg6pJGi5S1D/mHtCK0A7jnN+Q=] [TeamSpeakUser4] Checking for teleport settings on connect
[2025-05-30 01:44:44] [a0sg6pJGi5S1D/mHtCK0A7jnN+Q=] [TeamSpeakUser4] No teleport entry found for this user
[2025-05-30 01:44:47] [4n1j7IF659DyWRYqqsTWkaBDYNs=] [HelloHello] Checking for teleport settings on connect
[2025-05-30 01:44:47] [4n1j7IF659DyWRYqqsTWkaBDYNs=] [HelloHello] No teleport entry found for this user
[2025-05-30 01:45:11] [BGE2mCZp6q9fh9zlisuP5/INU/c=] [TeamSpeakUser1] Checking for teleport settings on connect
[2025-05-30 01:45:11] [BGE2mCZp6q9fh9zlisuP5/INU/c=] [TeamSpeakUser1] No teleport entry found for this user
[2025-05-30 01:58:06] [xBfUuUP7EpaZTvMnpI+q96JFY20=] [AliShir] Checking for teleport settings on connect
[2025-05-30 01:58:06] [xBfUuUP7EpaZTvMnpI+q96JFY20=] [AliShir] No teleport entry found for this user
[2025-05-30 02:30:49] [RyNfQ7JaWQA+9q5aAgeiuRaI5Fs=] [ivo] Checking for teleport settings on connect
[2025-05-30 02:30:49] [RyNfQ7JaWQA+9q5aAgeiuRaI5Fs=] [ivo] No teleport entry found for this user
[2025-05-30 02:39:54] [qI2AgL2fCVT+OOYvCkUB1vKBbFE=] [xDimitryxEc] Checking for teleport settings on connect
[2025-05-30 02:39:54] [qI2AgL2fCVT+OOYvCkUB1vKBbFE=] [xDimitryxEc] No teleport entry found for this user
[2025-05-30 02:40:00] [YS8Drbp5ATBjoMDxDDLHYWJTmCM=] [torna] Checking for teleport settings on connect
[2025-05-30 02:40:00] [YS8Drbp5ATBjoMDxDDLHYWJTmCM=] [torna] No teleport entry found for this user
[2025-05-30 02:45:01] [rShY/1ZC2w9lkwgM2GcewWZlxrw=] [LokyJR16] Checking for teleport settings on connect
[2025-05-30 02:45:01] [rShY/1ZC2w9lkwgM2GcewWZlxrw=] [LokyJR16] No teleport entry found for this user
[2025-05-30 02:52:14] [3PUL5t5Jz0KW4hyrBCzi+BArN60=] [tenshin_non] Checking for teleport settings on connect
[2025-05-30 02:52:14] [3PUL5t5Jz0KW4hyrBCzi+BArN60=] [tenshin_non] No teleport entry found for this user
[2025-05-30 02:52:41] [jWxbfxhLxs9dPa3t1WUnys7gnbk=] [Richard_TH] Checking for teleport settings on connect
[2025-05-30 02:52:41] [jWxbfxhLxs9dPa3t1WUnys7gnbk=] [Richard_TH] No teleport entry found for this user
[2025-05-30 02:59:06] [BGE2mCZp6q9fh9zlisuP5/INU/c=] [TeamSpeakUser1] Checking for teleport settings on connect
[2025-05-30 02:59:06] [BGE2mCZp6q9fh9zlisuP5/INU/c=] [TeamSpeakUser1] No teleport entry found for this user
[2025-05-30 04:39:10] [DxPf7y65dS4JUyNO5FBQ93S0Ce0=] [El Profeta] Checking for teleport settings on connect
[2025-05-30 04:39:10] [DxPf7y65dS4JUyNO5FBQ93S0Ce0=] [El Profeta] No teleport entry found for this user
[2025-05-30 04:42:58] [DxPf7y65dS4JUyNO5FBQ93S0Ce0=] [El Profeta] Checking for teleport settings on connect
[2025-05-30 04:42:58] [DxPf7y65dS4JUyNO5FBQ93S0Ce0=] [El Profeta] No teleport entry found for this user
[2025-05-30 04:53:59] [RvQCOE641QKD3fODY/YAvxOrNw8=] [Luckyman] Checking for teleport settings on connect
[2025-05-30 04:53:59] [RvQCOE641QKD3fODY/YAvxOrNw8=] [Luckyman] No teleport entry found for this user
[2025-05-30 04:55:13] [h0VuCZ2TUXFCJCTTYaDOlIsousY=] [Oleg] Checking for teleport settings on connect
[2025-05-30 04:55:13] [h0VuCZ2TUXFCJCTTYaDOlIsousY=] [Oleg] No teleport entry found for this user
[2025-05-30 05:01:35] [nJpDeYNv3f53/wEC65T6btLLdCA=] [Nattsu] Checking for teleport settings on connect
[2025-05-30 05:01:35] [nJpDeYNv3f53/wEC65T6btLLdCA=] [Nattsu] No teleport entry found for this user
[2025-05-30 05:09:52] [DxPf7y65dS4JUyNO5FBQ93S0Ce0=] [El Profeta] Checking for teleport settings on connect
[2025-05-30 05:09:52] [DxPf7y65dS4JUyNO5FBQ93S0Ce0=] [El Profeta] No teleport entry found for this user
[2025-05-30 05:27:28] [DxPf7y65dS4JUyNO5FBQ93S0Ce0=] [El Profeta] Checking for teleport settings on connect
[2025-05-30 05:27:28] [DxPf7y65dS4JUyNO5FBQ93S0Ce0=] [El Profeta] No teleport entry found for this user
[2025-05-30 05:29:09] [qNsg0b7JeakWdOg/MBVUEfo+t/s=] [Chico] Checking for teleport settings on connect
[2025-05-30 05:29:09] [qNsg0b7JeakWdOg/MBVUEfo+t/s=] [Chico] No teleport entry found for this user
[2025-05-30 05:39:07] [BeICdvIiZVCXM27KQGZo0ienVIU=] [ordep] Checking for teleport settings on connect
[2025-05-30 05:39:07] [BeICdvIiZVCXM27KQGZo0ienVIU=] [ordep] No teleport entry found for this user
[2025-05-30 05:56:46] [P+5WHXSilas4m+a6LRjgiGpIjN0=] [kAt] Checking for teleport settings on connect
[2025-05-30 05:56:46] [P+5WHXSilas4m+a6LRjgiGpIjN0=] [kAt] No teleport entry found for this user
[2025-05-30 06:06:28] [5zF85LGOurzyQtknalrUfI15VQg=] [rcpdie] Checking for teleport settings on connect
[2025-05-30 06:06:28] [5zF85LGOurzyQtknalrUfI15VQg=] [rcpdie] No teleport entry found for this user
[2025-05-30 06:21:16] [DTFcVQoqJS9xe4S3xGv+1yLHvGk=] [TSUser] Checking for teleport settings on connect
[2025-05-30 06:21:16] [DTFcVQoqJS9xe4S3xGv+1yLHvGk=] [TSUser] No teleport entry found for this user
[2025-05-30 07:27:04] [P+5WHXSilas4m+a6LRjgiGpIjN0=] [kAt] Checking for teleport settings on connect
[2025-05-30 07:27:04] [P+5WHXSilas4m+a6LRjgiGpIjN0=] [kAt] No teleport entry found for this user
[2025-05-30 07:38:54] [wj7Eq5yBZ8911NIW21osJR33g5s=] [LAZZZZER] Checking for teleport settings on connect
[2025-05-30 07:38:54] [wj7Eq5yBZ8911NIW21osJR33g5s=] [LAZZZZER] No teleport entry found for this user
[2025-05-30 07:39:20] [o3as6nXqvSB3J4MeFEBI49fj0a8=] [mkaa7134] Checking for teleport settings on connect
[2025-05-30 07:39:20] [o3as6nXqvSB3J4MeFEBI49fj0a8=] [mkaa7134] No teleport entry found for this user
[2025-05-30 08:05:41] [bSpWNerQA0m+enqn06wN1Vp9QAA=] [TeamSpeakUser657] Checking for teleport settings on connect
[2025-05-30 08:05:41] [bSpWNerQA0m+enqn06wN1Vp9QAA=] [TeamSpeakUser657] No teleport entry found for this user
[2025-05-30 09:04:40] [MqlyPI/U5wjPs6LHaX2Ifl+w4r8=] [timothysamuelx] Checking for teleport settings on connect
[2025-05-30 09:04:40] [MqlyPI/U5wjPs6LHaX2Ifl+w4r8=] [timothysamuelx] No teleport entry found for this user
[2025-05-30 09:08:12] [8yG40ppumRoJGhu1qR/blqgqttw=] [sanka98] Checking for teleport settings on connect
[2025-05-30 09:08:12] [8yG40ppumRoJGhu1qR/blqgqttw=] [sanka98] No teleport entry found for this user
[2025-05-30 09:11:14] [w6z8jrAKnRBblafyVm4mDJnV0No=] [Mix] Checking for teleport settings on connect
[2025-05-30 09:11:14] [w6z8jrAKnRBblafyVm4mDJnV0No=] [Mix] No teleport entry found for this user
[2025-05-30 09:21:10] [WtWgpfS8UE18SW7yGXm3r1yoO/c=] [Kowismo] Checking for teleport settings on connect
[2025-05-30 09:21:10] [WtWgpfS8UE18SW7yGXm3r1yoO/c=] [Kowismo] No teleport entry found for this user
[2025-05-30 09:22:37] [ATqp7GEsF2VumrPFrQ+W8icYfjg=] [gotti] Checking for teleport settings on connect
[2025-05-30 09:22:37] [ATqp7GEsF2VumrPFrQ+W8icYfjg=] [gotti] No teleport entry found for this user
[2025-05-30 09:25:25] [m6SB8m9Ae+KEUAH8qK/kqOm0MqU=] [weow] Checking for teleport settings on connect
[2025-05-30 09:25:25] [m6SB8m9Ae+KEUAH8qK/kqOm0MqU=] [weow] No teleport entry found for this user
[2025-05-30 09:32:05] [8yG40ppumRoJGhu1qR/blqgqttw=] [sanka98] Checking for teleport settings on connect
[2025-05-30 09:32:05] [8yG40ppumRoJGhu1qR/blqgqttw=] [sanka98] No teleport entry found for this user
[2025-05-30 10:10:39] [Chs2gds0q5c5sHk5GQqGy9JmwQg=] [teaman11] Checking for teleport settings on connect
[2025-05-30 10:10:39] [Chs2gds0q5c5sHk5GQqGy9JmwQg=] [teaman11] No teleport entry found for this user
[2025-05-30 10:18:50] [ztgKu03clG/MGBrAebndwta5Rno=] [Polo] Checking for teleport settings on connect
[2025-05-30 10:18:50] [ztgKu03clG/MGBrAebndwta5Rno=] [Polo] No teleport entry found for this user
[2025-05-30 10:29:01] [COLZyKJmrHAbeJuIwxgb3lGZ0d0=] [tikka345] Checking for teleport settings on connect
[2025-05-30 10:29:01] [COLZyKJmrHAbeJuIwxgb3lGZ0d0=] [tikka345] No teleport entry found for this user
[2025-05-30 10:34:44] [39Hn80GzU936S3hLOAjj8iP5kpg=] [Shawaj] Checking for teleport settings on connect
[2025-05-30 10:34:44] [39Hn80GzU936S3hLOAjj8iP5kpg=] [Shawaj] No teleport entry found for this user
[2025-05-30 10:49:44] [K4NR58gtSYij+BLM0STn2WKjS9U=] [Skylord] Checking for teleport settings on connect
[2025-05-30 10:49:44] [K4NR58gtSYij+BLM0STn2WKjS9U=] [Skylord] No teleport entry found for this user
[2025-05-30 10:50:53] [X4hKVi7sfvTfJB9YQgAYwR9ZE3I=] [Mnwh] Checking for teleport settings on connect
[2025-05-30 10:50:53] [X4hKVi7sfvTfJB9YQgAYwR9ZE3I=] [Mnwh] No teleport entry found for this user
[2025-05-30 10:51:32] [X4hKVi7sfvTfJB9YQgAYwR9ZE3I=] [Mnwh] Checking for teleport settings on connect
[2025-05-30 10:51:32] [X4hKVi7sfvTfJB9YQgAYwR9ZE3I=] [Mnwh] No teleport entry found for this user
[2025-05-30 10:58:11] [V5o+wTk6FX7pkcnjykGFujDK02Q=] [TeamSpeakUser] Checking for teleport settings on connect
[2025-05-30 10:58:11] [V5o+wTk6FX7pkcnjykGFujDK02Q=] [TeamSpeakUser] No teleport entry found for this user
[2025-05-30 11:00:13] [1FdRRfdDwro5nU/BhYl8c2GAVrM=] [Мьюрт(Дима)] Checking for teleport settings on connect
[2025-05-30 11:00:13] [1FdRRfdDwro5nU/BhYl8c2GAVrM=] [Мьюрт(Дима)] No teleport entry found for this user
[2025-05-30 11:12:35] [V5o+wTk6FX7pkcnjykGFujDK02Q=] [TeamSpeakUser] Checking for teleport settings on connect
[2025-05-30 11:12:35] [V5o+wTk6FX7pkcnjykGFujDK02Q=] [TeamSpeakUser] No teleport entry found for this user
[2025-05-30 11:12:35] [V5o+wTk6FX7pkcnjykGFujDK02Q=] [TeamSpeakUser] Checking for teleport settings on connect
[2025-05-30 11:12:35] [V5o+wTk6FX7pkcnjykGFujDK02Q=] [TeamSpeakUser] No teleport entry found for this user
[2025-05-30 11:12:35] [V5o+wTk6FX7pkcnjykGFujDK02Q=] [TeamSpeakUser] Checking for teleport settings on connect
[2025-05-30 11:12:35] [V5o+wTk6FX7pkcnjykGFujDK02Q=] [TeamSpeakUser] No teleport entry found for this user
[2025-05-30 11:14:46] [gIv03ZtQuihw+6fOW0VT0H6h6c8=] [chapa] Checking for teleport settings on connect
[2025-05-30 11:14:46] [gIv03ZtQuihw+6fOW0VT0H6h6c8=] [chapa] No teleport entry found for this user
[2025-05-30 11:22:34] [vAoVADXVgpjfEfuPw77F4fgEIl8=] [Nostalgia 2] Checking for teleport settings on connect
[2025-05-30 11:22:34] [vAoVADXVgpjfEfuPw77F4fgEIl8=] [Nostalgia 2] No teleport entry found for this user
[2025-05-30 11:39:53] [st3MFk/23AykuOpW/Mnf2XnMXRE=] [TeamSpeakUser1] Checking for teleport settings on connect
[2025-05-30 11:39:53] [st3MFk/23AykuOpW/Mnf2XnMXRE=] [TeamSpeakUser1] No teleport entry found for this user
[2025-05-30 11:41:18] [RqO0/Dx4SNHKXVIHbKEBsXbdjV4=] [bo0ogeymana] Checking for teleport settings on connect
[2025-05-30 11:41:18] [RqO0/Dx4SNHKXVIHbKEBsXbdjV4=] [bo0ogeymana] No teleport entry found for this user
[2025-05-30 11:42:17] [GgPYbHIrx/l9utWwdfi8ICJAOg0=] [TeamSpeakUser1] Checking for teleport settings on connect
[2025-05-30 11:42:17] [GgPYbHIrx/l9utWwdfi8ICJAOg0=] [TeamSpeakUser1] No teleport entry found for this user
[2025-05-30 11:42:17] [GgPYbHIrx/l9utWwdfi8ICJAOg0=] [TeamSpeakUser1] Checking for teleport settings on connect
[2025-05-30 11:42:17] [GgPYbHIrx/l9utWwdfi8ICJAOg0=] [TeamSpeakUser1] No teleport entry found for this user
[2025-05-30 11:42:17] [GgPYbHIrx/l9utWwdfi8ICJAOg0=] [TeamSpeakUser1] Checking for teleport settings on connect
[2025-05-30 11:42:17] [GgPYbHIrx/l9utWwdfi8ICJAOg0=] [TeamSpeakUser1] No teleport entry found for this user
[2025-05-30 11:45:55] [ow+Zi/O4SnJIvwHosoZ7zIvOOK8=] [shinigami] Checking for teleport settings on connect
[2025-05-30 11:45:55] [ow+Zi/O4SnJIvwHosoZ7zIvOOK8=] [shinigami] No teleport entry found for this user
[2025-05-30 11:46:09] [st3MFk/23AykuOpW/Mnf2XnMXRE=] [TeamSpeakUser2] Checking for teleport settings on connect
[2025-05-30 11:46:09] [st3MFk/23AykuOpW/Mnf2XnMXRE=] [TeamSpeakUser2] No teleport entry found for this user
[2025-05-30 11:48:08] [QRhqU1ePLL89PE0BwMWWwK+X4ks=] [VildasRS] Checking for teleport settings on connect
[2025-05-30 11:48:08] [QRhqU1ePLL89PE0BwMWWwK+X4ks=] [VildasRS] No teleport entry found for this user
[2025-05-30 11:50:52] [UHw115XowT3iu3b/gjBGcvbmNd8=] [MisakRS] Checking for teleport settings on connect
[2025-05-30 11:50:52] [UHw115XowT3iu3b/gjBGcvbmNd8=] [MisakRS] No teleport entry found for this user
[2025-05-30 11:54:31] [qvf2/IsRm9TsXSmNMeDEuXuIC3s=] [Mood] Checking for teleport settings on connect
[2025-05-30 11:54:31] [qvf2/IsRm9TsXSmNMeDEuXuIC3s=] [Mood] No teleport entry found for this user
[2025-05-30 11:54:45] [h0VuCZ2TUXFCJCTTYaDOlIsousY=] [Oleg] Checking for teleport settings on connect
[2025-05-30 11:54:45] [h0VuCZ2TUXFCJCTTYaDOlIsousY=] [Oleg] No teleport entry found for this user
[2025-05-30 12:05:00] [RvQCOE641QKD3fODY/YAvxOrNw8=] [Luckyman] Checking for teleport settings on connect
[2025-05-30 12:05:00] [RvQCOE641QKD3fODY/YAvxOrNw8=] [Luckyman] No teleport entry found for this user
[2025-05-30 12:05:07] [P+5WHXSilas4m+a6LRjgiGpIjN0=] [kAt] Checking for teleport settings on connect
[2025-05-30 12:05:07] [P+5WHXSilas4m+a6LRjgiGpIjN0=] [kAt] No teleport entry found for this user
[2025-05-30 12:06:19] [5zF85LGOurzyQtknalrUfI15VQg=] [rcpdie] Checking for teleport settings on connect
[2025-05-30 12:06:19] [5zF85LGOurzyQtknalrUfI15VQg=] [rcpdie] No teleport entry found for this user
[2025-05-30 12:12:31] [Q9b6HFpSP63zred3z+UJRqHDSQE=] [M4ODA] Checking for teleport settings on connect
[2025-05-30 12:12:31] [Q9b6HFpSP63zred3z+UJRqHDSQE=] [M4ODA] No teleport entry found for this user
[2025-05-30 12:18:03] [sGNpFibB6bzHjjFuV/NEtDtfXO0=] [TeamSpeakUser2] Checking for teleport settings on connect
[2025-05-30 12:18:03] [sGNpFibB6bzHjjFuV/NEtDtfXO0=] [TeamSpeakUser2] No teleport entry found for this user
[2025-05-30 12:19:21] [x5BGOCFQRYcw8Om4Xgot4nkAC7o=] [YURA] Checking for teleport settings on connect
[2025-05-30 12:19:21] [x5BGOCFQRYcw8Om4Xgot4nkAC7o=] [YURA] No teleport entry found for this user
[2025-05-30 12:20:43] [d4+NlxlILo90ViiY0WLlIDcSvQs=] [TAXMANTokkMoeny] Checking for teleport settings on connect
[2025-05-30 12:20:43] [d4+NlxlILo90ViiY0WLlIDcSvQs=] [TAXMANTokkMoeny] No teleport entry found for this user
[2025-05-30 12:24:20] [jVpGguqjG0HhsA4eR4NUZaJZ3Ag=] [K1LL3R] Checking for teleport settings on connect
[2025-05-30 12:24:20] [jVpGguqjG0HhsA4eR4NUZaJZ3Ag=] [K1LL3R] No teleport entry found for this user
[2025-05-30 12:28:14] [hwzznuPV9xsX3gtAFW+Monn1Uc0=] [SysmoUsercid=140] Checking for teleport settings on connect
[2025-05-30 12:28:14] [hwzznuPV9xsX3gtAFW+Monn1Uc0=] [SysmoUsercid=140] No teleport entry found for this user
[2025-05-30 12:39:38] [oygS43aAiKRMTVBqmqelO2GuZoE=] [volya] Checking for teleport settings on connect
[2025-05-30 12:39:38] [oygS43aAiKRMTVBqmqelO2GuZoE=] [volya] No teleport entry found for this user
[2025-05-30 12:39:46] [oygS43aAiKRMTVBqmqelO2GuZoE=] [volya] Checking for teleport settings on connect
[2025-05-30 12:39:46] [oygS43aAiKRMTVBqmqelO2GuZoE=] [volya] No teleport entry found for this user
[2025-05-30 12:40:54] [ptf4JZi4z6U1UZkgLCgd/aPXBDk=] [LVV] Checking for teleport settings on connect
[2025-05-30 12:40:54] [ptf4JZi4z6U1UZkgLCgd/aPXBDk=] [LVV] No teleport entry found for this user
[2025-05-30 12:41:16] [gITtVlfHYxsd3mvOfTblKNtJBDU=] [4iff] Checking for teleport settings on connect
[2025-05-30 12:41:16] [gITtVlfHYxsd3mvOfTblKNtJBDU=] [4iff] No teleport entry found for this user
[2025-05-30 12:42:04] [0TS7jt0APSegEgA9K9hIWfin7m0=] [dadaok] Checking for teleport settings on connect
[2025-05-30 12:42:04] [0TS7jt0APSegEgA9K9hIWfin7m0=] [dadaok] No teleport entry found for this user
[2025-05-30 12:42:30] [hwzznuPV9xsX3gtAFW+Monn1Uc0=] [SysmoUsercid=140] Checking for teleport settings on connect
[2025-05-30 12:42:30] [hwzznuPV9xsX3gtAFW+Monn1Uc0=] [SysmoUsercid=140] No teleport entry found for this user
[2025-05-30 12:57:44] [igLR0Qw88l2utvuPuQTy5TXjVdA=] [AlvaRoniX$] Checking for teleport settings on connect
[2025-05-30 12:57:44] [igLR0Qw88l2utvuPuQTy5TXjVdA=] [AlvaRoniX$] No teleport entry found for this user
[2025-05-30 13:17:10] [MYSMWOg1rcy9rUxqNVjO3N+2XOU=] [korobka] Checking for teleport settings on connect
[2025-05-30 13:17:10] [MYSMWOg1rcy9rUxqNVjO3N+2XOU=] [korobka] No teleport entry found for this user
[2025-05-30 13:18:10] [3qlQ6qWEnLsHTWbGo9FZGpDLk4U=] [2109] Checking for teleport settings on connect
[2025-05-30 13:18:10] [3qlQ6qWEnLsHTWbGo9FZGpDLk4U=] [2109] No teleport entry found for this user
[2025-05-30 13:19:59] [y6Dvn19VXbBd0XOSXfMEraqacFI=] [CrypticBlitz96] Checking for teleport settings on connect
[2025-05-30 13:19:59] [y6Dvn19VXbBd0XOSXfMEraqacFI=] [CrypticBlitz96] No teleport entry found for this user
[2025-05-30 13:29:54] [qmr5xFur3ZnSNj8YXWaYS0KwKz8=] [andyN] Checking for teleport settings on connect
[2025-05-30 13:29:54] [qmr5xFur3ZnSNj8YXWaYS0KwKz8=] [andyN] No teleport entry found for this user
[2025-05-30 13:30:10] [mLx0Hk4TMipqUwGhs4qaQnVuCRc=] [ywyw] Checking for teleport settings on connect
[2025-05-30 13:30:10] [mLx0Hk4TMipqUwGhs4qaQnVuCRc=] [ywyw] No teleport entry found for this user
[2025-05-30 13:30:26] [QFOoQ6Mg2dbrrKfVQEqUbdv5Eqg=] [dosma666] Checking for teleport settings on connect
[2025-05-30 13:30:26] [QFOoQ6Mg2dbrrKfVQEqUbdv5Eqg=] [dosma666] No teleport entry found for this user
[2025-05-30 13:39:37] [sC96QZMY/yY8Fc9QjquVCkLiW2c=] [Amirali] Checking for teleport settings on connect
[2025-05-30 13:39:37] [sC96QZMY/yY8Fc9QjquVCkLiW2c=] [Amirali] No teleport entry found for this user
[2025-05-30 13:41:00] [PhckJHuRGWp+/oEYJbm3VNrgZkw=] [Br4d117] Checking for teleport settings on connect
[2025-05-30 13:41:00] [PhckJHuRGWp+/oEYJbm3VNrgZkw=] [Br4d117] No teleport entry found for this user
[2025-05-30 13:48:41] [vs+7gbTKwu+h+XgDI2qVApOBkfk=] [Viko(ع)] Checking for teleport settings on connect
[2025-05-30 13:48:41] [vs+7gbTKwu+h+XgDI2qVApOBkfk=] [Viko(ع)] No teleport entry found for this user
[2025-05-30 13:53:28] [sC96QZMY/yY8Fc9QjquVCkLiW2c=] [Amirali] Checking for teleport settings on connect
[2025-05-30 13:53:28] [sC96QZMY/yY8Fc9QjquVCkLiW2c=] [Amirali] No teleport entry found for this user
[2025-05-30 13:54:31] [sC96QZMY/yY8Fc9QjquVCkLiW2c=] [Amirali] Checking for teleport settings on connect
[2025-05-30 13:54:31] [sC96QZMY/yY8Fc9QjquVCkLiW2c=] [Amirali] No teleport entry found for this user
[2025-05-30 13:58:52] [675wO5ssJtQbFw+9qXHexPjHNYM=] [Nevskiiiy] Checking for teleport settings on connect
[2025-05-30 13:58:52] [675wO5ssJtQbFw+9qXHexPjHNYM=] [Nevskiiiy] No teleport entry found for this user
[2025-05-30 14:00:09] [OnyFNlLSRn5WExnVSStquo7sjMA=] [ПожилаяОстановка] Checking for teleport settings on connect
[2025-05-30 14:00:09] [OnyFNlLSRn5WExnVSStquo7sjMA=] [ПожилаяОстановка] No teleport entry found for this user
[2025-05-30 14:00:28] [8Zdbsme26C48AHpMg4zVcDatTnE=] [Kurs] Checking for teleport settings on connect
[2025-05-30 14:00:28] [8Zdbsme26C48AHpMg4zVcDatTnE=] [Kurs] No teleport entry found for this user
[2025-05-30 14:08:17] [WtWgpfS8UE18SW7yGXm3r1yoO/c=] [Kowismo] Checking for teleport settings on connect
[2025-05-30 14:08:17] [WtWgpfS8UE18SW7yGXm3r1yoO/c=] [Kowismo] No teleport entry found for this user
[2025-05-30 14:12:28] [s5SoU0O6Mp2lEkoeWlMc2247gBk=] [don] Checking for teleport settings on connect
[2025-05-30 14:12:28] [s5SoU0O6Mp2lEkoeWlMc2247gBk=] [don] No teleport entry found for this user
[2025-05-30 14:15:41] [x5BGOCFQRYcw8Om4Xgot4nkAC7o=] [YURA] Checking for teleport settings on connect
[2025-05-30 14:15:41] [x5BGOCFQRYcw8Om4Xgot4nkAC7o=] [YURA] No teleport entry found for this user
[2025-05-30 14:22:49] [1eHK5RBJO1VYiV6Fja2iiHvAIls=] [d3yk0ne] Checking for teleport settings on connect
[2025-05-30 14:22:49] [1eHK5RBJO1VYiV6Fja2iiHvAIls=] [d3yk0ne] No teleport entry found for this user
[2025-05-30 14:25:16] [AShPAeh0F074dmeGK/5zlByxKcc=] [tOST-bROT] Checking for teleport settings on connect
[2025-05-30 14:25:16] [AShPAeh0F074dmeGK/5zlByxKcc=] [tOST-bROT] No teleport entry found for this user
[2025-05-30 14:28:08] [3dMgz1NTwQJkarASynrY1meWHdk=] [rani1] Checking for teleport settings on connect
[2025-05-30 14:28:08] [3dMgz1NTwQJkarASynrY1meWHdk=] [rani1] No teleport entry found for this user
[2025-05-30 14:32:28] [8Zdbsme26C48AHpMg4zVcDatTnE=] [Kurs] Checking for teleport settings on connect
[2025-05-30 14:32:28] [8Zdbsme26C48AHpMg4zVcDatTnE=] [Kurs] No teleport entry found for this user
[2025-05-30 14:44:53] [Bx6wWOuiHwqrTHk7lDMi7mSxVLs=] [ny3aTbIu] Checking for teleport settings on connect
[2025-05-30 14:44:53] [Bx6wWOuiHwqrTHk7lDMi7mSxVLs=] [ny3aTbIu] No teleport entry found for this user
[2025-05-30 14:47:20] [G6p+uV+SFUcyLcr1W6bQPM3vJJ4=] [TeamSpeakUser] Checking for teleport settings on connect
[2025-05-30 14:47:20] [G6p+uV+SFUcyLcr1W6bQPM3vJJ4=] [TeamSpeakUser] No teleport entry found for this user
[2025-05-30 14:47:23] [Bx6wWOuiHwqrTHk7lDMi7mSxVLs=] [ny3aTbIu] Checking for teleport settings on connect
[2025-05-30 14:47:23] [Bx6wWOuiHwqrTHk7lDMi7mSxVLs=] [ny3aTbIu] No teleport entry found for this user
[2025-05-30 14:50:06] [rD0HYr+Vjg2qE4JigTpXWon8WH0=] [GRADEN] Checking for teleport settings on connect
[2025-05-30 14:50:06] [rD0HYr+Vjg2qE4JigTpXWon8WH0=] [GRADEN] No teleport entry found for this user
[2025-05-30 14:50:11] [h4I+ClQC9XgFQhyJbHbE8s1n9Kw=] [girgagun] Checking for teleport settings on connect
[2025-05-30 14:50:11] [h4I+ClQC9XgFQhyJbHbE8s1n9Kw=] [girgagun] No teleport entry found for this user
[2025-05-30 14:54:23] [kqHzHVhyrcfutk+Uek0P3aaKAtM=] [Бродяга2009] Checking for teleport settings on connect
[2025-05-30 14:54:23] [kqHzHVhyrcfutk+Uek0P3aaKAtM=] [Бродяга2009] No teleport entry found for this user
[2025-05-30 14:58:05] [vs+7gbTKwu+h+XgDI2qVApOBkfk=] [Viko(ع)] Checking for teleport settings on connect
[2025-05-30 14:58:05] [vs+7gbTKwu+h+XgDI2qVApOBkfk=] [Viko(ع)] No teleport entry found for this user
[2025-05-30 14:59:36] [8Zdbsme26C48AHpMg4zVcDatTnE=] [Kurs] Checking for teleport settings on connect
[2025-05-30 14:59:36] [8Zdbsme26C48AHpMg4zVcDatTnE=] [Kurs] No teleport entry found for this user
[2025-05-30 15:03:50] [81hFKkBy+P+tXgESbb/c8SkAEJo=] [mehrad] Checking for teleport settings on connect
[2025-05-30 15:03:50] [81hFKkBy+P+tXgESbb/c8SkAEJo=] [mehrad] No teleport entry found for this user
[2025-05-30 15:09:01] [81hFKkBy+P+tXgESbb/c8SkAEJo=] [mehrad] Checking for teleport settings on connect
[2025-05-30 15:09:01] [81hFKkBy+P+tXgESbb/c8SkAEJo=] [mehrad] No teleport entry found for this user
[2025-05-30 15:09:49] [MpV8eQ7lweL2YSxarhe9a/nQIOk=] [VUL_DROG] Checking for teleport settings on connect
[2025-05-30 15:09:49] [MpV8eQ7lweL2YSxarhe9a/nQIOk=] [VUL_DROG] No teleport entry found for this user
[2025-05-30 15:09:49] [MpV8eQ7lweL2YSxarhe9a/nQIOk=] [VUL_DROG] Checking for teleport settings on connect
[2025-05-30 15:09:49] [MpV8eQ7lweL2YSxarhe9a/nQIOk=] [VUL_DROG] No teleport entry found for this user
[2025-05-30 15:09:49] [MpV8eQ7lweL2YSxarhe9a/nQIOk=] [VUL_DROG] Checking for teleport settings on connect
[2025-05-30 15:09:49] [MpV8eQ7lweL2YSxarhe9a/nQIOk=] [VUL_DROG] No teleport entry found for this user
[2025-05-30 15:13:56] [81hFKkBy+P+tXgESbb/c8SkAEJo=] [mehrad] Checking for teleport settings on connect
[2025-05-30 15:13:56] [81hFKkBy+P+tXgESbb/c8SkAEJo=] [mehrad] No teleport entry found for this user
[2025-05-30 15:14:51] [81hFKkBy+P+tXgESbb/c8SkAEJo=] [mehrad] Checking for teleport settings on connect
[2025-05-30 15:14:51] [81hFKkBy+P+tXgESbb/c8SkAEJo=] [mehrad] No teleport entry found for this user
[2025-05-30 15:24:30] [L+TmeIwwlaYGI9jHFXnx3MCMRO8=] [larsenio] Checking for teleport settings on connect
[2025-05-30 15:24:30] [L+TmeIwwlaYGI9jHFXnx3MCMRO8=] [larsenio] No teleport entry found for this user
[2025-05-30 15:28:04] [vs+7gbTKwu+h+XgDI2qVApOBkfk=] [Viko(ع)] Checking for teleport settings on connect
[2025-05-30 15:28:04] [vs+7gbTKwu+h+XgDI2qVApOBkfk=] [Viko(ع)] No teleport entry found for this user
[2025-05-30 15:30:38] [esphB+mG2+N8I3ntRjK04Tgvv7o=] [Phantor] Checking for teleport settings on connect
[2025-05-30 15:30:38] [esphB+mG2+N8I3ntRjK04Tgvv7o=] [Phantor] No teleport entry found for this user
[2025-05-30 15:30:56] [RvQCOE641QKD3fODY/YAvxOrNw8=] [Luckyman] Checking for teleport settings on connect
[2025-05-30 15:30:56] [RvQCOE641QKD3fODY/YAvxOrNw8=] [Luckyman] No teleport entry found for this user
[2025-05-30 15:37:21] [rfSlRu7uzjI8pCmk2erQZXW6+7M=] [juju] Checking for teleport settings on connect
[2025-05-30 15:37:21] [rfSlRu7uzjI8pCmk2erQZXW6+7M=] [juju] No teleport entry found for this user
[2025-05-30 15:38:56] [Y65rsRH7UKXtXgSPGr80roWjsRI=] [mZn] Checking for teleport settings on connect
[2025-05-30 15:38:56] [Y65rsRH7UKXtXgSPGr80roWjsRI=] [mZn] No teleport entry found for this user
[2025-05-30 15:40:30] [AQBmR4z2NKjgim9VKZ5yt6FTmAg=] [BLACK] Checking for teleport settings on connect
[2025-05-30 15:40:30] [AQBmR4z2NKjgim9VKZ5yt6FTmAg=] [BLACK] No teleport entry found for this user
[2025-05-30 15:41:39] [lGDSZyeJL29ONrj2W5pHJxVCs9c=] [TeamSpeakUser] Checking for teleport settings on connect
[2025-05-30 15:41:39] [lGDSZyeJL29ONrj2W5pHJxVCs9c=] [TeamSpeakUser] No teleport entry found for this user
[2025-05-30 15:44:28] [/mzr7m5M1AUqCTcwyiSTJ0GsHrY=] [TeamSpeakUser1] Checking for teleport settings on connect
[2025-05-30 15:44:28] [/mzr7m5M1AUqCTcwyiSTJ0GsHrY=] [TeamSpeakUser1] No teleport entry found for this user
[2025-05-30 15:46:09] [KKakWCNNDyxUyhC4KpkSU2PHuVM=] [yusufppks] Checking for teleport settings on connect
[2025-05-30 15:46:09] [KKakWCNNDyxUyhC4KpkSU2PHuVM=] [yusufppks] No teleport entry found for this user
[2025-05-30 15:48:27] [g95LkcovmlDSBBJIdmdv0zN6QBs=] [baysikimdeğil] Checking for teleport settings on connect
[2025-05-30 15:48:27] [g95LkcovmlDSBBJIdmdv0zN6QBs=] [baysikimdeğil] No teleport entry found for this user
[2025-05-30 15:54:46] [wfhDmSmJ6J0MSdGsMsWSlYs1HE8=] [693369] Checking for teleport settings on connect
[2025-05-30 15:54:46] [wfhDmSmJ6J0MSdGsMsWSlYs1HE8=] [693369] No teleport entry found for this user
[2025-05-30 15:57:41] [ozRWsBWkjw1t4JPS8bHM5qgLPY0=] [karakek] Checking for teleport settings on connect
[2025-05-30 15:57:41] [ozRWsBWkjw1t4JPS8bHM5qgLPY0=] [karakek] No teleport entry found for this user
[2025-05-30 15:58:25] [gQ5C6+V5CuxoWVdapQ4LurehHGY=] [ph0x] Checking for teleport settings on connect
[2025-05-30 15:58:25] [gQ5C6+V5CuxoWVdapQ4LurehHGY=] [ph0x] No teleport entry found for this user
[2025-05-30 16:00:53] [ow+Zi/O4SnJIvwHosoZ7zIvOOK8=] [shinigami] Checking for teleport settings on connect
[2025-05-30 16:00:53] [ow+Zi/O4SnJIvwHosoZ7zIvOOK8=] [shinigami] No teleport entry found for this user
[2025-05-30 16:07:35] [JiZia3EbBcku2/AHkJc8ppSTNu8=] [228] Checking for teleport settings on connect
[2025-05-30 16:07:35] [JiZia3EbBcku2/AHkJc8ppSTNu8=] [228] No teleport entry found for this user
[2025-05-30 16:08:10] [vs+7gbTKwu+h+XgDI2qVApOBkfk=] [Viko(ع)] Checking for teleport settings on connect
[2025-05-30 16:08:10] [vs+7gbTKwu+h+XgDI2qVApOBkfk=] [Viko(ع)] No teleport entry found for this user
[2025-05-30 16:10:32] [Qf9eU8SAgAHD2e/a+4SOA0v73s8=] [Bobbeloppe01] Checking for teleport settings on connect
[2025-05-30 16:10:32] [Qf9eU8SAgAHD2e/a+4SOA0v73s8=] [Bobbeloppe01] No teleport entry found for this user
[2025-05-30 16:12:13] [Qf9eU8SAgAHD2e/a+4SOA0v73s8=] [Bobbeloppe01] Checking for teleport settings on connect
[2025-05-30 16:12:13] [Qf9eU8SAgAHD2e/a+4SOA0v73s8=] [Bobbeloppe01] No teleport entry found for this user
[2025-05-30 16:12:30] [vO0JOtVc2URjykCV2xEe+v89uHQ=] [PPPPPPP] Checking for teleport settings on connect
[2025-05-30 16:12:30] [vO0JOtVc2URjykCV2xEe+v89uHQ=] [PPPPPPP] No teleport entry found for this user
[2025-05-30 16:16:44] [vNR5X++zau0WAsrzix6zPKeAKzE=] [FHJGDJHG] Checking for teleport settings on connect
[2025-05-30 16:16:44] [vNR5X++zau0WAsrzix6zPKeAKzE=] [FHJGDJHG] No teleport entry found for this user
[2025-05-30 16:36:05] [uJnwwqnuPGfoLP0MTPmjLpW1JCI=] [deadly_peak] Checking for teleport settings on connect
[2025-05-30 16:36:05] [uJnwwqnuPGfoLP0MTPmjLpW1JCI=] [deadly_peak] No teleport entry found for this user
[2025-05-30 16:36:50] [7lkgv1NgBUC4Nbvfz0XxfSTDHSQ=] [Platonuch_UA] Checking for teleport settings on connect
[2025-05-30 16:36:50] [7lkgv1NgBUC4Nbvfz0XxfSTDHSQ=] [Platonuch_UA] No teleport entry found for this user
[2025-05-30 16:37:57] [oygS43aAiKRMTVBqmqelO2GuZoE=] [volya] Checking for teleport settings on connect
[2025-05-30 16:37:57] [oygS43aAiKRMTVBqmqelO2GuZoE=] [volya] No teleport entry found for this user
[2025-05-30 16:43:06] [EabEuFfJWoidlJHowxz83DhK5uk=] [Rich Lich] Checking for teleport settings on connect
[2025-05-30 16:43:06] [EabEuFfJWoidlJHowxz83DhK5uk=] [Rich Lich] No teleport entry found for this user
[2025-05-30 16:59:50] [J59TlJOyXmeGAsjkHRqeI3rZA/8=] [SysmoUsercid=140] Checking for teleport settings on connect
[2025-05-30 16:59:50] [J59TlJOyXmeGAsjkHRqeI3rZA/8=] [SysmoUsercid=140] No teleport entry found for this user
[2025-05-30 17:01:58] [Wgn/eSwsSzq+HBRNgBZU4+1lWxo=] [Nesol] Checking for teleport settings on connect
[2025-05-30 17:01:58] [Wgn/eSwsSzq+HBRNgBZU4+1lWxo=] [Nesol] No teleport entry found for this user
[2025-05-30 17:03:33] [FKPKa0duJdrnLKHy7DsVseTbavc=] [Krutez] Checking for teleport settings on connect
[2025-05-30 17:03:33] [FKPKa0duJdrnLKHy7DsVseTbavc=] [Krutez] No teleport entry found for this user
[2025-05-30 17:03:56] [dDU+qrUO+E8NJHOmrQsCvli4BEA=] [kyojin] Checking for teleport settings on connect
[2025-05-30 17:03:56] [dDU+qrUO+E8NJHOmrQsCvli4BEA=] [kyojin] No teleport entry found for this user
[2025-05-30 17:05:59] [JT2aI64zeSAE6A553mIp5yKoPaE=] [Sqwer_11] Checking for teleport settings on connect
[2025-05-30 17:05:59] [JT2aI64zeSAE6A553mIp5yKoPaE=] [Sqwer_11] No teleport entry found for this user
[2025-05-30 17:06:52] [z6tgkMNevYcZZbU82dmBswFMfjs=] [Dazer] Checking for teleport settings on connect
[2025-05-30 17:06:52] [z6tgkMNevYcZZbU82dmBswFMfjs=] [Dazer] No teleport entry found for this user
[2025-05-30 17:07:19] [e1vImF/pvh7c+66eD1lHGlZ9N08=] [Fornax013] Checking for teleport settings on connect
[2025-05-30 17:07:19] [e1vImF/pvh7c+66eD1lHGlZ9N08=] [Fornax013] No teleport entry found for this user
[2025-05-30 17:10:09] [uJnwwqnuPGfoLP0MTPmjLpW1JCI=] [deadly_peak] Checking for teleport settings on connect
[2025-05-30 17:10:09] [uJnwwqnuPGfoLP0MTPmjLpW1JCI=] [deadly_peak] No teleport entry found for this user
[2025-05-30 17:10:24] [b+hpUOWDwc2wK9lwzeuAKgvOhQE=] [TeamSpeakUser2] Checking for teleport settings on connect
[2025-05-30 17:10:24] [b+hpUOWDwc2wK9lwzeuAKgvOhQE=] [TeamSpeakUser2] No teleport entry found for this user
[2025-05-30 17:10:24] [b+hpUOWDwc2wK9lwzeuAKgvOhQE=] [TeamSpeakUser2] Checking for teleport settings on connect
[2025-05-30 17:10:24] [b+hpUOWDwc2wK9lwzeuAKgvOhQE=] [TeamSpeakUser2] No teleport entry found for this user
[2025-05-30 17:10:24] [b+hpUOWDwc2wK9lwzeuAKgvOhQE=] [TeamSpeakUser2] Checking for teleport settings on connect
[2025-05-30 17:10:24] [b+hpUOWDwc2wK9lwzeuAKgvOhQE=] [TeamSpeakUser2] No teleport entry found for this user
[2025-05-30 17:11:31] [pa4EomUE5xzFSB9tc7CilmX3NTU=] [Imprii] Checking for teleport settings on connect
[2025-05-30 17:11:31] [pa4EomUE5xzFSB9tc7CilmX3NTU=] [Imprii] No teleport entry found for this user
[2025-05-30 17:15:20] [8Zdbsme26C48AHpMg4zVcDatTnE=] [Kurs] Checking for teleport settings on connect
[2025-05-30 17:15:20] [8Zdbsme26C48AHpMg4zVcDatTnE=] [Kurs] No teleport entry found for this user
[2025-05-30 17:15:23] [h0VuCZ2TUXFCJCTTYaDOlIsousY=] [Oleg] Checking for teleport settings on connect
[2025-05-30 17:15:23] [h0VuCZ2TUXFCJCTTYaDOlIsousY=] [Oleg] No teleport entry found for this user
[2025-05-30 17:17:03] [mqgd3Gc7WmeeLTlwm9TT72tKi9Y=] [Joss] Checking for teleport settings on connect
[2025-05-30 17:17:03] [mqgd3Gc7WmeeLTlwm9TT72tKi9Y=] [Joss] No teleport entry found for this user
[2025-05-30 17:17:05] [/paoPeDO7Sw3DPisftzEeJfXp+Y=] [J4M4L] Checking for teleport settings on connect
[2025-05-30 17:17:05] [/paoPeDO7Sw3DPisftzEeJfXp+Y=] [J4M4L] No teleport entry found for this user
[2025-05-30 17:23:42] [APvCxYWLJt5FetRtnwrXlJVrRoY=] [zasosa1o] Checking for teleport settings on connect
[2025-05-30 17:23:42] [APvCxYWLJt5FetRtnwrXlJVrRoY=] [zasosa1o] No teleport entry found for this user
[2025-05-30 17:25:50] [d/2RYNlm5B/Nn3BBGjS8/8tretA=] [LaPt] Checking for teleport settings on connect
[2025-05-30 17:25:50] [d/2RYNlm5B/Nn3BBGjS8/8tretA=] [LaPt] No teleport entry found for this user
[2025-05-30 17:26:00] [IdIi7kB17WXopOMKuVQFyzM8Fhs=] [ali] Checking for teleport settings on connect
[2025-05-30 17:26:00] [IdIi7kB17WXopOMKuVQFyzM8Fhs=] [ali] No teleport entry found for this user
[2025-05-30 17:32:34] [8Zdbsme26C48AHpMg4zVcDatTnE=] [Kurs] Checking for teleport settings on connect
[2025-05-30 17:32:34] [8Zdbsme26C48AHpMg4zVcDatTnE=] [Kurs] No teleport entry found for this user
[2025-05-30 17:33:23] [3dMgz1NTwQJkarASynrY1meWHdk=] [rani1] Checking for teleport settings on connect
[2025-05-30 17:33:23] [3dMgz1NTwQJkarASynrY1meWHdk=] [rani1] No teleport entry found for this user
[2025-05-30 17:33:27] [1eHK5RBJO1VYiV6Fja2iiHvAIls=] [d3yk0ne] Checking for teleport settings on connect
[2025-05-30 17:33:27] [1eHK5RBJO1VYiV6Fja2iiHvAIls=] [d3yk0ne] No teleport entry found for this user
[2025-05-30 17:34:39] [3dMgz1NTwQJkarASynrY1meWHdk=] [rani1] Checking for teleport settings on connect
[2025-05-30 17:34:39] [3dMgz1NTwQJkarASynrY1meWHdk=] [rani1] No teleport entry found for this user
[2025-05-30 17:34:54] [uVIyLE46ey0eBhM+Z9Az+wuDd2U=] [LisssTzz] Checking for teleport settings on connect
[2025-05-30 17:34:54] [uVIyLE46ey0eBhM+Z9Az+wuDd2U=] [LisssTzz] No teleport entry found for this user
[2025-05-30 17:37:29] [gITtVlfHYxsd3mvOfTblKNtJBDU=] [4iff] Checking for teleport settings on connect
[2025-05-30 17:37:29] [gITtVlfHYxsd3mvOfTblKNtJBDU=] [4iff] No teleport entry found for this user
[2025-05-30 17:37:56] [RqO0/Dx4SNHKXVIHbKEBsXbdjV4=] [bo0ogeymana] Checking for teleport settings on connect
[2025-05-30 17:37:56] [RqO0/Dx4SNHKXVIHbKEBsXbdjV4=] [bo0ogeymana] No teleport entry found for this user
[2025-05-30 17:40:49] [d/2RYNlm5B/Nn3BBGjS8/8tretA=] [LaPt] Checking for teleport settings on connect
[2025-05-30 17:40:49] [d/2RYNlm5B/Nn3BBGjS8/8tretA=] [LaPt] No teleport entry found for this user
[2025-05-30 17:41:55] [Nn8rGrwsE+C9ibHWu3JCoCbmq3A=] [SysmoUsercid=140] Checking for teleport settings on connect
[2025-05-30 17:41:55] [Nn8rGrwsE+C9ibHWu3JCoCbmq3A=] [SysmoUsercid=140] No teleport entry found for this user
[2025-05-30 17:44:20] [WtWgpfS8UE18SW7yGXm3r1yoO/c=] [Kowismo] Checking for teleport settings on connect
[2025-05-30 17:44:20] [WtWgpfS8UE18SW7yGXm3r1yoO/c=] [Kowismo] No teleport entry found for this user
[2025-05-30 17:47:53] [c8FoIr3LvluzREdWq/6oCv0yboo=] [Doomgeonmaster] Checking for teleport settings on connect
[2025-05-30 17:47:53] [c8FoIr3LvluzREdWq/6oCv0yboo=] [Doomgeonmaster] No teleport entry found for this user
[2025-05-30 17:49:46] [ay8d2GXiisZNZZ2sP88A/RwHo24=] [ViliBom] Checking for teleport settings on connect
[2025-05-30 17:49:46] [ay8d2GXiisZNZZ2sP88A/RwHo24=] [ViliBom] No teleport entry found for this user
[2025-05-30 17:49:48] [08lWq8COBvwUbmnyd09GyczKWqE=] [xCyBeRx] Checking for teleport settings on connect
[2025-05-30 17:49:48] [08lWq8COBvwUbmnyd09GyczKWqE=] [xCyBeRx] No teleport entry found for this user
[2025-05-30 17:51:30] [MutMI8w80TgxkXwn/z4gZc/vgiU=] [Asshole do not burn] Checking for teleport settings on connect
[2025-05-30 17:51:30] [MutMI8w80TgxkXwn/z4gZc/vgiU=] [Asshole do not burn] No teleport entry found for this user
[2025-05-30 17:51:50] [08lWq8COBvwUbmnyd09GyczKWqE=] [xCyBeRx] Checking for teleport settings on connect
[2025-05-30 17:51:50] [08lWq8COBvwUbmnyd09GyczKWqE=] [xCyBeRx] No teleport entry found for this user
[2025-05-30 17:54:15] [ZnU8vaPl8AP2v7ujelAJMkb+r+E=] [TeamSpeakUser1] Checking for teleport settings on connect
[2025-05-30 17:54:15] [ZnU8vaPl8AP2v7ujelAJMkb+r+E=] [TeamSpeakUser1] No teleport entry found for this user
[2025-05-30 17:55:29] [wfhDmSmJ6J0MSdGsMsWSlYs1HE8=] [693369] Checking for teleport settings on connect
[2025-05-30 17:55:29] [wfhDmSmJ6J0MSdGsMsWSlYs1HE8=] [693369] No teleport entry found for this user
[2025-05-30 17:56:39] [c8FoIr3LvluzREdWq/6oCv0yboo=] [Doomgeonmaster] Checking for teleport settings on connect
[2025-05-30 17:56:39] [c8FoIr3LvluzREdWq/6oCv0yboo=] [Doomgeonmaster] No teleport entry found for this user
[2025-05-30 17:57:50] [c8FoIr3LvluzREdWq/6oCv0yboo=] [Doomgeonmaster] Checking for teleport settings on connect
[2025-05-30 17:57:50] [c8FoIr3LvluzREdWq/6oCv0yboo=] [Doomgeonmaster] No teleport entry found for this user
[2025-05-30 18:00:39] [QtZEuMWPGcNLoylWU5/WhA71J3c=] [Snow] Checking for teleport settings on connect
[2025-05-30 18:00:39] [QtZEuMWPGcNLoylWU5/WhA71J3c=] [Snow] No teleport entry found for this user
[2025-05-30 18:02:15] [1QuYdjwegivq8nQQgKS/N+VS/dw=] [TeamSpeakUser3] Checking for teleport settings on connect
[2025-05-30 18:02:15] [1QuYdjwegivq8nQQgKS/N+VS/dw=] [TeamSpeakUser3] No teleport entry found for this user
[2025-05-30 18:02:19] [acW8L254GwpId72+SZaQ4M311cg=] [BUGER (Славик)] Checking for teleport settings on connect
[2025-05-30 18:02:19] [acW8L254GwpId72+SZaQ4M311cg=] [BUGER (Славик)] No teleport entry found for this user
[2025-05-30 18:05:04] [08lWq8COBvwUbmnyd09GyczKWqE=] [xCyBeRx] Checking for teleport settings on connect
[2025-05-30 18:05:04] [08lWq8COBvwUbmnyd09GyczKWqE=] [xCyBeRx] No teleport entry found for this user
[2025-05-30 18:07:09] [Hf7Ykpi+nWgDQ6lAP5A9MUo5Mfc=] [Agilex] Checking for teleport settings on connect
[2025-05-30 18:07:09] [Hf7Ykpi+nWgDQ6lAP5A9MUo5Mfc=] [Agilex] No teleport entry found for this user
[2025-05-30 18:08:10] [1bQKr00fOO2l25hz7k6RD9rtrts=] [Serhat] Checking for teleport settings on connect
[2025-05-30 18:08:10] [1bQKr00fOO2l25hz7k6RD9rtrts=] [Serhat] No teleport entry found for this user
[2025-05-30 18:08:25] [zuVIrAkrcJ27iLMeBqadkQW3yLY=] [cısıcı] Checking for teleport settings on connect
[2025-05-30 18:08:25] [zuVIrAkrcJ27iLMeBqadkQW3yLY=] [cısıcı] No teleport entry found for this user
[2025-05-30 18:08:50] [zuVIrAkrcJ27iLMeBqadkQW3yLY=] [babanız] Checking for teleport settings on connect
[2025-05-30 18:08:50] [zuVIrAkrcJ27iLMeBqadkQW3yLY=] [babanız] No teleport entry found for this user
[2025-05-30 18:08:54] [4/1y0e4rRmAYpT5SCkAWxz808Ck=] [zejN] Checking for teleport settings on connect
[2025-05-30 18:08:54] [4/1y0e4rRmAYpT5SCkAWxz808Ck=] [zejN] No teleport entry found for this user
[2025-05-30 18:09:49] [IvPuoleyuChePKK0GR7sRhVCkJE=] [SYRUSSS] Checking for teleport settings on connect
[2025-05-30 18:09:49] [IvPuoleyuChePKK0GR7sRhVCkJE=] [SYRUSSS] No teleport entry found for this user
[2025-05-30 18:09:49] [IvPuoleyuChePKK0GR7sRhVCkJE=] [SYRUSSS] Checking for teleport settings on connect
[2025-05-30 18:09:49] [IvPuoleyuChePKK0GR7sRhVCkJE=] [SYRUSSS] No teleport entry found for this user
[2025-05-30 18:09:49] [IvPuoleyuChePKK0GR7sRhVCkJE=] [SYRUSSS] Checking for teleport settings on connect
[2025-05-30 18:09:49] [IvPuoleyuChePKK0GR7sRhVCkJE=] [SYRUSSS] No teleport entry found for this user
[2025-05-30 18:10:04] [UfS12Gkk6EX0/+/qXrjaYIETBT8=] [Kira] Checking for teleport settings on connect
[2025-05-30 18:10:04] [UfS12Gkk6EX0/+/qXrjaYIETBT8=] [Kira] No teleport entry found for this user
[2025-05-30 18:10:08] [d/2RYNlm5B/Nn3BBGjS8/8tretA=] [LaPt] Checking for teleport settings on connect
[2025-05-30 18:10:08] [d/2RYNlm5B/Nn3BBGjS8/8tretA=] [LaPt] No teleport entry found for this user
[2025-05-30 18:11:12] [KL0QZuz7P/nwwL6XYSCsDg/Yqw0=] [DIMAX] Checking for teleport settings on connect
[2025-05-30 18:11:12] [KL0QZuz7P/nwwL6XYSCsDg/Yqw0=] [DIMAX] No teleport entry found for this user
[2025-05-30 18:11:54] [GgPYbHIrx/l9utWwdfi8ICJAOg0=] [TeamSpeakUser2] Checking for teleport settings on connect
[2025-05-30 18:11:54] [GgPYbHIrx/l9utWwdfi8ICJAOg0=] [TeamSpeakUser2] No teleport entry found for this user
[2025-05-30 18:11:54] [CAXLSUAM56Ig7tLYqBzO8Lrc+lY=] [zulul] Checking for teleport settings on connect
[2025-05-30 18:11:54] [CAXLSUAM56Ig7tLYqBzO8Lrc+lY=] [zulul] No teleport entry found for this user
[2025-05-30 18:11:55] [GgPYbHIrx/l9utWwdfi8ICJAOg0=] [TeamSpeakUser2] Checking for teleport settings on connect
[2025-05-30 18:11:55] [GgPYbHIrx/l9utWwdfi8ICJAOg0=] [TeamSpeakUser2] No teleport entry found for this user
[2025-05-30 18:11:55] [GgPYbHIrx/l9utWwdfi8ICJAOg0=] [TeamSpeakUser2] Checking for teleport settings on connect
[2025-05-30 18:11:55] [GgPYbHIrx/l9utWwdfi8ICJAOg0=] [TeamSpeakUser2] No teleport entry found for this user
[2025-05-30 18:16:04] [Chs2gds0q5c5sHk5GQqGy9JmwQg=] [teaman11] Checking for teleport settings on connect
[2025-05-30 18:16:04] [Chs2gds0q5c5sHk5GQqGy9JmwQg=] [teaman11] No teleport entry found for this user
[2025-05-30 18:20:45] [X6E5/N6c4x3DmVvfM1A7J4pIjC0=] [Omar] Checking for teleport settings on connect
[2025-05-30 18:20:45] [X6E5/N6c4x3DmVvfM1A7J4pIjC0=] [Omar] No teleport entry found for this user
[2025-05-30 18:22:34] [GSHdFQ1jzSeyLdTWhcSAlf1X2N8=] [FenaiL] Checking for teleport settings on connect
[2025-05-30 18:22:34] [GSHdFQ1jzSeyLdTWhcSAlf1X2N8=] [FenaiL] No teleport entry found for this user
[2025-05-30 18:22:47] [aKaAG6qoaxhtx8bSnAyKGSwgQvA=] [drxxxP] Checking for teleport settings on connect
[2025-05-30 18:22:47] [aKaAG6qoaxhtx8bSnAyKGSwgQvA=] [drxxxP] No teleport entry found for this user
[2025-05-30 18:23:00] [NfnVujvEphIfsiju8kuWFNANTfk=] [noone] Checking for teleport settings on connect
[2025-05-30 18:23:00] [NfnVujvEphIfsiju8kuWFNANTfk=] [noone] No teleport entry found for this user
[2025-05-30 18:23:14] [jdsZBBcuEzD3+oBXRBnVPJpGkI4=] [eatmyb8ls] Checking for teleport settings on connect
[2025-05-30 18:23:14] [jdsZBBcuEzD3+oBXRBnVPJpGkI4=] [eatmyb8ls] No teleport entry found for this user
[2025-05-30 18:24:37] [iqhXyPfP3MC8F+w0pKyVoSLyF/I=] [FailRaik] Checking for teleport settings on connect
[2025-05-30 18:24:37] [iqhXyPfP3MC8F+w0pKyVoSLyF/I=] [FailRaik] No teleport entry found for this user
[2025-05-30 18:25:02] [y6Dvn19VXbBd0XOSXfMEraqacFI=] [CrypticBlitz96] Checking for teleport settings on connect
[2025-05-30 18:25:02] [y6Dvn19VXbBd0XOSXfMEraqacFI=] [CrypticBlitz96] No teleport entry found for this user
[2025-05-30 18:27:02] [ktz2dZ1dONgntrNq5d/LFS/S+NU=] [mohsen] Checking for teleport settings on connect
[2025-05-30 18:27:02] [ktz2dZ1dONgntrNq5d/LFS/S+NU=] [mohsen] No teleport entry found for this user
[2025-05-30 18:27:23] [EpUZWrjjGrqfKYXVQkV4/zwv73I=] [mr.pablo] Checking for teleport settings on connect
[2025-05-30 18:27:23] [EpUZWrjjGrqfKYXVQkV4/zwv73I=] [mr.pablo] No teleport entry found for this user
[2025-05-30 18:28:17] [L8VEN4PeNceeZLHOhRYvEKIZWvk=] [aslan] Checking for teleport settings on connect
[2025-05-30 18:28:17] [L8VEN4PeNceeZLHOhRYvEKIZWvk=] [aslan] No teleport entry found for this user
[2025-05-30 18:29:22] [iYHINDlWwCatnlKWhy6pZQi0dUI=] [TeaNeedMore] Checking for teleport settings on connect
[2025-05-30 18:29:22] [iYHINDlWwCatnlKWhy6pZQi0dUI=] [TeaNeedMore] No teleport entry found for this user
[2025-05-30 18:30:02] [RJ4ey/bxVJ5eYFnjo7KF14s+i1s=] [Shahram] Checking for teleport settings on connect
[2025-05-30 18:30:02] [RJ4ey/bxVJ5eYFnjo7KF14s+i1s=] [Shahram] No teleport entry found for this user
[2025-05-30 18:35:04] [8yG40ppumRoJGhu1qR/blqgqttw=] [sanka98] Checking for teleport settings on connect
[2025-05-30 18:35:04] [8yG40ppumRoJGhu1qR/blqgqttw=] [sanka98] No teleport entry found for this user
[2025-05-30 18:35:24] [COLZyKJmrHAbeJuIwxgb3lGZ0d0=] [tikka345] Checking for teleport settings on connect
[2025-05-30 18:35:24] [COLZyKJmrHAbeJuIwxgb3lGZ0d0=] [tikka345] No teleport entry found for this user
[2025-05-30 18:36:06] [L8VEN4PeNceeZLHOhRYvEKIZWvk=] [aslan] Checking for teleport settings on connect
[2025-05-30 18:36:06] [L8VEN4PeNceeZLHOhRYvEKIZWvk=] [aslan] No teleport entry found for this user
[2025-05-30 18:38:24] [yBICHbhgjt9SlHyQu3BZbOYMUQU=] [H0R0Z] Checking for teleport settings on connect
[2025-05-30 18:38:24] [yBICHbhgjt9SlHyQu3BZbOYMUQU=] [H0R0Z] No teleport entry found for this user
[2025-05-30 18:38:26] [EpUZWrjjGrqfKYXVQkV4/zwv73I=] [mr.pablo] Checking for teleport settings on connect
[2025-05-30 18:38:26] [EpUZWrjjGrqfKYXVQkV4/zwv73I=] [mr.pablo] No teleport entry found for this user
[2025-05-30 18:38:36] [nrEFrg1QXE05wuZZG3BbdkciSEc=] [Dumina] Checking for teleport settings on connect
[2025-05-30 18:38:36] [nrEFrg1QXE05wuZZG3BbdkciSEc=] [Dumina] No teleport entry found for this user
[2025-05-30 18:39:08] [wBtCYPJphOWdVqCVMzLPotGSjGA=] [tlishev] Checking for teleport settings on connect
[2025-05-30 18:39:08] [wBtCYPJphOWdVqCVMzLPotGSjGA=] [tlishev] No teleport entry found for this user
[2025-05-30 18:39:51] [d6w3EV9Z9c1CuPQpjPz2qkkRsBw=] [RawN] Checking for teleport settings on connect
[2025-05-30 18:39:51] [d6w3EV9Z9c1CuPQpjPz2qkkRsBw=] [RawN] No teleport entry found for this user
[2025-05-30 18:40:11] [8wO5HXvUa0ktX3G69nioUDKZj+A=] [Rioshad] Checking for teleport settings on connect
[2025-05-30 18:40:11] [8wO5HXvUa0ktX3G69nioUDKZj+A=] [Rioshad] No teleport entry found for this user
[2025-05-30 18:40:55] [PAPjw5ou1pxtJ/LMEXPWWL4eKGI=] [aeRR] Checking for teleport settings on connect
[2025-05-30 18:40:55] [PAPjw5ou1pxtJ/LMEXPWWL4eKGI=] [aeRR] No teleport entry found for this user
[2025-05-30 18:41:22] [FHmAvJvW6N6mPDWTwpRQABw6rAk=] [Хозяин Абатура №2] Checking for teleport settings on connect
[2025-05-30 18:41:22] [FHmAvJvW6N6mPDWTwpRQABw6rAk=] [Хозяин Абатура №2] No teleport entry found for this user
[2025-05-30 18:44:41] [YOkJPup3gRfkYdNucL4ldHRwmgY=] [Farzelot] Checking for teleport settings on connect
[2025-05-30 18:44:41] [YOkJPup3gRfkYdNucL4ldHRwmgY=] [Farzelot] No teleport entry found for this user
[2025-05-30 18:46:44] [8wO5HXvUa0ktX3G69nioUDKZj+A=] [Rioshad] Checking for teleport settings on connect
[2025-05-30 18:46:44] [8wO5HXvUa0ktX3G69nioUDKZj+A=] [Rioshad] No teleport entry found for this user
[2025-05-30 18:48:52] [L194KdPcI1asyxtpLRS8SD5byZs=] [hn_tired] Checking for teleport settings on connect
[2025-05-30 18:48:52] [L194KdPcI1asyxtpLRS8SD5byZs=] [hn_tired] No teleport entry found for this user
[2025-05-30 18:49:11] [8wO5HXvUa0ktX3G69nioUDKZj+A=] [Rioshad] Checking for teleport settings on connect
[2025-05-30 18:49:11] [8wO5HXvUa0ktX3G69nioUDKZj+A=] [Rioshad] No teleport entry found for this user
[2025-05-30 18:50:50] [dMs00ngE6YI0KHtAGRTqeHdKujU=] [Bigboss420] Checking for teleport settings on connect
[2025-05-30 18:50:50] [dMs00ngE6YI0KHtAGRTqeHdKujU=] [Bigboss420] No teleport entry found for this user
[2025-05-30 18:51:40] [RkH91acmxA3cUuqBsMdwRLDQBxM=] [Avrelius33] Checking for teleport settings on connect
[2025-05-30 18:51:40] [RkH91acmxA3cUuqBsMdwRLDQBxM=] [Avrelius33] No teleport entry found for this user
[2025-05-30 18:53:40] [scep5aSYAA2didXgARsEw35ek0c=] [TeamSpeakUser] Checking for teleport settings on connect
[2025-05-30 18:53:40] [scep5aSYAA2didXgARsEw35ek0c=] [TeamSpeakUser] No teleport entry found for this user
[2025-05-30 18:55:33] [0XIPokUUTEkn00muYiwnSCQJ4wM=] [credolls] Checking for teleport settings on connect
[2025-05-30 18:55:33] [0XIPokUUTEkn00muYiwnSCQJ4wM=] [credolls] No teleport entry found for this user
[2025-05-30 18:57:31] [HA8AwjGjfttaVD2BbXsV3SrC+rA=] [Axtic] Checking for teleport settings on connect
[2025-05-30 18:57:31] [HA8AwjGjfttaVD2BbXsV3SrC+rA=] [Axtic] No teleport entry found for this user
[2025-05-30 18:57:32] [HA8AwjGjfttaVD2BbXsV3SrC+rA=] [Axtic] Checking for teleport settings on connect
[2025-05-30 18:57:32] [HA8AwjGjfttaVD2BbXsV3SrC+rA=] [Axtic] No teleport entry found for this user
[2025-05-30 18:57:32] [HA8AwjGjfttaVD2BbXsV3SrC+rA=] [Axtic] Checking for teleport settings on connect
[2025-05-30 18:57:32] [HA8AwjGjfttaVD2BbXsV3SrC+rA=] [Axtic] No teleport entry found for this user
[2025-05-30 18:57:45] [OGR4x0K2kK5M5o6aAMkiUooMFy8=] [TeamSpeakUser] Checking for teleport settings on connect
[2025-05-30 18:57:45] [OGR4x0K2kK5M5o6aAMkiUooMFy8=] [TeamSpeakUser] No teleport entry found for this user
[2025-05-30 18:57:53] [mTbPypkwuA/2B5Zl6CXWViczHPo=] [kızlıkbozan33] Checking for teleport settings on connect
[2025-05-30 18:57:53] [mTbPypkwuA/2B5Zl6CXWViczHPo=] [kızlıkbozan33] No teleport entry found for this user
[2025-05-30 19:01:12] [wfhDmSmJ6J0MSdGsMsWSlYs1HE8=] [693369] Checking for teleport settings on connect
[2025-05-30 19:01:12] [wfhDmSmJ6J0MSdGsMsWSlYs1HE8=] [693369] No teleport entry found for this user
[2025-05-30 19:01:33] [7lkgv1NgBUC4Nbvfz0XxfSTDHSQ=] [Platonuch_UA] Checking for teleport settings on connect
[2025-05-30 19:01:33] [7lkgv1NgBUC4Nbvfz0XxfSTDHSQ=] [Platonuch_UA] No teleport entry found for this user
[2025-05-30 19:01:55] [h2yxqDaYBdNiyDlVGOH/YWCactg=] [dydek10master] Checking for teleport settings on connect
[2025-05-30 19:01:55] [h2yxqDaYBdNiyDlVGOH/YWCactg=] [dydek10master] No teleport entry found for this user
[2025-05-30 19:03:31] [ayHUOzBuuInw8J/HHBAIDIq0cYY=] [bohun ivan] Checking for teleport settings on connect
[2025-05-30 19:03:31] [ayHUOzBuuInw8J/HHBAIDIq0cYY=] [bohun ivan] No teleport entry found for this user
[2025-05-30 19:09:02] [yuJ8mmxhfer8xdlqKC26z9O3umI=] [JustMe.am] Checking for teleport settings on connect
[2025-05-30 19:09:02] [yuJ8mmxhfer8xdlqKC26z9O3umI=] [JustMe.am] No teleport entry found for this user
[2025-05-30 19:10:06] [d/2RYNlm5B/Nn3BBGjS8/8tretA=] [LaPt] Checking for teleport settings on connect
[2025-05-30 19:10:06] [d/2RYNlm5B/Nn3BBGjS8/8tretA=] [LaPt] No teleport entry found for this user
[2025-05-30 19:10:17] [iefEc7IftjNMM5/w71mlW1yAG/s=] [rydrr] Checking for teleport settings on connect
[2025-05-30 19:10:17] [iefEc7IftjNMM5/w71mlW1yAG/s=] [rydrr] No teleport entry found for this user
[2025-05-30 19:13:17] [Chs2gds0q5c5sHk5GQqGy9JmwQg=] [teaman11] Checking for teleport settings on connect
[2025-05-30 19:13:17] [Chs2gds0q5c5sHk5GQqGy9JmwQg=] [teaman11] No teleport entry found for this user
[2025-05-30 19:17:06] [d/2RYNlm5B/Nn3BBGjS8/8tretA=] [LaPt] Checking for teleport settings on connect
[2025-05-30 19:17:06] [d/2RYNlm5B/Nn3BBGjS8/8tretA=] [LaPt] No teleport entry found for this user
[2025-05-30 19:18:07] [PCz5mVdmODgf+BuhB/F8jAcUsWY=] [XandeRMeisteR] Checking for teleport settings on connect
[2025-05-30 19:18:07] [PCz5mVdmODgf+BuhB/F8jAcUsWY=] [XandeRMeisteR] No teleport entry found for this user
[2025-05-30 19:18:12] [8yG40ppumRoJGhu1qR/blqgqttw=] [sanka98] Checking for teleport settings on connect
[2025-05-30 19:18:12] [8yG40ppumRoJGhu1qR/blqgqttw=] [sanka98] No teleport entry found for this user
[2025-05-30 19:23:25] [/RAzcpvI3kkRHrR2/6cu+vbbL7E=] [HELLKEEPER] Checking for teleport settings on connect
[2025-05-30 19:23:25] [/RAzcpvI3kkRHrR2/6cu+vbbL7E=] [HELLKEEPER] No teleport entry found for this user
[2025-05-30 19:25:25] [d/2RYNlm5B/Nn3BBGjS8/8tretA=] [LaPt] Checking for teleport settings on connect
[2025-05-30 19:25:25] [d/2RYNlm5B/Nn3BBGjS8/8tretA=] [LaPt] No teleport entry found for this user
[2025-05-30 19:25:45] [Sf5+Phx4Py/NxePyYOrlHzJ0vJw=] [sasha] Checking for teleport settings on connect
[2025-05-30 19:25:45] [Sf5+Phx4Py/NxePyYOrlHzJ0vJw=] [sasha] No teleport entry found for this user
[2025-05-30 19:26:13] [RJ4ey/bxVJ5eYFnjo7KF14s+i1s=] [Shahram] Checking for teleport settings on connect
[2025-05-30 19:26:13] [RJ4ey/bxVJ5eYFnjo7KF14s+i1s=] [Shahram] No teleport entry found for this user
[2025-05-30 19:26:13] [RJ4ey/bxVJ5eYFnjo7KF14s+i1s=] [Shahram] Checking for teleport settings on connect
[2025-05-30 19:26:13] [RJ4ey/bxVJ5eYFnjo7KF14s+i1s=] [Shahram] No teleport entry found for this user
[2025-05-30 19:26:14] [RJ4ey/bxVJ5eYFnjo7KF14s+i1s=] [Shahram] Checking for teleport settings on connect
[2025-05-30 19:26:14] [RJ4ey/bxVJ5eYFnjo7KF14s+i1s=] [Shahram] No teleport entry found for this user
[2025-05-30 19:26:14] [JBT8f5ESgqNibYrHN0Dp0kGBPKU=] [Малиновый Демон] Checking for teleport settings on connect
[2025-05-30 19:26:14] [JBT8f5ESgqNibYrHN0Dp0kGBPKU=] [Малиновый Демон] No teleport entry found for this user
[2025-05-30 19:26:14] [JBT8f5ESgqNibYrHN0Dp0kGBPKU=] [Малиновый Демон] Checking for teleport settings on connect
[2025-05-30 19:26:14] [JBT8f5ESgqNibYrHN0Dp0kGBPKU=] [Малиновый Демон] No teleport entry found for this user
[2025-05-30 19:26:15] [JBT8f5ESgqNibYrHN0Dp0kGBPKU=] [Малиновый Демон] Checking for teleport settings on connect
[2025-05-30 19:26:15] [JBT8f5ESgqNibYrHN0Dp0kGBPKU=] [Малиновый Демон] No teleport entry found for this user
[2025-05-30 19:27:49] [Chs2gds0q5c5sHk5GQqGy9JmwQg=] [teaman11] Checking for teleport settings on connect
[2025-05-30 19:27:49] [Chs2gds0q5c5sHk5GQqGy9JmwQg=] [teaman11] No teleport entry found for this user
[2025-05-30 19:28:20] [OQCeQ18IAEuoURvL5bx576m14Ls=] [Belzevul] Checking for teleport settings on connect
[2025-05-30 19:28:20] [OQCeQ18IAEuoURvL5bx576m14Ls=] [Belzevul] No teleport entry found for this user
[2025-05-30 19:28:29] [lc0ylIsdk1wm3mou1HYlyZ87uBQ=] [blinchik] Checking for teleport settings on connect
[2025-05-30 19:28:29] [lc0ylIsdk1wm3mou1HYlyZ87uBQ=] [blinchik] No teleport entry found for this user
[2025-05-30 19:29:15] [c2KyE4nI1Kf3e4iKmBYmgJlLjRA=] [PopcHeLLo] Checking for teleport settings on connect
[2025-05-30 19:29:15] [c2KyE4nI1Kf3e4iKmBYmgJlLjRA=] [PopcHeLLo] No teleport entry found for this user
[2025-05-30 19:31:18] [C3GsmkJ3JAzJxf0NJ3b9mnq7q78=] [Yeoni JB] Checking for teleport settings on connect
[2025-05-30 19:31:18] [C3GsmkJ3JAzJxf0NJ3b9mnq7q78=] [Yeoni JB] No teleport entry found for this user
[2025-05-30 19:31:39] [26LCykHOi4bOHKgTy0MkodSp0M8=] [Vulex23] Checking for teleport settings on connect
[2025-05-30 19:31:39] [26LCykHOi4bOHKgTy0MkodSp0M8=] [Vulex23] No teleport entry found for this user
[2025-05-30 19:32:23] [WBbq22IJwBLvFTxY9Fzn2+bBfHU=] [Мишка_С_Шишкой] Checking for teleport settings on connect
[2025-05-30 19:32:23] [WBbq22IJwBLvFTxY9Fzn2+bBfHU=] [Мишка_С_Шишкой] No teleport entry found for this user
[2025-05-30 19:35:19] [YJ8chm2QQIJyPFrsGN7ctoGAtDM=] [Бурмалда] Checking for teleport settings on connect
[2025-05-30 19:35:19] [YJ8chm2QQIJyPFrsGN7ctoGAtDM=] [Бурмалда] No teleport entry found for this user
[2025-05-30 19:38:23] [4hvwCfCPtTRCCX/hD0S9PDAjwPY=] [Ander] Checking for teleport settings on connect
[2025-05-30 19:38:23] [4hvwCfCPtTRCCX/hD0S9PDAjwPY=] [Ander] No teleport entry found for this user
[2025-05-30 19:39:19] [ZnU8vaPl8AP2v7ujelAJMkb+r+E=] [TeamSpeakUser1] Checking for teleport settings on connect
[2025-05-30 19:39:19] [ZnU8vaPl8AP2v7ujelAJMkb+r+E=] [TeamSpeakUser1] No teleport entry found for this user
[2025-05-30 19:39:21] [NfnVujvEphIfsiju8kuWFNANTfk=] [noone] Checking for teleport settings on connect
[2025-05-30 19:39:21] [NfnVujvEphIfsiju8kuWFNANTfk=] [noone] No teleport entry found for this user
[2025-05-30 19:41:19] [4qBU28Ut5Zi8KQiGm0xz82SoueY=] [Pandemonium] Checking for teleport settings on connect
[2025-05-30 19:41:19] [4qBU28Ut5Zi8KQiGm0xz82SoueY=] [Pandemonium] No teleport entry found for this user
[2025-05-30 19:41:25] [7rPDrbKyUjL83CoUUVidbDv5df4=] [Silver_Sir] Checking for teleport settings on connect
[2025-05-30 19:41:25] [7rPDrbKyUjL83CoUUVidbDv5df4=] [Silver_Sir] No teleport entry found for this user
[2025-05-30 19:47:01] [c2KyE4nI1Kf3e4iKmBYmgJlLjRA=] [PopcHeLLo] Checking for teleport settings on connect
[2025-05-30 19:47:01] [c2KyE4nI1Kf3e4iKmBYmgJlLjRA=] [PopcHeLLo] No teleport entry found for this user
[2025-05-30 19:47:14] [7Sq7ba6mB9HZvcuepZd8gV5BFXc=] [BUGER (Славон)] Checking for teleport settings on connect
[2025-05-30 19:47:14] [7Sq7ba6mB9HZvcuepZd8gV5BFXc=] [BUGER (Славон)] No teleport entry found for this user
[2025-05-30 19:48:15] [JRSJX/gE1q4rIxWGxe0NgwN6Ubk=] [saadf] Checking for teleport settings on connect
[2025-05-30 19:48:15] [JRSJX/gE1q4rIxWGxe0NgwN6Ubk=] [saadf] No teleport entry found for this user
[2025-05-30 19:49:05] [lyXaZAmIm860hs52AQfNIF+bYQ4=] [kiale.] Checking for teleport settings on connect
[2025-05-30 19:49:05] [lyXaZAmIm860hs52AQfNIF+bYQ4=] [kiale.] No teleport entry found for this user
[2025-05-30 19:50:27] [f3nvQHeyvraWJrUBPQaOMk+TGHg=] [patoRLCSWinner] Checking for teleport settings on connect
[2025-05-30 19:50:27] [f3nvQHeyvraWJrUBPQaOMk+TGHg=] [patoRLCSWinner] No teleport entry found for this user
[2025-05-30 19:51:01] [1HI7FfyGvRoy7LsxaMPRjYtN/y8=] [kirill24233] Checking for teleport settings on connect
[2025-05-30 19:51:01] [1HI7FfyGvRoy7LsxaMPRjYtN/y8=] [kirill24233] No teleport entry found for this user
[2025-05-30 19:54:17] [Chs2gds0q5c5sHk5GQqGy9JmwQg=] [teaman11] Checking for teleport settings on connect
[2025-05-30 19:54:17] [Chs2gds0q5c5sHk5GQqGy9JmwQg=] [teaman11] No teleport entry found for this user
[2025-05-30 19:54:35] [MCH5CUuHw7qLHVegyroS34EN/pQ=] [PastA1] Checking for teleport settings on connect
[2025-05-30 19:54:35] [MCH5CUuHw7qLHVegyroS34EN/pQ=] [PastA1] No teleport entry found for this user
[2025-05-30 19:55:08] [Yolrk0vLW7Jl+G3XWWoj32wvYHo=] [joy] Checking for teleport settings on connect
[2025-05-30 19:55:08] [Yolrk0vLW7Jl+G3XWWoj32wvYHo=] [joy] No teleport entry found for this user
[2025-05-30 19:55:12] [mLDCHbKO7g1+4CcwIGWk9APAgng=] [Сократ] Checking for teleport settings on connect
[2025-05-30 19:55:12] [mLDCHbKO7g1+4CcwIGWk9APAgng=] [Сократ] No teleport entry found for this user
[2025-05-30 19:55:24] [wBtCYPJphOWdVqCVMzLPotGSjGA=] [tlishev] Checking for teleport settings on connect
[2025-05-30 19:55:24] [wBtCYPJphOWdVqCVMzLPotGSjGA=] [tlishev] No teleport entry found for this user
[2025-05-30 19:55:28] [S5c9qJAk0+90wjkUa6EauP5Qvfo=] [Skiwii_] Checking for teleport settings on connect
[2025-05-30 19:55:28] [S5c9qJAk0+90wjkUa6EauP5Qvfo=] [Skiwii_] No teleport entry found for this user
[2025-05-30 19:56:22] [7DpT5KYI7X+IKSn7S7bWcyHFoQg=] [TheCoolestPinguin] Checking for teleport settings on connect
[2025-05-30 19:56:22] [7DpT5KYI7X+IKSn7S7bWcyHFoQg=] [TheCoolestPinguin] No teleport entry found for this user
[2025-05-30 19:56:36] [0Z2wqQcTx0kpb/KIf+NPkyv4b60=] [-W1LLL] Checking for teleport settings on connect
[2025-05-30 19:56:36] [0Z2wqQcTx0kpb/KIf+NPkyv4b60=] [-W1LLL] No teleport entry found for this user
[2025-05-30 19:57:42] [v8d0S2VwxhW09HTFPSJZmdATS9s=] [lokmannnnnn] Checking for teleport settings on connect
[2025-05-30 19:57:42] [v8d0S2VwxhW09HTFPSJZmdATS9s=] [lokmannnnnn] No teleport entry found for this user
[2025-05-30 19:57:46] [FaBhOtsX9ZErbpKM31n9Crp8ZVk=] [HammerOfWar(Лёха)] Checking for teleport settings on connect
[2025-05-30 19:57:46] [FaBhOtsX9ZErbpKM31n9Crp8ZVk=] [HammerOfWar(Лёха)] No teleport entry found for this user
[2025-05-30 19:58:35] [Tl3Bg1zFfrOJ+IRWyJh5UAIJ+5o=] [Efkeyy] Checking for teleport settings on connect
[2025-05-30 19:58:35] [Tl3Bg1zFfrOJ+IRWyJh5UAIJ+5o=] [Efkeyy] No teleport entry found for this user
[2025-05-30 19:58:45] [ilO9JAl5glx+WikZA6SZqmic0Iw=] [kaiizenn] Checking for teleport settings on connect
[2025-05-30 19:58:45] [ilO9JAl5glx+WikZA6SZqmic0Iw=] [kaiizenn] No teleport entry found for this user
[2025-05-30 19:59:10] [Chs2gds0q5c5sHk5GQqGy9JmwQg=] [teaman11] Checking for teleport settings on connect
[2025-05-30 19:59:10] [Chs2gds0q5c5sHk5GQqGy9JmwQg=] [teaman11] No teleport entry found for this user
[2025-05-30 19:59:20] [MxGUDgktIyu6InxIn4FNxdgcarc=] [Хозяин Абатура №1] Checking for teleport settings on connect
[2025-05-30 19:59:20] [MxGUDgktIyu6InxIn4FNxdgcarc=] [Хозяин Абатура №1] No teleport entry found for this user
[2025-05-30 19:59:53] [lqX2Oz/RGh+MQGKjhD9GbFED4OY=] [DarkZX] Checking for teleport settings on connect
[2025-05-30 19:59:53] [lqX2Oz/RGh+MQGKjhD9GbFED4OY=] [DarkZX] No teleport entry found for this user
[2025-05-30 20:00:27] [3qlQ6qWEnLsHTWbGo9FZGpDLk4U=] [2109] Checking for teleport settings on connect
[2025-05-30 20:00:27] [3qlQ6qWEnLsHTWbGo9FZGpDLk4U=] [2109] No teleport entry found for this user
[2025-05-30 20:00:28] [Bw7Z+zhyQHIxdCpJ7Wfhntoe5/M=] [₹_-_-※ÃŘÃĎ※-_-_₹] Checking for teleport settings on connect
[2025-05-30 20:00:28] [Bw7Z+zhyQHIxdCpJ7Wfhntoe5/M=] [₹_-_-※ÃŘÃĎ※-_-_₹] No teleport entry found for this user
[2025-05-30 20:01:03] [MYSMWOg1rcy9rUxqNVjO3N+2XOU=] [korobka] Checking for teleport settings on connect
[2025-05-30 20:01:03] [MYSMWOg1rcy9rUxqNVjO3N+2XOU=] [korobka] No teleport entry found for this user
[2025-05-30 20:02:12] [0XIPokUUTEkn00muYiwnSCQJ4wM=] [credolls] Checking for teleport settings on connect
[2025-05-30 20:02:12] [0XIPokUUTEkn00muYiwnSCQJ4wM=] [credolls] No teleport entry found for this user
[2025-05-30 20:02:15] [0XIPokUUTEkn00muYiwnSCQJ4wM=] [credolls] Checking for teleport settings on connect
[2025-05-30 20:02:15] [0XIPokUUTEkn00muYiwnSCQJ4wM=] [credolls] No teleport entry found for this user
[2025-05-30 20:02:19] [0XIPokUUTEkn00muYiwnSCQJ4wM=] [credolls] Checking for teleport settings on connect
[2025-05-30 20:02:19] [0XIPokUUTEkn00muYiwnSCQJ4wM=] [credolls] No teleport entry found for this user
[2025-05-30 20:03:11] [0XIPokUUTEkn00muYiwnSCQJ4wM=] [credolls] Checking for teleport settings on connect
[2025-05-30 20:03:11] [0XIPokUUTEkn00muYiwnSCQJ4wM=] [credolls] No teleport entry found for this user
[2025-05-30 20:05:10] [wzyMDRJrO+ymZI9TrnAeMdoxGTw=] [Хозяин Абатура №4] Checking for teleport settings on connect
[2025-05-30 20:05:10] [wzyMDRJrO+ymZI9TrnAeMdoxGTw=] [Хозяин Абатура №4] No teleport entry found for this user
[2025-05-30 20:11:24] [KNwIsBtm4keUGSjaZsh/h3TEquE=] [Zenon] Checking for teleport settings on connect
[2025-05-30 20:11:24] [KNwIsBtm4keUGSjaZsh/h3TEquE=] [Zenon] No teleport entry found for this user
[2025-05-30 20:17:20] [aBNIQSGW6hB38QuuCzuH1LEBWlI=] [TeamSpeakUser4] Checking for teleport settings on connect
[2025-05-30 20:17:20] [aBNIQSGW6hB38QuuCzuH1LEBWlI=] [TeamSpeakUser4] No teleport entry found for this user
[2025-05-30 20:18:01] [gd/KJgg9LsRzE10kKKFLWbwFHiA=] [TeamSpeakUser5] Checking for teleport settings on connect
[2025-05-30 20:18:01] [gd/KJgg9LsRzE10kKKFLWbwFHiA=] [TeamSpeakUser5] No teleport entry found for this user
[2025-05-30 20:18:10] [yPSI9aghhtH6O+mnSQIo84yUZ4c=] [шароёб] Checking for teleport settings on connect
[2025-05-30 20:18:10] [yPSI9aghhtH6O+mnSQIo84yUZ4c=] [шароёб] No teleport entry found for this user
[2025-05-30 20:19:36] [DhDqNKJFOzAI9dgJ0qsFAh9W1bM=] [Parsa94] Checking for teleport settings on connect
[2025-05-30 20:19:36] [DhDqNKJFOzAI9dgJ0qsFAh9W1bM=] [Parsa94] No teleport entry found for this user
[2025-05-30 20:20:28] [X6E5/N6c4x3DmVvfM1A7J4pIjC0=] [Omar] Checking for teleport settings on connect
[2025-05-30 20:20:28] [X6E5/N6c4x3DmVvfM1A7J4pIjC0=] [Omar] No teleport entry found for this user
[2025-05-30 20:20:53] [MqlyPI/U5wjPs6LHaX2Ifl+w4r8=] [timothysamuelx] Checking for teleport settings on connect
[2025-05-30 20:20:53] [MqlyPI/U5wjPs6LHaX2Ifl+w4r8=] [timothysamuelx] No teleport entry found for this user
[2025-05-30 20:21:36] [RJ4ey/bxVJ5eYFnjo7KF14s+i1s=] [Shahram] Checking for teleport settings on connect
[2025-05-30 20:21:36] [RJ4ey/bxVJ5eYFnjo7KF14s+i1s=] [Shahram] No teleport entry found for this user
[2025-05-30 20:22:14] [RJ4ey/bxVJ5eYFnjo7KF14s+i1s=] [Shahram] Checking for teleport settings on connect
[2025-05-30 20:22:14] [RJ4ey/bxVJ5eYFnjo7KF14s+i1s=] [Shahram] No teleport entry found for this user
[2025-05-30 20:22:29] [VuNFAf3wIFc1IkWzOmahJ2tNnQw=] [amir-v13] Checking for teleport settings on connect
[2025-05-30 20:22:29] [VuNFAf3wIFc1IkWzOmahJ2tNnQw=] [amir-v13] No teleport entry found for this user
[2025-05-30 20:22:59] [VnkaFFk9xJmCZ7yTD4nS27hZJDs=] [karafey] Checking for teleport settings on connect
[2025-05-30 20:22:59] [VnkaFFk9xJmCZ7yTD4nS27hZJDs=] [karafey] No teleport entry found for this user
[2025-05-30 20:26:33] [V/sE7GD+jPAQPdHRhDxgmql0tFI=] [Jabberson] Checking for teleport settings on connect
[2025-05-30 20:26:33] [V/sE7GD+jPAQPdHRhDxgmql0tFI=] [Jabberson] No teleport entry found for this user
[2025-05-30 20:26:46] [ktz2dZ1dONgntrNq5d/LFS/S+NU=] [mohsen] Checking for teleport settings on connect
[2025-05-30 20:26:46] [ktz2dZ1dONgntrNq5d/LFS/S+NU=] [mohsen] No teleport entry found for this user
[2025-05-30 20:26:59] [RJ4ey/bxVJ5eYFnjo7KF14s+i1s=] [Shahram] Checking for teleport settings on connect
[2025-05-30 20:26:59] [RJ4ey/bxVJ5eYFnjo7KF14s+i1s=] [Shahram] No teleport entry found for this user
[2025-05-30 20:27:49] [ShT1+jAAOFSpcp/TDXTY2dTY0wA=] [nAnu] Checking for teleport settings on connect
[2025-05-30 20:27:49] [ShT1+jAAOFSpcp/TDXTY2dTY0wA=] [nAnu] No teleport entry found for this user
[2025-05-30 20:28:27] [esphB+mG2+N8I3ntRjK04Tgvv7o=] [Phantor] Checking for teleport settings on connect
[2025-05-30 20:28:27] [esphB+mG2+N8I3ntRjK04Tgvv7o=] [Phantor] No teleport entry found for this user
[2025-05-30 20:28:32] [VuNFAf3wIFc1IkWzOmahJ2tNnQw=] [amir-v13] Checking for teleport settings on connect
[2025-05-30 20:28:32] [VuNFAf3wIFc1IkWzOmahJ2tNnQw=] [amir-v13] No teleport entry found for this user
[2025-05-30 20:30:44] [WKaM3ZipVE38N1i3NuepKTRPDX4=] [éclatax] Checking for teleport settings on connect
[2025-05-30 20:30:44] [WKaM3ZipVE38N1i3NuepKTRPDX4=] [éclatax] No teleport entry found for this user
[2025-05-30 20:33:32] [X8GCm5PlrKoW2itF4Nrtfn3Oq7g=] [sunnnetci] Checking for teleport settings on connect
[2025-05-30 20:33:32] [X8GCm5PlrKoW2itF4Nrtfn3Oq7g=] [sunnnetci] No teleport entry found for this user
[2025-05-30 20:34:10] [L194KdPcI1asyxtpLRS8SD5byZs=] [hn_tired] Checking for teleport settings on connect
[2025-05-30 20:34:10] [L194KdPcI1asyxtpLRS8SD5byZs=] [hn_tired] No teleport entry found for this user
[2025-05-30 20:34:25] [21GYrZ5LFqh/gapn4zUDZ7mxJFU=] [Chibuike] Checking for teleport settings on connect
[2025-05-30 20:34:25] [21GYrZ5LFqh/gapn4zUDZ7mxJFU=] [Chibuike] No teleport entry found for this user
[2025-05-30 20:36:00] [ylat1CzJVHq7zWA95podRrI0EVM=] [bilouusf] Checking for teleport settings on connect
[2025-05-30 20:36:00] [ylat1CzJVHq7zWA95podRrI0EVM=] [bilouusf] No teleport entry found for this user
[2025-05-30 20:36:47] [3qlQ6qWEnLsHTWbGo9FZGpDLk4U=] [2109] Checking for teleport settings on connect
[2025-05-30 20:36:47] [3qlQ6qWEnLsHTWbGo9FZGpDLk4U=] [2109] No teleport entry found for this user
[2025-05-30 20:36:53] [aBNIQSGW6hB38QuuCzuH1LEBWlI=] [TeamSpeakUser1] Checking for teleport settings on connect
[2025-05-30 20:36:53] [aBNIQSGW6hB38QuuCzuH1LEBWlI=] [TeamSpeakUser1] No teleport entry found for this user
[2025-05-30 20:38:20] [+jAK4p+Ce6T/fojXfUGu0a+DMsw=] [Lazy_Eagle] Checking for teleport settings on connect
[2025-05-30 20:38:20] [+jAK4p+Ce6T/fojXfUGu0a+DMsw=] [Lazy_Eagle] No teleport entry found for this user
[2025-05-30 20:39:19] [cm+zDw/4zDuQN120Qa8q1mW/fIQ=] [hudabin] Checking for teleport settings on connect
[2025-05-30 20:39:19] [cm+zDw/4zDuQN120Qa8q1mW/fIQ=] [hudabin] No teleport entry found for this user
[2025-05-30 20:40:05] [pjSG7lijxEkCHXK5AeNULuu9cdY=] [HUESOS] Checking for teleport settings on connect
[2025-05-30 20:40:05] [pjSG7lijxEkCHXK5AeNULuu9cdY=] [HUESOS] No teleport entry found for this user
[2025-05-30 20:40:48] [KNwIsBtm4keUGSjaZsh/h3TEquE=] [Zenon] Checking for teleport settings on connect
[2025-05-30 20:40:48] [KNwIsBtm4keUGSjaZsh/h3TEquE=] [Zenon] No teleport entry found for this user
[2025-05-30 20:40:52] [mV80IqhJUBWZ601Zuq7UxgpHhec=] [TeamSpeakUser1] Checking for teleport settings on connect
[2025-05-30 20:40:52] [mV80IqhJUBWZ601Zuq7UxgpHhec=] [TeamSpeakUser1] No teleport entry found for this user
[2025-05-30 20:41:16] [++3krEf9TzSmFAlce3pWKje7RB8=] [PaxxeLo] Checking for teleport settings on connect
[2025-05-30 20:41:16] [++3krEf9TzSmFAlce3pWKje7RB8=] [PaxxeLo] No teleport entry found for this user
[2025-05-30 20:41:19] [Ops676Lt6XgMPCQGa8NIevUnutU=] [mmd] Checking for teleport settings on connect
[2025-05-30 20:41:19] [Ops676Lt6XgMPCQGa8NIevUnutU=] [mmd] No teleport entry found for this user
[2025-05-30 20:41:58] [Z4fEZVzdLZl2WhoqCH5vn/U+QQg=] [maksimillennial] Checking for teleport settings on connect
[2025-05-30 20:41:58] [Z4fEZVzdLZl2WhoqCH5vn/U+QQg=] [maksimillennial] No teleport entry found for this user
[2025-05-30 20:42:08] [Ops676Lt6XgMPCQGa8NIevUnutU=] [mmd] Checking for teleport settings on connect
[2025-05-30 20:42:08] [Ops676Lt6XgMPCQGa8NIevUnutU=] [mmd] No teleport entry found for this user
[2025-05-30 20:42:21] [vAoVADXVgpjfEfuPw77F4fgEIl8=] [Nostalgia 2] Checking for teleport settings on connect
[2025-05-30 20:42:21] [vAoVADXVgpjfEfuPw77F4fgEIl8=] [Nostalgia 2] No teleport entry found for this user
[2025-05-30 20:43:15] [NrLfqmvuq6LG10V4p9MSfEiVrl4=] [yarraBTW] Checking for teleport settings on connect
[2025-05-30 20:43:15] [NrLfqmvuq6LG10V4p9MSfEiVrl4=] [yarraBTW] No teleport entry found for this user
[2025-05-30 20:43:28] [8TGy5ZCaVIzFzYDa+1P00MswWe8=] [JustBrainRU] Checking for teleport settings on connect
[2025-05-30 20:43:28] [8TGy5ZCaVIzFzYDa+1P00MswWe8=] [JustBrainRU] No teleport entry found for this user
[2025-05-30 20:44:25] [y3awO0ennatOO9a236JGtByjKuM=] [воч ю мин] Checking for teleport settings on connect
[2025-05-30 20:44:25] [y3awO0ennatOO9a236JGtByjKuM=] [воч ю мин] No teleport entry found for this user
[2025-05-30 20:44:31] [Ops676Lt6XgMPCQGa8NIevUnutU=] [mmd] Checking for teleport settings on connect
[2025-05-30 20:44:31] [Ops676Lt6XgMPCQGa8NIevUnutU=] [mmd] No teleport entry found for this user
[2025-05-30 20:44:49] [X4hKVi7sfvTfJB9YQgAYwR9ZE3I=] [Mnwh] Checking for teleport settings on connect
[2025-05-30 20:44:49] [X4hKVi7sfvTfJB9YQgAYwR9ZE3I=] [Mnwh] No teleport entry found for this user
[2025-05-30 20:44:55] [+AEiGDs17OALboyzRweaafavqP0=] [ma1tsev] Checking for teleport settings on connect
[2025-05-30 20:44:55] [+AEiGDs17OALboyzRweaafavqP0=] [ma1tsev] No teleport entry found for this user
[2025-05-30 20:45:12] [X6E5/N6c4x3DmVvfM1A7J4pIjC0=] [Omar] Checking for teleport settings on connect
[2025-05-30 20:45:12] [X6E5/N6c4x3DmVvfM1A7J4pIjC0=] [Omar] No teleport entry found for this user
[2025-05-30 20:45:28] [u741lYX5HAtnGqlTOEq8tCrz34E=] [Werctc] Checking for teleport settings on connect
[2025-05-30 20:45:28] [u741lYX5HAtnGqlTOEq8tCrz34E=] [Werctc] No teleport entry found for this user
[2025-05-30 20:45:29] [nCbiznT1mZT77YEPXENlbrq3NF0=] [MehmetG35] Checking for teleport settings on connect
[2025-05-30 20:45:29] [nCbiznT1mZT77YEPXENlbrq3NF0=] [MehmetG35] No teleport entry found for this user
[2025-05-30 20:46:44] [Ops676Lt6XgMPCQGa8NIevUnutU=] [mmd] Checking for teleport settings on connect
[2025-05-30 20:46:44] [Ops676Lt6XgMPCQGa8NIevUnutU=] [mmd] No teleport entry found for this user
[2025-05-30 20:46:56] [K4NR58gtSYij+BLM0STn2WKjS9U=] [Skylord] Checking for teleport settings on connect
[2025-05-30 20:46:56] [K4NR58gtSYij+BLM0STn2WKjS9U=] [Skylord] No teleport entry found for this user
[2025-05-30 20:47:14] [K4NR58gtSYij+BLM0STn2WKjS9U=] [Skylord] Checking for teleport settings on connect
[2025-05-30 20:47:14] [K4NR58gtSYij+BLM0STn2WKjS9U=] [Skylord] No teleport entry found for this user
[2025-05-30 20:47:16] [Ops676Lt6XgMPCQGa8NIevUnutU=] [mmd] Checking for teleport settings on connect
[2025-05-30 20:47:16] [Ops676Lt6XgMPCQGa8NIevUnutU=] [mmd] No teleport entry found for this user
[2025-05-30 20:47:16] [Ops676Lt6XgMPCQGa8NIevUnutU=] [mmd] Checking for teleport settings on connect
[2025-05-30 20:47:16] [Ops676Lt6XgMPCQGa8NIevUnutU=] [mmd] No teleport entry found for this user
[2025-05-30 20:47:16] [Ops676Lt6XgMPCQGa8NIevUnutU=] [mmd] Checking for teleport settings on connect
[2025-05-30 20:47:16] [Ops676Lt6XgMPCQGa8NIevUnutU=] [mmd] No teleport entry found for this user
[2025-05-30 20:47:16] [Ops676Lt6XgMPCQGa8NIevUnutU=] [mmd] Checking for teleport settings on connect
[2025-05-30 20:47:16] [Ops676Lt6XgMPCQGa8NIevUnutU=] [mmd] No teleport entry found for this user
[2025-05-30 20:47:17] [Ops676Lt6XgMPCQGa8NIevUnutU=] [mmd] Checking for teleport settings on connect
[2025-05-30 20:47:17] [Ops676Lt6XgMPCQGa8NIevUnutU=] [mmd] No teleport entry found for this user
[2025-05-30 20:47:33] [csNwKDS6R18ee2ixHl3MXSOY8Ng=] [wakhomee] Checking for teleport settings on connect
[2025-05-30 20:47:33] [csNwKDS6R18ee2ixHl3MXSOY8Ng=] [wakhomee] No teleport entry found for this user
[2025-05-30 20:47:41] [Ops676Lt6XgMPCQGa8NIevUnutU=] [mmd] Checking for teleport settings on connect
[2025-05-30 20:47:41] [Ops676Lt6XgMPCQGa8NIevUnutU=] [mmd] No teleport entry found for this user
[2025-05-30 20:47:41] [Ops676Lt6XgMPCQGa8NIevUnutU=] [mmd] Checking for teleport settings on connect
[2025-05-30 20:47:41] [Ops676Lt6XgMPCQGa8NIevUnutU=] [mmd] No teleport entry found for this user
[2025-05-30 20:47:41] [Ops676Lt6XgMPCQGa8NIevUnutU=] [mmd] Checking for teleport settings on connect
[2025-05-30 20:47:41] [Ops676Lt6XgMPCQGa8NIevUnutU=] [mmd] No teleport entry found for this user
[2025-05-30 20:48:03] [mV80IqhJUBWZ601Zuq7UxgpHhec=] [TeamSpeakUser1] Checking for teleport settings on connect
[2025-05-30 20:48:03] [mV80IqhJUBWZ601Zuq7UxgpHhec=] [TeamSpeakUser1] No teleport entry found for this user
[2025-05-30 20:48:20] [Vo2EkpTM0Iknq/TzrwkmyGXoQPo=] [Retegui] Checking for teleport settings on connect
[2025-05-30 20:48:20] [Vo2EkpTM0Iknq/TzrwkmyGXoQPo=] [Retegui] No teleport entry found for this user
[2025-05-30 20:48:21] [iefEc7IftjNMM5/w71mlW1yAG/s=] [rydrr] Checking for teleport settings on connect
[2025-05-30 20:48:21] [iefEc7IftjNMM5/w71mlW1yAG/s=] [rydrr] No teleport entry found for this user
[2025-05-30 20:48:22] [iefEc7IftjNMM5/w71mlW1yAG/s=] [rydrr] Checking for teleport settings on connect
[2025-05-30 20:48:22] [iefEc7IftjNMM5/w71mlW1yAG/s=] [rydrr] No teleport entry found for this user
[2025-05-30 20:48:22] [iefEc7IftjNMM5/w71mlW1yAG/s=] [rydrr] Checking for teleport settings on connect
[2025-05-30 20:48:22] [iefEc7IftjNMM5/w71mlW1yAG/s=] [rydrr] No teleport entry found for this user
[2025-05-30 20:48:46] [+iN+emdCrwTlem5+zfF1B8qY0To=] [xyecoc] Checking for teleport settings on connect
[2025-05-30 20:48:46] [+iN+emdCrwTlem5+zfF1B8qY0To=] [xyecoc] No teleport entry found for this user
[2025-05-30 20:49:00] [A337CRyeHXs4LwAB23shVIw0jeg=] [mishechcaty] Checking for teleport settings on connect
[2025-05-30 20:49:00] [A337CRyeHXs4LwAB23shVIw0jeg=] [mishechcaty] No teleport entry found for this user
[2025-05-30 20:50:20] [Kg0a4ZelXd4eICZhiGmRywH4RNw=] [aliylmazbruh] Checking for teleport settings on connect
[2025-05-30 20:50:20] [Kg0a4ZelXd4eICZhiGmRywH4RNw=] [aliylmazbruh] No teleport entry found for this user
[2025-05-30 20:54:49] [B2fRgglzPVX7d5IDrNsAi94lUY0=] [baia] Checking for teleport settings on connect
[2025-05-30 20:54:49] [B2fRgglzPVX7d5IDrNsAi94lUY0=] [baia] No teleport entry found for this user
[2025-05-30 20:57:15] [Ops676Lt6XgMPCQGa8NIevUnutU=] [mmd] Checking for teleport settings on connect
[2025-05-30 20:57:15] [Ops676Lt6XgMPCQGa8NIevUnutU=] [mmd] No teleport entry found for this user
[2025-05-30 21:00:38] [2N/d8TrYiIdoAFumpNjRUyPXrSA=] [TeamSpeakUser2] Checking for teleport settings on connect
[2025-05-30 21:00:38] [2N/d8TrYiIdoAFumpNjRUyPXrSA=] [TeamSpeakUser2] No teleport entry found for this user
[2025-05-30 21:03:02] [X5vYW3PMU9fn2qIHtRzrYahtZIY=] [Лише] Checking for teleport settings on connect
[2025-05-30 21:03:02] [X5vYW3PMU9fn2qIHtRzrYahtZIY=] [Лише] No teleport entry found for this user
[2025-05-30 21:06:59] [3wg7BCfYXeBM2oQdARkOPE+vHas=] [bleen] Checking for teleport settings on connect
[2025-05-30 21:06:59] [3wg7BCfYXeBM2oQdARkOPE+vHas=] [bleen] No teleport entry found for this user
[2025-05-30 21:10:36] [3dMgz1NTwQJkarASynrY1meWHdk=] [rani1] Checking for teleport settings on connect
[2025-05-30 21:10:36] [3dMgz1NTwQJkarASynrY1meWHdk=] [rani1] No teleport entry found for this user
[2025-05-30 21:13:06] [WUFbI2wm1TirPkulhTRESNYToW0=] [sajjad] Checking for teleport settings on connect
[2025-05-30 21:13:06] [WUFbI2wm1TirPkulhTRESNYToW0=] [sajjad] No teleport entry found for this user
[2025-05-30 21:16:23] [ndYNgY0hLdxCSb0J4fJlYMhWIVM=] [s1djeeey] Checking for teleport settings on connect
[2025-05-30 21:16:23] [ndYNgY0hLdxCSb0J4fJlYMhWIVM=] [s1djeeey] No teleport entry found for this user
[2025-05-30 21:19:17] [Ops676Lt6XgMPCQGa8NIevUnutU=] [mmd] Checking for teleport settings on connect
[2025-05-30 21:19:17] [Ops676Lt6XgMPCQGa8NIevUnutU=] [mmd] No teleport entry found for this user
[2025-05-30 21:19:35] [yuJ8mmxhfer8xdlqKC26z9O3umI=] [JustMe.am] Checking for teleport settings on connect
[2025-05-30 21:19:35] [yuJ8mmxhfer8xdlqKC26z9O3umI=] [JustMe.am] No teleport entry found for this user
[2025-05-30 21:20:01] [0pfL6k6+uhY3YJUK1FucX6agAV8=] [MC durak] Checking for teleport settings on connect
[2025-05-30 21:20:01] [0pfL6k6+uhY3YJUK1FucX6agAV8=] [MC durak] No teleport entry found for this user
[2025-05-30 21:21:16] [Ops676Lt6XgMPCQGa8NIevUnutU=] [mmd] Checking for teleport settings on connect
[2025-05-30 21:21:16] [Ops676Lt6XgMPCQGa8NIevUnutU=] [mmd] No teleport entry found for this user
[2025-05-30 21:23:28] [jyNREbFc1g7kS1FKSohnZyaSx+g=] [ivansultan] Checking for teleport settings on connect
[2025-05-30 21:23:28] [jyNREbFc1g7kS1FKSohnZyaSx+g=] [ivansultan] No teleport entry found for this user
[2025-05-30 21:23:32] [ow+Zi/O4SnJIvwHosoZ7zIvOOK8=] [shinigami] Checking for teleport settings on connect
[2025-05-30 21:23:32] [ow+Zi/O4SnJIvwHosoZ7zIvOOK8=] [shinigami] No teleport entry found for this user
[2025-05-30 21:24:25] [AQBmR4z2NKjgim9VKZ5yt6FTmAg=] [BLACK] Checking for teleport settings on connect
[2025-05-30 21:24:25] [AQBmR4z2NKjgim9VKZ5yt6FTmAg=] [BLACK] No teleport entry found for this user
[2025-05-30 21:26:44] [Ops676Lt6XgMPCQGa8NIevUnutU=] [mmd] Checking for teleport settings on connect
[2025-05-30 21:26:44] [Ops676Lt6XgMPCQGa8NIevUnutU=] [mmd] No teleport entry found for this user
[2025-05-30 21:27:20] [1yxMprXahlARCpDg3vveaKPyYj4=] [shuuurik71] Checking for teleport settings on connect
[2025-05-30 21:27:20] [1yxMprXahlARCpDg3vveaKPyYj4=] [shuuurik71] No teleport entry found for this user
[2025-05-30 21:27:47] [Ops676Lt6XgMPCQGa8NIevUnutU=] [mmd] Checking for teleport settings on connect
[2025-05-30 21:27:47] [Ops676Lt6XgMPCQGa8NIevUnutU=] [mmd] No teleport entry found for this user
[2025-05-30 21:28:18] [ek14P9LpNtXwSGJQRlUmMlUDXJ0=] [WhyNottttt] Checking for teleport settings on connect
[2025-05-30 21:28:18] [ek14P9LpNtXwSGJQRlUmMlUDXJ0=] [WhyNottttt] No teleport entry found for this user
[2025-05-30 21:29:29] [gG1oBRi3+8CgJ8uMTW67Gez39O4=] [R6M4IN] Checking for teleport settings on connect
[2025-05-30 21:29:29] [gG1oBRi3+8CgJ8uMTW67Gez39O4=] [R6M4IN] No teleport entry found for this user
[2025-05-30 21:29:59] [tg+akb75BTugXehXUAId1YYyV2U=] [maskum] Checking for teleport settings on connect
[2025-05-30 21:29:59] [tg+akb75BTugXehXUAId1YYyV2U=] [maskum] No teleport entry found for this user
[2025-05-30 21:30:06] [3wfCbZork1r8h4aDgIW1hfWE0YA=] [SNAC-Ahmet] Checking for teleport settings on connect
[2025-05-30 21:30:06] [3wfCbZork1r8h4aDgIW1hfWE0YA=] [SNAC-Ahmet] No teleport entry found for this user
[2025-05-30 21:32:55] [39Hn80GzU936S3hLOAjj8iP5kpg=] [Shawaj] Checking for teleport settings on connect
[2025-05-30 21:32:55] [39Hn80GzU936S3hLOAjj8iP5kpg=] [Shawaj] No teleport entry found for this user
[2025-05-30 21:33:19] [EabEuFfJWoidlJHowxz83DhK5uk=] [Rich Lich] Checking for teleport settings on connect
[2025-05-30 21:33:19] [EabEuFfJWoidlJHowxz83DhK5uk=] [Rich Lich] No teleport entry found for this user
[2025-05-30 21:33:50] [tOoGEdCN9ULy8ULKyELfIWNelvU=] [kayanyildz] Checking for teleport settings on connect
[2025-05-30 21:33:50] [tOoGEdCN9ULy8ULKyELfIWNelvU=] [kayanyildz] No teleport entry found for this user
[2025-05-30 21:33:50] [tOoGEdCN9ULy8ULKyELfIWNelvU=] [kayanyildz] Checking for teleport settings on connect
[2025-05-30 21:33:50] [tOoGEdCN9ULy8ULKyELfIWNelvU=] [kayanyildz] No teleport entry found for this user
[2025-05-30 21:33:50] [tOoGEdCN9ULy8ULKyELfIWNelvU=] [kayanyildz] Checking for teleport settings on connect
[2025-05-30 21:33:50] [tOoGEdCN9ULy8ULKyELfIWNelvU=] [kayanyildz] No teleport entry found for this user
[2025-05-30 21:34:12] [Ops676Lt6XgMPCQGa8NIevUnutU=] [mmd] Checking for teleport settings on connect
[2025-05-30 21:34:12] [Ops676Lt6XgMPCQGa8NIevUnutU=] [mmd] No teleport entry found for this user
[2025-05-30 21:35:33] [3wfCbZork1r8h4aDgIW1hfWE0YA=] [SNAC-Ahmet] Checking for teleport settings on connect
[2025-05-30 21:35:33] [3wfCbZork1r8h4aDgIW1hfWE0YA=] [SNAC-Ahmet] No teleport entry found for this user
[2025-05-30 21:36:15] [Ops676Lt6XgMPCQGa8NIevUnutU=] [mmd] Checking for teleport settings on connect
[2025-05-30 21:36:15] [Ops676Lt6XgMPCQGa8NIevUnutU=] [mmd] No teleport entry found for this user
[2025-05-30 21:36:26] [wfhDmSmJ6J0MSdGsMsWSlYs1HE8=] [693369] Checking for teleport settings on connect
[2025-05-30 21:36:26] [wfhDmSmJ6J0MSdGsMsWSlYs1HE8=] [693369] No teleport entry found for this user
[2025-05-30 21:38:34] [3wfCbZork1r8h4aDgIW1hfWE0YA=] [SNAC-Ahmet] Checking for teleport settings on connect
[2025-05-30 21:38:34] [3wfCbZork1r8h4aDgIW1hfWE0YA=] [SNAC-Ahmet] No teleport entry found for this user
[2025-05-30 21:39:38] [mIvcMvQPsqgxp0h0of2Z9tmUBEg=] [damoi777] Checking for teleport settings on connect
[2025-05-30 21:39:38] [mIvcMvQPsqgxp0h0of2Z9tmUBEg=] [damoi777] No teleport entry found for this user
[2025-05-30 21:41:24] [6QTSVZJXFWVj3iE7IzR5O0qjvAA=] [Maprhendil] Checking for teleport settings on connect
[2025-05-30 21:41:24] [6QTSVZJXFWVj3iE7IzR5O0qjvAA=] [Maprhendil] No teleport entry found for this user
[2025-05-30 21:43:12] [U03tlpb40T9DiVjXTVQdXprGQkc=] [fdgod35] Checking for teleport settings on connect
[2025-05-30 21:43:12] [U03tlpb40T9DiVjXTVQdXprGQkc=] [fdgod35] No teleport entry found for this user
[2025-05-30 21:43:40] [iziowVTbk7mGU95qNZGKt7wZaR8=] [bentuto] Checking for teleport settings on connect
[2025-05-30 21:43:40] [iziowVTbk7mGU95qNZGKt7wZaR8=] [bentuto] No teleport entry found for this user
[2025-05-30 21:44:24] [BDNfm97VPHac+sKgNv9Oj4ZMEAs=] [sperman31] Checking for teleport settings on connect
[2025-05-30 21:44:24] [BDNfm97VPHac+sKgNv9Oj4ZMEAs=] [sperman31] No teleport entry found for this user
[2025-05-30 21:46:30] [WUFbI2wm1TirPkulhTRESNYToW0=] [sajjad] Checking for teleport settings on connect
[2025-05-30 21:46:30] [WUFbI2wm1TirPkulhTRESNYToW0=] [sajjad] No teleport entry found for this user
[2025-05-30 21:46:54] [F4Rot6aSlWU5OFZBOarP2RTzrYY=] [INSANE] Checking for teleport settings on connect
[2025-05-30 21:46:54] [F4Rot6aSlWU5OFZBOarP2RTzrYY=] [INSANE] No teleport entry found for this user
[2025-05-30 21:49:49] [WUFbI2wm1TirPkulhTRESNYToW0=] [sajjad] Checking for teleport settings on connect
[2025-05-30 21:49:49] [WUFbI2wm1TirPkulhTRESNYToW0=] [sajjad] No teleport entry found for this user
[2025-05-30 21:51:41] [EabEuFfJWoidlJHowxz83DhK5uk=] [Rich Lich] Checking for teleport settings on connect
[2025-05-30 21:51:41] [EabEuFfJWoidlJHowxz83DhK5uk=] [Rich Lich] No teleport entry found for this user
[2025-05-30 21:52:04] [db5M5xKUN59pF25L3Ham4b5Ndjw=] [Reddington] Checking for teleport settings on connect
[2025-05-30 21:52:04] [db5M5xKUN59pF25L3Ham4b5Ndjw=] [Reddington] No teleport entry found for this user
[2025-05-30 21:55:45] [QlS2dC4Cr8kYrMCwMl/pPCEheNI=] [Hero] Checking for teleport settings on connect
[2025-05-30 21:55:45] [QlS2dC4Cr8kYrMCwMl/pPCEheNI=] [Hero] No teleport entry found for this user
[2025-05-30 22:06:18] [QtZEuMWPGcNLoylWU5/WhA71J3c=] [Snow] Checking for teleport settings on connect
[2025-05-30 22:06:18] [QtZEuMWPGcNLoylWU5/WhA71J3c=] [Snow] No teleport entry found for this user
[2025-05-30 22:09:18] [Vo2EkpTM0Iknq/TzrwkmyGXoQPo=] [Retegui] Checking for teleport settings on connect
[2025-05-30 22:09:18] [Vo2EkpTM0Iknq/TzrwkmyGXoQPo=] [Retegui] No teleport entry found for this user
[2025-05-30 22:12:24] [8F/wqyUZbzkbJnHcA07nhS4DohU=] [dimafreddyy] Checking for teleport settings on connect
[2025-05-30 22:12:24] [8F/wqyUZbzkbJnHcA07nhS4DohU=] [dimafreddyy] No teleport entry found for this user
[2025-05-30 22:13:03] [x5BGOCFQRYcw8Om4Xgot4nkAC7o=] [YURA] Checking for teleport settings on connect
[2025-05-30 22:13:03] [x5BGOCFQRYcw8Om4Xgot4nkAC7o=] [YURA] No teleport entry found for this user
[2025-05-30 22:13:48] [675wO5ssJtQbFw+9qXHexPjHNYM=] [Nevskiiiy] Checking for teleport settings on connect
[2025-05-30 22:13:48] [675wO5ssJtQbFw+9qXHexPjHNYM=] [Nevskiiiy] No teleport entry found for this user
[2025-05-30 22:14:27] [3YJK8qO+CeKZ9iSEIS0Ry5bsTcs=] [Leon] Checking for teleport settings on connect
[2025-05-30 22:14:27] [3YJK8qO+CeKZ9iSEIS0Ry5bsTcs=] [Leon] No teleport entry found for this user
[2025-05-30 22:18:08] [OnyFNlLSRn5WExnVSStquo7sjMA=] [ПожилаяОстановка] Checking for teleport settings on connect
[2025-05-30 22:18:08] [OnyFNlLSRn5WExnVSStquo7sjMA=] [ПожилаяОстановка] No teleport entry found for this user
[2025-05-30 22:19:48] [HA8AwjGjfttaVD2BbXsV3SrC+rA=] [Axtic] Checking for teleport settings on connect
[2025-05-30 22:19:48] [HA8AwjGjfttaVD2BbXsV3SrC+rA=] [Axtic] No teleport entry found for this user
[2025-05-30 22:20:50] [3wfCbZork1r8h4aDgIW1hfWE0YA=] [SNAC-Ahmet] Checking for teleport settings on connect
[2025-05-30 22:20:50] [3wfCbZork1r8h4aDgIW1hfWE0YA=] [SNAC-Ahmet] No teleport entry found for this user
[2025-05-30 22:22:08] [37H/lttZ8+4bwWOCES4zZFUkIOg=] [crzfrg77] Checking for teleport settings on connect
[2025-05-30 22:22:08] [37H/lttZ8+4bwWOCES4zZFUkIOg=] [crzfrg77] No teleport entry found for this user
[2025-05-30 22:41:09] [hFplnszNsVWixGv+jr9PV6siVtc=] [PitcaRNNN``] Checking for teleport settings on connect
[2025-05-30 22:41:09] [hFplnszNsVWixGv+jr9PV6siVtc=] [PitcaRNNN``] No teleport entry found for this user
[2025-05-30 22:41:41] [FM7zTGBZqh8bXgWZXEvzzOT66gc=] [regulator] Checking for teleport settings on connect
[2025-05-30 22:41:41] [FM7zTGBZqh8bXgWZXEvzzOT66gc=] [regulator] No teleport entry found for this user
[2025-05-30 22:42:42] [eqFmaiR4zuNUT2nlSxICY+6dtYg=] [nike_13] Checking for teleport settings on connect
[2025-05-30 22:42:42] [eqFmaiR4zuNUT2nlSxICY+6dtYg=] [nike_13] No teleport entry found for this user
[2025-05-30 22:44:36] [MpV8eQ7lweL2YSxarhe9a/nQIOk=] [VUL_DROG] Checking for teleport settings on connect
[2025-05-30 22:44:36] [MpV8eQ7lweL2YSxarhe9a/nQIOk=] [VUL_DROG] No teleport entry found for this user
[2025-05-30 22:47:26] [ndYNgY0hLdxCSb0J4fJlYMhWIVM=] [s1djeeey] Checking for teleport settings on connect
[2025-05-30 22:47:26] [ndYNgY0hLdxCSb0J4fJlYMhWIVM=] [s1djeeey] No teleport entry found for this user
[2025-05-30 22:48:34] [0WgZKkj6v4iiMp7/eG9vKSWI5qU=] [TeamSpeakUser1] Checking for teleport settings on connect
[2025-05-30 22:48:34] [0WgZKkj6v4iiMp7/eG9vKSWI5qU=] [TeamSpeakUser1] No teleport entry found for this user
[2025-05-30 22:52:05] [ndYNgY0hLdxCSb0J4fJlYMhWIVM=] [s1djeeey] Checking for teleport settings on connect
[2025-05-30 22:52:05] [ndYNgY0hLdxCSb0J4fJlYMhWIVM=] [s1djeeey] No teleport entry found for this user
[2025-05-30 22:54:25] [ndYNgY0hLdxCSb0J4fJlYMhWIVM=] [s1djeeey] Checking for teleport settings on connect
[2025-05-30 22:54:25] [ndYNgY0hLdxCSb0J4fJlYMhWIVM=] [s1djeeey] No teleport entry found for this user
[2025-05-30 22:56:57] [Zbt309aml1Il/02exxc7jl+NBgU=] [D&G_PRINCIPE_08] Checking for teleport settings on connect
[2025-05-30 22:56:57] [Zbt309aml1Il/02exxc7jl+NBgU=] [D&G_PRINCIPE_08] No teleport entry found for this user
[2025-05-30 22:58:48] [KKakWCNNDyxUyhC4KpkSU2PHuVM=] [yusufppks] Checking for teleport settings on connect
[2025-05-30 22:58:48] [KKakWCNNDyxUyhC4KpkSU2PHuVM=] [yusufppks] No teleport entry found for this user
[2025-05-30 22:59:30] [7OPNxHcTHSq+znXytBlDRPU74IQ=] [NaiRoD] Checking for teleport settings on connect
[2025-05-30 22:59:30] [7OPNxHcTHSq+znXytBlDRPU74IQ=] [NaiRoD] No teleport entry found for this user
[2025-05-30 23:04:31] [fiWNBIZG2ioqbK7dtheFRsenFVI=] [AlexQc] Checking for teleport settings on connect
[2025-05-30 23:04:31] [fiWNBIZG2ioqbK7dtheFRsenFVI=] [AlexQc] No teleport entry found for this user
[2025-05-30 23:04:42] [xcwFhKN0bPn1QJxV7HHekBb2PAs=] [Сика] Checking for teleport settings on connect
[2025-05-30 23:04:42] [xcwFhKN0bPn1QJxV7HHekBb2PAs=] [Сика] No teleport entry found for this user
[2025-05-30 23:11:30] [PCz5mVdmODgf+BuhB/F8jAcUsWY=] [XandeRMeisteR] Checking for teleport settings on connect
[2025-05-30 23:11:30] [PCz5mVdmODgf+BuhB/F8jAcUsWY=] [XandeRMeisteR] No teleport entry found for this user
[2025-05-30 23:11:31] [h2yxqDaYBdNiyDlVGOH/YWCactg=] [dydek10master] Checking for teleport settings on connect
[2025-05-30 23:11:31] [h2yxqDaYBdNiyDlVGOH/YWCactg=] [dydek10master] No teleport entry found for this user
[2025-05-30 23:11:31] [h2yxqDaYBdNiyDlVGOH/YWCactg=] [dydek10master] Checking for teleport settings on connect
[2025-05-30 23:11:31] [h2yxqDaYBdNiyDlVGOH/YWCactg=] [dydek10master] No teleport entry found for this user
[2025-05-30 23:11:32] [h2yxqDaYBdNiyDlVGOH/YWCactg=] [dydek10master] Checking for teleport settings on connect
[2025-05-30 23:11:32] [h2yxqDaYBdNiyDlVGOH/YWCactg=] [dydek10master] No teleport entry found for this user
[2025-05-30 23:22:41] [ow+Zi/O4SnJIvwHosoZ7zIvOOK8=] [shinigami] Checking for teleport settings on connect
[2025-05-30 23:22:41] [ow+Zi/O4SnJIvwHosoZ7zIvOOK8=] [shinigami] No teleport entry found for this user
[2025-05-30 23:22:47] [46Bsg4/OrucouKIdB/SeeoA/stc=] [shekerZZWER-] Checking for teleport settings on connect
[2025-05-30 23:22:47] [46Bsg4/OrucouKIdB/SeeoA/stc=] [shekerZZWER-] No teleport entry found for this user
[2025-05-30 23:27:42] [qI2AgL2fCVT+OOYvCkUB1vKBbFE=] [xDimitryxEc] Checking for teleport settings on connect
[2025-05-30 23:27:42] [qI2AgL2fCVT+OOYvCkUB1vKBbFE=] [xDimitryxEc] No teleport entry found for this user
[2025-05-30 23:29:40] [kOTiGdU7Prb6oIvLC/wF8cto8B0=] [Агрессор777] Checking for teleport settings on connect
[2025-05-30 23:29:40] [kOTiGdU7Prb6oIvLC/wF8cto8B0=] [Агрессор777] No teleport entry found for this user
[2025-05-30 23:33:53] [46Bsg4/OrucouKIdB/SeeoA/stc=] [shekerZZWER-] Checking for teleport settings on connect
[2025-05-30 23:33:53] [46Bsg4/OrucouKIdB/SeeoA/stc=] [shekerZZWER-] No teleport entry found for this user
[2025-05-30 23:35:18] [O3jgy+4YcNZxt6Kfdzgsu6OGY/w=] [Elcau_sita18] Checking for teleport settings on connect
[2025-05-30 23:35:18] [O3jgy+4YcNZxt6Kfdzgsu6OGY/w=] [Elcau_sita18] No teleport entry found for this user
[2025-05-30 23:38:29] [8Zdbsme26C48AHpMg4zVcDatTnE=] [Kurs] Checking for teleport settings on connect
[2025-05-30 23:38:29] [8Zdbsme26C48AHpMg4zVcDatTnE=] [Kurs] No teleport entry found for this user
[2025-05-30 23:44:46] [gIv03ZtQuihw+6fOW0VT0H6h6c8=] [chapa] Checking for teleport settings on connect
[2025-05-30 23:44:46] [gIv03ZtQuihw+6fOW0VT0H6h6c8=] [chapa] No teleport entry found for this user
[2025-05-30 23:44:59] [759S1bx+7GedF1jF7fnNWOPTC6k=] [134214124] Checking for teleport settings on connect
[2025-05-30 23:44:59] [759S1bx+7GedF1jF7fnNWOPTC6k=] [134214124] No teleport entry found for this user
[2025-05-30 23:45:00] [KgtWKCUgHe+YIFq4EEIuJUQeydU=] [Mehdi_km81] Checking for teleport settings on connect
[2025-05-30 23:45:00] [KgtWKCUgHe+YIFq4EEIuJUQeydU=] [Mehdi_km81] No teleport entry found for this user
[2025-05-30 23:45:14] [5tr0bmquCHHSQKHnrvHDA84gg1s=] [DADA] Checking for teleport settings on connect
[2025-05-30 23:45:14] [5tr0bmquCHHSQKHnrvHDA84gg1s=] [DADA] No teleport entry found for this user
[2025-05-30 23:46:05] [ndYNgY0hLdxCSb0J4fJlYMhWIVM=] [s1djeeey] Checking for teleport settings on connect
[2025-05-30 23:46:05] [ndYNgY0hLdxCSb0J4fJlYMhWIVM=] [s1djeeey] No teleport entry found for this user
[2025-05-30 23:46:28] [eCG8vH6yicx5vSLhqM8HyPzsvo8=] [Testo231] Checking for teleport settings on connect
[2025-05-30 23:46:28] [eCG8vH6yicx5vSLhqM8HyPzsvo8=] [Testo231] No teleport entry found for this user
[2025-05-30 23:46:30] [py4PfZVAf9H+g7hLj/U6MvRROyY=] [nerf4k] Checking for teleport settings on connect
[2025-05-30 23:46:30] [py4PfZVAf9H+g7hLj/U6MvRROyY=] [nerf4k] No teleport entry found for this user
[2025-05-30 23:47:43] [py4PfZVAf9H+g7hLj/U6MvRROyY=] [nerf4k] Checking for teleport settings on connect
[2025-05-30 23:47:43] [py4PfZVAf9H+g7hLj/U6MvRROyY=] [nerf4k] No teleport entry found for this user
[2025-05-30 23:48:02] [8Scl5bVgI1QXkVUIDlePsRY6hh4=] [TheKingFish] Checking for teleport settings on connect
[2025-05-30 23:48:02] [8Scl5bVgI1QXkVUIDlePsRY6hh4=] [TheKingFish] No teleport entry found for this user
[2025-05-30 23:48:47] [ndYNgY0hLdxCSb0J4fJlYMhWIVM=] [s1djeeey] Checking for teleport settings on connect
[2025-05-30 23:48:47] [ndYNgY0hLdxCSb0J4fJlYMhWIVM=] [s1djeeey] No teleport entry found for this user
[2025-05-30 23:51:27] [2rkwn/jv1FIR6DqtosxYTJMsanY=] [TeamSpeakUser] Checking for teleport settings on connect
[2025-05-30 23:51:27] [2rkwn/jv1FIR6DqtosxYTJMsanY=] [TeamSpeakUser] No teleport entry found for this user
